<?xml version="1.0" encoding="UTF-8"?>
<rss version="2.0" xmlns:excerpt="http://wordpress.org/export/1.2/excerpt/" xmlns:content="http://purl.org/rss/1.0/modules/content/" xmlns:wfw="http://wellformedweb.org/CommentAPI/" xmlns:dc="http://purl.org/dc/elements/1.1/" xmlns:wp="http://wordpress.org/export/1.2/">
    <channel>
        <wp:wxr_version>1.2</wp:wxr_version>
        <item>
            <wp:post_type>lsb_book</wp:post_type>
            <wp:status>draft</wp:status>
            <title>Bebe 4: Alt kjekt kan skje</title>
            <wp:post_name>bebe-4-alt-kjekt-kan-skje</wp:post_name>
            <dc:creator><![CDATA[test]]></dc:creator>
            <excerpt:encoded><![CDATA[Bebe og Sara er på sydentur. No skal alt snu!]]></excerpt:encoded>
            <wp:postmeta>
                <wp:meta_key>lsb_isbn</wp:meta_key>
                <wp:meta_value><![CDATA[9788282380829]]></wp:meta_value>
            </wp:postmeta>
            <wp:postmeta>
                <wp:meta_key>_lsb_isbn</wp:meta_key>
                <wp:meta_value><![CDATA[lsb_acf_isbn]]></wp:meta_value>
            </wp:postmeta>
            <wp:postmeta>
                <wp:meta_key>lsb_published_year</wp:meta_key>
                <wp:meta_value><![CDATA[2014]]></wp:meta_value>
            </wp:postmeta>
            <wp:postmeta>
                <wp:meta_key>_lsb_published_year</wp:meta_key>
                <wp:meta_value><![CDATA[lsb_acf_published_year]]></wp:meta_value>
            </wp:postmeta>
            <wp:postmeta>
                <wp:meta_key>lsb_pages</wp:meta_key>
                <wp:meta_value><![CDATA[53]]></wp:meta_value>
            </wp:postmeta>
            <wp:postmeta>
                <wp:meta_key>_lsb_pages</wp:meta_key>
                <wp:meta_value><![CDATA[lsb_acf_pages]]></wp:meta_value>
            </wp:postmeta>
            <wp:postmeta>
                <wp:meta_key>lsb_review</wp:meta_key>
                <wp:meta_value><![CDATA[ <p>Bebe er ikke lenger den einaste</p> <p>som veit om løyndomen til Sara.</p> <p>Dei på ferie saman og</p> <p>snakkar saman igjen.</p> <br /> <p>Den fjerde boka om Bebe <br /> er spennande, lita og luftig.<br/> </p>  <p><strong>Bente Bratlund</strong> (født i 1952) er forfattar</p> <p>og har gitt ut ei rekke bøker </p> <p>for barn, ungdom og vaksne. </p> ]]></wp:meta_value>
            </wp:postmeta>
            <wp:postmeta>
                <wp:meta_key>_lsb_review</wp:meta_key>
                <wp:meta_value><![CDATA[lsb_acf_review]]></wp:meta_value>
            </wp:postmeta>
            <wp:postmeta>
                <wp:meta_key>lsb_quote</wp:meta_key>
                <wp:meta_value><![CDATA[Eg kjenner meg så glad. Så lett. - Torsten likar deg, seier ho så. Eg stivnar. - Det er berre sommarflørt, seier eg. - Ja, du har Tommy. - Ja, eg har Tommy.]]></wp:meta_value>
            </wp:postmeta>
            <wp:postmeta>
                <wp:meta_key>_lsb_quote</wp:meta_key>
                <wp:meta_value><![CDATA[lsb_acf_quote]]></wp:meta_value>
            </wp:postmeta>
            <wp:postmeta>
                <wp:meta_key>lsb_supported</wp:meta_key>
                <wp:meta_value><![CDATA[1]]></wp:meta_value>
            </wp:postmeta>
            <wp:postmeta>
                <wp:meta_key>_lsb_supported</wp:meta_key>
                <wp:meta_value><![CDATA[lsb_acf_supported]]></wp:meta_value>
            </wp:postmeta>
            <category domain="lsb_tax_lsb_cat" nicename="litt-å-lese"><![CDATA[litt å lese]]></category>
            <category domain="lsb_tax_publisher" nicename="mangschou"><![CDATA[Mangschou]]></category>
            <category domain="lsb_tax_author" nicename="bente-bratlund"><![CDATA[Bente Bratlund]]></category>
            <category domain="lsb_tax_age" nicename="ungdom"><![CDATA[ungdom]]></category>
            <category domain="lsb_tax_topic" nicename="mennesker-i-mellom"><![CDATA[mennesker i mellom]]></category>
            <category domain="lsb_tax_language" nicename="no_nn"><![CDATA[nynorsk]]></category>
            <wp:postmeta>
                <wp:meta_key>_thumbnail_id</wp:meta_key>
                <wp:meta_value><![CDATA[15000]]></wp:meta_value>
            </wp:postmeta>
        </item>
        <item>
            <title>BEBE4.jpg</title>
            <dc:creator><![CDATA[test]]></dc:creator>
            <wp:post_id>15000</wp:post_id>
            <wp:status>inherit</wp:status>
            <wp:post_type>attachment</wp:post_type>
            <wp:attachment_url>https://raw.githubusercontent.com/lesersokerbok/boksok.no-data-utils/develop/output/01-15/images/7B4D288C86BC4E6887791EDEA3DE988E.jpg</wp:attachment_url>
        </item>
        <item>
            <wp:post_type>lsb_book</wp:post_type>
            <wp:status>draft</wp:status>
            <title>Alle har en bakside</title>
            <wp:post_name>alle-har-en-bakside</wp:post_name>
            <dc:creator><![CDATA[test]]></dc:creator>
            <excerpt:encoded><![CDATA[Alle har en forside. Alle har en bakside.]]></excerpt:encoded>
            <wp:postmeta>
                <wp:meta_key>lsb_isbn</wp:meta_key>
                <wp:meta_value><![CDATA[9788202434977]]></wp:meta_value>
            </wp:postmeta>
            <wp:postmeta>
                <wp:meta_key>_lsb_isbn</wp:meta_key>
                <wp:meta_value><![CDATA[lsb_acf_isbn]]></wp:meta_value>
            </wp:postmeta>
            <wp:postmeta>
                <wp:meta_key>lsb_published_year</wp:meta_key>
                <wp:meta_value><![CDATA[2014]]></wp:meta_value>
            </wp:postmeta>
            <wp:postmeta>
                <wp:meta_key>_lsb_published_year</wp:meta_key>
                <wp:meta_value><![CDATA[lsb_acf_published_year]]></wp:meta_value>
            </wp:postmeta>
            <wp:postmeta>
                <wp:meta_key>lsb_pages</wp:meta_key>
                <wp:meta_value><![CDATA[88]]></wp:meta_value>
            </wp:postmeta>
            <wp:postmeta>
                <wp:meta_key>_lsb_pages</wp:meta_key>
                <wp:meta_value><![CDATA[lsb_acf_pages]]></wp:meta_value>
            </wp:postmeta>
            <wp:postmeta>
                <wp:meta_key>lsb_review</wp:meta_key>
                <wp:meta_value><![CDATA[ <p>Denne boka handler om </p> <p>kroppen. Vi får se </p> <p>kroppen fra barn til voksen. </p> <p>Vær med å gjette hvor det er lov </p> <p>å være naken og hvor det er lov </p> <p>å tisse. Er det mulig å ha hår </p> <p>på tennene? </p>  <p>Boka har lite tekst. </p> <p>Den er morsom og lærerik. </p> <p>Illustrasjonene er fargerike</p> <p>og forteller sin egen historie. </p> <p></p> <p><strong>Anna Fiske</strong> er tegner og forfatter.</p> <p>Hun har gitt ut flere bøker med enkelt innhold, </p> <p>blant annet <strong>Følelsesbiblioteket</strong></p> <p>og den morsomme boka <strong>Hæ?</strong> </p> ]]></wp:meta_value>
            </wp:postmeta>
            <wp:postmeta>
                <wp:meta_key>_lsb_review</wp:meta_key>
                <wp:meta_value><![CDATA[lsb_acf_review]]></wp:meta_value>
            </wp:postmeta>
            <wp:postmeta>
                <wp:meta_key>lsb_quote</wp:meta_key>
                <wp:meta_value><![CDATA[Alle mennesker har en kropp. Alle kropper er forskjellige.]]></wp:meta_value>
            </wp:postmeta>
            <wp:postmeta>
                <wp:meta_key>_lsb_quote</wp:meta_key>
                <wp:meta_value><![CDATA[lsb_acf_quote]]></wp:meta_value>
            </wp:postmeta>
            <wp:postmeta>
                <wp:meta_key>lsb_supported</wp:meta_key>
                <wp:meta_value><![CDATA[1]]></wp:meta_value>
            </wp:postmeta>
            <wp:postmeta>
                <wp:meta_key>_lsb_supported</wp:meta_key>
                <wp:meta_value><![CDATA[lsb_acf_supported]]></wp:meta_value>
            </wp:postmeta>
            <category domain="lsb_tax_lsb_cat" nicename="enkelt-innhold"><![CDATA[enkelt innhold]]></category>
            <category domain="lsb_tax_publisher" nicename="cappelen-damm"><![CDATA[Cappelen Damm]]></category>
            <wp:postmeta>
                <wp:meta_key>lsb_look_inside</wp:meta_key>
                <wp:meta_value><![CDATA[http://www.cappelendamm.no/main/Katalog.aspx?artid=9938]]></wp:meta_value>
            </wp:postmeta>
            <wp:postmeta>
                <wp:meta_key>_lsb_look_inside</wp:meta_key>
                <wp:meta_value><![CDATA[lsb_acf_look_inside]]></wp:meta_value>
            </wp:postmeta>
            <category domain="lsb_tax_author" nicename="anna-fiske"><![CDATA[Anna Fiske]]></category>
            <category domain="lsb_tax_illustrator" nicename="anna-fiske"><![CDATA[Anna Fiske]]></category>
            <category domain="lsb_tax_age" nicename="barn"><![CDATA[barn]]></category>
            <category domain="lsb_tax_age" nicename="ungdom"><![CDATA[ungdom]]></category>
            <category domain="lsb_tax_age" nicename="voksne"><![CDATA[voksne]]></category>
            <category domain="lsb_tax_topic" nicename="humor"><![CDATA[humor]]></category>
            <category domain="lsb_tax_language" nicename="no_nb"><![CDATA[bokmål]]></category>
            <wp:postmeta>
                <wp:meta_key>_thumbnail_id</wp:meta_key>
                <wp:meta_value><![CDATA[15001]]></wp:meta_value>
            </wp:postmeta>
        </item>
        <item>
            <title>Fiske_AlleHarEnBakside.jpg</title>
            <dc:creator><![CDATA[test]]></dc:creator>
            <wp:post_id>15001</wp:post_id>
            <wp:status>inherit</wp:status>
            <wp:post_type>attachment</wp:post_type>
            <wp:attachment_url>https://raw.githubusercontent.com/lesersokerbok/boksok.no-data-utils/develop/output/01-15/images/51BD062E660C43BD9EB996B70323C54E.jpg</wp:attachment_url>
        </item>
        <item>
            <wp:post_type>lsb_book</wp:post_type>
            <wp:status>draft</wp:status>
            <title>Så godt! med symboler og bilder</title>
            <wp:post_name>saa-godt-med-symboler-og-bilder</wp:post_name>
            <dc:creator><![CDATA[test]]></dc:creator>
            <excerpt:encoded><![CDATA[Dette er en lettlest kokebok med bilder og symboler. ]]></excerpt:encoded>
            <wp:postmeta>
                <wp:meta_key>lsb_isbn</wp:meta_key>
                <wp:meta_value><![CDATA[9788230325407]]></wp:meta_value>
            </wp:postmeta>
            <wp:postmeta>
                <wp:meta_key>_lsb_isbn</wp:meta_key>
                <wp:meta_value><![CDATA[lsb_acf_isbn]]></wp:meta_value>
            </wp:postmeta>
            <wp:postmeta>
                <wp:meta_key>lsb_published_year</wp:meta_key>
                <wp:meta_value><![CDATA[2014]]></wp:meta_value>
            </wp:postmeta>
            <wp:postmeta>
                <wp:meta_key>_lsb_published_year</wp:meta_key>
                <wp:meta_value><![CDATA[lsb_acf_published_year]]></wp:meta_value>
            </wp:postmeta>
            <wp:postmeta>
                <wp:meta_key>lsb_pages</wp:meta_key>
                <wp:meta_value><![CDATA[207]]></wp:meta_value>
            </wp:postmeta>
            <wp:postmeta>
                <wp:meta_key>_lsb_pages</wp:meta_key>
                <wp:meta_value><![CDATA[lsb_acf_pages]]></wp:meta_value>
            </wp:postmeta>
            <wp:postmeta>
                <wp:meta_key>lsb_review</wp:meta_key>
                <wp:meta_value><![CDATA[ <p>Boka viser hvordan du lager mat </p> <p>trinn for trinn med bilder og symboler. </p> <p>Den er inspirerende og flott. </p>  <p>Du trenger ikke å kunne lese </p> <p>for å ha glede av denne boka. </p> <p>Det er fotografier av alt du trenger. </p> <p>Boka passer for alle som </p> <p>vil lage god mat selv. </p> <p></p> <p><strong>Så godt! med symboler og bilder</strong> &#160;</p> <p>er en enda enklere utgave av </p> <p><strong>Så godt! lettlest kokebok.</strong> </p> <p>Boka er tilrettelagt av Lene Hansen </p> <p>og Heidi Trolldalen.</p> <p>&#160;</p> <p><strong>Lene Hansen og Heidi Trolldalen&#160;</strong></p> <p>har tretti års &#160;teoretisk og praktisk&#160;</p> <p>erfaring i å tilrettelegge. </p> <p>De jobber med kommunikasjon&#160;</p> <p>for mennesker med ulike utfordringer</p> <p>i forhold til å forstå, oppfatte&#160;</p> <p>og formidle innhold i en tekst. &#160;</p> ]]></wp:meta_value>
            </wp:postmeta>
            <wp:postmeta>
                <wp:meta_key>_lsb_review</wp:meta_key>
                <wp:meta_value><![CDATA[lsb_acf_review]]></wp:meta_value>
            </wp:postmeta>
            <wp:postmeta>
                <wp:meta_key>lsb_quote</wp:meta_key>
                <wp:meta_value/>
            </wp:postmeta>
            <wp:postmeta>
                <wp:meta_key>_lsb_quote</wp:meta_key>
                <wp:meta_value><![CDATA[lsb_acf_quote]]></wp:meta_value>
            </wp:postmeta>
            <wp:postmeta>
                <wp:meta_key>lsb_supported</wp:meta_key>
                <wp:meta_value><![CDATA[1]]></wp:meta_value>
            </wp:postmeta>
            <wp:postmeta>
                <wp:meta_key>_lsb_supported</wp:meta_key>
                <wp:meta_value><![CDATA[lsb_acf_supported]]></wp:meta_value>
            </wp:postmeta>
            <category domain="lsb_tax_lsb_cat" nicename="bliss"><![CDATA[bliss]]></category>
            <category domain="lsb_tax_lsb_cat" nicename="piktogram"><![CDATA[piktogram]]></category>
            <category domain="lsb_tax_lsb_cat" nicename="litt-å-lese"><![CDATA[litt å lese]]></category>
            <category domain="lsb_tax_lsb_cat" nicename="enkelt-innhold"><![CDATA[enkelt innhold]]></category>
            <category domain="lsb_tax_lsb_cat" nicename="bliss-&amp;-piktogram"><![CDATA[bliss & piktogram]]></category>
            <category domain="lsb_tax_publisher" nicename="signo"><![CDATA[Signo]]></category>
            <category domain="lsb_tax_author" nicename="anne-gro-innstrand"><![CDATA[Anne Gro Innstrand]]></category>
            <category domain="lsb_tax_author" nicename="sølvi-linde"><![CDATA[Sølvi Linde]]></category>
            <category domain="lsb_tax_illustrator" nicename="pål-hoff"><![CDATA[Pål Hoff]]></category>
            <category domain="lsb_tax_translator" nicename="lene-hansen"><![CDATA[Lene Hansen]]></category>
            <category domain="lsb_tax_translator" nicename="heidi-trolldalen"><![CDATA[Heidi Trolldalen]]></category>
            <category domain="lsb_tax_age" nicename="barn"><![CDATA[barn]]></category>
            <category domain="lsb_tax_age" nicename="ungdom"><![CDATA[ungdom]]></category>
            <category domain="lsb_tax_age" nicename="voksne"><![CDATA[voksne]]></category>
            <category domain="lsb_tax_topic" nicename="mat"><![CDATA[mat]]></category>
            <category domain="lsb_tax_topic" nicename="helse"><![CDATA[helse]]></category>
            <category domain="lsb_tax_language" nicename="no_nb"><![CDATA[bokmål]]></category>
            <wp:postmeta>
                <wp:meta_key>_thumbnail_id</wp:meta_key>
                <wp:meta_value><![CDATA[15002]]></wp:meta_value>
            </wp:postmeta>
        </item>
        <item>
            <title>så godt forside.jpg</title>
            <dc:creator><![CDATA[test]]></dc:creator>
            <wp:post_id>15002</wp:post_id>
            <wp:status>inherit</wp:status>
            <wp:post_type>attachment</wp:post_type>
            <wp:attachment_url>https://raw.githubusercontent.com/lesersokerbok/boksok.no-data-utils/develop/output/01-15/images/9B3F5A448A374F21924BA0FE4AFCBAB5.jpg</wp:attachment_url>
        </item>
        <item>
            <wp:post_type>lsb_book</wp:post_type>
            <wp:status>draft</wp:status>
            <title>12 uker til et sunnere liv og en slankere midje</title>
            <wp:post_name>12-uker-til-et-sunnere-liv-og-en-slankere-midje</wp:post_name>
            <dc:creator><![CDATA[test]]></dc:creator>
            <excerpt:encoded><![CDATA[Denne boka gir deg en innføring i hvordan du kan endre livsstilen din på 12 uker. ]]></excerpt:encoded>
            <wp:postmeta>
                <wp:meta_key>lsb_isbn</wp:meta_key>
                <wp:meta_value><![CDATA[9788205458390]]></wp:meta_value>
            </wp:postmeta>
            <wp:postmeta>
                <wp:meta_key>_lsb_isbn</wp:meta_key>
                <wp:meta_value><![CDATA[lsb_acf_isbn]]></wp:meta_value>
            </wp:postmeta>
            <wp:postmeta>
                <wp:meta_key>lsb_published_year</wp:meta_key>
                <wp:meta_value><![CDATA[2014]]></wp:meta_value>
            </wp:postmeta>
            <wp:postmeta>
                <wp:meta_key>_lsb_published_year</wp:meta_key>
                <wp:meta_value><![CDATA[lsb_acf_published_year]]></wp:meta_value>
            </wp:postmeta>
            <wp:postmeta>
                <wp:meta_key>lsb_pages</wp:meta_key>
                <wp:meta_value><![CDATA[288]]></wp:meta_value>
            </wp:postmeta>
            <wp:postmeta>
                <wp:meta_key>_lsb_pages</wp:meta_key>
                <wp:meta_value><![CDATA[lsb_acf_pages]]></wp:meta_value>
            </wp:postmeta>
            <wp:postmeta>
                <wp:meta_key>lsb_review</wp:meta_key>
                <wp:meta_value><![CDATA[ <p> Hva inneholder egentlig maten vi spiser? </p> <p>Og hva gjør den for oss? </p> <p>Hvilke typer mat bør vi unngå </p> <p>og hvilke bør vi spise for å unngå farlig magefett? </p> <p>Hvorfor er magefett så farlig?</p> <p>Alle disse spørsmålene får du svar på i denne boka. </p> <p>Den er full av informasjon, </p> <p>men samtidig er det mange bilder og enkle oppskrifter. </p> <p>I tillegg finner du sitater i uthevet skrift </p> <p>og faktabokser som oppsummerer en del av informasjonen. </p> <p>&#160;</p> <p>Det er en del fremmedord og faguttrykk i boka, </p> <p>men disse er stort sett greit forklart.</p> <p>Boka må ikke leses fra A-Å, </p> <p>den kan fint brukes som et oppslagsverk </p> <p>om et sunt kosthold.</p> <p>&#160;</p> <p>Berit Nordstrand er lege og forfatter, </p> <p>og har tidligere skrevet bøkene <strong>Mat med mer</strong> (2012) </p> <p>og <strong>Mat til sinns </strong>(2013)</p> ]]></wp:meta_value>
            </wp:postmeta>
            <wp:postmeta>
                <wp:meta_key>_lsb_review</wp:meta_key>
                <wp:meta_value><![CDATA[lsb_acf_review]]></wp:meta_value>
            </wp:postmeta>
            <wp:postmeta>
                <wp:meta_key>lsb_quote</wp:meta_key>
                <wp:meta_value><![CDATA[Naturen har virkelig skjønt det - den har plassert all verdens nyttige næringsstoffer, som virker sammen og forsterker hverandre, i én og samme plante. Grønnsaker, frukt og bær bidrar med både antioksidantkraft, fiber, fettsyrer, protein, langsomme karbohydrater og en hærskare nyttige vitaminarbeidere og mineralverktøy.]]></wp:meta_value>
            </wp:postmeta>
            <wp:postmeta>
                <wp:meta_key>_lsb_quote</wp:meta_key>
                <wp:meta_value><![CDATA[lsb_acf_quote]]></wp:meta_value>
            </wp:postmeta>
            <wp:postmeta>
                <wp:meta_key>lsb_supported</wp:meta_key>
                <wp:meta_value><![CDATA[0]]></wp:meta_value>
            </wp:postmeta>
            <wp:postmeta>
                <wp:meta_key>_lsb_supported</wp:meta_key>
                <wp:meta_value><![CDATA[lsb_acf_supported]]></wp:meta_value>
            </wp:postmeta>
            <category domain="lsb_tax_lsb_cat" nicename="litt-å-lese"><![CDATA[litt å lese]]></category>
            <category domain="lsb_tax_publisher" nicename="gyldendal"><![CDATA[Gyldendal]]></category>
            <wp:postmeta>
                <wp:meta_key>lsb_look_inside</wp:meta_key>
                <wp:meta_value><![CDATA[http://issuu.com/gyldendalnorskforlag/docs/12_uker_til_et_sunnere_liv_og_en_sm/11?e=0/7440700]]></wp:meta_value>
            </wp:postmeta>
            <wp:postmeta>
                <wp:meta_key>_lsb_look_inside</wp:meta_key>
                <wp:meta_value><![CDATA[lsb_acf_look_inside]]></wp:meta_value>
            </wp:postmeta>
            <category domain="lsb_tax_author" nicename="berit-nordstrand"><![CDATA[Berit Nordstrand]]></category>
            <category domain="lsb_tax_illustrator" nicename="studio-dreyer-hensley"><![CDATA[Studio Dreyer Hensley]]></category>
            <category domain="lsb_tax_age" nicename="voksne"><![CDATA[voksne]]></category>
            <category domain="lsb_tax_topic" nicename="mat"><![CDATA[mat]]></category>
            <category domain="lsb_tax_topic" nicename="helse"><![CDATA[helse]]></category>
            <category domain="lsb_tax_language" nicename="no_nb"><![CDATA[bokmål]]></category>
            <wp:postmeta>
                <wp:meta_key>_thumbnail_id</wp:meta_key>
                <wp:meta_value><![CDATA[15003]]></wp:meta_value>
            </wp:postmeta>
        </item>
        <item>
            <title>12-uker-til-et-sunnere-liv-og-en-smalere-midje_hd_image.jpg</title>
            <dc:creator><![CDATA[test]]></dc:creator>
            <wp:post_id>15003</wp:post_id>
            <wp:status>inherit</wp:status>
            <wp:post_type>attachment</wp:post_type>
            <wp:attachment_url>https://raw.githubusercontent.com/lesersokerbok/boksok.no-data-utils/develop/output/01-15/images/7730C507FC544F0E9A6048E885CA7A53.jpg</wp:attachment_url>
        </item>
        <item>
            <wp:post_type>lsb_book</wp:post_type>
            <wp:status>draft</wp:status>
            <title>Mormor farmor - Håndbok for besteforeldre </title>
            <wp:post_name>mormor-farmor-haandbok-for-besteforeldre</wp:post_name>
            <dc:creator><![CDATA[test]]></dc:creator>
            <excerpt:encoded><![CDATA[En bok om lek og alvor, prøving og feiling.]]></excerpt:encoded>
            <wp:postmeta>
                <wp:meta_key>lsb_isbn</wp:meta_key>
                <wp:meta_value><![CDATA[9788248913719]]></wp:meta_value>
            </wp:postmeta>
            <wp:postmeta>
                <wp:meta_key>_lsb_isbn</wp:meta_key>
                <wp:meta_value><![CDATA[lsb_acf_isbn]]></wp:meta_value>
            </wp:postmeta>
            <wp:postmeta>
                <wp:meta_key>lsb_published_year</wp:meta_key>
                <wp:meta_value><![CDATA[2013]]></wp:meta_value>
            </wp:postmeta>
            <wp:postmeta>
                <wp:meta_key>_lsb_published_year</wp:meta_key>
                <wp:meta_value><![CDATA[lsb_acf_published_year]]></wp:meta_value>
            </wp:postmeta>
            <wp:postmeta>
                <wp:meta_key>lsb_pages</wp:meta_key>
                <wp:meta_value><![CDATA[183]]></wp:meta_value>
            </wp:postmeta>
            <wp:postmeta>
                <wp:meta_key>_lsb_pages</wp:meta_key>
                <wp:meta_value><![CDATA[lsb_acf_pages]]></wp:meta_value>
            </wp:postmeta>
            <wp:postmeta>
                <wp:meta_key>lsb_review</wp:meta_key>
                <wp:meta_value><![CDATA[ <p> Toppen Bech presenterer med denne boka sitt eget mormor-univers. </p> <p>Hun forteller om sin egen barndom </p> <p>og om sitt liv som mormor i tidsklemma. </p> <p>I tillegg får vi et lite innblikk i arven av historier som besteforeldre bærer på. </p> <p>Boka er en personlig fortelling om opplevelser hun har hatt </p> <p>og ønsker å ha sammen med sine barnebarn. </p> <p></p> <p>Mormors guide til gode barnebøker, Mormors guide til kule museer i Oslo </p> <p>og Bestemors ordbok, er blant annet morsomme innslag. </p> <p>De er basert på Toppen Bechs egne erfaringer i møte med sine barnebarn.</p> <p>&#160;</p> <p>Boka er delt inn i oversiktlige kapitler, og kan leses på kryss og tvers. </p> <p>Den har mange bilder og barnetegninger. </p> <p>Du finner også dikt, regler, sanger, oppskrifter,</p> <p>morsomme fakta og ritualer.</p> <p>&#160;</p> <p><strong>Toppen Bech </strong>er journalist, forfatter og foredragsholder, </p> <p>og var programleder for tv-serien<strong> Herskapelig</strong>. </p> <p>Hun har tidligere gitt ut bøkene <em><strong>Skikk og bruk i en ny tid </strong></em>(2010) </p> <p>og <strong>Herskapelige Norge</strong> (2006).</p> <p>&#160;</p> <p>&#160;</p> ]]></wp:meta_value>
            </wp:postmeta>
            <wp:postmeta>
                <wp:meta_key>_lsb_review</wp:meta_key>
                <wp:meta_value><![CDATA[lsb_acf_review]]></wp:meta_value>
            </wp:postmeta>
            <wp:postmeta>
                <wp:meta_key>lsb_quote</wp:meta_key>
                <wp:meta_value><![CDATA[Jeg hadde en drøm om å bli supermormor. En verdig formidler av myten om bæssmorfanget. Jeg hadde en drøm om å bli husket for verdens beste boller, for rampete, blodtørstige eventyr og heltekvad, for sprell og sprang og fantastiske reiser og opplevelser i virkeligheten og i fantasien.]]></wp:meta_value>
            </wp:postmeta>
            <wp:postmeta>
                <wp:meta_key>_lsb_quote</wp:meta_key>
                <wp:meta_value><![CDATA[lsb_acf_quote]]></wp:meta_value>
            </wp:postmeta>
            <wp:postmeta>
                <wp:meta_key>lsb_supported</wp:meta_key>
                <wp:meta_value><![CDATA[0]]></wp:meta_value>
            </wp:postmeta>
            <wp:postmeta>
                <wp:meta_key>_lsb_supported</wp:meta_key>
                <wp:meta_value><![CDATA[lsb_acf_supported]]></wp:meta_value>
            </wp:postmeta>
            <category domain="lsb_tax_lsb_cat" nicename="litt-å-lese"><![CDATA[litt å lese]]></category>
            <category domain="lsb_tax_publisher" nicename="kagge"><![CDATA[Kagge]]></category>
            <wp:postmeta>
                <wp:meta_key>lsb_look_inside</wp:meta_key>
                <wp:meta_value><![CDATA[http://issuu.com/kaggeforlag/docs/01_mormor_farmor/1]]></wp:meta_value>
            </wp:postmeta>
            <wp:postmeta>
                <wp:meta_key>_lsb_look_inside</wp:meta_key>
                <wp:meta_value><![CDATA[lsb_acf_look_inside]]></wp:meta_value>
            </wp:postmeta>
            <category domain="lsb_tax_author" nicename="toppen-bech"><![CDATA[Toppen Bech]]></category>
            <category domain="lsb_tax_illustrator" nicename="eivind-stoud-platou"><![CDATA[Eivind Stoud Platou]]></category>
            <category domain="lsb_tax_age" nicename="voksne"><![CDATA[voksne]]></category>
            <category domain="lsb_tax_topic" nicename="mennesker-i-mellom"><![CDATA[mennesker i mellom]]></category>
            <category domain="lsb_tax_language" nicename="no_nb"><![CDATA[bokmål]]></category>
            <wp:postmeta>
                <wp:meta_key>_thumbnail_id</wp:meta_key>
                <wp:meta_value><![CDATA[15004]]></wp:meta_value>
            </wp:postmeta>
        </item>
        <item>
            <title>11.Mormor Farmor STOR.jpg</title>
            <dc:creator><![CDATA[test]]></dc:creator>
            <wp:post_id>15004</wp:post_id>
            <wp:status>inherit</wp:status>
            <wp:post_type>attachment</wp:post_type>
            <wp:attachment_url>https://raw.githubusercontent.com/lesersokerbok/boksok.no-data-utils/develop/output/01-15/images/934F9279CD544C20B113BD11B7BE53E7.jpg</wp:attachment_url>
        </item>
        <item>
            <wp:post_type>lsb_book</wp:post_type>
            <wp:status>draft</wp:status>
            <title>Malstrøm</title>
            <wp:post_name>malstroem</wp:post_name>
            <dc:creator><![CDATA[test]]></dc:creator>
            <excerpt:encoded><![CDATA[En roman fra havets dyp og himmelens høyder, fra sorgens bunn og gledens topp. Og om hvor raskt det skifter fra det ene til det andre.]]></excerpt:encoded>
            <wp:postmeta>
                <wp:meta_key>lsb_isbn</wp:meta_key>
                <wp:meta_value><![CDATA[9788205457447]]></wp:meta_value>
            </wp:postmeta>
            <wp:postmeta>
                <wp:meta_key>_lsb_isbn</wp:meta_key>
                <wp:meta_value><![CDATA[lsb_acf_isbn]]></wp:meta_value>
            </wp:postmeta>
            <wp:postmeta>
                <wp:meta_key>lsb_published_year</wp:meta_key>
                <wp:meta_value><![CDATA[2014]]></wp:meta_value>
            </wp:postmeta>
            <wp:postmeta>
                <wp:meta_key>_lsb_published_year</wp:meta_key>
                <wp:meta_value><![CDATA[lsb_acf_published_year]]></wp:meta_value>
            </wp:postmeta>
            <wp:postmeta>
                <wp:meta_key>lsb_pages</wp:meta_key>
                <wp:meta_value><![CDATA[236]]></wp:meta_value>
            </wp:postmeta>
            <wp:postmeta>
                <wp:meta_key>_lsb_pages</wp:meta_key>
                <wp:meta_value><![CDATA[lsb_acf_pages]]></wp:meta_value>
            </wp:postmeta>
            <wp:postmeta>
                <wp:meta_key>lsb_review</wp:meta_key>
                <wp:meta_value><![CDATA[ <p> Boka handler om Live </p> <p>og hennes flukt fra virkeligheten.</p> <p>Virkeligheten hjemme kveler henne. </p> <p>Etter at søsteren Monica havnet i </p> <p>en alvorlig bilulykke to år tidligere, </p> <p>har ingenting vært som før. </p> <p>Moren er blitt en skygge av seg selv, </p> <p>faren gjør så godt han kan. </p> <p>Men hva kan gjøres, </p> <p>når det ikke er noen ting å få gjort?</p> <p></p> <p>Live møter Robert på toget. </p> <p>Han er dykker, akkurat som henne. </p> <p>Sammen blir de dratt inn </p> <p>i et mareritt av løgner, vold og død.</p> <p>&#160;</p> <p>Boka har korte kapitler </p> <p>og ganske stor skrift. </p> <p>Når spenningen er på sitt sterkeste, </p> <p>er boka umulig å legge fra seg.</p> <p>I boka er det noen fagord om dykking </p> <p>og noen fremmedord.</p> <p>&#160;</p> <p>Caterina Cattaneo (født 1967) </p> <p>er norsk-italiensk forfatter. </p> <p>Hun har tidligere gitt ut boka <strong>Dødsreisen</strong>&#160;i 2011.</p> ]]></wp:meta_value>
            </wp:postmeta>
            <wp:postmeta>
                <wp:meta_key>_lsb_review</wp:meta_key>
                <wp:meta_value><![CDATA[lsb_acf_review]]></wp:meta_value>
            </wp:postmeta>
            <wp:postmeta>
                <wp:meta_key>lsb_quote</wp:meta_key>
                <wp:meta_value><![CDATA[Sola kommer inn vinduet over senga, deler veggen i tykke striper. Hun stryker ham over ryggen. Huden hans er myk. Hun stryker til hun kjenner noe hardt under fingertuppene, reiser seg på albuen. Han har et stort arr på høyre side som strekker seg over ryggraden. Det er rødt og ser ikke veldig gammelt ut. ]]></wp:meta_value>
            </wp:postmeta>
            <wp:postmeta>
                <wp:meta_key>_lsb_quote</wp:meta_key>
                <wp:meta_value><![CDATA[lsb_acf_quote]]></wp:meta_value>
            </wp:postmeta>
            <wp:postmeta>
                <wp:meta_key>lsb_supported</wp:meta_key>
                <wp:meta_value><![CDATA[0]]></wp:meta_value>
            </wp:postmeta>
            <wp:postmeta>
                <wp:meta_key>_lsb_supported</wp:meta_key>
                <wp:meta_value><![CDATA[lsb_acf_supported]]></wp:meta_value>
            </wp:postmeta>
            <category domain="lsb_tax_lsb_cat" nicename="litt-å-lese"><![CDATA[litt å lese]]></category>
            <category domain="lsb_tax_publisher" nicename="gyldendal"><![CDATA[Gyldendal]]></category>
            <category domain="lsb_tax_author" nicename="caterina-cattaneo"><![CDATA[Caterina Cattaneo]]></category>
            <category domain="lsb_tax_age" nicename="ungdom"><![CDATA[ungdom]]></category>
            <category domain="lsb_tax_topic" nicename="krim"><![CDATA[krim]]></category>
            <category domain="lsb_tax_topic" nicename="spenning"><![CDATA[spenning]]></category>
            <category domain="lsb_tax_topic" nicename="kjærlighet"><![CDATA[kjærlighet]]></category>
            <category domain="lsb_tax_topic" nicename="mennesker-i-mellom"><![CDATA[mennesker i mellom]]></category>
            <category domain="lsb_tax_language" nicename="no_nb"><![CDATA[bokmål]]></category>
            <wp:postmeta>
                <wp:meta_key>_thumbnail_id</wp:meta_key>
                <wp:meta_value><![CDATA[15005]]></wp:meta_value>
            </wp:postmeta>
        </item>
        <item>
            <title>10.Malstroem_hd_image.jpg</title>
            <dc:creator><![CDATA[test]]></dc:creator>
            <wp:post_id>15005</wp:post_id>
            <wp:status>inherit</wp:status>
            <wp:post_type>attachment</wp:post_type>
            <wp:attachment_url>https://raw.githubusercontent.com/lesersokerbok/boksok.no-data-utils/develop/output/01-15/images/97D862B144484E8B9613E2B76C998285.jpg</wp:attachment_url>
        </item>
        <item>
            <wp:post_type>lsb_book</wp:post_type>
            <wp:status>draft</wp:status>
            <title>Klatrehåndboken</title>
            <wp:post_name>klatrehaandboken</wp:post_name>
            <dc:creator><![CDATA[test]]></dc:creator>
            <excerpt:encoded><![CDATA[En grunnleggende bok om klatring. ]]></excerpt:encoded>
            <wp:postmeta>
                <wp:meta_key>lsb_isbn</wp:meta_key>
                <wp:meta_value><![CDATA[9788205453241]]></wp:meta_value>
            </wp:postmeta>
            <wp:postmeta>
                <wp:meta_key>_lsb_isbn</wp:meta_key>
                <wp:meta_value><![CDATA[lsb_acf_isbn]]></wp:meta_value>
            </wp:postmeta>
            <wp:postmeta>
                <wp:meta_key>lsb_published_year</wp:meta_key>
                <wp:meta_value><![CDATA[2013]]></wp:meta_value>
            </wp:postmeta>
            <wp:postmeta>
                <wp:meta_key>_lsb_published_year</wp:meta_key>
                <wp:meta_value><![CDATA[lsb_acf_published_year]]></wp:meta_value>
            </wp:postmeta>
            <wp:postmeta>
                <wp:meta_key>lsb_pages</wp:meta_key>
                <wp:meta_value><![CDATA[315]]></wp:meta_value>
            </wp:postmeta>
            <wp:postmeta>
                <wp:meta_key>_lsb_pages</wp:meta_key>
                <wp:meta_value><![CDATA[lsb_acf_pages]]></wp:meta_value>
            </wp:postmeta>
            <wp:postmeta>
                <wp:meta_key>lsb_review</wp:meta_key>
                <wp:meta_value><![CDATA[ <p> Dette er boka for den som ønsker å begynne med klatring. </p> <p>Den forklarer alt fra hva en karabinkrok og slyngetau er, </p> <p>til hvordan du best klatrer opp en vegg eller en fjellknaus. </p> <p>Både gjennom bilder og tekst ser du de ulike teknikkene forklart.</p> <p>Forfatteren begynner boka med å forklare hva klatring er, </p> <p>og fortsetter med å forklare vesentlige klatreutrykk. </p> <p>&#160;&#160;&#160;&#160;&#160;&#160;&#160;&#160;&#160;&#160;&#160; </p> <p>Boka er delt inn i tretten kapitler,og i innholdsfortegnelsen </p> <p>ser du hvilke temaer som blir tatt opp i kapitlet. </p> <p>Hvert kapittel har sin farge, </p> <p>noe som gjør det enkelt å skille kapitlene fra hverandre. &#160;</p> <p>Helt bakerst finner du også et lite oppslagsverk </p> <p>fra A-Å i klatringens verden.</p> <p>Viktige opplysninger er markert med rød bakgrunn,</p> <p>tips og råd er markert med grå.</p> <p>&#160;</p> <p><strong>Nils Ragnar Gustavsson</strong> er autorisert instruktør i klatring.</p> <p>Han holder kurs for andre instruktører og kurs i sikkerhet.</p> ]]></wp:meta_value>
            </wp:postmeta>
            <wp:postmeta>
                <wp:meta_key>_lsb_review</wp:meta_key>
                <wp:meta_value><![CDATA[lsb_acf_review]]></wp:meta_value>
            </wp:postmeta>
            <wp:postmeta>
                <wp:meta_key>lsb_quote</wp:meta_key>
                <wp:meta_value><![CDATA[Klatring på topptau er antakelig den formen for klatring som de fleste nybegynnere kommer i kontakt med. Med topptau kan du utfordre deg selv på krevende ruter uten å måtte bekymre deg for å falle. Topptauing er også utmerket for å trene bevegelsesteknikk eller ganske enkelt bare for å ha det gøy i fjellveggen!]]></wp:meta_value>
            </wp:postmeta>
            <wp:postmeta>
                <wp:meta_key>_lsb_quote</wp:meta_key>
                <wp:meta_value><![CDATA[lsb_acf_quote]]></wp:meta_value>
            </wp:postmeta>
            <wp:postmeta>
                <wp:meta_key>lsb_supported</wp:meta_key>
                <wp:meta_value><![CDATA[0]]></wp:meta_value>
            </wp:postmeta>
            <wp:postmeta>
                <wp:meta_key>_lsb_supported</wp:meta_key>
                <wp:meta_value><![CDATA[lsb_acf_supported]]></wp:meta_value>
            </wp:postmeta>
            <category domain="lsb_tax_lsb_cat" nicename="litt-å-lese"><![CDATA[litt å lese]]></category>
            <category domain="lsb_tax_publisher" nicename="gyldendal"><![CDATA[Gyldendal]]></category>
            <wp:postmeta>
                <wp:meta_key>lsb_look_inside</wp:meta_key>
                <wp:meta_value><![CDATA[http://issuu.com/gyldendalnorskforlag/docs/klatrehaandboken?e=1324688/4347404]]></wp:meta_value>
            </wp:postmeta>
            <wp:postmeta>
                <wp:meta_key>_lsb_look_inside</wp:meta_key>
                <wp:meta_value><![CDATA[lsb_acf_look_inside]]></wp:meta_value>
            </wp:postmeta>
            <category domain="lsb_tax_author" nicename="nils-ragnar-gustavsson"><![CDATA[Nils Ragnar Gustavsson]]></category>
            <category domain="lsb_tax_illustrator" nicename="nils-ragnar-gustavsson"><![CDATA[Nils Ragnar Gustavsson]]></category>
            <category domain="lsb_tax_illustrator" nicename="martin-karlsson"><![CDATA[Martin Karlsson]]></category>
            <category domain="lsb_tax_illustrator" nicename="panda-ekvall"><![CDATA[Panda Ekvall]]></category>
            <category domain="lsb_tax_translator" nicename="ann-høydalsnes"><![CDATA[Ann Høydalsnes]]></category>
            <category domain="lsb_tax_age" nicename="voksne"><![CDATA[voksne]]></category>
            <category domain="lsb_tax_topic" nicename="sport"><![CDATA[sport]]></category>
            <category domain="lsb_tax_language" nicename="no_nb"><![CDATA[bokmål]]></category>
            <wp:postmeta>
                <wp:meta_key>_thumbnail_id</wp:meta_key>
                <wp:meta_value><![CDATA[15006]]></wp:meta_value>
            </wp:postmeta>
        </item>
        <item>
            <title>9.Klatrehaandboken_hd_image.jpg</title>
            <dc:creator><![CDATA[test]]></dc:creator>
            <wp:post_id>15006</wp:post_id>
            <wp:status>inherit</wp:status>
            <wp:post_type>attachment</wp:post_type>
            <wp:attachment_url>https://raw.githubusercontent.com/lesersokerbok/boksok.no-data-utils/develop/output/01-15/images/FB8D704EEF514496B8FE16DF32C85A45.jpg</wp:attachment_url>
        </item>
        <item>
            <wp:post_type>lsb_book</wp:post_type>
            <wp:status>draft</wp:status>
            <title>Motorisk trening – øvelser for barn</title>
            <wp:post_name>motorisk-trening-–-oevelser-for-barn</wp:post_name>
            <dc:creator><![CDATA[test]]></dc:creator>
            <excerpt:encoded><![CDATA[En introduksjon i motoriske ferdigheter for barn. ]]></excerpt:encoded>
            <wp:postmeta>
                <wp:meta_key>lsb_isbn</wp:meta_key>
                <wp:meta_value><![CDATA[9879186323165]]></wp:meta_value>
            </wp:postmeta>
            <wp:postmeta>
                <wp:meta_key>_lsb_isbn</wp:meta_key>
                <wp:meta_value><![CDATA[lsb_acf_isbn]]></wp:meta_value>
            </wp:postmeta>
            <wp:postmeta>
                <wp:meta_key>lsb_published_year</wp:meta_key>
                <wp:meta_value><![CDATA[2013]]></wp:meta_value>
            </wp:postmeta>
            <wp:postmeta>
                <wp:meta_key>_lsb_published_year</wp:meta_key>
                <wp:meta_value><![CDATA[lsb_acf_published_year]]></wp:meta_value>
            </wp:postmeta>
            <wp:postmeta>
                <wp:meta_key>lsb_pages</wp:meta_key>
                <wp:meta_value><![CDATA[56]]></wp:meta_value>
            </wp:postmeta>
            <wp:postmeta>
                <wp:meta_key>_lsb_pages</wp:meta_key>
                <wp:meta_value><![CDATA[lsb_acf_pages]]></wp:meta_value>
            </wp:postmeta>
            <wp:postmeta>
                <wp:meta_key>lsb_review</wp:meta_key>
                <wp:meta_value><![CDATA[ <p> Denne boka gir deg som er trener, instruktør eller lærer for barn </p> <p>veiledning og inspirasjon til hvordan barna kan trene motorisk. </p> <p>Her finner du 34 ulike leker og øvelser som vil gi barna stabilitet, </p> <p>balanse, koordinasjon og kontroll over kroppen.</p> <p></p> <p>Boka er delt opp i to deler.</p> <p> Første del beskriver hvilke faktorer du bør kjenne til </p> <p>om du vil utvikle deg som trener. </p> <p>Andre del består av de 34 motoriske øvelsene, </p> <p>forklart med bilder og tekst.</p> <p>&#160;</p> <p>Med boka følger en DVD som viser øvelsene ”live”, </p> <p>samtidig som de blir forklart (på svensk).</p> <p>&#160;</p> <p>Johanne Elphinston er fysioterapeut, foreleser og forfatter.</p> <p>Hun har trent idrettsutøvere fra barn til elitenivå.</p> <p>&#160;</p> ]]></wp:meta_value>
            </wp:postmeta>
            <wp:postmeta>
                <wp:meta_key>_lsb_review</wp:meta_key>
                <wp:meta_value><![CDATA[lsb_acf_review]]></wp:meta_value>
            </wp:postmeta>
            <wp:postmeta>
                <wp:meta_key>lsb_quote</wp:meta_key>
                <wp:meta_value><![CDATA[Øvelsene som presenteres, er morsomme og lystbetonte – men hver og en av dem har også et bestemt formål. Det handler om å styrke bestemte deler – "frø"– som til sammen utgjør grunnlaget for alle framtidige, effektive bevegelsesmønster. Hvis disse "bevegelsesfrøene", som stabilitet, balanse og kroppskontroll, plantes tidlig, får ikke barna bare god bevegelighet, men de forberedes også på innlæring av mer idrettspesifikke teknikker.]]></wp:meta_value>
            </wp:postmeta>
            <wp:postmeta>
                <wp:meta_key>_lsb_quote</wp:meta_key>
                <wp:meta_value><![CDATA[lsb_acf_quote]]></wp:meta_value>
            </wp:postmeta>
            <wp:postmeta>
                <wp:meta_key>lsb_supported</wp:meta_key>
                <wp:meta_value><![CDATA[0]]></wp:meta_value>
            </wp:postmeta>
            <wp:postmeta>
                <wp:meta_key>_lsb_supported</wp:meta_key>
                <wp:meta_value><![CDATA[lsb_acf_supported]]></wp:meta_value>
            </wp:postmeta>
            <category domain="lsb_tax_lsb_cat" nicename="litt-å-lese"><![CDATA[litt å lese]]></category>
            <category domain="lsb_tax_publisher" nicename="akilles"><![CDATA[Akilles]]></category>
            <category domain="lsb_tax_author" nicename="joanne-elphinston"><![CDATA[Joanne Elphinston]]></category>
            <category domain="lsb_tax_illustrator" nicename="håkan-flank"><![CDATA[Håkan Flank]]></category>
            <category domain="lsb_tax_translator" nicename="språkverkstaden"><![CDATA[Språkverkstaden]]></category>
            <category domain="lsb_tax_age" nicename="voksne"><![CDATA[voksne]]></category>
            <category domain="lsb_tax_topic" nicename="sport"><![CDATA[sport]]></category>
            <category domain="lsb_tax_language" nicename="no_nb"><![CDATA[bokmål]]></category>
            <wp:postmeta>
                <wp:meta_key>_thumbnail_id</wp:meta_key>
                <wp:meta_value><![CDATA[15007]]></wp:meta_value>
            </wp:postmeta>
        </item>
        <item>
            <title>8. Motorisk-trening-OEvelser-for-barn_book_cover_full.jpg</title>
            <dc:creator><![CDATA[test]]></dc:creator>
            <wp:post_id>15007</wp:post_id>
            <wp:status>inherit</wp:status>
            <wp:post_type>attachment</wp:post_type>
            <wp:attachment_url>https://raw.githubusercontent.com/lesersokerbok/boksok.no-data-utils/develop/output/01-15/images/84E50FE9B27E4EA29477823E055E7092.jpg</wp:attachment_url>
        </item>
        <item>
            <wp:post_type>lsb_book</wp:post_type>
            <wp:status>draft</wp:status>
            <title>Alt om Champions League 2013</title>
            <wp:post_name>alt-om-champions-league-2013</wp:post_name>
            <dc:creator><![CDATA[test]]></dc:creator>
            <excerpt:encoded><![CDATA[Høydepunkter fra Champions League 2013, og morsomme fakta fra tidligere år.]]></excerpt:encoded>
            <wp:postmeta>
                <wp:meta_key>lsb_isbn</wp:meta_key>
                <wp:meta_value><![CDATA[9788205444607]]></wp:meta_value>
            </wp:postmeta>
            <wp:postmeta>
                <wp:meta_key>_lsb_isbn</wp:meta_key>
                <wp:meta_value><![CDATA[lsb_acf_isbn]]></wp:meta_value>
            </wp:postmeta>
            <wp:postmeta>
                <wp:meta_key>lsb_published_year</wp:meta_key>
                <wp:meta_value><![CDATA[2013]]></wp:meta_value>
            </wp:postmeta>
            <wp:postmeta>
                <wp:meta_key>_lsb_published_year</wp:meta_key>
                <wp:meta_value><![CDATA[lsb_acf_published_year]]></wp:meta_value>
            </wp:postmeta>
            <wp:postmeta>
                <wp:meta_key>lsb_pages</wp:meta_key>
                <wp:meta_value><![CDATA[77]]></wp:meta_value>
            </wp:postmeta>
            <wp:postmeta>
                <wp:meta_key>_lsb_pages</wp:meta_key>
                <wp:meta_value><![CDATA[lsb_acf_pages]]></wp:meta_value>
            </wp:postmeta>
            <wp:postmeta>
                <wp:meta_key>lsb_review</wp:meta_key>
                <wp:meta_value><![CDATA[ <p> Champions League er verdens største turnering for klubblag. </p> <p>I denne boka kan du blant annet lese resultater, kampoppsett</p> <p>og portretter av de største stjernene. </p> <p>Du kan også lese om hvordan Rosenborg vant over AC Milan i 1996.</p> <p>Dermed ble de det første (og foreløpig eneste) norske laget </p> <p>som er kommet til en kvartfinale i Champions League. </p> <p>I tillegg kan du teste deg selv i en morsom Champions League-quiz.</p> <p></p> <p>Boka har et kortfattet, muntlig språk og mange bilder. </p> <p>&#160;</p> <p>Forfatteren <strong>Steffen Gronemann</strong> har tidligere skrevet blant annet&#160;</p> <p><strong>Alt om EMs største stjerner</strong> (2012)</p> <p><strong>Alt om FC Barcelona</strong> (2012)</p> <p> <div><strong><em>Alt om Manchester United </em></strong>(2012)</p> </div>]]></wp:meta_value>
            </wp:postmeta>
            <wp:postmeta>
                <wp:meta_key>_lsb_review</wp:meta_key>
                <wp:meta_value><![CDATA[lsb_acf_review]]></wp:meta_value>
            </wp:postmeta>
            <wp:postmeta>
                <wp:meta_key>lsb_quote</wp:meta_key>
                <wp:meta_value><![CDATA[Da Manchester United møtter Bayern Munchen i 1999 var tre nordmenn involvert, selv om bare to av dem spilte. Ronny Johnsen var med fra start, som erstatning for en skadet Henning Berg, og han spilte hele kampen. Ole Gunnar Solskjær, derimot, fikk bare 13 minutter på banen, men det var mer enn nok til å gjøre ham til den første norske matchvinneren i Champions Leagues historie. ]]></wp:meta_value>
            </wp:postmeta>
            <wp:postmeta>
                <wp:meta_key>_lsb_quote</wp:meta_key>
                <wp:meta_value><![CDATA[lsb_acf_quote]]></wp:meta_value>
            </wp:postmeta>
            <wp:postmeta>
                <wp:meta_key>lsb_supported</wp:meta_key>
                <wp:meta_value><![CDATA[0]]></wp:meta_value>
            </wp:postmeta>
            <wp:postmeta>
                <wp:meta_key>_lsb_supported</wp:meta_key>
                <wp:meta_value><![CDATA[lsb_acf_supported]]></wp:meta_value>
            </wp:postmeta>
            <category domain="lsb_tax_lsb_cat" nicename="litt-å-lese"><![CDATA[litt å lese]]></category>
            <category domain="lsb_tax_publisher" nicename="gyldendal"><![CDATA[Gyldendal]]></category>
            <category domain="lsb_tax_author" nicename="steffen-gronemann"><![CDATA[Steffen Gronemann]]></category>
            <category domain="lsb_tax_illustrator" nicename="scanpix"><![CDATA[Scanpix]]></category>
            <category domain="lsb_tax_illustrator" nicename="all-over"><![CDATA[All Over]]></category>
            <category domain="lsb_tax_illustrator" nicename="getty"><![CDATA[Getty]]></category>
            <category domain="lsb_tax_translator" nicename="jan-chr.-næss"><![CDATA[Jan Chr. Næss]]></category>
            <category domain="lsb_tax_age" nicename="barn"><![CDATA[barn]]></category>
            <category domain="lsb_tax_topic" nicename="sport"><![CDATA[sport]]></category>
            <category domain="lsb_tax_language" nicename="no_nb"><![CDATA[bokmål]]></category>
            <wp:postmeta>
                <wp:meta_key>_thumbnail_id</wp:meta_key>
                <wp:meta_value><![CDATA[15008]]></wp:meta_value>
            </wp:postmeta>
        </item>
        <item>
            <title>7. Alt-om-Champions-League_hd_image.jpg</title>
            <dc:creator><![CDATA[test]]></dc:creator>
            <wp:post_id>15008</wp:post_id>
            <wp:status>inherit</wp:status>
            <wp:post_type>attachment</wp:post_type>
            <wp:attachment_url>https://raw.githubusercontent.com/lesersokerbok/boksok.no-data-utils/develop/output/01-15/images/23FD3DD92DFD4F718842036673D7B14B.jpg</wp:attachment_url>
        </item>
        <item>
            <wp:post_type>lsb_book</wp:post_type>
            <wp:status>draft</wp:status>
            <title>Til skogs</title>
            <wp:post_name>til-skogs</wp:post_name>
            <dc:creator><![CDATA[test]]></dc:creator>
            <excerpt:encoded><![CDATA[Kjenner du skogen kalle? Vil du vite mer om hva skogen har betydd og hva den faktisk betyr?]]></excerpt:encoded>
            <wp:postmeta>
                <wp:meta_key>lsb_isbn</wp:meta_key>
                <wp:meta_value><![CDATA[9788248913443]]></wp:meta_value>
            </wp:postmeta>
            <wp:postmeta>
                <wp:meta_key>_lsb_isbn</wp:meta_key>
                <wp:meta_value><![CDATA[lsb_acf_isbn]]></wp:meta_value>
            </wp:postmeta>
            <wp:postmeta>
                <wp:meta_key>lsb_published_year</wp:meta_key>
                <wp:meta_value><![CDATA[2013]]></wp:meta_value>
            </wp:postmeta>
            <wp:postmeta>
                <wp:meta_key>_lsb_published_year</wp:meta_key>
                <wp:meta_value><![CDATA[lsb_acf_published_year]]></wp:meta_value>
            </wp:postmeta>
            <wp:postmeta>
                <wp:meta_key>lsb_pages</wp:meta_key>
                <wp:meta_value><![CDATA[190]]></wp:meta_value>
            </wp:postmeta>
            <wp:postmeta>
                <wp:meta_key>_lsb_pages</wp:meta_key>
                <wp:meta_value><![CDATA[lsb_acf_pages]]></wp:meta_value>
            </wp:postmeta>
            <wp:postmeta>
                <wp:meta_key>lsb_review</wp:meta_key>
                <wp:meta_value><![CDATA[ <p> I denne boka kan du lese skogens historie. </p> <p>Det er fortalt i et muntlig språk, med filosofiske og poetiske betraktninger. </p> <p></p> <p>Haakon Bull-Hansen arvet en skog i 2001. </p> <p>Han har ofte brukt skogen, både som barn, ungdom og voksen. </p> <p>Som barn ble han opplært i skogens yrende liv av sin bestefar. </p> <p>Som ungdom møtte han naturens sterke krefter. </p> <p>Som voksen ser han de små detaljene </p> <p>og de store bildene i sammenheng med hverandre. </p> <p>I sammenheng med livet selv. </p> <p>&#160;</p> <p>Boka er delt inn i femten kapitler. </p> <p>Hvert kapittel har sin lille historie. </p> <p>Som tegnene naturen gir fra seg. </p> <p>Som stiene vi går på når vi ferdes i marka. </p> <p>Som redskapen, røttene, tunet, tømmeret, skiene. </p> <p>&#160;</p> <p>Haakon Bull-Hansen er født i 1951 </p> <p>og har tidligere gitt ut både skjønnlitteratur og sakprosa.&#160;</p> ]]></wp:meta_value>
            </wp:postmeta>
            <wp:postmeta>
                <wp:meta_key>_lsb_review</wp:meta_key>
                <wp:meta_value><![CDATA[lsb_acf_review]]></wp:meta_value>
            </wp:postmeta>
            <wp:postmeta>
                <wp:meta_key>lsb_quote</wp:meta_key>
                <wp:meta_value><![CDATA[Skogens historie handler ikke bare om vekstsoner og klimaperioder, teknologi og tømmerpriser, men om menneskenes liv og virksomhet. Sporene etter våre forfedre kan leses i landskapet. Her er funn etter jegerne som vandret opp i dalen etter istiden, og av jernalderens bygdeborger og gravhauger. Her er infrastruktur og spor etter skipsbygging, jernverk, sagbruk, og en senmiddelaldersk havn for eksport av bjelker fra Larvik.]]></wp:meta_value>
            </wp:postmeta>
            <wp:postmeta>
                <wp:meta_key>_lsb_quote</wp:meta_key>
                <wp:meta_value><![CDATA[lsb_acf_quote]]></wp:meta_value>
            </wp:postmeta>
            <wp:postmeta>
                <wp:meta_key>lsb_supported</wp:meta_key>
                <wp:meta_value><![CDATA[0]]></wp:meta_value>
            </wp:postmeta>
            <wp:postmeta>
                <wp:meta_key>_lsb_supported</wp:meta_key>
                <wp:meta_value><![CDATA[lsb_acf_supported]]></wp:meta_value>
            </wp:postmeta>
            <category domain="lsb_tax_lsb_cat" nicename="litt-å-lese"><![CDATA[litt å lese]]></category>
            <category domain="lsb_tax_publisher" nicename="kagge"><![CDATA[Kagge]]></category>
            <wp:postmeta>
                <wp:meta_key>lsb_look_inside</wp:meta_key>
                <wp:meta_value><![CDATA[http://issuu.com/kaggeforlag/docs/01_til_skogs_3be1a99d013508/1]]></wp:meta_value>
            </wp:postmeta>
            <wp:postmeta>
                <wp:meta_key>_lsb_look_inside</wp:meta_key>
                <wp:meta_value><![CDATA[lsb_acf_look_inside]]></wp:meta_value>
            </wp:postmeta>
            <category domain="lsb_tax_author" nicename="haakon-bull-hansen"><![CDATA[Haakon Bull-Hansen]]></category>
            <category domain="lsb_tax_illustrator" nicename="haakon-bull-hansen"><![CDATA[Haakon Bull-Hansen]]></category>
            <category domain="lsb_tax_age" nicename="voksne"><![CDATA[voksne]]></category>
            <category domain="lsb_tax_topic" nicename="historie"><![CDATA[historie]]></category>
            <category domain="lsb_tax_topic" nicename="samfunn"><![CDATA[samfunn]]></category>
            <category domain="lsb_tax_language" nicename="no_nb"><![CDATA[bokmål]]></category>
            <wp:postmeta>
                <wp:meta_key>_thumbnail_id</wp:meta_key>
                <wp:meta_value><![CDATA[15009]]></wp:meta_value>
            </wp:postmeta>
        </item>
        <item>
            <title>6. org_Til skogs_STOR.jpg</title>
            <dc:creator><![CDATA[test]]></dc:creator>
            <wp:post_id>15009</wp:post_id>
            <wp:status>inherit</wp:status>
            <wp:post_type>attachment</wp:post_type>
            <wp:attachment_url>https://raw.githubusercontent.com/lesersokerbok/boksok.no-data-utils/develop/output/01-15/images/65313B9E613F40EA982473ECCAA6F60F.jpg</wp:attachment_url>
        </item>
        <item>
            <wp:post_type>lsb_book</wp:post_type>
            <wp:status>draft</wp:status>
            <title>Si at vi har hele dagen </title>
            <wp:post_name>si-at-vi-har-hele-dagen</wp:post_name>
            <dc:creator><![CDATA[test]]></dc:creator>
            <excerpt:encoded><![CDATA[En historie om identitet og søken, om sorg og kjærlighet. Om hvordan det er å være adoptert og lure på hvordan livet ville blitt, hvis man ikke var det.]]></excerpt:encoded>
            <wp:postmeta>
                <wp:meta_key>lsb_isbn</wp:meta_key>
                <wp:meta_value><![CDATA[9788205463646]]></wp:meta_value>
            </wp:postmeta>
            <wp:postmeta>
                <wp:meta_key>_lsb_isbn</wp:meta_key>
                <wp:meta_value><![CDATA[lsb_acf_isbn]]></wp:meta_value>
            </wp:postmeta>
            <wp:postmeta>
                <wp:meta_key>lsb_published_year</wp:meta_key>
                <wp:meta_value><![CDATA[2014]]></wp:meta_value>
            </wp:postmeta>
            <wp:postmeta>
                <wp:meta_key>_lsb_published_year</wp:meta_key>
                <wp:meta_value><![CDATA[lsb_acf_published_year]]></wp:meta_value>
            </wp:postmeta>
            <wp:postmeta>
                <wp:meta_key>lsb_pages</wp:meta_key>
                <wp:meta_value><![CDATA[223]]></wp:meta_value>
            </wp:postmeta>
            <wp:postmeta>
                <wp:meta_key>_lsb_pages</wp:meta_key>
                <wp:meta_value><![CDATA[lsb_acf_pages]]></wp:meta_value>
            </wp:postmeta>
            <wp:postmeta>
                <wp:meta_key>lsb_review</wp:meta_key>
                <wp:meta_value><![CDATA[ <p> Denne boka handler om Rebekka. </p> <p>Hun er adoptert fra Korea, </p> <p>og har bodd i Norge siden hun var tre-fire år. </p> <p>Hennes søster, Marion, har nylig dødd av kreft. </p> <p>Ingen vet hvem deres biologiske mødre var </p> <p>og hvorfor de ga dem fra seg. </p>  <p>De bodde på samme barnehjem i Busan, </p> <p>og Rebekka reiser dit for å finne svar. </p> <p>Der møter hun I-Sook og hennes datter Ji-Su. </p> <p>Litt etter litt får vi små innblikk i koreanske kvinners liv: </p> <p>Etter Korea-krigen ble adopsjon </p> <p>sett på som barmhjertighet.</p> <p>Nå blir adopsjon sett på </p> <p>som noe som minner om menneskehandel. </p> <p>Kvinner ble sveket av sine menn, </p> <p>og ofret mye for å bevare familiens ære.</p> <p>&#160;&#160;&#160;&#160;&#160;&#160;&#160;&#160;&#160;&#160; </p> <p>Boka har to fortellerstemmer. </p> <p>Den ene er Rebekkas og den andre er I-Sook, </p> <p>og kapitlene er merket <strong>Rebekka</strong>&#160;og <strong>I-Sook</strong>, </p> <p>så de er lette å skille fra hverandre. </p> <p>Språket er muntlig og mange av kapitlene er korte.</p> <p> <p>&#160;</p>Anne Kyong-Sook Øfsti (født 1962) </p> <p>er familieterapeut og har tidligere gitt ut </p> <p>fagboka <strong>Parterapi</strong> (Universitetsforlaget). </p> <p><strong>Si at vi har hele dagen</strong> er hennes første roman. <p>&#160;</p></p> ]]></wp:meta_value>
            </wp:postmeta>
            <wp:postmeta>
                <wp:meta_key>_lsb_review</wp:meta_key>
                <wp:meta_value><![CDATA[lsb_acf_review]]></wp:meta_value>
            </wp:postmeta>
            <wp:postmeta>
                <wp:meta_key>lsb_quote</wp:meta_key>
                <wp:meta_value><![CDATA[Da jeg går inn i t-banevognen, forsvinner jeg, ansiktet mitt blir tatt opp i mengden. Jeg blir oppslukt. En ny og annerledes følelse av tilhørighet brer seg i kroppen min. Jeg ligner de andre, de ligner meg. En estetisk lengsel jeg ikke visste om, åpenbarer seg; jeg snur meg og ser bakover, ikke ett eneste hvitt ansikt, ikke én skarp linje i synsfeltet, bare et bølgende teppe i sort og brunt.]]></wp:meta_value>
            </wp:postmeta>
            <wp:postmeta>
                <wp:meta_key>_lsb_quote</wp:meta_key>
                <wp:meta_value><![CDATA[lsb_acf_quote]]></wp:meta_value>
            </wp:postmeta>
            <wp:postmeta>
                <wp:meta_key>lsb_supported</wp:meta_key>
                <wp:meta_value><![CDATA[0]]></wp:meta_value>
            </wp:postmeta>
            <wp:postmeta>
                <wp:meta_key>_lsb_supported</wp:meta_key>
                <wp:meta_value><![CDATA[lsb_acf_supported]]></wp:meta_value>
            </wp:postmeta>
            <category domain="lsb_tax_lsb_cat" nicename="litt-å-lese"><![CDATA[litt å lese]]></category>
            <category domain="lsb_tax_publisher" nicename="gyldendal"><![CDATA[Gyldendal]]></category>
            <category domain="lsb_tax_author" nicename="anne-kyong-sook-øfsti"><![CDATA[Anne Kyong-Sook Øfsti]]></category>
            <category domain="lsb_tax_age" nicename="voksne"><![CDATA[voksne]]></category>
            <category domain="lsb_tax_topic" nicename="mennesker-i-mellom"><![CDATA[mennesker i mellom]]></category>
            <category domain="lsb_tax_language" nicename="no_nb"><![CDATA[bokmål]]></category>
            <wp:postmeta>
                <wp:meta_key>_thumbnail_id</wp:meta_key>
                <wp:meta_value><![CDATA[15010]]></wp:meta_value>
            </wp:postmeta>
        </item>
        <item>
            <title>5. Si-at-vi-har-hele-dagen_hd_image.jpg</title>
            <dc:creator><![CDATA[test]]></dc:creator>
            <wp:post_id>15010</wp:post_id>
            <wp:status>inherit</wp:status>
            <wp:post_type>attachment</wp:post_type>
            <wp:attachment_url>https://raw.githubusercontent.com/lesersokerbok/boksok.no-data-utils/develop/output/01-15/images/1D943AE8D60046A8B34C4416FF399B80.jpg</wp:attachment_url>
        </item>
        <item>
            <wp:post_type>lsb_book</wp:post_type>
            <wp:status>draft</wp:status>
            <title>Livets skole</title>
            <wp:post_name>livets-skole</wp:post_name>
            <dc:creator><![CDATA[test]]></dc:creator>
            <excerpt:encoded><![CDATA[Noen afghanske kvinner risikerer sitt eget liv for å redde andres. Dette er historien om jordmorskolen i Wardak. ]]></excerpt:encoded>
            <wp:postmeta>
                <wp:meta_key>lsb_isbn</wp:meta_key>
                <wp:meta_value><![CDATA[9788203293412]]></wp:meta_value>
            </wp:postmeta>
            <wp:postmeta>
                <wp:meta_key>_lsb_isbn</wp:meta_key>
                <wp:meta_value><![CDATA[lsb_acf_isbn]]></wp:meta_value>
            </wp:postmeta>
            <wp:postmeta>
                <wp:meta_key>lsb_published_year</wp:meta_key>
                <wp:meta_value><![CDATA[2013]]></wp:meta_value>
            </wp:postmeta>
            <wp:postmeta>
                <wp:meta_key>_lsb_published_year</wp:meta_key>
                <wp:meta_value><![CDATA[lsb_acf_published_year]]></wp:meta_value>
            </wp:postmeta>
            <wp:postmeta>
                <wp:meta_key>lsb_pages</wp:meta_key>
                <wp:meta_value><![CDATA[305]]></wp:meta_value>
            </wp:postmeta>
            <wp:postmeta>
                <wp:meta_key>_lsb_pages</wp:meta_key>
                <wp:meta_value><![CDATA[lsb_acf_pages]]></wp:meta_value>
            </wp:postmeta>
            <wp:postmeta>
                <wp:meta_key>lsb_review</wp:meta_key>
                <wp:meta_value><![CDATA[ <p> I denne boka får du møte doktor Khadija.</p> <p>Hun er lærer på en jordmorskole i en småby i Afghanistan. </p> <p>Du får møte elevene Nilab, Malalai, Meena og Shagofa. </p> <p>Du får møte Nilabs bror, Yahya, som blir truet på livet av Taliban, </p> <p>fordi søsteren hans går på skole. </p> <p>Du får møte Asma, bestyreren på internatet som jentene bor på. </p> <p>Hun har flyktet fra en voldelig ektemann </p> <p>og tør nesten ikke håpe på en skilsmisse.</p> <p></p> <p>Du får høre jentenes fortellinger </p> <p>om hvordan det er å vokse opp i krig. </p> <p>Om hvordan alle parter i krigen virker like truende, </p> <p>og hvor umulig det er å velge side. </p> <p>Du kan lese om hvordan det nesten ikke går an </p> <p>å stole på noen, eller noe. Om hvordan en trussel kan fikses </p> <p>bare man har penger til å betale seg ut av det. </p> <p>Her er historier om å ikke vite noe om sine rettigheter som kvinne. </p> <p>Om å hjelpe noen uten å vite om man kan hjelpe seg selv. </p> <p>Om å flykte. Om å drepe. Om å ta imot liv.</p> <p>&#160;</p> <p>Boka er delt inn i fire deler: <strong>Balansekunst, Jordmødrene i Wardak, </strong></p> <p><strong>Livet imellom</strong> og <strong>Krig for fred</strong>. Delene inneholder korte kapitler </p> <p>som forteller hver sin sterke historie. Språket er lettfattelig, </p> <p>og kapitlene er bygd opp på en sånn måte </p> <p>at man bare må bla videre for å finne ut hva som skjer. </p> <p>&#160;</p> <p><strong>Kristin Solberg</strong> (født 1982) er korrespondent for Aftenposten </p> <p>og den svenske avisa Dagens Nyheter, i Afghanistan, India og Pakistan. </p> <p>Hun har tidligere gitt ut boka <strong>Gjennom de renes land </strong>(2010).</p> <p>&#160;</p> <p>&#160;</p> ]]></wp:meta_value>
            </wp:postmeta>
            <wp:postmeta>
                <wp:meta_key>_lsb_review</wp:meta_key>
                <wp:meta_value><![CDATA[lsb_acf_review]]></wp:meta_value>
            </wp:postmeta>
            <wp:postmeta>
                <wp:meta_key>lsb_quote</wp:meta_key>
                <wp:meta_value><![CDATA[Sommeren 2011, da jeg begynte arbeidet med denne boken, døde hvert femte afghanske barn før det fylte fem år, det vil si 550 barn hver eneste dag. Samtidig døde en afghansk kvinne i barsel hver halvtime. Det ble sagt at det var 200 ganger mer sannsynlig at en afghansk kvinne døde i barsel eller av graviditetskomplikasjoner, enn av kuler og bomber. ]]></wp:meta_value>
            </wp:postmeta>
            <wp:postmeta>
                <wp:meta_key>_lsb_quote</wp:meta_key>
                <wp:meta_value><![CDATA[lsb_acf_quote]]></wp:meta_value>
            </wp:postmeta>
            <wp:postmeta>
                <wp:meta_key>lsb_supported</wp:meta_key>
                <wp:meta_value><![CDATA[0]]></wp:meta_value>
            </wp:postmeta>
            <wp:postmeta>
                <wp:meta_key>_lsb_supported</wp:meta_key>
                <wp:meta_value><![CDATA[lsb_acf_supported]]></wp:meta_value>
            </wp:postmeta>
            <category domain="lsb_tax_lsb_cat" nicename="litt-å-lese"><![CDATA[litt å lese]]></category>
            <category domain="lsb_tax_publisher" nicename="aschehoug"><![CDATA[Aschehoug]]></category>
            <wp:postmeta>
                <wp:meta_key>lsb_look_inside</wp:meta_key>
                <wp:meta_value><![CDATA[http://issuu.com/aschehoug/docs/kristin_solberg_-_livets_skole?e=2026704/5148927]]></wp:meta_value>
            </wp:postmeta>
            <wp:postmeta>
                <wp:meta_key>_lsb_look_inside</wp:meta_key>
                <wp:meta_value><![CDATA[lsb_acf_look_inside]]></wp:meta_value>
            </wp:postmeta>
            <category domain="lsb_tax_author" nicename="kristin-solberg"><![CDATA[Kristin Solberg]]></category>
            <category domain="lsb_tax_age" nicename="voksne"><![CDATA[voksne]]></category>
            <category domain="lsb_tax_topic" nicename="mennesker-i-mellom"><![CDATA[mennesker i mellom]]></category>
            <category domain="lsb_tax_language" nicename="no_nb"><![CDATA[bokmål]]></category>
            <wp:postmeta>
                <wp:meta_key>_thumbnail_id</wp:meta_key>
                <wp:meta_value><![CDATA[15011]]></wp:meta_value>
            </wp:postmeta>
        </item>
        <item>
            <title>1.solberg.jpg</title>
            <dc:creator><![CDATA[test]]></dc:creator>
            <wp:post_id>15011</wp:post_id>
            <wp:status>inherit</wp:status>
            <wp:post_type>attachment</wp:post_type>
            <wp:attachment_url>https://raw.githubusercontent.com/lesersokerbok/boksok.no-data-utils/develop/output/01-15/images/654AF4C789834C4C9DDB92F60E557510.jpg</wp:attachment_url>
        </item>
        <item>
            <wp:post_type>lsb_book</wp:post_type>
            <wp:status>draft</wp:status>
            <title>Fellesskap fungerer – om velferdsordningene </title>
            <wp:post_name>fellesskap-fungerer-–-om-velferdsordningene</wp:post_name>
            <dc:creator><![CDATA[test]]></dc:creator>
            <excerpt:encoded><![CDATA[Stemmer det at Norges velferdsordning gjør oss passive?]]></excerpt:encoded>
            <wp:postmeta>
                <wp:meta_key>lsb_isbn</wp:meta_key>
                <wp:meta_value><![CDATA[9788292866689]]></wp:meta_value>
            </wp:postmeta>
            <wp:postmeta>
                <wp:meta_key>_lsb_isbn</wp:meta_key>
                <wp:meta_value><![CDATA[lsb_acf_isbn]]></wp:meta_value>
            </wp:postmeta>
            <wp:postmeta>
                <wp:meta_key>lsb_published_year</wp:meta_key>
                <wp:meta_value><![CDATA[2013]]></wp:meta_value>
            </wp:postmeta>
            <wp:postmeta>
                <wp:meta_key>_lsb_published_year</wp:meta_key>
                <wp:meta_value><![CDATA[lsb_acf_published_year]]></wp:meta_value>
            </wp:postmeta>
            <wp:postmeta>
                <wp:meta_key>lsb_pages</wp:meta_key>
                <wp:meta_value><![CDATA[110]]></wp:meta_value>
            </wp:postmeta>
            <wp:postmeta>
                <wp:meta_key>_lsb_pages</wp:meta_key>
                <wp:meta_value><![CDATA[lsb_acf_pages]]></wp:meta_value>
            </wp:postmeta>
            <wp:postmeta>
                <wp:meta_key>lsb_review</wp:meta_key>
                <wp:meta_value><![CDATA[ <p> Det forsøker denne boka å gi et svar på. Med over 75 prosent sysselsatte, er Norge blant de høyeste av OECD-landene. Jo flere som er ute i arbeidslivet, desto større blir sjansen for at noen må få hjelp av trygdesystemet, i form av sykelønn, uførepensjon og liknende. Så selv om antallet på sykelønn og uførepensjon øker, har andelen reelt sett gått ned.</p> <p></p> <p>Du kan lese at et stabilt og velfungerende velferdssystem påvirker mange ting på arbeidsplassen. Når man vet at man ikke mister jobben selv om man er syk, oppstår det et tillitsforhold mellom arbeidstaker og arbeidsplass. Når man vet at man ikke mister lønn selv om man er syk, vil ikke økonomisk ruin være en stressende faktor som kan ødelegge for rehabiliteringen. </p> <p>&#160;</p> <p>Ved arbeidsløshet får man i Norge støtte av staten, og man er ikke avhengig av å bli forsørget av foreldre eller ektefelle. </p> <p>&#160;</p> <p>Boka er skrevet i et muntlig språk, og du kan lese flere personlige historier: Både fra Nav-ansatte og Nav-brukere.</p> <p>&#160;</p> Dette er den første boka i serien<em> Fellesskap fungerer</em>. Bok nummer to handler om arbeidslivet og fagforeningene i Norge. Bok nummer tre kommer høsten 2014.<br /> <p>&#160;</p> <p><br/> </p> <p>&#160;</p> ]]></wp:meta_value>
            </wp:postmeta>
            <wp:postmeta>
                <wp:meta_key>_lsb_review</wp:meta_key>
                <wp:meta_value><![CDATA[lsb_acf_review]]></wp:meta_value>
            </wp:postmeta>
            <wp:postmeta>
                <wp:meta_key>lsb_quote</wp:meta_key>
                <wp:meta_value><![CDATA[Ordningene er til for at mennesker ikke skal ruineres om de ikke kan sikre seg selv økonomisk gjennom jobb eller annet. Dersom man sikter mot at "noen av ytelsene vi har, bør begrenses", noe som innebærer "kutt i utbetalingene for noen", vil maktforholdene forskyves til fordel for dem som allerede har mer. Det er heller ikke utenkelig at fattigdommen i Norge vil øke.]]></wp:meta_value>
            </wp:postmeta>
            <wp:postmeta>
                <wp:meta_key>_lsb_quote</wp:meta_key>
                <wp:meta_value><![CDATA[lsb_acf_quote]]></wp:meta_value>
            </wp:postmeta>
            <wp:postmeta>
                <wp:meta_key>lsb_supported</wp:meta_key>
                <wp:meta_value><![CDATA[0]]></wp:meta_value>
            </wp:postmeta>
            <wp:postmeta>
                <wp:meta_key>_lsb_supported</wp:meta_key>
                <wp:meta_value><![CDATA[lsb_acf_supported]]></wp:meta_value>
            </wp:postmeta>
            <category domain="lsb_tax_lsb_cat" nicename="litt-å-lese"><![CDATA[litt å lese]]></category>
            <category domain="lsb_tax_publisher" nicename="manifest-"><![CDATA[Manifest ]]></category>
            <category domain="lsb_tax_author" nicename="lotta-elstad"><![CDATA[Lotta Elstad]]></category>
            <category domain="lsb_tax_age" nicename="voksne"><![CDATA[voksne]]></category>
            <category domain="lsb_tax_topic" nicename="historie"><![CDATA[historie]]></category>
            <category domain="lsb_tax_topic" nicename="samfunn"><![CDATA[samfunn]]></category>
            <category domain="lsb_tax_language" nicename="no_nb"><![CDATA[bokmål]]></category>
            <wp:postmeta>
                <wp:meta_key>_thumbnail_id</wp:meta_key>
                <wp:meta_value><![CDATA[15012]]></wp:meta_value>
            </wp:postmeta>
        </item>
        <item>
            <title>3. Fellesskap fungerer Velferd.png</title>
            <dc:creator><![CDATA[test]]></dc:creator>
            <wp:post_id>15012</wp:post_id>
            <wp:status>inherit</wp:status>
            <wp:post_type>attachment</wp:post_type>
            <wp:attachment_url>https://raw.githubusercontent.com/lesersokerbok/boksok.no-data-utils/develop/output/01-15/images/B822037A45D9488280189506DA085D1C.png</wp:attachment_url>
        </item>
        <item>
            <wp:post_type>lsb_book</wp:post_type>
            <wp:status>draft</wp:status>
            <title>Fellesskap fungerer – om arbeidslivet</title>
            <wp:post_name>fellesskap-fungerer-–-om-arbeidslivet</wp:post_name>
            <dc:creator><![CDATA[test]]></dc:creator>
            <excerpt:encoded><![CDATA[I denne boka kan du lese noen av grunnene til hvorfor det går bra med Norge.]]></excerpt:encoded>
            <wp:postmeta>
                <wp:meta_key>lsb_isbn</wp:meta_key>
                <wp:meta_value><![CDATA[9788292866795]]></wp:meta_value>
            </wp:postmeta>
            <wp:postmeta>
                <wp:meta_key>_lsb_isbn</wp:meta_key>
                <wp:meta_value><![CDATA[lsb_acf_isbn]]></wp:meta_value>
            </wp:postmeta>
            <wp:postmeta>
                <wp:meta_key>lsb_published_year</wp:meta_key>
                <wp:meta_value><![CDATA[2014]]></wp:meta_value>
            </wp:postmeta>
            <wp:postmeta>
                <wp:meta_key>_lsb_published_year</wp:meta_key>
                <wp:meta_value><![CDATA[lsb_acf_published_year]]></wp:meta_value>
            </wp:postmeta>
            <wp:postmeta>
                <wp:meta_key>lsb_pages</wp:meta_key>
                <wp:meta_value><![CDATA[78]]></wp:meta_value>
            </wp:postmeta>
            <wp:postmeta>
                <wp:meta_key>_lsb_pages</wp:meta_key>
                <wp:meta_value><![CDATA[lsb_acf_pages]]></wp:meta_value>
            </wp:postmeta>
            <wp:postmeta>
                <wp:meta_key>lsb_review</wp:meta_key>
                <wp:meta_value><![CDATA[ <div style="padding-top: 0px; padding-right: 0px; padding-bottom: 0px; padding-left: 0px; margin-top: 0px; margin-right: 0px; margin-bottom: 0px; margin-left: 0px; border-top-width: 0px; border-right-width: 0px; border-bottom-width: 0px; border-left-width: 0px; border-style: initial; border-color: initial; border-style: initial; border-color: initial;">Fagbevegelsen spiller en stor rolle i Norge. </div>  <div style="padding-top: 0px; padding-right: 0px; padding-bottom: 0px; padding-left: 0px; margin-top: 0px; margin-right: 0px; margin-bottom: 0px; margin-left: 0px; border-top-width: 0px; border-right-width: 0px; border-bottom-width: 0px; border-left-width: 0px; border-style: initial; border-color: initial; border-style: initial; border-color: initial;">Idenne boka kan du lese hvilke ringvirkninger det gir at fagbevegelsen har (og har hatt) en så stor rolle. </div>  <div style="padding-top: 0px; padding-right: 0px; padding-bottom: 0px; padding-left: 0px; margin-top: 0px; margin-right: 0px; margin-bottom: 0px; margin-left: 0px; border-top-width: 0px; border-right-width: 0px; border-bottom-width: 0px; border-left-width: 0px; border-style: initial; border-color: initial; border-style: initial; border-color: initial;">Små lønnsforskjeller og gode arbeidsvilkår er noen av dem. </div>  <div style="padding-top: 0px; padding-right: 0px; padding-bottom: 0px; padding-left: 0px; margin-top: 0px; margin-right: 0px; margin-bottom: 0px; margin-left: 0px; border-top-width: 0px; border-right-width: 0px; border-bottom-width: 0px; border-left-width: 0px; border-style: initial; border-color: initial; border-style: initial; border-color: initial;">Det igjen skaper fellesskap og gjensidig tillit mellom menneskene i samfunnet.</div>  <p style="padding-top: 0px; padding-right: 0px; padding-bottom: 0px; padding-left: 0px; margin-top: 0px; margin-right: 0px; margin-bottom: 0px; margin-left: 0px; border-top-width: 0px; border-right-width: 0px; border-bottom-width: 0px; border-left-width: 0px; border-style: initial; border-color: initial; border-style: initial; border-color: initial;">&#160;</p>  <p>Boka er delt inn i tre deler:&#160;</p>  <p><em>Hvorfor går det så bra med Norge?</em>&#160;</p>  <p><em>Hvorfor er sterke fagbevegelser bra for norsk økonomi?</em>&#160;</p>  <p>Og&#160;<em>Trusler mot den norske modellen</em>. </p>  <p>Hvert kapitler har underkapitler tydelig merket i innholdsfortegnelsen.&#160;</p>    <p>Du kan blant annet lese om hvordan vi i Norge har lav arbeidsløshet, </p>  <p>varig høy økonomisk vekst, evne til omstilling og evne til å ta i bruk ny teknologi, </p>  <p>og effektiv offentlig sektor.</p>  <p style="padding-top: 0px; padding-right: 0px; padding-bottom: 0px; padding-left: 0px; margin-top: 0px; margin-right: 0px; margin-bottom: 0px; margin-left: 0px; border-top-width: 0px; border-right-width: 0px; border-bottom-width: 0px; border-left-width: 0px; border-style: initial; border-color: initial; border-style: initial; border-color: initial;">&#160;</p>  <div style="padding-top: 0px; padding-right: 0px; padding-bottom: 0px; padding-left: 0px; margin-top: 0px; margin-right: 0px; margin-bottom: 0px; margin-left: 0px; border-top-width: 0px; border-right-width: 0px; border-bottom-width: 0px; border-left-width: 0px; border-style: initial; border-color: initial; border-style: initial; border-color: initial;">I denne boka er det forsøkt å skrive om et mangesidig og komplisert system på en enkel måte, </div>  <div style="padding-top: 0px; padding-right: 0px; padding-bottom: 0px; padding-left: 0px; margin-top: 0px; margin-right: 0px; margin-bottom: 0px; margin-left: 0px; border-top-width: 0px; border-right-width: 0px; border-bottom-width: 0px; border-left-width: 0px; border-style: initial; border-color: initial; border-style: initial; border-color: initial;">men det er mange faguttrykk og fremmedord. Boka inneholder en del grafer og bilder.</div>  <div style="padding-top: 0px; padding-right: 0px; padding-bottom: 0px; padding-left: 0px; margin-top: 0px; margin-right: 0px; margin-bottom: 0px; margin-left: 0px; border-top-width: 0px; border-right-width: 0px; border-bottom-width: 0px; border-left-width: 0px; border-style: initial; border-color: initial; border-style: initial; border-color: initial;">&#160;</div>  <div style="padding-top: 0px; padding-right: 0px; padding-bottom: 0px; padding-left: 0px; margin-top: 0px; margin-right: 0px; margin-bottom: 0px; margin-left: 0px; border-top-width: 0px; border-right-width: 0px; border-bottom-width: 0px; border-left-width: 0px; border-style: initial; border-color: initial; border-style: initial; border-color: initial;">Dette er bok nummer to i serien <em>Fellesskap fungerer</em>. Den tredje kommer høsten 2014.</div>  ]]></wp:meta_value>
            </wp:postmeta>
            <wp:postmeta>
                <wp:meta_key>_lsb_review</wp:meta_key>
                <wp:meta_value><![CDATA[lsb_acf_review]]></wp:meta_value>
            </wp:postmeta>
            <wp:postmeta>
                <wp:meta_key>lsb_quote</wp:meta_key>
                <wp:meta_value><![CDATA[Lenge har det vært en trend at industribedrifter har flyttet produksjonen sin til land med lavere lønninger for å øke lønnsomheten. Nå ser vi flere tilfeller av norske industribedrifter som flytter tilbake igjen. Et eksempel på dette er Brumunddals-bedriften Globus, som lager deler til landbruksmaskiner. Bedriften har flagget hjem fra Litauen. ]]></wp:meta_value>
            </wp:postmeta>
            <wp:postmeta>
                <wp:meta_key>_lsb_quote</wp:meta_key>
                <wp:meta_value><![CDATA[lsb_acf_quote]]></wp:meta_value>
            </wp:postmeta>
            <wp:postmeta>
                <wp:meta_key>lsb_supported</wp:meta_key>
                <wp:meta_value><![CDATA[0]]></wp:meta_value>
            </wp:postmeta>
            <wp:postmeta>
                <wp:meta_key>_lsb_supported</wp:meta_key>
                <wp:meta_value><![CDATA[lsb_acf_supported]]></wp:meta_value>
            </wp:postmeta>
            <category domain="lsb_tax_lsb_cat" nicename="litt-å-lese"><![CDATA[litt å lese]]></category>
            <category domain="lsb_tax_publisher" nicename="manifest-"><![CDATA[Manifest ]]></category>
            <category domain="lsb_tax_author" nicename="ida-søraunet-wangberg"><![CDATA[Ida Søraunet Wangberg]]></category>
            <category domain="lsb_tax_author" nicename="ingrid-wergeland"><![CDATA[Ingrid Wergeland]]></category>
            <category domain="lsb_tax_author" nicename="lotta-elstad"><![CDATA[Lotta Elstad]]></category>
            <category domain="lsb_tax_age" nicename="voksne"><![CDATA[voksne]]></category>
            <category domain="lsb_tax_topic" nicename="historie"><![CDATA[historie]]></category>
            <category domain="lsb_tax_topic" nicename="samfunn"><![CDATA[samfunn]]></category>
            <category domain="lsb_tax_language" nicename="no_nb"><![CDATA[bokmål]]></category>
            <wp:postmeta>
                <wp:meta_key>_thumbnail_id</wp:meta_key>
                <wp:meta_value><![CDATA[15013]]></wp:meta_value>
            </wp:postmeta>
        </item>
        <item>
            <title>2. Fellesskap funker.jpg</title>
            <dc:creator><![CDATA[test]]></dc:creator>
            <wp:post_id>15013</wp:post_id>
            <wp:status>inherit</wp:status>
            <wp:post_type>attachment</wp:post_type>
            <wp:attachment_url>https://raw.githubusercontent.com/lesersokerbok/boksok.no-data-utils/develop/output/01-15/images/9B0E92E9B4EC45CC997D74D6161A247E.jpg</wp:attachment_url>
        </item>
        <item>
            <wp:post_type>lsb_book</wp:post_type>
            <wp:status>draft</wp:status>
            <title>Nordmarka - natur og miljø</title>
            <wp:post_name>nordmarka-natur-og-miljoe</wp:post_name>
            <dc:creator><![CDATA[test]]></dc:creator>
            <excerpt:encoded><![CDATA[Boka for den som ønsker å bli skikkelig godt kjent med Nordmarka. ]]></excerpt:encoded>
            <wp:postmeta>
                <wp:meta_key>lsb_isbn</wp:meta_key>
                <wp:meta_value><![CDATA[9788282650670]]></wp:meta_value>
            </wp:postmeta>
            <wp:postmeta>
                <wp:meta_key>_lsb_isbn</wp:meta_key>
                <wp:meta_value><![CDATA[lsb_acf_isbn]]></wp:meta_value>
            </wp:postmeta>
            <wp:postmeta>
                <wp:meta_key>lsb_published_year</wp:meta_key>
                <wp:meta_value><![CDATA[2013]]></wp:meta_value>
            </wp:postmeta>
            <wp:postmeta>
                <wp:meta_key>_lsb_published_year</wp:meta_key>
                <wp:meta_value><![CDATA[lsb_acf_published_year]]></wp:meta_value>
            </wp:postmeta>
            <wp:postmeta>
                <wp:meta_key>lsb_pages</wp:meta_key>
                <wp:meta_value><![CDATA[213]]></wp:meta_value>
            </wp:postmeta>
            <wp:postmeta>
                <wp:meta_key>_lsb_pages</wp:meta_key>
                <wp:meta_value><![CDATA[lsb_acf_pages]]></wp:meta_value>
            </wp:postmeta>
            <wp:postmeta>
                <wp:meta_key>lsb_review</wp:meta_key>
                <wp:meta_value><![CDATA[  <p>Denne boka gir deg en innføring i Nordmarkas spennende flora og fauna.</p>  <p>Du kan lese om klima, geologi og Nordmarkas vannveier. </p>  <p>Og du blir kjent med dyrene som lever<em>over</em>&#160;jorda,&#160;<em>på</em>&#160;jorda, og&#160;<em>i</em>&#160;vannet.</p>    <p>For å bli godt kjent med Nordmarka, trenger du oversiktlige kart. </p>  <p>Det finner du flere steder i boka: Både over turstiene og alle de ulike vannene. </p>  <p>Skal du ut og gå på ski eller på beina, finnes det svært mange oppmerkede stier.</p>  <p>&#160;</p>  <p>Boka er delt inn i 18 små og store kapitler, </p>  <p>og alle kapitlene inneholder mange bilder og tegninger med forklaring. </p>  <p>Bakerst i boka er det et register du kan slå opp i. </p>  <p>Innimellom finner du faktabokser med interessante fakta, </p>  <p>som for eksempel hvordan humla spiller en vesentlig rolle for at vi skal kunne plukke blåbær utpå sommeren.</p>  <p>&#160;</p>  <p>Leif Ryvarden er utdannet sivilingeniør i kjemi og har tidligere gitt ut flere bøker, blant annet:</p>  <p><em>Seiland og Varangerhalvøya</em> (2009) og <em>Norges nasjonalparker</em> (2011).&#160;</p>  <p>&#160;</p>  <p><br />  </p>  ]]></wp:meta_value>
            </wp:postmeta>
            <wp:postmeta>
                <wp:meta_key>_lsb_review</wp:meta_key>
                <wp:meta_value><![CDATA[lsb_acf_review]]></wp:meta_value>
            </wp:postmeta>
            <wp:postmeta>
                <wp:meta_key>lsb_quote</wp:meta_key>
                <wp:meta_value><![CDATA[Mange mener at kontakt med levende natur er nødvendig for sjelelig sunnhet, og alle har vi i Marka hatt store naturopplevelser. Vinterstid kan det være stillheten blant kritthvite, snøtune graner, eller en vårkveld med måltrostens klare fløytetoner, suset i trekronene og lukten av råtnende snø som driver mellom trestammene. Tallrike studier har vist at kontakt med naturen reduserer stress og fremmer rehabilitering etter den psykiske utmatting mange kjenner etter et hektisk liv i et myldrende bymiljø. ]]></wp:meta_value>
            </wp:postmeta>
            <wp:postmeta>
                <wp:meta_key>_lsb_quote</wp:meta_key>
                <wp:meta_value><![CDATA[lsb_acf_quote]]></wp:meta_value>
            </wp:postmeta>
            <wp:postmeta>
                <wp:meta_key>lsb_supported</wp:meta_key>
                <wp:meta_value><![CDATA[0]]></wp:meta_value>
            </wp:postmeta>
            <wp:postmeta>
                <wp:meta_key>_lsb_supported</wp:meta_key>
                <wp:meta_value><![CDATA[lsb_acf_supported]]></wp:meta_value>
            </wp:postmeta>
            <category domain="lsb_tax_lsb_cat" nicename="litt-å-lese"><![CDATA[litt å lese]]></category>
            <category domain="lsb_tax_publisher" nicename="dreyers"><![CDATA[Dreyers]]></category>
            <category domain="lsb_tax_author" nicename="leif-ryvarden"><![CDATA[Leif Ryvarden]]></category>
            <category domain="lsb_tax_age" nicename="voksne"><![CDATA[voksne]]></category>
            <category domain="lsb_tax_topic" nicename="natur"><![CDATA[natur]]></category>
            <category domain="lsb_tax_language" nicename="no_nb"><![CDATA[bokmål]]></category>
            <wp:postmeta>
                <wp:meta_key>_thumbnail_id</wp:meta_key>
                <wp:meta_value><![CDATA[15014]]></wp:meta_value>
            </wp:postmeta>
        </item>
        <item>
            <title>1nordmarka.jpg</title>
            <dc:creator><![CDATA[test]]></dc:creator>
            <wp:post_id>15014</wp:post_id>
            <wp:status>inherit</wp:status>
            <wp:post_type>attachment</wp:post_type>
            <wp:attachment_url>https://raw.githubusercontent.com/lesersokerbok/boksok.no-data-utils/develop/output/01-15/images/790D0D4979F54CF6A5B99AE53DA5EEFD.jpg</wp:attachment_url>
        </item>
        <item>
            <wp:post_type>lsb_book</wp:post_type>
            <wp:status>draft</wp:status>
            <title>Et liv i stein</title>
            <wp:post_name>et-liv-i-stein</wp:post_name>
            <dc:creator><![CDATA[test]]></dc:creator>
            <excerpt:encoded><![CDATA[Eventyret om steinkongen Thor Lundh; visjonæren som så mulighetene.]]></excerpt:encoded>
            <wp:postmeta>
                <wp:meta_key>lsb_isbn</wp:meta_key>
                <wp:meta_value><![CDATA[9788203390531]]></wp:meta_value>
            </wp:postmeta>
            <wp:postmeta>
                <wp:meta_key>_lsb_isbn</wp:meta_key>
                <wp:meta_value><![CDATA[lsb_acf_isbn]]></wp:meta_value>
            </wp:postmeta>
            <wp:postmeta>
                <wp:meta_key>lsb_published_year</wp:meta_key>
                <wp:meta_value><![CDATA[2012]]></wp:meta_value>
            </wp:postmeta>
            <wp:postmeta>
                <wp:meta_key>_lsb_published_year</wp:meta_key>
                <wp:meta_value><![CDATA[lsb_acf_published_year]]></wp:meta_value>
            </wp:postmeta>
            <wp:postmeta>
                <wp:meta_key>lsb_pages</wp:meta_key>
                <wp:meta_value><![CDATA[160]]></wp:meta_value>
            </wp:postmeta>
            <wp:postmeta>
                <wp:meta_key>_lsb_pages</wp:meta_key>
                <wp:meta_value><![CDATA[lsb_acf_pages]]></wp:meta_value>
            </wp:postmeta>
            <wp:postmeta>
                <wp:meta_key>lsb_review</wp:meta_key>
                <wp:meta_value><![CDATA[   <div class="MsoNormal">Det var i en alder av 27 at Thor Lundh satset det han hadde for å starte utvinning av larvikitt. </div>  <div class="MsoNormal">Det kunne gått riktig galt. Det gjorde det ikke.</div>    <p>Denne boka gir deg et innblikk i hvordan Lundhs AS har blitt en av Norges største eksportbedrifter. </p>  <p>Det er ikke bare hardt arbeid og faglig dyktighet som står bak suksessen, men også en real porsjon flaks.</p>  <p></p>  <p>Gjennom boka blir du kjent med Thor Lundhs historie gjennom bilder og tekst </p>  <p>– både hans personlige&#160;<em>og</em>&#160;hans bedriftshistorie.</p>  <p>&#160;</p>  <p>Bakerst i boka er det en kort oppsummering på engelsk.&#160;</p>  <p>&#160;</p>  <p>Tom Lotherington (f. 1950) er fagbokforfatter, skjønnlitterær forfatter og skjønnlitterær oversetter.&#160;Av fagbøker har han tidligere utgitt&#160;<em>Wildenwey – et dikterliv</em>&#160;(1993) og&#160;<em>Med solen ytterst i nebbet. En bok om Harald Sverdrup</em>&#160;(1998)</p>  <p>&#160;</p>&#160;  <p class="MsoNormal">  <o:p>&#160;</o:p></p>  <p class="MsoNormal">  <o:p>&#160;</o:p></p> <!--EndFragment-->  ]]></wp:meta_value>
            </wp:postmeta>
            <wp:postmeta>
                <wp:meta_key>_lsb_review</wp:meta_key>
                <wp:meta_value><![CDATA[lsb_acf_review]]></wp:meta_value>
            </wp:postmeta>
            <wp:postmeta>
                <wp:meta_key>lsb_quote</wp:meta_key>
                <wp:meta_value><![CDATA[Det begynte med et stort smell. Fjellet åpnet seg – og der lyste det av skatten i det blå berget. Da kruttrøyken og støvet hadde lagt seg, så de det: Bruddsidene skinte i blått. Den enorme kubben de hadde sprengt løs, hadde styrtet nesten ti meter ned langs den bratte fjellsiden, ned myra så torv og myrvann sto til værs.]]></wp:meta_value>
            </wp:postmeta>
            <wp:postmeta>
                <wp:meta_key>_lsb_quote</wp:meta_key>
                <wp:meta_value><![CDATA[lsb_acf_quote]]></wp:meta_value>
            </wp:postmeta>
            <wp:postmeta>
                <wp:meta_key>lsb_supported</wp:meta_key>
                <wp:meta_value><![CDATA[0]]></wp:meta_value>
            </wp:postmeta>
            <wp:postmeta>
                <wp:meta_key>_lsb_supported</wp:meta_key>
                <wp:meta_value><![CDATA[lsb_acf_supported]]></wp:meta_value>
            </wp:postmeta>
            <category domain="lsb_tax_lsb_cat" nicename="litt-å-lese"><![CDATA[litt å lese]]></category>
            <category domain="lsb_tax_publisher" nicename="aschehoug"><![CDATA[Aschehoug]]></category>
            <category domain="lsb_tax_author" nicename="tom-lotherington"><![CDATA[Tom Lotherington]]></category>
            <category domain="lsb_tax_age" nicename="voksne"><![CDATA[voksne]]></category>
            <category domain="lsb_tax_topic" nicename="natur"><![CDATA[natur]]></category>
            <category domain="lsb_tax_language" nicename="no_nb"><![CDATA[bokmål]]></category>
            <wp:postmeta>
                <wp:meta_key>_thumbnail_id</wp:meta_key>
                <wp:meta_value><![CDATA[15015]]></wp:meta_value>
            </wp:postmeta>
        </item>
        <item>
            <title>1stein.jpg</title>
            <dc:creator><![CDATA[test]]></dc:creator>
            <wp:post_id>15015</wp:post_id>
            <wp:status>inherit</wp:status>
            <wp:post_type>attachment</wp:post_type>
            <wp:attachment_url>https://raw.githubusercontent.com/lesersokerbok/boksok.no-data-utils/develop/output/01-15/images/3BFAB0C5892C49A194171B2686EEB50B.jpg</wp:attachment_url>
        </item>
        <item>
            <wp:post_type>lsb_book</wp:post_type>
            <wp:status>draft</wp:status>
            <title>Bombene over Hiroshima og Nagasaki</title>
            <wp:post_name>bombene-over-hiroshima-og-nagasaki</wp:post_name>
            <dc:creator><![CDATA[test]]></dc:creator>
            <excerpt:encoded><![CDATA[Dette er historien om hva som skjedde nede på bakken da bombene smalt.  ]]></excerpt:encoded>
            <wp:postmeta>
                <wp:meta_key>lsb_isbn</wp:meta_key>
                <wp:meta_value><![CDATA[9788253036175]]></wp:meta_value>
            </wp:postmeta>
            <wp:postmeta>
                <wp:meta_key>_lsb_isbn</wp:meta_key>
                <wp:meta_value><![CDATA[lsb_acf_isbn]]></wp:meta_value>
            </wp:postmeta>
            <wp:postmeta>
                <wp:meta_key>lsb_published_year</wp:meta_key>
                <wp:meta_value><![CDATA[2013]]></wp:meta_value>
            </wp:postmeta>
            <wp:postmeta>
                <wp:meta_key>_lsb_published_year</wp:meta_key>
                <wp:meta_value><![CDATA[lsb_acf_published_year]]></wp:meta_value>
            </wp:postmeta>
            <wp:postmeta>
                <wp:meta_key>lsb_pages</wp:meta_key>
                <wp:meta_value><![CDATA[128]]></wp:meta_value>
            </wp:postmeta>
            <wp:postmeta>
                <wp:meta_key>_lsb_pages</wp:meta_key>
                <wp:meta_value><![CDATA[lsb_acf_pages]]></wp:meta_value>
            </wp:postmeta>
            <wp:postmeta>
                <wp:meta_key>lsb_review</wp:meta_key>
                <wp:meta_value><![CDATA[      <div class="MsoNormal">En liten gutt stirrer ut i  ingenting. </div>  <div class="MsoNormal">Et ingenting som senere viser seg å være et bål fullt av døde  mennesker. </div>  <div class="MsoNormal">En død baby som blir kastet på det samme bålet.</div>  <p>   En kvinne liggende på  bakken. </p>  <p>Under henne et barn. </p>  <p>Man kan ikke beskytte noen mot en atombombe. </p>  <p>Begge  er døde.  <div></p> Den 6. august 1945 var  første gang i verdenshistorien at en atombombe brukes mot et sivilt mål. </div>  <p>Man  visste lite om hvilken skade den kunne gjøre. </p>  <p>Man visste ingenting om  langtidsvirkningene.  <div>&#160;</p> Denne boka forteller noen av  de dødes historie gjennom bilder, </div>  <p>øyenvitner, journalister, forfattere og  historikere.  <div>&#160;</p> Anne Thelle (f. 1969) har en doktorgrad i japansk litteratur.</div>  <p>Hun debuterte&#160;i 2000 med <em>Japan - solens opprinnelse.</em>&#160;</p>  <p>Hun har skrevet flere bøker for barn og unge, blant annet fagbøker om Japan for ungdom.&#160;  <div>&#160;</p></div>  ]]></wp:meta_value>
            </wp:postmeta>
            <wp:postmeta>
                <wp:meta_key>_lsb_review</wp:meta_key>
                <wp:meta_value><![CDATA[lsb_acf_review]]></wp:meta_value>
            </wp:postmeta>
            <wp:postmeta>
                <wp:meta_key>lsb_quote</wp:meta_key>
                <wp:meta_value><![CDATA[Yoshiharu Yasuhara var 17 år da bomben falt. Tidlig på morgenen dagen etter var han på vei hjem da han fikk øye på en kvinne som lå midt i veien. I armene holdt hun et lite barn, og hun hadde krøket seg over barnet som for å beskytte det, men til ingen nyte. Begge var brent svarte. Yoshiharu tenkte med en gang at det kunne være sin egen mor og lillesøster han så, men i stedet for å se nærmere etter, styrtet han avgårde til hjemmet bare noen titalls meter unna. <br />]]></wp:meta_value>
            </wp:postmeta>
            <wp:postmeta>
                <wp:meta_key>_lsb_quote</wp:meta_key>
                <wp:meta_value><![CDATA[lsb_acf_quote]]></wp:meta_value>
            </wp:postmeta>
            <wp:postmeta>
                <wp:meta_key>lsb_supported</wp:meta_key>
                <wp:meta_value><![CDATA[0]]></wp:meta_value>
            </wp:postmeta>
            <wp:postmeta>
                <wp:meta_key>_lsb_supported</wp:meta_key>
                <wp:meta_value><![CDATA[lsb_acf_supported]]></wp:meta_value>
            </wp:postmeta>
            <category domain="lsb_tax_lsb_cat" nicename="litt-å-lese"><![CDATA[litt å lese]]></category>
            <category domain="lsb_tax_publisher" nicename="omnipax"><![CDATA[Omnipax]]></category>
            <category domain="lsb_tax_author" nicename="anne-thelle"><![CDATA[Anne Thelle]]></category>
            <category domain="lsb_tax_age" nicename="voksne"><![CDATA[voksne]]></category>
            <category domain="lsb_tax_topic" nicename="historie"><![CDATA[historie]]></category>
            <category domain="lsb_tax_topic" nicename="samfunn"><![CDATA[samfunn]]></category>
            <category domain="lsb_tax_language" nicename="no_nb"><![CDATA[bokmål]]></category>
            <wp:postmeta>
                <wp:meta_key>_thumbnail_id</wp:meta_key>
                <wp:meta_value><![CDATA[15016]]></wp:meta_value>
            </wp:postmeta>
        </item>
        <item>
            <title>1bombene.jpg</title>
            <dc:creator><![CDATA[test]]></dc:creator>
            <wp:post_id>15016</wp:post_id>
            <wp:status>inherit</wp:status>
            <wp:post_type>attachment</wp:post_type>
            <wp:attachment_url>https://raw.githubusercontent.com/lesersokerbok/boksok.no-data-utils/develop/output/01-15/images/5568330041004233B8708B9F85EA0671.jpg</wp:attachment_url>
        </item>
        <item>
            <wp:post_type>lsb_book</wp:post_type>
            <wp:status>draft</wp:status>
            <title>Nynorsk for dumskallar</title>
            <wp:post_name>nynorsk-for-dumskallar</wp:post_name>
            <dc:creator><![CDATA[test]]></dc:creator>
            <excerpt:encoded><![CDATA[Ei innføring i nynorsk for dei som ikkje vil læra det. Og for alle andre, sjølvsagt.]]></excerpt:encoded>
            <wp:postmeta>
                <wp:meta_key>lsb_isbn</wp:meta_key>
                <wp:meta_value><![CDATA[9788252183160]]></wp:meta_value>
            </wp:postmeta>
            <wp:postmeta>
                <wp:meta_key>_lsb_isbn</wp:meta_key>
                <wp:meta_value><![CDATA[lsb_acf_isbn]]></wp:meta_value>
            </wp:postmeta>
            <wp:postmeta>
                <wp:meta_key>lsb_published_year</wp:meta_key>
                <wp:meta_value><![CDATA[2013]]></wp:meta_value>
            </wp:postmeta>
            <wp:postmeta>
                <wp:meta_key>_lsb_published_year</wp:meta_key>
                <wp:meta_value><![CDATA[lsb_acf_published_year]]></wp:meta_value>
            </wp:postmeta>
            <wp:postmeta>
                <wp:meta_key>lsb_pages</wp:meta_key>
                <wp:meta_value><![CDATA[108]]></wp:meta_value>
            </wp:postmeta>
            <wp:postmeta>
                <wp:meta_key>_lsb_pages</wp:meta_key>
                <wp:meta_value><![CDATA[lsb_acf_pages]]></wp:meta_value>
            </wp:postmeta>
            <wp:postmeta>
                <wp:meta_key>lsb_review</wp:meta_key>
                <wp:meta_value><![CDATA[   <p>Er nynorsk det mest keisame du kan tenkja deg? </p>  <p>Trur du at nynorsk er  meir komplisert enn bokmål? </p>  <p>Ser du for deg at dei som har nynorsk som hovudmål  er slike som sit på ein knast langt oppe på eit fjell og bles i eit horn? </p>  <p>Då er  dette boka for deg. </p>    <p>I <em>Nynorsk for dumskallar</em> kan du mellom anna lesa om nynorske  kjendisord, </p>  <p>om substantivsjuka og om spynorsk mordliste. </p>  <p>Du får ei enkel  innføring i korleis du bøyer ulike nynorske ord, </p>  <p>og kva dei eigentleg heiter,  alle desse rare orda. </p>  <p>Truleg går det opp for deg at dei jamvel ikkje er så  rare!</p>  <p></p>  <p>Boka er delt inn i seks kapittel, </p>  <p>og bak i boka kan du testa deg sjølv  med ulike grammatikkoppgåver.</p>  <p>&#160;</p>  <p>Kristin Fridtun (f. 1987) er språkspaltist i Dag og Tid, </p>  <p>og har  tidlegare gjeve ut boka <em>Norsk etymologisk oppkok </em>(2012).</p> <!--EndFragment-->  ]]></wp:meta_value>
            </wp:postmeta>
            <wp:postmeta>
                <wp:meta_key>_lsb_review</wp:meta_key>
                <wp:meta_value><![CDATA[lsb_acf_review]]></wp:meta_value>
            </wp:postmeta>
            <wp:postmeta>
                <wp:meta_key>lsb_quote</wp:meta_key>
                <wp:meta_value><![CDATA[Eit godt råd er å dela opp det du skal læra, og konsentrera deg om éin del om gongen. Du kan til dømes setja av litt tid til å berre arbeida med nynorske hokjønnsord. Ikkje gjev deg før du har halde på ei stund. Stoffet blir meir overkomeleg når du deler det opp i bitar i staden for å fortvila over at du ikkje forstår alt med ein gong. Tenk at det er som å eta ei brødskive: Vi tek éin bit og tygg han godt før vi tek ein ny bit; vi stappar ikkje inn heile skiva og svelgjer henne heil.]]></wp:meta_value>
            </wp:postmeta>
            <wp:postmeta>
                <wp:meta_key>_lsb_quote</wp:meta_key>
                <wp:meta_value><![CDATA[lsb_acf_quote]]></wp:meta_value>
            </wp:postmeta>
            <wp:postmeta>
                <wp:meta_key>lsb_supported</wp:meta_key>
                <wp:meta_value><![CDATA[0]]></wp:meta_value>
            </wp:postmeta>
            <wp:postmeta>
                <wp:meta_key>_lsb_supported</wp:meta_key>
                <wp:meta_value><![CDATA[lsb_acf_supported]]></wp:meta_value>
            </wp:postmeta>
            <category domain="lsb_tax_lsb_cat" nicename="litt-å-lese"><![CDATA[litt å lese]]></category>
            <category domain="lsb_tax_publisher" nicename="samlaget"><![CDATA[Samlaget]]></category>
            <category domain="lsb_tax_author" nicename="kristin-fridtun"><![CDATA[Kristin Fridtun]]></category>
            <category domain="lsb_tax_age" nicename="ungdom"><![CDATA[ungdom]]></category>
            <category domain="lsb_tax_topic" nicename="annet"><![CDATA[annet]]></category>
            <category domain="lsb_tax_language" nicename="no_nn"><![CDATA[nynorsk]]></category>
            <wp:postmeta>
                <wp:meta_key>_thumbnail_id</wp:meta_key>
                <wp:meta_value><![CDATA[15017]]></wp:meta_value>
            </wp:postmeta>
        </item>
        <item>
            <title>1dumskallar.jpg</title>
            <dc:creator><![CDATA[test]]></dc:creator>
            <wp:post_id>15017</wp:post_id>
            <wp:status>inherit</wp:status>
            <wp:post_type>attachment</wp:post_type>
            <wp:attachment_url>https://raw.githubusercontent.com/lesersokerbok/boksok.no-data-utils/develop/output/01-15/images/8E92394A21DB4A3C948EE8D2E859DAEE.jpg</wp:attachment_url>
        </item>
        <item>
            <wp:post_type>lsb_book</wp:post_type>
            <wp:status>draft</wp:status>
            <title>Bursdagskaker</title>
            <wp:post_name>bursdagskaker</wp:post_name>
            <dc:creator><![CDATA[test]]></dc:creator>
            <excerpt:encoded><![CDATA[Avanserte festkaker for store og små.]]></excerpt:encoded>
            <wp:postmeta>
                <wp:meta_key>lsb_isbn</wp:meta_key>
                <wp:meta_value><![CDATA[9788202397180]]></wp:meta_value>
            </wp:postmeta>
            <wp:postmeta>
                <wp:meta_key>_lsb_isbn</wp:meta_key>
                <wp:meta_value><![CDATA[lsb_acf_isbn]]></wp:meta_value>
            </wp:postmeta>
            <wp:postmeta>
                <wp:meta_key>lsb_published_year</wp:meta_key>
                <wp:meta_value><![CDATA[2013]]></wp:meta_value>
            </wp:postmeta>
            <wp:postmeta>
                <wp:meta_key>_lsb_published_year</wp:meta_key>
                <wp:meta_value><![CDATA[lsb_acf_published_year]]></wp:meta_value>
            </wp:postmeta>
            <wp:postmeta>
                <wp:meta_key>lsb_pages</wp:meta_key>
                <wp:meta_value><![CDATA[110]]></wp:meta_value>
            </wp:postmeta>
            <wp:postmeta>
                <wp:meta_key>_lsb_pages</wp:meta_key>
                <wp:meta_value><![CDATA[lsb_acf_pages]]></wp:meta_value>
            </wp:postmeta>
            <wp:postmeta>
                <wp:meta_key>lsb_review</wp:meta_key>
                <wp:meta_value><![CDATA[      <p>Dette er bakeboka for den som vil ta steget fra den tradisjonelle  bløtkaka eller sjokoladekaka, </p>  <p>og opp til avansert kakenivå. </p>  <p>Boka inneholder  oppskrifter som steg for steg forklarer hvordan du kan lykkes med å bake alt  fra en morsom Ole-Brummkake eller en skremmende sjørøverkake, </p>  <p>til en  sjarmerende marihønekake eller en vakker prinsessekake.</p>    <p>Du finner også oppskrifter på flotte kaker for den eldre garde,  </p>  <p>som sacherkake og schönbrunnkake. </p>  <p></p>  <p>Problemet blir kanskje å spise kaka, </p>  <p>for hvem vil vel ødelegge  et kunstverk?</p>  <p>&#160;</p>  <p>Å lage slike kaker er ikke gjort på et øyeblikk, </p>  <p>og rett utstyr  er viktig for å få resultatet slik man vil. </p>  <p>Jensen tipser deg om butikker og  nettbutikker hvor du kan få tak i det du trenger.</p>  <p>&#160;</p>  <p>For de som vil gjøre det enkelt, men likevel godt, finnes det også  en is-oppskrift! </p>  <p>Det eneste du trenger av utstyr er ei brødform.</p>  <p>&#160;</p>  <p>Boka er delt inn i fire hovedkapitler: </p>  <p>Gode tips for vellykket  bakst, Grunnoppskrifter, Bursdagskaker og Temakaker.</p>  <p>&#160;</p>  <p>Janne Jensens store lidenskap og hobby er baking og kakedekorering. </p>  <p>Hun er lærer og driver bloggen Bursdagskaker.com.&#160;</p> <!--EndFragment-->  ]]></wp:meta_value>
            </wp:postmeta>
            <wp:postmeta>
                <wp:meta_key>_lsb_review</wp:meta_key>
                <wp:meta_value><![CDATA[lsb_acf_review]]></wp:meta_value>
            </wp:postmeta>
            <wp:postmeta>
                <wp:meta_key>lsb_quote</wp:meta_key>
                <wp:meta_value><![CDATA[Min store hobby og lidenskap er baking og kakepynting. En av grunnene til at jeg elsker dette, er at mulighetene er så mange, og det er vel egentlig bare fantasien som setter begrensninger. Jeg får lov til å være kreativ, og derfor er det så gøy. Det hjelper imidlertid ikke å imponere med kaker som ser flotte ut hvis de ikke smaker godt. Hva som befinner seg under pynten på den flotte kaken er like viktig. <br />]]></wp:meta_value>
            </wp:postmeta>
            <wp:postmeta>
                <wp:meta_key>_lsb_quote</wp:meta_key>
                <wp:meta_value><![CDATA[lsb_acf_quote]]></wp:meta_value>
            </wp:postmeta>
            <wp:postmeta>
                <wp:meta_key>lsb_supported</wp:meta_key>
                <wp:meta_value><![CDATA[0]]></wp:meta_value>
            </wp:postmeta>
            <wp:postmeta>
                <wp:meta_key>_lsb_supported</wp:meta_key>
                <wp:meta_value><![CDATA[lsb_acf_supported]]></wp:meta_value>
            </wp:postmeta>
            <category domain="lsb_tax_lsb_cat" nicename="litt-å-lese"><![CDATA[litt å lese]]></category>
            <category domain="lsb_tax_publisher" nicename="cappelen-damm"><![CDATA[Cappelen Damm]]></category>
            <wp:postmeta>
                <wp:meta_key>lsb_look_inside</wp:meta_key>
                <wp:meta_value><![CDATA[http://issuu.com/cappelendamm/docs/bursdagskaker?e=0]]></wp:meta_value>
            </wp:postmeta>
            <wp:postmeta>
                <wp:meta_key>_lsb_look_inside</wp:meta_key>
                <wp:meta_value><![CDATA[lsb_acf_look_inside]]></wp:meta_value>
            </wp:postmeta>
            <category domain="lsb_tax_author" nicename="janne-jensen"><![CDATA[Janne Jensen]]></category>
            <category domain="lsb_tax_illustrator" nicename="veslemøy-vråskar"><![CDATA[Veslemøy Vråskar]]></category>
            <category domain="lsb_tax_age" nicename="voksne"><![CDATA[voksne]]></category>
            <category domain="lsb_tax_topic" nicename="mat"><![CDATA[mat]]></category>
            <category domain="lsb_tax_topic" nicename="helse"><![CDATA[helse]]></category>
            <category domain="lsb_tax_language" nicename="no_nb"><![CDATA[bokmål]]></category>
            <wp:postmeta>
                <wp:meta_key>_thumbnail_id</wp:meta_key>
                <wp:meta_value><![CDATA[15018]]></wp:meta_value>
            </wp:postmeta>
        </item>
        <item>
            <title>1kaker.jpg</title>
            <dc:creator><![CDATA[test]]></dc:creator>
            <wp:post_id>15018</wp:post_id>
            <wp:status>inherit</wp:status>
            <wp:post_type>attachment</wp:post_type>
            <wp:attachment_url>https://raw.githubusercontent.com/lesersokerbok/boksok.no-data-utils/develop/output/01-15/images/5D6E054786B64BF8A4C2AE2352EFC60E.jpg</wp:attachment_url>
        </item>
        <item>
            <wp:post_type>lsb_book</wp:post_type>
            <wp:status>draft</wp:status>
            <title>Burgerboka</title>
            <wp:post_name>burgerboka</wp:post_name>
            <dc:creator><![CDATA[test]]></dc:creator>
            <excerpt:encoded><![CDATA[Har du burger på hjernen?]]></excerpt:encoded>
            <wp:postmeta>
                <wp:meta_key>lsb_isbn</wp:meta_key>
                <wp:meta_value><![CDATA[9788293053200]]></wp:meta_value>
            </wp:postmeta>
            <wp:postmeta>
                <wp:meta_key>_lsb_isbn</wp:meta_key>
                <wp:meta_value><![CDATA[lsb_acf_isbn]]></wp:meta_value>
            </wp:postmeta>
            <wp:postmeta>
                <wp:meta_key>lsb_published_year</wp:meta_key>
                <wp:meta_value><![CDATA[2013]]></wp:meta_value>
            </wp:postmeta>
            <wp:postmeta>
                <wp:meta_key>_lsb_published_year</wp:meta_key>
                <wp:meta_value><![CDATA[lsb_acf_published_year]]></wp:meta_value>
            </wp:postmeta>
            <wp:postmeta>
                <wp:meta_key>lsb_pages</wp:meta_key>
                <wp:meta_value><![CDATA[159]]></wp:meta_value>
            </wp:postmeta>
            <wp:postmeta>
                <wp:meta_key>_lsb_pages</wp:meta_key>
                <wp:meta_value><![CDATA[lsb_acf_pages]]></wp:meta_value>
            </wp:postmeta>
            <wp:postmeta>
                <wp:meta_key>lsb_review</wp:meta_key>
                <wp:meta_value><![CDATA[  <p>   <div>Hvis ikke får du det etter å ha lest denne. </p>  <p>Burgerboka er en  fristende oppskriftsbok med mange bilder og enkle oppskrifter.Kokkene Terje  Haakstad og Panos Konstantinidis har en enkel filosofi:&#160;Kjøttet skal være av  god kvalitet,&#160;og skal ikke smakstilsettes.&#160;</p>  <p>Kjøttet skal snakke for seg sjøl, og  tilbehøret skal komplementere kjøttet.&#160;Om du ikke spiser kjøtt, kan du også  finne en vegetarburgeroppskrift.</p>    <p>Etter å ha laget en av dine favorittburgere, </p>  <p>kan du lese litt om  hamburgerens inntog i den vestlige verden,&#160;og hvordan Døgnvill ble til.</p>  <p>&#160;</p>  <p>Hvis du ikke gidder å lage maten sjøl, </p>  <p>kan du stikke til restauranten&#160;<em>Døgnvill Bar og Burger</em> ved Mathallen i Oslo.&#160;</p></div>  <p>&#160;</p>  <p>Panos Konstantinidis er restaurantens kjøkkensjef, </p>  <p>og&#160;Terje Haakstad er daglig leder.  <div>&#160;</p>  <p>&#160;</p>  <p>&#160;</p> <!--EndFragment--></div>  ]]></wp:meta_value>
            </wp:postmeta>
            <wp:postmeta>
                <wp:meta_key>_lsb_review</wp:meta_key>
                <wp:meta_value><![CDATA[lsb_acf_review]]></wp:meta_value>
            </wp:postmeta>
            <wp:postmeta>
                <wp:meta_key>lsb_quote</wp:meta_key>
                <wp:meta_value><![CDATA[Selv synes vi at de store kjedene har gitt burgeren et ufortjent dårlig rykte som usunn kaloribombe og forutsigbar, kjedelig mat, forbeholdt simple smaksløker. Likevel er det et ubestridelig faktum at en overlegent stor majoritet av alle burgere som blir solgt og fortært verden over, kommer fra disse gigantselskapene. Det er synd, for vi mener det er åpenbart at de beste burgerne ikke er de som masseproduseres og tilberedes av svette og underbetalte tenåringer uten den minste interesse for matlaging, slik tilfellet er litt for ofte i disse kjedene. ]]></wp:meta_value>
            </wp:postmeta>
            <wp:postmeta>
                <wp:meta_key>_lsb_quote</wp:meta_key>
                <wp:meta_value><![CDATA[lsb_acf_quote]]></wp:meta_value>
            </wp:postmeta>
            <wp:postmeta>
                <wp:meta_key>lsb_supported</wp:meta_key>
                <wp:meta_value><![CDATA[0]]></wp:meta_value>
            </wp:postmeta>
            <wp:postmeta>
                <wp:meta_key>_lsb_supported</wp:meta_key>
                <wp:meta_value><![CDATA[lsb_acf_supported]]></wp:meta_value>
            </wp:postmeta>
            <category domain="lsb_tax_lsb_cat" nicename="litt-å-lese"><![CDATA[litt å lese]]></category>
            <category domain="lsb_tax_publisher" nicename="kontur"><![CDATA[Kontur]]></category>
            <category domain="lsb_tax_author" nicename="terje-haakstad"><![CDATA[Terje Haakstad]]></category>
            <category domain="lsb_tax_author" nicename="panos-konstantinidis"><![CDATA[Panos Konstantinidis]]></category>
            <category domain="lsb_tax_illustrator" nicename="raymond-mosken"><![CDATA[Raymond Mosken]]></category>
            <category domain="lsb_tax_age" nicename="voksne"><![CDATA[voksne]]></category>
            <category domain="lsb_tax_topic" nicename="mat"><![CDATA[mat]]></category>
            <category domain="lsb_tax_topic" nicename="helse"><![CDATA[helse]]></category>
            <category domain="lsb_tax_language" nicename="no_nb"><![CDATA[bokmål]]></category>
            <wp:postmeta>
                <wp:meta_key>_thumbnail_id</wp:meta_key>
                <wp:meta_value><![CDATA[15019]]></wp:meta_value>
            </wp:postmeta>
        </item>
        <item>
            <title>1burger.jpg</title>
            <dc:creator><![CDATA[test]]></dc:creator>
            <wp:post_id>15019</wp:post_id>
            <wp:status>inherit</wp:status>
            <wp:post_type>attachment</wp:post_type>
            <wp:attachment_url>https://raw.githubusercontent.com/lesersokerbok/boksok.no-data-utils/develop/output/01-15/images/49B7FA11EE9C41A49B873C7FD0865864.jpg</wp:attachment_url>
        </item>
        <item>
            <wp:post_type>lsb_book</wp:post_type>
            <wp:status>draft</wp:status>
            <title>5:2-diettens kokebok</title>
            <wp:post_name>52-diettens-kokebok</wp:post_name>
            <dc:creator><![CDATA[test]]></dc:creator>
            <excerpt:encoded><![CDATA[En enkel innføring i hvordan du to dager i uka faster mellom frokost og middag, og hva du helst bør spise når du først spiser.]]></excerpt:encoded>
            <wp:postmeta>
                <wp:meta_key>lsb_isbn</wp:meta_key>
                <wp:meta_value><![CDATA[9788205461826]]></wp:meta_value>
            </wp:postmeta>
            <wp:postmeta>
                <wp:meta_key>_lsb_isbn</wp:meta_key>
                <wp:meta_value><![CDATA[lsb_acf_isbn]]></wp:meta_value>
            </wp:postmeta>
            <wp:postmeta>
                <wp:meta_key>lsb_published_year</wp:meta_key>
                <wp:meta_value><![CDATA[2014]]></wp:meta_value>
            </wp:postmeta>
            <wp:postmeta>
                <wp:meta_key>_lsb_published_year</wp:meta_key>
                <wp:meta_value><![CDATA[lsb_acf_published_year]]></wp:meta_value>
            </wp:postmeta>
            <wp:postmeta>
                <wp:meta_key>lsb_pages</wp:meta_key>
                <wp:meta_value><![CDATA[223]]></wp:meta_value>
            </wp:postmeta>
            <wp:postmeta>
                <wp:meta_key>_lsb_pages</wp:meta_key>
                <wp:meta_value><![CDATA[lsb_acf_pages]]></wp:meta_value>
            </wp:postmeta>
            <wp:postmeta>
                <wp:meta_key>lsb_review</wp:meta_key>
                <wp:meta_value><![CDATA[  <p>De første  kapitlene i denne boka gir deg en rask,</p>  <p>  <div>men god innføring  i det du trenger å vite om 5:2-dietten. </p>  <p>Resten av boka  består av oppskrifter på frokostmåltider og middager.Du kan finne  både enkle og litt mer tidkrevende oppskrifter.</p>    <p>Bak i boka er  det noen eksempler på hvordan du kan sette sammen måltidene dine under  fastedagene.</p>  <p>Helt bakerst er  det en oversikt over oppskrifter etter kaloriinnhold.&#160;Det er i tillegg et  alfabetisk register over oppskriftene.</p>  <p>&#160;</p> <!--EndFragment-->Michael Mosley er mannen bak 5:2-konseptet.</div>  <p>Mosley har skrevet introduksjonen til denne kokeboken.</p>  <p>Miriam Spencer&#160;er en anerkjent mat- og moteskribent,</p>  <p> og har&#160;sammen med Dr. Sarah Schenker&#160;har utviklet oppskriftene i boka.</p>  ]]></wp:meta_value>
            </wp:postmeta>
            <wp:postmeta>
                <wp:meta_key>_lsb_review</wp:meta_key>
                <wp:meta_value><![CDATA[lsb_acf_review]]></wp:meta_value>
            </wp:postmeta>
            <wp:postmeta>
                <wp:meta_key>lsb_quote</wp:meta_key>
                <wp:meta_value><![CDATA[Reglene for hva du kan spise, er ikke så mange. Du trenger ikke måle opp fyrstikkeskestore porsjoner med ost. Du trenger verken å veie maten, ergre deg eller løse kompliserte regnestykker. Mottoet for måltidene de dagene du faster, er "først og fremst proteiner og matvarer fra planteriket." Dette er basisen for alle oppskriftene i boken. De inneholder også litt fett, noen langsomme karbohydrater og et og annet meieriprodukt. ]]></wp:meta_value>
            </wp:postmeta>
            <wp:postmeta>
                <wp:meta_key>_lsb_quote</wp:meta_key>
                <wp:meta_value><![CDATA[lsb_acf_quote]]></wp:meta_value>
            </wp:postmeta>
            <wp:postmeta>
                <wp:meta_key>lsb_supported</wp:meta_key>
                <wp:meta_value><![CDATA[0]]></wp:meta_value>
            </wp:postmeta>
            <wp:postmeta>
                <wp:meta_key>_lsb_supported</wp:meta_key>
                <wp:meta_value><![CDATA[lsb_acf_supported]]></wp:meta_value>
            </wp:postmeta>
            <category domain="lsb_tax_lsb_cat" nicename="litt-å-lese"><![CDATA[litt å lese]]></category>
            <category domain="lsb_tax_publisher" nicename="gyldendal"><![CDATA[Gyldendal]]></category>
            <wp:postmeta>
                <wp:meta_key>lsb_look_inside</wp:meta_key>
                <wp:meta_value><![CDATA[http://issuu.com/gyldendalnorskforlag/docs/5-2-diettens_kokebok?e=1324688/6405509]]></wp:meta_value>
            </wp:postmeta>
            <wp:postmeta>
                <wp:meta_key>_lsb_look_inside</wp:meta_key>
                <wp:meta_value><![CDATA[lsb_acf_look_inside]]></wp:meta_value>
            </wp:postmeta>
            <category domain="lsb_tax_author" nicename="mimi-spencer"><![CDATA[Mimi Spencer]]></category>
            <category domain="lsb_tax_author" nicename="sarah-schenker"><![CDATA[Sarah Schenker]]></category>
            <category domain="lsb_tax_illustrator" nicename="tomas-ford"><![CDATA[Tomas Ford]]></category>
            <category domain="lsb_tax_translator" nicename="lisbeth-kristoffersen"><![CDATA[Lisbeth Kristoffersen]]></category>
            <category domain="lsb_tax_age" nicename="voksne"><![CDATA[voksne]]></category>
            <category domain="lsb_tax_topic" nicename="mat"><![CDATA[mat]]></category>
            <category domain="lsb_tax_topic" nicename="helse"><![CDATA[helse]]></category>
            <category domain="lsb_tax_language" nicename="no_nb"><![CDATA[bokmål]]></category>
            <wp:postmeta>
                <wp:meta_key>_thumbnail_id</wp:meta_key>
                <wp:meta_value><![CDATA[15020]]></wp:meta_value>
            </wp:postmeta>
        </item>
        <item>
            <title>1.dietten.jpg</title>
            <dc:creator><![CDATA[test]]></dc:creator>
            <wp:post_id>15020</wp:post_id>
            <wp:status>inherit</wp:status>
            <wp:post_type>attachment</wp:post_type>
            <wp:attachment_url>https://raw.githubusercontent.com/lesersokerbok/boksok.no-data-utils/develop/output/01-15/images/886D4E5710754CD5942043F707E83E8A.jpg</wp:attachment_url>
        </item>
        <item>
            <wp:post_type>lsb_book</wp:post_type>
            <wp:status>draft</wp:status>
            <title>Betroelser</title>
            <wp:post_name>betroelser</wp:post_name>
            <dc:creator><![CDATA[test]]></dc:creator>
            <excerpt:encoded><![CDATA[Dikt om kjærlighet, familie, sykdom; om lidelse og håp.  ]]></excerpt:encoded>
            <wp:postmeta>
                <wp:meta_key>lsb_isbn</wp:meta_key>
                <wp:meta_value><![CDATA[9788293349037]]></wp:meta_value>
            </wp:postmeta>
            <wp:postmeta>
                <wp:meta_key>_lsb_isbn</wp:meta_key>
                <wp:meta_value><![CDATA[lsb_acf_isbn]]></wp:meta_value>
            </wp:postmeta>
            <wp:postmeta>
                <wp:meta_key>lsb_published_year</wp:meta_key>
                <wp:meta_value><![CDATA[2014]]></wp:meta_value>
            </wp:postmeta>
            <wp:postmeta>
                <wp:meta_key>_lsb_published_year</wp:meta_key>
                <wp:meta_value><![CDATA[lsb_acf_published_year]]></wp:meta_value>
            </wp:postmeta>
            <wp:postmeta>
                <wp:meta_key>lsb_pages</wp:meta_key>
                <wp:meta_value><![CDATA[78]]></wp:meta_value>
            </wp:postmeta>
            <wp:postmeta>
                <wp:meta_key>_lsb_pages</wp:meta_key>
                <wp:meta_value><![CDATA[lsb_acf_pages]]></wp:meta_value>
            </wp:postmeta>
            <wp:postmeta>
                <wp:meta_key>lsb_review</wp:meta_key>
                <wp:meta_value><![CDATA[   <p>Forfatteren av  denne diktsamlingen fikk diagnosen Multippel Sklerose da hun var 38 år. </p>  <p>Hun ble raskt  bundet til rullestol, </p>  <p>og gjennom  skrivingen opplevde hun en ny måte å uttrykke seg på. </p>    <p>I diktsamlingen  kan vi lese Hanne Langeland Brunes egne minner fra en lykkelig barndom,  </p>  <p>naturopplevelser, familiens varme, sykdommens vansker, </p>  <p>og vi kan også  lese betraktninger av det som foregår rundt henne i hverdagen,ofte med en  kristen undertone.</p>  <p>&#160;</p>  <p>Diktene er korte  og har en enkel struktur. </p>  <p>&#160;</p>  <p>Hanne Langeland  Brune (f. 1952) er opprinnelig fra Telemark og utdannet adjunkt. </p>  <p><em>Betroelser</em> er  hennes første bok.</p>  <p>&#160;</p> <!--EndFragment-->  ]]></wp:meta_value>
            </wp:postmeta>
            <wp:postmeta>
                <wp:meta_key>_lsb_review</wp:meta_key>
                <wp:meta_value><![CDATA[lsb_acf_review]]></wp:meta_value>
            </wp:postmeta>
            <wp:postmeta>
                <wp:meta_key>lsb_quote</wp:meta_key>
                <wp:meta_value><![CDATA[Forlatt <br /> <br />Hele tiden har jeg fryktet det <br />å bli forlatt. <br /> <br />Har opplevd det mange ganger <br />i fantasien. <br /> <br />Men barna mine forlater meg aldri. <br /> <br />Selv om de er et annet sted bor de i hjertet mitt <br />og jeg bor i hjertene deres. <br /> <br />Derfor er vi sammen. <br />]]></wp:meta_value>
            </wp:postmeta>
            <wp:postmeta>
                <wp:meta_key>_lsb_quote</wp:meta_key>
                <wp:meta_value><![CDATA[lsb_acf_quote]]></wp:meta_value>
            </wp:postmeta>
            <wp:postmeta>
                <wp:meta_key>lsb_supported</wp:meta_key>
                <wp:meta_value><![CDATA[0]]></wp:meta_value>
            </wp:postmeta>
            <wp:postmeta>
                <wp:meta_key>_lsb_supported</wp:meta_key>
                <wp:meta_value><![CDATA[lsb_acf_supported]]></wp:meta_value>
            </wp:postmeta>
            <category domain="lsb_tax_lsb_cat" nicename="litt-å-lese"><![CDATA[litt å lese]]></category>
            <category domain="lsb_tax_publisher" nicename="lyst"><![CDATA[Lyst]]></category>
            <category domain="lsb_tax_author" nicename="hanne-langeland-brune"><![CDATA[Hanne Langeland Brune]]></category>
            <category domain="lsb_tax_age" nicename="voksne"><![CDATA[voksne]]></category>
            <category domain="lsb_tax_topic" nicename="kjærlighet"><![CDATA[kjærlighet]]></category>
            <category domain="lsb_tax_language" nicename="no_nb"><![CDATA[bokmål]]></category>
            <wp:postmeta>
                <wp:meta_key>_thumbnail_id</wp:meta_key>
                <wp:meta_value><![CDATA[15021]]></wp:meta_value>
            </wp:postmeta>
        </item>
        <item>
            <title>1betroelser-cover.jpg</title>
            <dc:creator><![CDATA[test]]></dc:creator>
            <wp:post_id>15021</wp:post_id>
            <wp:status>inherit</wp:status>
            <wp:post_type>attachment</wp:post_type>
            <wp:attachment_url>https://raw.githubusercontent.com/lesersokerbok/boksok.no-data-utils/develop/output/01-15/images/88248198E2804C0D877A7210541C825C.jpg</wp:attachment_url>
        </item>
        <item>
            <wp:post_type>lsb_book</wp:post_type>
            <wp:status>draft</wp:status>
            <title>Bildilla</title>
            <wp:post_name>bildilla</wp:post_name>
            <dc:creator><![CDATA[test]]></dc:creator>
            <excerpt:encoded><![CDATA[En hyllest til alle som har bildilla!]]></excerpt:encoded>
            <wp:postmeta>
                <wp:meta_key>lsb_isbn</wp:meta_key>
                <wp:meta_value><![CDATA[9788248913375]]></wp:meta_value>
            </wp:postmeta>
            <wp:postmeta>
                <wp:meta_key>_lsb_isbn</wp:meta_key>
                <wp:meta_value><![CDATA[lsb_acf_isbn]]></wp:meta_value>
            </wp:postmeta>
            <wp:postmeta>
                <wp:meta_key>lsb_published_year</wp:meta_key>
                <wp:meta_value><![CDATA[2013]]></wp:meta_value>
            </wp:postmeta>
            <wp:postmeta>
                <wp:meta_key>_lsb_published_year</wp:meta_key>
                <wp:meta_value><![CDATA[lsb_acf_published_year]]></wp:meta_value>
            </wp:postmeta>
            <wp:postmeta>
                <wp:meta_key>lsb_pages</wp:meta_key>
                <wp:meta_value><![CDATA[156]]></wp:meta_value>
            </wp:postmeta>
            <wp:postmeta>
                <wp:meta_key>_lsb_pages</wp:meta_key>
                <wp:meta_value><![CDATA[lsb_acf_pages]]></wp:meta_value>
            </wp:postmeta>
            <wp:postmeta>
                <wp:meta_key>lsb_review</wp:meta_key>
                <wp:meta_value><![CDATA[   <p>Dette er boka  for den som elsker biler og for den som har lyst til å se hva som skjuler seg i  diverse garasjer, </p>  <p>verksteder, låver og stuer rundt om i Norge. </p>  <p>Du får møte  eierne, bilene og historiene bak. </p>    <p>Boka har mange  bilder, og en del små faktabokser. </p>  <p>Teksten i boka  er stort sett basert på eiernes egne fortellinger om hvordan og hvorfor de er i  besittelse av nettopp den eller de bilene de eier.</p>  <p></p>  <p>Blant bilene kan  du lese om Europas fineste Volvo – en 164E fra 1972,&#160;en Rat rod av  verste (eller beste) sort; </p>  <p>en Volvo PV fra 1962,&#160;du kan lese om  Mercedes, Morgan, A-Ford, T-Ford, Buick,&#160;Ford Mustang,  Plymouth Cuda, Pontiac Starchief, og mange, mange flere.&#160;</p>  <p>&#160;</p>  <p> <!--StartFragment-->  <div>Eskil Roll er  utdannet fotograf,</p>  <p>og har vært  interessert i gamle biler så lenge han kan huske. </p>  <p>Gunn M. Roll er  forfatter og grafisk designer. </p>  <p>Sammen driver de  byrået Roll &amp; Company.</p> <!--EndFragment-->&#160;</div> <!--EndFragment-->  ]]></wp:meta_value>
            </wp:postmeta>
            <wp:postmeta>
                <wp:meta_key>_lsb_review</wp:meta_key>
                <wp:meta_value><![CDATA[lsb_acf_review]]></wp:meta_value>
            </wp:postmeta>
            <wp:postmeta>
                <wp:meta_key>lsb_quote</wp:meta_key>
                <wp:meta_value><![CDATA[Jeg har fått bilen gratis, og planen er å få den på veien uten å bruke ei krone på den. Men akkurat nå er det den her som er babyen da, sier Stig og peker på en gammel motorsykkel han har stående. <br />– Det er en 1954 Simson AWO. De ble bygd på øst-tyske BMW-fabrikker på 50-tallet og importert og solgt i Trondheim. Bensintanken på sykkelen har jeg malt for hånd med pensel og 3-stjerners gulvlakk. <br /> <br />]]></wp:meta_value>
            </wp:postmeta>
            <wp:postmeta>
                <wp:meta_key>_lsb_quote</wp:meta_key>
                <wp:meta_value><![CDATA[lsb_acf_quote]]></wp:meta_value>
            </wp:postmeta>
            <wp:postmeta>
                <wp:meta_key>lsb_supported</wp:meta_key>
                <wp:meta_value><![CDATA[0]]></wp:meta_value>
            </wp:postmeta>
            <wp:postmeta>
                <wp:meta_key>_lsb_supported</wp:meta_key>
                <wp:meta_value><![CDATA[lsb_acf_supported]]></wp:meta_value>
            </wp:postmeta>
            <category domain="lsb_tax_lsb_cat" nicename="litt-å-lese"><![CDATA[litt å lese]]></category>
            <category domain="lsb_tax_publisher" nicename="kagge"><![CDATA[Kagge]]></category>
            <category domain="lsb_tax_author" nicename="eskil-roll"><![CDATA[Eskil Roll]]></category>
            <category domain="lsb_tax_author" nicename="gunn-m.-roll"><![CDATA[Gunn M. Roll]]></category>
            <category domain="lsb_tax_illustrator" nicename="eskil-roll"><![CDATA[Eskil Roll]]></category>
            <category domain="lsb_tax_age" nicename="voksne"><![CDATA[voksne]]></category>
            <category domain="lsb_tax_topic" nicename="annet"><![CDATA[annet]]></category>
            <category domain="lsb_tax_language" nicename="no_nb"><![CDATA[bokmål]]></category>
            <wp:postmeta>
                <wp:meta_key>_thumbnail_id</wp:meta_key>
                <wp:meta_value><![CDATA[15022]]></wp:meta_value>
            </wp:postmeta>
        </item>
        <item>
            <title>1org_Bildilla_STOR.jpg</title>
            <dc:creator><![CDATA[test]]></dc:creator>
            <wp:post_id>15022</wp:post_id>
            <wp:status>inherit</wp:status>
            <wp:post_type>attachment</wp:post_type>
            <wp:attachment_url>https://raw.githubusercontent.com/lesersokerbok/boksok.no-data-utils/develop/output/01-15/images/768C4C20A90B43EBA50674FD15A5B04F.jpg</wp:attachment_url>
        </item>
        <item>
            <wp:post_type>lsb_book</wp:post_type>
            <wp:status>draft</wp:status>
            <title>Fotballmagi</title>
            <wp:post_name>fotballmagi</wp:post_name>
            <dc:creator><![CDATA[test]]></dc:creator>
            <excerpt:encoded><![CDATA[Vil du utvikle deg som fotballspiller?]]></excerpt:encoded>
            <wp:postmeta>
                <wp:meta_key>lsb_isbn</wp:meta_key>
                <wp:meta_value><![CDATA[9788248913399]]></wp:meta_value>
            </wp:postmeta>
            <wp:postmeta>
                <wp:meta_key>_lsb_isbn</wp:meta_key>
                <wp:meta_value><![CDATA[lsb_acf_isbn]]></wp:meta_value>
            </wp:postmeta>
            <wp:postmeta>
                <wp:meta_key>lsb_published_year</wp:meta_key>
                <wp:meta_value><![CDATA[2013]]></wp:meta_value>
            </wp:postmeta>
            <wp:postmeta>
                <wp:meta_key>_lsb_published_year</wp:meta_key>
                <wp:meta_value><![CDATA[lsb_acf_published_year]]></wp:meta_value>
            </wp:postmeta>
            <wp:postmeta>
                <wp:meta_key>lsb_pages</wp:meta_key>
                <wp:meta_value><![CDATA[111]]></wp:meta_value>
            </wp:postmeta>
            <wp:postmeta>
                <wp:meta_key>_lsb_pages</wp:meta_key>
                <wp:meta_value><![CDATA[lsb_acf_pages]]></wp:meta_value>
            </wp:postmeta>
            <wp:postmeta>
                <wp:meta_key>lsb_review</wp:meta_key>
                <wp:meta_value><![CDATA[   <p>Da er dette boka  for deg. </p>  <p>Den gir deg en grunnleggende  innføring i hvordan du kan bli en bedre fotballspiller, </p>  <p>og tar for seg  steg for steg hvordan du kan klare det. </p>  <p>Den tar blant  annet for seg teknikk, ballkontroll og teori. </p>  <p>Men fotball er  mye mer enn det; </p>  <p>her vil du også  kunne lese om koordinasjon, balanse, rytme,kontroll,  kreativitet, samhold, samarbeid, </p>  <p>forventninger,&#160;kommunikasjon og  det å ta ansvar.</p>    <p>For å bli en god  fotballspiller må du spille masse fotball, </p>  <p>men den mentale  treningen er også viktig. </p>  <p>Johann Cryuff  har sagt at ”fotball er en sport man spiller med hjernen”.</p>  <p>&#160;</p>  <p>Du vil møte på  en del faguttrykk/fotballutrykk i denne boka. </p>  <p>&#160;</p>  <p>Viggo Strømme er  tidligere fotballspiller i Start, Vålerenga og Lyn,&#160;og er nå  sportssjef for fotballavdelingen</p>  <p> på Norges Toppidrettsgymnas i Bærum.</p>  <p>Han har  tidligere skrevet boka <em>Best med ball</em>  (2008) sammen med Erik Mykland og Kristofer Hæstad.</p>  <p>&#160;</p> <!--EndFragment-->  ]]></wp:meta_value>
            </wp:postmeta>
            <wp:postmeta>
                <wp:meta_key>_lsb_review</wp:meta_key>
                <wp:meta_value><![CDATA[lsb_acf_review]]></wp:meta_value>
            </wp:postmeta>
            <wp:postmeta>
                <wp:meta_key>lsb_quote</wp:meta_key>
                <wp:meta_value><![CDATA[At fotball er et dynamisk spill vil si at det hele tiden er mange bevegelser og nye situasjoner som oppstår. Det betyr også at det hele tiden er omstillinger fra forsvar til angrep og motsatt. Spillet kan ofte bølge fram og tilbake. Fotball er spill og motspill. <br /> <br />Det er ikke alltid noen av lagene kommer seg i etablert forsvar. Det å oppfatte situasjonene hurtig ved balltap og ballerobring er veldig viktig. Dette for å kunne angripe det andre laget som eventuelt er i ubalanse og for å kunne komme i balanse for det forsvarende laget. <br />]]></wp:meta_value>
            </wp:postmeta>
            <wp:postmeta>
                <wp:meta_key>_lsb_quote</wp:meta_key>
                <wp:meta_value><![CDATA[lsb_acf_quote]]></wp:meta_value>
            </wp:postmeta>
            <wp:postmeta>
                <wp:meta_key>lsb_supported</wp:meta_key>
                <wp:meta_value><![CDATA[0]]></wp:meta_value>
            </wp:postmeta>
            <wp:postmeta>
                <wp:meta_key>_lsb_supported</wp:meta_key>
                <wp:meta_value><![CDATA[lsb_acf_supported]]></wp:meta_value>
            </wp:postmeta>
            <category domain="lsb_tax_lsb_cat" nicename="litt-å-lese"><![CDATA[litt å lese]]></category>
            <category domain="lsb_tax_publisher" nicename="kagge"><![CDATA[Kagge]]></category>
            <wp:postmeta>
                <wp:meta_key>lsb_look_inside</wp:meta_key>
                <wp:meta_value><![CDATA[http://issuu.com/kaggeforlag/docs/01_fotballmagi/1]]></wp:meta_value>
            </wp:postmeta>
            <wp:postmeta>
                <wp:meta_key>_lsb_look_inside</wp:meta_key>
                <wp:meta_value><![CDATA[lsb_acf_look_inside]]></wp:meta_value>
            </wp:postmeta>
            <category domain="lsb_tax_author" nicename="viggo-strømme"><![CDATA[Viggo Strømme]]></category>
            <category domain="lsb_tax_age" nicename="ungdom"><![CDATA[ungdom]]></category>
            <category domain="lsb_tax_topic" nicename="sport"><![CDATA[sport]]></category>
            <category domain="lsb_tax_language" nicename="no_nb"><![CDATA[bokmål]]></category>
            <wp:postmeta>
                <wp:meta_key>_thumbnail_id</wp:meta_key>
                <wp:meta_value><![CDATA[15023]]></wp:meta_value>
            </wp:postmeta>
        </item>
        <item>
            <title>1org_Fotballmagi STOR.jpg</title>
            <dc:creator><![CDATA[test]]></dc:creator>
            <wp:post_id>15023</wp:post_id>
            <wp:status>inherit</wp:status>
            <wp:post_type>attachment</wp:post_type>
            <wp:attachment_url>https://raw.githubusercontent.com/lesersokerbok/boksok.no-data-utils/develop/output/01-15/images/CC22C0DE2E6B413D99DACF83FE28DE70.jpg</wp:attachment_url>
        </item>
        <item>
            <wp:post_type>lsb_book</wp:post_type>
            <wp:status>draft</wp:status>
            <title>Med helsing frå Sogn og Fjordane   </title>
            <wp:post_name>med-helsing-fraa-sogn-og-fjordane</wp:post_name>
            <dc:creator><![CDATA[test]]></dc:creator>
            <excerpt:encoded><![CDATA[Om du ikkje fekk tida til å reise til Sogn og Fjordane i sumar, kan du berre skaffe deg den her boka.  ]]></excerpt:encoded>
            <wp:postmeta>
                <wp:meta_key>lsb_isbn</wp:meta_key>
                <wp:meta_value><![CDATA[9788279591955]]></wp:meta_value>
            </wp:postmeta>
            <wp:postmeta>
                <wp:meta_key>_lsb_isbn</wp:meta_key>
                <wp:meta_value><![CDATA[lsb_acf_isbn]]></wp:meta_value>
            </wp:postmeta>
            <wp:postmeta>
                <wp:meta_key>lsb_published_year</wp:meta_key>
                <wp:meta_value><![CDATA[2013]]></wp:meta_value>
            </wp:postmeta>
            <wp:postmeta>
                <wp:meta_key>_lsb_published_year</wp:meta_key>
                <wp:meta_value><![CDATA[lsb_acf_published_year]]></wp:meta_value>
            </wp:postmeta>
            <wp:postmeta>
                <wp:meta_key>lsb_pages</wp:meta_key>
                <wp:meta_value><![CDATA[205]]></wp:meta_value>
            </wp:postmeta>
            <wp:postmeta>
                <wp:meta_key>_lsb_pages</wp:meta_key>
                <wp:meta_value><![CDATA[lsb_acf_pages]]></wp:meta_value>
            </wp:postmeta>
            <wp:postmeta>
                <wp:meta_key>lsb_review</wp:meta_key>
                <wp:meta_value><![CDATA[   <p>Forfattar Henning Rivedal og fotograf Leiv Bergum tek oss med på ei  reise frå Selja på Stad til Stalheim mot Jordalsnuten.</p>    <p>Her møter du både det nære og det fjerne, </p>  <p>foto teke i fugleperspektiv og nær sagt froskeperspektiv. </p>  <p>Du får mellom anna sjå fjell, fossar og fjordar, </p>  <p>enorme vinterlandskap, håpefulle vårlandskap, </p>  <p>varme sumarlandskap og fargesprakande haustlandskap. </p>  <p>Du får ein liten kikk inn i naturens villskap og venleik.</p>  <p>Alt akkompagnert med dikt eller små historiske eller geologiske anekdotar.</p>  <p></p>  <p>&#160;Leiv Bergum har dokumentert naturen sida 1963,</p>  <p>og resultatet av det er over ti millionar selde prospektkort. </p>  <p>Som 85-åring tek han fortsatt bilete av den vakre naturen han kjem  over.</p>  <p>&#160;</p>  <p>Henning Rivedal har tidlegare utgjeve boka <em>Sogndal: Portrett av ein tettstad</em> (2007) og <em>Gamalost</em> (2011).</p>  <p>&#160;</p>  <p><br />  </p> <!--EndFragment-->  ]]></wp:meta_value>
            </wp:postmeta>
            <wp:postmeta>
                <wp:meta_key>_lsb_review</wp:meta_key>
                <wp:meta_value><![CDATA[lsb_acf_review]]></wp:meta_value>
            </wp:postmeta>
            <wp:postmeta>
                <wp:meta_key>lsb_quote</wp:meta_key>
                <wp:meta_value><![CDATA[Kor kaldt skulle det vore her <br />om ikkje fjorden var? <br />Om Golfstraumen ikkje sende varme <br />straumar like inn i Jotunheimen? <br /> <br />På høgd med Jakutsk på den sibirske tundraen <br />nord i Hudson Bay <br />midt i Alaska <br />nord for Kapp Farvel på Grønland <br /> <br />Her veks eple, plommer, pærer og morellar <br />saman med fersken og valneter <br />I eit voksterland mellom fjord og fjell <br />der evig snø kysser lyset i sommarnatta <br />]]></wp:meta_value>
            </wp:postmeta>
            <wp:postmeta>
                <wp:meta_key>_lsb_quote</wp:meta_key>
                <wp:meta_value><![CDATA[lsb_acf_quote]]></wp:meta_value>
            </wp:postmeta>
            <wp:postmeta>
                <wp:meta_key>lsb_supported</wp:meta_key>
                <wp:meta_value><![CDATA[0]]></wp:meta_value>
            </wp:postmeta>
            <wp:postmeta>
                <wp:meta_key>_lsb_supported</wp:meta_key>
                <wp:meta_value><![CDATA[lsb_acf_supported]]></wp:meta_value>
            </wp:postmeta>
            <category domain="lsb_tax_lsb_cat" nicename="litt-å-lese"><![CDATA[litt å lese]]></category>
            <category domain="lsb_tax_publisher" nicename="skald"><![CDATA[Skald]]></category>
            <category domain="lsb_tax_author" nicename="henning-rivedal"><![CDATA[Henning Rivedal]]></category>
            <category domain="lsb_tax_illustrator" nicename="leiv-bergum"><![CDATA[Leiv Bergum]]></category>
            <category domain="lsb_tax_age" nicename="voksne"><![CDATA[voksne]]></category>
            <category domain="lsb_tax_topic" nicename="natur"><![CDATA[natur]]></category>
            <category domain="lsb_tax_language" nicename="no_nn"><![CDATA[nynorsk]]></category>
            <wp:postmeta>
                <wp:meta_key>_thumbnail_id</wp:meta_key>
                <wp:meta_value><![CDATA[15024]]></wp:meta_value>
            </wp:postmeta>
        </item>
        <item>
            <title>1sogn.jpg</title>
            <dc:creator><![CDATA[test]]></dc:creator>
            <wp:post_id>15024</wp:post_id>
            <wp:status>inherit</wp:status>
            <wp:post_type>attachment</wp:post_type>
            <wp:attachment_url>https://raw.githubusercontent.com/lesersokerbok/boksok.no-data-utils/develop/output/01-15/images/813F664888B74E4697DC5B4BAF8A6661.jpg</wp:attachment_url>
        </item>
        <item>
            <wp:post_type>lsb_book</wp:post_type>
            <wp:status>draft</wp:status>
            <title>God jul</title>
            <wp:post_name>god-jul</wp:post_name>
            <dc:creator><![CDATA[test]]></dc:creator>
            <excerpt:encoded><![CDATA[For noen handler jul om gaver. For andre handler det om mye mer. I denne boka er det litt av alt.  ]]></excerpt:encoded>
            <wp:postmeta>
                <wp:meta_key>lsb_isbn</wp:meta_key>
                <wp:meta_value><![CDATA[9788205449947]]></wp:meta_value>
            </wp:postmeta>
            <wp:postmeta>
                <wp:meta_key>_lsb_isbn</wp:meta_key>
                <wp:meta_value><![CDATA[lsb_acf_isbn]]></wp:meta_value>
            </wp:postmeta>
            <wp:postmeta>
                <wp:meta_key>lsb_published_year</wp:meta_key>
                <wp:meta_value><![CDATA[2013]]></wp:meta_value>
            </wp:postmeta>
            <wp:postmeta>
                <wp:meta_key>_lsb_published_year</wp:meta_key>
                <wp:meta_value><![CDATA[lsb_acf_published_year]]></wp:meta_value>
            </wp:postmeta>
            <wp:postmeta>
                <wp:meta_key>lsb_pages</wp:meta_key>
                <wp:meta_value><![CDATA[215]]></wp:meta_value>
            </wp:postmeta>
            <wp:postmeta>
                <wp:meta_key>_lsb_pages</wp:meta_key>
                <wp:meta_value><![CDATA[lsb_acf_pages]]></wp:meta_value>
            </wp:postmeta>
            <wp:postmeta>
                <wp:meta_key>lsb_review</wp:meta_key>
                <wp:meta_value><![CDATA[   <p>Oppskrifter på  hjemmelaget og gratis pynt, </p>  <p>inspirerende  bilder og tips til gaver i adventskalenderen er blant noe av det denne boka gir  deg. </p>  <p>Du kan for  eksempel lære hvordan du lager kule dorullnisser,stjerner i never  og pepperkakekjærlighet </p>  <p>på pinne.&#160;Imens du holder  på å lage noe av dette,</p>  <p>kan du få noen  andre til å lese Alf Prøysens historie om bygda som glømte at det var jul, </p>  <p>som står på side  34. </p>    <p>Hvis du har lyst  til å bruke tid på andre ting enn å bake, </p>  <p>kan du lage det  som i boka kalles ”Latterlig enkel fruktkake”.</p>  <p>&#160;</p>  <p>En koselig puslebok med enkle oppskrifter og stemningsfulle bilder.&#160;</p>  <p>&#160;</p>  <p>May B. Langhelle har også utgitt hobbybøkene <em>Myk start. Strikk til babyen</em>&#160;(2014),</p>  <p> og <em>Sikksakk. Sy barneklær av brukte voksenklær</em>&#160;(2014)</p>  <p><br />  </p>  <p>Heidi Bjørnsdotter Thorvik er designer, samt faglærer i kunst og håndverk.</p> <!--EndFragment-->  ]]></wp:meta_value>
            </wp:postmeta>
            <wp:postmeta>
                <wp:meta_key>_lsb_review</wp:meta_key>
                <wp:meta_value><![CDATA[lsb_acf_review]]></wp:meta_value>
            </wp:postmeta>
            <wp:postmeta>
                <wp:meta_key>lsb_quote</wp:meta_key>
                <wp:meta_value><![CDATA[Er du en som samler på det mest utrolige? Slik som skakke og rustne gamle spiker? Gamle utvaskede plankebiter funnet på en strand, kongler samlet på turer i skog og mark og ståltråd du ikke helt vet hva du skal bruke til? Da kan du finne fram alt dette nå og la deg inspirere til å lage noen små juletrær på sokkel.]]></wp:meta_value>
            </wp:postmeta>
            <wp:postmeta>
                <wp:meta_key>_lsb_quote</wp:meta_key>
                <wp:meta_value><![CDATA[lsb_acf_quote]]></wp:meta_value>
            </wp:postmeta>
            <wp:postmeta>
                <wp:meta_key>lsb_supported</wp:meta_key>
                <wp:meta_value><![CDATA[0]]></wp:meta_value>
            </wp:postmeta>
            <wp:postmeta>
                <wp:meta_key>_lsb_supported</wp:meta_key>
                <wp:meta_value><![CDATA[lsb_acf_supported]]></wp:meta_value>
            </wp:postmeta>
            <category domain="lsb_tax_lsb_cat" nicename="litt-å-lese"><![CDATA[litt å lese]]></category>
            <category domain="lsb_tax_publisher" nicename="gyldendal"><![CDATA[Gyldendal]]></category>
            <wp:postmeta>
                <wp:meta_key>lsb_look_inside</wp:meta_key>
                <wp:meta_value><![CDATA[http://issuu.com/gyldendalnorskforlag/docs/godjul?e=1324688/4883662]]></wp:meta_value>
            </wp:postmeta>
            <wp:postmeta>
                <wp:meta_key>_lsb_look_inside</wp:meta_key>
                <wp:meta_value><![CDATA[lsb_acf_look_inside]]></wp:meta_value>
            </wp:postmeta>
            <category domain="lsb_tax_author" nicename="may-b.-langhelle"><![CDATA[May B. Langhelle]]></category>
            <category domain="lsb_tax_author" nicename="heidi-bjørnsdotter-thorvik"><![CDATA[Heidi Bjørnsdotter Thorvik]]></category>
            <category domain="lsb_tax_illustrator" nicename="may-b.-langhelle"><![CDATA[May B. Langhelle]]></category>
            <category domain="lsb_tax_age" nicename="voksne"><![CDATA[voksne]]></category>
            <category domain="lsb_tax_topic" nicename="hus"><![CDATA[hus]]></category>
            <category domain="lsb_tax_topic" nicename="hjem"><![CDATA[hjem]]></category>
            <category domain="lsb_tax_topic" nicename="hage"><![CDATA[hage]]></category>
            <category domain="lsb_tax_language" nicename="no_nb"><![CDATA[bokmål]]></category>
            <wp:postmeta>
                <wp:meta_key>_thumbnail_id</wp:meta_key>
                <wp:meta_value><![CDATA[15025]]></wp:meta_value>
            </wp:postmeta>
        </item>
        <item>
            <title>1God-jul.-Julepynt-gaver-og-kaker-til-glede-og-inspirasjon.jpg</title>
            <dc:creator><![CDATA[test]]></dc:creator>
            <wp:post_id>15025</wp:post_id>
            <wp:status>inherit</wp:status>
            <wp:post_type>attachment</wp:post_type>
            <wp:attachment_url>https://raw.githubusercontent.com/lesersokerbok/boksok.no-data-utils/develop/output/01-15/images/A005234BF1E74277A6658AB2CB85AD81.jpg</wp:attachment_url>
        </item>
        <item>
            <wp:post_type>lsb_book</wp:post_type>
            <wp:status>draft</wp:status>
            <title>Helt enkelt – en basiskokebok </title>
            <wp:post_name>helt-enkelt-–-en-basiskokebok</wp:post_name>
            <dc:creator><![CDATA[test]]></dc:creator>
            <excerpt:encoded><![CDATA[Du kan ikke å lage mat, sier du? Det kan hende du kan det litt bedre etter å ha lest denne boka.]]></excerpt:encoded>
            <wp:postmeta>
                <wp:meta_key>lsb_isbn</wp:meta_key>
                <wp:meta_value><![CDATA[9788205461260]]></wp:meta_value>
            </wp:postmeta>
            <wp:postmeta>
                <wp:meta_key>_lsb_isbn</wp:meta_key>
                <wp:meta_value><![CDATA[lsb_acf_isbn]]></wp:meta_value>
            </wp:postmeta>
            <wp:postmeta>
                <wp:meta_key>lsb_published_year</wp:meta_key>
                <wp:meta_value><![CDATA[2013]]></wp:meta_value>
            </wp:postmeta>
            <wp:postmeta>
                <wp:meta_key>_lsb_published_year</wp:meta_key>
                <wp:meta_value><![CDATA[lsb_acf_published_year]]></wp:meta_value>
            </wp:postmeta>
            <wp:postmeta>
                <wp:meta_key>lsb_pages</wp:meta_key>
                <wp:meta_value><![CDATA[223]]></wp:meta_value>
            </wp:postmeta>
            <wp:postmeta>
                <wp:meta_key>_lsb_pages</wp:meta_key>
                <wp:meta_value><![CDATA[lsb_acf_pages]]></wp:meta_value>
            </wp:postmeta>
            <wp:postmeta>
                <wp:meta_key>lsb_review</wp:meta_key>
                <wp:meta_value><![CDATA[   <p>Aller først i <em>Helt enkelt</em> står det listet opp ulike  råvarer, </p>  <p>krydder og  redskaper som er greie å ha på kjøkkenet. </p>  <p>Så får du vite  litt om hva du kan og ikke kan fryse, </p>  <p>hvordan du måler  opp væske og ulike matvarer, </p>  <p>hva som er greit  å vite når du først skal lage mat, </p>  <p>og hvordan du  tilbereder maten på ulike vis.</p>    <p>Boka er delt opp  i kategorier:</p>  <p>Grønnsaker,  poteter, pasta, ris og couscous, </p>  <p>bønner, linser  og erter, fisk, kylling, kjøtt, </p>  <p>kraft og saus,  frukt og bær, gjærbakst, desserter og kaker.</p>  <p></p>  <p>Helt bakerst i  boka finner du et alfabetisk stikkordregister.</p>  <p>&#160;</p>  <p>Ingrid Espelid  Hovig (f. 1924) er norsk programleder og forfatter.&#160;Hun har tidligere gitt ut blant annet </p>  <p><em>Ingrids matminner</em> (2007),&#160;<em>Ingrid og Eyvinds livretter</em> (2010) og&#160;<em>Ingrid ber til julefest </em>(2013).</p>  <p>&#160;</p>  <p>Paul Løwe er matstylist og redaktør i nettmagasinet Sweet Paul.&#160;Han har tidligere gitt ut blant annet&#160;</p>  <p><em>Økologisk mat: ekte og enkelt </em>(2006)&#160;og <em>BBQ. Lekende lett </em>(2012).&#160;</p>  <p>&#160;</p> <!--EndFragment-->  ]]></wp:meta_value>
            </wp:postmeta>
            <wp:postmeta>
                <wp:meta_key>_lsb_review</wp:meta_key>
                <wp:meta_value><![CDATA[lsb_acf_review]]></wp:meta_value>
            </wp:postmeta>
            <wp:postmeta>
                <wp:meta_key>lsb_quote</wp:meta_key>
                <wp:meta_value><![CDATA[Wokkede grønnsaker er topp både når det gjelder farge og smak. Lettvint å lage er det også. Det er forarbeidet som er det viktigste. Alle grønnsakene må være vasket, renset og skåret opp på forhånd. Finn også fram alt det andre som skal brukes, som soyasaus eller balsamicoeddik, salt, pepperkvern, olje og redskaper. <br /> <br />Du trenger strengt tatt ikke en wok. En stor stekepanne eller vidbunnet gryte vil gjøre nytten. Men det er liksom enklere å røre rundt i matvarene i woken fordi den har så vid åpning. Bruk alle typer grønnsaker, for eksempel gulrot, løk, blomkål, brokkoli, hodekål, squash, bønner, sukkererter, bladgrønnsaker og spirer. <br /> <br />]]></wp:meta_value>
            </wp:postmeta>
            <wp:postmeta>
                <wp:meta_key>_lsb_quote</wp:meta_key>
                <wp:meta_value><![CDATA[lsb_acf_quote]]></wp:meta_value>
            </wp:postmeta>
            <wp:postmeta>
                <wp:meta_key>lsb_supported</wp:meta_key>
                <wp:meta_value><![CDATA[0]]></wp:meta_value>
            </wp:postmeta>
            <wp:postmeta>
                <wp:meta_key>_lsb_supported</wp:meta_key>
                <wp:meta_value><![CDATA[lsb_acf_supported]]></wp:meta_value>
            </wp:postmeta>
            <category domain="lsb_tax_lsb_cat" nicename="litt-å-lese"><![CDATA[litt å lese]]></category>
            <category domain="lsb_tax_publisher" nicename="gyldendal"><![CDATA[Gyldendal]]></category>
            <category domain="lsb_tax_author" nicename="ingrid-espelid-hovig"><![CDATA[Ingrid Espelid Hovig]]></category>
            <category domain="lsb_tax_author" nicename="paul-løwe"><![CDATA[Paul Løwe]]></category>
            <category domain="lsb_tax_illustrator" nicename="nina-dreyer-hensley"><![CDATA[Nina Dreyer Hensley]]></category>
            <category domain="lsb_tax_age" nicename="voksne"><![CDATA[voksne]]></category>
            <category domain="lsb_tax_topic" nicename="mat"><![CDATA[mat]]></category>
            <category domain="lsb_tax_topic" nicename="helse"><![CDATA[helse]]></category>
            <category domain="lsb_tax_language" nicename="no_nb"><![CDATA[bokmål]]></category>
            <wp:postmeta>
                <wp:meta_key>_thumbnail_id</wp:meta_key>
                <wp:meta_value><![CDATA[15026]]></wp:meta_value>
            </wp:postmeta>
        </item>
        <item>
            <title>1Helt-enkelt.jpg</title>
            <dc:creator><![CDATA[test]]></dc:creator>
            <wp:post_id>15026</wp:post_id>
            <wp:status>inherit</wp:status>
            <wp:post_type>attachment</wp:post_type>
            <wp:attachment_url>https://raw.githubusercontent.com/lesersokerbok/boksok.no-data-utils/develop/output/01-15/images/BBA85FA1DB8C4D1DAB918882707FEDA1.jpg</wp:attachment_url>
        </item>
        <item>
            <wp:post_type>lsb_book</wp:post_type>
            <wp:status>draft</wp:status>
            <title>Charlottes viltkokebok</title>
            <wp:post_name>charlottes-viltkokebok</wp:post_name>
            <dc:creator><![CDATA[test]]></dc:creator>
            <excerpt:encoded><![CDATA[Ikke bare ei viltkokebok. ]]></excerpt:encoded>
            <wp:postmeta>
                <wp:meta_key>lsb_isbn</wp:meta_key>
                <wp:meta_value><![CDATA[9788202414115]]></wp:meta_value>
            </wp:postmeta>
            <wp:postmeta>
                <wp:meta_key>_lsb_isbn</wp:meta_key>
                <wp:meta_value><![CDATA[lsb_acf_isbn]]></wp:meta_value>
            </wp:postmeta>
            <wp:postmeta>
                <wp:meta_key>lsb_published_year</wp:meta_key>
                <wp:meta_value><![CDATA[2013]]></wp:meta_value>
            </wp:postmeta>
            <wp:postmeta>
                <wp:meta_key>_lsb_published_year</wp:meta_key>
                <wp:meta_value><![CDATA[lsb_acf_published_year]]></wp:meta_value>
            </wp:postmeta>
            <wp:postmeta>
                <wp:meta_key>lsb_pages</wp:meta_key>
                <wp:meta_value><![CDATA[175]]></wp:meta_value>
            </wp:postmeta>
            <wp:postmeta>
                <wp:meta_key>_lsb_pages</wp:meta_key>
                <wp:meta_value><![CDATA[lsb_acf_pages]]></wp:meta_value>
            </wp:postmeta>
            <wp:postmeta>
                <wp:meta_key>lsb_review</wp:meta_key>
                <wp:meta_value><![CDATA[   <p>Denne boka er en  godtepose med fristende og enkle oppskrifter,men den er også  full av fantastiske natur- og stemningsbilder:&#160;Vår egen norske natur  utgjør kulissene.</p>  <p>Bildene av  matrettene er like vakre som naturen, </p>  <p>og det er nesten  så man kan kjenne duftene av maten gjennom boksidene. </p>    <p>For den som  ønsker å tilberede mer viltkjøtt, er denne boka en fin inspirasjon.&#160; </p>  <p>&#160;</p>  <p>Hver oppskrift  har en punktvis ingrediensliste, </p>  <p>og  framgangsmåten er enkel å følge. </p>  <p>I forordet  oppfordrer Charlotte Mohn Gaustad til ikke å henge deg opp i det om du ikke har  alt som står i ingredienslisten&#160;– kanskje du kan  bytte det ut med noe annet.&#160;Det er bare å  prøve seg fram.</p>  <p>&#160;</p>  <p>Charlotte Mohn  Gaustad er kokk og har tidligere utgitt boka <em>Med natur på menyen</em> (2007).</p> <!--EndFragment-->  ]]></wp:meta_value>
            </wp:postmeta>
            <wp:postmeta>
                <wp:meta_key>_lsb_review</wp:meta_key>
                <wp:meta_value><![CDATA[lsb_acf_review]]></wp:meta_value>
            </wp:postmeta>
            <wp:postmeta>
                <wp:meta_key>lsb_quote</wp:meta_key>
                <wp:meta_value><![CDATA[Det er mye godt vilt! Trost, eller kramsfugl, var kjent som en delikatesse i gamle dager, men det er få som bruker det i dag. Mesteparten av trosten som blir skutt i Norge, blir skutt av italienere. De regner den fortsatt som en delikatesse. Beverjakta er spesiell og eksotisk. Idet isen går i elver og dammer, er det full aktivitet, og det er mange unge jegere som starter sesongen med beverjakt.]]></wp:meta_value>
            </wp:postmeta>
            <wp:postmeta>
                <wp:meta_key>_lsb_quote</wp:meta_key>
                <wp:meta_value><![CDATA[lsb_acf_quote]]></wp:meta_value>
            </wp:postmeta>
            <wp:postmeta>
                <wp:meta_key>lsb_supported</wp:meta_key>
                <wp:meta_value><![CDATA[0]]></wp:meta_value>
            </wp:postmeta>
            <wp:postmeta>
                <wp:meta_key>_lsb_supported</wp:meta_key>
                <wp:meta_value><![CDATA[lsb_acf_supported]]></wp:meta_value>
            </wp:postmeta>
            <category domain="lsb_tax_lsb_cat" nicename="litt-å-lese"><![CDATA[litt å lese]]></category>
            <category domain="lsb_tax_publisher" nicename="cappelen-damm"><![CDATA[Cappelen Damm]]></category>
            <wp:postmeta>
                <wp:meta_key>lsb_look_inside</wp:meta_key>
                <wp:meta_value><![CDATA[http://issuu.com/cappelendamm/docs/blaibok_viltkokebok?e=0]]></wp:meta_value>
            </wp:postmeta>
            <wp:postmeta>
                <wp:meta_key>_lsb_look_inside</wp:meta_key>
                <wp:meta_value><![CDATA[lsb_acf_look_inside]]></wp:meta_value>
            </wp:postmeta>
            <category domain="lsb_tax_author" nicename="charlotte-mohn-gaustad"><![CDATA[Charlotte Mohn Gaustad]]></category>
            <category domain="lsb_tax_illustrator" nicename="mona-nordøy"><![CDATA[Mona Nordøy]]></category>
            <category domain="lsb_tax_age" nicename="voksne"><![CDATA[voksne]]></category>
            <category domain="lsb_tax_topic" nicename="natur"><![CDATA[natur]]></category>
            <category domain="lsb_tax_language" nicename="no_nb"><![CDATA[bokmål]]></category>
            <wp:postmeta>
                <wp:meta_key>_thumbnail_id</wp:meta_key>
                <wp:meta_value><![CDATA[15027]]></wp:meta_value>
            </wp:postmeta>
        </item>
        <item>
            <title>1charlotte.jpg</title>
            <dc:creator><![CDATA[test]]></dc:creator>
            <wp:post_id>15027</wp:post_id>
            <wp:status>inherit</wp:status>
            <wp:post_type>attachment</wp:post_type>
            <wp:attachment_url>https://raw.githubusercontent.com/lesersokerbok/boksok.no-data-utils/develop/output/01-15/images/8AF85D419D57457F82666E1558C3AD34.jpg</wp:attachment_url>
        </item>
        <item>
            <wp:post_type>lsb_book</wp:post_type>
            <wp:status>draft</wp:status>
            <title>Papayaene i Gombolo </title>
            <wp:post_name>papayaene-i-gombolo</wp:post_name>
            <dc:creator><![CDATA[test]]></dc:creator>
            <excerpt:encoded><![CDATA[Anne Louise Hübert er 19 år gammel da hun drar til landsbygda i Kenya for å møte ”det virkelige Afrika”. ]]></excerpt:encoded>
            <wp:postmeta>
                <wp:meta_key>lsb_isbn</wp:meta_key>
                <wp:meta_value><![CDATA[9788205445505]]></wp:meta_value>
            </wp:postmeta>
            <wp:postmeta>
                <wp:meta_key>_lsb_isbn</wp:meta_key>
                <wp:meta_value><![CDATA[lsb_acf_isbn]]></wp:meta_value>
            </wp:postmeta>
            <wp:postmeta>
                <wp:meta_key>lsb_published_year</wp:meta_key>
                <wp:meta_value><![CDATA[2013]]></wp:meta_value>
            </wp:postmeta>
            <wp:postmeta>
                <wp:meta_key>_lsb_published_year</wp:meta_key>
                <wp:meta_value><![CDATA[lsb_acf_published_year]]></wp:meta_value>
            </wp:postmeta>
            <wp:postmeta>
                <wp:meta_key>lsb_pages</wp:meta_key>
                <wp:meta_value><![CDATA[263]]></wp:meta_value>
            </wp:postmeta>
            <wp:postmeta>
                <wp:meta_key>_lsb_pages</wp:meta_key>
                <wp:meta_value><![CDATA[lsb_acf_pages]]></wp:meta_value>
            </wp:postmeta>
            <wp:postmeta>
                <wp:meta_key>lsb_review</wp:meta_key>
                <wp:meta_value><![CDATA[   <p>Hun skal  egentlig reise videre,planen er å  reise jorda rundt.&#160;Men etter et  møte med en barneskoles rektor,</p>  <p> får hun vite at tre av fire av alle elevene  kommer på skolen uten mat i magen,&#160;og er der hele  dagen uten å spise.&#160;</p>  <p>Anne Louise  bestemmer seg for å bli,&#160;og dette er starten på bistandsorganisasjonen Aid in  Action.</p>    <p>Boka er delt inn  i seks kapitler. </p>  <p>De fem første  handler om årene 2008-2013; </p>  <p>de første årene  av bistandsprosjektet. </p>  <p>Det siste  kapitelet er Anne Louise Hüberts egne betraktninger og erfaringer i etterkant  av prosjektet, </p>  <p>samt tanker om  videre arbeid med bistand.</p>  <p>&#160;</p>  <p>Det er en del  detaljerte beskrivelser i boka, </p>  <p>men korte  underkapitler.</p>  <p>Det er en fordel  å kunne litt engelsk,</p>  <p>for noen av  dialogene er skrevet delvis på engelsk.</p>  <p>&#160;</p>  <p>Anne Louise  Hübert (f. 1989) driver bistandsorganisasjonen Aid in Action og studerer  medisin. </p>  <p><em>Papayaene i Gombolo</em> er  hennes første bok.</p> <!--EndFragment-->  ]]></wp:meta_value>
            </wp:postmeta>
            <wp:postmeta>
                <wp:meta_key>_lsb_review</wp:meta_key>
                <wp:meta_value><![CDATA[lsb_acf_review]]></wp:meta_value>
            </wp:postmeta>
            <wp:postmeta>
                <wp:meta_key>lsb_quote</wp:meta_key>
                <wp:meta_value><![CDATA[- Får barna på Primary mat hver dag? Rektoren svelget tung før han fortalte at myndighetene hadde hatt et skolematprogram i lengre tid, men at da skolen startet etter ferien, hadde det ikke kommet noe mat. Han viste meg et tomt matlager innenfor kontoret ]]></wp:meta_value>
            </wp:postmeta>
            <wp:postmeta>
                <wp:meta_key>_lsb_quote</wp:meta_key>
                <wp:meta_value><![CDATA[lsb_acf_quote]]></wp:meta_value>
            </wp:postmeta>
            <wp:postmeta>
                <wp:meta_key>lsb_supported</wp:meta_key>
                <wp:meta_value><![CDATA[0]]></wp:meta_value>
            </wp:postmeta>
            <wp:postmeta>
                <wp:meta_key>_lsb_supported</wp:meta_key>
                <wp:meta_value><![CDATA[lsb_acf_supported]]></wp:meta_value>
            </wp:postmeta>
            <category domain="lsb_tax_lsb_cat" nicename="litt-å-lese"><![CDATA[litt å lese]]></category>
            <category domain="lsb_tax_publisher" nicename="gyldendal"><![CDATA[Gyldendal]]></category>
            <category domain="lsb_tax_author" nicename="anne-louise-hübert"><![CDATA[Anne Louise Hübert]]></category>
            <category domain="lsb_tax_illustrator" nicename="anne-louise-hübert"><![CDATA[Anne Louise Hübert]]></category>
            <category domain="lsb_tax_age" nicename="voksne"><![CDATA[voksne]]></category>
            <category domain="lsb_tax_topic" nicename="historie"><![CDATA[historie]]></category>
            <category domain="lsb_tax_topic" nicename="samfunn"><![CDATA[samfunn]]></category>
            <category domain="lsb_tax_language" nicename="no_nb"><![CDATA[bokmål]]></category>
            <wp:postmeta>
                <wp:meta_key>_thumbnail_id</wp:meta_key>
                <wp:meta_value><![CDATA[15028]]></wp:meta_value>
            </wp:postmeta>
        </item>
        <item>
            <title>1Papayaene-i-Gombolo.jpg</title>
            <dc:creator><![CDATA[test]]></dc:creator>
            <wp:post_id>15028</wp:post_id>
            <wp:status>inherit</wp:status>
            <wp:post_type>attachment</wp:post_type>
            <wp:attachment_url>https://raw.githubusercontent.com/lesersokerbok/boksok.no-data-utils/develop/output/01-15/images/E150330BE97C497186B66BE750C77FE5.jpg</wp:attachment_url>
        </item>
        <item>
            <wp:post_type>lsb_book</wp:post_type>
            <wp:status>draft</wp:status>
            <title>Kenneth</title>
            <wp:post_name>kenneth</wp:post_name>
            <dc:creator><![CDATA[test]]></dc:creator>
            <excerpt:encoded><![CDATA[Dette er historia om Kenneth Sivertsen og kva suksessen gjorde med han. ]]></excerpt:encoded>
            <wp:postmeta>
                <wp:meta_key>lsb_isbn</wp:meta_key>
                <wp:meta_value><![CDATA[9788252183184]]></wp:meta_value>
            </wp:postmeta>
            <wp:postmeta>
                <wp:meta_key>_lsb_isbn</wp:meta_key>
                <wp:meta_value><![CDATA[lsb_acf_isbn]]></wp:meta_value>
            </wp:postmeta>
            <wp:postmeta>
                <wp:meta_key>lsb_published_year</wp:meta_key>
                <wp:meta_value><![CDATA[2013]]></wp:meta_value>
            </wp:postmeta>
            <wp:postmeta>
                <wp:meta_key>_lsb_published_year</wp:meta_key>
                <wp:meta_value><![CDATA[lsb_acf_published_year]]></wp:meta_value>
            </wp:postmeta>
            <wp:postmeta>
                <wp:meta_key>lsb_pages</wp:meta_key>
                <wp:meta_value><![CDATA[175]]></wp:meta_value>
            </wp:postmeta>
            <wp:postmeta>
                <wp:meta_key>_lsb_pages</wp:meta_key>
                <wp:meta_value><![CDATA[lsb_acf_pages]]></wp:meta_value>
            </wp:postmeta>
            <wp:postmeta>
                <wp:meta_key>lsb_review</wp:meta_key>
                <wp:meta_value><![CDATA[   <p>Kenneth Sivertsen døydde i 2006. </p>  <p>Då hadde livet hans vore prega av oppturar og nedturar i fleire tiår:I musikken, på showscena, i kjærleiken, i familien, i rusen.</p>    <p>Allereie då han var seksten år gamal drog han til Voss folkehøgskule for  å gå på musikklinja der. </p>  <p>Der blei han sett på som eksepsjonelt musikalsk, </p>  <p>men også kjenslevar og glad.</p>  <p>&#160;</p>  <p>Her byrja også hans komiske talent å kome til syne:</p>  <p>Han kunne saman med venen Eivind Løberg finne på å starte spontane  kammerspel eller diktdeklamasjonar. </p>  <p>Det kunne gå over i balletoppvisningar, </p>  <p>countryduettar eller mannskorparodiar.</p>  <p>Noko av det beste Sivertsen visste var å gjere andre glade.</p>  <p>&#160;</p>  <p>I åra framover ga han ut fleire album, </p>  <p>og i 1992 møtte han Herborg Kråkevik. </p>  <p>Det var byrjinga på ei stormfull kjærleikshistorie, </p>  <p>men også ei suksessrik reise i kabaretens verden. </p>  <p>Jamvel var sceneskrekken var stor, </p>  <p>og i takt med suksessen voks også Kenneths forbruk av alkohol og  piller.</p>  <p>&#160;</p>  <p>Katrine Sele (f. 1972) arbeider som kommunikasjonsrådgjevar på  Høgskulen i Sogn og Fjordane. Hu har tidlegare gjeve ut boka <em>Herifrå</em> (2006) og boka om kunstnaren  Oddvar Torsheim.&#160;</p> <!--EndFragment-->  ]]></wp:meta_value>
            </wp:postmeta>
            <wp:postmeta>
                <wp:meta_key>_lsb_review</wp:meta_key>
                <wp:meta_value><![CDATA[lsb_acf_review]]></wp:meta_value>
            </wp:postmeta>
            <wp:postmeta>
                <wp:meta_key>lsb_quote</wp:meta_key>
                <wp:meta_value><![CDATA[No hadde det verkeleg bikka over for han – nøyaktig når, veit dei ikkje. For den vesle truppen tok det meste til å dreie seg om akkurat dette: Korleis halde Kenneth edru nok til å gjennomføre showet. Korleis passe på at han var der i tide, og ikkje ti minutt eller meir etter at det hadde begynt.]]></wp:meta_value>
            </wp:postmeta>
            <wp:postmeta>
                <wp:meta_key>_lsb_quote</wp:meta_key>
                <wp:meta_value><![CDATA[lsb_acf_quote]]></wp:meta_value>
            </wp:postmeta>
            <wp:postmeta>
                <wp:meta_key>lsb_supported</wp:meta_key>
                <wp:meta_value><![CDATA[0]]></wp:meta_value>
            </wp:postmeta>
            <wp:postmeta>
                <wp:meta_key>_lsb_supported</wp:meta_key>
                <wp:meta_value><![CDATA[lsb_acf_supported]]></wp:meta_value>
            </wp:postmeta>
            <category domain="lsb_tax_lsb_cat" nicename="litt-å-lese"><![CDATA[litt å lese]]></category>
            <category domain="lsb_tax_publisher" nicename="samlaget"><![CDATA[Samlaget]]></category>
            <wp:postmeta>
                <wp:meta_key>lsb_look_inside</wp:meta_key>
                <wp:meta_value><![CDATA[http://issuu.com/detnorskesamlaget/docs/kenneth?e=1955840/5027511]]></wp:meta_value>
            </wp:postmeta>
            <wp:postmeta>
                <wp:meta_key>_lsb_look_inside</wp:meta_key>
                <wp:meta_value><![CDATA[lsb_acf_look_inside]]></wp:meta_value>
            </wp:postmeta>
            <category domain="lsb_tax_author" nicename="kathrine-sele"><![CDATA[Kathrine Sele]]></category>
            <category domain="lsb_tax_age" nicename="voksne"><![CDATA[voksne]]></category>
            <category domain="lsb_tax_topic" nicename="mennesker-i-mellom"><![CDATA[mennesker i mellom]]></category>
            <category domain="lsb_tax_language" nicename="no_nn"><![CDATA[nynorsk]]></category>
            <wp:postmeta>
                <wp:meta_key>_thumbnail_id</wp:meta_key>
                <wp:meta_value><![CDATA[15029]]></wp:meta_value>
            </wp:postmeta>
        </item>
        <item>
            <title>1kenneth788252183184 framside.ashx.jpg</title>
            <dc:creator><![CDATA[test]]></dc:creator>
            <wp:post_id>15029</wp:post_id>
            <wp:status>inherit</wp:status>
            <wp:post_type>attachment</wp:post_type>
            <wp:attachment_url>https://raw.githubusercontent.com/lesersokerbok/boksok.no-data-utils/develop/output/01-15/images/7172CB7B15F44B07857A7F513A6C1AAD.jpg</wp:attachment_url>
        </item>
        <item>
            <wp:post_type>lsb_book</wp:post_type>
            <wp:status>draft</wp:status>
            <title>Atlanterhavsflygaren Thor Solberg - ei røvarhistorie</title>
            <wp:post_name>atlanterhavsflygaren-thor-solberg-ei-roevarhistorie</wp:post_name>
            <dc:creator><![CDATA[test]]></dc:creator>
            <excerpt:encoded><![CDATA[Den utrulege historia om ein eventyrar utanom det vanlege.]]></excerpt:encoded>
            <wp:postmeta>
                <wp:meta_key>lsb_isbn</wp:meta_key>
                <wp:meta_value><![CDATA[9788252183078]]></wp:meta_value>
            </wp:postmeta>
            <wp:postmeta>
                <wp:meta_key>_lsb_isbn</wp:meta_key>
                <wp:meta_value><![CDATA[lsb_acf_isbn]]></wp:meta_value>
            </wp:postmeta>
            <wp:postmeta>
                <wp:meta_key>lsb_published_year</wp:meta_key>
                <wp:meta_value><![CDATA[2013]]></wp:meta_value>
            </wp:postmeta>
            <wp:postmeta>
                <wp:meta_key>_lsb_published_year</wp:meta_key>
                <wp:meta_value><![CDATA[lsb_acf_published_year]]></wp:meta_value>
            </wp:postmeta>
            <wp:postmeta>
                <wp:meta_key>lsb_pages</wp:meta_key>
                <wp:meta_value><![CDATA[140]]></wp:meta_value>
            </wp:postmeta>
            <wp:postmeta>
                <wp:meta_key>_lsb_pages</wp:meta_key>
                <wp:meta_value><![CDATA[lsb_acf_pages]]></wp:meta_value>
            </wp:postmeta>
            <wp:postmeta>
                <wp:meta_key>lsb_review</wp:meta_key>
                <wp:meta_value><![CDATA[  <p>Thor Solberg (1893-1967) var den fyrste nordmannen som kryssa Atlanterhavet.</p>  <p><br />  </p>  <p>Han greidde det fyrst i 1935, etter 25 naudlandingar berre i Amerika.  Han heldt òg på å miste livet under eit krasj i Hardanger,&#160;men hadde flaks og overlevde.</p>    <p>Thor Solberg var oppteke av flyging heilt frå han var unggut, og etter  at første verdskrigen var over,&#160;</p>  <p>drog han til Berlin for å ta flysertifikat – i Noreg var det berre dei  militære som fekk lære å fly.  <div>&#160;</p></div>  <p>I tida etter flytimane i Berlin tenkte Solberg meir og meir på om det  var mogleg å fly til USA via Island, Grønland og New-Foundland.&#160;Tilfeldigvis møtte han på Roald Amundsen,&#160;og han rådde Thor å fly andre  vegen:</p>  <p>Det skulle vere enklare å få tak i både fly og økonomisk støtte i  Amerika.</p>  <p>&#160;</p>  <p>Etter dette byrja førebuingane av Atlanterhavsflyginga for alvor.  </p>  <p>  <div>&#160;</p>  <p>Du finn nokre framandord i teksten, men boka er lettfatteleg bygd opp:&#160;Frå oppvekst og ungdomstid, </p>  <p>til flygarinteressa og alle forsøka.&#160;Mot slutten av boka kan vi lese om korleis Thor freista å etablere flyselskap og flygarskule i Noreg.</p>  <p>&#160;</p>  <p>Dag H. Nestegard (f. 1968) er tidlegare reporter i Dagsrevyen. Frå 2010 har han vore redaktør i fagbladet Bok og samfunn. <em>Atlanterhavsflygaren Thor Solberg - ei røvarhistorie</em>&#160;er hans fyrste bok.</p> <!--EndFragment--><br />  </div>  ]]></wp:meta_value>
            </wp:postmeta>
            <wp:postmeta>
                <wp:meta_key>_lsb_review</wp:meta_key>
                <wp:meta_value><![CDATA[lsb_acf_review]]></wp:meta_value>
            </wp:postmeta>
            <wp:postmeta>
                <wp:meta_key>lsb_quote</wp:meta_key>
                <wp:meta_value><![CDATA[18. juli 1935 klokka 13.30 var han igjen klar til å starte. Vêret var fint. Thor tok på seg skinnhuva og stramma reima under haka. Så flybrillene og eit par varme hanskar. Fordi dei flaug i open cockpit, kunne det bli kaldt i høgare luftlag. Han sjekka at jakka sat godt, og starta motoren. Deretter gjekk det slag i slag.]]></wp:meta_value>
            </wp:postmeta>
            <wp:postmeta>
                <wp:meta_key>_lsb_quote</wp:meta_key>
                <wp:meta_value><![CDATA[lsb_acf_quote]]></wp:meta_value>
            </wp:postmeta>
            <wp:postmeta>
                <wp:meta_key>lsb_supported</wp:meta_key>
                <wp:meta_value><![CDATA[0]]></wp:meta_value>
            </wp:postmeta>
            <wp:postmeta>
                <wp:meta_key>_lsb_supported</wp:meta_key>
                <wp:meta_value><![CDATA[lsb_acf_supported]]></wp:meta_value>
            </wp:postmeta>
            <category domain="lsb_tax_lsb_cat" nicename="litt-å-lese"><![CDATA[litt å lese]]></category>
            <category domain="lsb_tax_publisher" nicename="samlaget"><![CDATA[Samlaget]]></category>
            <wp:postmeta>
                <wp:meta_key>lsb_look_inside</wp:meta_key>
                <wp:meta_value><![CDATA[http://issuu.com/detnorskesamlaget/docs/atlanterhavsflygaren_thor_solberg?e=1955840/4825287]]></wp:meta_value>
            </wp:postmeta>
            <wp:postmeta>
                <wp:meta_key>_lsb_look_inside</wp:meta_key>
                <wp:meta_value><![CDATA[lsb_acf_look_inside]]></wp:meta_value>
            </wp:postmeta>
            <category domain="lsb_tax_author" nicename="dag-h.-nestegard"><![CDATA[Dag H. Nestegard]]></category>
            <category domain="lsb_tax_age" nicename="voksne"><![CDATA[voksne]]></category>
            <category domain="lsb_tax_topic" nicename="historie"><![CDATA[historie]]></category>
            <category domain="lsb_tax_topic" nicename="samfunn"><![CDATA[samfunn]]></category>
            <category domain="lsb_tax_language" nicename="no_nn"><![CDATA[nynorsk]]></category>
            <wp:postmeta>
                <wp:meta_key>_thumbnail_id</wp:meta_key>
                <wp:meta_value><![CDATA[15030]]></wp:meta_value>
            </wp:postmeta>
        </item>
        <item>
            <title>1solberg.jpg</title>
            <dc:creator><![CDATA[test]]></dc:creator>
            <wp:post_id>15030</wp:post_id>
            <wp:status>inherit</wp:status>
            <wp:post_type>attachment</wp:post_type>
            <wp:attachment_url>https://raw.githubusercontent.com/lesersokerbok/boksok.no-data-utils/develop/output/01-15/images/797B5CB3D5234AA796CD5C4C28B535F4.jpg</wp:attachment_url>
        </item>
        <item>
            <wp:post_type>lsb_book</wp:post_type>
            <wp:status>draft</wp:status>
            <title>Dikterjenter</title>
            <wp:post_name>dikterjenter</wp:post_name>
            <dc:creator><![CDATA[test]]></dc:creator>
            <excerpt:encoded><![CDATA[Boka om Lucy Maud Montgomery, forfatteren bak Anne fra Bjørkely.]]></excerpt:encoded>
            <wp:postmeta>
                <wp:meta_key>lsb_isbn</wp:meta_key>
                <wp:meta_value><![CDATA[9788253036144]]></wp:meta_value>
            </wp:postmeta>
            <wp:postmeta>
                <wp:meta_key>_lsb_isbn</wp:meta_key>
                <wp:meta_value><![CDATA[lsb_acf_isbn]]></wp:meta_value>
            </wp:postmeta>
            <wp:postmeta>
                <wp:meta_key>lsb_published_year</wp:meta_key>
                <wp:meta_value><![CDATA[2013]]></wp:meta_value>
            </wp:postmeta>
            <wp:postmeta>
                <wp:meta_key>_lsb_published_year</wp:meta_key>
                <wp:meta_value><![CDATA[lsb_acf_published_year]]></wp:meta_value>
            </wp:postmeta>
            <wp:postmeta>
                <wp:meta_key>lsb_pages</wp:meta_key>
                <wp:meta_value><![CDATA[156]]></wp:meta_value>
            </wp:postmeta>
            <wp:postmeta>
                <wp:meta_key>_lsb_pages</wp:meta_key>
                <wp:meta_value><![CDATA[lsb_acf_pages]]></wp:meta_value>
            </wp:postmeta>
            <wp:postmeta>
                <wp:meta_key>lsb_review</wp:meta_key>
                <wp:meta_value><![CDATA[   <p>Lise Männikö har  her skrevet en slags biografi om Lucy Maud Montgomery (kalt bare Maud), </p>  <p>og hva hun har  betydd for henne som forfatter. </p>  <p>Vi kan lese om  Mauds liv fra hun ble født til hun døde, </p>  <p>og veien fram  til det som var viktigst av alt: Skrivingen. </p>  <p>Hele boka er  fortalt fra en ung jentes perspektiv, og den unge jenta er Lise Männikö selv. </p>    <p>Vi kan  innimellom lese hennes egne dagboknotater og betraktninger.De handler både  om skriving og om Lucy Maud Montgomery,&#160;og hvordan den unge Lise Männikö på  mange vis følte seg litt som Maud.&#160;Disse  betraktningene står i kursiv.</p>  <p>&#160;</p>  <p>Språket er  muntlig og stort sett lett å følge. Du kan likevel komme over noen kompliserte  vendinger innimellom.</p>  <p>&#160;</p>  <p>Lise Männikö (f. 1950) er også lærer og forfatter. Hun har blant annet utgitt bøkene <em>Skriften i mørket</em> (2009) og<em> Den gangen vi fanget en bengel</em> (2005).</p> <!--EndFragment-->  ]]></wp:meta_value>
            </wp:postmeta>
            <wp:postmeta>
                <wp:meta_key>_lsb_review</wp:meta_key>
                <wp:meta_value><![CDATA[lsb_acf_review]]></wp:meta_value>
            </wp:postmeta>
            <wp:postmeta>
                <wp:meta_key>lsb_quote</wp:meta_key>
                <wp:meta_value><![CDATA[Maud gjorde seg ferdig og gikk ned trappa. I det samme kom faren inn døra med posten fra dagen før. Maud kunne se at The Patriot stakk ut mellom brevene. Hun grep avisa med skjelvende fingre. Bladde. Så ble hun svimmel, bokstavene danset foran øynene hennes. Der var diktet hennes! <br />Hun fikk ikke fram et ord, bare viste siden til faren sin. Hun skulle aldri glemme hvor glad han så ut. Og stolt. Stemoren hennes derimot, så dødelig fornærmet ut. Akkurat som om Maud skulle ha gjort det for å plage henne. <br />]]></wp:meta_value>
            </wp:postmeta>
            <wp:postmeta>
                <wp:meta_key>_lsb_quote</wp:meta_key>
                <wp:meta_value><![CDATA[lsb_acf_quote]]></wp:meta_value>
            </wp:postmeta>
            <wp:postmeta>
                <wp:meta_key>lsb_supported</wp:meta_key>
                <wp:meta_value><![CDATA[0]]></wp:meta_value>
            </wp:postmeta>
            <wp:postmeta>
                <wp:meta_key>_lsb_supported</wp:meta_key>
                <wp:meta_value><![CDATA[lsb_acf_supported]]></wp:meta_value>
            </wp:postmeta>
            <category domain="lsb_tax_lsb_cat" nicename="litt-å-lese"><![CDATA[litt å lese]]></category>
            <category domain="lsb_tax_publisher" nicename="omnipax"><![CDATA[Omnipax]]></category>
            <category domain="lsb_tax_author" nicename="lise-männikö"><![CDATA[Lise Männikö]]></category>
            <category domain="lsb_tax_age" nicename="ungdom"><![CDATA[ungdom]]></category>
            <category domain="lsb_tax_topic" nicename="historie"><![CDATA[historie]]></category>
            <category domain="lsb_tax_topic" nicename="samfunn"><![CDATA[samfunn]]></category>
            <category domain="lsb_tax_language" nicename="no_nb"><![CDATA[bokmål]]></category>
            <wp:postmeta>
                <wp:meta_key>_thumbnail_id</wp:meta_key>
                <wp:meta_value><![CDATA[15031]]></wp:meta_value>
            </wp:postmeta>
        </item>
        <item>
            <title>1dikterjenter.jpg</title>
            <dc:creator><![CDATA[test]]></dc:creator>
            <wp:post_id>15031</wp:post_id>
            <wp:status>inherit</wp:status>
            <wp:post_type>attachment</wp:post_type>
            <wp:attachment_url>https://raw.githubusercontent.com/lesersokerbok/boksok.no-data-utils/develop/output/01-15/images/6E9463F66DCC437EB2D6BEF603DC0FED.jpg</wp:attachment_url>
        </item>
    </channel>
</rss>