<?xml version="1.0" encoding="UTF-8"?>
<rss version="2.0" xmlns:excerpt="http://wordpress.org/export/1.2/excerpt/" xmlns:content="http://purl.org/rss/1.0/modules/content/" xmlns:wfw="http://wellformedweb.org/CommentAPI/" xmlns:dc="http://purl.org/dc/elements/1.1/" xmlns:wp="http://wordpress.org/export/1.2/">
    <channel>
        <wp:wxr_version>1.2</wp:wxr_version>
        <item>
            <wp:post_type>lsb_book</wp:post_type>
            <wp:status>publish</wp:status>
            <title>Julie og Sofia </title>
            <excerpt:encoded><![CDATA[Dette er den andre boka i   serien om Julie. ]]></excerpt:encoded>
            <wp:postmeta>
                <wp:meta_key>lsb_isbn</wp:meta_key>
                <wp:meta_value><![CDATA[9788281040854]]></wp:meta_value>
            </wp:postmeta>
            <wp:postmeta>
                <wp:meta_key>_lsb_isbn</wp:meta_key>
                <wp:meta_value><![CDATA[lsb_acf_isbn]]></wp:meta_value>
            </wp:postmeta>
            <wp:postmeta>
                <wp:meta_key>lsb_published_year</wp:meta_key>
                <wp:meta_value><![CDATA[2010]]></wp:meta_value>
            </wp:postmeta>
            <wp:postmeta>
                <wp:meta_key>_lsb_published_year</wp:meta_key>
                <wp:meta_value><![CDATA[lsb_acf_published_year]]></wp:meta_value>
            </wp:postmeta>
            <wp:postmeta>
                <wp:meta_key>lsb_pages</wp:meta_key>
                <wp:meta_value><![CDATA[63]]></wp:meta_value>
            </wp:postmeta>
            <wp:postmeta>
                <wp:meta_key>_lsb_pages</wp:meta_key>
                <wp:meta_value><![CDATA[lsb_acf_pages]]></wp:meta_value>
            </wp:postmeta>
            <wp:postmeta>
                <wp:meta_key>lsb_review</wp:meta_key>
                <wp:meta_value><![CDATA[  <div>Julie og Sofia er bestevenner. </div>  <div>De liker de samme filmene, </div>  <div>de samme klærne og de samme guttene. </div>  <div>Men en dag Julie ringer, blir Sofia så rar. </div>  <div>Hun svarer ikke på det Julie spør om. </div>  <div>Neste dag på jobben vil ikke Sofia </div>  <div>se på Julie. Julie blir veldig lei seg. </div>  <div>Hva har skjedd? </div>  <div>Når hun kommer hjem fra jobben </div>  <div>går hun rett inn og legger seg i senga. </div>  <div>Der blir hun liggende å tenke ... </div>  <div>&#160;</div>  <div><strong>Julie og Sofia</strong> har store illustrasjoner i farger. </div>  <div>Illustrasjonene viser hva som skjer. </div>  <div>Boka har lite tekst på hver side og er lett å lese. </div>  <div>For de som ikke forstår alt selv, </div>  <div>er dette en fin samtalebok. </div>  <div>&#160;</div>  <div><strong>Johanne Emilie Andersen</strong> </div>  <div>er forfatter og illustratør. </div>  ]]></wp:meta_value>
            </wp:postmeta>
            <wp:postmeta>
                <wp:meta_key>_lsb_review</wp:meta_key>
                <wp:meta_value><![CDATA[lsb_acf_review]]></wp:meta_value>
            </wp:postmeta>
            <wp:postmeta>
                <wp:meta_key>lsb_quote</wp:meta_key>
                <wp:meta_value><![CDATA[En dag Julie ringer Sofia,   blir alt plutselig veldig rart.   - Husk bursdagen min på lørdag, sier Julie,   skal vi finne på noe koselig?   Men Sofia svarer ikke.   Hun bare mumler at de får prates senere. ]]></wp:meta_value>
            </wp:postmeta>
            <wp:postmeta>
                <wp:meta_key>_lsb_quote</wp:meta_key>
                <wp:meta_value><![CDATA[lsb_acf_quote]]></wp:meta_value>
            </wp:postmeta>
            <wp:postmeta>
                <wp:meta_key>lsb_supported</wp:meta_key>
                <wp:meta_value><![CDATA[1]]></wp:meta_value>
            </wp:postmeta>
            <wp:postmeta>
                <wp:meta_key>_lsb_supported</wp:meta_key>
                <wp:meta_value><![CDATA[lsb_acf_supported]]></wp:meta_value>
            </wp:postmeta>
            <wp:postmeta>
                <wp:meta_key>lsb_support_cat</wp:meta_key>
                <wp:meta_value><![CDATA[green]]></wp:meta_value>
            </wp:postmeta>
            <wp:postmeta>
                <wp:meta_key>_lsb_support_cat</wp:meta_key>
                <wp:meta_value><![CDATA[lsb_acf_support_cat]]></wp:meta_value>
            </wp:postmeta>
            <category domain="lsb_tax_author" nicename="johanne-emilie-andersen"><![CDATA[Johanne Emilie Andersen]]></category>
            <category domain="lsb_tax_publisher" nicename="orkana"><![CDATA[Orkana]]></category>
            <category domain="lsb_tax_illustrator" nicename="johanne-emilie-andersen"><![CDATA[Johanne Emilie Andersen]]></category>
            <wp:postmeta>
                <wp:meta_key>lsb_look_inside</wp:meta_key>
                <wp:meta_value><![CDATA[CUSTOM_BLA_I_BOKA]]></wp:meta_value>
            </wp:postmeta>
            <wp:postmeta>
                <wp:meta_key>_lsb_look_inside</wp:meta_key>
                <wp:meta_value><![CDATA[lsb_acf_look_inside]]></wp:meta_value>
            </wp:postmeta>
            <category domain="lsb_tax_age" nicename="ungdom"><![CDATA[ungdom]]></category>
            <category domain="lsb_tax_age" nicename="voksne"><![CDATA[voksne]]></category>
            <category domain="lsb_tax_genre" nicename="prosa"><![CDATA[prosa]]></category>
            <category domain="lsb_tax_topic" nicename="mennesker-i-mellom"><![CDATA[mennesker i mellom]]></category>
            <category domain="lsb_tax_language" nicename="no_nb"><![CDATA[bokmål]]></category>
            <category domain="lsb_tax_customization" nicename="utviklingshemmede"><![CDATA[utviklingshemmede]]></category>
            <category domain="lsb_tax_customization" nicename="mange-bilder"><![CDATA[mange bilder]]></category>
            <wp:postmeta>
                <wp:meta_key>_thumbnail_id</wp:meta_key>
                <wp:meta_value><![CDATA[5000]]></wp:meta_value>
            </wp:postmeta>
        </item>
        <item>
            <title>Julie og sofia.jpg</title>
            <wp:post_id>5000</wp:post_id>
            <wp:status>inherit</wp:status>
            <wp:post_type>attachment</wp:post_type>
            <wp:attachment_url>https://raw.githubusercontent.com/lesersokerbok/boksok.no-data-utils/master/output-example/images/40345289C0DF45A3B10D4EC8282B233A.jpg</wp:attachment_url>
        </item>
        <item>
            <wp:post_type>lsb_book</wp:post_type>
            <wp:status>publish</wp:status>
            <title>Julie er forelsket</title>
            <excerpt:encoded><![CDATA[Julie er forelsket i    Norges beste fotballspiller, Piggen Skåre. ]]></excerpt:encoded>
            <wp:postmeta>
                <wp:meta_key>lsb_isbn</wp:meta_key>
                <wp:meta_value><![CDATA[9788281040014]]></wp:meta_value>
            </wp:postmeta>
            <wp:postmeta>
                <wp:meta_key>_lsb_isbn</wp:meta_key>
                <wp:meta_value><![CDATA[lsb_acf_isbn]]></wp:meta_value>
            </wp:postmeta>
            <wp:postmeta>
                <wp:meta_key>lsb_published_year</wp:meta_key>
                <wp:meta_value><![CDATA[2003]]></wp:meta_value>
            </wp:postmeta>
            <wp:postmeta>
                <wp:meta_key>_lsb_published_year</wp:meta_key>
                <wp:meta_value><![CDATA[lsb_acf_published_year]]></wp:meta_value>
            </wp:postmeta>
            <wp:postmeta>
                <wp:meta_key>lsb_pages</wp:meta_key>
                <wp:meta_value/>
            </wp:postmeta>
            <wp:postmeta>
                <wp:meta_key>_lsb_pages</wp:meta_key>
                <wp:meta_value><![CDATA[lsb_acf_pages]]></wp:meta_value>
            </wp:postmeta>
            <wp:postmeta>
                <wp:meta_key>lsb_review</wp:meta_key>
                <wp:meta_value><![CDATA[  <p>Hun gjør som hun pleier;<br />  dusjer, lager middag og går på jobb,<br />  men i tankene er hun helt andre steder.<br />  Hun er sammen med sin store helt,<br />  den berømte fotballspilleren Piggen Skåre. </p>  <div>Gjennom hele boka har drømmene sterke farger,<br />  mens Julies hverdag er laget i sort/hvitt.<br />  Til slutt møter Julie noen <br />  i sitt virkelige liv.</div>  <div>&#160;</div>  <div><strong>Julie er forelsket</strong> er ei voksenbok <br />  med lite tekst, enkelt innhold <br />  og flotte tegninger.</div>  <div>For de som ikke forstår alt selv, </div>  <div>er dette en fin samtalebok. </div>  <div>&#160;</div>  <div>Boka ble prøvd ut i et studieopplegg i regi av NFU. </div>  <div>Den ble godt mottatt blant de kvinnelige leserne, </div>  <div>som fortalte at de ville lese den sammen med kjæresten. </div>  <div><br />  Både teksten og tegningene er laget av <br />  <strong>Johanne Emilie Andersen</strong>, som er illustratør.<br />  Hun har tidligere utgitt barneboka KanLand.</div>  <div>&#160;</div>  <div>Det finnes to andre bøker om Julie. </div>  <div>Den heter<strong> Julie og Sofia</strong> og <strong>Den nye Julie</strong>. </div>  ]]></wp:meta_value>
            </wp:postmeta>
            <wp:postmeta>
                <wp:meta_key>_lsb_review</wp:meta_key>
                <wp:meta_value><![CDATA[lsb_acf_review]]></wp:meta_value>
            </wp:postmeta>
            <wp:postmeta>
                <wp:meta_key>lsb_quote</wp:meta_key>
                <wp:meta_value><![CDATA[Piggen kan sparke ballen   fra midt-banen på Ullevål,  rundt hele jord-kloden,   og rett i mål.]]></wp:meta_value>
            </wp:postmeta>
            <wp:postmeta>
                <wp:meta_key>_lsb_quote</wp:meta_key>
                <wp:meta_value><![CDATA[lsb_acf_quote]]></wp:meta_value>
            </wp:postmeta>
            <wp:postmeta>
                <wp:meta_key>lsb_supported</wp:meta_key>
                <wp:meta_value><![CDATA[1]]></wp:meta_value>
            </wp:postmeta>
            <wp:postmeta>
                <wp:meta_key>_lsb_supported</wp:meta_key>
                <wp:meta_value><![CDATA[lsb_acf_supported]]></wp:meta_value>
            </wp:postmeta>
            <wp:postmeta>
                <wp:meta_key>lsb_support_cat</wp:meta_key>
                <wp:meta_value><![CDATA[green]]></wp:meta_value>
            </wp:postmeta>
            <wp:postmeta>
                <wp:meta_key>_lsb_support_cat</wp:meta_key>
                <wp:meta_value><![CDATA[lsb_acf_support_cat]]></wp:meta_value>
            </wp:postmeta>
            <category domain="lsb_tax_author" nicename="johanne-emilie-andersen"><![CDATA[Johanne Emilie Andersen]]></category>
            <category domain="lsb_tax_publisher" nicename="orkana-"><![CDATA[Orkana ]]></category>
            <category domain="lsb_tax_illustrator" nicename="johanne-emilie-andersen"><![CDATA[Johanne Emilie Andersen]]></category>
            <wp:postmeta>
                <wp:meta_key>lsb_look_inside</wp:meta_key>
                <wp:meta_value><![CDATA[CUSTOM_BLA_I_BOKA]]></wp:meta_value>
            </wp:postmeta>
            <wp:postmeta>
                <wp:meta_key>_lsb_look_inside</wp:meta_key>
                <wp:meta_value><![CDATA[lsb_acf_look_inside]]></wp:meta_value>
            </wp:postmeta>
            <category domain="lsb_tax_age" nicename="ungdom"><![CDATA[ungdom]]></category>
            <category domain="lsb_tax_age" nicename="voksne"><![CDATA[voksne]]></category>
            <category domain="lsb_tax_genre" nicename="prosa"><![CDATA[prosa]]></category>
            <category domain="lsb_tax_topic" nicename="mennesker-i-mellom"><![CDATA[mennesker i mellom]]></category>
            <category domain="lsb_tax_language" nicename="no_nb"><![CDATA[bokmål]]></category>
            <category domain="lsb_tax_customization" nicename="utviklingshemmede"><![CDATA[utviklingshemmede]]></category>
            <category domain="lsb_tax_customization" nicename="mange-bilder"><![CDATA[mange bilder]]></category>
            <wp:postmeta>
                <wp:meta_key>_thumbnail_id</wp:meta_key>
                <wp:meta_value><![CDATA[5001]]></wp:meta_value>
            </wp:postmeta>
        </item>
        <item>
            <title>omsag Julie er forelsket 30.jpg</title>
            <wp:post_id>5001</wp:post_id>
            <wp:status>inherit</wp:status>
            <wp:post_type>attachment</wp:post_type>
            <wp:attachment_url>https://raw.githubusercontent.com/lesersokerbok/boksok.no-data-utils/master/output-example/images/13758DE687E348C18F2EB2B689AB84AD.jpg</wp:attachment_url>
        </item>
        <item>
            <wp:post_type>lsb_book</wp:post_type>
            <wp:status>publish</wp:status>
            <title>Asylsøker </title>
            <excerpt:encoded><![CDATA[En viktig bok om enkeltmenneskene som skjuler seg bak asylsøkere i Norge. ]]></excerpt:encoded>
            <wp:postmeta>
                <wp:meta_key>lsb_isbn</wp:meta_key>
                <wp:meta_value><![CDATA[9788275473217]]></wp:meta_value>
            </wp:postmeta>
            <wp:postmeta>
                <wp:meta_key>_lsb_isbn</wp:meta_key>
                <wp:meta_value><![CDATA[lsb_acf_isbn]]></wp:meta_value>
            </wp:postmeta>
            <wp:postmeta>
                <wp:meta_key>lsb_published_year</wp:meta_key>
                <wp:meta_value><![CDATA[2009]]></wp:meta_value>
            </wp:postmeta>
            <wp:postmeta>
                <wp:meta_key>_lsb_published_year</wp:meta_key>
                <wp:meta_value><![CDATA[lsb_acf_published_year]]></wp:meta_value>
            </wp:postmeta>
            <wp:postmeta>
                <wp:meta_key>lsb_pages</wp:meta_key>
                <wp:meta_value><![CDATA[178]]></wp:meta_value>
            </wp:postmeta>
            <wp:postmeta>
                <wp:meta_key>_lsb_pages</wp:meta_key>
                <wp:meta_value><![CDATA[lsb_acf_pages]]></wp:meta_value>
            </wp:postmeta>
            <wp:postmeta>
                <wp:meta_key>lsb_review</wp:meta_key>
                <wp:meta_value><![CDATA[  <div>Boka <strong>Asylsøker</strong> handler om <br />  åtte ulike asylsøkere i Norge. <br />  Noen av dem bor fortsatt på asylmottak <br />  og venter på svar. <br />  Andre har vært i Norge en stund <br />  og har fått seg et nytt liv her. <br />  Alle har de en historie det er verdt <br />  å lytte til. </div>  <div>&#160;</div>  <p><strong>Asylsøker</strong> er en viktig bok om <br />  enkeltmennesker. <br />  Boka har flotte fotografier <br />  av menneskene som forteller.  <br />  Boka er laget i samarbeid med NOAS.</p>  ]]></wp:meta_value>
            </wp:postmeta>
            <wp:postmeta>
                <wp:meta_key>_lsb_review</wp:meta_key>
                <wp:meta_value><![CDATA[lsb_acf_review]]></wp:meta_value>
            </wp:postmeta>
            <wp:postmeta>
                <wp:meta_key>lsb_quote</wp:meta_key>
                <wp:meta_value/>
            </wp:postmeta>
            <wp:postmeta>
                <wp:meta_key>_lsb_quote</wp:meta_key>
                <wp:meta_value><![CDATA[lsb_acf_quote]]></wp:meta_value>
            </wp:postmeta>
            <wp:postmeta>
                <wp:meta_key>lsb_supported</wp:meta_key>
                <wp:meta_value><![CDATA[0]]></wp:meta_value>
            </wp:postmeta>
            <wp:postmeta>
                <wp:meta_key>_lsb_supported</wp:meta_key>
                <wp:meta_value><![CDATA[lsb_acf_supported]]></wp:meta_value>
            </wp:postmeta>
            <category domain="lsb_tax_author" nicename="bjørn-gabrielsen"><![CDATA[Bjørn Gabrielsen]]></category>
            <category domain="lsb_tax_publisher" nicename="press"><![CDATA[Press]]></category>
            <wp:postmeta>
                <wp:meta_key>lsb_look_inside</wp:meta_key>
                <wp:meta_value><![CDATA[CUSTOM_BLA_I_BOKA]]></wp:meta_value>
            </wp:postmeta>
            <wp:postmeta>
                <wp:meta_key>_lsb_look_inside</wp:meta_key>
                <wp:meta_value><![CDATA[lsb_acf_look_inside]]></wp:meta_value>
            </wp:postmeta>
            <category domain="lsb_tax_age" nicename="voksne"><![CDATA[voksne]]></category>
            <category domain="lsb_tax_genre" nicename="faglitteratur"><![CDATA[faglitteratur]]></category>
            <category domain="lsb_tax_topic" nicename="mennesker-i-mellom"><![CDATA[mennesker i mellom]]></category>
            <category domain="lsb_tax_language" nicename="no_nb"><![CDATA[bokmål]]></category>
            <category domain="lsb_tax_customization" nicename="ny-i-norge"><![CDATA[ny i norge]]></category>
            <category domain="lsb_tax_customization" nicename="mange-bilder"><![CDATA[mange bilder]]></category>
            <wp:postmeta>
                <wp:meta_key>_thumbnail_id</wp:meta_key>
                <wp:meta_value><![CDATA[5002]]></wp:meta_value>
            </wp:postmeta>
        </item>
        <item>
            <title>Asylsøker.jpg</title>
            <wp:post_id>5002</wp:post_id>
            <wp:status>inherit</wp:status>
            <wp:post_type>attachment</wp:post_type>
            <wp:attachment_url>https://raw.githubusercontent.com/lesersokerbok/boksok.no-data-utils/master/output-example/images/9334320E5C0B45BAA014760A0C673D42.jpg</wp:attachment_url>
        </item>
        <item>
            <wp:post_type>lsb_book</wp:post_type>
            <wp:status>publish</wp:status>
            <title>Serier som vil deg vel</title>
            <excerpt:encoded><![CDATA[Dette er en samling tegneserier utenom det vanlige. ]]></excerpt:encoded>
            <wp:postmeta>
                <wp:meta_key>lsb_isbn</wp:meta_key>
                <wp:meta_value><![CDATA[9788291187907]]></wp:meta_value>
            </wp:postmeta>
            <wp:postmeta>
                <wp:meta_key>_lsb_isbn</wp:meta_key>
                <wp:meta_value><![CDATA[lsb_acf_isbn]]></wp:meta_value>
            </wp:postmeta>
            <wp:postmeta>
                <wp:meta_key>lsb_published_year</wp:meta_key>
                <wp:meta_value><![CDATA[2009]]></wp:meta_value>
            </wp:postmeta>
            <wp:postmeta>
                <wp:meta_key>_lsb_published_year</wp:meta_key>
                <wp:meta_value><![CDATA[lsb_acf_published_year]]></wp:meta_value>
            </wp:postmeta>
            <wp:postmeta>
                <wp:meta_key>lsb_pages</wp:meta_key>
                <wp:meta_value><![CDATA[126]]></wp:meta_value>
            </wp:postmeta>
            <wp:postmeta>
                <wp:meta_key>_lsb_pages</wp:meta_key>
                <wp:meta_value><![CDATA[lsb_acf_pages]]></wp:meta_value>
            </wp:postmeta>
            <wp:postmeta>
                <wp:meta_key>lsb_review</wp:meta_key>
                <wp:meta_value><![CDATA[  <div>I denne boka er det samlet <br />  tegneserier av Bendik Kaltenborn. <br />  I seriene møter vi en rekke voksne menn. <br />  De er sjefer, selgere, fedre og funksjonærer. <br />  Mennene er både tragiske og morsomme <br />  der de  beveger seg rundt i en verden <br />  de ikke forstår. </div>  <div>&#160;</div>  <p><strong>Bendik Kaltenborn</strong> er en norsk serietegner. <br />  Samlingen har et forord av Knut Nærum. </p>  ]]></wp:meta_value>
            </wp:postmeta>
            <wp:postmeta>
                <wp:meta_key>_lsb_review</wp:meta_key>
                <wp:meta_value><![CDATA[lsb_acf_review]]></wp:meta_value>
            </wp:postmeta>
            <wp:postmeta>
                <wp:meta_key>lsb_quote</wp:meta_key>
                <wp:meta_value><![CDATA[- Spiser ulven mennesker, pappa?   - Nja, .. Ikke så ofte.   Men nå må du legge deg  og sove, Bendik.   - Er det ulv i Norge?  - Bare noen få. ]]></wp:meta_value>
            </wp:postmeta>
            <wp:postmeta>
                <wp:meta_key>_lsb_quote</wp:meta_key>
                <wp:meta_value><![CDATA[lsb_acf_quote]]></wp:meta_value>
            </wp:postmeta>
            <wp:postmeta>
                <wp:meta_key>lsb_supported</wp:meta_key>
                <wp:meta_value><![CDATA[0]]></wp:meta_value>
            </wp:postmeta>
            <wp:postmeta>
                <wp:meta_key>_lsb_supported</wp:meta_key>
                <wp:meta_value><![CDATA[lsb_acf_supported]]></wp:meta_value>
            </wp:postmeta>
            <category domain="lsb_tax_author" nicename="bendik-kaltenborn"><![CDATA[Bendik Kaltenborn]]></category>
            <category domain="lsb_tax_publisher" nicename="no-comprendo-press"><![CDATA[No Comprendo Press]]></category>
            <category domain="lsb_tax_illustrator" nicename="bendik-kaltenborn"><![CDATA[Bendik Kaltenborn]]></category>
            <wp:postmeta>
                <wp:meta_key>lsb_look_inside</wp:meta_key>
                <wp:meta_value><![CDATA[CUSTOM_BLA_I_BOKA]]></wp:meta_value>
            </wp:postmeta>
            <wp:postmeta>
                <wp:meta_key>_lsb_look_inside</wp:meta_key>
                <wp:meta_value><![CDATA[lsb_acf_look_inside]]></wp:meta_value>
            </wp:postmeta>
            <category domain="lsb_tax_age" nicename="voksne"><![CDATA[voksne]]></category>
            <category domain="lsb_tax_language" nicename="no_nb"><![CDATA[bokmål]]></category>
            <category domain="lsb_tax_customization" nicename="bilder"><![CDATA[bilder]]></category>
            <category domain="lsb_tax_customization" nicename="mange-bilder"><![CDATA[mange bilder]]></category>
            <wp:postmeta>
                <wp:meta_key>_thumbnail_id</wp:meta_key>
                <wp:meta_value><![CDATA[5003]]></wp:meta_value>
            </wp:postmeta>
        </item>
        <item>
            <title>Serier som vil deg vel.jpg</title>
            <wp:post_id>5003</wp:post_id>
            <wp:status>inherit</wp:status>
            <wp:post_type>attachment</wp:post_type>
            <wp:attachment_url>https://raw.githubusercontent.com/lesersokerbok/boksok.no-data-utils/master/output-example/images/251A5C275E0E4AF28CE8D97BE37A5E77.jpg</wp:attachment_url>
        </item>
        <item>
            <wp:post_type>lsb_book</wp:post_type>
            <wp:status>publish</wp:status>
            <title>Bli kjent - med barnehage, helsestasjon, tannlege, legevakt</title>
            <excerpt:encoded><![CDATA[Hvordan er barnehagen i Norge?   Hva hvis barnet mitt blir sykt og må på legevakten?]]></excerpt:encoded>
            <wp:postmeta>
                <wp:meta_key>lsb_isbn</wp:meta_key>
                <wp:meta_value><![CDATA[9788291234311]]></wp:meta_value>
            </wp:postmeta>
            <wp:postmeta>
                <wp:meta_key>_lsb_isbn</wp:meta_key>
                <wp:meta_value><![CDATA[lsb_acf_isbn]]></wp:meta_value>
            </wp:postmeta>
            <wp:postmeta>
                <wp:meta_key>lsb_published_year</wp:meta_key>
                <wp:meta_value><![CDATA[2002]]></wp:meta_value>
            </wp:postmeta>
            <wp:postmeta>
                <wp:meta_key>_lsb_published_year</wp:meta_key>
                <wp:meta_value><![CDATA[lsb_acf_published_year]]></wp:meta_value>
            </wp:postmeta>
            <wp:postmeta>
                <wp:meta_key>lsb_pages</wp:meta_key>
                <wp:meta_value><![CDATA[91]]></wp:meta_value>
            </wp:postmeta>
            <wp:postmeta>
                <wp:meta_key>_lsb_pages</wp:meta_key>
                <wp:meta_value><![CDATA[lsb_acf_pages]]></wp:meta_value>
            </wp:postmeta>
            <wp:postmeta>
                <wp:meta_key>lsb_review</wp:meta_key>
                <wp:meta_value><![CDATA[  <p>Hvordan er barnehagen i Norge? <br />  Hva hvis barnet mitt blir sykt <br />  og må på legevakten?  <br />  Dette er en praktisk og enkel bok <br />  om hvordan barnehage, helsestasjon, <br />  tannlege og legevakt fungerer i Norge. <br />  Hvert kapittel starter med fakta. <br />  Så får vi en historie der vi følger <br />  et barn og en voksen skritt for skritt. <br />  Boka har store fargefotografier <br />  som viser fram hva som skjer.</p>  <p>Dette er en veldig enkel <br />  og praktisk bok som kan brukes <br />  både for å lære om Norge <br />  og for å lære norsk. </p>  ]]></wp:meta_value>
            </wp:postmeta>
            <wp:postmeta>
                <wp:meta_key>_lsb_review</wp:meta_key>
                <wp:meta_value><![CDATA[lsb_acf_review]]></wp:meta_value>
            </wp:postmeta>
            <wp:postmeta>
                <wp:meta_key>lsb_quote</wp:meta_key>
                <wp:meta_value><![CDATA[Her er Tina. Hun er født i Norge.   Foreldrene hennes er fra India.     Tina er fire år.   I dag skal hun til fire-årskontroll på helsestasjonen.   Bestefar følger henne. ]]></wp:meta_value>
            </wp:postmeta>
            <wp:postmeta>
                <wp:meta_key>_lsb_quote</wp:meta_key>
                <wp:meta_value><![CDATA[lsb_acf_quote]]></wp:meta_value>
            </wp:postmeta>
            <wp:postmeta>
                <wp:meta_key>lsb_supported</wp:meta_key>
                <wp:meta_value><![CDATA[0]]></wp:meta_value>
            </wp:postmeta>
            <wp:postmeta>
                <wp:meta_key>_lsb_supported</wp:meta_key>
                <wp:meta_value><![CDATA[lsb_acf_supported]]></wp:meta_value>
            </wp:postmeta>
            <category domain="lsb_tax_author" nicename="margaret-saltrøe"><![CDATA[Margaret Saltrøe]]></category>
            <category domain="lsb_tax_publisher" nicename="kulturbro-forlag-"><![CDATA[Kulturbro forlag ]]></category>
            <wp:postmeta>
                <wp:meta_key>lsb_look_inside</wp:meta_key>
                <wp:meta_value><![CDATA[CUSTOM_BLA_I_BOKA]]></wp:meta_value>
            </wp:postmeta>
            <wp:postmeta>
                <wp:meta_key>_lsb_look_inside</wp:meta_key>
                <wp:meta_value><![CDATA[lsb_acf_look_inside]]></wp:meta_value>
            </wp:postmeta>
            <category domain="lsb_tax_age" nicename="voksne"><![CDATA[voksne]]></category>
            <category domain="lsb_tax_genre" nicename="faglitteratur"><![CDATA[faglitteratur]]></category>
            <category domain="lsb_tax_topic" nicename="mat"><![CDATA[mat]]></category>
            <category domain="lsb_tax_topic" nicename="helse"><![CDATA[helse]]></category>
            <category domain="lsb_tax_language" nicename="no_nb"><![CDATA[bokmål]]></category>
            <category domain="lsb_tax_customization" nicename="ny-i-norge"><![CDATA[ny i norge]]></category>
            <category domain="lsb_tax_customization" nicename="mange-bilder"><![CDATA[mange bilder]]></category>
            <wp:postmeta>
                <wp:meta_key>_thumbnail_id</wp:meta_key>
                <wp:meta_value><![CDATA[5004]]></wp:meta_value>
            </wp:postmeta>
        </item>
        <item>
            <title>Bli kjent.jpg</title>
            <wp:post_id>5004</wp:post_id>
            <wp:status>inherit</wp:status>
            <wp:post_type>attachment</wp:post_type>
            <wp:attachment_url>https://raw.githubusercontent.com/lesersokerbok/boksok.no-data-utils/master/output-example/images/22CFC85CDF49489D807998083E840E84.jpg</wp:attachment_url>
        </item>
        <item>
            <wp:post_type>lsb_book</wp:post_type>
            <wp:status>publish</wp:status>
            <title>Min far Falo</title>
            <excerpt:encoded><![CDATA[Hvordan er det å vokse opp i Sør-Iran?   I denne boka møter du en sønn som forteller om faren sin. ]]></excerpt:encoded>
            <wp:postmeta>
                <wp:meta_key>lsb_isbn</wp:meta_key>
                <wp:meta_value><![CDATA[9788291234304]]></wp:meta_value>
            </wp:postmeta>
            <wp:postmeta>
                <wp:meta_key>_lsb_isbn</wp:meta_key>
                <wp:meta_value><![CDATA[lsb_acf_isbn]]></wp:meta_value>
            </wp:postmeta>
            <wp:postmeta>
                <wp:meta_key>lsb_published_year</wp:meta_key>
                <wp:meta_value><![CDATA[2002]]></wp:meta_value>
            </wp:postmeta>
            <wp:postmeta>
                <wp:meta_key>_lsb_published_year</wp:meta_key>
                <wp:meta_value><![CDATA[lsb_acf_published_year]]></wp:meta_value>
            </wp:postmeta>
            <wp:postmeta>
                <wp:meta_key>lsb_pages</wp:meta_key>
                <wp:meta_value><![CDATA[139]]></wp:meta_value>
            </wp:postmeta>
            <wp:postmeta>
                <wp:meta_key>_lsb_pages</wp:meta_key>
                <wp:meta_value><![CDATA[lsb_acf_pages]]></wp:meta_value>
            </wp:postmeta>
            <wp:postmeta>
                <wp:meta_key>lsb_review</wp:meta_key>
                <wp:meta_value><![CDATA[  <p>Min far Falo er en bok <br />  som handler om å vokse opp <br />  i Sør-Iran i 1950-årene. <br />  Gutten i denne boka ser opp til <br />  faren sin. Familien blir påvirket <br />  av det som skjr i byen og i samfunnet rundt. <br />  Det er en ny tid som det ikke alltid er <br />  like enkelt å være i. </p>  <div><br />  Forfatteren <strong>Elyas Poorgholam</strong> er født i 1950 <br />  i havnebyen Bandar-e Mah Shar i Sør-Iran. <br />  Han har drama-pedagogisk utdanning fra Iran, <br />  der han arbeidet som lærer. <br />  1 1990 kom han til Norge. Nå underviser han i Oslo. </div>  <p>Dette er en spennende bok om å vokse opp<br />  i Iran. Språket er litt vanskelig. </p>  ]]></wp:meta_value>
            </wp:postmeta>
            <wp:postmeta>
                <wp:meta_key>_lsb_review</wp:meta_key>
                <wp:meta_value><![CDATA[lsb_acf_review]]></wp:meta_value>
            </wp:postmeta>
            <wp:postmeta>
                <wp:meta_key>lsb_quote</wp:meta_key>
                <wp:meta_value><![CDATA[Om kvelden var mor kald og sint, far var rolig og stum, han   bare røykte og røykte til han la seg. Om morgenen dagen   etter han arbeidsklærne hans på veggen og støvlene sto med   snuten i været og far satt i porten, der jeg satt i går. Da han   reiste seg og gikk samme veien som i går, fulgte jeg etter.   - Nei, ikke i dag, sa han. ]]></wp:meta_value>
            </wp:postmeta>
            <wp:postmeta>
                <wp:meta_key>_lsb_quote</wp:meta_key>
                <wp:meta_value><![CDATA[lsb_acf_quote]]></wp:meta_value>
            </wp:postmeta>
            <wp:postmeta>
                <wp:meta_key>lsb_supported</wp:meta_key>
                <wp:meta_value><![CDATA[0]]></wp:meta_value>
            </wp:postmeta>
            <wp:postmeta>
                <wp:meta_key>_lsb_supported</wp:meta_key>
                <wp:meta_value><![CDATA[lsb_acf_supported]]></wp:meta_value>
            </wp:postmeta>
            <category domain="lsb_tax_author" nicename="elyas-poorgholam"><![CDATA[Elyas Poorgholam]]></category>
            <category domain="lsb_tax_publisher" nicename="kulturbro-forlag"><![CDATA[Kulturbro forlag]]></category>
            <wp:postmeta>
                <wp:meta_key>lsb_look_inside</wp:meta_key>
                <wp:meta_value><![CDATA[CUSTOM_BLA_I_BOKA]]></wp:meta_value>
            </wp:postmeta>
            <wp:postmeta>
                <wp:meta_key>_lsb_look_inside</wp:meta_key>
                <wp:meta_value><![CDATA[lsb_acf_look_inside]]></wp:meta_value>
            </wp:postmeta>
            <category domain="lsb_tax_age" nicename="voksne"><![CDATA[voksne]]></category>
            <category domain="lsb_tax_genre" nicename="prosa"><![CDATA[prosa]]></category>
            <category domain="lsb_tax_topic" nicename="historie"><![CDATA[historie]]></category>
            <category domain="lsb_tax_topic" nicename="samfunn"><![CDATA[samfunn]]></category>
            <category domain="lsb_tax_language" nicename="no_nb"><![CDATA[bokmål]]></category>
            <category domain="lsb_tax_customization" nicename="skjønnlitteratur"><![CDATA[skjønnlitteratur]]></category>
            <category domain="lsb_tax_customization" nicename="ny-i-norge"><![CDATA[ny i norge]]></category>
            <wp:postmeta>
                <wp:meta_key>_thumbnail_id</wp:meta_key>
                <wp:meta_value><![CDATA[5005]]></wp:meta_value>
            </wp:postmeta>
        </item>
        <item>
            <title>Min far Falo.jpg</title>
            <wp:post_id>5005</wp:post_id>
            <wp:status>inherit</wp:status>
            <wp:post_type>attachment</wp:post_type>
            <wp:attachment_url>https://raw.githubusercontent.com/lesersokerbok/boksok.no-data-utils/master/output-example/images/E473C3AA98C641FBA6FCF0098F0F6552.jpg</wp:attachment_url>
        </item>
        <item>
            <wp:post_type>lsb_book</wp:post_type>
            <wp:status>publish</wp:status>
            <title>Vis meg hvordan</title>
            <excerpt:encoded><![CDATA[Hvordan ta på seg en kinomo? Hvordan bruke spisepinner? Hvordan bruke håndsignaler på sykkel?   I denne boka kan du lære alt du noen gang har lurt på, og mye mer! ]]></excerpt:encoded>
            <wp:postmeta>
                <wp:meta_key>lsb_isbn</wp:meta_key>
                <wp:meta_value><![CDATA[9788281880474]]></wp:meta_value>
            </wp:postmeta>
            <wp:postmeta>
                <wp:meta_key>_lsb_isbn</wp:meta_key>
                <wp:meta_value><![CDATA[lsb_acf_isbn]]></wp:meta_value>
            </wp:postmeta>
            <wp:postmeta>
                <wp:meta_key>lsb_published_year</wp:meta_key>
                <wp:meta_value><![CDATA[2008]]></wp:meta_value>
            </wp:postmeta>
            <wp:postmeta>
                <wp:meta_key>_lsb_published_year</wp:meta_key>
                <wp:meta_value><![CDATA[lsb_acf_published_year]]></wp:meta_value>
            </wp:postmeta>
            <wp:postmeta>
                <wp:meta_key>lsb_pages</wp:meta_key>
                <wp:meta_value/>
            </wp:postmeta>
            <wp:postmeta>
                <wp:meta_key>_lsb_pages</wp:meta_key>
                <wp:meta_value><![CDATA[lsb_acf_pages]]></wp:meta_value>
            </wp:postmeta>
            <wp:postmeta>
                <wp:meta_key>lsb_review</wp:meta_key>
                <wp:meta_value><![CDATA[  <p><strong>Vis meg hvordan</strong> er en morsom <br />  og praktisk bok. <br />  Her kan du virkelig lære <br />  alt mulig rart. <br />  Hvordan flette en fransk flette? <br />  Hvordan gjøre det første kysset minneverdig?<br />  Hvordan plante en kjøkkenhage? <br />  Hvordan fange fisk med bare hendene? </p>  <p>Boka har 500 tips delt inn i temaer. <br />  Fonten er ganske liten, <br />  men alt vises også med tegninger <br />  som er enkle å forstå. </p>  ]]></wp:meta_value>
            </wp:postmeta>
            <wp:postmeta>
                <wp:meta_key>_lsb_review</wp:meta_key>
                <wp:meta_value><![CDATA[lsb_acf_review]]></wp:meta_value>
            </wp:postmeta>
            <wp:postmeta>
                <wp:meta_key>lsb_quote</wp:meta_key>
                <wp:meta_value><![CDATA[Hvordan dusje en papegøye?   Velg en varm, lys dag.   Dusj vanndråper over papegøyen.   Hvis den slår med vingene, liker den det.   La papegøyen lufttørke og pusse fjærene sine. ]]></wp:meta_value>
            </wp:postmeta>
            <wp:postmeta>
                <wp:meta_key>_lsb_quote</wp:meta_key>
                <wp:meta_value><![CDATA[lsb_acf_quote]]></wp:meta_value>
            </wp:postmeta>
            <wp:postmeta>
                <wp:meta_key>lsb_supported</wp:meta_key>
                <wp:meta_value><![CDATA[0]]></wp:meta_value>
            </wp:postmeta>
            <wp:postmeta>
                <wp:meta_key>_lsb_supported</wp:meta_key>
                <wp:meta_value><![CDATA[lsb_acf_supported]]></wp:meta_value>
            </wp:postmeta>
            <category domain="lsb_tax_author" nicename="derek-fagerstrom-og-lauren-smith"><![CDATA[Derek Fagerstrom og Lauren Smith]]></category>
            <category domain="lsb_tax_publisher" nicename="versal-"><![CDATA[Versal ]]></category>
            <wp:postmeta>
                <wp:meta_key>lsb_look_inside</wp:meta_key>
                <wp:meta_value><![CDATA[CUSTOM_BLA_I_BOKA]]></wp:meta_value>
            </wp:postmeta>
            <wp:postmeta>
                <wp:meta_key>_lsb_look_inside</wp:meta_key>
                <wp:meta_value><![CDATA[lsb_acf_look_inside]]></wp:meta_value>
            </wp:postmeta>
            <category domain="lsb_tax_age" nicename="ungdom"><![CDATA[ungdom]]></category>
            <category domain="lsb_tax_age" nicename="voksne"><![CDATA[voksne]]></category>
            <category domain="lsb_tax_topic" nicename="hus"><![CDATA[hus]]></category>
            <category domain="lsb_tax_topic" nicename="hjem"><![CDATA[hjem]]></category>
            <category domain="lsb_tax_topic" nicename="hage"><![CDATA[hage]]></category>
            <category domain="lsb_tax_language" nicename="no_nb"><![CDATA[bokmål]]></category>
            <category domain="lsb_tax_customization" nicename="faglitteratur"><![CDATA[faglitteratur]]></category>
            <category domain="lsb_tax_customization" nicename="mange-bilder"><![CDATA[mange bilder]]></category>
            <wp:postmeta>
                <wp:meta_key>_thumbnail_id</wp:meta_key>
                <wp:meta_value><![CDATA[5006]]></wp:meta_value>
            </wp:postmeta>
        </item>
        <item>
            <title>Vis meg hvordan.jpg</title>
            <wp:post_id>5006</wp:post_id>
            <wp:status>inherit</wp:status>
            <wp:post_type>attachment</wp:post_type>
            <wp:attachment_url>https://raw.githubusercontent.com/lesersokerbok/boksok.no-data-utils/master/output-example/images/6EC2753FB3CA4C4FBD22F5E38EA3502B.jpg</wp:attachment_url>
        </item>
        <item>
            <wp:post_type>lsb_book</wp:post_type>
            <wp:status>publish</wp:status>
            <title>Velkommen inn!</title>
            <excerpt:encoded><![CDATA[Velkommen inn er en inspirerende bok   om hvordan du kan gjøre hjemmet ditt vakkert. ]]></excerpt:encoded>
            <wp:postmeta>
                <wp:meta_key>lsb_isbn</wp:meta_key>
                <wp:meta_value><![CDATA[9788202319489]]></wp:meta_value>
            </wp:postmeta>
            <wp:postmeta>
                <wp:meta_key>_lsb_isbn</wp:meta_key>
                <wp:meta_value><![CDATA[lsb_acf_isbn]]></wp:meta_value>
            </wp:postmeta>
            <wp:postmeta>
                <wp:meta_key>lsb_published_year</wp:meta_key>
                <wp:meta_value><![CDATA[2010]]></wp:meta_value>
            </wp:postmeta>
            <wp:postmeta>
                <wp:meta_key>_lsb_published_year</wp:meta_key>
                <wp:meta_value><![CDATA[lsb_acf_published_year]]></wp:meta_value>
            </wp:postmeta>
            <wp:postmeta>
                <wp:meta_key>lsb_pages</wp:meta_key>
                <wp:meta_value><![CDATA[223]]></wp:meta_value>
            </wp:postmeta>
            <wp:postmeta>
                <wp:meta_key>_lsb_pages</wp:meta_key>
                <wp:meta_value><![CDATA[lsb_acf_pages]]></wp:meta_value>
            </wp:postmeta>
            <wp:postmeta>
                <wp:meta_key>lsb_review</wp:meta_key>
                <wp:meta_value><![CDATA[  <div><strong>Velkommen inn!</strong> er en fargerik <br />  og flott bok om hvordan du kan <br />  innrede hjemmet dit. <br />  18 ulike par, enslige og familier <br />  inviterer deg inn i hjemmene sine. <br />  La deg inspirere av de spennende <br />  valgene de har gjort. <br />  <br />  Forfatteren <strong>Nina Stang</strong> er interiørarkitet.  <br />  Hun forteller hva som har blitt gjort <br />  og gir gode råd om hvordan du selv <br />  kan skape drømmehjemmet. </div>  <div><strong><br />  Velkommen inn!</strong> er en glad bok <br />  med store fotografier og mange farger. <br />  Teksten er ganske enkel å lese. </div>  ]]></wp:meta_value>
            </wp:postmeta>
            <wp:postmeta>
                <wp:meta_key>_lsb_review</wp:meta_key>
                <wp:meta_value><![CDATA[lsb_acf_review]]></wp:meta_value>
            </wp:postmeta>
            <wp:postmeta>
                <wp:meta_key>lsb_quote</wp:meta_key>
                <wp:meta_value><![CDATA[Annegrethe og Erik hadde aldri pusset opp før, og ante ikke hva de ville finne. Men de håpet det beste, og begynte å rive. Underveis kom venner på besøk for å se hvordan de hadde fått det. De snudde  i døren. Naboene ristet på hodet. Her var det da nylig pusset opp? Men belønningen var stor. Etter hvert fikk de øye på skattene:originale tregulv, paneler og murstein. ]]></wp:meta_value>
            </wp:postmeta>
            <wp:postmeta>
                <wp:meta_key>_lsb_quote</wp:meta_key>
                <wp:meta_value><![CDATA[lsb_acf_quote]]></wp:meta_value>
            </wp:postmeta>
            <wp:postmeta>
                <wp:meta_key>lsb_supported</wp:meta_key>
                <wp:meta_value><![CDATA[1]]></wp:meta_value>
            </wp:postmeta>
            <wp:postmeta>
                <wp:meta_key>_lsb_supported</wp:meta_key>
                <wp:meta_value><![CDATA[lsb_acf_supported]]></wp:meta_value>
            </wp:postmeta>
            <wp:postmeta>
                <wp:meta_key>lsb_support_cat</wp:meta_key>
                <wp:meta_value><![CDATA[purple]]></wp:meta_value>
            </wp:postmeta>
            <wp:postmeta>
                <wp:meta_key>_lsb_support_cat</wp:meta_key>
                <wp:meta_value><![CDATA[lsb_acf_support_cat]]></wp:meta_value>
            </wp:postmeta>
            <category domain="lsb_tax_author" nicename="nina-stang"><![CDATA[Nina Stang]]></category>
            <category domain="lsb_tax_publisher" nicename="cappelen-damm-"><![CDATA[Cappelen Damm ]]></category>
            <category domain="lsb_tax_illustrator" nicename="nina-stang"><![CDATA[Nina Stang]]></category>
            <wp:postmeta>
                <wp:meta_key>lsb_look_inside</wp:meta_key>
                <wp:meta_value><![CDATA[CUSTOM_BLA_I_BOKA]]></wp:meta_value>
            </wp:postmeta>
            <wp:postmeta>
                <wp:meta_key>_lsb_look_inside</wp:meta_key>
                <wp:meta_value><![CDATA[lsb_acf_look_inside]]></wp:meta_value>
            </wp:postmeta>
            <category domain="lsb_tax_age" nicename="voksne"><![CDATA[voksne]]></category>
            <category domain="lsb_tax_genre" nicename="faglitteratur"><![CDATA[faglitteratur]]></category>
            <category domain="lsb_tax_topic" nicename="hus"><![CDATA[hus]]></category>
            <category domain="lsb_tax_topic" nicename="hjem"><![CDATA[hjem]]></category>
            <category domain="lsb_tax_topic" nicename="hage"><![CDATA[hage]]></category>
            <category domain="lsb_tax_language" nicename="no_nb"><![CDATA[bokmål]]></category>
            <category domain="lsb_tax_customization" nicename="faglitteratur"><![CDATA[faglitteratur]]></category>
            <category domain="lsb_tax_customization" nicename="mange-bilder"><![CDATA[mange bilder]]></category>
            <wp:postmeta>
                <wp:meta_key>_thumbnail_id</wp:meta_key>
                <wp:meta_value><![CDATA[5007]]></wp:meta_value>
            </wp:postmeta>
        </item>
        <item>
            <title>Velkommen inn.jpg</title>
            <wp:post_id>5007</wp:post_id>
            <wp:status>inherit</wp:status>
            <wp:post_type>attachment</wp:post_type>
            <wp:attachment_url>https://raw.githubusercontent.com/lesersokerbok/boksok.no-data-utils/master/output-example/images/E31F264E893B443EBCAEE840C576AB87.jpg</wp:attachment_url>
        </item>
        <item>
            <wp:post_type>lsb_book</wp:post_type>
            <wp:status>publish</wp:status>
            <title>Norske blinkskudd</title>
            <excerpt:encoded><![CDATA[I denne boka blir historien fortalt gjennom bilder! Se bilder som har vært i norske medier gjennom 110 år. ]]></excerpt:encoded>
            <wp:postmeta>
                <wp:meta_key>lsb_isbn</wp:meta_key>
                <wp:meta_value><![CDATA[9788281880757]]></wp:meta_value>
            </wp:postmeta>
            <wp:postmeta>
                <wp:meta_key>_lsb_isbn</wp:meta_key>
                <wp:meta_value><![CDATA[lsb_acf_isbn]]></wp:meta_value>
            </wp:postmeta>
            <wp:postmeta>
                <wp:meta_key>lsb_published_year</wp:meta_key>
                <wp:meta_value><![CDATA[2009]]></wp:meta_value>
            </wp:postmeta>
            <wp:postmeta>
                <wp:meta_key>_lsb_published_year</wp:meta_key>
                <wp:meta_value><![CDATA[lsb_acf_published_year]]></wp:meta_value>
            </wp:postmeta>
            <wp:postmeta>
                <wp:meta_key>lsb_pages</wp:meta_key>
                <wp:meta_value><![CDATA[317]]></wp:meta_value>
            </wp:postmeta>
            <wp:postmeta>
                <wp:meta_key>_lsb_pages</wp:meta_key>
                <wp:meta_value><![CDATA[lsb_acf_pages]]></wp:meta_value>
            </wp:postmeta>
            <wp:postmeta>
                <wp:meta_key>lsb_review</wp:meta_key>
                <wp:meta_value><![CDATA[  <p><strong>Norske blikskudd</strong> er en samling <br />  med norske fotografier fra <br />  1900-tallet og fram til i dag. <br />  Noen bilder er overraskende, <br />  mens andre får deg til å huske. <br />  Sammen forteller bildene en historie <br />  om 100 år i Norge.</p>  <p>Boka har fotografier i sort-hvitt og i farger. <br />  Hvert fotografi har en liten tekst <br />  som forteller når det ble tatt <br />  og hva som skjedde. </p>  ]]></wp:meta_value>
            </wp:postmeta>
            <wp:postmeta>
                <wp:meta_key>_lsb_review</wp:meta_key>
                <wp:meta_value><![CDATA[lsb_acf_review]]></wp:meta_value>
            </wp:postmeta>
            <wp:postmeta>
                <wp:meta_key>lsb_quote</wp:meta_key>
                <wp:meta_value><![CDATA[OSLO, 7.APRIL 1968: Ulovlig demonstrasjon mot   Vietnamkrigen. Tron Øgrim løper fra politimann   utenfor Stortinget. ]]></wp:meta_value>
            </wp:postmeta>
            <wp:postmeta>
                <wp:meta_key>_lsb_quote</wp:meta_key>
                <wp:meta_value><![CDATA[lsb_acf_quote]]></wp:meta_value>
            </wp:postmeta>
            <wp:postmeta>
                <wp:meta_key>lsb_supported</wp:meta_key>
                <wp:meta_value><![CDATA[0]]></wp:meta_value>
            </wp:postmeta>
            <wp:postmeta>
                <wp:meta_key>_lsb_supported</wp:meta_key>
                <wp:meta_value><![CDATA[lsb_acf_supported]]></wp:meta_value>
            </wp:postmeta>
            <category domain="lsb_tax_author" nicename="scanpix"><![CDATA[Scanpix]]></category>
            <category domain="lsb_tax_publisher" nicename="versal-"><![CDATA[Versal ]]></category>
            <category domain="lsb_tax_illustrator" nicename="scanpix"><![CDATA[Scanpix]]></category>
            <wp:postmeta>
                <wp:meta_key>lsb_look_inside</wp:meta_key>
                <wp:meta_value><![CDATA[CUSTOM_BLA_I_BOKA]]></wp:meta_value>
            </wp:postmeta>
            <wp:postmeta>
                <wp:meta_key>_lsb_look_inside</wp:meta_key>
                <wp:meta_value><![CDATA[lsb_acf_look_inside]]></wp:meta_value>
            </wp:postmeta>
            <category domain="lsb_tax_age" nicename="voksne"><![CDATA[voksne]]></category>
            <category domain="lsb_tax_genre" nicename="faglitteratur"><![CDATA[faglitteratur]]></category>
            <category domain="lsb_tax_topic" nicename="historie"><![CDATA[historie]]></category>
            <category domain="lsb_tax_topic" nicename="samfunn"><![CDATA[samfunn]]></category>
            <category domain="lsb_tax_language" nicename="no_nb"><![CDATA[bokmål]]></category>
            <category domain="lsb_tax_customization" nicename="faglitteratur"><![CDATA[faglitteratur]]></category>
            <category domain="lsb_tax_customization" nicename="ny-i-norge"><![CDATA[ny i norge]]></category>
            <category domain="lsb_tax_customization" nicename="mange-bilder"><![CDATA[mange bilder]]></category>
            <wp:postmeta>
                <wp:meta_key>_thumbnail_id</wp:meta_key>
                <wp:meta_value><![CDATA[5008]]></wp:meta_value>
            </wp:postmeta>
        </item>
        <item>
            <title>Norske blinkskudd.jpg</title>
            <wp:post_id>5008</wp:post_id>
            <wp:status>inherit</wp:status>
            <wp:post_type>attachment</wp:post_type>
            <wp:attachment_url>https://raw.githubusercontent.com/lesersokerbok/boksok.no-data-utils/master/output-example/images/6E2B3BAD25ED4836B31C2D48190FF4D9.jpg</wp:attachment_url>
        </item>
        <item>
            <wp:post_type>lsb_book</wp:post_type>
            <wp:status>publish</wp:status>
            <title>Fluefiskerens felthåndbok</title>
            <excerpt:encoded><![CDATA[Denne boka er morsom  både for dem som vil fiske med fluer   og dem som vil lære litt om hvordan det er. ]]></excerpt:encoded>
            <wp:postmeta>
                <wp:meta_key>lsb_isbn</wp:meta_key>
                <wp:meta_value><![CDATA[9788204156389]]></wp:meta_value>
            </wp:postmeta>
            <wp:postmeta>
                <wp:meta_key>_lsb_isbn</wp:meta_key>
                <wp:meta_value><![CDATA[lsb_acf_isbn]]></wp:meta_value>
            </wp:postmeta>
            <wp:postmeta>
                <wp:meta_key>lsb_published_year</wp:meta_key>
                <wp:meta_value><![CDATA[2009]]></wp:meta_value>
            </wp:postmeta>
            <wp:postmeta>
                <wp:meta_key>_lsb_published_year</wp:meta_key>
                <wp:meta_value><![CDATA[lsb_acf_published_year]]></wp:meta_value>
            </wp:postmeta>
            <wp:postmeta>
                <wp:meta_key>lsb_pages</wp:meta_key>
                <wp:meta_value><![CDATA[105]]></wp:meta_value>
            </wp:postmeta>
            <wp:postmeta>
                <wp:meta_key>_lsb_pages</wp:meta_key>
                <wp:meta_value><![CDATA[lsb_acf_pages]]></wp:meta_value>
            </wp:postmeta>
            <wp:postmeta>
                <wp:meta_key>lsb_review</wp:meta_key>
                <wp:meta_value><![CDATA[  <div>Dette er en hylende morsom bok <br />  om fluefiske. Den kan leses av alle <br />  - både de som liker å fiske <br />  og de som liker å lese om det å fiske. </div>  <div>&#160;</div>  <div>Boka kan ha en del vanskelige ord, <br />  særlig for dem som ikke kan <br />  noe om fluefiske fra før. <br />  Språket er personlig og muntlig. <br />  Fonten er ganske liten. </div>  ]]></wp:meta_value>
            </wp:postmeta>
            <wp:postmeta>
                <wp:meta_key>_lsb_review</wp:meta_key>
                <wp:meta_value><![CDATA[lsb_acf_review]]></wp:meta_value>
            </wp:postmeta>
            <wp:postmeta>
                <wp:meta_key>lsb_quote</wp:meta_key>
                <wp:meta_value><![CDATA[Fisken spiser antagelig alle landbaserte   insekter som er så uheldige å bli tatt av  vinden og lander på vannet eller i elva.   Men noen insekter er mer tallrike og   har lettere for å ende opp i vannet enn   andre. ]]></wp:meta_value>
            </wp:postmeta>
            <wp:postmeta>
                <wp:meta_key>_lsb_quote</wp:meta_key>
                <wp:meta_value><![CDATA[lsb_acf_quote]]></wp:meta_value>
            </wp:postmeta>
            <wp:postmeta>
                <wp:meta_key>lsb_supported</wp:meta_key>
                <wp:meta_value><![CDATA[0]]></wp:meta_value>
            </wp:postmeta>
            <wp:postmeta>
                <wp:meta_key>_lsb_supported</wp:meta_key>
                <wp:meta_value><![CDATA[lsb_acf_supported]]></wp:meta_value>
            </wp:postmeta>
            <category domain="lsb_tax_author" nicename="lars-lenth-og-lars-nilssen"><![CDATA[Lars Lenth og Lars Nilssen]]></category>
            <category domain="lsb_tax_publisher" nicename="cappelen-damm-"><![CDATA[Cappelen Damm ]]></category>
            <wp:postmeta>
                <wp:meta_key>lsb_look_inside</wp:meta_key>
                <wp:meta_value><![CDATA[CUSTOM_BLA_I_BOKA]]></wp:meta_value>
            </wp:postmeta>
            <wp:postmeta>
                <wp:meta_key>_lsb_look_inside</wp:meta_key>
                <wp:meta_value><![CDATA[lsb_acf_look_inside]]></wp:meta_value>
            </wp:postmeta>
            <category domain="lsb_tax_age" nicename="voksne"><![CDATA[voksne]]></category>
            <category domain="lsb_tax_genre" nicename="faglitteratur"><![CDATA[faglitteratur]]></category>
            <category domain="lsb_tax_topic" nicename="sport"><![CDATA[sport]]></category>
            <category domain="lsb_tax_language" nicename="no_nb"><![CDATA[bokmål]]></category>
            <category domain="lsb_tax_customization" nicename="faglitteratur"><![CDATA[faglitteratur]]></category>
            <wp:postmeta>
                <wp:meta_key>_thumbnail_id</wp:meta_key>
                <wp:meta_value><![CDATA[5009]]></wp:meta_value>
            </wp:postmeta>
        </item>
        <item>
            <title>Fluefiskernes felthåndbok.jpg</title>
            <wp:post_id>5009</wp:post_id>
            <wp:status>inherit</wp:status>
            <wp:post_type>attachment</wp:post_type>
            <wp:attachment_url>https://raw.githubusercontent.com/lesersokerbok/boksok.no-data-utils/master/output-example/images/8A5AE80CD6274C7CA83EFB580B33C41A.jpg</wp:attachment_url>
        </item>
        <item>
            <wp:post_type>lsb_book</wp:post_type>
            <wp:status>publish</wp:status>
            <title>Bilen vår. Nostalgi på fire hjul.</title>
            <excerpt:encoded><![CDATA[Hvordan har bilene sett ut gjennom tidene?   Hva er bilens historie i Norge? ]]></excerpt:encoded>
            <wp:postmeta>
                <wp:meta_key>lsb_isbn</wp:meta_key>
                <wp:meta_value><![CDATA[9788282110457]]></wp:meta_value>
            </wp:postmeta>
            <wp:postmeta>
                <wp:meta_key>_lsb_isbn</wp:meta_key>
                <wp:meta_value><![CDATA[lsb_acf_isbn]]></wp:meta_value>
            </wp:postmeta>
            <wp:postmeta>
                <wp:meta_key>lsb_published_year</wp:meta_key>
                <wp:meta_value><![CDATA[2008]]></wp:meta_value>
            </wp:postmeta>
            <wp:postmeta>
                <wp:meta_key>_lsb_published_year</wp:meta_key>
                <wp:meta_value><![CDATA[lsb_acf_published_year]]></wp:meta_value>
            </wp:postmeta>
            <wp:postmeta>
                <wp:meta_key>lsb_pages</wp:meta_key>
                <wp:meta_value><![CDATA[144]]></wp:meta_value>
            </wp:postmeta>
            <wp:postmeta>
                <wp:meta_key>_lsb_pages</wp:meta_key>
                <wp:meta_value><![CDATA[lsb_acf_pages]]></wp:meta_value>
            </wp:postmeta>
            <wp:postmeta>
                <wp:meta_key>lsb_review</wp:meta_key>
                <wp:meta_value><![CDATA[  <p>Denne boka er en nostalgisk reise <br />  i bilens verden. Den følger bilens historie <br />  fra etter krigen og fram til 80-tallet, <br />  I denne tida hadde bilene fortsatt sjel, <br />  ikke alle biler så helt like ut. <br />  Bilene blir vist fram gjennom både bilder, <br />  beskrivelser og annonser fra <br />  den tida da de var nye og populære. </p>  <div>&#160;</div>  <div>Boka har et litt rotete oppsett, <br />  men det gjør ikke så mye, <br />  for dette er ikke en bok som skal leses <br />  fra første til siste side. <br />  Dette er en bok det er morsomt å bla i <br />  og lese litt her og litt der. </div>  ]]></wp:meta_value>
            </wp:postmeta>
            <wp:postmeta>
                <wp:meta_key>_lsb_review</wp:meta_key>
                <wp:meta_value><![CDATA[lsb_acf_review]]></wp:meta_value>
            </wp:postmeta>
            <wp:postmeta>
                <wp:meta_key>lsb_quote</wp:meta_key>
                <wp:meta_value><![CDATA[Midt på 60-allet skjedde det noe nytt: De   japanske bilene dukket opp. De av oss som   leste bilblader, hadde sett bilder og lest litt om   japanske biler, men da var det mest om små   rare biler. Nå kom det store lekre biler som   Toyota Crown og Mazda 1500. Det viste seg   fort at bilene falt i smak og salget tok av. ]]></wp:meta_value>
            </wp:postmeta>
            <wp:postmeta>
                <wp:meta_key>_lsb_quote</wp:meta_key>
                <wp:meta_value><![CDATA[lsb_acf_quote]]></wp:meta_value>
            </wp:postmeta>
            <wp:postmeta>
                <wp:meta_key>lsb_supported</wp:meta_key>
                <wp:meta_value><![CDATA[0]]></wp:meta_value>
            </wp:postmeta>
            <wp:postmeta>
                <wp:meta_key>_lsb_supported</wp:meta_key>
                <wp:meta_value><![CDATA[lsb_acf_supported]]></wp:meta_value>
            </wp:postmeta>
            <category domain="lsb_tax_author" nicename="anders-de-lange-og-bjørn-lahus"><![CDATA[Anders de Lange og Bjørn Lahus]]></category>
            <category domain="lsb_tax_publisher" nicename="vega"><![CDATA[Vega]]></category>
            <wp:postmeta>
                <wp:meta_key>lsb_look_inside</wp:meta_key>
                <wp:meta_value><![CDATA[CUSTOM_BLA_I_BOKA]]></wp:meta_value>
            </wp:postmeta>
            <wp:postmeta>
                <wp:meta_key>_lsb_look_inside</wp:meta_key>
                <wp:meta_value><![CDATA[lsb_acf_look_inside]]></wp:meta_value>
            </wp:postmeta>
            <category domain="lsb_tax_age" nicename="voksne"><![CDATA[voksne]]></category>
            <category domain="lsb_tax_genre" nicename="faglitteratur"><![CDATA[faglitteratur]]></category>
            <category domain="lsb_tax_language" nicename="no_nb"><![CDATA[bokmål]]></category>
            <category domain="lsb_tax_customization" nicename="faglitteratur"><![CDATA[faglitteratur]]></category>
            <category domain="lsb_tax_customization" nicename="mange-bilder"><![CDATA[mange bilder]]></category>
            <wp:postmeta>
                <wp:meta_key>_thumbnail_id</wp:meta_key>
                <wp:meta_value><![CDATA[5010]]></wp:meta_value>
            </wp:postmeta>
        </item>
        <item>
            <title>Bilen vår.jpg</title>
            <wp:post_id>5010</wp:post_id>
            <wp:status>inherit</wp:status>
            <wp:post_type>attachment</wp:post_type>
            <wp:attachment_url>https://raw.githubusercontent.com/lesersokerbok/boksok.no-data-utils/master/output-example/images/14DF06E76EC3449EB711E118E8D17A92.jpg</wp:attachment_url>
        </item>
        <item>
            <wp:post_type>lsb_book</wp:post_type>
            <wp:status>publish</wp:status>
            <title>Skynd deg å elske</title>
            <excerpt:encoded><![CDATA[Hvordan oppleves det   når den du elsker får Alzheimer? ]]></excerpt:encoded>
            <wp:postmeta>
                <wp:meta_key>lsb_isbn</wp:meta_key>
                <wp:meta_value><![CDATA[9788248908876]]></wp:meta_value>
            </wp:postmeta>
            <wp:postmeta>
                <wp:meta_key>_lsb_isbn</wp:meta_key>
                <wp:meta_value><![CDATA[lsb_acf_isbn]]></wp:meta_value>
            </wp:postmeta>
            <wp:postmeta>
                <wp:meta_key>lsb_published_year</wp:meta_key>
                <wp:meta_value><![CDATA[2009]]></wp:meta_value>
            </wp:postmeta>
            <wp:postmeta>
                <wp:meta_key>_lsb_published_year</wp:meta_key>
                <wp:meta_value><![CDATA[lsb_acf_published_year]]></wp:meta_value>
            </wp:postmeta>
            <wp:postmeta>
                <wp:meta_key>lsb_pages</wp:meta_key>
                <wp:meta_value><![CDATA[175]]></wp:meta_value>
            </wp:postmeta>
            <wp:postmeta>
                <wp:meta_key>_lsb_pages</wp:meta_key>
                <wp:meta_value><![CDATA[lsb_acf_pages]]></wp:meta_value>
            </wp:postmeta>
            <wp:postmeta>
                <wp:meta_key>lsb_review</wp:meta_key>
                <wp:meta_value><![CDATA[  <p>Jan Henry T. Olsen har vært <br />  fiskeriminister i Norge. <br />  Dette er den sanne historien om <br />  hva som skjedde da han fikk <br />  diagnosen Alzheimer. <br />  Han var bare 51 år gammel, <br />  og så for seg en god alderdom <br />  sammen med kona si, Laila Lanes. <br />  I denne boka forteller hun om <br />  sjokket og fortvilelsen, <br />  men også om å holde sammen  <br />  selv når dagene blir mørkere. </p>  <div>Dette er en ærlig og personlig bok. <br />  <br />  Språket er ganske lett. Laila Lanes <br />  skriver direkte til leseren om <br />  tanker og følelser hun har. </div>  ]]></wp:meta_value>
            </wp:postmeta>
            <wp:postmeta>
                <wp:meta_key>_lsb_review</wp:meta_key>
                <wp:meta_value><![CDATA[lsb_acf_review]]></wp:meta_value>
            </wp:postmeta>
            <wp:postmeta>
                <wp:meta_key>lsb_quote</wp:meta_key>
                <wp:meta_value><![CDATA[Men så kjenner jeg også sorgen over at han er syk. Når jeg  ser andre ektepar som har det godt sammen, som får lov til   å vokse sammen, å eldes sammen, da stikker det i hjertet   mitt.   Da kjenner jeg at det haster, det haster å være glad i Jan   Henry. ]]></wp:meta_value>
            </wp:postmeta>
            <wp:postmeta>
                <wp:meta_key>_lsb_quote</wp:meta_key>
                <wp:meta_value><![CDATA[lsb_acf_quote]]></wp:meta_value>
            </wp:postmeta>
            <wp:postmeta>
                <wp:meta_key>lsb_supported</wp:meta_key>
                <wp:meta_value><![CDATA[0]]></wp:meta_value>
            </wp:postmeta>
            <wp:postmeta>
                <wp:meta_key>_lsb_supported</wp:meta_key>
                <wp:meta_value><![CDATA[lsb_acf_supported]]></wp:meta_value>
            </wp:postmeta>
            <category domain="lsb_tax_author" nicename="laila-lanes-og-jan-henry-t.-olsen"><![CDATA[Laila Lanes og Jan Henry T. Olsen]]></category>
            <category domain="lsb_tax_publisher" nicename="kagge-"><![CDATA[Kagge ]]></category>
            <wp:postmeta>
                <wp:meta_key>lsb_look_inside</wp:meta_key>
                <wp:meta_value><![CDATA[CUSTOM_BLA_I_BOKA]]></wp:meta_value>
            </wp:postmeta>
            <wp:postmeta>
                <wp:meta_key>_lsb_look_inside</wp:meta_key>
                <wp:meta_value><![CDATA[lsb_acf_look_inside]]></wp:meta_value>
            </wp:postmeta>
            <category domain="lsb_tax_age" nicename="voksne"><![CDATA[voksne]]></category>
            <category domain="lsb_tax_genre" nicename="faglitteratur"><![CDATA[faglitteratur]]></category>
            <category domain="lsb_tax_topic" nicename="mat"><![CDATA[mat]]></category>
            <category domain="lsb_tax_topic" nicename="helse"><![CDATA[helse]]></category>
            <category domain="lsb_tax_topic" nicename="mennesker-i-mellom"><![CDATA[mennesker i mellom]]></category>
            <category domain="lsb_tax_topic" nicename="kjærlighet"><![CDATA[kjærlighet]]></category>
            <category domain="lsb_tax_language" nicename="no_nb"><![CDATA[bokmål]]></category>
            <category domain="lsb_tax_customization" nicename="faglitteratur"><![CDATA[faglitteratur]]></category>
            <wp:postmeta>
                <wp:meta_key>_thumbnail_id</wp:meta_key>
                <wp:meta_value><![CDATA[5011]]></wp:meta_value>
            </wp:postmeta>
        </item>
        <item>
            <title>Skynd deg å elske.jpg</title>
            <wp:post_id>5011</wp:post_id>
            <wp:status>inherit</wp:status>
            <wp:post_type>attachment</wp:post_type>
            <wp:attachment_url>https://raw.githubusercontent.com/lesersokerbok/boksok.no-data-utils/master/output-example/images/3B5ACC3F8C864EACAD09CE500FECBAE9.jpg</wp:attachment_url>
        </item>
        <item>
            <wp:post_type>lsb_book</wp:post_type>
            <wp:status>publish</wp:status>
            <title>Norske sjøfolk </title>
            <excerpt:encoded><![CDATA[Rune Johansen kommer her med enda en flott bok   med fotografier og tekst om alt det rare som finnes i Norge. ]]></excerpt:encoded>
            <wp:postmeta>
                <wp:meta_key>lsb_isbn</wp:meta_key>
                <wp:meta_value><![CDATA[9788275473545]]></wp:meta_value>
            </wp:postmeta>
            <wp:postmeta>
                <wp:meta_key>_lsb_isbn</wp:meta_key>
                <wp:meta_value><![CDATA[lsb_acf_isbn]]></wp:meta_value>
            </wp:postmeta>
            <wp:postmeta>
                <wp:meta_key>lsb_published_year</wp:meta_key>
                <wp:meta_value><![CDATA[2009]]></wp:meta_value>
            </wp:postmeta>
            <wp:postmeta>
                <wp:meta_key>_lsb_published_year</wp:meta_key>
                <wp:meta_value><![CDATA[lsb_acf_published_year]]></wp:meta_value>
            </wp:postmeta>
            <wp:postmeta>
                <wp:meta_key>lsb_pages</wp:meta_key>
                <wp:meta_value><![CDATA[127]]></wp:meta_value>
            </wp:postmeta>
            <wp:postmeta>
                <wp:meta_key>_lsb_pages</wp:meta_key>
                <wp:meta_value><![CDATA[lsb_acf_pages]]></wp:meta_value>
            </wp:postmeta>
            <wp:postmeta>
                <wp:meta_key>lsb_review</wp:meta_key>
                <wp:meta_value><![CDATA[  <div>Rune Johansen er en av Norges <br />  fremste fotografer. <br />  Han har tatt mange bilder <br />  rundt omkring i Norge. <br />  Denne boka er en hyllest til <br />  norske sjøfolk. </div>  <div>Boka har mange flotte fotografier.<br />  Til hvert fotografi har Rune Johansen <br />  skrevet noe om menneskene han møtte <br />  og tingene han så. </div>  <div>&#160;</div>  <div><strong>Norske sjøfolk</strong> er en bok med </div>  <div>flotte fotografier i farger. <br />  Teksten er personlig og ganke enkel. <br />  Fonten er stor noen steder og mindre<br />  andre steder i boka.  </div>  <div>&#160;</div>  <div>  <div><strong>Rune Johansen </strong>har også gitt ut </div>  <div>flere bøker fotografier og tekst.</div>  <div>Disse heter <strong>Hiv Mannskjiten</strong> (2004), </div>  <div><strong>Så lenge det vara</strong> (2005), </div>  <div><strong>I Hemsedal</strong> (2006) og </div>  <div><strong>Da æ var i Amerika</strong> (2007). </div></div>  ]]></wp:meta_value>
            </wp:postmeta>
            <wp:postmeta>
                <wp:meta_key>_lsb_review</wp:meta_key>
                <wp:meta_value><![CDATA[lsb_acf_review]]></wp:meta_value>
            </wp:postmeta>
            <wp:postmeta>
                <wp:meta_key>lsb_quote</wp:meta_key>
                <wp:meta_value><![CDATA[Så besøkte jeg denne gamle skolestua   på Skagstad. Her hadde fanen malte,   runde motiver på begge sider.   På fanens forside var det malt en   seilskute som dro ut på havet. Med   fire kvinnfolk i bunad som tok farvel. ]]></wp:meta_value>
            </wp:postmeta>
            <wp:postmeta>
                <wp:meta_key>_lsb_quote</wp:meta_key>
                <wp:meta_value><![CDATA[lsb_acf_quote]]></wp:meta_value>
            </wp:postmeta>
            <wp:postmeta>
                <wp:meta_key>lsb_supported</wp:meta_key>
                <wp:meta_value><![CDATA[0]]></wp:meta_value>
            </wp:postmeta>
            <wp:postmeta>
                <wp:meta_key>_lsb_supported</wp:meta_key>
                <wp:meta_value><![CDATA[lsb_acf_supported]]></wp:meta_value>
            </wp:postmeta>
            <category domain="lsb_tax_author" nicename="rune-johansen"><![CDATA[Rune Johansen]]></category>
            <category domain="lsb_tax_publisher" nicename="press-"><![CDATA[Press ]]></category>
            <category domain="lsb_tax_illustrator" nicename="rune-johansen"><![CDATA[Rune Johansen]]></category>
            <wp:postmeta>
                <wp:meta_key>lsb_look_inside</wp:meta_key>
                <wp:meta_value><![CDATA[CUSTOM_BLA_I_BOKA]]></wp:meta_value>
            </wp:postmeta>
            <wp:postmeta>
                <wp:meta_key>_lsb_look_inside</wp:meta_key>
                <wp:meta_value><![CDATA[lsb_acf_look_inside]]></wp:meta_value>
            </wp:postmeta>
            <category domain="lsb_tax_age" nicename="voksne"><![CDATA[voksne]]></category>
            <category domain="lsb_tax_genre" nicename="faglitteratur"><![CDATA[faglitteratur]]></category>
            <category domain="lsb_tax_topic" nicename="historie"><![CDATA[historie]]></category>
            <category domain="lsb_tax_topic" nicename="samfunn"><![CDATA[samfunn]]></category>
            <category domain="lsb_tax_language" nicename="no_nb"><![CDATA[bokmål]]></category>
            <category domain="lsb_tax_customization" nicename="faglitteratur"><![CDATA[faglitteratur]]></category>
            <category domain="lsb_tax_customization" nicename="mange-bilder"><![CDATA[mange bilder]]></category>
            <wp:postmeta>
                <wp:meta_key>_thumbnail_id</wp:meta_key>
                <wp:meta_value><![CDATA[5012]]></wp:meta_value>
            </wp:postmeta>
        </item>
        <item>
            <title>Norske sjøfolk.jpg</title>
            <wp:post_id>5012</wp:post_id>
            <wp:status>inherit</wp:status>
            <wp:post_type>attachment</wp:post_type>
            <wp:attachment_url>https://raw.githubusercontent.com/lesersokerbok/boksok.no-data-utils/master/output-example/images/707303D5C8CA4496929A5E26DC28047F.jpg</wp:attachment_url>
        </item>
        <item>
            <wp:post_type>lsb_book</wp:post_type>
            <wp:status>publish</wp:status>
            <title>God skitur! Ski, smøring og teknikker</title>
            <excerpt:encoded><![CDATA[Liker du å gå på ski?   Eller liker du å mimre om hvor gøy det var   da du var liten? ]]></excerpt:encoded>
            <wp:postmeta>
                <wp:meta_key>lsb_isbn</wp:meta_key>
                <wp:meta_value><![CDATA[9788276941814]]></wp:meta_value>
            </wp:postmeta>
            <wp:postmeta>
                <wp:meta_key>_lsb_isbn</wp:meta_key>
                <wp:meta_value><![CDATA[lsb_acf_isbn]]></wp:meta_value>
            </wp:postmeta>
            <wp:postmeta>
                <wp:meta_key>lsb_published_year</wp:meta_key>
                <wp:meta_value><![CDATA[2004]]></wp:meta_value>
            </wp:postmeta>
            <wp:postmeta>
                <wp:meta_key>_lsb_published_year</wp:meta_key>
                <wp:meta_value><![CDATA[lsb_acf_published_year]]></wp:meta_value>
            </wp:postmeta>
            <wp:postmeta>
                <wp:meta_key>lsb_pages</wp:meta_key>
                <wp:meta_value><![CDATA[78]]></wp:meta_value>
            </wp:postmeta>
            <wp:postmeta>
                <wp:meta_key>_lsb_pages</wp:meta_key>
                <wp:meta_value><![CDATA[lsb_acf_pages]]></wp:meta_value>
            </wp:postmeta>
            <wp:postmeta>
                <wp:meta_key>lsb_review</wp:meta_key>
                <wp:meta_value><![CDATA[  <div>God tur! handler om alt det praktiske <br />  som kan gjøre det gøy å gå på ski. <br />  Dette er en bok som passer for deg <br />  - som synes du vet litt for lite om ski, <br />  utstyr, teknikk og smøring. <br />  - som egentlig vil gå litt oftere <br />  på ski enn du gjør <br />  - som husker at det var gøy <br />  før du selv måtte ordne med alt. </div>  <div>&#160;</div>  <p>Boka har ganske lette setninger. <br />  Oppsettet gjør at setningene blir <br />  ganske brede.</p>  ]]></wp:meta_value>
            </wp:postmeta>
            <wp:postmeta>
                <wp:meta_key>_lsb_review</wp:meta_key>
                <wp:meta_value><![CDATA[lsb_acf_review]]></wp:meta_value>
            </wp:postmeta>
            <wp:postmeta>
                <wp:meta_key>lsb_quote</wp:meta_key>
                <wp:meta_value><![CDATA[Riktig stavlengde er viktig. Mange bruker for   lange staver, og det kan ødelegge skigleden.   Nordmenn har tradisjonelt gått med nokså korte  staver på grunn av mye kupert terreng. Svensker   og især finner går oftere i flatere lende, der kan det   være behov for litt lengre staver. ]]></wp:meta_value>
            </wp:postmeta>
            <wp:postmeta>
                <wp:meta_key>_lsb_quote</wp:meta_key>
                <wp:meta_value><![CDATA[lsb_acf_quote]]></wp:meta_value>
            </wp:postmeta>
            <wp:postmeta>
                <wp:meta_key>lsb_supported</wp:meta_key>
                <wp:meta_value><![CDATA[0]]></wp:meta_value>
            </wp:postmeta>
            <wp:postmeta>
                <wp:meta_key>_lsb_supported</wp:meta_key>
                <wp:meta_value><![CDATA[lsb_acf_supported]]></wp:meta_value>
            </wp:postmeta>
            <category domain="lsb_tax_author" nicename="thor-gotaas"><![CDATA[Thor Gotaas]]></category>
            <category domain="lsb_tax_publisher" nicename="andersen-&amp;-butenschøn"><![CDATA[Andersen & Butenschøn]]></category>
            <wp:postmeta>
                <wp:meta_key>lsb_look_inside</wp:meta_key>
                <wp:meta_value><![CDATA[CUSTOM_BLA_I_BOKA]]></wp:meta_value>
            </wp:postmeta>
            <wp:postmeta>
                <wp:meta_key>_lsb_look_inside</wp:meta_key>
                <wp:meta_value><![CDATA[lsb_acf_look_inside]]></wp:meta_value>
            </wp:postmeta>
            <category domain="lsb_tax_age" nicename="voksne"><![CDATA[voksne]]></category>
            <category domain="lsb_tax_genre" nicename="faglitteratur"><![CDATA[faglitteratur]]></category>
            <category domain="lsb_tax_topic" nicename="sport"><![CDATA[sport]]></category>
            <category domain="lsb_tax_language" nicename="no_nb"><![CDATA[bokmål]]></category>
            <category domain="lsb_tax_customization" nicename="faglitteratur"><![CDATA[faglitteratur]]></category>
            <category domain="lsb_tax_customization" nicename="mange-bilder"><![CDATA[mange bilder]]></category>
            <wp:postmeta>
                <wp:meta_key>_thumbnail_id</wp:meta_key>
                <wp:meta_value><![CDATA[5013]]></wp:meta_value>
            </wp:postmeta>
        </item>
        <item>
            <title>God skitur.jpg</title>
            <wp:post_id>5013</wp:post_id>
            <wp:status>inherit</wp:status>
            <wp:post_type>attachment</wp:post_type>
            <wp:attachment_url>https://raw.githubusercontent.com/lesersokerbok/boksok.no-data-utils/master/output-example/images/885ADECB183343B18D53EB57BB3E48E1.jpg</wp:attachment_url>
        </item>
        <item>
            <wp:post_type>lsb_book</wp:post_type>
            <wp:status>publish</wp:status>
            <title>Den vanvittige</title>
            <excerpt:encoded><![CDATA[Hva er meningen med livet?   Hva vet vi mennesker egentlig om alt som skjer? ]]></excerpt:encoded>
            <wp:postmeta>
                <wp:meta_key>lsb_isbn</wp:meta_key>
                <wp:meta_value><![CDATA[9788204099839]]></wp:meta_value>
            </wp:postmeta>
            <wp:postmeta>
                <wp:meta_key>_lsb_isbn</wp:meta_key>
                <wp:meta_value><![CDATA[lsb_acf_isbn]]></wp:meta_value>
            </wp:postmeta>
            <wp:postmeta>
                <wp:meta_key>lsb_published_year</wp:meta_key>
                <wp:meta_value><![CDATA[2004]]></wp:meta_value>
            </wp:postmeta>
            <wp:postmeta>
                <wp:meta_key>_lsb_published_year</wp:meta_key>
                <wp:meta_value><![CDATA[lsb_acf_published_year]]></wp:meta_value>
            </wp:postmeta>
            <wp:postmeta>
                <wp:meta_key>lsb_pages</wp:meta_key>
                <wp:meta_value><![CDATA[75]]></wp:meta_value>
            </wp:postmeta>
            <wp:postmeta>
                <wp:meta_key>_lsb_pages</wp:meta_key>
                <wp:meta_value><![CDATA[lsb_acf_pages]]></wp:meta_value>
            </wp:postmeta>
            <wp:postmeta>
                <wp:meta_key>lsb_review</wp:meta_key>
                <wp:meta_value><![CDATA[  <div><strong>Den Vanvittige</strong> er en samling med historier, <br />  korttekster og dikt som får deg til å tenke. <br />  Noen er nærmest som lignelser, <br />  mens andre bare er to-tre setninger lange.<br />  Alle handler om sider ved livet.  </div>  <div>&#160;</div>  <div>Forfatteren <strong>Khalil Gibran</strong> <br />  er også kjent for boka Profeten. <br />  Her kommer han med flere <br />  interessante betraktninger av livet. </div>  <div>&#160;</div>  <p>Språket er ganske enkelt, <br />  og hver fortelling er kort. </p>  ]]></wp:meta_value>
            </wp:postmeta>
            <wp:postmeta>
                <wp:meta_key>_lsb_review</wp:meta_key>
                <wp:meta_value><![CDATA[lsb_acf_review]]></wp:meta_value>
            </wp:postmeta>
            <wp:postmeta>
                <wp:meta_key>lsb_quote</wp:meta_key>
                <wp:meta_value><![CDATA[I går kveld fant jeg opp en ny for-  nøyelse, og da jeg skulle prøve den   for første gang, kom en engel og en  djevel settende mot huset mitt fra hver sin   kant. De møttes i døren og begynte straks å   krangle om min nyoppdagete fornøyelse; den   ene skrek: "Det er en synd!" Og den andre  svarte: "Det er en dyd!" ]]></wp:meta_value>
            </wp:postmeta>
            <wp:postmeta>
                <wp:meta_key>_lsb_quote</wp:meta_key>
                <wp:meta_value><![CDATA[lsb_acf_quote]]></wp:meta_value>
            </wp:postmeta>
            <wp:postmeta>
                <wp:meta_key>lsb_supported</wp:meta_key>
                <wp:meta_value><![CDATA[0]]></wp:meta_value>
            </wp:postmeta>
            <wp:postmeta>
                <wp:meta_key>_lsb_supported</wp:meta_key>
                <wp:meta_value><![CDATA[lsb_acf_supported]]></wp:meta_value>
            </wp:postmeta>
            <category domain="lsb_tax_author" nicename="kahlil-gibran"><![CDATA[Kahlil Gibran]]></category>
            <category domain="lsb_tax_publisher" nicename="damm"><![CDATA[Damm]]></category>
            <wp:postmeta>
                <wp:meta_key>lsb_look_inside</wp:meta_key>
                <wp:meta_value><![CDATA[CUSTOM_BLA_I_BOKA]]></wp:meta_value>
            </wp:postmeta>
            <wp:postmeta>
                <wp:meta_key>_lsb_look_inside</wp:meta_key>
                <wp:meta_value><![CDATA[lsb_acf_look_inside]]></wp:meta_value>
            </wp:postmeta>
            <category domain="lsb_tax_age" nicename="voksne"><![CDATA[voksne]]></category>
            <category domain="lsb_tax_language" nicename="no_nb"><![CDATA[bokmål]]></category>
            <category domain="lsb_tax_customization" nicename="skjønnlitteratur"><![CDATA[skjønnlitteratur]]></category>
            <wp:postmeta>
                <wp:meta_key>_thumbnail_id</wp:meta_key>
                <wp:meta_value><![CDATA[5014]]></wp:meta_value>
            </wp:postmeta>
        </item>
        <item>
            <title>Den vanvittige.jpg</title>
            <wp:post_id>5014</wp:post_id>
            <wp:status>inherit</wp:status>
            <wp:post_type>attachment</wp:post_type>
            <wp:attachment_url>https://raw.githubusercontent.com/lesersokerbok/boksok.no-data-utils/master/output-example/images/E636F996B99E4BA08C9655BFEE099D7B.jpg</wp:attachment_url>
        </item>
        <item>
            <wp:post_type>lsb_book</wp:post_type>
            <wp:status>publish</wp:status>
            <title>Mens Blücher sank</title>
            <excerpt:encoded><![CDATA[Dette er en spennende bok   der handlingen skjer under 2.verdenskrig. ]]></excerpt:encoded>
            <wp:postmeta>
                <wp:meta_key>lsb_isbn</wp:meta_key>
                <wp:meta_value><![CDATA[9788204144904]]></wp:meta_value>
            </wp:postmeta>
            <wp:postmeta>
                <wp:meta_key>_lsb_isbn</wp:meta_key>
                <wp:meta_value><![CDATA[lsb_acf_isbn]]></wp:meta_value>
            </wp:postmeta>
            <wp:postmeta>
                <wp:meta_key>lsb_published_year</wp:meta_key>
                <wp:meta_value><![CDATA[2009]]></wp:meta_value>
            </wp:postmeta>
            <wp:postmeta>
                <wp:meta_key>_lsb_published_year</wp:meta_key>
                <wp:meta_value><![CDATA[lsb_acf_published_year]]></wp:meta_value>
            </wp:postmeta>
            <wp:postmeta>
                <wp:meta_key>lsb_pages</wp:meta_key>
                <wp:meta_value><![CDATA[219]]></wp:meta_value>
            </wp:postmeta>
            <wp:postmeta>
                <wp:meta_key>_lsb_pages</wp:meta_key>
                <wp:meta_value><![CDATA[lsb_acf_pages]]></wp:meta_value>
            </wp:postmeta>
            <wp:postmeta>
                <wp:meta_key>lsb_review</wp:meta_key>
                <wp:meta_value><![CDATA[  <div>Året er 1940. Bjørg er 16 år gammel. <br />  Hun går rundt i gatene, alene. <br />  Hjemme ligger moren hennes alvorlig syk. <br />  Samtidig seiler det tyske krigsskipet Blücher <br />  inn Oslofjorden. Ved en av kanonene står <br />  nittenåringen Karl. <br />  De kjenner ikke hverandre, <br />  men noe skal føre dem sammen. </div>  <div>&#160;</div>  <p><strong>Mens Blücher sank</strong> er en spennende historie. <br />  Teksten er ganske enkel.</p>  ]]></wp:meta_value>
            </wp:postmeta>
            <wp:postmeta>
                <wp:meta_key>_lsb_review</wp:meta_key>
                <wp:meta_value><![CDATA[lsb_acf_review]]></wp:meta_value>
            </wp:postmeta>
            <wp:postmeta>
                <wp:meta_key>lsb_quote</wp:meta_key>
                <wp:meta_value/>
            </wp:postmeta>
            <wp:postmeta>
                <wp:meta_key>_lsb_quote</wp:meta_key>
                <wp:meta_value><![CDATA[lsb_acf_quote]]></wp:meta_value>
            </wp:postmeta>
            <wp:postmeta>
                <wp:meta_key>lsb_supported</wp:meta_key>
                <wp:meta_value><![CDATA[0]]></wp:meta_value>
            </wp:postmeta>
            <wp:postmeta>
                <wp:meta_key>_lsb_supported</wp:meta_key>
                <wp:meta_value><![CDATA[lsb_acf_supported]]></wp:meta_value>
            </wp:postmeta>
            <category domain="lsb_tax_author" nicename="axel-hellstenius"><![CDATA[Axel Hellstenius]]></category>
            <category domain="lsb_tax_publisher" nicename="cappelen-damm"><![CDATA[Cappelen Damm]]></category>
            <wp:postmeta>
                <wp:meta_key>lsb_look_inside</wp:meta_key>
                <wp:meta_value><![CDATA[CUSTOM_BLA_I_BOKA]]></wp:meta_value>
            </wp:postmeta>
            <wp:postmeta>
                <wp:meta_key>_lsb_look_inside</wp:meta_key>
                <wp:meta_value><![CDATA[lsb_acf_look_inside]]></wp:meta_value>
            </wp:postmeta>
            <category domain="lsb_tax_age" nicename="ungdom"><![CDATA[ungdom]]></category>
            <category domain="lsb_tax_age" nicename="voksne"><![CDATA[voksne]]></category>
            <category domain="lsb_tax_genre" nicename="prosa"><![CDATA[prosa]]></category>
            <category domain="lsb_tax_topic" nicename="historie"><![CDATA[historie]]></category>
            <category domain="lsb_tax_topic" nicename="samfunn"><![CDATA[samfunn]]></category>
            <category domain="lsb_tax_language" nicename="no_nb"><![CDATA[bokmål]]></category>
            <category domain="lsb_tax_customization" nicename="skjønnlitteratur"><![CDATA[skjønnlitteratur]]></category>
            <wp:postmeta>
                <wp:meta_key>_thumbnail_id</wp:meta_key>
                <wp:meta_value><![CDATA[5015]]></wp:meta_value>
            </wp:postmeta>
        </item>
        <item>
            <title>Mens Blücher sank.jpg</title>
            <wp:post_id>5015</wp:post_id>
            <wp:status>inherit</wp:status>
            <wp:post_type>attachment</wp:post_type>
            <wp:attachment_url>https://raw.githubusercontent.com/lesersokerbok/boksok.no-data-utils/master/output-example/images/7CCC68C92DA541DD848FCAE02A4CDF73.jpg</wp:attachment_url>
        </item>
        <item>
            <wp:post_type>lsb_book</wp:post_type>
            <wp:status>publish</wp:status>
            <title>Spor snø</title>
            <excerpt:encoded><![CDATA[Her kan du lese korte dikt av Jan Erik Vold,   en av Norges mest kjente diktere.   Diktene er lette å lese og lager fine bilder. ]]></excerpt:encoded>
            <wp:postmeta>
                <wp:meta_key>lsb_isbn</wp:meta_key>
                <wp:meta_value/>
            </wp:postmeta>
            <wp:postmeta>
                <wp:meta_key>_lsb_isbn</wp:meta_key>
                <wp:meta_value><![CDATA[lsb_acf_isbn]]></wp:meta_value>
            </wp:postmeta>
            <wp:postmeta>
                <wp:meta_key>lsb_published_year</wp:meta_key>
                <wp:meta_value><![CDATA[1970]]></wp:meta_value>
            </wp:postmeta>
            <wp:postmeta>
                <wp:meta_key>_lsb_published_year</wp:meta_key>
                <wp:meta_value><![CDATA[lsb_acf_published_year]]></wp:meta_value>
            </wp:postmeta>
            <wp:postmeta>
                <wp:meta_key>lsb_pages</wp:meta_key>
                <wp:meta_value/>
            </wp:postmeta>
            <wp:postmeta>
                <wp:meta_key>_lsb_pages</wp:meta_key>
                <wp:meta_value><![CDATA[lsb_acf_pages]]></wp:meta_value>
            </wp:postmeta>
            <wp:postmeta>
                <wp:meta_key>lsb_review</wp:meta_key>
                <wp:meta_value><![CDATA[  <div><strong>Spor snø</strong> er en samling med <br />  veldig korte dikt. <br />  De fleste diktene er bare på <br />  tre linjer. <br />  Diktene lager fine, rare<br />  og morsomme bilder. </div>  <div>&#160;</div>  <div>Disse diktene er lette å lese, <br />  samtidig er det stor poesi. <br />  Bildene diktene skaper er<br />  lette å se for seg.  <br />  De får deg til å tenke<br />  og lage egne bilder. </div>  <div>&#160;</div>  <div><strong>Jan Erik Vold</strong> er en av Norges <br />  mest kjente diktere. <br />  Spor snø kom ut i 1970. <br />  Den er ikke lenger i salg, <br />  men finnes i samligen "<strong>Huset er hvitt</strong>". </div>  <div>Diktene i samlingen er dessverre satt </div>  <div>med tettere font og mindre luft </div>  <div>enn diktene i den opprinnelige utgaven. </div>  <div>Det kan derfor lønne seg å låne boka </div>  <div>på biblioteket. </div>  <div>&#160;</div>  ]]></wp:meta_value>
            </wp:postmeta>
            <wp:postmeta>
                <wp:meta_key>_lsb_review</wp:meta_key>
                <wp:meta_value><![CDATA[lsb_acf_review]]></wp:meta_value>
            </wp:postmeta>
            <wp:postmeta>
                <wp:meta_key>lsb_quote</wp:meta_key>
                <wp:meta_value><![CDATA[bare lukk   igjen vinduet   du ]]></wp:meta_value>
            </wp:postmeta>
            <wp:postmeta>
                <wp:meta_key>_lsb_quote</wp:meta_key>
                <wp:meta_value><![CDATA[lsb_acf_quote]]></wp:meta_value>
            </wp:postmeta>
            <wp:postmeta>
                <wp:meta_key>lsb_supported</wp:meta_key>
                <wp:meta_value><![CDATA[0]]></wp:meta_value>
            </wp:postmeta>
            <wp:postmeta>
                <wp:meta_key>_lsb_supported</wp:meta_key>
                <wp:meta_value><![CDATA[lsb_acf_supported]]></wp:meta_value>
            </wp:postmeta>
            <category domain="lsb_tax_author" nicename="jan-erik-vold"><![CDATA[Jan Erik Vold]]></category>
            <category domain="lsb_tax_publisher" nicename="gyldendal-"><![CDATA[Gyldendal ]]></category>
            <wp:postmeta>
                <wp:meta_key>lsb_look_inside</wp:meta_key>
                <wp:meta_value><![CDATA[CUSTOM_BLA_I_BOKA]]></wp:meta_value>
            </wp:postmeta>
            <wp:postmeta>
                <wp:meta_key>_lsb_look_inside</wp:meta_key>
                <wp:meta_value><![CDATA[lsb_acf_look_inside]]></wp:meta_value>
            </wp:postmeta>
            <category domain="lsb_tax_age" nicename="voksne"><![CDATA[voksne]]></category>
            <category domain="lsb_tax_genre" nicename="prosa"><![CDATA[prosa]]></category>
            <category domain="lsb_tax_language" nicename="no_nb"><![CDATA[bokmål]]></category>
            <category domain="lsb_tax_customization" nicename="skjønnlitteratur"><![CDATA[skjønnlitteratur]]></category>
            <wp:postmeta>
                <wp:meta_key>_thumbnail_id</wp:meta_key>
                <wp:meta_value><![CDATA[5016]]></wp:meta_value>
            </wp:postmeta>
        </item>
        <item>
            <title>Spor snø.jpg</title>
            <wp:post_id>5016</wp:post_id>
            <wp:status>inherit</wp:status>
            <wp:post_type>attachment</wp:post_type>
            <wp:attachment_url>https://raw.githubusercontent.com/lesersokerbok/boksok.no-data-utils/master/output-example/images/08444E325832487093555E21E68D03BE.jpg</wp:attachment_url>
        </item>
        <item>
            <wp:post_type>lsb_book</wp:post_type>
            <wp:status>publish</wp:status>
            <title>Flammekaster</title>
            <excerpt:encoded><![CDATA[Dette er en sterk og rå diktsamling av et av 80-tallets viktigste poeter. ]]></excerpt:encoded>
            <wp:postmeta>
                <wp:meta_key>lsb_isbn</wp:meta_key>
                <wp:meta_value><![CDATA[8203104673]]></wp:meta_value>
            </wp:postmeta>
            <wp:postmeta>
                <wp:meta_key>_lsb_isbn</wp:meta_key>
                <wp:meta_value><![CDATA[lsb_acf_isbn]]></wp:meta_value>
            </wp:postmeta>
            <wp:postmeta>
                <wp:meta_key>lsb_published_year</wp:meta_key>
                <wp:meta_value><![CDATA[1981]]></wp:meta_value>
            </wp:postmeta>
            <wp:postmeta>
                <wp:meta_key>_lsb_published_year</wp:meta_key>
                <wp:meta_value><![CDATA[lsb_acf_published_year]]></wp:meta_value>
            </wp:postmeta>
            <wp:postmeta>
                <wp:meta_key>lsb_pages</wp:meta_key>
                <wp:meta_value><![CDATA[102]]></wp:meta_value>
            </wp:postmeta>
            <wp:postmeta>
                <wp:meta_key>_lsb_pages</wp:meta_key>
                <wp:meta_value><![CDATA[lsb_acf_pages]]></wp:meta_value>
            </wp:postmeta>
            <wp:postmeta>
                <wp:meta_key>lsb_review</wp:meta_key>
                <wp:meta_value><![CDATA[  <div>Disse diktene er enkle, rå <br />  og direkte. <br />  De handler om hvordan det er <br />  å være ung og levende.  </div>  <div>&#160;</div>  <p><strong>Gene Dalby</strong> er en poet som var<br />  talerør for punk-generasjonen i 1980-årene.  </p>  <p>Denne boka er dessverre ikke lenger <br />  i salg, men kan lånes på biblioteket. </p>  ]]></wp:meta_value>
            </wp:postmeta>
            <wp:postmeta>
                <wp:meta_key>_lsb_review</wp:meta_key>
                <wp:meta_value><![CDATA[lsb_acf_review]]></wp:meta_value>
            </wp:postmeta>
            <wp:postmeta>
                <wp:meta_key>lsb_quote</wp:meta_key>
                <wp:meta_value><![CDATA[Oppdagelse    Skipet gikk på grunn   Livbåten var lekk   Kapteinen skjøt seg på broen     Da skjønte jeg   At reisen var over]]></wp:meta_value>
            </wp:postmeta>
            <wp:postmeta>
                <wp:meta_key>_lsb_quote</wp:meta_key>
                <wp:meta_value><![CDATA[lsb_acf_quote]]></wp:meta_value>
            </wp:postmeta>
            <wp:postmeta>
                <wp:meta_key>lsb_supported</wp:meta_key>
                <wp:meta_value><![CDATA[0]]></wp:meta_value>
            </wp:postmeta>
            <wp:postmeta>
                <wp:meta_key>_lsb_supported</wp:meta_key>
                <wp:meta_value><![CDATA[lsb_acf_supported]]></wp:meta_value>
            </wp:postmeta>
            <category domain="lsb_tax_author" nicename="gene-dalby"><![CDATA[Gene Dalby]]></category>
            <category domain="lsb_tax_publisher" nicename="aschehoug-"><![CDATA[Aschehoug ]]></category>
            <wp:postmeta>
                <wp:meta_key>lsb_look_inside</wp:meta_key>
                <wp:meta_value><![CDATA[CUSTOM_BLA_I_BOKA]]></wp:meta_value>
            </wp:postmeta>
            <wp:postmeta>
                <wp:meta_key>_lsb_look_inside</wp:meta_key>
                <wp:meta_value><![CDATA[lsb_acf_look_inside]]></wp:meta_value>
            </wp:postmeta>
            <category domain="lsb_tax_age" nicename="voksne"><![CDATA[voksne]]></category>
            <category domain="lsb_tax_genre" nicename="dikt"><![CDATA[dikt]]></category>
            <category domain="lsb_tax_language" nicename="no_nb"><![CDATA[bokmål]]></category>
            <category domain="lsb_tax_customization" nicename="skjønnlitteratur"><![CDATA[skjønnlitteratur]]></category>
            <wp:postmeta>
                <wp:meta_key>_thumbnail_id</wp:meta_key>
                <wp:meta_value><![CDATA[5017]]></wp:meta_value>
            </wp:postmeta>
        </item>
        <item>
            <title>Flammekaster.jpg</title>
            <wp:post_id>5017</wp:post_id>
            <wp:status>inherit</wp:status>
            <wp:post_type>attachment</wp:post_type>
            <wp:attachment_url>https://raw.githubusercontent.com/lesersokerbok/boksok.no-data-utils/master/output-example/images/89D5EAD91F934583AA3C0ED511D5628F.jpg</wp:attachment_url>
        </item>
        <item>
            <wp:post_type>lsb_book</wp:post_type>
            <wp:status>publish</wp:status>
            <title>Tyl</title>
            <excerpt:encoded><![CDATA[Ei natt skriv Ove Ullkvam under på   ein avtale som forandrar alt. ]]></excerpt:encoded>
            <wp:postmeta>
                <wp:meta_key>lsb_isbn</wp:meta_key>
                <wp:meta_value><![CDATA[9788252165142]]></wp:meta_value>
            </wp:postmeta>
            <wp:postmeta>
                <wp:meta_key>_lsb_isbn</wp:meta_key>
                <wp:meta_value><![CDATA[lsb_acf_isbn]]></wp:meta_value>
            </wp:postmeta>
            <wp:postmeta>
                <wp:meta_key>lsb_published_year</wp:meta_key>
                <wp:meta_value><![CDATA[2005]]></wp:meta_value>
            </wp:postmeta>
            <wp:postmeta>
                <wp:meta_key>_lsb_published_year</wp:meta_key>
                <wp:meta_value><![CDATA[lsb_acf_published_year]]></wp:meta_value>
            </wp:postmeta>
            <wp:postmeta>
                <wp:meta_key>lsb_pages</wp:meta_key>
                <wp:meta_value><![CDATA[202]]></wp:meta_value>
            </wp:postmeta>
            <wp:postmeta>
                <wp:meta_key>_lsb_pages</wp:meta_key>
                <wp:meta_value><![CDATA[lsb_acf_pages]]></wp:meta_value>
            </wp:postmeta>
            <wp:postmeta>
                <wp:meta_key>lsb_review</wp:meta_key>
                <wp:meta_value><![CDATA[  <div>Ove Ullkvam bur i ei lita bygd <br />  på Vestlandet. Ove er postmann.  <br />  Han gjer det folk ber man om, <br />  til og med når mige-magda <br />  skal ha levert urinprøva si. <br />  I fylla skriv Ove og bestekompisen <br />  Ragnar ein avtale som forandrar alt. <br />  Ein avtale som skal hjelpe Ove til å <br />  finna seg sjølv. <br />  Men Ove finn også mykje anna. <br />  Blant anna den store kjærleiken. </div>  <div>&#160;</div>  <p><strong>Tyl</strong> er ei munter forteljing <br />  med eit enkelt språk. </p>  ]]></wp:meta_value>
            </wp:postmeta>
            <wp:postmeta>
                <wp:meta_key>_lsb_review</wp:meta_key>
                <wp:meta_value><![CDATA[lsb_acf_review]]></wp:meta_value>
            </wp:postmeta>
            <wp:postmeta>
                <wp:meta_key>lsb_quote</wp:meta_key>
                <wp:meta_value><![CDATA[- Straks tilbake, sa ho. - Dette beklagar eg så mykje.   Skjønar ikkje kva eg har tenkt på.   - No var du flink gut, sa Ragnar.   - Eg får vel gratis hotellrom på Vossa Jazz for dette, sa   eg.   - Nei, så enkelt er det ikkje.   Eg fortalde at eg hadde mø]]></wp:meta_value>
            </wp:postmeta>
            <wp:postmeta>
                <wp:meta_key>_lsb_quote</wp:meta_key>
                <wp:meta_value><![CDATA[lsb_acf_quote]]></wp:meta_value>
            </wp:postmeta>
            <wp:postmeta>
                <wp:meta_key>lsb_supported</wp:meta_key>
                <wp:meta_value><![CDATA[0]]></wp:meta_value>
            </wp:postmeta>
            <wp:postmeta>
                <wp:meta_key>_lsb_supported</wp:meta_key>
                <wp:meta_value><![CDATA[lsb_acf_supported]]></wp:meta_value>
            </wp:postmeta>
            <category domain="lsb_tax_author" nicename="finn-tokvam-og-halvor-folgerø"><![CDATA[Finn Tokvam og Halvor Folgerø]]></category>
            <category domain="lsb_tax_publisher" nicename="samlaget"><![CDATA[Samlaget]]></category>
            <wp:postmeta>
                <wp:meta_key>lsb_look_inside</wp:meta_key>
                <wp:meta_value><![CDATA[CUSTOM_BLA_I_BOKA]]></wp:meta_value>
            </wp:postmeta>
            <wp:postmeta>
                <wp:meta_key>_lsb_look_inside</wp:meta_key>
                <wp:meta_value><![CDATA[lsb_acf_look_inside]]></wp:meta_value>
            </wp:postmeta>
            <category domain="lsb_tax_age" nicename="voksne"><![CDATA[voksne]]></category>
            <category domain="lsb_tax_genre" nicename="prosa"><![CDATA[prosa]]></category>
            <category domain="lsb_tax_topic" nicename="kjærlighet"><![CDATA[kjærlighet]]></category>
            <category domain="lsb_tax_topic" nicename="mennesker-i-mellom"><![CDATA[mennesker i mellom]]></category>
            <category domain="lsb_tax_language" nicename="no_nb"><![CDATA[bokmål]]></category>
            <category domain="lsb_tax_customization" nicename="skjønnlitteratur"><![CDATA[skjønnlitteratur]]></category>
            <wp:postmeta>
                <wp:meta_key>_thumbnail_id</wp:meta_key>
                <wp:meta_value><![CDATA[5018]]></wp:meta_value>
            </wp:postmeta>
        </item>
        <item>
            <title>Tyl.jpg</title>
            <wp:post_id>5018</wp:post_id>
            <wp:status>inherit</wp:status>
            <wp:post_type>attachment</wp:post_type>
            <wp:attachment_url>https://raw.githubusercontent.com/lesersokerbok/boksok.no-data-utils/master/output-example/images/C1C4D31E2A11472CA27694DD6AF8E456.jpg</wp:attachment_url>
        </item>
        <item>
            <wp:post_type>lsb_book</wp:post_type>
            <wp:status>publish</wp:status>
            <title>Alt det som er</title>
            <excerpt:encoded><![CDATA[Han er kaptein.   Men no er han slett ikkje sikker på   om han greier å ha kontrollen. ]]></excerpt:encoded>
            <wp:postmeta>
                <wp:meta_key>lsb_isbn</wp:meta_key>
                <wp:meta_value><![CDATA[9788203251290]]></wp:meta_value>
            </wp:postmeta>
            <wp:postmeta>
                <wp:meta_key>_lsb_isbn</wp:meta_key>
                <wp:meta_value><![CDATA[lsb_acf_isbn]]></wp:meta_value>
            </wp:postmeta>
            <wp:postmeta>
                <wp:meta_key>lsb_published_year</wp:meta_key>
                <wp:meta_value><![CDATA[2010]]></wp:meta_value>
            </wp:postmeta>
            <wp:postmeta>
                <wp:meta_key>_lsb_published_year</wp:meta_key>
                <wp:meta_value><![CDATA[lsb_acf_published_year]]></wp:meta_value>
            </wp:postmeta>
            <wp:postmeta>
                <wp:meta_key>lsb_pages</wp:meta_key>
                <wp:meta_value><![CDATA[69]]></wp:meta_value>
            </wp:postmeta>
            <wp:postmeta>
                <wp:meta_key>_lsb_pages</wp:meta_key>
                <wp:meta_value><![CDATA[lsb_acf_pages]]></wp:meta_value>
            </wp:postmeta>
            <wp:postmeta>
                <wp:meta_key>lsb_review</wp:meta_key>
                <wp:meta_value><![CDATA[  <div>En ung ubåtkapten skal bli far <br />  for første gong. <br />  Til mannskapet sitt kan kan ikkje seie <br />  kva han tenkjer på, men han kan fortjele det <br />  til sonen som er på veg. </div>  <div>&#160;</div>  <p><strong>Bjørn Sortland</strong> skriv enkelt og poetisk <br />  i denne bileteboka for vaksne. <br />  Bileta er laga av den nederlandske <br />  kunstnaren <strong>Paul Dikker</strong>. </p>  ]]></wp:meta_value>
            </wp:postmeta>
            <wp:postmeta>
                <wp:meta_key>_lsb_review</wp:meta_key>
                <wp:meta_value><![CDATA[lsb_acf_review]]></wp:meta_value>
            </wp:postmeta>
            <wp:postmeta>
                <wp:meta_key>lsb_quote</wp:meta_key>
                <wp:meta_value><![CDATA[Dei seier at ein sjømann har ei kvinne som ventar   i kvar einaste hamn. Det stemmer ikkje.   Det er berre Anna som ventar meg.   Men Anna og eg ventar på deg. ]]></wp:meta_value>
            </wp:postmeta>
            <wp:postmeta>
                <wp:meta_key>_lsb_quote</wp:meta_key>
                <wp:meta_value><![CDATA[lsb_acf_quote]]></wp:meta_value>
            </wp:postmeta>
            <wp:postmeta>
                <wp:meta_key>lsb_supported</wp:meta_key>
                <wp:meta_value><![CDATA[1]]></wp:meta_value>
            </wp:postmeta>
            <wp:postmeta>
                <wp:meta_key>_lsb_supported</wp:meta_key>
                <wp:meta_value><![CDATA[lsb_acf_supported]]></wp:meta_value>
            </wp:postmeta>
            <wp:postmeta>
                <wp:meta_key>lsb_support_cat</wp:meta_key>
                <wp:meta_value><![CDATA[purple]]></wp:meta_value>
            </wp:postmeta>
            <wp:postmeta>
                <wp:meta_key>_lsb_support_cat</wp:meta_key>
                <wp:meta_value><![CDATA[lsb_acf_support_cat]]></wp:meta_value>
            </wp:postmeta>
            <category domain="lsb_tax_author" nicename="bjørn-sortland"><![CDATA[Bjørn Sortland]]></category>
            <category domain="lsb_tax_publisher" nicename="aschehoug-"><![CDATA[Aschehoug ]]></category>
            <category domain="lsb_tax_illustrator" nicename="paul-dikker"><![CDATA[Paul Dikker]]></category>
            <wp:postmeta>
                <wp:meta_key>lsb_look_inside</wp:meta_key>
                <wp:meta_value><![CDATA[CUSTOM_BLA_I_BOKA]]></wp:meta_value>
            </wp:postmeta>
            <wp:postmeta>
                <wp:meta_key>_lsb_look_inside</wp:meta_key>
                <wp:meta_value><![CDATA[lsb_acf_look_inside]]></wp:meta_value>
            </wp:postmeta>
            <category domain="lsb_tax_age" nicename="voksne"><![CDATA[voksne]]></category>
            <category domain="lsb_tax_genre" nicename="prosa"><![CDATA[prosa]]></category>
            <category domain="lsb_tax_topic" nicename="natur"><![CDATA[natur]]></category>
            <category domain="lsb_tax_language" nicename="no_nn"><![CDATA[nynorsk]]></category>
            <category domain="lsb_tax_customization" nicename="skjønnlitteratur"><![CDATA[skjønnlitteratur]]></category>
            <category domain="lsb_tax_customization" nicename="mange-bilder"><![CDATA[mange bilder]]></category>
            <wp:postmeta>
                <wp:meta_key>_thumbnail_id</wp:meta_key>
                <wp:meta_value><![CDATA[5019]]></wp:meta_value>
            </wp:postmeta>
        </item>
        <item>
            <title>Alt det som er.jpg</title>
            <wp:post_id>5019</wp:post_id>
            <wp:status>inherit</wp:status>
            <wp:post_type>attachment</wp:post_type>
            <wp:attachment_url>https://raw.githubusercontent.com/lesersokerbok/boksok.no-data-utils/master/output-example/images/BF814B33D00E4114A1507882D3B51C7B.jpg</wp:attachment_url>
        </item>
        <item>
            <wp:post_type>lsb_book</wp:post_type>
            <wp:status>publish</wp:status>
            <title>Levende - vips død! </title>
            <excerpt:encoded><![CDATA[Her kan du lese en morsom bok   om hvordan det er å være en ekte hypokondor. ]]></excerpt:encoded>
            <wp:postmeta>
                <wp:meta_key>lsb_isbn</wp:meta_key>
                <wp:meta_value><![CDATA[9788279000846]]></wp:meta_value>
            </wp:postmeta>
            <wp:postmeta>
                <wp:meta_key>_lsb_isbn</wp:meta_key>
                <wp:meta_value><![CDATA[lsb_acf_isbn]]></wp:meta_value>
            </wp:postmeta>
            <wp:postmeta>
                <wp:meta_key>lsb_published_year</wp:meta_key>
                <wp:meta_value><![CDATA[2000]]></wp:meta_value>
            </wp:postmeta>
            <wp:postmeta>
                <wp:meta_key>_lsb_published_year</wp:meta_key>
                <wp:meta_value><![CDATA[lsb_acf_published_year]]></wp:meta_value>
            </wp:postmeta>
            <wp:postmeta>
                <wp:meta_key>lsb_pages</wp:meta_key>
                <wp:meta_value><![CDATA[123]]></wp:meta_value>
            </wp:postmeta>
            <wp:postmeta>
                <wp:meta_key>_lsb_pages</wp:meta_key>
                <wp:meta_value><![CDATA[lsb_acf_pages]]></wp:meta_value>
            </wp:postmeta>
            <wp:postmeta>
                <wp:meta_key>lsb_review</wp:meta_key>
                <wp:meta_value><![CDATA[  <div><strong>Levende - vips død!</strong> handler om <br />  en mann som er redd for alt mulig. <br />  Blant annet er han redd for å dø. <br />  Psykologen P.J.Brinckmann verver <br />  pasientene sine ved å dele ut <br />  visittkort på trikken. <br />  Mottoet hans er: Frykten er vår venn. <br />  Hva skjer når de to møtes? </div>  <div>&#160;</div>  <p>Boka har korte kapitler <br />  og ganske enkelt språk. <br />  Det er en morsom bok som får oss til å le<br />  av alt det vi er redde for. </p>  ]]></wp:meta_value>
            </wp:postmeta>
            <wp:postmeta>
                <wp:meta_key>_lsb_review</wp:meta_key>
                <wp:meta_value><![CDATA[lsb_acf_review]]></wp:meta_value>
            </wp:postmeta>
            <wp:postmeta>
                <wp:meta_key>lsb_quote</wp:meta_key>
                <wp:meta_value><![CDATA[Jeg røyker og har blitt mer og mer redd for dette i   det siste. Kanskje ikke så unaturlig, men jeg har   aldri vært det før. Jeg er redd for lungebetennelse   blant annet. Det er veldig lett å få det når man må   røyke ute i tjue kuldegrader. ]]></wp:meta_value>
            </wp:postmeta>
            <wp:postmeta>
                <wp:meta_key>_lsb_quote</wp:meta_key>
                <wp:meta_value><![CDATA[lsb_acf_quote]]></wp:meta_value>
            </wp:postmeta>
            <wp:postmeta>
                <wp:meta_key>lsb_supported</wp:meta_key>
                <wp:meta_value><![CDATA[0]]></wp:meta_value>
            </wp:postmeta>
            <wp:postmeta>
                <wp:meta_key>_lsb_supported</wp:meta_key>
                <wp:meta_value><![CDATA[lsb_acf_supported]]></wp:meta_value>
            </wp:postmeta>
            <category domain="lsb_tax_author" nicename="freddy-kjensmo"><![CDATA[Freddy Kjensmo]]></category>
            <category domain="lsb_tax_publisher" nicename="pantagruel-forlag"><![CDATA[Pantagruel forlag]]></category>
            <wp:postmeta>
                <wp:meta_key>lsb_look_inside</wp:meta_key>
                <wp:meta_value><![CDATA[CUSTOM_BLA_I_BOKA]]></wp:meta_value>
            </wp:postmeta>
            <wp:postmeta>
                <wp:meta_key>_lsb_look_inside</wp:meta_key>
                <wp:meta_value><![CDATA[lsb_acf_look_inside]]></wp:meta_value>
            </wp:postmeta>
            <category domain="lsb_tax_age" nicename="voksne"><![CDATA[voksne]]></category>
            <category domain="lsb_tax_genre" nicename="prosa"><![CDATA[prosa]]></category>
            <category domain="lsb_tax_language" nicename="no_nb"><![CDATA[bokmål]]></category>
            <category domain="lsb_tax_customization" nicename="skjønnlitteratur"><![CDATA[skjønnlitteratur]]></category>
            <wp:postmeta>
                <wp:meta_key>_thumbnail_id</wp:meta_key>
                <wp:meta_value><![CDATA[5020]]></wp:meta_value>
            </wp:postmeta>
        </item>
        <item>
            <title>levende, vips død, ny.jpg</title>
            <wp:post_id>5020</wp:post_id>
            <wp:status>inherit</wp:status>
            <wp:post_type>attachment</wp:post_type>
            <wp:attachment_url>https://raw.githubusercontent.com/lesersokerbok/boksok.no-data-utils/master/output-example/images/DC322712DC2A4360A571B01207E8CCDB.jpg</wp:attachment_url>
        </item>
        <item>
            <wp:post_type>lsb_book</wp:post_type>
            <wp:status>publish</wp:status>
            <title>Noe som hjelper</title>
            <excerpt:encoded><![CDATA[Dette er en vakker bok   om en ung jentes seksuelle oppvåkning. ]]></excerpt:encoded>
            <wp:postmeta>
                <wp:meta_key>lsb_isbn</wp:meta_key>
                <wp:meta_value><![CDATA[9788249502325]]></wp:meta_value>
            </wp:postmeta>
            <wp:postmeta>
                <wp:meta_key>_lsb_isbn</wp:meta_key>
                <wp:meta_value><![CDATA[lsb_acf_isbn]]></wp:meta_value>
            </wp:postmeta>
            <wp:postmeta>
                <wp:meta_key>lsb_published_year</wp:meta_key>
                <wp:meta_value><![CDATA[2004]]></wp:meta_value>
            </wp:postmeta>
            <wp:postmeta>
                <wp:meta_key>_lsb_published_year</wp:meta_key>
                <wp:meta_value><![CDATA[lsb_acf_published_year]]></wp:meta_value>
            </wp:postmeta>
            <wp:postmeta>
                <wp:meta_key>lsb_pages</wp:meta_key>
                <wp:meta_value><![CDATA[128]]></wp:meta_value>
            </wp:postmeta>
            <wp:postmeta>
                <wp:meta_key>_lsb_pages</wp:meta_key>
                <wp:meta_value><![CDATA[lsb_acf_pages]]></wp:meta_value>
            </wp:postmeta>
            <wp:postmeta>
                <wp:meta_key>lsb_review</wp:meta_key>
                <wp:meta_value><![CDATA[  <div><strong>Noe som hjelper</strong> handler om Laura. <br />  Hun er en ung jente <br />  som finner sine egne veier <br />  på vei mot voksenlivet. <br />  Hun opplever vennskap og tap, <br />  og seg selv som seksuelt vesen. </div>  <div>&#160;</div>  <p>Boka har et rolig og klart språk. </p>  ]]></wp:meta_value>
            </wp:postmeta>
            <wp:postmeta>
                <wp:meta_key>_lsb_review</wp:meta_key>
                <wp:meta_value><![CDATA[lsb_acf_review]]></wp:meta_value>
            </wp:postmeta>
            <wp:postmeta>
                <wp:meta_key>lsb_quote</wp:meta_key>
                <wp:meta_value><![CDATA[Jeg kikka på klokka, og hun spurte hva jeg tenkte på.   - Egentlig ingenting, svarte jeg.   - Må du hjem? spurte hun.   Jeg rista på hodet. Et lite insekt satte seg på den kvite  duken. Jeg løfta hånda, skulle til å vifte den vekk, men   lot det være.   Vivian Koller lente seg over bordet og strøyk de bare  underarmene mine lett med neglene. ]]></wp:meta_value>
            </wp:postmeta>
            <wp:postmeta>
                <wp:meta_key>_lsb_quote</wp:meta_key>
                <wp:meta_value><![CDATA[lsb_acf_quote]]></wp:meta_value>
            </wp:postmeta>
            <wp:postmeta>
                <wp:meta_key>lsb_supported</wp:meta_key>
                <wp:meta_value><![CDATA[0]]></wp:meta_value>
            </wp:postmeta>
            <wp:postmeta>
                <wp:meta_key>_lsb_supported</wp:meta_key>
                <wp:meta_value><![CDATA[lsb_acf_supported]]></wp:meta_value>
            </wp:postmeta>
            <category domain="lsb_tax_author" nicename="mona-høvring"><![CDATA[Mona Høvring]]></category>
            <category domain="lsb_tax_publisher" nicename="oktober-"><![CDATA[Oktober ]]></category>
            <wp:postmeta>
                <wp:meta_key>lsb_look_inside</wp:meta_key>
                <wp:meta_value><![CDATA[CUSTOM_BLA_I_BOKA]]></wp:meta_value>
            </wp:postmeta>
            <wp:postmeta>
                <wp:meta_key>_lsb_look_inside</wp:meta_key>
                <wp:meta_value><![CDATA[lsb_acf_look_inside]]></wp:meta_value>
            </wp:postmeta>
            <category domain="lsb_tax_age" nicename="voksne"><![CDATA[voksne]]></category>
            <category domain="lsb_tax_genre" nicename="prosa"><![CDATA[prosa]]></category>
            <category domain="lsb_tax_language" nicename="no_nb"><![CDATA[bokmål]]></category>
            <category domain="lsb_tax_customization" nicename="skjønnlitteratur"><![CDATA[skjønnlitteratur]]></category>
            <wp:postmeta>
                <wp:meta_key>_thumbnail_id</wp:meta_key>
                <wp:meta_value><![CDATA[5021]]></wp:meta_value>
            </wp:postmeta>
        </item>
        <item>
            <title>Noe som hjelper.jpg</title>
            <wp:post_id>5021</wp:post_id>
            <wp:status>inherit</wp:status>
            <wp:post_type>attachment</wp:post_type>
            <wp:attachment_url>https://raw.githubusercontent.com/lesersokerbok/boksok.no-data-utils/master/output-example/images/B4746E2908B24B6A9CA0F6837436575F.jpg</wp:attachment_url>
        </item>
        <item>
            <wp:post_type>lsb_book</wp:post_type>
            <wp:status>publish</wp:status>
            <title>Hva er det med mor? </title>
            <excerpt:encoded><![CDATA[Hvordan er det å vokse opp med en mor   som er mer glad i flaska enn det som er vanlig? ]]></excerpt:encoded>
            <wp:postmeta>
                <wp:meta_key>lsb_isbn</wp:meta_key>
                <wp:meta_value><![CDATA[9788202309671]]></wp:meta_value>
            </wp:postmeta>
            <wp:postmeta>
                <wp:meta_key>_lsb_isbn</wp:meta_key>
                <wp:meta_value><![CDATA[lsb_acf_isbn]]></wp:meta_value>
            </wp:postmeta>
            <wp:postmeta>
                <wp:meta_key>lsb_published_year</wp:meta_key>
                <wp:meta_value><![CDATA[2009]]></wp:meta_value>
            </wp:postmeta>
            <wp:postmeta>
                <wp:meta_key>_lsb_published_year</wp:meta_key>
                <wp:meta_value><![CDATA[lsb_acf_published_year]]></wp:meta_value>
            </wp:postmeta>
            <wp:postmeta>
                <wp:meta_key>lsb_pages</wp:meta_key>
                <wp:meta_value><![CDATA[128]]></wp:meta_value>
            </wp:postmeta>
            <wp:postmeta>
                <wp:meta_key>_lsb_pages</wp:meta_key>
                <wp:meta_value><![CDATA[lsb_acf_pages]]></wp:meta_value>
            </wp:postmeta>
            <wp:postmeta>
                <wp:meta_key>lsb_review</wp:meta_key>
                <wp:meta_value><![CDATA[  <div>Denne boka handler om <br />  hvordan det kan være å <br />  ha en mor som drikker. <br />  Mor er stadig full. <br />  Hun gjør ting som andre mødre </div>  <div>ikke gjør. </div>  <div>&#160;</div>  <div><strong>Hva er det med mor?</strong> er en viktig bok </div>  <div>om et viktig tema. <br />  Språket er direkte, selv om <br />  noen ord er vanskelige.</div>  ]]></wp:meta_value>
            </wp:postmeta>
            <wp:postmeta>
                <wp:meta_key>_lsb_review</wp:meta_key>
                <wp:meta_value><![CDATA[lsb_acf_review]]></wp:meta_value>
            </wp:postmeta>
            <wp:postmeta>
                <wp:meta_key>lsb_quote</wp:meta_key>
                <wp:meta_value><![CDATA[Vi møtte noen hun gikk på skole med da hun var liten og  de ble stående å snakke. Hun har klippet seg løs fra alt   som med en saks, men de merket det ikke. Den ene var   bekymret for mannen som drakk vin hver fredag og lør-  dag. Moren min smilte og sa at det gjorde hun også, og på   søndag, på mandag, på tisdag, på onsdag, på torsdag. ]]></wp:meta_value>
            </wp:postmeta>
            <wp:postmeta>
                <wp:meta_key>_lsb_quote</wp:meta_key>
                <wp:meta_value><![CDATA[lsb_acf_quote]]></wp:meta_value>
            </wp:postmeta>
            <wp:postmeta>
                <wp:meta_key>lsb_supported</wp:meta_key>
                <wp:meta_value><![CDATA[0]]></wp:meta_value>
            </wp:postmeta>
            <wp:postmeta>
                <wp:meta_key>_lsb_supported</wp:meta_key>
                <wp:meta_value><![CDATA[lsb_acf_supported]]></wp:meta_value>
            </wp:postmeta>
            <category domain="lsb_tax_author" nicename="vigdis-hjorth"><![CDATA[Vigdis Hjorth]]></category>
            <category domain="lsb_tax_publisher" nicename="cappelen-damm"><![CDATA[Cappelen Damm]]></category>
            <wp:postmeta>
                <wp:meta_key>lsb_look_inside</wp:meta_key>
                <wp:meta_value><![CDATA[CUSTOM_BLA_I_BOKA]]></wp:meta_value>
            </wp:postmeta>
            <wp:postmeta>
                <wp:meta_key>_lsb_look_inside</wp:meta_key>
                <wp:meta_value><![CDATA[lsb_acf_look_inside]]></wp:meta_value>
            </wp:postmeta>
            <category domain="lsb_tax_age" nicename="voksne"><![CDATA[voksne]]></category>
            <category domain="lsb_tax_genre" nicename="prosa"><![CDATA[prosa]]></category>
            <category domain="lsb_tax_language" nicename="no_nb"><![CDATA[bokmål]]></category>
            <category domain="lsb_tax_customization" nicename="skjønnlitteratur"><![CDATA[skjønnlitteratur]]></category>
            <wp:postmeta>
                <wp:meta_key>_thumbnail_id</wp:meta_key>
                <wp:meta_value><![CDATA[5022]]></wp:meta_value>
            </wp:postmeta>
        </item>
        <item>
            <title>Hva er det med mor.jpg</title>
            <wp:post_id>5022</wp:post_id>
            <wp:status>inherit</wp:status>
            <wp:post_type>attachment</wp:post_type>
            <wp:attachment_url>https://raw.githubusercontent.com/lesersokerbok/boksok.no-data-utils/master/output-example/images/615030288E7D4ED78F2171797C5737B3.jpg</wp:attachment_url>
        </item>
        <item>
            <wp:post_type>lsb_book</wp:post_type>
            <wp:status>publish</wp:status>
            <title>Du kan ikke svikte din beste venn og bli god til å synge samtidig </title>
            <excerpt:encoded><![CDATA[Dette er en liten bok   med mange korte og morsomme fortellinger  om hvor lett alt kan gå galt.   ]]></excerpt:encoded>
            <wp:postmeta>
                <wp:meta_key>lsb_isbn</wp:meta_key>
                <wp:meta_value><![CDATA[9788249501618]]></wp:meta_value>
            </wp:postmeta>
            <wp:postmeta>
                <wp:meta_key>_lsb_isbn</wp:meta_key>
                <wp:meta_value><![CDATA[lsb_acf_isbn]]></wp:meta_value>
            </wp:postmeta>
            <wp:postmeta>
                <wp:meta_key>lsb_published_year</wp:meta_key>
                <wp:meta_value><![CDATA[2003]]></wp:meta_value>
            </wp:postmeta>
            <wp:postmeta>
                <wp:meta_key>_lsb_published_year</wp:meta_key>
                <wp:meta_value><![CDATA[lsb_acf_published_year]]></wp:meta_value>
            </wp:postmeta>
            <wp:postmeta>
                <wp:meta_key>lsb_pages</wp:meta_key>
                <wp:meta_value/>
            </wp:postmeta>
            <wp:postmeta>
                <wp:meta_key>_lsb_pages</wp:meta_key>
                <wp:meta_value><![CDATA[lsb_acf_pages]]></wp:meta_value>
            </wp:postmeta>
            <wp:postmeta>
                <wp:meta_key>lsb_review</wp:meta_key>
                <wp:meta_value><![CDATA[  <div>Ofte handler det om kjærestepar, <br />  og nesten like ofte om unge menn eller kvinner <br />  som gjerne skulle hatt en kjæreste. </div>  <div>&#160;</div>  <p>Disse korte fortellingene er skrevet <br />  med overskudd. De er lette å lese, <br />  men får deg til å tenke. <br />  Fonten er litt liten. <br />  Boka har enkle og fine tegninger <br />  i sort /hvitt. </p>  ]]></wp:meta_value>
            </wp:postmeta>
            <wp:postmeta>
                <wp:meta_key>_lsb_review</wp:meta_key>
                <wp:meta_value><![CDATA[lsb_acf_review]]></wp:meta_value>
            </wp:postmeta>
            <wp:postmeta>
                <wp:meta_key>lsb_quote</wp:meta_key>
                <wp:meta_value><![CDATA[Hun strakte seg i sengen. Jeg har kjøpt en ny plate,   sa hun. Vil du høre den? Ja, sa jeg. Hun reiste seg   og gikk bort til platespilleren. Jeg tror ingen har   hørt den før, sa hun. Den er nesten helt stille. ]]></wp:meta_value>
            </wp:postmeta>
            <wp:postmeta>
                <wp:meta_key>_lsb_quote</wp:meta_key>
                <wp:meta_value><![CDATA[lsb_acf_quote]]></wp:meta_value>
            </wp:postmeta>
            <wp:postmeta>
                <wp:meta_key>lsb_supported</wp:meta_key>
                <wp:meta_value><![CDATA[0]]></wp:meta_value>
            </wp:postmeta>
            <wp:postmeta>
                <wp:meta_key>_lsb_supported</wp:meta_key>
                <wp:meta_value><![CDATA[lsb_acf_supported]]></wp:meta_value>
            </wp:postmeta>
            <category domain="lsb_tax_author" nicename="kim-hiorthøy"><![CDATA[Kim Hiorthøy]]></category>
            <category domain="lsb_tax_publisher" nicename="oktober-"><![CDATA[Oktober ]]></category>
            <wp:postmeta>
                <wp:meta_key>lsb_look_inside</wp:meta_key>
                <wp:meta_value><![CDATA[CUSTOM_BLA_I_BOKA]]></wp:meta_value>
            </wp:postmeta>
            <wp:postmeta>
                <wp:meta_key>_lsb_look_inside</wp:meta_key>
                <wp:meta_value><![CDATA[lsb_acf_look_inside]]></wp:meta_value>
            </wp:postmeta>
            <category domain="lsb_tax_age" nicename="voksne"><![CDATA[voksne]]></category>
            <category domain="lsb_tax_genre" nicename="prosa"><![CDATA[prosa]]></category>
            <category domain="lsb_tax_topic" nicename="mennesker-i-mellom"><![CDATA[mennesker i mellom]]></category>
            <category domain="lsb_tax_language" nicename="no_nb"><![CDATA[bokmål]]></category>
            <category domain="lsb_tax_customization" nicename="skjønnlitteratur"><![CDATA[skjønnlitteratur]]></category>
            <wp:postmeta>
                <wp:meta_key>_thumbnail_id</wp:meta_key>
                <wp:meta_value><![CDATA[5023]]></wp:meta_value>
            </wp:postmeta>
        </item>
        <item>
            <title>Du kan ikke svikte din beste venn.jpg</title>
            <wp:post_id>5023</wp:post_id>
            <wp:status>inherit</wp:status>
            <wp:post_type>attachment</wp:post_type>
            <wp:attachment_url>https://raw.githubusercontent.com/lesersokerbok/boksok.no-data-utils/master/output-example/images/AD17C695209F4C938C4060B96041FF17.jpg</wp:attachment_url>
        </item>
        <item>
            <wp:post_type>lsb_book</wp:post_type>
            <wp:status>publish</wp:status>
            <title>Burnout</title>
            <excerpt:encoded><![CDATA[En røff roman om å vokse opp på bygda. ]]></excerpt:encoded>
            <wp:postmeta>
                <wp:meta_key>lsb_isbn</wp:meta_key>
                <wp:meta_value><![CDATA[9788203193002]]></wp:meta_value>
            </wp:postmeta>
            <wp:postmeta>
                <wp:meta_key>_lsb_isbn</wp:meta_key>
                <wp:meta_value><![CDATA[lsb_acf_isbn]]></wp:meta_value>
            </wp:postmeta>
            <wp:postmeta>
                <wp:meta_key>lsb_published_year</wp:meta_key>
                <wp:meta_value><![CDATA[2007]]></wp:meta_value>
            </wp:postmeta>
            <wp:postmeta>
                <wp:meta_key>_lsb_published_year</wp:meta_key>
                <wp:meta_value><![CDATA[lsb_acf_published_year]]></wp:meta_value>
            </wp:postmeta>
            <wp:postmeta>
                <wp:meta_key>lsb_pages</wp:meta_key>
                <wp:meta_value><![CDATA[269]]></wp:meta_value>
            </wp:postmeta>
            <wp:postmeta>
                <wp:meta_key>_lsb_pages</wp:meta_key>
                <wp:meta_value><![CDATA[lsb_acf_pages]]></wp:meta_value>
            </wp:postmeta>
            <wp:postmeta>
                <wp:meta_key>lsb_review</wp:meta_key>
                <wp:meta_value><![CDATA[  <div>Trym og Robban er bestevenner. <br />  De vokser opp i Surnadal. <br />  På fritida mekker de bil sammen.<br />  Men så begynner de på ungdomsskolen. <br />  Robban blir mobbeoffer, og Trym <br />  klarer ikke å forsvare ham. </div>  <div>&#160;</div>  <p>Fortellingen i denne boka <br />  er både mørk og tøff. <br />  Kapitlene er korte og <br />  språket er ganske enkelt. <br />  Mange av ordene deles tilfeldig <br />  og kan derfor være vanskelig å lese. <br />  Teksten er tett og har rett høyremarg. </p>  ]]></wp:meta_value>
            </wp:postmeta>
            <wp:postmeta>
                <wp:meta_key>_lsb_review</wp:meta_key>
                <wp:meta_value><![CDATA[lsb_acf_review]]></wp:meta_value>
            </wp:postmeta>
            <wp:postmeta>
                <wp:meta_key>lsb_quote</wp:meta_key>
                <wp:meta_value><![CDATA[- Trym! Nå kan du trekke i snora så vi får vaska munnen   til kompisen din her.   Brynjar snur seg og lener seg inntil veggen så jeg kan få   slippe til. Han ser sint ut. Jeg våger ikke anna enn å smyge  meg fram mellom de som står der. Stopper opp og ser]]></wp:meta_value>
            </wp:postmeta>
            <wp:postmeta>
                <wp:meta_key>_lsb_quote</wp:meta_key>
                <wp:meta_value><![CDATA[lsb_acf_quote]]></wp:meta_value>
            </wp:postmeta>
            <wp:postmeta>
                <wp:meta_key>lsb_supported</wp:meta_key>
                <wp:meta_value><![CDATA[0]]></wp:meta_value>
            </wp:postmeta>
            <wp:postmeta>
                <wp:meta_key>_lsb_supported</wp:meta_key>
                <wp:meta_value><![CDATA[lsb_acf_supported]]></wp:meta_value>
            </wp:postmeta>
            <category domain="lsb_tax_author" nicename="tiger-garté"><![CDATA[Tiger Garté]]></category>
            <category domain="lsb_tax_publisher" nicename="aschehoug-"><![CDATA[Aschehoug ]]></category>
            <wp:postmeta>
                <wp:meta_key>lsb_look_inside</wp:meta_key>
                <wp:meta_value><![CDATA[CUSTOM_BLA_I_BOKA]]></wp:meta_value>
            </wp:postmeta>
            <wp:postmeta>
                <wp:meta_key>_lsb_look_inside</wp:meta_key>
                <wp:meta_value><![CDATA[lsb_acf_look_inside]]></wp:meta_value>
            </wp:postmeta>
            <category domain="lsb_tax_age" nicename="ungdom"><![CDATA[ungdom]]></category>
            <category domain="lsb_tax_age" nicename="voksne"><![CDATA[voksne]]></category>
            <category domain="lsb_tax_genre" nicename="prosa"><![CDATA[prosa]]></category>
            <category domain="lsb_tax_language" nicename="no_nb"><![CDATA[bokmål]]></category>
            <category domain="lsb_tax_customization" nicename="skjønnlitteratur"><![CDATA[skjønnlitteratur]]></category>
            <wp:postmeta>
                <wp:meta_key>_thumbnail_id</wp:meta_key>
                <wp:meta_value><![CDATA[5024]]></wp:meta_value>
            </wp:postmeta>
        </item>
        <item>
            <title>BurnOut.jpg</title>
            <wp:post_id>5024</wp:post_id>
            <wp:status>inherit</wp:status>
            <wp:post_type>attachment</wp:post_type>
            <wp:attachment_url>https://raw.githubusercontent.com/lesersokerbok/boksok.no-data-utils/master/output-example/images/DC0C72236B7A491F97C4FBE88811515B.jpg</wp:attachment_url>
        </item>
        <item>
            <wp:post_type>lsb_book</wp:post_type>
            <wp:status>publish</wp:status>
            <title>Alle forteller meg hvor bra jeg er i tilfelle jeg blir det</title>
            <excerpt:encoded><![CDATA[Morsomme, fortellende dikt om en   arbeidsløs ung mann. ]]></excerpt:encoded>
            <wp:postmeta>
                <wp:meta_key>lsb_isbn</wp:meta_key>
                <wp:meta_value><![CDATA[9788202336011]]></wp:meta_value>
            </wp:postmeta>
            <wp:postmeta>
                <wp:meta_key>_lsb_isbn</wp:meta_key>
                <wp:meta_value><![CDATA[lsb_acf_isbn]]></wp:meta_value>
            </wp:postmeta>
            <wp:postmeta>
                <wp:meta_key>lsb_published_year</wp:meta_key>
                <wp:meta_value><![CDATA[2009]]></wp:meta_value>
            </wp:postmeta>
            <wp:postmeta>
                <wp:meta_key>_lsb_published_year</wp:meta_key>
                <wp:meta_value><![CDATA[lsb_acf_published_year]]></wp:meta_value>
            </wp:postmeta>
            <wp:postmeta>
                <wp:meta_key>lsb_pages</wp:meta_key>
                <wp:meta_value><![CDATA[181]]></wp:meta_value>
            </wp:postmeta>
            <wp:postmeta>
                <wp:meta_key>_lsb_pages</wp:meta_key>
                <wp:meta_value><![CDATA[lsb_acf_pages]]></wp:meta_value>
            </wp:postmeta>
            <wp:postmeta>
                <wp:meta_key>lsb_review</wp:meta_key>
                <wp:meta_value><![CDATA[  <div>Dette er en lett og leken <br />  samling med dikt om å <br />  være arbeidsledig og å prøve å <br />  bli dikter. <br />  Forfatteren skriver også om <br />  andre forfattere, filmer, <br />  sanger og dikt. </div>  <div>&#160;</div>  <div>Mange av diktene er fortellende <br />  og lette å forstå. <br />  Språket er direkte og enkelt. </div>  <div>&#160;</div>  <p><strong>Audun Mortensen</strong> er debutant. <br />  Han fikk god kritikk for boka. </p>  ]]></wp:meta_value>
            </wp:postmeta>
            <wp:postmeta>
                <wp:meta_key>_lsb_review</wp:meta_key>
                <wp:meta_value><![CDATA[lsb_acf_review]]></wp:meta_value>
            </wp:postmeta>
            <wp:postmeta>
                <wp:meta_key>lsb_quote</wp:meta_key>
                <wp:meta_value><![CDATA[mislykket haiku     holdt på å glemme å ta av meg underbuksa   da jeg skulle dusje i stad  følte meg som en fyllik ]]></wp:meta_value>
            </wp:postmeta>
            <wp:postmeta>
                <wp:meta_key>_lsb_quote</wp:meta_key>
                <wp:meta_value><![CDATA[lsb_acf_quote]]></wp:meta_value>
            </wp:postmeta>
            <wp:postmeta>
                <wp:meta_key>lsb_supported</wp:meta_key>
                <wp:meta_value><![CDATA[0]]></wp:meta_value>
            </wp:postmeta>
            <wp:postmeta>
                <wp:meta_key>_lsb_supported</wp:meta_key>
                <wp:meta_value><![CDATA[lsb_acf_supported]]></wp:meta_value>
            </wp:postmeta>
            <category domain="lsb_tax_author" nicename="audun-mortensen"><![CDATA[Audun Mortensen]]></category>
            <category domain="lsb_tax_publisher" nicename="flamme-forlag"><![CDATA[Flamme forlag]]></category>
            <wp:postmeta>
                <wp:meta_key>lsb_look_inside</wp:meta_key>
                <wp:meta_value><![CDATA[CUSTOM_BLA_I_BOKA]]></wp:meta_value>
            </wp:postmeta>
            <wp:postmeta>
                <wp:meta_key>_lsb_look_inside</wp:meta_key>
                <wp:meta_value><![CDATA[lsb_acf_look_inside]]></wp:meta_value>
            </wp:postmeta>
            <category domain="lsb_tax_age" nicename="voksne"><![CDATA[voksne]]></category>
            <category domain="lsb_tax_genre" nicename="dikt"><![CDATA[dikt]]></category>
            <category domain="lsb_tax_language" nicename="no_nb"><![CDATA[bokmål]]></category>
            <category domain="lsb_tax_customization" nicename="skjønnlitteratur"><![CDATA[skjønnlitteratur]]></category>
            <wp:postmeta>
                <wp:meta_key>_thumbnail_id</wp:meta_key>
                <wp:meta_value><![CDATA[5025]]></wp:meta_value>
            </wp:postmeta>
        </item>
        <item>
            <title>Alle forteller meg hvor bra jeg er.jpg</title>
            <wp:post_id>5025</wp:post_id>
            <wp:status>inherit</wp:status>
            <wp:post_type>attachment</wp:post_type>
            <wp:attachment_url>https://raw.githubusercontent.com/lesersokerbok/boksok.no-data-utils/master/output-example/images/A1B5A551A7AD48E8B7C3C0F1AA254FBA.jpg</wp:attachment_url>
        </item>
        <item>
            <wp:post_type>lsb_book</wp:post_type>
            <wp:status>publish</wp:status>
            <title>Voksne dikt</title>
            <excerpt:encoded><![CDATA[Åpne dikt som handler om barndom,   kjærlighet og savn. ]]></excerpt:encoded>
            <wp:postmeta>
                <wp:meta_key>lsb_isbn</wp:meta_key>
                <wp:meta_value><![CDATA[9788270948598]]></wp:meta_value>
            </wp:postmeta>
            <wp:postmeta>
                <wp:meta_key>_lsb_isbn</wp:meta_key>
                <wp:meta_value><![CDATA[lsb_acf_isbn]]></wp:meta_value>
            </wp:postmeta>
            <wp:postmeta>
                <wp:meta_key>lsb_published_year</wp:meta_key>
                <wp:meta_value><![CDATA[1999]]></wp:meta_value>
            </wp:postmeta>
            <wp:postmeta>
                <wp:meta_key>_lsb_published_year</wp:meta_key>
                <wp:meta_value><![CDATA[lsb_acf_published_year]]></wp:meta_value>
            </wp:postmeta>
            <wp:postmeta>
                <wp:meta_key>lsb_pages</wp:meta_key>
                <wp:meta_value><![CDATA[63]]></wp:meta_value>
            </wp:postmeta>
            <wp:postmeta>
                <wp:meta_key>_lsb_pages</wp:meta_key>
                <wp:meta_value><![CDATA[lsb_acf_pages]]></wp:meta_value>
            </wp:postmeta>
            <wp:postmeta>
                <wp:meta_key>lsb_review</wp:meta_key>
                <wp:meta_value><![CDATA[  <div>Dette er dikt som hander om <br />  et jeg og et deg, <br />  og om hva et dikt kan være. </div>  <div>&#160;</div>  <p>Mange av diktene har korte setninger <br />  og er lette å forstå. <br />  Noen er lengre og kan være vanskelige, <br />  men de kan være fine å lese likevel. </p>  ]]></wp:meta_value>
            </wp:postmeta>
            <wp:postmeta>
                <wp:meta_key>_lsb_review</wp:meta_key>
                <wp:meta_value><![CDATA[lsb_acf_review]]></wp:meta_value>
            </wp:postmeta>
            <wp:postmeta>
                <wp:meta_key>lsb_quote</wp:meta_key>
                <wp:meta_value><![CDATA[om deg,   om at du sitter alene   i det nakne rommet  og at du spiser suppe, f.eks    stikker skjeen ned   og løfter den til munnen  stikker skjeen inn i ansiktet   der ansiktet åpner seg    det er nesten uten lyd   bortsett fra når du slurper   og skjeen klirrer mot tallerkenen]]></wp:meta_value>
            </wp:postmeta>
            <wp:postmeta>
                <wp:meta_key>_lsb_quote</wp:meta_key>
                <wp:meta_value><![CDATA[lsb_acf_quote]]></wp:meta_value>
            </wp:postmeta>
            <wp:postmeta>
                <wp:meta_key>lsb_supported</wp:meta_key>
                <wp:meta_value><![CDATA[0]]></wp:meta_value>
            </wp:postmeta>
            <wp:postmeta>
                <wp:meta_key>_lsb_supported</wp:meta_key>
                <wp:meta_value><![CDATA[lsb_acf_supported]]></wp:meta_value>
            </wp:postmeta>
            <category domain="lsb_tax_author" nicename="geir-gulliksen"><![CDATA[Geir Gulliksen]]></category>
            <category domain="lsb_tax_publisher" nicename="oktober-"><![CDATA[Oktober ]]></category>
            <wp:postmeta>
                <wp:meta_key>lsb_look_inside</wp:meta_key>
                <wp:meta_value><![CDATA[CUSTOM_BLA_I_BOKA]]></wp:meta_value>
            </wp:postmeta>
            <wp:postmeta>
                <wp:meta_key>_lsb_look_inside</wp:meta_key>
                <wp:meta_value><![CDATA[lsb_acf_look_inside]]></wp:meta_value>
            </wp:postmeta>
            <category domain="lsb_tax_age" nicename="voksne"><![CDATA[voksne]]></category>
            <category domain="lsb_tax_genre" nicename="dikt"><![CDATA[dikt]]></category>
            <category domain="lsb_tax_language" nicename="no_nb"><![CDATA[bokmål]]></category>
            <category domain="lsb_tax_customization" nicename="skjønnlitteratur"><![CDATA[skjønnlitteratur]]></category>
            <wp:postmeta>
                <wp:meta_key>_thumbnail_id</wp:meta_key>
                <wp:meta_value><![CDATA[5026]]></wp:meta_value>
            </wp:postmeta>
        </item>
        <item>
            <title>Voksne dikt.jpg</title>
            <wp:post_id>5026</wp:post_id>
            <wp:status>inherit</wp:status>
            <wp:post_type>attachment</wp:post_type>
            <wp:attachment_url>https://raw.githubusercontent.com/lesersokerbok/boksok.no-data-utils/master/output-example/images/BB35080C20D54B35A5617A2DD75F34C1.jpg</wp:attachment_url>
        </item>
        <item>
            <wp:post_type>lsb_book</wp:post_type>
            <wp:status>publish</wp:status>
            <title>Shortsen til far min</title>
            <excerpt:encoded><![CDATA[Morsomme tulledikt for voksne. ]]></excerpt:encoded>
            <wp:postmeta>
                <wp:meta_key>lsb_isbn</wp:meta_key>
                <wp:meta_value><![CDATA[9788252166859]]></wp:meta_value>
            </wp:postmeta>
            <wp:postmeta>
                <wp:meta_key>_lsb_isbn</wp:meta_key>
                <wp:meta_value><![CDATA[lsb_acf_isbn]]></wp:meta_value>
            </wp:postmeta>
            <wp:postmeta>
                <wp:meta_key>lsb_published_year</wp:meta_key>
                <wp:meta_value><![CDATA[2005]]></wp:meta_value>
            </wp:postmeta>
            <wp:postmeta>
                <wp:meta_key>_lsb_published_year</wp:meta_key>
                <wp:meta_value><![CDATA[lsb_acf_published_year]]></wp:meta_value>
            </wp:postmeta>
            <wp:postmeta>
                <wp:meta_key>lsb_pages</wp:meta_key>
                <wp:meta_value><![CDATA[79]]></wp:meta_value>
            </wp:postmeta>
            <wp:postmeta>
                <wp:meta_key>_lsb_pages</wp:meta_key>
                <wp:meta_value><![CDATA[lsb_acf_pages]]></wp:meta_value>
            </wp:postmeta>
            <wp:postmeta>
                <wp:meta_key>lsb_review</wp:meta_key>
                <wp:meta_value><![CDATA[  <div>Dette er ein samlig  <br />  morsomme og rare tulledikt. <br />  Dikta handlar om ein oppvekst <br />  med mor og far og andre <br />  som gjer rare ting. </div>  <div><br />  Boka passar for alle <br />  som er glad i tull og tøys!  </div>  <div>Dikta er på rim og er <br />  lette å lese. </div>  <div><br />  <strong>Jon Hjørnevik</strong> har gitt ut fleire diktsamlingar: <br />  I ein sofa frå Korea (2001) <br />  Den vanskelege andreboka (2002) <br />  Mor mi står i glaset (2008) </div>  ]]></wp:meta_value>
            </wp:postmeta>
            <wp:postmeta>
                <wp:meta_key>_lsb_review</wp:meta_key>
                <wp:meta_value><![CDATA[lsb_acf_review]]></wp:meta_value>
            </wp:postmeta>
            <wp:postmeta>
                <wp:meta_key>lsb_quote</wp:meta_key>
                <wp:meta_value><![CDATA[Syng for meg mor,   nynn og gi trøst,   syng meg i søvn,   nynn med di røst.     Syng for meg mor,   frå boka du fann,   syng for meg mor,   men ta ein du kan. ]]></wp:meta_value>
            </wp:postmeta>
            <wp:postmeta>
                <wp:meta_key>_lsb_quote</wp:meta_key>
                <wp:meta_value><![CDATA[lsb_acf_quote]]></wp:meta_value>
            </wp:postmeta>
            <wp:postmeta>
                <wp:meta_key>lsb_supported</wp:meta_key>
                <wp:meta_value><![CDATA[0]]></wp:meta_value>
            </wp:postmeta>
            <wp:postmeta>
                <wp:meta_key>_lsb_supported</wp:meta_key>
                <wp:meta_value><![CDATA[lsb_acf_supported]]></wp:meta_value>
            </wp:postmeta>
            <category domain="lsb_tax_author" nicename="jon-hjørnevik"><![CDATA[Jon Hjørnevik]]></category>
            <category domain="lsb_tax_publisher" nicename="samlaget-"><![CDATA[Samlaget ]]></category>
            <wp:postmeta>
                <wp:meta_key>lsb_look_inside</wp:meta_key>
                <wp:meta_value><![CDATA[CUSTOM_BLA_I_BOKA]]></wp:meta_value>
            </wp:postmeta>
            <wp:postmeta>
                <wp:meta_key>_lsb_look_inside</wp:meta_key>
                <wp:meta_value><![CDATA[lsb_acf_look_inside]]></wp:meta_value>
            </wp:postmeta>
            <category domain="lsb_tax_age" nicename="voksne"><![CDATA[voksne]]></category>
            <category domain="lsb_tax_genre" nicename="dikt"><![CDATA[dikt]]></category>
            <category domain="lsb_tax_topic" nicename="humor"><![CDATA[humor]]></category>
            <category domain="lsb_tax_language" nicename="no_nn"><![CDATA[nynorsk]]></category>
            <category domain="lsb_tax_customization" nicename="skjønnlitteratur"><![CDATA[skjønnlitteratur]]></category>
            <wp:postmeta>
                <wp:meta_key>_thumbnail_id</wp:meta_key>
                <wp:meta_value><![CDATA[5027]]></wp:meta_value>
            </wp:postmeta>
        </item>
        <item>
            <title>Shortsen til far min.jpg</title>
            <wp:post_id>5027</wp:post_id>
            <wp:status>inherit</wp:status>
            <wp:post_type>attachment</wp:post_type>
            <wp:attachment_url>https://raw.githubusercontent.com/lesersokerbok/boksok.no-data-utils/master/output-example/images/4E92A27C988A42AB8C69FF46645D670D.jpg</wp:attachment_url>
        </item>
        <item>
            <wp:post_type>lsb_book</wp:post_type>
            <wp:status>publish</wp:status>
            <title>Vekten av snøkrystaller</title>
            <excerpt:encoded><![CDATA[En var og varm historie om en gutt   som får en tøff diagnose. ]]></excerpt:encoded>
            <wp:postmeta>
                <wp:meta_key>lsb_isbn</wp:meta_key>
                <wp:meta_value><![CDATA[9788249503803]]></wp:meta_value>
            </wp:postmeta>
            <wp:postmeta>
                <wp:meta_key>_lsb_isbn</wp:meta_key>
                <wp:meta_value><![CDATA[lsb_acf_isbn]]></wp:meta_value>
            </wp:postmeta>
            <wp:postmeta>
                <wp:meta_key>lsb_published_year</wp:meta_key>
                <wp:meta_value><![CDATA[2006]]></wp:meta_value>
            </wp:postmeta>
            <wp:postmeta>
                <wp:meta_key>_lsb_published_year</wp:meta_key>
                <wp:meta_value><![CDATA[lsb_acf_published_year]]></wp:meta_value>
            </wp:postmeta>
            <wp:postmeta>
                <wp:meta_key>lsb_pages</wp:meta_key>
                <wp:meta_value><![CDATA[204]]></wp:meta_value>
            </wp:postmeta>
            <wp:postmeta>
                <wp:meta_key>_lsb_pages</wp:meta_key>
                <wp:meta_value><![CDATA[lsb_acf_pages]]></wp:meta_value>
            </wp:postmeta>
            <wp:postmeta>
                <wp:meta_key>lsb_review</wp:meta_key>
                <wp:meta_value><![CDATA[  <div>Han er fjorten år gammel, <br />  og drømmen hans er å bli <br />  en stor skihopper. <br />  Han har nettopp fått farens skihelt,<br />  Per Stranden, som trener. <br />  Han har talent.<br />  På treninga setter han utfor bakken. <br />  Beina svikter i svevet, og han faller stygt. <br />  Legen forteller ham at han har <br />  en alvorlig muskelsykdom. <br />  Bare et hopp til kan være livsfarlig. <br />  Hjemme er det noe rart med mor. <br />  Far forsøker å glatte over. <br />  Skal han fortelle foreldrene <br />  hva legen har sagt? <br />  Eller skal han holde det hemmelig <br />  for å få hoppe en siste gang? </div>  <div>&#160;</div>  <div><strong>Vekten av snøkrystaller</strong> er en <br />  spennende og rørende bok <br />  om å få livet sitt forandret. <br />  Språket er enkelt og tydelig. <br />  Fonten er ganske liten. </div>  <div>&#160;</div>  <p>Forfatteren <strong>Thorvald Steen</strong> vet selv <br />  hvordan det er å ha en muskelsykdom. <br />  Før han skrev <strong>Vekten av snøkrystaller</strong> <br />  skrev han boka <strong>Bare en siste gang</strong>. <br />  Ba<strong>re en siste gang</strong> er en kort, liten <br />  fortelling om det som skjedde. <br />  Den finnes også på lydbok.</p>  ]]></wp:meta_value>
            </wp:postmeta>
            <wp:postmeta>
                <wp:meta_key>_lsb_review</wp:meta_key>
                <wp:meta_value><![CDATA[lsb_acf_review]]></wp:meta_value>
            </wp:postmeta>
            <wp:postmeta>
                <wp:meta_key>lsb_quote</wp:meta_key>
                <wp:meta_value><![CDATA[- Er det noe du vil si? spurte Per og dro girspaken fra andre  til tredje gir.   - Nei, sa jeg fort og kikket bak for å se om guttene hadde   hørt spørsmålet hans.   - Eller drømmer du litt?   - Jo, jeg gjør nok det, sa jeg og forsøkte å presse munnvikene]]></wp:meta_value>
            </wp:postmeta>
            <wp:postmeta>
                <wp:meta_key>_lsb_quote</wp:meta_key>
                <wp:meta_value><![CDATA[lsb_acf_quote]]></wp:meta_value>
            </wp:postmeta>
            <wp:postmeta>
                <wp:meta_key>lsb_supported</wp:meta_key>
                <wp:meta_value><![CDATA[0]]></wp:meta_value>
            </wp:postmeta>
            <wp:postmeta>
                <wp:meta_key>_lsb_supported</wp:meta_key>
                <wp:meta_value><![CDATA[lsb_acf_supported]]></wp:meta_value>
            </wp:postmeta>
            <category domain="lsb_tax_author" nicename="thorvald-steen"><![CDATA[Thorvald Steen]]></category>
            <category domain="lsb_tax_publisher" nicename="oktober-"><![CDATA[Oktober ]]></category>
            <wp:postmeta>
                <wp:meta_key>lsb_look_inside</wp:meta_key>
                <wp:meta_value><![CDATA[CUSTOM_BLA_I_BOKA]]></wp:meta_value>
            </wp:postmeta>
            <wp:postmeta>
                <wp:meta_key>_lsb_look_inside</wp:meta_key>
                <wp:meta_value><![CDATA[lsb_acf_look_inside]]></wp:meta_value>
            </wp:postmeta>
            <category domain="lsb_tax_age" nicename="voksne"><![CDATA[voksne]]></category>
            <category domain="lsb_tax_genre" nicename="prosa"><![CDATA[prosa]]></category>
            <category domain="lsb_tax_language" nicename="no_nb"><![CDATA[bokmål]]></category>
            <category domain="lsb_tax_customization" nicename="skjønnlitteratur"><![CDATA[skjønnlitteratur]]></category>
            <wp:postmeta>
                <wp:meta_key>_thumbnail_id</wp:meta_key>
                <wp:meta_value><![CDATA[5028]]></wp:meta_value>
            </wp:postmeta>
        </item>
        <item>
            <title>Vekten av snøkrystaller.jpg</title>
            <wp:post_id>5028</wp:post_id>
            <wp:status>inherit</wp:status>
            <wp:post_type>attachment</wp:post_type>
            <wp:attachment_url>https://raw.githubusercontent.com/lesersokerbok/boksok.no-data-utils/master/output-example/images/14DC86584A914EE6824B71DBDC832C52.jpg</wp:attachment_url>
        </item>
        <item>
            <wp:post_type>lsb_book</wp:post_type>
            <wp:status>publish</wp:status>
            <title>Hannu Hannu</title>
            <excerpt:encoded><![CDATA[Det var den sommeren alt ble annerledes. ]]></excerpt:encoded>
            <wp:postmeta>
                <wp:meta_key>lsb_isbn</wp:meta_key>
                <wp:meta_value><![CDATA[9788203248689]]></wp:meta_value>
            </wp:postmeta>
            <wp:postmeta>
                <wp:meta_key>_lsb_isbn</wp:meta_key>
                <wp:meta_value><![CDATA[lsb_acf_isbn]]></wp:meta_value>
            </wp:postmeta>
            <wp:postmeta>
                <wp:meta_key>lsb_published_year</wp:meta_key>
                <wp:meta_value><![CDATA[2006]]></wp:meta_value>
            </wp:postmeta>
            <wp:postmeta>
                <wp:meta_key>_lsb_published_year</wp:meta_key>
                <wp:meta_value><![CDATA[lsb_acf_published_year]]></wp:meta_value>
            </wp:postmeta>
            <wp:postmeta>
                <wp:meta_key>lsb_pages</wp:meta_key>
                <wp:meta_value><![CDATA[96]]></wp:meta_value>
            </wp:postmeta>
            <wp:postmeta>
                <wp:meta_key>_lsb_pages</wp:meta_key>
                <wp:meta_value><![CDATA[lsb_acf_pages]]></wp:meta_value>
            </wp:postmeta>
            <wp:postmeta>
                <wp:meta_key>lsb_review</wp:meta_key>
                <wp:meta_value><![CDATA[  <div>Lillebroren i denne boka <br />  beundrer storebroren sin, Hannu. <br />  Hver dag drar Hannu ut i skogen. <br />  Han blir lenge borte. <br />  Noen dager kommer han ikke hjem <br />  i det hele tatt. <br />  Hva gjør han egentlig der ute? <br />  Denne sommeren skjer det ting <br />  som blir dramatisk for begge brødrene. </div>  <div>&#160;</div>  <p>Dette er en rørende bok <br />  med enkelt språk. <br />  Forlaget skriver: Det finnes <br />  noen ganske få bøker som virkelig kan <br />  sies å passe for alle aldre. <br />  <strong>Hannu, Hannu</strong> er en av dem. </p>  ]]></wp:meta_value>
            </wp:postmeta>
            <wp:postmeta>
                <wp:meta_key>_lsb_review</wp:meta_key>
                <wp:meta_value><![CDATA[lsb_acf_review]]></wp:meta_value>
            </wp:postmeta>
            <wp:postmeta>
                <wp:meta_key>lsb_quote</wp:meta_key>
                <wp:meta_value><![CDATA[Han kom inn til meg og sa: "Hør på meg. Jeg   synes at du skal være med meg i skogen. Jeg vet at   du ikke tør, men jeg er sikker på at du vil det likevel.   Og en dag må du være med meg dit."   "Jeg tør ikke likevel," sa jeg.   "Du tar feil," sa Hannu. "Du tar feil når du sier   at du ikke tør. Du trenger ikke være redd for skogen,   du burde være mer redd for å bli igjen her. Du burde  være mer redd for at du aldri går ut. Du burde være   redd for å være så innmari redd hele tiden." ]]></wp:meta_value>
            </wp:postmeta>
            <wp:postmeta>
                <wp:meta_key>_lsb_quote</wp:meta_key>
                <wp:meta_value><![CDATA[lsb_acf_quote]]></wp:meta_value>
            </wp:postmeta>
            <wp:postmeta>
                <wp:meta_key>lsb_supported</wp:meta_key>
                <wp:meta_value><![CDATA[0]]></wp:meta_value>
            </wp:postmeta>
            <wp:postmeta>
                <wp:meta_key>_lsb_supported</wp:meta_key>
                <wp:meta_value><![CDATA[lsb_acf_supported]]></wp:meta_value>
            </wp:postmeta>
            <category domain="lsb_tax_author" nicename="geir-gulliksen"><![CDATA[Geir Gulliksen]]></category>
            <category domain="lsb_tax_publisher" nicename="aschehoug-"><![CDATA[Aschehoug ]]></category>
            <wp:postmeta>
                <wp:meta_key>lsb_look_inside</wp:meta_key>
                <wp:meta_value><![CDATA[CUSTOM_BLA_I_BOKA]]></wp:meta_value>
            </wp:postmeta>
            <wp:postmeta>
                <wp:meta_key>_lsb_look_inside</wp:meta_key>
                <wp:meta_value><![CDATA[lsb_acf_look_inside]]></wp:meta_value>
            </wp:postmeta>
            <category domain="lsb_tax_age" nicename="voksne"><![CDATA[voksne]]></category>
            <category domain="lsb_tax_genre" nicename="prosa"><![CDATA[prosa]]></category>
            <category domain="lsb_tax_language" nicename="no_nb"><![CDATA[bokmål]]></category>
            <category domain="lsb_tax_customization" nicename="skjønnlitteratur"><![CDATA[skjønnlitteratur]]></category>
            <wp:postmeta>
                <wp:meta_key>_thumbnail_id</wp:meta_key>
                <wp:meta_value><![CDATA[5029]]></wp:meta_value>
            </wp:postmeta>
        </item>
        <item>
            <title>Hannu Hannu.jpg</title>
            <wp:post_id>5029</wp:post_id>
            <wp:status>inherit</wp:status>
            <wp:post_type>attachment</wp:post_type>
            <wp:attachment_url>https://raw.githubusercontent.com/lesersokerbok/boksok.no-data-utils/master/output-example/images/F781B0014A194AE69308DEEF016DBC64.jpg</wp:attachment_url>
        </item>
        <item>
            <wp:post_type>lsb_book</wp:post_type>
            <wp:status>publish</wp:status>
            <title>Fredlaus</title>
            <excerpt:encoded><![CDATA[Ragnar Hovland fekk Kritikerprisen for denne boka   om ein gut som flyktar frå mor og far. ]]></excerpt:encoded>
            <wp:postmeta>
                <wp:meta_key>lsb_isbn</wp:meta_key>
                <wp:meta_value><![CDATA[9788252171822]]></wp:meta_value>
            </wp:postmeta>
            <wp:postmeta>
                <wp:meta_key>_lsb_isbn</wp:meta_key>
                <wp:meta_value><![CDATA[lsb_acf_isbn]]></wp:meta_value>
            </wp:postmeta>
            <wp:postmeta>
                <wp:meta_key>lsb_published_year</wp:meta_key>
                <wp:meta_value><![CDATA[2008]]></wp:meta_value>
            </wp:postmeta>
            <wp:postmeta>
                <wp:meta_key>_lsb_published_year</wp:meta_key>
                <wp:meta_value><![CDATA[lsb_acf_published_year]]></wp:meta_value>
            </wp:postmeta>
            <wp:postmeta>
                <wp:meta_key>lsb_pages</wp:meta_key>
                <wp:meta_value><![CDATA[180]]></wp:meta_value>
            </wp:postmeta>
            <wp:postmeta>
                <wp:meta_key>_lsb_pages</wp:meta_key>
                <wp:meta_value><![CDATA[lsb_acf_pages]]></wp:meta_value>
            </wp:postmeta>
            <wp:postmeta>
                <wp:meta_key>lsb_review</wp:meta_key>
                <wp:meta_value><![CDATA[  <div>Foreldra til Aksel skal gå frå kvarandre. <br />  Då pakkar Aksel en sekk med mat og klede <br />  og går sin veg han òg. <br />  Han går til eit kvitt hus inne i skogen. <br />  Der skal han bu. I fred, tenkjer Aksel. <br />  Men den eine etter den andre kjem rennande<br />  for å helsa på. <br />  Snart må Aksel likevel begynne å tenkje på <br />  det han har flykta i frå.  </div>  <div>&#160;</div>  <p>Denne boka har korte kapitler <br />  og eit enkelt, godt språk. </p>  ]]></wp:meta_value>
            </wp:postmeta>
            <wp:postmeta>
                <wp:meta_key>_lsb_review</wp:meta_key>
                <wp:meta_value><![CDATA[lsb_acf_review]]></wp:meta_value>
            </wp:postmeta>
            <wp:postmeta>
                <wp:meta_key>lsb_quote</wp:meta_key>
                <wp:meta_value><![CDATA[- Det luktar framleis kaffi, sa han. - Kaffi held seg   lenge.   Og så var det på med kaffikjelen i kjellaren.   Eg hadde aldri drukke kaffi før, men no då eg hadde   begynt på det nye livet mitt, var kaffidrikking noko av   det første eg hadde tenkt å be]]></wp:meta_value>
            </wp:postmeta>
            <wp:postmeta>
                <wp:meta_key>_lsb_quote</wp:meta_key>
                <wp:meta_value><![CDATA[lsb_acf_quote]]></wp:meta_value>
            </wp:postmeta>
            <wp:postmeta>
                <wp:meta_key>lsb_supported</wp:meta_key>
                <wp:meta_value><![CDATA[0]]></wp:meta_value>
            </wp:postmeta>
            <wp:postmeta>
                <wp:meta_key>_lsb_supported</wp:meta_key>
                <wp:meta_value><![CDATA[lsb_acf_supported]]></wp:meta_value>
            </wp:postmeta>
            <category domain="lsb_tax_author" nicename="ragnar-hovland"><![CDATA[Ragnar Hovland]]></category>
            <category domain="lsb_tax_publisher" nicename="samlaget"><![CDATA[Samlaget]]></category>
            <wp:postmeta>
                <wp:meta_key>lsb_look_inside</wp:meta_key>
                <wp:meta_value><![CDATA[CUSTOM_BLA_I_BOKA]]></wp:meta_value>
            </wp:postmeta>
            <wp:postmeta>
                <wp:meta_key>_lsb_look_inside</wp:meta_key>
                <wp:meta_value><![CDATA[lsb_acf_look_inside]]></wp:meta_value>
            </wp:postmeta>
            <category domain="lsb_tax_age" nicename="voksne"><![CDATA[voksne]]></category>
            <category domain="lsb_tax_genre" nicename="prosa"><![CDATA[prosa]]></category>
            <category domain="lsb_tax_language" nicename="no_nn"><![CDATA[nynorsk]]></category>
            <category domain="lsb_tax_customization" nicename="skjønnlitteratur"><![CDATA[skjønnlitteratur]]></category>
            <wp:postmeta>
                <wp:meta_key>_thumbnail_id</wp:meta_key>
                <wp:meta_value><![CDATA[5030]]></wp:meta_value>
            </wp:postmeta>
        </item>
        <item>
            <title>Fredlaus.jpg</title>
            <wp:post_id>5030</wp:post_id>
            <wp:status>inherit</wp:status>
            <wp:post_type>attachment</wp:post_type>
            <wp:attachment_url>https://raw.githubusercontent.com/lesersokerbok/boksok.no-data-utils/master/output-example/images/F87934A684274578B319B10A519335DC.jpg</wp:attachment_url>
        </item>
        <item>
            <wp:post_type>lsb_book</wp:post_type>
            <wp:status>publish</wp:status>
            <title>Stille dager i Mixing Part </title>
            <excerpt:encoded><![CDATA[Erlend Loe har skrevet nok en bok   med masse humor og alvor. ]]></excerpt:encoded>
            <wp:postmeta>
                <wp:meta_key>lsb_isbn</wp:meta_key>
                <wp:meta_value><![CDATA[9788202308452]]></wp:meta_value>
            </wp:postmeta>
            <wp:postmeta>
                <wp:meta_key>_lsb_isbn</wp:meta_key>
                <wp:meta_value><![CDATA[lsb_acf_isbn]]></wp:meta_value>
            </wp:postmeta>
            <wp:postmeta>
                <wp:meta_key>lsb_published_year</wp:meta_key>
                <wp:meta_value><![CDATA[2009]]></wp:meta_value>
            </wp:postmeta>
            <wp:postmeta>
                <wp:meta_key>_lsb_published_year</wp:meta_key>
                <wp:meta_value><![CDATA[lsb_acf_published_year]]></wp:meta_value>
            </wp:postmeta>
            <wp:postmeta>
                <wp:meta_key>lsb_pages</wp:meta_key>
                <wp:meta_value><![CDATA[204]]></wp:meta_value>
            </wp:postmeta>
            <wp:postmeta>
                <wp:meta_key>_lsb_pages</wp:meta_key>
                <wp:meta_value><![CDATA[lsb_acf_pages]]></wp:meta_value>
            </wp:postmeta>
            <wp:postmeta>
                <wp:meta_key>lsb_review</wp:meta_key>
                <wp:meta_value><![CDATA[  <div>Nina Telemann, 43 år. <br />  Norsklærer i den videregående skolen. <br />  Tykke briller. Elsker Tyskland. <br />  Bror Telemann, 42 år. <br />  Elsker ikke Tyskland. <br />  Antydning til alkoholproblemer. <br />  Disse to er gift og har tre barn. <br />  Sammen drar de på ferie <br />  til Tyskland. <br />  Bror Telemann har en hemmelighet. <br />  Dagene på ferieturen går med til <br />  stille samtaler dem i mellom. <br />  Alt de trenger en liten storm<br />  for å redde både ferien og ekteskapet. </div>  <div>&#160;</div>  <div>Stille dager i Mixing Part <br />  er en morsom bok om å være </div>  <div>midtveis i livet. <br />  Språket er enkelt. <br />  Replikkene er ikke markert. <br />  Derfor kan det være vanskelig å skjønne <br />  hvem som sier hva i begynnelsen. </div>  ]]></wp:meta_value>
            </wp:postmeta>
            <wp:postmeta>
                <wp:meta_key>_lsb_review</wp:meta_key>
                <wp:meta_value><![CDATA[lsb_acf_review]]></wp:meta_value>
            </wp:postmeta>
            <wp:postmeta>
                <wp:meta_key>lsb_quote</wp:meta_key>
                <wp:meta_value><![CDATA[Telemann?  Ja.   Du er klar over at hver gang du tar en røyk så blir livet   ditt elleve minutter kortere?   Det var jeg ikke klar over.   Men sånn er det altså.   Ok.  Hva tenker du på nå når du vet det? ]]></wp:meta_value>
            </wp:postmeta>
            <wp:postmeta>
                <wp:meta_key>_lsb_quote</wp:meta_key>
                <wp:meta_value><![CDATA[lsb_acf_quote]]></wp:meta_value>
            </wp:postmeta>
            <wp:postmeta>
                <wp:meta_key>lsb_supported</wp:meta_key>
                <wp:meta_value><![CDATA[0]]></wp:meta_value>
            </wp:postmeta>
            <wp:postmeta>
                <wp:meta_key>_lsb_supported</wp:meta_key>
                <wp:meta_value><![CDATA[lsb_acf_supported]]></wp:meta_value>
            </wp:postmeta>
            <category domain="lsb_tax_author" nicename="erlend-loe"><![CDATA[Erlend Loe]]></category>
            <category domain="lsb_tax_publisher" nicename="cappelen-damm"><![CDATA[Cappelen Damm]]></category>
            <wp:postmeta>
                <wp:meta_key>lsb_look_inside</wp:meta_key>
                <wp:meta_value><![CDATA[CUSTOM_BLA_I_BOKA]]></wp:meta_value>
            </wp:postmeta>
            <wp:postmeta>
                <wp:meta_key>_lsb_look_inside</wp:meta_key>
                <wp:meta_value><![CDATA[lsb_acf_look_inside]]></wp:meta_value>
            </wp:postmeta>
            <category domain="lsb_tax_age" nicename="voksne"><![CDATA[voksne]]></category>
            <category domain="lsb_tax_genre" nicename="prosa"><![CDATA[prosa]]></category>
            <category domain="lsb_tax_language" nicename="no_nb"><![CDATA[bokmål]]></category>
            <category domain="lsb_tax_customization" nicename="skjønnlitteratur"><![CDATA[skjønnlitteratur]]></category>
            <wp:postmeta>
                <wp:meta_key>_thumbnail_id</wp:meta_key>
                <wp:meta_value><![CDATA[5031]]></wp:meta_value>
            </wp:postmeta>
        </item>
        <item>
            <title>Stille dager i Mixing Part.jpg</title>
            <wp:post_id>5031</wp:post_id>
            <wp:status>inherit</wp:status>
            <wp:post_type>attachment</wp:post_type>
            <wp:attachment_url>https://raw.githubusercontent.com/lesersokerbok/boksok.no-data-utils/master/output-example/images/616490A01EFD49348573589035CF7278.jpg</wp:attachment_url>
        </item>
        <item>
            <wp:post_type>lsb_book</wp:post_type>
            <wp:status>publish</wp:status>
            <title>Ungkarsfestivalen</title>
            <excerpt:encoded><![CDATA[Mye kan skje når en bankfunksjonær   flytter til øygruppa Hogna. ]]></excerpt:encoded>
            <wp:postmeta>
                <wp:meta_key>lsb_isbn</wp:meta_key>
                <wp:meta_value><![CDATA[9788281400665]]></wp:meta_value>
            </wp:postmeta>
            <wp:postmeta>
                <wp:meta_key>_lsb_isbn</wp:meta_key>
                <wp:meta_value><![CDATA[lsb_acf_isbn]]></wp:meta_value>
            </wp:postmeta>
            <wp:postmeta>
                <wp:meta_key>lsb_published_year</wp:meta_key>
                <wp:meta_value><![CDATA[2007]]></wp:meta_value>
            </wp:postmeta>
            <wp:postmeta>
                <wp:meta_key>_lsb_published_year</wp:meta_key>
                <wp:meta_value><![CDATA[lsb_acf_published_year]]></wp:meta_value>
            </wp:postmeta>
            <wp:postmeta>
                <wp:meta_key>lsb_pages</wp:meta_key>
                <wp:meta_value><![CDATA[314]]></wp:meta_value>
            </wp:postmeta>
            <wp:postmeta>
                <wp:meta_key>_lsb_pages</wp:meta_key>
                <wp:meta_value><![CDATA[lsb_acf_pages]]></wp:meta_value>
            </wp:postmeta>
            <wp:postmeta>
                <wp:meta_key>lsb_review</wp:meta_key>
                <wp:meta_value><![CDATA[  <div>En bankfunksjonær ble tatt på fersken <br />  i senga med banksjefens kone<br />  og blir flyttet til Hogna. <br />  Hogna er et øysamfunn. <br />  De fleste flytter fra Hogna, <br />  ikke til. Og de fleste som bor på øya<br />  er menn som ikke finner noen dame <br />  å gifte seg med. <br />  Derfor har de har en ungkarsforening. <br />  Den drives av noen morsomme menn <br />  med mange planer. Ikke bare skal de få <br />  flere jobber til øya. <br />  De skal få damer til øya også.<br />  Og for å få gjennomført planene <br />  trenger de hjelp fra banken.  </div>  <div>&#160;</div>  <div>Dette er en morsom bok <br />  med et lett og muntlig språk. </div>  ]]></wp:meta_value>
            </wp:postmeta>
            <wp:postmeta>
                <wp:meta_key>_lsb_review</wp:meta_key>
                <wp:meta_value><![CDATA[lsb_acf_review]]></wp:meta_value>
            </wp:postmeta>
            <wp:postmeta>
                <wp:meta_key>lsb_quote</wp:meta_key>
                <wp:meta_value><![CDATA[- Hvordan fikk du ham med på dette? spurte jeg.   - Hva slags investering var det du sa det var?  - Å, jeg sa at han skulle få velge seg kvinnfolk først. For ham er det den beste investeringen som finnes. Når en kar i hans alder værer sjansen til å få seg]]></wp:meta_value>
            </wp:postmeta>
            <wp:postmeta>
                <wp:meta_key>_lsb_quote</wp:meta_key>
                <wp:meta_value><![CDATA[lsb_acf_quote]]></wp:meta_value>
            </wp:postmeta>
            <wp:postmeta>
                <wp:meta_key>lsb_supported</wp:meta_key>
                <wp:meta_value><![CDATA[0]]></wp:meta_value>
            </wp:postmeta>
            <wp:postmeta>
                <wp:meta_key>_lsb_supported</wp:meta_key>
                <wp:meta_value><![CDATA[lsb_acf_supported]]></wp:meta_value>
            </wp:postmeta>
            <category domain="lsb_tax_author" nicename="bjørn-ingvaldsen"><![CDATA[Bjørn Ingvaldsen]]></category>
            <category domain="lsb_tax_publisher" nicename="wigestrand"><![CDATA[Wigestrand]]></category>
            <wp:postmeta>
                <wp:meta_key>lsb_look_inside</wp:meta_key>
                <wp:meta_value><![CDATA[CUSTOM_BLA_I_BOKA]]></wp:meta_value>
            </wp:postmeta>
            <wp:postmeta>
                <wp:meta_key>_lsb_look_inside</wp:meta_key>
                <wp:meta_value><![CDATA[lsb_acf_look_inside]]></wp:meta_value>
            </wp:postmeta>
            <category domain="lsb_tax_age" nicename="voksne"><![CDATA[voksne]]></category>
            <category domain="lsb_tax_genre" nicename="prosa"><![CDATA[prosa]]></category>
            <category domain="lsb_tax_topic" nicename="humor"><![CDATA[humor]]></category>
            <category domain="lsb_tax_language" nicename="no_nb"><![CDATA[bokmål]]></category>
            <category domain="lsb_tax_customization" nicename="skjønnlitteratur"><![CDATA[skjønnlitteratur]]></category>
            <wp:postmeta>
                <wp:meta_key>_thumbnail_id</wp:meta_key>
                <wp:meta_value><![CDATA[5032]]></wp:meta_value>
            </wp:postmeta>
        </item>
        <item>
            <title>Ungkarsfestivalen.jpg</title>
            <wp:post_id>5032</wp:post_id>
            <wp:status>inherit</wp:status>
            <wp:post_type>attachment</wp:post_type>
            <wp:attachment_url>https://raw.githubusercontent.com/lesersokerbok/boksok.no-data-utils/master/output-example/images/CD310C5185B7447D8991621A1E99BE61.jpg</wp:attachment_url>
        </item>
        <item>
            <wp:post_type>lsb_book</wp:post_type>
            <wp:status>publish</wp:status>
            <title>Trist som faen</title>
            <excerpt:encoded><![CDATA[Ari Behn fikk masse oppmerksomhet for debutboka   Trist som faen da den kom i 1999. ]]></excerpt:encoded>
            <wp:postmeta>
                <wp:meta_key>lsb_isbn</wp:meta_key>
                <wp:meta_value><![CDATA[9788205270619]]></wp:meta_value>
            </wp:postmeta>
            <wp:postmeta>
                <wp:meta_key>_lsb_isbn</wp:meta_key>
                <wp:meta_value><![CDATA[lsb_acf_isbn]]></wp:meta_value>
            </wp:postmeta>
            <wp:postmeta>
                <wp:meta_key>lsb_published_year</wp:meta_key>
                <wp:meta_value><![CDATA[2000]]></wp:meta_value>
            </wp:postmeta>
            <wp:postmeta>
                <wp:meta_key>_lsb_published_year</wp:meta_key>
                <wp:meta_value><![CDATA[lsb_acf_published_year]]></wp:meta_value>
            </wp:postmeta>
            <wp:postmeta>
                <wp:meta_key>lsb_pages</wp:meta_key>
                <wp:meta_value><![CDATA[93]]></wp:meta_value>
            </wp:postmeta>
            <wp:postmeta>
                <wp:meta_key>_lsb_pages</wp:meta_key>
                <wp:meta_value><![CDATA[lsb_acf_pages]]></wp:meta_value>
            </wp:postmeta>
            <wp:postmeta>
                <wp:meta_key>lsb_review</wp:meta_key>
                <wp:meta_value><![CDATA[  <div>Trist som faen består av <br />  15 fortellinger. <br />  Menneskene i fortellingene <br />  leter etter en plass <br />  i verden. <br />  Fortellingene er korte <br />  og presise. </div>  <div>&#160;</div>  <p>Trist som faen er <br />  den første boka til <strong>Ari Behn</strong>. <br />  Den fikk veldig god kritikk <br />  da den kom. </p>  <p>Noen av fortellingene har <br />  ganske mange vanskelige ord, <br />  mens andre er lette å lese. </p>  ]]></wp:meta_value>
            </wp:postmeta>
            <wp:postmeta>
                <wp:meta_key>_lsb_review</wp:meta_key>
                <wp:meta_value><![CDATA[lsb_acf_review]]></wp:meta_value>
            </wp:postmeta>
            <wp:postmeta>
                <wp:meta_key>lsb_quote</wp:meta_key>
                <wp:meta_value><![CDATA[Da jeg kom ut i ankomsthallen på flyplassen, sto   pappa og ventet. Jeg tenkte at det måtte ha skjedd noe  alvorlig med mamma, eller at Mathilde og Thomas  var syke. Pappa forlagte endatil å få bære ryggsek-  ken og spurte om vi ikke begge trengte kaffe. Skjorten   hans var åpen og det nakne brystet strammet seg når   han snakket. Han var femti år gammel og jeg var   tredve, men ingen av oss likte kaffe. ]]></wp:meta_value>
            </wp:postmeta>
            <wp:postmeta>
                <wp:meta_key>_lsb_quote</wp:meta_key>
                <wp:meta_value><![CDATA[lsb_acf_quote]]></wp:meta_value>
            </wp:postmeta>
            <wp:postmeta>
                <wp:meta_key>lsb_supported</wp:meta_key>
                <wp:meta_value><![CDATA[0]]></wp:meta_value>
            </wp:postmeta>
            <wp:postmeta>
                <wp:meta_key>_lsb_supported</wp:meta_key>
                <wp:meta_value><![CDATA[lsb_acf_supported]]></wp:meta_value>
            </wp:postmeta>
            <category domain="lsb_tax_author" nicename="ari-behn"><![CDATA[Ari Behn]]></category>
            <category domain="lsb_tax_publisher" nicename="kolon-"><![CDATA[Kolon ]]></category>
            <wp:postmeta>
                <wp:meta_key>lsb_look_inside</wp:meta_key>
                <wp:meta_value><![CDATA[CUSTOM_BLA_I_BOKA]]></wp:meta_value>
            </wp:postmeta>
            <wp:postmeta>
                <wp:meta_key>_lsb_look_inside</wp:meta_key>
                <wp:meta_value><![CDATA[lsb_acf_look_inside]]></wp:meta_value>
            </wp:postmeta>
            <category domain="lsb_tax_age" nicename="voksne"><![CDATA[voksne]]></category>
            <category domain="lsb_tax_genre" nicename="prosa"><![CDATA[prosa]]></category>
            <category domain="lsb_tax_language" nicename="no_nb"><![CDATA[bokmål]]></category>
            <category domain="lsb_tax_customization" nicename="skjønnlitteratur"><![CDATA[skjønnlitteratur]]></category>
            <wp:postmeta>
                <wp:meta_key>_thumbnail_id</wp:meta_key>
                <wp:meta_value><![CDATA[5033]]></wp:meta_value>
            </wp:postmeta>
        </item>
        <item>
            <title>Trist som faen.jpg</title>
            <wp:post_id>5033</wp:post_id>
            <wp:status>inherit</wp:status>
            <wp:post_type>attachment</wp:post_type>
            <wp:attachment_url>https://raw.githubusercontent.com/lesersokerbok/boksok.no-data-utils/master/output-example/images/5DEDF819F8604A7CB0DC1E52C35E574A.jpg</wp:attachment_url>
        </item>
        <item>
            <wp:post_type>lsb_book</wp:post_type>
            <wp:status>publish</wp:status>
            <title>Drapet på Aurora Lindkvist</title>
            <excerpt:encoded><![CDATA[En spennende og lett krim.   ]]></excerpt:encoded>
            <wp:postmeta>
                <wp:meta_key>lsb_isbn</wp:meta_key>
                <wp:meta_value><![CDATA[9788281566859]]></wp:meta_value>
            </wp:postmeta>
            <wp:postmeta>
                <wp:meta_key>_lsb_isbn</wp:meta_key>
                <wp:meta_value><![CDATA[lsb_acf_isbn]]></wp:meta_value>
            </wp:postmeta>
            <wp:postmeta>
                <wp:meta_key>lsb_published_year</wp:meta_key>
                <wp:meta_value><![CDATA[2009]]></wp:meta_value>
            </wp:postmeta>
            <wp:postmeta>
                <wp:meta_key>_lsb_published_year</wp:meta_key>
                <wp:meta_value><![CDATA[lsb_acf_published_year]]></wp:meta_value>
            </wp:postmeta>
            <wp:postmeta>
                <wp:meta_key>lsb_pages</wp:meta_key>
                <wp:meta_value><![CDATA[285]]></wp:meta_value>
            </wp:postmeta>
            <wp:postmeta>
                <wp:meta_key>_lsb_pages</wp:meta_key>
                <wp:meta_value><![CDATA[lsb_acf_pages]]></wp:meta_value>
            </wp:postmeta>
            <wp:postmeta>
                <wp:meta_key>lsb_review</wp:meta_key>
                <wp:meta_value><![CDATA[  <div>Aurora Lindkvist hadde på seg <br />  rød regnjakke og gummistøvler <br />  da hun gikk inn på stien. <br />  Det var ingen i nærheten, <br />  bortsett fra eieren av den røde Mazdaen <br />  som hadde fått motorstopp. <br />  Hadde ikke eieren vært så opptatt av <br />  å ringe Viking, ville hun kanskje ha sett <br />  den unge jenta som forsvant mellom trærne. <br />  I så fall hadde hun vært den siste som så <br />  Aurora Lindkvist i live. <br />  Bortsett fra morderen, naturligvis. </div>  <div>&#160;</div>  <p>Dette er den første boka i en serie <br />  på tolv bøker. <br />  Teksten er lett å lese, og fortellingen <br />  er spennende. </p>  ]]></wp:meta_value>
            </wp:postmeta>
            <wp:postmeta>
                <wp:meta_key>_lsb_review</wp:meta_key>
                <wp:meta_value><![CDATA[lsb_acf_review]]></wp:meta_value>
            </wp:postmeta>
            <wp:postmeta>
                <wp:meta_key>lsb_quote</wp:meta_key>
                <wp:meta_value><![CDATA[Herregud, Eilif! Jan skrek gjennom regnet. "Hun   hadde på seg en rød regnjakke og forsvant opp til Lysegård.   Skjønner du ingenting?"   "Joda, men ..."   "Og dagen etter drar vi opp til Lysegård, og hva finner  vi?"   "Jeg prøver bare å si at ..."   "En rød regnjakke!" brølte Jan Lindkvist. ]]></wp:meta_value>
            </wp:postmeta>
            <wp:postmeta>
                <wp:meta_key>_lsb_quote</wp:meta_key>
                <wp:meta_value><![CDATA[lsb_acf_quote]]></wp:meta_value>
            </wp:postmeta>
            <wp:postmeta>
                <wp:meta_key>lsb_supported</wp:meta_key>
                <wp:meta_value><![CDATA[0]]></wp:meta_value>
            </wp:postmeta>
            <wp:postmeta>
                <wp:meta_key>_lsb_supported</wp:meta_key>
                <wp:meta_value><![CDATA[lsb_acf_supported]]></wp:meta_value>
            </wp:postmeta>
            <category domain="lsb_tax_author" nicename="kjetil-indregard"><![CDATA[Kjetil Indregard]]></category>
            <category domain="lsb_tax_publisher" nicename="aller-forlag-"><![CDATA[Aller forlag ]]></category>
            <wp:postmeta>
                <wp:meta_key>lsb_look_inside</wp:meta_key>
                <wp:meta_value><![CDATA[CUSTOM_BLA_I_BOKA]]></wp:meta_value>
            </wp:postmeta>
            <wp:postmeta>
                <wp:meta_key>_lsb_look_inside</wp:meta_key>
                <wp:meta_value><![CDATA[lsb_acf_look_inside]]></wp:meta_value>
            </wp:postmeta>
            <category domain="lsb_tax_age" nicename="voksne"><![CDATA[voksne]]></category>
            <category domain="lsb_tax_genre" nicename="prosa"><![CDATA[prosa]]></category>
            <category domain="lsb_tax_topic" nicename="krim"><![CDATA[krim]]></category>
            <category domain="lsb_tax_topic" nicename="spenning"><![CDATA[spenning]]></category>
            <category domain="lsb_tax_language" nicename="no_nb"><![CDATA[bokmål]]></category>
            <category domain="lsb_tax_customization" nicename="skjønnlitteratur"><![CDATA[skjønnlitteratur]]></category>
            <wp:postmeta>
                <wp:meta_key>_thumbnail_id</wp:meta_key>
                <wp:meta_value><![CDATA[5034]]></wp:meta_value>
            </wp:postmeta>
        </item>
        <item>
            <title>Drapet på Aurora Lindkvist.jpg</title>
            <wp:post_id>5034</wp:post_id>
            <wp:status>inherit</wp:status>
            <wp:post_type>attachment</wp:post_type>
            <wp:attachment_url>https://raw.githubusercontent.com/lesersokerbok/boksok.no-data-utils/master/output-example/images/E9BFAA4061D0492AB78955F847B825DF.jpg</wp:attachment_url>
        </item>
        <item>
            <wp:post_type>lsb_book</wp:post_type>
            <wp:status>publish</wp:status>
            <title>Postkontoret</title>
            <excerpt:encoded><![CDATA[En morsom bok om å ha en kjedelig jobb   og å dra på fylla. ]]></excerpt:encoded>
            <wp:postmeta>
                <wp:meta_key>lsb_isbn</wp:meta_key>
                <wp:meta_value><![CDATA[9788205297135]]></wp:meta_value>
            </wp:postmeta>
            <wp:postmeta>
                <wp:meta_key>_lsb_isbn</wp:meta_key>
                <wp:meta_value><![CDATA[lsb_acf_isbn]]></wp:meta_value>
            </wp:postmeta>
            <wp:postmeta>
                <wp:meta_key>lsb_published_year</wp:meta_key>
                <wp:meta_value><![CDATA[2001]]></wp:meta_value>
            </wp:postmeta>
            <wp:postmeta>
                <wp:meta_key>_lsb_published_year</wp:meta_key>
                <wp:meta_value><![CDATA[lsb_acf_published_year]]></wp:meta_value>
            </wp:postmeta>
            <wp:postmeta>
                <wp:meta_key>lsb_pages</wp:meta_key>
                <wp:meta_value><![CDATA[161]]></wp:meta_value>
            </wp:postmeta>
            <wp:postmeta>
                <wp:meta_key>_lsb_pages</wp:meta_key>
                <wp:meta_value><![CDATA[lsb_acf_pages]]></wp:meta_value>
            </wp:postmeta>
            <wp:postmeta>
                <wp:meta_key>lsb_review</wp:meta_key>
                <wp:meta_value><![CDATA[  <div>Henry Chinaski trenger en jobb. <br />  Derfor begynner han å jobbe som <br />  postbud. <br />  Hverdagen som postbud er hard. <br />  Henry beskriver hverdagen sin <br />  med masse svart humor. <br />  Han er stadig full og får dagene til å gå <br />  med sex og veddeløpshester. </div>  <div>&#160;</div>  <p><strong>Postkontoret</strong> er en morsom bok <br />  som er lett å lese. <br />  Språket er muntlig og direkte. <br />  Hvert kapittel er delt inn i <br />  mange mindre avsnitt. </p>  ]]></wp:meta_value>
            </wp:postmeta>
            <wp:postmeta>
                <wp:meta_key>_lsb_review</wp:meta_key>
                <wp:meta_value><![CDATA[lsb_acf_review]]></wp:meta_value>
            </wp:postmeta>
            <wp:postmeta>
                <wp:meta_key>lsb_quote</wp:meta_key>
                <wp:meta_value><![CDATA[Men etter en stund begynte jeg å komme hjem fra jobben,   deppa.   "Hva er i veien, Hank?"   Jeg måtte drikke meg full hver kveld.   "Det er sjefen. Freddy. Han har begynt å plystre på en   sang. Han plystrer den når jeg kommer om morran og han   holder på til jeg går hjem om kvelden. Sånn har han holdt   det gående i fjorten dager!" ]]></wp:meta_value>
            </wp:postmeta>
            <wp:postmeta>
                <wp:meta_key>_lsb_quote</wp:meta_key>
                <wp:meta_value><![CDATA[lsb_acf_quote]]></wp:meta_value>
            </wp:postmeta>
            <wp:postmeta>
                <wp:meta_key>lsb_supported</wp:meta_key>
                <wp:meta_value><![CDATA[0]]></wp:meta_value>
            </wp:postmeta>
            <wp:postmeta>
                <wp:meta_key>_lsb_supported</wp:meta_key>
                <wp:meta_value><![CDATA[lsb_acf_supported]]></wp:meta_value>
            </wp:postmeta>
            <category domain="lsb_tax_author" nicename="charles-bukowski"><![CDATA[Charles Bukowski]]></category>
            <category domain="lsb_tax_publisher" nicename="gyldendal-"><![CDATA[Gyldendal ]]></category>
            <wp:postmeta>
                <wp:meta_key>lsb_look_inside</wp:meta_key>
                <wp:meta_value><![CDATA[CUSTOM_BLA_I_BOKA]]></wp:meta_value>
            </wp:postmeta>
            <wp:postmeta>
                <wp:meta_key>_lsb_look_inside</wp:meta_key>
                <wp:meta_value><![CDATA[lsb_acf_look_inside]]></wp:meta_value>
            </wp:postmeta>
            <category domain="lsb_tax_age" nicename="voksne"><![CDATA[voksne]]></category>
            <category domain="lsb_tax_genre" nicename="prosa"><![CDATA[prosa]]></category>
            <category domain="lsb_tax_topic" nicename="humor"><![CDATA[humor]]></category>
            <category domain="lsb_tax_language" nicename="no_nb"><![CDATA[bokmål]]></category>
            <category domain="lsb_tax_customization" nicename="skjønnlitteratur"><![CDATA[skjønnlitteratur]]></category>
            <wp:postmeta>
                <wp:meta_key>_thumbnail_id</wp:meta_key>
                <wp:meta_value><![CDATA[5035]]></wp:meta_value>
            </wp:postmeta>
        </item>
        <item>
            <title>Postkontoret.jpg</title>
            <wp:post_id>5035</wp:post_id>
            <wp:status>inherit</wp:status>
            <wp:post_type>attachment</wp:post_type>
            <wp:attachment_url>https://raw.githubusercontent.com/lesersokerbok/boksok.no-data-utils/master/output-example/images/46A369D08FCA4F42A561895786E32666.jpg</wp:attachment_url>
        </item>
        <item>
            <wp:post_type>lsb_book</wp:post_type>
            <wp:status>publish</wp:status>
            <title>Nasjonaldagen</title>
            <excerpt:encoded><![CDATA[Hans Bang forelsker seg i Inger.   Samtidig koker det rundt dem.   Norge vil frigjøre seg fra Sverige. ]]></excerpt:encoded>
            <wp:postmeta>
                <wp:meta_key>lsb_isbn</wp:meta_key>
                <wp:meta_value><![CDATA[9788210042942]]></wp:meta_value>
            </wp:postmeta>
            <wp:postmeta>
                <wp:meta_key>_lsb_isbn</wp:meta_key>
                <wp:meta_value><![CDATA[lsb_acf_isbn]]></wp:meta_value>
            </wp:postmeta>
            <wp:postmeta>
                <wp:meta_key>lsb_published_year</wp:meta_key>
                <wp:meta_value><![CDATA[1998]]></wp:meta_value>
            </wp:postmeta>
            <wp:postmeta>
                <wp:meta_key>_lsb_published_year</wp:meta_key>
                <wp:meta_value><![CDATA[lsb_acf_published_year]]></wp:meta_value>
            </wp:postmeta>
            <wp:postmeta>
                <wp:meta_key>lsb_pages</wp:meta_key>
                <wp:meta_value><![CDATA[189]]></wp:meta_value>
            </wp:postmeta>
            <wp:postmeta>
                <wp:meta_key>_lsb_pages</wp:meta_key>
                <wp:meta_value><![CDATA[lsb_acf_pages]]></wp:meta_value>
            </wp:postmeta>
            <wp:postmeta>
                <wp:meta_key>lsb_review</wp:meta_key>
                <wp:meta_value><![CDATA[  <div>Året er 1905. <br />  Byen Oslo heter Kristianina. <br />  Norge vil frigjøre seg fra Sverige. <br />  Det er urolig i gatene.  <br />  Hans Bang forelsker seg i Inger. <br />  Inger er også opptatt av Hans Bang,<br />  i alle fall en stund. <br />  Men så dukker den mystiske  <br />  Jacob Jahn opp. <br />  Hvem er Jacob Jahn? <br />  Hva vil han? </div>  <div>&#160;</div>  <p><strong>Nasjonaldagen</strong> er en bok om <br />  de små dramaene som skjer <br />  samtidig som de store. <br />  Språket er gjentagende og enkelt.  </p>  ]]></wp:meta_value>
            </wp:postmeta>
            <wp:postmeta>
                <wp:meta_key>_lsb_review</wp:meta_key>
                <wp:meta_value><![CDATA[lsb_acf_review]]></wp:meta_value>
            </wp:postmeta>
            <wp:postmeta>
                <wp:meta_key>lsb_quote</wp:meta_key>
                <wp:meta_value><![CDATA[Hans Bang ser på dem, han står ved siden av bordet og   ser på dem der de sitter med hvert sitt glass rødvin.   Jegeren og byttet.   Ja, men sett deg, sier Inger uten å se opp på ham.   Hun bare sier det.   Den venstre hånden hennes peker på bordenden. Der   skal han sitte, og han må finne seg en stol. Hun flytter   ikke på seg på benken. ]]></wp:meta_value>
            </wp:postmeta>
            <wp:postmeta>
                <wp:meta_key>_lsb_quote</wp:meta_key>
                <wp:meta_value><![CDATA[lsb_acf_quote]]></wp:meta_value>
            </wp:postmeta>
            <wp:postmeta>
                <wp:meta_key>lsb_supported</wp:meta_key>
                <wp:meta_value><![CDATA[0]]></wp:meta_value>
            </wp:postmeta>
            <wp:postmeta>
                <wp:meta_key>_lsb_supported</wp:meta_key>
                <wp:meta_value><![CDATA[lsb_acf_supported]]></wp:meta_value>
            </wp:postmeta>
            <category domain="lsb_tax_author" nicename="einar-o.-risa"><![CDATA[Einar O. Risa]]></category>
            <category domain="lsb_tax_publisher" nicename="tiden-"><![CDATA[Tiden ]]></category>
            <wp:postmeta>
                <wp:meta_key>lsb_look_inside</wp:meta_key>
                <wp:meta_value><![CDATA[CUSTOM_BLA_I_BOKA]]></wp:meta_value>
            </wp:postmeta>
            <wp:postmeta>
                <wp:meta_key>_lsb_look_inside</wp:meta_key>
                <wp:meta_value><![CDATA[lsb_acf_look_inside]]></wp:meta_value>
            </wp:postmeta>
            <category domain="lsb_tax_age" nicename="voksne"><![CDATA[voksne]]></category>
            <category domain="lsb_tax_genre" nicename="prosa"><![CDATA[prosa]]></category>
            <category domain="lsb_tax_language" nicename="no_nb"><![CDATA[bokmål]]></category>
            <category domain="lsb_tax_customization" nicename="skjønnlitteratur"><![CDATA[skjønnlitteratur]]></category>
            <wp:postmeta>
                <wp:meta_key>_thumbnail_id</wp:meta_key>
                <wp:meta_value><![CDATA[5036]]></wp:meta_value>
            </wp:postmeta>
        </item>
        <item>
            <title>Nasjonaldagen.jpg</title>
            <wp:post_id>5036</wp:post_id>
            <wp:status>inherit</wp:status>
            <wp:post_type>attachment</wp:post_type>
            <wp:attachment_url>https://raw.githubusercontent.com/lesersokerbok/boksok.no-data-utils/master/output-example/images/1C2D3FD07CAA4B8FA77737F7A5EBE39E.jpg</wp:attachment_url>
        </item>
        <item>
            <wp:post_type>lsb_book</wp:post_type>
            <wp:status>publish</wp:status>
            <title>Elskede Poona</title>
            <excerpt:encoded><![CDATA[Ungkaren Gunder Jomann   venter forgjeves på sin nye kone,   Poona fra Mumbai i India.   I stedet blir det funnet et lik. ]]></excerpt:encoded>
            <wp:postmeta>
                <wp:meta_key>lsb_isbn</wp:meta_key>
                <wp:meta_value><![CDATA[9788202301422]]></wp:meta_value>
            </wp:postmeta>
            <wp:postmeta>
                <wp:meta_key>_lsb_isbn</wp:meta_key>
                <wp:meta_value><![CDATA[lsb_acf_isbn]]></wp:meta_value>
            </wp:postmeta>
            <wp:postmeta>
                <wp:meta_key>lsb_published_year</wp:meta_key>
                <wp:meta_value><![CDATA[2009]]></wp:meta_value>
            </wp:postmeta>
            <wp:postmeta>
                <wp:meta_key>_lsb_published_year</wp:meta_key>
                <wp:meta_value><![CDATA[lsb_acf_published_year]]></wp:meta_value>
            </wp:postmeta>
            <wp:postmeta>
                <wp:meta_key>lsb_pages</wp:meta_key>
                <wp:meta_value><![CDATA[271]]></wp:meta_value>
            </wp:postmeta>
            <wp:postmeta>
                <wp:meta_key>_lsb_pages</wp:meta_key>
                <wp:meta_value><![CDATA[lsb_acf_pages]]></wp:meta_value>
            </wp:postmeta>
            <wp:postmeta>
                <wp:meta_key>lsb_review</wp:meta_key>
                <wp:meta_value><![CDATA[  <div>Liket av en kvinne blir funnet <br />  i den lille bygda Elvestad. <br />  Liket er ille tilredt. <br />  Konrad Sejer og hans assistent Skarre <br />  får litt av en oppgave med å finne ut <br />  hva som har skjedd. <br />  Dagen før har ungkaren Gunder Jomann <br />  ventet forgjeves på sin nye kone, <br />  Poona fra Mumbai i India. </div>  <div><br />  <strong>Elskede Poona</strong> er både en <br />  spennende krim og en vakker <br />  kjærlighetshistorie. </div>  <p>Denne boka har ganske enkel tekst. <br />  Noen ord er vanskelige, men <br />  historien er spennende <br />  og lett å følge. </p>  ]]></wp:meta_value>
            </wp:postmeta>
            <wp:postmeta>
                <wp:meta_key>_lsb_review</wp:meta_key>
                <wp:meta_value><![CDATA[lsb_acf_review]]></wp:meta_value>
            </wp:postmeta>
            <wp:postmeta>
                <wp:meta_key>lsb_quote</wp:meta_key>
                <wp:meta_value><![CDATA[- Nei. Men tenk om han prøver å komme seg inn!   - Har du låst døren?   - Ja.   - Linda, sa han. - Gå til vinduet. Se om han fortsatt står   der ute.   - Nei!   - Gjør som jeg sier.   - Jeg tør ikke!   - Jeg venter her. Jeg legger ikke på. ]]></wp:meta_value>
            </wp:postmeta>
            <wp:postmeta>
                <wp:meta_key>_lsb_quote</wp:meta_key>
                <wp:meta_value><![CDATA[lsb_acf_quote]]></wp:meta_value>
            </wp:postmeta>
            <wp:postmeta>
                <wp:meta_key>lsb_supported</wp:meta_key>
                <wp:meta_value><![CDATA[0]]></wp:meta_value>
            </wp:postmeta>
            <wp:postmeta>
                <wp:meta_key>_lsb_supported</wp:meta_key>
                <wp:meta_value><![CDATA[lsb_acf_supported]]></wp:meta_value>
            </wp:postmeta>
            <category domain="lsb_tax_author" nicename="karin-fossum"><![CDATA[Karin Fossum]]></category>
            <category domain="lsb_tax_publisher" nicename="cappelen-damm"><![CDATA[Cappelen Damm]]></category>
            <wp:postmeta>
                <wp:meta_key>lsb_look_inside</wp:meta_key>
                <wp:meta_value><![CDATA[CUSTOM_BLA_I_BOKA]]></wp:meta_value>
            </wp:postmeta>
            <wp:postmeta>
                <wp:meta_key>_lsb_look_inside</wp:meta_key>
                <wp:meta_value><![CDATA[lsb_acf_look_inside]]></wp:meta_value>
            </wp:postmeta>
            <category domain="lsb_tax_age" nicename="voksne"><![CDATA[voksne]]></category>
            <category domain="lsb_tax_genre" nicename="prosa"><![CDATA[prosa]]></category>
            <category domain="lsb_tax_topic" nicename="krim"><![CDATA[krim]]></category>
            <category domain="lsb_tax_topic" nicename="spenning"><![CDATA[spenning]]></category>
            <category domain="lsb_tax_language" nicename="no_nb"><![CDATA[bokmål]]></category>
            <category domain="lsb_tax_customization" nicename="skjønnlitteratur"><![CDATA[skjønnlitteratur]]></category>
            <wp:postmeta>
                <wp:meta_key>_thumbnail_id</wp:meta_key>
                <wp:meta_value><![CDATA[5037]]></wp:meta_value>
            </wp:postmeta>
        </item>
        <item>
            <title>Elskede Poona.jpg</title>
            <wp:post_id>5037</wp:post_id>
            <wp:status>inherit</wp:status>
            <wp:post_type>attachment</wp:post_type>
            <wp:attachment_url>https://raw.githubusercontent.com/lesersokerbok/boksok.no-data-utils/master/output-example/images/7CBF00FD8EB14CD78E174261584A0073.jpg</wp:attachment_url>
        </item>
        <item>
            <wp:post_type>lsb_book</wp:post_type>
            <wp:status>publish</wp:status>
            <title>Bare mjuke pakker under treet</title>
            <excerpt:encoded><![CDATA[Levi Henriksen skriver jordnære noveller   fulle av håp. ]]></excerpt:encoded>
            <wp:postmeta>
                <wp:meta_key>lsb_isbn</wp:meta_key>
                <wp:meta_value><![CDATA[9788205350571]]></wp:meta_value>
            </wp:postmeta>
            <wp:postmeta>
                <wp:meta_key>_lsb_isbn</wp:meta_key>
                <wp:meta_value><![CDATA[lsb_acf_isbn]]></wp:meta_value>
            </wp:postmeta>
            <wp:postmeta>
                <wp:meta_key>lsb_published_year</wp:meta_key>
                <wp:meta_value><![CDATA[2005]]></wp:meta_value>
            </wp:postmeta>
            <wp:postmeta>
                <wp:meta_key>_lsb_published_year</wp:meta_key>
                <wp:meta_value><![CDATA[lsb_acf_published_year]]></wp:meta_value>
            </wp:postmeta>
            <wp:postmeta>
                <wp:meta_key>lsb_pages</wp:meta_key>
                <wp:meta_value><![CDATA[204]]></wp:meta_value>
            </wp:postmeta>
            <wp:postmeta>
                <wp:meta_key>_lsb_pages</wp:meta_key>
                <wp:meta_value><![CDATA[lsb_acf_pages]]></wp:meta_value>
            </wp:postmeta>
            <wp:postmeta>
                <wp:meta_key>lsb_review</wp:meta_key>
                <wp:meta_value><![CDATA[  <div><strong>Bare mjuke pakker under treet</strong> <br />  er en samling julefortellinger <br />  uten glanspapir. <br />  Menneskene i denne boka <br />  sliter med sitt, <br />  men snart er det jul, <br />  og med jula kommer håp <br />  om forandring. </div>  <div>&#160;</div>  <div>Fonten på teksten i disse <br />  novellene er ganske liten, <br />  og teksten står tett, <br />  men det er likevel fortellinger <br />  som er lette å lese. <br />  Fortellingene har et muntlig preg. <br />  Mannen og kvinnen i gata </div>  <div>kan kjenne seg igjen <br />  i livene til hovedpersonene. </div>  <div>&#160;</div>  <div><strong>Bare mjuke pakker under treet</strong></div>  <div>er nå filmatisert av Bent Hamer. </div>  <div>Filmen heter <strong>Hjem til jul</strong>. </div>  <div>&#160;</div>  <div><strong>Levi Henriksen</strong> har gitt ut flere bøker</div>  <div>som har blitt godt mottatt, </div>  <div>blant annet <strong>Snø skal falle over snø som har falt.</strong> </div>  <div>For <strong>Leser søker bok</strong> har han skrevet bøkene </div>  <div><strong>Den aller siste mohikaner</strong> (2006), </div>  <div><strong>Trekkspill-tvillingene</strong> (2007) og </div>  <div><strong>Lukten av propan om morgenen</strong> (2010). </div>  ]]></wp:meta_value>
            </wp:postmeta>
            <wp:postmeta>
                <wp:meta_key>_lsb_review</wp:meta_key>
                <wp:meta_value><![CDATA[lsb_acf_review]]></wp:meta_value>
            </wp:postmeta>
            <wp:postmeta>
                <wp:meta_key>lsb_quote</wp:meta_key>
                <wp:meta_value><![CDATA[- Kommer du inn? spør Elvira. Hun har skjøvet opp   døra til balkongen uten at jeg har merket det.   - Ja, sier jeg. - Det er bare godt å sitte her ute.   Jeg venter til hun har gått inn igjen, så drar jeg res-  ten av kvelden ned i lungene og forsøker å ]]></wp:meta_value>
            </wp:postmeta>
            <wp:postmeta>
                <wp:meta_key>_lsb_quote</wp:meta_key>
                <wp:meta_value><![CDATA[lsb_acf_quote]]></wp:meta_value>
            </wp:postmeta>
            <wp:postmeta>
                <wp:meta_key>lsb_supported</wp:meta_key>
                <wp:meta_value><![CDATA[0]]></wp:meta_value>
            </wp:postmeta>
            <wp:postmeta>
                <wp:meta_key>_lsb_supported</wp:meta_key>
                <wp:meta_value><![CDATA[lsb_acf_supported]]></wp:meta_value>
            </wp:postmeta>
            <category domain="lsb_tax_author" nicename="levi-henriksen"><![CDATA[Levi Henriksen]]></category>
            <category domain="lsb_tax_publisher" nicename="gyldendal-"><![CDATA[Gyldendal ]]></category>
            <wp:postmeta>
                <wp:meta_key>lsb_look_inside</wp:meta_key>
                <wp:meta_value><![CDATA[CUSTOM_BLA_I_BOKA]]></wp:meta_value>
            </wp:postmeta>
            <wp:postmeta>
                <wp:meta_key>_lsb_look_inside</wp:meta_key>
                <wp:meta_value><![CDATA[lsb_acf_look_inside]]></wp:meta_value>
            </wp:postmeta>
            <category domain="lsb_tax_age" nicename="voksne"><![CDATA[voksne]]></category>
            <category domain="lsb_tax_genre" nicename="prosa"><![CDATA[prosa]]></category>
            <category domain="lsb_tax_language" nicename="no_nb"><![CDATA[bokmål]]></category>
            <category domain="lsb_tax_customization" nicename="skjønnlitteratur"><![CDATA[skjønnlitteratur]]></category>
            <wp:postmeta>
                <wp:meta_key>_thumbnail_id</wp:meta_key>
                <wp:meta_value><![CDATA[5038]]></wp:meta_value>
            </wp:postmeta>
        </item>
        <item>
            <title>Bare mjuke pakker under treet.jpg</title>
            <wp:post_id>5038</wp:post_id>
            <wp:status>inherit</wp:status>
            <wp:post_type>attachment</wp:post_type>
            <wp:attachment_url>https://raw.githubusercontent.com/lesersokerbok/boksok.no-data-utils/master/output-example/images/2A13620F4BAC4A5883539C727F13D843.jpg</wp:attachment_url>
        </item>
        <item>
            <wp:post_type>lsb_book</wp:post_type>
            <wp:status>publish</wp:status>
            <title>Gravenstein</title>
            <excerpt:encoded><![CDATA[Liker du gravensteinepler?   Det gjør figurene i denne fortellingen   som vises gjennom tegninger. ]]></excerpt:encoded>
            <wp:postmeta>
                <wp:meta_key>lsb_isbn</wp:meta_key>
                <wp:meta_value><![CDATA[9788202298036]]></wp:meta_value>
            </wp:postmeta>
            <wp:postmeta>
                <wp:meta_key>_lsb_isbn</wp:meta_key>
                <wp:meta_value><![CDATA[lsb_acf_isbn]]></wp:meta_value>
            </wp:postmeta>
            <wp:postmeta>
                <wp:meta_key>lsb_published_year</wp:meta_key>
                <wp:meta_value><![CDATA[2009]]></wp:meta_value>
            </wp:postmeta>
            <wp:postmeta>
                <wp:meta_key>_lsb_published_year</wp:meta_key>
                <wp:meta_value><![CDATA[lsb_acf_published_year]]></wp:meta_value>
            </wp:postmeta>
            <wp:postmeta>
                <wp:meta_key>lsb_pages</wp:meta_key>
                <wp:meta_value/>
            </wp:postmeta>
            <wp:postmeta>
                <wp:meta_key>_lsb_pages</wp:meta_key>
                <wp:meta_value><![CDATA[lsb_acf_pages]]></wp:meta_value>
            </wp:postmeta>
            <wp:postmeta>
                <wp:meta_key>lsb_review</wp:meta_key>
                <wp:meta_value><![CDATA[  <div><strong>Gravenstein</strong> er en liten, gul bok <br />  om gravensteinepler. <br />  Gjennom tegninger fortelles <br />  to historier som henger sammen. <br />  I fortellingene møtes de som er <br />  så glade i gravensteinsepler <br />  at de må legge ut på flukt. </div>  <div>&#160;</div>  <div><strong>Øyvind Torseter</strong> har tegnet denne boka <br />  der historiene fortelles <br />  ved hjelp av tegninger <br />  og bare bittelitt tekst. </div>  <div>Det er tydelig layout med én  tegning per side. </div>  ]]></wp:meta_value>
            </wp:postmeta>
            <wp:postmeta>
                <wp:meta_key>_lsb_review</wp:meta_key>
                <wp:meta_value><![CDATA[lsb_acf_review]]></wp:meta_value>
            </wp:postmeta>
            <wp:postmeta>
                <wp:meta_key>lsb_quote</wp:meta_key>
                <wp:meta_value><![CDATA[Pappa er veldig opptatt av epler.   Han er på utkikk etter epler hele tiden.   Nå kommer han hjem med enda en pose.   Og det er gul gravenstein alt sammen.]]></wp:meta_value>
            </wp:postmeta>
            <wp:postmeta>
                <wp:meta_key>_lsb_quote</wp:meta_key>
                <wp:meta_value><![CDATA[lsb_acf_quote]]></wp:meta_value>
            </wp:postmeta>
            <wp:postmeta>
                <wp:meta_key>lsb_supported</wp:meta_key>
                <wp:meta_value><![CDATA[0]]></wp:meta_value>
            </wp:postmeta>
            <wp:postmeta>
                <wp:meta_key>_lsb_supported</wp:meta_key>
                <wp:meta_value><![CDATA[lsb_acf_supported]]></wp:meta_value>
            </wp:postmeta>
            <category domain="lsb_tax_author" nicename="øyvind-torseter"><![CDATA[Øyvind Torseter]]></category>
            <category domain="lsb_tax_publisher" nicename="cappelen-damm"><![CDATA[Cappelen Damm]]></category>
            <category domain="lsb_tax_illustrator" nicename="øyvind-torseter"><![CDATA[Øyvind Torseter]]></category>
            <wp:postmeta>
                <wp:meta_key>lsb_look_inside</wp:meta_key>
                <wp:meta_value><![CDATA[CUSTOM_BLA_I_BOKA]]></wp:meta_value>
            </wp:postmeta>
            <wp:postmeta>
                <wp:meta_key>_lsb_look_inside</wp:meta_key>
                <wp:meta_value><![CDATA[lsb_acf_look_inside]]></wp:meta_value>
            </wp:postmeta>
            <category domain="lsb_tax_age" nicename="ungdom"><![CDATA[ungdom]]></category>
            <category domain="lsb_tax_age" nicename="voksne"><![CDATA[voksne]]></category>
            <category domain="lsb_tax_genre" nicename="prosa"><![CDATA[prosa]]></category>
            <category domain="lsb_tax_language" nicename="no_nb"><![CDATA[bokmål]]></category>
            <category domain="lsb_tax_customization" nicename="bilder"><![CDATA[bilder]]></category>
            <category domain="lsb_tax_customization" nicename="mange-bilder"><![CDATA[mange bilder]]></category>
            <wp:postmeta>
                <wp:meta_key>_thumbnail_id</wp:meta_key>
                <wp:meta_value><![CDATA[5039]]></wp:meta_value>
            </wp:postmeta>
        </item>
        <item>
            <title>Gravenstein.jpg</title>
            <wp:post_id>5039</wp:post_id>
            <wp:status>inherit</wp:status>
            <wp:post_type>attachment</wp:post_type>
            <wp:attachment_url>https://raw.githubusercontent.com/lesersokerbok/boksok.no-data-utils/master/output-example/images/F3A40FAEC4894E3DA869039F3446E613.jpg</wp:attachment_url>
        </item>
        <item>
            <wp:post_type>lsb_book</wp:post_type>
            <wp:status>publish</wp:status>
            <title>En kassadames betroelser</title>
            <excerpt:encoded><![CDATA[Hvordan er det å jobbe som kassadame år etter år?   Etter å ha lest denne sanne historien oppfører du deg kanskje   annerledes foran "usynlige arbeidere". ]]></excerpt:encoded>
            <wp:postmeta>
                <wp:meta_key>lsb_isbn</wp:meta_key>
                <wp:meta_value><![CDATA[9788202316396]]></wp:meta_value>
            </wp:postmeta>
            <wp:postmeta>
                <wp:meta_key>_lsb_isbn</wp:meta_key>
                <wp:meta_value><![CDATA[lsb_acf_isbn]]></wp:meta_value>
            </wp:postmeta>
            <wp:postmeta>
                <wp:meta_key>lsb_published_year</wp:meta_key>
                <wp:meta_value><![CDATA[2010]]></wp:meta_value>
            </wp:postmeta>
            <wp:postmeta>
                <wp:meta_key>_lsb_published_year</wp:meta_key>
                <wp:meta_value><![CDATA[lsb_acf_published_year]]></wp:meta_value>
            </wp:postmeta>
            <wp:postmeta>
                <wp:meta_key>lsb_pages</wp:meta_key>
                <wp:meta_value><![CDATA[175]]></wp:meta_value>
            </wp:postmeta>
            <wp:postmeta>
                <wp:meta_key>_lsb_pages</wp:meta_key>
                <wp:meta_value><![CDATA[lsb_acf_pages]]></wp:meta_value>
            </wp:postmeta>
            <wp:postmeta>
                <wp:meta_key>lsb_review</wp:meta_key>
                <wp:meta_value><![CDATA[  <div><strong>Anna Sam</strong> jobbet som kassadame <br />  i Frankrike i åtte år. <br />  I denne boka deler hun <br />  morsomme og irriterende hendelser. </div>  <div><br />  <strong>En kassadames betroleser</strong> <br />  er en morsom og krass bok <br />  om livet som kassadame. </div>  <div>Boka er delt opp i mange små kapitler. <br />  Det går fint an å bla i boka <br />  og lese litt her og der. <br />  De franske forholdene er dessverre ikke <br />  oversatt til norsk, men det er likevel <br />  mulig å kjenne seg igjen i mye. </div>  <div>&#160;</div>  <p><strong>Anna Sam</strong> begynte å skrive blogg om <br />  dagene bak kassen. Denne boka er <br />  et resultat av at bloggen fikk <br />  masse positiv oppmerksomhet.</p>  ]]></wp:meta_value>
            </wp:postmeta>
            <wp:postmeta>
                <wp:meta_key>_lsb_review</wp:meta_key>
                <wp:meta_value><![CDATA[lsb_acf_review]]></wp:meta_value>
            </wp:postmeta>
            <wp:postmeta>
                <wp:meta_key>lsb_quote</wp:meta_key>
                <wp:meta_value><![CDATA[To venninner kommer til kassa mi for å betale en CD.   Kassadame:   "Det blir 19,99 euro."   De tar ut Visa-kortene sine samtidig.   Venninne 1:   "La meg betale."   Venninne 2:   "Nei, nå er det min tur."   Venninne 1:   "Du spanderte jo på meg da vi var ute og spiste i går."   Venninne 2:   "Jo, men forrige uke var det du som spanderte." ]]></wp:meta_value>
            </wp:postmeta>
            <wp:postmeta>
                <wp:meta_key>_lsb_quote</wp:meta_key>
                <wp:meta_value><![CDATA[lsb_acf_quote]]></wp:meta_value>
            </wp:postmeta>
            <wp:postmeta>
                <wp:meta_key>lsb_supported</wp:meta_key>
                <wp:meta_value><![CDATA[0]]></wp:meta_value>
            </wp:postmeta>
            <wp:postmeta>
                <wp:meta_key>_lsb_supported</wp:meta_key>
                <wp:meta_value><![CDATA[lsb_acf_supported]]></wp:meta_value>
            </wp:postmeta>
            <category domain="lsb_tax_author" nicename="anna-sam"><![CDATA[Anna Sam]]></category>
            <category domain="lsb_tax_publisher" nicename="cappelen-damm"><![CDATA[Cappelen Damm]]></category>
            <category domain="lsb_tax_translator" nicename="elisabeth-solberg-holm"><![CDATA[Elisabeth Solberg Holm]]></category>
            <wp:postmeta>
                <wp:meta_key>lsb_look_inside</wp:meta_key>
                <wp:meta_value><![CDATA[CUSTOM_BLA_I_BOKA]]></wp:meta_value>
            </wp:postmeta>
            <wp:postmeta>
                <wp:meta_key>_lsb_look_inside</wp:meta_key>
                <wp:meta_value><![CDATA[lsb_acf_look_inside]]></wp:meta_value>
            </wp:postmeta>
            <category domain="lsb_tax_age" nicename="voksne"><![CDATA[voksne]]></category>
            <category domain="lsb_tax_genre" nicename="faglitteratur"><![CDATA[faglitteratur]]></category>
            <category domain="lsb_tax_topic" nicename="humor"><![CDATA[humor]]></category>
            <category domain="lsb_tax_language" nicename="no_nb"><![CDATA[bokmål]]></category>
            <category domain="lsb_tax_customization" nicename="faglitteratur"><![CDATA[faglitteratur]]></category>
            <wp:postmeta>
                <wp:meta_key>_thumbnail_id</wp:meta_key>
                <wp:meta_value><![CDATA[5040]]></wp:meta_value>
            </wp:postmeta>
        </item>
        <item>
            <title>En kassadames betroelser.jpg</title>
            <wp:post_id>5040</wp:post_id>
            <wp:status>inherit</wp:status>
            <wp:post_type>attachment</wp:post_type>
            <wp:attachment_url>https://raw.githubusercontent.com/lesersokerbok/boksok.no-data-utils/master/output-example/images/FEEE425610464E5B969F87AE5BB5A7B6.jpg</wp:attachment_url>
        </item>
        <item>
            <wp:post_type>lsb_book</wp:post_type>
            <wp:status>publish</wp:status>
            <title>I dag er ein fin dag</title>
            <excerpt:encoded><![CDATA[Det handlar om Maria. Ho er student   og bur på ein liten hybel i ein stor by.]]></excerpt:encoded>
            <wp:postmeta>
                <wp:meta_key>lsb_isbn</wp:meta_key>
                <wp:meta_value><![CDATA[9788249504305]]></wp:meta_value>
            </wp:postmeta>
            <wp:postmeta>
                <wp:meta_key>_lsb_isbn</wp:meta_key>
                <wp:meta_value><![CDATA[lsb_acf_isbn]]></wp:meta_value>
            </wp:postmeta>
            <wp:postmeta>
                <wp:meta_key>lsb_published_year</wp:meta_key>
                <wp:meta_value><![CDATA[2006]]></wp:meta_value>
            </wp:postmeta>
            <wp:postmeta>
                <wp:meta_key>_lsb_published_year</wp:meta_key>
                <wp:meta_value><![CDATA[lsb_acf_published_year]]></wp:meta_value>
            </wp:postmeta>
            <wp:postmeta>
                <wp:meta_key>lsb_pages</wp:meta_key>
                <wp:meta_value><![CDATA[133]]></wp:meta_value>
            </wp:postmeta>
            <wp:postmeta>
                <wp:meta_key>_lsb_pages</wp:meta_key>
                <wp:meta_value><![CDATA[lsb_acf_pages]]></wp:meta_value>
            </wp:postmeta>
            <wp:postmeta>
                <wp:meta_key>lsb_review</wp:meta_key>
                <wp:meta_value><![CDATA[  <div>Ein dag ser ho ei jente </div>  <div>som er heilt lik henne sjølv. <br />  Jente som går rundt i gatene, <br />  stoppar opp framfor ei grøn tredør </div>  <div>og bankar på. <br />  Maria bestemmer seg for å banka på </div>  <div>den grøne døra. </div>  <div>&#160;</div>  <div><strong>I dag er ein fin dag</strong> gir ei nær <br />  og klar skildring av Maria og livet hennar.</div>  <div>&#160;</div>  <p><strong>Ingrid Z. Aanestad</strong> er født i 1983.<br />  Dette er den første boka hennar.</p>  ]]></wp:meta_value>
            </wp:postmeta>
            <wp:postmeta>
                <wp:meta_key>_lsb_review</wp:meta_key>
                <wp:meta_value><![CDATA[lsb_acf_review]]></wp:meta_value>
            </wp:postmeta>
            <wp:postmeta>
                <wp:meta_key>lsb_quote</wp:meta_key>
                <wp:meta_value><![CDATA[Ho skulle hatt ein paraply. Maria har tenkt på å kjøpe ein  paraply. No brukar ho regnjakka om det striregnar, men   når det er yr som i dag, går ho med den vanlege jakka   og ho blir blaut, eller bare fuktig ytterst. Ho har i det   minste hetta oppslått. Om ho går i desse gatene lenge   nok viljenta dukka opp igjen, ho kjenner seg trygg på   det. Jentavar jo her, det var i desse gatene jenta gjekk.   Maria har på seg dei same kleda som sist, slike klede   hadde jenta også.]]></wp:meta_value>
            </wp:postmeta>
            <wp:postmeta>
                <wp:meta_key>_lsb_quote</wp:meta_key>
                <wp:meta_value><![CDATA[lsb_acf_quote]]></wp:meta_value>
            </wp:postmeta>
            <wp:postmeta>
                <wp:meta_key>lsb_supported</wp:meta_key>
                <wp:meta_value><![CDATA[0]]></wp:meta_value>
            </wp:postmeta>
            <wp:postmeta>
                <wp:meta_key>_lsb_supported</wp:meta_key>
                <wp:meta_value><![CDATA[lsb_acf_supported]]></wp:meta_value>
            </wp:postmeta>
            <category domain="lsb_tax_author" nicename="ingrid-z.-aanestad"><![CDATA[Ingrid Z. Aanestad]]></category>
            <category domain="lsb_tax_publisher" nicename="oktober-"><![CDATA[Oktober ]]></category>
            <wp:postmeta>
                <wp:meta_key>lsb_look_inside</wp:meta_key>
                <wp:meta_value><![CDATA[CUSTOM_BLA_I_BOKA]]></wp:meta_value>
            </wp:postmeta>
            <wp:postmeta>
                <wp:meta_key>_lsb_look_inside</wp:meta_key>
                <wp:meta_value><![CDATA[lsb_acf_look_inside]]></wp:meta_value>
            </wp:postmeta>
            <category domain="lsb_tax_age" nicename="voksne"><![CDATA[voksne]]></category>
            <category domain="lsb_tax_genre" nicename="prosa"><![CDATA[prosa]]></category>
            <category domain="lsb_tax_language" nicename="no_nn"><![CDATA[nynorsk]]></category>
            <category domain="lsb_tax_customization" nicename="skjønnlitteratur"><![CDATA[skjønnlitteratur]]></category>
            <wp:postmeta>
                <wp:meta_key>_thumbnail_id</wp:meta_key>
                <wp:meta_value><![CDATA[5041]]></wp:meta_value>
            </wp:postmeta>
        </item>
        <item>
            <title>ein fin dag.jpg</title>
            <wp:post_id>5041</wp:post_id>
            <wp:status>inherit</wp:status>
            <wp:post_type>attachment</wp:post_type>
            <wp:attachment_url>https://raw.githubusercontent.com/lesersokerbok/boksok.no-data-utils/master/output-example/images/9F53930EB6864FD68CF3332C3A91CB83.jpg</wp:attachment_url>
        </item>
        <item>
            <wp:post_type>lsb_book</wp:post_type>
            <wp:status>publish</wp:status>
            <title>Eg elska ho</title>
            <excerpt:encoded><![CDATA[Ein svigerfar og ein kvinne som nettopp   er forlatt. Ein samtale i natta. ]]></excerpt:encoded>
            <wp:postmeta>
                <wp:meta_key>lsb_isbn</wp:meta_key>
                <wp:meta_value><![CDATA[9788252171198]]></wp:meta_value>
            </wp:postmeta>
            <wp:postmeta>
                <wp:meta_key>_lsb_isbn</wp:meta_key>
                <wp:meta_value><![CDATA[lsb_acf_isbn]]></wp:meta_value>
            </wp:postmeta>
            <wp:postmeta>
                <wp:meta_key>lsb_published_year</wp:meta_key>
                <wp:meta_value><![CDATA[2002]]></wp:meta_value>
            </wp:postmeta>
            <wp:postmeta>
                <wp:meta_key>_lsb_published_year</wp:meta_key>
                <wp:meta_value><![CDATA[lsb_acf_published_year]]></wp:meta_value>
            </wp:postmeta>
            <wp:postmeta>
                <wp:meta_key>lsb_pages</wp:meta_key>
                <wp:meta_value><![CDATA[147]]></wp:meta_value>
            </wp:postmeta>
            <wp:postmeta>
                <wp:meta_key>_lsb_pages</wp:meta_key>
                <wp:meta_value><![CDATA[lsb_acf_pages]]></wp:meta_value>
            </wp:postmeta>
            <wp:postmeta>
                <wp:meta_key>lsb_review</wp:meta_key>
                <wp:meta_value><![CDATA[  <div>Mannen til Chloé har plutseleg forlatt ho <br />  og dei to døtrene.<br />  Ho er ulykkeleg, mistar fotfestet. <br />  Derfor bestemmer svigerfaren seg <br />  for å ta henne med på landet. <br />  Dei opnar ei flaske vin,<br />  og med vinen opnar også svigerfar seg.<br />  Mannen som aldri har delt med nokon,<br />  fortel om livet sitt, <br />  om kjærleika han ikkje kunne få.</div>  <div><br />  Gjennom denne tilståinga i eit kjøkken ei natt,<br />  set Gavalda ord på vår tvil og vår svakhet.<br />  Boka er kort, men den rommar mykje.</div>  <div>&#160;</div>  <div><strong>Anna Gavalda</strong> er født i Frankrike i 1970. <br />  Sidan debuten i 1999, har ho skrive <br />  både noveller og romanar. <br />  Bøkene hennar er blitt omsette til 36 språk.<br />  Den mest kjende boka hennar, </div>  <div><strong>Saman er ein mindre aleine</strong>,<br />  er også ganske lett, men tjukk. </div>  ]]></wp:meta_value>
            </wp:postmeta>
            <wp:postmeta>
                <wp:meta_key>_lsb_review</wp:meta_key>
                <wp:meta_value><![CDATA[lsb_acf_review]]></wp:meta_value>
            </wp:postmeta>
            <wp:postmeta>
                <wp:meta_key>lsb_quote</wp:meta_key>
                <wp:meta_value><![CDATA[Eg vart liggjande og høyre på lydane i huset. Det sveid i  nasen, og eg måtte gni meg i augene for å halde tårene   attende.   Livet mitt er akkurat som denne senga, kom eg til å   tenkje på. Midlertidig. Tatt ut av samanhengen. Utan   karmar eller feste.   Eg låg berre og venta på at huset skulle flyge sin veg. ]]></wp:meta_value>
            </wp:postmeta>
            <wp:postmeta>
                <wp:meta_key>_lsb_quote</wp:meta_key>
                <wp:meta_value><![CDATA[lsb_acf_quote]]></wp:meta_value>
            </wp:postmeta>
            <wp:postmeta>
                <wp:meta_key>lsb_supported</wp:meta_key>
                <wp:meta_value><![CDATA[0]]></wp:meta_value>
            </wp:postmeta>
            <wp:postmeta>
                <wp:meta_key>_lsb_supported</wp:meta_key>
                <wp:meta_value><![CDATA[lsb_acf_supported]]></wp:meta_value>
            </wp:postmeta>
            <category domain="lsb_tax_author" nicename="anna-gavalda"><![CDATA[Anna Gavalda]]></category>
            <category domain="lsb_tax_publisher" nicename="samlaget-"><![CDATA[Samlaget ]]></category>
            <category domain="lsb_tax_translator" nicename="tove-bakke"><![CDATA[Tove Bakke]]></category>
            <wp:postmeta>
                <wp:meta_key>lsb_look_inside</wp:meta_key>
                <wp:meta_value><![CDATA[CUSTOM_BLA_I_BOKA]]></wp:meta_value>
            </wp:postmeta>
            <wp:postmeta>
                <wp:meta_key>_lsb_look_inside</wp:meta_key>
                <wp:meta_value><![CDATA[lsb_acf_look_inside]]></wp:meta_value>
            </wp:postmeta>
            <category domain="lsb_tax_age" nicename="voksne"><![CDATA[voksne]]></category>
            <category domain="lsb_tax_genre" nicename="prosa"><![CDATA[prosa]]></category>
            <category domain="lsb_tax_topic" nicename="kjærlighet"><![CDATA[kjærlighet]]></category>
            <category domain="lsb_tax_topic" nicename="mennesker-i-mellom"><![CDATA[mennesker i mellom]]></category>
            <category domain="lsb_tax_language" nicename="no_nn"><![CDATA[nynorsk]]></category>
            <category domain="lsb_tax_customization" nicename="skjønnlitteratur"><![CDATA[skjønnlitteratur]]></category>
            <wp:postmeta>
                <wp:meta_key>_thumbnail_id</wp:meta_key>
                <wp:meta_value><![CDATA[5042]]></wp:meta_value>
            </wp:postmeta>
        </item>
        <item>
            <title>Eg elska ho.jpg</title>
            <wp:post_id>5042</wp:post_id>
            <wp:status>inherit</wp:status>
            <wp:post_type>attachment</wp:post_type>
            <wp:attachment_url>https://raw.githubusercontent.com/lesersokerbok/boksok.no-data-utils/master/output-example/images/9FA93D38569245A0AF29C5207E526044.jpg</wp:attachment_url>
        </item>
        <item>
            <wp:post_type>lsb_book</wp:post_type>
            <wp:status>publish</wp:status>
            <title>Det Nalda sa</title>
            <excerpt:encoded><![CDATA[Gutten i denne fortellingen   ser på verden som et farlig sted.   Det har tanten hans, Nalda, fortalt. ]]></excerpt:encoded>
            <wp:postmeta>
                <wp:meta_key>lsb_isbn</wp:meta_key>
                <wp:meta_value><![CDATA[9788202191511]]></wp:meta_value>
            </wp:postmeta>
            <wp:postmeta>
                <wp:meta_key>_lsb_isbn</wp:meta_key>
                <wp:meta_value><![CDATA[lsb_acf_isbn]]></wp:meta_value>
            </wp:postmeta>
            <wp:postmeta>
                <wp:meta_key>lsb_published_year</wp:meta_key>
                <wp:meta_value><![CDATA[2003]]></wp:meta_value>
            </wp:postmeta>
            <wp:postmeta>
                <wp:meta_key>_lsb_published_year</wp:meta_key>
                <wp:meta_value><![CDATA[lsb_acf_published_year]]></wp:meta_value>
            </wp:postmeta>
            <wp:postmeta>
                <wp:meta_key>lsb_pages</wp:meta_key>
                <wp:meta_value><![CDATA[204]]></wp:meta_value>
            </wp:postmeta>
            <wp:postmeta>
                <wp:meta_key>_lsb_pages</wp:meta_key>
                <wp:meta_value><![CDATA[lsb_acf_pages]]></wp:meta_value>
            </wp:postmeta>
            <wp:postmeta>
                <wp:meta_key>lsb_review</wp:meta_key>
                <wp:meta_value><![CDATA[  <div><strong>Det Nalda sa</strong> er en rørende bok <br />  om en gutt som har vokst opp <br />  alene med tanten sin, Nalda. <br />  Når Nalda forsvinner må han <br />  klare seg selv. <br />  Inni seg bærer han på en <br />  stor hemmelighet, som gjør <br />  at han er redd for andre mennesker. <br />  En dag møter han noen mennesker<br />  han lurer på om han likevel kan stole på. </div>  <div>&#160;</div>  <div>Boka har et ganske enkelt språk <br />  og et rolig tempo. <br />  Historien er spennende og litt trist. <br />  Fonten er liten og tett, men kapitlene<br />  er korte. </div>  <div>&#160;</div>  <p><strong>Det Nalda sa</strong> er den første boka til <br />  Stuart David, som også har spilt bass <br />  i popgruppa Belle &amp; Sebastian.</p>  ]]></wp:meta_value>
            </wp:postmeta>
            <wp:postmeta>
                <wp:meta_key>_lsb_review</wp:meta_key>
                <wp:meta_value><![CDATA[lsb_acf_review]]></wp:meta_value>
            </wp:postmeta>
            <wp:postmeta>
                <wp:meta_key>lsb_quote</wp:meta_key>
                <wp:meta_value><![CDATA[Jeg vet at Elizabeth og jeg snakker mye om hvor tilfreds og   glad hagearbeidet må gjøre deg, sa han, "men jeg gjetter på at du  har din egen tro også. Har jeg rett?"   Og jeg tror jeg må ha begynt å se redd ut da, for han sa fort:   "Det er i orden. Ikke vær redd. Jeg har ikke tenkt å spørre deg om   hva det er. Jeg vet det kan være veldig personlig. Jeg er veldig   åpen om mine egne ting. Men jeg vet at andre mennesker like ofte   ikke vil snakke om dem." ]]></wp:meta_value>
            </wp:postmeta>
            <wp:postmeta>
                <wp:meta_key>_lsb_quote</wp:meta_key>
                <wp:meta_value><![CDATA[lsb_acf_quote]]></wp:meta_value>
            </wp:postmeta>
            <wp:postmeta>
                <wp:meta_key>lsb_supported</wp:meta_key>
                <wp:meta_value><![CDATA[0]]></wp:meta_value>
            </wp:postmeta>
            <wp:postmeta>
                <wp:meta_key>_lsb_supported</wp:meta_key>
                <wp:meta_value><![CDATA[lsb_acf_supported]]></wp:meta_value>
            </wp:postmeta>
            <category domain="lsb_tax_author" nicename="stuart-david"><![CDATA[Stuart David]]></category>
            <category domain="lsb_tax_publisher" nicename="cappelen-"><![CDATA[Cappelen ]]></category>
            <category domain="lsb_tax_translator" nicename="tormod-haugen"><![CDATA[Tormod Haugen]]></category>
            <wp:postmeta>
                <wp:meta_key>lsb_look_inside</wp:meta_key>
                <wp:meta_value><![CDATA[CUSTOM_BLA_I_BOKA]]></wp:meta_value>
            </wp:postmeta>
            <wp:postmeta>
                <wp:meta_key>_lsb_look_inside</wp:meta_key>
                <wp:meta_value><![CDATA[lsb_acf_look_inside]]></wp:meta_value>
            </wp:postmeta>
            <category domain="lsb_tax_age" nicename="voksne"><![CDATA[voksne]]></category>
            <category domain="lsb_tax_genre" nicename="prosa"><![CDATA[prosa]]></category>
            <category domain="lsb_tax_language" nicename="no_nb"><![CDATA[bokmål]]></category>
            <category domain="lsb_tax_customization" nicename="skjønnlitteratur"><![CDATA[skjønnlitteratur]]></category>
            <wp:postmeta>
                <wp:meta_key>_thumbnail_id</wp:meta_key>
                <wp:meta_value><![CDATA[5043]]></wp:meta_value>
            </wp:postmeta>
        </item>
        <item>
            <title>Det Nalda sa.jpg</title>
            <wp:post_id>5043</wp:post_id>
            <wp:status>inherit</wp:status>
            <wp:post_type>attachment</wp:post_type>
            <wp:attachment_url>https://raw.githubusercontent.com/lesersokerbok/boksok.no-data-utils/master/output-example/images/35B4FABD72DB4F219A8F2068816EC416.jpg</wp:attachment_url>
        </item>
        <item>
            <wp:post_type>lsb_book</wp:post_type>
            <wp:status>publish</wp:status>
            <title>En rekke avbrutte forsøk </title>
            <excerpt:encoded><![CDATA[Å skrive en bok om seg selv   må være den enkleste sak i verden,   tenker forfatteren.]]></excerpt:encoded>
            <wp:postmeta>
                <wp:meta_key>lsb_isbn</wp:meta_key>
                <wp:meta_value><![CDATA[9788202241360]]></wp:meta_value>
            </wp:postmeta>
            <wp:postmeta>
                <wp:meta_key>_lsb_isbn</wp:meta_key>
                <wp:meta_value><![CDATA[lsb_acf_isbn]]></wp:meta_value>
            </wp:postmeta>
            <wp:postmeta>
                <wp:meta_key>lsb_published_year</wp:meta_key>
                <wp:meta_value><![CDATA[2007]]></wp:meta_value>
            </wp:postmeta>
            <wp:postmeta>
                <wp:meta_key>_lsb_published_year</wp:meta_key>
                <wp:meta_value><![CDATA[lsb_acf_published_year]]></wp:meta_value>
            </wp:postmeta>
            <wp:postmeta>
                <wp:meta_key>lsb_pages</wp:meta_key>
                <wp:meta_value><![CDATA[186]]></wp:meta_value>
            </wp:postmeta>
            <wp:postmeta>
                <wp:meta_key>_lsb_pages</wp:meta_key>
                <wp:meta_value><![CDATA[lsb_acf_pages]]></wp:meta_value>
            </wp:postmeta>
            <wp:postmeta>
                <wp:meta_key>lsb_review</wp:meta_key>
                <wp:meta_value><![CDATA[  <div>Hun setter i gang å skrive. <br />  Men snart blir hun avbrutt av <br />  moren sin, som sier at forfatteren <br />  husker helt feil. <br />  Det var ikke sånn det var! sier moren. <br />  Jo, det var det! sier forfatteren. </div>  <div>&#160;</div>  <div><strong>En rekke avbrutte forsøk</strong> er en morsom bok <br />  om å prøve å huske og <br />  om å huske forskjellig. <br />  Boka er delt inn i korte kapitler. <br />  Noen av kapitlene handler om <br />  forfatterens barndom og ungdom,<br />  mens andre er diskusjoner <br />  med moren og andre <br />  som husker annerledes.  <br />  Språket er muntlig og lett å lese. </div>  <div>&#160;</div>  <p><strong>Selma Rønning Aarø</strong> har skrevet flere romaner, <br />  blant annet den lettleste boka <br />  <strong>Fortvilet kreps `72</strong> som inneholder <br />  mange av de samme historiene som <br />  <strong>En rekke avbrutte forsøk</strong>. </p>  ]]></wp:meta_value>
            </wp:postmeta>
            <wp:postmeta>
                <wp:meta_key>_lsb_review</wp:meta_key>
                <wp:meta_value><![CDATA[lsb_acf_review]]></wp:meta_value>
            </wp:postmeta>
            <wp:postmeta>
                <wp:meta_key>lsb_quote</wp:meta_key>
                <wp:meta_value><![CDATA[- Det med bøkene husker jeg godt. Jeg har aldri vært så   flau i hele mitt liv. Tenk å brenne bøker som jeg hadde   lånt av Ada Tofte.   - Jeg ville jo bare ha middag, sier forfatteren til sitt for-  svar. Hun er glad for at moren i alle fall husker noe a]]></wp:meta_value>
            </wp:postmeta>
            <wp:postmeta>
                <wp:meta_key>_lsb_quote</wp:meta_key>
                <wp:meta_value><![CDATA[lsb_acf_quote]]></wp:meta_value>
            </wp:postmeta>
            <wp:postmeta>
                <wp:meta_key>lsb_supported</wp:meta_key>
                <wp:meta_value><![CDATA[0]]></wp:meta_value>
            </wp:postmeta>
            <wp:postmeta>
                <wp:meta_key>_lsb_supported</wp:meta_key>
                <wp:meta_value><![CDATA[lsb_acf_supported]]></wp:meta_value>
            </wp:postmeta>
            <category domain="lsb_tax_author" nicename="selma-lønning-aarø"><![CDATA[Selma Lønning Aarø]]></category>
            <category domain="lsb_tax_publisher" nicename="cappelen-"><![CDATA[Cappelen ]]></category>
            <wp:postmeta>
                <wp:meta_key>lsb_look_inside</wp:meta_key>
                <wp:meta_value><![CDATA[CUSTOM_BLA_I_BOKA]]></wp:meta_value>
            </wp:postmeta>
            <wp:postmeta>
                <wp:meta_key>_lsb_look_inside</wp:meta_key>
                <wp:meta_value><![CDATA[lsb_acf_look_inside]]></wp:meta_value>
            </wp:postmeta>
            <category domain="lsb_tax_age" nicename="voksne"><![CDATA[voksne]]></category>
            <category domain="lsb_tax_genre" nicename="prosa"><![CDATA[prosa]]></category>
            <category domain="lsb_tax_language" nicename="no_nb"><![CDATA[bokmål]]></category>
            <category domain="lsb_tax_customization" nicename="skjønnlitteratur"><![CDATA[skjønnlitteratur]]></category>
            <wp:postmeta>
                <wp:meta_key>_thumbnail_id</wp:meta_key>
                <wp:meta_value><![CDATA[5044]]></wp:meta_value>
            </wp:postmeta>
        </item>
        <item>
            <title>En rekke avbrutte forsøk.jpg</title>
            <wp:post_id>5044</wp:post_id>
            <wp:status>inherit</wp:status>
            <wp:post_type>attachment</wp:post_type>
            <wp:attachment_url>https://raw.githubusercontent.com/lesersokerbok/boksok.no-data-utils/master/output-example/images/F825DD278663414B8AA1D20D05C63A77.jpg</wp:attachment_url>
        </item>
        <item>
            <wp:post_type>lsb_book</wp:post_type>
            <wp:status>publish</wp:status>
            <title>Lyden av de andre som bor her</title>
            <excerpt:encoded><![CDATA[Dette er en bok om to naboer.   Begge har mistet kvinnen de elsket. ]]></excerpt:encoded>
            <wp:postmeta>
                <wp:meta_key>lsb_isbn</wp:meta_key>
                <wp:meta_value><![CDATA[9788248908296]]></wp:meta_value>
            </wp:postmeta>
            <wp:postmeta>
                <wp:meta_key>_lsb_isbn</wp:meta_key>
                <wp:meta_value><![CDATA[lsb_acf_isbn]]></wp:meta_value>
            </wp:postmeta>
            <wp:postmeta>
                <wp:meta_key>lsb_published_year</wp:meta_key>
                <wp:meta_value><![CDATA[2008]]></wp:meta_value>
            </wp:postmeta>
            <wp:postmeta>
                <wp:meta_key>_lsb_published_year</wp:meta_key>
                <wp:meta_value><![CDATA[lsb_acf_published_year]]></wp:meta_value>
            </wp:postmeta>
            <wp:postmeta>
                <wp:meta_key>lsb_pages</wp:meta_key>
                <wp:meta_value><![CDATA[152]]></wp:meta_value>
            </wp:postmeta>
            <wp:postmeta>
                <wp:meta_key>_lsb_pages</wp:meta_key>
                <wp:meta_value><![CDATA[lsb_acf_pages]]></wp:meta_value>
            </wp:postmeta>
            <wp:postmeta>
                <wp:meta_key>lsb_review</wp:meta_key>
                <wp:meta_value><![CDATA[  <div>To menn bor i hver sin blokk: <br />  En ung og en gammel.<br />  Begge er blitt forlatt av kvinnene de elsker.<br />  Den gamle falt i dusjen, den unge gikk sin vei.<br />  Hvordan hadde de det sammen?<br />  Hvordan takler de savnet?</div>  <div>&#160;</div>  <div>Boka har ganske enkel tekst <br />  og mye luft på sidene.<br />  Noen av setningene er lange. </div>  <div>&#160;</div>  <p><strong>Solveig Moen Rusten</strong> (født 1981) <br />  jobber på Deichmanske bibliotek.<br />  Dette er hennes første roman.</p>  ]]></wp:meta_value>
            </wp:postmeta>
            <wp:postmeta>
                <wp:meta_key>_lsb_review</wp:meta_key>
                <wp:meta_value><![CDATA[lsb_acf_review]]></wp:meta_value>
            </wp:postmeta>
            <wp:postmeta>
                <wp:meta_key>lsb_quote</wp:meta_key>
                <wp:meta_value><![CDATA[Akkurat idet han styrer de siste dråpene ned i do,   merker han at noen tar i døra, og han husker, for   sent, at han har glemt å låse den, hvordan kunne   han glemme det? Det er en mann på hans egen al-  der som står der. Han myser inn i rommet. Henrik   kremter og ser hard på ham. Den fremmede tar   et skritt tilbake, ber om forlatelse og lukker døra. ]]></wp:meta_value>
            </wp:postmeta>
            <wp:postmeta>
                <wp:meta_key>_lsb_quote</wp:meta_key>
                <wp:meta_value><![CDATA[lsb_acf_quote]]></wp:meta_value>
            </wp:postmeta>
            <wp:postmeta>
                <wp:meta_key>lsb_supported</wp:meta_key>
                <wp:meta_value><![CDATA[0]]></wp:meta_value>
            </wp:postmeta>
            <wp:postmeta>
                <wp:meta_key>_lsb_supported</wp:meta_key>
                <wp:meta_value><![CDATA[lsb_acf_supported]]></wp:meta_value>
            </wp:postmeta>
            <category domain="lsb_tax_author" nicename="solveig-moen-rusten"><![CDATA[Solveig Moen Rusten]]></category>
            <category domain="lsb_tax_publisher" nicename="kagge"><![CDATA[Kagge]]></category>
            <wp:postmeta>
                <wp:meta_key>lsb_look_inside</wp:meta_key>
                <wp:meta_value><![CDATA[CUSTOM_BLA_I_BOKA]]></wp:meta_value>
            </wp:postmeta>
            <wp:postmeta>
                <wp:meta_key>_lsb_look_inside</wp:meta_key>
                <wp:meta_value><![CDATA[lsb_acf_look_inside]]></wp:meta_value>
            </wp:postmeta>
            <category domain="lsb_tax_age" nicename="voksne"><![CDATA[voksne]]></category>
            <category domain="lsb_tax_genre" nicename="prosa"><![CDATA[prosa]]></category>
            <category domain="lsb_tax_language" nicename="no_nb"><![CDATA[bokmål]]></category>
            <category domain="lsb_tax_customization" nicename="skjønnlitteratur"><![CDATA[skjønnlitteratur]]></category>
            <wp:postmeta>
                <wp:meta_key>_thumbnail_id</wp:meta_key>
                <wp:meta_value><![CDATA[5045]]></wp:meta_value>
            </wp:postmeta>
        </item>
        <item>
            <title>Lyden av de andre som bor her.jpg</title>
            <wp:post_id>5045</wp:post_id>
            <wp:status>inherit</wp:status>
            <wp:post_type>attachment</wp:post_type>
            <wp:attachment_url>https://raw.githubusercontent.com/lesersokerbok/boksok.no-data-utils/master/output-example/images/E1F4323FE46D4757BBB7DFF67C0C9836.jpg</wp:attachment_url>
        </item>
        <item>
            <wp:post_type>lsb_book</wp:post_type>
            <wp:status>publish</wp:status>
            <title>Herman</title>
            <excerpt:encoded><![CDATA[Lars Saabye Christensen er en av   Norges mest kjente forfattere,   og Herman er en av hans mest leste bøker. ]]></excerpt:encoded>
            <wp:postmeta>
                <wp:meta_key>lsb_isbn</wp:meta_key>
                <wp:meta_value><![CDATA[9788202128647]]></wp:meta_value>
            </wp:postmeta>
            <wp:postmeta>
                <wp:meta_key>_lsb_isbn</wp:meta_key>
                <wp:meta_value><![CDATA[lsb_acf_isbn]]></wp:meta_value>
            </wp:postmeta>
            <wp:postmeta>
                <wp:meta_key>lsb_published_year</wp:meta_key>
                <wp:meta_value><![CDATA[1988]]></wp:meta_value>
            </wp:postmeta>
            <wp:postmeta>
                <wp:meta_key>_lsb_published_year</wp:meta_key>
                <wp:meta_value><![CDATA[lsb_acf_published_year]]></wp:meta_value>
            </wp:postmeta>
            <wp:postmeta>
                <wp:meta_key>lsb_pages</wp:meta_key>
                <wp:meta_value><![CDATA[217]]></wp:meta_value>
            </wp:postmeta>
            <wp:postmeta>
                <wp:meta_key>_lsb_pages</wp:meta_key>
                <wp:meta_value><![CDATA[lsb_acf_pages]]></wp:meta_value>
            </wp:postmeta>
            <wp:postmeta>
                <wp:meta_key>lsb_review</wp:meta_key>
                <wp:meta_value><![CDATA[  <div>Herman går i blinde, kræsjer i en gammel dame <br />  og kommer for sent på skolen. <br />  Herman lurer på hvor mange fugler <br />  det er plass til i det store, <br />  røde håret til Ruby. <br />  Herman trives best hos bestefar, <br />  som ligger hele dagen i en himmelseng. <br />  Og en dag begynner Herman å <br />  miste håret. <br />  Herman er en gutt som må tørre <br />  å være den han er. </div>  <div>&#160;</div>  <div><strong>Herman</strong> er en morsom bok <br />  med mye alvor. Den er lett å lese, <br />  og får deg både til å le og gråte. </div>  <div>&#160;</div>  <div><strong>Lars Saabye Christensen</strong> </div>  <div>er en av Norges mest kjente forfattere. </div>  <div><strong>Herman</strong> er en av hans mest kjente bøker. </div>  <div>Boka har blitt filmet, og filmen heter også <strong>Herman</strong>. </div>  ]]></wp:meta_value>
            </wp:postmeta>
            <wp:postmeta>
                <wp:meta_key>_lsb_review</wp:meta_key>
                <wp:meta_value><![CDATA[lsb_acf_review]]></wp:meta_value>
            </wp:postmeta>
            <wp:postmeta>
                <wp:meta_key>lsb_quote</wp:meta_key>
                <wp:meta_value><![CDATA[- Dette er såkalt køllehår, som vokser rundt de   bare flekkene.   - Køllehår?   - Ja, køllehår. Og køllehårene betyr at sykdommen   på en måte er i gang. Skjønner du hva jeg sier, Herman?   - Jeg vil ha køllehåret mitt tilbake.   Doktoren ser seg litt fo]]></wp:meta_value>
            </wp:postmeta>
            <wp:postmeta>
                <wp:meta_key>_lsb_quote</wp:meta_key>
                <wp:meta_value><![CDATA[lsb_acf_quote]]></wp:meta_value>
            </wp:postmeta>
            <wp:postmeta>
                <wp:meta_key>lsb_supported</wp:meta_key>
                <wp:meta_value><![CDATA[0]]></wp:meta_value>
            </wp:postmeta>
            <wp:postmeta>
                <wp:meta_key>_lsb_supported</wp:meta_key>
                <wp:meta_value><![CDATA[lsb_acf_supported]]></wp:meta_value>
            </wp:postmeta>
            <category domain="lsb_tax_author" nicename="lars-saabye-christensen"><![CDATA[Lars Saabye Christensen]]></category>
            <category domain="lsb_tax_publisher" nicename="cappelen-"><![CDATA[Cappelen ]]></category>
            <wp:postmeta>
                <wp:meta_key>lsb_look_inside</wp:meta_key>
                <wp:meta_value><![CDATA[CUSTOM_BLA_I_BOKA]]></wp:meta_value>
            </wp:postmeta>
            <wp:postmeta>
                <wp:meta_key>_lsb_look_inside</wp:meta_key>
                <wp:meta_value><![CDATA[lsb_acf_look_inside]]></wp:meta_value>
            </wp:postmeta>
            <category domain="lsb_tax_age" nicename="voksne"><![CDATA[voksne]]></category>
            <category domain="lsb_tax_genre" nicename="prosa"><![CDATA[prosa]]></category>
            <category domain="lsb_tax_language" nicename="no_nb"><![CDATA[bokmål]]></category>
            <category domain="lsb_tax_customization" nicename="skjønnlitteratur"><![CDATA[skjønnlitteratur]]></category>
            <wp:postmeta>
                <wp:meta_key>_thumbnail_id</wp:meta_key>
                <wp:meta_value><![CDATA[5046]]></wp:meta_value>
            </wp:postmeta>
        </item>
        <item>
            <title>Herman.jpg</title>
            <wp:post_id>5046</wp:post_id>
            <wp:status>inherit</wp:status>
            <wp:post_type>attachment</wp:post_type>
            <wp:attachment_url>https://raw.githubusercontent.com/lesersokerbok/boksok.no-data-utils/master/output-example/images/3012A26427BB4FD39FEDB063EC8303F5.jpg</wp:attachment_url>
        </item>
        <item>
            <wp:post_type>lsb_book</wp:post_type>
            <wp:status>publish</wp:status>
            <title>Gutten som ville være en av gutta</title>
            <excerpt:encoded><![CDATA[Otto liker å spille fotball.   Men om sommeren må han spille fotball helt alene. ]]></excerpt:encoded>
            <wp:postmeta>
                <wp:meta_key>lsb_isbn</wp:meta_key>
                <wp:meta_value><![CDATA[9788202230128]]></wp:meta_value>
            </wp:postmeta>
            <wp:postmeta>
                <wp:meta_key>_lsb_isbn</wp:meta_key>
                <wp:meta_value><![CDATA[lsb_acf_isbn]]></wp:meta_value>
            </wp:postmeta>
            <wp:postmeta>
                <wp:meta_key>lsb_published_year</wp:meta_key>
                <wp:meta_value><![CDATA[1992]]></wp:meta_value>
            </wp:postmeta>
            <wp:postmeta>
                <wp:meta_key>_lsb_published_year</wp:meta_key>
                <wp:meta_value><![CDATA[lsb_acf_published_year]]></wp:meta_value>
            </wp:postmeta>
            <wp:postmeta>
                <wp:meta_key>lsb_pages</wp:meta_key>
                <wp:meta_value><![CDATA[131]]></wp:meta_value>
            </wp:postmeta>
            <wp:postmeta>
                <wp:meta_key>_lsb_pages</wp:meta_key>
                <wp:meta_value><![CDATA[lsb_acf_pages]]></wp:meta_value>
            </wp:postmeta>
            <wp:postmeta>
                <wp:meta_key>lsb_review</wp:meta_key>
                <wp:meta_value><![CDATA[  <div>Otto elsker å spille fotball. <br />  Moren hans vasker draktene til <br />  laget med de store gutta. <br />  Otto sitter på benken og ser på. <br />  Snart kommer sommeren. <br />  Alle reiser på ferie, bortsett fra Otto, </div>  <div>for fattern må jobbe. <br />  Sommeren blir tøff. <br />  Men Otto gir ikke opp. <br />  Otto er bedre enn noen. <br />  Ingen er bedre enn Otto. </div>  <div>&#160;</div>  <div><strong>Gutten som ville være en av gutta</strong> <br />  er en bok som er lett å lese, <br />  og vanskelig å legge fra seg. <br />  Den er full av humor og alvor. </div>  <div>Boka finnes også som film. </div>  <div>Filmen heter <strong>Ti kniver i hjertet</strong>. </div>  <div>&#160;</div>  <p><strong>Lars Saabye Christensen</strong> er en <br />  av Norges mest kjente forfattere. <br />  Han skriver både romaner, <br />  noveller og dikt. <br />  </p>  ]]></wp:meta_value>
            </wp:postmeta>
            <wp:postmeta>
                <wp:meta_key>_lsb_review</wp:meta_key>
                <wp:meta_value><![CDATA[lsb_acf_review]]></wp:meta_value>
            </wp:postmeta>
            <wp:postmeta>
                <wp:meta_key>lsb_quote</wp:meta_key>
                <wp:meta_value><![CDATA[- Og fotballen er bra? spurte faren.   - Kjempebra. Dribla alle.   De gikk den siste etasjen uten å si noe. Da sa fa-  ren.   - Hva jeg skulle sagt, Otto. I morgen skal du være   med meg på jobben.   - Skal jeg?   - Jepp. Og da må`ru legge deg ganske tidl]]></wp:meta_value>
            </wp:postmeta>
            <wp:postmeta>
                <wp:meta_key>_lsb_quote</wp:meta_key>
                <wp:meta_value><![CDATA[lsb_acf_quote]]></wp:meta_value>
            </wp:postmeta>
            <wp:postmeta>
                <wp:meta_key>lsb_supported</wp:meta_key>
                <wp:meta_value><![CDATA[0]]></wp:meta_value>
            </wp:postmeta>
            <wp:postmeta>
                <wp:meta_key>_lsb_supported</wp:meta_key>
                <wp:meta_value><![CDATA[lsb_acf_supported]]></wp:meta_value>
            </wp:postmeta>
            <category domain="lsb_tax_author" nicename="lars-saabye-christensen"><![CDATA[Lars Saabye Christensen]]></category>
            <category domain="lsb_tax_publisher" nicename="cappelen-"><![CDATA[Cappelen ]]></category>
            <wp:postmeta>
                <wp:meta_key>lsb_look_inside</wp:meta_key>
                <wp:meta_value><![CDATA[CUSTOM_BLA_I_BOKA]]></wp:meta_value>
            </wp:postmeta>
            <wp:postmeta>
                <wp:meta_key>_lsb_look_inside</wp:meta_key>
                <wp:meta_value><![CDATA[lsb_acf_look_inside]]></wp:meta_value>
            </wp:postmeta>
            <category domain="lsb_tax_age" nicename="voksne"><![CDATA[voksne]]></category>
            <category domain="lsb_tax_genre" nicename="prosa"><![CDATA[prosa]]></category>
            <category domain="lsb_tax_language" nicename="no_nb"><![CDATA[bokmål]]></category>
            <category domain="lsb_tax_customization" nicename="skjønnlitteratur"><![CDATA[skjønnlitteratur]]></category>
            <wp:postmeta>
                <wp:meta_key>_thumbnail_id</wp:meta_key>
                <wp:meta_value><![CDATA[5047]]></wp:meta_value>
            </wp:postmeta>
        </item>
        <item>
            <title>Gutten som ville være en av gutta2.jpg</title>
            <wp:post_id>5047</wp:post_id>
            <wp:status>inherit</wp:status>
            <wp:post_type>attachment</wp:post_type>
            <wp:attachment_url>https://raw.githubusercontent.com/lesersokerbok/boksok.no-data-utils/master/output-example/images/9450F3FFD4B841D29F2DFD332BE14C29.jpg</wp:attachment_url>
        </item>
        <item>
            <wp:post_type>lsb_book</wp:post_type>
            <wp:status>publish</wp:status>
            <title>26. november - Fire fortellinger fra det norske Holocaust</title>
            <excerpt:encoded><![CDATA[26.november handler om fire norske jøder   som overlevde 2. verdenskrig. ]]></excerpt:encoded>
            <wp:postmeta>
                <wp:meta_key>lsb_isbn</wp:meta_key>
                <wp:meta_value><![CDATA[9788291187891]]></wp:meta_value>
            </wp:postmeta>
            <wp:postmeta>
                <wp:meta_key>_lsb_isbn</wp:meta_key>
                <wp:meta_value><![CDATA[lsb_acf_isbn]]></wp:meta_value>
            </wp:postmeta>
            <wp:postmeta>
                <wp:meta_key>lsb_published_year</wp:meta_key>
                <wp:meta_value><![CDATA[2010]]></wp:meta_value>
            </wp:postmeta>
            <wp:postmeta>
                <wp:meta_key>_lsb_published_year</wp:meta_key>
                <wp:meta_value><![CDATA[lsb_acf_published_year]]></wp:meta_value>
            </wp:postmeta>
            <wp:postmeta>
                <wp:meta_key>lsb_pages</wp:meta_key>
                <wp:meta_value><![CDATA[70]]></wp:meta_value>
            </wp:postmeta>
            <wp:postmeta>
                <wp:meta_key>_lsb_pages</wp:meta_key>
                <wp:meta_value><![CDATA[lsb_acf_pages]]></wp:meta_value>
            </wp:postmeta>
            <wp:postmeta>
                <wp:meta_key>lsb_review</wp:meta_key>
                <wp:meta_value><![CDATA[  <div><strong>26.november</strong> er en helt spesiell <br />  tegneserie. Den er basert på <br />  intervjuer med fire mennesker <br />  som overlevde krigen.  <br />  Alle fire var norske jøder <br />  som opplevde 26.november, <br />  dagen da norsk politi <br />  arresterte alle norske jøder, <br />  også kvinner og barn, <br />  for å sende dem ut av landet <br />  og i døden.  </div>  <div>&#160;</div>  <div>Tegneserien er delt inn i <br />  fire deler: Gerds historie, <br />  Siggis historie, Rosas historie <br />  og til slutt Sammys historie. <br />  Tegningene er tydelige og teksten <br />  lett å lese. </div>  <div>&#160;</div>  <p><strong>Mikael Holmberg</strong> har skrevet og <br />  tegnet de sanne fortellingene<br />  til <strong>Gerd Golombek</strong>, <strong>Rosa Tankus</strong>, <br />  <strong>Siegmund Korn</strong> og <strong>Samuel Steinmann</strong>.  </p>  ]]></wp:meta_value>
            </wp:postmeta>
            <wp:postmeta>
                <wp:meta_key>_lsb_review</wp:meta_key>
                <wp:meta_value><![CDATA[lsb_acf_review]]></wp:meta_value>
            </wp:postmeta>
            <wp:postmeta>
                <wp:meta_key>lsb_quote</wp:meta_key>
                <wp:meta_value><![CDATA[Haugner, læreren vår, tålte ikke   at vi ble plaget.   - Gå hjem!  - Bare vent - snart   skal Norge være   frit for jøder! ]]></wp:meta_value>
            </wp:postmeta>
            <wp:postmeta>
                <wp:meta_key>_lsb_quote</wp:meta_key>
                <wp:meta_value><![CDATA[lsb_acf_quote]]></wp:meta_value>
            </wp:postmeta>
            <wp:postmeta>
                <wp:meta_key>lsb_supported</wp:meta_key>
                <wp:meta_value><![CDATA[0]]></wp:meta_value>
            </wp:postmeta>
            <wp:postmeta>
                <wp:meta_key>_lsb_supported</wp:meta_key>
                <wp:meta_value><![CDATA[lsb_acf_supported]]></wp:meta_value>
            </wp:postmeta>
            <category domain="lsb_tax_author" nicename="mikael-holmberg"><![CDATA[Mikael Holmberg]]></category>
            <category domain="lsb_tax_publisher" nicename="no-comprendo-press"><![CDATA[No Comprendo Press]]></category>
            <wp:postmeta>
                <wp:meta_key>lsb_look_inside</wp:meta_key>
                <wp:meta_value><![CDATA[CUSTOM_BLA_I_BOKA]]></wp:meta_value>
            </wp:postmeta>
            <wp:postmeta>
                <wp:meta_key>_lsb_look_inside</wp:meta_key>
                <wp:meta_value><![CDATA[lsb_acf_look_inside]]></wp:meta_value>
            </wp:postmeta>
            <category domain="lsb_tax_age" nicename="voksne"><![CDATA[voksne]]></category>
            <category domain="lsb_tax_topic" nicename="historie"><![CDATA[historie]]></category>
            <category domain="lsb_tax_topic" nicename="samfunn"><![CDATA[samfunn]]></category>
            <category domain="lsb_tax_language" nicename="no_nb"><![CDATA[bokmål]]></category>
            <category domain="lsb_tax_customization" nicename="bilder"><![CDATA[bilder]]></category>
            <wp:postmeta>
                <wp:meta_key>_thumbnail_id</wp:meta_key>
                <wp:meta_value><![CDATA[5048]]></wp:meta_value>
            </wp:postmeta>
        </item>
        <item>
            <title>26 november.jpg</title>
            <wp:post_id>5048</wp:post_id>
            <wp:status>inherit</wp:status>
            <wp:post_type>attachment</wp:post_type>
            <wp:attachment_url>https://raw.githubusercontent.com/lesersokerbok/boksok.no-data-utils/master/output-example/images/4E91D899C28A4BAAA32B03EFFEE5B380.jpg</wp:attachment_url>
        </item>
        <item>
            <wp:post_type>lsb_book</wp:post_type>
            <wp:status>publish</wp:status>
            <title>Laika</title>
            <excerpt:encoded><![CDATA[Alle kjenner Laika, hunden   som ble sendt ut i verdensrommet.   Men ikke alle kjenner historien om hva som egentlig skjedde.   Her kan du lese den! ]]></excerpt:encoded>
            <wp:postmeta>
                <wp:meta_key>lsb_isbn</wp:meta_key>
                <wp:meta_value><![CDATA[9788202303662]]></wp:meta_value>
            </wp:postmeta>
            <wp:postmeta>
                <wp:meta_key>_lsb_isbn</wp:meta_key>
                <wp:meta_value><![CDATA[lsb_acf_isbn]]></wp:meta_value>
            </wp:postmeta>
            <wp:postmeta>
                <wp:meta_key>lsb_published_year</wp:meta_key>
                <wp:meta_value><![CDATA[2010]]></wp:meta_value>
            </wp:postmeta>
            <wp:postmeta>
                <wp:meta_key>_lsb_published_year</wp:meta_key>
                <wp:meta_value><![CDATA[lsb_acf_published_year]]></wp:meta_value>
            </wp:postmeta>
            <wp:postmeta>
                <wp:meta_key>lsb_pages</wp:meta_key>
                <wp:meta_value><![CDATA[199]]></wp:meta_value>
            </wp:postmeta>
            <wp:postmeta>
                <wp:meta_key>_lsb_pages</wp:meta_key>
                <wp:meta_value><![CDATA[lsb_acf_pages]]></wp:meta_value>
            </wp:postmeta>
            <wp:postmeta>
                <wp:meta_key>lsb_review</wp:meta_key>
                <wp:meta_value><![CDATA[  <div>Laika er hunden som ble <br />  det første levende vesenet i <br />  verdensrommet. <br />  I denne tegneserien kan du lese <br />  hele historien om Laika, <br />  hvorfor hun ble valgt, <br />  og hvem som var rundt henne. </div>  <div><br />  Historien er både spennende <br />  og rørende. </div>  <div>Tegningene i boka er tydelige <br />  og lette å fortså. <br />  Teksten er ganske liten, <br />  men tydelig. </div>  <div>&#160;</div>  <p><strong>Nick Abadzis</strong> lever både av <br />  å skrive og å tegne. <br />  Han bor i London. </p>  ]]></wp:meta_value>
            </wp:postmeta>
            <wp:postmeta>
                <wp:meta_key>_lsb_review</wp:meta_key>
                <wp:meta_value><![CDATA[lsb_acf_review]]></wp:meta_value>
            </wp:postmeta>
            <wp:postmeta>
                <wp:meta_key>lsb_quote</wp:meta_key>
                <wp:meta_value><![CDATA[- Jeg har aldri sett   denne hunden så livlig.   Er den ikke vanligvis   helt rolig?   - Hun er alltid glad   for å se Jelena, Vladimir.   Spesielt etter et trenings-  opplegg. ]]></wp:meta_value>
            </wp:postmeta>
            <wp:postmeta>
                <wp:meta_key>_lsb_quote</wp:meta_key>
                <wp:meta_value><![CDATA[lsb_acf_quote]]></wp:meta_value>
            </wp:postmeta>
            <wp:postmeta>
                <wp:meta_key>lsb_supported</wp:meta_key>
                <wp:meta_value><![CDATA[0]]></wp:meta_value>
            </wp:postmeta>
            <wp:postmeta>
                <wp:meta_key>_lsb_supported</wp:meta_key>
                <wp:meta_value><![CDATA[lsb_acf_supported]]></wp:meta_value>
            </wp:postmeta>
            <category domain="lsb_tax_author" nicename="nick-abadzis"><![CDATA[Nick Abadzis]]></category>
            <category domain="lsb_tax_publisher" nicename="cappelen-damm"><![CDATA[Cappelen Damm]]></category>
            <category domain="lsb_tax_translator" nicename="rune-r.-moen"><![CDATA[Rune R. Moen]]></category>
            <wp:postmeta>
                <wp:meta_key>lsb_look_inside</wp:meta_key>
                <wp:meta_value><![CDATA[CUSTOM_BLA_I_BOKA]]></wp:meta_value>
            </wp:postmeta>
            <wp:postmeta>
                <wp:meta_key>_lsb_look_inside</wp:meta_key>
                <wp:meta_value><![CDATA[lsb_acf_look_inside]]></wp:meta_value>
            </wp:postmeta>
            <category domain="lsb_tax_age" nicename="ungdom"><![CDATA[ungdom]]></category>
            <category domain="lsb_tax_age" nicename="voksne"><![CDATA[voksne]]></category>
            <category domain="lsb_tax_topic" nicename="historie"><![CDATA[historie]]></category>
            <category domain="lsb_tax_topic" nicename="samfunn"><![CDATA[samfunn]]></category>
            <category domain="lsb_tax_language" nicename="no_nb"><![CDATA[bokmål]]></category>
            <category domain="lsb_tax_customization" nicename="bilder"><![CDATA[bilder]]></category>
            <wp:postmeta>
                <wp:meta_key>_thumbnail_id</wp:meta_key>
                <wp:meta_value><![CDATA[5049]]></wp:meta_value>
            </wp:postmeta>
        </item>
        <item>
            <title>Laika.jpg</title>
            <wp:post_id>5049</wp:post_id>
            <wp:status>inherit</wp:status>
            <wp:post_type>attachment</wp:post_type>
            <wp:attachment_url>https://raw.githubusercontent.com/lesersokerbok/boksok.no-data-utils/master/output-example/images/85547CE8C6C84885B58AE1E4F22D457D.jpg</wp:attachment_url>
        </item>
        <item>
            <wp:post_type>lsb_book</wp:post_type>
            <wp:status>publish</wp:status>
            <title>Jeg satte mitt håp til verden</title>
            <excerpt:encoded><![CDATA[En vakker diktsamling om det å få barn. ]]></excerpt:encoded>
            <wp:postmeta>
                <wp:meta_key>lsb_isbn</wp:meta_key>
                <wp:meta_value><![CDATA[9788205391710]]></wp:meta_value>
            </wp:postmeta>
            <wp:postmeta>
                <wp:meta_key>_lsb_isbn</wp:meta_key>
                <wp:meta_value><![CDATA[lsb_acf_isbn]]></wp:meta_value>
            </wp:postmeta>
            <wp:postmeta>
                <wp:meta_key>lsb_published_year</wp:meta_key>
                <wp:meta_value><![CDATA[2009]]></wp:meta_value>
            </wp:postmeta>
            <wp:postmeta>
                <wp:meta_key>_lsb_published_year</wp:meta_key>
                <wp:meta_value><![CDATA[lsb_acf_published_year]]></wp:meta_value>
            </wp:postmeta>
            <wp:postmeta>
                <wp:meta_key>lsb_pages</wp:meta_key>
                <wp:meta_value><![CDATA[67]]></wp:meta_value>
            </wp:postmeta>
            <wp:postmeta>
                <wp:meta_key>_lsb_pages</wp:meta_key>
                <wp:meta_value><![CDATA[lsb_acf_pages]]></wp:meta_value>
            </wp:postmeta>
            <wp:postmeta>
                <wp:meta_key>lsb_review</wp:meta_key>
                <wp:meta_value><![CDATA[  <div>Diktene handler om fødselen, <br />  ammetåke og den første tida. <br />  De er en kjærlighetshistorie <br />  til barnet, til fortvilelsen <br />  og gleden over å få barn. </div>  <div>&#160;</div>  <div>Språket er direkte og bildene <br />  lette å se for seg. <br />  Ikke alle diktene er like lette <br />  å forstå, men alle skaper<br />  flotte bilder. </div>  <div>&#160;</div>  <div><strong>Cathrine Grøndahl</strong> har gitt ut <br />  flere diktsamlinger. <br />  Hun jobber i dag som advokat. </div>  <div>&#160;</div>  <div>"Grøndahls direkte språk <br />  er befriende lite mystisk og innpakket, <br />  men likevel komplekst. <br />  Hun møter leseren med sterke innsikter <br />  og overraskende bilder." <br />  Marie Aubert, Aftenposten</div>  <div>&#160;</div>  <p>"Jeg satte mitt håp til verden <br />  er en diktsamling som også kan <br />  nå ut til mennesker som vanligvis <br />  ikke leser dikt. <br />  Og kanskje er Grøndahls dikt <br />  like matnyttige som mange av de <br />  kommersielle håndbøkene som finnes <br />  for nybakte foreldre?" <br />  Brynjulf Jung Tjønn, NRK</p>  ]]></wp:meta_value>
            </wp:postmeta>
            <wp:postmeta>
                <wp:meta_key>_lsb_review</wp:meta_key>
                <wp:meta_value><![CDATA[lsb_acf_review]]></wp:meta_value>
            </wp:postmeta>
            <wp:postmeta>
                <wp:meta_key>lsb_quote</wp:meta_key>
                <wp:meta_value><![CDATA[BABY LOVE     Vi leser hverandre med hendene   og snakker med øynene   Vi lager ulike lydspor,   men sier det samme hver gang:   Jeg elsker deg   Og hver gang   kan det ikke sies klarere]]></wp:meta_value>
            </wp:postmeta>
            <wp:postmeta>
                <wp:meta_key>_lsb_quote</wp:meta_key>
                <wp:meta_value><![CDATA[lsb_acf_quote]]></wp:meta_value>
            </wp:postmeta>
            <wp:postmeta>
                <wp:meta_key>lsb_supported</wp:meta_key>
                <wp:meta_value><![CDATA[0]]></wp:meta_value>
            </wp:postmeta>
            <wp:postmeta>
                <wp:meta_key>_lsb_supported</wp:meta_key>
                <wp:meta_value><![CDATA[lsb_acf_supported]]></wp:meta_value>
            </wp:postmeta>
            <category domain="lsb_tax_author" nicename="cathrine-grøndahl"><![CDATA[Cathrine Grøndahl]]></category>
            <category domain="lsb_tax_publisher" nicename="gyldendal"><![CDATA[Gyldendal]]></category>
            <wp:postmeta>
                <wp:meta_key>lsb_look_inside</wp:meta_key>
                <wp:meta_value><![CDATA[CUSTOM_BLA_I_BOKA]]></wp:meta_value>
            </wp:postmeta>
            <wp:postmeta>
                <wp:meta_key>_lsb_look_inside</wp:meta_key>
                <wp:meta_value><![CDATA[lsb_acf_look_inside]]></wp:meta_value>
            </wp:postmeta>
            <category domain="lsb_tax_age" nicename="voksne"><![CDATA[voksne]]></category>
            <category domain="lsb_tax_genre" nicename="dikt"><![CDATA[dikt]]></category>
            <category domain="lsb_tax_topic" nicename="kjærlighet"><![CDATA[kjærlighet]]></category>
            <category domain="lsb_tax_topic" nicename="mennesker-i-mellom"><![CDATA[mennesker i mellom]]></category>
            <category domain="lsb_tax_language" nicename="no_nb"><![CDATA[bokmål]]></category>
            <category domain="lsb_tax_customization" nicename="skjønnlitteratur"><![CDATA[skjønnlitteratur]]></category>
            <wp:postmeta>
                <wp:meta_key>_thumbnail_id</wp:meta_key>
                <wp:meta_value><![CDATA[5050]]></wp:meta_value>
            </wp:postmeta>
        </item>
        <item>
            <title>Jeg satte mitt håp til verden.jpg</title>
            <wp:post_id>5050</wp:post_id>
            <wp:status>inherit</wp:status>
            <wp:post_type>attachment</wp:post_type>
            <wp:attachment_url>https://raw.githubusercontent.com/lesersokerbok/boksok.no-data-utils/master/output-example/images/9DF13CEE11454222A0DCAD99AC8E3DF8.jpg</wp:attachment_url>
        </item>
        <item>
            <wp:post_type>lsb_book</wp:post_type>
            <wp:status>publish</wp:status>
            <title>Alltid beredt til å dø for mitt barn</title>
            <excerpt:encoded><![CDATA[Dette er den tredje boka i serien om Frøken.   I denne boka blir Lille født, og Frøken blir en   overbeskyttende og bekymret mamma. ]]></excerpt:encoded>
            <wp:postmeta>
                <wp:meta_key>lsb_isbn</wp:meta_key>
                <wp:meta_value><![CDATA[9788203211850]]></wp:meta_value>
            </wp:postmeta>
            <wp:postmeta>
                <wp:meta_key>_lsb_isbn</wp:meta_key>
                <wp:meta_value><![CDATA[lsb_acf_isbn]]></wp:meta_value>
            </wp:postmeta>
            <wp:postmeta>
                <wp:meta_key>lsb_published_year</wp:meta_key>
                <wp:meta_value><![CDATA[2009]]></wp:meta_value>
            </wp:postmeta>
            <wp:postmeta>
                <wp:meta_key>_lsb_published_year</wp:meta_key>
                <wp:meta_value><![CDATA[lsb_acf_published_year]]></wp:meta_value>
            </wp:postmeta>
            <wp:postmeta>
                <wp:meta_key>lsb_pages</wp:meta_key>
                <wp:meta_value/>
            </wp:postmeta>
            <wp:postmeta>
                <wp:meta_key>_lsb_pages</wp:meta_key>
                <wp:meta_value><![CDATA[lsb_acf_pages]]></wp:meta_value>
            </wp:postmeta>
            <wp:postmeta>
                <wp:meta_key>lsb_review</wp:meta_key>
                <wp:meta_value><![CDATA[  <div>En morsom tegneserieroman om <br />  det å bli mamma for første gang. <br />  Den handler om fødselen, <br />  om å få råd fra andre foreldre, <br />  om å oppdage nye ting, <br />  og å være redd for barnet sitt. <br />  Og så handler den om å være <br />  veldig glad i det lille, nye livet. </div>  <div>&#160;</div>  <div>Tegningene er store og i sort-hvitt, og har en tydelig strek. <br />  En tegning fyller en hel side. <br />  Teksten er tydelig, men litt liten enkelte steder. </div>  <div>&#160;</div>  <p><strong>Alltid beredt til å dø for mitt barn</strong> <br />  er den tredje boka i serien om Frøken. <br />  De to andre heter <strong>Frøken Livredd &amp; kjærligheten</strong> <br />  og <strong>Frøken Makeløs &amp; Karrieren</strong>. <br />  Joanna Rubin Dranger har tegnet og skrevet bøkene. <br />  Hun er illustratør og bor i Stockholm. <br />  </p>  ]]></wp:meta_value>
            </wp:postmeta>
            <wp:postmeta>
                <wp:meta_key>_lsb_review</wp:meta_key>
                <wp:meta_value><![CDATA[lsb_acf_review]]></wp:meta_value>
            </wp:postmeta>
            <wp:postmeta>
                <wp:meta_key>lsb_quote</wp:meta_key>
                <wp:meta_value><![CDATA[- Du skal få se. Det er   lett nå, det er senere   det blir tøft.   Om en stund er det slutt   på friheten!   Om fire, fem år kan du   begynne å gå på kino og   sånt igjen! ]]></wp:meta_value>
            </wp:postmeta>
            <wp:postmeta>
                <wp:meta_key>_lsb_quote</wp:meta_key>
                <wp:meta_value><![CDATA[lsb_acf_quote]]></wp:meta_value>
            </wp:postmeta>
            <wp:postmeta>
                <wp:meta_key>lsb_supported</wp:meta_key>
                <wp:meta_value><![CDATA[0]]></wp:meta_value>
            </wp:postmeta>
            <wp:postmeta>
                <wp:meta_key>_lsb_supported</wp:meta_key>
                <wp:meta_value><![CDATA[lsb_acf_supported]]></wp:meta_value>
            </wp:postmeta>
            <category domain="lsb_tax_author" nicename="joanna-rubin-dranger"><![CDATA[Joanna Rubin Dranger]]></category>
            <category domain="lsb_tax_publisher" nicename="aschehoug-"><![CDATA[Aschehoug ]]></category>
            <category domain="lsb_tax_translator" nicename="monica-aasprong"><![CDATA[Monica Aasprong]]></category>
            <wp:postmeta>
                <wp:meta_key>lsb_look_inside</wp:meta_key>
                <wp:meta_value><![CDATA[CUSTOM_BLA_I_BOKA]]></wp:meta_value>
            </wp:postmeta>
            <wp:postmeta>
                <wp:meta_key>_lsb_look_inside</wp:meta_key>
                <wp:meta_value><![CDATA[lsb_acf_look_inside]]></wp:meta_value>
            </wp:postmeta>
            <category domain="lsb_tax_age" nicename="voksne"><![CDATA[voksne]]></category>
            <category domain="lsb_tax_genre" nicename="prosa"><![CDATA[prosa]]></category>
            <category domain="lsb_tax_language" nicename="no_nb"><![CDATA[bokmål]]></category>
            <category domain="lsb_tax_customization" nicename="bilder"><![CDATA[bilder]]></category>
            <category domain="lsb_tax_customization" nicename="mange-bilder"><![CDATA[mange bilder]]></category>
            <wp:postmeta>
                <wp:meta_key>_thumbnail_id</wp:meta_key>
                <wp:meta_value><![CDATA[5051]]></wp:meta_value>
            </wp:postmeta>
        </item>
        <item>
            <title>Alltid beredt til å dø for mitt barn.jpg</title>
            <wp:post_id>5051</wp:post_id>
            <wp:status>inherit</wp:status>
            <wp:post_type>attachment</wp:post_type>
            <wp:attachment_url>https://raw.githubusercontent.com/lesersokerbok/boksok.no-data-utils/master/output-example/images/0F512662F47F4BE1B7703E1F96B22BEB.jpg</wp:attachment_url>
        </item>
        <item>
            <wp:post_type>lsb_book</wp:post_type>
            <wp:status>publish</wp:status>
            <title>Máilmmi jálumus mánná</title>
            <excerpt:encoded><![CDATA[Dàt lea muitalus Sáve birra.   Su stoahkanolmmái lea Sáike.]]></excerpt:encoded>
            <wp:postmeta>
                <wp:meta_key>lsb_isbn</wp:meta_key>
                <wp:meta_value><![CDATA[9788276011807]]></wp:meta_value>
            </wp:postmeta>
            <wp:postmeta>
                <wp:meta_key>_lsb_isbn</wp:meta_key>
                <wp:meta_value><![CDATA[lsb_acf_isbn]]></wp:meta_value>
            </wp:postmeta>
            <wp:postmeta>
                <wp:meta_key>lsb_published_year</wp:meta_key>
                <wp:meta_value><![CDATA[2009]]></wp:meta_value>
            </wp:postmeta>
            <wp:postmeta>
                <wp:meta_key>_lsb_published_year</wp:meta_key>
                <wp:meta_value><![CDATA[lsb_acf_published_year]]></wp:meta_value>
            </wp:postmeta>
            <wp:postmeta>
                <wp:meta_key>lsb_pages</wp:meta_key>
                <wp:meta_value><![CDATA[53]]></wp:meta_value>
            </wp:postmeta>
            <wp:postmeta>
                <wp:meta_key>_lsb_pages</wp:meta_key>
                <wp:meta_value><![CDATA[lsb_acf_pages]]></wp:meta_value>
            </wp:postmeta>
            <wp:postmeta>
                <wp:meta_key>lsb_review</wp:meta_key>
                <wp:meta_value><![CDATA[  <div>Sáve ii bala mastege. <br />  Son lea máilmmi jálumus mánná. <br />  Dát lea girji, man lea álki lohkat. </div>  <div>&#160;</div>  <div>Sáve er verdens modigste jente. <br />  Hun er ikke redd for noen ting, <br />  ikke for mørket og ikke for <br />  dødninger eller drauger. <br />  Hunden hennes, Sáike er <br />  verdens reddeste hund. <br />  Den tør ikke gå ut i mørket. <br />  En natt må Sáve og Sáike <br />  overnatte i skogen. <br />  Da møter de en draug som <br />  trenger deres hjelp. </div>  <div>&#160;</div>  <div>Dette er en enkel bok <br />  om å takle døden og overvinne frykt. <br />  Boka er skrevet på nordsamisk.<br />  Den er flott illustrert med tydelige <br />  fargetegninger av <strong>Harald Aadnevik</strong>. <br />  Boka passer både for eldre barn <br />  og yngre ungdom som ikke har lest så mye før.</div>  <div>&#160;</div>  <div>Forfatteren <strong>Elle Márjá Vars</strong><br />  har også skrevet en annen bok i samme serie. </div>  <div>Den heter <strong>Máilmmi láikkimus olmmos. </strong><br />  </div>  ]]></wp:meta_value>
            </wp:postmeta>
            <wp:postmeta>
                <wp:meta_key>_lsb_review</wp:meta_key>
                <wp:meta_value><![CDATA[lsb_acf_review]]></wp:meta_value>
            </wp:postmeta>
            <wp:postmeta>
                <wp:meta_key>lsb_quote</wp:meta_key>
                <wp:meta_value><![CDATA[Sáve vulggii cuovgga guvlui.   Sáike sattai maid vuolgit mielde.   Beanariehpu ii duostan báhcit okto dollagáddái. ]]></wp:meta_value>
            </wp:postmeta>
            <wp:postmeta>
                <wp:meta_key>_lsb_quote</wp:meta_key>
                <wp:meta_value><![CDATA[lsb_acf_quote]]></wp:meta_value>
            </wp:postmeta>
            <wp:postmeta>
                <wp:meta_key>lsb_supported</wp:meta_key>
                <wp:meta_value><![CDATA[1]]></wp:meta_value>
            </wp:postmeta>
            <wp:postmeta>
                <wp:meta_key>_lsb_supported</wp:meta_key>
                <wp:meta_value><![CDATA[lsb_acf_supported]]></wp:meta_value>
            </wp:postmeta>
            <wp:postmeta>
                <wp:meta_key>lsb_support_cat</wp:meta_key>
                <wp:meta_value><![CDATA[purple]]></wp:meta_value>
            </wp:postmeta>
            <wp:postmeta>
                <wp:meta_key>_lsb_support_cat</wp:meta_key>
                <wp:meta_value><![CDATA[lsb_acf_support_cat]]></wp:meta_value>
            </wp:postmeta>
            <category domain="lsb_tax_author" nicename="elle-márjá-vars"><![CDATA[Elle Márjá Vars]]></category>
            <category domain="lsb_tax_publisher" nicename="idut"><![CDATA[Idut]]></category>
            <category domain="lsb_tax_illustrator" nicename="harald-aadnevik"><![CDATA[Harald Aadnevik]]></category>
            <wp:postmeta>
                <wp:meta_key>lsb_look_inside</wp:meta_key>
                <wp:meta_value><![CDATA[CUSTOM_BLA_I_BOKA]]></wp:meta_value>
            </wp:postmeta>
            <wp:postmeta>
                <wp:meta_key>_lsb_look_inside</wp:meta_key>
                <wp:meta_value><![CDATA[lsb_acf_look_inside]]></wp:meta_value>
            </wp:postmeta>
            <category domain="lsb_tax_age" nicename="barn"><![CDATA[barn]]></category>
            <category domain="lsb_tax_age" nicename="ungdom"><![CDATA[ungdom]]></category>
            <category domain="lsb_tax_genre" nicename="prosa"><![CDATA[prosa]]></category>
            <category domain="lsb_tax_language" nicename="no_sme"><![CDATA[nordsamisk]]></category>
            <category domain="lsb_tax_customization" nicename="skjønnlitteratur"><![CDATA[skjønnlitteratur]]></category>
            <category domain="lsb_tax_customization" nicename="mange-bilder"><![CDATA[mange bilder]]></category>
            <wp:postmeta>
                <wp:meta_key>_thumbnail_id</wp:meta_key>
                <wp:meta_value><![CDATA[5052]]></wp:meta_value>
            </wp:postmeta>
        </item>
        <item>
            <title>Forside_Mailmmi_jalumus_manna_HR.jpg</title>
            <wp:post_id>5052</wp:post_id>
            <wp:status>inherit</wp:status>
            <wp:post_type>attachment</wp:post_type>
            <wp:attachment_url>https://raw.githubusercontent.com/lesersokerbok/boksok.no-data-utils/master/output-example/images/4EEFFE9691BC4CCCB9C5DDBA7064BB0D.jpg</wp:attachment_url>
        </item>
        <item>
            <wp:post_type>lsb_book</wp:post_type>
            <wp:status>publish</wp:status>
            <title>Bilder av folk</title>
            <excerpt:encoded><![CDATA[Dette er en helt spesiell ordbok   som passer for alle. ]]></excerpt:encoded>
            <wp:postmeta>
                <wp:meta_key>lsb_isbn</wp:meta_key>
                <wp:meta_value><![CDATA[9788292863114]]></wp:meta_value>
            </wp:postmeta>
            <wp:postmeta>
                <wp:meta_key>_lsb_isbn</wp:meta_key>
                <wp:meta_value><![CDATA[lsb_acf_isbn]]></wp:meta_value>
            </wp:postmeta>
            <wp:postmeta>
                <wp:meta_key>lsb_published_year</wp:meta_key>
                <wp:meta_value><![CDATA[2009]]></wp:meta_value>
            </wp:postmeta>
            <wp:postmeta>
                <wp:meta_key>_lsb_published_year</wp:meta_key>
                <wp:meta_value><![CDATA[lsb_acf_published_year]]></wp:meta_value>
            </wp:postmeta>
            <wp:postmeta>
                <wp:meta_key>lsb_pages</wp:meta_key>
                <wp:meta_value><![CDATA[200]]></wp:meta_value>
            </wp:postmeta>
            <wp:postmeta>
                <wp:meta_key>_lsb_pages</wp:meta_key>
                <wp:meta_value><![CDATA[lsb_acf_pages]]></wp:meta_value>
            </wp:postmeta>
            <wp:postmeta>
                <wp:meta_key>lsb_review</wp:meta_key>
                <wp:meta_value><![CDATA[  <div>Her er rett og slett verdens fineste bok! <br />  Politi og tyv, astronaut og dagdrømmer, <br />  dansere og krigere står side om side. <br />  Boka passer alle som liker det enkle og vakre. <br />  Bildene og ordene setter tankene i sving. <br />  De står i forhold til hverandre som et motsetningspar, </div>  <div>eller kanskje ikke? </div>  <div>Dette er den perfekte gaveboka <br />  som blir liggende framme på bordet! </div>  <div>&#160;</div>  <div><strong>Bilder av folk</strong> er en bok vi kan <br />  anbefale alle leserne våre. </div>  <div>Den kan favne bredt i alder og målgruppe. </div>  <div>Hver side har et stor, enkelt bilde <br />  og ett ord. </div>  <div>Fin til språk- og lesetrening! </div>  <div>&#160;</div>  <div><strong>Blexbolex</strong> er en fransk tegner og forfatter. <br />  <strong>Bilder av folk</strong> ble kåret til verdens <br />  vakreste bok i 2009 (Goldene Letter). </div>  <div>&#160;</div>  <div><em>"</em><strong>Bilder av folk</strong> er en utrolig kraftfull bok – <br />  vakker, tankevekkende, lattervekkende, <br />  skummel og utfordrende. <br />  Det går ikke an å bli ferdig med den <br />  etter kun én gjennomlesning, <br />  så jeg er rent lykkelig over å ha den i bokhyllen min. "</div>  <div>- Heidi Sævareid, Barnebokkritikk.no<br />  <br />  </div>  ]]></wp:meta_value>
            </wp:postmeta>
            <wp:postmeta>
                <wp:meta_key>_lsb_review</wp:meta_key>
                <wp:meta_value><![CDATA[lsb_acf_review]]></wp:meta_value>
            </wp:postmeta>
            <wp:postmeta>
                <wp:meta_key>lsb_quote</wp:meta_key>
                <wp:meta_value><![CDATA[SKILØPER   SESONGARBEIDER]]></wp:meta_value>
            </wp:postmeta>
            <wp:postmeta>
                <wp:meta_key>_lsb_quote</wp:meta_key>
                <wp:meta_value><![CDATA[lsb_acf_quote]]></wp:meta_value>
            </wp:postmeta>
            <wp:postmeta>
                <wp:meta_key>lsb_supported</wp:meta_key>
                <wp:meta_value><![CDATA[1]]></wp:meta_value>
            </wp:postmeta>
            <wp:postmeta>
                <wp:meta_key>_lsb_supported</wp:meta_key>
                <wp:meta_value><![CDATA[lsb_acf_supported]]></wp:meta_value>
            </wp:postmeta>
            <wp:postmeta>
                <wp:meta_key>lsb_support_cat</wp:meta_key>
                <wp:meta_value><![CDATA[purple]]></wp:meta_value>
            </wp:postmeta>
            <wp:postmeta>
                <wp:meta_key>_lsb_support_cat</wp:meta_key>
                <wp:meta_value><![CDATA[lsb_acf_support_cat]]></wp:meta_value>
            </wp:postmeta>
            <category domain="lsb_tax_author" nicename="blexbolex"><![CDATA[Blexbolex]]></category>
            <category domain="lsb_tax_publisher" nicename="magikon-"><![CDATA[Magikon ]]></category>
            <category domain="lsb_tax_illustrator" nicename="blexbolex"><![CDATA[Blexbolex]]></category>
            <category domain="lsb_tax_translator" nicename="svein-strøksen"><![CDATA[Svein Strøksen]]></category>
            <wp:postmeta>
                <wp:meta_key>lsb_look_inside</wp:meta_key>
                <wp:meta_value><![CDATA[CUSTOM_BLA_I_BOKA]]></wp:meta_value>
            </wp:postmeta>
            <wp:postmeta>
                <wp:meta_key>_lsb_look_inside</wp:meta_key>
                <wp:meta_value><![CDATA[lsb_acf_look_inside]]></wp:meta_value>
            </wp:postmeta>
            <category domain="lsb_tax_age" nicename="voksne"><![CDATA[voksne]]></category>
            <category domain="lsb_tax_age" nicename="ungdom"><![CDATA[ungdom]]></category>
            <category domain="lsb_tax_age" nicename="barn"><![CDATA[barn]]></category>
            <category domain="lsb_tax_language" nicename="no_nb"><![CDATA[bokmål]]></category>
            <category domain="lsb_tax_customization" nicename="bilder"><![CDATA[bilder]]></category>
            <category domain="lsb_tax_customization" nicename="ny-i-norge"><![CDATA[ny i norge]]></category>
            <category domain="lsb_tax_customization" nicename="mange-bilder"><![CDATA[mange bilder]]></category>
            <wp:postmeta>
                <wp:meta_key>_thumbnail_id</wp:meta_key>
                <wp:meta_value><![CDATA[5053]]></wp:meta_value>
            </wp:postmeta>
        </item>
        <item>
            <title>Bilder_av_folk_CMYK.jpg</title>
            <wp:post_id>5053</wp:post_id>
            <wp:status>inherit</wp:status>
            <wp:post_type>attachment</wp:post_type>
            <wp:attachment_url>https://raw.githubusercontent.com/lesersokerbok/boksok.no-data-utils/master/output-example/images/45996F5E20884334B66FE6EDE25F948D.jpg</wp:attachment_url>
        </item>
        <item>
            <wp:post_type>lsb_book</wp:post_type>
            <wp:status>publish</wp:status>
            <title>Hiv mannskjiten</title>
            <excerpt:encoded><![CDATA[Dette er den første boka til Rune Johansen   med morsomme fotografier fra Norge. ]]></excerpt:encoded>
            <wp:postmeta>
                <wp:meta_key>lsb_isbn</wp:meta_key>
                <wp:meta_value><![CDATA[9788275473545]]></wp:meta_value>
            </wp:postmeta>
            <wp:postmeta>
                <wp:meta_key>_lsb_isbn</wp:meta_key>
                <wp:meta_value><![CDATA[lsb_acf_isbn]]></wp:meta_value>
            </wp:postmeta>
            <wp:postmeta>
                <wp:meta_key>lsb_published_year</wp:meta_key>
                <wp:meta_value><![CDATA[2004 / 2012]]></wp:meta_value>
            </wp:postmeta>
            <wp:postmeta>
                <wp:meta_key>_lsb_published_year</wp:meta_key>
                <wp:meta_value><![CDATA[lsb_acf_published_year]]></wp:meta_value>
            </wp:postmeta>
            <wp:postmeta>
                <wp:meta_key>lsb_pages</wp:meta_key>
                <wp:meta_value><![CDATA[127]]></wp:meta_value>
            </wp:postmeta>
            <wp:postmeta>
                <wp:meta_key>_lsb_pages</wp:meta_key>
                <wp:meta_value><![CDATA[lsb_acf_pages]]></wp:meta_value>
            </wp:postmeta>
            <wp:postmeta>
                <wp:meta_key>lsb_review</wp:meta_key>
                <wp:meta_value><![CDATA[  <div><strong>Hiv mannskjiten</strong> er et nordnorsk <br />  uttrykk som betyr kast søppelet. <br />  Denne boka er en hyllest til <br />  det motsatte. <strong>Rune Johansen</strong> har tatt <br />  bilder av folk og tingene deres. <br />  Til hvert bilde har han skrevet noen ord <br />  om hvor han har tatt bildet <br />  og hva han tenker om det. <br />  Bildene er fra Nordland, og forteller oss <br />  at det som er hverdagen vår, <br />  også kan være kunst. </div>  <div>&#160;</div>  <div>Bildene i denne boka er <br />  fargerike og flotte. <br />  Oppsettet på teksten kan gjøre den <br />  vanskelig å lese, men språket er <br />  muntlig og personlig. </div>  <div>&#160;</div>  <div><strong>Hiv mannskjiten</strong> er </div>  <div>den første boka i <strong>Rune Johansen</strong>s serie </div>  <div>med fotografier og tekst.</div>  <div>Senere har det kommet flere bøker, </div>  <div>blant annet <strong>Så lenge det vara</strong> (2005), </div>  <div><strong>I Hemsedal</strong> (2006), </div>  <div><strong>Da æ var i Amerika</strong> (2007) og </div>  <div><strong>Norske sjøfolk</strong> (2009). </div>  <div>&#160;</div>  ]]></wp:meta_value>
            </wp:postmeta>
            <wp:postmeta>
                <wp:meta_key>_lsb_review</wp:meta_key>
                <wp:meta_value><![CDATA[lsb_acf_review]]></wp:meta_value>
            </wp:postmeta>
            <wp:postmeta>
                <wp:meta_key>lsb_quote</wp:meta_key>
                <wp:meta_value><![CDATA[Simon satt fortsatt ved middagsbordet og spiste sin søndagsmiddag  da jeg kom. Simon hadde vært gift, men bodde nå alene. Kamera og   blits ble rigget opp. Og da han var ferdig med sin søndagsmiddag,   viste han meg rundt i huset. Vi kom til soverommet, der et bilde han   hadde malt selv hang over senga. ]]></wp:meta_value>
            </wp:postmeta>
            <wp:postmeta>
                <wp:meta_key>_lsb_quote</wp:meta_key>
                <wp:meta_value><![CDATA[lsb_acf_quote]]></wp:meta_value>
            </wp:postmeta>
            <wp:postmeta>
                <wp:meta_key>lsb_supported</wp:meta_key>
                <wp:meta_value><![CDATA[0]]></wp:meta_value>
            </wp:postmeta>
            <wp:postmeta>
                <wp:meta_key>_lsb_supported</wp:meta_key>
                <wp:meta_value><![CDATA[lsb_acf_supported]]></wp:meta_value>
            </wp:postmeta>
            <category domain="lsb_tax_author" nicename="rune-johansen"><![CDATA[Rune Johansen]]></category>
            <category domain="lsb_tax_publisher" nicename="press-"><![CDATA[Press ]]></category>
            <wp:postmeta>
                <wp:meta_key>lsb_look_inside</wp:meta_key>
                <wp:meta_value><![CDATA[CUSTOM_BLA_I_BOKA]]></wp:meta_value>
            </wp:postmeta>
            <wp:postmeta>
                <wp:meta_key>_lsb_look_inside</wp:meta_key>
                <wp:meta_value><![CDATA[lsb_acf_look_inside]]></wp:meta_value>
            </wp:postmeta>
            <category domain="lsb_tax_age" nicename="voksne"><![CDATA[voksne]]></category>
            <category domain="lsb_tax_genre" nicename="prosa"><![CDATA[prosa]]></category>
            <category domain="lsb_tax_topic" nicename="historie"><![CDATA[historie]]></category>
            <category domain="lsb_tax_topic" nicename="samfunn"><![CDATA[samfunn]]></category>
            <category domain="lsb_tax_topic" nicename="natur"><![CDATA[natur]]></category>
            <category domain="lsb_tax_language" nicename="no_nb"><![CDATA[bokmål]]></category>
            <category domain="lsb_tax_customization" nicename="faglitteratur"><![CDATA[faglitteratur]]></category>
            <category domain="lsb_tax_customization" nicename="mange-bilder"><![CDATA[mange bilder]]></category>
            <wp:postmeta>
                <wp:meta_key>_thumbnail_id</wp:meta_key>
                <wp:meta_value><![CDATA[5054]]></wp:meta_value>
            </wp:postmeta>
        </item>
        <item>
            <title>Hiv mannskjiten.jpg</title>
            <wp:post_id>5054</wp:post_id>
            <wp:status>inherit</wp:status>
            <wp:post_type>attachment</wp:post_type>
            <wp:attachment_url>https://raw.githubusercontent.com/lesersokerbok/boksok.no-data-utils/master/output-example/images/1901D6CED55F4F069ADEF85C280291E9.jpg</wp:attachment_url>
        </item>
        <item>
            <wp:post_type>lsb_book</wp:post_type>
            <wp:status>publish</wp:status>
            <title>Han vet om noe hun kan prøve </title>
            <excerpt:encoded><![CDATA[Sara Johnsens debutroman er både tøff   og rørende lesning. ]]></excerpt:encoded>
            <wp:postmeta>
                <wp:meta_key>lsb_isbn</wp:meta_key>
                <wp:meta_value><![CDATA[9788205335783]]></wp:meta_value>
            </wp:postmeta>
            <wp:postmeta>
                <wp:meta_key>_lsb_isbn</wp:meta_key>
                <wp:meta_value><![CDATA[lsb_acf_isbn]]></wp:meta_value>
            </wp:postmeta>
            <wp:postmeta>
                <wp:meta_key>lsb_published_year</wp:meta_key>
                <wp:meta_value><![CDATA[2004]]></wp:meta_value>
            </wp:postmeta>
            <wp:postmeta>
                <wp:meta_key>_lsb_published_year</wp:meta_key>
                <wp:meta_value><![CDATA[lsb_acf_published_year]]></wp:meta_value>
            </wp:postmeta>
            <wp:postmeta>
                <wp:meta_key>lsb_pages</wp:meta_key>
                <wp:meta_value><![CDATA[175]]></wp:meta_value>
            </wp:postmeta>
            <wp:postmeta>
                <wp:meta_key>_lsb_pages</wp:meta_key>
                <wp:meta_value><![CDATA[lsb_acf_pages]]></wp:meta_value>
            </wp:postmeta>
            <wp:postmeta>
                <wp:meta_key>lsb_review</wp:meta_key>
                <wp:meta_value><![CDATA[  <div>Dette er fortellingene om <br />  en gutte-jente som har to <br />  bestevenner, Kai og Henrik. <br />  Sammen finner de på mange sprell, <br />  noen mer vågale enn andre. <br />  Under overflaten aner vi alvoret <br />  som gjør at de tre må holde sammen.  </div>  <div><br />  Boka består av fortellinger <br />  som kan leses hver for seg, <br />  men som sammen blir til  <br />  en hel historie. </div>  <div>Språket i denne boka er direkte <br />  og muntlig. Formen gjør at boka <br />  kan leses i etapper.  </div>  <div>&#160;</div>  <p><strong>Sara Johsen</strong> er filmskaper <br />  og kjent for filmene Vinterkyss <br />  og Upper Dog. Hun har også skrevet <br />  romanen White Man. </p>  ]]></wp:meta_value>
            </wp:postmeta>
            <wp:postmeta>
                <wp:meta_key>_lsb_review</wp:meta_key>
                <wp:meta_value><![CDATA[lsb_acf_review]]></wp:meta_value>
            </wp:postmeta>
            <wp:postmeta>
                <wp:meta_key>lsb_quote</wp:meta_key>
                <wp:meta_value><![CDATA[Alle mennesker har et problem, mamma legger   den ene hånda på låret mitt, "et slags problem som de   må bære med seg gjennom livet."   Jeg kjenner på de ømme kjevene mine og nik-  ker. ]]></wp:meta_value>
            </wp:postmeta>
            <wp:postmeta>
                <wp:meta_key>_lsb_quote</wp:meta_key>
                <wp:meta_value><![CDATA[lsb_acf_quote]]></wp:meta_value>
            </wp:postmeta>
            <wp:postmeta>
                <wp:meta_key>lsb_supported</wp:meta_key>
                <wp:meta_value><![CDATA[0]]></wp:meta_value>
            </wp:postmeta>
            <wp:postmeta>
                <wp:meta_key>_lsb_supported</wp:meta_key>
                <wp:meta_value><![CDATA[lsb_acf_supported]]></wp:meta_value>
            </wp:postmeta>
            <category domain="lsb_tax_author" nicename="sara-johnsen"><![CDATA[Sara Johnsen]]></category>
            <category domain="lsb_tax_publisher" nicename="gyldendal-"><![CDATA[Gyldendal ]]></category>
            <wp:postmeta>
                <wp:meta_key>lsb_look_inside</wp:meta_key>
                <wp:meta_value><![CDATA[CUSTOM_BLA_I_BOKA]]></wp:meta_value>
            </wp:postmeta>
            <wp:postmeta>
                <wp:meta_key>_lsb_look_inside</wp:meta_key>
                <wp:meta_value><![CDATA[lsb_acf_look_inside]]></wp:meta_value>
            </wp:postmeta>
            <category domain="lsb_tax_age" nicename="voksne"><![CDATA[voksne]]></category>
            <category domain="lsb_tax_genre" nicename="prosa"><![CDATA[prosa]]></category>
            <category domain="lsb_tax_language" nicename="no_nb"><![CDATA[bokmål]]></category>
            <category domain="lsb_tax_customization" nicename="skjønnlitteratur"><![CDATA[skjønnlitteratur]]></category>
            <wp:postmeta>
                <wp:meta_key>_thumbnail_id</wp:meta_key>
                <wp:meta_value><![CDATA[5055]]></wp:meta_value>
            </wp:postmeta>
        </item>
        <item>
            <title>Han vet om noe hun ....jpg</title>
            <wp:post_id>5055</wp:post_id>
            <wp:status>inherit</wp:status>
            <wp:post_type>attachment</wp:post_type>
            <wp:attachment_url>https://raw.githubusercontent.com/lesersokerbok/boksok.no-data-utils/master/output-example/images/61D24D6A8FB240D6B93EBE44F5F96978.jpg</wp:attachment_url>
        </item>
        <item>
            <wp:post_type>lsb_book</wp:post_type>
            <wp:status>publish</wp:status>
            <title>Pakkis</title>
            <excerpt:encoded><![CDATA[Khalid Hussains bok Pakkis fra 1986  har kommet ut i ny utgave. ]]></excerpt:encoded>
            <wp:postmeta>
                <wp:meta_key>lsb_isbn</wp:meta_key>
                <wp:meta_value><![CDATA[9788205340565]]></wp:meta_value>
            </wp:postmeta>
            <wp:postmeta>
                <wp:meta_key>_lsb_isbn</wp:meta_key>
                <wp:meta_value><![CDATA[lsb_acf_isbn]]></wp:meta_value>
            </wp:postmeta>
            <wp:postmeta>
                <wp:meta_key>lsb_published_year</wp:meta_key>
                <wp:meta_value><![CDATA[2005]]></wp:meta_value>
            </wp:postmeta>
            <wp:postmeta>
                <wp:meta_key>_lsb_published_year</wp:meta_key>
                <wp:meta_value><![CDATA[lsb_acf_published_year]]></wp:meta_value>
            </wp:postmeta>
            <wp:postmeta>
                <wp:meta_key>lsb_pages</wp:meta_key>
                <wp:meta_value><![CDATA[133]]></wp:meta_value>
            </wp:postmeta>
            <wp:postmeta>
                <wp:meta_key>_lsb_pages</wp:meta_key>
                <wp:meta_value><![CDATA[lsb_acf_pages]]></wp:meta_value>
            </wp:postmeta>
            <wp:postmeta>
                <wp:meta_key>lsb_review</wp:meta_key>
                <wp:meta_value><![CDATA[  <div>Sajjad er en 15 år. Han har olabukser, <br />  spiller fotball og går på fest. <br />  Men hjemme er det pakistansk <br />  kultur som gjelder. Sajjad blir trukket <br />  mellom to verdener. <br />  En dag kommer krisen for fullt. <br />  Faren til Sajjad vil ta med seg <br />  Sajjad til Pakistan for å gifte ham bort. </div>  <div>&#160;</div>  <div>Teksten i boka er ganske tett <br />  og med få avsnitt, men språket er lett<br />  og tydelig. </div>  <div>&#160;</div>  <div>Boka <strong>Pakkis</strong> fikk mye oppmerksomhet <br />  da den kom ut i 1986. <br />  Nå er den trykket i ny utgave. <br />  Boka er den første romanen skrevet <br />  på norsk av en pakistansk innvandrer. </div>  <div><br />  <strong>Khalid Hussain</strong> kom til Norge seks år <br />  gammel. Han var 16 år da han skrev boka. <br />  Han har også gitt ut boka Ondt blod <br />  og har skrevet flere filmer, blant <br />  annet spillefilmen <strong>Import Eksport</strong>. <br />  </div>  ]]></wp:meta_value>
            </wp:postmeta>
            <wp:postmeta>
                <wp:meta_key>_lsb_review</wp:meta_key>
                <wp:meta_value><![CDATA[lsb_acf_review]]></wp:meta_value>
            </wp:postmeta>
            <wp:postmeta>
                <wp:meta_key>lsb_quote</wp:meta_key>
                <wp:meta_value><![CDATA[- Skal ikke du også ha, Sajjad? spurte Hanne  før de skålte for et eller annet.   Sajjad kom fram med et smil og ristet på hodet.   Nå drakk alle sammen med unntak av Sajjad. ]]></wp:meta_value>
            </wp:postmeta>
            <wp:postmeta>
                <wp:meta_key>_lsb_quote</wp:meta_key>
                <wp:meta_value><![CDATA[lsb_acf_quote]]></wp:meta_value>
            </wp:postmeta>
            <wp:postmeta>
                <wp:meta_key>lsb_supported</wp:meta_key>
                <wp:meta_value><![CDATA[0]]></wp:meta_value>
            </wp:postmeta>
            <wp:postmeta>
                <wp:meta_key>_lsb_supported</wp:meta_key>
                <wp:meta_value><![CDATA[lsb_acf_supported]]></wp:meta_value>
            </wp:postmeta>
            <category domain="lsb_tax_author" nicename="khalid-hussain"><![CDATA[Khalid Hussain]]></category>
            <category domain="lsb_tax_publisher" nicename="tiden-"><![CDATA[Tiden ]]></category>
            <wp:postmeta>
                <wp:meta_key>lsb_look_inside</wp:meta_key>
                <wp:meta_value><![CDATA[CUSTOM_BLA_I_BOKA]]></wp:meta_value>
            </wp:postmeta>
            <wp:postmeta>
                <wp:meta_key>_lsb_look_inside</wp:meta_key>
                <wp:meta_value><![CDATA[lsb_acf_look_inside]]></wp:meta_value>
            </wp:postmeta>
            <category domain="lsb_tax_age" nicename="voksne"><![CDATA[voksne]]></category>
            <category domain="lsb_tax_age" nicename="ungdom"><![CDATA[ungdom]]></category>
            <category domain="lsb_tax_genre" nicename="prosa"><![CDATA[prosa]]></category>
            <category domain="lsb_tax_topic" nicename="historie"><![CDATA[historie]]></category>
            <category domain="lsb_tax_topic" nicename="samfunn"><![CDATA[samfunn]]></category>
            <category domain="lsb_tax_language" nicename="no_nb"><![CDATA[bokmål]]></category>
            <category domain="lsb_tax_customization" nicename="skjønnlitteratur"><![CDATA[skjønnlitteratur]]></category>
            <category domain="lsb_tax_customization" nicename="ny-i-norge"><![CDATA[ny i norge]]></category>
            <wp:postmeta>
                <wp:meta_key>_thumbnail_id</wp:meta_key>
                <wp:meta_value><![CDATA[5056]]></wp:meta_value>
            </wp:postmeta>
        </item>
        <item>
            <title>pakkis, ny.jpg</title>
            <wp:post_id>5056</wp:post_id>
            <wp:status>inherit</wp:status>
            <wp:post_type>attachment</wp:post_type>
            <wp:attachment_url>https://raw.githubusercontent.com/lesersokerbok/boksok.no-data-utils/master/output-example/images/236252CAFECA4A15A89DD8E080AB67B9.jpg</wp:attachment_url>
        </item>
        <item>
            <wp:post_type>lsb_book</wp:post_type>
            <wp:status>publish</wp:status>
            <title>Den merkelige hendelsen med hunden den natten </title>
            <excerpt:encoded><![CDATA[I denne boka er det en ung autist   som forteller historien. ]]></excerpt:encoded>
            <wp:postmeta>
                <wp:meta_key>lsb_isbn</wp:meta_key>
                <wp:meta_value><![CDATA[9788253027319]]></wp:meta_value>
            </wp:postmeta>
            <wp:postmeta>
                <wp:meta_key>_lsb_isbn</wp:meta_key>
                <wp:meta_value><![CDATA[lsb_acf_isbn]]></wp:meta_value>
            </wp:postmeta>
            <wp:postmeta>
                <wp:meta_key>lsb_published_year</wp:meta_key>
                <wp:meta_value><![CDATA[2004]]></wp:meta_value>
            </wp:postmeta>
            <wp:postmeta>
                <wp:meta_key>_lsb_published_year</wp:meta_key>
                <wp:meta_value><![CDATA[lsb_acf_published_year]]></wp:meta_value>
            </wp:postmeta>
            <wp:postmeta>
                <wp:meta_key>lsb_pages</wp:meta_key>
                <wp:meta_value><![CDATA[255]]></wp:meta_value>
            </wp:postmeta>
            <wp:postmeta>
                <wp:meta_key>_lsb_pages</wp:meta_key>
                <wp:meta_value><![CDATA[lsb_acf_pages]]></wp:meta_value>
            </wp:postmeta>
            <wp:postmeta>
                <wp:meta_key>lsb_review</wp:meta_key>
                <wp:meta_value><![CDATA[  <div>En dag finner Christopher hunden til <br />  Mrs Shears. Den er stukket i hjel <br />  med en høygaffel. Han bestemmer seg <br />  for å løse mysteriet. <br />  Christopher er autist. Han lærer oss mye <br />  om hvordan han tenker.   <br />  På vei mot løsningen finner han svar <br />  på større spørsmål, som denne: <br />  Hvordan kan mor skrive brev<br />  hvis hun er død? </div>  <div>&#160;</div>  <p>Denne boka har gaske tett tekst <br />  med få avsnitt, men språket er lett <br />  og kapitlene er korte. </p>  ]]></wp:meta_value>
            </wp:postmeta>
            <wp:postmeta>
                <wp:meta_key>_lsb_review</wp:meta_key>
                <wp:meta_value><![CDATA[lsb_acf_review]]></wp:meta_value>
            </wp:postmeta>
            <wp:postmeta>
                <wp:meta_key>lsb_quote</wp:meta_key>
                <wp:meta_value><![CDATA[Seks på seks kom far inn i stuen igjen. Han sa: "Hva er   dette?" Men han sa det helt rolig, så jeg skjønte ikke at han   var sint.     Han hadde boken min i hånden.     Jeg sa: "Det er en bok jeg skriver."     Og han sa: "Er det sant, det som står her? At du har   snakket med Mrs Alexsander?"     ]]></wp:meta_value>
            </wp:postmeta>
            <wp:postmeta>
                <wp:meta_key>_lsb_quote</wp:meta_key>
                <wp:meta_value><![CDATA[lsb_acf_quote]]></wp:meta_value>
            </wp:postmeta>
            <wp:postmeta>
                <wp:meta_key>lsb_supported</wp:meta_key>
                <wp:meta_value><![CDATA[0]]></wp:meta_value>
            </wp:postmeta>
            <wp:postmeta>
                <wp:meta_key>_lsb_supported</wp:meta_key>
                <wp:meta_value><![CDATA[lsb_acf_supported]]></wp:meta_value>
            </wp:postmeta>
            <category domain="lsb_tax_author" nicename="mark-haddon"><![CDATA[Mark Haddon]]></category>
            <category domain="lsb_tax_publisher" nicename="pax"><![CDATA[Pax]]></category>
            <category domain="lsb_tax_translator" nicename="ove-steen"><![CDATA[Ove Steen]]></category>
            <wp:postmeta>
                <wp:meta_key>lsb_look_inside</wp:meta_key>
                <wp:meta_value><![CDATA[CUSTOM_BLA_I_BOKA]]></wp:meta_value>
            </wp:postmeta>
            <wp:postmeta>
                <wp:meta_key>_lsb_look_inside</wp:meta_key>
                <wp:meta_value><![CDATA[lsb_acf_look_inside]]></wp:meta_value>
            </wp:postmeta>
            <category domain="lsb_tax_age" nicename="voksne"><![CDATA[voksne]]></category>
            <category domain="lsb_tax_genre" nicename="prosa"><![CDATA[prosa]]></category>
            <category domain="lsb_tax_language" nicename="no_nb"><![CDATA[bokmål]]></category>
            <category domain="lsb_tax_customization" nicename="skjønnlitteratur"><![CDATA[skjønnlitteratur]]></category>
            <wp:postmeta>
                <wp:meta_key>_thumbnail_id</wp:meta_key>
                <wp:meta_value><![CDATA[5057]]></wp:meta_value>
            </wp:postmeta>
        </item>
        <item>
            <title>Den merkelige hendelsen.jpg</title>
            <wp:post_id>5057</wp:post_id>
            <wp:status>inherit</wp:status>
            <wp:post_type>attachment</wp:post_type>
            <wp:attachment_url>https://raw.githubusercontent.com/lesersokerbok/boksok.no-data-utils/master/output-example/images/5C32F65185C2401FB53F5DDFCD9C2958.jpg</wp:attachment_url>
        </item>
        <item>
            <wp:post_type>lsb_book</wp:post_type>
            <wp:status>publish</wp:status>
            <title>ABC i integrering</title>
            <excerpt:encoded><![CDATA[Amal Aden gir 111 råd bygget på hennes egne erfaringer som innvandrer i Norge.]]></excerpt:encoded>
            <wp:postmeta>
                <wp:meta_key>lsb_isbn</wp:meta_key>
                <wp:meta_value><![CDATA[9788203291913]]></wp:meta_value>
            </wp:postmeta>
            <wp:postmeta>
                <wp:meta_key>_lsb_isbn</wp:meta_key>
                <wp:meta_value><![CDATA[lsb_acf_isbn]]></wp:meta_value>
            </wp:postmeta>
            <wp:postmeta>
                <wp:meta_key>lsb_published_year</wp:meta_key>
                <wp:meta_value><![CDATA[2009]]></wp:meta_value>
            </wp:postmeta>
            <wp:postmeta>
                <wp:meta_key>_lsb_published_year</wp:meta_key>
                <wp:meta_value><![CDATA[lsb_acf_published_year]]></wp:meta_value>
            </wp:postmeta>
            <wp:postmeta>
                <wp:meta_key>lsb_pages</wp:meta_key>
                <wp:meta_value><![CDATA[85]]></wp:meta_value>
            </wp:postmeta>
            <wp:postmeta>
                <wp:meta_key>_lsb_pages</wp:meta_key>
                <wp:meta_value><![CDATA[lsb_acf_pages]]></wp:meta_value>
            </wp:postmeta>
            <wp:postmeta>
                <wp:meta_key>lsb_review</wp:meta_key>
                <wp:meta_value><![CDATA[  <div>Rådene gir hun både til nordmenn <br />  og til innvandrerne selv. <br />  Hun er direkte og gir <br />  konkrete råd. <br />  Målet hennes er at innvandrere <br />  blir en del av samfunnet <br />  på en positiv måte.  </div>  <div>&#160;</div>  <div>Boka består av korte punkter <br />  delt inn etter tema.<br />  Noen ord er vanskelige, men <br />  både meningene og språket er direkte<br />  og lett å oppfatte. </div>  <div>&#160;</div>  <div><strong>Amal Aden</strong> er et pseudonym. </div>  <div>Forfatteren kom til Norge </div>  <div>som asylsøker fra Somalia. </div>  <div>Hun fikk mye oppmerksomhet for romanen </div>  <div><strong>Se oss</strong> som kom ut i 2008. </div>  ]]></wp:meta_value>
            </wp:postmeta>
            <wp:postmeta>
                <wp:meta_key>_lsb_review</wp:meta_key>
                <wp:meta_value><![CDATA[lsb_acf_review]]></wp:meta_value>
            </wp:postmeta>
            <wp:postmeta>
                <wp:meta_key>lsb_quote</wp:meta_key>
                <wp:meta_value><![CDATA[Se på norsk tv, hør på norsk musikk og lytt til norsk   radio - da blir du vant til å høre hvordan det nor-  ske språket er. Les norske aviser. Selv om du ikke   forstår alt som står der, vil du forstå mer og mer.   Alt for mange forholder seg bare til hjemlandets   medier. ]]></wp:meta_value>
            </wp:postmeta>
            <wp:postmeta>
                <wp:meta_key>_lsb_quote</wp:meta_key>
                <wp:meta_value><![CDATA[lsb_acf_quote]]></wp:meta_value>
            </wp:postmeta>
            <wp:postmeta>
                <wp:meta_key>lsb_supported</wp:meta_key>
                <wp:meta_value><![CDATA[0]]></wp:meta_value>
            </wp:postmeta>
            <wp:postmeta>
                <wp:meta_key>_lsb_supported</wp:meta_key>
                <wp:meta_value><![CDATA[lsb_acf_supported]]></wp:meta_value>
            </wp:postmeta>
            <category domain="lsb_tax_author" nicename="amal-aden"><![CDATA[Amal Aden]]></category>
            <category domain="lsb_tax_publisher" nicename="aschehoug-"><![CDATA[Aschehoug ]]></category>
            <wp:postmeta>
                <wp:meta_key>lsb_look_inside</wp:meta_key>
                <wp:meta_value><![CDATA[CUSTOM_BLA_I_BOKA]]></wp:meta_value>
            </wp:postmeta>
            <wp:postmeta>
                <wp:meta_key>_lsb_look_inside</wp:meta_key>
                <wp:meta_value><![CDATA[lsb_acf_look_inside]]></wp:meta_value>
            </wp:postmeta>
            <category domain="lsb_tax_age" nicename="voksne"><![CDATA[voksne]]></category>
            <category domain="lsb_tax_genre" nicename="faglitteratur"><![CDATA[faglitteratur]]></category>
            <category domain="lsb_tax_topic" nicename="historie"><![CDATA[historie]]></category>
            <category domain="lsb_tax_topic" nicename="samfunn"><![CDATA[samfunn]]></category>
            <category domain="lsb_tax_language" nicename="no_nb"><![CDATA[bokmål]]></category>
            <category domain="lsb_tax_customization" nicename="faglitteratur"><![CDATA[faglitteratur]]></category>
            <category domain="lsb_tax_customization" nicename="ny-i-norge"><![CDATA[ny i norge]]></category>
            <wp:postmeta>
                <wp:meta_key>_thumbnail_id</wp:meta_key>
                <wp:meta_value><![CDATA[5058]]></wp:meta_value>
            </wp:postmeta>
        </item>
        <item>
            <title>ABC i integrering.jpg</title>
            <wp:post_id>5058</wp:post_id>
            <wp:status>inherit</wp:status>
            <wp:post_type>attachment</wp:post_type>
            <wp:attachment_url>https://raw.githubusercontent.com/lesersokerbok/boksok.no-data-utils/master/output-example/images/2522F4D1A3D24A6C9323CA460CCA43CB.jpg</wp:attachment_url>
        </item>
        <item>
            <wp:post_type>lsb_book</wp:post_type>
            <wp:status>publish</wp:status>
            <title>sa mor</title>
            <excerpt:encoded><![CDATA[Mors gode råd i denne diktsamlingen   kan få deg til å både le og gråte. ]]></excerpt:encoded>
            <wp:postmeta>
                <wp:meta_key>lsb_isbn</wp:meta_key>
                <wp:meta_value><![CDATA[8202174929]]></wp:meta_value>
            </wp:postmeta>
            <wp:postmeta>
                <wp:meta_key>_lsb_isbn</wp:meta_key>
                <wp:meta_value><![CDATA[lsb_acf_isbn]]></wp:meta_value>
            </wp:postmeta>
            <wp:postmeta>
                <wp:meta_key>lsb_published_year</wp:meta_key>
                <wp:meta_value><![CDATA[1997]]></wp:meta_value>
            </wp:postmeta>
            <wp:postmeta>
                <wp:meta_key>_lsb_published_year</wp:meta_key>
                <wp:meta_value><![CDATA[lsb_acf_published_year]]></wp:meta_value>
            </wp:postmeta>
            <wp:postmeta>
                <wp:meta_key>lsb_pages</wp:meta_key>
                <wp:meta_value><![CDATA[76]]></wp:meta_value>
            </wp:postmeta>
            <wp:postmeta>
                <wp:meta_key>_lsb_pages</wp:meta_key>
                <wp:meta_value><![CDATA[lsb_acf_pages]]></wp:meta_value>
            </wp:postmeta>
            <wp:postmeta>
                <wp:meta_key>lsb_review</wp:meta_key>
                <wp:meta_value><![CDATA[  <div><strong>sa mor</strong> er en samling  <br />  korte og morsomme dikt. <br />  Diktene handler om en mor <br />  som forteller sønnen sin <br />  hva han skal og ikke skal gjøre<br />  og om sønnens kompliserte forhold <br />  til kjærestene sine.  </div>  <div><br />  <strong>Erlend Loe</strong> har oversatt diktene. <br />  Om boka sier han: <br />  "Sa Mor er både morsom og dypt ubehagelig. <br />  Kjærlighet og omtanke er bra. <br />  Men det kan bli for mye." </div>  <div>&#160;</div>  <div>Boka er ikke lenger i salg, </div>  <div>men den kan lånes på biblioteket. </div>  <div>Erlend Loe har også lest inn diktene </div>  <div>på lydbok. Lydboken kan kjøpes. </div>  ]]></wp:meta_value>
            </wp:postmeta>
            <wp:postmeta>
                <wp:meta_key>_lsb_review</wp:meta_key>
                <wp:meta_value><![CDATA[lsb_acf_review]]></wp:meta_value>
            </wp:postmeta>
            <wp:postmeta>
                <wp:meta_key>lsb_quote</wp:meta_key>
                <wp:meta_value><![CDATA[Nå som du er eldre, sa Mor,   bør du begynne å gå med susp,   slik som faren din,   når du er på stranden.   Kanskje får du øye på en jente   i badedrakt som lener seg fremover,   og du kan komme til å få reisning.   Du kan ikke alltid skjule det ved   å løpe ut i bølgene.   Det fins dem som kan se under vann. ]]></wp:meta_value>
            </wp:postmeta>
            <wp:postmeta>
                <wp:meta_key>_lsb_quote</wp:meta_key>
                <wp:meta_value><![CDATA[lsb_acf_quote]]></wp:meta_value>
            </wp:postmeta>
            <wp:postmeta>
                <wp:meta_key>lsb_supported</wp:meta_key>
                <wp:meta_value><![CDATA[0]]></wp:meta_value>
            </wp:postmeta>
            <wp:postmeta>
                <wp:meta_key>_lsb_supported</wp:meta_key>
                <wp:meta_value><![CDATA[lsb_acf_supported]]></wp:meta_value>
            </wp:postmeta>
            <category domain="lsb_tax_author" nicename="hal-sirowitz"><![CDATA[Hal Sirowitz]]></category>
            <category domain="lsb_tax_publisher" nicename="cappelen"><![CDATA[Cappelen]]></category>
            <category domain="lsb_tax_translator" nicename="erlend-loe"><![CDATA[Erlend Loe]]></category>
            <wp:postmeta>
                <wp:meta_key>lsb_look_inside</wp:meta_key>
                <wp:meta_value><![CDATA[CUSTOM_BLA_I_BOKA]]></wp:meta_value>
            </wp:postmeta>
            <wp:postmeta>
                <wp:meta_key>_lsb_look_inside</wp:meta_key>
                <wp:meta_value><![CDATA[lsb_acf_look_inside]]></wp:meta_value>
            </wp:postmeta>
            <category domain="lsb_tax_age" nicename="voksne"><![CDATA[voksne]]></category>
            <category domain="lsb_tax_genre" nicename="dikt"><![CDATA[dikt]]></category>
            <category domain="lsb_tax_topic" nicename="humor"><![CDATA[humor]]></category>
            <category domain="lsb_tax_language" nicename="no_nb"><![CDATA[bokmål]]></category>
            <category domain="lsb_tax_customization" nicename="skjønnlitteratur"><![CDATA[skjønnlitteratur]]></category>
            <wp:postmeta>
                <wp:meta_key>_thumbnail_id</wp:meta_key>
                <wp:meta_value><![CDATA[5059]]></wp:meta_value>
            </wp:postmeta>
        </item>
        <item>
            <title>Sa mor.jpg</title>
            <wp:post_id>5059</wp:post_id>
            <wp:status>inherit</wp:status>
            <wp:post_type>attachment</wp:post_type>
            <wp:attachment_url>https://raw.githubusercontent.com/lesersokerbok/boksok.no-data-utils/master/output-example/images/CEFE9858B73F46A9B59109F7290B858E.jpg</wp:attachment_url>
        </item>
        <item>
            <wp:post_type>lsb_book</wp:post_type>
            <wp:status>publish</wp:status>
            <title>Charter - 50 år til Syden</title>
            <excerpt:encoded><![CDATA[En mimrebok for nordmenn om det å reise på chartertur. ]]></excerpt:encoded>
            <wp:postmeta>
                <wp:meta_key>lsb_isbn</wp:meta_key>
                <wp:meta_value><![CDATA[9788282110815]]></wp:meta_value>
            </wp:postmeta>
            <wp:postmeta>
                <wp:meta_key>_lsb_isbn</wp:meta_key>
                <wp:meta_value><![CDATA[lsb_acf_isbn]]></wp:meta_value>
            </wp:postmeta>
            <wp:postmeta>
                <wp:meta_key>lsb_published_year</wp:meta_key>
                <wp:meta_value><![CDATA[2009]]></wp:meta_value>
            </wp:postmeta>
            <wp:postmeta>
                <wp:meta_key>_lsb_published_year</wp:meta_key>
                <wp:meta_value><![CDATA[lsb_acf_published_year]]></wp:meta_value>
            </wp:postmeta>
            <wp:postmeta>
                <wp:meta_key>lsb_pages</wp:meta_key>
                <wp:meta_value><![CDATA[144]]></wp:meta_value>
            </wp:postmeta>
            <wp:postmeta>
                <wp:meta_key>_lsb_pages</wp:meta_key>
                <wp:meta_value><![CDATA[lsb_acf_pages]]></wp:meta_value>
            </wp:postmeta>
            <wp:postmeta>
                <wp:meta_key>lsb_review</wp:meta_key>
                <wp:meta_value><![CDATA[  <div>Nordmenn har reist <br />  på ferie til Syden i 50 år. <br />  Boka er full av bilder, sitater <br />  og mimring om hvordan det var <br />  å reise til stedet med sol hele året. </div>  <div>&#160;</div>  <p><strong>Charter</strong> er en morsom bok <br />  det går an å bla i. <br />  Boka har ulik størrelse på fonten og <br />  fargerik bakgrunn. Fonten er enkelte steder<br />  liten og de sterke fargene gjør<br />  teksten vanskelig å lese.  <br />  Boka er likevel så muntlig og ledig <br />  at vi tar den med her. </p>  ]]></wp:meta_value>
            </wp:postmeta>
            <wp:postmeta>
                <wp:meta_key>_lsb_review</wp:meta_key>
                <wp:meta_value><![CDATA[lsb_acf_review]]></wp:meta_value>
            </wp:postmeta>
            <wp:postmeta>
                <wp:meta_key>lsb_quote</wp:meta_key>
                <wp:meta_value><![CDATA[Det viktigste med charterferie er å få skille. På   magen og på lårene. Skillet måles hver   ettermiddag etter endt soløkt. Senest to dager  etter at du kommer hjem, må du ha vist frem   magen til alle venner og bekjente. ]]></wp:meta_value>
            </wp:postmeta>
            <wp:postmeta>
                <wp:meta_key>_lsb_quote</wp:meta_key>
                <wp:meta_value><![CDATA[lsb_acf_quote]]></wp:meta_value>
            </wp:postmeta>
            <wp:postmeta>
                <wp:meta_key>lsb_supported</wp:meta_key>
                <wp:meta_value><![CDATA[0]]></wp:meta_value>
            </wp:postmeta>
            <wp:postmeta>
                <wp:meta_key>_lsb_supported</wp:meta_key>
                <wp:meta_value><![CDATA[lsb_acf_supported]]></wp:meta_value>
            </wp:postmeta>
            <category domain="lsb_tax_author" nicename="frøy-lode-wiig-(red.)"><![CDATA[Frøy Lode Wiig (red.)]]></category>
            <category domain="lsb_tax_publisher" nicename="vega-forlag-"><![CDATA[Vega forlag ]]></category>
            <wp:postmeta>
                <wp:meta_key>lsb_look_inside</wp:meta_key>
                <wp:meta_value><![CDATA[CUSTOM_BLA_I_BOKA]]></wp:meta_value>
            </wp:postmeta>
            <wp:postmeta>
                <wp:meta_key>_lsb_look_inside</wp:meta_key>
                <wp:meta_value><![CDATA[lsb_acf_look_inside]]></wp:meta_value>
            </wp:postmeta>
            <category domain="lsb_tax_age" nicename="voksne"><![CDATA[voksne]]></category>
            <category domain="lsb_tax_genre" nicename="faglitteratur"><![CDATA[faglitteratur]]></category>
            <category domain="lsb_tax_topic" nicename="historie"><![CDATA[historie]]></category>
            <category domain="lsb_tax_topic" nicename="samfunn"><![CDATA[samfunn]]></category>
            <category domain="lsb_tax_language" nicename="no_nb"><![CDATA[bokmål]]></category>
            <category domain="lsb_tax_customization" nicename="faglitteratur"><![CDATA[faglitteratur]]></category>
            <category domain="lsb_tax_customization" nicename="mange-bilder"><![CDATA[mange bilder]]></category>
            <wp:postmeta>
                <wp:meta_key>_thumbnail_id</wp:meta_key>
                <wp:meta_value><![CDATA[5060]]></wp:meta_value>
            </wp:postmeta>
        </item>
        <item>
            <title>Charter.jpg</title>
            <wp:post_id>5060</wp:post_id>
            <wp:status>inherit</wp:status>
            <wp:post_type>attachment</wp:post_type>
            <wp:attachment_url>https://raw.githubusercontent.com/lesersokerbok/boksok.no-data-utils/master/output-example/images/BC95415E528C4E92B404C2242C3389EE.jpg</wp:attachment_url>
        </item>
        <item>
            <wp:post_type>lsb_book</wp:post_type>
            <wp:status>publish</wp:status>
            <title>Blåveis </title>
            <excerpt:encoded><![CDATA[Shabana Rehman var 16 år da hun ble slått   av kjæresten sin første gang.]]></excerpt:encoded>
            <wp:postmeta>
                <wp:meta_key>lsb_isbn</wp:meta_key>
                <wp:meta_value><![CDATA[9788248908098]]></wp:meta_value>
            </wp:postmeta>
            <wp:postmeta>
                <wp:meta_key>_lsb_isbn</wp:meta_key>
                <wp:meta_value><![CDATA[lsb_acf_isbn]]></wp:meta_value>
            </wp:postmeta>
            <wp:postmeta>
                <wp:meta_key>lsb_published_year</wp:meta_key>
                <wp:meta_value><![CDATA[2009]]></wp:meta_value>
            </wp:postmeta>
            <wp:postmeta>
                <wp:meta_key>_lsb_published_year</wp:meta_key>
                <wp:meta_value><![CDATA[lsb_acf_published_year]]></wp:meta_value>
            </wp:postmeta>
            <wp:postmeta>
                <wp:meta_key>lsb_pages</wp:meta_key>
                <wp:meta_value><![CDATA[171]]></wp:meta_value>
            </wp:postmeta>
            <wp:postmeta>
                <wp:meta_key>_lsb_pages</wp:meta_key>
                <wp:meta_value><![CDATA[lsb_acf_pages]]></wp:meta_value>
            </wp:postmeta>
            <wp:postmeta>
                <wp:meta_key>lsb_review</wp:meta_key>
                <wp:meta_value><![CDATA[  <p><strong>Blåveis</strong> er en sterk bok <br />  om å leve i et voldelig forhold. <br />  Shabana Rehman opplevde mishandlingen <br />  i tre år. <br />  Den kunne ha kostet henne livet. <br />  Sakte kom hun seg ut av volden<br />  og skammen. </p>  <p>&#160;</p>  <p><strong>Blåveis</strong> har et muntlig og direkte språk. <br />  Den er lett å lese og berører sterkt.  </p>  <p>&#160;</p>  <p><strong>Shabana Rehman</strong> (f. 1976) er komiker <br />  og skribent. Hun har tidligere gitt ut <br />  bøkene Nå (2002) og Mullahløft (2004). </p>  ]]></wp:meta_value>
            </wp:postmeta>
            <wp:postmeta>
                <wp:meta_key>_lsb_review</wp:meta_key>
                <wp:meta_value><![CDATA[lsb_acf_review]]></wp:meta_value>
            </wp:postmeta>
            <wp:postmeta>
                <wp:meta_key>lsb_quote</wp:meta_key>
                <wp:meta_value><![CDATA[Jeg forlot ham ikke. Han måtte selvsagt love at det   ikke skulle skje igjen. Han skulle søke hjelp. Han   skulle skjerpe seg. Og selv om jeg kanskje ikke trod-  de ham, ville jeg tro ham. Noe annet ville betydd mer  smerte, og det taklet jeg ikke. ]]></wp:meta_value>
            </wp:postmeta>
            <wp:postmeta>
                <wp:meta_key>_lsb_quote</wp:meta_key>
                <wp:meta_value><![CDATA[lsb_acf_quote]]></wp:meta_value>
            </wp:postmeta>
            <wp:postmeta>
                <wp:meta_key>lsb_supported</wp:meta_key>
                <wp:meta_value><![CDATA[0]]></wp:meta_value>
            </wp:postmeta>
            <wp:postmeta>
                <wp:meta_key>_lsb_supported</wp:meta_key>
                <wp:meta_value><![CDATA[lsb_acf_supported]]></wp:meta_value>
            </wp:postmeta>
            <category domain="lsb_tax_author" nicename="shabana-rehman"><![CDATA[Shabana Rehman]]></category>
            <category domain="lsb_tax_publisher" nicename="kagge"><![CDATA[Kagge]]></category>
            <wp:postmeta>
                <wp:meta_key>lsb_look_inside</wp:meta_key>
                <wp:meta_value><![CDATA[CUSTOM_BLA_I_BOKA]]></wp:meta_value>
            </wp:postmeta>
            <wp:postmeta>
                <wp:meta_key>_lsb_look_inside</wp:meta_key>
                <wp:meta_value><![CDATA[lsb_acf_look_inside]]></wp:meta_value>
            </wp:postmeta>
            <category domain="lsb_tax_age" nicename="voksne"><![CDATA[voksne]]></category>
            <category domain="lsb_tax_genre" nicename="faglitteratur"><![CDATA[faglitteratur]]></category>
            <category domain="lsb_tax_topic" nicename="kjærlighet"><![CDATA[kjærlighet]]></category>
            <category domain="lsb_tax_topic" nicename="mennesker-i-mellom"><![CDATA[mennesker i mellom]]></category>
            <category domain="lsb_tax_language" nicename="no_nb"><![CDATA[bokmål]]></category>
            <category domain="lsb_tax_customization" nicename="faglitteratur"><![CDATA[faglitteratur]]></category>
            <wp:postmeta>
                <wp:meta_key>_thumbnail_id</wp:meta_key>
                <wp:meta_value><![CDATA[5061]]></wp:meta_value>
            </wp:postmeta>
        </item>
        <item>
            <title>Blåveis.jpg</title>
            <wp:post_id>5061</wp:post_id>
            <wp:status>inherit</wp:status>
            <wp:post_type>attachment</wp:post_type>
            <wp:attachment_url>https://raw.githubusercontent.com/lesersokerbok/boksok.no-data-utils/master/output-example/images/9A7A558D4F314095B8FA26BB6F8A529A.jpg</wp:attachment_url>
        </item>
        <item>
            <wp:post_type>lsb_book</wp:post_type>
            <wp:status>publish</wp:status>
            <title>NMT-sangboka </title>
            <excerpt:encoded><![CDATA[Dette er den eneste sangboka som har   norsk med tegnstøtte.]]></excerpt:encoded>
            <wp:postmeta>
                <wp:meta_key>lsb_isbn</wp:meta_key>
                <wp:meta_value><![CDATA[9788290621235]]></wp:meta_value>
            </wp:postmeta>
            <wp:postmeta>
                <wp:meta_key>_lsb_isbn</wp:meta_key>
                <wp:meta_value><![CDATA[lsb_acf_isbn]]></wp:meta_value>
            </wp:postmeta>
            <wp:postmeta>
                <wp:meta_key>lsb_published_year</wp:meta_key>
                <wp:meta_value><![CDATA[2009]]></wp:meta_value>
            </wp:postmeta>
            <wp:postmeta>
                <wp:meta_key>_lsb_published_year</wp:meta_key>
                <wp:meta_value><![CDATA[lsb_acf_published_year]]></wp:meta_value>
            </wp:postmeta>
            <wp:postmeta>
                <wp:meta_key>lsb_pages</wp:meta_key>
                <wp:meta_value><![CDATA[30]]></wp:meta_value>
            </wp:postmeta>
            <wp:postmeta>
                <wp:meta_key>_lsb_pages</wp:meta_key>
                <wp:meta_value><![CDATA[lsb_acf_pages]]></wp:meta_value>
            </wp:postmeta>
            <wp:postmeta>
                <wp:meta_key>lsb_review</wp:meta_key>
                <wp:meta_value><![CDATA[  <div>Boka inneholder mange kjente barnesanger, <br />  og de er fint illustrert. <br />  Dette er ei inspirerende bok som <br />  gjør det lett å skape både lek og samspill. <br />   <br />  <strong>Norsk med tegnstøtte (NMT)</strong> gjør språket tydligere<br />  ved å sette enkelte tegn til norsk tale.  <br />  Det er lettere å oppfatte for mennesker <br />  med hørselshemming eller <br />  språk- og kommunikasjonsvansker. <br />  Og alle andre!</div>  <div><br />  Boka inneholder både <br />  kjente barnesanger og nye regler. <br />  Tegnene er håndtegnet og lette å oppfatte. <br />  De norske ordene har tydelig og <br />  lett lesbar font. <br />  Boka er flott illustrert av Signe Torp. </div>  ]]></wp:meta_value>
            </wp:postmeta>
            <wp:postmeta>
                <wp:meta_key>_lsb_review</wp:meta_key>
                <wp:meta_value><![CDATA[lsb_acf_review]]></wp:meta_value>
            </wp:postmeta>
            <wp:postmeta>
                <wp:meta_key>lsb_quote</wp:meta_key>
                <wp:meta_value><![CDATA[Hurra for deg som fyller ditt år,   ja, nå vil vi gratulere.   Alle i ring omkring deg vi står,   og se, nå vil vi marsjere. ]]></wp:meta_value>
            </wp:postmeta>
            <wp:postmeta>
                <wp:meta_key>_lsb_quote</wp:meta_key>
                <wp:meta_value><![CDATA[lsb_acf_quote]]></wp:meta_value>
            </wp:postmeta>
            <wp:postmeta>
                <wp:meta_key>lsb_supported</wp:meta_key>
                <wp:meta_value><![CDATA[1]]></wp:meta_value>
            </wp:postmeta>
            <wp:postmeta>
                <wp:meta_key>_lsb_supported</wp:meta_key>
                <wp:meta_value><![CDATA[lsb_acf_supported]]></wp:meta_value>
            </wp:postmeta>
            <wp:postmeta>
                <wp:meta_key>lsb_support_cat</wp:meta_key>
                <wp:meta_value><![CDATA[red]]></wp:meta_value>
            </wp:postmeta>
            <wp:postmeta>
                <wp:meta_key>_lsb_support_cat</wp:meta_key>
                <wp:meta_value><![CDATA[lsb_acf_support_cat]]></wp:meta_value>
            </wp:postmeta>
            <category domain="lsb_tax_author" nicename="signe-torp.-sanger-og-regler-samlet-av-marit-mørk-enger-og-tone-e.-morsund."><![CDATA[Signe Torp. Sanger og regler samlet av Marit Mørk Enger og Tone E. Morsund.]]></category>
            <category domain="lsb_tax_publisher" nicename="hørselshemmedes-landsforbund-(hlf)"><![CDATA[Hørselshemmedes Landsforbund (HLF)]]></category>
            <category domain="lsb_tax_illustrator" nicename="signe-torp-"><![CDATA[Signe Torp ]]></category>
            <wp:postmeta>
                <wp:meta_key>lsb_look_inside</wp:meta_key>
                <wp:meta_value><![CDATA[CUSTOM_BLA_I_BOKA]]></wp:meta_value>
            </wp:postmeta>
            <wp:postmeta>
                <wp:meta_key>_lsb_look_inside</wp:meta_key>
                <wp:meta_value><![CDATA[lsb_acf_look_inside]]></wp:meta_value>
            </wp:postmeta>
            <category domain="lsb_tax_age" nicename="barn"><![CDATA[barn]]></category>
            <category domain="lsb_tax_genre" nicename="faglitteratur"><![CDATA[faglitteratur]]></category>
            <category domain="lsb_tax_language" nicename="no_nb"><![CDATA[bokmål]]></category>
            <category domain="lsb_tax_customization" nicename="tegn-til-tale"><![CDATA[tegn til tale]]></category>
            <category domain="lsb_tax_customization" nicename="nmt"><![CDATA[nmt]]></category>
            <category domain="lsb_tax_customization" nicename="mange-bilder"><![CDATA[mange bilder]]></category>
            <wp:postmeta>
                <wp:meta_key>_thumbnail_id</wp:meta_key>
                <wp:meta_value><![CDATA[5062]]></wp:meta_value>
            </wp:postmeta>
        </item>
        <item>
            <title>NMT-sangboka.jpg</title>
            <wp:post_id>5062</wp:post_id>
            <wp:status>inherit</wp:status>
            <wp:post_type>attachment</wp:post_type>
            <wp:attachment_url>https://raw.githubusercontent.com/lesersokerbok/boksok.no-data-utils/master/output-example/images/38C200B0422647798E18DCF034A4327F.jpg</wp:attachment_url>
        </item>
        <item>
            <wp:post_type>lsb_book</wp:post_type>
            <wp:status>publish</wp:status>
            <title>På vegne av venner</title>
            <excerpt:encoded><![CDATA[Dette er et personlig essay   om de som blir gravlagt alene. ]]></excerpt:encoded>
            <wp:postmeta>
                <wp:meta_key>lsb_isbn</wp:meta_key>
                <wp:meta_value><![CDATA[9788249507085]]></wp:meta_value>
            </wp:postmeta>
            <wp:postmeta>
                <wp:meta_key>_lsb_isbn</wp:meta_key>
                <wp:meta_value><![CDATA[lsb_acf_isbn]]></wp:meta_value>
            </wp:postmeta>
            <wp:postmeta>
                <wp:meta_key>lsb_published_year</wp:meta_key>
                <wp:meta_value><![CDATA[2009]]></wp:meta_value>
            </wp:postmeta>
            <wp:postmeta>
                <wp:meta_key>_lsb_published_year</wp:meta_key>
                <wp:meta_value><![CDATA[lsb_acf_published_year]]></wp:meta_value>
            </wp:postmeta>
            <wp:postmeta>
                <wp:meta_key>lsb_pages</wp:meta_key>
                <wp:meta_value><![CDATA[92]]></wp:meta_value>
            </wp:postmeta>
            <wp:postmeta>
                <wp:meta_key>_lsb_pages</wp:meta_key>
                <wp:meta_value><![CDATA[lsb_acf_pages]]></wp:meta_value>
            </wp:postmeta>
            <wp:postmeta>
                <wp:meta_key>lsb_review</wp:meta_key>
                <wp:meta_value><![CDATA[  <div><strong>På vegne av venner</strong> står det i dødsannonser<br />  når annonsen er satt inn av det offentlige <br />  - og ikke av familie og venner. <br />  Vinteren og våren 2009 gikk <br />  <strong>Kristopher Schau</strong> i begravelser <br />  som ingen andre går i. <br />  Han ville at i alle fall en person <br />  skulle være der. </div>  <div><br />  <strong>På vegne av venner</strong> er et essay<br />  om hva Kristopher Schau opplevde, <br />  tenkte og følte da han gikk i begravelsene <br />  til mennesker som dør alene.  </div>  <div>Språket i denne boka er <br />  ganske enkelt og muntlig. </div>  <div><strong>På vegne av venner</strong> har fått god kritikk<br />  - med rette. Det er en personlig bok <br />  som berører oss alle. </div>  <div>&#160;</div>  <p><strong>Kristopher Schau</strong> (f. 1970) er musiker, <br />  og kjent fra tv og radio.</p>  ]]></wp:meta_value>
            </wp:postmeta>
            <wp:postmeta>
                <wp:meta_key>_lsb_review</wp:meta_key>
                <wp:meta_value><![CDATA[lsb_acf_review]]></wp:meta_value>
            </wp:postmeta>
            <wp:postmeta>
                <wp:meta_key>lsb_quote</wp:meta_key>
                <wp:meta_value><![CDATA[Det er ikke mer som skal til for å få den bedritne klum-  pen i halsen. Den lille detaljen om at hun likte å ta seg   en røyk, og den lille, men allikevel kjempestore, histo-  rien om julesalget, og Solveig som løp ut med kaffen   for å varme mannen hun var gift med. Og så kan man se   henne for seg, og like henne, uten noen gang å ha møtt   henne. ]]></wp:meta_value>
            </wp:postmeta>
            <wp:postmeta>
                <wp:meta_key>_lsb_quote</wp:meta_key>
                <wp:meta_value><![CDATA[lsb_acf_quote]]></wp:meta_value>
            </wp:postmeta>
            <wp:postmeta>
                <wp:meta_key>lsb_supported</wp:meta_key>
                <wp:meta_value><![CDATA[0]]></wp:meta_value>
            </wp:postmeta>
            <wp:postmeta>
                <wp:meta_key>_lsb_supported</wp:meta_key>
                <wp:meta_value><![CDATA[lsb_acf_supported]]></wp:meta_value>
            </wp:postmeta>
            <category domain="lsb_tax_author" nicename="kristopher-schau"><![CDATA[Kristopher Schau]]></category>
            <category domain="lsb_tax_publisher" nicename="oktober"><![CDATA[Oktober]]></category>
            <wp:postmeta>
                <wp:meta_key>lsb_look_inside</wp:meta_key>
                <wp:meta_value><![CDATA[CUSTOM_BLA_I_BOKA]]></wp:meta_value>
            </wp:postmeta>
            <wp:postmeta>
                <wp:meta_key>_lsb_look_inside</wp:meta_key>
                <wp:meta_value><![CDATA[lsb_acf_look_inside]]></wp:meta_value>
            </wp:postmeta>
            <category domain="lsb_tax_age" nicename="ungdom"><![CDATA[ungdom]]></category>
            <category domain="lsb_tax_age" nicename="voksne"><![CDATA[voksne]]></category>
            <category domain="lsb_tax_genre" nicename="faglitteratur"><![CDATA[faglitteratur]]></category>
            <category domain="lsb_tax_language" nicename="no_nb"><![CDATA[bokmål]]></category>
            <category domain="lsb_tax_customization" nicename="faglitteratur"><![CDATA[faglitteratur]]></category>
            <wp:postmeta>
                <wp:meta_key>_thumbnail_id</wp:meta_key>
                <wp:meta_value><![CDATA[5063]]></wp:meta_value>
            </wp:postmeta>
        </item>
        <item>
            <title>På vegne av venner.jpg</title>
            <wp:post_id>5063</wp:post_id>
            <wp:status>inherit</wp:status>
            <wp:post_type>attachment</wp:post_type>
            <wp:attachment_url>https://raw.githubusercontent.com/lesersokerbok/boksok.no-data-utils/master/output-example/images/066C6D98D0014A07B544CBCE4D33CDB2.jpg</wp:attachment_url>
        </item>
        <item>
            <wp:post_type>lsb_book</wp:post_type>
            <wp:status>publish</wp:status>
            <title>Fortellingen om Aung San Suu Kyi</title>
            <excerpt:encoded><![CDATA[Her kan du lese den spennende og sanne historien   om Aung San Suu Kyi, "Asias Nelson Mandela". ]]></excerpt:encoded>
            <wp:postmeta>
                <wp:meta_key>lsb_isbn</wp:meta_key>
                <wp:meta_value><![CDATA[9788248909095]]></wp:meta_value>
            </wp:postmeta>
            <wp:postmeta>
                <wp:meta_key>_lsb_isbn</wp:meta_key>
                <wp:meta_value><![CDATA[lsb_acf_isbn]]></wp:meta_value>
            </wp:postmeta>
            <wp:postmeta>
                <wp:meta_key>lsb_published_year</wp:meta_key>
                <wp:meta_value><![CDATA[2009]]></wp:meta_value>
            </wp:postmeta>
            <wp:postmeta>
                <wp:meta_key>_lsb_published_year</wp:meta_key>
                <wp:meta_value><![CDATA[lsb_acf_published_year]]></wp:meta_value>
            </wp:postmeta>
            <wp:postmeta>
                <wp:meta_key>lsb_pages</wp:meta_key>
                <wp:meta_value><![CDATA[70]]></wp:meta_value>
            </wp:postmeta>
            <wp:postmeta>
                <wp:meta_key>_lsb_pages</wp:meta_key>
                <wp:meta_value><![CDATA[lsb_acf_pages]]></wp:meta_value>
            </wp:postmeta>
            <wp:postmeta>
                <wp:meta_key>lsb_review</wp:meta_key>
                <wp:meta_value><![CDATA[  <div>Litt å lese for deg som ikke leser mye! </div>  <div>&#160;</div>  <div>Aung San Suu Kyi var bare to år gammel <br />  da faren hennes ble drept av militærjuntaen. <br />  Da hun selv ble voksen, bestemte hun seg <br />  for å kjempe for frihet og demokrati i Burma. <br />  Da de hadde sitt første valg i 1990, <br />  ble hun valgt til statsminister. <br />  De militære nektet henne å overta. <br />  Siden har de truet henne <br />  og holdt henne sperret inne.  <br />  Likevel har Suu Kyi fortsatt <br />  sin fredelige kamp for demokrati.<br />  Hun fikk Nobels fredspris i 1991, <br />  men kunne ikke reise for å ta imot den. </div>  <div><br />  I denne boka forteller <strong>Kjell Magne Bondevik</strong> <br />  om Burma og om kvinnen som blir kalt <br />  ”Asias Nelson Mandela”.</div>  <div><strong>Fortellingen om Aung San Suu Kyi</strong> er skrevet <br />  med et språk som er lett å lese. <br />  Boka har flere fotografier. <br />  Vanskelige ord og viktige uttrykk blir forklart. </div>  <div>&#160;</div>  <p><strong>Kjell Magne Bondevik</strong> har vært statsminister i Norge <br />  to ganger. Han er en av få vestlige statsledere <br />  som har klart å møte Aung San Suu Kyi. <br />  I boka forteller han om den vanskelige <br />  og skremmende reisen til Burma.</p>  ]]></wp:meta_value>
            </wp:postmeta>
            <wp:postmeta>
                <wp:meta_key>_lsb_review</wp:meta_key>
                <wp:meta_value><![CDATA[lsb_acf_review]]></wp:meta_value>
            </wp:postmeta>
            <wp:postmeta>
                <wp:meta_key>lsb_quote</wp:meta_key>
                <wp:meta_value><![CDATA[«Jeg var nervøs da jeg reiste inn i det lukkede landet.  Ville de militære skjønne hva jeg egentlig skulle? At jeg  ikke ville være så mye turist, men ønsket å treffe Aung   San Suu Kyi? Kunne jeg bli arrestert, og måtte jeg bli  igjen i Burma?»]]></wp:meta_value>
            </wp:postmeta>
            <wp:postmeta>
                <wp:meta_key>_lsb_quote</wp:meta_key>
                <wp:meta_value><![CDATA[lsb_acf_quote]]></wp:meta_value>
            </wp:postmeta>
            <wp:postmeta>
                <wp:meta_key>lsb_supported</wp:meta_key>
                <wp:meta_value><![CDATA[1]]></wp:meta_value>
            </wp:postmeta>
            <wp:postmeta>
                <wp:meta_key>_lsb_supported</wp:meta_key>
                <wp:meta_value><![CDATA[lsb_acf_supported]]></wp:meta_value>
            </wp:postmeta>
            <wp:postmeta>
                <wp:meta_key>lsb_support_cat</wp:meta_key>
                <wp:meta_value><![CDATA[purple]]></wp:meta_value>
            </wp:postmeta>
            <wp:postmeta>
                <wp:meta_key>_lsb_support_cat</wp:meta_key>
                <wp:meta_value><![CDATA[lsb_acf_support_cat]]></wp:meta_value>
            </wp:postmeta>
            <category domain="lsb_tax_author" nicename="kjell-magne-bondevik"><![CDATA[Kjell Magne Bondevik]]></category>
            <category domain="lsb_tax_publisher" nicename="kagge"><![CDATA[Kagge]]></category>
            <wp:postmeta>
                <wp:meta_key>lsb_look_inside</wp:meta_key>
                <wp:meta_value><![CDATA[CUSTOM_BLA_I_BOKA]]></wp:meta_value>
            </wp:postmeta>
            <wp:postmeta>
                <wp:meta_key>_lsb_look_inside</wp:meta_key>
                <wp:meta_value><![CDATA[lsb_acf_look_inside]]></wp:meta_value>
            </wp:postmeta>
            <category domain="lsb_tax_age" nicename="ungdom"><![CDATA[ungdom]]></category>
            <category domain="lsb_tax_genre" nicename="faglitteratur"><![CDATA[faglitteratur]]></category>
            <category domain="lsb_tax_topic" nicename="historie"><![CDATA[historie]]></category>
            <category domain="lsb_tax_topic" nicename="samfunn"><![CDATA[samfunn]]></category>
            <category domain="lsb_tax_language" nicename="no_nb"><![CDATA[bokmål]]></category>
            <category domain="lsb_tax_customization" nicename="faglitteratur"><![CDATA[faglitteratur]]></category>
            <wp:postmeta>
                <wp:meta_key>_thumbnail_id</wp:meta_key>
                <wp:meta_value><![CDATA[5064]]></wp:meta_value>
            </wp:postmeta>
        </item>
        <item>
            <title>fortellingen om Aung San, ny.jpg</title>
            <wp:post_id>5064</wp:post_id>
            <wp:status>inherit</wp:status>
            <wp:post_type>attachment</wp:post_type>
            <wp:attachment_url>https://raw.githubusercontent.com/lesersokerbok/boksok.no-data-utils/master/output-example/images/1E9F80A434FA482C9A9B5A56E84D9089.jpg</wp:attachment_url>
        </item>
        <item>
            <wp:post_type>lsb_book</wp:post_type>
            <wp:status>publish</wp:status>
            <title>Fortellingen om Liverpool</title>
            <excerpt:encoded><![CDATA[Les den spennende historien om Liverpool   fortalt av selveste John Arne Riise. ]]></excerpt:encoded>
            <wp:postmeta>
                <wp:meta_key>lsb_isbn</wp:meta_key>
                <wp:meta_value><![CDATA[9788248909309]]></wp:meta_value>
            </wp:postmeta>
            <wp:postmeta>
                <wp:meta_key>_lsb_isbn</wp:meta_key>
                <wp:meta_value><![CDATA[lsb_acf_isbn]]></wp:meta_value>
            </wp:postmeta>
            <wp:postmeta>
                <wp:meta_key>lsb_published_year</wp:meta_key>
                <wp:meta_value><![CDATA[2009]]></wp:meta_value>
            </wp:postmeta>
            <wp:postmeta>
                <wp:meta_key>_lsb_published_year</wp:meta_key>
                <wp:meta_value><![CDATA[lsb_acf_published_year]]></wp:meta_value>
            </wp:postmeta>
            <wp:postmeta>
                <wp:meta_key>lsb_pages</wp:meta_key>
                <wp:meta_value><![CDATA[65]]></wp:meta_value>
            </wp:postmeta>
            <wp:postmeta>
                <wp:meta_key>_lsb_pages</wp:meta_key>
                <wp:meta_value><![CDATA[lsb_acf_pages]]></wp:meta_value>
            </wp:postmeta>
            <wp:postmeta>
                <wp:meta_key>lsb_review</wp:meta_key>
                <wp:meta_value><![CDATA[  <div>Litt å lese for deg som ikke leser mye! </div>  <div>&#160;</div>  <div>I 1890 fantes bare ett fotballag i Liverpool. <br />  Laget het Everton. Så ble Liverpool F.C startet. <br />  Allerede i 1901 vant de serien for første gang. <br />  Og så vant de igjen, og igjen!  <br />  Ingen lag i England har vunnet flere titler. <br />  På 70- og 80-tallet var de verdens beste lag,<br />  med stjerner som Kevin Keegan, Kenny Dalglish<br />  og Ian Rush. </div>  <div><br />  I 2001 debuterte <strong>John Arne Riise</strong> i Liverpool. <br />  Han spilte syv sesonger i klubben. <br />  I boka skriver han om sine beste og verste øyeblikk. </div>  <div><strong>Fortellingen om Liverpool</strong> er skrevet <br />  med et språk som er lett å lese. <br />  Boka har flere fotografier. <br />  Vanskelige ord og viktige uttrykk blir forklart.</div>  <div>&#160;</div>  <p><strong>John Arne Riise</strong> er født i 1980. <br />  Han debuterte for hjemmeklubben Ålesund <br />  da han var 16 år.<br />  Siden har han spilt for Monaco, Liverpool <br />  og AS Roma. Til nå har han spilt hundre kamper <br />  med det norske flagget på brystet.<br />  Inntektene hans fra boka <br />  går til organisasjonen Right To Play.</p>  ]]></wp:meta_value>
            </wp:postmeta>
            <wp:postmeta>
                <wp:meta_key>_lsb_review</wp:meta_key>
                <wp:meta_value><![CDATA[lsb_acf_review]]></wp:meta_value>
            </wp:postmeta>
            <wp:postmeta>
                <wp:meta_key>lsb_quote</wp:meta_key>
                <wp:meta_value><![CDATA[”Gå utpå der og få det første målet!”   Da Benitez hadde sagt sitt, ble   det musestille i garderoben. Så   hørte vi et fjernt brøl ute fra tribunen, et sus som   vokste seg høyere og høyere, klarere og klarere.   Vi skjønte fort hva det var. Det var supporterne våre   som sang ”You´ll never walk alone” i den tyrkiske   natten.De fantastiske tilhengerne våre hadde ikke   gitt opp, de hadde fortsatt tro på at dette kunne gå!»   ]]></wp:meta_value>
            </wp:postmeta>
            <wp:postmeta>
                <wp:meta_key>_lsb_quote</wp:meta_key>
                <wp:meta_value><![CDATA[lsb_acf_quote]]></wp:meta_value>
            </wp:postmeta>
            <wp:postmeta>
                <wp:meta_key>lsb_supported</wp:meta_key>
                <wp:meta_value><![CDATA[1]]></wp:meta_value>
            </wp:postmeta>
            <wp:postmeta>
                <wp:meta_key>_lsb_supported</wp:meta_key>
                <wp:meta_value><![CDATA[lsb_acf_supported]]></wp:meta_value>
            </wp:postmeta>
            <wp:postmeta>
                <wp:meta_key>lsb_support_cat</wp:meta_key>
                <wp:meta_value><![CDATA[purple]]></wp:meta_value>
            </wp:postmeta>
            <wp:postmeta>
                <wp:meta_key>_lsb_support_cat</wp:meta_key>
                <wp:meta_value><![CDATA[lsb_acf_support_cat]]></wp:meta_value>
            </wp:postmeta>
            <category domain="lsb_tax_author" nicename="john-arne-riise-og-lars-lenth"><![CDATA[John Arne Riise og Lars Lenth]]></category>
            <category domain="lsb_tax_publisher" nicename="kagge-"><![CDATA[Kagge ]]></category>
            <wp:postmeta>
                <wp:meta_key>lsb_look_inside</wp:meta_key>
                <wp:meta_value><![CDATA[CUSTOM_BLA_I_BOKA]]></wp:meta_value>
            </wp:postmeta>
            <wp:postmeta>
                <wp:meta_key>_lsb_look_inside</wp:meta_key>
                <wp:meta_value><![CDATA[lsb_acf_look_inside]]></wp:meta_value>
            </wp:postmeta>
            <category domain="lsb_tax_age" nicename="ungdom"><![CDATA[ungdom]]></category>
            <category domain="lsb_tax_genre" nicename="faglitteratur"><![CDATA[faglitteratur]]></category>
            <category domain="lsb_tax_topic" nicename="sport"><![CDATA[sport]]></category>
            <category domain="lsb_tax_language" nicename="no_nb"><![CDATA[bokmål]]></category>
            <category domain="lsb_tax_customization" nicename="faglitteratur"><![CDATA[faglitteratur]]></category>
            <wp:postmeta>
                <wp:meta_key>_thumbnail_id</wp:meta_key>
                <wp:meta_value><![CDATA[5065]]></wp:meta_value>
            </wp:postmeta>
        </item>
        <item>
            <title>fortellingen om Liverpool, ny.jpg</title>
            <wp:post_id>5065</wp:post_id>
            <wp:status>inherit</wp:status>
            <wp:post_type>attachment</wp:post_type>
            <wp:attachment_url>https://raw.githubusercontent.com/lesersokerbok/boksok.no-data-utils/master/output-example/images/3B9D61987EE645518F962AA47810B97C.jpg</wp:attachment_url>
        </item>
        <item>
            <wp:post_type>lsb_book</wp:post_type>
            <wp:status>publish</wp:status>
            <title>Bliss symbolspråk</title>
            <excerpt:encoded><![CDATA[Endelig en ny og utvidet samling av bliss-symboler! ]]></excerpt:encoded>
            <wp:postmeta>
                <wp:meta_key>lsb_isbn</wp:meta_key>
                <wp:meta_value/>
            </wp:postmeta>
            <wp:postmeta>
                <wp:meta_key>_lsb_isbn</wp:meta_key>
                <wp:meta_value><![CDATA[lsb_acf_isbn]]></wp:meta_value>
            </wp:postmeta>
            <wp:postmeta>
                <wp:meta_key>lsb_published_year</wp:meta_key>
                <wp:meta_value><![CDATA[2009]]></wp:meta_value>
            </wp:postmeta>
            <wp:postmeta>
                <wp:meta_key>_lsb_published_year</wp:meta_key>
                <wp:meta_value><![CDATA[lsb_acf_published_year]]></wp:meta_value>
            </wp:postmeta>
            <wp:postmeta>
                <wp:meta_key>lsb_pages</wp:meta_key>
                <wp:meta_value><![CDATA[511]]></wp:meta_value>
            </wp:postmeta>
            <wp:postmeta>
                <wp:meta_key>_lsb_pages</wp:meta_key>
                <wp:meta_value><![CDATA[lsb_acf_pages]]></wp:meta_value>
            </wp:postmeta>
            <wp:postmeta>
                <wp:meta_key>lsb_review</wp:meta_key>
                <wp:meta_value><![CDATA[  <div>BLISS er et symbolspråk med logiske tegn <br />  i stedet for bokstaver. <br />  Mange som ikke lærer å lese og skrive <br />  med bokstaver, kan lære seg å lese bliss.<br />  <strong>BLISS SYMBOLSPRÅK</strong> er en svært omfattende bok <br />  om bliss. Boka har både en grundig <br />  introduksjonsdel og to ordbøker. <br />  Hver del har sin egen farge og egne sidetall: <br />  DEL 1 og 2 (hvit og grønn, 76 s):<br />  Bruken av bliss og Grunnleggende regler<br />  DEL 3 (gul, 203 s): Ordbok: Alfabetisk orden<br />  DEL 4 (blå, 232 s): Ordbok: Kategorier</div>  <div>&#160;</div>  <div>Introduksjonsdelen er tung å lese<br />  og boka har ikke enkel tekst.<br />  Dette er likevel en nyttig og solid bok <br />  for alle som vil lære mer om bliss. </div>  <div>&#160;</div>  <div><strong>BLISS SYMBOLSPRÅK</strong> er gitt ut av <strong>ISAAC Norge</strong> <br />  og <strong>Bredtvet kompetansesenter</strong>. <br />  Prosjektgruppa besto av <strong>Laila Johansen</strong> (leder), <br />  <strong>Astri Holgersen</strong>, <strong>Torhild Kausrud</strong> og <br />  <strong>Lisbet Kristiansen</strong>. </div>  <div>&#160;</div>  <div>Boka <strong>BLISS SYMBOLSPRÅK</strong> kan kjøpes ved å <br />  sende en e-post til <a href="mailto:marianne.linnerud@statped.no">marianne.linnerud@statped.no</a>, <br />  ved å ringe 22 90 28 00<br />  eller ved å gå til nettbutikken på <a href="http://www.statped.no/bredtvet">www.statped.no/bredtvet</a>.</div>  ]]></wp:meta_value>
            </wp:postmeta>
            <wp:postmeta>
                <wp:meta_key>_lsb_review</wp:meta_key>
                <wp:meta_value><![CDATA[lsb_acf_review]]></wp:meta_value>
            </wp:postmeta>
            <wp:postmeta>
                <wp:meta_key>lsb_quote</wp:meta_key>
                <wp:meta_value><![CDATA[Språk er et redskap til å forstå og bli forstått og til å gi uttrykk for tanker, behov og   opplevelser. Å tilgene seg språk vil i videste forstand dreie seg om tilegnelse av det   menneskelige menings- og kulturfellesskapet. ]]></wp:meta_value>
            </wp:postmeta>
            <wp:postmeta>
                <wp:meta_key>_lsb_quote</wp:meta_key>
                <wp:meta_value><![CDATA[lsb_acf_quote]]></wp:meta_value>
            </wp:postmeta>
            <wp:postmeta>
                <wp:meta_key>lsb_supported</wp:meta_key>
                <wp:meta_value><![CDATA[0]]></wp:meta_value>
            </wp:postmeta>
            <wp:postmeta>
                <wp:meta_key>_lsb_supported</wp:meta_key>
                <wp:meta_value><![CDATA[lsb_acf_supported]]></wp:meta_value>
            </wp:postmeta>
            <category domain="lsb_tax_author" nicename="laila-johansen-m.fl."><![CDATA[Laila Johansen m.fl.]]></category>
            <category domain="lsb_tax_publisher" nicename="isaac-norge"><![CDATA[ISAAC Norge]]></category>
            <wp:postmeta>
                <wp:meta_key>lsb_look_inside</wp:meta_key>
                <wp:meta_value><![CDATA[CUSTOM_BLA_I_BOKA]]></wp:meta_value>
            </wp:postmeta>
            <wp:postmeta>
                <wp:meta_key>_lsb_look_inside</wp:meta_key>
                <wp:meta_value><![CDATA[lsb_acf_look_inside]]></wp:meta_value>
            </wp:postmeta>
            <category domain="lsb_tax_age" nicename="voksne"><![CDATA[voksne]]></category>
            <category domain="lsb_tax_genre" nicename="faglitteratur"><![CDATA[faglitteratur]]></category>
            <category domain="lsb_tax_language" nicename="no_nb"><![CDATA[bokmål]]></category>
            <category domain="lsb_tax_customization" nicename="bliss"><![CDATA[bliss]]></category>
            <category domain="lsb_tax_customization" nicename="piktogram"><![CDATA[piktogram]]></category>
            <wp:postmeta>
                <wp:meta_key>_thumbnail_id</wp:meta_key>
                <wp:meta_value><![CDATA[5066]]></wp:meta_value>
            </wp:postmeta>
        </item>
        <item>
            <title>Bliss forside.jpg</title>
            <wp:post_id>5066</wp:post_id>
            <wp:status>inherit</wp:status>
            <wp:post_type>attachment</wp:post_type>
            <wp:attachment_url>https://raw.githubusercontent.com/lesersokerbok/boksok.no-data-utils/master/output-example/images/792C3B42F4BA41F59FECB4B580B08982.jpg</wp:attachment_url>
        </item>
        <item>
            <wp:post_type>lsb_book</wp:post_type>
            <wp:status>publish</wp:status>
            <title>Kryssild</title>
            <excerpt:encoded><![CDATA[Kryssild er en viktig bok som lærer oss noe om   hva asylsøkere og innvandrere til Norge   kan ha opplevd. ]]></excerpt:encoded>
            <wp:postmeta>
                <wp:meta_key>lsb_isbn</wp:meta_key>
                <wp:meta_value><![CDATA[9788252000580]]></wp:meta_value>
            </wp:postmeta>
            <wp:postmeta>
                <wp:meta_key>_lsb_isbn</wp:meta_key>
                <wp:meta_value><![CDATA[lsb_acf_isbn]]></wp:meta_value>
            </wp:postmeta>
            <wp:postmeta>
                <wp:meta_key>lsb_published_year</wp:meta_key>
                <wp:meta_value><![CDATA[2009]]></wp:meta_value>
            </wp:postmeta>
            <wp:postmeta>
                <wp:meta_key>_lsb_published_year</wp:meta_key>
                <wp:meta_value><![CDATA[lsb_acf_published_year]]></wp:meta_value>
            </wp:postmeta>
            <wp:postmeta>
                <wp:meta_key>lsb_pages</wp:meta_key>
                <wp:meta_value><![CDATA[202]]></wp:meta_value>
            </wp:postmeta>
            <wp:postmeta>
                <wp:meta_key>_lsb_pages</wp:meta_key>
                <wp:meta_value><![CDATA[lsb_acf_pages]]></wp:meta_value>
            </wp:postmeta>
            <wp:postmeta>
                <wp:meta_key>lsb_review</wp:meta_key>
                <wp:meta_value><![CDATA[  <div>I denne boka forteller John sin historie.  <br />  Faren til John var tutsi, moren hans var hutu. <br />  Konflikten mellom hutuer og tutsier <br />  er dyp og alvorlig. <br />  I oktober 1993 begynte hutuer <br />  å slakte ned tutsier med jungelkniv. <br />  Snart tok tutsiene igjen. <br />  Like utenfor huset sitt<br />  så John sin egen mor, far og storebror<br />  bli drept av naboer han kjente godt. <br />  John var halvt hutu og halvt tutsi  <br />  - og havnet midt i hatet, midt i kryssilden. </div>  <div>&#160;</div>  <div><strong>Kryssild</strong> er en viktig bok om  <br />  hat, frykt og drømmen om fred. <br />  Alle nordmenn burde lese <strong>Kryssild </strong><br />  for å forstå hva det vil si <br />  å være flyktning.<br />  Dette er en bok det er <br />  lett å lese, men vanskelig å glemme.  </div>  <div>&#160;</div>  <div><strong>John Bosco Ngendakurio</strong> (født 1980) </div>  <div>bor i dag med kone og datter på Bømlo. </div>  <div>&#160;</div>  ]]></wp:meta_value>
            </wp:postmeta>
            <wp:postmeta>
                <wp:meta_key>_lsb_review</wp:meta_key>
                <wp:meta_value><![CDATA[lsb_acf_review]]></wp:meta_value>
            </wp:postmeta>
            <wp:postmeta>
                <wp:meta_key>lsb_quote</wp:meta_key>
                <wp:meta_value><![CDATA[Morderne gjøv løs på ofrene. Den villeste var Liber.   Han skrek og hogg, hogg og skrek:   "Kniven min er ruryizindi!"   Jungelkniven hans var 'den skarpeste'.   Morderne hogg ned hver eneste fange.   'Merkelig,' tenkte jeg. 'Ingen av fangene skriker.'  Hadde de skreket, ville det uansett ikke ha hjulpet.   Her fantes verken nåde eller redning. ]]></wp:meta_value>
            </wp:postmeta>
            <wp:postmeta>
                <wp:meta_key>_lsb_quote</wp:meta_key>
                <wp:meta_value><![CDATA[lsb_acf_quote]]></wp:meta_value>
            </wp:postmeta>
            <wp:postmeta>
                <wp:meta_key>lsb_supported</wp:meta_key>
                <wp:meta_value><![CDATA[1]]></wp:meta_value>
            </wp:postmeta>
            <wp:postmeta>
                <wp:meta_key>_lsb_supported</wp:meta_key>
                <wp:meta_value><![CDATA[lsb_acf_supported]]></wp:meta_value>
            </wp:postmeta>
            <wp:postmeta>
                <wp:meta_key>lsb_support_cat</wp:meta_key>
                <wp:meta_value><![CDATA[purple]]></wp:meta_value>
            </wp:postmeta>
            <wp:postmeta>
                <wp:meta_key>_lsb_support_cat</wp:meta_key>
                <wp:meta_value><![CDATA[lsb_acf_support_cat]]></wp:meta_value>
            </wp:postmeta>
            <category domain="lsb_tax_author" nicename="john-bosco-ngendakurio-(med-jostein-holmedahl)"><![CDATA[John Bosco Ngendakurio (med Jostein Holmedahl)]]></category>
            <category domain="lsb_tax_publisher" nicename="lunde-forlag"><![CDATA[Lunde Forlag]]></category>
            <wp:postmeta>
                <wp:meta_key>lsb_look_inside</wp:meta_key>
                <wp:meta_value><![CDATA[CUSTOM_BLA_I_BOKA]]></wp:meta_value>
            </wp:postmeta>
            <wp:postmeta>
                <wp:meta_key>_lsb_look_inside</wp:meta_key>
                <wp:meta_value><![CDATA[lsb_acf_look_inside]]></wp:meta_value>
            </wp:postmeta>
            <category domain="lsb_tax_age" nicename="ungdom"><![CDATA[ungdom]]></category>
            <category domain="lsb_tax_age" nicename="voksne"><![CDATA[voksne]]></category>
            <category domain="lsb_tax_genre" nicename="faglitteratur"><![CDATA[faglitteratur]]></category>
            <category domain="lsb_tax_topic" nicename="historie"><![CDATA[historie]]></category>
            <category domain="lsb_tax_topic" nicename="samfunn"><![CDATA[samfunn]]></category>
            <category domain="lsb_tax_language" nicename="no_nb"><![CDATA[bokmål]]></category>
            <category domain="lsb_tax_customization" nicename="faglitteratur"><![CDATA[faglitteratur]]></category>
            <category domain="lsb_tax_customization" nicename="ny-i-norge"><![CDATA[ny i norge]]></category>
            <wp:postmeta>
                <wp:meta_key>_thumbnail_id</wp:meta_key>
                <wp:meta_value><![CDATA[5067]]></wp:meta_value>
            </wp:postmeta>
        </item>
        <item>
            <title>kryssild.jpg</title>
            <wp:post_id>5067</wp:post_id>
            <wp:status>inherit</wp:status>
            <wp:post_type>attachment</wp:post_type>
            <wp:attachment_url>https://raw.githubusercontent.com/lesersokerbok/boksok.no-data-utils/master/output-example/images/882488B5EC31406DA11141D3AB60CF97.jpg</wp:attachment_url>
        </item>
        <item>
            <wp:post_type>lsb_book</wp:post_type>
            <wp:status>publish</wp:status>
            <title>Jeg elsker deg</title>
            <excerpt:encoded><![CDATA[Jeg elsker deg er en kort og sår bok   om å trenge noen som elsker en  når livet blir vanskelig. ]]></excerpt:encoded>
            <wp:postmeta>
                <wp:meta_key>lsb_isbn</wp:meta_key>
                <wp:meta_value><![CDATA[9788203251276]]></wp:meta_value>
            </wp:postmeta>
            <wp:postmeta>
                <wp:meta_key>_lsb_isbn</wp:meta_key>
                <wp:meta_value><![CDATA[lsb_acf_isbn]]></wp:meta_value>
            </wp:postmeta>
            <wp:postmeta>
                <wp:meta_key>lsb_published_year</wp:meta_key>
                <wp:meta_value><![CDATA[2009]]></wp:meta_value>
            </wp:postmeta>
            <wp:postmeta>
                <wp:meta_key>_lsb_published_year</wp:meta_key>
                <wp:meta_value><![CDATA[lsb_acf_published_year]]></wp:meta_value>
            </wp:postmeta>
            <wp:postmeta>
                <wp:meta_key>lsb_pages</wp:meta_key>
                <wp:meta_value><![CDATA[69]]></wp:meta_value>
            </wp:postmeta>
            <wp:postmeta>
                <wp:meta_key>_lsb_pages</wp:meta_key>
                <wp:meta_value><![CDATA[lsb_acf_pages]]></wp:meta_value>
            </wp:postmeta>
            <wp:postmeta>
                <wp:meta_key>lsb_review</wp:meta_key>
                <wp:meta_value><![CDATA[  <div>Ellen elsker Lise som kjører taxi, <br />  hun elsker læreren sin<br />  og Iqbal som jobber på biblioteket. <br />  Selv blir Ellen elsket av moren sin. <br />  Men er det nok, nå som <br />  moren til Ellen har limt seg fast <br />  i stolen med superlim og kastet <br />  alt håret i søpla? </div>  <div><br />  </div>  <div><strong>Jeg elsker deg</strong> er en liten og intens roman. <br />  Med enkel tekst forteller boka om Ellens kamp <br />  for å finne en som kan elske henne<br />  når moren kanskje skal dø.  </div>  <div>En vakker bok som utløser mange viktige tanker, </div>  <div>uavhengig av alder og leseevne. <br />   </div>  ]]></wp:meta_value>
            </wp:postmeta>
            <wp:postmeta>
                <wp:meta_key>_lsb_review</wp:meta_key>
                <wp:meta_value><![CDATA[lsb_acf_review]]></wp:meta_value>
            </wp:postmeta>
            <wp:postmeta>
                <wp:meta_key>lsb_quote</wp:meta_key>
                <wp:meta_value><![CDATA[Den ene ringen til Anette Bergum er   formet som et lite hjerte.   Det er en veldig spesiell ring.   Den er laget av sølv.   Jeg renser halsen.   Det er lurt når man skal si noe viktig.   - Anette Bergum, sier jeg.   - Ja.   - Jeg elsker deg. ]]></wp:meta_value>
            </wp:postmeta>
            <wp:postmeta>
                <wp:meta_key>_lsb_quote</wp:meta_key>
                <wp:meta_value><![CDATA[lsb_acf_quote]]></wp:meta_value>
            </wp:postmeta>
            <wp:postmeta>
                <wp:meta_key>lsb_supported</wp:meta_key>
                <wp:meta_value><![CDATA[1]]></wp:meta_value>
            </wp:postmeta>
            <wp:postmeta>
                <wp:meta_key>_lsb_supported</wp:meta_key>
                <wp:meta_value><![CDATA[lsb_acf_supported]]></wp:meta_value>
            </wp:postmeta>
            <wp:postmeta>
                <wp:meta_key>lsb_support_cat</wp:meta_key>
                <wp:meta_value><![CDATA[purple]]></wp:meta_value>
            </wp:postmeta>
            <wp:postmeta>
                <wp:meta_key>_lsb_support_cat</wp:meta_key>
                <wp:meta_value><![CDATA[lsb_acf_support_cat]]></wp:meta_value>
            </wp:postmeta>
            <category domain="lsb_tax_author" nicename="hilde-hagerup"><![CDATA[Hilde Hagerup]]></category>
            <category domain="lsb_tax_publisher" nicename="aschehoug-"><![CDATA[Aschehoug ]]></category>
            <wp:postmeta>
                <wp:meta_key>lsb_look_inside</wp:meta_key>
                <wp:meta_value><![CDATA[CUSTOM_BLA_I_BOKA]]></wp:meta_value>
            </wp:postmeta>
            <wp:postmeta>
                <wp:meta_key>_lsb_look_inside</wp:meta_key>
                <wp:meta_value><![CDATA[lsb_acf_look_inside]]></wp:meta_value>
            </wp:postmeta>
            <category domain="lsb_tax_age" nicename="ungdom"><![CDATA[ungdom]]></category>
            <category domain="lsb_tax_age" nicename="voksne"><![CDATA[voksne]]></category>
            <category domain="lsb_tax_genre" nicename="prosa"><![CDATA[prosa]]></category>
            <category domain="lsb_tax_topic" nicename="mennesker-i-mellom"><![CDATA[mennesker i mellom]]></category>
            <category domain="lsb_tax_language" nicename="no_nb"><![CDATA[bokmål]]></category>
            <category domain="lsb_tax_customization" nicename="skjønnlitteratur"><![CDATA[skjønnlitteratur]]></category>
            <wp:postmeta>
                <wp:meta_key>_thumbnail_id</wp:meta_key>
                <wp:meta_value><![CDATA[5068]]></wp:meta_value>
            </wp:postmeta>
        </item>
        <item>
            <title>jeg elsker deg.jpg</title>
            <wp:post_id>5068</wp:post_id>
            <wp:status>inherit</wp:status>
            <wp:post_type>attachment</wp:post_type>
            <wp:attachment_url>https://raw.githubusercontent.com/lesersokerbok/boksok.no-data-utils/master/output-example/images/EDCFBC3E07774AFE972CDBEC4DDBACFD.jpg</wp:attachment_url>
        </item>
        <item>
            <wp:post_type>lsb_book</wp:post_type>
            <wp:status>publish</wp:status>
            <title>Påls reise</title>
            <excerpt:encoded><![CDATA[Pål reiser med Hurtigruta langs havet   frå Bergen og heilt opp til toppen av Noreg! ]]></excerpt:encoded>
            <wp:postmeta>
                <wp:meta_key>lsb_isbn</wp:meta_key>
                <wp:meta_value><![CDATA[9788252174243]]></wp:meta_value>
            </wp:postmeta>
            <wp:postmeta>
                <wp:meta_key>_lsb_isbn</wp:meta_key>
                <wp:meta_value><![CDATA[lsb_acf_isbn]]></wp:meta_value>
            </wp:postmeta>
            <wp:postmeta>
                <wp:meta_key>lsb_published_year</wp:meta_key>
                <wp:meta_value><![CDATA[2009]]></wp:meta_value>
            </wp:postmeta>
            <wp:postmeta>
                <wp:meta_key>_lsb_published_year</wp:meta_key>
                <wp:meta_value><![CDATA[lsb_acf_published_year]]></wp:meta_value>
            </wp:postmeta>
            <wp:postmeta>
                <wp:meta_key>lsb_pages</wp:meta_key>
                <wp:meta_value><![CDATA[62]]></wp:meta_value>
            </wp:postmeta>
            <wp:postmeta>
                <wp:meta_key>_lsb_pages</wp:meta_key>
                <wp:meta_value><![CDATA[lsb_acf_pages]]></wp:meta_value>
            </wp:postmeta>
            <wp:postmeta>
                <wp:meta_key>lsb_review</wp:meta_key>
                <wp:meta_value><![CDATA[  <div>Han opplev mykje på vegen. <br />  Han blir sjøsjuk og et god mat. <br />  Kjører hundeslede og leikar viking. <br />  <br />  <strong>Påls reise</strong> er ei bok med <br />  store fotografi og flotte fargar.<br />  Boka fortel historia om reisa til Pål, <br />  og er også ei faktabok. </div>  <div>I boka kan du lære mykje om Hurtigruta </div>  <div>og om stadene Pål reiser til.<br />  Boka anbefales til alle som likar å reise. </div>  ]]></wp:meta_value>
            </wp:postmeta>
            <wp:postmeta>
                <wp:meta_key>_lsb_review</wp:meta_key>
                <wp:meta_value><![CDATA[lsb_acf_review]]></wp:meta_value>
            </wp:postmeta>
            <wp:postmeta>
                <wp:meta_key>lsb_quote</wp:meta_key>
                <wp:meta_value><![CDATA[Heime i Bergen regnar det sikkert,   men her i Tromsø snør det.   I ettermiddag skal dei kjøre hundeslede,   og då er det bra at det kjem mykje snø.   Sledane har ikkje hjul, men meiar   som berre kan gå på snø og is. ]]></wp:meta_value>
            </wp:postmeta>
            <wp:postmeta>
                <wp:meta_key>_lsb_quote</wp:meta_key>
                <wp:meta_value><![CDATA[lsb_acf_quote]]></wp:meta_value>
            </wp:postmeta>
            <wp:postmeta>
                <wp:meta_key>lsb_supported</wp:meta_key>
                <wp:meta_value><![CDATA[1]]></wp:meta_value>
            </wp:postmeta>
            <wp:postmeta>
                <wp:meta_key>_lsb_supported</wp:meta_key>
                <wp:meta_value><![CDATA[lsb_acf_supported]]></wp:meta_value>
            </wp:postmeta>
            <wp:postmeta>
                <wp:meta_key>lsb_support_cat</wp:meta_key>
                <wp:meta_value><![CDATA[green]]></wp:meta_value>
            </wp:postmeta>
            <wp:postmeta>
                <wp:meta_key>_lsb_support_cat</wp:meta_key>
                <wp:meta_value><![CDATA[lsb_acf_support_cat]]></wp:meta_value>
            </wp:postmeta>
            <category domain="lsb_tax_author" nicename="helga-gunerius-eriksen"><![CDATA[Helga Gunerius Eriksen]]></category>
            <category domain="lsb_tax_publisher" nicename="samlaget"><![CDATA[Samlaget]]></category>
            <category domain="lsb_tax_illustrator" nicename="karina-herteig,-thor-brødreskift-m.fl."><![CDATA[Karina Herteig, Thor Brødreskift m.fl.]]></category>
            <wp:postmeta>
                <wp:meta_key>lsb_look_inside</wp:meta_key>
                <wp:meta_value><![CDATA[CUSTOM_BLA_I_BOKA]]></wp:meta_value>
            </wp:postmeta>
            <wp:postmeta>
                <wp:meta_key>_lsb_look_inside</wp:meta_key>
                <wp:meta_value><![CDATA[lsb_acf_look_inside]]></wp:meta_value>
            </wp:postmeta>
            <category domain="lsb_tax_age" nicename="voksne"><![CDATA[voksne]]></category>
            <category domain="lsb_tax_topic" nicename="historie"><![CDATA[historie]]></category>
            <category domain="lsb_tax_topic" nicename="samfunn"><![CDATA[samfunn]]></category>
            <category domain="lsb_tax_language" nicename="no_nn"><![CDATA[nynorsk]]></category>
            <category domain="lsb_tax_customization" nicename="utviklingshemmede"><![CDATA[utviklingshemmede]]></category>
            <category domain="lsb_tax_customization" nicename="mange-bilder"><![CDATA[mange bilder]]></category>
            <wp:postmeta>
                <wp:meta_key>_thumbnail_id</wp:meta_key>
                <wp:meta_value><![CDATA[5069]]></wp:meta_value>
            </wp:postmeta>
        </item>
        <item>
            <title>påls reise forside.jpg</title>
            <wp:post_id>5069</wp:post_id>
            <wp:status>inherit</wp:status>
            <wp:post_type>attachment</wp:post_type>
            <wp:attachment_url>https://raw.githubusercontent.com/lesersokerbok/boksok.no-data-utils/master/output-example/images/26250B7EF0CE43B392D98DA256E6E3E7.jpg</wp:attachment_url>
        </item>
        <item>
            <wp:post_type>lsb_book</wp:post_type>
            <wp:status>publish</wp:status>
            <title>Kjenner du kjempen? </title>
            <excerpt:encoded><![CDATA[Klarer du å kjenne kjempen?   Er det en flaggermus?   Eller en skilpadde? ]]></excerpt:encoded>
            <wp:postmeta>
                <wp:meta_key>lsb_isbn</wp:meta_key>
                <wp:meta_value><![CDATA[9788281030619]]></wp:meta_value>
            </wp:postmeta>
            <wp:postmeta>
                <wp:meta_key>_lsb_isbn</wp:meta_key>
                <wp:meta_value><![CDATA[lsb_acf_isbn]]></wp:meta_value>
            </wp:postmeta>
            <wp:postmeta>
                <wp:meta_key>lsb_published_year</wp:meta_key>
                <wp:meta_value><![CDATA[2009]]></wp:meta_value>
            </wp:postmeta>
            <wp:postmeta>
                <wp:meta_key>_lsb_published_year</wp:meta_key>
                <wp:meta_value><![CDATA[lsb_acf_published_year]]></wp:meta_value>
            </wp:postmeta>
            <wp:postmeta>
                <wp:meta_key>lsb_pages</wp:meta_key>
                <wp:meta_value><![CDATA[28]]></wp:meta_value>
            </wp:postmeta>
            <wp:postmeta>
                <wp:meta_key>_lsb_pages</wp:meta_key>
                <wp:meta_value><![CDATA[lsb_acf_pages]]></wp:meta_value>
            </wp:postmeta>
            <wp:postmeta>
                <wp:meta_key>lsb_review</wp:meta_key>
                <wp:meta_value><![CDATA[  <div>Skilpadde, Flaggermus, Blekksprut, <br />  Fugl og Bukk sover i hengekøya. <br />  Midt på natta hører de en lyd. <br />  Det er så mørkt at de ikke kan se noe. <br />  Først kjenner Flaggermus. <br />  Så kjenner Blekksprut. <br />  Kan du kjenner hvem det er? </div>  <div>&#160;</div>  <div><strong>Kjenner du kjempen</strong> er en følebok med <br />  vakre illustrasjoner til å kjenne på. <br />  Bildene er laget av forskjellige materialer.  <br />  Boka har både punktskrift og stor skrift. </div>  <div>&#160;</div>  <div><strong>Kjenner du kjempen</strong> egner seg godt til lesing i grupper </div>  <div>der man kan diskutere innholdet og hjelpe hverandre. </div>  <div>&#160;</div>  <div>Foruten blinde og svaksynte vil også</div>  <div>mange andre ha glede av denne boka. </div>  <div>Blant annet har seende voksne minoritetsspråklige </div>  <div>lest den og lært mange nye ord. </div>  <div>Og de har gledet seg over både farger og ulike materialer. </div>  <div>&#160;</div>  <div><strong>Kjenner du kjempen</strong> er også prøvd ut i en gruppe voksne med utviklingshemming.  </div>  <div>Boka ble lest høyt og utløste stor begeistring. </div>  <div>Gruppen bare jublet over dyrene, fargene, </div>  <div>materialene og historien, </div>  <div>og ønsket at den skulle leses om og om igjen.  </div>  <div>  </div>  <p><strong>Kjenner du kjempen</strong> er laget i samarbeid mellom <br />  blinde barn og deres voksne ledsagere i <br />  India og Norge. <br />  Hver bok er laget for hånd i India. <br />  For hver solgte bok går 50,- kr <br />  til blinde og svaksynte barn i India. </p>  <p>&#160;</p>  ]]></wp:meta_value>
            </wp:postmeta>
            <wp:postmeta>
                <wp:meta_key>_lsb_review</wp:meta_key>
                <wp:meta_value><![CDATA[lsb_acf_review]]></wp:meta_value>
            </wp:postmeta>
            <wp:postmeta>
                <wp:meta_key>lsb_quote</wp:meta_key>
                <wp:meta_value><![CDATA[Nå er det Blekksprut sin tur.   "Jeg kjenner en tykk arm!   Det er en kjempeblekksprut!"]]></wp:meta_value>
            </wp:postmeta>
            <wp:postmeta>
                <wp:meta_key>_lsb_quote</wp:meta_key>
                <wp:meta_value><![CDATA[lsb_acf_quote]]></wp:meta_value>
            </wp:postmeta>
            <wp:postmeta>
                <wp:meta_key>lsb_supported</wp:meta_key>
                <wp:meta_value><![CDATA[1]]></wp:meta_value>
            </wp:postmeta>
            <wp:postmeta>
                <wp:meta_key>_lsb_supported</wp:meta_key>
                <wp:meta_value><![CDATA[lsb_acf_supported]]></wp:meta_value>
            </wp:postmeta>
            <wp:postmeta>
                <wp:meta_key>lsb_support_cat</wp:meta_key>
                <wp:meta_value><![CDATA[orange]]></wp:meta_value>
            </wp:postmeta>
            <wp:postmeta>
                <wp:meta_key>_lsb_support_cat</wp:meta_key>
                <wp:meta_value><![CDATA[lsb_acf_support_cat]]></wp:meta_value>
            </wp:postmeta>
            <category domain="lsb_tax_author" nicename="maranke-rinck-og-martijn-van-der-linden"><![CDATA[Maranke Rinck og Martijn van der Linden]]></category>
            <category domain="lsb_tax_publisher" nicename="fortellerforlaget-/-dreaming-finger"><![CDATA[Fortellerforlaget / Dreaming Finger]]></category>
            <category domain="lsb_tax_illustrator" nicename="maranke-rinck-og-martijn-van-der-linden"><![CDATA[Maranke Rinck og Martijn van der Linden]]></category>
            <category domain="lsb_tax_translator" nicename="maaike-lahaise"><![CDATA[Maaike Lahaise]]></category>
            <wp:postmeta>
                <wp:meta_key>lsb_look_inside</wp:meta_key>
                <wp:meta_value><![CDATA[CUSTOM_BLA_I_BOKA]]></wp:meta_value>
            </wp:postmeta>
            <wp:postmeta>
                <wp:meta_key>_lsb_look_inside</wp:meta_key>
                <wp:meta_value><![CDATA[lsb_acf_look_inside]]></wp:meta_value>
            </wp:postmeta>
            <category domain="lsb_tax_age" nicename="barn"><![CDATA[barn]]></category>
            <category domain="lsb_tax_genre" nicename="prosa"><![CDATA[prosa]]></category>
            <category domain="lsb_tax_topic" nicename="eventyr"><![CDATA[eventyr]]></category>
            <category domain="lsb_tax_language" nicename="no_nb"><![CDATA[bokmål]]></category>
            <category domain="lsb_tax_customization" nicename="punktskrift"><![CDATA[punktskrift]]></category>
            <category domain="lsb_tax_customization" nicename="følebilder"><![CDATA[følebilder]]></category>
            <category domain="lsb_tax_customization" nicename="mange-bilder"><![CDATA[mange bilder]]></category>
            <wp:postmeta>
                <wp:meta_key>_thumbnail_id</wp:meta_key>
                <wp:meta_value><![CDATA[5070]]></wp:meta_value>
            </wp:postmeta>
        </item>
        <item>
            <title>kjenner du kjempen, ny.jpg</title>
            <wp:post_id>5070</wp:post_id>
            <wp:status>inherit</wp:status>
            <wp:post_type>attachment</wp:post_type>
            <wp:attachment_url>https://raw.githubusercontent.com/lesersokerbok/boksok.no-data-utils/master/output-example/images/DBE3126DB0ED4EADA2C768E4CD8445D1.jpg</wp:attachment_url>
        </item>
        <item>
            <wp:post_type>lsb_book</wp:post_type>
            <wp:status>publish</wp:status>
            <title>Eg er her</title>
            <excerpt:encoded><![CDATA[Eg er her handler om å ha ei storebror   som er syk. Den passar for eldre barn   og yngre ungdom. ]]></excerpt:encoded>
            <wp:postmeta>
                <wp:meta_key>lsb_isbn</wp:meta_key>
                <wp:meta_value><![CDATA[9788291948898]]></wp:meta_value>
            </wp:postmeta>
            <wp:postmeta>
                <wp:meta_key>_lsb_isbn</wp:meta_key>
                <wp:meta_value><![CDATA[lsb_acf_isbn]]></wp:meta_value>
            </wp:postmeta>
            <wp:postmeta>
                <wp:meta_key>lsb_published_year</wp:meta_key>
                <wp:meta_value><![CDATA[2009]]></wp:meta_value>
            </wp:postmeta>
            <wp:postmeta>
                <wp:meta_key>_lsb_published_year</wp:meta_key>
                <wp:meta_value><![CDATA[lsb_acf_published_year]]></wp:meta_value>
            </wp:postmeta>
            <wp:postmeta>
                <wp:meta_key>lsb_pages</wp:meta_key>
                <wp:meta_value><![CDATA[80]]></wp:meta_value>
            </wp:postmeta>
            <wp:postmeta>
                <wp:meta_key>_lsb_pages</wp:meta_key>
                <wp:meta_value><![CDATA[lsb_acf_pages]]></wp:meta_value>
            </wp:postmeta>
            <wp:postmeta>
                <wp:meta_key>lsb_review</wp:meta_key>
                <wp:meta_value><![CDATA[  <div>Ingen ser Linnea. <br />  Pappa har flytta ut og har fått <br />  ein ny baby.<br />  Mamma er berre opptatt av Tobias, <br />  bror til Linnea. Tobias har kreft,<br />  og kommer kanskje til å døy. <br />  Det er trist at Tobias er sjuk, <br />  men Linnea er også her! </div>  <div>&#160;</div>  <p>Dette er ei kjenslevarm og var fortjeling <br />  om å være syster til ein sjuk bror. <br />  Teksten er ærleg og lett å lesa. </p>  ]]></wp:meta_value>
            </wp:postmeta>
            <wp:postmeta>
                <wp:meta_key>_lsb_review</wp:meta_key>
                <wp:meta_value><![CDATA[lsb_acf_review]]></wp:meta_value>
            </wp:postmeta>
            <wp:postmeta>
                <wp:meta_key>lsb_quote</wp:meta_key>
                <wp:meta_value><![CDATA[- Det blir spennande, seier ho.   Ho tar mjølk ut av kjøleskåpet.   - Tobias har fått feber, seier ho.   Ho har ryggen til meg.   Eg ser på henne, og noko veks og veks opp i   meg.   - Eg drit i Tobias, roper eg.   Eg trampar i golvet.   - Det er i kveld ]]></wp:meta_value>
            </wp:postmeta>
            <wp:postmeta>
                <wp:meta_key>_lsb_quote</wp:meta_key>
                <wp:meta_value><![CDATA[lsb_acf_quote]]></wp:meta_value>
            </wp:postmeta>
            <wp:postmeta>
                <wp:meta_key>lsb_supported</wp:meta_key>
                <wp:meta_value><![CDATA[0]]></wp:meta_value>
            </wp:postmeta>
            <wp:postmeta>
                <wp:meta_key>_lsb_supported</wp:meta_key>
                <wp:meta_value><![CDATA[lsb_acf_supported]]></wp:meta_value>
            </wp:postmeta>
            <category domain="lsb_tax_author" nicename="bente-bratlund"><![CDATA[Bente Bratlund]]></category>
            <category domain="lsb_tax_publisher" nicename="mangschou"><![CDATA[Mangschou]]></category>
            <wp:postmeta>
                <wp:meta_key>lsb_look_inside</wp:meta_key>
                <wp:meta_value><![CDATA[CUSTOM_BLA_I_BOKA]]></wp:meta_value>
            </wp:postmeta>
            <wp:postmeta>
                <wp:meta_key>_lsb_look_inside</wp:meta_key>
                <wp:meta_value><![CDATA[lsb_acf_look_inside]]></wp:meta_value>
            </wp:postmeta>
            <category domain="lsb_tax_age" nicename="barn"><![CDATA[barn]]></category>
            <category domain="lsb_tax_age" nicename="ungdom"><![CDATA[ungdom]]></category>
            <category domain="lsb_tax_genre" nicename="prosa"><![CDATA[prosa]]></category>
            <category domain="lsb_tax_language" nicename="no_nn"><![CDATA[nynorsk]]></category>
            <category domain="lsb_tax_customization" nicename="skjønnlitteratur"><![CDATA[skjønnlitteratur]]></category>
            <wp:postmeta>
                <wp:meta_key>_thumbnail_id</wp:meta_key>
                <wp:meta_value><![CDATA[5071]]></wp:meta_value>
            </wp:postmeta>
        </item>
        <item>
            <title>eg er her, forside.jpg</title>
            <wp:post_id>5071</wp:post_id>
            <wp:status>inherit</wp:status>
            <wp:post_type>attachment</wp:post_type>
            <wp:attachment_url>https://raw.githubusercontent.com/lesersokerbok/boksok.no-data-utils/master/output-example/images/E0404ADD32424A32B02C054E46A416FF.jpg</wp:attachment_url>
        </item>
        <item>
            <wp:post_type>lsb_book</wp:post_type>
            <wp:status>publish</wp:status>
            <title>Nordover - med Nansen mot Nordpolen</title>
            <excerpt:encoded><![CDATA[Nansen reiser nordover   med polarskuta Fram, men skuta   setter seg fast i isen.   ]]></excerpt:encoded>
            <wp:postmeta>
                <wp:meta_key>lsb_isbn</wp:meta_key>
                <wp:meta_value><![CDATA[9788204152657]]></wp:meta_value>
            </wp:postmeta>
            <wp:postmeta>
                <wp:meta_key>_lsb_isbn</wp:meta_key>
                <wp:meta_value><![CDATA[lsb_acf_isbn]]></wp:meta_value>
            </wp:postmeta>
            <wp:postmeta>
                <wp:meta_key>lsb_published_year</wp:meta_key>
                <wp:meta_value><![CDATA[2008]]></wp:meta_value>
            </wp:postmeta>
            <wp:postmeta>
                <wp:meta_key>_lsb_published_year</wp:meta_key>
                <wp:meta_value><![CDATA[lsb_acf_published_year]]></wp:meta_value>
            </wp:postmeta>
            <wp:postmeta>
                <wp:meta_key>lsb_pages</wp:meta_key>
                <wp:meta_value><![CDATA[48]]></wp:meta_value>
            </wp:postmeta>
            <wp:postmeta>
                <wp:meta_key>_lsb_pages</wp:meta_key>
                <wp:meta_value><![CDATA[lsb_acf_pages]]></wp:meta_value>
            </wp:postmeta>
            <wp:postmeta>
                <wp:meta_key>lsb_review</wp:meta_key>
                <wp:meta_value><![CDATA[  <p>Etter at Fram har ligget innefrosset <br />  i to år, forlater Fridtjof Nansen <br />  og Hjalmar Johansen skuta. <br />  Sammen med 28 hunder<br />  skal de gå på ski enda lenger nord.   <br />  Dette er den spennende historien <br />  om eventyret som venter.   </p>  <div><br />  I denne boka er historien fortalt <br />  med både tegninger, tegneserie og tekst. <br />  Teksten er litt liten, <br />  men fonten er tydelig. </div>  ]]></wp:meta_value>
            </wp:postmeta>
            <wp:postmeta>
                <wp:meta_key>_lsb_review</wp:meta_key>
                <wp:meta_value><![CDATA[lsb_acf_review]]></wp:meta_value>
            </wp:postmeta>
            <wp:postmeta>
                <wp:meta_key>lsb_quote</wp:meta_key>
                <wp:meta_value><![CDATA[Kajakkene er fulle av hull og rifter etter skarpe iskanter.   Trekkene må tas av og lappes,   spantene repareres og surres på nytt.   Det tar en uke. De begynner å slippe opp for mat. ]]></wp:meta_value>
            </wp:postmeta>
            <wp:postmeta>
                <wp:meta_key>_lsb_quote</wp:meta_key>
                <wp:meta_value><![CDATA[lsb_acf_quote]]></wp:meta_value>
            </wp:postmeta>
            <wp:postmeta>
                <wp:meta_key>lsb_supported</wp:meta_key>
                <wp:meta_value><![CDATA[0]]></wp:meta_value>
            </wp:postmeta>
            <wp:postmeta>
                <wp:meta_key>_lsb_supported</wp:meta_key>
                <wp:meta_value><![CDATA[lsb_acf_supported]]></wp:meta_value>
            </wp:postmeta>
            <category domain="lsb_tax_author" nicename="bjørn-ousland"><![CDATA[Bjørn Ousland]]></category>
            <category domain="lsb_tax_publisher" nicename="cappelen-damm"><![CDATA[Cappelen-Damm]]></category>
            <category domain="lsb_tax_illustrator" nicename="bjørn-ousland"><![CDATA[Bjørn Ousland]]></category>
            <wp:postmeta>
                <wp:meta_key>lsb_look_inside</wp:meta_key>
                <wp:meta_value><![CDATA[CUSTOM_BLA_I_BOKA]]></wp:meta_value>
            </wp:postmeta>
            <wp:postmeta>
                <wp:meta_key>_lsb_look_inside</wp:meta_key>
                <wp:meta_value><![CDATA[lsb_acf_look_inside]]></wp:meta_value>
            </wp:postmeta>
            <category domain="lsb_tax_age" nicename="barn"><![CDATA[barn]]></category>
            <category domain="lsb_tax_age" nicename="ungdom"><![CDATA[ungdom]]></category>
            <category domain="lsb_tax_genre" nicename="faglitteratur"><![CDATA[faglitteratur]]></category>
            <category domain="lsb_tax_topic" nicename="historie"><![CDATA[historie]]></category>
            <category domain="lsb_tax_topic" nicename="samfunn"><![CDATA[samfunn]]></category>
            <category domain="lsb_tax_language" nicename="no_nb"><![CDATA[bokmål]]></category>
            <category domain="lsb_tax_customization" nicename="faglitteratur"><![CDATA[faglitteratur]]></category>
            <category domain="lsb_tax_customization" nicename="mange-bilder"><![CDATA[mange bilder]]></category>
            <wp:postmeta>
                <wp:meta_key>_thumbnail_id</wp:meta_key>
                <wp:meta_value><![CDATA[5072]]></wp:meta_value>
            </wp:postmeta>
        </item>
        <item>
            <title>nordover, forside.jpg</title>
            <wp:post_id>5072</wp:post_id>
            <wp:status>inherit</wp:status>
            <wp:post_type>attachment</wp:post_type>
            <wp:attachment_url>https://raw.githubusercontent.com/lesersokerbok/boksok.no-data-utils/master/output-example/images/6ACA8C648395482389C67B2B45AE81EB.jpg</wp:attachment_url>
        </item>
        <item>
            <wp:post_type>lsb_book</wp:post_type>
            <wp:status>publish</wp:status>
            <title>Hundrelappen</title>
            <excerpt:encoded><![CDATA[Aksel og Omar finner en hundrelapp.   Hvem har mistet den?   Og hva skal de gjøre med den? ]]></excerpt:encoded>
            <wp:postmeta>
                <wp:meta_key>lsb_isbn</wp:meta_key>
                <wp:meta_value><![CDATA[9788253031767]]></wp:meta_value>
            </wp:postmeta>
            <wp:postmeta>
                <wp:meta_key>_lsb_isbn</wp:meta_key>
                <wp:meta_value><![CDATA[lsb_acf_isbn]]></wp:meta_value>
            </wp:postmeta>
            <wp:postmeta>
                <wp:meta_key>lsb_published_year</wp:meta_key>
                <wp:meta_value><![CDATA[2009]]></wp:meta_value>
            </wp:postmeta>
            <wp:postmeta>
                <wp:meta_key>_lsb_published_year</wp:meta_key>
                <wp:meta_value><![CDATA[lsb_acf_published_year]]></wp:meta_value>
            </wp:postmeta>
            <wp:postmeta>
                <wp:meta_key>lsb_pages</wp:meta_key>
                <wp:meta_value><![CDATA[59]]></wp:meta_value>
            </wp:postmeta>
            <wp:postmeta>
                <wp:meta_key>_lsb_pages</wp:meta_key>
                <wp:meta_value><![CDATA[lsb_acf_pages]]></wp:meta_value>
            </wp:postmeta>
            <wp:postmeta>
                <wp:meta_key>lsb_review</wp:meta_key>
                <wp:meta_value><![CDATA[  <div>Nå kan de kan kjøpe nesten hva som helst. </div>  <div>De går på butikken for å handle brus. </div>  <div>Men så møter de fru Nilsen. </div>  <div>&#160;</div>  <div>Boka er ekstra lett å lese. <br />  Den har få linjer på hver side, <br />  enkle ord og store bokstaver. <br />  Den har store bilder som også <br />  forteller historien.</div>  <div>&#160;</div>  <div>  <div>Serien <strong>Solgata 1</strong> handler om Aksel og Omar </div>  <div>som er venner og bor i samme hus.  </div>  <div>I hver bok presenteres et etisk dilemma </div>  <div>som de to vennene må ta stilling til.  </div>  <div>I Boksøk presenterer vi to av titlene i denne serien, </div>  <div>men alle bøkene kan trygt anbefales. </div></div>  ]]></wp:meta_value>
            </wp:postmeta>
            <wp:postmeta>
                <wp:meta_key>_lsb_review</wp:meta_key>
                <wp:meta_value><![CDATA[lsb_acf_review]]></wp:meta_value>
            </wp:postmeta>
            <wp:postmeta>
                <wp:meta_key>lsb_quote</wp:meta_key>
                <wp:meta_value><![CDATA[VI HAR FUNNET EN HUNDRELAPP, SIER AKSEL.  "SKAL VI GÅ TIL POLITIET MED DEN?" SPØR OMAR.    "ÆSJ, BEHOLD DEN"" SIER JOCKE  "POLITIET VET JO IKKE HVEM SOM EIER DEN."    AKSEL OG OMAR SER PÅ HVERANDRE.   DE ER RIKE! ]]></wp:meta_value>
            </wp:postmeta>
            <wp:postmeta>
                <wp:meta_key>_lsb_quote</wp:meta_key>
                <wp:meta_value><![CDATA[lsb_acf_quote]]></wp:meta_value>
            </wp:postmeta>
            <wp:postmeta>
                <wp:meta_key>lsb_supported</wp:meta_key>
                <wp:meta_value><![CDATA[0]]></wp:meta_value>
            </wp:postmeta>
            <wp:postmeta>
                <wp:meta_key>_lsb_supported</wp:meta_key>
                <wp:meta_value><![CDATA[lsb_acf_supported]]></wp:meta_value>
            </wp:postmeta>
            <category domain="lsb_tax_author" nicename="helena-bross"><![CDATA[Helena Bross]]></category>
            <category domain="lsb_tax_publisher" nicename="omnipax"><![CDATA[Omnipax]]></category>
            <category domain="lsb_tax_illustrator" nicename="kadri-ilves"><![CDATA[Kadri Ilves]]></category>
            <category domain="lsb_tax_translator" nicename="anne-horn"><![CDATA[Anne Horn]]></category>
            <wp:postmeta>
                <wp:meta_key>lsb_look_inside</wp:meta_key>
                <wp:meta_value><![CDATA[CUSTOM_BLA_I_BOKA]]></wp:meta_value>
            </wp:postmeta>
            <wp:postmeta>
                <wp:meta_key>_lsb_look_inside</wp:meta_key>
                <wp:meta_value><![CDATA[lsb_acf_look_inside]]></wp:meta_value>
            </wp:postmeta>
            <category domain="lsb_tax_age" nicename="barn"><![CDATA[barn]]></category>
            <category domain="lsb_tax_genre" nicename="prosa"><![CDATA[prosa]]></category>
            <category domain="lsb_tax_topic" nicename="mennesker-i-mellom"><![CDATA[mennesker i mellom]]></category>
            <category domain="lsb_tax_topic" nicename="annet"><![CDATA[annet]]></category>
            <category domain="lsb_tax_language" nicename="no_nb"><![CDATA[bokmål]]></category>
            <category domain="lsb_tax_customization" nicename="skjønnlitteratur"><![CDATA[skjønnlitteratur]]></category>
            <category domain="lsb_tax_customization" nicename="mange-bilder"><![CDATA[mange bilder]]></category>
            <wp:postmeta>
                <wp:meta_key>_thumbnail_id</wp:meta_key>
                <wp:meta_value><![CDATA[5073]]></wp:meta_value>
            </wp:postmeta>
        </item>
        <item>
            <title>hundrelappen.jpg</title>
            <wp:post_id>5073</wp:post_id>
            <wp:status>inherit</wp:status>
            <wp:post_type>attachment</wp:post_type>
            <wp:attachment_url>https://raw.githubusercontent.com/lesersokerbok/boksok.no-data-utils/master/output-example/images/9B34F780EF62479F9401798781BC0BA5.jpg</wp:attachment_url>
        </item>
        <item>
            <wp:post_type>lsb_book</wp:post_type>
            <wp:status>publish</wp:status>
            <title>Små og store ting som du kan lage selv</title>
            <excerpt:encoded><![CDATA[Dette er en morsom bok   med tips til ting du kan lage selv.  ]]></excerpt:encoded>
            <wp:postmeta>
                <wp:meta_key>lsb_isbn</wp:meta_key>
                <wp:meta_value><![CDATA[9788202296032]]></wp:meta_value>
            </wp:postmeta>
            <wp:postmeta>
                <wp:meta_key>_lsb_isbn</wp:meta_key>
                <wp:meta_value><![CDATA[lsb_acf_isbn]]></wp:meta_value>
            </wp:postmeta>
            <wp:postmeta>
                <wp:meta_key>lsb_published_year</wp:meta_key>
                <wp:meta_value><![CDATA[2009]]></wp:meta_value>
            </wp:postmeta>
            <wp:postmeta>
                <wp:meta_key>_lsb_published_year</wp:meta_key>
                <wp:meta_value><![CDATA[lsb_acf_published_year]]></wp:meta_value>
            </wp:postmeta>
            <wp:postmeta>
                <wp:meta_key>lsb_pages</wp:meta_key>
                <wp:meta_value><![CDATA[58]]></wp:meta_value>
            </wp:postmeta>
            <wp:postmeta>
                <wp:meta_key>_lsb_pages</wp:meta_key>
                <wp:meta_value><![CDATA[lsb_acf_pages]]></wp:meta_value>
            </wp:postmeta>
            <wp:postmeta>
                <wp:meta_key>lsb_review</wp:meta_key>
                <wp:meta_value><![CDATA[  <div>Tingene kan du lage med enkle materialer <br />  som papir, penn og saks <br />  eller ting du finner i naturen. <br />  <br />  Boka har både tegninger og fotografier <br />  som viser deg hva du skal gjøre. <br />  Forklaringene er lette å forstå. </div>  <p>Anna Fiske har laget mange morsomme <br />  og flotte bøker. <br />  Hun har en lett gjenkjennelig strek. </p>  ]]></wp:meta_value>
            </wp:postmeta>
            <wp:postmeta>
                <wp:meta_key>_lsb_review</wp:meta_key>
                <wp:meta_value><![CDATA[lsb_acf_review]]></wp:meta_value>
            </wp:postmeta>
            <wp:postmeta>
                <wp:meta_key>lsb_quote</wp:meta_key>
                <wp:meta_value/>
            </wp:postmeta>
            <wp:postmeta>
                <wp:meta_key>_lsb_quote</wp:meta_key>
                <wp:meta_value><![CDATA[lsb_acf_quote]]></wp:meta_value>
            </wp:postmeta>
            <wp:postmeta>
                <wp:meta_key>lsb_supported</wp:meta_key>
                <wp:meta_value><![CDATA[0]]></wp:meta_value>
            </wp:postmeta>
            <wp:postmeta>
                <wp:meta_key>_lsb_supported</wp:meta_key>
                <wp:meta_value><![CDATA[lsb_acf_supported]]></wp:meta_value>
            </wp:postmeta>
            <category domain="lsb_tax_author" nicename="anna-fiske"><![CDATA[Anna Fiske]]></category>
            <category domain="lsb_tax_publisher" nicename="cappelen-damm"><![CDATA[Cappelen Damm]]></category>
            <category domain="lsb_tax_illustrator" nicename="anna-fiske"><![CDATA[Anna Fiske]]></category>
            <wp:postmeta>
                <wp:meta_key>lsb_look_inside</wp:meta_key>
                <wp:meta_value><![CDATA[CUSTOM_BLA_I_BOKA]]></wp:meta_value>
            </wp:postmeta>
            <wp:postmeta>
                <wp:meta_key>_lsb_look_inside</wp:meta_key>
                <wp:meta_value><![CDATA[lsb_acf_look_inside]]></wp:meta_value>
            </wp:postmeta>
            <category domain="lsb_tax_age" nicename="barn"><![CDATA[barn]]></category>
            <category domain="lsb_tax_genre" nicename="faglitteratur"><![CDATA[faglitteratur]]></category>
            <category domain="lsb_tax_topic" nicename="hus"><![CDATA[hus]]></category>
            <category domain="lsb_tax_topic" nicename="hjem"><![CDATA[hjem]]></category>
            <category domain="lsb_tax_topic" nicename="hage"><![CDATA[hage]]></category>
            <category domain="lsb_tax_topic" nicename="annet"><![CDATA[annet]]></category>
            <category domain="lsb_tax_language" nicename="no_nb"><![CDATA[bokmål]]></category>
            <category domain="lsb_tax_customization" nicename="faglitteratur"><![CDATA[faglitteratur]]></category>
            <category domain="lsb_tax_customization" nicename="mange-bilder"><![CDATA[mange bilder]]></category>
            <wp:postmeta>
                <wp:meta_key>_thumbnail_id</wp:meta_key>
                <wp:meta_value><![CDATA[5074]]></wp:meta_value>
            </wp:postmeta>
        </item>
        <item>
            <title>Fiske-SmaOgStoreTing[1].jpg</title>
            <wp:post_id>5074</wp:post_id>
            <wp:status>inherit</wp:status>
            <wp:post_type>attachment</wp:post_type>
            <wp:attachment_url>https://raw.githubusercontent.com/lesersokerbok/boksok.no-data-utils/master/output-example/images/BA7B20336DF243A8A7F17C31D6933D60.jpg</wp:attachment_url>
        </item>
        <item>
            <wp:post_type>lsb_book</wp:post_type>
            <wp:status>publish</wp:status>
            <title>Nemi. Skumle damen</title>
            <excerpt:encoded><![CDATA[Dette er en samling striper om Nemi. ]]></excerpt:encoded>
            <wp:postmeta>
                <wp:meta_key>lsb_isbn</wp:meta_key>
                <wp:meta_value><![CDATA[9788242933065]]></wp:meta_value>
            </wp:postmeta>
            <wp:postmeta>
                <wp:meta_key>_lsb_isbn</wp:meta_key>
                <wp:meta_value><![CDATA[lsb_acf_isbn]]></wp:meta_value>
            </wp:postmeta>
            <wp:postmeta>
                <wp:meta_key>lsb_published_year</wp:meta_key>
                <wp:meta_value><![CDATA[2008]]></wp:meta_value>
            </wp:postmeta>
            <wp:postmeta>
                <wp:meta_key>_lsb_published_year</wp:meta_key>
                <wp:meta_value><![CDATA[lsb_acf_published_year]]></wp:meta_value>
            </wp:postmeta>
            <wp:postmeta>
                <wp:meta_key>lsb_pages</wp:meta_key>
                <wp:meta_value><![CDATA[160]]></wp:meta_value>
            </wp:postmeta>
            <wp:postmeta>
                <wp:meta_key>_lsb_pages</wp:meta_key>
                <wp:meta_value><![CDATA[lsb_acf_pages]]></wp:meta_value>
            </wp:postmeta>
            <wp:postmeta>
                <wp:meta_key>lsb_review</wp:meta_key>
                <wp:meta_value><![CDATA[  <div>Tegneseriejenta Nemi er goth-jenta <br />  med stor apell. <br />  I denne boka kan du lese stripene om Nemi <br />  fra sommeren 2002 til våren 2003.</div>  <div>&#160;</div>  <div>Tegningene i Nemi er tydelige.<br />  Hver stripe eller side har et poeng. <br />  Serien er derfor lett å lese. <br />  Teksten er skrevet for hånd <br />  og er noen steder vanskelig å lese.  </div>  <div>&#160;</div>  <div><strong>Lise Myhre</strong> er født i 1978 og er en av våre <br />  mest elskede serieskapere. <br />  Hun har holdt på med tegneserier siden 1996, <br />  men Nemi er forløpig hennes eneste faste serie-figur. <br />  Myhre har vunnet Dagbladets tegneseriepris for serien, <br />  og Nemi går fast i flere aviser her til lands.</div>  <p>&#160;</p>  ]]></wp:meta_value>
            </wp:postmeta>
            <wp:postmeta>
                <wp:meta_key>_lsb_review</wp:meta_key>
                <wp:meta_value><![CDATA[lsb_acf_review]]></wp:meta_value>
            </wp:postmeta>
            <wp:postmeta>
                <wp:meta_key>lsb_quote</wp:meta_key>
                <wp:meta_value><![CDATA[- Hvorfor var Petter så lei seg?   - Fordi han liker meg ...   Han er søt, høflig, glad i familien sin ...   og har en veldig bra jobb ...   Dessuten er han utadvendt, ærlig  og veldig snill.   Men jeg vil ikke ha ham.   - Hvorfor er du så lei deg?   - Fo]]></wp:meta_value>
            </wp:postmeta>
            <wp:postmeta>
                <wp:meta_key>_lsb_quote</wp:meta_key>
                <wp:meta_value><![CDATA[lsb_acf_quote]]></wp:meta_value>
            </wp:postmeta>
            <wp:postmeta>
                <wp:meta_key>lsb_supported</wp:meta_key>
                <wp:meta_value><![CDATA[0]]></wp:meta_value>
            </wp:postmeta>
            <wp:postmeta>
                <wp:meta_key>_lsb_supported</wp:meta_key>
                <wp:meta_value><![CDATA[lsb_acf_supported]]></wp:meta_value>
            </wp:postmeta>
            <category domain="lsb_tax_author" nicename="lise-myhre"><![CDATA[Lise Myhre]]></category>
            <category domain="lsb_tax_publisher" nicename="egmont-"><![CDATA[Egmont ]]></category>
            <category domain="lsb_tax_illustrator" nicename="lise-myhre"><![CDATA[Lise Myhre]]></category>
            <wp:postmeta>
                <wp:meta_key>lsb_look_inside</wp:meta_key>
                <wp:meta_value><![CDATA[CUSTOM_BLA_I_BOKA]]></wp:meta_value>
            </wp:postmeta>
            <wp:postmeta>
                <wp:meta_key>_lsb_look_inside</wp:meta_key>
                <wp:meta_value><![CDATA[lsb_acf_look_inside]]></wp:meta_value>
            </wp:postmeta>
            <category domain="lsb_tax_age" nicename="ungdom"><![CDATA[ungdom]]></category>
            <category domain="lsb_tax_age" nicename="voksne"><![CDATA[voksne]]></category>
            <category domain="lsb_tax_topic" nicename="humor"><![CDATA[humor]]></category>
            <category domain="lsb_tax_language" nicename="no_nb"><![CDATA[bokmål]]></category>
            <category domain="lsb_tax_customization" nicename="bilder"><![CDATA[bilder]]></category>
            <wp:postmeta>
                <wp:meta_key>_thumbnail_id</wp:meta_key>
                <wp:meta_value><![CDATA[5075]]></wp:meta_value>
            </wp:postmeta>
        </item>
        <item>
            <title>nemi, slemme damen.jpg</title>
            <wp:post_id>5075</wp:post_id>
            <wp:status>inherit</wp:status>
            <wp:post_type>attachment</wp:post_type>
            <wp:attachment_url>https://raw.githubusercontent.com/lesersokerbok/boksok.no-data-utils/master/output-example/images/81E0C16DEF8B4BAD960A31E01756A573.jpg</wp:attachment_url>
        </item>
        <item>
            <wp:post_type>lsb_book</wp:post_type>
            <wp:status>publish</wp:status>
            <title>Ernie. De beste fra 1988-1992</title>
            <excerpt:encoded><![CDATA[I denne boka er de bisarre stripene om Ernie samlet. ]]></excerpt:encoded>
            <wp:postmeta>
                <wp:meta_key>lsb_isbn</wp:meta_key>
                <wp:meta_value><![CDATA[9788242923530]]></wp:meta_value>
            </wp:postmeta>
            <wp:postmeta>
                <wp:meta_key>_lsb_isbn</wp:meta_key>
                <wp:meta_value><![CDATA[lsb_acf_isbn]]></wp:meta_value>
            </wp:postmeta>
            <wp:postmeta>
                <wp:meta_key>lsb_published_year</wp:meta_key>
                <wp:meta_value><![CDATA[2008]]></wp:meta_value>
            </wp:postmeta>
            <wp:postmeta>
                <wp:meta_key>_lsb_published_year</wp:meta_key>
                <wp:meta_value><![CDATA[lsb_acf_published_year]]></wp:meta_value>
            </wp:postmeta>
            <wp:postmeta>
                <wp:meta_key>lsb_pages</wp:meta_key>
                <wp:meta_value><![CDATA[240]]></wp:meta_value>
            </wp:postmeta>
            <wp:postmeta>
                <wp:meta_key>_lsb_pages</wp:meta_key>
                <wp:meta_value><![CDATA[lsb_acf_pages]]></wp:meta_value>
            </wp:postmeta>
            <wp:postmeta>
                <wp:meta_key>lsb_review</wp:meta_key>
                <wp:meta_value><![CDATA[  <div>I 2008 var det 20 år siden Ernie <br />  kom på trykk i en avis for første gang. <br />  Tegneserien satte ny standard <br />  for hva det er mulig å spøke med. </div>  <div><br />  Denne boka har samlet de beste stripene <br />  fra starten i 1988 fram til 1992. </div>  <p>Serien har ett poeng for hver side,  <br />  noe som gjør det lett å følge med. <br />  Tegningene er tydelige. <br />  Teksten er litt liten, <br />  men er skrevet med versaler (store bokstaver). </p>  ]]></wp:meta_value>
            </wp:postmeta>
            <wp:postmeta>
                <wp:meta_key>_lsb_review</wp:meta_key>
                <wp:meta_value><![CDATA[lsb_acf_review]]></wp:meta_value>
            </wp:postmeta>
            <wp:postmeta>
                <wp:meta_key>lsb_quote</wp:meta_key>
                <wp:meta_value><![CDATA[- Jeg vil være hos henne dag og natt!   Alltid!   - Skjerping, Arnold. Det er meg hun elsker!   - Kan jeg ikke tilbringe hvert minutt av livet   med kvinnen jeg elsker, velger jeg det nest beste.   Jeg tilbringer dem med kjæresten hennes!   Var du ute med]]></wp:meta_value>
            </wp:postmeta>
            <wp:postmeta>
                <wp:meta_key>_lsb_quote</wp:meta_key>
                <wp:meta_value><![CDATA[lsb_acf_quote]]></wp:meta_value>
            </wp:postmeta>
            <wp:postmeta>
                <wp:meta_key>lsb_supported</wp:meta_key>
                <wp:meta_value><![CDATA[0]]></wp:meta_value>
            </wp:postmeta>
            <wp:postmeta>
                <wp:meta_key>_lsb_supported</wp:meta_key>
                <wp:meta_value><![CDATA[lsb_acf_supported]]></wp:meta_value>
            </wp:postmeta>
            <category domain="lsb_tax_author" nicename="bud-grace"><![CDATA[Bud Grace]]></category>
            <category domain="lsb_tax_publisher" nicename="egmont-"><![CDATA[Egmont ]]></category>
            <wp:postmeta>
                <wp:meta_key>lsb_look_inside</wp:meta_key>
                <wp:meta_value><![CDATA[CUSTOM_BLA_I_BOKA]]></wp:meta_value>
            </wp:postmeta>
            <wp:postmeta>
                <wp:meta_key>_lsb_look_inside</wp:meta_key>
                <wp:meta_value><![CDATA[lsb_acf_look_inside]]></wp:meta_value>
            </wp:postmeta>
            <category domain="lsb_tax_age" nicename="ungdom"><![CDATA[ungdom]]></category>
            <category domain="lsb_tax_age" nicename="voksne"><![CDATA[voksne]]></category>
            <category domain="lsb_tax_topic" nicename="humor"><![CDATA[humor]]></category>
            <category domain="lsb_tax_language" nicename="no_nb"><![CDATA[bokmål]]></category>
            <category domain="lsb_tax_customization" nicename="bilder"><![CDATA[bilder]]></category>
            <wp:postmeta>
                <wp:meta_key>_thumbnail_id</wp:meta_key>
                <wp:meta_value><![CDATA[5076]]></wp:meta_value>
            </wp:postmeta>
        </item>
        <item>
            <title>ernie.jpg</title>
            <wp:post_id>5076</wp:post_id>
            <wp:status>inherit</wp:status>
            <wp:post_type>attachment</wp:post_type>
            <wp:attachment_url>https://raw.githubusercontent.com/lesersokerbok/boksok.no-data-utils/master/output-example/images/863DBCD46C314F5BA3DF985AD627D4C2.jpg</wp:attachment_url>
        </item>
        <item>
            <wp:post_type>lsb_book</wp:post_type>
            <wp:status>publish</wp:status>
            <title>Toner deg i møte - sanger i stor skrift. Ressursbok</title>
            <excerpt:encoded><![CDATA[Ressursboka hører til sangboka   Toner deg i møte - sanger i stor skrift.]]></excerpt:encoded>
            <wp:postmeta>
                <wp:meta_key>lsb_isbn</wp:meta_key>
                <wp:meta_value><![CDATA[9788270935888]]></wp:meta_value>
            </wp:postmeta>
            <wp:postmeta>
                <wp:meta_key>_lsb_isbn</wp:meta_key>
                <wp:meta_value><![CDATA[lsb_acf_isbn]]></wp:meta_value>
            </wp:postmeta>
            <wp:postmeta>
                <wp:meta_key>lsb_published_year</wp:meta_key>
                <wp:meta_value><![CDATA[2008]]></wp:meta_value>
            </wp:postmeta>
            <wp:postmeta>
                <wp:meta_key>_lsb_published_year</wp:meta_key>
                <wp:meta_value><![CDATA[lsb_acf_published_year]]></wp:meta_value>
            </wp:postmeta>
            <wp:postmeta>
                <wp:meta_key>lsb_pages</wp:meta_key>
                <wp:meta_value><![CDATA[253]]></wp:meta_value>
            </wp:postmeta>
            <wp:postmeta>
                <wp:meta_key>_lsb_pages</wp:meta_key>
                <wp:meta_value><![CDATA[lsb_acf_pages]]></wp:meta_value>
            </wp:postmeta>
            <wp:postmeta>
                <wp:meta_key>lsb_review</wp:meta_key>
                <wp:meta_value><![CDATA[  <div>Sangboka er laget med tanke på <br />  personer med demens <br />  og eldre med psykiske lidelser.  <br />  Boka har kjente og kjære sanger <br />  i stor skrift. <br />  I ressursboka får du: <br />  - Noter til alle sangene <br />  - Litt om bakgrunnen til sangen, hvem som har laget den etc. <br />  - Tips om allsang og sang for personer med demens <br />  - Litt om metoden Individualisert musikk<br />  - En tabell med gitargrep<br />  - En dobbelt-CD med musikk til noen av sangene </div>  <div>&#160;</div>  <div><strong>GERIA</strong> - Oslo kommunes ressurssenter for <br />  demens /alderspsykiatri <br />  har hatt hovedansvaret for ressursboka. <br />  Les mer om <strong>GERIA</strong> på <a href="http://www.geria.no">www.geria.no</a></div>  <div>Boka kan bestilles ved å sende epost til <a href="mailto:geria@hev.oslo.kommune.no">geria@hev.oslo.kommune.no</a></div>  <div>&#160;</div>  ]]></wp:meta_value>
            </wp:postmeta>
            <wp:postmeta>
                <wp:meta_key>_lsb_review</wp:meta_key>
                <wp:meta_value><![CDATA[lsb_acf_review]]></wp:meta_value>
            </wp:postmeta>
            <wp:postmeta>
                <wp:meta_key>lsb_quote</wp:meta_key>
                <wp:meta_value><![CDATA[Tänk att jag dansar med Andreson,   lilla jag, lilla jag, med Fritiof Anderson.   Tänk att bli uppbjuden av en så`n   populär person!   ]]></wp:meta_value>
            </wp:postmeta>
            <wp:postmeta>
                <wp:meta_key>_lsb_quote</wp:meta_key>
                <wp:meta_value><![CDATA[lsb_acf_quote]]></wp:meta_value>
            </wp:postmeta>
            <wp:postmeta>
                <wp:meta_key>lsb_supported</wp:meta_key>
                <wp:meta_value><![CDATA[0]]></wp:meta_value>
            </wp:postmeta>
            <wp:postmeta>
                <wp:meta_key>_lsb_supported</wp:meta_key>
                <wp:meta_value><![CDATA[lsb_acf_supported]]></wp:meta_value>
            </wp:postmeta>
            <category domain="lsb_tax_author" nicename="beth-nordahl,-burghard-wellmann,-gunn-horne,-solfrid-r.-lyngroth"><![CDATA[Beth Nordahl, Burghard Wellmann, Gunn Horne, Solfrid R. Lyngroth]]></category>
            <category domain="lsb_tax_publisher" nicename="norsk-musikkforlag"><![CDATA[Norsk Musikkforlag]]></category>
            <wp:postmeta>
                <wp:meta_key>lsb_look_inside</wp:meta_key>
                <wp:meta_value><![CDATA[CUSTOM_BLA_I_BOKA]]></wp:meta_value>
            </wp:postmeta>
            <wp:postmeta>
                <wp:meta_key>_lsb_look_inside</wp:meta_key>
                <wp:meta_value><![CDATA[lsb_acf_look_inside]]></wp:meta_value>
            </wp:postmeta>
            <category domain="lsb_tax_age" nicename="voksne"><![CDATA[voksne]]></category>
            <category domain="lsb_tax_genre" nicename="faglitteratur"><![CDATA[faglitteratur]]></category>
            <category domain="lsb_tax_language" nicename="no_nb"><![CDATA[bokmål]]></category>
            <category domain="lsb_tax_customization" nicename="storskrift"><![CDATA[storskrift]]></category>
            <wp:postmeta>
                <wp:meta_key>_thumbnail_id</wp:meta_key>
                <wp:meta_value><![CDATA[5077]]></wp:meta_value>
            </wp:postmeta>
        </item>
        <item>
            <title>toner deg, ressursbok, forside.jpg</title>
            <wp:post_id>5077</wp:post_id>
            <wp:status>inherit</wp:status>
            <wp:post_type>attachment</wp:post_type>
            <wp:attachment_url>https://raw.githubusercontent.com/lesersokerbok/boksok.no-data-utils/master/output-example/images/F785AA54BAA24775A22EA8EE742340B8.jpg</wp:attachment_url>
        </item>
        <item>
            <wp:post_type>lsb_book</wp:post_type>
            <wp:status>publish</wp:status>
            <title>Toner deg i møte - sanger i stor skrift</title>
            <excerpt:encoded><![CDATA[Toner deg i møte er en sangbok med stor skrift. ]]></excerpt:encoded>
            <wp:postmeta>
                <wp:meta_key>lsb_isbn</wp:meta_key>
                <wp:meta_value><![CDATA[9788270935895]]></wp:meta_value>
            </wp:postmeta>
            <wp:postmeta>
                <wp:meta_key>_lsb_isbn</wp:meta_key>
                <wp:meta_value><![CDATA[lsb_acf_isbn]]></wp:meta_value>
            </wp:postmeta>
            <wp:postmeta>
                <wp:meta_key>lsb_published_year</wp:meta_key>
                <wp:meta_value><![CDATA[2008]]></wp:meta_value>
            </wp:postmeta>
            <wp:postmeta>
                <wp:meta_key>_lsb_published_year</wp:meta_key>
                <wp:meta_value><![CDATA[lsb_acf_published_year]]></wp:meta_value>
            </wp:postmeta>
            <wp:postmeta>
                <wp:meta_key>lsb_pages</wp:meta_key>
                <wp:meta_value><![CDATA[208]]></wp:meta_value>
            </wp:postmeta>
            <wp:postmeta>
                <wp:meta_key>_lsb_pages</wp:meta_key>
                <wp:meta_value><![CDATA[lsb_acf_pages]]></wp:meta_value>
            </wp:postmeta>
            <wp:postmeta>
                <wp:meta_key>lsb_review</wp:meta_key>
                <wp:meta_value><![CDATA[  <p>Dette er en sangbok for personer med demens <br />  og eldre med psykiske lidelser.  <br />  Boka har kjente og kjære sanger i stor skrift. <br />  Sangene er delt inn etter 11 ulike temaer.<br />  Det er lett å finne fram til sangene.  </p>  <div>Til sangboka er det gitt ut en ressursbok<br />  med noter, gitargrep og tips.  <br />  Med heftet følger også to CD-er <br />  med musikk til sangene. </div>  <div>&#160;</div>  <div><strong>GERIA</strong> - Oslo kommunes ressurssenter for <br />  demens /alderspsykiatri <br />  har hatt hovedansvaret for boka. <br />  Les mer om <strong>GERIA</strong> på <a href="http://www.geria.no">www.geria.no</a></div>  <div>Boka kan bestilles ved å sende epost til: <a href="mailto:geria@hev.oslo.kommune.no">geria@hev.oslo.kommune.no</a><br />    </div>  ]]></wp:meta_value>
            </wp:postmeta>
            <wp:postmeta>
                <wp:meta_key>_lsb_review</wp:meta_key>
                <wp:meta_value><![CDATA[lsb_acf_review]]></wp:meta_value>
            </wp:postmeta>
            <wp:postmeta>
                <wp:meta_key>lsb_quote</wp:meta_key>
                <wp:meta_value><![CDATA[Kom mai, du skjønne, milde, gjør skogen atter grønn,   og la ved bekk og kilde fiolen blomstre skjønn.   Hvor ville jeg dog gjerne at jeg igjen deg så!   Akk, kjære mai, hvor gjerne gadd jeg i marken gå!]]></wp:meta_value>
            </wp:postmeta>
            <wp:postmeta>
                <wp:meta_key>_lsb_quote</wp:meta_key>
                <wp:meta_value><![CDATA[lsb_acf_quote]]></wp:meta_value>
            </wp:postmeta>
            <wp:postmeta>
                <wp:meta_key>lsb_supported</wp:meta_key>
                <wp:meta_value><![CDATA[0]]></wp:meta_value>
            </wp:postmeta>
            <wp:postmeta>
                <wp:meta_key>_lsb_supported</wp:meta_key>
                <wp:meta_value><![CDATA[lsb_acf_supported]]></wp:meta_value>
            </wp:postmeta>
            <category domain="lsb_tax_author" nicename="beth-nordahl,-burghard-wellmann,-gunn-horne,-solfrid-r.-lyngroth"><![CDATA[Beth Nordahl, Burghard Wellmann, Gunn Horne, Solfrid R. Lyngroth]]></category>
            <category domain="lsb_tax_publisher" nicename="norsk-musikkforlag"><![CDATA[Norsk Musikkforlag]]></category>
            <wp:postmeta>
                <wp:meta_key>lsb_look_inside</wp:meta_key>
                <wp:meta_value><![CDATA[CUSTOM_BLA_I_BOKA]]></wp:meta_value>
            </wp:postmeta>
            <wp:postmeta>
                <wp:meta_key>_lsb_look_inside</wp:meta_key>
                <wp:meta_value><![CDATA[lsb_acf_look_inside]]></wp:meta_value>
            </wp:postmeta>
            <category domain="lsb_tax_age" nicename="voksne"><![CDATA[voksne]]></category>
            <category domain="lsb_tax_genre" nicename="faglitteratur"><![CDATA[faglitteratur]]></category>
            <category domain="lsb_tax_language" nicename="no_nb"><![CDATA[bokmål]]></category>
            <category domain="lsb_tax_customization" nicename="storskrift"><![CDATA[storskrift]]></category>
            <wp:postmeta>
                <wp:meta_key>_thumbnail_id</wp:meta_key>
                <wp:meta_value><![CDATA[5078]]></wp:meta_value>
            </wp:postmeta>
        </item>
        <item>
            <title>toner deg i møte, forside.jpg</title>
            <wp:post_id>5078</wp:post_id>
            <wp:status>inherit</wp:status>
            <wp:post_type>attachment</wp:post_type>
            <wp:attachment_url>https://raw.githubusercontent.com/lesersokerbok/boksok.no-data-utils/master/output-example/images/5757E5CFF4D54F63A20694AACE7A74DB.jpg</wp:attachment_url>
        </item>
        <item>
            <wp:post_type>lsb_book</wp:post_type>
            <wp:status>publish</wp:status>
            <title>Piraten Isaac</title>
            <excerpt:encoded><![CDATA[Denne tegneserieromanen inviterer deg inn   til et skikkelig sjørøver-eventyr. ]]></excerpt:encoded>
            <wp:postmeta>
                <wp:meta_key>lsb_isbn</wp:meta_key>
                <wp:meta_value><![CDATA[9788242940469]]></wp:meta_value>
            </wp:postmeta>
            <wp:postmeta>
                <wp:meta_key>_lsb_isbn</wp:meta_key>
                <wp:meta_value><![CDATA[lsb_acf_isbn]]></wp:meta_value>
            </wp:postmeta>
            <wp:postmeta>
                <wp:meta_key>lsb_published_year</wp:meta_key>
                <wp:meta_value><![CDATA[2009]]></wp:meta_value>
            </wp:postmeta>
            <wp:postmeta>
                <wp:meta_key>_lsb_published_year</wp:meta_key>
                <wp:meta_value><![CDATA[lsb_acf_published_year]]></wp:meta_value>
            </wp:postmeta>
            <wp:postmeta>
                <wp:meta_key>lsb_pages</wp:meta_key>
                <wp:meta_value><![CDATA[144]]></wp:meta_value>
            </wp:postmeta>
            <wp:postmeta>
                <wp:meta_key>_lsb_pages</wp:meta_key>
                <wp:meta_value><![CDATA[lsb_acf_pages]]></wp:meta_value>
            </wp:postmeta>
            <wp:postmeta>
                <wp:meta_key>lsb_review</wp:meta_key>
                <wp:meta_value><![CDATA[  <div>Isaac er en ung maler i Paris. <br />  Han har talent, men ingen penger. <br />  Isaac er forlovet med vakre Alice, <br />  men han kan ikke gifte seg med henne <br />  uten å tjene mer. <br />  En dag treffer han en fremmed som sier <br />  han skal få masse penger <br />  hvis han blir med på en sjøreise. <br />  Isaac takker ja. Snart viser det seg at reisen blir <br />  mer skummel enn han hadde tenkt.  </div>  <div>&#160;</div>  <p><strong>Piraten Isaac</strong> er en tegnet roman. <br />  Den har flotte, tydelige tegninger. <br />  Teksten er litt liten, <br />  men den er tydelig skrevet. </p>  ]]></wp:meta_value>
            </wp:postmeta>
            <wp:postmeta>
                <wp:meta_key>_lsb_review</wp:meta_key>
                <wp:meta_value><![CDATA[lsb_acf_review]]></wp:meta_value>
            </wp:postmeta>
            <wp:postmeta>
                <wp:meta_key>lsb_quote</wp:meta_key>
                <wp:meta_value><![CDATA[Gi meg din adresse, så   henter jeg deg med en   diligence klokken ni.   Ta kun med deg det du   absolutt behøver. Du får   alt du trenger om bord.   Og du vil få arbeids-  betingelser som mester. ]]></wp:meta_value>
            </wp:postmeta>
            <wp:postmeta>
                <wp:meta_key>_lsb_quote</wp:meta_key>
                <wp:meta_value><![CDATA[lsb_acf_quote]]></wp:meta_value>
            </wp:postmeta>
            <wp:postmeta>
                <wp:meta_key>lsb_supported</wp:meta_key>
                <wp:meta_value><![CDATA[0]]></wp:meta_value>
            </wp:postmeta>
            <wp:postmeta>
                <wp:meta_key>_lsb_supported</wp:meta_key>
                <wp:meta_value><![CDATA[lsb_acf_supported]]></wp:meta_value>
            </wp:postmeta>
            <category domain="lsb_tax_author" nicename="christophe-blain"><![CDATA[Christophe Blain]]></category>
            <category domain="lsb_tax_publisher" nicename="egmont-"><![CDATA[Egmont ]]></category>
            <wp:postmeta>
                <wp:meta_key>lsb_look_inside</wp:meta_key>
                <wp:meta_value><![CDATA[CUSTOM_BLA_I_BOKA]]></wp:meta_value>
            </wp:postmeta>
            <wp:postmeta>
                <wp:meta_key>_lsb_look_inside</wp:meta_key>
                <wp:meta_value><![CDATA[lsb_acf_look_inside]]></wp:meta_value>
            </wp:postmeta>
            <category domain="lsb_tax_age" nicename="ungdom"><![CDATA[ungdom]]></category>
            <category domain="lsb_tax_age" nicename="voksne"><![CDATA[voksne]]></category>
            <category domain="lsb_tax_genre" nicename="prosa"><![CDATA[prosa]]></category>
            <category domain="lsb_tax_topic" nicename="eventyr"><![CDATA[eventyr]]></category>
            <category domain="lsb_tax_language" nicename="no_nb"><![CDATA[bokmål]]></category>
            <category domain="lsb_tax_customization" nicename="bilder"><![CDATA[bilder]]></category>
            <wp:postmeta>
                <wp:meta_key>_thumbnail_id</wp:meta_key>
                <wp:meta_value><![CDATA[5079]]></wp:meta_value>
            </wp:postmeta>
        </item>
        <item>
            <title>piraten Isaac.jpg</title>
            <wp:post_id>5079</wp:post_id>
            <wp:status>inherit</wp:status>
            <wp:post_type>attachment</wp:post_type>
            <wp:attachment_url>https://raw.githubusercontent.com/lesersokerbok/boksok.no-data-utils/master/output-example/images/7D17C9BC53B542ED83C2C1E5965F2A2D.jpg</wp:attachment_url>
        </item>
        <item>
            <wp:post_type>lsb_book</wp:post_type>
            <wp:status>publish</wp:status>
            <title>Mare Frigoris</title>
            <excerpt:encoded><![CDATA[Tor Ærlig har kommet med nok en   tankevekkende tegnet roman. ]]></excerpt:encoded>
            <wp:postmeta>
                <wp:meta_key>lsb_isbn</wp:meta_key>
                <wp:meta_value><![CDATA[9788242940476]]></wp:meta_value>
            </wp:postmeta>
            <wp:postmeta>
                <wp:meta_key>_lsb_isbn</wp:meta_key>
                <wp:meta_value><![CDATA[lsb_acf_isbn]]></wp:meta_value>
            </wp:postmeta>
            <wp:postmeta>
                <wp:meta_key>lsb_published_year</wp:meta_key>
                <wp:meta_value><![CDATA[2009]]></wp:meta_value>
            </wp:postmeta>
            <wp:postmeta>
                <wp:meta_key>_lsb_published_year</wp:meta_key>
                <wp:meta_value><![CDATA[lsb_acf_published_year]]></wp:meta_value>
            </wp:postmeta>
            <wp:postmeta>
                <wp:meta_key>lsb_pages</wp:meta_key>
                <wp:meta_value><![CDATA[168]]></wp:meta_value>
            </wp:postmeta>
            <wp:postmeta>
                <wp:meta_key>_lsb_pages</wp:meta_key>
                <wp:meta_value><![CDATA[lsb_acf_pages]]></wp:meta_value>
            </wp:postmeta>
            <wp:postmeta>
                <wp:meta_key>lsb_review</wp:meta_key>
                <wp:meta_value><![CDATA[  <div><strong>Mare Frigoris</strong> er en tegnet roman  <br />  om vennskap, og om å bytte ut vennskap <br />  med berømmelse.  <br />  Kai Borg treffer Espen, en liten blek gutt. <br />  Espen elsker litteratur.  <br />  Likevel er det alltid Kai som må lese for ham.  </div>  <div>&#160;</div>  <div>Boka har tydelige tegninger. <br />  Teksten er skrevet for hånd <br />  og kan være vanskelig å lese noen steder.  </div>  <div>&#160;</div>  <p><strong>Tor Ærlig</strong> heter egentlig <strong>Tor Erling Naas</strong>. <br />  Han har fått god kritikk for <br />  romanene han har skrevet og tegnet. <br />  </p>  ]]></wp:meta_value>
            </wp:postmeta>
            <wp:postmeta>
                <wp:meta_key>_lsb_review</wp:meta_key>
                <wp:meta_value><![CDATA[lsb_acf_review]]></wp:meta_value>
            </wp:postmeta>
            <wp:postmeta>
                <wp:meta_key>lsb_quote</wp:meta_key>
                <wp:meta_value><![CDATA[Fy faen, Kai. Tenk på det!   Den gærne franskmannen skrev   det der for 150 år sida. Han var   søtten år og bodde sammen   med mora si! ]]></wp:meta_value>
            </wp:postmeta>
            <wp:postmeta>
                <wp:meta_key>_lsb_quote</wp:meta_key>
                <wp:meta_value><![CDATA[lsb_acf_quote]]></wp:meta_value>
            </wp:postmeta>
            <wp:postmeta>
                <wp:meta_key>lsb_supported</wp:meta_key>
                <wp:meta_value><![CDATA[0]]></wp:meta_value>
            </wp:postmeta>
            <wp:postmeta>
                <wp:meta_key>_lsb_supported</wp:meta_key>
                <wp:meta_value><![CDATA[lsb_acf_supported]]></wp:meta_value>
            </wp:postmeta>
            <category domain="lsb_tax_author" nicename="tor-ærlig"><![CDATA[Tor Ærlig]]></category>
            <category domain="lsb_tax_publisher" nicename="egmont-"><![CDATA[Egmont ]]></category>
            <category domain="lsb_tax_illustrator" nicename="tor-ærlig"><![CDATA[Tor Ærlig]]></category>
            <wp:postmeta>
                <wp:meta_key>lsb_look_inside</wp:meta_key>
                <wp:meta_value><![CDATA[CUSTOM_BLA_I_BOKA]]></wp:meta_value>
            </wp:postmeta>
            <wp:postmeta>
                <wp:meta_key>_lsb_look_inside</wp:meta_key>
                <wp:meta_value><![CDATA[lsb_acf_look_inside]]></wp:meta_value>
            </wp:postmeta>
            <category domain="lsb_tax_age" nicename="ungdom"><![CDATA[ungdom]]></category>
            <category domain="lsb_tax_age" nicename="voksne"><![CDATA[voksne]]></category>
            <category domain="lsb_tax_genre" nicename="prosa"><![CDATA[prosa]]></category>
            <category domain="lsb_tax_topic" nicename="mennesker-i-mellom"><![CDATA[mennesker i mellom]]></category>
            <category domain="lsb_tax_language" nicename="no_nb"><![CDATA[bokmål]]></category>
            <category domain="lsb_tax_customization" nicename="bilder"><![CDATA[bilder]]></category>
            <wp:postmeta>
                <wp:meta_key>_thumbnail_id</wp:meta_key>
                <wp:meta_value><![CDATA[5080]]></wp:meta_value>
            </wp:postmeta>
        </item>
        <item>
            <title>mare frigoris.jpg</title>
            <wp:post_id>5080</wp:post_id>
            <wp:status>inherit</wp:status>
            <wp:post_type>attachment</wp:post_type>
            <wp:attachment_url>https://raw.githubusercontent.com/lesersokerbok/boksok.no-data-utils/master/output-example/images/B46039BE78EC4B5C884FEC0B0D372A7C.jpg</wp:attachment_url>
        </item>
        <item>
            <wp:post_type>lsb_book</wp:post_type>
            <wp:status>publish</wp:status>
            <title>Barnesoldatene</title>
            <excerpt:encoded><![CDATA[Dette er en direkte og tankevekkende bok   om de som sloss under 1.verdenskrig  og hva de opplevde. ]]></excerpt:encoded>
            <wp:postmeta>
                <wp:meta_key>lsb_isbn</wp:meta_key>
                <wp:meta_value><![CDATA[9788280980212]]></wp:meta_value>
            </wp:postmeta>
            <wp:postmeta>
                <wp:meta_key>_lsb_isbn</wp:meta_key>
                <wp:meta_value><![CDATA[lsb_acf_isbn]]></wp:meta_value>
            </wp:postmeta>
            <wp:postmeta>
                <wp:meta_key>lsb_published_year</wp:meta_key>
                <wp:meta_value><![CDATA[2008]]></wp:meta_value>
            </wp:postmeta>
            <wp:postmeta>
                <wp:meta_key>_lsb_published_year</wp:meta_key>
                <wp:meta_value><![CDATA[lsb_acf_published_year]]></wp:meta_value>
            </wp:postmeta>
            <wp:postmeta>
                <wp:meta_key>lsb_pages</wp:meta_key>
                <wp:meta_value><![CDATA[97]]></wp:meta_value>
            </wp:postmeta>
            <wp:postmeta>
                <wp:meta_key>_lsb_pages</wp:meta_key>
                <wp:meta_value><![CDATA[lsb_acf_pages]]></wp:meta_value>
            </wp:postmeta>
            <wp:postmeta>
                <wp:meta_key>lsb_review</wp:meta_key>
                <wp:meta_value><![CDATA[  <div>Første verdenskrig raser. <br />  Harry og kameraten Jack bor på barnehjem. <br />  De er bare fjorten år gamle.  <br />  De lyver på alderen for å bli soldater. <br />  Sammen blir sendt til Frankrike, <br />  til et helvete på jord. </div>  <div>&#160;</div>  <p>I denne boka kan du lese om <br />  krigens grusomheter.<br />  Teksten er lett å lese. <br />  Den legger ikke skjul på hvor blodig krigen var. <br />  Kronologien kan være vanskelig å følge, <br />  men historien er spennende. </p>  ]]></wp:meta_value>
            </wp:postmeta>
            <wp:postmeta>
                <wp:meta_key>_lsb_review</wp:meta_key>
                <wp:meta_value><![CDATA[lsb_acf_review]]></wp:meta_value>
            </wp:postmeta>
            <wp:postmeta>
                <wp:meta_key>lsb_quote</wp:meta_key>
                <wp:meta_value><![CDATA[Harry trakk ut sikkerhetsnålen på den ene   håndgranaten, kastet den mot fienden  og dukket før han visste om den traff mål.   Så rettet han geværet mot et tysk fjes og skjøt.   Det gikk nesten ikke an å bomme på denne   avstanden, tenkte Harry. ]]></wp:meta_value>
            </wp:postmeta>
            <wp:postmeta>
                <wp:meta_key>_lsb_quote</wp:meta_key>
                <wp:meta_value><![CDATA[lsb_acf_quote]]></wp:meta_value>
            </wp:postmeta>
            <wp:postmeta>
                <wp:meta_key>lsb_supported</wp:meta_key>
                <wp:meta_value><![CDATA[0]]></wp:meta_value>
            </wp:postmeta>
            <wp:postmeta>
                <wp:meta_key>_lsb_supported</wp:meta_key>
                <wp:meta_value><![CDATA[lsb_acf_supported]]></wp:meta_value>
            </wp:postmeta>
            <category domain="lsb_tax_author" nicename="philip-newth"><![CDATA[Philip Newth]]></category>
            <category domain="lsb_tax_publisher" nicename="lettlest-forlag-"><![CDATA[Lettlest forlag ]]></category>
            <wp:postmeta>
                <wp:meta_key>lsb_look_inside</wp:meta_key>
                <wp:meta_value><![CDATA[CUSTOM_BLA_I_BOKA]]></wp:meta_value>
            </wp:postmeta>
            <wp:postmeta>
                <wp:meta_key>_lsb_look_inside</wp:meta_key>
                <wp:meta_value><![CDATA[lsb_acf_look_inside]]></wp:meta_value>
            </wp:postmeta>
            <category domain="lsb_tax_age" nicename="ungdom"><![CDATA[ungdom]]></category>
            <category domain="lsb_tax_age" nicename="voksne"><![CDATA[voksne]]></category>
            <category domain="lsb_tax_genre" nicename="prosa"><![CDATA[prosa]]></category>
            <category domain="lsb_tax_topic" nicename="historie"><![CDATA[historie]]></category>
            <category domain="lsb_tax_topic" nicename="samfunn"><![CDATA[samfunn]]></category>
            <category domain="lsb_tax_language" nicename="no_nb"><![CDATA[bokmål]]></category>
            <category domain="lsb_tax_customization" nicename="skjønnlitteratur"><![CDATA[skjønnlitteratur]]></category>
            <wp:postmeta>
                <wp:meta_key>_thumbnail_id</wp:meta_key>
                <wp:meta_value><![CDATA[5081]]></wp:meta_value>
            </wp:postmeta>
        </item>
        <item>
            <title>barnesoldatene.jpg</title>
            <wp:post_id>5081</wp:post_id>
            <wp:status>inherit</wp:status>
            <wp:post_type>attachment</wp:post_type>
            <wp:attachment_url>https://raw.githubusercontent.com/lesersokerbok/boksok.no-data-utils/master/output-example/images/0D418603F09841679B56FF0579AEBC8D.jpg</wp:attachment_url>
        </item>
        <item>
            <wp:post_type>lsb_book</wp:post_type>
            <wp:status>publish</wp:status>
            <title>Redd</title>
            <excerpt:encoded><![CDATA[Dette er den fjerde boka i Følelsesbiblioteket.   Hvordan kjennes det å være redd?     Medlemmer av Leseklubben kan kjøpe Redd  fra Leser søker bok. Boka koster 100 kroner  for medlemmer. ]]></excerpt:encoded>
            <wp:postmeta>
                <wp:meta_key>lsb_isbn</wp:meta_key>
                <wp:meta_value><![CDATA[9788256016105]]></wp:meta_value>
            </wp:postmeta>
            <wp:postmeta>
                <wp:meta_key>_lsb_isbn</wp:meta_key>
                <wp:meta_value><![CDATA[lsb_acf_isbn]]></wp:meta_value>
            </wp:postmeta>
            <wp:postmeta>
                <wp:meta_key>lsb_published_year</wp:meta_key>
                <wp:meta_value><![CDATA[2009]]></wp:meta_value>
            </wp:postmeta>
            <wp:postmeta>
                <wp:meta_key>_lsb_published_year</wp:meta_key>
                <wp:meta_value><![CDATA[lsb_acf_published_year]]></wp:meta_value>
            </wp:postmeta>
            <wp:postmeta>
                <wp:meta_key>lsb_pages</wp:meta_key>
                <wp:meta_value><![CDATA[23]]></wp:meta_value>
            </wp:postmeta>
            <wp:postmeta>
                <wp:meta_key>_lsb_pages</wp:meta_key>
                <wp:meta_value><![CDATA[lsb_acf_pages]]></wp:meta_value>
            </wp:postmeta>
            <wp:postmeta>
                <wp:meta_key>lsb_review</wp:meta_key>
                <wp:meta_value><![CDATA[  <p>Er det farlig? <br />  I boka <strong>Redd</strong> kan du lese <br />  hva folk er redde for, <br />  og at det går an å trene <br />  for å mestre det. </p>  <div><strong>&#160;</strong></div>  <div>Anna Fiske har laget fem bøker <br />  i serien <strong>Følelsesbiblioteket</strong>. <br />  De fire andre er <strong>Sjenanse</strong>, <strong>Sinne,</strong> <br />  <strong>Sjalusi</strong> og <strong>Forelskelse</strong>. <br />  Bøkene har flotte fargebilder <br />  og få ord. </div>  <div>&#160;</div>  <div>Disse bøkene er fine både for <br />  barn og ungdom som vil ha enkel tekst<br />  og for voksne som trenger enkelt innhold.</div>  <div>&#160;</div>  <div>  <div><strong>Følelsesbiblioteket</strong> har vært brukt </div>  <div>i et studieopplegg ved NFU (Norsk forbund for utviklingshemmede). </div>  <div>Gruppen hadde stort utbytte av bøkene. </div>  <div>De viste seg å være velegnet </div>  <div>også til de som ikke kan lese selv. </div>  <div>Det ble mange fine samtaler </div>  <div>og erfaringsutvekslinger rundt bøkene. </div>  <div>&#160;</div>Bøkene passer både for barn og voksne <br />  som liker at få ord forteller mye.  </div>  <div>&#160;</div>  <div>Bildene gir også rom for utdyping, </div>  <div>slik at for eksempel folk i norskopplæring </div>  <div>kan øve seg med å fylle inn "tomrommene" med norske ord.  </div>  <div>&#160;</div>  <div>  <div>Serien har også vært brukt i et lese- og skriveprosjekt </div>  <div>ved Rosenhof VO i Oslo. </div>  <div>Bøkene egnet seg godt til språktrening. </div>  <div>Elevene snakket om det de hadde lest </div>  <div>og skrev tekster om følelser.   </div></div>  ]]></wp:meta_value>
            </wp:postmeta>
            <wp:postmeta>
                <wp:meta_key>_lsb_review</wp:meta_key>
                <wp:meta_value><![CDATA[lsb_acf_review]]></wp:meta_value>
            </wp:postmeta>
            <wp:postmeta>
                <wp:meta_key>lsb_quote</wp:meta_key>
                <wp:meta_value><![CDATA[DET ER IKKE FARLIG Å BLI REDD   DET BARE FØLES SÅNN]]></wp:meta_value>
            </wp:postmeta>
            <wp:postmeta>
                <wp:meta_key>_lsb_quote</wp:meta_key>
                <wp:meta_value><![CDATA[lsb_acf_quote]]></wp:meta_value>
            </wp:postmeta>
            <wp:postmeta>
                <wp:meta_key>lsb_supported</wp:meta_key>
                <wp:meta_value><![CDATA[1]]></wp:meta_value>
            </wp:postmeta>
            <wp:postmeta>
                <wp:meta_key>_lsb_supported</wp:meta_key>
                <wp:meta_value><![CDATA[lsb_acf_supported]]></wp:meta_value>
            </wp:postmeta>
            <wp:postmeta>
                <wp:meta_key>lsb_support_cat</wp:meta_key>
                <wp:meta_value><![CDATA[purple]]></wp:meta_value>
            </wp:postmeta>
            <wp:postmeta>
                <wp:meta_key>_lsb_support_cat</wp:meta_key>
                <wp:meta_value><![CDATA[lsb_acf_support_cat]]></wp:meta_value>
            </wp:postmeta>
            <category domain="lsb_tax_author" nicename="anna-fiske"><![CDATA[Anna Fiske]]></category>
            <category domain="lsb_tax_publisher" nicename="solum-"><![CDATA[Solum ]]></category>
            <category domain="lsb_tax_illustrator" nicename="anna-fiske"><![CDATA[Anna Fiske]]></category>
            <wp:postmeta>
                <wp:meta_key>lsb_look_inside</wp:meta_key>
                <wp:meta_value><![CDATA[CUSTOM_BLA_I_BOKA]]></wp:meta_value>
            </wp:postmeta>
            <wp:postmeta>
                <wp:meta_key>_lsb_look_inside</wp:meta_key>
                <wp:meta_value><![CDATA[lsb_acf_look_inside]]></wp:meta_value>
            </wp:postmeta>
            <category domain="lsb_tax_age" nicename="barn"><![CDATA[barn]]></category>
            <category domain="lsb_tax_age" nicename="voksne"><![CDATA[voksne]]></category>
            <category domain="lsb_tax_age" nicename="ungdom"><![CDATA[ungdom]]></category>
            <category domain="lsb_tax_topic" nicename="humor"><![CDATA[humor]]></category>
            <category domain="lsb_tax_language" nicename="no_nb"><![CDATA[bokmål]]></category>
            <category domain="lsb_tax_customization" nicename="bilder"><![CDATA[bilder]]></category>
            <category domain="lsb_tax_customization" nicename="ny-i-norge"><![CDATA[ny i norge]]></category>
            <category domain="lsb_tax_customization" nicename="mange-bilder"><![CDATA[mange bilder]]></category>
            <wp:postmeta>
                <wp:meta_key>_thumbnail_id</wp:meta_key>
                <wp:meta_value><![CDATA[5082]]></wp:meta_value>
            </wp:postmeta>
        </item>
        <item>
            <title>redd.jpg</title>
            <wp:post_id>5082</wp:post_id>
            <wp:status>inherit</wp:status>
            <wp:post_type>attachment</wp:post_type>
            <wp:attachment_url>https://raw.githubusercontent.com/lesersokerbok/boksok.no-data-utils/master/output-example/images/62E7BB5BE0874117B22F902C06798142.jpg</wp:attachment_url>
        </item>
        <item>
            <wp:post_type>lsb_book</wp:post_type>
            <wp:status>publish</wp:status>
            <title>Trekkspill-tvillingene - LYDBOK</title>
            <excerpt:encoded><![CDATA[Nå kan du høre den spennende og sprø historien   om Sofus Bergimellom og trekkspill-tvillingene. ]]></excerpt:encoded>
            <wp:postmeta>
                <wp:meta_key>lsb_isbn</wp:meta_key>
                <wp:meta_value><![CDATA[9788242145765]]></wp:meta_value>
            </wp:postmeta>
            <wp:postmeta>
                <wp:meta_key>_lsb_isbn</wp:meta_key>
                <wp:meta_value><![CDATA[lsb_acf_isbn]]></wp:meta_value>
            </wp:postmeta>
            <wp:postmeta>
                <wp:meta_key>lsb_published_year</wp:meta_key>
                <wp:meta_value><![CDATA[2009]]></wp:meta_value>
            </wp:postmeta>
            <wp:postmeta>
                <wp:meta_key>_lsb_published_year</wp:meta_key>
                <wp:meta_value><![CDATA[lsb_acf_published_year]]></wp:meta_value>
            </wp:postmeta>
            <wp:postmeta>
                <wp:meta_key>lsb_pages</wp:meta_key>
                <wp:meta_value/>
            </wp:postmeta>
            <wp:postmeta>
                <wp:meta_key>_lsb_pages</wp:meta_key>
                <wp:meta_value><![CDATA[lsb_acf_pages]]></wp:meta_value>
            </wp:postmeta>
            <wp:postmeta>
                <wp:meta_key>lsb_review</wp:meta_key>
                <wp:meta_value><![CDATA[  <div>Sofus Bergimellom finner et lik uten hode. <br />  Politiet retter raskt mistanken mot Mons Viksand, <br />  en av trekkspill-tvillingene. <br />  Sofus forsøker å komme til bunns i saken, <br />  med god hjelp av en kvinne: <br />  Kvinnen han ikke har sett på over 25 år, <br />  og som han aldri har klart å glemme. </div>  <div>&#160;</div>  <p><strong>Levi Henriksen</strong> leser selv historien.<br />  Det er hylende morsomt, og som vanlig forteller <br />  Levi Henriksen om nokså sære typer. <br />  Lydboka har en spilletid på 1,00 time. <br />  Den har rolig lesefart. <br />  </p>  ]]></wp:meta_value>
            </wp:postmeta>
            <wp:postmeta>
                <wp:meta_key>_lsb_review</wp:meta_key>
                <wp:meta_value><![CDATA[lsb_acf_review]]></wp:meta_value>
            </wp:postmeta>
            <wp:postmeta>
                <wp:meta_key>lsb_quote</wp:meta_key>
                <wp:meta_value><![CDATA[Det kunne ikke bli stort mer merkelig.   Ting kunne ikke ligne mer på en drøm.   Derfor føltes det helt naturlig å sitte i bilen sin  før klokka åtte om morgenen på vei   til Per Svartberg. Det føltes helt naturlig  at Maria fra den andre sida av skogen   satt ved siden av ham i setet,   som om de siste tjuefem årene aldri hadde skjedd. ]]></wp:meta_value>
            </wp:postmeta>
            <wp:postmeta>
                <wp:meta_key>_lsb_quote</wp:meta_key>
                <wp:meta_value><![CDATA[lsb_acf_quote]]></wp:meta_value>
            </wp:postmeta>
            <wp:postmeta>
                <wp:meta_key>lsb_supported</wp:meta_key>
                <wp:meta_value><![CDATA[1]]></wp:meta_value>
            </wp:postmeta>
            <wp:postmeta>
                <wp:meta_key>_lsb_supported</wp:meta_key>
                <wp:meta_value><![CDATA[lsb_acf_supported]]></wp:meta_value>
            </wp:postmeta>
            <wp:postmeta>
                <wp:meta_key>lsb_support_cat</wp:meta_key>
                <wp:meta_value><![CDATA[purple]]></wp:meta_value>
            </wp:postmeta>
            <wp:postmeta>
                <wp:meta_key>_lsb_support_cat</wp:meta_key>
                <wp:meta_value><![CDATA[lsb_acf_support_cat]]></wp:meta_value>
            </wp:postmeta>
            <category domain="lsb_tax_author" nicename="levi-henriksen"><![CDATA[Levi Henriksen]]></category>
            <category domain="lsb_tax_publisher" nicename="lydbokforlaget-"><![CDATA[Lydbokforlaget ]]></category>
            <wp:postmeta>
                <wp:meta_key>lsb_look_inside</wp:meta_key>
                <wp:meta_value><![CDATA[CUSTOM_BLA_I_BOKA]]></wp:meta_value>
            </wp:postmeta>
            <wp:postmeta>
                <wp:meta_key>_lsb_look_inside</wp:meta_key>
                <wp:meta_value><![CDATA[lsb_acf_look_inside]]></wp:meta_value>
            </wp:postmeta>
            <category domain="lsb_tax_age" nicename="voksne"><![CDATA[voksne]]></category>
            <category domain="lsb_tax_genre" nicename="prosa"><![CDATA[prosa]]></category>
            <category domain="lsb_tax_topic" nicename="krim"><![CDATA[krim]]></category>
            <category domain="lsb_tax_topic" nicename="spenning"><![CDATA[spenning]]></category>
            <category domain="lsb_tax_topic" nicename="humor"><![CDATA[humor]]></category>
            <category domain="lsb_tax_topic" nicename="mennesker-i-mellom"><![CDATA[mennesker i mellom]]></category>
            <category domain="lsb_tax_language" nicename="no_nb"><![CDATA[bokmål]]></category>
            <category domain="lsb_tax_customization" nicename="skjønnlitteratur"><![CDATA[skjønnlitteratur]]></category>
            <category domain="lsb_tax_customization" nicename="lydbok"><![CDATA[lydbok]]></category>
            <wp:postmeta>
                <wp:meta_key>_thumbnail_id</wp:meta_key>
                <wp:meta_value><![CDATA[5083]]></wp:meta_value>
            </wp:postmeta>
        </item>
        <item>
            <title>trekkspill-tvillingene, LYD, ny.jpg</title>
            <wp:post_id>5083</wp:post_id>
            <wp:status>inherit</wp:status>
            <wp:post_type>attachment</wp:post_type>
            <wp:attachment_url>https://raw.githubusercontent.com/lesersokerbok/boksok.no-data-utils/master/output-example/images/BF750BF805DF4E3C9AE277FD11CF745E.jpg</wp:attachment_url>
        </item>
        <item>
            <wp:post_type>lsb_book</wp:post_type>
            <wp:status>publish</wp:status>
            <title>Ni brev til advokaten - LYDBOK</title>
            <excerpt:encoded><![CDATA[Nå kan du høre den spennende historien   om advokat Peter Passgaard og hans kone,   som får anonyme brev i posten.]]></excerpt:encoded>
            <wp:postmeta>
                <wp:meta_key>lsb_isbn</wp:meta_key>
                <wp:meta_value><![CDATA[9788242145789]]></wp:meta_value>
            </wp:postmeta>
            <wp:postmeta>
                <wp:meta_key>_lsb_isbn</wp:meta_key>
                <wp:meta_value><![CDATA[lsb_acf_isbn]]></wp:meta_value>
            </wp:postmeta>
            <wp:postmeta>
                <wp:meta_key>lsb_published_year</wp:meta_key>
                <wp:meta_value><![CDATA[2009]]></wp:meta_value>
            </wp:postmeta>
            <wp:postmeta>
                <wp:meta_key>_lsb_published_year</wp:meta_key>
                <wp:meta_value><![CDATA[lsb_acf_published_year]]></wp:meta_value>
            </wp:postmeta>
            <wp:postmeta>
                <wp:meta_key>lsb_pages</wp:meta_key>
                <wp:meta_value/>
            </wp:postmeta>
            <wp:postmeta>
                <wp:meta_key>_lsb_pages</wp:meta_key>
                <wp:meta_value><![CDATA[lsb_acf_pages]]></wp:meta_value>
            </wp:postmeta>
            <wp:postmeta>
                <wp:meta_key>lsb_review</wp:meta_key>
                <wp:meta_value><![CDATA[  <div>Siggen Sørensen tar saken. <br />  Alt ser normalt ut, <br />  helt til det blir begått et mord ...</div>  <div>&#160;</div>  <p>Lydboka har en spilletid på 0,58 timer. <br />  Den har rolig lesefart. <br />  <strong>Tone Mostraum</strong> leser teksten. <br />  Hun har gått på Teaterhøyskolen <br />  og har jobbet som skuespiller i flere år. <br />  Boka finnes også som trykket bok <br />  i serien Litt å lese. </p>  ]]></wp:meta_value>
            </wp:postmeta>
            <wp:postmeta>
                <wp:meta_key>_lsb_review</wp:meta_key>
                <wp:meta_value><![CDATA[lsb_acf_review]]></wp:meta_value>
            </wp:postmeta>
            <wp:postmeta>
                <wp:meta_key>lsb_quote</wp:meta_key>
                <wp:meta_value><![CDATA[Innholdet i de forskjellige brevene liknet   på det første:   Peter Passgaard fortjente ikke å leve   - Peter Passgaard skulle dø.   Siggen Sørensen tok av seg brillene igjen   og gned seg i øynene. ]]></wp:meta_value>
            </wp:postmeta>
            <wp:postmeta>
                <wp:meta_key>_lsb_quote</wp:meta_key>
                <wp:meta_value><![CDATA[lsb_acf_quote]]></wp:meta_value>
            </wp:postmeta>
            <wp:postmeta>
                <wp:meta_key>lsb_supported</wp:meta_key>
                <wp:meta_value><![CDATA[0]]></wp:meta_value>
            </wp:postmeta>
            <wp:postmeta>
                <wp:meta_key>_lsb_supported</wp:meta_key>
                <wp:meta_value><![CDATA[lsb_acf_supported]]></wp:meta_value>
            </wp:postmeta>
            <category domain="lsb_tax_author" nicename="kjersti-scheen"><![CDATA[Kjersti Scheen]]></category>
            <category domain="lsb_tax_publisher" nicename="lydbokforlaget-"><![CDATA[Lydbokforlaget ]]></category>
            <wp:postmeta>
                <wp:meta_key>lsb_look_inside</wp:meta_key>
                <wp:meta_value><![CDATA[CUSTOM_BLA_I_BOKA]]></wp:meta_value>
            </wp:postmeta>
            <wp:postmeta>
                <wp:meta_key>_lsb_look_inside</wp:meta_key>
                <wp:meta_value><![CDATA[lsb_acf_look_inside]]></wp:meta_value>
            </wp:postmeta>
            <category domain="lsb_tax_age" nicename="voksne"><![CDATA[voksne]]></category>
            <category domain="lsb_tax_genre" nicename="prosa"><![CDATA[prosa]]></category>
            <category domain="lsb_tax_topic" nicename="krim"><![CDATA[krim]]></category>
            <category domain="lsb_tax_topic" nicename="spenning"><![CDATA[spenning]]></category>
            <category domain="lsb_tax_language" nicename="no_nb"><![CDATA[bokmål]]></category>
            <category domain="lsb_tax_customization" nicename="skjønnlitteratur"><![CDATA[skjønnlitteratur]]></category>
            <category domain="lsb_tax_customization" nicename="lydbok"><![CDATA[lydbok]]></category>
            <wp:postmeta>
                <wp:meta_key>_thumbnail_id</wp:meta_key>
                <wp:meta_value><![CDATA[5084]]></wp:meta_value>
            </wp:postmeta>
        </item>
        <item>
            <title>ni brev til advokaten, LYD, ny.jpg</title>
            <wp:post_id>5084</wp:post_id>
            <wp:status>inherit</wp:status>
            <wp:post_type>attachment</wp:post_type>
            <wp:attachment_url>https://raw.githubusercontent.com/lesersokerbok/boksok.no-data-utils/master/output-example/images/FE62EC25C5754A22920491D27989674B.jpg</wp:attachment_url>
        </item>
        <item>
            <wp:post_type>lsb_book</wp:post_type>
            <wp:status>publish</wp:status>
            <title>Emma3 og ToreHund - lydbok</title>
            <excerpt:encoded><![CDATA[Nå kan du høre historien om Emma   som møter ToreHund på internett.     ]]></excerpt:encoded>
            <wp:postmeta>
                <wp:meta_key>lsb_isbn</wp:meta_key>
                <wp:meta_value><![CDATA[9788242145772]]></wp:meta_value>
            </wp:postmeta>
            <wp:postmeta>
                <wp:meta_key>_lsb_isbn</wp:meta_key>
                <wp:meta_value><![CDATA[lsb_acf_isbn]]></wp:meta_value>
            </wp:postmeta>
            <wp:postmeta>
                <wp:meta_key>lsb_published_year</wp:meta_key>
                <wp:meta_value><![CDATA[2009]]></wp:meta_value>
            </wp:postmeta>
            <wp:postmeta>
                <wp:meta_key>_lsb_published_year</wp:meta_key>
                <wp:meta_value><![CDATA[lsb_acf_published_year]]></wp:meta_value>
            </wp:postmeta>
            <wp:postmeta>
                <wp:meta_key>lsb_pages</wp:meta_key>
                <wp:meta_value/>
            </wp:postmeta>
            <wp:postmeta>
                <wp:meta_key>_lsb_pages</wp:meta_key>
                <wp:meta_value><![CDATA[lsb_acf_pages]]></wp:meta_value>
            </wp:postmeta>
            <wp:postmeta>
                <wp:meta_key>lsb_review</wp:meta_key>
                <wp:meta_value><![CDATA[  <div>Emma synes hverdagen er vanskelig å takle.<br />  Hun er mye ensom og har få venner. <br />  Ikke fordi hun har valgt det selv,  <br />  det har bare blitt sånn. <br />  Så oppdager hun nettet - et fristed. <br />  Der Emma kan være som hun vil.<br />  Der våger hun å sende meldinger<br />  til ToreHund med de pene øynene.</div>  <div>&#160;</div>  <div>Kjersti Scheen har skrevet mange <br />  bøker med enkel tekst. I 2006 kom <br />  krimboka <strong>Ni brev til advokaten</strong>,<br />  og i 2005 kom ungdomsboka <strong>Villas vals</strong>. </div>  <div>&#160;</div>  ]]></wp:meta_value>
            </wp:postmeta>
            <wp:postmeta>
                <wp:meta_key>_lsb_review</wp:meta_key>
                <wp:meta_value><![CDATA[lsb_acf_review]]></wp:meta_value>
            </wp:postmeta>
            <wp:postmeta>
                <wp:meta_key>lsb_quote</wp:meta_key>
                <wp:meta_value><![CDATA[Emma blir litt flau hver gang hun ser på profilen sin.  Det eneste som er sant, er at hun liker data,  og dyr. Hun er ingen kul person.  Hun liker musikk, men kan ingen navn  på kule band. Hun har nesten ingen venner,  ikke det man kan kalle venner. Bare bekjente,  de som går i klassen eller bor i nabohusene.  Slike hun kan nikke til når hun går forbi,  eller til nød prate om et tv-program med. ]]></wp:meta_value>
            </wp:postmeta>
            <wp:postmeta>
                <wp:meta_key>_lsb_quote</wp:meta_key>
                <wp:meta_value><![CDATA[lsb_acf_quote]]></wp:meta_value>
            </wp:postmeta>
            <wp:postmeta>
                <wp:meta_key>lsb_supported</wp:meta_key>
                <wp:meta_value><![CDATA[1]]></wp:meta_value>
            </wp:postmeta>
            <wp:postmeta>
                <wp:meta_key>_lsb_supported</wp:meta_key>
                <wp:meta_value><![CDATA[lsb_acf_supported]]></wp:meta_value>
            </wp:postmeta>
            <wp:postmeta>
                <wp:meta_key>lsb_support_cat</wp:meta_key>
                <wp:meta_value><![CDATA[purple]]></wp:meta_value>
            </wp:postmeta>
            <wp:postmeta>
                <wp:meta_key>_lsb_support_cat</wp:meta_key>
                <wp:meta_value><![CDATA[lsb_acf_support_cat]]></wp:meta_value>
            </wp:postmeta>
            <category domain="lsb_tax_author" nicename="kjersti-scheen"><![CDATA[Kjersti Scheen]]></category>
            <category domain="lsb_tax_publisher" nicename="lydbokforlaget-"><![CDATA[Lydbokforlaget ]]></category>
            <wp:postmeta>
                <wp:meta_key>lsb_look_inside</wp:meta_key>
                <wp:meta_value><![CDATA[CUSTOM_BLA_I_BOKA]]></wp:meta_value>
            </wp:postmeta>
            <wp:postmeta>
                <wp:meta_key>_lsb_look_inside</wp:meta_key>
                <wp:meta_value><![CDATA[lsb_acf_look_inside]]></wp:meta_value>
            </wp:postmeta>
            <category domain="lsb_tax_age" nicename="ungdom"><![CDATA[ungdom]]></category>
            <category domain="lsb_tax_genre" nicename="prosa"><![CDATA[prosa]]></category>
            <category domain="lsb_tax_topic" nicename="kjærlighet"><![CDATA[kjærlighet]]></category>
            <category domain="lsb_tax_language" nicename="no_nb"><![CDATA[bokmål]]></category>
            <category domain="lsb_tax_customization" nicename="skjønnlitteratur"><![CDATA[skjønnlitteratur]]></category>
            <category domain="lsb_tax_customization" nicename="lydbok"><![CDATA[lydbok]]></category>
            <wp:postmeta>
                <wp:meta_key>_thumbnail_id</wp:meta_key>
                <wp:meta_value><![CDATA[5085]]></wp:meta_value>
            </wp:postmeta>
        </item>
        <item>
            <title>emma3 og ToreHud, LYD, ny.jpg</title>
            <wp:post_id>5085</wp:post_id>
            <wp:status>inherit</wp:status>
            <wp:post_type>attachment</wp:post_type>
            <wp:attachment_url>https://raw.githubusercontent.com/lesersokerbok/boksok.no-data-utils/master/output-example/images/327B2609541B4E4AA0F38ED6BC7BFB3A.jpg</wp:attachment_url>
        </item>
        <item>
            <wp:post_type>lsb_book</wp:post_type>
            <wp:status>publish</wp:status>
            <title>Bare en siste gang - LYDBOK</title>
            <excerpt:encoded><![CDATA[Nå kan du høre historien om skihopperen   som får vite at han har en sykdom som   knuser drømmen om å bli storhopper.]]></excerpt:encoded>
            <wp:postmeta>
                <wp:meta_key>lsb_isbn</wp:meta_key>
                <wp:meta_value><![CDATA[9788242145826]]></wp:meta_value>
            </wp:postmeta>
            <wp:postmeta>
                <wp:meta_key>_lsb_isbn</wp:meta_key>
                <wp:meta_value><![CDATA[lsb_acf_isbn]]></wp:meta_value>
            </wp:postmeta>
            <wp:postmeta>
                <wp:meta_key>lsb_published_year</wp:meta_key>
                <wp:meta_value><![CDATA[2009]]></wp:meta_value>
            </wp:postmeta>
            <wp:postmeta>
                <wp:meta_key>_lsb_published_year</wp:meta_key>
                <wp:meta_value><![CDATA[lsb_acf_published_year]]></wp:meta_value>
            </wp:postmeta>
            <wp:postmeta>
                <wp:meta_key>lsb_pages</wp:meta_key>
                <wp:meta_value/>
            </wp:postmeta>
            <wp:postmeta>
                <wp:meta_key>_lsb_pages</wp:meta_key>
                <wp:meta_value><![CDATA[lsb_acf_pages]]></wp:meta_value>
            </wp:postmeta>
            <wp:postmeta>
                <wp:meta_key>lsb_review</wp:meta_key>
                <wp:meta_value><![CDATA[  <div>Lytt til en vakker fortelling om <br />  en ung gutt som får vite at hele livet hans <br />  vil måtte endre seg.  </div>  <div>&#160;</div>  <p>Lydboka har en spilletid på 0,38 timer. <br />  Forfatteren <strong>Thorvald Steen</strong> leser selv teksten.<br />  Den er lest med rolig lesefart.   <br />  Boka finnes også som trykket bok <br />  i serien <strong>Litt å lese</strong>. </p>  <p><br />  </p>  ]]></wp:meta_value>
            </wp:postmeta>
            <wp:postmeta>
                <wp:meta_key>_lsb_review</wp:meta_key>
                <wp:meta_value><![CDATA[lsb_acf_review]]></wp:meta_value>
            </wp:postmeta>
            <wp:postmeta>
                <wp:meta_key>lsb_quote</wp:meta_key>
                <wp:meta_value><![CDATA[Først nå gikk det opp for meg   hva legen hadde sagt.   Han hadde uttrykkelig fortalt   at det ikke var noe råd, men et påbud.   Han hadde nektet meg å hoppe på ski,   det jeg elsket mest av alt. ]]></wp:meta_value>
            </wp:postmeta>
            <wp:postmeta>
                <wp:meta_key>_lsb_quote</wp:meta_key>
                <wp:meta_value><![CDATA[lsb_acf_quote]]></wp:meta_value>
            </wp:postmeta>
            <wp:postmeta>
                <wp:meta_key>lsb_supported</wp:meta_key>
                <wp:meta_value><![CDATA[1]]></wp:meta_value>
            </wp:postmeta>
            <wp:postmeta>
                <wp:meta_key>_lsb_supported</wp:meta_key>
                <wp:meta_value><![CDATA[lsb_acf_supported]]></wp:meta_value>
            </wp:postmeta>
            <wp:postmeta>
                <wp:meta_key>lsb_support_cat</wp:meta_key>
                <wp:meta_value><![CDATA[purple]]></wp:meta_value>
            </wp:postmeta>
            <wp:postmeta>
                <wp:meta_key>_lsb_support_cat</wp:meta_key>
                <wp:meta_value><![CDATA[lsb_acf_support_cat]]></wp:meta_value>
            </wp:postmeta>
            <category domain="lsb_tax_author" nicename="thorvald-steen"><![CDATA[Thorvald Steen]]></category>
            <category domain="lsb_tax_publisher" nicename="lydbokforlaget-"><![CDATA[Lydbokforlaget ]]></category>
            <wp:postmeta>
                <wp:meta_key>lsb_look_inside</wp:meta_key>
                <wp:meta_value><![CDATA[CUSTOM_BLA_I_BOKA]]></wp:meta_value>
            </wp:postmeta>
            <wp:postmeta>
                <wp:meta_key>_lsb_look_inside</wp:meta_key>
                <wp:meta_value><![CDATA[lsb_acf_look_inside]]></wp:meta_value>
            </wp:postmeta>
            <category domain="lsb_tax_age" nicename="voksne"><![CDATA[voksne]]></category>
            <category domain="lsb_tax_genre" nicename="prosa"><![CDATA[prosa]]></category>
            <category domain="lsb_tax_language" nicename="no_nb"><![CDATA[bokmål]]></category>
            <category domain="lsb_tax_customization" nicename="skjønnlitteratur"><![CDATA[skjønnlitteratur]]></category>
            <category domain="lsb_tax_customization" nicename="lydbok"><![CDATA[lydbok]]></category>
            <wp:postmeta>
                <wp:meta_key>_thumbnail_id</wp:meta_key>
                <wp:meta_value><![CDATA[5086]]></wp:meta_value>
            </wp:postmeta>
        </item>
        <item>
            <title>bare en siste gang, LYD, ny.jpg</title>
            <wp:post_id>5086</wp:post_id>
            <wp:status>inherit</wp:status>
            <wp:post_type>attachment</wp:post_type>
            <wp:attachment_url>https://raw.githubusercontent.com/lesersokerbok/boksok.no-data-utils/master/output-example/images/0A7C08DBE56149A0A7841FEB2630726B.jpg</wp:attachment_url>
        </item>
        <item>
            <wp:post_type>lsb_book</wp:post_type>
            <wp:status>publish</wp:status>
            <title>Pass deg, Line! </title>
            <excerpt:encoded><![CDATA[Pass deg, Line! er ei viktig bok   om et vanskelig tema.   Boka har både tekst og lyd. ]]></excerpt:encoded>
            <wp:postmeta>
                <wp:meta_key>lsb_isbn</wp:meta_key>
                <wp:meta_value><![CDATA[9788242145796]]></wp:meta_value>
            </wp:postmeta>
            <wp:postmeta>
                <wp:meta_key>_lsb_isbn</wp:meta_key>
                <wp:meta_value><![CDATA[lsb_acf_isbn]]></wp:meta_value>
            </wp:postmeta>
            <wp:postmeta>
                <wp:meta_key>lsb_published_year</wp:meta_key>
                <wp:meta_value><![CDATA[2009]]></wp:meta_value>
            </wp:postmeta>
            <wp:postmeta>
                <wp:meta_key>_lsb_published_year</wp:meta_key>
                <wp:meta_value><![CDATA[lsb_acf_published_year]]></wp:meta_value>
            </wp:postmeta>
            <wp:postmeta>
                <wp:meta_key>lsb_pages</wp:meta_key>
                <wp:meta_value/>
            </wp:postmeta>
            <wp:postmeta>
                <wp:meta_key>_lsb_pages</wp:meta_key>
                <wp:meta_value><![CDATA[lsb_acf_pages]]></wp:meta_value>
            </wp:postmeta>
            <wp:postmeta>
                <wp:meta_key>lsb_review</wp:meta_key>
                <wp:meta_value><![CDATA[  <div>Line er stolt over at hun har fått flytte <br />  for seg selv i egen leilighet. <br />  En lørdag møter hun en mann på kjøpesenteret. <br />  Han kjøper en bolle til henne <br />  og kjører henne hjem. <br />  Hjemme i leiligheten til Line <br />  blir Pelle en farlig mann.  <br />  Heldigvis kommer broren til Line i siste liten. <br />  Line lærer hvorfor hun må passe seg <br />  for fremmede menn. <br />  Hun lærer også at kjærester er to som <br />  kjenner hverandre og er snille med hverandre.<br />   <br />  <strong>Pass deg, Line!</strong> tar opp et vanskelig tema <br />  med en tydelig historie.  <br />  Boka forteller om møtet mellom tillit og trusler <br />  med ord og innhold det er enkelt å forstå.  <br />  Med boka følger en cd der <br />  Cici Henriksen leser boka.   <br />  CD-en har moderat lesefart. </div>  <div>&#160;</div>  <div><strong>Pass deg, Line</strong> har vært lest i et studieopplegg </div>  <div>i NFU (Norsk forbund for utviklingshemmede). </div>  <div>Grunnet bokas alvorlige tema, </div>  <div>ble den bare lest høyt for gruppen av en ledsager. </div>  <div>Boka åpnet for samtale og refleksjon.</div>  <div>Deltakerne hadde behov for pauser for å få luftet tankene underveis, </div>  <div>og syntes det var fint å være sammen </div>  <div>i en gruppe når en leser om noe så alvorlig.  </div>  <div>&#160;</div>  <div>De som kunne lese ønsket at boka hadde litt større skrift, </div>  <div>samt bilder som støttet teksten.    </div>  <div>&#160;</div>  ]]></wp:meta_value>
            </wp:postmeta>
            <wp:postmeta>
                <wp:meta_key>_lsb_review</wp:meta_key>
                <wp:meta_value><![CDATA[lsb_acf_review]]></wp:meta_value>
            </wp:postmeta>
            <wp:postmeta>
                <wp:meta_key>lsb_quote</wp:meta_key>
                <wp:meta_value><![CDATA[- Du behøver ikke være redd for meg,   fortsatte Pelle.   - Jeg er snill som dagen er lang.   Tror du jeg hadde kjøpt bolle til deg   hvis jeg var slem?   Line måtte innrømme at Pelle hadde rett.   Han var jo egentlig snill.       ]]></wp:meta_value>
            </wp:postmeta>
            <wp:postmeta>
                <wp:meta_key>_lsb_quote</wp:meta_key>
                <wp:meta_value><![CDATA[lsb_acf_quote]]></wp:meta_value>
            </wp:postmeta>
            <wp:postmeta>
                <wp:meta_key>lsb_supported</wp:meta_key>
                <wp:meta_value><![CDATA[1]]></wp:meta_value>
            </wp:postmeta>
            <wp:postmeta>
                <wp:meta_key>_lsb_supported</wp:meta_key>
                <wp:meta_value><![CDATA[lsb_acf_supported]]></wp:meta_value>
            </wp:postmeta>
            <wp:postmeta>
                <wp:meta_key>lsb_support_cat</wp:meta_key>
                <wp:meta_value><![CDATA[green]]></wp:meta_value>
            </wp:postmeta>
            <wp:postmeta>
                <wp:meta_key>_lsb_support_cat</wp:meta_key>
                <wp:meta_value><![CDATA[lsb_acf_support_cat]]></wp:meta_value>
            </wp:postmeta>
            <category domain="lsb_tax_author" nicename="marit-hoem-kvam"><![CDATA[Marit Hoem Kvam]]></category>
            <category domain="lsb_tax_publisher" nicename="lydbokforlaget-"><![CDATA[Lydbokforlaget ]]></category>
            <wp:postmeta>
                <wp:meta_key>lsb_look_inside</wp:meta_key>
                <wp:meta_value><![CDATA[CUSTOM_BLA_I_BOKA]]></wp:meta_value>
            </wp:postmeta>
            <wp:postmeta>
                <wp:meta_key>_lsb_look_inside</wp:meta_key>
                <wp:meta_value><![CDATA[lsb_acf_look_inside]]></wp:meta_value>
            </wp:postmeta>
            <category domain="lsb_tax_age" nicename="voksne"><![CDATA[voksne]]></category>
            <category domain="lsb_tax_genre" nicename="prosa"><![CDATA[prosa]]></category>
            <category domain="lsb_tax_language" nicename="no_nb"><![CDATA[bokmål]]></category>
            <category domain="lsb_tax_customization" nicename="utviklingshemmede"><![CDATA[utviklingshemmede]]></category>
            <category domain="lsb_tax_customization" nicename="lydbok"><![CDATA[lydbok]]></category>
            <wp:postmeta>
                <wp:meta_key>_thumbnail_id</wp:meta_key>
                <wp:meta_value><![CDATA[5087]]></wp:meta_value>
            </wp:postmeta>
        </item>
        <item>
            <title>4579-6 Pass deg Line Omslag-3.jpg</title>
            <wp:post_id>5087</wp:post_id>
            <wp:status>inherit</wp:status>
            <wp:post_type>attachment</wp:post_type>
            <wp:attachment_url>https://raw.githubusercontent.com/lesersokerbok/boksok.no-data-utils/master/output-example/images/FDFDF9DC0D1644BEAC4EB5BE2B67A0F7.jpg</wp:attachment_url>
        </item>
        <item>
            <wp:post_type>lsb_book</wp:post_type>
            <wp:status>publish</wp:status>
            <title>Tanzania</title>
            <excerpt:encoded><![CDATA[Denne boka handlar om   menneske og dyr i Tanzania.   Boka har mange bilete  og tekst som er lett å lese. ]]></excerpt:encoded>
            <wp:postmeta>
                <wp:meta_key>lsb_isbn</wp:meta_key>
                <wp:meta_value><![CDATA[9788203308789]]></wp:meta_value>
            </wp:postmeta>
            <wp:postmeta>
                <wp:meta_key>_lsb_isbn</wp:meta_key>
                <wp:meta_value><![CDATA[lsb_acf_isbn]]></wp:meta_value>
            </wp:postmeta>
            <wp:postmeta>
                <wp:meta_key>lsb_published_year</wp:meta_key>
                <wp:meta_value><![CDATA[2002]]></wp:meta_value>
            </wp:postmeta>
            <wp:postmeta>
                <wp:meta_key>_lsb_published_year</wp:meta_key>
                <wp:meta_value><![CDATA[lsb_acf_published_year]]></wp:meta_value>
            </wp:postmeta>
            <wp:postmeta>
                <wp:meta_key>lsb_pages</wp:meta_key>
                <wp:meta_value/>
            </wp:postmeta>
            <wp:postmeta>
                <wp:meta_key>_lsb_pages</wp:meta_key>
                <wp:meta_value><![CDATA[lsb_acf_pages]]></wp:meta_value>
            </wp:postmeta>
            <wp:postmeta>
                <wp:meta_key>lsb_review</wp:meta_key>
                <wp:meta_value><![CDATA[  <div>Dei fleste i Tanzania er bønder.  <br />  De dyrker jorda og held husdyr. <br />  På savannen i Tanzania finst  <br />  digre nasjonalparkar. <br />  Her lever elefanter, løver og sjiraffar <br />  og store flokkar av zebraer og gnuer.</div>  <div>&#160;</div>  <div>Boka om Tanzania har mange flotte fotografiar. <br />  Ho er beregna på skuleborn, <br />  og er ei bok i serien <strong>Dei små fagbøkene.</strong></div>  <div>Boka finst óg på bokmål. </div>  ]]></wp:meta_value>
            </wp:postmeta>
            <wp:postmeta>
                <wp:meta_key>_lsb_review</wp:meta_key>
                <wp:meta_value><![CDATA[lsb_acf_review]]></wp:meta_value>
            </wp:postmeta>
            <wp:postmeta>
                <wp:meta_key>lsb_quote</wp:meta_key>
                <wp:meta_value><![CDATA[Serengeti-sletta   er kjend for dei store flokkane   med sebraer og gnuar.     Dei lever side om side.   Gnuane et det graset sebraene   ikkje vil ha, og sebraene   et det graset gnuane   ikkje vil ha. ]]></wp:meta_value>
            </wp:postmeta>
            <wp:postmeta>
                <wp:meta_key>_lsb_quote</wp:meta_key>
                <wp:meta_value><![CDATA[lsb_acf_quote]]></wp:meta_value>
            </wp:postmeta>
            <wp:postmeta>
                <wp:meta_key>lsb_supported</wp:meta_key>
                <wp:meta_value><![CDATA[0]]></wp:meta_value>
            </wp:postmeta>
            <wp:postmeta>
                <wp:meta_key>_lsb_supported</wp:meta_key>
                <wp:meta_value><![CDATA[lsb_acf_supported]]></wp:meta_value>
            </wp:postmeta>
            <category domain="lsb_tax_author" nicename="gerd-østergaard"><![CDATA[Gerd Østergaard]]></category>
            <category domain="lsb_tax_publisher" nicename="aschehoug-"><![CDATA[Aschehoug ]]></category>
            <category domain="lsb_tax_illustrator" nicename="gerd-østergaard-m.fl"><![CDATA[Gerd Østergaard m.fl]]></category>
            <category domain="lsb_tax_translator" nicename="gerd-bjerknes-/-til-nynorsk:-øystein-videnes"><![CDATA[Gerd Bjerknes / til nynorsk: Øystein Videnes]]></category>
            <wp:postmeta>
                <wp:meta_key>lsb_look_inside</wp:meta_key>
                <wp:meta_value><![CDATA[CUSTOM_BLA_I_BOKA]]></wp:meta_value>
            </wp:postmeta>
            <wp:postmeta>
                <wp:meta_key>_lsb_look_inside</wp:meta_key>
                <wp:meta_value><![CDATA[lsb_acf_look_inside]]></wp:meta_value>
            </wp:postmeta>
            <category domain="lsb_tax_age" nicename="barn"><![CDATA[barn]]></category>
            <category domain="lsb_tax_age" nicename="ungdom"><![CDATA[ungdom]]></category>
            <category domain="lsb_tax_genre" nicename="faglitteratur"><![CDATA[faglitteratur]]></category>
            <category domain="lsb_tax_topic" nicename="historie"><![CDATA[historie]]></category>
            <category domain="lsb_tax_topic" nicename="samfunn"><![CDATA[samfunn]]></category>
            <category domain="lsb_tax_language" nicename="no_nn"><![CDATA[nynorsk]]></category>
            <category domain="lsb_tax_customization" nicename="faglitteratur"><![CDATA[faglitteratur]]></category>
            <category domain="lsb_tax_customization" nicename="mange-bilder"><![CDATA[mange bilder]]></category>
            <wp:postmeta>
                <wp:meta_key>_thumbnail_id</wp:meta_key>
                <wp:meta_value><![CDATA[5088]]></wp:meta_value>
            </wp:postmeta>
        </item>
        <item>
            <title>tanzania, nynorsk, ny.jpg</title>
            <wp:post_id>5088</wp:post_id>
            <wp:status>inherit</wp:status>
            <wp:post_type>attachment</wp:post_type>
            <wp:attachment_url>https://raw.githubusercontent.com/lesersokerbok/boksok.no-data-utils/master/output-example/images/4DD3D09EBBEB4C34B5E1E13615DD461F.jpg</wp:attachment_url>
        </item>
        <item>
            <wp:post_type>lsb_book</wp:post_type>
            <wp:status>publish</wp:status>
            <title>Kina</title>
            <excerpt:encoded><![CDATA[Dette er en bok om Kina.   Den har mange bilder   og tekst som er lett å lese. ]]></excerpt:encoded>
            <wp:postmeta>
                <wp:meta_key>lsb_isbn</wp:meta_key>
                <wp:meta_value><![CDATA[9788203308840]]></wp:meta_value>
            </wp:postmeta>
            <wp:postmeta>
                <wp:meta_key>_lsb_isbn</wp:meta_key>
                <wp:meta_value><![CDATA[lsb_acf_isbn]]></wp:meta_value>
            </wp:postmeta>
            <wp:postmeta>
                <wp:meta_key>lsb_published_year</wp:meta_key>
                <wp:meta_value><![CDATA[2002]]></wp:meta_value>
            </wp:postmeta>
            <wp:postmeta>
                <wp:meta_key>_lsb_published_year</wp:meta_key>
                <wp:meta_value><![CDATA[lsb_acf_published_year]]></wp:meta_value>
            </wp:postmeta>
            <wp:postmeta>
                <wp:meta_key>lsb_pages</wp:meta_key>
                <wp:meta_value/>
            </wp:postmeta>
            <wp:postmeta>
                <wp:meta_key>_lsb_pages</wp:meta_key>
                <wp:meta_value><![CDATA[lsb_acf_pages]]></wp:meta_value>
            </wp:postmeta>
            <wp:postmeta>
                <wp:meta_key>lsb_review</wp:meta_key>
                <wp:meta_value><![CDATA[  <div>I denne boka kan du lese om <br />  hvordan det er å være gutt eller jente i Kina. <br />  Du kan også lese om det gamle Kina, <br />  og om oppfinnelser, høye fjell, storbyer <br />  og livet på landet. </div>  <div>&#160;</div>  <div>Boka har flotte fargefotografier. <br />  Den er ei bok i serien <strong>De små fagbøkene</strong>.</div>  <div>Det finnes også en nynorskutgave av boka. </div>  ]]></wp:meta_value>
            </wp:postmeta>
            <wp:postmeta>
                <wp:meta_key>_lsb_review</wp:meta_key>
                <wp:meta_value><![CDATA[lsb_acf_review]]></wp:meta_value>
            </wp:postmeta>
            <wp:postmeta>
                <wp:meta_key>lsb_quote</wp:meta_key>
                <wp:meta_value><![CDATA[Kina er det landet   i verden   der det bor   flest mennesker. ]]></wp:meta_value>
            </wp:postmeta>
            <wp:postmeta>
                <wp:meta_key>_lsb_quote</wp:meta_key>
                <wp:meta_value><![CDATA[lsb_acf_quote]]></wp:meta_value>
            </wp:postmeta>
            <wp:postmeta>
                <wp:meta_key>lsb_supported</wp:meta_key>
                <wp:meta_value><![CDATA[0]]></wp:meta_value>
            </wp:postmeta>
            <wp:postmeta>
                <wp:meta_key>_lsb_supported</wp:meta_key>
                <wp:meta_value><![CDATA[lsb_acf_supported]]></wp:meta_value>
            </wp:postmeta>
            <category domain="lsb_tax_author" nicename="peter-garde"><![CDATA[Peter Garde]]></category>
            <category domain="lsb_tax_publisher" nicename="aschehoug-"><![CDATA[Aschehoug ]]></category>
            <category domain="lsb_tax_illustrator" nicename="peter-garde-m.fl"><![CDATA[Peter Garde m.fl]]></category>
            <category domain="lsb_tax_translator" nicename="gerd-bjerknes"><![CDATA[Gerd Bjerknes]]></category>
            <wp:postmeta>
                <wp:meta_key>lsb_look_inside</wp:meta_key>
                <wp:meta_value><![CDATA[CUSTOM_BLA_I_BOKA]]></wp:meta_value>
            </wp:postmeta>
            <wp:postmeta>
                <wp:meta_key>_lsb_look_inside</wp:meta_key>
                <wp:meta_value><![CDATA[lsb_acf_look_inside]]></wp:meta_value>
            </wp:postmeta>
            <category domain="lsb_tax_age" nicename="barn"><![CDATA[barn]]></category>
            <category domain="lsb_tax_age" nicename="ungdom"><![CDATA[ungdom]]></category>
            <category domain="lsb_tax_genre" nicename="faglitteratur"><![CDATA[faglitteratur]]></category>
            <category domain="lsb_tax_topic" nicename="historie"><![CDATA[historie]]></category>
            <category domain="lsb_tax_topic" nicename="samfunn"><![CDATA[samfunn]]></category>
            <category domain="lsb_tax_language" nicename="no_nb"><![CDATA[bokmål]]></category>
            <category domain="lsb_tax_customization" nicename="faglitteratur"><![CDATA[faglitteratur]]></category>
            <category domain="lsb_tax_customization" nicename="mange-bilder"><![CDATA[mange bilder]]></category>
            <wp:postmeta>
                <wp:meta_key>_thumbnail_id</wp:meta_key>
                <wp:meta_value><![CDATA[5089]]></wp:meta_value>
            </wp:postmeta>
        </item>
        <item>
            <title>Kina, bokmål, ny.jpg</title>
            <wp:post_id>5089</wp:post_id>
            <wp:status>inherit</wp:status>
            <wp:post_type>attachment</wp:post_type>
            <wp:attachment_url>https://raw.githubusercontent.com/lesersokerbok/boksok.no-data-utils/master/output-example/images/D85320C8D3F245C589055074777BBB77.jpg</wp:attachment_url>
        </item>
        <item>
            <wp:post_type>lsb_book</wp:post_type>
            <wp:status>publish</wp:status>
            <title>Utsettelsen</title>
            <excerpt:encoded><![CDATA[Utsettelsen er en tegnet roman   om 2.verdenskrig   med klare, fine tegninger. ]]></excerpt:encoded>
            <wp:postmeta>
                <wp:meta_key>lsb_isbn</wp:meta_key>
                <wp:meta_value><![CDATA[9788242937261]]></wp:meta_value>
            </wp:postmeta>
            <wp:postmeta>
                <wp:meta_key>_lsb_isbn</wp:meta_key>
                <wp:meta_value><![CDATA[lsb_acf_isbn]]></wp:meta_value>
            </wp:postmeta>
            <wp:postmeta>
                <wp:meta_key>lsb_published_year</wp:meta_key>
                <wp:meta_value><![CDATA[2008]]></wp:meta_value>
            </wp:postmeta>
            <wp:postmeta>
                <wp:meta_key>_lsb_published_year</wp:meta_key>
                <wp:meta_value><![CDATA[lsb_acf_published_year]]></wp:meta_value>
            </wp:postmeta>
            <wp:postmeta>
                <wp:meta_key>lsb_pages</wp:meta_key>
                <wp:meta_value><![CDATA[112]]></wp:meta_value>
            </wp:postmeta>
            <wp:postmeta>
                <wp:meta_key>_lsb_pages</wp:meta_key>
                <wp:meta_value><![CDATA[lsb_acf_pages]]></wp:meta_value>
            </wp:postmeta>
            <wp:postmeta>
                <wp:meta_key>lsb_review</wp:meta_key>
                <wp:meta_value><![CDATA[  <div>Det er andre verdenskrig, <br />  og Frankrike er okkupert. <br />  Julien, en ung mann fra bygda, <br />  skal sendes i krigen med tog.  <br />  Han hopper av toget, og   <br />  like etter blir toget bombet. <br />  Alle tror at Julien er død. <br />  Julien drar tilbake til landsbyen. <br />  Han gjemmer seg i det tommet huset til <br />  en gammel lærer. <br />  Tanta Angèle er den eneste som vet <br />  at han fortsatt lever. <br />  Fra kvistværelset i huset til læreren <br />  ser han hva som foregår. <br />  Han blir vite til sin egen begravelse<br />  og betrakter ungdomskjæresten Cécile, <br />  som jobber på en pub like ved. </div>  <div>&#160;</div>  <p><strong>Utsettelsen</strong> skildrer daglivet <br />  til menneskene som opplevde krigen.  <br />  Det er en vakker bok <br />  om å velge å delta, eller la være. <br />  Tegningene til <strong>Gibrat</strong> er <br />  vakre og livlige. <br />  Som leser rives du inn i historien. <br />  Teksten er skrevet med blokkbokstaver <br />  og er lett å lese. </p>  ]]></wp:meta_value>
            </wp:postmeta>
            <wp:postmeta>
                <wp:meta_key>_lsb_review</wp:meta_key>
                <wp:meta_value><![CDATA[lsb_acf_review]]></wp:meta_value>
            </wp:postmeta>
            <wp:postmeta>
                <wp:meta_key>lsb_quote</wp:meta_key>
                <wp:meta_value><![CDATA[- Apropos det ... Jeg   vet det ikke spiller   noen rolle, men ...   Cécile kom ikke i   dag fordi hun er syk!   Hun sendte meg imidlertid   et hyggelig lite brev ...   - Hva? Er hun syk? Hva   feiler det henne?   - Hm ... Ble du plutselig   interessert n]]></wp:meta_value>
            </wp:postmeta>
            <wp:postmeta>
                <wp:meta_key>_lsb_quote</wp:meta_key>
                <wp:meta_value><![CDATA[lsb_acf_quote]]></wp:meta_value>
            </wp:postmeta>
            <wp:postmeta>
                <wp:meta_key>lsb_supported</wp:meta_key>
                <wp:meta_value><![CDATA[0]]></wp:meta_value>
            </wp:postmeta>
            <wp:postmeta>
                <wp:meta_key>_lsb_supported</wp:meta_key>
                <wp:meta_value><![CDATA[lsb_acf_supported]]></wp:meta_value>
            </wp:postmeta>
            <category domain="lsb_tax_author" nicename="jean-pierre-gibrat"><![CDATA[Jean-Pierre Gibrat]]></category>
            <category domain="lsb_tax_publisher" nicename="egmont-"><![CDATA[Egmont ]]></category>
            <category domain="lsb_tax_illustrator" nicename="jean-pierre-gibrat"><![CDATA[Jean-Pierre Gibrat]]></category>
            <category domain="lsb_tax_translator" nicename="nina-svendsrud"><![CDATA[Nina Svendsrud]]></category>
            <wp:postmeta>
                <wp:meta_key>lsb_look_inside</wp:meta_key>
                <wp:meta_value><![CDATA[CUSTOM_BLA_I_BOKA]]></wp:meta_value>
            </wp:postmeta>
            <wp:postmeta>
                <wp:meta_key>_lsb_look_inside</wp:meta_key>
                <wp:meta_value><![CDATA[lsb_acf_look_inside]]></wp:meta_value>
            </wp:postmeta>
            <category domain="lsb_tax_age" nicename="ungdom"><![CDATA[ungdom]]></category>
            <category domain="lsb_tax_age" nicename="voksne"><![CDATA[voksne]]></category>
            <category domain="lsb_tax_genre" nicename="prosa"><![CDATA[prosa]]></category>
            <category domain="lsb_tax_topic" nicename="historie"><![CDATA[historie]]></category>
            <category domain="lsb_tax_topic" nicename="samfunn"><![CDATA[samfunn]]></category>
            <category domain="lsb_tax_language" nicename="no_nb"><![CDATA[bokmål]]></category>
            <category domain="lsb_tax_customization" nicename="bilder"><![CDATA[bilder]]></category>
            <wp:postmeta>
                <wp:meta_key>_thumbnail_id</wp:meta_key>
                <wp:meta_value><![CDATA[5090]]></wp:meta_value>
            </wp:postmeta>
        </item>
        <item>
            <title>utsettelsen.jpg</title>
            <wp:post_id>5090</wp:post_id>
            <wp:status>inherit</wp:status>
            <wp:post_type>attachment</wp:post_type>
            <wp:attachment_url>https://raw.githubusercontent.com/lesersokerbok/boksok.no-data-utils/master/output-example/images/2CE70F94AD49411FB8C76AAB998F232A.jpg</wp:attachment_url>
        </item>
        <item>
            <wp:post_type>lsb_book</wp:post_type>
            <wp:status>publish</wp:status>
            <title>India</title>
            <excerpt:encoded><![CDATA[Dette er en faktabok om India.   Boka har mange bilder   og tekst som er lett å lese. ]]></excerpt:encoded>
            <wp:postmeta>
                <wp:meta_key>lsb_isbn</wp:meta_key>
                <wp:meta_value><![CDATA[9788203308796]]></wp:meta_value>
            </wp:postmeta>
            <wp:postmeta>
                <wp:meta_key>_lsb_isbn</wp:meta_key>
                <wp:meta_value><![CDATA[lsb_acf_isbn]]></wp:meta_value>
            </wp:postmeta>
            <wp:postmeta>
                <wp:meta_key>lsb_published_year</wp:meta_key>
                <wp:meta_value><![CDATA[2002]]></wp:meta_value>
            </wp:postmeta>
            <wp:postmeta>
                <wp:meta_key>_lsb_published_year</wp:meta_key>
                <wp:meta_value><![CDATA[lsb_acf_published_year]]></wp:meta_value>
            </wp:postmeta>
            <wp:postmeta>
                <wp:meta_key>lsb_pages</wp:meta_key>
                <wp:meta_value/>
            </wp:postmeta>
            <wp:postmeta>
                <wp:meta_key>_lsb_pages</wp:meta_key>
                <wp:meta_value><![CDATA[lsb_acf_pages]]></wp:meta_value>
            </wp:postmeta>
            <wp:postmeta>
                <wp:meta_key>lsb_review</wp:meta_key>
                <wp:meta_value><![CDATA[  <div>I India er det stor forskjell <br />  på fattig og rik. <br />  Det er også stor forskjell på <br />  livet i byen og livet på landet. <br />  Det er tett med mennesker og trafikk <br />  i de store byene. <br />  På landet lever mange <br />  nesten som for 100 år siden.</div>  <div>&#160;</div>  <div>I denne boka kan du lære om India.<br />  Boka har enkel tekst og <br />  flotte fargefotografier.<br />  Boka er en del av serien <strong>De små fagbøkene</strong>. </div>  <div>Det finnes også en nynorsk utgave av boka. <br />  </div>  ]]></wp:meta_value>
            </wp:postmeta>
            <wp:postmeta>
                <wp:meta_key>_lsb_review</wp:meta_key>
                <wp:meta_value><![CDATA[lsb_acf_review]]></wp:meta_value>
            </wp:postmeta>
            <wp:postmeta>
                <wp:meta_key>lsb_quote</wp:meta_key>
                <wp:meta_value><![CDATA[I den gamle by-delen i Dehli  ligger husene tett.   Her er det smale gater   og mange små butikker. ]]></wp:meta_value>
            </wp:postmeta>
            <wp:postmeta>
                <wp:meta_key>_lsb_quote</wp:meta_key>
                <wp:meta_value><![CDATA[lsb_acf_quote]]></wp:meta_value>
            </wp:postmeta>
            <wp:postmeta>
                <wp:meta_key>lsb_supported</wp:meta_key>
                <wp:meta_value><![CDATA[0]]></wp:meta_value>
            </wp:postmeta>
            <wp:postmeta>
                <wp:meta_key>_lsb_supported</wp:meta_key>
                <wp:meta_value><![CDATA[lsb_acf_supported]]></wp:meta_value>
            </wp:postmeta>
            <category domain="lsb_tax_author" nicename="peter-garde"><![CDATA[Peter Garde]]></category>
            <category domain="lsb_tax_publisher" nicename="aschehoug-"><![CDATA[Aschehoug ]]></category>
            <category domain="lsb_tax_illustrator" nicename="peter-garde-m.fl"><![CDATA[Peter Garde m.fl]]></category>
            <category domain="lsb_tax_translator" nicename="gerd-bjerknes"><![CDATA[Gerd Bjerknes]]></category>
            <wp:postmeta>
                <wp:meta_key>lsb_look_inside</wp:meta_key>
                <wp:meta_value><![CDATA[CUSTOM_BLA_I_BOKA]]></wp:meta_value>
            </wp:postmeta>
            <wp:postmeta>
                <wp:meta_key>_lsb_look_inside</wp:meta_key>
                <wp:meta_value><![CDATA[lsb_acf_look_inside]]></wp:meta_value>
            </wp:postmeta>
            <category domain="lsb_tax_age" nicename="barn"><![CDATA[barn]]></category>
            <category domain="lsb_tax_age" nicename="ungdom"><![CDATA[ungdom]]></category>
            <category domain="lsb_tax_genre" nicename="faglitteratur"><![CDATA[faglitteratur]]></category>
            <category domain="lsb_tax_topic" nicename="historie"><![CDATA[historie]]></category>
            <category domain="lsb_tax_topic" nicename="samfunn"><![CDATA[samfunn]]></category>
            <category domain="lsb_tax_language" nicename="no_nb"><![CDATA[bokmål]]></category>
            <category domain="lsb_tax_customization" nicename="faglitteratur"><![CDATA[faglitteratur]]></category>
            <category domain="lsb_tax_customization" nicename="mange-bilder"><![CDATA[mange bilder]]></category>
            <wp:postmeta>
                <wp:meta_key>_thumbnail_id</wp:meta_key>
                <wp:meta_value><![CDATA[5091]]></wp:meta_value>
            </wp:postmeta>
        </item>
        <item>
            <title>India, bokmål, ny.jpg</title>
            <wp:post_id>5091</wp:post_id>
            <wp:status>inherit</wp:status>
            <wp:post_type>attachment</wp:post_type>
            <wp:attachment_url>https://raw.githubusercontent.com/lesersokerbok/boksok.no-data-utils/master/output-example/images/A74606DA87634F30BB18F4F2D4711BCD.jpg</wp:attachment_url>
        </item>
        <item>
            <wp:post_type>lsb_book</wp:post_type>
            <wp:status>publish</wp:status>
            <title>Det store spørsmålet </title>
            <excerpt:encoded><![CDATA[Dette er en enkel bok   om et stort og viktig spørsmål.   Boka passer for alle, både store og små. ]]></excerpt:encoded>
            <wp:postmeta>
                <wp:meta_key>lsb_isbn</wp:meta_key>
                <wp:meta_value><![CDATA[9788291948614]]></wp:meta_value>
            </wp:postmeta>
            <wp:postmeta>
                <wp:meta_key>_lsb_isbn</wp:meta_key>
                <wp:meta_value><![CDATA[lsb_acf_isbn]]></wp:meta_value>
            </wp:postmeta>
            <wp:postmeta>
                <wp:meta_key>lsb_published_year</wp:meta_key>
                <wp:meta_value><![CDATA[2007]]></wp:meta_value>
            </wp:postmeta>
            <wp:postmeta>
                <wp:meta_key>_lsb_published_year</wp:meta_key>
                <wp:meta_value><![CDATA[lsb_acf_published_year]]></wp:meta_value>
            </wp:postmeta>
            <wp:postmeta>
                <wp:meta_key>lsb_pages</wp:meta_key>
                <wp:meta_value><![CDATA[42]]></wp:meta_value>
            </wp:postmeta>
            <wp:postmeta>
                <wp:meta_key>_lsb_pages</wp:meta_key>
                <wp:meta_value><![CDATA[lsb_acf_pages]]></wp:meta_value>
            </wp:postmeta>
            <wp:postmeta>
                <wp:meta_key>lsb_review</wp:meta_key>
                <wp:meta_value><![CDATA[  <p>Hvorfor er jeg her på jorda?, <br />  spør den lille gutten. <br />  Han får mange svar, <br />  både fra katten, bakeren, moren<br />  og mange flere. <br />  De gir fine <br />  og forskjellige svar. </p>  <div>&#160;</div>  <div>Denne boka har store, flotte <br />  illustrasjoner og lite tekst. <br />  </div>  ]]></wp:meta_value>
            </wp:postmeta>
            <wp:postmeta>
                <wp:meta_key>_lsb_review</wp:meta_key>
                <wp:meta_value><![CDATA[lsb_acf_review]]></wp:meta_value>
            </wp:postmeta>
            <wp:postmeta>
                <wp:meta_key>lsb_quote</wp:meta_key>
                <wp:meta_value><![CDATA[Sjømannen: "For å seile på alle hav."   Døden: "Du er her for å elske livet."   Steinen: "Du er her for å være her." ]]></wp:meta_value>
            </wp:postmeta>
            <wp:postmeta>
                <wp:meta_key>_lsb_quote</wp:meta_key>
                <wp:meta_value><![CDATA[lsb_acf_quote]]></wp:meta_value>
            </wp:postmeta>
            <wp:postmeta>
                <wp:meta_key>lsb_supported</wp:meta_key>
                <wp:meta_value><![CDATA[0]]></wp:meta_value>
            </wp:postmeta>
            <wp:postmeta>
                <wp:meta_key>_lsb_supported</wp:meta_key>
                <wp:meta_value><![CDATA[lsb_acf_supported]]></wp:meta_value>
            </wp:postmeta>
            <category domain="lsb_tax_author" nicename="wolf-erlbruch"><![CDATA[Wolf Erlbruch]]></category>
            <category domain="lsb_tax_publisher" nicename="mangschou"><![CDATA[Mangschou]]></category>
            <category domain="lsb_tax_illustrator" nicename="wolf-erlbruch"><![CDATA[Wolf Erlbruch]]></category>
            <category domain="lsb_tax_translator" nicename="ragnar-hovland"><![CDATA[Ragnar Hovland]]></category>
            <wp:postmeta>
                <wp:meta_key>lsb_look_inside</wp:meta_key>
                <wp:meta_value><![CDATA[CUSTOM_BLA_I_BOKA]]></wp:meta_value>
            </wp:postmeta>
            <wp:postmeta>
                <wp:meta_key>_lsb_look_inside</wp:meta_key>
                <wp:meta_value><![CDATA[lsb_acf_look_inside]]></wp:meta_value>
            </wp:postmeta>
            <category domain="lsb_tax_age" nicename="voksne"><![CDATA[voksne]]></category>
            <category domain="lsb_tax_age" nicename="ungdom"><![CDATA[ungdom]]></category>
            <category domain="lsb_tax_age" nicename="barn"><![CDATA[barn]]></category>
            <category domain="lsb_tax_genre" nicename="prosa"><![CDATA[prosa]]></category>
            <category domain="lsb_tax_language" nicename="no_nb"><![CDATA[bokmål]]></category>
            <category domain="lsb_tax_customization" nicename="skjønnlitteratur"><![CDATA[skjønnlitteratur]]></category>
            <category domain="lsb_tax_customization" nicename="mange-bilder"><![CDATA[mange bilder]]></category>
            <wp:postmeta>
                <wp:meta_key>_thumbnail_id</wp:meta_key>
                <wp:meta_value><![CDATA[5092]]></wp:meta_value>
            </wp:postmeta>
        </item>
        <item>
            <title>det store spørsmålet, ny.jpg</title>
            <wp:post_id>5092</wp:post_id>
            <wp:status>inherit</wp:status>
            <wp:post_type>attachment</wp:post_type>
            <wp:attachment_url>https://raw.githubusercontent.com/lesersokerbok/boksok.no-data-utils/master/output-example/images/C17D77DFEBD3429FB5685B83E08557D4.jpg</wp:attachment_url>
        </item>
        <item>
            <wp:post_type>lsb_book</wp:post_type>
            <wp:status>publish</wp:status>
            <title>Eg spør! / Eg tør?</title>
            <excerpt:encoded><![CDATA[Eg spør og Eg tør er to bøker om Hanna.   Ho passer for eldre barn og yngre ungdom.]]></excerpt:encoded>
            <wp:postmeta>
                <wp:meta_key>lsb_isbn</wp:meta_key>
                <wp:meta_value><![CDATA[9788291948652]]></wp:meta_value>
            </wp:postmeta>
            <wp:postmeta>
                <wp:meta_key>_lsb_isbn</wp:meta_key>
                <wp:meta_value><![CDATA[lsb_acf_isbn]]></wp:meta_value>
            </wp:postmeta>
            <wp:postmeta>
                <wp:meta_key>lsb_published_year</wp:meta_key>
                <wp:meta_value><![CDATA[2008]]></wp:meta_value>
            </wp:postmeta>
            <wp:postmeta>
                <wp:meta_key>_lsb_published_year</wp:meta_key>
                <wp:meta_value><![CDATA[lsb_acf_published_year]]></wp:meta_value>
            </wp:postmeta>
            <wp:postmeta>
                <wp:meta_key>lsb_pages</wp:meta_key>
                <wp:meta_value><![CDATA[30]]></wp:meta_value>
            </wp:postmeta>
            <wp:postmeta>
                <wp:meta_key>_lsb_pages</wp:meta_key>
                <wp:meta_value><![CDATA[lsb_acf_pages]]></wp:meta_value>
            </wp:postmeta>
            <wp:postmeta>
                <wp:meta_key>lsb_review</wp:meta_key>
                <wp:meta_value><![CDATA[  <p>Den første boka heiter <strong>Eg spør!</strong><br />  Bestevenninna til Hanna har fått seg kjærast. <br />  Hanna vil også vera saman med nokon. <br />  Ho tar for seg klasselista og legg ei plan ... </p>  <div>Den andre boka heiter <strong>Eg tør?</strong> </div>  <div>Klassen til Hanna skal på skoletur. <br />  Hanna kjenner at det kitlar i magen. <br />  For på setet framfor henne sit Sjur.  <br />   <br />  Denne boka er lett å lese. <br />  Boka tek Hanna og Emmas opplevingar på kornet.  </div>  ]]></wp:meta_value>
            </wp:postmeta>
            <wp:postmeta>
                <wp:meta_key>_lsb_review</wp:meta_key>
                <wp:meta_value><![CDATA[lsb_acf_review]]></wp:meta_value>
            </wp:postmeta>
            <wp:postmeta>
                <wp:meta_key>lsb_quote</wp:meta_key>
                <wp:meta_value><![CDATA[Emma sto limt til golvet. Ho rikka seg   ikkje.   - Eg reiser heim, sa ho.   Ho var sint no.   - Ingen kan tvinga meg til å sove på same   rom som Silje. ]]></wp:meta_value>
            </wp:postmeta>
            <wp:postmeta>
                <wp:meta_key>_lsb_quote</wp:meta_key>
                <wp:meta_value><![CDATA[lsb_acf_quote]]></wp:meta_value>
            </wp:postmeta>
            <wp:postmeta>
                <wp:meta_key>lsb_supported</wp:meta_key>
                <wp:meta_value><![CDATA[0]]></wp:meta_value>
            </wp:postmeta>
            <wp:postmeta>
                <wp:meta_key>_lsb_supported</wp:meta_key>
                <wp:meta_value><![CDATA[lsb_acf_supported]]></wp:meta_value>
            </wp:postmeta>
            <category domain="lsb_tax_author" nicename="bente-bratlund"><![CDATA[Bente Bratlund]]></category>
            <category domain="lsb_tax_publisher" nicename="mangschou"><![CDATA[Mangschou]]></category>
            <wp:postmeta>
                <wp:meta_key>lsb_look_inside</wp:meta_key>
                <wp:meta_value><![CDATA[CUSTOM_BLA_I_BOKA]]></wp:meta_value>
            </wp:postmeta>
            <wp:postmeta>
                <wp:meta_key>_lsb_look_inside</wp:meta_key>
                <wp:meta_value><![CDATA[lsb_acf_look_inside]]></wp:meta_value>
            </wp:postmeta>
            <category domain="lsb_tax_age" nicename="barn"><![CDATA[barn]]></category>
            <category domain="lsb_tax_age" nicename="ungdom"><![CDATA[ungdom]]></category>
            <category domain="lsb_tax_genre" nicename="prosa"><![CDATA[prosa]]></category>
            <category domain="lsb_tax_language" nicename="no_nn"><![CDATA[nynorsk]]></category>
            <category domain="lsb_tax_customization" nicename="skjønnlitteratur"><![CDATA[skjønnlitteratur]]></category>
            <wp:postmeta>
                <wp:meta_key>_thumbnail_id</wp:meta_key>
                <wp:meta_value><![CDATA[5093]]></wp:meta_value>
            </wp:postmeta>
        </item>
        <item>
            <title>Eg spør - Eg tør.jpg</title>
            <wp:post_id>5093</wp:post_id>
            <wp:status>inherit</wp:status>
            <wp:post_type>attachment</wp:post_type>
            <wp:attachment_url>https://raw.githubusercontent.com/lesersokerbok/boksok.no-data-utils/master/output-example/images/5FFE33D549154812A176452F680C3BAA.jpg</wp:attachment_url>
        </item>
        <item>
            <wp:post_type>lsb_book</wp:post_type>
            <wp:status>publish</wp:status>
            <title>Høyt over husene</title>
            <excerpt:encoded><![CDATA[Dette er en enkel og rørende historie   om en voksen mann som bor høyt over husene. ]]></excerpt:encoded>
            <wp:postmeta>
                <wp:meta_key>lsb_isbn</wp:meta_key>
                <wp:meta_value><![CDATA[9788291948591]]></wp:meta_value>
            </wp:postmeta>
            <wp:postmeta>
                <wp:meta_key>_lsb_isbn</wp:meta_key>
                <wp:meta_value><![CDATA[lsb_acf_isbn]]></wp:meta_value>
            </wp:postmeta>
            <wp:postmeta>
                <wp:meta_key>lsb_published_year</wp:meta_key>
                <wp:meta_value><![CDATA[2007]]></wp:meta_value>
            </wp:postmeta>
            <wp:postmeta>
                <wp:meta_key>_lsb_published_year</wp:meta_key>
                <wp:meta_value><![CDATA[lsb_acf_published_year]]></wp:meta_value>
            </wp:postmeta>
            <wp:postmeta>
                <wp:meta_key>lsb_pages</wp:meta_key>
                <wp:meta_value><![CDATA[44]]></wp:meta_value>
            </wp:postmeta>
            <wp:postmeta>
                <wp:meta_key>_lsb_pages</wp:meta_key>
                <wp:meta_value><![CDATA[lsb_acf_pages]]></wp:meta_value>
            </wp:postmeta>
            <wp:postmeta>
                <wp:meta_key>lsb_review</wp:meta_key>
                <wp:meta_value><![CDATA[  <div>Adolf har sluttet å dra hjem etter jobb.<br />  Han flytter inn i heiskrana på havna.   <br />  Høyt over husene bor han. <br />  Hit opp får han aldri besøk. <br />  Bortsett fra en dag i måneden, <br />  når rengjøringshjelpen kommer. <br />  En dag kommer det en ny dame for <br />  å gjøre rent. <br />  Hun heter Ramona.  </div>  <div>&#160;</div>  <p><strong>Høyt over husene</strong> er en rørende bok <br />  om en mann som ikke velger ensomheten likevel. <br />  Teksten er leken og lett. <br />  Illustrasjonene gir boka et voksent preg, <br />  og vi kan derfor anbefale den til <br />  minoritetsspråklige som ikke kan så mye <br />  norsk ennå.  </p>  ]]></wp:meta_value>
            </wp:postmeta>
            <wp:postmeta>
                <wp:meta_key>_lsb_review</wp:meta_key>
                <wp:meta_value><![CDATA[lsb_acf_review]]></wp:meta_value>
            </wp:postmeta>
            <wp:postmeta>
                <wp:meta_key>lsb_quote</wp:meta_key>
                <wp:meta_value><![CDATA[Det tok tid før Adolf sovnet  den kvelden. Han ble   liggende og telle stjerner.     - Både stjernene og jeg kikker   ned på menneskene i byen.   Men stjernene er mange, og   jeg er helt alene. ]]></wp:meta_value>
            </wp:postmeta>
            <wp:postmeta>
                <wp:meta_key>_lsb_quote</wp:meta_key>
                <wp:meta_value><![CDATA[lsb_acf_quote]]></wp:meta_value>
            </wp:postmeta>
            <wp:postmeta>
                <wp:meta_key>lsb_supported</wp:meta_key>
                <wp:meta_value><![CDATA[0]]></wp:meta_value>
            </wp:postmeta>
            <wp:postmeta>
                <wp:meta_key>_lsb_supported</wp:meta_key>
                <wp:meta_value><![CDATA[lsb_acf_supported]]></wp:meta_value>
            </wp:postmeta>
            <category domain="lsb_tax_author" nicename="marvin-halleraker"><![CDATA[Marvin Halleraker]]></category>
            <category domain="lsb_tax_publisher" nicename="mangschou"><![CDATA[Mangschou]]></category>
            <category domain="lsb_tax_illustrator" nicename="marvin-halleraker"><![CDATA[Marvin Halleraker]]></category>
            <wp:postmeta>
                <wp:meta_key>lsb_look_inside</wp:meta_key>
                <wp:meta_value><![CDATA[CUSTOM_BLA_I_BOKA]]></wp:meta_value>
            </wp:postmeta>
            <wp:postmeta>
                <wp:meta_key>_lsb_look_inside</wp:meta_key>
                <wp:meta_value><![CDATA[lsb_acf_look_inside]]></wp:meta_value>
            </wp:postmeta>
            <category domain="lsb_tax_age" nicename="voksne"><![CDATA[voksne]]></category>
            <category domain="lsb_tax_genre" nicename="prosa"><![CDATA[prosa]]></category>
            <category domain="lsb_tax_topic" nicename="kjærlighet"><![CDATA[kjærlighet]]></category>
            <category domain="lsb_tax_language" nicename="no_nb"><![CDATA[bokmål]]></category>
            <category domain="lsb_tax_customization" nicename="skjønnlitteratur"><![CDATA[skjønnlitteratur]]></category>
            <category domain="lsb_tax_customization" nicename="ny-i-norge"><![CDATA[ny i norge]]></category>
            <category domain="lsb_tax_customization" nicename="mange-bilder"><![CDATA[mange bilder]]></category>
            <wp:postmeta>
                <wp:meta_key>_thumbnail_id</wp:meta_key>
                <wp:meta_value><![CDATA[5094]]></wp:meta_value>
            </wp:postmeta>
        </item>
        <item>
            <title>høyt over husene.jpg</title>
            <wp:post_id>5094</wp:post_id>
            <wp:status>inherit</wp:status>
            <wp:post_type>attachment</wp:post_type>
            <wp:attachment_url>https://raw.githubusercontent.com/lesersokerbok/boksok.no-data-utils/master/output-example/images/55797405DDD04721BAA7310D7DBE395B.jpg</wp:attachment_url>
        </item>
        <item>
            <wp:post_type>lsb_book</wp:post_type>
            <wp:status>publish</wp:status>
            <title>Simen + månen</title>
            <excerpt:encoded><![CDATA[Simen liker månen.   En natt drømmer Simen at han reiser   til månen og stjernene.   ]]></excerpt:encoded>
            <wp:postmeta>
                <wp:meta_key>lsb_isbn</wp:meta_key>
                <wp:meta_value><![CDATA[9788292621028]]></wp:meta_value>
            </wp:postmeta>
            <wp:postmeta>
                <wp:meta_key>_lsb_isbn</wp:meta_key>
                <wp:meta_value><![CDATA[lsb_acf_isbn]]></wp:meta_value>
            </wp:postmeta>
            <wp:postmeta>
                <wp:meta_key>lsb_published_year</wp:meta_key>
                <wp:meta_value><![CDATA[2009]]></wp:meta_value>
            </wp:postmeta>
            <wp:postmeta>
                <wp:meta_key>_lsb_published_year</wp:meta_key>
                <wp:meta_value><![CDATA[lsb_acf_published_year]]></wp:meta_value>
            </wp:postmeta>
            <wp:postmeta>
                <wp:meta_key>lsb_pages</wp:meta_key>
                <wp:meta_value><![CDATA[43]]></wp:meta_value>
            </wp:postmeta>
            <wp:postmeta>
                <wp:meta_key>_lsb_pages</wp:meta_key>
                <wp:meta_value><![CDATA[lsb_acf_pages]]></wp:meta_value>
            </wp:postmeta>
            <wp:postmeta>
                <wp:meta_key>lsb_review</wp:meta_key>
                <wp:meta_value><![CDATA[  <div>Månen er verdens beste fotball. <br />  Simen vinner Orions belte og blir tøff. <br />  Klarer Simen å score mål på jorden også? </div>  <div>&#160;</div>  <div><strong>Simen + månen</strong> er skrevet med <br />  symbolspråket <strong>Bliss</strong>. <br />  Boka har enkel tekst <br />  og fargerike, klare illustrasjoner. </div>  <div>&#160;</div>  <p><strong>Heidi Kahrs</strong> har skrevet<br />  to andre bøker med bliss. <br />  De heter <strong>Julie + Lita</strong> og <strong>Jenny + Blå</strong>. </p>  ]]></wp:meta_value>
            </wp:postmeta>
            <wp:postmeta>
                <wp:meta_key>_lsb_review</wp:meta_key>
                <wp:meta_value><![CDATA[lsb_acf_review]]></wp:meta_value>
            </wp:postmeta>
            <wp:postmeta>
                <wp:meta_key>lsb_quote</wp:meta_key>
                <wp:meta_value><![CDATA[Så rart.   Jeg våkner i sengen.   Reisen til månen var en drøm!   Det er godt å våkne hjemme.   Jeg hører mamma på kjøkkenet.   Hun plystrer og lager frokost. ]]></wp:meta_value>
            </wp:postmeta>
            <wp:postmeta>
                <wp:meta_key>_lsb_quote</wp:meta_key>
                <wp:meta_value><![CDATA[lsb_acf_quote]]></wp:meta_value>
            </wp:postmeta>
            <wp:postmeta>
                <wp:meta_key>lsb_supported</wp:meta_key>
                <wp:meta_value><![CDATA[1]]></wp:meta_value>
            </wp:postmeta>
            <wp:postmeta>
                <wp:meta_key>_lsb_supported</wp:meta_key>
                <wp:meta_value><![CDATA[lsb_acf_supported]]></wp:meta_value>
            </wp:postmeta>
            <wp:postmeta>
                <wp:meta_key>lsb_support_cat</wp:meta_key>
                <wp:meta_value><![CDATA[blue]]></wp:meta_value>
            </wp:postmeta>
            <wp:postmeta>
                <wp:meta_key>_lsb_support_cat</wp:meta_key>
                <wp:meta_value><![CDATA[lsb_acf_support_cat]]></wp:meta_value>
            </wp:postmeta>
            <category domain="lsb_tax_author" nicename="heidi-kahrs"><![CDATA[Heidi Kahrs]]></category>
            <category domain="lsb_tax_publisher" nicename="heidilines"><![CDATA[Heidilines]]></category>
            <category domain="lsb_tax_illustrator" nicename="heidi-kahrs"><![CDATA[Heidi Kahrs]]></category>
            <wp:postmeta>
                <wp:meta_key>lsb_look_inside</wp:meta_key>
                <wp:meta_value><![CDATA[CUSTOM_BLA_I_BOKA]]></wp:meta_value>
            </wp:postmeta>
            <wp:postmeta>
                <wp:meta_key>_lsb_look_inside</wp:meta_key>
                <wp:meta_value><![CDATA[lsb_acf_look_inside]]></wp:meta_value>
            </wp:postmeta>
            <category domain="lsb_tax_age" nicename="barn"><![CDATA[barn]]></category>
            <category domain="lsb_tax_genre" nicename="prosa"><![CDATA[prosa]]></category>
            <category domain="lsb_tax_language" nicename="no_nb"><![CDATA[bokmål]]></category>
            <category domain="lsb_tax_customization" nicename="bliss"><![CDATA[bliss]]></category>
            <category domain="lsb_tax_customization" nicename="piktogram"><![CDATA[piktogram]]></category>
            <category domain="lsb_tax_customization" nicename="mange-bilder"><![CDATA[mange bilder]]></category>
            <wp:postmeta>
                <wp:meta_key>_thumbnail_id</wp:meta_key>
                <wp:meta_value><![CDATA[5095]]></wp:meta_value>
            </wp:postmeta>
        </item>
        <item>
            <title>simen   månen, ny.jpg</title>
            <wp:post_id>5095</wp:post_id>
            <wp:status>inherit</wp:status>
            <wp:post_type>attachment</wp:post_type>
            <wp:attachment_url>https://raw.githubusercontent.com/lesersokerbok/boksok.no-data-utils/master/output-example/images/02A2B7622F874EEA87160B1D0E69FE7F.jpg</wp:attachment_url>
        </item>
        <item>
            <wp:post_type>lsb_book</wp:post_type>
            <wp:status>publish</wp:status>
            <title>Fire noveller</title>
            <excerpt:encoded><![CDATA[Alexander Kielland er en av våre mest kjente forfattere.   I denne boka er fire av novellene hans   tilrettelagt slik at de er lettere å lese. ]]></excerpt:encoded>
            <wp:postmeta>
                <wp:meta_key>lsb_isbn</wp:meta_key>
                <wp:meta_value><![CDATA[9788281400795]]></wp:meta_value>
            </wp:postmeta>
            <wp:postmeta>
                <wp:meta_key>_lsb_isbn</wp:meta_key>
                <wp:meta_value><![CDATA[lsb_acf_isbn]]></wp:meta_value>
            </wp:postmeta>
            <wp:postmeta>
                <wp:meta_key>lsb_published_year</wp:meta_key>
                <wp:meta_value><![CDATA[2008]]></wp:meta_value>
            </wp:postmeta>
            <wp:postmeta>
                <wp:meta_key>_lsb_published_year</wp:meta_key>
                <wp:meta_value><![CDATA[lsb_acf_published_year]]></wp:meta_value>
            </wp:postmeta>
            <wp:postmeta>
                <wp:meta_key>lsb_pages</wp:meta_key>
                <wp:meta_value><![CDATA[71]]></wp:meta_value>
            </wp:postmeta>
            <wp:postmeta>
                <wp:meta_key>_lsb_pages</wp:meta_key>
                <wp:meta_value><![CDATA[lsb_acf_pages]]></wp:meta_value>
            </wp:postmeta>
            <wp:postmeta>
                <wp:meta_key>lsb_review</wp:meta_key>
                <wp:meta_value><![CDATA[  <div>Må man være fullblods norsk eller helspråklig <br />  før man kan lese norske klassikere? <br />  Kan det bli gode bøker<br />  av å tukle med litteraturarven? <br />  Leser søker bok har endelig <br />  våget seg ut på glattisen <br />  ved å støtte omarbeiding av klassikerne. </div>  <div>&#160;</div>  <p><strong>Alexander L. Kielland</strong> er en av de store <br />  i norsk litteratur fra 1800-tallet. <br />  Nå er fire av novellene hans <br />  gjort tilgjengelig med <br />  enklere tekst og vakre illustrasjoner. <br />  De fire novellene er <strong>En middag</strong>, <strong>Karen</strong>, <br />  <strong>Erotikk og idyll</strong> og <strong>En god samvittighet</strong>.</p>  <div>Selv om teksten er lettere, <br />  er det Kiellands stemme vi hører. <br />  Boka inneholder også et forord om Kielland <br />  og det han skrev. </div>  <div>&#160;</div>  <p><strong>Elin Husebø</strong> er litteraturviter og har vært <br />  lærer i norsk for flerspråklige. <br />  Hun har også studert ved Skrivekunstakademiet<br />  og Forfatterstudiet i Tromsø. <br />  </p>  <div>I 2012 ga Elin ut boka <strong>Engel I Paris.</strong> </div>  <div>Det er en biografisk roman om Alexander L. Kielland.&#160; <br />  </div>    ]]></wp:meta_value>
            </wp:postmeta>
            <wp:postmeta>
                <wp:meta_key>_lsb_review</wp:meta_key>
                <wp:meta_value><![CDATA[lsb_acf_review]]></wp:meta_value>
            </wp:postmeta>
            <wp:postmeta>
                <wp:meta_key>lsb_quote</wp:meta_key>
                <wp:meta_value><![CDATA[Øynene til Karen var store og grå. Øyenbrynene var høyt buet,   som om hun var forbauset over noe.      Derfor trodde fremmede at hun ikke forsto hva de spurte om.   Men Karen forsto godt alt de sa og tok aldri feil. Likevel var det noe rart   med henne. Det så ut som om hun så langt etter noe, at hun lyttet   eller ventet eller drømte. ]]></wp:meta_value>
            </wp:postmeta>
            <wp:postmeta>
                <wp:meta_key>_lsb_quote</wp:meta_key>
                <wp:meta_value><![CDATA[lsb_acf_quote]]></wp:meta_value>
            </wp:postmeta>
            <wp:postmeta>
                <wp:meta_key>lsb_supported</wp:meta_key>
                <wp:meta_value><![CDATA[1]]></wp:meta_value>
            </wp:postmeta>
            <wp:postmeta>
                <wp:meta_key>_lsb_supported</wp:meta_key>
                <wp:meta_value><![CDATA[lsb_acf_supported]]></wp:meta_value>
            </wp:postmeta>
            <wp:postmeta>
                <wp:meta_key>lsb_support_cat</wp:meta_key>
                <wp:meta_value><![CDATA[purple]]></wp:meta_value>
            </wp:postmeta>
            <wp:postmeta>
                <wp:meta_key>_lsb_support_cat</wp:meta_key>
                <wp:meta_value><![CDATA[lsb_acf_support_cat]]></wp:meta_value>
            </wp:postmeta>
            <category domain="lsb_tax_author" nicename="alexander-kielland.-tilrettelagt-av-elin-husebø"><![CDATA[Alexander Kielland. Tilrettelagt av Elin Husebø]]></category>
            <category domain="lsb_tax_publisher" nicename="wigestrand-"><![CDATA[Wigestrand ]]></category>
            <wp:postmeta>
                <wp:meta_key>lsb_look_inside</wp:meta_key>
                <wp:meta_value><![CDATA[CUSTOM_BLA_I_BOKA]]></wp:meta_value>
            </wp:postmeta>
            <wp:postmeta>
                <wp:meta_key>_lsb_look_inside</wp:meta_key>
                <wp:meta_value><![CDATA[lsb_acf_look_inside]]></wp:meta_value>
            </wp:postmeta>
            <category domain="lsb_tax_age" nicename="voksne"><![CDATA[voksne]]></category>
            <category domain="lsb_tax_genre" nicename="prosa"><![CDATA[prosa]]></category>
            <category domain="lsb_tax_language" nicename="no_nb"><![CDATA[bokmål]]></category>
            <category domain="lsb_tax_customization" nicename="skjønnlitteratur"><![CDATA[skjønnlitteratur]]></category>
            <wp:postmeta>
                <wp:meta_key>_thumbnail_id</wp:meta_key>
                <wp:meta_value><![CDATA[5096]]></wp:meta_value>
            </wp:postmeta>
        </item>
        <item>
            <title>fire noveller web.jpg</title>
            <wp:post_id>5096</wp:post_id>
            <wp:status>inherit</wp:status>
            <wp:post_type>attachment</wp:post_type>
            <wp:attachment_url>https://raw.githubusercontent.com/lesersokerbok/boksok.no-data-utils/master/output-example/images/29384739ED3940BA8C95CFAA69850B9C.jpg</wp:attachment_url>
        </item>
        <item>
            <wp:post_type>lsb_book</wp:post_type>
            <wp:status>publish</wp:status>
            <title>Fantasiblikket</title>
            <excerpt:encoded><![CDATA[Fantasiblikket er en lærerik fortelling   om Petra som har dysleksi. ]]></excerpt:encoded>
            <wp:postmeta>
                <wp:meta_key>lsb_isbn</wp:meta_key>
                <wp:meta_value><![CDATA[9788281400429]]></wp:meta_value>
            </wp:postmeta>
            <wp:postmeta>
                <wp:meta_key>_lsb_isbn</wp:meta_key>
                <wp:meta_value><![CDATA[lsb_acf_isbn]]></wp:meta_value>
            </wp:postmeta>
            <wp:postmeta>
                <wp:meta_key>lsb_published_year</wp:meta_key>
                <wp:meta_value><![CDATA[2008]]></wp:meta_value>
            </wp:postmeta>
            <wp:postmeta>
                <wp:meta_key>_lsb_published_year</wp:meta_key>
                <wp:meta_value><![CDATA[lsb_acf_published_year]]></wp:meta_value>
            </wp:postmeta>
            <wp:postmeta>
                <wp:meta_key>lsb_pages</wp:meta_key>
                <wp:meta_value><![CDATA[83]]></wp:meta_value>
            </wp:postmeta>
            <wp:postmeta>
                <wp:meta_key>_lsb_pages</wp:meta_key>
                <wp:meta_value><![CDATA[lsb_acf_pages]]></wp:meta_value>
            </wp:postmeta>
            <wp:postmeta>
                <wp:meta_key>lsb_review</wp:meta_key>
                <wp:meta_value><![CDATA[  <div>Petra hatar bøker og mistrivst i timene. <br />  Ho strevar med å knekke lesekoden<br />  og er redd at koden snart <br />  skal knekke henne. <br />  Ein dag kjem den mystiske Multi <br />  rett inn gjennom vindauget hennar. <br />  Det raraste er at han ikkje kallar dysleksi <br />  for eit problem, men for ei gåve! <br />  For Petra kan snu og vende på ting. <br />  Ho kan nytte fantasien <br />  til å oppdage det andre ikkje ser. <br />  Det er nyttig for så mangt<br />  - berre ikkje å lære bokstavar! </div>  <div><br />  Dette er ei bok som barn med lesevanskar <br />  kan prøve å lese sjølv<br />  eller som vaksne kan lese høgt. </div>  <div>Boka er til oppmuntring for dei med dysleksi <br />  og til opplysing for andre <br />  som undrar seg over korleis det kan vere <br />  at bokstavane kan danse rundt! </div>  <div>&#160;</div>  <div>Forfattar <strong>Helge Torvund</strong> er kjend og kjær, <br />  særleg som poet. <br />  I <strong>Fantasiblikket</strong> har han skrive <br />  ei fengjande barnebok. <br />  Brageprisvinnar <strong>Bjørn Ousland</strong> har <br />  illustrert med detaljrike teikningar. </div>  ]]></wp:meta_value>
            </wp:postmeta>
            <wp:postmeta>
                <wp:meta_key>_lsb_review</wp:meta_key>
                <wp:meta_value><![CDATA[lsb_acf_review]]></wp:meta_value>
            </wp:postmeta>
            <wp:postmeta>
                <wp:meta_key>lsb_quote</wp:meta_key>
                <wp:meta_value><![CDATA[Petra hiv boka i veggen.   Ho orkar ikkje meir.   Ho kan eta.   Ho kan sova.   Ho kan leika.   Og ho likar å leika!   Ho kan sjå på TV.   Og ho kan sjå på skyene på himmelen.   Det likar ho òg godt.   Å sitja i vindauga og sjå ut.   Sjå korleis skyene er,   dinosaurar som vert kvalar som vert vikingar. ]]></wp:meta_value>
            </wp:postmeta>
            <wp:postmeta>
                <wp:meta_key>_lsb_quote</wp:meta_key>
                <wp:meta_value><![CDATA[lsb_acf_quote]]></wp:meta_value>
            </wp:postmeta>
            <wp:postmeta>
                <wp:meta_key>lsb_supported</wp:meta_key>
                <wp:meta_value><![CDATA[1]]></wp:meta_value>
            </wp:postmeta>
            <wp:postmeta>
                <wp:meta_key>_lsb_supported</wp:meta_key>
                <wp:meta_value><![CDATA[lsb_acf_supported]]></wp:meta_value>
            </wp:postmeta>
            <wp:postmeta>
                <wp:meta_key>lsb_support_cat</wp:meta_key>
                <wp:meta_value><![CDATA[purple]]></wp:meta_value>
            </wp:postmeta>
            <wp:postmeta>
                <wp:meta_key>_lsb_support_cat</wp:meta_key>
                <wp:meta_value><![CDATA[lsb_acf_support_cat]]></wp:meta_value>
            </wp:postmeta>
            <category domain="lsb_tax_author" nicename="helge-torvund"><![CDATA[Helge Torvund]]></category>
            <category domain="lsb_tax_publisher" nicename="wigestrand-"><![CDATA[Wigestrand ]]></category>
            <category domain="lsb_tax_illustrator" nicename="bjørn-ousland"><![CDATA[Bjørn Ousland]]></category>
            <wp:postmeta>
                <wp:meta_key>lsb_look_inside</wp:meta_key>
                <wp:meta_value><![CDATA[CUSTOM_BLA_I_BOKA]]></wp:meta_value>
            </wp:postmeta>
            <wp:postmeta>
                <wp:meta_key>_lsb_look_inside</wp:meta_key>
                <wp:meta_value><![CDATA[lsb_acf_look_inside]]></wp:meta_value>
            </wp:postmeta>
            <category domain="lsb_tax_age" nicename="barn"><![CDATA[barn]]></category>
            <category domain="lsb_tax_age" nicename="ungdom"><![CDATA[ungdom]]></category>
            <category domain="lsb_tax_genre" nicename="prosa"><![CDATA[prosa]]></category>
            <category domain="lsb_tax_language" nicename="no_nn"><![CDATA[nynorsk]]></category>
            <category domain="lsb_tax_customization" nicename="skjønnlitteratur"><![CDATA[skjønnlitteratur]]></category>
            <wp:postmeta>
                <wp:meta_key>_thumbnail_id</wp:meta_key>
                <wp:meta_value><![CDATA[5097]]></wp:meta_value>
            </wp:postmeta>
        </item>
        <item>
            <title>Fantasiblikket forside.jpg</title>
            <wp:post_id>5097</wp:post_id>
            <wp:status>inherit</wp:status>
            <wp:post_type>attachment</wp:post_type>
            <wp:attachment_url>https://raw.githubusercontent.com/lesersokerbok/boksok.no-data-utils/master/output-example/images/01D01BF9DA5B4436A64F19D6CA98EA5B.jpg</wp:attachment_url>
        </item>
        <item>
            <wp:post_type>lsb_book</wp:post_type>
            <wp:status>publish</wp:status>
            <title>Dobbelt mamma</title>
            <excerpt:encoded><![CDATA[Vi møter tre kvinner som forteller om deres nye tilværelse i Norge. Hvordan er det å være mamma i et nytt land?    ]]></excerpt:encoded>
            <wp:postmeta>
                <wp:meta_key>lsb_isbn</wp:meta_key>
                <wp:meta_value><![CDATA[9788280980236]]></wp:meta_value>
            </wp:postmeta>
            <wp:postmeta>
                <wp:meta_key>_lsb_isbn</wp:meta_key>
                <wp:meta_value><![CDATA[lsb_acf_isbn]]></wp:meta_value>
            </wp:postmeta>
            <wp:postmeta>
                <wp:meta_key>lsb_published_year</wp:meta_key>
                <wp:meta_value><![CDATA[2008]]></wp:meta_value>
            </wp:postmeta>
            <wp:postmeta>
                <wp:meta_key>_lsb_published_year</wp:meta_key>
                <wp:meta_value><![CDATA[lsb_acf_published_year]]></wp:meta_value>
            </wp:postmeta>
            <wp:postmeta>
                <wp:meta_key>lsb_pages</wp:meta_key>
                <wp:meta_value><![CDATA[78]]></wp:meta_value>
            </wp:postmeta>
            <wp:postmeta>
                <wp:meta_key>_lsb_pages</wp:meta_key>
                <wp:meta_value><![CDATA[lsb_acf_pages]]></wp:meta_value>
            </wp:postmeta>
            <wp:postmeta>
                <wp:meta_key>lsb_review</wp:meta_key>
                <wp:meta_value><![CDATA[  <div>I boka treffer vi Mulki fra Somalia, <br />  Vujka fra Kosovo og Hana fra Libanon. <br />  Fra hjemlandet vet de hva en mamma skal gjøre. <br />  I Norge må de likevel lære mye på nytt. <br />  De tre kvinnene forteller om barnehagen, <br />  om bursdager, om matpakken og foreldremøter. </div>  <div>&#160;</div>  <div>Boka er skrevet med enkel tekst<br />  og har fargerike fotografier. <br />  Vi hører historien til de tre kvinnene. <br />  Boka fungerer også som et oppslagsverk <br />  om hva som forventes av foreldre i Norge.</div>  <div>&#160;</div>  <div><strong>Hilde Henriksen</strong> og <strong>Renate Grytnes</strong> <br />  debuterer med <strong>Dobbelt mamma</strong>. <br />  De er lærere i norsk og samfunnskunnskap <br />  for voksne innvandrere ved Tønsberg voksenopplæring.</div>  <div>I 2009/2010 har forfatterne turnert landet rundt </div>  <div>for å fortelle om bokprosjektet sammen med </div>  <div>to innvandrerkvinner fra Somalia og Kosovo.  </div>  <div>De to kvinnene forteller om hvordan det er </div>  <div>å være mamma i et nytt land, </div>  <div>og deres refleksjoner og erfaringer </div>  <div>blir satt inn i et integreringsperspektiv. </div>  ]]></wp:meta_value>
            </wp:postmeta>
            <wp:postmeta>
                <wp:meta_key>_lsb_review</wp:meta_key>
                <wp:meta_value><![CDATA[lsb_acf_review]]></wp:meta_value>
            </wp:postmeta>
            <wp:postmeta>
                <wp:meta_key>lsb_quote</wp:meta_key>
                <wp:meta_value><![CDATA[- Mahdi ble bedt i bursdag.   Jeg leste invitasjonen,   men jeg leverte ham ikke i bursdagen.   Er det gale folk, tenkte jeg.   Pølser og hamburgere med svinekjøtt.   Jeg ringte ikke for å si at Mahdi ikke kom.   Det var uhøflig av meg.     Men det kom he]]></wp:meta_value>
            </wp:postmeta>
            <wp:postmeta>
                <wp:meta_key>_lsb_quote</wp:meta_key>
                <wp:meta_value><![CDATA[lsb_acf_quote]]></wp:meta_value>
            </wp:postmeta>
            <wp:postmeta>
                <wp:meta_key>lsb_supported</wp:meta_key>
                <wp:meta_value><![CDATA[1]]></wp:meta_value>
            </wp:postmeta>
            <wp:postmeta>
                <wp:meta_key>_lsb_supported</wp:meta_key>
                <wp:meta_value><![CDATA[lsb_acf_supported]]></wp:meta_value>
            </wp:postmeta>
            <wp:postmeta>
                <wp:meta_key>lsb_support_cat</wp:meta_key>
                <wp:meta_value><![CDATA[purple]]></wp:meta_value>
            </wp:postmeta>
            <wp:postmeta>
                <wp:meta_key>_lsb_support_cat</wp:meta_key>
                <wp:meta_value><![CDATA[lsb_acf_support_cat]]></wp:meta_value>
            </wp:postmeta>
            <category domain="lsb_tax_author" nicename="hilde-henriksen-og-renate-grytnes"><![CDATA[Hilde Henriksen og Renate Grytnes]]></category>
            <category domain="lsb_tax_publisher" nicename="lettlest-forlag"><![CDATA[Lettlest Forlag]]></category>
            <category domain="lsb_tax_illustrator" nicename="anne-charlotte-schjøll"><![CDATA[Anne Charlotte Schjøll]]></category>
            <wp:postmeta>
                <wp:meta_key>lsb_look_inside</wp:meta_key>
                <wp:meta_value><![CDATA[CUSTOM_BLA_I_BOKA]]></wp:meta_value>
            </wp:postmeta>
            <wp:postmeta>
                <wp:meta_key>_lsb_look_inside</wp:meta_key>
                <wp:meta_value><![CDATA[lsb_acf_look_inside]]></wp:meta_value>
            </wp:postmeta>
            <category domain="lsb_tax_age" nicename="voksne"><![CDATA[voksne]]></category>
            <category domain="lsb_tax_genre" nicename="faglitteratur"><![CDATA[faglitteratur]]></category>
            <category domain="lsb_tax_language" nicename="no_nb"><![CDATA[bokmål]]></category>
            <category domain="lsb_tax_customization" nicename="faglitteratur"><![CDATA[faglitteratur]]></category>
            <category domain="lsb_tax_customization" nicename="ny-i-norge"><![CDATA[ny i norge]]></category>
            <category domain="lsb_tax_customization" nicename="mange-bilder"><![CDATA[mange bilder]]></category>
            <wp:postmeta>
                <wp:meta_key>_thumbnail_id</wp:meta_key>
                <wp:meta_value><![CDATA[5098]]></wp:meta_value>
            </wp:postmeta>
        </item>
        <item>
            <title>Dobbelt mamma.jpg</title>
            <wp:post_id>5098</wp:post_id>
            <wp:status>inherit</wp:status>
            <wp:post_type>attachment</wp:post_type>
            <wp:attachment_url>https://raw.githubusercontent.com/lesersokerbok/boksok.no-data-utils/master/output-example/images/59769A477E2241CE831E8EBFBD3BAEFD.jpg</wp:attachment_url>
        </item>
        <item>
            <wp:post_type>lsb_book</wp:post_type>
            <wp:status>publish</wp:status>
            <title>Fra t-bane til lenestol</title>
            <excerpt:encoded><![CDATA[En genial blanding av en ordbok   og en fortelling om en mann   som er ny i et nytt land. ]]></excerpt:encoded>
            <wp:postmeta>
                <wp:meta_key>lsb_isbn</wp:meta_key>
                <wp:meta_value><![CDATA[9788291187822]]></wp:meta_value>
            </wp:postmeta>
            <wp:postmeta>
                <wp:meta_key>_lsb_isbn</wp:meta_key>
                <wp:meta_value><![CDATA[lsb_acf_isbn]]></wp:meta_value>
            </wp:postmeta>
            <wp:postmeta>
                <wp:meta_key>lsb_published_year</wp:meta_key>
                <wp:meta_value><![CDATA[2008]]></wp:meta_value>
            </wp:postmeta>
            <wp:postmeta>
                <wp:meta_key>_lsb_published_year</wp:meta_key>
                <wp:meta_value><![CDATA[lsb_acf_published_year]]></wp:meta_value>
            </wp:postmeta>
            <wp:postmeta>
                <wp:meta_key>lsb_pages</wp:meta_key>
                <wp:meta_value><![CDATA[35]]></wp:meta_value>
            </wp:postmeta>
            <wp:postmeta>
                <wp:meta_key>_lsb_pages</wp:meta_key>
                <wp:meta_value><![CDATA[lsb_acf_pages]]></wp:meta_value>
            </wp:postmeta>
            <wp:postmeta>
                <wp:meta_key>lsb_review</wp:meta_key>
                <wp:meta_value><![CDATA[  <div>Dagene kan bli tause i et nytt land,<br />  særlig når man ikke kan språket. <br />  Dette er ei ordbok for voksne.<br />  Samtidig er det en historie om <br />  å finne kjærligheten.</div>  <div>&#160;</div>  <div>Boka har tegninger og enkelte ord.<br />  Den som leser kan lære <br />  ord på ting som finnes på tegningene. </div>  <div>&#160;</div>  <div><strong>Anna Fiske</strong> er en mester med bildebøker. <br />  Manuset vant konkurransen for bildebøker <br />  tilpasset minoritetsspråklige<br />  som Leser søker bok holdt i 2007. </div>  <div><strong>Fra t-bane til lenestol</strong> vant også </div>  <div>Gull for beste lærebok i Årets vakreste bøker 2009. </div>  <div>Den ble også nominert til </div>  <div>Årets best tilrettelagte bok samme år. </div>  <div>"En annerledes og forfriskende lærebok, </div>  <div>tydelig og morsomt illustrert. </div>  <div>De morsomme og detaljerte illustrasjonene </div>  <div>til Anna Fiske inviterer til språklek og eksperimentering. </div>  <div>Slike lærebøker håper vi å se mer av i fremtiden"</div>  <div>(juryens kommentar)</div>  <div>&#160;</div>  ]]></wp:meta_value>
            </wp:postmeta>
            <wp:postmeta>
                <wp:meta_key>_lsb_review</wp:meta_key>
                <wp:meta_value><![CDATA[lsb_acf_review]]></wp:meta_value>
            </wp:postmeta>
            <wp:postmeta>
                <wp:meta_key>lsb_quote</wp:meta_key>
                <wp:meta_value><![CDATA[BLOKK   HUS   VINDU   DØR]]></wp:meta_value>
            </wp:postmeta>
            <wp:postmeta>
                <wp:meta_key>_lsb_quote</wp:meta_key>
                <wp:meta_value><![CDATA[lsb_acf_quote]]></wp:meta_value>
            </wp:postmeta>
            <wp:postmeta>
                <wp:meta_key>lsb_supported</wp:meta_key>
                <wp:meta_value><![CDATA[1]]></wp:meta_value>
            </wp:postmeta>
            <wp:postmeta>
                <wp:meta_key>_lsb_supported</wp:meta_key>
                <wp:meta_value><![CDATA[lsb_acf_supported]]></wp:meta_value>
            </wp:postmeta>
            <wp:postmeta>
                <wp:meta_key>lsb_support_cat</wp:meta_key>
                <wp:meta_value><![CDATA[purple]]></wp:meta_value>
            </wp:postmeta>
            <wp:postmeta>
                <wp:meta_key>_lsb_support_cat</wp:meta_key>
                <wp:meta_value><![CDATA[lsb_acf_support_cat]]></wp:meta_value>
            </wp:postmeta>
            <category domain="lsb_tax_author" nicename="anna-fiske"><![CDATA[Anna Fiske]]></category>
            <category domain="lsb_tax_publisher" nicename="no-comprendo-press"><![CDATA[No Comprendo Press]]></category>
            <category domain="lsb_tax_illustrator" nicename="anna-fiske"><![CDATA[Anna Fiske]]></category>
            <wp:postmeta>
                <wp:meta_key>lsb_look_inside</wp:meta_key>
                <wp:meta_value><![CDATA[CUSTOM_BLA_I_BOKA]]></wp:meta_value>
            </wp:postmeta>
            <wp:postmeta>
                <wp:meta_key>_lsb_look_inside</wp:meta_key>
                <wp:meta_value><![CDATA[lsb_acf_look_inside]]></wp:meta_value>
            </wp:postmeta>
            <category domain="lsb_tax_age" nicename="voksne"><![CDATA[voksne]]></category>
            <category domain="lsb_tax_genre" nicename="prosa"><![CDATA[prosa]]></category>
            <category domain="lsb_tax_language" nicename="no_nb"><![CDATA[bokmål]]></category>
            <category domain="lsb_tax_customization" nicename="bilder"><![CDATA[bilder]]></category>
            <category domain="lsb_tax_customization" nicename="ny-i-norge"><![CDATA[ny i norge]]></category>
            <category domain="lsb_tax_customization" nicename="mange-bilder"><![CDATA[mange bilder]]></category>
            <wp:postmeta>
                <wp:meta_key>_thumbnail_id</wp:meta_key>
                <wp:meta_value><![CDATA[5099]]></wp:meta_value>
            </wp:postmeta>
        </item>
        <item>
            <title>fra t-bane til lenestol komprimert.jpg</title>
            <wp:post_id>5099</wp:post_id>
            <wp:status>inherit</wp:status>
            <wp:post_type>attachment</wp:post_type>
            <wp:attachment_url>https://raw.githubusercontent.com/lesersokerbok/boksok.no-data-utils/master/output-example/images/2C4B61E98DCE4512AB57E3DF8C7FCDE3.jpg</wp:attachment_url>
        </item>
        <item>
            <wp:post_type>lsb_book</wp:post_type>
            <wp:status>publish</wp:status>
            <title>Jenta med heilt jamne, mjuke augebryn</title>
            <excerpt:encoded><![CDATA[Dette er ei flott og annleis bok,   både for blinde og sjåande born og unge.   ]]></excerpt:encoded>
            <wp:postmeta>
                <wp:meta_key>lsb_isbn</wp:meta_key>
                <wp:meta_value><![CDATA[9788256015412]]></wp:meta_value>
            </wp:postmeta>
            <wp:postmeta>
                <wp:meta_key>_lsb_isbn</wp:meta_key>
                <wp:meta_value><![CDATA[lsb_acf_isbn]]></wp:meta_value>
            </wp:postmeta>
            <wp:postmeta>
                <wp:meta_key>lsb_published_year</wp:meta_key>
                <wp:meta_value><![CDATA[2008]]></wp:meta_value>
            </wp:postmeta>
            <wp:postmeta>
                <wp:meta_key>_lsb_published_year</wp:meta_key>
                <wp:meta_value><![CDATA[lsb_acf_published_year]]></wp:meta_value>
            </wp:postmeta>
            <wp:postmeta>
                <wp:meta_key>lsb_pages</wp:meta_key>
                <wp:meta_value><![CDATA[18]]></wp:meta_value>
            </wp:postmeta>
            <wp:postmeta>
                <wp:meta_key>_lsb_pages</wp:meta_key>
                <wp:meta_value><![CDATA[lsb_acf_pages]]></wp:meta_value>
            </wp:postmeta>
            <wp:postmeta>
                <wp:meta_key>lsb_review</wp:meta_key>
                <wp:meta_value><![CDATA[  <div>I landet er det krig. <br />  Ein blind gut startar på ein ny skule. <br />  Guten forelskar seg i ei av jentene i klassen, <br />  ho med dei mjuke augebryna. <br />  Ho som ikkje lo då han kjende på andletet hennar. </div>  <div>&#160;</div>  <div>Teksten står både i svartskrift og punktskrift. <br />  Men til skilnad frå mange andre <br />  bøker med følebilete <br />  er ikkje språket eller innhaldet utprega enkelt. </div>  <div>&#160;</div>  <div>  <div>Denne føleboka er laga av topplaget <br />  mellom norske forfattarar og illustratørar. </div>  <div>Forfattar <strong>Bjørn Sortland</strong> <br />  er omsett til mange språk<br />  og vinn stadig prisar for bøkene sine. <br />  <strong>Inger Lise Belsvik</strong> er ein av <br />  dei beste illustratørane våre. <br />  No syner ho at ho også meistrar kunsten <br />  å lage vakre bilete til å røre ved. </div>  <div>&#160;</div>  <div>Boka vant prisen for Årets best tilrettelagte bok 2009. </div>  <div>"Dette er ei estetisk tiltalende bok både </div>  <div>for dei som les med fingrane og dei som les med auga. </div>  <div>Gjennom frapperande materialbruk </div>  <div>appellerer boka til fleire sansar. </div>  <div>Dei taktile illustrasjonane, laga av alt frå metall til stein, </div>  <div>står talande til teksten. (...) </div>  <div>Både arka og illustrasjonane er gode å ta på. </div>  <div><strong>Jenta med heilt jamne, mjuke augebryn</strong></div>  <div>er ei bok du får lyst til å bla i og ha i bokhylla"</div>  <div>(fra juryens kommentar)</div></div>  ]]></wp:meta_value>
            </wp:postmeta>
            <wp:postmeta>
                <wp:meta_key>_lsb_review</wp:meta_key>
                <wp:meta_value><![CDATA[lsb_acf_review]]></wp:meta_value>
            </wp:postmeta>
            <wp:postmeta>
                <wp:meta_key>lsb_quote</wp:meta_key>
                <wp:meta_value><![CDATA[Eg skulle ønskt eg kunne gjera det igjen. Ta på ansiktet hennar.   Eg har det i hendene mine. Ho er den einaste eg veit om   i heile verda som har heilt perfekte, jamne, mjuke augebryn.   Eg tok sikkert alt for lenge på dei.   Men når ho skal få seg ein mann, så blir det ikkje meg.   Det kjem til å bli ein som Ivan, kanskje.]]></wp:meta_value>
            </wp:postmeta>
            <wp:postmeta>
                <wp:meta_key>_lsb_quote</wp:meta_key>
                <wp:meta_value><![CDATA[lsb_acf_quote]]></wp:meta_value>
            </wp:postmeta>
            <wp:postmeta>
                <wp:meta_key>lsb_supported</wp:meta_key>
                <wp:meta_value><![CDATA[1]]></wp:meta_value>
            </wp:postmeta>
            <wp:postmeta>
                <wp:meta_key>_lsb_supported</wp:meta_key>
                <wp:meta_value><![CDATA[lsb_acf_supported]]></wp:meta_value>
            </wp:postmeta>
            <wp:postmeta>
                <wp:meta_key>lsb_support_cat</wp:meta_key>
                <wp:meta_value><![CDATA[orange]]></wp:meta_value>
            </wp:postmeta>
            <wp:postmeta>
                <wp:meta_key>_lsb_support_cat</wp:meta_key>
                <wp:meta_value><![CDATA[lsb_acf_support_cat]]></wp:meta_value>
            </wp:postmeta>
            <category domain="lsb_tax_author" nicename="bjørn-sortland"><![CDATA[Bjørn Sortland]]></category>
            <category domain="lsb_tax_publisher" nicename="solum-"><![CDATA[Solum ]]></category>
            <category domain="lsb_tax_illustrator" nicename="inger-lise-belsvik"><![CDATA[Inger Lise Belsvik]]></category>
            <wp:postmeta>
                <wp:meta_key>lsb_look_inside</wp:meta_key>
                <wp:meta_value><![CDATA[CUSTOM_BLA_I_BOKA]]></wp:meta_value>
            </wp:postmeta>
            <wp:postmeta>
                <wp:meta_key>_lsb_look_inside</wp:meta_key>
                <wp:meta_value><![CDATA[lsb_acf_look_inside]]></wp:meta_value>
            </wp:postmeta>
            <category domain="lsb_tax_age" nicename="barn"><![CDATA[barn]]></category>
            <category domain="lsb_tax_age" nicename="ungdom"><![CDATA[ungdom]]></category>
            <category domain="lsb_tax_genre" nicename="prosa"><![CDATA[prosa]]></category>
            <category domain="lsb_tax_language" nicename="no_nn"><![CDATA[nynorsk]]></category>
            <category domain="lsb_tax_customization" nicename="punktskrift"><![CDATA[punktskrift]]></category>
            <category domain="lsb_tax_customization" nicename="følebilder"><![CDATA[følebilder]]></category>
            <category domain="lsb_tax_customization" nicename="mange-bilder"><![CDATA[mange bilder]]></category>
            <wp:postmeta>
                <wp:meta_key>_thumbnail_id</wp:meta_key>
                <wp:meta_value><![CDATA[5100]]></wp:meta_value>
            </wp:postmeta>
        </item>
        <item>
            <title>jenta med heilt jamne.jpg</title>
            <wp:post_id>5100</wp:post_id>
            <wp:status>inherit</wp:status>
            <wp:post_type>attachment</wp:post_type>
            <wp:attachment_url>https://raw.githubusercontent.com/lesersokerbok/boksok.no-data-utils/master/output-example/images/ABD761049E134415B5EBE5D1EB0BEA22.jpg</wp:attachment_url>
        </item>
        <item>
            <wp:post_type>lsb_book</wp:post_type>
            <wp:status>publish</wp:status>
            <title>Ankomsten</title>
            <excerpt:encoded><![CDATA[Ankomsten er en grafisk roman.   Ingen ord blir sagt,   alt blir fortalt gjennom illustrasjoner.]]></excerpt:encoded>
            <wp:postmeta>
                <wp:meta_key>lsb_isbn</wp:meta_key>
                <wp:meta_value><![CDATA[9788242937278]]></wp:meta_value>
            </wp:postmeta>
            <wp:postmeta>
                <wp:meta_key>_lsb_isbn</wp:meta_key>
                <wp:meta_value><![CDATA[lsb_acf_isbn]]></wp:meta_value>
            </wp:postmeta>
            <wp:postmeta>
                <wp:meta_key>lsb_published_year</wp:meta_key>
                <wp:meta_value><![CDATA[2008]]></wp:meta_value>
            </wp:postmeta>
            <wp:postmeta>
                <wp:meta_key>_lsb_published_year</wp:meta_key>
                <wp:meta_value><![CDATA[lsb_acf_published_year]]></wp:meta_value>
            </wp:postmeta>
            <wp:postmeta>
                <wp:meta_key>lsb_pages</wp:meta_key>
                <wp:meta_value><![CDATA[128]]></wp:meta_value>
            </wp:postmeta>
            <wp:postmeta>
                <wp:meta_key>_lsb_pages</wp:meta_key>
                <wp:meta_value><![CDATA[lsb_acf_pages]]></wp:meta_value>
            </wp:postmeta>
            <wp:postmeta>
                <wp:meta_key>lsb_review</wp:meta_key>
                <wp:meta_value><![CDATA[  <div>En mann må reise fra familien sin <br />  for å tjene penger i et fremmed land. <br />  Han kommer til en by der alt er ukjent:<br />  Fremmede dyr, fremmed mat og et ukjent språk.  <br />  Han treffer mennesker på veien <br />  som hjelper ham videre. <br />    <br />  <strong>Ankomsten</strong> har vunnet flere priser, <br />  blant annet beste illustrerte bok <br />  i New York Times </div>  <div>og tegneseriefestivalen i Angoulême, Frankrike, i 2008.</div>  <div>Forfatteren Shaun Tan er også kjent som filmregissør</div>  <div>og har blitt nominert for Oscar for beste tegnefilm i 2010. <br />  <br />  </div>  ]]></wp:meta_value>
            </wp:postmeta>
            <wp:postmeta>
                <wp:meta_key>_lsb_review</wp:meta_key>
                <wp:meta_value><![CDATA[lsb_acf_review]]></wp:meta_value>
            </wp:postmeta>
            <wp:postmeta>
                <wp:meta_key>lsb_quote</wp:meta_key>
                <wp:meta_value/>
            </wp:postmeta>
            <wp:postmeta>
                <wp:meta_key>_lsb_quote</wp:meta_key>
                <wp:meta_value><![CDATA[lsb_acf_quote]]></wp:meta_value>
            </wp:postmeta>
            <wp:postmeta>
                <wp:meta_key>lsb_supported</wp:meta_key>
                <wp:meta_value><![CDATA[0]]></wp:meta_value>
            </wp:postmeta>
            <wp:postmeta>
                <wp:meta_key>_lsb_supported</wp:meta_key>
                <wp:meta_value><![CDATA[lsb_acf_supported]]></wp:meta_value>
            </wp:postmeta>
            <category domain="lsb_tax_author" nicename="shaun-tan"><![CDATA[Shaun Tan]]></category>
            <category domain="lsb_tax_publisher" nicename="egmont-"><![CDATA[Egmont ]]></category>
            <category domain="lsb_tax_illustrator" nicename="shaun-tan"><![CDATA[Shaun Tan]]></category>
            <wp:postmeta>
                <wp:meta_key>lsb_look_inside</wp:meta_key>
                <wp:meta_value><![CDATA[CUSTOM_BLA_I_BOKA]]></wp:meta_value>
            </wp:postmeta>
            <wp:postmeta>
                <wp:meta_key>_lsb_look_inside</wp:meta_key>
                <wp:meta_value><![CDATA[lsb_acf_look_inside]]></wp:meta_value>
            </wp:postmeta>
            <category domain="lsb_tax_age" nicename="voksne"><![CDATA[voksne]]></category>
            <category domain="lsb_tax_genre" nicename="prosa"><![CDATA[prosa]]></category>
            <category domain="lsb_tax_customization" nicename="bilder"><![CDATA[bilder]]></category>
            <category domain="lsb_tax_customization" nicename="ny-i-norge"><![CDATA[ny i norge]]></category>
            <category domain="lsb_tax_customization" nicename="mange-bilder"><![CDATA[mange bilder]]></category>
            <wp:postmeta>
                <wp:meta_key>_thumbnail_id</wp:meta_key>
                <wp:meta_value><![CDATA[5101]]></wp:meta_value>
            </wp:postmeta>
        </item>
        <item>
            <title>ankomsten.jpg</title>
            <wp:post_id>5101</wp:post_id>
            <wp:status>inherit</wp:status>
            <wp:post_type>attachment</wp:post_type>
            <wp:attachment_url>https://raw.githubusercontent.com/lesersokerbok/boksok.no-data-utils/master/output-example/images/61B3903927AD42CF9A50F761F8D3D454.jpg</wp:attachment_url>
        </item>
        <item>
            <wp:post_type>lsb_book</wp:post_type>
            <wp:status>publish</wp:status>
            <title>Kasper filmer</title>
            <excerpt:encoded><![CDATA[En ny bok i serien om Kasper,   som er glad i å spille fotball. ]]></excerpt:encoded>
            <wp:postmeta>
                <wp:meta_key>lsb_isbn</wp:meta_key>
                <wp:meta_value><![CDATA[9788204155993]]></wp:meta_value>
            </wp:postmeta>
            <wp:postmeta>
                <wp:meta_key>_lsb_isbn</wp:meta_key>
                <wp:meta_value><![CDATA[lsb_acf_isbn]]></wp:meta_value>
            </wp:postmeta>
            <wp:postmeta>
                <wp:meta_key>lsb_published_year</wp:meta_key>
                <wp:meta_value><![CDATA[2008]]></wp:meta_value>
            </wp:postmeta>
            <wp:postmeta>
                <wp:meta_key>_lsb_published_year</wp:meta_key>
                <wp:meta_value><![CDATA[lsb_acf_published_year]]></wp:meta_value>
            </wp:postmeta>
            <wp:postmeta>
                <wp:meta_key>lsb_pages</wp:meta_key>
                <wp:meta_value/>
            </wp:postmeta>
            <wp:postmeta>
                <wp:meta_key>_lsb_pages</wp:meta_key>
                <wp:meta_value><![CDATA[lsb_acf_pages]]></wp:meta_value>
            </wp:postmeta>
            <wp:postmeta>
                <wp:meta_key>lsb_review</wp:meta_key>
                <wp:meta_value><![CDATA[  <div>RB skal spille kamp mot ABK. <br />  ABK har fått en ny back. <br />  Han gjør mange skitne triks. <br />  Han river i Kaspers trøye <br />  og filmer seg til frispark. <br />  Dommeren ser ikke hva som skjer. <br />  Da får Kasper en idé. </div>  <div>&#160;</div>  <div>Bakerst i boka er det en faktadel om fotball. </div>  <div>Boka har stor, fin skrift. Teksten er enkel å lese. </div>  <div>&#160;</div>  <div><strong>Fotballøver</strong> er leseløver <br />  for deg som er glad i fotball. </div>  <div>Noen av titlene finner du i Boksøk, </div>  <div>men vi anbefaler hele serien. </div>  <p><strong>Jørn Jensen</strong> har skrevet flere bøker <br />  om Kasper og fotball. <br />  </p>  ]]></wp:meta_value>
            </wp:postmeta>
            <wp:postmeta>
                <wp:meta_key>_lsb_review</wp:meta_key>
                <wp:meta_value><![CDATA[lsb_acf_review]]></wp:meta_value>
            </wp:postmeta>
            <wp:postmeta>
                <wp:meta_key>lsb_quote</wp:meta_key>
                <wp:meta_value><![CDATA[Backen reiser seg. Han gliser og legger   ballen til rette.   "Flytt deg," sier han.   Mikkel drar Kasper med seg.   "Kom, Kasper. Han prøver bare   å tirre deg. Du må ikke bite på.   Da kan du bli utvist." ]]></wp:meta_value>
            </wp:postmeta>
            <wp:postmeta>
                <wp:meta_key>_lsb_quote</wp:meta_key>
                <wp:meta_value><![CDATA[lsb_acf_quote]]></wp:meta_value>
            </wp:postmeta>
            <wp:postmeta>
                <wp:meta_key>lsb_supported</wp:meta_key>
                <wp:meta_value><![CDATA[0]]></wp:meta_value>
            </wp:postmeta>
            <wp:postmeta>
                <wp:meta_key>_lsb_supported</wp:meta_key>
                <wp:meta_value><![CDATA[lsb_acf_supported]]></wp:meta_value>
            </wp:postmeta>
            <category domain="lsb_tax_author" nicename="jørn-jensen"><![CDATA[Jørn Jensen]]></category>
            <category domain="lsb_tax_publisher" nicename="damm"><![CDATA[Damm]]></category>
            <category domain="lsb_tax_illustrator" nicename="jon-ranheimsæter"><![CDATA[Jon Ranheimsæter]]></category>
            <category domain="lsb_tax_translator" nicename="carina-westberg"><![CDATA[Carina Westberg]]></category>
            <wp:postmeta>
                <wp:meta_key>lsb_look_inside</wp:meta_key>
                <wp:meta_value><![CDATA[CUSTOM_BLA_I_BOKA]]></wp:meta_value>
            </wp:postmeta>
            <wp:postmeta>
                <wp:meta_key>_lsb_look_inside</wp:meta_key>
                <wp:meta_value><![CDATA[lsb_acf_look_inside]]></wp:meta_value>
            </wp:postmeta>
            <category domain="lsb_tax_age" nicename="barn"><![CDATA[barn]]></category>
            <category domain="lsb_tax_genre" nicename="prosa"><![CDATA[prosa]]></category>
            <category domain="lsb_tax_topic" nicename="sport"><![CDATA[sport]]></category>
            <category domain="lsb_tax_language" nicename="no_nb"><![CDATA[bokmål]]></category>
            <category domain="lsb_tax_customization" nicename="storskrift"><![CDATA[storskrift]]></category>
            <category domain="lsb_tax_customization" nicename="skjønnlitteratur"><![CDATA[skjønnlitteratur]]></category>
            <category domain="lsb_tax_customization" nicename="mange-bilder"><![CDATA[mange bilder]]></category>
            <wp:postmeta>
                <wp:meta_key>_thumbnail_id</wp:meta_key>
                <wp:meta_value><![CDATA[5102]]></wp:meta_value>
            </wp:postmeta>
        </item>
        <item>
            <title>kasper filmer ny.jpg</title>
            <wp:post_id>5102</wp:post_id>
            <wp:status>inherit</wp:status>
            <wp:post_type>attachment</wp:post_type>
            <wp:attachment_url>https://raw.githubusercontent.com/lesersokerbok/boksok.no-data-utils/master/output-example/images/8767C89F9B08498BBF52ECCCDD4DD4E0.jpg</wp:attachment_url>
        </item>
        <item>
            <wp:post_type>lsb_book</wp:post_type>
            <wp:status>publish</wp:status>
            <title>En annerledes dag</title>
            <excerpt:encoded><![CDATA[Selv om boka En annerledes dag er lett å lese,   tar den opp store temaer som mobbing, ønskedrøm og død. ]]></excerpt:encoded>
            <wp:postmeta>
                <wp:meta_key>lsb_isbn</wp:meta_key>
                <wp:meta_value><![CDATA[9788299784948]]></wp:meta_value>
            </wp:postmeta>
            <wp:postmeta>
                <wp:meta_key>_lsb_isbn</wp:meta_key>
                <wp:meta_value><![CDATA[lsb_acf_isbn]]></wp:meta_value>
            </wp:postmeta>
            <wp:postmeta>
                <wp:meta_key>lsb_published_year</wp:meta_key>
                <wp:meta_value><![CDATA[2009]]></wp:meta_value>
            </wp:postmeta>
            <wp:postmeta>
                <wp:meta_key>_lsb_published_year</wp:meta_key>
                <wp:meta_value><![CDATA[lsb_acf_published_year]]></wp:meta_value>
            </wp:postmeta>
            <wp:postmeta>
                <wp:meta_key>lsb_pages</wp:meta_key>
                <wp:meta_value><![CDATA[30]]></wp:meta_value>
            </wp:postmeta>
            <wp:postmeta>
                <wp:meta_key>_lsb_pages</wp:meta_key>
                <wp:meta_value><![CDATA[lsb_acf_pages]]></wp:meta_value>
            </wp:postmeta>
            <wp:postmeta>
                <wp:meta_key>lsb_review</wp:meta_key>
                <wp:meta_value><![CDATA[  <div><strong>En annerledes dag</strong> handler om Henke. </div>  <div>Han har fått ny sykkel til 12-års dagen sin. </div>  <div>Han sykler i vei i stor fart. </div>  <div>Det er glatt etter regnet. </div>  <div>Han møter en stor bil ... </div>  <div>Henke får vinger, og kan gjøre alt </div>  <div>som han tidligere har drømt om å gjøre. </div>  <div>&#160;</div>  <div><strong>En annerledes dag</strong> har lite tekst </div>  <div>som er lett å lese. </div>  <div>Det er mye luft mellom linjene. </div>  <div>Boka har illustrasjoner i både farger </div>  <div>og sort / hvitt. Noen av oppslagene</div>  <div>er viet et stort bilde uten tekst. </div>  <div>&#160;</div>  <div>Boka har blitt til ved en workshop </div>  <div>på et seminar om lettlestbøker </div>  <div>på Nordens folkhögskola Biskops Arnö 4.-6.juni 2004. </div>  <div>Den finnes på mange språk og i flere målformer: </div>  <div>Bokmål, nynorsk, dansk, svensk, </div>  <div>finsk, islandsk, færøyisk, samisk og grønlandsk. </div>  <div>&#160;</div>  <div>For spørsmål om boka: </div>  <div>Ta kontakt med Sissel Hofgaard Swensen: </div>  <div><a href="mailto:sisselhs@online.no">sisselhs@online.no</a> / 22 61 67 92. </div>  ]]></wp:meta_value>
            </wp:postmeta>
            <wp:postmeta>
                <wp:meta_key>_lsb_review</wp:meta_key>
                <wp:meta_value><![CDATA[lsb_acf_review]]></wp:meta_value>
            </wp:postmeta>
            <wp:postmeta>
                <wp:meta_key>lsb_quote</wp:meta_key>
                <wp:meta_value/>
            </wp:postmeta>
            <wp:postmeta>
                <wp:meta_key>_lsb_quote</wp:meta_key>
                <wp:meta_value><![CDATA[lsb_acf_quote]]></wp:meta_value>
            </wp:postmeta>
            <wp:postmeta>
                <wp:meta_key>lsb_supported</wp:meta_key>
                <wp:meta_value><![CDATA[0]]></wp:meta_value>
            </wp:postmeta>
            <wp:postmeta>
                <wp:meta_key>_lsb_supported</wp:meta_key>
                <wp:meta_value><![CDATA[lsb_acf_supported]]></wp:meta_value>
            </wp:postmeta>
            <category domain="lsb_tax_author" nicename="birgitta-ahlén,-marita-gleisner,-thomas-marainen-og-philiph-newth"><![CDATA[Birgitta Ahlén, Marita Gleisner, Thomas Marainen og Philiph Newth]]></category>
            <category domain="lsb_tax_publisher" nicename="fimafeng"><![CDATA[Fimafeng]]></category>
            <category domain="lsb_tax_illustrator" nicename="philliph-newth-"><![CDATA[Philliph Newth ]]></category>
            <category domain="lsb_tax_translator" nicename="jan-ove-ulstein-"><![CDATA[Jan Ove Ulstein ]]></category>
            <wp:postmeta>
                <wp:meta_key>lsb_look_inside</wp:meta_key>
                <wp:meta_value><![CDATA[CUSTOM_BLA_I_BOKA]]></wp:meta_value>
            </wp:postmeta>
            <wp:postmeta>
                <wp:meta_key>_lsb_look_inside</wp:meta_key>
                <wp:meta_value><![CDATA[lsb_acf_look_inside]]></wp:meta_value>
            </wp:postmeta>
            <category domain="lsb_tax_age" nicename="barn"><![CDATA[barn]]></category>
            <category domain="lsb_tax_genre" nicename="prosa"><![CDATA[prosa]]></category>
            <category domain="lsb_tax_language" nicename="no_nb"><![CDATA[bokmål]]></category>
            <category domain="lsb_tax_customization" nicename="skjønnlitteratur"><![CDATA[skjønnlitteratur]]></category>
            <category domain="lsb_tax_customization" nicename="mange-bilder"><![CDATA[mange bilder]]></category>
        </item>
        <item>
            <wp:post_type>lsb_book</wp:post_type>
            <wp:status>publish</wp:status>
            <title>Ille</title>
            <excerpt:encoded><![CDATA[Ille er en isbjørn som må ut på eventyr   fordi isen smelter og det blir vanseklig å skaffe mat.   Boka har enkel tekst og fine tegninger. ]]></excerpt:encoded>
            <wp:postmeta>
                <wp:meta_key>lsb_isbn</wp:meta_key>
                <wp:meta_value><![CDATA[9788299784917]]></wp:meta_value>
            </wp:postmeta>
            <wp:postmeta>
                <wp:meta_key>_lsb_isbn</wp:meta_key>
                <wp:meta_value><![CDATA[lsb_acf_isbn]]></wp:meta_value>
            </wp:postmeta>
            <wp:postmeta>
                <wp:meta_key>lsb_published_year</wp:meta_key>
                <wp:meta_value><![CDATA[2009]]></wp:meta_value>
            </wp:postmeta>
            <wp:postmeta>
                <wp:meta_key>_lsb_published_year</wp:meta_key>
                <wp:meta_value><![CDATA[lsb_acf_published_year]]></wp:meta_value>
            </wp:postmeta>
            <wp:postmeta>
                <wp:meta_key>lsb_pages</wp:meta_key>
                <wp:meta_value><![CDATA[43]]></wp:meta_value>
            </wp:postmeta>
            <wp:postmeta>
                <wp:meta_key>_lsb_pages</wp:meta_key>
                <wp:meta_value><![CDATA[lsb_acf_pages]]></wp:meta_value>
            </wp:postmeta>
            <wp:postmeta>
                <wp:meta_key>lsb_review</wp:meta_key>
                <wp:meta_value><![CDATA[  <div>Ille er en isbjørn. </div>  <div>Han bor på et isfalk sammen med moren sin. </div>  <div>  <div>En isbjørn heter ikke isbjørn for ingenting. </div>  <div>En isbjørn trenger is. </div></div>  <div>Men der hvor Ille og moren hans bor </div>  <div>er det bare ett isflak igjen. </div>  <div>Isen smelter. Det begynner å bli vanskelig </div>  <div>å finne mat. Hva skal de gjøre? </div>  <div>En natt våker Ille av en drøm. </div>  <div>Uten å vekke moren drar han ut i verden</div>  <div>for å finne en løsning. </div>  <div>&#160;</div>  <div>Boka om <strong>Ille</strong> har tekst som er lett å lese. </div>  <div>Den har også fine fargeillustrasjoner </div>  <div>som beskriver det som skjer. </div>  <div>&#160;</div>  <div>Boka <strong>Ille</strong> har blitt til ved en workshop </div>  <div>på seminaret "Hva er en barndom?" </div>  <div>på Nordens folkhögskola Biskops Arnö i juni 2006. </div>  <div>Den finnes på mange språk og i flere målformer: </div>  <div>Bokmål, nynorsk, dansk, svensk, </div>  <div>finsk, islandsk og grønlandsk. </div>  <div>&#160;</div>  <div>For spørsmål om boka: </div>  <div>Ta kontakt med Sissel Hofgaard Swensen: </div>  <div><a href="mailto:sisselhs@online.no">sisselhs@online.no</a> / 22 61 67 92. </div>  ]]></wp:meta_value>
            </wp:postmeta>
            <wp:postmeta>
                <wp:meta_key>_lsb_review</wp:meta_key>
                <wp:meta_value><![CDATA[lsb_acf_review]]></wp:meta_value>
            </wp:postmeta>
            <wp:postmeta>
                <wp:meta_key>lsb_quote</wp:meta_key>
                <wp:meta_value/>
            </wp:postmeta>
            <wp:postmeta>
                <wp:meta_key>_lsb_quote</wp:meta_key>
                <wp:meta_value><![CDATA[lsb_acf_quote]]></wp:meta_value>
            </wp:postmeta>
            <wp:postmeta>
                <wp:meta_key>lsb_supported</wp:meta_key>
                <wp:meta_value><![CDATA[0]]></wp:meta_value>
            </wp:postmeta>
            <wp:postmeta>
                <wp:meta_key>_lsb_supported</wp:meta_key>
                <wp:meta_value><![CDATA[lsb_acf_supported]]></wp:meta_value>
            </wp:postmeta>
            <category domain="lsb_tax_author" nicename="boel-werner,-morten-dürr,-ivars-silis,-gerd-karin-nordlund"><![CDATA[Boel Werner, Morten Dürr, Ivars Silis, Gerd Karin Nordlund]]></category>
            <category domain="lsb_tax_publisher" nicename="fimafeng"><![CDATA[Fimafeng]]></category>
            <category domain="lsb_tax_illustrator" nicename="boel-werner"><![CDATA[Boel Werner]]></category>
            <category domain="lsb_tax_translator" nicename="sissel-hofgaard-swensen"><![CDATA[Sissel Hofgaard Swensen]]></category>
            <wp:postmeta>
                <wp:meta_key>lsb_look_inside</wp:meta_key>
                <wp:meta_value><![CDATA[CUSTOM_BLA_I_BOKA]]></wp:meta_value>
            </wp:postmeta>
            <wp:postmeta>
                <wp:meta_key>_lsb_look_inside</wp:meta_key>
                <wp:meta_value><![CDATA[lsb_acf_look_inside]]></wp:meta_value>
            </wp:postmeta>
            <category domain="lsb_tax_age" nicename="barn"><![CDATA[barn]]></category>
            <category domain="lsb_tax_genre" nicename="prosa"><![CDATA[prosa]]></category>
            <category domain="lsb_tax_topic" nicename="eventyr"><![CDATA[eventyr]]></category>
            <category domain="lsb_tax_topic" nicename="natur"><![CDATA[natur]]></category>
            <category domain="lsb_tax_language" nicename="no_nb"><![CDATA[bokmål]]></category>
            <category domain="lsb_tax_customization" nicename="skjønnlitteratur"><![CDATA[skjønnlitteratur]]></category>
            <category domain="lsb_tax_customization" nicename="mange-bilder"><![CDATA[mange bilder]]></category>
        </item>
        <item>
            <wp:post_type>lsb_book</wp:post_type>
            <wp:status>publish</wp:status>
            <title>Blåfargen som verden ville ha</title>
            <excerpt:encoded><![CDATA[Boka forteller historien om utvinning av kolbotblått. ]]></excerpt:encoded>
            <wp:postmeta>
                <wp:meta_key>lsb_isbn</wp:meta_key>
                <wp:meta_value><![CDATA[9788281040632]]></wp:meta_value>
            </wp:postmeta>
            <wp:postmeta>
                <wp:meta_key>_lsb_isbn</wp:meta_key>
                <wp:meta_value><![CDATA[lsb_acf_isbn]]></wp:meta_value>
            </wp:postmeta>
            <wp:postmeta>
                <wp:meta_key>lsb_published_year</wp:meta_key>
                <wp:meta_value><![CDATA[2008]]></wp:meta_value>
            </wp:postmeta>
            <wp:postmeta>
                <wp:meta_key>_lsb_published_year</wp:meta_key>
                <wp:meta_value><![CDATA[lsb_acf_published_year]]></wp:meta_value>
            </wp:postmeta>
            <wp:postmeta>
                <wp:meta_key>lsb_pages</wp:meta_key>
                <wp:meta_value><![CDATA[62]]></wp:meta_value>
            </wp:postmeta>
            <wp:postmeta>
                <wp:meta_key>_lsb_pages</wp:meta_key>
                <wp:meta_value><![CDATA[lsb_acf_pages]]></wp:meta_value>
            </wp:postmeta>
            <wp:postmeta>
                <wp:meta_key>lsb_review</wp:meta_key>
                <wp:meta_value><![CDATA[  <p>I dag er Blaafarveværket et museum<br />  kjent for utstillinger av kunst. <br />  Men for 150 år siden var Blaafarveværket <br />  Norges største arbeidsplass. <br />  Kolbotmalmen ble funnet i 1772. <br />  Av malmen ble fargen kolbot laget, <br />  den vakre blåfargen som verden ville ha. <br />  Det var en lang og farlig vei fra malm til blåfarge. </p>  <div><br />  Boka <strong>Blåfargen som verden ville ha</strong><br />  forteller historien om utvinning av kolbotblått. <br />  Vi blir kjent med gruver og bergmenn <br />  og slitet over og under jorda. <br />  Boka er skrevet for alle som er interessert <br />  i farger eller historie om norsk industri. <br />  Den er lett å lese og har mange flotte <br />  fotografier og bilder. </div>  <div><br />  Dette er tredje bok i serien om <br />  norsk gruveindustri. <br />  I samme serie finnes også <br />  Jakten på det røde gull, om metallet kobber, <br />  og Metallet som forandret verden, om jern. </div>  <div><br />  Forfatterne Steinar Myhr og Bjørn Gjefsen<br />  har skrevet mange fagbøker.<br />  Myhr er også fotograf<br />  og har tatt de fleste bildene i boka.</div>  ]]></wp:meta_value>
            </wp:postmeta>
            <wp:postmeta>
                <wp:meta_key>_lsb_review</wp:meta_key>
                <wp:meta_value><![CDATA[lsb_acf_review]]></wp:meta_value>
            </wp:postmeta>
            <wp:postmeta>
                <wp:meta_key>lsb_quote</wp:meta_key>
                <wp:meta_value><![CDATA[Bergmesteren så på malmen og snudde seg mot Ole:   "Nå, Ole Witloch, tror jeg du har funnet en ny skatt."   Ole var blitt jaget fra Sølvverket, men nå var tonen en annen.   Sølvverket betalte for malmen og sendte med ham to mann   for å hente mer.]]></wp:meta_value>
            </wp:postmeta>
            <wp:postmeta>
                <wp:meta_key>_lsb_quote</wp:meta_key>
                <wp:meta_value><![CDATA[lsb_acf_quote]]></wp:meta_value>
            </wp:postmeta>
            <wp:postmeta>
                <wp:meta_key>lsb_supported</wp:meta_key>
                <wp:meta_value><![CDATA[1]]></wp:meta_value>
            </wp:postmeta>
            <wp:postmeta>
                <wp:meta_key>_lsb_supported</wp:meta_key>
                <wp:meta_value><![CDATA[lsb_acf_supported]]></wp:meta_value>
            </wp:postmeta>
            <wp:postmeta>
                <wp:meta_key>lsb_support_cat</wp:meta_key>
                <wp:meta_value><![CDATA[purple]]></wp:meta_value>
            </wp:postmeta>
            <wp:postmeta>
                <wp:meta_key>_lsb_support_cat</wp:meta_key>
                <wp:meta_value><![CDATA[lsb_acf_support_cat]]></wp:meta_value>
            </wp:postmeta>
            <category domain="lsb_tax_author" nicename="steinar-myhr-og-bjørn-gjefsen"><![CDATA[Steinar Myhr og Bjørn Gjefsen]]></category>
            <category domain="lsb_tax_publisher" nicename="orkana"><![CDATA[Orkana]]></category>
            <wp:postmeta>
                <wp:meta_key>lsb_look_inside</wp:meta_key>
                <wp:meta_value><![CDATA[CUSTOM_BLA_I_BOKA]]></wp:meta_value>
            </wp:postmeta>
            <wp:postmeta>
                <wp:meta_key>_lsb_look_inside</wp:meta_key>
                <wp:meta_value><![CDATA[lsb_acf_look_inside]]></wp:meta_value>
            </wp:postmeta>
            <category domain="lsb_tax_age" nicename="ungdom"><![CDATA[ungdom]]></category>
            <category domain="lsb_tax_genre" nicename="faglitteratur"><![CDATA[faglitteratur]]></category>
            <category domain="lsb_tax_topic" nicename="historie"><![CDATA[historie]]></category>
            <category domain="lsb_tax_topic" nicename="samfunn"><![CDATA[samfunn]]></category>
            <category domain="lsb_tax_language" nicename="no_nb"><![CDATA[bokmål]]></category>
            <category domain="lsb_tax_customization" nicename="faglitteratur"><![CDATA[faglitteratur]]></category>
            <wp:postmeta>
                <wp:meta_key>_thumbnail_id</wp:meta_key>
                <wp:meta_value><![CDATA[5105]]></wp:meta_value>
            </wp:postmeta>
        </item>
        <item>
            <title>blåfargen større.jpg</title>
            <wp:post_id>5105</wp:post_id>
            <wp:status>inherit</wp:status>
            <wp:post_type>attachment</wp:post_type>
            <wp:attachment_url>https://raw.githubusercontent.com/lesersokerbok/boksok.no-data-utils/master/output-example/images/66BE056113D1444A8B8F1FB7EFB121AE.jpg</wp:attachment_url>
        </item>
        <item>
            <wp:post_type>lsb_book</wp:post_type>
            <wp:status>publish</wp:status>
            <title>Sorte seil</title>
            <excerpt:encoded><![CDATA[Kjenner du historien om labyrinten   det er umulig å komme ut av?   Eller er den helt gresk?   I denne boka kan du lese den greske myten   på en ny og overraskende måte. ]]></excerpt:encoded>
            <wp:postmeta>
                <wp:meta_key>lsb_isbn</wp:meta_key>
                <wp:meta_value><![CDATA[9788280980229]]></wp:meta_value>
            </wp:postmeta>
            <wp:postmeta>
                <wp:meta_key>_lsb_isbn</wp:meta_key>
                <wp:meta_value><![CDATA[lsb_acf_isbn]]></wp:meta_value>
            </wp:postmeta>
            <wp:postmeta>
                <wp:meta_key>lsb_published_year</wp:meta_key>
                <wp:meta_value><![CDATA[2008]]></wp:meta_value>
            </wp:postmeta>
            <wp:postmeta>
                <wp:meta_key>_lsb_published_year</wp:meta_key>
                <wp:meta_value><![CDATA[lsb_acf_published_year]]></wp:meta_value>
            </wp:postmeta>
            <wp:postmeta>
                <wp:meta_key>lsb_pages</wp:meta_key>
                <wp:meta_value><![CDATA[143]]></wp:meta_value>
            </wp:postmeta>
            <wp:postmeta>
                <wp:meta_key>_lsb_pages</wp:meta_key>
                <wp:meta_value><![CDATA[lsb_acf_pages]]></wp:meta_value>
            </wp:postmeta>
            <wp:postmeta>
                <wp:meta_key>lsb_review</wp:meta_key>
                <wp:meta_value><![CDATA[  <p>Fjorten ungdommer sendes fra Athen <br />  for å bli drept i labyrintens ganger. <br />  Aller innerst venter Minotauros, <br />  udyret som er halvt okse og halvt mann. </p>  <div>Fortellinger fra gresk mytologi <br />  er en viktig del av historien vår. <br />  <br />  Boka passer alle som er opptatt av historie, <br />  men også de som liker moderne fiksjon <br />  vil sette pris på fortellingen. </div>  <p><strong>Sorte seil</strong> er en spennende historie, <br />  voldsom og fengslende, <br />  både for ungdom og voksne. </p>  <div><br />  <strong>Kjersti Wold</strong> (1962) bor i Skien. <br />  Hun har skrevet en rekke bøker.</div>  ]]></wp:meta_value>
            </wp:postmeta>
            <wp:postmeta>
                <wp:meta_key>_lsb_review</wp:meta_key>
                <wp:meta_value><![CDATA[lsb_acf_review]]></wp:meta_value>
            </wp:postmeta>
            <wp:postmeta>
                <wp:meta_key>lsb_quote</wp:meta_key>
                <wp:meta_value><![CDATA[Jeg må drepe ham, tenker Tesevs.  Men hvordan?   Han er altfor stor.  Han er dobbelt så stor som meg. ]]></wp:meta_value>
            </wp:postmeta>
            <wp:postmeta>
                <wp:meta_key>_lsb_quote</wp:meta_key>
                <wp:meta_value><![CDATA[lsb_acf_quote]]></wp:meta_value>
            </wp:postmeta>
            <wp:postmeta>
                <wp:meta_key>lsb_supported</wp:meta_key>
                <wp:meta_value><![CDATA[1]]></wp:meta_value>
            </wp:postmeta>
            <wp:postmeta>
                <wp:meta_key>_lsb_supported</wp:meta_key>
                <wp:meta_value><![CDATA[lsb_acf_supported]]></wp:meta_value>
            </wp:postmeta>
            <wp:postmeta>
                <wp:meta_key>lsb_support_cat</wp:meta_key>
                <wp:meta_value><![CDATA[purple]]></wp:meta_value>
            </wp:postmeta>
            <wp:postmeta>
                <wp:meta_key>_lsb_support_cat</wp:meta_key>
                <wp:meta_value><![CDATA[lsb_acf_support_cat]]></wp:meta_value>
            </wp:postmeta>
            <category domain="lsb_tax_author" nicename="kjersti-wold"><![CDATA[Kjersti Wold]]></category>
            <category domain="lsb_tax_publisher" nicename="lettlest-forlag"><![CDATA[Lettlest Forlag]]></category>
            <wp:postmeta>
                <wp:meta_key>lsb_look_inside</wp:meta_key>
                <wp:meta_value><![CDATA[CUSTOM_BLA_I_BOKA]]></wp:meta_value>
            </wp:postmeta>
            <wp:postmeta>
                <wp:meta_key>_lsb_look_inside</wp:meta_key>
                <wp:meta_value><![CDATA[lsb_acf_look_inside]]></wp:meta_value>
            </wp:postmeta>
            <category domain="lsb_tax_age" nicename="ungdom"><![CDATA[ungdom]]></category>
            <category domain="lsb_tax_age" nicename="voksne"><![CDATA[voksne]]></category>
            <category domain="lsb_tax_genre" nicename="prosa"><![CDATA[prosa]]></category>
            <category domain="lsb_tax_topic" nicename="eventyr"><![CDATA[eventyr]]></category>
            <category domain="lsb_tax_topic" nicename="krim"><![CDATA[krim]]></category>
            <category domain="lsb_tax_topic" nicename="spenning"><![CDATA[spenning]]></category>
            <category domain="lsb_tax_topic" nicename="historie"><![CDATA[historie]]></category>
            <category domain="lsb_tax_topic" nicename="samfunn"><![CDATA[samfunn]]></category>
            <category domain="lsb_tax_topic" nicename="kjærlighet"><![CDATA[kjærlighet]]></category>
            <category domain="lsb_tax_language" nicename="no_nb"><![CDATA[bokmål]]></category>
            <category domain="lsb_tax_customization" nicename="skjønnlitteratur"><![CDATA[skjønnlitteratur]]></category>
            <wp:postmeta>
                <wp:meta_key>_thumbnail_id</wp:meta_key>
                <wp:meta_value><![CDATA[5106]]></wp:meta_value>
            </wp:postmeta>
        </item>
        <item>
            <title>Sorte_seil_omslag_01 copy.jpg</title>
            <wp:post_id>5106</wp:post_id>
            <wp:status>inherit</wp:status>
            <wp:post_type>attachment</wp:post_type>
            <wp:attachment_url>https://raw.githubusercontent.com/lesersokerbok/boksok.no-data-utils/master/output-example/images/F3B15677EAD749AAA6F23586F2DC45BA.jpg</wp:attachment_url>
        </item>
        <item>
            <wp:post_type>lsb_book</wp:post_type>
            <wp:status>publish</wp:status>
            <title>Sort hull</title>
            <excerpt:encoded><![CDATA[Sort hull er en mørk tegneserie   for voksne og eldre ungdom. ]]></excerpt:encoded>
            <wp:postmeta>
                <wp:meta_key>lsb_isbn</wp:meta_key>
                <wp:meta_value><![CDATA[978824931313]]></wp:meta_value>
            </wp:postmeta>
            <wp:postmeta>
                <wp:meta_key>_lsb_isbn</wp:meta_key>
                <wp:meta_value><![CDATA[lsb_acf_isbn]]></wp:meta_value>
            </wp:postmeta>
            <wp:postmeta>
                <wp:meta_key>lsb_published_year</wp:meta_key>
                <wp:meta_value><![CDATA[2006]]></wp:meta_value>
            </wp:postmeta>
            <wp:postmeta>
                <wp:meta_key>_lsb_published_year</wp:meta_key>
                <wp:meta_value><![CDATA[lsb_acf_published_year]]></wp:meta_value>
            </wp:postmeta>
            <wp:postmeta>
                <wp:meta_key>lsb_pages</wp:meta_key>
                <wp:meta_value/>
            </wp:postmeta>
            <wp:postmeta>
                <wp:meta_key>_lsb_pages</wp:meta_key>
                <wp:meta_value><![CDATA[lsb_acf_pages]]></wp:meta_value>
            </wp:postmeta>
            <wp:postmeta>
                <wp:meta_key>lsb_review</wp:meta_key>
                <wp:meta_value><![CDATA[Den handler om en mystisk sykdom <br />  som bare rammer tenåringer.<br />  Symptomene er forskjellige fra person <br />  til person. Noen får et stygt utslett, <br />  mens andre blir forvandlet til uhyrer <br />  eller får helt nye kroppsdeler. <br />  I boka blir vi kjent med noen av ungdommene <br />  som har fått sykdommen. De må flykte <br />  fra det vante livet sitt og ut i skogen. <br />   <br />  <strong>Sort hull</strong> er tegnet i sort /hvitt. <br />  Både tegningene og teksten er tydelige.  ]]></wp:meta_value>
            </wp:postmeta>
            <wp:postmeta>
                <wp:meta_key>_lsb_review</wp:meta_key>
                <wp:meta_value><![CDATA[lsb_acf_review]]></wp:meta_value>
            </wp:postmeta>
            <wp:postmeta>
                <wp:meta_key>lsb_quote</wp:meta_key>
                <wp:meta_value><![CDATA[Marci... Siste gangen   jeg prøvde å gå til   henne, hadde hun en   diger fest ...Det var   vel fordi skolen var   slutt og greier.     Jeg sto der i mørket   og så på lenge. Det   var over. Jeg visste   at jeg aldri kom til   å se henne igjen. ]]></wp:meta_value>
            </wp:postmeta>
            <wp:postmeta>
                <wp:meta_key>_lsb_quote</wp:meta_key>
                <wp:meta_value><![CDATA[lsb_acf_quote]]></wp:meta_value>
            </wp:postmeta>
            <wp:postmeta>
                <wp:meta_key>lsb_supported</wp:meta_key>
                <wp:meta_value><![CDATA[0]]></wp:meta_value>
            </wp:postmeta>
            <wp:postmeta>
                <wp:meta_key>_lsb_supported</wp:meta_key>
                <wp:meta_value><![CDATA[lsb_acf_supported]]></wp:meta_value>
            </wp:postmeta>
            <category domain="lsb_tax_author" nicename="charles-burns"><![CDATA[Charles Burns]]></category>
            <category domain="lsb_tax_publisher" nicename="egmont"><![CDATA[Egmont]]></category>
            <category domain="lsb_tax_illustrator" nicename="charles-burns"><![CDATA[Charles Burns]]></category>
            <category domain="lsb_tax_translator" nicename="jens-e.-røsåsen"><![CDATA[Jens E. Røsåsen]]></category>
            <wp:postmeta>
                <wp:meta_key>lsb_look_inside</wp:meta_key>
                <wp:meta_value><![CDATA[CUSTOM_BLA_I_BOKA]]></wp:meta_value>
            </wp:postmeta>
            <wp:postmeta>
                <wp:meta_key>_lsb_look_inside</wp:meta_key>
                <wp:meta_value><![CDATA[lsb_acf_look_inside]]></wp:meta_value>
            </wp:postmeta>
            <category domain="lsb_tax_age" nicename="voksne"><![CDATA[voksne]]></category>
            <category domain="lsb_tax_topic" nicename="eventyr"><![CDATA[eventyr]]></category>
            <category domain="lsb_tax_language" nicename="no_nb"><![CDATA[bokmål]]></category>
            <category domain="lsb_tax_customization" nicename="bilder"><![CDATA[bilder]]></category>
            <wp:postmeta>
                <wp:meta_key>_thumbnail_id</wp:meta_key>
                <wp:meta_value><![CDATA[5107]]></wp:meta_value>
            </wp:postmeta>
        </item>
        <item>
            <title>sort hull.jpg</title>
            <wp:post_id>5107</wp:post_id>
            <wp:status>inherit</wp:status>
            <wp:post_type>attachment</wp:post_type>
            <wp:attachment_url>https://raw.githubusercontent.com/lesersokerbok/boksok.no-data-utils/master/output-example/images/0DAEDBF47F504F5DBCA134C976C850B6.jpg</wp:attachment_url>
        </item>
        <item>
            <wp:post_type>lsb_book</wp:post_type>
            <wp:status>publish</wp:status>
            <title>Reddhare!</title>
            <excerpt:encoded><![CDATA[Familien skal ha sommerfeire   i et hus på landet.   Huset er gammelt og slitt,   og på loftet er det noe skummelt! ]]></excerpt:encoded>
            <wp:postmeta>
                <wp:meta_key>lsb_isbn</wp:meta_key>
                <wp:meta_value><![CDATA[8249600126]]></wp:meta_value>
            </wp:postmeta>
            <wp:postmeta>
                <wp:meta_key>_lsb_isbn</wp:meta_key>
                <wp:meta_value><![CDATA[lsb_acf_isbn]]></wp:meta_value>
            </wp:postmeta>
            <wp:postmeta>
                <wp:meta_key>lsb_published_year</wp:meta_key>
                <wp:meta_value><![CDATA[2002]]></wp:meta_value>
            </wp:postmeta>
            <wp:postmeta>
                <wp:meta_key>_lsb_published_year</wp:meta_key>
                <wp:meta_value><![CDATA[lsb_acf_published_year]]></wp:meta_value>
            </wp:postmeta>
            <wp:postmeta>
                <wp:meta_key>lsb_pages</wp:meta_key>
                <wp:meta_value><![CDATA[43]]></wp:meta_value>
            </wp:postmeta>
            <wp:postmeta>
                <wp:meta_key>_lsb_pages</wp:meta_key>
                <wp:meta_value><![CDATA[lsb_acf_pages]]></wp:meta_value>
            </wp:postmeta>
            <wp:postmeta>
                <wp:meta_key>lsb_review</wp:meta_key>
                <wp:meta_value><![CDATA[  <div>Dette er ei bok i serien Halvmåneserien, <br />  en serie med spennende bøker for eldre barn. <br />  <strong>Reddhare</strong> passer også for ungdom. </div>  ]]></wp:meta_value>
            </wp:postmeta>
            <wp:postmeta>
                <wp:meta_key>_lsb_review</wp:meta_key>
                <wp:meta_value><![CDATA[lsb_acf_review]]></wp:meta_value>
            </wp:postmeta>
            <wp:postmeta>
                <wp:meta_key>lsb_quote</wp:meta_key>
                <wp:meta_value><![CDATA[Det er lenge siden noen har bodd i   det huset...   "Det skjønner jeg godt!" utbrøt jeg.   Bonden plirte med øynene:   "Jeg skal gi deg et råd. Du burde til-  bringe ferien et annet sted."   "Ja," sukket jeg. "Ved sjøen!"   "Ved sjøen eller et annet sted. Men   langt fra det huset." ]]></wp:meta_value>
            </wp:postmeta>
            <wp:postmeta>
                <wp:meta_key>_lsb_quote</wp:meta_key>
                <wp:meta_value><![CDATA[lsb_acf_quote]]></wp:meta_value>
            </wp:postmeta>
            <wp:postmeta>
                <wp:meta_key>lsb_supported</wp:meta_key>
                <wp:meta_value><![CDATA[0]]></wp:meta_value>
            </wp:postmeta>
            <wp:postmeta>
                <wp:meta_key>_lsb_supported</wp:meta_key>
                <wp:meta_value><![CDATA[lsb_acf_supported]]></wp:meta_value>
            </wp:postmeta>
            <category domain="lsb_tax_author" nicename="thierry-lenain"><![CDATA[Thierry Lenain]]></category>
            <category domain="lsb_tax_publisher" nicename="damm"><![CDATA[Damm]]></category>
            <category domain="lsb_tax_illustrator" nicename="miles-hyman"><![CDATA[Miles Hyman]]></category>
            <category domain="lsb_tax_translator" nicename="kari-kemény"><![CDATA[Kari Kemény]]></category>
            <wp:postmeta>
                <wp:meta_key>lsb_look_inside</wp:meta_key>
                <wp:meta_value><![CDATA[CUSTOM_BLA_I_BOKA]]></wp:meta_value>
            </wp:postmeta>
            <wp:postmeta>
                <wp:meta_key>_lsb_look_inside</wp:meta_key>
                <wp:meta_value><![CDATA[lsb_acf_look_inside]]></wp:meta_value>
            </wp:postmeta>
            <category domain="lsb_tax_age" nicename="barn"><![CDATA[barn]]></category>
            <category domain="lsb_tax_age" nicename="ungdom"><![CDATA[ungdom]]></category>
            <category domain="lsb_tax_genre" nicename="prosa"><![CDATA[prosa]]></category>
            <category domain="lsb_tax_topic" nicename="krim"><![CDATA[krim]]></category>
            <category domain="lsb_tax_topic" nicename="spenning"><![CDATA[spenning]]></category>
            <category domain="lsb_tax_topic" nicename="eventyr"><![CDATA[eventyr]]></category>
            <category domain="lsb_tax_language" nicename="no_nb"><![CDATA[bokmål]]></category>
            <category domain="lsb_tax_customization" nicename="storskrift"><![CDATA[storskrift]]></category>
            <category domain="lsb_tax_customization" nicename="skjønnlitteratur"><![CDATA[skjønnlitteratur]]></category>
            <wp:postmeta>
                <wp:meta_key>_thumbnail_id</wp:meta_key>
                <wp:meta_value><![CDATA[5108]]></wp:meta_value>
            </wp:postmeta>
        </item>
        <item>
            <title>reddhare.jpg</title>
            <wp:post_id>5108</wp:post_id>
            <wp:status>inherit</wp:status>
            <wp:post_type>attachment</wp:post_type>
            <wp:attachment_url>https://raw.githubusercontent.com/lesersokerbok/boksok.no-data-utils/master/output-example/images/A8BB61B4845E443ABD7E4D7ACABE24AA.jpg</wp:attachment_url>
        </item>
        <item>
            <wp:post_type>lsb_book</wp:post_type>
            <wp:status>publish</wp:status>
            <title>Et sugerør for to</title>
            <excerpt:encoded><![CDATA[I forrige bok ble gutten Odilon   bitt av en blekkdrikker.   Nå er det Odilon selv som   drikker bøker med sugerør. ]]></excerpt:encoded>
            <wp:postmeta>
                <wp:meta_key>lsb_isbn</wp:meta_key>
                <wp:meta_value><![CDATA[8249600088]]></wp:meta_value>
            </wp:postmeta>
            <wp:postmeta>
                <wp:meta_key>_lsb_isbn</wp:meta_key>
                <wp:meta_value><![CDATA[lsb_acf_isbn]]></wp:meta_value>
            </wp:postmeta>
            <wp:postmeta>
                <wp:meta_key>lsb_published_year</wp:meta_key>
                <wp:meta_value><![CDATA[2002]]></wp:meta_value>
            </wp:postmeta>
            <wp:postmeta>
                <wp:meta_key>_lsb_published_year</wp:meta_key>
                <wp:meta_value><![CDATA[lsb_acf_published_year]]></wp:meta_value>
            </wp:postmeta>
            <wp:postmeta>
                <wp:meta_key>lsb_pages</wp:meta_key>
                <wp:meta_value><![CDATA[43]]></wp:meta_value>
            </wp:postmeta>
            <wp:postmeta>
                <wp:meta_key>_lsb_pages</wp:meta_key>
                <wp:meta_value><![CDATA[lsb_acf_pages]]></wp:meta_value>
            </wp:postmeta>
            <wp:postmeta>
                <wp:meta_key>lsb_review</wp:meta_key>
                <wp:meta_value><![CDATA[  <p>Det smaker veldig godt! <br />  Men han savner noen <br />  å drikke blekk sammen med. <br />  Helst skal det være ei jente ... </p>  <div>&#160;</div>  <div>Dette er ei bok i <strong>Halvmåneserien</strong>, <br />  en serie med spennende bøker for eldre barn. <br />  Noen av bøkene passer for ungdom.</div>  ]]></wp:meta_value>
            </wp:postmeta>
            <wp:postmeta>
                <wp:meta_key>_lsb_review</wp:meta_key>
                <wp:meta_value><![CDATA[lsb_acf_review]]></wp:meta_value>
            </wp:postmeta>
            <wp:postmeta>
                <wp:meta_key>lsb_quote</wp:meta_key>
                <wp:meta_value><![CDATA[Camilla var søtere enn den søteste   jenta på skolen. Smilet hennes var   som en solstråle. Jeg tok meg til   pannen. Den var brennhet! ]]></wp:meta_value>
            </wp:postmeta>
            <wp:postmeta>
                <wp:meta_key>_lsb_quote</wp:meta_key>
                <wp:meta_value><![CDATA[lsb_acf_quote]]></wp:meta_value>
            </wp:postmeta>
            <wp:postmeta>
                <wp:meta_key>lsb_supported</wp:meta_key>
                <wp:meta_value><![CDATA[0]]></wp:meta_value>
            </wp:postmeta>
            <wp:postmeta>
                <wp:meta_key>_lsb_supported</wp:meta_key>
                <wp:meta_value><![CDATA[lsb_acf_supported]]></wp:meta_value>
            </wp:postmeta>
            <category domain="lsb_tax_author" nicename="éric-sanvoisin"><![CDATA[Éric Sanvoisin]]></category>
            <category domain="lsb_tax_publisher" nicename="damm"><![CDATA[Damm]]></category>
            <wp:postmeta>
                <wp:meta_key>lsb_look_inside</wp:meta_key>
                <wp:meta_value><![CDATA[CUSTOM_BLA_I_BOKA]]></wp:meta_value>
            </wp:postmeta>
            <wp:postmeta>
                <wp:meta_key>_lsb_look_inside</wp:meta_key>
                <wp:meta_value><![CDATA[lsb_acf_look_inside]]></wp:meta_value>
            </wp:postmeta>
            <category domain="lsb_tax_age" nicename="barn"><![CDATA[barn]]></category>
            <category domain="lsb_tax_genre" nicename="prosa"><![CDATA[prosa]]></category>
            <category domain="lsb_tax_topic" nicename="krim"><![CDATA[krim]]></category>
            <category domain="lsb_tax_topic" nicename="spenning"><![CDATA[spenning]]></category>
            <category domain="lsb_tax_topic" nicename="eventyr"><![CDATA[eventyr]]></category>
            <category domain="lsb_tax_language" nicename="no_nb"><![CDATA[bokmål]]></category>
            <category domain="lsb_tax_customization" nicename="storskrift"><![CDATA[storskrift]]></category>
            <category domain="lsb_tax_customization" nicename="skjønnlitteratur"><![CDATA[skjønnlitteratur]]></category>
            <wp:postmeta>
                <wp:meta_key>_thumbnail_id</wp:meta_key>
                <wp:meta_value><![CDATA[5109]]></wp:meta_value>
            </wp:postmeta>
        </item>
        <item>
            <title>et sugerør for to.jpg</title>
            <wp:post_id>5109</wp:post_id>
            <wp:status>inherit</wp:status>
            <wp:post_type>attachment</wp:post_type>
            <wp:attachment_url>https://raw.githubusercontent.com/lesersokerbok/boksok.no-data-utils/master/output-example/images/66EAA6BD9FE04724BFF28565A5866D39.jpg</wp:attachment_url>
        </item>
        <item>
            <wp:post_type>lsb_book</wp:post_type>
            <wp:status>publish</wp:status>
            <title>Gode naboer</title>
            <excerpt:encoded><![CDATA[Anders har flyttet til et nytt sted. Kan han finne venner der?]]></excerpt:encoded>
            <wp:postmeta>
                <wp:meta_key>lsb_isbn</wp:meta_key>
                <wp:meta_value><![CDATA[8252035108]]></wp:meta_value>
            </wp:postmeta>
            <wp:postmeta>
                <wp:meta_key>_lsb_isbn</wp:meta_key>
                <wp:meta_value><![CDATA[lsb_acf_isbn]]></wp:meta_value>
            </wp:postmeta>
            <wp:postmeta>
                <wp:meta_key>lsb_published_year</wp:meta_key>
                <wp:meta_value><![CDATA[2002]]></wp:meta_value>
            </wp:postmeta>
            <wp:postmeta>
                <wp:meta_key>_lsb_published_year</wp:meta_key>
                <wp:meta_value><![CDATA[lsb_acf_published_year]]></wp:meta_value>
            </wp:postmeta>
            <wp:postmeta>
                <wp:meta_key>lsb_pages</wp:meta_key>
                <wp:meta_value><![CDATA[96]]></wp:meta_value>
            </wp:postmeta>
            <wp:postmeta>
                <wp:meta_key>_lsb_pages</wp:meta_key>
                <wp:meta_value><![CDATA[lsb_acf_pages]]></wp:meta_value>
            </wp:postmeta>
            <wp:postmeta>
                <wp:meta_key>lsb_review</wp:meta_key>
                <wp:meta_value><![CDATA[Det er tidlig søndag morgen.<br />  Anders og familien hans har nettopp flytta <br />  til ei lita bygd. <br />  Anders er sju år gammel.<br />  Han kjenner ingen i bygda. <br />  Anders går fra dør til dør og ringer på. <br />  Er det noen som vil åpne? <br />  Finner Anders noen å leke med? <br />  Boka handler om at barn og gamle <br />  kan bli gode venner. <br />  Og så handler den om Gud, engler og søndagsskolen.  <br />  <br />  Boka er skrevet med enkel tekst på bokmål.  <br />  Anders snakker østnorsk, <br />  men de som bor i bygda, snakker dialekt. <br />  Det finnes også en annen bok om Anders. <br />  Den heter <strong>Ferie med Anders.</strong>   ]]></wp:meta_value>
            </wp:postmeta>
            <wp:postmeta>
                <wp:meta_key>_lsb_review</wp:meta_key>
                <wp:meta_value><![CDATA[lsb_acf_review]]></wp:meta_value>
            </wp:postmeta>
            <wp:postmeta>
                <wp:meta_key>lsb_quote</wp:meta_key>
                <wp:meta_value/>
            </wp:postmeta>
            <wp:postmeta>
                <wp:meta_key>_lsb_quote</wp:meta_key>
                <wp:meta_value><![CDATA[lsb_acf_quote]]></wp:meta_value>
            </wp:postmeta>
            <wp:postmeta>
                <wp:meta_key>lsb_supported</wp:meta_key>
                <wp:meta_value><![CDATA[0]]></wp:meta_value>
            </wp:postmeta>
            <wp:postmeta>
                <wp:meta_key>_lsb_supported</wp:meta_key>
                <wp:meta_value><![CDATA[lsb_acf_supported]]></wp:meta_value>
            </wp:postmeta>
            <category domain="lsb_tax_author" nicename="reidun-therkelsen-tveit"><![CDATA[Reidun Therkelsen Tveit]]></category>
            <category domain="lsb_tax_publisher" nicename="lunde-forlag"><![CDATA[Lunde forlag]]></category>
            <category domain="lsb_tax_illustrator" nicename="marianne-kristiansen"><![CDATA[Marianne Kristiansen]]></category>
            <wp:postmeta>
                <wp:meta_key>lsb_look_inside</wp:meta_key>
                <wp:meta_value><![CDATA[CUSTOM_BLA_I_BOKA]]></wp:meta_value>
            </wp:postmeta>
            <wp:postmeta>
                <wp:meta_key>_lsb_look_inside</wp:meta_key>
                <wp:meta_value><![CDATA[lsb_acf_look_inside]]></wp:meta_value>
            </wp:postmeta>
            <category domain="lsb_tax_age" nicename="barn"><![CDATA[barn]]></category>
            <category domain="lsb_tax_age" nicename="ungdom"><![CDATA[ungdom]]></category>
            <category domain="lsb_tax_genre" nicename="prosa"><![CDATA[prosa]]></category>
            <category domain="lsb_tax_topic" nicename="mennesker-i-mellom"><![CDATA[mennesker i mellom]]></category>
            <category domain="lsb_tax_language" nicename="no_nb"><![CDATA[bokmål]]></category>
            <category domain="lsb_tax_customization" nicename="skjønnlitteratur"><![CDATA[skjønnlitteratur]]></category>
            <wp:postmeta>
                <wp:meta_key>_thumbnail_id</wp:meta_key>
                <wp:meta_value><![CDATA[5110]]></wp:meta_value>
            </wp:postmeta>
        </item>
        <item>
            <title>gode naboer.jpg</title>
            <wp:post_id>5110</wp:post_id>
            <wp:status>inherit</wp:status>
            <wp:post_type>attachment</wp:post_type>
            <wp:attachment_url>https://raw.githubusercontent.com/lesersokerbok/boksok.no-data-utils/master/output-example/images/41B818924B9D4D72A339F709DF1A2B35.jpg</wp:attachment_url>
        </item>
        <item>
            <wp:post_type>lsb_book</wp:post_type>
            <wp:status>publish</wp:status>
            <title>Blekkdrikkeren</title>
            <excerpt:encoded><![CDATA[Gutten hater å lese.  Likevel må han være   i farens bokhandel hele sommeren.   Han gjemmer seg mellom bøkene   og spionerer på dem som kommer inn i butikken.]]></excerpt:encoded>
            <wp:postmeta>
                <wp:meta_key>lsb_isbn</wp:meta_key>
                <wp:meta_value><![CDATA[8249600002]]></wp:meta_value>
            </wp:postmeta>
            <wp:postmeta>
                <wp:meta_key>_lsb_isbn</wp:meta_key>
                <wp:meta_value><![CDATA[lsb_acf_isbn]]></wp:meta_value>
            </wp:postmeta>
            <wp:postmeta>
                <wp:meta_key>lsb_published_year</wp:meta_key>
                <wp:meta_value><![CDATA[2001]]></wp:meta_value>
            </wp:postmeta>
            <wp:postmeta>
                <wp:meta_key>_lsb_published_year</wp:meta_key>
                <wp:meta_value><![CDATA[lsb_acf_published_year]]></wp:meta_value>
            </wp:postmeta>
            <wp:postmeta>
                <wp:meta_key>lsb_pages</wp:meta_key>
                <wp:meta_value><![CDATA[39]]></wp:meta_value>
            </wp:postmeta>
            <wp:postmeta>
                <wp:meta_key>_lsb_pages</wp:meta_key>
                <wp:meta_value><![CDATA[lsb_acf_pages]]></wp:meta_value>
            </wp:postmeta>
            <wp:postmeta>
                <wp:meta_key>lsb_review</wp:meta_key>
                <wp:meta_value><![CDATA[  <p>Plutselig kommer det inn en mann <br />  som svever over gulvet. <br />  Han trekker frem et sugerør <br />  og drikker blekk fra bøkene. <br />  Blekkdrikkeren!   </p>  <div><br />  Dette er ei bok i serien <strong>Halvmåneserien</strong>, <br />  en serie med spennende bøker for eldre barn. <br />  Noen av bøkene passer for ungdom.</div>  ]]></wp:meta_value>
            </wp:postmeta>
            <wp:postmeta>
                <wp:meta_key>_lsb_review</wp:meta_key>
                <wp:meta_value><![CDATA[lsb_acf_review]]></wp:meta_value>
            </wp:postmeta>
            <wp:postmeta>
                <wp:meta_key>lsb_quote</wp:meta_key>
                <wp:meta_value><![CDATA[Du fulgte etter meg, gutt.  Hvorfor?   Hva skulle det være godt for å lyve?   Han kunne visst lese tankene mine...   "Du drakk en bok. Jeg så det!"   "Det er altså derfor du er her. Du er   svært uforsiktig. Vet du hvem jeg er?" ]]></wp:meta_value>
            </wp:postmeta>
            <wp:postmeta>
                <wp:meta_key>_lsb_quote</wp:meta_key>
                <wp:meta_value><![CDATA[lsb_acf_quote]]></wp:meta_value>
            </wp:postmeta>
            <wp:postmeta>
                <wp:meta_key>lsb_supported</wp:meta_key>
                <wp:meta_value><![CDATA[0]]></wp:meta_value>
            </wp:postmeta>
            <wp:postmeta>
                <wp:meta_key>_lsb_supported</wp:meta_key>
                <wp:meta_value><![CDATA[lsb_acf_supported]]></wp:meta_value>
            </wp:postmeta>
            <category domain="lsb_tax_author" nicename="éric-sanvoisin"><![CDATA[Éric Sanvoisin]]></category>
            <category domain="lsb_tax_publisher" nicename="damm"><![CDATA[Damm]]></category>
            <category domain="lsb_tax_illustrator" nicename="martin-matje"><![CDATA[Martin Matje]]></category>
            <category domain="lsb_tax_translator" nicename="kari-kemény"><![CDATA[Kari Kemény]]></category>
            <wp:postmeta>
                <wp:meta_key>lsb_look_inside</wp:meta_key>
                <wp:meta_value><![CDATA[CUSTOM_BLA_I_BOKA]]></wp:meta_value>
            </wp:postmeta>
            <wp:postmeta>
                <wp:meta_key>_lsb_look_inside</wp:meta_key>
                <wp:meta_value><![CDATA[lsb_acf_look_inside]]></wp:meta_value>
            </wp:postmeta>
            <category domain="lsb_tax_age" nicename="barn"><![CDATA[barn]]></category>
            <category domain="lsb_tax_age" nicename="ungdom"><![CDATA[ungdom]]></category>
            <category domain="lsb_tax_genre" nicename="prosa"><![CDATA[prosa]]></category>
            <category domain="lsb_tax_topic" nicename="krim"><![CDATA[krim]]></category>
            <category domain="lsb_tax_topic" nicename="spenning"><![CDATA[spenning]]></category>
            <category domain="lsb_tax_topic" nicename="eventyr"><![CDATA[eventyr]]></category>
            <category domain="lsb_tax_language" nicename="no_nb"><![CDATA[bokmål]]></category>
            <category domain="lsb_tax_customization" nicename="storskrift"><![CDATA[storskrift]]></category>
            <category domain="lsb_tax_customization" nicename="skjønnlitteratur"><![CDATA[skjønnlitteratur]]></category>
            <wp:postmeta>
                <wp:meta_key>_thumbnail_id</wp:meta_key>
                <wp:meta_value><![CDATA[5111]]></wp:meta_value>
            </wp:postmeta>
        </item>
        <item>
            <title>blekkdrikkeren.jpg</title>
            <wp:post_id>5111</wp:post_id>
            <wp:status>inherit</wp:status>
            <wp:post_type>attachment</wp:post_type>
            <wp:attachment_url>https://raw.githubusercontent.com/lesersokerbok/boksok.no-data-utils/master/output-example/images/24B58FEA7F824DC49EF3FE48C8A3E762.jpg</wp:attachment_url>
        </item>
        <item>
            <wp:post_type>lsb_book</wp:post_type>
            <wp:status>publish</wp:status>
            <title>90&apos;s love song</title>
            <excerpt:encoded><![CDATA[90's love song er en hyllest til 90-tallet. ]]></excerpt:encoded>
            <wp:postmeta>
                <wp:meta_key>lsb_isbn</wp:meta_key>
                <wp:meta_value><![CDATA[9788242933966]]></wp:meta_value>
            </wp:postmeta>
            <wp:postmeta>
                <wp:meta_key>_lsb_isbn</wp:meta_key>
                <wp:meta_value><![CDATA[lsb_acf_isbn]]></wp:meta_value>
            </wp:postmeta>
            <wp:postmeta>
                <wp:meta_key>lsb_published_year</wp:meta_key>
                <wp:meta_value><![CDATA[2008]]></wp:meta_value>
            </wp:postmeta>
            <wp:postmeta>
                <wp:meta_key>_lsb_published_year</wp:meta_key>
                <wp:meta_value><![CDATA[lsb_acf_published_year]]></wp:meta_value>
            </wp:postmeta>
            <wp:postmeta>
                <wp:meta_key>lsb_pages</wp:meta_key>
                <wp:meta_value><![CDATA[223]]></wp:meta_value>
            </wp:postmeta>
            <wp:postmeta>
                <wp:meta_key>_lsb_pages</wp:meta_key>
                <wp:meta_value><![CDATA[lsb_acf_pages]]></wp:meta_value>
            </wp:postmeta>
            <wp:postmeta>
                <wp:meta_key>lsb_review</wp:meta_key>
                <wp:meta_value><![CDATA[ Den handler om Knut og Joril, <br />  som begge sliter med å finne kjærligheten. <br />  Tilfeldigheter fører dem sammen. &#160;<br />  Tegneserien handler om hvordan <br />  det var å være ung i Norge på 90-tallet, <br />  om studier, sex og musikk. <br />  <br />  Boka passer best for ungdom og voksne.<br />  Tegningene er tydelige. <br />  Noen steder er det mye tekst.<br />  <br />  Tor Ærlig heter egentlig Tor Erling Naas. <br />  Han har fått god kritikk for <br />  romanene han har skrevet og tegnet.  ]]></wp:meta_value>
            </wp:postmeta>
            <wp:postmeta>
                <wp:meta_key>_lsb_review</wp:meta_key>
                <wp:meta_value><![CDATA[lsb_acf_review]]></wp:meta_value>
            </wp:postmeta>
            <wp:postmeta>
                <wp:meta_key>lsb_quote</wp:meta_key>
                <wp:meta_value/>
            </wp:postmeta>
            <wp:postmeta>
                <wp:meta_key>_lsb_quote</wp:meta_key>
                <wp:meta_value><![CDATA[lsb_acf_quote]]></wp:meta_value>
            </wp:postmeta>
            <wp:postmeta>
                <wp:meta_key>lsb_supported</wp:meta_key>
                <wp:meta_value><![CDATA[0]]></wp:meta_value>
            </wp:postmeta>
            <wp:postmeta>
                <wp:meta_key>_lsb_supported</wp:meta_key>
                <wp:meta_value><![CDATA[lsb_acf_supported]]></wp:meta_value>
            </wp:postmeta>
            <category domain="lsb_tax_author" nicename="tor-ærlig"><![CDATA[Tor Ærlig]]></category>
            <category domain="lsb_tax_publisher" nicename="egmont"><![CDATA[Egmont]]></category>
            <wp:postmeta>
                <wp:meta_key>lsb_look_inside</wp:meta_key>
                <wp:meta_value><![CDATA[CUSTOM_BLA_I_BOKA]]></wp:meta_value>
            </wp:postmeta>
            <wp:postmeta>
                <wp:meta_key>_lsb_look_inside</wp:meta_key>
                <wp:meta_value><![CDATA[lsb_acf_look_inside]]></wp:meta_value>
            </wp:postmeta>
            <category domain="lsb_tax_age" nicename="ungdom"><![CDATA[ungdom]]></category>
            <category domain="lsb_tax_age" nicename="voksne"><![CDATA[voksne]]></category>
            <category domain="lsb_tax_genre" nicename="prosa"><![CDATA[prosa]]></category>
            <category domain="lsb_tax_topic" nicename="kjærlighet"><![CDATA[kjærlighet]]></category>
            <category domain="lsb_tax_topic" nicename="humor"><![CDATA[humor]]></category>
            <category domain="lsb_tax_topic" nicename="mennesker-i-mellom"><![CDATA[mennesker i mellom]]></category>
            <category domain="lsb_tax_language" nicename="no_nb"><![CDATA[bokmål]]></category>
            <category domain="lsb_tax_customization" nicename="bilder"><![CDATA[bilder]]></category>
            <wp:postmeta>
                <wp:meta_key>_thumbnail_id</wp:meta_key>
                <wp:meta_value><![CDATA[5112]]></wp:meta_value>
            </wp:postmeta>
        </item>
        <item>
            <title>90`s love song.jpg</title>
            <wp:post_id>5112</wp:post_id>
            <wp:status>inherit</wp:status>
            <wp:post_type>attachment</wp:post_type>
            <wp:attachment_url>https://raw.githubusercontent.com/lesersokerbok/boksok.no-data-utils/master/output-example/images/3F56E9E1BDD64EA3B272438660F8A95C.jpg</wp:attachment_url>
        </item>
        <item>
            <wp:post_type>lsb_book</wp:post_type>
            <wp:status>publish</wp:status>
            <title>Besøk fra det ytre rom</title>
            <excerpt:encoded><![CDATA[En kveld går stømmen i hele byen.   Det blir helt mørkt. ]]></excerpt:encoded>
            <wp:postmeta>
                <wp:meta_key>lsb_isbn</wp:meta_key>
                <wp:meta_value><![CDATA[9788249600014]]></wp:meta_value>
            </wp:postmeta>
            <wp:postmeta>
                <wp:meta_key>_lsb_isbn</wp:meta_key>
                <wp:meta_value><![CDATA[lsb_acf_isbn]]></wp:meta_value>
            </wp:postmeta>
            <wp:postmeta>
                <wp:meta_key>lsb_published_year</wp:meta_key>
                <wp:meta_value><![CDATA[2001]]></wp:meta_value>
            </wp:postmeta>
            <wp:postmeta>
                <wp:meta_key>_lsb_published_year</wp:meta_key>
                <wp:meta_value><![CDATA[lsb_acf_published_year]]></wp:meta_value>
            </wp:postmeta>
            <wp:postmeta>
                <wp:meta_key>lsb_pages</wp:meta_key>
                <wp:meta_value><![CDATA[43]]></wp:meta_value>
            </wp:postmeta>
            <wp:postmeta>
                <wp:meta_key>_lsb_pages</wp:meta_key>
                <wp:meta_value><![CDATA[lsb_acf_pages]]></wp:meta_value>
            </wp:postmeta>
            <wp:postmeta>
                <wp:meta_key>lsb_review</wp:meta_key>
                <wp:meta_value><![CDATA[  <div>Quentin ser på stjernehimmelen. <br />  Plutselig ser han en ufo! <br />  Når Quentin forteller vennene sine <br />  hva han har sett, tror alle at han tuller. <br />  Alle, bortsett fra den merkelige <br />  uteliggeren Hilmar.<br />  Han blir veldig interessert. </div>  <div>&#160;</div>  <div>Boka har stor skrift og </div>  <div>ganske enkel tekst. </div>  <div>Den har illustrasjoner i farger. </div>  <div>&#160;</div>  <div>Dette er ei bok i serien <strong>Halvmåneserien</strong>, <br />  en serie med spennende bøker for barn. <br />  Noen av bøkene passer for eldre lesere.</div>  ]]></wp:meta_value>
            </wp:postmeta>
            <wp:postmeta>
                <wp:meta_key>_lsb_review</wp:meta_key>
                <wp:meta_value><![CDATA[lsb_acf_review]]></wp:meta_value>
            </wp:postmeta>
            <wp:postmeta>
                <wp:meta_key>lsb_quote</wp:meta_key>
                <wp:meta_value><![CDATA[Du kan si hva du vil, svarte jeg,   "for jeg så nemlig en snål greie på   himmelen i natt. En stor, lysende hale  ... som en ufo."   "En ufo, du liksom!" flirte Maxi.   "Det var bare et stjerneskudd." ]]></wp:meta_value>
            </wp:postmeta>
            <wp:postmeta>
                <wp:meta_key>_lsb_quote</wp:meta_key>
                <wp:meta_value><![CDATA[lsb_acf_quote]]></wp:meta_value>
            </wp:postmeta>
            <wp:postmeta>
                <wp:meta_key>lsb_supported</wp:meta_key>
                <wp:meta_value><![CDATA[0]]></wp:meta_value>
            </wp:postmeta>
            <wp:postmeta>
                <wp:meta_key>_lsb_supported</wp:meta_key>
                <wp:meta_value><![CDATA[lsb_acf_supported]]></wp:meta_value>
            </wp:postmeta>
            <category domain="lsb_tax_author" nicename="jean-marc-ligny"><![CDATA[Jean-Marc Ligny]]></category>
            <category domain="lsb_tax_publisher" nicename="damm"><![CDATA[Damm]]></category>
            <category domain="lsb_tax_illustrator" nicename="natali-fortier"><![CDATA[Natali Fortier]]></category>
            <category domain="lsb_tax_translator" nicename="kari-kemény"><![CDATA[Kari Kemény]]></category>
            <wp:postmeta>
                <wp:meta_key>lsb_look_inside</wp:meta_key>
                <wp:meta_value><![CDATA[CUSTOM_BLA_I_BOKA]]></wp:meta_value>
            </wp:postmeta>
            <wp:postmeta>
                <wp:meta_key>_lsb_look_inside</wp:meta_key>
                <wp:meta_value><![CDATA[lsb_acf_look_inside]]></wp:meta_value>
            </wp:postmeta>
            <category domain="lsb_tax_age" nicename="barn"><![CDATA[barn]]></category>
            <category domain="lsb_tax_genre" nicename="prosa"><![CDATA[prosa]]></category>
            <category domain="lsb_tax_language" nicename="no_nb"><![CDATA[bokmål]]></category>
            <category domain="lsb_tax_customization" nicename="storskrift"><![CDATA[storskrift]]></category>
            <category domain="lsb_tax_customization" nicename="skjønnlitteratur"><![CDATA[skjønnlitteratur]]></category>
            <category domain="lsb_tax_customization" nicename="mange-bilder"><![CDATA[mange bilder]]></category>
            <wp:postmeta>
                <wp:meta_key>_thumbnail_id</wp:meta_key>
                <wp:meta_value><![CDATA[5113]]></wp:meta_value>
            </wp:postmeta>
        </item>
        <item>
            <title>besøk fra det ytre rom.jpg</title>
            <wp:post_id>5113</wp:post_id>
            <wp:status>inherit</wp:status>
            <wp:post_type>attachment</wp:post_type>
            <wp:attachment_url>https://raw.githubusercontent.com/lesersokerbok/boksok.no-data-utils/master/output-example/images/B8E03CC8C49D4B1DBBA1BF59287B0B9E.jpg</wp:attachment_url>
        </item>
        <item>
            <wp:post_type>lsb_book</wp:post_type>
            <wp:status>publish</wp:status>
            <title>Kasper spiller realt</title>
            <excerpt:encoded><![CDATA[Peter trøster Kasper.   RB tapte kampen.   Kasper synes det er hans skyld.   ]]></excerpt:encoded>
            <wp:postmeta>
                <wp:meta_key>lsb_isbn</wp:meta_key>
                <wp:meta_value><![CDATA[9788204117915]]></wp:meta_value>
            </wp:postmeta>
            <wp:postmeta>
                <wp:meta_key>_lsb_isbn</wp:meta_key>
                <wp:meta_value><![CDATA[lsb_acf_isbn]]></wp:meta_value>
            </wp:postmeta>
            <wp:postmeta>
                <wp:meta_key>lsb_published_year</wp:meta_key>
                <wp:meta_value><![CDATA[2006]]></wp:meta_value>
            </wp:postmeta>
            <wp:postmeta>
                <wp:meta_key>_lsb_published_year</wp:meta_key>
                <wp:meta_value><![CDATA[lsb_acf_published_year]]></wp:meta_value>
            </wp:postmeta>
            <wp:postmeta>
                <wp:meta_key>lsb_pages</wp:meta_key>
                <wp:meta_value/>
            </wp:postmeta>
            <wp:postmeta>
                <wp:meta_key>_lsb_pages</wp:meta_key>
                <wp:meta_value><![CDATA[lsb_acf_pages]]></wp:meta_value>
            </wp:postmeta>
            <wp:postmeta>
                <wp:meta_key>lsb_review</wp:meta_key>
                <wp:meta_value><![CDATA[  <div>Kasper kunne ha skåret, <br />  men det hadde ikke vært realt. </div>  <div>Bakerst i boka er det en faktadel om fotball. </div>  <div>Boka har stor, fin skrift. Teksten er enkel å lese. </div>  <p>&#160;</p>  <div><strong>Fotballøver</strong> er leseløver <br />  for deg som er glad i fotball.</div>  <div><strong>Jørn Jensen</strong> har skrevet flere bøker <br />  om Kasper og fotball.</div>  <div>  <div>  <div>Noen av titlene finner du i Boksøk, </div>  <div>men vi anbefaler hele serien. </div></div>  <div>&#160;</div></div>  ]]></wp:meta_value>
            </wp:postmeta>
            <wp:postmeta>
                <wp:meta_key>_lsb_review</wp:meta_key>
                <wp:meta_value><![CDATA[lsb_acf_review]]></wp:meta_value>
            </wp:postmeta>
            <wp:postmeta>
                <wp:meta_key>lsb_quote</wp:meta_key>
                <wp:meta_value><![CDATA[Kasper sier ingenting.   Han er fortsatt usikker.   Han ser bort på Peter.   Peter nikker til Kasper.   Det gjør ham glad.   Kim klapper ham på ryggen.   "Bra gjort, Kasper," sier han.   "Vi kan fortsatt ta dem." ]]></wp:meta_value>
            </wp:postmeta>
            <wp:postmeta>
                <wp:meta_key>_lsb_quote</wp:meta_key>
                <wp:meta_value><![CDATA[lsb_acf_quote]]></wp:meta_value>
            </wp:postmeta>
            <wp:postmeta>
                <wp:meta_key>lsb_supported</wp:meta_key>
                <wp:meta_value><![CDATA[0]]></wp:meta_value>
            </wp:postmeta>
            <wp:postmeta>
                <wp:meta_key>_lsb_supported</wp:meta_key>
                <wp:meta_value><![CDATA[lsb_acf_supported]]></wp:meta_value>
            </wp:postmeta>
            <category domain="lsb_tax_author" nicename="jørn-jensen"><![CDATA[Jørn Jensen]]></category>
            <category domain="lsb_tax_illustrator" nicename="jon-ranheimsæter"><![CDATA[Jon Ranheimsæter]]></category>
            <category domain="lsb_tax_translator" nicename="carina-westberg"><![CDATA[Carina Westberg]]></category>
            <wp:postmeta>
                <wp:meta_key>lsb_look_inside</wp:meta_key>
                <wp:meta_value><![CDATA[CUSTOM_BLA_I_BOKA]]></wp:meta_value>
            </wp:postmeta>
            <wp:postmeta>
                <wp:meta_key>_lsb_look_inside</wp:meta_key>
                <wp:meta_value><![CDATA[lsb_acf_look_inside]]></wp:meta_value>
            </wp:postmeta>
            <category domain="lsb_tax_age" nicename="barn"><![CDATA[barn]]></category>
            <category domain="lsb_tax_genre" nicename="prosa"><![CDATA[prosa]]></category>
            <category domain="lsb_tax_topic" nicename="sport"><![CDATA[sport]]></category>
            <category domain="lsb_tax_language" nicename="no_nb"><![CDATA[bokmål]]></category>
            <category domain="lsb_tax_customization" nicename="storskrift"><![CDATA[storskrift]]></category>
            <category domain="lsb_tax_customization" nicename="skjønnlitteratur"><![CDATA[skjønnlitteratur]]></category>
            <category domain="lsb_tax_customization" nicename="mange-bilder"><![CDATA[mange bilder]]></category>
            <wp:postmeta>
                <wp:meta_key>_thumbnail_id</wp:meta_key>
                <wp:meta_value><![CDATA[5114]]></wp:meta_value>
            </wp:postmeta>
        </item>
        <item>
            <title>kasper spiller realt, ny.jpg</title>
            <wp:post_id>5114</wp:post_id>
            <wp:status>inherit</wp:status>
            <wp:post_type>attachment</wp:post_type>
            <wp:attachment_url>https://raw.githubusercontent.com/lesersokerbok/boksok.no-data-utils/master/output-example/images/9FAE1432AA0F473796E82FD0A764F7BE.jpg</wp:attachment_url>
        </item>
        <item>
            <wp:post_type>lsb_book</wp:post_type>
            <wp:status>publish</wp:status>
            <title>Kasper tar straffe</title>
            <excerpt:encoded><![CDATA[Kasper er klar til å ta straffe.   Men hvor skal han sette ballen?   ]]></excerpt:encoded>
            <wp:postmeta>
                <wp:meta_key>lsb_isbn</wp:meta_key>
                <wp:meta_value><![CDATA[9788204102270]]></wp:meta_value>
            </wp:postmeta>
            <wp:postmeta>
                <wp:meta_key>_lsb_isbn</wp:meta_key>
                <wp:meta_value><![CDATA[lsb_acf_isbn]]></wp:meta_value>
            </wp:postmeta>
            <wp:postmeta>
                <wp:meta_key>lsb_published_year</wp:meta_key>
                <wp:meta_value><![CDATA[2006]]></wp:meta_value>
            </wp:postmeta>
            <wp:postmeta>
                <wp:meta_key>_lsb_published_year</wp:meta_key>
                <wp:meta_value><![CDATA[lsb_acf_published_year]]></wp:meta_value>
            </wp:postmeta>
            <wp:postmeta>
                <wp:meta_key>lsb_pages</wp:meta_key>
                <wp:meta_value/>
            </wp:postmeta>
            <wp:postmeta>
                <wp:meta_key>_lsb_pages</wp:meta_key>
                <wp:meta_value><![CDATA[lsb_acf_pages]]></wp:meta_value>
            </wp:postmeta>
            <wp:postmeta>
                <wp:meta_key>lsb_review</wp:meta_key>
                <wp:meta_value><![CDATA[  <div>Ute ved stolpen? <br />  Midt i målet? <br />  Så skyter han ...</div>  <div>&#160;</div>  <div>  <div>Bakerst i boka er det en faktadel om fotball. </div>  <div>Boka har stor, fin skrift. Teksten er enkel å lese. </div>  <div>&#160;</div></div>  <div>Fotballøver er leseløver <br />  for deg som er glad i fotball.</div>  <div>Jørn Jensen har skrevet flere bøker <br />  om Kasper og fotball.</div>  <div>  <div>  <div>Noen av titlene finner du i Boksøk, </div>  <div>men vi anbefaler hele serien. </div></div>  <div>&#160;</div></div>  ]]></wp:meta_value>
            </wp:postmeta>
            <wp:postmeta>
                <wp:meta_key>_lsb_review</wp:meta_key>
                <wp:meta_value><![CDATA[lsb_acf_review]]></wp:meta_value>
            </wp:postmeta>
            <wp:postmeta>
                <wp:meta_key>lsb_quote</wp:meta_key>
                <wp:meta_value><![CDATA[Dere har trent bra i dag,  sier Peter.   "Nå er vi nesten klare   til kampen på søndag.  Vi skal bare trene på én ting til,   og det er straffe." ]]></wp:meta_value>
            </wp:postmeta>
            <wp:postmeta>
                <wp:meta_key>_lsb_quote</wp:meta_key>
                <wp:meta_value><![CDATA[lsb_acf_quote]]></wp:meta_value>
            </wp:postmeta>
            <wp:postmeta>
                <wp:meta_key>lsb_supported</wp:meta_key>
                <wp:meta_value><![CDATA[0]]></wp:meta_value>
            </wp:postmeta>
            <wp:postmeta>
                <wp:meta_key>_lsb_supported</wp:meta_key>
                <wp:meta_value><![CDATA[lsb_acf_supported]]></wp:meta_value>
            </wp:postmeta>
            <category domain="lsb_tax_author" nicename="jørn-jensen"><![CDATA[Jørn Jensen]]></category>
            <category domain="lsb_tax_publisher" nicename="damm"><![CDATA[Damm]]></category>
            <category domain="lsb_tax_illustrator" nicename="jon-ranheimsæter"><![CDATA[Jon Ranheimsæter]]></category>
            <category domain="lsb_tax_translator" nicename="carina-westberg"><![CDATA[Carina Westberg]]></category>
            <wp:postmeta>
                <wp:meta_key>lsb_look_inside</wp:meta_key>
                <wp:meta_value><![CDATA[CUSTOM_BLA_I_BOKA]]></wp:meta_value>
            </wp:postmeta>
            <wp:postmeta>
                <wp:meta_key>_lsb_look_inside</wp:meta_key>
                <wp:meta_value><![CDATA[lsb_acf_look_inside]]></wp:meta_value>
            </wp:postmeta>
            <category domain="lsb_tax_age" nicename="barn"><![CDATA[barn]]></category>
            <category domain="lsb_tax_genre" nicename="prosa"><![CDATA[prosa]]></category>
            <category domain="lsb_tax_topic" nicename="sport"><![CDATA[sport]]></category>
            <category domain="lsb_tax_customization" nicename="storskrift"><![CDATA[storskrift]]></category>
            <category domain="lsb_tax_customization" nicename="skjønnlitteratur"><![CDATA[skjønnlitteratur]]></category>
            <category domain="lsb_tax_customization" nicename="mange-bilder"><![CDATA[mange bilder]]></category>
            <wp:postmeta>
                <wp:meta_key>_thumbnail_id</wp:meta_key>
                <wp:meta_value><![CDATA[5115]]></wp:meta_value>
            </wp:postmeta>
        </item>
        <item>
            <title>kasper tar straffe, ny.jpg</title>
            <wp:post_id>5115</wp:post_id>
            <wp:status>inherit</wp:status>
            <wp:post_type>attachment</wp:post_type>
            <wp:attachment_url>https://raw.githubusercontent.com/lesersokerbok/boksok.no-data-utils/master/output-example/images/040DE31B47FD4210B4C74AC2BD8296BF.jpg</wp:attachment_url>
        </item>
        <item>
            <wp:post_type>lsb_book</wp:post_type>
            <wp:status>publish</wp:status>
            <title>Kasper på prøvetrening</title>
            <excerpt:encoded><![CDATA[Kasper får ikke sove.   Han har vært på prøvetrening.   Men vil han egentlig bytte klubb? ]]></excerpt:encoded>
            <wp:postmeta>
                <wp:meta_key>lsb_isbn</wp:meta_key>
                <wp:meta_value><![CDATA[9788249608102]]></wp:meta_value>
            </wp:postmeta>
            <wp:postmeta>
                <wp:meta_key>_lsb_isbn</wp:meta_key>
                <wp:meta_value><![CDATA[lsb_acf_isbn]]></wp:meta_value>
            </wp:postmeta>
            <wp:postmeta>
                <wp:meta_key>lsb_published_year</wp:meta_key>
                <wp:meta_value><![CDATA[2003]]></wp:meta_value>
            </wp:postmeta>
            <wp:postmeta>
                <wp:meta_key>_lsb_published_year</wp:meta_key>
                <wp:meta_value><![CDATA[lsb_acf_published_year]]></wp:meta_value>
            </wp:postmeta>
            <wp:postmeta>
                <wp:meta_key>lsb_pages</wp:meta_key>
                <wp:meta_value/>
            </wp:postmeta>
            <wp:postmeta>
                <wp:meta_key>_lsb_pages</wp:meta_key>
                <wp:meta_value><![CDATA[lsb_acf_pages]]></wp:meta_value>
            </wp:postmeta>
            <wp:postmeta>
                <wp:meta_key>lsb_review</wp:meta_key>
                <wp:meta_value><![CDATA[  <div>  <div>Bakerst i boka er det en faktadel om fotball. </div>  <div>Boka har stor, fin skrift. Teksten er enkel å lese. </div>  <div>&#160;</div></div>  <div>Fotballøver er leseløver <br />  for deg som er glad i fotball.</div>  <div>  <div>Noen av titlene finner du i Boksøk, </div>  <div>men vi anbefaler hele serien. </div></div>  <div>&#160;</div>  <p>Dette er den niende boka om Kasper og fotball. </p>  ]]></wp:meta_value>
            </wp:postmeta>
            <wp:postmeta>
                <wp:meta_key>_lsb_review</wp:meta_key>
                <wp:meta_value><![CDATA[lsb_acf_review]]></wp:meta_value>
            </wp:postmeta>
            <wp:postmeta>
                <wp:meta_key>lsb_quote</wp:meta_key>
                <wp:meta_value><![CDATA[Kasper går bort til sykkelen sin. Der   treffer han en gutt. "Hei," sier gutten.   "Det var noen fine mål du scoret."   "Hei," sier Kasper. "Ja, det gikk bra."   Kasper ser at han er fra Broby-laget.   "Jeg heter Emil," sier gutten. "Vi   kunne hatt bruk for deg på laget vårt.   Kunne du tenke deg å spille for oss?" ]]></wp:meta_value>
            </wp:postmeta>
            <wp:postmeta>
                <wp:meta_key>_lsb_quote</wp:meta_key>
                <wp:meta_value><![CDATA[lsb_acf_quote]]></wp:meta_value>
            </wp:postmeta>
            <wp:postmeta>
                <wp:meta_key>lsb_supported</wp:meta_key>
                <wp:meta_value><![CDATA[0]]></wp:meta_value>
            </wp:postmeta>
            <wp:postmeta>
                <wp:meta_key>_lsb_supported</wp:meta_key>
                <wp:meta_value><![CDATA[lsb_acf_supported]]></wp:meta_value>
            </wp:postmeta>
            <category domain="lsb_tax_author" nicename="jørn-jensen"><![CDATA[Jørn Jensen]]></category>
            <category domain="lsb_tax_publisher" nicename="damm"><![CDATA[Damm]]></category>
            <category domain="lsb_tax_illustrator" nicename="jon-ranheimsæter"><![CDATA[Jon Ranheimsæter]]></category>
            <category domain="lsb_tax_translator" nicename="øystein-rosse"><![CDATA[Øystein Rosse]]></category>
            <wp:postmeta>
                <wp:meta_key>lsb_look_inside</wp:meta_key>
                <wp:meta_value><![CDATA[CUSTOM_BLA_I_BOKA]]></wp:meta_value>
            </wp:postmeta>
            <wp:postmeta>
                <wp:meta_key>_lsb_look_inside</wp:meta_key>
                <wp:meta_value><![CDATA[lsb_acf_look_inside]]></wp:meta_value>
            </wp:postmeta>
            <category domain="lsb_tax_age" nicename="barn"><![CDATA[barn]]></category>
            <category domain="lsb_tax_genre" nicename="prosa"><![CDATA[prosa]]></category>
            <category domain="lsb_tax_topic" nicename="sport"><![CDATA[sport]]></category>
            <category domain="lsb_tax_language" nicename="no_nb"><![CDATA[bokmål]]></category>
            <category domain="lsb_tax_customization" nicename="storskrift"><![CDATA[storskrift]]></category>
            <category domain="lsb_tax_customization" nicename="skjønnlitteratur"><![CDATA[skjønnlitteratur]]></category>
            <category domain="lsb_tax_customization" nicename="mange-bilder"><![CDATA[mange bilder]]></category>
            <wp:postmeta>
                <wp:meta_key>_thumbnail_id</wp:meta_key>
                <wp:meta_value><![CDATA[5116]]></wp:meta_value>
            </wp:postmeta>
        </item>
        <item>
            <title>kasper på prøvetrening, ny.jpg</title>
            <wp:post_id>5116</wp:post_id>
            <wp:status>inherit</wp:status>
            <wp:post_type>attachment</wp:post_type>
            <wp:attachment_url>https://raw.githubusercontent.com/lesersokerbok/boksok.no-data-utils/master/output-example/images/126783E170A645DBA32987D24FC00698.jpg</wp:attachment_url>
        </item>
        <item>
            <wp:post_type>lsb_book</wp:post_type>
            <wp:status>publish</wp:status>
            <title>Den usynlige prinsen</title>
            <excerpt:encoded><![CDATA[Det var en gang en trollmann   som het Simon.   Han var så dyktig at det nesten   kostet ham livet. ]]></excerpt:encoded>
            <wp:postmeta>
                <wp:meta_key>lsb_isbn</wp:meta_key>
                <wp:meta_value><![CDATA[9788202143978]]></wp:meta_value>
            </wp:postmeta>
            <wp:postmeta>
                <wp:meta_key>_lsb_isbn</wp:meta_key>
                <wp:meta_value><![CDATA[lsb_acf_isbn]]></wp:meta_value>
            </wp:postmeta>
            <wp:postmeta>
                <wp:meta_key>lsb_published_year</wp:meta_key>
                <wp:meta_value><![CDATA[1994]]></wp:meta_value>
            </wp:postmeta>
            <wp:postmeta>
                <wp:meta_key>_lsb_published_year</wp:meta_key>
                <wp:meta_value><![CDATA[lsb_acf_published_year]]></wp:meta_value>
            </wp:postmeta>
            <wp:postmeta>
                <wp:meta_key>lsb_pages</wp:meta_key>
                <wp:meta_value><![CDATA[47]]></wp:meta_value>
            </wp:postmeta>
            <wp:postmeta>
                <wp:meta_key>_lsb_pages</wp:meta_key>
                <wp:meta_value><![CDATA[lsb_acf_pages]]></wp:meta_value>
            </wp:postmeta>
            <wp:postmeta>
                <wp:meta_key>lsb_review</wp:meta_key>
                <wp:meta_value><![CDATA[  <div>Uten barnebarnet hans, Stella, <br />  kunne det gått veldig galt. </div>  <div><br />  Stella er modig, og redder både <br />  trollmannen, katten sin og prinsen. </div>  <div>&#160;</div>  <p><strong>Den usynlige prinsen</strong> er et spennende eventyr. <br />  Teksten er skrevet med store bokstaver<br />  og er ganske lett å lese.  </p>  ]]></wp:meta_value>
            </wp:postmeta>
            <wp:postmeta>
                <wp:meta_key>_lsb_review</wp:meta_key>
                <wp:meta_value><![CDATA[lsb_acf_review]]></wp:meta_value>
            </wp:postmeta>
            <wp:postmeta>
                <wp:meta_key>lsb_quote</wp:meta_key>
                <wp:meta_value><![CDATA[Da hørte hun fuglekvitringen igjen. Hun  var ikke alene likevel! Losfuglen fløy inn i   skogen og forsvant mellom grenene. Stella   fulgte etter. Og slik fortsatte de; fuglen først   og Stella etter til hun så det blinke i et vann   mellom trærne. ]]></wp:meta_value>
            </wp:postmeta>
            <wp:postmeta>
                <wp:meta_key>_lsb_quote</wp:meta_key>
                <wp:meta_value><![CDATA[lsb_acf_quote]]></wp:meta_value>
            </wp:postmeta>
            <wp:postmeta>
                <wp:meta_key>lsb_supported</wp:meta_key>
                <wp:meta_value><![CDATA[0]]></wp:meta_value>
            </wp:postmeta>
            <wp:postmeta>
                <wp:meta_key>_lsb_supported</wp:meta_key>
                <wp:meta_value><![CDATA[lsb_acf_supported]]></wp:meta_value>
            </wp:postmeta>
            <category domain="lsb_tax_author" nicename="geir-a.-bremnes"><![CDATA[Geir A. Bremnes]]></category>
            <category domain="lsb_tax_publisher" nicename="cappelen"><![CDATA[Cappelen]]></category>
            <wp:postmeta>
                <wp:meta_key>lsb_look_inside</wp:meta_key>
                <wp:meta_value><![CDATA[CUSTOM_BLA_I_BOKA]]></wp:meta_value>
            </wp:postmeta>
            <wp:postmeta>
                <wp:meta_key>_lsb_look_inside</wp:meta_key>
                <wp:meta_value><![CDATA[lsb_acf_look_inside]]></wp:meta_value>
            </wp:postmeta>
            <category domain="lsb_tax_age" nicename="barn"><![CDATA[barn]]></category>
            <category domain="lsb_tax_topic" nicename="eventyr"><![CDATA[eventyr]]></category>
            <category domain="lsb_tax_language" nicename="no_nb"><![CDATA[bokmål]]></category>
            <category domain="lsb_tax_customization" nicename="skjønnlitteratur"><![CDATA[skjønnlitteratur]]></category>
            <wp:postmeta>
                <wp:meta_key>_thumbnail_id</wp:meta_key>
                <wp:meta_value><![CDATA[5117]]></wp:meta_value>
            </wp:postmeta>
        </item>
        <item>
            <title>den usynlige prinsen.jpg</title>
            <wp:post_id>5117</wp:post_id>
            <wp:status>inherit</wp:status>
            <wp:post_type>attachment</wp:post_type>
            <wp:attachment_url>https://raw.githubusercontent.com/lesersokerbok/boksok.no-data-utils/master/output-example/images/06B42874A7D6424D94DB4A54635AB6DC.jpg</wp:attachment_url>
        </item>
        <item>
            <wp:post_type>lsb_book</wp:post_type>
            <wp:status>publish</wp:status>
            <title>Gjengangeren</title>
            <excerpt:encoded><![CDATA[Tidlig om morgenen vinteren 2006   skjer det noe merkelig.   Plutselig våkner statuen av Henrik Ibsen   og blir levende.   ]]></excerpt:encoded>
            <wp:postmeta>
                <wp:meta_key>lsb_isbn</wp:meta_key>
                <wp:meta_value><![CDATA[9788204124562]]></wp:meta_value>
            </wp:postmeta>
            <wp:postmeta>
                <wp:meta_key>_lsb_isbn</wp:meta_key>
                <wp:meta_value><![CDATA[lsb_acf_isbn]]></wp:meta_value>
            </wp:postmeta>
            <wp:postmeta>
                <wp:meta_key>lsb_published_year</wp:meta_key>
                <wp:meta_value><![CDATA[2006]]></wp:meta_value>
            </wp:postmeta>
            <wp:postmeta>
                <wp:meta_key>_lsb_published_year</wp:meta_key>
                <wp:meta_value><![CDATA[lsb_acf_published_year]]></wp:meta_value>
            </wp:postmeta>
            <wp:postmeta>
                <wp:meta_key>lsb_pages</wp:meta_key>
                <wp:meta_value><![CDATA[69]]></wp:meta_value>
            </wp:postmeta>
            <wp:postmeta>
                <wp:meta_key>_lsb_pages</wp:meta_key>
                <wp:meta_value><![CDATA[lsb_acf_pages]]></wp:meta_value>
            </wp:postmeta>
            <wp:postmeta>
                <wp:meta_key>lsb_review</wp:meta_key>
                <wp:meta_value><![CDATA[  <div>Ibsen selv skjønner ingenting. <br />  Alt han vil er å komme seg hjem. <br />  Men hjemmet hans har blitt til et museum. <br />  I Oslo feirer de at det er 100 år <br />  siden Ibsen levde. </div>  <div><br />  </div>  <div>Ingen kjenner ham igjen.<br />  På Grand cafe blir han kastet ut. <br />  Ibsen vil gi opp, men så treffer han <br />  to uteliggere.</div>  <div>&#160;</div>  <p>Boka passer for barn opp til ca tolv år.<br />  Teksten er ikke blant de enkleste. </p>  ]]></wp:meta_value>
            </wp:postmeta>
            <wp:postmeta>
                <wp:meta_key>_lsb_review</wp:meta_key>
                <wp:meta_value><![CDATA[lsb_acf_review]]></wp:meta_value>
            </wp:postmeta>
            <wp:postmeta>
                <wp:meta_key>lsb_quote</wp:meta_key>
                <wp:meta_value><![CDATA[Du kan ikke sitte her, vet du! sier kelneren.   "Hvorfor ikke dét?" spør Henrik.   "Fordi det pleide å være Henrik Ibsen sitt faste bord," svarer kelneren utålmodig.   "Men jeg er jo Henrik Ibsen!" sier Henrik Ibsen og slår ut med armene. Kelneren ser ut som om han har svelget en tønne krutt og en brennende fyrstikk. ]]></wp:meta_value>
            </wp:postmeta>
            <wp:postmeta>
                <wp:meta_key>_lsb_quote</wp:meta_key>
                <wp:meta_value><![CDATA[lsb_acf_quote]]></wp:meta_value>
            </wp:postmeta>
            <wp:postmeta>
                <wp:meta_key>lsb_supported</wp:meta_key>
                <wp:meta_value><![CDATA[0]]></wp:meta_value>
            </wp:postmeta>
            <wp:postmeta>
                <wp:meta_key>_lsb_supported</wp:meta_key>
                <wp:meta_value><![CDATA[lsb_acf_supported]]></wp:meta_value>
            </wp:postmeta>
            <category domain="lsb_tax_author" nicename="simon-stranger"><![CDATA[Simon Stranger]]></category>
            <category domain="lsb_tax_publisher" nicename="damm"><![CDATA[Damm]]></category>
            <category domain="lsb_tax_illustrator" nicename="eivind-gulliksen"><![CDATA[Eivind Gulliksen]]></category>
            <wp:postmeta>
                <wp:meta_key>lsb_look_inside</wp:meta_key>
                <wp:meta_value><![CDATA[CUSTOM_BLA_I_BOKA]]></wp:meta_value>
            </wp:postmeta>
            <wp:postmeta>
                <wp:meta_key>_lsb_look_inside</wp:meta_key>
                <wp:meta_value><![CDATA[lsb_acf_look_inside]]></wp:meta_value>
            </wp:postmeta>
            <category domain="lsb_tax_age" nicename="barn"><![CDATA[barn]]></category>
            <category domain="lsb_tax_age" nicename="ungdom"><![CDATA[ungdom]]></category>
            <category domain="lsb_tax_genre" nicename="prosa"><![CDATA[prosa]]></category>
            <category domain="lsb_tax_language" nicename="no_nb"><![CDATA[bokmål]]></category>
            <category domain="lsb_tax_customization" nicename="skjønnlitteratur"><![CDATA[skjønnlitteratur]]></category>
            <wp:postmeta>
                <wp:meta_key>_thumbnail_id</wp:meta_key>
                <wp:meta_value><![CDATA[5118]]></wp:meta_value>
            </wp:postmeta>
        </item>
        <item>
            <title>gjengangeren, stor.jpg</title>
            <wp:post_id>5118</wp:post_id>
            <wp:status>inherit</wp:status>
            <wp:post_type>attachment</wp:post_type>
            <wp:attachment_url>https://raw.githubusercontent.com/lesersokerbok/boksok.no-data-utils/master/output-example/images/97DF3DEA18F34168ABF6B80702B27874.jpg</wp:attachment_url>
        </item>
        <item>
            <wp:post_type>lsb_book</wp:post_type>
            <wp:status>publish</wp:status>
            <title>Kaninar og kaninar</title>
            <excerpt:encoded><![CDATA[Stein og eg har kaninar i lag.   Gruelig mange kaninar vi skal passe,   og fleire kan dei bli.   Men ein morgon er dørene til bura opne.   ]]></excerpt:encoded>
            <wp:postmeta>
                <wp:meta_key>lsb_isbn</wp:meta_key>
                <wp:meta_value><![CDATA[9788252169560]]></wp:meta_value>
            </wp:postmeta>
            <wp:postmeta>
                <wp:meta_key>_lsb_isbn</wp:meta_key>
                <wp:meta_value><![CDATA[lsb_acf_isbn]]></wp:meta_value>
            </wp:postmeta>
            <wp:postmeta>
                <wp:meta_key>lsb_published_year</wp:meta_key>
                <wp:meta_value><![CDATA[2006]]></wp:meta_value>
            </wp:postmeta>
            <wp:postmeta>
                <wp:meta_key>_lsb_published_year</wp:meta_key>
                <wp:meta_value><![CDATA[lsb_acf_published_year]]></wp:meta_value>
            </wp:postmeta>
            <wp:postmeta>
                <wp:meta_key>lsb_pages</wp:meta_key>
                <wp:meta_value><![CDATA[38]]></wp:meta_value>
            </wp:postmeta>
            <wp:postmeta>
                <wp:meta_key>_lsb_pages</wp:meta_key>
                <wp:meta_value><![CDATA[lsb_acf_pages]]></wp:meta_value>
            </wp:postmeta>
            <wp:postmeta>
                <wp:meta_key>lsb_review</wp:meta_key>
                <wp:meta_value><![CDATA[Bura står tomme og gapar. <br />  Berre Kleopatra står att, <br />  den klokaste og beste av dei alle. <br />  Resten av flokken er som trylte vekk, <br />  og bakom skogane lever vondskapen.  ]]></wp:meta_value>
            </wp:postmeta>
            <wp:postmeta>
                <wp:meta_key>_lsb_review</wp:meta_key>
                <wp:meta_value><![CDATA[lsb_acf_review]]></wp:meta_value>
            </wp:postmeta>
            <wp:postmeta>
                <wp:meta_key>lsb_quote</wp:meta_key>
                <wp:meta_value><![CDATA[Så fekk me Victoria  av ein pensjonist nede i gata.   Han hadde fleire ganske like, kvite kaninar,   kvite med lyseraude auge og øyre.   Han var grei med oss.   Me prata lenge kanin med han,   kanin og kanin.   Me kom att fleire gonger. ]]></wp:meta_value>
            </wp:postmeta>
            <wp:postmeta>
                <wp:meta_key>_lsb_quote</wp:meta_key>
                <wp:meta_value><![CDATA[lsb_acf_quote]]></wp:meta_value>
            </wp:postmeta>
            <wp:postmeta>
                <wp:meta_key>lsb_supported</wp:meta_key>
                <wp:meta_value><![CDATA[0]]></wp:meta_value>
            </wp:postmeta>
            <wp:postmeta>
                <wp:meta_key>_lsb_supported</wp:meta_key>
                <wp:meta_value><![CDATA[lsb_acf_supported]]></wp:meta_value>
            </wp:postmeta>
            <category domain="lsb_tax_author" nicename="arnt-birkedal"><![CDATA[Arnt Birkedal]]></category>
            <category domain="lsb_tax_publisher" nicename="samlaget"><![CDATA[Samlaget]]></category>
            <category domain="lsb_tax_illustrator" nicename="bo-gaustad"><![CDATA[Bo Gaustad]]></category>
            <wp:postmeta>
                <wp:meta_key>lsb_look_inside</wp:meta_key>
                <wp:meta_value><![CDATA[CUSTOM_BLA_I_BOKA]]></wp:meta_value>
            </wp:postmeta>
            <wp:postmeta>
                <wp:meta_key>_lsb_look_inside</wp:meta_key>
                <wp:meta_value><![CDATA[lsb_acf_look_inside]]></wp:meta_value>
            </wp:postmeta>
            <category domain="lsb_tax_age" nicename="barn"><![CDATA[barn]]></category>
            <category domain="lsb_tax_age" nicename="ungdom"><![CDATA[ungdom]]></category>
            <category domain="lsb_tax_language" nicename="no_nn"><![CDATA[nynorsk]]></category>
            <category domain="lsb_tax_customization" nicename="skjønnlitteratur"><![CDATA[skjønnlitteratur]]></category>
            <wp:postmeta>
                <wp:meta_key>_thumbnail_id</wp:meta_key>
                <wp:meta_value><![CDATA[5119]]></wp:meta_value>
            </wp:postmeta>
        </item>
        <item>
            <title>kaninar og kaninar, stor.jpg</title>
            <wp:post_id>5119</wp:post_id>
            <wp:status>inherit</wp:status>
            <wp:post_type>attachment</wp:post_type>
            <wp:attachment_url>https://raw.githubusercontent.com/lesersokerbok/boksok.no-data-utils/master/output-example/images/A1F2F1AA1EAB4C068C6097E2B7194B73.jpg</wp:attachment_url>
        </item>
        <item>
            <wp:post_type>lsb_book</wp:post_type>
            <wp:status>publish</wp:status>
            <title>Hardt vær</title>
            <excerpt:encoded><![CDATA[Det er vår.   Bønna vil starte badesesongen   med et hopp fra Panter`n.   Panter`n er det kuleste hoppestedet som finnes.  ]]></excerpt:encoded>
            <wp:postmeta>
                <wp:meta_key>lsb_isbn</wp:meta_key>
                <wp:meta_value><![CDATA[9788204101365]]></wp:meta_value>
            </wp:postmeta>
            <wp:postmeta>
                <wp:meta_key>_lsb_isbn</wp:meta_key>
                <wp:meta_value><![CDATA[lsb_acf_isbn]]></wp:meta_value>
            </wp:postmeta>
            <wp:postmeta>
                <wp:meta_key>lsb_published_year</wp:meta_key>
                <wp:meta_value><![CDATA[2004]]></wp:meta_value>
            </wp:postmeta>
            <wp:postmeta>
                <wp:meta_key>_lsb_published_year</wp:meta_key>
                <wp:meta_value><![CDATA[lsb_acf_published_year]]></wp:meta_value>
            </wp:postmeta>
            <wp:postmeta>
                <wp:meta_key>lsb_pages</wp:meta_key>
                <wp:meta_value><![CDATA[74]]></wp:meta_value>
            </wp:postmeta>
            <wp:postmeta>
                <wp:meta_key>_lsb_pages</wp:meta_key>
                <wp:meta_value><![CDATA[lsb_acf_pages]]></wp:meta_value>
            </wp:postmeta>
            <wp:postmeta>
                <wp:meta_key>lsb_review</wp:meta_key>
                <wp:meta_value><![CDATA[  <p>Bønna har fått låne båt av onkelen sin <br />  - sier han i alle fall. <br />  På vei til øya drar gutta innom Tangodden <br />  og plukker opp tre jenter. <br />  Noe foregår mellom jentene, <br />  og gutta forstår ikke helt hva. <br />  Utover dagen blåser det opp <br />  til skikkelig hardt vær. </p>  <div>&#160;</div>  <div><strong>Hardt vær</strong> har tidligere kommet ut <br />  i serien <strong>Gutta Boys</strong>. <br />  Denne boka er i <strong>Leseløve</strong>serien. <br />  </div>  <div>&#160;</div>  <div>Boka er illustrert med <br />  morsomme tegninger av Marius Renberg. <br />  Skriften er stor, og teksten er lett å lese. <br />  Historien er skikkelig spennende. </div>  ]]></wp:meta_value>
            </wp:postmeta>
            <wp:postmeta>
                <wp:meta_key>_lsb_review</wp:meta_key>
                <wp:meta_value><![CDATA[lsb_acf_review]]></wp:meta_value>
            </wp:postmeta>
            <wp:postmeta>
                <wp:meta_key>lsb_quote</wp:meta_key>
                <wp:meta_value><![CDATA[Vi stirret opp på Hilde.   Hun tok noen skritt bakover.   Det så ut som om hun trakk seg.   Men så tok hun sats og hoppet til.   Det var faktisk et nydelig hopp.   Fra minst 10 meter.   Hun gikk i vannet med et plask.   Jeg synes det tok en evighet   før hun kom opp til overflaten.   Men omsider dukket hodet hennes opp  av vannet. ]]></wp:meta_value>
            </wp:postmeta>
            <wp:postmeta>
                <wp:meta_key>_lsb_quote</wp:meta_key>
                <wp:meta_value><![CDATA[lsb_acf_quote]]></wp:meta_value>
            </wp:postmeta>
            <wp:postmeta>
                <wp:meta_key>lsb_supported</wp:meta_key>
                <wp:meta_value><![CDATA[0]]></wp:meta_value>
            </wp:postmeta>
            <wp:postmeta>
                <wp:meta_key>_lsb_supported</wp:meta_key>
                <wp:meta_value><![CDATA[lsb_acf_supported]]></wp:meta_value>
            </wp:postmeta>
            <category domain="lsb_tax_author" nicename="axel-hellstenius"><![CDATA[Axel Hellstenius]]></category>
            <category domain="lsb_tax_publisher" nicename="damm"><![CDATA[Damm]]></category>
            <category domain="lsb_tax_illustrator" nicename="marius-renberg"><![CDATA[Marius Renberg]]></category>
            <wp:postmeta>
                <wp:meta_key>lsb_look_inside</wp:meta_key>
                <wp:meta_value><![CDATA[CUSTOM_BLA_I_BOKA]]></wp:meta_value>
            </wp:postmeta>
            <wp:postmeta>
                <wp:meta_key>_lsb_look_inside</wp:meta_key>
                <wp:meta_value><![CDATA[lsb_acf_look_inside]]></wp:meta_value>
            </wp:postmeta>
            <category domain="lsb_tax_age" nicename="ungdom"><![CDATA[ungdom]]></category>
            <category domain="lsb_tax_genre" nicename="prosa"><![CDATA[prosa]]></category>
            <category domain="lsb_tax_language" nicename="no_nb"><![CDATA[bokmål]]></category>
            <category domain="lsb_tax_customization" nicename="skjønnlitteratur"><![CDATA[skjønnlitteratur]]></category>
            <category domain="lsb_tax_customization" nicename="mange-bilder"><![CDATA[mange bilder]]></category>
            <wp:postmeta>
                <wp:meta_key>_thumbnail_id</wp:meta_key>
                <wp:meta_value><![CDATA[5120]]></wp:meta_value>
            </wp:postmeta>
        </item>
        <item>
            <title>hardt vær,leseløve.jpg</title>
            <wp:post_id>5120</wp:post_id>
            <wp:status>inherit</wp:status>
            <wp:post_type>attachment</wp:post_type>
            <wp:attachment_url>https://raw.githubusercontent.com/lesersokerbok/boksok.no-data-utils/master/output-example/images/E32FE919ACCA436E9F2559D9B1D55A2E.jpg</wp:attachment_url>
        </item>
        <item>
            <wp:post_type>lsb_book</wp:post_type>
            <wp:status>publish</wp:status>
            <title>Pondus: Eliteserien - 1</title>
            <excerpt:encoded><![CDATA[Her får du de aller første stripene   om Pondus.   ]]></excerpt:encoded>
            <wp:postmeta>
                <wp:meta_key>lsb_isbn</wp:meta_key>
                <wp:meta_value><![CDATA[9788242936998]]></wp:meta_value>
            </wp:postmeta>
            <wp:postmeta>
                <wp:meta_key>_lsb_isbn</wp:meta_key>
                <wp:meta_value><![CDATA[lsb_acf_isbn]]></wp:meta_value>
            </wp:postmeta>
            <wp:postmeta>
                <wp:meta_key>lsb_published_year</wp:meta_key>
                <wp:meta_value><![CDATA[2008]]></wp:meta_value>
            </wp:postmeta>
            <wp:postmeta>
                <wp:meta_key>_lsb_published_year</wp:meta_key>
                <wp:meta_value><![CDATA[lsb_acf_published_year]]></wp:meta_value>
            </wp:postmeta>
            <wp:postmeta>
                <wp:meta_key>lsb_pages</wp:meta_key>
                <wp:meta_value><![CDATA[208]]></wp:meta_value>
            </wp:postmeta>
            <wp:postmeta>
                <wp:meta_key>_lsb_pages</wp:meta_key>
                <wp:meta_value><![CDATA[lsb_acf_pages]]></wp:meta_value>
            </wp:postmeta>
            <wp:postmeta>
                <wp:meta_key>lsb_review</wp:meta_key>
                <wp:meta_value><![CDATA[  <div>I 1995 var serien ukjent.<br />  En dag dukket den første stripen opp i avisa. <br />  Her vises stripene i den rekkefølgen <br />  de kom, og i farger! <br />  Bli kjent med Pondus, Jokke og Turid-Laila <br />  slik de så ut i begynnelsen. </div>  <div>&#160;</div>  <div><strong>Eliteserien</strong> har en font som er lettere å lese </div>  <div>enn i de andre Pondus-bøkene. </div>  <div>&#160;</div>  <div>Vi kan anbefale alle sju bøker i <strong>Eliteserien</strong>, </div>  <div>men legger kun inn denne tittelen i Boksøk. </div>  <div>Bøkene kan kjøpes hos Bokkilden </div>  <div>eller direkte fra Egmont Serieforlaget. </div>  ]]></wp:meta_value>
            </wp:postmeta>
            <wp:postmeta>
                <wp:meta_key>_lsb_review</wp:meta_key>
                <wp:meta_value><![CDATA[lsb_acf_review]]></wp:meta_value>
            </wp:postmeta>
            <wp:postmeta>
                <wp:meta_key>lsb_quote</wp:meta_key>
                <wp:meta_value><![CDATA[- For siste gang, Påsan!   Du må slutte å barbere Bjarne!   - Men han svetter med all den pelsen!   - Sludder! Dessuten ødelegger du høvelen min!   Se her!   - Stakkars deg, Bjarne... Det neste   blir vel at du ikke får låne tannbørsten hans. ]]></wp:meta_value>
            </wp:postmeta>
            <wp:postmeta>
                <wp:meta_key>_lsb_quote</wp:meta_key>
                <wp:meta_value><![CDATA[lsb_acf_quote]]></wp:meta_value>
            </wp:postmeta>
            <wp:postmeta>
                <wp:meta_key>lsb_supported</wp:meta_key>
                <wp:meta_value><![CDATA[0]]></wp:meta_value>
            </wp:postmeta>
            <wp:postmeta>
                <wp:meta_key>_lsb_supported</wp:meta_key>
                <wp:meta_value><![CDATA[lsb_acf_supported]]></wp:meta_value>
            </wp:postmeta>
            <category domain="lsb_tax_author" nicename="frode-øverli"><![CDATA[Frode Øverli]]></category>
            <category domain="lsb_tax_publisher" nicename="egmont-serieforlaget"><![CDATA[Egmont Serieforlaget]]></category>
            <wp:postmeta>
                <wp:meta_key>lsb_look_inside</wp:meta_key>
                <wp:meta_value><![CDATA[CUSTOM_BLA_I_BOKA]]></wp:meta_value>
            </wp:postmeta>
            <wp:postmeta>
                <wp:meta_key>_lsb_look_inside</wp:meta_key>
                <wp:meta_value><![CDATA[lsb_acf_look_inside]]></wp:meta_value>
            </wp:postmeta>
            <category domain="lsb_tax_age" nicename="ungdom"><![CDATA[ungdom]]></category>
            <category domain="lsb_tax_age" nicename="voksne"><![CDATA[voksne]]></category>
            <category domain="lsb_tax_topic" nicename="eventyr"><![CDATA[eventyr]]></category>
            <category domain="lsb_tax_topic" nicename="humor"><![CDATA[humor]]></category>
            <category domain="lsb_tax_language" nicename="no_nb"><![CDATA[bokmål]]></category>
            <category domain="lsb_tax_customization" nicename="bilder"><![CDATA[bilder]]></category>
            <category domain="lsb_tax_customization" nicename="mange-bilder"><![CDATA[mange bilder]]></category>
            <wp:postmeta>
                <wp:meta_key>_thumbnail_id</wp:meta_key>
                <wp:meta_value><![CDATA[5121]]></wp:meta_value>
            </wp:postmeta>
        </item>
        <item>
            <title>Pondus, Eliteserien 1, ny.jpg</title>
            <wp:post_id>5121</wp:post_id>
            <wp:status>inherit</wp:status>
            <wp:post_type>attachment</wp:post_type>
            <wp:attachment_url>https://raw.githubusercontent.com/lesersokerbok/boksok.no-data-utils/master/output-example/images/BC1A22AD001A4D158070939FFC185280.jpg</wp:attachment_url>
        </item>
        <item>
            <wp:post_type>lsb_book</wp:post_type>
            <wp:status>publish</wp:status>
            <title>Ingen ild tenner stjernene</title>
            <excerpt:encoded><![CDATA[Da faren dør, får Johannes vite   at faren hans også hadde en annen sønn.  Broren til Johannes.  Johannes blir kjent med broren Matz,  en bror som trenger ham mer enn han kunne ane.  ]]></excerpt:encoded>
            <wp:postmeta>
                <wp:meta_key>lsb_isbn</wp:meta_key>
                <wp:meta_value><![CDATA[9788202279769]]></wp:meta_value>
            </wp:postmeta>
            <wp:postmeta>
                <wp:meta_key>_lsb_isbn</wp:meta_key>
                <wp:meta_value><![CDATA[lsb_acf_isbn]]></wp:meta_value>
            </wp:postmeta>
            <wp:postmeta>
                <wp:meta_key>lsb_published_year</wp:meta_key>
                <wp:meta_value><![CDATA[2008]]></wp:meta_value>
            </wp:postmeta>
            <wp:postmeta>
                <wp:meta_key>_lsb_published_year</wp:meta_key>
                <wp:meta_value><![CDATA[lsb_acf_published_year]]></wp:meta_value>
            </wp:postmeta>
            <wp:postmeta>
                <wp:meta_key>lsb_pages</wp:meta_key>
                <wp:meta_value><![CDATA[155]]></wp:meta_value>
            </wp:postmeta>
            <wp:postmeta>
                <wp:meta_key>_lsb_pages</wp:meta_key>
                <wp:meta_value><![CDATA[lsb_acf_pages]]></wp:meta_value>
            </wp:postmeta>
            <wp:postmeta>
                <wp:meta_key>lsb_review</wp:meta_key>
                <wp:meta_value><![CDATA[  <div>Litt etter litt rulles en sterk historie opp,<br />  først gjennom Johannes’ synsvinkel,<br />  så gjennom broren Matz’.</div>  <div>&#160;</div>  <div><strong>Ingen ild tenner stjernene</strong><br />  er en sår og poetisk fortelling<br />  om overgrep, voksne som svikter<br />  - og om brødre som finner hverandre.</div>  <div>&#160;</div>  <div>Selv om Fretheim har skrevet boka<br />  med enkel tekst, er dette en kompleks roman,<br />  både i innhold og form.<br />  Den er ikke blant <br />  de enkleste bøkene våre for ungdom.<br />  </div>  <div>Tor Fretheim er en norsk journalist, forfatter og oversetter. </div>  <div>Som forfatter er han særlig kjent <br />  for sine barne- og ungdomsbøker, <br />  som han har vunnet flere priser for.</div>  ]]></wp:meta_value>
            </wp:postmeta>
            <wp:postmeta>
                <wp:meta_key>_lsb_review</wp:meta_key>
                <wp:meta_value><![CDATA[lsb_acf_review]]></wp:meta_value>
            </wp:postmeta>
            <wp:postmeta>
                <wp:meta_key>lsb_quote</wp:meta_key>
                <wp:meta_value><![CDATA[Johannes lette ikke etter ham.  Det er ikke sant.  Han jaktet på ham.  Johannes var på vakt  alle de stedene han håpet  å kunne se ham.  Han smilte da Johannes  så ham den første gangen.  Det var bare et blikk.  Et kort øyeblikk.  Øynene hans var brune.  Brune som kastanjenøtter  som har falt ned på bakken.  Johannes ropte:  - Jeg er broren din! ]]></wp:meta_value>
            </wp:postmeta>
            <wp:postmeta>
                <wp:meta_key>_lsb_quote</wp:meta_key>
                <wp:meta_value><![CDATA[lsb_acf_quote]]></wp:meta_value>
            </wp:postmeta>
            <wp:postmeta>
                <wp:meta_key>lsb_supported</wp:meta_key>
                <wp:meta_value><![CDATA[1]]></wp:meta_value>
            </wp:postmeta>
            <wp:postmeta>
                <wp:meta_key>_lsb_supported</wp:meta_key>
                <wp:meta_value><![CDATA[lsb_acf_supported]]></wp:meta_value>
            </wp:postmeta>
            <wp:postmeta>
                <wp:meta_key>lsb_support_cat</wp:meta_key>
                <wp:meta_value><![CDATA[purple]]></wp:meta_value>
            </wp:postmeta>
            <wp:postmeta>
                <wp:meta_key>_lsb_support_cat</wp:meta_key>
                <wp:meta_value><![CDATA[lsb_acf_support_cat]]></wp:meta_value>
            </wp:postmeta>
            <category domain="lsb_tax_author" nicename="thor-fretheim"><![CDATA[Thor Fretheim]]></category>
            <category domain="lsb_tax_publisher" nicename="cappelen-damm"><![CDATA[Cappelen Damm]]></category>
            <wp:postmeta>
                <wp:meta_key>lsb_look_inside</wp:meta_key>
                <wp:meta_value><![CDATA[CUSTOM_BLA_I_BOKA]]></wp:meta_value>
            </wp:postmeta>
            <wp:postmeta>
                <wp:meta_key>_lsb_look_inside</wp:meta_key>
                <wp:meta_value><![CDATA[lsb_acf_look_inside]]></wp:meta_value>
            </wp:postmeta>
            <category domain="lsb_tax_age" nicename="ungdom"><![CDATA[ungdom]]></category>
            <category domain="lsb_tax_genre" nicename="prosa"><![CDATA[prosa]]></category>
            <category domain="lsb_tax_topic" nicename="mennesker-i-mellom"><![CDATA[mennesker i mellom]]></category>
            <category domain="lsb_tax_language" nicename="no_nb"><![CDATA[bokmål]]></category>
            <category domain="lsb_tax_customization" nicename="skjønnlitteratur"><![CDATA[skjønnlitteratur]]></category>
            <wp:postmeta>
                <wp:meta_key>_thumbnail_id</wp:meta_key>
                <wp:meta_value><![CDATA[5122]]></wp:meta_value>
            </wp:postmeta>
        </item>
        <item>
            <title>Ingen ild tennner.jpg</title>
            <wp:post_id>5122</wp:post_id>
            <wp:status>inherit</wp:status>
            <wp:post_type>attachment</wp:post_type>
            <wp:attachment_url>https://raw.githubusercontent.com/lesersokerbok/boksok.no-data-utils/master/output-example/images/D10EB2509EB14A7AA0393273F2E78E03.jpg</wp:attachment_url>
        </item>
        <item>
            <wp:post_type>lsb_book</wp:post_type>
            <wp:status>publish</wp:status>
            <title>Undersøkelse og behandling av KREFT</title>
            <excerpt:encoded><![CDATA[Dette er en bok for menn som forteller   hva som skjer når du får kreft. ]]></excerpt:encoded>
            <wp:postmeta>
                <wp:meta_key>lsb_isbn</wp:meta_key>
                <wp:meta_value><![CDATA[9788280610874]]></wp:meta_value>
            </wp:postmeta>
            <wp:postmeta>
                <wp:meta_key>_lsb_isbn</wp:meta_key>
                <wp:meta_value><![CDATA[lsb_acf_isbn]]></wp:meta_value>
            </wp:postmeta>
            <wp:postmeta>
                <wp:meta_key>lsb_published_year</wp:meta_key>
                <wp:meta_value><![CDATA[2008]]></wp:meta_value>
            </wp:postmeta>
            <wp:postmeta>
                <wp:meta_key>_lsb_published_year</wp:meta_key>
                <wp:meta_value><![CDATA[lsb_acf_published_year]]></wp:meta_value>
            </wp:postmeta>
            <wp:postmeta>
                <wp:meta_key>lsb_pages</wp:meta_key>
                <wp:meta_value><![CDATA[57]]></wp:meta_value>
            </wp:postmeta>
            <wp:postmeta>
                <wp:meta_key>_lsb_pages</wp:meta_key>
                <wp:meta_value><![CDATA[lsb_acf_pages]]></wp:meta_value>
            </wp:postmeta>
            <wp:postmeta>
                <wp:meta_key>lsb_review</wp:meta_key>
                <wp:meta_value><![CDATA[  <div>Vi følger Lars Åge gjennom <br />  behandlingen han får.</div>  <div><br />  Boka har enkelt innhold<br />  og store fotografier <br />  som viser hva som skjer. </div>  <div>&#160;</div>  <p>Boka er en del av prosjektet <br />  "Kreft hos eldre mennesker med utviklingshemming".<br />  Det fins også en bok om <br />  en kvinne som får kreft.</p>  ]]></wp:meta_value>
            </wp:postmeta>
            <wp:postmeta>
                <wp:meta_key>_lsb_review</wp:meta_key>
                <wp:meta_value><![CDATA[lsb_acf_review]]></wp:meta_value>
            </wp:postmeta>
            <wp:postmeta>
                <wp:meta_key>lsb_quote</wp:meta_key>
                <wp:meta_value><![CDATA[Lars Åge er på Røntgenavdelingen.   På denne avdelingen tar de bilder   av det som er inne i kroppen.     Han tar et røntgenbilde av brystet.     Det er ikke vondt   å ta røntgenbilde.     Nesten alle som skal opereres   må ta et slikt bilde. ]]></wp:meta_value>
            </wp:postmeta>
            <wp:postmeta>
                <wp:meta_key>_lsb_quote</wp:meta_key>
                <wp:meta_value><![CDATA[lsb_acf_quote]]></wp:meta_value>
            </wp:postmeta>
            <wp:postmeta>
                <wp:meta_key>lsb_supported</wp:meta_key>
                <wp:meta_value><![CDATA[0]]></wp:meta_value>
            </wp:postmeta>
            <wp:postmeta>
                <wp:meta_key>_lsb_supported</wp:meta_key>
                <wp:meta_value><![CDATA[lsb_acf_supported]]></wp:meta_value>
            </wp:postmeta>
            <category domain="lsb_tax_publisher" nicename="forlaget-aldring-og-helse"><![CDATA[Forlaget Aldring og Helse]]></category>
            <category domain="lsb_tax_illustrator" nicename="jørn-grønlund-og-morten-brun"><![CDATA[Jørn Grønlund og Morten Brun]]></category>
            <wp:postmeta>
                <wp:meta_key>lsb_look_inside</wp:meta_key>
                <wp:meta_value><![CDATA[CUSTOM_BLA_I_BOKA]]></wp:meta_value>
            </wp:postmeta>
            <wp:postmeta>
                <wp:meta_key>_lsb_look_inside</wp:meta_key>
                <wp:meta_value><![CDATA[lsb_acf_look_inside]]></wp:meta_value>
            </wp:postmeta>
            <category domain="lsb_tax_age" nicename="voksne"><![CDATA[voksne]]></category>
            <category domain="lsb_tax_genre" nicename="faglitteratur"><![CDATA[faglitteratur]]></category>
            <category domain="lsb_tax_language" nicename="no_nb"><![CDATA[bokmål]]></category>
            <category domain="lsb_tax_customization" nicename="utviklingshemmede"><![CDATA[utviklingshemmede]]></category>
            <category domain="lsb_tax_customization" nicename="mange-bilder"><![CDATA[mange bilder]]></category>
            <wp:postmeta>
                <wp:meta_key>_thumbnail_id</wp:meta_key>
                <wp:meta_value><![CDATA[5123]]></wp:meta_value>
            </wp:postmeta>
        </item>
        <item>
            <title>undersøkelse kreft mann.jpg</title>
            <wp:post_id>5123</wp:post_id>
            <wp:status>inherit</wp:status>
            <wp:post_type>attachment</wp:post_type>
            <wp:attachment_url>https://raw.githubusercontent.com/lesersokerbok/boksok.no-data-utils/master/output-example/images/83904966EA234C1A87A99683B4B1D6E3.jpg</wp:attachment_url>
        </item>
        <item>
            <wp:post_type>lsb_book</wp:post_type>
            <wp:status>publish</wp:status>
            <title>Undersøkelse og behandling av KREFT</title>
            <excerpt:encoded><![CDATA[Dette er en bok for kvinner som forteller   hva som skjer når du får kreft.   ]]></excerpt:encoded>
            <wp:postmeta>
                <wp:meta_key>lsb_isbn</wp:meta_key>
                <wp:meta_value><![CDATA[9788280610867]]></wp:meta_value>
            </wp:postmeta>
            <wp:postmeta>
                <wp:meta_key>_lsb_isbn</wp:meta_key>
                <wp:meta_value><![CDATA[lsb_acf_isbn]]></wp:meta_value>
            </wp:postmeta>
            <wp:postmeta>
                <wp:meta_key>lsb_published_year</wp:meta_key>
                <wp:meta_value><![CDATA[2008]]></wp:meta_value>
            </wp:postmeta>
            <wp:postmeta>
                <wp:meta_key>_lsb_published_year</wp:meta_key>
                <wp:meta_value><![CDATA[lsb_acf_published_year]]></wp:meta_value>
            </wp:postmeta>
            <wp:postmeta>
                <wp:meta_key>lsb_pages</wp:meta_key>
                <wp:meta_value><![CDATA[55]]></wp:meta_value>
            </wp:postmeta>
            <wp:postmeta>
                <wp:meta_key>_lsb_pages</wp:meta_key>
                <wp:meta_value><![CDATA[lsb_acf_pages]]></wp:meta_value>
            </wp:postmeta>
            <wp:postmeta>
                <wp:meta_key>lsb_review</wp:meta_key>
                <wp:meta_value><![CDATA[  <div>Vi følger Gunvor gjennom <br />  behandlingen hun får.<br />  Boka har enkelt innhold<br />  og store fotografier <br />  som viser hva som skjer. </div>  <div>&#160;</div>  <p>Boka er en del av prosjektet <br />  "Kreft hos eldre mennesker med utviklingshemming".<br />  Det fins også en bok om <br />  en mann som får kreft.</p>  ]]></wp:meta_value>
            </wp:postmeta>
            <wp:postmeta>
                <wp:meta_key>_lsb_review</wp:meta_key>
                <wp:meta_value><![CDATA[lsb_acf_review]]></wp:meta_value>
            </wp:postmeta>
            <wp:postmeta>
                <wp:meta_key>lsb_quote</wp:meta_key>
                <wp:meta_value><![CDATA[Gunvor er hos fastlegen.   Eva, primærkontakten hennes, er med.   Gunvor sitter foran legen.   Legen spør hvorfor hun kommer.   Gunvor forteller   at hun har hatt vondt i magen lenge.   Noen ganger har hun hard avføring   og av og til kommer det blod i avføringen. ]]></wp:meta_value>
            </wp:postmeta>
            <wp:postmeta>
                <wp:meta_key>_lsb_quote</wp:meta_key>
                <wp:meta_value><![CDATA[lsb_acf_quote]]></wp:meta_value>
            </wp:postmeta>
            <wp:postmeta>
                <wp:meta_key>lsb_supported</wp:meta_key>
                <wp:meta_value><![CDATA[0]]></wp:meta_value>
            </wp:postmeta>
            <wp:postmeta>
                <wp:meta_key>_lsb_supported</wp:meta_key>
                <wp:meta_value><![CDATA[lsb_acf_supported]]></wp:meta_value>
            </wp:postmeta>
            <category domain="lsb_tax_publisher" nicename="forlaget-aldring-og-helse"><![CDATA[Forlaget Aldring og helse]]></category>
            <wp:postmeta>
                <wp:meta_key>lsb_look_inside</wp:meta_key>
                <wp:meta_value><![CDATA[CUSTOM_BLA_I_BOKA]]></wp:meta_value>
            </wp:postmeta>
            <wp:postmeta>
                <wp:meta_key>_lsb_look_inside</wp:meta_key>
                <wp:meta_value><![CDATA[lsb_acf_look_inside]]></wp:meta_value>
            </wp:postmeta>
            <category domain="lsb_tax_age" nicename="voksne"><![CDATA[voksne]]></category>
            <category domain="lsb_tax_genre" nicename="faglitteratur"><![CDATA[faglitteratur]]></category>
            <category domain="lsb_tax_language" nicename="no_nb"><![CDATA[bokmål]]></category>
            <category domain="lsb_tax_customization" nicename="utviklingshemmede"><![CDATA[utviklingshemmede]]></category>
            <category domain="lsb_tax_customization" nicename="mange-bilder"><![CDATA[mange bilder]]></category>
            <wp:postmeta>
                <wp:meta_key>_thumbnail_id</wp:meta_key>
                <wp:meta_value><![CDATA[5124]]></wp:meta_value>
            </wp:postmeta>
        </item>
        <item>
            <title>undersøkelse Kreft.jpg</title>
            <wp:post_id>5124</wp:post_id>
            <wp:status>inherit</wp:status>
            <wp:post_type>attachment</wp:post_type>
            <wp:attachment_url>https://raw.githubusercontent.com/lesersokerbok/boksok.no-data-utils/master/output-example/images/3F6F046B0C58417E84C5CDC342E4FEAC.jpg</wp:attachment_url>
        </item>
        <item>
            <wp:post_type>lsb_book</wp:post_type>
            <wp:status>publish</wp:status>
            <title>Melkemysteriet</title>
            <excerpt:encoded><![CDATA[Melkemysteriet er en historie om   melkens vei til melkekartongen  fortalt på tegnspråk. ]]></excerpt:encoded>
            <wp:postmeta>
                <wp:meta_key>lsb_isbn</wp:meta_key>
                <wp:meta_value><![CDATA[8278120730]]></wp:meta_value>
            </wp:postmeta>
            <wp:postmeta>
                <wp:meta_key>_lsb_isbn</wp:meta_key>
                <wp:meta_value><![CDATA[lsb_acf_isbn]]></wp:meta_value>
            </wp:postmeta>
            <wp:postmeta>
                <wp:meta_key>lsb_published_year</wp:meta_key>
                <wp:meta_value><![CDATA[2003]]></wp:meta_value>
            </wp:postmeta>
            <wp:postmeta>
                <wp:meta_key>_lsb_published_year</wp:meta_key>
                <wp:meta_value><![CDATA[lsb_acf_published_year]]></wp:meta_value>
            </wp:postmeta>
            <wp:postmeta>
                <wp:meta_key>lsb_pages</wp:meta_key>
                <wp:meta_value><![CDATA[0]]></wp:meta_value>
            </wp:postmeta>
            <wp:postmeta>
                <wp:meta_key>_lsb_pages</wp:meta_key>
                <wp:meta_value><![CDATA[lsb_acf_pages]]></wp:meta_value>
            </wp:postmeta>
            <wp:postmeta>
                <wp:meta_key>lsb_review</wp:meta_key>
                <wp:meta_value><![CDATA[  <div>Ingrid og Teodor drikker melk til frokost.  <br />  Hvor kommer egentlig melka fra? <br />  Ingrid og Teodor vil finne svaret.</div>  <div>De går til butikken og følger melka <br />  hele veien tilbake til bondegården.   </div>  <div>&#160;</div>  <div>Ingrid og Teodor er døve og bruker tegnspråk. </div>  <div>Det er ikke lyd på CD-ROM-en. </div>  <div>&#160;</div>  <div><strong>Melkemysteriet</strong> er produsert ved </div>  <div><strong>Møller kompetansesenter</strong> <br />  med støtte fra <strong>Statens Bibliotektilsyn</strong>. </div>  ]]></wp:meta_value>
            </wp:postmeta>
            <wp:postmeta>
                <wp:meta_key>_lsb_review</wp:meta_key>
                <wp:meta_value><![CDATA[lsb_acf_review]]></wp:meta_value>
            </wp:postmeta>
            <wp:postmeta>
                <wp:meta_key>lsb_quote</wp:meta_key>
                <wp:meta_value/>
            </wp:postmeta>
            <wp:postmeta>
                <wp:meta_key>_lsb_quote</wp:meta_key>
                <wp:meta_value><![CDATA[lsb_acf_quote]]></wp:meta_value>
            </wp:postmeta>
            <wp:postmeta>
                <wp:meta_key>lsb_supported</wp:meta_key>
                <wp:meta_value><![CDATA[0]]></wp:meta_value>
            </wp:postmeta>
            <wp:postmeta>
                <wp:meta_key>_lsb_supported</wp:meta_key>
                <wp:meta_value><![CDATA[lsb_acf_supported]]></wp:meta_value>
            </wp:postmeta>
            <category domain="lsb_tax_publisher" nicename="møller"><![CDATA[Møller]]></category>
            <wp:postmeta>
                <wp:meta_key>lsb_look_inside</wp:meta_key>
                <wp:meta_value><![CDATA[CUSTOM_BLA_I_BOKA]]></wp:meta_value>
            </wp:postmeta>
            <wp:postmeta>
                <wp:meta_key>_lsb_look_inside</wp:meta_key>
                <wp:meta_value><![CDATA[lsb_acf_look_inside]]></wp:meta_value>
            </wp:postmeta>
            <category domain="lsb_tax_age" nicename="barn"><![CDATA[barn]]></category>
            <category domain="lsb_tax_genre" nicename="faglitteratur"><![CDATA[faglitteratur]]></category>
            <category domain="lsb_tax_language" nicename="no_nb"><![CDATA[bokmål]]></category>
            <category domain="lsb_tax_customization" nicename="tegnspråk"><![CDATA[tegnspråk]]></category>
            <wp:postmeta>
                <wp:meta_key>_thumbnail_id</wp:meta_key>
                <wp:meta_value><![CDATA[5125]]></wp:meta_value>
            </wp:postmeta>
        </item>
        <item>
            <title>melkemysteriet, ny.jpg</title>
            <wp:post_id>5125</wp:post_id>
            <wp:status>inherit</wp:status>
            <wp:post_type>attachment</wp:post_type>
            <wp:attachment_url>https://raw.githubusercontent.com/lesersokerbok/boksok.no-data-utils/master/output-example/images/EBBB61F8CCDC4913B181686DB621EE1D.jpg</wp:attachment_url>
        </item>
        <item>
            <wp:post_type>lsb_book</wp:post_type>
            <wp:status>publish</wp:status>
            <title>Molly på tegnspråk</title>
            <excerpt:encoded><![CDATA[Nå kan du se   de popluære barnebøkene   om Molly på tegnspråk. ]]></excerpt:encoded>
            <wp:postmeta>
                <wp:meta_key>lsb_isbn</wp:meta_key>
                <wp:meta_value><![CDATA[8278120684]]></wp:meta_value>
            </wp:postmeta>
            <wp:postmeta>
                <wp:meta_key>_lsb_isbn</wp:meta_key>
                <wp:meta_value><![CDATA[lsb_acf_isbn]]></wp:meta_value>
            </wp:postmeta>
            <wp:postmeta>
                <wp:meta_key>lsb_published_year</wp:meta_key>
                <wp:meta_value><![CDATA[2003]]></wp:meta_value>
            </wp:postmeta>
            <wp:postmeta>
                <wp:meta_key>_lsb_published_year</wp:meta_key>
                <wp:meta_value><![CDATA[lsb_acf_published_year]]></wp:meta_value>
            </wp:postmeta>
            <wp:postmeta>
                <wp:meta_key>lsb_pages</wp:meta_key>
                <wp:meta_value><![CDATA[0]]></wp:meta_value>
            </wp:postmeta>
            <wp:postmeta>
                <wp:meta_key>_lsb_pages</wp:meta_key>
                <wp:meta_value><![CDATA[lsb_acf_pages]]></wp:meta_value>
            </wp:postmeta>
            <wp:postmeta>
                <wp:meta_key>lsb_review</wp:meta_key>
                <wp:meta_value><![CDATA[  <div>Hvor er Molly? <br />  Molly har gjemt seg. <br />  Er hun i huset, i båten eller i klesskapet? <br />  Klikk på klaffene og hjelp Molly å lete! <br />  Mange barn har hatt glede av Molly. <br />  Nå kan også døve barn bli kjent med henne <br />  på sitt eget språk. </div>  <div>&#160;</div>  <div>Fortellingene blir fortalt </div>  <div>med både tegnspråk og stemme. </div>  <p><strong>Torkil Pettersen</strong> forteller om Molly på tegnspråk. <br />  <strong>Frode Haugen</strong> er stemmetolk. </p>  ]]></wp:meta_value>
            </wp:postmeta>
            <wp:postmeta>
                <wp:meta_key>_lsb_review</wp:meta_key>
                <wp:meta_value><![CDATA[lsb_acf_review]]></wp:meta_value>
            </wp:postmeta>
            <wp:postmeta>
                <wp:meta_key>lsb_quote</wp:meta_key>
                <wp:meta_value><![CDATA[Molly har mistet panda.   Er han i vaskemaskinen, i do   eller kanskje i skittentøyskurven?    ]]></wp:meta_value>
            </wp:postmeta>
            <wp:postmeta>
                <wp:meta_key>_lsb_quote</wp:meta_key>
                <wp:meta_value><![CDATA[lsb_acf_quote]]></wp:meta_value>
            </wp:postmeta>
            <wp:postmeta>
                <wp:meta_key>lsb_supported</wp:meta_key>
                <wp:meta_value><![CDATA[0]]></wp:meta_value>
            </wp:postmeta>
            <wp:postmeta>
                <wp:meta_key>_lsb_supported</wp:meta_key>
                <wp:meta_value><![CDATA[lsb_acf_supported]]></wp:meta_value>
            </wp:postmeta>
            <category domain="lsb_tax_publisher" nicename="møller"><![CDATA[Møller]]></category>
            <wp:postmeta>
                <wp:meta_key>lsb_look_inside</wp:meta_key>
                <wp:meta_value><![CDATA[CUSTOM_BLA_I_BOKA]]></wp:meta_value>
            </wp:postmeta>
            <wp:postmeta>
                <wp:meta_key>_lsb_look_inside</wp:meta_key>
                <wp:meta_value><![CDATA[lsb_acf_look_inside]]></wp:meta_value>
            </wp:postmeta>
            <category domain="lsb_tax_age" nicename="barn"><![CDATA[barn]]></category>
            <category domain="lsb_tax_genre" nicename="prosa"><![CDATA[prosa]]></category>
            <category domain="lsb_tax_language" nicename="no_nb"><![CDATA[bokmål]]></category>
            <category domain="lsb_tax_customization" nicename="tegnspråk"><![CDATA[tegnspråk]]></category>
            <wp:postmeta>
                <wp:meta_key>_thumbnail_id</wp:meta_key>
                <wp:meta_value><![CDATA[5126]]></wp:meta_value>
            </wp:postmeta>
        </item>
        <item>
            <title>molly på tegnspråk, ny.jpg</title>
            <wp:post_id>5126</wp:post_id>
            <wp:status>inherit</wp:status>
            <wp:post_type>attachment</wp:post_type>
            <wp:attachment_url>https://raw.githubusercontent.com/lesersokerbok/boksok.no-data-utils/master/output-example/images/261B3735B8BA4C5CA1999D4728435A35.jpg</wp:attachment_url>
        </item>
        <item>
            <wp:post_type>lsb_book</wp:post_type>
            <wp:status>publish</wp:status>
            <title>Bone: Dragedreperen</title>
            <excerpt:encoded><![CDATA[Følg den spennende historien videre og les hva som skjer med Bestemor Ben, Thorn og Fone Bone!]]></excerpt:encoded>
            <wp:postmeta>
                <wp:meta_key>lsb_isbn</wp:meta_key>
                <wp:meta_value><![CDATA[9788242933973]]></wp:meta_value>
            </wp:postmeta>
            <wp:postmeta>
                <wp:meta_key>_lsb_isbn</wp:meta_key>
                <wp:meta_value><![CDATA[lsb_acf_isbn]]></wp:meta_value>
            </wp:postmeta>
            <wp:postmeta>
                <wp:meta_key>lsb_published_year</wp:meta_key>
                <wp:meta_value><![CDATA[2007]]></wp:meta_value>
            </wp:postmeta>
            <wp:postmeta>
                <wp:meta_key>_lsb_published_year</wp:meta_key>
                <wp:meta_value><![CDATA[lsb_acf_published_year]]></wp:meta_value>
            </wp:postmeta>
            <wp:postmeta>
                <wp:meta_key>lsb_pages</wp:meta_key>
                <wp:meta_value><![CDATA[410]]></wp:meta_value>
            </wp:postmeta>
            <wp:postmeta>
                <wp:meta_key>_lsb_pages</wp:meta_key>
                <wp:meta_value><![CDATA[lsb_acf_pages]]></wp:meta_value>
            </wp:postmeta>
            <wp:postmeta>
                <wp:meta_key>lsb_review</wp:meta_key>
                <wp:meta_value><![CDATA[  <div>Forrige bind, Den mystiske dalen, <br />  sluttet med at Bestemor Ben, Thorn og Fone Bone <br />  må dra fra hytta i skogen. <br />  Det er ikke trygt der lenger. <br />  Hvordan vil det gå med dem? <br />  Og med fetterne i landsbyen Barrelhaven? <br />  </div>  <div>&#160;</div>  <div>I Dragedreperen fortsetter historien, <br />  men boka kan også leses alene. </div>  <div>&#160;</div>  <div>Dette bindet er tidligere gitt ut som tre bøker: <br />  Bok en: Dragedreperen <br />  Bok to: Granittkjeve: Østgrensens herre<br />  Bok tre: Den gamle mannens hule</div>  <div>&#160;</div>  <p>Teksten er skrevet med store bokstaver, <br />  og tegningene er tydelige. <br />  Leseren blir revet med fra første side. <br />  Den passer for både voksne og barn. </p>  ]]></wp:meta_value>
            </wp:postmeta>
            <wp:postmeta>
                <wp:meta_key>_lsb_review</wp:meta_key>
                <wp:meta_value><![CDATA[lsb_acf_review]]></wp:meta_value>
            </wp:postmeta>
            <wp:postmeta>
                <wp:meta_key>lsb_quote</wp:meta_key>
                <wp:meta_value><![CDATA[- Vi kan jobbe med planen mens vi venter.   - Thorn, vi har ingen plan.   - Nei, åssen skal vi få has på den kuttekledde?   Vi veit null og niks om fyren   bortsett fra at han dukker opp i drømmene dine.   - Vi vet at han har en hær som jakter på deg   og]]></wp:meta_value>
            </wp:postmeta>
            <wp:postmeta>
                <wp:meta_key>_lsb_quote</wp:meta_key>
                <wp:meta_value><![CDATA[lsb_acf_quote]]></wp:meta_value>
            </wp:postmeta>
            <wp:postmeta>
                <wp:meta_key>lsb_supported</wp:meta_key>
                <wp:meta_value><![CDATA[0]]></wp:meta_value>
            </wp:postmeta>
            <wp:postmeta>
                <wp:meta_key>_lsb_supported</wp:meta_key>
                <wp:meta_value><![CDATA[lsb_acf_supported]]></wp:meta_value>
            </wp:postmeta>
            <category domain="lsb_tax_author" nicename="jeff-smith"><![CDATA[Jeff Smith]]></category>
            <category domain="lsb_tax_publisher" nicename="egmont-serieforlaget"><![CDATA[Egmont Serieforlaget]]></category>
            <category domain="lsb_tax_illustrator" nicename="jeff-smith"><![CDATA[Jeff Smith]]></category>
            <category domain="lsb_tax_translator" nicename="jens-e.-røsåsen"><![CDATA[Jens E. Røsåsen]]></category>
            <wp:postmeta>
                <wp:meta_key>lsb_look_inside</wp:meta_key>
                <wp:meta_value><![CDATA[CUSTOM_BLA_I_BOKA]]></wp:meta_value>
            </wp:postmeta>
            <wp:postmeta>
                <wp:meta_key>_lsb_look_inside</wp:meta_key>
                <wp:meta_value><![CDATA[lsb_acf_look_inside]]></wp:meta_value>
            </wp:postmeta>
            <category domain="lsb_tax_age" nicename="barn"><![CDATA[barn]]></category>
            <category domain="lsb_tax_age" nicename="ungdom"><![CDATA[ungdom]]></category>
            <category domain="lsb_tax_age" nicename="voksne"><![CDATA[voksne]]></category>
            <category domain="lsb_tax_genre" nicename="prosa"><![CDATA[prosa]]></category>
            <category domain="lsb_tax_topic" nicename="eventyr"><![CDATA[eventyr]]></category>
            <category domain="lsb_tax_language" nicename="no_nb"><![CDATA[bokmål]]></category>
            <category domain="lsb_tax_customization" nicename="bilder"><![CDATA[bilder]]></category>
            <category domain="lsb_tax_customization" nicename="mange-bilder"><![CDATA[mange bilder]]></category>
            <wp:postmeta>
                <wp:meta_key>_thumbnail_id</wp:meta_key>
                <wp:meta_value><![CDATA[5127]]></wp:meta_value>
            </wp:postmeta>
        </item>
        <item>
            <title>dragedreperen, ny.jpg</title>
            <wp:post_id>5127</wp:post_id>
            <wp:status>inherit</wp:status>
            <wp:post_type>attachment</wp:post_type>
            <wp:attachment_url>https://raw.githubusercontent.com/lesersokerbok/boksok.no-data-utils/master/output-example/images/C4E2C6BFCA5141A3A7FAE6B1A32671EC.jpg</wp:attachment_url>
        </item>
        <item>
            <wp:post_type>lsb_book</wp:post_type>
            <wp:status>publish</wp:status>
            <title>Oscar mister en tann</title>
            <excerpt:encoded><![CDATA[Dette er den andre boka i serien   om Oscar med tegn til tale. ]]></excerpt:encoded>
            <wp:postmeta>
                <wp:meta_key>lsb_isbn</wp:meta_key>
                <wp:meta_value><![CDATA[9788292795019]]></wp:meta_value>
            </wp:postmeta>
            <wp:postmeta>
                <wp:meta_key>_lsb_isbn</wp:meta_key>
                <wp:meta_value><![CDATA[lsb_acf_isbn]]></wp:meta_value>
            </wp:postmeta>
            <wp:postmeta>
                <wp:meta_key>lsb_published_year</wp:meta_key>
                <wp:meta_value><![CDATA[2006]]></wp:meta_value>
            </wp:postmeta>
            <wp:postmeta>
                <wp:meta_key>_lsb_published_year</wp:meta_key>
                <wp:meta_value><![CDATA[lsb_acf_published_year]]></wp:meta_value>
            </wp:postmeta>
            <wp:postmeta>
                <wp:meta_key>lsb_pages</wp:meta_key>
                <wp:meta_value/>
            </wp:postmeta>
            <wp:postmeta>
                <wp:meta_key>_lsb_pages</wp:meta_key>
                <wp:meta_value><![CDATA[lsb_acf_pages]]></wp:meta_value>
            </wp:postmeta>
            <wp:postmeta>
                <wp:meta_key>lsb_review</wp:meta_key>
                <wp:meta_value><![CDATA[  <div>Martha spør om Oscar vil leke, <br />  men Oscar er lei seg. <br />  Han har mistet en tann. </div>  <div>Martha hjelper Oscar <br />  med å legge tannen <br />  i et glass vann. <br />  Oscar blir glad igjen.</div>  <div>&#160;</div>  <div>Boka er illustrert med tegninger <br />  og <strong>tegn til tale</strong>. Boka tilhører </div>  <div>serien om Oscar med tegn til tale. </div>  <div>Den første heter </div>  <div><strong>Lær å telle fra 1 til 10</strong>. </div>  ]]></wp:meta_value>
            </wp:postmeta>
            <wp:postmeta>
                <wp:meta_key>_lsb_review</wp:meta_key>
                <wp:meta_value><![CDATA[lsb_acf_review]]></wp:meta_value>
            </wp:postmeta>
            <wp:postmeta>
                <wp:meta_key>lsb_quote</wp:meta_key>
                <wp:meta_value><![CDATA[Oscar er lei seg.   Mistet en tann, sier han.     Åh så kult, Oscar! ]]></wp:meta_value>
            </wp:postmeta>
            <wp:postmeta>
                <wp:meta_key>_lsb_quote</wp:meta_key>
                <wp:meta_value><![CDATA[lsb_acf_quote]]></wp:meta_value>
            </wp:postmeta>
            <wp:postmeta>
                <wp:meta_key>lsb_supported</wp:meta_key>
                <wp:meta_value><![CDATA[0]]></wp:meta_value>
            </wp:postmeta>
            <wp:postmeta>
                <wp:meta_key>_lsb_supported</wp:meta_key>
                <wp:meta_value><![CDATA[lsb_acf_supported]]></wp:meta_value>
            </wp:postmeta>
            <category domain="lsb_tax_author" nicename="kathleen-pettersson"><![CDATA[Kathleen Pettersson]]></category>
            <category domain="lsb_tax_publisher" nicename="storybook-forlag"><![CDATA[Storybook forlag]]></category>
            <category domain="lsb_tax_illustrator" nicename="kim-holm"><![CDATA[Kim Holm]]></category>
            <wp:postmeta>
                <wp:meta_key>lsb_look_inside</wp:meta_key>
                <wp:meta_value><![CDATA[CUSTOM_BLA_I_BOKA]]></wp:meta_value>
            </wp:postmeta>
            <wp:postmeta>
                <wp:meta_key>_lsb_look_inside</wp:meta_key>
                <wp:meta_value><![CDATA[lsb_acf_look_inside]]></wp:meta_value>
            </wp:postmeta>
            <category domain="lsb_tax_age" nicename="barn"><![CDATA[barn]]></category>
            <category domain="lsb_tax_language" nicename="no_nb"><![CDATA[bokmål]]></category>
            <category domain="lsb_tax_customization" nicename="tegn-til-tale"><![CDATA[tegn til tale]]></category>
            <category domain="lsb_tax_customization" nicename="nmt"><![CDATA[nmt]]></category>
            <category domain="lsb_tax_customization" nicename="mange-bilder"><![CDATA[mange bilder]]></category>
            <wp:postmeta>
                <wp:meta_key>_thumbnail_id</wp:meta_key>
                <wp:meta_value><![CDATA[5128]]></wp:meta_value>
            </wp:postmeta>
        </item>
        <item>
            <title>oscar mister en tann, ny.jpg</title>
            <wp:post_id>5128</wp:post_id>
            <wp:status>inherit</wp:status>
            <wp:post_type>attachment</wp:post_type>
            <wp:attachment_url>https://raw.githubusercontent.com/lesersokerbok/boksok.no-data-utils/master/output-example/images/F7A6B7BE25B0425DA1397E61D8AA1F5A.jpg</wp:attachment_url>
        </item>
        <item>
            <wp:post_type>lsb_book</wp:post_type>
            <wp:status>publish</wp:status>
            <title>Tegn til tro: Evangeliet etter Lukas</title>
            <excerpt:encoded><![CDATA[Evangeliet etter Lukas er   ett av de fire evangeliene i Bibelen.   Her fortelles evangeliet   på tegnspråk for første gang. ]]></excerpt:encoded>
            <wp:postmeta>
                <wp:meta_key>lsb_isbn</wp:meta_key>
                <wp:meta_value><![CDATA[8254105782]]></wp:meta_value>
            </wp:postmeta>
            <wp:postmeta>
                <wp:meta_key>_lsb_isbn</wp:meta_key>
                <wp:meta_value><![CDATA[lsb_acf_isbn]]></wp:meta_value>
            </wp:postmeta>
            <wp:postmeta>
                <wp:meta_key>lsb_published_year</wp:meta_key>
                <wp:meta_value/>
            </wp:postmeta>
            <wp:postmeta>
                <wp:meta_key>_lsb_published_year</wp:meta_key>
                <wp:meta_value><![CDATA[lsb_acf_published_year]]></wp:meta_value>
            </wp:postmeta>
            <wp:postmeta>
                <wp:meta_key>lsb_pages</wp:meta_key>
                <wp:meta_value/>
            </wp:postmeta>
            <wp:postmeta>
                <wp:meta_key>_lsb_pages</wp:meta_key>
                <wp:meta_value><![CDATA[lsb_acf_pages]]></wp:meta_value>
            </wp:postmeta>
            <wp:postmeta>
                <wp:meta_key>lsb_review</wp:meta_key>
                <wp:meta_value><![CDATA[  <div>DVD-en inneholder </div>  <div>en fullstendig søkbar bibeltekst. <br />  I tillegg inneholder den forklaringer, kart, <br />  tidstabeller og billedkunst.</div>  <div>&#160;</div>  <div><strong>Tegn til tro</strong> er utviklet av </div>  <div><strong>Det norske Bibelselskap</strong>, <br />  <strong>Det Døvekirkelige arbeid</strong> </div>  <div>og <strong>Døves Media</strong>.</div>  <div>Utgivelsen er støttet av </div>  <div><strong>Kultur- og kirkedepartementet</strong><br />  og <strong>Felleslegat for døve</strong>. </div>  <div><br />  DVD-en kan kjøpes </div>  <div>i Bibelselskapets bokhandel. </div>  <div>Se lenke til høyre. <br />  </div>  ]]></wp:meta_value>
            </wp:postmeta>
            <wp:postmeta>
                <wp:meta_key>_lsb_review</wp:meta_key>
                <wp:meta_value><![CDATA[lsb_acf_review]]></wp:meta_value>
            </wp:postmeta>
            <wp:postmeta>
                <wp:meta_key>lsb_quote</wp:meta_key>
                <wp:meta_value/>
            </wp:postmeta>
            <wp:postmeta>
                <wp:meta_key>_lsb_quote</wp:meta_key>
                <wp:meta_value><![CDATA[lsb_acf_quote]]></wp:meta_value>
            </wp:postmeta>
            <wp:postmeta>
                <wp:meta_key>lsb_supported</wp:meta_key>
                <wp:meta_value><![CDATA[0]]></wp:meta_value>
            </wp:postmeta>
            <wp:postmeta>
                <wp:meta_key>_lsb_supported</wp:meta_key>
                <wp:meta_value><![CDATA[lsb_acf_supported]]></wp:meta_value>
            </wp:postmeta>
            <category domain="lsb_tax_publisher" nicename="det-norske-bibelselskap"><![CDATA[Det norske bibelselskap]]></category>
            <wp:postmeta>
                <wp:meta_key>lsb_look_inside</wp:meta_key>
                <wp:meta_value><![CDATA[CUSTOM_BLA_I_BOKA]]></wp:meta_value>
            </wp:postmeta>
            <wp:postmeta>
                <wp:meta_key>_lsb_look_inside</wp:meta_key>
                <wp:meta_value><![CDATA[lsb_acf_look_inside]]></wp:meta_value>
            </wp:postmeta>
            <category domain="lsb_tax_customization" nicename="tegnspråk"><![CDATA[tegnspråk]]></category>
            <wp:postmeta>
                <wp:meta_key>_thumbnail_id</wp:meta_key>
                <wp:meta_value><![CDATA[5129]]></wp:meta_value>
            </wp:postmeta>
        </item>
        <item>
            <title>tegn til tro, ny.jpg</title>
            <wp:post_id>5129</wp:post_id>
            <wp:status>inherit</wp:status>
            <wp:post_type>attachment</wp:post_type>
            <wp:attachment_url>https://raw.githubusercontent.com/lesersokerbok/boksok.no-data-utils/master/output-example/images/ACA14ED3E378443F9635FF6121999463.jpg</wp:attachment_url>
        </item>
        <item>
            <wp:post_type>lsb_book</wp:post_type>
            <wp:status>publish</wp:status>
            <title>Hubert i musetrøbbel</title>
            <excerpt:encoded><![CDATA[Mannen på benken gråter.   Han har et bur med seks søte, hvite mus.   Det har blitt for mange av dem.   Derfor må de druknes i tjernet.   Hubert har en bedre ide.   ]]></excerpt:encoded>
            <wp:postmeta>
                <wp:meta_key>lsb_isbn</wp:meta_key>
                <wp:meta_value><![CDATA[9788205350977]]></wp:meta_value>
            </wp:postmeta>
            <wp:postmeta>
                <wp:meta_key>_lsb_isbn</wp:meta_key>
                <wp:meta_value><![CDATA[lsb_acf_isbn]]></wp:meta_value>
            </wp:postmeta>
            <wp:postmeta>
                <wp:meta_key>lsb_published_year</wp:meta_key>
                <wp:meta_value><![CDATA[2006]]></wp:meta_value>
            </wp:postmeta>
            <wp:postmeta>
                <wp:meta_key>_lsb_published_year</wp:meta_key>
                <wp:meta_value><![CDATA[lsb_acf_published_year]]></wp:meta_value>
            </wp:postmeta>
            <wp:postmeta>
                <wp:meta_key>lsb_pages</wp:meta_key>
                <wp:meta_value><![CDATA[54]]></wp:meta_value>
            </wp:postmeta>
            <wp:postmeta>
                <wp:meta_key>_lsb_pages</wp:meta_key>
                <wp:meta_value><![CDATA[lsb_acf_pages]]></wp:meta_value>
            </wp:postmeta>
            <wp:postmeta>
                <wp:meta_key>lsb_review</wp:meta_key>
                <wp:meta_value><![CDATA[  <div>Han kan ta med seg musene i <br />  ranselen sin. <br />  Hvordan skal han klare å holde musene <br />  nede i sekken en hel skoledag? <br />  Tenk om lærer Nilsen oppdager dem? <br />  Han som hater dyr med pels! <br />   <br />  Dette er ei bok i serien Bokormen.<br />  Arne Svingen har gitt ut flere bøker om Hubert. <br />  Hubert i musetrøbbel er nummer to. </div>  <div>Boka er tidligere utgitt med tittelen <strong>Musetrøbbel</strong>. </div>  <div>Svingen har en lang litterær produksjon bak seg </div>  <div>og skriver for barn, ungdom og voksne. </div>  ]]></wp:meta_value>
            </wp:postmeta>
            <wp:postmeta>
                <wp:meta_key>_lsb_review</wp:meta_key>
                <wp:meta_value><![CDATA[lsb_acf_review]]></wp:meta_value>
            </wp:postmeta>
            <wp:postmeta>
                <wp:meta_key>lsb_quote</wp:meta_key>
                <wp:meta_value><![CDATA[Kanskje musene sovnet om han rugget på ranselen?   Men musene var like våkne da han kom fram til skolen.   Det ringte inn.   Hubert løp inn, opp trappene, og rakk akkurat fram til  klasserommet før Nilsen. ]]></wp:meta_value>
            </wp:postmeta>
            <wp:postmeta>
                <wp:meta_key>_lsb_quote</wp:meta_key>
                <wp:meta_value><![CDATA[lsb_acf_quote]]></wp:meta_value>
            </wp:postmeta>
            <wp:postmeta>
                <wp:meta_key>lsb_supported</wp:meta_key>
                <wp:meta_value><![CDATA[0]]></wp:meta_value>
            </wp:postmeta>
            <wp:postmeta>
                <wp:meta_key>_lsb_supported</wp:meta_key>
                <wp:meta_value><![CDATA[lsb_acf_supported]]></wp:meta_value>
            </wp:postmeta>
            <category domain="lsb_tax_author" nicename="arne-svingen"><![CDATA[Arne Svingen]]></category>
            <category domain="lsb_tax_publisher" nicename="gyldendal"><![CDATA[Gyldendal]]></category>
            <category domain="lsb_tax_illustrator" nicename="øystein-sjølie"><![CDATA[Øystein Sjølie]]></category>
            <wp:postmeta>
                <wp:meta_key>lsb_look_inside</wp:meta_key>
                <wp:meta_value><![CDATA[CUSTOM_BLA_I_BOKA]]></wp:meta_value>
            </wp:postmeta>
            <wp:postmeta>
                <wp:meta_key>_lsb_look_inside</wp:meta_key>
                <wp:meta_value><![CDATA[lsb_acf_look_inside]]></wp:meta_value>
            </wp:postmeta>
            <category domain="lsb_tax_age" nicename="barn"><![CDATA[barn]]></category>
            <category domain="lsb_tax_genre" nicename="prosa"><![CDATA[prosa]]></category>
            <category domain="lsb_tax_topic" nicename="humor"><![CDATA[humor]]></category>
            <category domain="lsb_tax_topic" nicename="mennesker-i-mellom"><![CDATA[mennesker i mellom]]></category>
            <category domain="lsb_tax_language" nicename="no_nb"><![CDATA[bokmål]]></category>
            <category domain="lsb_tax_customization" nicename="skjønnlitteratur"><![CDATA[skjønnlitteratur]]></category>
            <category domain="lsb_tax_customization" nicename="mange-bilder"><![CDATA[mange bilder]]></category>
            <wp:postmeta>
                <wp:meta_key>_thumbnail_id</wp:meta_key>
                <wp:meta_value><![CDATA[5130]]></wp:meta_value>
            </wp:postmeta>
        </item>
        <item>
            <title>musetrøbbel, ny.jpg</title>
            <wp:post_id>5130</wp:post_id>
            <wp:status>inherit</wp:status>
            <wp:post_type>attachment</wp:post_type>
            <wp:attachment_url>https://raw.githubusercontent.com/lesersokerbok/boksok.no-data-utils/master/output-example/images/D321F70688D1417B8F8B472D6592B0EF.jpg</wp:attachment_url>
        </item>
        <item>
            <wp:post_type>lsb_book</wp:post_type>
            <wp:status>publish</wp:status>
            <title>Så kom det eit kort</title>
            <excerpt:encoded><![CDATA[Johan er ni år og er det einaste barnet   i Krokvik. Bestevenen hans er over 50 år,   og heiter Gudrun.      ]]></excerpt:encoded>
            <wp:postmeta>
                <wp:meta_key>lsb_isbn</wp:meta_key>
                <wp:meta_value><![CDATA[9788252170702]]></wp:meta_value>
            </wp:postmeta>
            <wp:postmeta>
                <wp:meta_key>_lsb_isbn</wp:meta_key>
                <wp:meta_value><![CDATA[lsb_acf_isbn]]></wp:meta_value>
            </wp:postmeta>
            <wp:postmeta>
                <wp:meta_key>lsb_published_year</wp:meta_key>
                <wp:meta_value><![CDATA[2007]]></wp:meta_value>
            </wp:postmeta>
            <wp:postmeta>
                <wp:meta_key>_lsb_published_year</wp:meta_key>
                <wp:meta_value><![CDATA[lsb_acf_published_year]]></wp:meta_value>
            </wp:postmeta>
            <wp:postmeta>
                <wp:meta_key>lsb_pages</wp:meta_key>
                <wp:meta_value><![CDATA[46]]></wp:meta_value>
            </wp:postmeta>
            <wp:postmeta>
                <wp:meta_key>_lsb_pages</wp:meta_key>
                <wp:meta_value><![CDATA[lsb_acf_pages]]></wp:meta_value>
            </wp:postmeta>
            <wp:postmeta>
                <wp:meta_key>lsb_review</wp:meta_key>
                <wp:meta_value><![CDATA[  <div>Gudrun fortel ei spennande historie </div>  <div>som startar med då ho og bror hennar </div>  <div>segla på dei sju hav. </div>  <div>Broren har vore på leit etter ei kvinne </div>  <div>han var forelska i for lenge sidan. </div>  <div>&#160;</div>  <div>Ein dag kjem det eit kort til Gudrun. <br />  Birger hadde reist til Brasil, <br />  står det der. <br />  No er han på veg heim. </div>  <div>Johan har ei stor overrasking i vente. </div>  <div>&#160;</div>  <div>Dette er ei bok i Kometserien. </div>  ]]></wp:meta_value>
            </wp:postmeta>
            <wp:postmeta>
                <wp:meta_key>_lsb_review</wp:meta_key>
                <wp:meta_value><![CDATA[lsb_acf_review]]></wp:meta_value>
            </wp:postmeta>
            <wp:postmeta>
                <wp:meta_key>lsb_quote</wp:meta_key>
                <wp:meta_value><![CDATA[- No skal du høyra, byrja ho.   - For ni år sidan var Birger og eg saman på langfart.   Me hadde vore på sjøen i fleire månader   på ein stor tankbåt som frakta olje.   Ein dag fekk me motorstopp utanfor kysten av Brasil. ]]></wp:meta_value>
            </wp:postmeta>
            <wp:postmeta>
                <wp:meta_key>_lsb_quote</wp:meta_key>
                <wp:meta_value><![CDATA[lsb_acf_quote]]></wp:meta_value>
            </wp:postmeta>
            <wp:postmeta>
                <wp:meta_key>lsb_supported</wp:meta_key>
                <wp:meta_value><![CDATA[0]]></wp:meta_value>
            </wp:postmeta>
            <wp:postmeta>
                <wp:meta_key>_lsb_supported</wp:meta_key>
                <wp:meta_value><![CDATA[lsb_acf_supported]]></wp:meta_value>
            </wp:postmeta>
            <category domain="lsb_tax_author" nicename="stein-helge-mandelid"><![CDATA[Stein Helge Mandelid]]></category>
            <category domain="lsb_tax_publisher" nicename="samlaget"><![CDATA[Samlaget]]></category>
            <category domain="lsb_tax_illustrator" nicename="kari-stai"><![CDATA[Kari Stai]]></category>
            <wp:postmeta>
                <wp:meta_key>lsb_look_inside</wp:meta_key>
                <wp:meta_value><![CDATA[CUSTOM_BLA_I_BOKA]]></wp:meta_value>
            </wp:postmeta>
            <wp:postmeta>
                <wp:meta_key>_lsb_look_inside</wp:meta_key>
                <wp:meta_value><![CDATA[lsb_acf_look_inside]]></wp:meta_value>
            </wp:postmeta>
            <category domain="lsb_tax_age" nicename="barn"><![CDATA[barn]]></category>
            <category domain="lsb_tax_genre" nicename="prosa"><![CDATA[prosa]]></category>
            <category domain="lsb_tax_topic" nicename="kjærlighet"><![CDATA[kjærlighet]]></category>
            <category domain="lsb_tax_topic" nicename="mennesker-i-mellom"><![CDATA[mennesker i mellom]]></category>
            <category domain="lsb_tax_language" nicename="no_nn"><![CDATA[nynorsk]]></category>
            <category domain="lsb_tax_customization" nicename="skjønnlitteratur"><![CDATA[skjønnlitteratur]]></category>
            <wp:postmeta>
                <wp:meta_key>_thumbnail_id</wp:meta_key>
                <wp:meta_value><![CDATA[5131]]></wp:meta_value>
            </wp:postmeta>
        </item>
        <item>
            <title>så kom det eit kort, ny.jpg</title>
            <wp:post_id>5131</wp:post_id>
            <wp:status>inherit</wp:status>
            <wp:post_type>attachment</wp:post_type>
            <wp:attachment_url>https://raw.githubusercontent.com/lesersokerbok/boksok.no-data-utils/master/output-example/images/A0DA0D0647F54ED2A3D361A8FA3C8684.jpg</wp:attachment_url>
        </item>
        <item>
            <wp:post_type>lsb_book</wp:post_type>
            <wp:status>publish</wp:status>
            <title>Emaline og Gærnemannen</title>
            <excerpt:encoded><![CDATA[Emalines pappa har reist fra dem.  Da Em ødela foten i en ulykke,  ble pappa så fortvilet  at han bare dro sin vei.   ]]></excerpt:encoded>
            <wp:postmeta>
                <wp:meta_key>lsb_isbn</wp:meta_key>
                <wp:meta_value><![CDATA[9788253029788]]></wp:meta_value>
            </wp:postmeta>
            <wp:postmeta>
                <wp:meta_key>_lsb_isbn</wp:meta_key>
                <wp:meta_value><![CDATA[lsb_acf_isbn]]></wp:meta_value>
            </wp:postmeta>
            <wp:postmeta>
                <wp:meta_key>lsb_published_year</wp:meta_key>
                <wp:meta_value><![CDATA[2007]]></wp:meta_value>
            </wp:postmeta>
            <wp:postmeta>
                <wp:meta_key>_lsb_published_year</wp:meta_key>
                <wp:meta_value><![CDATA[lsb_acf_published_year]]></wp:meta_value>
            </wp:postmeta>
            <wp:postmeta>
                <wp:meta_key>lsb_pages</wp:meta_key>
                <wp:meta_value><![CDATA[198]]></wp:meta_value>
            </wp:postmeta>
            <wp:postmeta>
                <wp:meta_key>_lsb_pages</wp:meta_key>
                <wp:meta_value><![CDATA[lsb_acf_pages]]></wp:meta_value>
            </wp:postmeta>
            <wp:postmeta>
                <wp:meta_key>lsb_review</wp:meta_key>
                <wp:meta_value><![CDATA[  <p>Vekk fra gården.<br />  Vekk fra Em og mamma. <br />  Emaline savner ham.<br />  Men nesten like mye savner hun Prins,<br />  hunden sin.<br />  Pappa skjøt ham etter ulykken.<br />  Hvordan skal  hun og mamma<br />  greie seg uten pappa?</p>  <p>Så kommer Angus, han som de andre <br />  kaller "gærnemannen" og "gorillaen".<br />  Angus bor på sinnsykeasylet,<br />  og naboene er redd ham. <br />  For Em og mamma blir han redningen.</p>  <div>&#160;</div>  <div><strong>Emaline og Gærnemannen</strong> er en roman om samhold<br />  og om å være medmennesker.<br />  </div>  <div>I Canada vant den prisen<br />  for beste ungdomsbok.</div>  <p>&#160;</p>  <p>Det er en svært rik fortelling,<br />  presis og korthugd.<br />  Boka passer for alle fra 10 år<br />  - til og med voksne.</p>  <div>&#160;</div>  <div>Boka har også vært prøvd ut </div>  <div>på en gruppe lesere med utviklingshemming.  </div>  <div>De syntes den var nokså krevende. </div>  <div>Det hadde vært lettere for dem </div>  <div>hvis boka hadde hatt bilder.  </div>  <div>Den dramatiske historien, </div>  <div>og særlig hendelsen med hunden, </div>  <div>gjorde et sterkt inntrykk på leserne. </div>  <div>Det var en fordel at de leste boka </div>  <div>sammen i en gruppe </div>  <div>slik at de kunne diskutere innholdet underveis.  </div>  <div>&#160;</div>  <div>&#160;</div>  <div>&#160;</div>  ]]></wp:meta_value>
            </wp:postmeta>
            <wp:postmeta>
                <wp:meta_key>_lsb_review</wp:meta_key>
                <wp:meta_value><![CDATA[lsb_acf_review]]></wp:meta_value>
            </wp:postmeta>
            <wp:postmeta>
                <wp:meta_key>lsb_quote</wp:meta_key>
                <wp:meta_value><![CDATA[Jeg teller dagene  siden pappa dro.  Kanskje kan jeg også telle  de dagene Angus er her,  eller jeg kan lage en liste   - ting jeg vet om Angus,  den gale mannen:  En: Han har et navn.  To: Han er ikke en gorilla.  Så vidt jeg vet,  har det aldri vært en gorilla  som kan knytte en skolisse.]]></wp:meta_value>
            </wp:postmeta>
            <wp:postmeta>
                <wp:meta_key>_lsb_quote</wp:meta_key>
                <wp:meta_value><![CDATA[lsb_acf_quote]]></wp:meta_value>
            </wp:postmeta>
            <wp:postmeta>
                <wp:meta_key>lsb_supported</wp:meta_key>
                <wp:meta_value><![CDATA[1]]></wp:meta_value>
            </wp:postmeta>
            <wp:postmeta>
                <wp:meta_key>_lsb_supported</wp:meta_key>
                <wp:meta_value><![CDATA[lsb_acf_supported]]></wp:meta_value>
            </wp:postmeta>
            <wp:postmeta>
                <wp:meta_key>lsb_support_cat</wp:meta_key>
                <wp:meta_value><![CDATA[purple]]></wp:meta_value>
            </wp:postmeta>
            <wp:postmeta>
                <wp:meta_key>_lsb_support_cat</wp:meta_key>
                <wp:meta_value><![CDATA[lsb_acf_support_cat]]></wp:meta_value>
            </wp:postmeta>
            <category domain="lsb_tax_author" nicename="pamela-porter"><![CDATA[Pamela Porter]]></category>
            <category domain="lsb_tax_publisher" nicename="omnipax"><![CDATA[Omnipax]]></category>
            <category domain="lsb_tax_translator" nicename="arne-ruste"><![CDATA[Arne Ruste]]></category>
            <wp:postmeta>
                <wp:meta_key>lsb_look_inside</wp:meta_key>
                <wp:meta_value><![CDATA[CUSTOM_BLA_I_BOKA]]></wp:meta_value>
            </wp:postmeta>
            <wp:postmeta>
                <wp:meta_key>_lsb_look_inside</wp:meta_key>
                <wp:meta_value><![CDATA[lsb_acf_look_inside]]></wp:meta_value>
            </wp:postmeta>
            <category domain="lsb_tax_age" nicename="ungdom"><![CDATA[ungdom]]></category>
            <category domain="lsb_tax_age" nicename="voksne"><![CDATA[voksne]]></category>
            <category domain="lsb_tax_age" nicename="barn"><![CDATA[barn]]></category>
            <category domain="lsb_tax_genre" nicename="prosa"><![CDATA[prosa]]></category>
            <category domain="lsb_tax_topic" nicename="mennesker-i-mellom"><![CDATA[mennesker i mellom]]></category>
            <category domain="lsb_tax_language" nicename="no_nb"><![CDATA[bokmål]]></category>
            <category domain="lsb_tax_customization" nicename="skjønnlitteratur"><![CDATA[skjønnlitteratur]]></category>
            <wp:postmeta>
                <wp:meta_key>_thumbnail_id</wp:meta_key>
                <wp:meta_value><![CDATA[5132]]></wp:meta_value>
            </wp:postmeta>
        </item>
        <item>
            <title>emaline og gærnemannen, ny.jpg</title>
            <wp:post_id>5132</wp:post_id>
            <wp:status>inherit</wp:status>
            <wp:post_type>attachment</wp:post_type>
            <wp:attachment_url>https://raw.githubusercontent.com/lesersokerbok/boksok.no-data-utils/master/output-example/images/01FE0065BF014EF2A0A0EB0F0ACE42A1.jpg</wp:attachment_url>
        </item>
        <item>
            <wp:post_type>lsb_book</wp:post_type>
            <wp:status>publish</wp:status>
            <title>Emma3 og ToreHund</title>
            <excerpt:encoded><![CDATA[Emma synes hverdagen er vanskelig å takle.  Hun er mye ensom og har få venner.   Ikke fordi hun har valgt det selv,    det har bare blitt sånn.   Så oppdager hun nettet - et fristed.   ]]></excerpt:encoded>
            <wp:postmeta>
                <wp:meta_key>lsb_isbn</wp:meta_key>
                <wp:meta_value><![CDATA[9788205371293]]></wp:meta_value>
            </wp:postmeta>
            <wp:postmeta>
                <wp:meta_key>_lsb_isbn</wp:meta_key>
                <wp:meta_value><![CDATA[lsb_acf_isbn]]></wp:meta_value>
            </wp:postmeta>
            <wp:postmeta>
                <wp:meta_key>lsb_published_year</wp:meta_key>
                <wp:meta_value><![CDATA[2007]]></wp:meta_value>
            </wp:postmeta>
            <wp:postmeta>
                <wp:meta_key>_lsb_published_year</wp:meta_key>
                <wp:meta_value><![CDATA[lsb_acf_published_year]]></wp:meta_value>
            </wp:postmeta>
            <wp:postmeta>
                <wp:meta_key>lsb_pages</wp:meta_key>
                <wp:meta_value><![CDATA[67]]></wp:meta_value>
            </wp:postmeta>
            <wp:postmeta>
                <wp:meta_key>_lsb_pages</wp:meta_key>
                <wp:meta_value><![CDATA[lsb_acf_pages]]></wp:meta_value>
            </wp:postmeta>
            <wp:postmeta>
                <wp:meta_key>lsb_review</wp:meta_key>
                <wp:meta_value><![CDATA[  <div>Der Emma kan være som hun vil.<br />  Der våger hun å sende meldinger<br />  til ToreHund med de pene øynene.</div>  <div>&#160;</div>  <div>Kjersti Scheen har skrevet mange <br />  bøker med enkel tekst. I 2006 kom <br />  krimboka <strong>Ni brev til advokaten</strong>,<br />  og i 2005 kom ungdomsboka <strong>Villas vals</strong>. </div>  <div>&#160;</div>  <p>Boka finnes også som lydbok. </p>  ]]></wp:meta_value>
            </wp:postmeta>
            <wp:postmeta>
                <wp:meta_key>_lsb_review</wp:meta_key>
                <wp:meta_value><![CDATA[lsb_acf_review]]></wp:meta_value>
            </wp:postmeta>
            <wp:postmeta>
                <wp:meta_key>lsb_quote</wp:meta_key>
                <wp:meta_value><![CDATA[Emma blir litt flau hver gang hun ser på profilen sin.  Det eneste som er sant, er at hun liker data,  og dyr. Hun er ingen kul person.  Hun liker musikk, men kan ingen navn  på kule band. Hun har nesten ingen venner,  ikke det man kan kalle venner. Bare bekjente,  de som går i klassen eller bor i nabohusene.  Slike hun kan nikke til når hun går forbi,  eller til nød prate om et tv-program med. ]]></wp:meta_value>
            </wp:postmeta>
            <wp:postmeta>
                <wp:meta_key>_lsb_quote</wp:meta_key>
                <wp:meta_value><![CDATA[lsb_acf_quote]]></wp:meta_value>
            </wp:postmeta>
            <wp:postmeta>
                <wp:meta_key>lsb_supported</wp:meta_key>
                <wp:meta_value><![CDATA[1]]></wp:meta_value>
            </wp:postmeta>
            <wp:postmeta>
                <wp:meta_key>_lsb_supported</wp:meta_key>
                <wp:meta_value><![CDATA[lsb_acf_supported]]></wp:meta_value>
            </wp:postmeta>
            <wp:postmeta>
                <wp:meta_key>lsb_support_cat</wp:meta_key>
                <wp:meta_value><![CDATA[purple]]></wp:meta_value>
            </wp:postmeta>
            <wp:postmeta>
                <wp:meta_key>_lsb_support_cat</wp:meta_key>
                <wp:meta_value><![CDATA[lsb_acf_support_cat]]></wp:meta_value>
            </wp:postmeta>
            <category domain="lsb_tax_author" nicename="kjersti-scheen"><![CDATA[Kjersti Scheen]]></category>
            <category domain="lsb_tax_publisher" nicename="gyldendal-"><![CDATA[Gyldendal ]]></category>
            <wp:postmeta>
                <wp:meta_key>lsb_look_inside</wp:meta_key>
                <wp:meta_value><![CDATA[CUSTOM_BLA_I_BOKA]]></wp:meta_value>
            </wp:postmeta>
            <wp:postmeta>
                <wp:meta_key>_lsb_look_inside</wp:meta_key>
                <wp:meta_value><![CDATA[lsb_acf_look_inside]]></wp:meta_value>
            </wp:postmeta>
            <category domain="lsb_tax_age" nicename="ungdom"><![CDATA[ungdom]]></category>
            <category domain="lsb_tax_genre" nicename="prosa"><![CDATA[prosa]]></category>
            <category domain="lsb_tax_topic" nicename="kjærlighet"><![CDATA[kjærlighet]]></category>
            <category domain="lsb_tax_topic" nicename="mennesker-i-mellom"><![CDATA[mennesker i mellom]]></category>
            <category domain="lsb_tax_language" nicename="no_nb"><![CDATA[bokmål]]></category>
            <category domain="lsb_tax_customization" nicename="skjønnlitteratur"><![CDATA[skjønnlitteratur]]></category>
        </item>
        <item>
            <wp:post_type>lsb_book</wp:post_type>
            <wp:status>publish</wp:status>
            <title>En bok om livet</title>
            <excerpt:encoded><![CDATA[En bok om livet er ei samling dikt.   De er skrevet av Hanne Mathiassen  som har Downs syndrom.  Diktene er direkte og tankevekkende.   De handler om livet på godt og vondt.   ]]></excerpt:encoded>
            <wp:postmeta>
                <wp:meta_key>lsb_isbn</wp:meta_key>
                <wp:meta_value><![CDATA[(uten ISBN)]]></wp:meta_value>
            </wp:postmeta>
            <wp:postmeta>
                <wp:meta_key>_lsb_isbn</wp:meta_key>
                <wp:meta_value><![CDATA[lsb_acf_isbn]]></wp:meta_value>
            </wp:postmeta>
            <wp:postmeta>
                <wp:meta_key>lsb_published_year</wp:meta_key>
                <wp:meta_value><![CDATA[1996]]></wp:meta_value>
            </wp:postmeta>
            <wp:postmeta>
                <wp:meta_key>_lsb_published_year</wp:meta_key>
                <wp:meta_value><![CDATA[lsb_acf_published_year]]></wp:meta_value>
            </wp:postmeta>
            <wp:postmeta>
                <wp:meta_key>lsb_pages</wp:meta_key>
                <wp:meta_value><![CDATA[62]]></wp:meta_value>
            </wp:postmeta>
            <wp:postmeta>
                <wp:meta_key>_lsb_pages</wp:meta_key>
                <wp:meta_value><![CDATA[lsb_acf_pages]]></wp:meta_value>
            </wp:postmeta>
            <wp:postmeta>
                <wp:meta_key>lsb_review</wp:meta_key>
                <wp:meta_value><![CDATA[  <p>Dette er sterke dikt som det er lett å lese. <br />  Boka er illustrert med <br />  fargerike malerier av Odd Bjørnar Danielsen. </p>  <p>"Hvorfor skal ikke mennesker som meg <br />  få lov til å bli født?" spurte Hanne Mathiassen <br />  før denne boka ble laget. <br />  Hun har gjort seg mange tanker <br />  om menneskeverd.<br />  &#160; <br />  Boka kan bestilles av Einar Sand. <br />  Telefon: 35 58 90 76<a href="mailto:einar.sand@kirken.no"></a> </p>  ]]></wp:meta_value>
            </wp:postmeta>
            <wp:postmeta>
                <wp:meta_key>_lsb_review</wp:meta_key>
                <wp:meta_value><![CDATA[lsb_acf_review]]></wp:meta_value>
            </wp:postmeta>
            <wp:postmeta>
                <wp:meta_key>lsb_quote</wp:meta_key>
                <wp:meta_value><![CDATA[NÅR DU ER 100 ÅR     Når du er 100 år, så er du død.   Du lever ikke mer for du er død.     Når du er 100 år og borte,   ønsker jeg deg tilbake. ]]></wp:meta_value>
            </wp:postmeta>
            <wp:postmeta>
                <wp:meta_key>_lsb_quote</wp:meta_key>
                <wp:meta_value><![CDATA[lsb_acf_quote]]></wp:meta_value>
            </wp:postmeta>
            <wp:postmeta>
                <wp:meta_key>lsb_supported</wp:meta_key>
                <wp:meta_value><![CDATA[0]]></wp:meta_value>
            </wp:postmeta>
            <wp:postmeta>
                <wp:meta_key>_lsb_supported</wp:meta_key>
                <wp:meta_value><![CDATA[lsb_acf_supported]]></wp:meta_value>
            </wp:postmeta>
            <category domain="lsb_tax_author" nicename="hanne-mathiassen"><![CDATA[Hanne Mathiassen]]></category>
            <category domain="lsb_tax_publisher" nicename="grenland-lokallag-av-nfpu"><![CDATA[Grenland lokallag av NFPU]]></category>
            <wp:postmeta>
                <wp:meta_key>lsb_look_inside</wp:meta_key>
                <wp:meta_value><![CDATA[CUSTOM_BLA_I_BOKA]]></wp:meta_value>
            </wp:postmeta>
            <wp:postmeta>
                <wp:meta_key>_lsb_look_inside</wp:meta_key>
                <wp:meta_value><![CDATA[lsb_acf_look_inside]]></wp:meta_value>
            </wp:postmeta>
            <category domain="lsb_tax_age" nicename="voksne"><![CDATA[voksne]]></category>
            <category domain="lsb_tax_language" nicename="no_nb"><![CDATA[bokmål]]></category>
            <category domain="lsb_tax_customization" nicename="utviklingshemmede"><![CDATA[utviklingshemmede]]></category>
            <wp:postmeta>
                <wp:meta_key>_thumbnail_id</wp:meta_key>
                <wp:meta_value><![CDATA[5134]]></wp:meta_value>
            </wp:postmeta>
        </item>
        <item>
            <title>en bok om livet.jpg</title>
            <wp:post_id>5134</wp:post_id>
            <wp:status>inherit</wp:status>
            <wp:post_type>attachment</wp:post_type>
            <wp:attachment_url>https://raw.githubusercontent.com/lesersokerbok/boksok.no-data-utils/master/output-example/images/A228CB0549FB40E6A0AE9EF4859FFCD8.jpg</wp:attachment_url>
        </item>
        <item>
            <wp:post_type>lsb_book</wp:post_type>
            <wp:status>publish</wp:status>
            <title>Jorda rundt på 29 bokstaver</title>
            <excerpt:encoded><![CDATA[Alf og Beate er glade i hverandre,    og de er glade i å reise.   De reiser verden rundt, fra A til Å.   På bryllupsreise til Budapest,   og ærfuglkikking på Ærø.   ]]></excerpt:encoded>
            <wp:postmeta>
                <wp:meta_key>lsb_isbn</wp:meta_key>
                <wp:meta_value><![CDATA[9788292863008]]></wp:meta_value>
            </wp:postmeta>
            <wp:postmeta>
                <wp:meta_key>_lsb_isbn</wp:meta_key>
                <wp:meta_value><![CDATA[lsb_acf_isbn]]></wp:meta_value>
            </wp:postmeta>
            <wp:postmeta>
                <wp:meta_key>lsb_published_year</wp:meta_key>
                <wp:meta_value><![CDATA[2007]]></wp:meta_value>
            </wp:postmeta>
            <wp:postmeta>
                <wp:meta_key>_lsb_published_year</wp:meta_key>
                <wp:meta_value><![CDATA[lsb_acf_published_year]]></wp:meta_value>
            </wp:postmeta>
            <wp:postmeta>
                <wp:meta_key>lsb_pages</wp:meta_key>
                <wp:meta_value><![CDATA[upag.]]></wp:meta_value>
            </wp:postmeta>
            <wp:postmeta>
                <wp:meta_key>_lsb_pages</wp:meta_key>
                <wp:meta_value><![CDATA[lsb_acf_pages]]></wp:meta_value>
            </wp:postmeta>
            <wp:postmeta>
                <wp:meta_key>lsb_review</wp:meta_key>
                <wp:meta_value><![CDATA[  <div>Boka er rikt illustrert. <br />  Hvert bilde viser fram stedet de reiser til, <br />  og en bokstav.<br />  Den fungerer både som reiseskildring, <br />  og som ABC. </div>  <div>&#160;</div>  <div>Stedene de reiser til er skrevet i løkkeskrift<br />  som ikke er lett å lese, <br />  og noen av ordene er vanskelige. <br />  Det Alf og Beate sier til hverandre <br />  er skrevet med store bokstaver. </div>  <div>&#160;</div>  <div>Kristin Roskifte har også skrevet en annen ABC-bok </div>  <div>med Alf og Beate. Den heter <strong>28 rom og kjøkken</strong>. <br />  </div>  ]]></wp:meta_value>
            </wp:postmeta>
            <wp:postmeta>
                <wp:meta_key>_lsb_review</wp:meta_key>
                <wp:meta_value><![CDATA[lsb_acf_review]]></wp:meta_value>
            </wp:postmeta>
            <wp:postmeta>
                <wp:meta_key>lsb_quote</wp:meta_key>
                <wp:meta_value><![CDATA[- Husket du å slå av kaffetrakter`n før vi dro?   - K-k-kanskje...   (Krisestemning på Den kinesiske mur!)]]></wp:meta_value>
            </wp:postmeta>
            <wp:postmeta>
                <wp:meta_key>_lsb_quote</wp:meta_key>
                <wp:meta_value><![CDATA[lsb_acf_quote]]></wp:meta_value>
            </wp:postmeta>
            <wp:postmeta>
                <wp:meta_key>lsb_supported</wp:meta_key>
                <wp:meta_value><![CDATA[0]]></wp:meta_value>
            </wp:postmeta>
            <wp:postmeta>
                <wp:meta_key>_lsb_supported</wp:meta_key>
                <wp:meta_value><![CDATA[lsb_acf_supported]]></wp:meta_value>
            </wp:postmeta>
            <category domain="lsb_tax_author" nicename="kristin-roskifte"><![CDATA[Kristin Roskifte]]></category>
            <category domain="lsb_tax_publisher" nicename="magikon"><![CDATA[Magikon]]></category>
            <category domain="lsb_tax_illustrator" nicename="kristin-roskifte"><![CDATA[Kristin Roskifte]]></category>
            <wp:postmeta>
                <wp:meta_key>lsb_look_inside</wp:meta_key>
                <wp:meta_value><![CDATA[CUSTOM_BLA_I_BOKA]]></wp:meta_value>
            </wp:postmeta>
            <wp:postmeta>
                <wp:meta_key>_lsb_look_inside</wp:meta_key>
                <wp:meta_value><![CDATA[lsb_acf_look_inside]]></wp:meta_value>
            </wp:postmeta>
            <category domain="lsb_tax_age" nicename="barn"><![CDATA[barn]]></category>
            <category domain="lsb_tax_language" nicename="no_nb"><![CDATA[bokmål]]></category>
            <category domain="lsb_tax_customization" nicename="skjønnlitteratur"><![CDATA[skjønnlitteratur]]></category>
            <category domain="lsb_tax_customization" nicename="mange-bilder"><![CDATA[mange bilder]]></category>
            <wp:postmeta>
                <wp:meta_key>_thumbnail_id</wp:meta_key>
                <wp:meta_value><![CDATA[5135]]></wp:meta_value>
            </wp:postmeta>
        </item>
        <item>
            <title>jorda_rundt_m.jpg</title>
            <wp:post_id>5135</wp:post_id>
            <wp:status>inherit</wp:status>
            <wp:post_type>attachment</wp:post_type>
            <wp:attachment_url>https://raw.githubusercontent.com/lesersokerbok/boksok.no-data-utils/master/output-example/images/E93D08DF6A2A438A98C69EA8F9A77D4A.jpg</wp:attachment_url>
        </item>
        <item>
            <wp:post_type>lsb_book</wp:post_type>
            <wp:status>publish</wp:status>
            <title>Shhh!</title>
            <excerpt:encoded><![CDATA[Møt den navnløse fuglemannen.   Ingenting blir sagt,   tegningene forteller alt.   ]]></excerpt:encoded>
            <wp:postmeta>
                <wp:meta_key>lsb_isbn</wp:meta_key>
                <wp:meta_value><![CDATA[9788292226001]]></wp:meta_value>
            </wp:postmeta>
            <wp:postmeta>
                <wp:meta_key>_lsb_isbn</wp:meta_key>
                <wp:meta_value><![CDATA[lsb_acf_isbn]]></wp:meta_value>
            </wp:postmeta>
            <wp:postmeta>
                <wp:meta_key>lsb_published_year</wp:meta_key>
                <wp:meta_value><![CDATA[2007]]></wp:meta_value>
            </wp:postmeta>
            <wp:postmeta>
                <wp:meta_key>_lsb_published_year</wp:meta_key>
                <wp:meta_value><![CDATA[lsb_acf_published_year]]></wp:meta_value>
            </wp:postmeta>
            <wp:postmeta>
                <wp:meta_key>lsb_pages</wp:meta_key>
                <wp:meta_value><![CDATA[upag]]></wp:meta_value>
            </wp:postmeta>
            <wp:postmeta>
                <wp:meta_key>_lsb_pages</wp:meta_key>
                <wp:meta_value><![CDATA[lsb_acf_pages]]></wp:meta_value>
            </wp:postmeta>
            <wp:postmeta>
                <wp:meta_key>lsb_review</wp:meta_key>
                <wp:meta_value><![CDATA[  <div>Boka inneholder fortellinger uten ord <br />  som passer for voksne. </div>  <div><br />  </div>  <div>Shhh! samler historier fra serien Mjau Mjau. <br />  Boka kom første gang ut i 2000 <br />  og er oversatt til sju språk. </div>  ]]></wp:meta_value>
            </wp:postmeta>
            <wp:postmeta>
                <wp:meta_key>_lsb_review</wp:meta_key>
                <wp:meta_value><![CDATA[lsb_acf_review]]></wp:meta_value>
            </wp:postmeta>
            <wp:postmeta>
                <wp:meta_key>lsb_quote</wp:meta_key>
                <wp:meta_value/>
            </wp:postmeta>
            <wp:postmeta>
                <wp:meta_key>_lsb_quote</wp:meta_key>
                <wp:meta_value><![CDATA[lsb_acf_quote]]></wp:meta_value>
            </wp:postmeta>
            <wp:postmeta>
                <wp:meta_key>lsb_supported</wp:meta_key>
                <wp:meta_value><![CDATA[0]]></wp:meta_value>
            </wp:postmeta>
            <wp:postmeta>
                <wp:meta_key>_lsb_supported</wp:meta_key>
                <wp:meta_value><![CDATA[lsb_acf_supported]]></wp:meta_value>
            </wp:postmeta>
            <category domain="lsb_tax_author" nicename="jason"><![CDATA[Jason]]></category>
            <category domain="lsb_tax_publisher" nicename="jippi"><![CDATA[Jippi]]></category>
            <category domain="lsb_tax_illustrator" nicename="jason"><![CDATA[Jason]]></category>
            <wp:postmeta>
                <wp:meta_key>lsb_look_inside</wp:meta_key>
                <wp:meta_value><![CDATA[CUSTOM_BLA_I_BOKA]]></wp:meta_value>
            </wp:postmeta>
            <wp:postmeta>
                <wp:meta_key>_lsb_look_inside</wp:meta_key>
                <wp:meta_value><![CDATA[lsb_acf_look_inside]]></wp:meta_value>
            </wp:postmeta>
            <category domain="lsb_tax_age" nicename="voksne"><![CDATA[voksne]]></category>
            <category domain="lsb_tax_language" nicename="no_nb"><![CDATA[bokmål]]></category>
            <category domain="lsb_tax_customization" nicename="bilder"><![CDATA[bilder]]></category>
            <wp:postmeta>
                <wp:meta_key>_thumbnail_id</wp:meta_key>
                <wp:meta_value><![CDATA[5136]]></wp:meta_value>
            </wp:postmeta>
        </item>
        <item>
            <title>Shhh!.jpg</title>
            <wp:post_id>5136</wp:post_id>
            <wp:status>inherit</wp:status>
            <wp:post_type>attachment</wp:post_type>
            <wp:attachment_url>https://raw.githubusercontent.com/lesersokerbok/boksok.no-data-utils/master/output-example/images/273C898EAE5441FDB993AC5B42BED86B.jpg</wp:attachment_url>
        </item>
        <item>
            <wp:post_type>lsb_book</wp:post_type>
            <wp:status>publish</wp:status>
            <title>10 minutter til fastere lår og en (litt) mer spretten rumpe</title>
            <excerpt:encoded><![CDATA[Bare noen små øvelser hver dag,  og du får faste lår og en spretten rumpe,  sier Kari Jaquesson.  ]]></excerpt:encoded>
            <wp:postmeta>
                <wp:meta_key>lsb_isbn</wp:meta_key>
                <wp:meta_value><![CDATA[9788202277727]]></wp:meta_value>
            </wp:postmeta>
            <wp:postmeta>
                <wp:meta_key>_lsb_isbn</wp:meta_key>
                <wp:meta_value><![CDATA[lsb_acf_isbn]]></wp:meta_value>
            </wp:postmeta>
            <wp:postmeta>
                <wp:meta_key>lsb_published_year</wp:meta_key>
                <wp:meta_value><![CDATA[2008]]></wp:meta_value>
            </wp:postmeta>
            <wp:postmeta>
                <wp:meta_key>_lsb_published_year</wp:meta_key>
                <wp:meta_value><![CDATA[lsb_acf_published_year]]></wp:meta_value>
            </wp:postmeta>
            <wp:postmeta>
                <wp:meta_key>lsb_pages</wp:meta_key>
                <wp:meta_value><![CDATA[120]]></wp:meta_value>
            </wp:postmeta>
            <wp:postmeta>
                <wp:meta_key>_lsb_pages</wp:meta_key>
                <wp:meta_value><![CDATA[lsb_acf_pages]]></wp:meta_value>
            </wp:postmeta>
            <wp:postmeta>
                <wp:meta_key>lsb_review</wp:meta_key>
                <wp:meta_value><![CDATA[  <div>Boka er den tredje i serien <br />  med øvelser som kan gjøres på ti minutter. </div>  <div>Her får du også et eget kapittel </div>  <div>med pilatesøvelser. </div>  <div><br />  Boka gir tips om sunn mat s</div>  <div>om holder deg slank. <br />  Alle øvelsene blir vist med bilder<br />  og er enkelt forklart.  </div>  <p>Teksten er nokså enkel, <br />  og boka har lite tekst og mange bilder.<br />  Fonten kunne vært større (8,5 punkt),<br />  og teksten har noen lange ord.</p>  ]]></wp:meta_value>
            </wp:postmeta>
            <wp:postmeta>
                <wp:meta_key>_lsb_review</wp:meta_key>
                <wp:meta_value><![CDATA[lsb_acf_review]]></wp:meta_value>
            </wp:postmeta>
            <wp:postmeta>
                <wp:meta_key>lsb_quote</wp:meta_key>
                <wp:meta_value><![CDATA[Alt som er bra for kondisjonen,   er bra for rumpe og lår.   Sats på å gå i oppoverbakker  og løpe, gjerne med sprint-  intervaller om du er   litt ekstra sprek innimellom! ]]></wp:meta_value>
            </wp:postmeta>
            <wp:postmeta>
                <wp:meta_key>_lsb_quote</wp:meta_key>
                <wp:meta_value><![CDATA[lsb_acf_quote]]></wp:meta_value>
            </wp:postmeta>
            <wp:postmeta>
                <wp:meta_key>lsb_supported</wp:meta_key>
                <wp:meta_value><![CDATA[0]]></wp:meta_value>
            </wp:postmeta>
            <wp:postmeta>
                <wp:meta_key>_lsb_supported</wp:meta_key>
                <wp:meta_value><![CDATA[lsb_acf_supported]]></wp:meta_value>
            </wp:postmeta>
            <category domain="lsb_tax_author" nicename="kari-jacquesson"><![CDATA[Kari Jacquesson]]></category>
            <category domain="lsb_tax_publisher" nicename="cappelen"><![CDATA[Cappelen]]></category>
            <category domain="lsb_tax_illustrator" nicename="nicolas-tourrenc"><![CDATA[Nicolas Tourrenc]]></category>
            <wp:postmeta>
                <wp:meta_key>lsb_look_inside</wp:meta_key>
                <wp:meta_value><![CDATA[CUSTOM_BLA_I_BOKA]]></wp:meta_value>
            </wp:postmeta>
            <wp:postmeta>
                <wp:meta_key>_lsb_look_inside</wp:meta_key>
                <wp:meta_value><![CDATA[lsb_acf_look_inside]]></wp:meta_value>
            </wp:postmeta>
            <category domain="lsb_tax_age" nicename="voksne"><![CDATA[voksne]]></category>
            <category domain="lsb_tax_genre" nicename="faglitteratur"><![CDATA[faglitteratur]]></category>
            <category domain="lsb_tax_language" nicename="no_nb"><![CDATA[bokmål]]></category>
            <category domain="lsb_tax_customization" nicename="faglitteratur"><![CDATA[faglitteratur]]></category>
            <category domain="lsb_tax_customization" nicename="mange-bilder"><![CDATA[mange bilder]]></category>
            <wp:postmeta>
                <wp:meta_key>_thumbnail_id</wp:meta_key>
                <wp:meta_value><![CDATA[5137]]></wp:meta_value>
            </wp:postmeta>
        </item>
        <item>
            <title>10 minutter til fastere, ny.jpg</title>
            <wp:post_id>5137</wp:post_id>
            <wp:status>inherit</wp:status>
            <wp:post_type>attachment</wp:post_type>
            <wp:attachment_url>https://raw.githubusercontent.com/lesersokerbok/boksok.no-data-utils/master/output-example/images/813F7691BAAF40229E2A1DAB059A53F5.jpg</wp:attachment_url>
        </item>
        <item>
            <wp:post_type>lsb_book</wp:post_type>
            <wp:status>publish</wp:status>
            <title>Lese eller fiske?</title>
            <excerpt:encoded><![CDATA[Boka inneholder en samling med 23  underfundige, morsomme og kloke fortellinger.   De er hentet fra mange land.   ]]></excerpt:encoded>
            <wp:postmeta>
                <wp:meta_key>lsb_isbn</wp:meta_key>
                <wp:meta_value><![CDATA[9788278950555]]></wp:meta_value>
            </wp:postmeta>
            <wp:postmeta>
                <wp:meta_key>_lsb_isbn</wp:meta_key>
                <wp:meta_value><![CDATA[lsb_acf_isbn]]></wp:meta_value>
            </wp:postmeta>
            <wp:postmeta>
                <wp:meta_key>lsb_published_year</wp:meta_key>
                <wp:meta_value><![CDATA[2008]]></wp:meta_value>
            </wp:postmeta>
            <wp:postmeta>
                <wp:meta_key>_lsb_published_year</wp:meta_key>
                <wp:meta_value><![CDATA[lsb_acf_published_year]]></wp:meta_value>
            </wp:postmeta>
            <wp:postmeta>
                <wp:meta_key>lsb_pages</wp:meta_key>
                <wp:meta_value><![CDATA[96]]></wp:meta_value>
            </wp:postmeta>
            <wp:postmeta>
                <wp:meta_key>_lsb_pages</wp:meta_key>
                <wp:meta_value><![CDATA[lsb_acf_pages]]></wp:meta_value>
            </wp:postmeta>
            <wp:postmeta>
                <wp:meta_key>lsb_review</wp:meta_key>
                <wp:meta_value><![CDATA[  <p>Vi forteller historier til hverandre hele tiden. <br />  Vi forteller om filmer vi har sett, <br />  mennesker vi har møtt, <br />  og ting vi har opplevd. <br />  På en måte er vi alle fortellere. </p>  <div>Noen fortellinger formidler viktig livsvisdom. <br />  </div>  <div>Fortellingene i <strong>Lese eller fiske?</strong> <br />  er hentet fra mange land, <br />  noe som gjør det lett å kjenne seg igjen, <br />  både for én- og flerspråklige. <br />  Boka passer godt for leseombud<br />  eller i lesegrupper. </div>  <div>&#160;</div>  <div>Boka inneholder også et kort kapittel <br />  med tips til hvordan du kan holde taler <br />  i for eksempel dåp, konfirmasjon og bryllup. </div>  <div>&#160;</div>  <div>Historiene i <strong>Lese eller fiske? <br />  </strong>er hentet fra boka <strong>Livet er som et banantre</strong>, <br />  som forfatterne gav ut i 2004. <br />  Her er de skrevet om med enkel tekst. </div>  ]]></wp:meta_value>
            </wp:postmeta>
            <wp:postmeta>
                <wp:meta_key>_lsb_review</wp:meta_key>
                <wp:meta_value><![CDATA[lsb_acf_review]]></wp:meta_value>
            </wp:postmeta>
            <wp:postmeta>
                <wp:meta_key>lsb_quote</wp:meta_key>
                <wp:meta_value><![CDATA[- Min gode mann, har du ikke studert?   Da har du jo kastet bort halve livet ditt?   Etter det ble det taust i båten.   Midt ute på elven begynte båten å ta inn vann.   Da spurte fergemannen den lærde:   - Unnskyld, kan du svømme?   - Svømme? Nei, det har]]></wp:meta_value>
            </wp:postmeta>
            <wp:postmeta>
                <wp:meta_key>_lsb_quote</wp:meta_key>
                <wp:meta_value><![CDATA[lsb_acf_quote]]></wp:meta_value>
            </wp:postmeta>
            <wp:postmeta>
                <wp:meta_key>lsb_supported</wp:meta_key>
                <wp:meta_value><![CDATA[1]]></wp:meta_value>
            </wp:postmeta>
            <wp:postmeta>
                <wp:meta_key>_lsb_supported</wp:meta_key>
                <wp:meta_value><![CDATA[lsb_acf_supported]]></wp:meta_value>
            </wp:postmeta>
            <wp:postmeta>
                <wp:meta_key>lsb_support_cat</wp:meta_key>
                <wp:meta_value><![CDATA[purple]]></wp:meta_value>
            </wp:postmeta>
            <wp:postmeta>
                <wp:meta_key>_lsb_support_cat</wp:meta_key>
                <wp:meta_value><![CDATA[lsb_acf_support_cat]]></wp:meta_value>
            </wp:postmeta>
            <category domain="lsb_tax_author" nicename="hilde-eskild-og-benedicte-hambro"><![CDATA[Hilde Eskild og Benedicte Hambro]]></category>
            <category domain="lsb_tax_publisher" nicename="ganesa"><![CDATA[Ganesa]]></category>
            <wp:postmeta>
                <wp:meta_key>lsb_look_inside</wp:meta_key>
                <wp:meta_value><![CDATA[CUSTOM_BLA_I_BOKA]]></wp:meta_value>
            </wp:postmeta>
            <wp:postmeta>
                <wp:meta_key>_lsb_look_inside</wp:meta_key>
                <wp:meta_value><![CDATA[lsb_acf_look_inside]]></wp:meta_value>
            </wp:postmeta>
            <category domain="lsb_tax_age" nicename="voksne"><![CDATA[voksne]]></category>
            <category domain="lsb_tax_topic" nicename="humor"><![CDATA[humor]]></category>
            <category domain="lsb_tax_topic" nicename="mennesker-i-mellom"><![CDATA[mennesker i mellom]]></category>
            <category domain="lsb_tax_topic" nicename="eventyr"><![CDATA[eventyr]]></category>
            <category domain="lsb_tax_language" nicename="no_nb"><![CDATA[bokmål]]></category>
            <category domain="lsb_tax_customization" nicename="skjønnlitteratur"><![CDATA[skjønnlitteratur]]></category>
            <category domain="lsb_tax_customization" nicename="ny-i-norge"><![CDATA[ny i norge]]></category>
            <wp:postmeta>
                <wp:meta_key>_thumbnail_id</wp:meta_key>
                <wp:meta_value><![CDATA[5138]]></wp:meta_value>
            </wp:postmeta>
        </item>
        <item>
            <title>Leseellerfiske-web.jpg</title>
            <wp:post_id>5138</wp:post_id>
            <wp:status>inherit</wp:status>
            <wp:post_type>attachment</wp:post_type>
            <wp:attachment_url>https://raw.githubusercontent.com/lesersokerbok/boksok.no-data-utils/master/output-example/images/8E7808FE24744144B7D76633C1F87FE3.jpg</wp:attachment_url>
        </item>
        <item>
            <wp:post_type>lsb_book</wp:post_type>
            <wp:status>publish</wp:status>
            <title>Vers på tvers</title>
            <excerpt:encoded><![CDATA[Et praktverk av en bok.   Den er både flott å se på   og tydelig å ta på.   Den er enkel å lese, lett å forstå,   men overrasker og utfordrer.   ]]></excerpt:encoded>
            <wp:postmeta>
                <wp:meta_key>lsb_isbn</wp:meta_key>
                <wp:meta_value><![CDATA[9788256015030]]></wp:meta_value>
            </wp:postmeta>
            <wp:postmeta>
                <wp:meta_key>_lsb_isbn</wp:meta_key>
                <wp:meta_value><![CDATA[lsb_acf_isbn]]></wp:meta_value>
            </wp:postmeta>
            <wp:postmeta>
                <wp:meta_key>lsb_published_year</wp:meta_key>
                <wp:meta_value><![CDATA[2007]]></wp:meta_value>
            </wp:postmeta>
            <wp:postmeta>
                <wp:meta_key>_lsb_published_year</wp:meta_key>
                <wp:meta_value><![CDATA[lsb_acf_published_year]]></wp:meta_value>
            </wp:postmeta>
            <wp:postmeta>
                <wp:meta_key>lsb_pages</wp:meta_key>
                <wp:meta_value><![CDATA[24]]></wp:meta_value>
            </wp:postmeta>
            <wp:postmeta>
                <wp:meta_key>_lsb_pages</wp:meta_key>
                <wp:meta_value><![CDATA[lsb_acf_pages]]></wp:meta_value>
            </wp:postmeta>
            <wp:postmeta>
                <wp:meta_key>lsb_review</wp:meta_key>
                <wp:meta_value><![CDATA[  <p>Illustrasjonene kan du vri og vende, trekke og dra. <br />  Teksten har rim og regler, både i blindeskrift<br />  og svartskrift med store fonter. <br />  Boka passer både for blinde og seende barn. </p>  <div>&#160;</div>  <div><strong>Vers på tvers</strong> vant dobbelt gull under<br />  Årets vakreste bøker i 2008. <br />  Ikke bare vant den i klassen for tilrettelagte bøker, <br />  den vant også i åpen klasse. <br />  Det markerer et gjennombrudd <br />  for følebøker som likeverdig litteratur. </div>  <div>"En grafisk og taktil bildebok </div>  <div>som ikke bare fungerer for blinde.<br />  Vers på tvers fortjener gull, </div>  <div>ikke fordi den er politisk korrekt, <br />  men fordi den er noe så utrolig </div>  <div>som en vakker billedbok for blinde."</div>  <div>(juryens kommentar)</div>  <div>&#160;</div>  <div>Og ikke nok med dét - </div>  <div><strong>Vers på tvers</strong> har også blitt hedret</div>  <div>med en internasjonal pris: </div>  <div><a title="(TBAG)-konkurransen 2008" href="http://www.tactilebooks.org/competition/index.html" target="_blank">The Tactile Book Advancement Group (TBAG) </a></div>  <div>inviterte til konkurranse for taktile bøker i 2008, </div>  <div>og Anette Diesen stakk av med en av prisene. </div>  <div>&#160;</div>  <div>Anette Diesen er verdens mest erfarne forfatter <br />  av bøker med følebilder. <br />  Hun har laget en lang rekke bøker tilpasset <br />  mennesker med ulike funksjonshemminger: <br />  Bøker med punktskrift, følebilder, bliss, <br />  storskrift og enkelt innhold. <br />  </div>  ]]></wp:meta_value>
            </wp:postmeta>
            <wp:postmeta>
                <wp:meta_key>_lsb_review</wp:meta_key>
                <wp:meta_value><![CDATA[lsb_acf_review]]></wp:meta_value>
            </wp:postmeta>
            <wp:postmeta>
                <wp:meta_key>lsb_quote</wp:meta_key>
                <wp:meta_value><![CDATA[RADER RENDER  BEGGE HENDER  STRYK OG KLAPP  HULL I PAPP]]></wp:meta_value>
            </wp:postmeta>
            <wp:postmeta>
                <wp:meta_key>_lsb_quote</wp:meta_key>
                <wp:meta_value><![CDATA[lsb_acf_quote]]></wp:meta_value>
            </wp:postmeta>
            <wp:postmeta>
                <wp:meta_key>lsb_supported</wp:meta_key>
                <wp:meta_value><![CDATA[1]]></wp:meta_value>
            </wp:postmeta>
            <wp:postmeta>
                <wp:meta_key>_lsb_supported</wp:meta_key>
                <wp:meta_value><![CDATA[lsb_acf_supported]]></wp:meta_value>
            </wp:postmeta>
            <wp:postmeta>
                <wp:meta_key>lsb_support_cat</wp:meta_key>
                <wp:meta_value><![CDATA[orange]]></wp:meta_value>
            </wp:postmeta>
            <wp:postmeta>
                <wp:meta_key>_lsb_support_cat</wp:meta_key>
                <wp:meta_value><![CDATA[lsb_acf_support_cat]]></wp:meta_value>
            </wp:postmeta>
            <category domain="lsb_tax_author" nicename="anette-diesen"><![CDATA[Anette Diesen]]></category>
            <category domain="lsb_tax_publisher" nicename="solum"><![CDATA[Solum]]></category>
            <category domain="lsb_tax_illustrator" nicename="anette-diesen"><![CDATA[Anette Diesen]]></category>
            <wp:postmeta>
                <wp:meta_key>lsb_look_inside</wp:meta_key>
                <wp:meta_value><![CDATA[CUSTOM_BLA_I_BOKA]]></wp:meta_value>
            </wp:postmeta>
            <wp:postmeta>
                <wp:meta_key>_lsb_look_inside</wp:meta_key>
                <wp:meta_value><![CDATA[lsb_acf_look_inside]]></wp:meta_value>
            </wp:postmeta>
            <category domain="lsb_tax_age" nicename="barn"><![CDATA[barn]]></category>
            <category domain="lsb_tax_language" nicename="no_nb"><![CDATA[bokmål]]></category>
            <category domain="lsb_tax_customization" nicename="storskrift"><![CDATA[storskrift]]></category>
            <category domain="lsb_tax_customization" nicename="punktskrift"><![CDATA[punktskrift]]></category>
            <category domain="lsb_tax_customization" nicename="følebilder"><![CDATA[følebilder]]></category>
            <wp:postmeta>
                <wp:meta_key>_thumbnail_id</wp:meta_key>
                <wp:meta_value><![CDATA[5139]]></wp:meta_value>
            </wp:postmeta>
        </item>
        <item>
            <title>vers på tvers - forside web.jpg</title>
            <wp:post_id>5139</wp:post_id>
            <wp:status>inherit</wp:status>
            <wp:post_type>attachment</wp:post_type>
            <wp:attachment_url>https://raw.githubusercontent.com/lesersokerbok/boksok.no-data-utils/master/output-example/images/D20497AA2FC0479DBBDAA77A331FF70D.jpg</wp:attachment_url>
        </item>
        <item>
            <wp:post_type>lsb_book</wp:post_type>
            <wp:status>publish</wp:status>
            <title>Ávvudivttat </title>
            <excerpt:encoded><![CDATA[Ávvudivttat leat cállon sierralágan doaluid várás   maid lágideaddjit leat sus digon gaskal 1988-2003.]]></excerpt:encoded>
            <wp:postmeta>
                <wp:meta_key>lsb_isbn</wp:meta_key>
                <wp:meta_value><![CDATA[9788292473078]]></wp:meta_value>
            </wp:postmeta>
            <wp:postmeta>
                <wp:meta_key>_lsb_isbn</wp:meta_key>
                <wp:meta_value><![CDATA[lsb_acf_isbn]]></wp:meta_value>
            </wp:postmeta>
            <wp:postmeta>
                <wp:meta_key>lsb_published_year</wp:meta_key>
                <wp:meta_value><![CDATA[2005]]></wp:meta_value>
            </wp:postmeta>
            <wp:postmeta>
                <wp:meta_key>_lsb_published_year</wp:meta_key>
                <wp:meta_value><![CDATA[lsb_acf_published_year]]></wp:meta_value>
            </wp:postmeta>
            <wp:postmeta>
                <wp:meta_key>lsb_pages</wp:meta_key>
                <wp:meta_value><![CDATA[63]]></wp:meta_value>
            </wp:postmeta>
            <wp:postmeta>
                <wp:meta_key>_lsb_pages</wp:meta_key>
                <wp:meta_value><![CDATA[lsb_acf_pages]]></wp:meta_value>
            </wp:postmeta>
            <wp:postmeta>
                <wp:meta_key>lsb_review</wp:meta_key>
                <wp:meta_value><![CDATA[  <div>Ávvudivttat sisttisdollá <strong>Rauni Magga Lukkari<br />  </strong>prologaid mat leat cállojuvvon sierra <br />  dilálasvuoðaide Davvikalohtas, <br />  Davvi-Norggas ja Sámis 1988 ja 2003 gaskkas.<br />  Dát divttat eai leat almmustahtton ovdal sámegillii. </div>  <div>&#160;</div>  <div>Lohkki beassá ávvudivttaid mielde <br />  oahpásmuvvat sámi politihkalaš <br />  ja akademalaš máilmmi lagaš historjái, <br />  nugo ovdamearkka dihtii sámi álbmotbeaivvi <br />  vuosttas ávvudeapamái ja sámi girjjálašvuoða v<br />  uosttas doaktárnákkosdilálašvuhtii.<br />  </div>  ]]></wp:meta_value>
            </wp:postmeta>
            <wp:postmeta>
                <wp:meta_key>_lsb_review</wp:meta_key>
                <wp:meta_value><![CDATA[lsb_acf_review]]></wp:meta_value>
            </wp:postmeta>
            <wp:postmeta>
                <wp:meta_key>lsb_quote</wp:meta_key>
                <wp:meta_value><![CDATA[Dáin eatnamiin lea albmožiid osku bájis herdojun  ráhkisvouhta geahccalun  ja doaivu, nu mángii lokkastun  sadjái gahccat]]></wp:meta_value>
            </wp:postmeta>
            <wp:postmeta>
                <wp:meta_key>_lsb_quote</wp:meta_key>
                <wp:meta_value><![CDATA[lsb_acf_quote]]></wp:meta_value>
            </wp:postmeta>
            <wp:postmeta>
                <wp:meta_key>lsb_supported</wp:meta_key>
                <wp:meta_value><![CDATA[0]]></wp:meta_value>
            </wp:postmeta>
            <wp:postmeta>
                <wp:meta_key>_lsb_supported</wp:meta_key>
                <wp:meta_value><![CDATA[lsb_acf_supported]]></wp:meta_value>
            </wp:postmeta>
            <category domain="lsb_tax_author" nicename="rauni-magga-lukkari"><![CDATA[Rauni Magga Lukkari]]></category>
            <category domain="lsb_tax_publisher" nicename="gollegiella"><![CDATA[Gollegiella]]></category>
            <category domain="lsb_tax_illustrator" nicename="minna-saastamoinen"><![CDATA[Minna Saastamoinen]]></category>
            <wp:postmeta>
                <wp:meta_key>lsb_look_inside</wp:meta_key>
                <wp:meta_value><![CDATA[CUSTOM_BLA_I_BOKA]]></wp:meta_value>
            </wp:postmeta>
            <wp:postmeta>
                <wp:meta_key>_lsb_look_inside</wp:meta_key>
                <wp:meta_value><![CDATA[lsb_acf_look_inside]]></wp:meta_value>
            </wp:postmeta>
            <category domain="lsb_tax_age" nicename="voksne"><![CDATA[voksne]]></category>
            <category domain="lsb_tax_genre" nicename="dikt"><![CDATA[dikt]]></category>
            <category domain="lsb_tax_topic" nicename="natur"><![CDATA[natur]]></category>
            <category domain="lsb_tax_language" nicename="no_sme"><![CDATA[nordsamisk]]></category>
            <category domain="lsb_tax_customization" nicename="skjønnlitteratur"><![CDATA[skjønnlitteratur]]></category>
            <category domain="lsb_tax_customization" nicename="mange-bilder"><![CDATA[mange bilder]]></category>
            <category domain="lsb_tax_customization" nicename="lydbok"><![CDATA[lydbok]]></category>
            <wp:postmeta>
                <wp:meta_key>_thumbnail_id</wp:meta_key>
                <wp:meta_value><![CDATA[5140]]></wp:meta_value>
            </wp:postmeta>
        </item>
        <item>
            <title>Àvvudivttat, ny.jpg</title>
            <wp:post_id>5140</wp:post_id>
            <wp:status>inherit</wp:status>
            <wp:post_type>attachment</wp:post_type>
            <wp:attachment_url>https://raw.githubusercontent.com/lesersokerbok/boksok.no-data-utils/master/output-example/images/68F50F78CD924CC38F100634A535580F.jpg</wp:attachment_url>
        </item>
        <item>
            <wp:post_type>lsb_book</wp:post_type>
            <wp:status>publish</wp:status>
            <title>Hilsen til</title>
            <excerpt:encoded><![CDATA[Hilsen til er en samling hverdagslige hendelser   skildret på en uventet og særegen måte.   Formen er den muntlige samiske tradisjonen   med hyllings- og hilsningstaler.   ]]></excerpt:encoded>
            <wp:postmeta>
                <wp:meta_key>lsb_isbn</wp:meta_key>
                <wp:meta_value><![CDATA[9788292473115]]></wp:meta_value>
            </wp:postmeta>
            <wp:postmeta>
                <wp:meta_key>_lsb_isbn</wp:meta_key>
                <wp:meta_value><![CDATA[lsb_acf_isbn]]></wp:meta_value>
            </wp:postmeta>
            <wp:postmeta>
                <wp:meta_key>lsb_published_year</wp:meta_key>
                <wp:meta_value><![CDATA[2007]]></wp:meta_value>
            </wp:postmeta>
            <wp:postmeta>
                <wp:meta_key>_lsb_published_year</wp:meta_key>
                <wp:meta_value><![CDATA[lsb_acf_published_year]]></wp:meta_value>
            </wp:postmeta>
            <wp:postmeta>
                <wp:meta_key>lsb_pages</wp:meta_key>
                <wp:meta_value><![CDATA[63]]></wp:meta_value>
            </wp:postmeta>
            <wp:postmeta>
                <wp:meta_key>_lsb_pages</wp:meta_key>
                <wp:meta_value><![CDATA[lsb_acf_pages]]></wp:meta_value>
            </wp:postmeta>
            <wp:postmeta>
                <wp:meta_key>lsb_review</wp:meta_key>
                <wp:meta_value><![CDATA[  <div>Rauni Magga Lukkari har en lyrisk stemme <br />  som ikke er redd det jordnære. </div>  <div><br />  Teksten er enkel og er illustrert <br />  med fargerike naturfotografier. </div>  <div>Hilsen til har norsk tekst i boka, <br />  men på CD-en som følger med <br />  leses de samme tekstene på nord-samisk. <br />  Blandingen av norsk tekst og samisk tale <br />  gjør litteratur om samisk samfunn <br />  lettere tilgjengelig på norsk. <br />  I tillegg kan det styrke evnen <br />  til tospråklig forståelse. </div>  <div>&#160;</div>  <p>Hilsen til finnes også med samisk tekst. <br />  Den heter Ávvudivttat. </p>  ]]></wp:meta_value>
            </wp:postmeta>
            <wp:postmeta>
                <wp:meta_key>_lsb_review</wp:meta_key>
                <wp:meta_value><![CDATA[lsb_acf_review]]></wp:meta_value>
            </wp:postmeta>
            <wp:postmeta>
                <wp:meta_key>lsb_quote</wp:meta_key>
                <wp:meta_value><![CDATA[I dette landet er menneskenes tro herdet i smia  kjærligheten prøvet  og håpet, så mange ganger skrellet av  for igjen å falle på plass]]></wp:meta_value>
            </wp:postmeta>
            <wp:postmeta>
                <wp:meta_key>_lsb_quote</wp:meta_key>
                <wp:meta_value><![CDATA[lsb_acf_quote]]></wp:meta_value>
            </wp:postmeta>
            <wp:postmeta>
                <wp:meta_key>lsb_supported</wp:meta_key>
                <wp:meta_value><![CDATA[1]]></wp:meta_value>
            </wp:postmeta>
            <wp:postmeta>
                <wp:meta_key>_lsb_supported</wp:meta_key>
                <wp:meta_value><![CDATA[lsb_acf_supported]]></wp:meta_value>
            </wp:postmeta>
            <wp:postmeta>
                <wp:meta_key>lsb_support_cat</wp:meta_key>
                <wp:meta_value><![CDATA[purple]]></wp:meta_value>
            </wp:postmeta>
            <wp:postmeta>
                <wp:meta_key>_lsb_support_cat</wp:meta_key>
                <wp:meta_value><![CDATA[lsb_acf_support_cat]]></wp:meta_value>
            </wp:postmeta>
            <category domain="lsb_tax_author" nicename="rauni-magga-lukkari"><![CDATA[Rauni Magga Lukkari]]></category>
            <category domain="lsb_tax_publisher" nicename="gollegiella"><![CDATA[Gollegiella]]></category>
            <category domain="lsb_tax_illustrator" nicename="minna-saastamoinen"><![CDATA[Minna Saastamoinen]]></category>
            <category domain="lsb_tax_translator" nicename="laila-stien"><![CDATA[Laila Stien]]></category>
            <wp:postmeta>
                <wp:meta_key>lsb_look_inside</wp:meta_key>
                <wp:meta_value><![CDATA[CUSTOM_BLA_I_BOKA]]></wp:meta_value>
            </wp:postmeta>
            <wp:postmeta>
                <wp:meta_key>_lsb_look_inside</wp:meta_key>
                <wp:meta_value><![CDATA[lsb_acf_look_inside]]></wp:meta_value>
            </wp:postmeta>
            <category domain="lsb_tax_age" nicename="voksne"><![CDATA[voksne]]></category>
            <category domain="lsb_tax_genre" nicename="dikt"><![CDATA[dikt]]></category>
            <category domain="lsb_tax_topic" nicename="historie"><![CDATA[historie]]></category>
            <category domain="lsb_tax_topic" nicename="samfunn"><![CDATA[samfunn]]></category>
            <category domain="lsb_tax_topic" nicename="natur"><![CDATA[natur]]></category>
            <category domain="lsb_tax_language" nicename="no_nb"><![CDATA[bokmål]]></category>
            <category domain="lsb_tax_customization" nicename="skjønnlitteratur"><![CDATA[skjønnlitteratur]]></category>
            <category domain="lsb_tax_customization" nicename="mange-bilder"><![CDATA[mange bilder]]></category>
            <category domain="lsb_tax_customization" nicename="lydbok"><![CDATA[lydbok]]></category>
            <wp:postmeta>
                <wp:meta_key>_thumbnail_id</wp:meta_key>
                <wp:meta_value><![CDATA[5141]]></wp:meta_value>
            </wp:postmeta>
        </item>
        <item>
            <title>hilsen til, ny.jpg</title>
            <wp:post_id>5141</wp:post_id>
            <wp:status>inherit</wp:status>
            <wp:post_type>attachment</wp:post_type>
            <wp:attachment_url>https://raw.githubusercontent.com/lesersokerbok/boksok.no-data-utils/master/output-example/images/3643F95F71974CECA124049C20E414C5.jpg</wp:attachment_url>
        </item>
        <item>
            <wp:post_type>lsb_book</wp:post_type>
            <wp:status>publish</wp:status>
            <title>Heksagon tryller en storm</title>
            <excerpt:encoded><![CDATA[Historien om Heksagon og stormen   er her dramatisert som lydbok.]]></excerpt:encoded>
            <wp:postmeta>
                <wp:meta_key>lsb_isbn</wp:meta_key>
                <wp:meta_value><![CDATA[9788292415054]]></wp:meta_value>
            </wp:postmeta>
            <wp:postmeta>
                <wp:meta_key>_lsb_isbn</wp:meta_key>
                <wp:meta_value><![CDATA[lsb_acf_isbn]]></wp:meta_value>
            </wp:postmeta>
            <wp:postmeta>
                <wp:meta_key>lsb_published_year</wp:meta_key>
                <wp:meta_value><![CDATA[2008]]></wp:meta_value>
            </wp:postmeta>
            <wp:postmeta>
                <wp:meta_key>_lsb_published_year</wp:meta_key>
                <wp:meta_value><![CDATA[lsb_acf_published_year]]></wp:meta_value>
            </wp:postmeta>
            <wp:postmeta>
                <wp:meta_key>lsb_pages</wp:meta_key>
                <wp:meta_value/>
            </wp:postmeta>
            <wp:postmeta>
                <wp:meta_key>_lsb_pages</wp:meta_key>
                <wp:meta_value><![CDATA[lsb_acf_pages]]></wp:meta_value>
            </wp:postmeta>
            <wp:postmeta>
                <wp:meta_key>lsb_review</wp:meta_key>
                <wp:meta_value><![CDATA[  <div>Det er så tørt, så tørt. <br />  Gresskarene til Heksagon vil slett ikke vokse. <br />  Heksagon skulle bare trylle litt regn, <br />  noen dråper bare.<br />  Plutselig har hun tryllet en hel storm!<br />  Stormen er så sterk at husvogna til bestevennen <br />  blåser rett i elva.  <br />  Han må finne seg et annet sted å bo, <br />  og ingenting er vel bedre enn <br />  å bo sammen med sin beste venn?</div>  <div>&#160;</div>  <div>Med dialog, sang og lydeffekter <br />  skapes et univers barn kan leve seg inn i.<br />  Dette er <strong>Leser søker boks</strong> forsøk på <br />  å dyrke fram lydbøker som ikke bare leses høyt, <br />  men som også gjør innholdet lettere tilgjengelig. </div>  <div>&#160;</div>  <div>Lydboka er lagt opp slik at den kan brukes <br />  sammen med den trykte boka med samme tittel.<br />  Den trykte boka kom ut i 2006 </div>  <div>som en del av <strong>Leseløve-serien</strong> til Damm. </div>  <div>&#160;</div>  <div>Lydboka av <strong>Heksagon tryller en storm</strong> </div>  <div>er blitt prøvd ut av multifunksjonshemmede</div>  <div>og lesere med autisme. </div>  <div>De hørte på lydboka samtidig som de bladde i </div>  <div>den trykte versjonen som har gode og tydelige illustrasjoner. </div>  <div>Dette  fungerte godt. </div>  <div>Lesetempo på lydboka var passe, </div>  <div>og det var overkommelig å følge handlingen</div>  <div>for denne gruppen.   </div>  <div><br />  </div>  <p>&#160;</p>  ]]></wp:meta_value>
            </wp:postmeta>
            <wp:postmeta>
                <wp:meta_key>_lsb_review</wp:meta_key>
                <wp:meta_value><![CDATA[lsb_acf_review]]></wp:meta_value>
            </wp:postmeta>
            <wp:postmeta>
                <wp:meta_key>lsb_quote</wp:meta_key>
                <wp:meta_value><![CDATA[Han ser seg rundt og rynker på nesa.   - Hva er det som lukter? Har du trylla, Heksagon?   Heksagon forter seg å riste på hodet.   - Jeg har ikke trylla. Ikke i det hele tatt. ]]></wp:meta_value>
            </wp:postmeta>
            <wp:postmeta>
                <wp:meta_key>_lsb_quote</wp:meta_key>
                <wp:meta_value><![CDATA[lsb_acf_quote]]></wp:meta_value>
            </wp:postmeta>
            <wp:postmeta>
                <wp:meta_key>lsb_supported</wp:meta_key>
                <wp:meta_value><![CDATA[1]]></wp:meta_value>
            </wp:postmeta>
            <wp:postmeta>
                <wp:meta_key>_lsb_supported</wp:meta_key>
                <wp:meta_value><![CDATA[lsb_acf_supported]]></wp:meta_value>
            </wp:postmeta>
            <wp:postmeta>
                <wp:meta_key>lsb_support_cat</wp:meta_key>
                <wp:meta_value><![CDATA[purple]]></wp:meta_value>
            </wp:postmeta>
            <wp:postmeta>
                <wp:meta_key>_lsb_support_cat</wp:meta_key>
                <wp:meta_value><![CDATA[lsb_acf_support_cat]]></wp:meta_value>
            </wp:postmeta>
            <category domain="lsb_tax_author" nicename="christin-grilstad-prøis"><![CDATA[Christin Grilstad Prøis]]></category>
            <category domain="lsb_tax_publisher" nicename="musico"><![CDATA[Musico]]></category>
            <wp:postmeta>
                <wp:meta_key>lsb_look_inside</wp:meta_key>
                <wp:meta_value><![CDATA[CUSTOM_BLA_I_BOKA]]></wp:meta_value>
            </wp:postmeta>
            <wp:postmeta>
                <wp:meta_key>_lsb_look_inside</wp:meta_key>
                <wp:meta_value><![CDATA[lsb_acf_look_inside]]></wp:meta_value>
            </wp:postmeta>
            <category domain="lsb_tax_age" nicename="barn"><![CDATA[barn]]></category>
            <category domain="lsb_tax_genre" nicename="prosa"><![CDATA[prosa]]></category>
            <category domain="lsb_tax_language" nicename="no_nb"><![CDATA[bokmål]]></category>
            <category domain="lsb_tax_customization" nicename="skjønnlitteratur"><![CDATA[skjønnlitteratur]]></category>
            <category domain="lsb_tax_customization" nicename="lydbok"><![CDATA[lydbok]]></category>
            <wp:postmeta>
                <wp:meta_key>_thumbnail_id</wp:meta_key>
                <wp:meta_value><![CDATA[5142]]></wp:meta_value>
            </wp:postmeta>
        </item>
        <item>
            <title>Heksagon tryller en storm.jpg</title>
            <wp:post_id>5142</wp:post_id>
            <wp:status>inherit</wp:status>
            <wp:post_type>attachment</wp:post_type>
            <wp:attachment_url>https://raw.githubusercontent.com/lesersokerbok/boksok.no-data-utils/master/output-example/images/B5629A3225264083B8AA1B620B357FF1.jpg</wp:attachment_url>
        </item>
        <item>
            <wp:post_type>lsb_book</wp:post_type>
            <wp:status>publish</wp:status>
            <title>Ti tanker i hue - og ingen på papiret</title>
            <excerpt:encoded><![CDATA[Lurer du på hvordan det er å ha ADHD?   Vet du egentlig hva det betyr?   Kan man klare seg bra   selv om man har ADHD?   I denne boka får du innblikk i hverdagen   til en som har ADHD  gjennom forklaringer, bilder og   fortellinger fra ungdom.   ]]></excerpt:encoded>
            <wp:postmeta>
                <wp:meta_key>lsb_isbn</wp:meta_key>
                <wp:meta_value><![CDATA[9788299737524]]></wp:meta_value>
            </wp:postmeta>
            <wp:postmeta>
                <wp:meta_key>_lsb_isbn</wp:meta_key>
                <wp:meta_value><![CDATA[lsb_acf_isbn]]></wp:meta_value>
            </wp:postmeta>
            <wp:postmeta>
                <wp:meta_key>lsb_published_year</wp:meta_key>
                <wp:meta_value><![CDATA[2008]]></wp:meta_value>
            </wp:postmeta>
            <wp:postmeta>
                <wp:meta_key>_lsb_published_year</wp:meta_key>
                <wp:meta_value><![CDATA[lsb_acf_published_year]]></wp:meta_value>
            </wp:postmeta>
            <wp:postmeta>
                <wp:meta_key>lsb_pages</wp:meta_key>
                <wp:meta_value><![CDATA[96]]></wp:meta_value>
            </wp:postmeta>
            <wp:postmeta>
                <wp:meta_key>_lsb_pages</wp:meta_key>
                <wp:meta_value><![CDATA[lsb_acf_pages]]></wp:meta_value>
            </wp:postmeta>
            <wp:postmeta>
                <wp:meta_key>lsb_review</wp:meta_key>
                <wp:meta_value><![CDATA[  <p>Kapitlene kan leses i den rekkefølgen man vil. <br />  Illustrasjonene til André Jensen <br />  gjør boka morsom å bla i. </p>  <div>Boka gir mange AHA-opplevelser for dem som <br />  har eller lurer på om de har ADHD <br />  - eller kjenner noen som har det. </div>  <div><br />  </div>  <div><strong>Ti tanker i hue - og ingen på papiret</strong> </div>  <div>har allerede fått mye skryt <br />  og Norsk kulturråd har kjøpt den inn <br />  til alle norske bibliotek. </div>  <div>Boka er også blitt oversatt til svensk. </div>  <div>&#160;</div>  <div>Lisbeth Iglum Rønhovde er <br />  en av dem som vet mest <br />  om barn og ungdom med ADHD. <br />  Hun har tidligere skrevet <br />  <strong>Kan de ikke bare ta seg sammen <br />  </strong>som handler om barn og unge med <br />  ADHD og Tourette syndrom.  </div>  <div>&#160;</div>  <p>&#160;</p>  ]]></wp:meta_value>
            </wp:postmeta>
            <wp:postmeta>
                <wp:meta_key>_lsb_review</wp:meta_key>
                <wp:meta_value><![CDATA[lsb_acf_review]]></wp:meta_value>
            </wp:postmeta>
            <wp:postmeta>
                <wp:meta_key>lsb_quote</wp:meta_key>
                <wp:meta_value><![CDATA[Oscar 15 sier:     Hvordan det er å ha ADHD?  Det føles som å ha   13 TV-kanaler  surrende inni hue  samtidig.     Og så finner jeg ikke   fjernkontrollen! ]]></wp:meta_value>
            </wp:postmeta>
            <wp:postmeta>
                <wp:meta_key>_lsb_quote</wp:meta_key>
                <wp:meta_value><![CDATA[lsb_acf_quote]]></wp:meta_value>
            </wp:postmeta>
            <wp:postmeta>
                <wp:meta_key>lsb_supported</wp:meta_key>
                <wp:meta_value><![CDATA[1]]></wp:meta_value>
            </wp:postmeta>
            <wp:postmeta>
                <wp:meta_key>_lsb_supported</wp:meta_key>
                <wp:meta_value><![CDATA[lsb_acf_supported]]></wp:meta_value>
            </wp:postmeta>
            <wp:postmeta>
                <wp:meta_key>lsb_support_cat</wp:meta_key>
                <wp:meta_value><![CDATA[purple]]></wp:meta_value>
            </wp:postmeta>
            <wp:postmeta>
                <wp:meta_key>_lsb_support_cat</wp:meta_key>
                <wp:meta_value><![CDATA[lsb_acf_support_cat]]></wp:meta_value>
            </wp:postmeta>
            <category domain="lsb_tax_author" nicename="lisbeth-iglum-rønhovde"><![CDATA[Lisbeth Iglum Rønhovde]]></category>
            <category domain="lsb_tax_publisher" nicename="infoliten-forlag"><![CDATA[INFOliten forlag]]></category>
            <category domain="lsb_tax_illustrator" nicename="andré-jensen"><![CDATA[André Jensen]]></category>
            <wp:postmeta>
                <wp:meta_key>lsb_look_inside</wp:meta_key>
                <wp:meta_value><![CDATA[CUSTOM_BLA_I_BOKA]]></wp:meta_value>
            </wp:postmeta>
            <wp:postmeta>
                <wp:meta_key>_lsb_look_inside</wp:meta_key>
                <wp:meta_value><![CDATA[lsb_acf_look_inside]]></wp:meta_value>
            </wp:postmeta>
            <category domain="lsb_tax_age" nicename="ungdom"><![CDATA[ungdom]]></category>
            <category domain="lsb_tax_genre" nicename="faglitteratur"><![CDATA[faglitteratur]]></category>
            <category domain="lsb_tax_language" nicename="no_nb"><![CDATA[bokmål]]></category>
            <category domain="lsb_tax_customization" nicename="faglitteratur"><![CDATA[faglitteratur]]></category>
            <category domain="lsb_tax_customization" nicename="mange-bilder"><![CDATA[mange bilder]]></category>
            <wp:postmeta>
                <wp:meta_key>_thumbnail_id</wp:meta_key>
                <wp:meta_value><![CDATA[5143]]></wp:meta_value>
            </wp:postmeta>
        </item>
        <item>
            <title>Ti tanker i hue.jpg</title>
            <wp:post_id>5143</wp:post_id>
            <wp:status>inherit</wp:status>
            <wp:post_type>attachment</wp:post_type>
            <wp:attachment_url>https://raw.githubusercontent.com/lesersokerbok/boksok.no-data-utils/master/output-example/images/7900E20EC6A048B7887F912300EA5D33.jpg</wp:attachment_url>
        </item>
        <item>
            <wp:post_type>lsb_book</wp:post_type>
            <wp:status>publish</wp:status>
            <title>Spurvegutten</title>
            <excerpt:encoded><![CDATA[Spurvegutten er en alvorlig bok   om en gutt som ønsker seg en ting til jul:   En pappa som ikke er full på julaften. ]]></excerpt:encoded>
            <wp:postmeta>
                <wp:meta_key>lsb_isbn</wp:meta_key>
                <wp:meta_value><![CDATA[9788254310885]]></wp:meta_value>
            </wp:postmeta>
            <wp:postmeta>
                <wp:meta_key>_lsb_isbn</wp:meta_key>
                <wp:meta_value><![CDATA[lsb_acf_isbn]]></wp:meta_value>
            </wp:postmeta>
            <wp:postmeta>
                <wp:meta_key>lsb_published_year</wp:meta_key>
                <wp:meta_value><![CDATA[2007]]></wp:meta_value>
            </wp:postmeta>
            <wp:postmeta>
                <wp:meta_key>_lsb_published_year</wp:meta_key>
                <wp:meta_value><![CDATA[lsb_acf_published_year]]></wp:meta_value>
            </wp:postmeta>
            <wp:postmeta>
                <wp:meta_key>lsb_pages</wp:meta_key>
                <wp:meta_value><![CDATA[31]]></wp:meta_value>
            </wp:postmeta>
            <wp:postmeta>
                <wp:meta_key>_lsb_pages</wp:meta_key>
                <wp:meta_value><![CDATA[lsb_acf_pages]]></wp:meta_value>
            </wp:postmeta>
            <wp:postmeta>
                <wp:meta_key>lsb_review</wp:meta_key>
                <wp:meta_value><![CDATA[  <div>Det er lille julaften. <br />  En gutt er alene hjemme <br />  og venter på faren sin.<br />  Han gleder seg til jul,<br />  men er redd for at faren er full <br />  når han kommer.</div>  <div>&#160;</div>  <div><strong>Spurvegutten</strong> er ei alvorlig og vakker bok <br />  om et følsomt tema. <br />  Det er ei annerledes julebok <br />  for alle som ikke vet om de venter <br />  på noe godt. </div>  <div>&#160;</div>  <p>Boka treffer voksne rett i hjertet, <br />  men kan også leses av barn og unge. <br />  Teksten er enkel, <br />  og nydelig illustrert <br />  av <strong>Malgorzata Piotrowska</strong>. </p>  ]]></wp:meta_value>
            </wp:postmeta>
            <wp:postmeta>
                <wp:meta_key>_lsb_review</wp:meta_key>
                <wp:meta_value><![CDATA[lsb_acf_review]]></wp:meta_value>
            </wp:postmeta>
            <wp:postmeta>
                <wp:meta_key>lsb_quote</wp:meta_key>
                <wp:meta_value><![CDATA[Jeg veit akkurat hvordan pappa går.  Når jeg lukker øynene,  er det ikke vanskelig å se ham.  Det er lett å se når han er full.   Han går litt bredt, sier mamma. ]]></wp:meta_value>
            </wp:postmeta>
            <wp:postmeta>
                <wp:meta_key>_lsb_quote</wp:meta_key>
                <wp:meta_value><![CDATA[lsb_acf_quote]]></wp:meta_value>
            </wp:postmeta>
            <wp:postmeta>
                <wp:meta_key>lsb_supported</wp:meta_key>
                <wp:meta_value><![CDATA[1]]></wp:meta_value>
            </wp:postmeta>
            <wp:postmeta>
                <wp:meta_key>_lsb_supported</wp:meta_key>
                <wp:meta_value><![CDATA[lsb_acf_supported]]></wp:meta_value>
            </wp:postmeta>
            <wp:postmeta>
                <wp:meta_key>lsb_support_cat</wp:meta_key>
                <wp:meta_value><![CDATA[purple]]></wp:meta_value>
            </wp:postmeta>
            <wp:postmeta>
                <wp:meta_key>_lsb_support_cat</wp:meta_key>
                <wp:meta_value><![CDATA[lsb_acf_support_cat]]></wp:meta_value>
            </wp:postmeta>
            <category domain="lsb_tax_author" nicename="øistein-hølleland"><![CDATA[Øistein Hølleland]]></category>
            <category domain="lsb_tax_publisher" nicename="verbum"><![CDATA[Verbum]]></category>
            <category domain="lsb_tax_illustrator" nicename="malgorzata-piotrowska"><![CDATA[Malgorzata Piotrowska]]></category>
            <wp:postmeta>
                <wp:meta_key>lsb_look_inside</wp:meta_key>
                <wp:meta_value><![CDATA[CUSTOM_BLA_I_BOKA]]></wp:meta_value>
            </wp:postmeta>
            <wp:postmeta>
                <wp:meta_key>_lsb_look_inside</wp:meta_key>
                <wp:meta_value><![CDATA[lsb_acf_look_inside]]></wp:meta_value>
            </wp:postmeta>
            <category domain="lsb_tax_age" nicename="barn"><![CDATA[barn]]></category>
            <category domain="lsb_tax_genre" nicename="prosa"><![CDATA[prosa]]></category>
            <category domain="lsb_tax_language" nicename="no_nb"><![CDATA[bokmål]]></category>
            <category domain="lsb_tax_customization" nicename="skjønnlitteratur"><![CDATA[skjønnlitteratur]]></category>
            <category domain="lsb_tax_customization" nicename="mange-bilder"><![CDATA[mange bilder]]></category>
            <wp:postmeta>
                <wp:meta_key>_thumbnail_id</wp:meta_key>
                <wp:meta_value><![CDATA[5144]]></wp:meta_value>
            </wp:postmeta>
        </item>
        <item>
            <title>Spurvegutten.jpg</title>
            <wp:post_id>5144</wp:post_id>
            <wp:status>inherit</wp:status>
            <wp:post_type>attachment</wp:post_type>
            <wp:attachment_url>https://raw.githubusercontent.com/lesersokerbok/boksok.no-data-utils/master/output-example/images/839E0E4AB60D49F6BC125390E66686B0.jpg</wp:attachment_url>
        </item>
        <item>
            <wp:post_type>lsb_book</wp:post_type>
            <wp:status>publish</wp:status>
            <title>Metallet som forandret verden</title>
            <excerpt:encoded><![CDATA[Vi kan ikke tenke oss en verden  uten metallet jern.  Jern er verdens viktigste metall.  Det blir brukt jern når man bygger hus,  utstyr, maskiner, biler, tog fly og skip.  Jern er så viktig at en del av vår historie  kalles jernalderen.  ]]></excerpt:encoded>
            <wp:postmeta>
                <wp:meta_key>lsb_isbn</wp:meta_key>
                <wp:meta_value><![CDATA[9788281040526]]></wp:meta_value>
            </wp:postmeta>
            <wp:postmeta>
                <wp:meta_key>_lsb_isbn</wp:meta_key>
                <wp:meta_value><![CDATA[lsb_acf_isbn]]></wp:meta_value>
            </wp:postmeta>
            <wp:postmeta>
                <wp:meta_key>lsb_published_year</wp:meta_key>
                <wp:meta_value><![CDATA[2007]]></wp:meta_value>
            </wp:postmeta>
            <wp:postmeta>
                <wp:meta_key>_lsb_published_year</wp:meta_key>
                <wp:meta_value><![CDATA[lsb_acf_published_year]]></wp:meta_value>
            </wp:postmeta>
            <wp:postmeta>
                <wp:meta_key>lsb_pages</wp:meta_key>
                <wp:meta_value><![CDATA[90]]></wp:meta_value>
            </wp:postmeta>
            <wp:postmeta>
                <wp:meta_key>_lsb_pages</wp:meta_key>
                <wp:meta_value><![CDATA[lsb_acf_pages]]></wp:meta_value>
            </wp:postmeta>
            <wp:postmeta>
                <wp:meta_key>lsb_review</wp:meta_key>
                <wp:meta_value><![CDATA[  <div>I <strong>Metallet som forandret verden</strong><br />  blir du kjent med hvordan de<br />  laget jern i gamle dager,<br />  og hva det ble brukt til da.<br />  Det har vært mange jernverk i Norge. <br />  Særlig viktig var Næs jernverk på Sørlandet. </div>  <div><br />  </div>  <div>Boka forteller også om moderne jernverk<br />  og om hva jern og stål brukes til i dag.</div>  <div>&#160;</div>  <p>I samme serie fins også <strong>Jakten på det røde gull</strong>,<br />  om metallet kobber, <br />  og <strong>Blåfargen som verden ville ha</strong>, <br />  om kolbotmalm. </p>  ]]></wp:meta_value>
            </wp:postmeta>
            <wp:postmeta>
                <wp:meta_key>_lsb_review</wp:meta_key>
                <wp:meta_value><![CDATA[lsb_acf_review]]></wp:meta_value>
            </wp:postmeta>
            <wp:postmeta>
                <wp:meta_key>lsb_quote</wp:meta_key>
                <wp:meta_value><![CDATA[Malmen ble først delt i mindre stykker.  Det ble kalt pukking.  Først ble malmen pukket med slegger.  Senere ble det bygget pukkverk.  Der brukte man vannkraft  for å knuse malmen til passe store stykker. ]]></wp:meta_value>
            </wp:postmeta>
            <wp:postmeta>
                <wp:meta_key>_lsb_quote</wp:meta_key>
                <wp:meta_value><![CDATA[lsb_acf_quote]]></wp:meta_value>
            </wp:postmeta>
            <wp:postmeta>
                <wp:meta_key>lsb_supported</wp:meta_key>
                <wp:meta_value><![CDATA[1]]></wp:meta_value>
            </wp:postmeta>
            <wp:postmeta>
                <wp:meta_key>_lsb_supported</wp:meta_key>
                <wp:meta_value><![CDATA[lsb_acf_supported]]></wp:meta_value>
            </wp:postmeta>
            <wp:postmeta>
                <wp:meta_key>lsb_support_cat</wp:meta_key>
                <wp:meta_value><![CDATA[purple]]></wp:meta_value>
            </wp:postmeta>
            <wp:postmeta>
                <wp:meta_key>_lsb_support_cat</wp:meta_key>
                <wp:meta_value><![CDATA[lsb_acf_support_cat]]></wp:meta_value>
            </wp:postmeta>
            <category domain="lsb_tax_author" nicename="bjørn-gjefsen-og-steinar-myhr"><![CDATA[Bjørn Gjefsen og Steinar Myhr]]></category>
            <category domain="lsb_tax_publisher" nicename="orkana"><![CDATA[Orkana]]></category>
            <wp:postmeta>
                <wp:meta_key>lsb_look_inside</wp:meta_key>
                <wp:meta_value><![CDATA[CUSTOM_BLA_I_BOKA]]></wp:meta_value>
            </wp:postmeta>
            <wp:postmeta>
                <wp:meta_key>_lsb_look_inside</wp:meta_key>
                <wp:meta_value><![CDATA[lsb_acf_look_inside]]></wp:meta_value>
            </wp:postmeta>
            <category domain="lsb_tax_age" nicename="ungdom"><![CDATA[ungdom]]></category>
            <category domain="lsb_tax_genre" nicename="faglitteratur"><![CDATA[faglitteratur]]></category>
            <category domain="lsb_tax_topic" nicename="historie"><![CDATA[historie]]></category>
            <category domain="lsb_tax_topic" nicename="samfunn"><![CDATA[samfunn]]></category>
            <category domain="lsb_tax_language" nicename="no_nb"><![CDATA[bokmål]]></category>
            <category domain="lsb_tax_customization" nicename="faglitteratur"><![CDATA[faglitteratur]]></category>
            <category domain="lsb_tax_customization" nicename="mange-bilder"><![CDATA[mange bilder]]></category>
            <wp:postmeta>
                <wp:meta_key>_thumbnail_id</wp:meta_key>
                <wp:meta_value><![CDATA[5145]]></wp:meta_value>
            </wp:postmeta>
        </item>
        <item>
            <title>metallet som forandret verden.jpg</title>
            <wp:post_id>5145</wp:post_id>
            <wp:status>inherit</wp:status>
            <wp:post_type>attachment</wp:post_type>
            <wp:attachment_url>https://raw.githubusercontent.com/lesersokerbok/boksok.no-data-utils/master/output-example/images/05A20CFB2E874391B83BD9F428E3BF92.jpg</wp:attachment_url>
        </item>
        <item>
            <wp:post_type>lsb_book</wp:post_type>
            <wp:status>publish</wp:status>
            <title>Glad i deg</title>
            <excerpt:encoded><![CDATA[Glad i deg er ei poetisk bok   med enkle, jordnære ord  om vennskap og kjærleik.   Teksten er kort og leikar med rim og rytme.     ]]></excerpt:encoded>
            <wp:postmeta>
                <wp:meta_key>lsb_isbn</wp:meta_key>
                <wp:meta_value><![CDATA[9788281400634]]></wp:meta_value>
            </wp:postmeta>
            <wp:postmeta>
                <wp:meta_key>_lsb_isbn</wp:meta_key>
                <wp:meta_value><![CDATA[lsb_acf_isbn]]></wp:meta_value>
            </wp:postmeta>
            <wp:postmeta>
                <wp:meta_key>lsb_published_year</wp:meta_key>
                <wp:meta_value><![CDATA[2007]]></wp:meta_value>
            </wp:postmeta>
            <wp:postmeta>
                <wp:meta_key>_lsb_published_year</wp:meta_key>
                <wp:meta_value><![CDATA[lsb_acf_published_year]]></wp:meta_value>
            </wp:postmeta>
            <wp:postmeta>
                <wp:meta_key>lsb_pages</wp:meta_key>
                <wp:meta_value><![CDATA[upag]]></wp:meta_value>
            </wp:postmeta>
            <wp:postmeta>
                <wp:meta_key>_lsb_pages</wp:meta_key>
                <wp:meta_value><![CDATA[lsb_acf_pages]]></wp:meta_value>
            </wp:postmeta>
            <wp:postmeta>
                <wp:meta_key>lsb_review</wp:meta_key>
                <wp:meta_value><![CDATA[  <p>Dette er ei bok for den som kan gle seg <br />  over det som skjer her og no, <br />  men også for den som hugsar <br />  dagen for 30 år sidan betre <br />  enn dagen i går. <br />  Saman med fotografia kan teksten <br />  lokke fram minne og draumar <br />  om det å vere glad i nokon. <br />   <br />  Odveig Klyve (f. 1954) er busett i Stavanger. <br />  Hennar første diktsamling kom i 1993,<br />  dette er hennar sjuande. <br />  Klyve har også skrive barnebøker og <br />  hatt regi på fleire kortfilmar som har vore vist <br />  på internasjonale filmfestivalar i  Europa, USA og India. </p>  <p>Boka er rikt illustrert<br />  med klare og varme fotografi<br />  av Tove Elin Berg (f. 1962).</p>  ]]></wp:meta_value>
            </wp:postmeta>
            <wp:postmeta>
                <wp:meta_key>_lsb_review</wp:meta_key>
                <wp:meta_value><![CDATA[lsb_acf_review]]></wp:meta_value>
            </wp:postmeta>
            <wp:postmeta>
                <wp:meta_key>lsb_quote</wp:meta_key>
                <wp:meta_value><![CDATA[Eg er glad i deg når det er morgon  Glad i deg når det er kveld    Eg er glad i deg når himlen mørknar  Og når skyer blir til eld      ]]></wp:meta_value>
            </wp:postmeta>
            <wp:postmeta>
                <wp:meta_key>_lsb_quote</wp:meta_key>
                <wp:meta_value><![CDATA[lsb_acf_quote]]></wp:meta_value>
            </wp:postmeta>
            <wp:postmeta>
                <wp:meta_key>lsb_supported</wp:meta_key>
                <wp:meta_value><![CDATA[1]]></wp:meta_value>
            </wp:postmeta>
            <wp:postmeta>
                <wp:meta_key>_lsb_supported</wp:meta_key>
                <wp:meta_value><![CDATA[lsb_acf_supported]]></wp:meta_value>
            </wp:postmeta>
            <wp:postmeta>
                <wp:meta_key>lsb_support_cat</wp:meta_key>
                <wp:meta_value><![CDATA[green]]></wp:meta_value>
            </wp:postmeta>
            <wp:postmeta>
                <wp:meta_key>_lsb_support_cat</wp:meta_key>
                <wp:meta_value><![CDATA[lsb_acf_support_cat]]></wp:meta_value>
            </wp:postmeta>
            <category domain="lsb_tax_author" nicename="odveig-klyve"><![CDATA[Odveig Klyve]]></category>
            <category domain="lsb_tax_publisher" nicename="wigestrand"><![CDATA[Wigestrand]]></category>
            <category domain="lsb_tax_illustrator" nicename="tove-elin-berg"><![CDATA[Tove Elin Berg]]></category>
            <wp:postmeta>
                <wp:meta_key>lsb_look_inside</wp:meta_key>
                <wp:meta_value><![CDATA[CUSTOM_BLA_I_BOKA]]></wp:meta_value>
            </wp:postmeta>
            <wp:postmeta>
                <wp:meta_key>_lsb_look_inside</wp:meta_key>
                <wp:meta_value><![CDATA[lsb_acf_look_inside]]></wp:meta_value>
            </wp:postmeta>
            <category domain="lsb_tax_age" nicename="voksne"><![CDATA[voksne]]></category>
            <category domain="lsb_tax_genre" nicename="dikt"><![CDATA[dikt]]></category>
            <category domain="lsb_tax_topic" nicename="kjærlighet"><![CDATA[kjærlighet]]></category>
            <category domain="lsb_tax_language" nicename="no_nb"><![CDATA[bokmål]]></category>
            <category domain="lsb_tax_customization" nicename="demente"><![CDATA[demente]]></category>
            <category domain="lsb_tax_customization" nicename="mange-bilder"><![CDATA[mange bilder]]></category>
            <wp:postmeta>
                <wp:meta_key>_thumbnail_id</wp:meta_key>
                <wp:meta_value><![CDATA[5146]]></wp:meta_value>
            </wp:postmeta>
        </item>
        <item>
            <title>glad i degkomprimert.jpg</title>
            <wp:post_id>5146</wp:post_id>
            <wp:status>inherit</wp:status>
            <wp:post_type>attachment</wp:post_type>
            <wp:attachment_url>https://raw.githubusercontent.com/lesersokerbok/boksok.no-data-utils/master/output-example/images/5A33F209B472492AA1CED426B1EF7060.jpg</wp:attachment_url>
        </item>
        <item>
            <wp:post_type>lsb_book</wp:post_type>
            <wp:status>publish</wp:status>
            <title>Jeg vil alltid elske Burma: Cho Saint Tun forteller</title>
            <excerpt:encoded><![CDATA[Sterk historie om en manns kamp   mot en brutal militærstat  - av kjærlighet til landet sitt.   ]]></excerpt:encoded>
            <wp:postmeta>
                <wp:meta_key>lsb_isbn</wp:meta_key>
                <wp:meta_value><![CDATA[9788281040557]]></wp:meta_value>
            </wp:postmeta>
            <wp:postmeta>
                <wp:meta_key>_lsb_isbn</wp:meta_key>
                <wp:meta_value><![CDATA[lsb_acf_isbn]]></wp:meta_value>
            </wp:postmeta>
            <wp:postmeta>
                <wp:meta_key>lsb_published_year</wp:meta_key>
                <wp:meta_value><![CDATA[2007]]></wp:meta_value>
            </wp:postmeta>
            <wp:postmeta>
                <wp:meta_key>_lsb_published_year</wp:meta_key>
                <wp:meta_value><![CDATA[lsb_acf_published_year]]></wp:meta_value>
            </wp:postmeta>
            <wp:postmeta>
                <wp:meta_key>lsb_pages</wp:meta_key>
                <wp:meta_value><![CDATA[93]]></wp:meta_value>
            </wp:postmeta>
            <wp:postmeta>
                <wp:meta_key>_lsb_pages</wp:meta_key>
                <wp:meta_value><![CDATA[lsb_acf_pages]]></wp:meta_value>
            </wp:postmeta>
            <wp:postmeta>
                <wp:meta_key>lsb_review</wp:meta_key>
                <wp:meta_value><![CDATA[  <p>Cho Saint Tun er flyktning. <br />  Han kom til Norge i 2005, <br />  etter å ha levd med <br />  forfølgelse og tortur i Burma <br />  store deler av sitt liv. <br />  Årsaken var at han kjempet for <br />  et fritt og rettferdig Burma <br />  og støttet Aung San Suu Kyi. </p>  <div>&#160;</div>  <div>Cho Saint Tun forteller sin historie <br />  gjennom forfatter Ragnhild Rossvær.<br />  Hun har tidligere gitt ut boka <br />  <strong>Flyktning i Norge – to kvinner forteller</strong> <br />  sammen med Eli Fiske Antonsen. </div>  <div>&#160;</div>  <div>Det flotte omslaget av boka viser bilde av en påfugl. </div>  <div>Påfuglen er Burmas nasjonalfugl </div>  <div>og et symbol for fred. </div>  ]]></wp:meta_value>
            </wp:postmeta>
            <wp:postmeta>
                <wp:meta_key>_lsb_review</wp:meta_key>
                <wp:meta_value><![CDATA[lsb_acf_review]]></wp:meta_value>
            </wp:postmeta>
            <wp:postmeta>
                <wp:meta_key>lsb_quote</wp:meta_key>
                <wp:meta_value><![CDATA[Klokka to om natta banket det på døra   til bestefars hus. To biler sto foran porten.  40 soldater med våpen omringet huset.  Det er meg de skulle hente.  - Du er kommunist! Du er revolusjonær!  Kom med oss! ropte de.  Jeg fikk bind for øynene og ble kastet inn i bilen.  Der slo de meg bevisstløs.   ]]></wp:meta_value>
            </wp:postmeta>
            <wp:postmeta>
                <wp:meta_key>_lsb_quote</wp:meta_key>
                <wp:meta_value><![CDATA[lsb_acf_quote]]></wp:meta_value>
            </wp:postmeta>
            <wp:postmeta>
                <wp:meta_key>lsb_supported</wp:meta_key>
                <wp:meta_value><![CDATA[1]]></wp:meta_value>
            </wp:postmeta>
            <wp:postmeta>
                <wp:meta_key>_lsb_supported</wp:meta_key>
                <wp:meta_value><![CDATA[lsb_acf_supported]]></wp:meta_value>
            </wp:postmeta>
            <wp:postmeta>
                <wp:meta_key>lsb_support_cat</wp:meta_key>
                <wp:meta_value><![CDATA[purple]]></wp:meta_value>
            </wp:postmeta>
            <wp:postmeta>
                <wp:meta_key>_lsb_support_cat</wp:meta_key>
                <wp:meta_value><![CDATA[lsb_acf_support_cat]]></wp:meta_value>
            </wp:postmeta>
            <category domain="lsb_tax_author" nicename="ragnhild-rossvær"><![CDATA[Ragnhild Rossvær]]></category>
            <category domain="lsb_tax_publisher" nicename="orkana"><![CDATA[Orkana]]></category>
            <wp:postmeta>
                <wp:meta_key>lsb_look_inside</wp:meta_key>
                <wp:meta_value><![CDATA[CUSTOM_BLA_I_BOKA]]></wp:meta_value>
            </wp:postmeta>
            <wp:postmeta>
                <wp:meta_key>_lsb_look_inside</wp:meta_key>
                <wp:meta_value><![CDATA[lsb_acf_look_inside]]></wp:meta_value>
            </wp:postmeta>
            <category domain="lsb_tax_age" nicename="voksne"><![CDATA[voksne]]></category>
            <category domain="lsb_tax_genre" nicename="faglitteratur"><![CDATA[faglitteratur]]></category>
            <category domain="lsb_tax_language" nicename="no_nb"><![CDATA[bokmål]]></category>
            <category domain="lsb_tax_customization" nicename="faglitteratur"><![CDATA[faglitteratur]]></category>
            <category domain="lsb_tax_customization" nicename="ny-i-norge"><![CDATA[ny i norge]]></category>
            <wp:postmeta>
                <wp:meta_key>_thumbnail_id</wp:meta_key>
                <wp:meta_value><![CDATA[5147]]></wp:meta_value>
            </wp:postmeta>
        </item>
        <item>
            <title>Jeg vil alltid elske Burma nett.jpg</title>
            <wp:post_id>5147</wp:post_id>
            <wp:status>inherit</wp:status>
            <wp:post_type>attachment</wp:post_type>
            <wp:attachment_url>https://raw.githubusercontent.com/lesersokerbok/boksok.no-data-utils/master/output-example/images/C61EF25CF5E648B6981314AB27278EB6.jpg</wp:attachment_url>
        </item>
        <item>
            <wp:post_type>lsb_book</wp:post_type>
            <wp:status>publish</wp:status>
            <title>Dager jeg har glemt</title>
            <excerpt:encoded><![CDATA[Dager jeg har glemt handler om  dager man burde huske.  Og noen dager man ikke vil huske.  Den handler om David som er forelsket i Lise  og bestevenn med Tom.   ]]></excerpt:encoded>
            <wp:postmeta>
                <wp:meta_key>lsb_isbn</wp:meta_key>
                <wp:meta_value><![CDATA[9788204138774]]></wp:meta_value>
            </wp:postmeta>
            <wp:postmeta>
                <wp:meta_key>_lsb_isbn</wp:meta_key>
                <wp:meta_value><![CDATA[lsb_acf_isbn]]></wp:meta_value>
            </wp:postmeta>
            <wp:postmeta>
                <wp:meta_key>lsb_published_year</wp:meta_key>
                <wp:meta_value><![CDATA[2007]]></wp:meta_value>
            </wp:postmeta>
            <wp:postmeta>
                <wp:meta_key>_lsb_published_year</wp:meta_key>
                <wp:meta_value><![CDATA[lsb_acf_published_year]]></wp:meta_value>
            </wp:postmeta>
            <wp:postmeta>
                <wp:meta_key>lsb_pages</wp:meta_key>
                <wp:meta_value><![CDATA[upag.]]></wp:meta_value>
            </wp:postmeta>
            <wp:postmeta>
                <wp:meta_key>_lsb_pages</wp:meta_key>
                <wp:meta_value><![CDATA[lsb_acf_pages]]></wp:meta_value>
            </wp:postmeta>
            <wp:postmeta>
                <wp:meta_key>lsb_review</wp:meta_key>
                <wp:meta_value><![CDATA[  <p>Den handler om sommeren da <br />  alt det beste og det verste skjer på èn gang. </p>  <div>Dette er en illustrert roman for ungdom, rå og ærlig.<br />  Boka kan minne om en tegneserie uten ruter, <br />  hvor teksten og bildene <br />  forteller hver sin del av historien.<br />  Boka har lite tekst, <br />  og selv om språket ikke alltid er enkelt, <br />  drives leseren med til siste side.<br />  </div>  <div>&#160;</div>  <div>Arne Svingen har skrevet <br />  en rekke populære bøker <br />  for barn, unge og voksne. <br />  Han har tidligere skrevet <strong>Flaskekongen</strong> <br />  med enkel tekst for voksne.</div>  <p>Mikael Noguchi jobber med dataspill, <br />  reklame og illustrasjon.<br />  I <strong>Dager jeg har glemt</strong> har han illustrert 200 sider.</p>  ]]></wp:meta_value>
            </wp:postmeta>
            <wp:postmeta>
                <wp:meta_key>_lsb_review</wp:meta_key>
                <wp:meta_value><![CDATA[lsb_acf_review]]></wp:meta_value>
            </wp:postmeta>
            <wp:postmeta>
                <wp:meta_key>lsb_quote</wp:meta_key>
                <wp:meta_value><![CDATA[Tenker jeg ikke på det, er det som om ingenting   har hendt. Men det som har skjedd, forsvinner   ikke, sjøl om huet mitt noen ganger tror det.   Hjerner er egentlig ikke så mye verdt, så lenge de   ikke fungerer som de skal. Men hva veit jeg, jeg   er jo bare en som fusker. For det har skjedd.   Jeg veit det, for jeg var der.]]></wp:meta_value>
            </wp:postmeta>
            <wp:postmeta>
                <wp:meta_key>_lsb_quote</wp:meta_key>
                <wp:meta_value><![CDATA[lsb_acf_quote]]></wp:meta_value>
            </wp:postmeta>
            <wp:postmeta>
                <wp:meta_key>lsb_supported</wp:meta_key>
                <wp:meta_value><![CDATA[0]]></wp:meta_value>
            </wp:postmeta>
            <wp:postmeta>
                <wp:meta_key>_lsb_supported</wp:meta_key>
                <wp:meta_value><![CDATA[lsb_acf_supported]]></wp:meta_value>
            </wp:postmeta>
            <category domain="lsb_tax_author" nicename="arne-svingen"><![CDATA[Arne Svingen]]></category>
            <category domain="lsb_tax_publisher" nicename="cappelen-damm"><![CDATA[Cappelen Damm]]></category>
            <category domain="lsb_tax_illustrator" nicename="mikael-noguchi"><![CDATA[Mikael Noguchi]]></category>
            <wp:postmeta>
                <wp:meta_key>lsb_look_inside</wp:meta_key>
                <wp:meta_value><![CDATA[CUSTOM_BLA_I_BOKA]]></wp:meta_value>
            </wp:postmeta>
            <wp:postmeta>
                <wp:meta_key>_lsb_look_inside</wp:meta_key>
                <wp:meta_value><![CDATA[lsb_acf_look_inside]]></wp:meta_value>
            </wp:postmeta>
            <category domain="lsb_tax_age" nicename="ungdom"><![CDATA[ungdom]]></category>
            <category domain="lsb_tax_genre" nicename="prosa"><![CDATA[prosa]]></category>
            <category domain="lsb_tax_topic" nicename="kjærlighet"><![CDATA[kjærlighet]]></category>
            <category domain="lsb_tax_topic" nicename="mennesker-i-mellom"><![CDATA[mennesker i mellom]]></category>
            <category domain="lsb_tax_language" nicename="no_nb"><![CDATA[bokmål]]></category>
            <category domain="lsb_tax_customization" nicename="bilder"><![CDATA[bilder]]></category>
            <category domain="lsb_tax_customization" nicename="mange-bilder"><![CDATA[mange bilder]]></category>
            <wp:postmeta>
                <wp:meta_key>_thumbnail_id</wp:meta_key>
                <wp:meta_value><![CDATA[5148]]></wp:meta_value>
            </wp:postmeta>
        </item>
        <item>
            <title>dager jeg har glemt nett.jpg</title>
            <wp:post_id>5148</wp:post_id>
            <wp:status>inherit</wp:status>
            <wp:post_type>attachment</wp:post_type>
            <wp:attachment_url>https://raw.githubusercontent.com/lesersokerbok/boksok.no-data-utils/master/output-example/images/E0D70C7B465646EA92AEAA9E29323CBF.jpg</wp:attachment_url>
        </item>
        <item>
            <wp:post_type>lsb_book</wp:post_type>
            <wp:status>publish</wp:status>
            <title>Sjenanse</title>
            <excerpt:encoded><![CDATA[Hvis du er sjenert  er du ikke alene.  På noen ser man det bare bedre   enn på andre. ]]></excerpt:encoded>
            <wp:postmeta>
                <wp:meta_key>lsb_isbn</wp:meta_key>
                <wp:meta_value><![CDATA[9788256015535]]></wp:meta_value>
            </wp:postmeta>
            <wp:postmeta>
                <wp:meta_key>_lsb_isbn</wp:meta_key>
                <wp:meta_value><![CDATA[lsb_acf_isbn]]></wp:meta_value>
            </wp:postmeta>
            <wp:postmeta>
                <wp:meta_key>lsb_published_year</wp:meta_key>
                <wp:meta_value><![CDATA[2007]]></wp:meta_value>
            </wp:postmeta>
            <wp:postmeta>
                <wp:meta_key>_lsb_published_year</wp:meta_key>
                <wp:meta_value><![CDATA[lsb_acf_published_year]]></wp:meta_value>
            </wp:postmeta>
            <wp:postmeta>
                <wp:meta_key>lsb_pages</wp:meta_key>
                <wp:meta_value><![CDATA[upag.]]></wp:meta_value>
            </wp:postmeta>
            <wp:postmeta>
                <wp:meta_key>_lsb_pages</wp:meta_key>
                <wp:meta_value><![CDATA[lsb_acf_pages]]></wp:meta_value>
            </wp:postmeta>
            <wp:postmeta>
                <wp:meta_key>lsb_review</wp:meta_key>
                <wp:meta_value><![CDATA[  <p>Og heldigvis fins det gode råd <br />  for å takle det! </p>  <div>Anna Fiske har skrevet en klok bok <br />  om det å være sjenert.<br />  Boka har lite tekst og talende bilder.</div>  <div>&#160;</div>  <p>Anna Fiske har laget fem bøker<br />  i serien <strong>Følelsesbiblioteket.</strong><br />  De fire andre heter <strong>Sinne, Sjalusi, Forelskelse</strong> og <strong>Redd.</strong><br />  For <strong>Sinne</strong> vant hun prisen for <br />  Beste tilrettelagte bok <br />  under Årets vakreste bøker 2006.</p>  <div>&#160;</div>  <div>Bøkene er fine både for<br />  barn og ungdom som vil ha enkel tekst<br />  og voksne som trenger enkelt innhold.</div>  <div>&#160;</div>  <div>  <div><strong>Følelsesbiblioteket</strong> har vært brukt </div>  <div>i et studieopplegg ved NFU (Norsk forbund for utviklingshemmede). </div>  <div>Gruppen hadde stort utbytte av bøkene. </div>  <div>De viste seg å være velegnet </div>  <div>også til de som ikke kan lese selv. </div>  <div>Det ble mange fine samtaler </div>  <div>og erfaringsutvekslinger rundt bøkene. </div>  <div>&#160;</div></div>  <div>  <div>Bildene gir også rom for utdyping, </div>  <div>slik at for eksempel folk i norskopplæring </div>  <div>kan øve seg med å fylle inn "tomrommene" med norske ord.  </div>  <div>&#160;</div>  <div>  <div>Serien har også vært brukt i et lese- og skriveprosjekt </div>  <div>ved Rosenhof VO i Oslo. </div>  <div>Bøkene egnet seg godt til språktrening. </div>  <div>Elevene snakket om det de hadde lest </div>  <div>og skrev tekster om følelser.   </div></div></div>  ]]></wp:meta_value>
            </wp:postmeta>
            <wp:postmeta>
                <wp:meta_key>_lsb_review</wp:meta_key>
                <wp:meta_value><![CDATA[lsb_acf_review]]></wp:meta_value>
            </wp:postmeta>
            <wp:postmeta>
                <wp:meta_key>lsb_quote</wp:meta_key>
                <wp:meta_value><![CDATA[MAN VIL SLIPPE Å SI NOE  SAMTIDIG SOM MAN VIL BLI SETT.    ETTERPÅ FØLER MAN SEG  SOM LUFT.]]></wp:meta_value>
            </wp:postmeta>
            <wp:postmeta>
                <wp:meta_key>_lsb_quote</wp:meta_key>
                <wp:meta_value><![CDATA[lsb_acf_quote]]></wp:meta_value>
            </wp:postmeta>
            <wp:postmeta>
                <wp:meta_key>lsb_supported</wp:meta_key>
                <wp:meta_value><![CDATA[1]]></wp:meta_value>
            </wp:postmeta>
            <wp:postmeta>
                <wp:meta_key>_lsb_supported</wp:meta_key>
                <wp:meta_value><![CDATA[lsb_acf_supported]]></wp:meta_value>
            </wp:postmeta>
            <wp:postmeta>
                <wp:meta_key>lsb_support_cat</wp:meta_key>
                <wp:meta_value><![CDATA[purple]]></wp:meta_value>
            </wp:postmeta>
            <wp:postmeta>
                <wp:meta_key>_lsb_support_cat</wp:meta_key>
                <wp:meta_value><![CDATA[lsb_acf_support_cat]]></wp:meta_value>
            </wp:postmeta>
            <category domain="lsb_tax_author" nicename="anna-fiske"><![CDATA[Anna Fiske]]></category>
            <category domain="lsb_tax_publisher" nicename="solum"><![CDATA[Solum]]></category>
            <category domain="lsb_tax_illustrator" nicename="anna-fiske"><![CDATA[Anna Fiske]]></category>
            <wp:postmeta>
                <wp:meta_key>lsb_look_inside</wp:meta_key>
                <wp:meta_value><![CDATA[CUSTOM_BLA_I_BOKA]]></wp:meta_value>
            </wp:postmeta>
            <wp:postmeta>
                <wp:meta_key>_lsb_look_inside</wp:meta_key>
                <wp:meta_value><![CDATA[lsb_acf_look_inside]]></wp:meta_value>
            </wp:postmeta>
            <category domain="lsb_tax_age" nicename="barn"><![CDATA[barn]]></category>
            <category domain="lsb_tax_age" nicename="voksne"><![CDATA[voksne]]></category>
            <category domain="lsb_tax_age" nicename="ungdom"><![CDATA[ungdom]]></category>
            <category domain="lsb_tax_topic" nicename="humor"><![CDATA[humor]]></category>
            <category domain="lsb_tax_language" nicename="no_nb"><![CDATA[bokmål]]></category>
            <category domain="lsb_tax_customization" nicename="bilder"><![CDATA[bilder]]></category>
            <category domain="lsb_tax_customization" nicename="ny-i-norge"><![CDATA[ny i norge]]></category>
            <category domain="lsb_tax_customization" nicename="mange-bilder"><![CDATA[mange bilder]]></category>
            <wp:postmeta>
                <wp:meta_key>_thumbnail_id</wp:meta_key>
                <wp:meta_value><![CDATA[5149]]></wp:meta_value>
            </wp:postmeta>
        </item>
        <item>
            <title>sjenanse nett.jpg</title>
            <wp:post_id>5149</wp:post_id>
            <wp:status>inherit</wp:status>
            <wp:post_type>attachment</wp:post_type>
            <wp:attachment_url>https://raw.githubusercontent.com/lesersokerbok/boksok.no-data-utils/master/output-example/images/8F052C39BA014E24842A0D8A96CD2249.jpg</wp:attachment_url>
        </item>
        <item>
            <wp:post_type>lsb_book</wp:post_type>
            <wp:status>publish</wp:status>
            <title>Forelskelse</title>
            <excerpt:encoded><![CDATA[Forelskelse får kroppen til å dirre.  Du blir varm og kald, og du svever.  Og hva gjør du når du lurer på  om noen er forelsket i deg?]]></excerpt:encoded>
            <wp:postmeta>
                <wp:meta_key>lsb_isbn</wp:meta_key>
                <wp:meta_value><![CDATA[9788256015672]]></wp:meta_value>
            </wp:postmeta>
            <wp:postmeta>
                <wp:meta_key>_lsb_isbn</wp:meta_key>
                <wp:meta_value><![CDATA[lsb_acf_isbn]]></wp:meta_value>
            </wp:postmeta>
            <wp:postmeta>
                <wp:meta_key>lsb_published_year</wp:meta_key>
                <wp:meta_value><![CDATA[2007]]></wp:meta_value>
            </wp:postmeta>
            <wp:postmeta>
                <wp:meta_key>_lsb_published_year</wp:meta_key>
                <wp:meta_value><![CDATA[lsb_acf_published_year]]></wp:meta_value>
            </wp:postmeta>
            <wp:postmeta>
                <wp:meta_key>lsb_pages</wp:meta_key>
                <wp:meta_value><![CDATA[upag.]]></wp:meta_value>
            </wp:postmeta>
            <wp:postmeta>
                <wp:meta_key>_lsb_pages</wp:meta_key>
                <wp:meta_value><![CDATA[lsb_acf_pages]]></wp:meta_value>
            </wp:postmeta>
            <wp:postmeta>
                <wp:meta_key>lsb_review</wp:meta_key>
                <wp:meta_value><![CDATA[  <div>Anna Fiske har skrevet<br />  om det å være forelsket,<br />  på godt og vondt.<br />  Boka har lite tekst,<br />  og fargestrålende flotte bilder<br />  som viser styrken i det å forelske seg.</div>  <div>&#160;</div>  <div>Anna Fiske har skrevet seks bøker <br />  i serien <strong>Følelsesbiblioteket.<br />  </strong>De fire andre heter <strong>Sjenanse, Sjalusi, <br />  Redd, Sorg</strong> og <strong>Sinne</strong>. </div>  <div><strong>Sinne</strong> vant prisen for beste tilrettelagte bok<br />  under Årets vakreste bøker 2006.</div>  <div><br />  Hun har også laget en rekke andre bøker <br />  med enkel tekst eller innhold.</div>  <div>Disse bøkene er fine både for <br />  barn og ungdom som vil ha enkel tekst<br />  og for voksne som trenger enkelt innhold.</div>  <div>&#160;</div>  <div><strong>Følelsesbiblioteket</strong> har vært brukt </div>  <div>i et studieopplegg ved NFU (Norsk forbund for utviklingshemmede). </div>  <div>Gruppen hadde stort utbytte av bøkene. </div>  <div>De viste seg å være velegnet </div>  <div>også til de som ikke kan lese selv. </div>  <div>Det ble mange fine samtaler </div>  <div>og erfaringsutvekslinger rundt bøkene. </div>  <div>&#160;</div>  <div>  <div>Bildene gir også rom for utdyping, </div>  <div>slik at for eksempel folk i norskopplæring </div>  <div>kan øve seg med å fylle inn "tomrommene" med norske ord. </div>  <div>&#160;</div>  <div>Serien har også vært brukt i et lese- og skriveprosjekt </div>  <div>ved Rosenhof VO i Oslo. </div>  <div>Bøkene egnet seg godt til språktrening. </div>  <div>Elevene snakket om det de hadde lest </div>  <div>og skrev tekster om følelser.   </div></div>  ]]></wp:meta_value>
            </wp:postmeta>
            <wp:postmeta>
                <wp:meta_key>_lsb_review</wp:meta_key>
                <wp:meta_value><![CDATA[lsb_acf_review]]></wp:meta_value>
            </wp:postmeta>
            <wp:postmeta>
                <wp:meta_key>lsb_quote</wp:meta_key>
                <wp:meta_value><![CDATA[ULYKKELIG KJÆRLIGHET  ER SMERTEFULLT.    MAN GRÅTER TIL   TÅRENE TAR SLUTT.]]></wp:meta_value>
            </wp:postmeta>
            <wp:postmeta>
                <wp:meta_key>_lsb_quote</wp:meta_key>
                <wp:meta_value><![CDATA[lsb_acf_quote]]></wp:meta_value>
            </wp:postmeta>
            <wp:postmeta>
                <wp:meta_key>lsb_supported</wp:meta_key>
                <wp:meta_value><![CDATA[1]]></wp:meta_value>
            </wp:postmeta>
            <wp:postmeta>
                <wp:meta_key>_lsb_supported</wp:meta_key>
                <wp:meta_value><![CDATA[lsb_acf_supported]]></wp:meta_value>
            </wp:postmeta>
            <wp:postmeta>
                <wp:meta_key>lsb_support_cat</wp:meta_key>
                <wp:meta_value><![CDATA[purple]]></wp:meta_value>
            </wp:postmeta>
            <wp:postmeta>
                <wp:meta_key>_lsb_support_cat</wp:meta_key>
                <wp:meta_value><![CDATA[lsb_acf_support_cat]]></wp:meta_value>
            </wp:postmeta>
            <category domain="lsb_tax_author" nicename="anna-fiske"><![CDATA[Anna Fiske]]></category>
            <category domain="lsb_tax_publisher" nicename="solum"><![CDATA[Solum]]></category>
            <category domain="lsb_tax_illustrator" nicename="anna-fiske"><![CDATA[Anna Fiske]]></category>
            <wp:postmeta>
                <wp:meta_key>lsb_look_inside</wp:meta_key>
                <wp:meta_value><![CDATA[CUSTOM_BLA_I_BOKA]]></wp:meta_value>
            </wp:postmeta>
            <wp:postmeta>
                <wp:meta_key>_lsb_look_inside</wp:meta_key>
                <wp:meta_value><![CDATA[lsb_acf_look_inside]]></wp:meta_value>
            </wp:postmeta>
            <category domain="lsb_tax_age" nicename="barn"><![CDATA[barn]]></category>
            <category domain="lsb_tax_age" nicename="voksne"><![CDATA[voksne]]></category>
            <category domain="lsb_tax_age" nicename="ungdom"><![CDATA[ungdom]]></category>
            <category domain="lsb_tax_topic" nicename="humor"><![CDATA[humor]]></category>
            <category domain="lsb_tax_language" nicename="no_nb"><![CDATA[bokmål]]></category>
            <category domain="lsb_tax_customization" nicename="bilder"><![CDATA[bilder]]></category>
            <category domain="lsb_tax_customization" nicename="ny-i-norge"><![CDATA[ny i norge]]></category>
            <category domain="lsb_tax_customization" nicename="mange-bilder"><![CDATA[mange bilder]]></category>
            <wp:postmeta>
                <wp:meta_key>_thumbnail_id</wp:meta_key>
                <wp:meta_value><![CDATA[5150]]></wp:meta_value>
            </wp:postmeta>
        </item>
        <item>
            <title>forelskelse nett.jpg</title>
            <wp:post_id>5150</wp:post_id>
            <wp:status>inherit</wp:status>
            <wp:post_type>attachment</wp:post_type>
            <wp:attachment_url>https://raw.githubusercontent.com/lesersokerbok/boksok.no-data-utils/master/output-example/images/7B1635AE9EEE4FF2B6359A00CDF68DF2.jpg</wp:attachment_url>
        </item>
        <item>
            <wp:post_type>lsb_book</wp:post_type>
            <wp:status>publish</wp:status>
            <title>Trekkspill-tvillingene</title>
            <excerpt:encoded><![CDATA[Trekkspill-tvillingene er en morsom   og spennende krim fra Levi Henriksen. ]]></excerpt:encoded>
            <wp:postmeta>
                <wp:meta_key>lsb_isbn</wp:meta_key>
                <wp:meta_value><![CDATA[9788205377523]]></wp:meta_value>
            </wp:postmeta>
            <wp:postmeta>
                <wp:meta_key>_lsb_isbn</wp:meta_key>
                <wp:meta_value><![CDATA[lsb_acf_isbn]]></wp:meta_value>
            </wp:postmeta>
            <wp:postmeta>
                <wp:meta_key>lsb_published_year</wp:meta_key>
                <wp:meta_value><![CDATA[2007]]></wp:meta_value>
            </wp:postmeta>
            <wp:postmeta>
                <wp:meta_key>_lsb_published_year</wp:meta_key>
                <wp:meta_value><![CDATA[lsb_acf_published_year]]></wp:meta_value>
            </wp:postmeta>
            <wp:postmeta>
                <wp:meta_key>lsb_pages</wp:meta_key>
                <wp:meta_value><![CDATA[60]]></wp:meta_value>
            </wp:postmeta>
            <wp:postmeta>
                <wp:meta_key>_lsb_pages</wp:meta_key>
                <wp:meta_value><![CDATA[lsb_acf_pages]]></wp:meta_value>
            </wp:postmeta>
            <wp:postmeta>
                <wp:meta_key>lsb_review</wp:meta_key>
                <wp:meta_value><![CDATA[  <p>Det er palmesøndag.<br />  Sofus Bergimellom er alene i bilen<br />  når han finner et lik uten hode.<br />  Det viser seg å være liket av<br />  den rikeste mannen i bygda.<br />  Mistanken går raskt mot Mons Viksand,<br />  en av trekkspill-tvillingene.</p>  <div>Sofus forsøker å komme til bunns <br />  i saken, godt hjulpet av en kvinne:<br />  Kvinnen han ikke har sett på over 25 år,<br />  og som han aldri har klart å glemme.</div>  <div>&#160;</div>  <div>Som vanlig skriver <strong>Levi Henriksen</strong><br />  om nokså sære typer.<br />  Det er hylende morsomt,<br />  og tempoet er høyt<br />  i denne krimfortellinga<br />  fra bygda Skogli.</div>  <div>&#160;</div>  <p>Levi Henriksen er en av<br />  våre beste forfattere.<br />  Han er en mester til å skrive<br />  i et lite og knapt format.<br />  <strong>Trekkspill-tvillingene</strong> er hans <br />  andre roman med enkel tekst.<br />  Den første het <strong>Den aller siste mohikaner</strong><br />  og kom ut i 2006. </p>  <p>Boka finnes også som lydbok. </p>  ]]></wp:meta_value>
            </wp:postmeta>
            <wp:postmeta>
                <wp:meta_key>_lsb_review</wp:meta_key>
                <wp:meta_value><![CDATA[lsb_acf_review]]></wp:meta_value>
            </wp:postmeta>
            <wp:postmeta>
                <wp:meta_key>lsb_quote</wp:meta_key>
                <wp:meta_value><![CDATA[Dette var en detektime fra virkeligheten,  en detektime med han sjøl i hovedrollen.   Sofus Bergimellom, tidligere pølsemaker,  hadde først funnet et hodeløst lik.  Så hadde hodet til liket funnet Sofus.]]></wp:meta_value>
            </wp:postmeta>
            <wp:postmeta>
                <wp:meta_key>_lsb_quote</wp:meta_key>
                <wp:meta_value><![CDATA[lsb_acf_quote]]></wp:meta_value>
            </wp:postmeta>
            <wp:postmeta>
                <wp:meta_key>lsb_supported</wp:meta_key>
                <wp:meta_value><![CDATA[1]]></wp:meta_value>
            </wp:postmeta>
            <wp:postmeta>
                <wp:meta_key>_lsb_supported</wp:meta_key>
                <wp:meta_value><![CDATA[lsb_acf_supported]]></wp:meta_value>
            </wp:postmeta>
            <wp:postmeta>
                <wp:meta_key>lsb_support_cat</wp:meta_key>
                <wp:meta_value><![CDATA[purple]]></wp:meta_value>
            </wp:postmeta>
            <wp:postmeta>
                <wp:meta_key>_lsb_support_cat</wp:meta_key>
                <wp:meta_value><![CDATA[lsb_acf_support_cat]]></wp:meta_value>
            </wp:postmeta>
            <category domain="lsb_tax_author" nicename="levi-henriksen"><![CDATA[Levi Henriksen]]></category>
            <category domain="lsb_tax_publisher" nicename="gyldendal-"><![CDATA[Gyldendal ]]></category>
            <wp:postmeta>
                <wp:meta_key>lsb_look_inside</wp:meta_key>
                <wp:meta_value><![CDATA[CUSTOM_BLA_I_BOKA]]></wp:meta_value>
            </wp:postmeta>
            <wp:postmeta>
                <wp:meta_key>_lsb_look_inside</wp:meta_key>
                <wp:meta_value><![CDATA[lsb_acf_look_inside]]></wp:meta_value>
            </wp:postmeta>
            <category domain="lsb_tax_age" nicename="voksne"><![CDATA[voksne]]></category>
            <category domain="lsb_tax_genre" nicename="prosa"><![CDATA[prosa]]></category>
            <category domain="lsb_tax_topic" nicename="humor"><![CDATA[humor]]></category>
            <category domain="lsb_tax_topic" nicename="mennesker-i-mellom"><![CDATA[mennesker i mellom]]></category>
            <category domain="lsb_tax_topic" nicename="krim"><![CDATA[krim]]></category>
            <category domain="lsb_tax_topic" nicename="spenning"><![CDATA[spenning]]></category>
            <category domain="lsb_tax_language" nicename="no_nb"><![CDATA[bokmål]]></category>
            <category domain="lsb_tax_customization" nicename="skjønnlitteratur"><![CDATA[skjønnlitteratur]]></category>
            <wp:postmeta>
                <wp:meta_key>_thumbnail_id</wp:meta_key>
                <wp:meta_value><![CDATA[5151]]></wp:meta_value>
            </wp:postmeta>
        </item>
        <item>
            <title>Trekkspilltvillingene nett.jpg</title>
            <wp:post_id>5151</wp:post_id>
            <wp:status>inherit</wp:status>
            <wp:post_type>attachment</wp:post_type>
            <wp:attachment_url>https://raw.githubusercontent.com/lesersokerbok/boksok.no-data-utils/master/output-example/images/937704B469CB4946B9148A73C584F736.jpg</wp:attachment_url>
        </item>
        <item>
            <wp:post_type>lsb_book</wp:post_type>
            <wp:status>publish</wp:status>
            <title>Bisk</title>
            <excerpt:encoded><![CDATA[Bisk er en hund uten navn,   i historier som fortelles uten ord.   ]]></excerpt:encoded>
            <wp:postmeta>
                <wp:meta_key>lsb_isbn</wp:meta_key>
                <wp:meta_value><![CDATA[977150183260504]]></wp:meta_value>
            </wp:postmeta>
            <wp:postmeta>
                <wp:meta_key>_lsb_isbn</wp:meta_key>
                <wp:meta_value><![CDATA[lsb_acf_isbn]]></wp:meta_value>
            </wp:postmeta>
            <wp:postmeta>
                <wp:meta_key>lsb_published_year</wp:meta_key>
                <wp:meta_value><![CDATA[2003]]></wp:meta_value>
            </wp:postmeta>
            <wp:postmeta>
                <wp:meta_key>_lsb_published_year</wp:meta_key>
                <wp:meta_value><![CDATA[lsb_acf_published_year]]></wp:meta_value>
            </wp:postmeta>
            <wp:postmeta>
                <wp:meta_key>lsb_pages</wp:meta_key>
                <wp:meta_value><![CDATA[upag]]></wp:meta_value>
            </wp:postmeta>
            <wp:postmeta>
                <wp:meta_key>_lsb_pages</wp:meta_key>
                <wp:meta_value><![CDATA[lsb_acf_pages]]></wp:meta_value>
            </wp:postmeta>
            <wp:postmeta>
                <wp:meta_key>lsb_review</wp:meta_key>
                <wp:meta_value><![CDATA[  <p>Tegningene bruker bare sort og hvitt,<br />  men allikevel formidler de både humor,<br />  innsikt, gåter og sprø innfall.<br />  Kanskje er hunden menneskets beste venn<br />  fordi vi er så like?</p>  <div>&#160;</div>  <div>Hefte med korte serier, <br />  de fleste på bare èn side.</div>  ]]></wp:meta_value>
            </wp:postmeta>
            <wp:postmeta>
                <wp:meta_key>_lsb_review</wp:meta_key>
                <wp:meta_value><![CDATA[lsb_acf_review]]></wp:meta_value>
            </wp:postmeta>
            <wp:postmeta>
                <wp:meta_key>lsb_quote</wp:meta_key>
                <wp:meta_value/>
            </wp:postmeta>
            <wp:postmeta>
                <wp:meta_key>_lsb_quote</wp:meta_key>
                <wp:meta_value><![CDATA[lsb_acf_quote]]></wp:meta_value>
            </wp:postmeta>
            <wp:postmeta>
                <wp:meta_key>lsb_supported</wp:meta_key>
                <wp:meta_value><![CDATA[0]]></wp:meta_value>
            </wp:postmeta>
            <wp:postmeta>
                <wp:meta_key>_lsb_supported</wp:meta_key>
                <wp:meta_value><![CDATA[lsb_acf_supported]]></wp:meta_value>
            </wp:postmeta>
            <category domain="lsb_tax_author" nicename="bjørn-ousland"><![CDATA[Bjørn Ousland]]></category>
            <category domain="lsb_tax_publisher" nicename="jippi"><![CDATA[Jippi]]></category>
            <category domain="lsb_tax_illustrator" nicename="bjørn-ousland"><![CDATA[Bjørn Ousland]]></category>
            <wp:postmeta>
                <wp:meta_key>lsb_look_inside</wp:meta_key>
                <wp:meta_value><![CDATA[CUSTOM_BLA_I_BOKA]]></wp:meta_value>
            </wp:postmeta>
            <wp:postmeta>
                <wp:meta_key>_lsb_look_inside</wp:meta_key>
                <wp:meta_value><![CDATA[lsb_acf_look_inside]]></wp:meta_value>
            </wp:postmeta>
            <category domain="lsb_tax_age" nicename="barn"><![CDATA[barn]]></category>
            <category domain="lsb_tax_age" nicename="ungdom"><![CDATA[ungdom]]></category>
            <category domain="lsb_tax_age" nicename="voksne"><![CDATA[voksne]]></category>
            <category domain="lsb_tax_topic" nicename="humor"><![CDATA[humor]]></category>
            <category domain="lsb_tax_topic" nicename="mennesker-i-mellom"><![CDATA[mennesker i mellom]]></category>
            <category domain="lsb_tax_customization" nicename="bilder"><![CDATA[bilder]]></category>
            <category domain="lsb_tax_customization" nicename="mange-bilder"><![CDATA[mange bilder]]></category>
            <wp:postmeta>
                <wp:meta_key>_thumbnail_id</wp:meta_key>
                <wp:meta_value><![CDATA[5152]]></wp:meta_value>
            </wp:postmeta>
        </item>
        <item>
            <title>bisk.jpg</title>
            <wp:post_id>5152</wp:post_id>
            <wp:status>inherit</wp:status>
            <wp:post_type>attachment</wp:post_type>
            <wp:attachment_url>https://raw.githubusercontent.com/lesersokerbok/boksok.no-data-utils/master/output-example/images/6212B5DE49BC41ADB9F4E4C6DF0ECA91.jpg</wp:attachment_url>
        </item>
        <item>
            <wp:post_type>lsb_book</wp:post_type>
            <wp:status>publish</wp:status>
            <title>Vi gir oss aldri</title>
            <excerpt:encoded><![CDATA[Linn og Unni er nye i klassen.   Dei bestemmer seg for å halde saman.  Dei møter gutar, som verkar   både interessante og interesserte.   Dei venter på at noko skal skje...  ]]></excerpt:encoded>
            <wp:postmeta>
                <wp:meta_key>lsb_isbn</wp:meta_key>
                <wp:meta_value><![CDATA[9788252170085]]></wp:meta_value>
            </wp:postmeta>
            <wp:postmeta>
                <wp:meta_key>_lsb_isbn</wp:meta_key>
                <wp:meta_value><![CDATA[lsb_acf_isbn]]></wp:meta_value>
            </wp:postmeta>
            <wp:postmeta>
                <wp:meta_key>lsb_published_year</wp:meta_key>
                <wp:meta_value><![CDATA[2007]]></wp:meta_value>
            </wp:postmeta>
            <wp:postmeta>
                <wp:meta_key>_lsb_published_year</wp:meta_key>
                <wp:meta_value><![CDATA[lsb_acf_published_year]]></wp:meta_value>
            </wp:postmeta>
            <wp:postmeta>
                <wp:meta_key>lsb_pages</wp:meta_key>
                <wp:meta_value><![CDATA[74]]></wp:meta_value>
            </wp:postmeta>
            <wp:postmeta>
                <wp:meta_key>_lsb_pages</wp:meta_key>
                <wp:meta_value><![CDATA[lsb_acf_pages]]></wp:meta_value>
            </wp:postmeta>
            <wp:postmeta>
                <wp:meta_key>lsb_review</wp:meta_key>
                <wp:meta_value><![CDATA[  <div>Ved sia av dette strir jentene <br />  med kvar sine saker.<br />  Linn bur saman med fosterforeldre.<br />  Unni bor åleine med mor si.<br />  Mora har fått seg ny kjærast, <br />  men Unni synest at han er ekkel.<br />  Ho blir ute av seg då ho får høyre<br />  at han skal tilbringe jula hos dei.<br />  Ho stolar ikkje på han.<br />  Det skal vise seg at ho har rett<br />  i mistankane sine.</div>  <div>&#160;</div>  <p><strong>Vi gir oss ald</strong>ri er ei bok i serien <strong>Komet</strong>, <br />  og egnar seg for unge frå tretten år <br />  og oppover. </p>  ]]></wp:meta_value>
            </wp:postmeta>
            <wp:postmeta>
                <wp:meta_key>_lsb_review</wp:meta_key>
                <wp:meta_value><![CDATA[lsb_acf_review]]></wp:meta_value>
            </wp:postmeta>
            <wp:postmeta>
                <wp:meta_key>lsb_quote</wp:meta_key>
                <wp:meta_value><![CDATA[Linn er tilbake på skulen og står og venter på meg.  Vi går saman inn i klasserommet og tar plass   ved sida av kvarandre.  - Ny dag, kviskrer Linn.  Ei veit kva ho vil seie vidare. Ho seier det same kvar   dag.  - Alt kjekt kan skje, kviskrar ho.  Det er mottoet hennar: Alt kjekt kan skje.  Ho trur på det. ]]></wp:meta_value>
            </wp:postmeta>
            <wp:postmeta>
                <wp:meta_key>_lsb_quote</wp:meta_key>
                <wp:meta_value><![CDATA[lsb_acf_quote]]></wp:meta_value>
            </wp:postmeta>
            <wp:postmeta>
                <wp:meta_key>lsb_supported</wp:meta_key>
                <wp:meta_value><![CDATA[0]]></wp:meta_value>
            </wp:postmeta>
            <wp:postmeta>
                <wp:meta_key>_lsb_supported</wp:meta_key>
                <wp:meta_value><![CDATA[lsb_acf_supported]]></wp:meta_value>
            </wp:postmeta>
            <category domain="lsb_tax_author" nicename="bente-bratlund"><![CDATA[Bente Bratlund]]></category>
            <category domain="lsb_tax_publisher" nicename="samlaget"><![CDATA[Samlaget]]></category>
            <wp:postmeta>
                <wp:meta_key>lsb_look_inside</wp:meta_key>
                <wp:meta_value><![CDATA[CUSTOM_BLA_I_BOKA]]></wp:meta_value>
            </wp:postmeta>
            <wp:postmeta>
                <wp:meta_key>_lsb_look_inside</wp:meta_key>
                <wp:meta_value><![CDATA[lsb_acf_look_inside]]></wp:meta_value>
            </wp:postmeta>
            <category domain="lsb_tax_age" nicename="ungdom"><![CDATA[ungdom]]></category>
            <category domain="lsb_tax_genre" nicename="prosa"><![CDATA[prosa]]></category>
            <category domain="lsb_tax_topic" nicename="mennesker-i-mellom"><![CDATA[mennesker i mellom]]></category>
            <category domain="lsb_tax_language" nicename="no_nn"><![CDATA[nynorsk]]></category>
            <category domain="lsb_tax_customization" nicename="skjønnlitteratur"><![CDATA[skjønnlitteratur]]></category>
            <wp:postmeta>
                <wp:meta_key>_thumbnail_id</wp:meta_key>
                <wp:meta_value><![CDATA[5153]]></wp:meta_value>
            </wp:postmeta>
        </item>
        <item>
            <title>vi gir oss aldri nett.jpg</title>
            <wp:post_id>5153</wp:post_id>
            <wp:status>inherit</wp:status>
            <wp:post_type>attachment</wp:post_type>
            <wp:attachment_url>https://raw.githubusercontent.com/lesersokerbok/boksok.no-data-utils/master/output-example/images/93C3C8387B60411993FCC6CD2349FDBC.jpg</wp:attachment_url>
        </item>
        <item>
            <wp:post_type>lsb_book</wp:post_type>
            <wp:status>publish</wp:status>
            <title>Pondus - sju lange og sju breie</title>
            <excerpt:encoded><![CDATA[Dette er den sjuende boka om Pondus.   Det utrolige skjer: Jokke får seg samboer!  Hvordan skal dette gå?  ]]></excerpt:encoded>
            <wp:postmeta>
                <wp:meta_key>lsb_isbn</wp:meta_key>
                <wp:meta_value><![CDATA[9788242931320]]></wp:meta_value>
            </wp:postmeta>
            <wp:postmeta>
                <wp:meta_key>_lsb_isbn</wp:meta_key>
                <wp:meta_value><![CDATA[lsb_acf_isbn]]></wp:meta_value>
            </wp:postmeta>
            <wp:postmeta>
                <wp:meta_key>lsb_published_year</wp:meta_key>
                <wp:meta_value><![CDATA[2007]]></wp:meta_value>
            </wp:postmeta>
            <wp:postmeta>
                <wp:meta_key>_lsb_published_year</wp:meta_key>
                <wp:meta_value><![CDATA[lsb_acf_published_year]]></wp:meta_value>
            </wp:postmeta>
            <wp:postmeta>
                <wp:meta_key>lsb_pages</wp:meta_key>
                <wp:meta_value><![CDATA[176]]></wp:meta_value>
            </wp:postmeta>
            <wp:postmeta>
                <wp:meta_key>_lsb_pages</wp:meta_key>
                <wp:meta_value><![CDATA[lsb_acf_pages]]></wp:meta_value>
            </wp:postmeta>
            <wp:postmeta>
                <wp:meta_key>lsb_review</wp:meta_key>
                <wp:meta_value><![CDATA[  <div>Frode Øverli er fra Bergen. <br />  Han er en av forfatterne som selger mest i Norge, <br />  selv om han lager tegneserier. <br />  Serien Pondus er høyt elsket <br />  både av lesere og anmeldere. <br />  Tegneserien har satt en ny standard <br />  for humorstriper. </div>  <div>&#160;</div>  <div>Boka har en egen type håndskrevet  font</div>  <div>som kan være litt vanskelig å lese enkelte steder. </div>  <div>Teksten er litt sammenpresset i noen av rutene. </div>  <div>&#160;</div>  <div>Vi kan anbefale alle ti bøker i denne serien, </div>  <div>men legger inn kun denne tittelen i Boksøk. </div>  <div>&#160;</div>  <div>Det er imidlertid kun noen av bøkene som er i salg: </div>  <div><strong>&#160;</strong></div>  <div><strong>Pondus 8.divisjon</strong> (2008)</div>  <div><strong>Pondus nummer 9</strong> (2009)</div>  <div><strong>Pondus - ti tette og en badehette</strong> (2010)</div>  <div>&#160;</div>  <div>Pondus-bøkene kan kjøpes hos Bokkilden, </div>  <div>eller direkte fra Egmont Serieforlaget. </div>  ]]></wp:meta_value>
            </wp:postmeta>
            <wp:postmeta>
                <wp:meta_key>_lsb_review</wp:meta_key>
                <wp:meta_value><![CDATA[lsb_acf_review]]></wp:meta_value>
            </wp:postmeta>
            <wp:postmeta>
                <wp:meta_key>lsb_quote</wp:meta_key>
                <wp:meta_value><![CDATA[- DA GÅR VI! VI ER SENT UTE!    - HVA DRIVER DU MED?  - JEG PRØVER Å FÅ TIDEN TIL Å STÅ STILLE!    - PONDUS! TA DEG SAMMEN! VI SKAL TIL MAMMA I MIDDAGSBESØK! NÅ! INGEN KAN FÅ TIDEN TIL Å STÅ STILLE!    - Din mor klarer det!  - OG IKKE ENGANG TENK PÅ Å SI ]]></wp:meta_value>
            </wp:postmeta>
            <wp:postmeta>
                <wp:meta_key>_lsb_quote</wp:meta_key>
                <wp:meta_value><![CDATA[lsb_acf_quote]]></wp:meta_value>
            </wp:postmeta>
            <wp:postmeta>
                <wp:meta_key>lsb_supported</wp:meta_key>
                <wp:meta_value><![CDATA[0]]></wp:meta_value>
            </wp:postmeta>
            <wp:postmeta>
                <wp:meta_key>_lsb_supported</wp:meta_key>
                <wp:meta_value><![CDATA[lsb_acf_supported]]></wp:meta_value>
            </wp:postmeta>
            <category domain="lsb_tax_author" nicename="frode-øverli"><![CDATA[Frode Øverli]]></category>
            <category domain="lsb_tax_publisher" nicename="egmont-serieforlaget"><![CDATA[Egmont Serieforlaget]]></category>
            <category domain="lsb_tax_illustrator" nicename="frode-øverli"><![CDATA[Frode Øverli]]></category>
            <wp:postmeta>
                <wp:meta_key>lsb_look_inside</wp:meta_key>
                <wp:meta_value><![CDATA[CUSTOM_BLA_I_BOKA]]></wp:meta_value>
            </wp:postmeta>
            <wp:postmeta>
                <wp:meta_key>_lsb_look_inside</wp:meta_key>
                <wp:meta_value><![CDATA[lsb_acf_look_inside]]></wp:meta_value>
            </wp:postmeta>
            <category domain="lsb_tax_age" nicename="voksne"><![CDATA[voksne]]></category>
            <category domain="lsb_tax_topic" nicename="humor"><![CDATA[humor]]></category>
            <category domain="lsb_tax_language" nicename="no_nb"><![CDATA[bokmål]]></category>
            <category domain="lsb_tax_customization" nicename="bilder"><![CDATA[bilder]]></category>
            <category domain="lsb_tax_customization" nicename="mange-bilder"><![CDATA[mange bilder]]></category>
            <wp:postmeta>
                <wp:meta_key>_thumbnail_id</wp:meta_key>
                <wp:meta_value><![CDATA[5154]]></wp:meta_value>
            </wp:postmeta>
        </item>
        <item>
            <title>pondus 7 nett.jpg</title>
            <wp:post_id>5154</wp:post_id>
            <wp:status>inherit</wp:status>
            <wp:post_type>attachment</wp:post_type>
            <wp:attachment_url>https://raw.githubusercontent.com/lesersokerbok/boksok.no-data-utils/master/output-example/images/2B4826AC942447DDA3DD9BBA32F74FE4.jpg</wp:attachment_url>
        </item>
        <item>
            <wp:post_type>lsb_book</wp:post_type>
            <wp:status>publish</wp:status>
            <title>Toget - en reise på skinner</title>
            <excerpt:encoded><![CDATA[I Norge har vi 4178 kilometer togbane,   som kjører over 2898 bruer   og gjennom 716 tunneler.   Bli med ut på reise!    ]]></excerpt:encoded>
            <wp:postmeta>
                <wp:meta_key>lsb_isbn</wp:meta_key>
                <wp:meta_value><![CDATA[9788292596104]]></wp:meta_value>
            </wp:postmeta>
            <wp:postmeta>
                <wp:meta_key>_lsb_isbn</wp:meta_key>
                <wp:meta_value><![CDATA[lsb_acf_isbn]]></wp:meta_value>
            </wp:postmeta>
            <wp:postmeta>
                <wp:meta_key>lsb_published_year</wp:meta_key>
                <wp:meta_value><![CDATA[2007]]></wp:meta_value>
            </wp:postmeta>
            <wp:postmeta>
                <wp:meta_key>_lsb_published_year</wp:meta_key>
                <wp:meta_value><![CDATA[lsb_acf_published_year]]></wp:meta_value>
            </wp:postmeta>
            <wp:postmeta>
                <wp:meta_key>lsb_pages</wp:meta_key>
                <wp:meta_value><![CDATA[96]]></wp:meta_value>
            </wp:postmeta>
            <wp:postmeta>
                <wp:meta_key>_lsb_pages</wp:meta_key>
                <wp:meta_value><![CDATA[lsb_acf_pages]]></wp:meta_value>
            </wp:postmeta>
            <wp:postmeta>
                <wp:meta_key>lsb_review</wp:meta_key>
                <wp:meta_value><![CDATA[  <div>De fleste vet at det er miljøvennlig<br />  å reise med tog, og at toget<br />  frakter mange tusen mennesker <br />  til og fra arbeid hver dag. <br />  Men visste du at du kan ta toget til <br />  trollene på Heddalsskogen, Skibladner <br />  og pilegrimsveien til Nidaros? </div>  <div>&#160;</div>  <div>Toget – en reise på skinner <br />  tar deg med rundt Norges sju viktigste baner <br />  – og gjennom historien om jernbanen i Norge.<br />  </div>  <div>&#160;</div>  <div>Boka har enkel tekst og vakre bilder.<br />  Denne boka er den perfekte turkamerat, <br />  enten det er du som tar med boka på reise <br />  – eller den som tar med deg.</div>  ]]></wp:meta_value>
            </wp:postmeta>
            <wp:postmeta>
                <wp:meta_key>_lsb_review</wp:meta_key>
                <wp:meta_value><![CDATA[lsb_acf_review]]></wp:meta_value>
            </wp:postmeta>
            <wp:postmeta>
                <wp:meta_key>lsb_quote</wp:meta_key>
                <wp:meta_value><![CDATA[RALLAR-VEIEN  Ennå kan du se spor etter rallarene i fjellet.  Før banen kunne bygges, måtte det fram folk og utstyr.  Derfor måtte det først bygges vei  der banen skulle komme.    En del av denne veien kalles Rallar-veien.  Den går langs banen fra Haugastøl til Finse.]]></wp:meta_value>
            </wp:postmeta>
            <wp:postmeta>
                <wp:meta_key>_lsb_quote</wp:meta_key>
                <wp:meta_value><![CDATA[lsb_acf_quote]]></wp:meta_value>
            </wp:postmeta>
            <wp:postmeta>
                <wp:meta_key>lsb_supported</wp:meta_key>
                <wp:meta_value><![CDATA[1]]></wp:meta_value>
            </wp:postmeta>
            <wp:postmeta>
                <wp:meta_key>_lsb_supported</wp:meta_key>
                <wp:meta_value><![CDATA[lsb_acf_supported]]></wp:meta_value>
            </wp:postmeta>
            <wp:postmeta>
                <wp:meta_key>lsb_support_cat</wp:meta_key>
                <wp:meta_value><![CDATA[purple]]></wp:meta_value>
            </wp:postmeta>
            <wp:postmeta>
                <wp:meta_key>_lsb_support_cat</wp:meta_key>
                <wp:meta_value><![CDATA[lsb_acf_support_cat]]></wp:meta_value>
            </wp:postmeta>
            <category domain="lsb_tax_author" nicename="jan-helge-østlund"><![CDATA[Jan Helge Østlund]]></category>
            <category domain="lsb_tax_publisher" nicename="kolltopp"><![CDATA[Kolltopp]]></category>
            <wp:postmeta>
                <wp:meta_key>lsb_look_inside</wp:meta_key>
                <wp:meta_value><![CDATA[CUSTOM_BLA_I_BOKA]]></wp:meta_value>
            </wp:postmeta>
            <wp:postmeta>
                <wp:meta_key>_lsb_look_inside</wp:meta_key>
                <wp:meta_value><![CDATA[lsb_acf_look_inside]]></wp:meta_value>
            </wp:postmeta>
            <category domain="lsb_tax_genre" nicename="faglitteratur"><![CDATA[faglitteratur]]></category>
            <category domain="lsb_tax_topic" nicename="historie"><![CDATA[historie]]></category>
            <category domain="lsb_tax_topic" nicename="samfunn"><![CDATA[samfunn]]></category>
            <category domain="lsb_tax_language" nicename="no_nb"><![CDATA[bokmål]]></category>
            <category domain="lsb_tax_customization" nicename="faglitteratur"><![CDATA[faglitteratur]]></category>
            <category domain="lsb_tax_customization" nicename="mange-bilder"><![CDATA[mange bilder]]></category>
            <wp:postmeta>
                <wp:meta_key>_thumbnail_id</wp:meta_key>
                <wp:meta_value><![CDATA[5155]]></wp:meta_value>
            </wp:postmeta>
        </item>
        <item>
            <title>togboka liten.jpg</title>
            <wp:post_id>5155</wp:post_id>
            <wp:status>inherit</wp:status>
            <wp:post_type>attachment</wp:post_type>
            <wp:attachment_url>https://raw.githubusercontent.com/lesersokerbok/boksok.no-data-utils/master/output-example/images/0AE1261C47D24E9A84B7CF2E0B5B7B67.jpg</wp:attachment_url>
        </item>
        <item>
            <wp:post_type>lsb_book</wp:post_type>
            <wp:status>publish</wp:status>
            <title>Rocky: Bok III</title>
            <excerpt:encoded><![CDATA[Maia nyter singellivet Rocky "ga" henne,  mens Rocky må nøye seg med lillebror  som samboer og rotehjelp.    ]]></excerpt:encoded>
            <wp:postmeta>
                <wp:meta_key>lsb_isbn</wp:meta_key>
                <wp:meta_value><![CDATA[9788242933904]]></wp:meta_value>
            </wp:postmeta>
            <wp:postmeta>
                <wp:meta_key>_lsb_isbn</wp:meta_key>
                <wp:meta_value><![CDATA[lsb_acf_isbn]]></wp:meta_value>
            </wp:postmeta>
            <wp:postmeta>
                <wp:meta_key>lsb_published_year</wp:meta_key>
                <wp:meta_value><![CDATA[2007]]></wp:meta_value>
            </wp:postmeta>
            <wp:postmeta>
                <wp:meta_key>_lsb_published_year</wp:meta_key>
                <wp:meta_value><![CDATA[lsb_acf_published_year]]></wp:meta_value>
            </wp:postmeta>
            <wp:postmeta>
                <wp:meta_key>lsb_pages</wp:meta_key>
                <wp:meta_value><![CDATA[174]]></wp:meta_value>
            </wp:postmeta>
            <wp:postmeta>
                <wp:meta_key>_lsb_pages</wp:meta_key>
                <wp:meta_value><![CDATA[lsb_acf_pages]]></wp:meta_value>
            </wp:postmeta>
            <wp:postmeta>
                <wp:meta_key>lsb_review</wp:meta_key>
                <wp:meta_value><![CDATA[  <div>Det turbulente samboerskapet blir avbrutt<br />  av en guttetur til Køben,<br />  innleggelse på psykiatrisk,<br />  halvslappe one night stands,<br />  et fengselsopphold,<br />  og endelig en snikende avslutning<br />  på singellivet.</div>  <div>&#160;</div>  <div>Martin Kellermans <strong>Rocky</strong> er en personlig<br />  og pågående oppvekstroman<br />  som er blitt uhyre populær <br />  blant kritikere, lesere og andre serieskapere.</div>  <div>&#160;</div>  <p>Denne utgaven har et tegnet forord<br />  av serieskaperen Christopher Nielsen.</p>  ]]></wp:meta_value>
            </wp:postmeta>
            <wp:postmeta>
                <wp:meta_key>_lsb_review</wp:meta_key>
                <wp:meta_value><![CDATA[lsb_acf_review]]></wp:meta_value>
            </wp:postmeta>
            <wp:postmeta>
                <wp:meta_key>lsb_quote</wp:meta_key>
                <wp:meta_value><![CDATA[- JEG SÅ ET JÆVLA PROGRAM OM UNIVERSET PÅ FAKTA PÅ LAURDAG I GÅR ... JEG BLE SÅ JÆVLA KNEKT AV AT PRATET OM UENDELIGHET ...    - LIVET MITT VAR MENINGSLØST NOK FØR DE BEGYNTE Å UTBRODERE OM HVOR JÆVLA UBETYDELIGE VI ER HER PÅ JORDA!    - HUSKER DU DA JEG ]]></wp:meta_value>
            </wp:postmeta>
            <wp:postmeta>
                <wp:meta_key>_lsb_quote</wp:meta_key>
                <wp:meta_value><![CDATA[lsb_acf_quote]]></wp:meta_value>
            </wp:postmeta>
            <wp:postmeta>
                <wp:meta_key>lsb_supported</wp:meta_key>
                <wp:meta_value><![CDATA[0]]></wp:meta_value>
            </wp:postmeta>
            <wp:postmeta>
                <wp:meta_key>_lsb_supported</wp:meta_key>
                <wp:meta_value><![CDATA[lsb_acf_supported]]></wp:meta_value>
            </wp:postmeta>
            <category domain="lsb_tax_author" nicename="martin-kellerman"><![CDATA[Martin Kellerman]]></category>
            <category domain="lsb_tax_publisher" nicename="egmont-serieforlaget"><![CDATA[Egmont Serieforlaget]]></category>
            <category domain="lsb_tax_illustrator" nicename="martin-kellerman"><![CDATA[Martin Kellerman]]></category>
            <category domain="lsb_tax_translator" nicename="dag-gravem"><![CDATA[Dag Gravem]]></category>
            <wp:postmeta>
                <wp:meta_key>lsb_look_inside</wp:meta_key>
                <wp:meta_value><![CDATA[CUSTOM_BLA_I_BOKA]]></wp:meta_value>
            </wp:postmeta>
            <wp:postmeta>
                <wp:meta_key>_lsb_look_inside</wp:meta_key>
                <wp:meta_value><![CDATA[lsb_acf_look_inside]]></wp:meta_value>
            </wp:postmeta>
            <category domain="lsb_tax_age" nicename="ungdom"><![CDATA[ungdom]]></category>
            <category domain="lsb_tax_age" nicename="voksne"><![CDATA[voksne]]></category>
            <category domain="lsb_tax_topic" nicename="humor"><![CDATA[humor]]></category>
            <category domain="lsb_tax_language" nicename="no_nb"><![CDATA[bokmål]]></category>
            <category domain="lsb_tax_customization" nicename="bilder"><![CDATA[bilder]]></category>
            <category domain="lsb_tax_customization" nicename="mange-bilder"><![CDATA[mange bilder]]></category>
            <wp:postmeta>
                <wp:meta_key>_thumbnail_id</wp:meta_key>
                <wp:meta_value><![CDATA[5156]]></wp:meta_value>
            </wp:postmeta>
        </item>
        <item>
            <title>rocky III nett.jpg</title>
            <wp:post_id>5156</wp:post_id>
            <wp:status>inherit</wp:status>
            <wp:post_type>attachment</wp:post_type>
            <wp:attachment_url>https://raw.githubusercontent.com/lesersokerbok/boksok.no-data-utils/master/output-example/images/03A58C1DD45F424F9A164B9B391709DB.jpg</wp:attachment_url>
        </item>
        <item>
            <wp:post_type>lsb_book</wp:post_type>
            <wp:status>publish</wp:status>
            <title>Dina den døve dinosauren</title>
            <excerpt:encoded><![CDATA[Denne boka har både trykt tekst   og tegnspråk på DVD.   Den handler om å føle seg annerledes. ]]></excerpt:encoded>
            <wp:postmeta>
                <wp:meta_key>lsb_isbn</wp:meta_key>
                <wp:meta_value><![CDATA[8278120994]]></wp:meta_value>
            </wp:postmeta>
            <wp:postmeta>
                <wp:meta_key>_lsb_isbn</wp:meta_key>
                <wp:meta_value><![CDATA[lsb_acf_isbn]]></wp:meta_value>
            </wp:postmeta>
            <wp:postmeta>
                <wp:meta_key>lsb_published_year</wp:meta_key>
                <wp:meta_value><![CDATA[2006]]></wp:meta_value>
            </wp:postmeta>
            <wp:postmeta>
                <wp:meta_key>_lsb_published_year</wp:meta_key>
                <wp:meta_value><![CDATA[lsb_acf_published_year]]></wp:meta_value>
            </wp:postmeta>
            <wp:postmeta>
                <wp:meta_key>lsb_pages</wp:meta_key>
                <wp:meta_value/>
            </wp:postmeta>
            <wp:postmeta>
                <wp:meta_key>_lsb_pages</wp:meta_key>
                <wp:meta_value><![CDATA[lsb_acf_pages]]></wp:meta_value>
            </wp:postmeta>
            <wp:postmeta>
                <wp:meta_key>lsb_review</wp:meta_key>
                <wp:meta_value><![CDATA[  <div>En dag hører vennene Moliere, Camilla og Otto<br />  en merkelig lyd. Det er noen som gråter!<br />  Slik møter de dinosauren Dina.<br />  Hun bare gråter og gråter.<br />  Hvorfor er hun så lei seg?</div>  <div>&#160;</div>  <p>Boka handler om å føle seg annerledes<br />  fordi man ikke kan høre.</p>  <p>Denne boka har fortellingen både på DVD,<br />  og i trykt bok med mange bilder.</p>  ]]></wp:meta_value>
            </wp:postmeta>
            <wp:postmeta>
                <wp:meta_key>_lsb_review</wp:meta_key>
                <wp:meta_value><![CDATA[lsb_acf_review]]></wp:meta_value>
            </wp:postmeta>
            <wp:postmeta>
                <wp:meta_key>lsb_quote</wp:meta_key>
                <wp:meta_value><![CDATA[De lette og lette i skogen og fulgte etter lyden som ble sterkere og sterkere. Plutselig bråstoppet de, og der, på en trestamme satt en dinosaur så stor som et hus.  Dinosauren bøyde hodet ned og tårene begynte å trille. ]]></wp:meta_value>
            </wp:postmeta>
            <wp:postmeta>
                <wp:meta_key>_lsb_quote</wp:meta_key>
                <wp:meta_value><![CDATA[lsb_acf_quote]]></wp:meta_value>
            </wp:postmeta>
            <wp:postmeta>
                <wp:meta_key>lsb_supported</wp:meta_key>
                <wp:meta_value><![CDATA[0]]></wp:meta_value>
            </wp:postmeta>
            <wp:postmeta>
                <wp:meta_key>_lsb_supported</wp:meta_key>
                <wp:meta_value><![CDATA[lsb_acf_supported]]></wp:meta_value>
            </wp:postmeta>
            <category domain="lsb_tax_author" nicename="carole-addabbo"><![CDATA[Carole Addabbo]]></category>
            <category domain="lsb_tax_publisher" nicename="møller-kompetansesenter"><![CDATA[Møller kompetansesenter]]></category>
            <category domain="lsb_tax_illustrator" nicename="valentine"><![CDATA[Valentine]]></category>
            <wp:postmeta>
                <wp:meta_key>lsb_look_inside</wp:meta_key>
                <wp:meta_value><![CDATA[CUSTOM_BLA_I_BOKA]]></wp:meta_value>
            </wp:postmeta>
            <wp:postmeta>
                <wp:meta_key>_lsb_look_inside</wp:meta_key>
                <wp:meta_value><![CDATA[lsb_acf_look_inside]]></wp:meta_value>
            </wp:postmeta>
            <category domain="lsb_tax_age" nicename="barn"><![CDATA[barn]]></category>
            <category domain="lsb_tax_language" nicename="no_nb"><![CDATA[bokmål]]></category>
            <category domain="lsb_tax_customization" nicename="tegnspråk"><![CDATA[tegnspråk]]></category>
            <wp:postmeta>
                <wp:meta_key>_thumbnail_id</wp:meta_key>
                <wp:meta_value><![CDATA[5157]]></wp:meta_value>
            </wp:postmeta>
        </item>
        <item>
            <title>den døve dinosauren nett.jpg</title>
            <wp:post_id>5157</wp:post_id>
            <wp:status>inherit</wp:status>
            <wp:post_type>attachment</wp:post_type>
            <wp:attachment_url>https://raw.githubusercontent.com/lesersokerbok/boksok.no-data-utils/master/output-example/images/E35F707773E5497AB526DB21CAE7973E.jpg</wp:attachment_url>
        </item>
        <item>
            <wp:post_type>lsb_book</wp:post_type>
            <wp:status>publish</wp:status>
            <title>English Conversation</title>
            <excerpt:encoded><![CDATA[En tegneserie om å være ungdom  og om å gå på skolen.   ]]></excerpt:encoded>
            <wp:postmeta>
                <wp:meta_key>lsb_isbn</wp:meta_key>
                <wp:meta_value><![CDATA[9788281590021]]></wp:meta_value>
            </wp:postmeta>
            <wp:postmeta>
                <wp:meta_key>_lsb_isbn</wp:meta_key>
                <wp:meta_value><![CDATA[lsb_acf_isbn]]></wp:meta_value>
            </wp:postmeta>
            <wp:postmeta>
                <wp:meta_key>lsb_published_year</wp:meta_key>
                <wp:meta_value><![CDATA[2005]]></wp:meta_value>
            </wp:postmeta>
            <wp:postmeta>
                <wp:meta_key>_lsb_published_year</wp:meta_key>
                <wp:meta_value><![CDATA[lsb_acf_published_year]]></wp:meta_value>
            </wp:postmeta>
            <wp:postmeta>
                <wp:meta_key>lsb_pages</wp:meta_key>
                <wp:meta_value><![CDATA[upag.]]></wp:meta_value>
            </wp:postmeta>
            <wp:postmeta>
                <wp:meta_key>_lsb_pages</wp:meta_key>
                <wp:meta_value><![CDATA[lsb_acf_pages]]></wp:meta_value>
            </wp:postmeta>
            <wp:postmeta>
                <wp:meta_key>lsb_review</wp:meta_key>
                <wp:meta_value><![CDATA[  <p>Navn: Ulf<br />  Alder: 14 år<br />  Liker: Black Sabbath, hytteturer, <br />  festing og damer<br />  Hater: Tysk-timene på Tåsen skole</p>  <div>Slik ser livet til Ulf ut.<br />  Han har mye å tenke på:<br />  Er det mulig å slippe unna tysk?<br />  Kommer han noen sinne til å få sjans på Ine?<br />  Og hva er det egentlig Jane driver med for tida?</div>  <div>  <div><strong>&#160;</strong></div>  <div><strong>Flu Hartberg</strong> skildrer tenåringslivet <br />  med innsikt og humor.<br />  Noen og enhver vil kunne kjenne seg igjen.</div><br />  Tegningene er spenstige <br />  og forteller historien tydelig. <br />  Noe av teksten er på dialekt.</div>  ]]></wp:meta_value>
            </wp:postmeta>
            <wp:postmeta>
                <wp:meta_key>_lsb_review</wp:meta_key>
                <wp:meta_value><![CDATA[lsb_acf_review]]></wp:meta_value>
            </wp:postmeta>
            <wp:postmeta>
                <wp:meta_key>lsb_quote</wp:meta_key>
                <wp:meta_value><![CDATA[- DU HAR KAKEBOKSEN PÅ PLASS, SER JEG! HE HE!  - JA JA!    - JEG GIDDER IKKE Å BLI ÅNSETE HVIS JEG KRÆSJER!  - NEI, DU VIL HELLER SE ÅNSETE UT NÅ!    - DET ER DU SOM BURDE BRUKE HJELM SÅNN DU KJØRER!  - JEG KRÆSJER IKKE, ULF!]]></wp:meta_value>
            </wp:postmeta>
            <wp:postmeta>
                <wp:meta_key>_lsb_quote</wp:meta_key>
                <wp:meta_value><![CDATA[lsb_acf_quote]]></wp:meta_value>
            </wp:postmeta>
            <wp:postmeta>
                <wp:meta_key>lsb_supported</wp:meta_key>
                <wp:meta_value><![CDATA[0]]></wp:meta_value>
            </wp:postmeta>
            <wp:postmeta>
                <wp:meta_key>_lsb_supported</wp:meta_key>
                <wp:meta_value><![CDATA[lsb_acf_supported]]></wp:meta_value>
            </wp:postmeta>
            <category domain="lsb_tax_author" nicename="flu-hartberg"><![CDATA[Flu Hartberg]]></category>
            <category domain="lsb_tax_publisher" nicename="dongery-forlag"><![CDATA[Dongery forlag]]></category>
            <category domain="lsb_tax_illustrator" nicename="flu-hartberg"><![CDATA[Flu Hartberg]]></category>
            <wp:postmeta>
                <wp:meta_key>lsb_look_inside</wp:meta_key>
                <wp:meta_value><![CDATA[CUSTOM_BLA_I_BOKA]]></wp:meta_value>
            </wp:postmeta>
            <wp:postmeta>
                <wp:meta_key>_lsb_look_inside</wp:meta_key>
                <wp:meta_value><![CDATA[lsb_acf_look_inside]]></wp:meta_value>
            </wp:postmeta>
            <category domain="lsb_tax_age" nicename="ungdom"><![CDATA[ungdom]]></category>
            <category domain="lsb_tax_genre" nicename="prosa"><![CDATA[prosa]]></category>
            <category domain="lsb_tax_topic" nicename="mennesker-i-mellom"><![CDATA[mennesker i mellom]]></category>
            <category domain="lsb_tax_language" nicename="no_nb"><![CDATA[bokmål]]></category>
            <category domain="lsb_tax_customization" nicename="bilder"><![CDATA[bilder]]></category>
            <category domain="lsb_tax_customization" nicename="mange-bilder"><![CDATA[mange bilder]]></category>
            <wp:postmeta>
                <wp:meta_key>_thumbnail_id</wp:meta_key>
                <wp:meta_value><![CDATA[5158]]></wp:meta_value>
            </wp:postmeta>
        </item>
        <item>
            <title>english conversation, ny.jpg</title>
            <wp:post_id>5158</wp:post_id>
            <wp:status>inherit</wp:status>
            <wp:post_type>attachment</wp:post_type>
            <wp:attachment_url>https://raw.githubusercontent.com/lesersokerbok/boksok.no-data-utils/master/output-example/images/FA298C05BCA04110BB1C0306D624CE31.jpg</wp:attachment_url>
        </item>
        <item>
            <wp:post_type>lsb_book</wp:post_type>
            <wp:status>publish</wp:status>
            <title>On the road again, again</title>
            <excerpt:encoded><![CDATA[Harry har stukke av. Igjen.  Han er på veg frå pappa i Oslo   til mamma på vestlandet,   då han hoppar av toget og forsvinn.  ]]></excerpt:encoded>
            <wp:postmeta>
                <wp:meta_key>lsb_isbn</wp:meta_key>
                <wp:meta_value><![CDATA[9788291187532]]></wp:meta_value>
            </wp:postmeta>
            <wp:postmeta>
                <wp:meta_key>_lsb_isbn</wp:meta_key>
                <wp:meta_value><![CDATA[lsb_acf_isbn]]></wp:meta_value>
            </wp:postmeta>
            <wp:postmeta>
                <wp:meta_key>lsb_published_year</wp:meta_key>
                <wp:meta_value><![CDATA[2004]]></wp:meta_value>
            </wp:postmeta>
            <wp:postmeta>
                <wp:meta_key>_lsb_published_year</wp:meta_key>
                <wp:meta_value><![CDATA[lsb_acf_published_year]]></wp:meta_value>
            </wp:postmeta>
            <wp:postmeta>
                <wp:meta_key>lsb_pages</wp:meta_key>
                <wp:meta_value><![CDATA[upag.]]></wp:meta_value>
            </wp:postmeta>
            <wp:postmeta>
                <wp:meta_key>_lsb_pages</wp:meta_key>
                <wp:meta_value><![CDATA[lsb_acf_pages]]></wp:meta_value>
            </wp:postmeta>
            <wp:postmeta>
                <wp:meta_key>lsb_review</wp:meta_key>
                <wp:meta_value><![CDATA[  <p>Mamma skal gifte seg <br />  med ein barnevernspedagog dagen etter,<br />  men no legg ho og pappa ut på tur<br />  for å finne att Harry.</p>  <div>Ei teikna bok som tek brudd og familieliv på kornet.<br />  Du ler, sjølv når det eigentlig er vondt.</div>  <div>&#160;</div>  <p>Bjørn Sortland og Øyvind Torseter <br />  har laga månge bøker saman,<br />  både for barn og vaksne.</p>  <p>Skrifta i denne boka er ikkje alltid like tydeleg.</p>  ]]></wp:meta_value>
            </wp:postmeta>
            <wp:postmeta>
                <wp:meta_key>_lsb_review</wp:meta_key>
                <wp:meta_value><![CDATA[lsb_acf_review]]></wp:meta_value>
            </wp:postmeta>
            <wp:postmeta>
                <wp:meta_key>lsb_quote</wp:meta_key>
                <wp:meta_value><![CDATA[- SJØLVSAGT MÅ DU TA BILEN ...   MEN KAN DU IKKJE VENTA TIL   EG KJEM HEIM? HARRY HAR   JO VERKELEG EIT MØNSTER   MED Å STIKKA AV. HAN   DUKKAR NOK OPP DENNE   GONGEN ÒG.    - MØNSTER OG MØNSTER.   DU SNAKKAR SOM EIN   PEDAGOG. EG DRAR NO.    - EG ER PEDA]]></wp:meta_value>
            </wp:postmeta>
            <wp:postmeta>
                <wp:meta_key>_lsb_quote</wp:meta_key>
                <wp:meta_value><![CDATA[lsb_acf_quote]]></wp:meta_value>
            </wp:postmeta>
            <wp:postmeta>
                <wp:meta_key>lsb_supported</wp:meta_key>
                <wp:meta_value><![CDATA[0]]></wp:meta_value>
            </wp:postmeta>
            <wp:postmeta>
                <wp:meta_key>_lsb_supported</wp:meta_key>
                <wp:meta_value><![CDATA[lsb_acf_supported]]></wp:meta_value>
            </wp:postmeta>
            <category domain="lsb_tax_author" nicename="bjørn-sortland-og-øyvind-torseter"><![CDATA[Bjørn Sortland og Øyvind Torseter]]></category>
            <category domain="lsb_tax_publisher" nicename="no-comprendo-press"><![CDATA[No Comprendo Press]]></category>
            <category domain="lsb_tax_illustrator" nicename="øyvind-torseter"><![CDATA[Øyvind Torseter]]></category>
            <wp:postmeta>
                <wp:meta_key>lsb_look_inside</wp:meta_key>
                <wp:meta_value><![CDATA[CUSTOM_BLA_I_BOKA]]></wp:meta_value>
            </wp:postmeta>
            <wp:postmeta>
                <wp:meta_key>_lsb_look_inside</wp:meta_key>
                <wp:meta_value><![CDATA[lsb_acf_look_inside]]></wp:meta_value>
            </wp:postmeta>
            <category domain="lsb_tax_age" nicename="ungdom"><![CDATA[ungdom]]></category>
            <category domain="lsb_tax_age" nicename="voksne"><![CDATA[voksne]]></category>
            <category domain="lsb_tax_genre" nicename="prosa"><![CDATA[prosa]]></category>
            <category domain="lsb_tax_topic" nicename="humor"><![CDATA[humor]]></category>
            <category domain="lsb_tax_topic" nicename="kjærlighet"><![CDATA[kjærlighet]]></category>
            <category domain="lsb_tax_topic" nicename="mennesker-i-mellom"><![CDATA[mennesker i mellom]]></category>
            <category domain="lsb_tax_language" nicename="no_nn"><![CDATA[nynorsk]]></category>
            <category domain="lsb_tax_customization" nicename="bilder"><![CDATA[bilder]]></category>
            <category domain="lsb_tax_customization" nicename="mange-bilder"><![CDATA[mange bilder]]></category>
            <wp:postmeta>
                <wp:meta_key>_thumbnail_id</wp:meta_key>
                <wp:meta_value><![CDATA[5159]]></wp:meta_value>
            </wp:postmeta>
        </item>
        <item>
            <title>on the road.jpg</title>
            <wp:post_id>5159</wp:post_id>
            <wp:status>inherit</wp:status>
            <wp:post_type>attachment</wp:post_type>
            <wp:attachment_url>https://raw.githubusercontent.com/lesersokerbok/boksok.no-data-utils/master/output-example/images/8BB2C287C57F45429F04FBFA4E114862.jpg</wp:attachment_url>
        </item>
        <item>
            <wp:post_type>lsb_book</wp:post_type>
            <wp:status>publish</wp:status>
            <title>Skugge under Grønskarvet</title>
            <excerpt:encoded><![CDATA[Tru kan flytte fjell, blir det sagt.  Men viss ein bad Gud om å flytte Grønskarvet,  kva ville da skje?  ]]></excerpt:encoded>
            <wp:postmeta>
                <wp:meta_key>lsb_isbn</wp:meta_key>
                <wp:meta_value><![CDATA[9788252170382]]></wp:meta_value>
            </wp:postmeta>
            <wp:postmeta>
                <wp:meta_key>_lsb_isbn</wp:meta_key>
                <wp:meta_value><![CDATA[lsb_acf_isbn]]></wp:meta_value>
            </wp:postmeta>
            <wp:postmeta>
                <wp:meta_key>lsb_published_year</wp:meta_key>
                <wp:meta_value><![CDATA[2007]]></wp:meta_value>
            </wp:postmeta>
            <wp:postmeta>
                <wp:meta_key>_lsb_published_year</wp:meta_key>
                <wp:meta_value><![CDATA[lsb_acf_published_year]]></wp:meta_value>
            </wp:postmeta>
            <wp:postmeta>
                <wp:meta_key>lsb_pages</wp:meta_key>
                <wp:meta_value><![CDATA[39]]></wp:meta_value>
            </wp:postmeta>
            <wp:postmeta>
                <wp:meta_key>_lsb_pages</wp:meta_key>
                <wp:meta_value><![CDATA[lsb_acf_pages]]></wp:meta_value>
            </wp:postmeta>
            <wp:postmeta>
                <wp:meta_key>lsb_review</wp:meta_key>
                <wp:meta_value><![CDATA[  <p>Kanskje ville menneska frå byen <br />  kome køyrande inn i dalen <br />  på blinkande motorsyklar. <br />  Dei ville blande seg inn i alt muleg, <br />  på skulen og på fotballtreninga. <br />  Sånn som Anna, den nye jenta i klassen.<br />  Og kor skulle ein forresten flytte fjellet? <br />  Til Kina?</p>  <p>Jenta i denne forteljinga <br />  vil ha bevis for at Gud høyrer bønn, <br />  men ho er samstundes redd for å utfordre han.</p>  <div>Dette er ei bok om tru og tvil</div>  <div>tilpassa ungdom. </div>  <div>&#160;</div>  <div>Boka har korte avsnitt</div>  <div>og eit enkelt språk. </div>  <div>Den har illustrasjonar i sort/hvitt. </div>  ]]></wp:meta_value>
            </wp:postmeta>
            <wp:postmeta>
                <wp:meta_key>_lsb_review</wp:meta_key>
                <wp:meta_value><![CDATA[lsb_acf_review]]></wp:meta_value>
            </wp:postmeta>
            <wp:postmeta>
                <wp:meta_key>lsb_quote</wp:meta_key>
                <wp:meta_value><![CDATA[Eg trur. Eg kunne aldri tenkje meg å tvile. Men trua   må vere fast som fjell om ho skal flytte fjell.   Trua må vere like fast som Grønskarvet. Umogeleg   å rikke. For andre enn Gud.    Og eg må vite sikkert kvar eg skal be Gud om å   flytte fjellet. Så det ikkje blir svevande der oppe, blir  ei truande blokk over bygda som stenger all sol ute.     Eg veit jo at det ikkje nyttar å kome til Gud med eit  halvt gjennomtenkt ynskje. ]]></wp:meta_value>
            </wp:postmeta>
            <wp:postmeta>
                <wp:meta_key>_lsb_quote</wp:meta_key>
                <wp:meta_value><![CDATA[lsb_acf_quote]]></wp:meta_value>
            </wp:postmeta>
            <wp:postmeta>
                <wp:meta_key>lsb_supported</wp:meta_key>
                <wp:meta_value><![CDATA[0]]></wp:meta_value>
            </wp:postmeta>
            <wp:postmeta>
                <wp:meta_key>_lsb_supported</wp:meta_key>
                <wp:meta_value><![CDATA[lsb_acf_supported]]></wp:meta_value>
            </wp:postmeta>
            <category domain="lsb_tax_author" nicename="hildegunn-dale"><![CDATA[Hildegunn Dale]]></category>
            <category domain="lsb_tax_publisher" nicename="samlaget"><![CDATA[Samlaget]]></category>
            <category domain="lsb_tax_illustrator" nicename="øyvind-lauvdahl"><![CDATA[Øyvind Lauvdahl]]></category>
            <wp:postmeta>
                <wp:meta_key>lsb_look_inside</wp:meta_key>
                <wp:meta_value><![CDATA[CUSTOM_BLA_I_BOKA]]></wp:meta_value>
            </wp:postmeta>
            <wp:postmeta>
                <wp:meta_key>_lsb_look_inside</wp:meta_key>
                <wp:meta_value><![CDATA[lsb_acf_look_inside]]></wp:meta_value>
            </wp:postmeta>
            <category domain="lsb_tax_age" nicename="ungdom"><![CDATA[ungdom]]></category>
            <category domain="lsb_tax_genre" nicename="prosa"><![CDATA[prosa]]></category>
            <category domain="lsb_tax_topic" nicename="annet"><![CDATA[annet]]></category>
            <category domain="lsb_tax_language" nicename="no_nn"><![CDATA[nynorsk]]></category>
            <category domain="lsb_tax_customization" nicename="skjønnlitteratur"><![CDATA[skjønnlitteratur]]></category>
            <wp:postmeta>
                <wp:meta_key>_thumbnail_id</wp:meta_key>
                <wp:meta_value><![CDATA[5160]]></wp:meta_value>
            </wp:postmeta>
        </item>
        <item>
            <title>skugge under grønskarvet nett.jpg</title>
            <wp:post_id>5160</wp:post_id>
            <wp:status>inherit</wp:status>
            <wp:post_type>attachment</wp:post_type>
            <wp:attachment_url>https://raw.githubusercontent.com/lesersokerbok/boksok.no-data-utils/master/output-example/images/0AB8425232D04E2B8983FE68095B6318.jpg</wp:attachment_url>
        </item>
        <item>
            <wp:post_type>lsb_book</wp:post_type>
            <wp:status>publish</wp:status>
            <title>Fotball</title>
            <excerpt:encoded><![CDATA[Korleis spelar ein fotball?  Kor mange spelarar er det på kvart lag?  Kva har fotballspelarar på seg?  I denne boka får du svar på desse,  og mange andre spørsmål.  ]]></excerpt:encoded>
            <wp:postmeta>
                <wp:meta_key>lsb_isbn</wp:meta_key>
                <wp:meta_value><![CDATA[9788252169898]]></wp:meta_value>
            </wp:postmeta>
            <wp:postmeta>
                <wp:meta_key>_lsb_isbn</wp:meta_key>
                <wp:meta_value><![CDATA[lsb_acf_isbn]]></wp:meta_value>
            </wp:postmeta>
            <wp:postmeta>
                <wp:meta_key>lsb_published_year</wp:meta_key>
                <wp:meta_value><![CDATA[2007]]></wp:meta_value>
            </wp:postmeta>
            <wp:postmeta>
                <wp:meta_key>_lsb_published_year</wp:meta_key>
                <wp:meta_value><![CDATA[lsb_acf_published_year]]></wp:meta_value>
            </wp:postmeta>
            <wp:postmeta>
                <wp:meta_key>lsb_pages</wp:meta_key>
                <wp:meta_value><![CDATA[37]]></wp:meta_value>
            </wp:postmeta>
            <wp:postmeta>
                <wp:meta_key>_lsb_pages</wp:meta_key>
                <wp:meta_value><![CDATA[lsb_acf_pages]]></wp:meta_value>
            </wp:postmeta>
            <wp:postmeta>
                <wp:meta_key>lsb_review</wp:meta_key>
                <wp:meta_value><![CDATA[  <p>Boka er ein del av serien Mine små leksikon,<br />  som eigentleg ikkje er særlig godt tilrettelagd.<br />  Unntaka legg vi inn her i Boksøk.</p>  <p>Mine små leksikon er ein av få<br />  faktaseriar for barn som er skrive <br />  på nynorsk.</p>  ]]></wp:meta_value>
            </wp:postmeta>
            <wp:postmeta>
                <wp:meta_key>_lsb_review</wp:meta_key>
                <wp:meta_value><![CDATA[lsb_acf_review]]></wp:meta_value>
            </wp:postmeta>
            <wp:postmeta>
                <wp:meta_key>lsb_quote</wp:meta_key>
                <wp:meta_value><![CDATA[I fotball møtest to lag på  ein stor bane med kort gras.  Når kampen startar, speler kvart lag  på eine halvdelen av banen.  I ein kamp gjeld det å score flest mål  og sleppe inn færrast.]]></wp:meta_value>
            </wp:postmeta>
            <wp:postmeta>
                <wp:meta_key>_lsb_quote</wp:meta_key>
                <wp:meta_value><![CDATA[lsb_acf_quote]]></wp:meta_value>
            </wp:postmeta>
            <wp:postmeta>
                <wp:meta_key>lsb_supported</wp:meta_key>
                <wp:meta_value><![CDATA[0]]></wp:meta_value>
            </wp:postmeta>
            <wp:postmeta>
                <wp:meta_key>_lsb_supported</wp:meta_key>
                <wp:meta_value><![CDATA[lsb_acf_supported]]></wp:meta_value>
            </wp:postmeta>
            <category domain="lsb_tax_author" nicename="francoise-de-guibert"><![CDATA[Francoise de Guibert]]></category>
            <category domain="lsb_tax_publisher" nicename="samlaget"><![CDATA[Samlaget]]></category>
            <category domain="lsb_tax_illustrator" nicename="vincent-desplanche"><![CDATA[Vincent Desplanche]]></category>
            <category domain="lsb_tax_translator" nicename="ragnar-hovland"><![CDATA[Ragnar Hovland]]></category>
            <wp:postmeta>
                <wp:meta_key>lsb_look_inside</wp:meta_key>
                <wp:meta_value><![CDATA[CUSTOM_BLA_I_BOKA]]></wp:meta_value>
            </wp:postmeta>
            <wp:postmeta>
                <wp:meta_key>_lsb_look_inside</wp:meta_key>
                <wp:meta_value><![CDATA[lsb_acf_look_inside]]></wp:meta_value>
            </wp:postmeta>
            <category domain="lsb_tax_age" nicename="barn"><![CDATA[barn]]></category>
            <category domain="lsb_tax_genre" nicename="prosa"><![CDATA[prosa]]></category>
            <category domain="lsb_tax_topic" nicename="sport"><![CDATA[sport]]></category>
            <category domain="lsb_tax_language" nicename="no_nn"><![CDATA[nynorsk]]></category>
            <category domain="lsb_tax_customization" nicename="faglitteratur"><![CDATA[faglitteratur]]></category>
            <category domain="lsb_tax_customization" nicename="mange-bilder"><![CDATA[mange bilder]]></category>
            <wp:postmeta>
                <wp:meta_key>_thumbnail_id</wp:meta_key>
                <wp:meta_value><![CDATA[5161]]></wp:meta_value>
            </wp:postmeta>
        </item>
        <item>
            <title>fotball nett.jpg</title>
            <wp:post_id>5161</wp:post_id>
            <wp:status>inherit</wp:status>
            <wp:post_type>attachment</wp:post_type>
            <wp:attachment_url>https://raw.githubusercontent.com/lesersokerbok/boksok.no-data-utils/master/output-example/images/E25050B4ED564BE0B33A066DF0822BF5.jpg</wp:attachment_url>
        </item>
        <item>
            <wp:post_type>lsb_book</wp:post_type>
            <wp:status>publish</wp:status>
            <title>Kylling med svisker</title>
            <excerpt:encoded><![CDATA[Nasser Ali Khan er en berømt musiker.   Vi møter ham i Teheran i 1958,   Han bor der sammen med kone og tre barn.   Nasser spiller på et instrument som heter tar.   Men noen har ødelagt instrumentet hans.   ]]></excerpt:encoded>
            <wp:postmeta>
                <wp:meta_key>lsb_isbn</wp:meta_key>
                <wp:meta_value><![CDATA[9788291187679]]></wp:meta_value>
            </wp:postmeta>
            <wp:postmeta>
                <wp:meta_key>_lsb_isbn</wp:meta_key>
                <wp:meta_value><![CDATA[lsb_acf_isbn]]></wp:meta_value>
            </wp:postmeta>
            <wp:postmeta>
                <wp:meta_key>lsb_published_year</wp:meta_key>
                <wp:meta_value><![CDATA[2006]]></wp:meta_value>
            </wp:postmeta>
            <wp:postmeta>
                <wp:meta_key>_lsb_published_year</wp:meta_key>
                <wp:meta_value><![CDATA[lsb_acf_published_year]]></wp:meta_value>
            </wp:postmeta>
            <wp:postmeta>
                <wp:meta_key>lsb_pages</wp:meta_key>
                <wp:meta_value><![CDATA[upag.]]></wp:meta_value>
            </wp:postmeta>
            <wp:postmeta>
                <wp:meta_key>_lsb_pages</wp:meta_key>
                <wp:meta_value><![CDATA[lsb_acf_pages]]></wp:meta_value>
            </wp:postmeta>
            <wp:postmeta>
                <wp:meta_key>lsb_review</wp:meta_key>
                <wp:meta_value><![CDATA[  <div>Han prøver å finne et nytt, <br />  men klarer det ikke. <br />  Da blir han så lei seg at han legger seg ned <br />  for å dø.  <br />  Denne boka forteller om de siste åtte dagene <br />  i livet hans. <br />  Han tenker tilbake på livet sitt.<br />  Hva er det egentlig som har skjedd? <br />  Hvorfor er han så lei seg at han vil dø? </div>  <div>&#160;</div>  <div>Både språket og billedspråket i denne boka <br />  er ganske enkelt, men historien skifter <br />  mellom fortid og nåtid,<br />  og mellom virkelighet og fantasi. <br />  Nåtid og virkelighet er tegnet <br />  i sort på hvit bakgrunn.<br />  Tilbakeblikk og fantasi er tegnet<br />  i hvitt på sort bakgrunn.<br />  Skriften er ikke stor, med tydelig.<br />  Uvanlige ord er forklart nederst på siden.</div>  <div>&#160;</div>  <p>Marjane Satrapi har hatt suksess verden over<br />  med sin selvbiografiske tegneserieroman <strong>Persepolis</strong>.<br />  Der forteller hun om sin oppvekst,<br />  og om Irans historie. <br />  </p>  ]]></wp:meta_value>
            </wp:postmeta>
            <wp:postmeta>
                <wp:meta_key>_lsb_review</wp:meta_key>
                <wp:meta_value><![CDATA[lsb_acf_review]]></wp:meta_value>
            </wp:postmeta>
            <wp:postmeta>
                <wp:meta_key>lsb_quote</wp:meta_key>
                <wp:meta_value><![CDATA[- NASSER ALI KHAN!!! FOR EN ÆRE DET ER Å FÅ BESØK AV DEM I MEN BESKJEDNE BUTIKK!!  - JEG TRENGER EN TAR, MIRZA.    - EN TAR?? MEN DE ER DA ANTAKELIGVIS I BESITTELSE AV LANDETS BESTE!  - DEN ER BRUKKET.    - HERREGUD! HVEM HAR VÅGET Å BREKKE NASSER ALI KHA]]></wp:meta_value>
            </wp:postmeta>
            <wp:postmeta>
                <wp:meta_key>_lsb_quote</wp:meta_key>
                <wp:meta_value><![CDATA[lsb_acf_quote]]></wp:meta_value>
            </wp:postmeta>
            <wp:postmeta>
                <wp:meta_key>lsb_supported</wp:meta_key>
                <wp:meta_value><![CDATA[0]]></wp:meta_value>
            </wp:postmeta>
            <wp:postmeta>
                <wp:meta_key>_lsb_supported</wp:meta_key>
                <wp:meta_value><![CDATA[lsb_acf_supported]]></wp:meta_value>
            </wp:postmeta>
            <category domain="lsb_tax_author" nicename="marjane-satrapi"><![CDATA[Marjane Satrapi]]></category>
            <category domain="lsb_tax_publisher" nicename="no-comprendo-press"><![CDATA[No Comprendo Press]]></category>
            <category domain="lsb_tax_illustrator" nicename="marjane-satrapi"><![CDATA[Marjane Satrapi]]></category>
            <category domain="lsb_tax_translator" nicename="asbjørn-øverås"><![CDATA[Asbjørn Øverås]]></category>
            <wp:postmeta>
                <wp:meta_key>lsb_look_inside</wp:meta_key>
                <wp:meta_value><![CDATA[CUSTOM_BLA_I_BOKA]]></wp:meta_value>
            </wp:postmeta>
            <wp:postmeta>
                <wp:meta_key>_lsb_look_inside</wp:meta_key>
                <wp:meta_value><![CDATA[lsb_acf_look_inside]]></wp:meta_value>
            </wp:postmeta>
            <category domain="lsb_tax_age" nicename="ungdom"><![CDATA[ungdom]]></category>
            <category domain="lsb_tax_age" nicename="voksne"><![CDATA[voksne]]></category>
            <category domain="lsb_tax_genre" nicename="prosa"><![CDATA[prosa]]></category>
            <category domain="lsb_tax_topic" nicename="humor"><![CDATA[humor]]></category>
            <category domain="lsb_tax_topic" nicename="historie"><![CDATA[historie]]></category>
            <category domain="lsb_tax_topic" nicename="samfunn"><![CDATA[samfunn]]></category>
            <category domain="lsb_tax_topic" nicename="mennesker-i-mellom"><![CDATA[mennesker i mellom]]></category>
            <category domain="lsb_tax_language" nicename="no_nb"><![CDATA[bokmål]]></category>
            <category domain="lsb_tax_customization" nicename="bilder"><![CDATA[bilder]]></category>
            <category domain="lsb_tax_customization" nicename="mange-bilder"><![CDATA[mange bilder]]></category>
            <wp:postmeta>
                <wp:meta_key>_thumbnail_id</wp:meta_key>
                <wp:meta_value><![CDATA[5162]]></wp:meta_value>
            </wp:postmeta>
        </item>
        <item>
            <title>kylling med svisker nett.jpg</title>
            <wp:post_id>5162</wp:post_id>
            <wp:status>inherit</wp:status>
            <wp:post_type>attachment</wp:post_type>
            <wp:attachment_url>https://raw.githubusercontent.com/lesersokerbok/boksok.no-data-utils/master/output-example/images/1949CC5F0B6A48ACB8846F0AF612C504.jpg</wp:attachment_url>
        </item>
        <item>
            <wp:post_type>lsb_book</wp:post_type>
            <wp:status>publish</wp:status>
            <title>Den arktiske drømmen</title>
            <excerpt:encoded><![CDATA[Forfatter Lars Saabye Christensen  og fotograf Trym Ivar Bergsmo  har laget ei poetisk billedbok fra Antarktis.  ]]></excerpt:encoded>
            <wp:postmeta>
                <wp:meta_key>lsb_isbn</wp:meta_key>
                <wp:meta_value><![CDATA[9788202263737]]></wp:meta_value>
            </wp:postmeta>
            <wp:postmeta>
                <wp:meta_key>_lsb_isbn</wp:meta_key>
                <wp:meta_value><![CDATA[lsb_acf_isbn]]></wp:meta_value>
            </wp:postmeta>
            <wp:postmeta>
                <wp:meta_key>lsb_published_year</wp:meta_key>
                <wp:meta_value><![CDATA[2005]]></wp:meta_value>
            </wp:postmeta>
            <wp:postmeta>
                <wp:meta_key>_lsb_published_year</wp:meta_key>
                <wp:meta_value><![CDATA[lsb_acf_published_year]]></wp:meta_value>
            </wp:postmeta>
            <wp:postmeta>
                <wp:meta_key>lsb_pages</wp:meta_key>
                <wp:meta_value><![CDATA[155]]></wp:meta_value>
            </wp:postmeta>
            <wp:postmeta>
                <wp:meta_key>_lsb_pages</wp:meta_key>
                <wp:meta_value><![CDATA[lsb_acf_pages]]></wp:meta_value>
            </wp:postmeta>
            <wp:postmeta>
                <wp:meta_key>lsb_review</wp:meta_key>
                <wp:meta_value><![CDATA[  <p>Sammen viser de oss stillhet og bevegelse,<br />  og speiler havet og naturen.</p>  <p>Boka har vakre helsides fotografier,<br />  og lite tekst. Språket er i og for seg enkelt, <br />  men poetisk. Teksten har svært få punktum,<br />  og fortsetter fra side til side.<br />  Vi tar med boka fordi det er lite tekst, <br />  ryddig oppsett, tydelig skrift, og store bilder.</p>  ]]></wp:meta_value>
            </wp:postmeta>
            <wp:postmeta>
                <wp:meta_key>_lsb_review</wp:meta_key>
                <wp:meta_value><![CDATA[lsb_acf_review]]></wp:meta_value>
            </wp:postmeta>
            <wp:postmeta>
                <wp:meta_key>lsb_quote</wp:meta_key>
                <wp:meta_value><![CDATA[dette er havets klokke, dråpe for dråpe  dette er kystens kalender, som vinden blar og blar i    dato for dato, morgen etter morgen, i tidens løp    der tiden står stille og til og med løper den andre veien  i enda et blått dragsug    enda en bølge av sekunder som ruller inn i seg selv]]></wp:meta_value>
            </wp:postmeta>
            <wp:postmeta>
                <wp:meta_key>_lsb_quote</wp:meta_key>
                <wp:meta_value><![CDATA[lsb_acf_quote]]></wp:meta_value>
            </wp:postmeta>
            <wp:postmeta>
                <wp:meta_key>lsb_supported</wp:meta_key>
                <wp:meta_value><![CDATA[0]]></wp:meta_value>
            </wp:postmeta>
            <wp:postmeta>
                <wp:meta_key>_lsb_supported</wp:meta_key>
                <wp:meta_value><![CDATA[lsb_acf_supported]]></wp:meta_value>
            </wp:postmeta>
            <category domain="lsb_tax_author" nicename="lars-saabye-christensen"><![CDATA[Lars Saabye Christensen]]></category>
            <category domain="lsb_tax_publisher" nicename="cappelen-"><![CDATA[Cappelen ]]></category>
            <category domain="lsb_tax_illustrator" nicename="trym-ivar-bergsmo"><![CDATA[Trym Ivar Bergsmo]]></category>
            <wp:postmeta>
                <wp:meta_key>lsb_look_inside</wp:meta_key>
                <wp:meta_value><![CDATA[CUSTOM_BLA_I_BOKA]]></wp:meta_value>
            </wp:postmeta>
            <wp:postmeta>
                <wp:meta_key>_lsb_look_inside</wp:meta_key>
                <wp:meta_value><![CDATA[lsb_acf_look_inside]]></wp:meta_value>
            </wp:postmeta>
            <category domain="lsb_tax_age" nicename="voksne"><![CDATA[voksne]]></category>
            <category domain="lsb_tax_genre" nicename="dikt"><![CDATA[dikt]]></category>
            <category domain="lsb_tax_topic" nicename="natur"><![CDATA[natur]]></category>
            <category domain="lsb_tax_topic" nicename="mennesker-i-mellom"><![CDATA[mennesker i mellom]]></category>
            <category domain="lsb_tax_topic" nicename="annet"><![CDATA[annet]]></category>
            <category domain="lsb_tax_language" nicename="no_nb"><![CDATA[bokmål]]></category>
            <category domain="lsb_tax_customization" nicename="skjønnlitteratur"><![CDATA[skjønnlitteratur]]></category>
            <category domain="lsb_tax_customization" nicename="mange-bilder"><![CDATA[mange bilder]]></category>
            <wp:postmeta>
                <wp:meta_key>_thumbnail_id</wp:meta_key>
                <wp:meta_value><![CDATA[5163]]></wp:meta_value>
            </wp:postmeta>
        </item>
        <item>
            <title>DenArktiskeDrommen nett.jpg</title>
            <wp:post_id>5163</wp:post_id>
            <wp:status>inherit</wp:status>
            <wp:post_type>attachment</wp:post_type>
            <wp:attachment_url>https://raw.githubusercontent.com/lesersokerbok/boksok.no-data-utils/master/output-example/images/1507D61970F94E96AB520406CC63E59E.jpg</wp:attachment_url>
        </item>
        <item>
            <wp:post_type>lsb_book</wp:post_type>
            <wp:status>publish</wp:status>
            <title>Heksagon tryller en storm</title>
            <excerpt:encoded><![CDATA[Det er så tørt, så tørt.  Da tryller Heksagon litt regn,  mye regn - en hel storm.  En storm som blåser  sirkusvogna til Boboz rett i elva.  ]]></excerpt:encoded>
            <wp:postmeta>
                <wp:meta_key>lsb_isbn</wp:meta_key>
                <wp:meta_value><![CDATA[9788204125002]]></wp:meta_value>
            </wp:postmeta>
            <wp:postmeta>
                <wp:meta_key>_lsb_isbn</wp:meta_key>
                <wp:meta_value><![CDATA[lsb_acf_isbn]]></wp:meta_value>
            </wp:postmeta>
            <wp:postmeta>
                <wp:meta_key>lsb_published_year</wp:meta_key>
                <wp:meta_value><![CDATA[2006]]></wp:meta_value>
            </wp:postmeta>
            <wp:postmeta>
                <wp:meta_key>_lsb_published_year</wp:meta_key>
                <wp:meta_value><![CDATA[lsb_acf_published_year]]></wp:meta_value>
            </wp:postmeta>
            <wp:postmeta>
                <wp:meta_key>lsb_pages</wp:meta_key>
                <wp:meta_value><![CDATA[75]]></wp:meta_value>
            </wp:postmeta>
            <wp:postmeta>
                <wp:meta_key>_lsb_pages</wp:meta_key>
                <wp:meta_value><![CDATA[lsb_acf_pages]]></wp:meta_value>
            </wp:postmeta>
            <wp:postmeta>
                <wp:meta_key>lsb_review</wp:meta_key>
                <wp:meta_value><![CDATA[  <div>Så må Boboz bo hos Heksagon.<br />  Da blir det ikke akkurat kjedelig.<br />  Det blir faktisk litt stormfullt! </div>  <div>&#160;</div>  <div>Boka om Heksagon har stor skrift </div>  <div>og et luftig oppsett. </div>  <div>Den er illustrert med farge-</div>  <div>tegninger. </div>  <div>&#160;</div>  <div><strong>Heksagon tryller en storm</strong> </div>  <div>er en bok i serien <strong>Leseløve, </strong></div>  <div><strong>Lett å lese, </strong>tilrettelagt for barn </div>  <div>som har lært å lese selv. </div>  <div>Boka finnes også som lydbok </div>  <div>med sang og musikk. </div>  <div>Lydboka er støttet av <strong>Leser søker bok</strong>. </div>  ]]></wp:meta_value>
            </wp:postmeta>
            <wp:postmeta>
                <wp:meta_key>_lsb_review</wp:meta_key>
                <wp:meta_value><![CDATA[lsb_acf_review]]></wp:meta_value>
            </wp:postmeta>
            <wp:postmeta>
                <wp:meta_key>lsb_quote</wp:meta_key>
                <wp:meta_value><![CDATA[Heksagon biter seg i leppa.   Det svirrer i hodet hennes.  Hun tenker at hun bør  si unnskyld for det med stormen.  Men hun vil ikke at Boboz  skal bli sint på henne.  Det blir han sikkert  hvis hun forteller om tryllinga.]]></wp:meta_value>
            </wp:postmeta>
            <wp:postmeta>
                <wp:meta_key>_lsb_quote</wp:meta_key>
                <wp:meta_value><![CDATA[lsb_acf_quote]]></wp:meta_value>
            </wp:postmeta>
            <wp:postmeta>
                <wp:meta_key>lsb_supported</wp:meta_key>
                <wp:meta_value><![CDATA[0]]></wp:meta_value>
            </wp:postmeta>
            <wp:postmeta>
                <wp:meta_key>_lsb_supported</wp:meta_key>
                <wp:meta_value><![CDATA[lsb_acf_supported]]></wp:meta_value>
            </wp:postmeta>
            <category domain="lsb_tax_author" nicename="christin-grilstad-prøis"><![CDATA[Christin Grilstad Prøis]]></category>
            <category domain="lsb_tax_publisher" nicename="damm"><![CDATA[Damm]]></category>
            <category domain="lsb_tax_illustrator" nicename="lill-ann-prøis"><![CDATA[Lill-Ann Prøis]]></category>
            <wp:postmeta>
                <wp:meta_key>lsb_look_inside</wp:meta_key>
                <wp:meta_value><![CDATA[CUSTOM_BLA_I_BOKA]]></wp:meta_value>
            </wp:postmeta>
            <wp:postmeta>
                <wp:meta_key>_lsb_look_inside</wp:meta_key>
                <wp:meta_value><![CDATA[lsb_acf_look_inside]]></wp:meta_value>
            </wp:postmeta>
            <category domain="lsb_tax_age" nicename="barn"><![CDATA[barn]]></category>
            <category domain="lsb_tax_genre" nicename="prosa"><![CDATA[prosa]]></category>
            <category domain="lsb_tax_topic" nicename="eventyr"><![CDATA[eventyr]]></category>
            <category domain="lsb_tax_language" nicename="no_nb"><![CDATA[bokmål]]></category>
            <category domain="lsb_tax_customization" nicename="skjønnlitteratur"><![CDATA[skjønnlitteratur]]></category>
            <category domain="lsb_tax_customization" nicename="mange-bilder"><![CDATA[mange bilder]]></category>
            <wp:postmeta>
                <wp:meta_key>_thumbnail_id</wp:meta_key>
                <wp:meta_value><![CDATA[5164]]></wp:meta_value>
            </wp:postmeta>
        </item>
        <item>
            <title>heksagon tryller en storm nett.jpg</title>
            <wp:post_id>5164</wp:post_id>
            <wp:status>inherit</wp:status>
            <wp:post_type>attachment</wp:post_type>
            <wp:attachment_url>https://raw.githubusercontent.com/lesersokerbok/boksok.no-data-utils/master/output-example/images/80C8606B7F39433A946D362A88F2E900.jpg</wp:attachment_url>
        </item>
        <item>
            <wp:post_type>lsb_book</wp:post_type>
            <wp:status>publish</wp:status>
            <title>Evangeliet etter Johannes</title>
            <excerpt:encoded><![CDATA[Johannes er en av fire   som har skrevet historien om Jesus.   Av de fire regnes evangeliet etter Johannes   som den mest poetiske.     ]]></excerpt:encoded>
            <wp:postmeta>
                <wp:meta_key>lsb_isbn</wp:meta_key>
                <wp:meta_value><![CDATA[9788254103074]]></wp:meta_value>
            </wp:postmeta>
            <wp:postmeta>
                <wp:meta_key>_lsb_isbn</wp:meta_key>
                <wp:meta_value><![CDATA[lsb_acf_isbn]]></wp:meta_value>
            </wp:postmeta>
            <wp:postmeta>
                <wp:meta_key>lsb_published_year</wp:meta_key>
                <wp:meta_value><![CDATA[1994]]></wp:meta_value>
            </wp:postmeta>
            <wp:postmeta>
                <wp:meta_key>_lsb_published_year</wp:meta_key>
                <wp:meta_value><![CDATA[lsb_acf_published_year]]></wp:meta_value>
            </wp:postmeta>
            <wp:postmeta>
                <wp:meta_key>lsb_pages</wp:meta_key>
                <wp:meta_value><![CDATA[118]]></wp:meta_value>
            </wp:postmeta>
            <wp:postmeta>
                <wp:meta_key>_lsb_pages</wp:meta_key>
                <wp:meta_value><![CDATA[lsb_acf_pages]]></wp:meta_value>
            </wp:postmeta>
            <wp:postmeta>
                <wp:meta_key>lsb_review</wp:meta_key>
                <wp:meta_value><![CDATA[  <div>I denne boka kan du lese <br />  evangeliet etter Johannes med stor skrift. <br />  Boka har forklaring av navn og spesielle uttrykk <br />  nederst på siden. <br />  Teksten er ikke forenklet eller forkortet, <br />  bare satt i store, tydelige bokstaver. </div>  <div>&#160;</div>  <p>Det Norske Bibelselskap har gitt ut <br />  flere av Bibelens bøker med storskrift. </p>  ]]></wp:meta_value>
            </wp:postmeta>
            <wp:postmeta>
                <wp:meta_key>_lsb_review</wp:meta_key>
                <wp:meta_value><![CDATA[lsb_acf_review]]></wp:meta_value>
            </wp:postmeta>
            <wp:postmeta>
                <wp:meta_key>lsb_quote</wp:meta_key>
                <wp:meta_value><![CDATA[Igjen talte Jesus til folket og sa: "Jeg   er verdens lys. Den som følger meg,   skal ikke vandre i mørket, men ha   livets lys." ]]></wp:meta_value>
            </wp:postmeta>
            <wp:postmeta>
                <wp:meta_key>_lsb_quote</wp:meta_key>
                <wp:meta_value><![CDATA[lsb_acf_quote]]></wp:meta_value>
            </wp:postmeta>
            <wp:postmeta>
                <wp:meta_key>lsb_supported</wp:meta_key>
                <wp:meta_value><![CDATA[0]]></wp:meta_value>
            </wp:postmeta>
            <wp:postmeta>
                <wp:meta_key>_lsb_supported</wp:meta_key>
                <wp:meta_value><![CDATA[lsb_acf_supported]]></wp:meta_value>
            </wp:postmeta>
            <category domain="lsb_tax_publisher" nicename="det-norske-bibelselskap"><![CDATA[Det norske Bibelselskap]]></category>
            <wp:postmeta>
                <wp:meta_key>lsb_look_inside</wp:meta_key>
                <wp:meta_value><![CDATA[CUSTOM_BLA_I_BOKA]]></wp:meta_value>
            </wp:postmeta>
            <wp:postmeta>
                <wp:meta_key>_lsb_look_inside</wp:meta_key>
                <wp:meta_value><![CDATA[lsb_acf_look_inside]]></wp:meta_value>
            </wp:postmeta>
            <category domain="lsb_tax_age" nicename="voksne"><![CDATA[voksne]]></category>
            <category domain="lsb_tax_topic" nicename="annet"><![CDATA[annet]]></category>
            <category domain="lsb_tax_language" nicename="no_nb"><![CDATA[bokmål]]></category>
            <category domain="lsb_tax_customization" nicename="storskrift"><![CDATA[storskrift]]></category>
            <wp:postmeta>
                <wp:meta_key>_thumbnail_id</wp:meta_key>
                <wp:meta_value><![CDATA[5165]]></wp:meta_value>
            </wp:postmeta>
        </item>
        <item>
            <title>Evangeliet Johannes storsk nett.jpg</title>
            <wp:post_id>5165</wp:post_id>
            <wp:status>inherit</wp:status>
            <wp:post_type>attachment</wp:post_type>
            <wp:attachment_url>https://raw.githubusercontent.com/lesersokerbok/boksok.no-data-utils/master/output-example/images/210C7986B0834B53B6C6BDBD3A90F2CE.jpg</wp:attachment_url>
        </item>
        <item>
            <wp:post_type>lsb_book</wp:post_type>
            <wp:status>publish</wp:status>
            <title>Salmenes bok</title>
            <excerpt:encoded><![CDATA[Samlenes bok fra Det gamle testamentet i Bibelen   er kjent for sin kraftfullhet.   Her er både lovsanger og krigssalmer,   læresanger og Davids-salmer.  ]]></excerpt:encoded>
            <wp:postmeta>
                <wp:meta_key>lsb_isbn</wp:meta_key>
                <wp:meta_value><![CDATA[9788254103104]]></wp:meta_value>
            </wp:postmeta>
            <wp:postmeta>
                <wp:meta_key>_lsb_isbn</wp:meta_key>
                <wp:meta_value><![CDATA[lsb_acf_isbn]]></wp:meta_value>
            </wp:postmeta>
            <wp:postmeta>
                <wp:meta_key>lsb_published_year</wp:meta_key>
                <wp:meta_value><![CDATA[1995]]></wp:meta_value>
            </wp:postmeta>
            <wp:postmeta>
                <wp:meta_key>_lsb_published_year</wp:meta_key>
                <wp:meta_value><![CDATA[lsb_acf_published_year]]></wp:meta_value>
            </wp:postmeta>
            <wp:postmeta>
                <wp:meta_key>lsb_pages</wp:meta_key>
                <wp:meta_value><![CDATA[358]]></wp:meta_value>
            </wp:postmeta>
            <wp:postmeta>
                <wp:meta_key>_lsb_pages</wp:meta_key>
                <wp:meta_value><![CDATA[lsb_acf_pages]]></wp:meta_value>
            </wp:postmeta>
            <wp:postmeta>
                <wp:meta_key>lsb_review</wp:meta_key>
                <wp:meta_value><![CDATA[  <div>I denne boka kan du lese <br />  <strong>Salmenes bok</strong> med stor skrift. <br />  Boka har forklaring av navn og spesielle uttrykk <br />  nederst på siden. <br />  Teksten er ikke forenklet eller forkortet, <br />  bare satt i store, tydelige bokstaver. </div>  <div>&#160;</div>  <p>Det Norske Bibelselskap har gitt ut <br />  flere av Bibelens bøker med storskrift. <br />  Denne boka består av to bind. </p>  ]]></wp:meta_value>
            </wp:postmeta>
            <wp:postmeta>
                <wp:meta_key>_lsb_review</wp:meta_key>
                <wp:meta_value><![CDATA[lsb_acf_review]]></wp:meta_value>
            </wp:postmeta>
            <wp:postmeta>
                <wp:meta_key>lsb_quote</wp:meta_key>
                <wp:meta_value><![CDATA[61  Hør mitt klagerop, Gud,   lytt til min bønn!   Fra jordens ende roper jeg til deg,   for mitt hjertes kraft blir borte.   Før meg opp på et fjell   som er for høyt for meg. ]]></wp:meta_value>
            </wp:postmeta>
            <wp:postmeta>
                <wp:meta_key>_lsb_quote</wp:meta_key>
                <wp:meta_value><![CDATA[lsb_acf_quote]]></wp:meta_value>
            </wp:postmeta>
            <wp:postmeta>
                <wp:meta_key>lsb_supported</wp:meta_key>
                <wp:meta_value><![CDATA[0]]></wp:meta_value>
            </wp:postmeta>
            <wp:postmeta>
                <wp:meta_key>_lsb_supported</wp:meta_key>
                <wp:meta_value><![CDATA[lsb_acf_supported]]></wp:meta_value>
            </wp:postmeta>
            <category domain="lsb_tax_publisher" nicename="det-norske-bibelselskap"><![CDATA[Det norske Bibelselskap]]></category>
            <wp:postmeta>
                <wp:meta_key>lsb_look_inside</wp:meta_key>
                <wp:meta_value><![CDATA[CUSTOM_BLA_I_BOKA]]></wp:meta_value>
            </wp:postmeta>
            <wp:postmeta>
                <wp:meta_key>_lsb_look_inside</wp:meta_key>
                <wp:meta_value><![CDATA[lsb_acf_look_inside]]></wp:meta_value>
            </wp:postmeta>
            <category domain="lsb_tax_age" nicename="voksne"><![CDATA[voksne]]></category>
            <category domain="lsb_tax_topic" nicename="annet"><![CDATA[annet]]></category>
            <category domain="lsb_tax_language" nicename="no_nb"><![CDATA[bokmål]]></category>
            <category domain="lsb_tax_customization" nicename="storskrift"><![CDATA[storskrift]]></category>
            <wp:postmeta>
                <wp:meta_key>_thumbnail_id</wp:meta_key>
                <wp:meta_value><![CDATA[5166]]></wp:meta_value>
            </wp:postmeta>
        </item>
        <item>
            <title>Salmenes bok nett.jpg</title>
            <wp:post_id>5166</wp:post_id>
            <wp:status>inherit</wp:status>
            <wp:post_type>attachment</wp:post_type>
            <wp:attachment_url>https://raw.githubusercontent.com/lesersokerbok/boksok.no-data-utils/master/output-example/images/83FC2E4A221B4265AD86450F1D8D2E8D.jpg</wp:attachment_url>
        </item>
        <item>
            <wp:post_type>lsb_book</wp:post_type>
            <wp:status>publish</wp:status>
            <title>Evangeliet etter Lukas</title>
            <excerpt:encoded><![CDATA[Det Norske Bibelselskap har gitt ut flere av Bibelens bøker med storskrift. Denne boka inneholder Evangeliet etter Lukas, fra det Nye Testamentet.  ]]></excerpt:encoded>
            <wp:postmeta>
                <wp:meta_key>lsb_isbn</wp:meta_key>
                <wp:meta_value><![CDATA[9788254103067]]></wp:meta_value>
            </wp:postmeta>
            <wp:postmeta>
                <wp:meta_key>_lsb_isbn</wp:meta_key>
                <wp:meta_value><![CDATA[lsb_acf_isbn]]></wp:meta_value>
            </wp:postmeta>
            <wp:postmeta>
                <wp:meta_key>lsb_published_year</wp:meta_key>
                <wp:meta_value><![CDATA[1996]]></wp:meta_value>
            </wp:postmeta>
            <wp:postmeta>
                <wp:meta_key>_lsb_published_year</wp:meta_key>
                <wp:meta_value><![CDATA[lsb_acf_published_year]]></wp:meta_value>
            </wp:postmeta>
            <wp:postmeta>
                <wp:meta_key>lsb_pages</wp:meta_key>
                <wp:meta_value/>
            </wp:postmeta>
            <wp:postmeta>
                <wp:meta_key>_lsb_pages</wp:meta_key>
                <wp:meta_value><![CDATA[lsb_acf_pages]]></wp:meta_value>
            </wp:postmeta>
            <wp:postmeta>
                <wp:meta_key>lsb_review</wp:meta_key>
                <wp:meta_value><![CDATA[  <div>Boka har forklaring av navn og spesielle uttrykk nederst på siden. </div>  <div>Teksten er ikke forenklet eller forkortet, </div>  <div>bare satt i store, tydelige bokstaver.<br />  </div>  ]]></wp:meta_value>
            </wp:postmeta>
            <wp:postmeta>
                <wp:meta_key>_lsb_review</wp:meta_key>
                <wp:meta_value><![CDATA[lsb_acf_review]]></wp:meta_value>
            </wp:postmeta>
            <wp:postmeta>
                <wp:meta_key>lsb_quote</wp:meta_key>
                <wp:meta_value><![CDATA[2  Det skjedde i de dager at det gikk ut befaling fra keiser Augustus om at hele verden skulle innskrives i manntall. Denne første innskrivning ble holdt mens Kvirinius var landshøvding i Syria. Og alle drog av sted for å la seg innskrive, hver til sin by. ]]></wp:meta_value>
            </wp:postmeta>
            <wp:postmeta>
                <wp:meta_key>_lsb_quote</wp:meta_key>
                <wp:meta_value><![CDATA[lsb_acf_quote]]></wp:meta_value>
            </wp:postmeta>
            <wp:postmeta>
                <wp:meta_key>lsb_supported</wp:meta_key>
                <wp:meta_value><![CDATA[0]]></wp:meta_value>
            </wp:postmeta>
            <wp:postmeta>
                <wp:meta_key>_lsb_supported</wp:meta_key>
                <wp:meta_value><![CDATA[lsb_acf_supported]]></wp:meta_value>
            </wp:postmeta>
            <category domain="lsb_tax_publisher" nicename="det-norske-bibelselskap"><![CDATA[Det norske Bibelselskap]]></category>
            <wp:postmeta>
                <wp:meta_key>lsb_look_inside</wp:meta_key>
                <wp:meta_value><![CDATA[CUSTOM_BLA_I_BOKA]]></wp:meta_value>
            </wp:postmeta>
            <wp:postmeta>
                <wp:meta_key>_lsb_look_inside</wp:meta_key>
                <wp:meta_value><![CDATA[lsb_acf_look_inside]]></wp:meta_value>
            </wp:postmeta>
            <category domain="lsb_tax_age" nicename="voksne"><![CDATA[voksne]]></category>
            <category domain="lsb_tax_topic" nicename="mennesker-i-mellom"><![CDATA[mennesker i mellom]]></category>
            <category domain="lsb_tax_topic" nicename="annet"><![CDATA[annet]]></category>
            <category domain="lsb_tax_language" nicename="no_nb"><![CDATA[bokmål]]></category>
            <category domain="lsb_tax_customization" nicename="storskrift"><![CDATA[storskrift]]></category>
            <wp:postmeta>
                <wp:meta_key>_thumbnail_id</wp:meta_key>
                <wp:meta_value><![CDATA[5167]]></wp:meta_value>
            </wp:postmeta>
        </item>
        <item>
            <title>evangeliet etter lukas nett.jpg</title>
            <wp:post_id>5167</wp:post_id>
            <wp:status>inherit</wp:status>
            <wp:post_type>attachment</wp:post_type>
            <wp:attachment_url>https://raw.githubusercontent.com/lesersokerbok/boksok.no-data-utils/master/output-example/images/04B6F1D377F743B58DD27682C4BA0DC7.jpg</wp:attachment_url>
        </item>
        <item>
            <wp:post_type>lsb_book</wp:post_type>
            <wp:status>publish</wp:status>
            <title>Evangeliet etter Matteus</title>
            <excerpt:encoded><![CDATA[Det Norske Bibelselskap har gitt ut flere av Bibelens bøker med storskrift. Denne boka inneholder Evangeliet etter Matteus, fra det Nye Testamentet.  ]]></excerpt:encoded>
            <wp:postmeta>
                <wp:meta_key>lsb_isbn</wp:meta_key>
                <wp:meta_value><![CDATA[9788254102954]]></wp:meta_value>
            </wp:postmeta>
            <wp:postmeta>
                <wp:meta_key>_lsb_isbn</wp:meta_key>
                <wp:meta_value><![CDATA[lsb_acf_isbn]]></wp:meta_value>
            </wp:postmeta>
            <wp:postmeta>
                <wp:meta_key>lsb_published_year</wp:meta_key>
                <wp:meta_value><![CDATA[1978]]></wp:meta_value>
            </wp:postmeta>
            <wp:postmeta>
                <wp:meta_key>_lsb_published_year</wp:meta_key>
                <wp:meta_value><![CDATA[lsb_acf_published_year]]></wp:meta_value>
            </wp:postmeta>
            <wp:postmeta>
                <wp:meta_key>lsb_pages</wp:meta_key>
                <wp:meta_value><![CDATA[168]]></wp:meta_value>
            </wp:postmeta>
            <wp:postmeta>
                <wp:meta_key>_lsb_pages</wp:meta_key>
                <wp:meta_value><![CDATA[lsb_acf_pages]]></wp:meta_value>
            </wp:postmeta>
            <wp:postmeta>
                <wp:meta_key>lsb_review</wp:meta_key>
                <wp:meta_value><![CDATA[  <div>Boka har forklaring av navn og spesielle uttrykk nederst på siden. </div>  <div>Teksten er ikke forenklet eller forkortet, </div>  <div>bare satt i store, tydelige bokstaver.</div>  ]]></wp:meta_value>
            </wp:postmeta>
            <wp:postmeta>
                <wp:meta_key>_lsb_review</wp:meta_key>
                <wp:meta_value><![CDATA[lsb_acf_review]]></wp:meta_value>
            </wp:postmeta>
            <wp:postmeta>
                <wp:meta_key>lsb_quote</wp:meta_key>
                <wp:meta_value><![CDATA[2  Da Jesus var født i Betlehem i Judea, på den tid Herodes var konge, kon noen vismenn fra Østen til Jerusalem og spurte: "Hvor er jødenes konge som nå er født? Vi så hans stjerne da den gikk opp ved morgengry, og er kommet for å hylle ham."]]></wp:meta_value>
            </wp:postmeta>
            <wp:postmeta>
                <wp:meta_key>_lsb_quote</wp:meta_key>
                <wp:meta_value><![CDATA[lsb_acf_quote]]></wp:meta_value>
            </wp:postmeta>
            <wp:postmeta>
                <wp:meta_key>lsb_supported</wp:meta_key>
                <wp:meta_value><![CDATA[0]]></wp:meta_value>
            </wp:postmeta>
            <wp:postmeta>
                <wp:meta_key>_lsb_supported</wp:meta_key>
                <wp:meta_value><![CDATA[lsb_acf_supported]]></wp:meta_value>
            </wp:postmeta>
            <category domain="lsb_tax_publisher" nicename="det-norske-bibelselskap"><![CDATA[Det norske Bibelselskap]]></category>
            <wp:postmeta>
                <wp:meta_key>lsb_look_inside</wp:meta_key>
                <wp:meta_value><![CDATA[CUSTOM_BLA_I_BOKA]]></wp:meta_value>
            </wp:postmeta>
            <wp:postmeta>
                <wp:meta_key>_lsb_look_inside</wp:meta_key>
                <wp:meta_value><![CDATA[lsb_acf_look_inside]]></wp:meta_value>
            </wp:postmeta>
            <category domain="lsb_tax_age" nicename="voksne"><![CDATA[voksne]]></category>
            <category domain="lsb_tax_topic" nicename="annet"><![CDATA[annet]]></category>
            <category domain="lsb_tax_language" nicename="no_nb"><![CDATA[bokmål]]></category>
            <category domain="lsb_tax_customization" nicename="storskrift"><![CDATA[storskrift]]></category>
            <wp:postmeta>
                <wp:meta_key>_thumbnail_id</wp:meta_key>
                <wp:meta_value><![CDATA[5168]]></wp:meta_value>
            </wp:postmeta>
        </item>
        <item>
            <title>evangeliet etter matteus.JPG</title>
            <wp:post_id>5168</wp:post_id>
            <wp:status>inherit</wp:status>
            <wp:post_type>attachment</wp:post_type>
            <wp:attachment_url>https://raw.githubusercontent.com/lesersokerbok/boksok.no-data-utils/master/output-example/images/CDCC1FBADB9145C1A00D499E6F8EEBF5.JPG</wp:attachment_url>
        </item>
        <item>
            <wp:post_type>lsb_book</wp:post_type>
            <wp:status>publish</wp:status>
            <title>Tepper</title>
            <excerpt:encoded><![CDATA[Craig forteller om sin oppvekst  ved å vise oss teppene han har sovet under.  ]]></excerpt:encoded>
            <wp:postmeta>
                <wp:meta_key>lsb_isbn</wp:meta_key>
                <wp:meta_value><![CDATA[9788242930514]]></wp:meta_value>
            </wp:postmeta>
            <wp:postmeta>
                <wp:meta_key>_lsb_isbn</wp:meta_key>
                <wp:meta_value><![CDATA[lsb_acf_isbn]]></wp:meta_value>
            </wp:postmeta>
            <wp:postmeta>
                <wp:meta_key>lsb_published_year</wp:meta_key>
                <wp:meta_value><![CDATA[2006]]></wp:meta_value>
            </wp:postmeta>
            <wp:postmeta>
                <wp:meta_key>_lsb_published_year</wp:meta_key>
                <wp:meta_value><![CDATA[lsb_acf_published_year]]></wp:meta_value>
            </wp:postmeta>
            <wp:postmeta>
                <wp:meta_key>lsb_pages</wp:meta_key>
                <wp:meta_value><![CDATA[591]]></wp:meta_value>
            </wp:postmeta>
            <wp:postmeta>
                <wp:meta_key>_lsb_pages</wp:meta_key>
                <wp:meta_value><![CDATA[lsb_acf_pages]]></wp:meta_value>
            </wp:postmeta>
            <wp:postmeta>
                <wp:meta_key>lsb_review</wp:meta_key>
                <wp:meta_value><![CDATA[  <div>Hvordan føles det å ligge inntil noen <br />  for første gang?</div>  <div>&#160;</div>  <div>Med vakre bilder forteller Craig Thompson<br />  om forholdet til broren, til Gud, <br />  og om å finne og miste <br />  sin første kjærlighet. </div>  <div>&#160;</div>  <p>Boka er tykk, men den er delt opp <br />  i tydelige kapitler.<br />  Teksten er stort sett enkel, <br />  unntatt der Craig siterer fra Bibelen.</p>  <p>For denne boka har Craig Thompson vunnet flere priser,<br />  blant annet to Eisner-priser.</p>  ]]></wp:meta_value>
            </wp:postmeta>
            <wp:postmeta>
                <wp:meta_key>_lsb_review</wp:meta_key>
                <wp:meta_value><![CDATA[lsb_acf_review]]></wp:meta_value>
            </wp:postmeta>
            <wp:postmeta>
                <wp:meta_key>lsb_quote</wp:meta_key>
                <wp:meta_value><![CDATA[- Hvor skal du sove?  - Hva?   - Hvor skal du sove mens du er der?   - Å, de har sikkert et gjesterom.   Rainas foreldre kommer selvfølgelig   til å være der,   og de er kristne...   - Ja, det er greit for meg,   men faren din får bestemme. ]]></wp:meta_value>
            </wp:postmeta>
            <wp:postmeta>
                <wp:meta_key>_lsb_quote</wp:meta_key>
                <wp:meta_value><![CDATA[lsb_acf_quote]]></wp:meta_value>
            </wp:postmeta>
            <wp:postmeta>
                <wp:meta_key>lsb_supported</wp:meta_key>
                <wp:meta_value><![CDATA[0]]></wp:meta_value>
            </wp:postmeta>
            <wp:postmeta>
                <wp:meta_key>_lsb_supported</wp:meta_key>
                <wp:meta_value><![CDATA[lsb_acf_supported]]></wp:meta_value>
            </wp:postmeta>
            <category domain="lsb_tax_author" nicename="craig-thompson"><![CDATA[Craig Thompson]]></category>
            <category domain="lsb_tax_publisher" nicename="egmont-serieforlaget"><![CDATA[Egmont Serieforlaget]]></category>
            <category domain="lsb_tax_illustrator" nicename="craig-thompson"><![CDATA[Craig Thompson]]></category>
            <category domain="lsb_tax_translator" nicename="jens-røsåsen"><![CDATA[Jens Røsåsen]]></category>
            <wp:postmeta>
                <wp:meta_key>lsb_look_inside</wp:meta_key>
                <wp:meta_value><![CDATA[CUSTOM_BLA_I_BOKA]]></wp:meta_value>
            </wp:postmeta>
            <wp:postmeta>
                <wp:meta_key>_lsb_look_inside</wp:meta_key>
                <wp:meta_value><![CDATA[lsb_acf_look_inside]]></wp:meta_value>
            </wp:postmeta>
            <category domain="lsb_tax_age" nicename="ungdom"><![CDATA[ungdom]]></category>
            <category domain="lsb_tax_age" nicename="voksne"><![CDATA[voksne]]></category>
            <category domain="lsb_tax_topic" nicename="kjærlighet"><![CDATA[kjærlighet]]></category>
            <category domain="lsb_tax_topic" nicename="mennesker-i-mellom"><![CDATA[mennesker i mellom]]></category>
            <category domain="lsb_tax_language" nicename="no_nb"><![CDATA[bokmål]]></category>
            <category domain="lsb_tax_customization" nicename="bilder"><![CDATA[bilder]]></category>
            <category domain="lsb_tax_customization" nicename="mange-bilder"><![CDATA[mange bilder]]></category>
            <wp:postmeta>
                <wp:meta_key>_thumbnail_id</wp:meta_key>
                <wp:meta_value><![CDATA[5169]]></wp:meta_value>
            </wp:postmeta>
        </item>
        <item>
            <title>tepper nett.jpg</title>
            <wp:post_id>5169</wp:post_id>
            <wp:status>inherit</wp:status>
            <wp:post_type>attachment</wp:post_type>
            <wp:attachment_url>https://raw.githubusercontent.com/lesersokerbok/boksok.no-data-utils/master/output-example/images/B1B56113870C4B52A3B9FC455EBBCF1F.jpg</wp:attachment_url>
        </item>
        <item>
            <wp:post_type>lsb_book</wp:post_type>
            <wp:status>publish</wp:status>
            <title>Kino</title>
            <excerpt:encoded><![CDATA[Denne boka inneholder åtte noveller   som alle handler om    å være ungdom. ]]></excerpt:encoded>
            <wp:postmeta>
                <wp:meta_key>lsb_isbn</wp:meta_key>
                <wp:meta_value><![CDATA[9788252168662]]></wp:meta_value>
            </wp:postmeta>
            <wp:postmeta>
                <wp:meta_key>_lsb_isbn</wp:meta_key>
                <wp:meta_value><![CDATA[lsb_acf_isbn]]></wp:meta_value>
            </wp:postmeta>
            <wp:postmeta>
                <wp:meta_key>lsb_published_year</wp:meta_key>
                <wp:meta_value><![CDATA[2006]]></wp:meta_value>
            </wp:postmeta>
            <wp:postmeta>
                <wp:meta_key>_lsb_published_year</wp:meta_key>
                <wp:meta_value><![CDATA[lsb_acf_published_year]]></wp:meta_value>
            </wp:postmeta>
            <wp:postmeta>
                <wp:meta_key>lsb_pages</wp:meta_key>
                <wp:meta_value><![CDATA[122]]></wp:meta_value>
            </wp:postmeta>
            <wp:postmeta>
                <wp:meta_key>_lsb_pages</wp:meta_key>
                <wp:meta_value><![CDATA[lsb_acf_pages]]></wp:meta_value>
            </wp:postmeta>
            <wp:postmeta>
                <wp:meta_key>lsb_review</wp:meta_key>
                <wp:meta_value><![CDATA[  <div>Stundom er livet fanga i dei store kjenslene.<br />  Sjølv om det ikkje skjer stort.<br />  Sjølv om det ser ut for å vere ein vanleg dag.<br />  Då kan det vere at dei små tinga blir via <br />  mykje merksemd.<br />  Som på kino.</div>  <div>Slik er det for desse ungdomane.<br />  </div>  <div>&#160;</div>  <div>Denne boka har 8 noveller,<br />  som alle byrjer med same setning:<br />  Handa held den store saksa.<br />  Samstundes får vi høyre fleire ulike soger,<br />  om det å vere ung, om livet,<br />  og om seksuell vakning.</div>  <div>&#160;</div>  <div>Innhaldet i desse novellene er ikkje enkelt,<br />  men det er heller ikkje livet som tenåring.<br />  Vi glir mellom draum og verkelegheit,<br />  og veit ikkje alltid kva som er kva.<br />  Språket er poetisk, sjølv om orda i det meste <br />  er mykje brukt.</div>  <div><br />  Vi tek med boka fordi oppsettet er godt,<br />  novellene korte, og ordvalet kvardagsleg.</div>  <div>Boka passar for eldre ungdom og vaksne.</div>  <div>&#160;</div>  <p><strong>Marit Kaldhol</strong> debuterte i 1983<br />  og har sidan gitt ut ei rekkje bøker <br />  for barn, unge og vaksne.<br />  For denne boka fekk ho <strong>KKDs Litteraturpris</strong> i 2006.</p>  ]]></wp:meta_value>
            </wp:postmeta>
            <wp:postmeta>
                <wp:meta_key>_lsb_review</wp:meta_key>
                <wp:meta_value><![CDATA[lsb_acf_review]]></wp:meta_value>
            </wp:postmeta>
            <wp:postmeta>
                <wp:meta_key>lsb_quote</wp:meta_key>
                <wp:meta_value><![CDATA[Dei har gjømt seg bak eit tre, no spring dei  frå det treet og til eit anna.  Gøymer seg igjen.  Sally ser dei kvite leggane straks. Høyrer  svak svusjing i kvitveisteppet.  Fort slepper Sally frå seg sekken, no  spring ho òg. Sally vil finne  dei kvite leggane, dei som spring, som ertar.  Vil nå dei att, fange dei. ]]></wp:meta_value>
            </wp:postmeta>
            <wp:postmeta>
                <wp:meta_key>_lsb_quote</wp:meta_key>
                <wp:meta_value><![CDATA[lsb_acf_quote]]></wp:meta_value>
            </wp:postmeta>
            <wp:postmeta>
                <wp:meta_key>lsb_supported</wp:meta_key>
                <wp:meta_value><![CDATA[0]]></wp:meta_value>
            </wp:postmeta>
            <wp:postmeta>
                <wp:meta_key>_lsb_supported</wp:meta_key>
                <wp:meta_value><![CDATA[lsb_acf_supported]]></wp:meta_value>
            </wp:postmeta>
            <category domain="lsb_tax_author" nicename="marit-kaldhol"><![CDATA[Marit Kaldhol]]></category>
            <category domain="lsb_tax_publisher" nicename="samlaget"><![CDATA[Samlaget]]></category>
            <wp:postmeta>
                <wp:meta_key>lsb_look_inside</wp:meta_key>
                <wp:meta_value><![CDATA[CUSTOM_BLA_I_BOKA]]></wp:meta_value>
            </wp:postmeta>
            <wp:postmeta>
                <wp:meta_key>_lsb_look_inside</wp:meta_key>
                <wp:meta_value><![CDATA[lsb_acf_look_inside]]></wp:meta_value>
            </wp:postmeta>
            <category domain="lsb_tax_age" nicename="ungdom"><![CDATA[ungdom]]></category>
            <category domain="lsb_tax_age" nicename="voksne"><![CDATA[voksne]]></category>
            <category domain="lsb_tax_genre" nicename="prosa"><![CDATA[prosa]]></category>
            <category domain="lsb_tax_topic" nicename="kjærlighet"><![CDATA[kjærlighet]]></category>
            <category domain="lsb_tax_topic" nicename="mennesker-i-mellom"><![CDATA[mennesker i mellom]]></category>
            <category domain="lsb_tax_language" nicename="no_nn"><![CDATA[nynorsk]]></category>
            <category domain="lsb_tax_customization" nicename="skjønnlitteratur"><![CDATA[skjønnlitteratur]]></category>
            <wp:postmeta>
                <wp:meta_key>_thumbnail_id</wp:meta_key>
                <wp:meta_value><![CDATA[5170]]></wp:meta_value>
            </wp:postmeta>
        </item>
        <item>
            <title>kino nett.jpg</title>
            <wp:post_id>5170</wp:post_id>
            <wp:status>inherit</wp:status>
            <wp:post_type>attachment</wp:post_type>
            <wp:attachment_url>https://raw.githubusercontent.com/lesersokerbok/boksok.no-data-utils/master/output-example/images/40E9D9C917D341978A3EEF85A5A81429.jpg</wp:attachment_url>
        </item>
        <item>
            <wp:post_type>lsb_book</wp:post_type>
            <wp:status>publish</wp:status>
            <title>Hemmeleg</title>
            <excerpt:encoded><![CDATA[Oline finn ein fugl med brukke venge,  som ho tek seg av.  Men kva skjer når fuglen er frisk att?  ]]></excerpt:encoded>
            <wp:postmeta>
                <wp:meta_key>lsb_isbn</wp:meta_key>
                <wp:meta_value><![CDATA[9788252170443]]></wp:meta_value>
            </wp:postmeta>
            <wp:postmeta>
                <wp:meta_key>_lsb_isbn</wp:meta_key>
                <wp:meta_value><![CDATA[lsb_acf_isbn]]></wp:meta_value>
            </wp:postmeta>
            <wp:postmeta>
                <wp:meta_key>lsb_published_year</wp:meta_key>
                <wp:meta_value><![CDATA[2007]]></wp:meta_value>
            </wp:postmeta>
            <wp:postmeta>
                <wp:meta_key>_lsb_published_year</wp:meta_key>
                <wp:meta_value><![CDATA[lsb_acf_published_year]]></wp:meta_value>
            </wp:postmeta>
            <wp:postmeta>
                <wp:meta_key>lsb_pages</wp:meta_key>
                <wp:meta_value><![CDATA[29]]></wp:meta_value>
            </wp:postmeta>
            <wp:postmeta>
                <wp:meta_key>_lsb_pages</wp:meta_key>
                <wp:meta_value><![CDATA[lsb_acf_pages]]></wp:meta_value>
            </wp:postmeta>
            <wp:postmeta>
                <wp:meta_key>lsb_review</wp:meta_key>
                <wp:meta_value><![CDATA[  <div>Er det så sikkert <br />  at ein ikkje kan flyga<br />  berre fordi ein er menneske<br />  og ikkje ei kråke?<br />  Det går vel an å øva?</div>  <div>&#160;</div>  <div>Ei bok i Kometserien. </div>  ]]></wp:meta_value>
            </wp:postmeta>
            <wp:postmeta>
                <wp:meta_key>_lsb_review</wp:meta_key>
                <wp:meta_value><![CDATA[lsb_acf_review]]></wp:meta_value>
            </wp:postmeta>
            <wp:postmeta>
                <wp:meta_key>lsb_quote</wp:meta_key>
                <wp:meta_value><![CDATA[Ein dag då Oline kom heim frå skulen,  fann ho ein fugl i tunet.  Det var ein stor, svart fugl  som hoppa rundt  og ikkje kom seg opp i lufta.  - Kva er det med deg? sa Oline.]]></wp:meta_value>
            </wp:postmeta>
            <wp:postmeta>
                <wp:meta_key>_lsb_quote</wp:meta_key>
                <wp:meta_value><![CDATA[lsb_acf_quote]]></wp:meta_value>
            </wp:postmeta>
            <wp:postmeta>
                <wp:meta_key>lsb_supported</wp:meta_key>
                <wp:meta_value><![CDATA[0]]></wp:meta_value>
            </wp:postmeta>
            <wp:postmeta>
                <wp:meta_key>_lsb_supported</wp:meta_key>
                <wp:meta_value><![CDATA[lsb_acf_supported]]></wp:meta_value>
            </wp:postmeta>
            <category domain="lsb_tax_author" nicename="odveig-klyve"><![CDATA[Odveig Klyve]]></category>
            <category domain="lsb_tax_publisher" nicename="samlaget"><![CDATA[Samlaget]]></category>
            <category domain="lsb_tax_illustrator" nicename="odd-henning-skyllingstad"><![CDATA[Odd Henning Skyllingstad]]></category>
            <wp:postmeta>
                <wp:meta_key>lsb_look_inside</wp:meta_key>
                <wp:meta_value><![CDATA[CUSTOM_BLA_I_BOKA]]></wp:meta_value>
            </wp:postmeta>
            <wp:postmeta>
                <wp:meta_key>_lsb_look_inside</wp:meta_key>
                <wp:meta_value><![CDATA[lsb_acf_look_inside]]></wp:meta_value>
            </wp:postmeta>
            <category domain="lsb_tax_age" nicename="barn"><![CDATA[barn]]></category>
            <category domain="lsb_tax_topic" nicename="mennesker-i-mellom"><![CDATA[mennesker i mellom]]></category>
            <category domain="lsb_tax_language" nicename="no_nn"><![CDATA[nynorsk]]></category>
            <category domain="lsb_tax_customization" nicename="skjønnlitteratur"><![CDATA[skjønnlitteratur]]></category>
            <wp:postmeta>
                <wp:meta_key>_thumbnail_id</wp:meta_key>
                <wp:meta_value><![CDATA[5171]]></wp:meta_value>
            </wp:postmeta>
        </item>
        <item>
            <title>hemmeleg nett.jpg</title>
            <wp:post_id>5171</wp:post_id>
            <wp:status>inherit</wp:status>
            <wp:post_type>attachment</wp:post_type>
            <wp:attachment_url>https://raw.githubusercontent.com/lesersokerbok/boksok.no-data-utils/master/output-example/images/A062C77C3377459FA6AE52F424B2ED49.jpg</wp:attachment_url>
        </item>
        <item>
            <wp:post_type>lsb_book</wp:post_type>
            <wp:status>publish</wp:status>
            <title>Maria og Josè</title>
            <excerpt:encoded><![CDATA[Aldri har en mann elsket en kvinne  slik som Josè elsker Maria.  Han elsker henne så høyt  at han flytter inn i kroppen hennes,   og vier livet sitt  til å sørge for at hun har det bra.  Men én dag skjer det noe.. ]]></excerpt:encoded>
            <wp:postmeta>
                <wp:meta_key>lsb_isbn</wp:meta_key>
                <wp:meta_value><![CDATA[9788202152123]]></wp:meta_value>
            </wp:postmeta>
            <wp:postmeta>
                <wp:meta_key>_lsb_isbn</wp:meta_key>
                <wp:meta_value><![CDATA[lsb_acf_isbn]]></wp:meta_value>
            </wp:postmeta>
            <wp:postmeta>
                <wp:meta_key>lsb_published_year</wp:meta_key>
                <wp:meta_value><![CDATA[1994]]></wp:meta_value>
            </wp:postmeta>
            <wp:postmeta>
                <wp:meta_key>_lsb_published_year</wp:meta_key>
                <wp:meta_value><![CDATA[lsb_acf_published_year]]></wp:meta_value>
            </wp:postmeta>
            <wp:postmeta>
                <wp:meta_key>lsb_pages</wp:meta_key>
                <wp:meta_value><![CDATA[upag. ]]></wp:meta_value>
            </wp:postmeta>
            <wp:postmeta>
                <wp:meta_key>_lsb_pages</wp:meta_key>
                <wp:meta_value><![CDATA[lsb_acf_pages]]></wp:meta_value>
            </wp:postmeta>
            <wp:postmeta>
                <wp:meta_key>lsb_review</wp:meta_key>
                <wp:meta_value><![CDATA[  <div>Dette er en søt og merkelig historie,<br />  for alle som finner glede i små ting.</div>  <div><br />  Teksten i denne boka er ikke av de enkleste,<br />  men språket er direkte, og historien er kort.<br />  Skriften kan være litt vanskelig,<br />  særlig for de med synshemming.</div>  <div><br />  Vi velger allikevel å ta med boka fordi den er morsom,<br />  god og annerledes, og fordi den har et luftig oppsett<br />  og mange flotte bilder.</div>  ]]></wp:meta_value>
            </wp:postmeta>
            <wp:postmeta>
                <wp:meta_key>_lsb_review</wp:meta_key>
                <wp:meta_value><![CDATA[lsb_acf_review]]></wp:meta_value>
            </wp:postmeta>
            <wp:postmeta>
                <wp:meta_key>lsb_quote</wp:meta_key>
                <wp:meta_value><![CDATA[Josè er høyt og lavt. Han er snart nede   og slår hårene på leggene hennes, snart i   navlen og støvsuger, snart ute på   fingrene og filer og polerer neglene. Det  er ikke den del av Marias kropp han ikke  kjenner. Noen jobber er naturligvis mer  krevende enn andre. Men Josè viker ikke  unna. Han er ikke redd for å ta i et tak.  Slik kan det være å elske. ]]></wp:meta_value>
            </wp:postmeta>
            <wp:postmeta>
                <wp:meta_key>_lsb_quote</wp:meta_key>
                <wp:meta_value><![CDATA[lsb_acf_quote]]></wp:meta_value>
            </wp:postmeta>
            <wp:postmeta>
                <wp:meta_key>lsb_supported</wp:meta_key>
                <wp:meta_value><![CDATA[0]]></wp:meta_value>
            </wp:postmeta>
            <wp:postmeta>
                <wp:meta_key>_lsb_supported</wp:meta_key>
                <wp:meta_value><![CDATA[lsb_acf_supported]]></wp:meta_value>
            </wp:postmeta>
            <category domain="lsb_tax_author" nicename="erlend-loe"><![CDATA[Erlend Loe]]></category>
            <category domain="lsb_tax_publisher" nicename="cappelen"><![CDATA[Cappelen]]></category>
            <category domain="lsb_tax_illustrator" nicename="kim-hiorthøy"><![CDATA[Kim Hiorthøy]]></category>
            <wp:postmeta>
                <wp:meta_key>lsb_look_inside</wp:meta_key>
                <wp:meta_value><![CDATA[CUSTOM_BLA_I_BOKA]]></wp:meta_value>
            </wp:postmeta>
            <wp:postmeta>
                <wp:meta_key>_lsb_look_inside</wp:meta_key>
                <wp:meta_value><![CDATA[lsb_acf_look_inside]]></wp:meta_value>
            </wp:postmeta>
            <category domain="lsb_tax_age" nicename="voksne"><![CDATA[voksne]]></category>
            <category domain="lsb_tax_genre" nicename="prosa"><![CDATA[prosa]]></category>
            <category domain="lsb_tax_topic" nicename="humor"><![CDATA[humor]]></category>
            <category domain="lsb_tax_topic" nicename="kjærlighet"><![CDATA[kjærlighet]]></category>
            <category domain="lsb_tax_language" nicename="no_nb"><![CDATA[bokmål]]></category>
            <category domain="lsb_tax_customization" nicename="skjønnlitteratur"><![CDATA[skjønnlitteratur]]></category>
            <category domain="lsb_tax_customization" nicename="mange-bilder"><![CDATA[mange bilder]]></category>
            <wp:postmeta>
                <wp:meta_key>_thumbnail_id</wp:meta_key>
                <wp:meta_value><![CDATA[5172]]></wp:meta_value>
            </wp:postmeta>
        </item>
        <item>
            <title>maria og jose nett.jpg</title>
            <wp:post_id>5172</wp:post_id>
            <wp:status>inherit</wp:status>
            <wp:post_type>attachment</wp:post_type>
            <wp:attachment_url>https://raw.githubusercontent.com/lesersokerbok/boksok.no-data-utils/master/output-example/images/1DB705739B2B4321BE0611355E58BB82.jpg</wp:attachment_url>
        </item>
        <item>
            <wp:post_type>lsb_book</wp:post_type>
            <wp:status>publish</wp:status>
            <title>Bone: Den mystiske dalen</title>
            <excerpt:encoded><![CDATA[Etter å ha blitt jaget fra Boneville,  går de tre fetterne Bone seg vill.  I en øde, ukjent ørken   kommer de bort fra hverandre.  ]]></excerpt:encoded>
            <wp:postmeta>
                <wp:meta_key>lsb_isbn</wp:meta_key>
                <wp:meta_value><![CDATA[9788242930477]]></wp:meta_value>
            </wp:postmeta>
            <wp:postmeta>
                <wp:meta_key>_lsb_isbn</wp:meta_key>
                <wp:meta_value><![CDATA[lsb_acf_isbn]]></wp:meta_value>
            </wp:postmeta>
            <wp:postmeta>
                <wp:meta_key>lsb_published_year</wp:meta_key>
                <wp:meta_value><![CDATA[2006]]></wp:meta_value>
            </wp:postmeta>
            <wp:postmeta>
                <wp:meta_key>_lsb_published_year</wp:meta_key>
                <wp:meta_value><![CDATA[lsb_acf_published_year]]></wp:meta_value>
            </wp:postmeta>
            <wp:postmeta>
                <wp:meta_key>lsb_pages</wp:meta_key>
                <wp:meta_value><![CDATA[452]]></wp:meta_value>
            </wp:postmeta>
            <wp:postmeta>
                <wp:meta_key>_lsb_pages</wp:meta_key>
                <wp:meta_value><![CDATA[lsb_acf_pages]]></wp:meta_value>
            </wp:postmeta>
            <wp:postmeta>
                <wp:meta_key>lsb_review</wp:meta_key>
                <wp:meta_value><![CDATA[  <div>En etter en finner de veien til en <br />  skogkledd dal, som yrer av herlige <br />  og uhyrlige skapninger. <br />  Dette blir det lengste - men morsomste -<br />  året i deres liv.</div>  <div>&#160;</div>  <div><strong>Bone</strong> er en serie som alle ser ut til å like. <br />  Den passer både for ungdom og voksne.<br />  Teksten er enkel, bildene er tydelige,<br />  og leseren blir sugd inn i en spennende historie.</div>  <div>&#160;</div>  <p>Dette bindet inneholder tre bøker:<br />  Bok en: <strong>Flukten fra Boneville</strong><br />  Bok to: <strong>Det store kuveddeløpet</strong><br />  Bok tre: <strong>Stormens øye.</strong></p>  <p>Jeff Smith er født og oppvokst i Midtvesten i USA.<br />  Gjennom aviser, seriehefter og tegnefilmer på TV<br />  lærte han seg å tegne serier. <br />  Han utviklet seriefigurene sine <br />  gjennom striper i studentavisa<br />  da han gikk på Ohio State University. <br />  I 1986 grunnla studioet Character Builders.<br />  I 1991 ga Smith ut det første Bone-heftet,<br />  og serien ble avsluttet i 2004.</p>  ]]></wp:meta_value>
            </wp:postmeta>
            <wp:postmeta>
                <wp:meta_key>_lsb_review</wp:meta_key>
                <wp:meta_value><![CDATA[lsb_acf_review]]></wp:meta_value>
            </wp:postmeta>
            <wp:postmeta>
                <wp:meta_key>lsb_quote</wp:meta_key>
                <wp:meta_value><![CDATA[- Hei, fettere, se hva jeg fant!  Jeg trur det er et kart!    - Ja visst! Se der! Det er et kart over den fjellkjeden!    - Jeg er reddet!   Hit med det!    - Få en daler først.]]></wp:meta_value>
            </wp:postmeta>
            <wp:postmeta>
                <wp:meta_key>_lsb_quote</wp:meta_key>
                <wp:meta_value><![CDATA[lsb_acf_quote]]></wp:meta_value>
            </wp:postmeta>
            <wp:postmeta>
                <wp:meta_key>lsb_supported</wp:meta_key>
                <wp:meta_value><![CDATA[0]]></wp:meta_value>
            </wp:postmeta>
            <wp:postmeta>
                <wp:meta_key>_lsb_supported</wp:meta_key>
                <wp:meta_value><![CDATA[lsb_acf_supported]]></wp:meta_value>
            </wp:postmeta>
            <category domain="lsb_tax_author" nicename="jeff-smith"><![CDATA[Jeff Smith]]></category>
            <category domain="lsb_tax_publisher" nicename="egmont-serieforlaget"><![CDATA[Egmont Serieforlaget]]></category>
            <category domain="lsb_tax_illustrator" nicename="jeff-smith"><![CDATA[Jeff Smith]]></category>
            <category domain="lsb_tax_translator" nicename="jens-e.-røsåsen"><![CDATA[Jens E. Røsåsen]]></category>
            <wp:postmeta>
                <wp:meta_key>lsb_look_inside</wp:meta_key>
                <wp:meta_value><![CDATA[CUSTOM_BLA_I_BOKA]]></wp:meta_value>
            </wp:postmeta>
            <wp:postmeta>
                <wp:meta_key>_lsb_look_inside</wp:meta_key>
                <wp:meta_value><![CDATA[lsb_acf_look_inside]]></wp:meta_value>
            </wp:postmeta>
            <category domain="lsb_tax_age" nicename="ungdom"><![CDATA[ungdom]]></category>
            <category domain="lsb_tax_age" nicename="voksne"><![CDATA[voksne]]></category>
            <category domain="lsb_tax_topic" nicename="eventyr"><![CDATA[eventyr]]></category>
            <category domain="lsb_tax_topic" nicename="humor"><![CDATA[humor]]></category>
            <category domain="lsb_tax_language" nicename="no_nb"><![CDATA[bokmål]]></category>
            <category domain="lsb_tax_customization" nicename="bilder"><![CDATA[bilder]]></category>
            <category domain="lsb_tax_customization" nicename="mange-bilder"><![CDATA[mange bilder]]></category>
            <wp:postmeta>
                <wp:meta_key>_thumbnail_id</wp:meta_key>
                <wp:meta_value><![CDATA[5173]]></wp:meta_value>
            </wp:postmeta>
        </item>
        <item>
            <title>den mystiske dalen, ny.jpg</title>
            <wp:post_id>5173</wp:post_id>
            <wp:status>inherit</wp:status>
            <wp:post_type>attachment</wp:post_type>
            <wp:attachment_url>https://raw.githubusercontent.com/lesersokerbok/boksok.no-data-utils/master/output-example/images/1DF89699469F4259BD626F78C8D3B45C.jpg</wp:attachment_url>
        </item>
        <item>
            <wp:post_type>lsb_book</wp:post_type>
            <wp:status>publish</wp:status>
            <title>10 minutter til en sterkere rygg og litt flatere mage</title>
            <excerpt:encoded><![CDATA[10 minutter med trening  er mye mer enn ingenting,  mener Kari Jaquesson.  I denne boken viser hun frem øvelser  som kan gi deg sterkere rygg  og litt flatere mage.  ]]></excerpt:encoded>
            <wp:postmeta>
                <wp:meta_key>lsb_isbn</wp:meta_key>
                <wp:meta_value><![CDATA[9788202269227]]></wp:meta_value>
            </wp:postmeta>
            <wp:postmeta>
                <wp:meta_key>_lsb_isbn</wp:meta_key>
                <wp:meta_value><![CDATA[lsb_acf_isbn]]></wp:meta_value>
            </wp:postmeta>
            <wp:postmeta>
                <wp:meta_key>lsb_published_year</wp:meta_key>
                <wp:meta_value><![CDATA[2007]]></wp:meta_value>
            </wp:postmeta>
            <wp:postmeta>
                <wp:meta_key>_lsb_published_year</wp:meta_key>
                <wp:meta_value><![CDATA[lsb_acf_published_year]]></wp:meta_value>
            </wp:postmeta>
            <wp:postmeta>
                <wp:meta_key>lsb_pages</wp:meta_key>
                <wp:meta_value><![CDATA[120]]></wp:meta_value>
            </wp:postmeta>
            <wp:postmeta>
                <wp:meta_key>_lsb_pages</wp:meta_key>
                <wp:meta_value><![CDATA[lsb_acf_pages]]></wp:meta_value>
            </wp:postmeta>
            <wp:postmeta>
                <wp:meta_key>lsb_review</wp:meta_key>
                <wp:meta_value><![CDATA[  <div>I tillegg får du tips om hva du bør spise <br />  for å kvitte deg med valkene.</div>  <div>&#160;</div>  <p>Øvelsene er enkelt forklart<br />  med tekst og bilder.</p>  <p>Teksten er nokså enkel,<br />  og boka har lite tekst og mange bilder.<br />  Fonten kunne vært større (8,5 punkt),<br />  og teksten i bobler er vanskeligere enn resten.</p>  ]]></wp:meta_value>
            </wp:postmeta>
            <wp:postmeta>
                <wp:meta_key>_lsb_review</wp:meta_key>
                <wp:meta_value><![CDATA[lsb_acf_review]]></wp:meta_value>
            </wp:postmeta>
            <wp:postmeta>
                <wp:meta_key>lsb_quote</wp:meta_key>
                <wp:meta_value><![CDATA[10 ganger  La ryggen bli så svai den vil og press den så ned i gulvet. Hold noen sekunder. Prøv å slappe av i rumpeballene. Det er lettere sagt enn gjort   i og med at baken gjerne vil hjelpe til.]]></wp:meta_value>
            </wp:postmeta>
            <wp:postmeta>
                <wp:meta_key>_lsb_quote</wp:meta_key>
                <wp:meta_value><![CDATA[lsb_acf_quote]]></wp:meta_value>
            </wp:postmeta>
            <wp:postmeta>
                <wp:meta_key>lsb_supported</wp:meta_key>
                <wp:meta_value><![CDATA[0]]></wp:meta_value>
            </wp:postmeta>
            <wp:postmeta>
                <wp:meta_key>_lsb_supported</wp:meta_key>
                <wp:meta_value><![CDATA[lsb_acf_supported]]></wp:meta_value>
            </wp:postmeta>
            <category domain="lsb_tax_author" nicename="kari-jacquesson"><![CDATA[Kari Jacquesson]]></category>
            <category domain="lsb_tax_publisher" nicename="cappelen"><![CDATA[Cappelen]]></category>
            <wp:postmeta>
                <wp:meta_key>lsb_look_inside</wp:meta_key>
                <wp:meta_value><![CDATA[CUSTOM_BLA_I_BOKA]]></wp:meta_value>
            </wp:postmeta>
            <wp:postmeta>
                <wp:meta_key>_lsb_look_inside</wp:meta_key>
                <wp:meta_value><![CDATA[lsb_acf_look_inside]]></wp:meta_value>
            </wp:postmeta>
            <category domain="lsb_tax_age" nicename="voksne"><![CDATA[voksne]]></category>
            <category domain="lsb_tax_genre" nicename="faglitteratur"><![CDATA[faglitteratur]]></category>
            <category domain="lsb_tax_topic" nicename="mat"><![CDATA[mat]]></category>
            <category domain="lsb_tax_topic" nicename="helse"><![CDATA[helse]]></category>
            <category domain="lsb_tax_language" nicename="no_nb"><![CDATA[bokmål]]></category>
            <category domain="lsb_tax_customization" nicename="faglitteratur"><![CDATA[faglitteratur]]></category>
            <category domain="lsb_tax_customization" nicename="mange-bilder"><![CDATA[mange bilder]]></category>
            <wp:postmeta>
                <wp:meta_key>_thumbnail_id</wp:meta_key>
                <wp:meta_value><![CDATA[5174]]></wp:meta_value>
            </wp:postmeta>
        </item>
        <item>
            <title>10 minutter til en sterkere rygg nett.jpg</title>
            <wp:post_id>5174</wp:post_id>
            <wp:status>inherit</wp:status>
            <wp:post_type>attachment</wp:post_type>
            <wp:attachment_url>https://raw.githubusercontent.com/lesersokerbok/boksok.no-data-utils/master/output-example/images/8DCCBB997B7048B7B27CDFDF9CAA5950.jpg</wp:attachment_url>
        </item>
        <item>
            <wp:post_type>lsb_book</wp:post_type>
            <wp:status>publish</wp:status>
            <title>Lucky Luke</title>
            <excerpt:encoded><![CDATA[Vi kjenner alle Lucky Luke,  mannen som er raskere enn sin egen skygge.    Nå har Egmont samlet alle historiene   om Lucky Luke, hesten Jolly og brødrene Dalton  i en flott serie som nå har 22 bind.  ]]></excerpt:encoded>
            <wp:postmeta>
                <wp:meta_key>lsb_isbn</wp:meta_key>
                <wp:meta_value/>
            </wp:postmeta>
            <wp:postmeta>
                <wp:meta_key>_lsb_isbn</wp:meta_key>
                <wp:meta_value><![CDATA[lsb_acf_isbn]]></wp:meta_value>
            </wp:postmeta>
            <wp:postmeta>
                <wp:meta_key>lsb_published_year</wp:meta_key>
                <wp:meta_value><![CDATA[2003]]></wp:meta_value>
            </wp:postmeta>
            <wp:postmeta>
                <wp:meta_key>_lsb_published_year</wp:meta_key>
                <wp:meta_value><![CDATA[lsb_acf_published_year]]></wp:meta_value>
            </wp:postmeta>
            <wp:postmeta>
                <wp:meta_key>lsb_pages</wp:meta_key>
                <wp:meta_value/>
            </wp:postmeta>
            <wp:postmeta>
                <wp:meta_key>_lsb_pages</wp:meta_key>
                <wp:meta_value><![CDATA[lsb_acf_pages]]></wp:meta_value>
            </wp:postmeta>
            <wp:postmeta>
                <wp:meta_key>lsb_review</wp:meta_key>
                <wp:meta_value><![CDATA[  <p>Teksten i boka er ikke spesielt enkel,<br />  men tegningene er tydelige.<br />  Forordene har små bokstaver, <br />  men de er korte, og kan helt fint sløyfes. </p>  <p>Dette er en bokserie, <br />  og derfor vil det ikke komme opp noen bibliotek <br />  om du klikker på lenken til høyre. <br />  Ta kontakt med ditt lokale bibliotek<br />  om du vil låne bøkene.</p>  ]]></wp:meta_value>
            </wp:postmeta>
            <wp:postmeta>
                <wp:meta_key>_lsb_review</wp:meta_key>
                <wp:meta_value><![CDATA[lsb_acf_review]]></wp:meta_value>
            </wp:postmeta>
            <wp:postmeta>
                <wp:meta_key>lsb_quote</wp:meta_key>
                <wp:meta_value/>
            </wp:postmeta>
            <wp:postmeta>
                <wp:meta_key>_lsb_quote</wp:meta_key>
                <wp:meta_value><![CDATA[lsb_acf_quote]]></wp:meta_value>
            </wp:postmeta>
            <wp:postmeta>
                <wp:meta_key>lsb_supported</wp:meta_key>
                <wp:meta_value><![CDATA[0]]></wp:meta_value>
            </wp:postmeta>
            <wp:postmeta>
                <wp:meta_key>_lsb_supported</wp:meta_key>
                <wp:meta_value><![CDATA[lsb_acf_supported]]></wp:meta_value>
            </wp:postmeta>
            <category domain="lsb_tax_author" nicename="renè-goscinny"><![CDATA[Renè Goscinny]]></category>
            <category domain="lsb_tax_publisher" nicename="egmont-serieforlaget"><![CDATA[Egmont Serieforlaget]]></category>
            <category domain="lsb_tax_illustrator" nicename="morris-o.fl."><![CDATA[Morris o.fl.]]></category>
            <wp:postmeta>
                <wp:meta_key>lsb_look_inside</wp:meta_key>
                <wp:meta_value><![CDATA[CUSTOM_BLA_I_BOKA]]></wp:meta_value>
            </wp:postmeta>
            <wp:postmeta>
                <wp:meta_key>_lsb_look_inside</wp:meta_key>
                <wp:meta_value><![CDATA[lsb_acf_look_inside]]></wp:meta_value>
            </wp:postmeta>
            <category domain="lsb_tax_age" nicename="voksne"><![CDATA[voksne]]></category>
            <category domain="lsb_tax_age" nicename="ungdom"><![CDATA[ungdom]]></category>
            <category domain="lsb_tax_age" nicename="barn"><![CDATA[barn]]></category>
            <category domain="lsb_tax_topic" nicename="humor"><![CDATA[humor]]></category>
            <category domain="lsb_tax_language" nicename="no_nb"><![CDATA[bokmål]]></category>
            <category domain="lsb_tax_customization" nicename="bilder"><![CDATA[bilder]]></category>
            <category domain="lsb_tax_customization" nicename="mange-bilder"><![CDATA[mange bilder]]></category>
            <wp:postmeta>
                <wp:meta_key>_thumbnail_id</wp:meta_key>
                <wp:meta_value><![CDATA[5175]]></wp:meta_value>
            </wp:postmeta>
        </item>
        <item>
            <title>lucky luke nett.jpg</title>
            <wp:post_id>5175</wp:post_id>
            <wp:status>inherit</wp:status>
            <wp:post_type>attachment</wp:post_type>
            <wp:attachment_url>https://raw.githubusercontent.com/lesersokerbok/boksok.no-data-utils/master/output-example/images/12CF8EAE5F9D4FA7AE9537BC611CF5D5.jpg</wp:attachment_url>
        </item>
        <item>
            <wp:post_type>lsb_book</wp:post_type>
            <wp:status>publish</wp:status>
            <title>Horton klekker ut et egg</title>
            <excerpt:encoded><![CDATA[Fuglen Mayzie er lei av å ruge  på egget hun har lagt.  Nå vil hun på ferie!  Men hvem skal ruge på egget hennes?  Da møter hun Horton.  ]]></excerpt:encoded>
            <wp:postmeta>
                <wp:meta_key>lsb_isbn</wp:meta_key>
                <wp:meta_value><![CDATA[9788204100016]]></wp:meta_value>
            </wp:postmeta>
            <wp:postmeta>
                <wp:meta_key>_lsb_isbn</wp:meta_key>
                <wp:meta_value><![CDATA[lsb_acf_isbn]]></wp:meta_value>
            </wp:postmeta>
            <wp:postmeta>
                <wp:meta_key>lsb_published_year</wp:meta_key>
                <wp:meta_value><![CDATA[2006]]></wp:meta_value>
            </wp:postmeta>
            <wp:postmeta>
                <wp:meta_key>_lsb_published_year</wp:meta_key>
                <wp:meta_value><![CDATA[lsb_acf_published_year]]></wp:meta_value>
            </wp:postmeta>
            <wp:postmeta>
                <wp:meta_key>lsb_pages</wp:meta_key>
                <wp:meta_value><![CDATA[upag. ]]></wp:meta_value>
            </wp:postmeta>
            <wp:postmeta>
                <wp:meta_key>_lsb_pages</wp:meta_key>
                <wp:meta_value><![CDATA[lsb_acf_pages]]></wp:meta_value>
            </wp:postmeta>
            <wp:postmeta>
                <wp:meta_key>lsb_review</wp:meta_key>
                <wp:meta_value><![CDATA[  <p>Møt den sleipe fuglen Mayzie,<br />  den altfor snille elefanten Horton,<br />  og den lille som er inne i egget.</p>  <div>Dr. Seuss har vært kjent over hele verden<br />  for sine bøker med humor og snert.<br />  Endelig er denne 66 år gamle klassikeren<br />  kommet på norsk.</div>  <div>&#160;</div>  <p>Boka har lite tekst, store bokstaver<br />  og tydelige tegninger.</p>  ]]></wp:meta_value>
            </wp:postmeta>
            <wp:postmeta>
                <wp:meta_key>_lsb_review</wp:meta_key>
                <wp:meta_value><![CDATA[lsb_acf_review]]></wp:meta_value>
            </wp:postmeta>
            <wp:postmeta>
                <wp:meta_key>lsb_quote</wp:meta_key>
                <wp:meta_value><![CDATA[Ja vel, da, sa Horton. "Du ber jo så pent ...  En ferie, sa du? Det må da gå an.  Så ruger jeg egget så mykt som jeg kan.  Jeg skal være trofast. Her blir jeg, helt sant."  "Tudelutt!" kvitret Mayzie fornøyd, og forsvant.]]></wp:meta_value>
            </wp:postmeta>
            <wp:postmeta>
                <wp:meta_key>_lsb_quote</wp:meta_key>
                <wp:meta_value><![CDATA[lsb_acf_quote]]></wp:meta_value>
            </wp:postmeta>
            <wp:postmeta>
                <wp:meta_key>lsb_supported</wp:meta_key>
                <wp:meta_value><![CDATA[0]]></wp:meta_value>
            </wp:postmeta>
            <wp:postmeta>
                <wp:meta_key>_lsb_supported</wp:meta_key>
                <wp:meta_value><![CDATA[lsb_acf_supported]]></wp:meta_value>
            </wp:postmeta>
            <category domain="lsb_tax_author" nicename="dr.-seuss"><![CDATA[Dr. Seuss]]></category>
            <category domain="lsb_tax_publisher" nicename="damm"><![CDATA[Damm]]></category>
            <category domain="lsb_tax_illustrator" nicename="dr.-seuss"><![CDATA[Dr. Seuss]]></category>
            <category domain="lsb_tax_translator" nicename="håkon-viggen"><![CDATA[Håkon Viggen]]></category>
            <wp:postmeta>
                <wp:meta_key>lsb_look_inside</wp:meta_key>
                <wp:meta_value><![CDATA[CUSTOM_BLA_I_BOKA]]></wp:meta_value>
            </wp:postmeta>
            <wp:postmeta>
                <wp:meta_key>_lsb_look_inside</wp:meta_key>
                <wp:meta_value><![CDATA[lsb_acf_look_inside]]></wp:meta_value>
            </wp:postmeta>
            <category domain="lsb_tax_age" nicename="barn"><![CDATA[barn]]></category>
            <category domain="lsb_tax_genre" nicename="prosa"><![CDATA[prosa]]></category>
            <category domain="lsb_tax_topic" nicename="humor"><![CDATA[humor]]></category>
            <category domain="lsb_tax_language" nicename="no_nb"><![CDATA[bokmål]]></category>
            <category domain="lsb_tax_customization" nicename="storskrift"><![CDATA[storskrift]]></category>
            <category domain="lsb_tax_customization" nicename="skjønnlitteratur"><![CDATA[skjønnlitteratur]]></category>
            <category domain="lsb_tax_customization" nicename="mange-bilder"><![CDATA[mange bilder]]></category>
            <wp:postmeta>
                <wp:meta_key>_thumbnail_id</wp:meta_key>
                <wp:meta_value><![CDATA[5176]]></wp:meta_value>
            </wp:postmeta>
        </item>
        <item>
            <title>horton klekker et egg nett.jpg</title>
            <wp:post_id>5176</wp:post_id>
            <wp:status>inherit</wp:status>
            <wp:post_type>attachment</wp:post_type>
            <wp:attachment_url>https://raw.githubusercontent.com/lesersokerbok/boksok.no-data-utils/master/output-example/images/5E5F6F059FBB4ECBA69C50D112873268.jpg</wp:attachment_url>
        </item>
        <item>
            <wp:post_type>lsb_book</wp:post_type>
            <wp:status>publish</wp:status>
            <title>Kall meg onkel Alf</title>
            <excerpt:encoded><![CDATA[Kall meg onkel Alf   er en morsom bok   om å ville være herre i eget hus   selv om man er liten. ]]></excerpt:encoded>
            <wp:postmeta>
                <wp:meta_key>lsb_isbn</wp:meta_key>
                <wp:meta_value><![CDATA[9788202270414]]></wp:meta_value>
            </wp:postmeta>
            <wp:postmeta>
                <wp:meta_key>_lsb_isbn</wp:meta_key>
                <wp:meta_value><![CDATA[lsb_acf_isbn]]></wp:meta_value>
            </wp:postmeta>
            <wp:postmeta>
                <wp:meta_key>lsb_published_year</wp:meta_key>
                <wp:meta_value><![CDATA[2007]]></wp:meta_value>
            </wp:postmeta>
            <wp:postmeta>
                <wp:meta_key>_lsb_published_year</wp:meta_key>
                <wp:meta_value><![CDATA[lsb_acf_published_year]]></wp:meta_value>
            </wp:postmeta>
            <wp:postmeta>
                <wp:meta_key>lsb_pages</wp:meta_key>
                <wp:meta_value><![CDATA[upag.]]></wp:meta_value>
            </wp:postmeta>
            <wp:postmeta>
                <wp:meta_key>_lsb_pages</wp:meta_key>
                <wp:meta_value><![CDATA[lsb_acf_pages]]></wp:meta_value>
            </wp:postmeta>
            <wp:postmeta>
                <wp:meta_key>lsb_review</wp:meta_key>
                <wp:meta_value><![CDATA[  <div>Alt hadde begynt så bra den høsten<br />  til en ukjent mann dukket opp hos oss.<br />  Kall meg onkel Alf, sa han.<br />  Men jeg hadde aldri hatt noen onkel før.</div>  <div><br />  <strong>Fam Ekman</strong> forteller historien<br />  med få ord, og særegne bilder.<br />  Noe for både barn og voksne! </div>  ]]></wp:meta_value>
            </wp:postmeta>
            <wp:postmeta>
                <wp:meta_key>_lsb_review</wp:meta_key>
                <wp:meta_value><![CDATA[lsb_acf_review]]></wp:meta_value>
            </wp:postmeta>
            <wp:postmeta>
                <wp:meta_key>lsb_quote</wp:meta_key>
                <wp:meta_value><![CDATA[Onkel Alf var kommet for å bli.  Og jeg vil si han tok seg til rette.  Mor fulgte opp:  Hysj! Onkel Alf hvilker middag! lød det,  eller: Se opp! Det der er Onkel Alfs serviettring!]]></wp:meta_value>
            </wp:postmeta>
            <wp:postmeta>
                <wp:meta_key>_lsb_quote</wp:meta_key>
                <wp:meta_value><![CDATA[lsb_acf_quote]]></wp:meta_value>
            </wp:postmeta>
            <wp:postmeta>
                <wp:meta_key>lsb_supported</wp:meta_key>
                <wp:meta_value><![CDATA[0]]></wp:meta_value>
            </wp:postmeta>
            <wp:postmeta>
                <wp:meta_key>_lsb_supported</wp:meta_key>
                <wp:meta_value><![CDATA[lsb_acf_supported]]></wp:meta_value>
            </wp:postmeta>
            <category domain="lsb_tax_author" nicename="fam-ekman"><![CDATA[Fam Ekman]]></category>
            <category domain="lsb_tax_publisher" nicename="cappelen"><![CDATA[Cappelen]]></category>
            <category domain="lsb_tax_illustrator" nicename="fam-ekman"><![CDATA[Fam Ekman]]></category>
            <wp:postmeta>
                <wp:meta_key>lsb_look_inside</wp:meta_key>
                <wp:meta_value><![CDATA[CUSTOM_BLA_I_BOKA]]></wp:meta_value>
            </wp:postmeta>
            <wp:postmeta>
                <wp:meta_key>_lsb_look_inside</wp:meta_key>
                <wp:meta_value><![CDATA[lsb_acf_look_inside]]></wp:meta_value>
            </wp:postmeta>
            <category domain="lsb_tax_age" nicename="barn"><![CDATA[barn]]></category>
            <category domain="lsb_tax_age" nicename="voksne"><![CDATA[voksne]]></category>
            <category domain="lsb_tax_genre" nicename="prosa"><![CDATA[prosa]]></category>
            <category domain="lsb_tax_topic" nicename="mennesker-i-mellom"><![CDATA[mennesker i mellom]]></category>
            <category domain="lsb_tax_language" nicename="no_nb"><![CDATA[bokmål]]></category>
            <category domain="lsb_tax_customization" nicename="skjønnlitteratur"><![CDATA[skjønnlitteratur]]></category>
            <category domain="lsb_tax_customization" nicename="mange-bilder"><![CDATA[mange bilder]]></category>
            <wp:postmeta>
                <wp:meta_key>_thumbnail_id</wp:meta_key>
                <wp:meta_value><![CDATA[5177]]></wp:meta_value>
            </wp:postmeta>
        </item>
        <item>
            <title>kall meg onkel alf nett.jpg</title>
            <wp:post_id>5177</wp:post_id>
            <wp:status>inherit</wp:status>
            <wp:post_type>attachment</wp:post_type>
            <wp:attachment_url>https://raw.githubusercontent.com/lesersokerbok/boksok.no-data-utils/master/output-example/images/8361A3B3256A4E4689FFBCE285FB47BA.jpg</wp:attachment_url>
        </item>
        <item>
            <wp:post_type>lsb_book</wp:post_type>
            <wp:status>publish</wp:status>
            <title>Den lille larven Aldrimett</title>
            <excerpt:encoded><![CDATA[Endelig får også barn med synshemming   ta del i den kjente og kjære fortellingen  om den sultne larven Aldrimett.    ]]></excerpt:encoded>
            <wp:postmeta>
                <wp:meta_key>lsb_isbn</wp:meta_key>
                <wp:meta_value><![CDATA[9788205356412]]></wp:meta_value>
            </wp:postmeta>
            <wp:postmeta>
                <wp:meta_key>_lsb_isbn</wp:meta_key>
                <wp:meta_value><![CDATA[lsb_acf_isbn]]></wp:meta_value>
            </wp:postmeta>
            <wp:postmeta>
                <wp:meta_key>lsb_published_year</wp:meta_key>
                <wp:meta_value><![CDATA[2006]]></wp:meta_value>
            </wp:postmeta>
            <wp:postmeta>
                <wp:meta_key>_lsb_published_year</wp:meta_key>
                <wp:meta_value><![CDATA[lsb_acf_published_year]]></wp:meta_value>
            </wp:postmeta>
            <wp:postmeta>
                <wp:meta_key>lsb_pages</wp:meta_key>
                <wp:meta_value><![CDATA[upag.]]></wp:meta_value>
            </wp:postmeta>
            <wp:postmeta>
                <wp:meta_key>_lsb_pages</wp:meta_key>
                <wp:meta_value><![CDATA[lsb_acf_pages]]></wp:meta_value>
            </wp:postmeta>
            <wp:postmeta>
                <wp:meta_key>lsb_review</wp:meta_key>
                <wp:meta_value><![CDATA[  <div><strong>Den lille larven Aldrimett</strong> </div>  <div>blir født en måneskinnsnatt.<br />  Og den er så sulten, så sulten.<br />  Den spiser seg gjennom sidene, <br />  og blir til sist en vakker sommerfugl.</div>  <div>&#160;</div>  <div>I 1972 kom <strong>Den lille larven Aldrimett</strong> <br />  av <strong>Eric Carle</strong> på norsk.  <br />  Siden har den hatt en særegen plass <br />  i norske barnehjerter. <br />  </div>  <div>Den lille larven Aldrimett <br />  med punktskrift og følebilder<br />  er laget spesielt for blinde og svaksynte barn. <br />  Boka er en opplevelse for flere sanser. <br />  I bildene er det brukt <br />  over 20 forskjellige materialer <br />  med ulik tekstur og sterke farger. <br />  Boka har både svartskrift og punktskrift, <br />  slik at blinde og seende kan lese den sammen. </div>  <div>&#160;</div>  <div>Hvert eksemplar er håndlaget i India. <br />  For hver bok som selges, <br />  brukes €5 på å gjøre livet bedre <br />  for synshemmede barn i India. <br />  Boka er laget av Dreaming Fingers, <br />  og gis ut i flere europeiske land samtidig.</div>  <div>&#160;</div>  <div>Boka er foreløpig utsolgt, men kan </div>  <div>lånes på biblioteket. </div>  ]]></wp:meta_value>
            </wp:postmeta>
            <wp:postmeta>
                <wp:meta_key>_lsb_review</wp:meta_key>
                <wp:meta_value><![CDATA[lsb_acf_review]]></wp:meta_value>
            </wp:postmeta>
            <wp:postmeta>
                <wp:meta_key>lsb_quote</wp:meta_key>
                <wp:meta_value><![CDATA[Om natten i måneskinn,   lå det et lite egg på et blad.   Og da solen en vakker   søndagsmorgen sto opp,   lysende og varm,   smatt det ut av egget - knepp,   en sulten liten larve.   Den la i vei for å lete etter mat. ]]></wp:meta_value>
            </wp:postmeta>
            <wp:postmeta>
                <wp:meta_key>_lsb_quote</wp:meta_key>
                <wp:meta_value><![CDATA[lsb_acf_quote]]></wp:meta_value>
            </wp:postmeta>
            <wp:postmeta>
                <wp:meta_key>lsb_supported</wp:meta_key>
                <wp:meta_value><![CDATA[1]]></wp:meta_value>
            </wp:postmeta>
            <wp:postmeta>
                <wp:meta_key>_lsb_supported</wp:meta_key>
                <wp:meta_value><![CDATA[lsb_acf_supported]]></wp:meta_value>
            </wp:postmeta>
            <wp:postmeta>
                <wp:meta_key>lsb_support_cat</wp:meta_key>
                <wp:meta_value><![CDATA[orange]]></wp:meta_value>
            </wp:postmeta>
            <wp:postmeta>
                <wp:meta_key>_lsb_support_cat</wp:meta_key>
                <wp:meta_value><![CDATA[lsb_acf_support_cat]]></wp:meta_value>
            </wp:postmeta>
            <category domain="lsb_tax_author" nicename="eric-carle"><![CDATA[Eric Carle]]></category>
            <category domain="lsb_tax_publisher" nicename="gyldendal"><![CDATA[Gyldendal]]></category>
            <category domain="lsb_tax_illustrator" nicename="dreaming-fingers"><![CDATA[Dreaming Fingers]]></category>
            <category domain="lsb_tax_translator" nicename="olaf-coucheron"><![CDATA[Olaf Coucheron]]></category>
            <wp:postmeta>
                <wp:meta_key>lsb_look_inside</wp:meta_key>
                <wp:meta_value><![CDATA[CUSTOM_BLA_I_BOKA]]></wp:meta_value>
            </wp:postmeta>
            <wp:postmeta>
                <wp:meta_key>_lsb_look_inside</wp:meta_key>
                <wp:meta_value><![CDATA[lsb_acf_look_inside]]></wp:meta_value>
            </wp:postmeta>
            <category domain="lsb_tax_age" nicename="barn"><![CDATA[barn]]></category>
            <category domain="lsb_tax_topic" nicename="eventyr"><![CDATA[eventyr]]></category>
            <category domain="lsb_tax_language" nicename="no_nb"><![CDATA[bokmål]]></category>
            <category domain="lsb_tax_customization" nicename="punktskrift"><![CDATA[punktskrift]]></category>
            <category domain="lsb_tax_customization" nicename="følebilder"><![CDATA[følebilder]]></category>
            <category domain="lsb_tax_customization" nicename="mange-bilder"><![CDATA[mange bilder]]></category>
            <wp:postmeta>
                <wp:meta_key>_thumbnail_id</wp:meta_key>
                <wp:meta_value><![CDATA[5178]]></wp:meta_value>
            </wp:postmeta>
        </item>
        <item>
            <title>den lille larven boksøk.jpg</title>
            <wp:post_id>5178</wp:post_id>
            <wp:status>inherit</wp:status>
            <wp:post_type>attachment</wp:post_type>
            <wp:attachment_url>https://raw.githubusercontent.com/lesersokerbok/boksok.no-data-utils/master/output-example/images/3B6AC939635E425AAC9ECF48B332DF29.jpg</wp:attachment_url>
        </item>
        <item>
            <wp:post_type>lsb_book</wp:post_type>
            <wp:status>publish</wp:status>
            <title>Legg cricket på is</title>
            <excerpt:encoded><![CDATA[Dette er en bok om å være ny   i et land, og savne det man pleide å gjøre   i det gamle. Men kanskje lar det seg løse? ]]></excerpt:encoded>
            <wp:postmeta>
                <wp:meta_key>lsb_isbn</wp:meta_key>
                <wp:meta_value><![CDATA[9788249504879]]></wp:meta_value>
            </wp:postmeta>
            <wp:postmeta>
                <wp:meta_key>_lsb_isbn</wp:meta_key>
                <wp:meta_value><![CDATA[lsb_acf_isbn]]></wp:meta_value>
            </wp:postmeta>
            <wp:postmeta>
                <wp:meta_key>lsb_published_year</wp:meta_key>
                <wp:meta_value><![CDATA[2007]]></wp:meta_value>
            </wp:postmeta>
            <wp:postmeta>
                <wp:meta_key>_lsb_published_year</wp:meta_key>
                <wp:meta_value><![CDATA[lsb_acf_published_year]]></wp:meta_value>
            </wp:postmeta>
            <wp:postmeta>
                <wp:meta_key>lsb_pages</wp:meta_key>
                <wp:meta_value><![CDATA[133]]></wp:meta_value>
            </wp:postmeta>
            <wp:postmeta>
                <wp:meta_key>_lsb_pages</wp:meta_key>
                <wp:meta_value><![CDATA[lsb_acf_pages]]></wp:meta_value>
            </wp:postmeta>
            <wp:postmeta>
                <wp:meta_key>lsb_review</wp:meta_key>
                <wp:meta_value><![CDATA[  <div>En mann er kommet til Norge <br />  fra et land langt borte. <br />  Fra vinduet i leiligheten ser han ut <br />  på den kalde vinteren. <br />  Han lurer på hva han skal finne på. <br />  Han savner varmen i hjemme. <br />  Han savner cricket. <br />  Så får han en idé.<br />  </div>  <div>&#160;</div>  <div>Går det an å lage ei bok <br />  som er lett å lese for nye landsmenn, <br />  men vanskelig for de fleste andre? <br />  Å, jada. </div>  <div>&#160;</div>  <p><strong>Legg cricket på is</strong> har tøffe illustrasjoner<br />  og enkel tekst. Men den er bare lett å lese <br />  om du kan cricket! </p>  <p>Steffen R. M. Sørum er født i 1976. <br />  Han debuterte i 2000 med romanen <strong>Du elsker meg</strong>.</p>  ]]></wp:meta_value>
            </wp:postmeta>
            <wp:postmeta>
                <wp:meta_key>_lsb_review</wp:meta_key>
                <wp:meta_value><![CDATA[lsb_acf_review]]></wp:meta_value>
            </wp:postmeta>
            <wp:postmeta>
                <wp:meta_key>lsb_quote</wp:meta_key>
                <wp:meta_value><![CDATA[Jeg vet ikke hva jeg vil.  Jeg har kommet hit og nå føler jeg ikke mer.  Noe er skrudd av.  Er man død når man har sluttet å føle lykke?  Kan man være død selv om hjertet slår?  I så fall, når døde jeg?]]></wp:meta_value>
            </wp:postmeta>
            <wp:postmeta>
                <wp:meta_key>_lsb_quote</wp:meta_key>
                <wp:meta_value><![CDATA[lsb_acf_quote]]></wp:meta_value>
            </wp:postmeta>
            <wp:postmeta>
                <wp:meta_key>lsb_supported</wp:meta_key>
                <wp:meta_value><![CDATA[1]]></wp:meta_value>
            </wp:postmeta>
            <wp:postmeta>
                <wp:meta_key>_lsb_supported</wp:meta_key>
                <wp:meta_value><![CDATA[lsb_acf_supported]]></wp:meta_value>
            </wp:postmeta>
            <wp:postmeta>
                <wp:meta_key>lsb_support_cat</wp:meta_key>
                <wp:meta_value><![CDATA[purple]]></wp:meta_value>
            </wp:postmeta>
            <wp:postmeta>
                <wp:meta_key>_lsb_support_cat</wp:meta_key>
                <wp:meta_value><![CDATA[lsb_acf_support_cat]]></wp:meta_value>
            </wp:postmeta>
            <category domain="lsb_tax_author" nicename="steffen-sørum"><![CDATA[Steffen Sørum]]></category>
            <category domain="lsb_tax_publisher" nicename="oktober"><![CDATA[Oktober]]></category>
            <category domain="lsb_tax_illustrator" nicename="øyvind-lauvdahl"><![CDATA[Øyvind Lauvdahl]]></category>
            <wp:postmeta>
                <wp:meta_key>lsb_look_inside</wp:meta_key>
                <wp:meta_value><![CDATA[CUSTOM_BLA_I_BOKA]]></wp:meta_value>
            </wp:postmeta>
            <wp:postmeta>
                <wp:meta_key>_lsb_look_inside</wp:meta_key>
                <wp:meta_value><![CDATA[lsb_acf_look_inside]]></wp:meta_value>
            </wp:postmeta>
            <category domain="lsb_tax_age" nicename="voksne"><![CDATA[voksne]]></category>
            <category domain="lsb_tax_genre" nicename="prosa"><![CDATA[prosa]]></category>
            <category domain="lsb_tax_topic" nicename="mennesker-i-mellom"><![CDATA[mennesker i mellom]]></category>
            <category domain="lsb_tax_language" nicename="no_nb"><![CDATA[bokmål]]></category>
            <category domain="lsb_tax_customization" nicename="skjønnlitteratur"><![CDATA[skjønnlitteratur]]></category>
            <category domain="lsb_tax_customization" nicename="ny-i-norge"><![CDATA[ny i norge]]></category>
            <wp:postmeta>
                <wp:meta_key>_thumbnail_id</wp:meta_key>
                <wp:meta_value><![CDATA[5179]]></wp:meta_value>
            </wp:postmeta>
        </item>
        <item>
            <title>legg cricket på is, ny.jpg</title>
            <wp:post_id>5179</wp:post_id>
            <wp:status>inherit</wp:status>
            <wp:post_type>attachment</wp:post_type>
            <wp:attachment_url>https://raw.githubusercontent.com/lesersokerbok/boksok.no-data-utils/master/output-example/images/530D3FABAA6948AAA8FBF00F8282711B.jpg</wp:attachment_url>
        </item>
        <item>
            <wp:post_type>lsb_book</wp:post_type>
            <wp:status>publish</wp:status>
            <title>Når to er sinte på hverandre</title>
            <excerpt:encoded><![CDATA[For første gang har Leser søker bok støttet   en interaktiv bok. Boka er laget av   Deichmanske bibliotek, og er gratis å bruke.     ]]></excerpt:encoded>
            <wp:postmeta>
                <wp:meta_key>lsb_isbn</wp:meta_key>
                <wp:meta_value/>
            </wp:postmeta>
            <wp:postmeta>
                <wp:meta_key>_lsb_isbn</wp:meta_key>
                <wp:meta_value><![CDATA[lsb_acf_isbn]]></wp:meta_value>
            </wp:postmeta>
            <wp:postmeta>
                <wp:meta_key>lsb_published_year</wp:meta_key>
                <wp:meta_value><![CDATA[2007]]></wp:meta_value>
            </wp:postmeta>
            <wp:postmeta>
                <wp:meta_key>_lsb_published_year</wp:meta_key>
                <wp:meta_value><![CDATA[lsb_acf_published_year]]></wp:meta_value>
            </wp:postmeta>
            <wp:postmeta>
                <wp:meta_key>lsb_pages</wp:meta_key>
                <wp:meta_value/>
            </wp:postmeta>
            <wp:postmeta>
                <wp:meta_key>_lsb_pages</wp:meta_key>
                <wp:meta_value><![CDATA[lsb_acf_pages]]></wp:meta_value>
            </wp:postmeta>
            <wp:postmeta>
                <wp:meta_key>lsb_review</wp:meta_key>
                <wp:meta_value><![CDATA[  <div>Hva skjer når to er sinte på hverandre? <br />  Når to hekser er sinte? <br />  Eller to politimenn? <br />  Hvordan går det når Berte og mamma krangler? </div>  <div><br />  <strong>Tor Åge Bringsværd</strong> og <strong>Tina Soli</strong> <br />  har laget en billedbok om det å være sint <br />  og å bli venner igjen.</div>  <div><br />  <strong>Når to er sinte på hverandre <br />  </strong>er ei interaktiv bok.<br />  Den ligger på internett, <br />  og den snakker flere språk!<br />  Du kan lese teksten og høre boka samtidig. <br />  Teksten er på norsk og somali, og lyden er<br />  på norsk, urdu, kurdisk/sorani og somali.</div>  <div>&#160;</div>  <div>Bildene er animerte, og de har lydeffekter.<br />  Boka har også små oppgaver og spill.<br />  Den kan være en døråpner og tolk <br />  for flerspråklige barn og foreldre. <br />  Fontene har ulik størrelse, <br />  og kan av og til være vanskelig å lese.</div>  <div>&#160;</div>  <p>Nettboka er utviklet av <strong>Deichmanske bibliotek</strong>.<br />  Den er gratis å bruke, <br />  og du finner den ved å klikke på lenken<br />  i menyen til høyre.</p>  ]]></wp:meta_value>
            </wp:postmeta>
            <wp:postmeta>
                <wp:meta_key>_lsb_review</wp:meta_key>
                <wp:meta_value><![CDATA[lsb_acf_review]]></wp:meta_value>
            </wp:postmeta>
            <wp:postmeta>
                <wp:meta_key>lsb_quote</wp:meta_key>
                <wp:meta_value><![CDATA[Når to hunder er sinte på hverandre ...    ... legger de ørene flatt bakover og  knurrer.]]></wp:meta_value>
            </wp:postmeta>
            <wp:postmeta>
                <wp:meta_key>_lsb_quote</wp:meta_key>
                <wp:meta_value><![CDATA[lsb_acf_quote]]></wp:meta_value>
            </wp:postmeta>
            <wp:postmeta>
                <wp:meta_key>lsb_supported</wp:meta_key>
                <wp:meta_value><![CDATA[0]]></wp:meta_value>
            </wp:postmeta>
            <wp:postmeta>
                <wp:meta_key>_lsb_supported</wp:meta_key>
                <wp:meta_value><![CDATA[lsb_acf_supported]]></wp:meta_value>
            </wp:postmeta>
            <wp:postmeta>
                <wp:meta_key>lsb_look_inside</wp:meta_key>
                <wp:meta_value><![CDATA[CUSTOM_BLA_I_BOKA]]></wp:meta_value>
            </wp:postmeta>
            <wp:postmeta>
                <wp:meta_key>_lsb_look_inside</wp:meta_key>
                <wp:meta_value><![CDATA[lsb_acf_look_inside]]></wp:meta_value>
            </wp:postmeta>
            <category domain="lsb_tax_age" nicename="barn"><![CDATA[barn]]></category>
            <category domain="lsb_tax_language" nicename="no_nb"><![CDATA[bokmål]]></category>
            <category domain="lsb_tax_customization" nicename="skjønnlitteratur"><![CDATA[skjønnlitteratur]]></category>
            <category domain="lsb_tax_customization" nicename="mange-bilder"><![CDATA[mange bilder]]></category>
            <category domain="lsb_tax_customization" nicename="lydbok"><![CDATA[lydbok]]></category>
            <wp:postmeta>
                <wp:meta_key>_thumbnail_id</wp:meta_key>
                <wp:meta_value><![CDATA[5180]]></wp:meta_value>
            </wp:postmeta>
        </item>
        <item>
            <title>når to skal på nett nett.jpg</title>
            <wp:post_id>5180</wp:post_id>
            <wp:status>inherit</wp:status>
            <wp:post_type>attachment</wp:post_type>
            <wp:attachment_url>https://raw.githubusercontent.com/lesersokerbok/boksok.no-data-utils/master/output-example/images/F6B238D58114493E963CF60F7D0E6707.jpg</wp:attachment_url>
        </item>
        <item>
            <wp:post_type>lsb_book</wp:post_type>
            <wp:status>publish</wp:status>
            <title>Sov godt pus</title>
            <excerpt:encoded><![CDATA[De er kjærester.  Hun er katten i hans liv.  Men plutselig slutter kjæresten  å legge søte gaver på puta.  ]]></excerpt:encoded>
            <wp:postmeta>
                <wp:meta_key>lsb_isbn</wp:meta_key>
                <wp:meta_value><![CDATA[9788202264932]]></wp:meta_value>
            </wp:postmeta>
            <wp:postmeta>
                <wp:meta_key>_lsb_isbn</wp:meta_key>
                <wp:meta_value><![CDATA[lsb_acf_isbn]]></wp:meta_value>
            </wp:postmeta>
            <wp:postmeta>
                <wp:meta_key>lsb_published_year</wp:meta_key>
                <wp:meta_value><![CDATA[2006]]></wp:meta_value>
            </wp:postmeta>
            <wp:postmeta>
                <wp:meta_key>_lsb_published_year</wp:meta_key>
                <wp:meta_value><![CDATA[lsb_acf_published_year]]></wp:meta_value>
            </wp:postmeta>
            <wp:postmeta>
                <wp:meta_key>lsb_pages</wp:meta_key>
                <wp:meta_value><![CDATA[upag. ]]></wp:meta_value>
            </wp:postmeta>
            <wp:postmeta>
                <wp:meta_key>_lsb_pages</wp:meta_key>
                <wp:meta_value><![CDATA[lsb_acf_pages]]></wp:meta_value>
            </wp:postmeta>
            <wp:postmeta>
                <wp:meta_key>lsb_review</wp:meta_key>
                <wp:meta_value><![CDATA[  <div>Har han glemt det?<br />  Eller har han forelsket seg<br />  i noen andre?</div>  <div>&#160;</div>  <p>En vakker bok<br />  om hvor vanskelig det kan være å elske,<br />  og forstå den man elsker.</p>  <p>Boken har lite tekst, stor skrift, <br />  og bilder på hver side.</p>  <p>Boken passer for voksne<br />  som elsker eller har elsket. </p>  ]]></wp:meta_value>
            </wp:postmeta>
            <wp:postmeta>
                <wp:meta_key>_lsb_review</wp:meta_key>
                <wp:meta_value><![CDATA[lsb_acf_review]]></wp:meta_value>
            </wp:postmeta>
            <wp:postmeta>
                <wp:meta_key>lsb_quote</wp:meta_key>
                <wp:meta_value><![CDATA[En kveld er hodeputen helt naken.  Hun kikker under,  for noen ganger lurer han henne,  men ingen ting.  Ingenting! Det har aldri skjedd før ...  Når de ligger under dynen,  skal hun akkurat til å spørre ... men han er så rar,  stille ... snur seg bare  med den store ryggen til og sier:  sov godt, pus. ]]></wp:meta_value>
            </wp:postmeta>
            <wp:postmeta>
                <wp:meta_key>_lsb_quote</wp:meta_key>
                <wp:meta_value><![CDATA[lsb_acf_quote]]></wp:meta_value>
            </wp:postmeta>
            <wp:postmeta>
                <wp:meta_key>lsb_supported</wp:meta_key>
                <wp:meta_value><![CDATA[0]]></wp:meta_value>
            </wp:postmeta>
            <wp:postmeta>
                <wp:meta_key>_lsb_supported</wp:meta_key>
                <wp:meta_value><![CDATA[lsb_acf_supported]]></wp:meta_value>
            </wp:postmeta>
            <category domain="lsb_tax_author" nicename="iben-sandemose"><![CDATA[Iben Sandemose]]></category>
            <category domain="lsb_tax_publisher" nicename="cappelen"><![CDATA[Cappelen]]></category>
            <category domain="lsb_tax_illustrator" nicename="iben-sandemose"><![CDATA[Iben Sandemose]]></category>
            <wp:postmeta>
                <wp:meta_key>lsb_look_inside</wp:meta_key>
                <wp:meta_value><![CDATA[CUSTOM_BLA_I_BOKA]]></wp:meta_value>
            </wp:postmeta>
            <wp:postmeta>
                <wp:meta_key>_lsb_look_inside</wp:meta_key>
                <wp:meta_value><![CDATA[lsb_acf_look_inside]]></wp:meta_value>
            </wp:postmeta>
            <category domain="lsb_tax_age" nicename="voksne"><![CDATA[voksne]]></category>
            <category domain="lsb_tax_genre" nicename="prosa"><![CDATA[prosa]]></category>
            <category domain="lsb_tax_topic" nicename="kjærlighet"><![CDATA[kjærlighet]]></category>
            <category domain="lsb_tax_language" nicename="no_nb"><![CDATA[bokmål]]></category>
            <category domain="lsb_tax_customization" nicename="skjønnlitteratur"><![CDATA[skjønnlitteratur]]></category>
            <category domain="lsb_tax_customization" nicename="mange-bilder"><![CDATA[mange bilder]]></category>
            <wp:postmeta>
                <wp:meta_key>_thumbnail_id</wp:meta_key>
                <wp:meta_value><![CDATA[5181]]></wp:meta_value>
            </wp:postmeta>
        </item>
        <item>
            <title>sov godt pus nett.jpg</title>
            <wp:post_id>5181</wp:post_id>
            <wp:status>inherit</wp:status>
            <wp:post_type>attachment</wp:post_type>
            <wp:attachment_url>https://raw.githubusercontent.com/lesersokerbok/boksok.no-data-utils/master/output-example/images/7FB0F639407D4063B72A5B46136D3329.jpg</wp:attachment_url>
        </item>
        <item>
            <wp:post_type>lsb_book</wp:post_type>
            <wp:status>publish</wp:status>
            <title>10 minutter til en sprekere kropp</title>
            <excerpt:encoded><![CDATA[10 minutter med trening  er mye mer enn ingenting,  mener Kari Jaquesson.  I denne boken viser hun frem øvelser  som kan gjøres mellom hverdagens kjas og mas.  ]]></excerpt:encoded>
            <wp:postmeta>
                <wp:meta_key>lsb_isbn</wp:meta_key>
                <wp:meta_value><![CDATA[9788202259600]]></wp:meta_value>
            </wp:postmeta>
            <wp:postmeta>
                <wp:meta_key>_lsb_isbn</wp:meta_key>
                <wp:meta_value><![CDATA[lsb_acf_isbn]]></wp:meta_value>
            </wp:postmeta>
            <wp:postmeta>
                <wp:meta_key>lsb_published_year</wp:meta_key>
                <wp:meta_value><![CDATA[2006]]></wp:meta_value>
            </wp:postmeta>
            <wp:postmeta>
                <wp:meta_key>_lsb_published_year</wp:meta_key>
                <wp:meta_value><![CDATA[lsb_acf_published_year]]></wp:meta_value>
            </wp:postmeta>
            <wp:postmeta>
                <wp:meta_key>lsb_pages</wp:meta_key>
                <wp:meta_value><![CDATA[128]]></wp:meta_value>
            </wp:postmeta>
            <wp:postmeta>
                <wp:meta_key>_lsb_pages</wp:meta_key>
                <wp:meta_value><![CDATA[lsb_acf_pages]]></wp:meta_value>
            </wp:postmeta>
            <wp:postmeta>
                <wp:meta_key>lsb_review</wp:meta_key>
                <wp:meta_value><![CDATA[  <div>10 minutter av gangen, <br />  på vei mot et bedre liv.<br />  </div>  <div>&#160;</div>  <div>Øvelsene er enkelt forklart<br />  med tekst og bilder.</div>  <p>Teksten er nokså enkel, <br />  og boka har lite tekst og mange bilder.<br />  Fonten kunne vært større (8,5 punkt),<br />  og teksten har noen lange ord.</p>  ]]></wp:meta_value>
            </wp:postmeta>
            <wp:postmeta>
                <wp:meta_key>_lsb_review</wp:meta_key>
                <wp:meta_value><![CDATA[lsb_acf_review]]></wp:meta_value>
            </wp:postmeta>
            <wp:postmeta>
                <wp:meta_key>lsb_quote</wp:meta_key>
                <wp:meta_value><![CDATA[Hva er koseligere enn å nyte et glass vin og skravle med en venninne   på telefonen mens potetene koker? Men spør du kroppen din, vil den   heller ha litt action. Mens grønnsakene damper, er det akkurat nok tid   til å få opp spenstigheten i kokken! Det er selvsagt lov å røre i grytene   mellom øvelsene. ]]></wp:meta_value>
            </wp:postmeta>
            <wp:postmeta>
                <wp:meta_key>_lsb_quote</wp:meta_key>
                <wp:meta_value><![CDATA[lsb_acf_quote]]></wp:meta_value>
            </wp:postmeta>
            <wp:postmeta>
                <wp:meta_key>lsb_supported</wp:meta_key>
                <wp:meta_value><![CDATA[0]]></wp:meta_value>
            </wp:postmeta>
            <wp:postmeta>
                <wp:meta_key>_lsb_supported</wp:meta_key>
                <wp:meta_value><![CDATA[lsb_acf_supported]]></wp:meta_value>
            </wp:postmeta>
            <category domain="lsb_tax_author" nicename="kari-jacquesson"><![CDATA[Kari Jacquesson]]></category>
            <category domain="lsb_tax_publisher" nicename="cappelen"><![CDATA[Cappelen]]></category>
            <category domain="lsb_tax_illustrator" nicename="nicolas-tourrenc"><![CDATA[Nicolas Tourrenc]]></category>
            <wp:postmeta>
                <wp:meta_key>lsb_look_inside</wp:meta_key>
                <wp:meta_value><![CDATA[CUSTOM_BLA_I_BOKA]]></wp:meta_value>
            </wp:postmeta>
            <wp:postmeta>
                <wp:meta_key>_lsb_look_inside</wp:meta_key>
                <wp:meta_value><![CDATA[lsb_acf_look_inside]]></wp:meta_value>
            </wp:postmeta>
            <category domain="lsb_tax_age" nicename="voksne"><![CDATA[voksne]]></category>
            <category domain="lsb_tax_genre" nicename="faglitteratur"><![CDATA[faglitteratur]]></category>
            <category domain="lsb_tax_topic" nicename="mat"><![CDATA[mat]]></category>
            <category domain="lsb_tax_topic" nicename="helse"><![CDATA[helse]]></category>
            <category domain="lsb_tax_language" nicename="no_nb"><![CDATA[bokmål]]></category>
            <category domain="lsb_tax_customization" nicename="faglitteratur"><![CDATA[faglitteratur]]></category>
            <category domain="lsb_tax_customization" nicename="mange-bilder"><![CDATA[mange bilder]]></category>
            <wp:postmeta>
                <wp:meta_key>_thumbnail_id</wp:meta_key>
                <wp:meta_value><![CDATA[5182]]></wp:meta_value>
            </wp:postmeta>
        </item>
        <item>
            <title>trening-nett.jpg</title>
            <wp:post_id>5182</wp:post_id>
            <wp:status>inherit</wp:status>
            <wp:post_type>attachment</wp:post_type>
            <wp:attachment_url>https://raw.githubusercontent.com/lesersokerbok/boksok.no-data-utils/master/output-example/images/B908DAD5CAB14F1D92CA5089A83E4E87.jpg</wp:attachment_url>
        </item>
        <item>
            <wp:post_type>lsb_book</wp:post_type>
            <wp:status>publish</wp:status>
            <title>Jeg drepte Hitler</title>
            <excerpt:encoded><![CDATA[En leiemorder er overbevist  om at kjæresten hans vil få ham drept.  Derfor tar han på seg et merkelig oppdrag.  Han reiser tilbake i tid for å drepe Hitler!  ]]></excerpt:encoded>
            <wp:postmeta>
                <wp:meta_key>lsb_isbn</wp:meta_key>
                <wp:meta_value><![CDATA[9788251629478]]></wp:meta_value>
            </wp:postmeta>
            <wp:postmeta>
                <wp:meta_key>_lsb_isbn</wp:meta_key>
                <wp:meta_value><![CDATA[lsb_acf_isbn]]></wp:meta_value>
            </wp:postmeta>
            <wp:postmeta>
                <wp:meta_key>lsb_published_year</wp:meta_key>
                <wp:meta_value><![CDATA[2007]]></wp:meta_value>
            </wp:postmeta>
            <wp:postmeta>
                <wp:meta_key>_lsb_published_year</wp:meta_key>
                <wp:meta_value><![CDATA[lsb_acf_published_year]]></wp:meta_value>
            </wp:postmeta>
            <wp:postmeta>
                <wp:meta_key>lsb_pages</wp:meta_key>
                <wp:meta_value><![CDATA[48]]></wp:meta_value>
            </wp:postmeta>
            <wp:postmeta>
                <wp:meta_key>_lsb_pages</wp:meta_key>
                <wp:meta_value><![CDATA[lsb_acf_pages]]></wp:meta_value>
            </wp:postmeta>
            <wp:postmeta>
                <wp:meta_key>lsb_review</wp:meta_key>
                <wp:meta_value><![CDATA[  <div>En vakker og underlig histore,<br />  med Jasons særegne humor og sans for detaljer.</div>  <div>&#160;</div>  <p>John Arne "Jason" Sæterøy er født i 1965,<br />  og kommer fra Molde.<br />  Han er den av Norges serietegnere<br />  som er aller best kjent i utlandet.<br />  Han har vunnet flere priser,<br />  blant annet i Frankrike, Norge og Sverige,<br />  og har flere ganger vært nominert<br />  til den amerikanske Eisner-prisen.</p>  ]]></wp:meta_value>
            </wp:postmeta>
            <wp:postmeta>
                <wp:meta_key>_lsb_review</wp:meta_key>
                <wp:meta_value><![CDATA[lsb_acf_review]]></wp:meta_value>
            </wp:postmeta>
            <wp:postmeta>
                <wp:meta_key>lsb_quote</wp:meta_key>
                <wp:meta_value/>
            </wp:postmeta>
            <wp:postmeta>
                <wp:meta_key>_lsb_quote</wp:meta_key>
                <wp:meta_value><![CDATA[lsb_acf_quote]]></wp:meta_value>
            </wp:postmeta>
            <wp:postmeta>
                <wp:meta_key>lsb_supported</wp:meta_key>
                <wp:meta_value><![CDATA[0]]></wp:meta_value>
            </wp:postmeta>
            <wp:postmeta>
                <wp:meta_key>_lsb_supported</wp:meta_key>
                <wp:meta_value><![CDATA[lsb_acf_supported]]></wp:meta_value>
            </wp:postmeta>
            <category domain="lsb_tax_author" nicename="jason"><![CDATA[Jason]]></category>
            <category domain="lsb_tax_publisher" nicename="schibstedforlagene"><![CDATA[Schibstedforlagene]]></category>
            <category domain="lsb_tax_illustrator" nicename="jason"><![CDATA[Jason]]></category>
            <wp:postmeta>
                <wp:meta_key>lsb_look_inside</wp:meta_key>
                <wp:meta_value><![CDATA[CUSTOM_BLA_I_BOKA]]></wp:meta_value>
            </wp:postmeta>
            <wp:postmeta>
                <wp:meta_key>_lsb_look_inside</wp:meta_key>
                <wp:meta_value><![CDATA[lsb_acf_look_inside]]></wp:meta_value>
            </wp:postmeta>
            <category domain="lsb_tax_age" nicename="voksne"><![CDATA[voksne]]></category>
            <category domain="lsb_tax_topic" nicename="humor"><![CDATA[humor]]></category>
            <category domain="lsb_tax_topic" nicename="kjærlighet"><![CDATA[kjærlighet]]></category>
            <category domain="lsb_tax_topic" nicename="mennesker-i-mellom"><![CDATA[mennesker i mellom]]></category>
            <category domain="lsb_tax_language" nicename="no_nb"><![CDATA[bokmål]]></category>
            <category domain="lsb_tax_customization" nicename="bilder"><![CDATA[bilder]]></category>
            <category domain="lsb_tax_customization" nicename="mange-bilder"><![CDATA[mange bilder]]></category>
            <wp:postmeta>
                <wp:meta_key>_thumbnail_id</wp:meta_key>
                <wp:meta_value><![CDATA[5183]]></wp:meta_value>
            </wp:postmeta>
        </item>
        <item>
            <title>jegdreptehitler.jpg</title>
            <wp:post_id>5183</wp:post_id>
            <wp:status>inherit</wp:status>
            <wp:post_type>attachment</wp:post_type>
            <wp:attachment_url>https://raw.githubusercontent.com/lesersokerbok/boksok.no-data-utils/master/output-example/images/840627F1273844CEA27FD37E23A18278.jpg</wp:attachment_url>
        </item>
        <item>
            <wp:post_type>lsb_book</wp:post_type>
            <wp:status>publish</wp:status>
            <title>40 postkort</title>
            <excerpt:encoded><![CDATA[En ung jente er på rømmen.   Hun haiker, hun drikker,   hun betaler med sex.   I hvert fall er det det som står   på postkortene hun sender hjem til moren sin.   ]]></excerpt:encoded>
            <wp:postmeta>
                <wp:meta_key>lsb_isbn</wp:meta_key>
                <wp:meta_value><![CDATA[9788202272470]]></wp:meta_value>
            </wp:postmeta>
            <wp:postmeta>
                <wp:meta_key>_lsb_isbn</wp:meta_key>
                <wp:meta_value><![CDATA[lsb_acf_isbn]]></wp:meta_value>
            </wp:postmeta>
            <wp:postmeta>
                <wp:meta_key>lsb_published_year</wp:meta_key>
                <wp:meta_value><![CDATA[2007]]></wp:meta_value>
            </wp:postmeta>
            <wp:postmeta>
                <wp:meta_key>_lsb_published_year</wp:meta_key>
                <wp:meta_value><![CDATA[lsb_acf_published_year]]></wp:meta_value>
            </wp:postmeta>
            <wp:postmeta>
                <wp:meta_key>lsb_pages</wp:meta_key>
                <wp:meta_value><![CDATA[78]]></wp:meta_value>
            </wp:postmeta>
            <wp:postmeta>
                <wp:meta_key>_lsb_pages</wp:meta_key>
                <wp:meta_value><![CDATA[lsb_acf_pages]]></wp:meta_value>
            </wp:postmeta>
            <wp:postmeta>
                <wp:meta_key>lsb_review</wp:meta_key>
                <wp:meta_value><![CDATA[  <p>Ingeborg Arvola har skrevet en postkortroman <br />  som er lett å lese, men vanskelig å glemme. </p>  <div>Bladet Spirit sier om boka:<br />  "Alle har på et eller annet tidspunkt<br />  vært i kontakt med ei som Tine.<br />  Hun som var både spennende, nifs, rar og ekkel.<br />  Hun som alltid gjorde de sykeste tingene,<br />  og som en dag ville forsvinne,<br />  en dag kom til å ende i søpla.<br />  Det visste alle."</div>  <div>&#160;</div>  <p>Ingeborg Arvola er født i Honningsvåg i 1974 <br />  og har vokst opp i Pasvikdalen og Tromsø. <br />  Hun debuterte med <strong>Korellhuset</strong> (1999). <br />  Arvola har skrevet romaner, fortellinger <br />  og en roman for barn, <strong>Blod, snørr og tårer</strong> (2000). <br />  <strong>Forsiktig glass</strong> (2004) er en roman <br />  som angår alle som har et forhold til barn <br />  eller som husker hvordan det er å være barn. <br />  <strong>40 postkort</strong> er hennes første bok <br />  med enkel tekst for voksne. </p>  ]]></wp:meta_value>
            </wp:postmeta>
            <wp:postmeta>
                <wp:meta_key>_lsb_review</wp:meta_key>
                <wp:meta_value><![CDATA[lsb_acf_review]]></wp:meta_value>
            </wp:postmeta>
            <wp:postmeta>
                <wp:meta_key>lsb_quote</wp:meta_key>
                <wp:meta_value><![CDATA[Mamma  Ikke tro jeg skriver fordi jeg bryr meg.  Dusten jeg delte rom med glemte postkortene sine.   Førti stykker! De hadde påklistra frimerker. Det   virket dumt å kaste dem.   Jeg kaster dem heller bort på mora mi, tenkte jeg.   Ha ha.]]></wp:meta_value>
            </wp:postmeta>
            <wp:postmeta>
                <wp:meta_key>_lsb_quote</wp:meta_key>
                <wp:meta_value><![CDATA[lsb_acf_quote]]></wp:meta_value>
            </wp:postmeta>
            <wp:postmeta>
                <wp:meta_key>lsb_supported</wp:meta_key>
                <wp:meta_value><![CDATA[1]]></wp:meta_value>
            </wp:postmeta>
            <wp:postmeta>
                <wp:meta_key>_lsb_supported</wp:meta_key>
                <wp:meta_value><![CDATA[lsb_acf_supported]]></wp:meta_value>
            </wp:postmeta>
            <wp:postmeta>
                <wp:meta_key>lsb_support_cat</wp:meta_key>
                <wp:meta_value><![CDATA[purple]]></wp:meta_value>
            </wp:postmeta>
            <wp:postmeta>
                <wp:meta_key>_lsb_support_cat</wp:meta_key>
                <wp:meta_value><![CDATA[lsb_acf_support_cat]]></wp:meta_value>
            </wp:postmeta>
            <category domain="lsb_tax_author" nicename="ingeborg-arvola"><![CDATA[Ingeborg Arvola]]></category>
            <category domain="lsb_tax_publisher" nicename="cappelen"><![CDATA[Cappelen]]></category>
            <wp:postmeta>
                <wp:meta_key>lsb_look_inside</wp:meta_key>
                <wp:meta_value><![CDATA[CUSTOM_BLA_I_BOKA]]></wp:meta_value>
            </wp:postmeta>
            <wp:postmeta>
                <wp:meta_key>_lsb_look_inside</wp:meta_key>
                <wp:meta_value><![CDATA[lsb_acf_look_inside]]></wp:meta_value>
            </wp:postmeta>
            <category domain="lsb_tax_age" nicename="voksne"><![CDATA[voksne]]></category>
            <category domain="lsb_tax_genre" nicename="prosa"><![CDATA[prosa]]></category>
            <category domain="lsb_tax_topic" nicename="mennesker-i-mellom"><![CDATA[mennesker i mellom]]></category>
            <category domain="lsb_tax_language" nicename="no_nb"><![CDATA[bokmål]]></category>
            <category domain="lsb_tax_customization" nicename="skjønnlitteratur"><![CDATA[skjønnlitteratur]]></category>
            <wp:postmeta>
                <wp:meta_key>_thumbnail_id</wp:meta_key>
                <wp:meta_value><![CDATA[5184]]></wp:meta_value>
            </wp:postmeta>
        </item>
        <item>
            <title>40 postkort nett.jpg</title>
            <wp:post_id>5184</wp:post_id>
            <wp:status>inherit</wp:status>
            <wp:post_type>attachment</wp:post_type>
            <wp:attachment_url>https://raw.githubusercontent.com/lesersokerbok/boksok.no-data-utils/master/output-example/images/84FF4BA2EFF94A32BD53D28F5DD16C53.jpg</wp:attachment_url>
        </item>
        <item>
            <wp:post_type>lsb_book</wp:post_type>
            <wp:status>publish</wp:status>
            <title>Rabbel nummer 1-5</title>
            <excerpt:encoded><![CDATA[I denne boka finner du de fem første  Rabbel-bladene for barn samlet.  Hvert blad har nye historier,  og gode idèer til ting man kan lage.    ]]></excerpt:encoded>
            <wp:postmeta>
                <wp:meta_key>lsb_isbn</wp:meta_key>
                <wp:meta_value><![CDATA[9788291187709]]></wp:meta_value>
            </wp:postmeta>
            <wp:postmeta>
                <wp:meta_key>_lsb_isbn</wp:meta_key>
                <wp:meta_value><![CDATA[lsb_acf_isbn]]></wp:meta_value>
            </wp:postmeta>
            <wp:postmeta>
                <wp:meta_key>lsb_published_year</wp:meta_key>
                <wp:meta_value><![CDATA[2006]]></wp:meta_value>
            </wp:postmeta>
            <wp:postmeta>
                <wp:meta_key>_lsb_published_year</wp:meta_key>
                <wp:meta_value><![CDATA[lsb_acf_published_year]]></wp:meta_value>
            </wp:postmeta>
            <wp:postmeta>
                <wp:meta_key>lsb_pages</wp:meta_key>
                <wp:meta_value><![CDATA[upag.]]></wp:meta_value>
            </wp:postmeta>
            <wp:postmeta>
                <wp:meta_key>_lsb_pages</wp:meta_key>
                <wp:meta_value><![CDATA[lsb_acf_pages]]></wp:meta_value>
            </wp:postmeta>
            <wp:postmeta>
                <wp:meta_key>lsb_review</wp:meta_key>
                <wp:meta_value><![CDATA[  <p>Kaktusjenta baker en haug med gode kaker,<br />  og håper at det skal komme noen på besøk.</p>  <p>Ella Elg kikker etter fugler,<br />  men hvor har det blitt av alle sammen.</p>  <p>Palle Puddel tar med Nina Kanin <br />  på en laang skitur.</p>  <div>Farmor er en vill gammel dame.<br />  Hun går så raskt at man må løpe <br />  etter henne for å holde følge.<br />  Hun finner på ting hele tiden.</div>  <div>&#160;</div>  <p>Anna Fiske er tegner og forfatter.<br />  Hun har gitt ut flere bøker for barn og voksne,<br />  blant annet serien <strong>Følelsesbiblioteket</strong>, serieheftet <strong>Rabbel</strong><br />  og bøkene om <strong>Palle Puddel</strong>.</p>  <p>For <strong>Rabbel</strong> fikk hun<br />  Kultur- og kirkedepartementets pris<br />  for barne- og ungdomslitteratur i 2005,<br />  og Oslo bys kulturstipend 2006.</p>  ]]></wp:meta_value>
            </wp:postmeta>
            <wp:postmeta>
                <wp:meta_key>_lsb_review</wp:meta_key>
                <wp:meta_value><![CDATA[lsb_acf_review]]></wp:meta_value>
            </wp:postmeta>
            <wp:postmeta>
                <wp:meta_key>lsb_quote</wp:meta_key>
                <wp:meta_value><![CDATA[- SE!  DE HAR TEGNEKONKURRANSE.    - MAN KAN VINNE HELT NYE KAFFEKOPPER  UTEN SPREKKER.    - SÅ FINT DU TEGNER, FARMOR.  HVA ER DET?    - EN KJØTTKAKE.]]></wp:meta_value>
            </wp:postmeta>
            <wp:postmeta>
                <wp:meta_key>_lsb_quote</wp:meta_key>
                <wp:meta_value><![CDATA[lsb_acf_quote]]></wp:meta_value>
            </wp:postmeta>
            <wp:postmeta>
                <wp:meta_key>lsb_supported</wp:meta_key>
                <wp:meta_value><![CDATA[0]]></wp:meta_value>
            </wp:postmeta>
            <wp:postmeta>
                <wp:meta_key>_lsb_supported</wp:meta_key>
                <wp:meta_value><![CDATA[lsb_acf_supported]]></wp:meta_value>
            </wp:postmeta>
            <category domain="lsb_tax_author" nicename="anna-fiske"><![CDATA[Anna Fiske]]></category>
            <category domain="lsb_tax_publisher" nicename="no-comprendo-press"><![CDATA[No Comprendo Press]]></category>
            <category domain="lsb_tax_illustrator" nicename="anna-fiske"><![CDATA[Anna Fiske]]></category>
            <wp:postmeta>
                <wp:meta_key>lsb_look_inside</wp:meta_key>
                <wp:meta_value><![CDATA[CUSTOM_BLA_I_BOKA]]></wp:meta_value>
            </wp:postmeta>
            <wp:postmeta>
                <wp:meta_key>_lsb_look_inside</wp:meta_key>
                <wp:meta_value><![CDATA[lsb_acf_look_inside]]></wp:meta_value>
            </wp:postmeta>
            <category domain="lsb_tax_age" nicename="barn"><![CDATA[barn]]></category>
            <category domain="lsb_tax_topic" nicename="humor"><![CDATA[humor]]></category>
            <category domain="lsb_tax_language" nicename="no_nb"><![CDATA[bokmål]]></category>
            <category domain="lsb_tax_customization" nicename="bilder"><![CDATA[bilder]]></category>
            <category domain="lsb_tax_customization" nicename="mange-bilder"><![CDATA[mange bilder]]></category>
            <wp:postmeta>
                <wp:meta_key>_thumbnail_id</wp:meta_key>
                <wp:meta_value><![CDATA[5185]]></wp:meta_value>
            </wp:postmeta>
        </item>
        <item>
            <title>rabbel 1-5nett.jpg</title>
            <wp:post_id>5185</wp:post_id>
            <wp:status>inherit</wp:status>
            <wp:post_type>attachment</wp:post_type>
            <wp:attachment_url>https://raw.githubusercontent.com/lesersokerbok/boksok.no-data-utils/master/output-example/images/680550D975F64EEAA17FEE517A569DB3.jpg</wp:attachment_url>
        </item>
        <item>
            <wp:post_type>lsb_book</wp:post_type>
            <wp:status>publish</wp:status>
            <title>Palle Puddel kjøper olabukser</title>
            <excerpt:encoded><![CDATA[Det er blitt hull i Palles favorittbukser.  Og det er ikke helt lett å finne et par nye som  sitter som de skal.    ]]></excerpt:encoded>
            <wp:postmeta>
                <wp:meta_key>lsb_isbn</wp:meta_key>
                <wp:meta_value><![CDATA[9788291187655]]></wp:meta_value>
            </wp:postmeta>
            <wp:postmeta>
                <wp:meta_key>_lsb_isbn</wp:meta_key>
                <wp:meta_value><![CDATA[lsb_acf_isbn]]></wp:meta_value>
            </wp:postmeta>
            <wp:postmeta>
                <wp:meta_key>lsb_published_year</wp:meta_key>
                <wp:meta_value><![CDATA[2006]]></wp:meta_value>
            </wp:postmeta>
            <wp:postmeta>
                <wp:meta_key>_lsb_published_year</wp:meta_key>
                <wp:meta_value><![CDATA[lsb_acf_published_year]]></wp:meta_value>
            </wp:postmeta>
            <wp:postmeta>
                <wp:meta_key>lsb_pages</wp:meta_key>
                <wp:meta_value><![CDATA[upag.]]></wp:meta_value>
            </wp:postmeta>
            <wp:postmeta>
                <wp:meta_key>_lsb_pages</wp:meta_key>
                <wp:meta_value><![CDATA[lsb_acf_pages]]></wp:meta_value>
            </wp:postmeta>
            <wp:postmeta>
                <wp:meta_key>lsb_review</wp:meta_key>
                <wp:meta_value><![CDATA[  <div>Boken forteller historien gjennom bilder.<br />  Den har ett ord på hver side,<br />  med et bilde som forklarer hva ordet betyr.<br />  Boken egner seg for alle som lærer seg norsk.</div>  <div>&#160;</div>  <p>Anna Fiske er tegner og forfatter.<br />  Hun har gitt ut flere bøker for barn og voksne,<br />  blant annet serien <strong>Følelsesbiblioteket</strong>, serieheftet <strong>Rabbel</strong><br />  og bøkene om <strong>Palle Puddel</strong>.<br />  For <strong>Rabbel</strong> fikk hun<br />  Kultur- og kirkedepartementets pris<br />  for barne- og ungdomslitteratur i 2005.</p>  ]]></wp:meta_value>
            </wp:postmeta>
            <wp:postmeta>
                <wp:meta_key>_lsb_review</wp:meta_key>
                <wp:meta_value><![CDATA[lsb_acf_review]]></wp:meta_value>
            </wp:postmeta>
            <wp:postmeta>
                <wp:meta_key>lsb_quote</wp:meta_key>
                <wp:meta_value/>
            </wp:postmeta>
            <wp:postmeta>
                <wp:meta_key>_lsb_quote</wp:meta_key>
                <wp:meta_value><![CDATA[lsb_acf_quote]]></wp:meta_value>
            </wp:postmeta>
            <wp:postmeta>
                <wp:meta_key>lsb_supported</wp:meta_key>
                <wp:meta_value><![CDATA[0]]></wp:meta_value>
            </wp:postmeta>
            <wp:postmeta>
                <wp:meta_key>_lsb_supported</wp:meta_key>
                <wp:meta_value><![CDATA[lsb_acf_supported]]></wp:meta_value>
            </wp:postmeta>
            <category domain="lsb_tax_author" nicename="anna-fiske"><![CDATA[Anna Fiske]]></category>
            <category domain="lsb_tax_publisher" nicename="no-comprendo-press"><![CDATA[No Comprendo Press]]></category>
            <category domain="lsb_tax_illustrator" nicename="anna-fiske"><![CDATA[Anna Fiske]]></category>
            <wp:postmeta>
                <wp:meta_key>lsb_look_inside</wp:meta_key>
                <wp:meta_value><![CDATA[CUSTOM_BLA_I_BOKA]]></wp:meta_value>
            </wp:postmeta>
            <wp:postmeta>
                <wp:meta_key>_lsb_look_inside</wp:meta_key>
                <wp:meta_value><![CDATA[lsb_acf_look_inside]]></wp:meta_value>
            </wp:postmeta>
            <category domain="lsb_tax_age" nicename="barn"><![CDATA[barn]]></category>
            <category domain="lsb_tax_topic" nicename="humor"><![CDATA[humor]]></category>
            <category domain="lsb_tax_language" nicename="no_nb"><![CDATA[bokmål]]></category>
            <category domain="lsb_tax_customization" nicename="storskrift"><![CDATA[storskrift]]></category>
            <category domain="lsb_tax_customization" nicename="ny-i-norge"><![CDATA[ny i norge]]></category>
            <category domain="lsb_tax_customization" nicename="mange-bilder"><![CDATA[mange bilder]]></category>
            <wp:postmeta>
                <wp:meta_key>_thumbnail_id</wp:meta_key>
                <wp:meta_value><![CDATA[5186]]></wp:meta_value>
            </wp:postmeta>
        </item>
        <item>
            <title>palle puddel olabukser-nett.jpg</title>
            <wp:post_id>5186</wp:post_id>
            <wp:status>inherit</wp:status>
            <wp:post_type>attachment</wp:post_type>
            <wp:attachment_url>https://raw.githubusercontent.com/lesersokerbok/boksok.no-data-utils/master/output-example/images/69FDF0CC35AE4BB9A2723A096803341A.jpg</wp:attachment_url>
        </item>
        <item>
            <wp:post_type>lsb_book</wp:post_type>
            <wp:status>publish</wp:status>
            <title>Dette med Andreas</title>
            <excerpt:encoded><![CDATA[Cecilie synes Andreas er  både kjekk og hyggelig.  Og han prater ofte med Cecilie. ]]></excerpt:encoded>
            <wp:postmeta>
                <wp:meta_key>lsb_isbn</wp:meta_key>
                <wp:meta_value><![CDATA[9788281040359]]></wp:meta_value>
            </wp:postmeta>
            <wp:postmeta>
                <wp:meta_key>_lsb_isbn</wp:meta_key>
                <wp:meta_value><![CDATA[lsb_acf_isbn]]></wp:meta_value>
            </wp:postmeta>
            <wp:postmeta>
                <wp:meta_key>lsb_published_year</wp:meta_key>
                <wp:meta_value><![CDATA[2006]]></wp:meta_value>
            </wp:postmeta>
            <wp:postmeta>
                <wp:meta_key>_lsb_published_year</wp:meta_key>
                <wp:meta_value><![CDATA[lsb_acf_published_year]]></wp:meta_value>
            </wp:postmeta>
            <wp:postmeta>
                <wp:meta_key>lsb_pages</wp:meta_key>
                <wp:meta_value><![CDATA[72]]></wp:meta_value>
            </wp:postmeta>
            <wp:postmeta>
                <wp:meta_key>_lsb_pages</wp:meta_key>
                <wp:meta_value><![CDATA[lsb_acf_pages]]></wp:meta_value>
            </wp:postmeta>
            <wp:postmeta>
                <wp:meta_key>lsb_review</wp:meta_key>
                <wp:meta_value><![CDATA[  <div>Men Andreas pleier å ha </div>  <div>flere kjærester samtidig. <br />  Er Cecilie egentlig dama hans?<br />  </div>  <div><strong>Dette med Andreas</strong> har enkel tekst </div>  <div>og enkelt innhold. </div>  <div>Boka har flere flotte </div>  <div>helsides bilder. </div>  <div>&#160;</div>  <div><strong>Dette med Andreas</strong> har blitt </div>  <div>godt mottatt av leserne, </div>  <div>og brukes også aktivt i undervisning. </div>  <div>Boka fungerer fint til høytlesing </div>  <div>og til samtale rundt teksten. </div>  <div><br />  De tydelige og fargerike bildene </div>  <div>er laget av <strong>Bo Gaustad</strong>, <br />  en av Norges beste illustratører. </div>  ]]></wp:meta_value>
            </wp:postmeta>
            <wp:postmeta>
                <wp:meta_key>_lsb_review</wp:meta_key>
                <wp:meta_value><![CDATA[lsb_acf_review]]></wp:meta_value>
            </wp:postmeta>
            <wp:postmeta>
                <wp:meta_key>lsb_quote</wp:meta_key>
                <wp:meta_value><![CDATA[- Det er noe som har skjedd med meg, sa Cecilie.  - Hva kan det være? sa Tora.  - Jeg har fått meg mann.  En Andreas-mann, sa Cecilie.  - Ja vel, sa Tora og stanset foran rødt lys   i et gatekryss.  - Er dere blitt kjærester? spurte hun.  - Jeg er blitt k]]></wp:meta_value>
            </wp:postmeta>
            <wp:postmeta>
                <wp:meta_key>_lsb_quote</wp:meta_key>
                <wp:meta_value><![CDATA[lsb_acf_quote]]></wp:meta_value>
            </wp:postmeta>
            <wp:postmeta>
                <wp:meta_key>lsb_supported</wp:meta_key>
                <wp:meta_value><![CDATA[1]]></wp:meta_value>
            </wp:postmeta>
            <wp:postmeta>
                <wp:meta_key>_lsb_supported</wp:meta_key>
                <wp:meta_value><![CDATA[lsb_acf_supported]]></wp:meta_value>
            </wp:postmeta>
            <wp:postmeta>
                <wp:meta_key>lsb_support_cat</wp:meta_key>
                <wp:meta_value><![CDATA[green]]></wp:meta_value>
            </wp:postmeta>
            <wp:postmeta>
                <wp:meta_key>_lsb_support_cat</wp:meta_key>
                <wp:meta_value><![CDATA[lsb_acf_support_cat]]></wp:meta_value>
            </wp:postmeta>
            <category domain="lsb_tax_author" nicename="inger-vonheim"><![CDATA[Inger Vonheim]]></category>
            <category domain="lsb_tax_publisher" nicename="orkana"><![CDATA[Orkana]]></category>
            <category domain="lsb_tax_illustrator" nicename="bo-gaustad"><![CDATA[Bo Gaustad]]></category>
            <wp:postmeta>
                <wp:meta_key>lsb_look_inside</wp:meta_key>
                <wp:meta_value><![CDATA[CUSTOM_BLA_I_BOKA]]></wp:meta_value>
            </wp:postmeta>
            <wp:postmeta>
                <wp:meta_key>_lsb_look_inside</wp:meta_key>
                <wp:meta_value><![CDATA[lsb_acf_look_inside]]></wp:meta_value>
            </wp:postmeta>
            <category domain="lsb_tax_age" nicename="voksne"><![CDATA[voksne]]></category>
            <category domain="lsb_tax_genre" nicename="prosa"><![CDATA[prosa]]></category>
            <category domain="lsb_tax_topic" nicename="kjærlighet"><![CDATA[kjærlighet]]></category>
            <category domain="lsb_tax_language" nicename="no_nb"><![CDATA[bokmål]]></category>
            <category domain="lsb_tax_customization" nicename="utviklingshemmede"><![CDATA[utviklingshemmede]]></category>
            <category domain="lsb_tax_customization" nicename="mange-bilder"><![CDATA[mange bilder]]></category>
            <wp:postmeta>
                <wp:meta_key>_thumbnail_id</wp:meta_key>
                <wp:meta_value><![CDATA[5187]]></wp:meta_value>
            </wp:postmeta>
        </item>
        <item>
            <title>dette med andreas-nett.jpg</title>
            <wp:post_id>5187</wp:post_id>
            <wp:status>inherit</wp:status>
            <wp:post_type>attachment</wp:post_type>
            <wp:attachment_url>https://raw.githubusercontent.com/lesersokerbok/boksok.no-data-utils/master/output-example/images/9A4833853A334C93BFBDC04E2A09A3B0.jpg</wp:attachment_url>
        </item>
        <item>
            <wp:post_type>lsb_book</wp:post_type>
            <wp:status>publish</wp:status>
            <title>28 rom og kjøkken</title>
            <excerpt:encoded><![CDATA[Alf og Beate bor i et digert hus.  Her er det rom for det meste!  Bli med inn så får du se   Alf og Beate og huset deres.    ]]></excerpt:encoded>
            <wp:postmeta>
                <wp:meta_key>lsb_isbn</wp:meta_key>
                <wp:meta_value><![CDATA[9788202234225]]></wp:meta_value>
            </wp:postmeta>
            <wp:postmeta>
                <wp:meta_key>_lsb_isbn</wp:meta_key>
                <wp:meta_value><![CDATA[lsb_acf_isbn]]></wp:meta_value>
            </wp:postmeta>
            <wp:postmeta>
                <wp:meta_key>lsb_published_year</wp:meta_key>
                <wp:meta_value><![CDATA[2004]]></wp:meta_value>
            </wp:postmeta>
            <wp:postmeta>
                <wp:meta_key>_lsb_published_year</wp:meta_key>
                <wp:meta_value><![CDATA[lsb_acf_published_year]]></wp:meta_value>
            </wp:postmeta>
            <wp:postmeta>
                <wp:meta_key>lsb_pages</wp:meta_key>
                <wp:meta_value><![CDATA[upag. ]]></wp:meta_value>
            </wp:postmeta>
            <wp:postmeta>
                <wp:meta_key>_lsb_pages</wp:meta_key>
                <wp:meta_value><![CDATA[lsb_acf_pages]]></wp:meta_value>
            </wp:postmeta>
            <wp:postmeta>
                <wp:meta_key>lsb_review</wp:meta_key>
                <wp:meta_value><![CDATA[  <div><strong>28 rom og kjøkken</strong> er ei <br />  spennende billedbok full av detaljer.<br />  Hvert rom er formet og innredet etter den bokstaven </div>  <div>de begynner på. Slik fungerer boka som ABC. </div>  <div>&#160;</div>  <div>Boka passer godt til førskolebarn </div>  <div>som leker med ord og bokstaver, </div>  <div>og også til voksne som kan glede seg </div>  <div>over en original kunstbok.   </div>  <div>&#160;</div>  <div>Kristin Roskifte har også skrevet en annen ABC-bok</div>  <div>med Alf og Beate. Den heter <strong>Jorda rundt på 29 bokstaver</strong>. </div>  ]]></wp:meta_value>
            </wp:postmeta>
            <wp:postmeta>
                <wp:meta_key>_lsb_review</wp:meta_key>
                <wp:meta_value><![CDATA[lsb_acf_review]]></wp:meta_value>
            </wp:postmeta>
            <wp:postmeta>
                <wp:meta_key>lsb_quote</wp:meta_key>
                <wp:meta_value><![CDATA[- KVELDSMATEN ER KLAR!    - KOMMER!]]></wp:meta_value>
            </wp:postmeta>
            <wp:postmeta>
                <wp:meta_key>_lsb_quote</wp:meta_key>
                <wp:meta_value><![CDATA[lsb_acf_quote]]></wp:meta_value>
            </wp:postmeta>
            <wp:postmeta>
                <wp:meta_key>lsb_supported</wp:meta_key>
                <wp:meta_value><![CDATA[0]]></wp:meta_value>
            </wp:postmeta>
            <wp:postmeta>
                <wp:meta_key>_lsb_supported</wp:meta_key>
                <wp:meta_value><![CDATA[lsb_acf_supported]]></wp:meta_value>
            </wp:postmeta>
            <category domain="lsb_tax_author" nicename="kristin-roskifte"><![CDATA[Kristin Roskifte]]></category>
            <category domain="lsb_tax_publisher" nicename="cappelen"><![CDATA[Cappelen]]></category>
            <category domain="lsb_tax_illustrator" nicename="kristin-roskifte"><![CDATA[Kristin Roskifte]]></category>
            <wp:postmeta>
                <wp:meta_key>lsb_look_inside</wp:meta_key>
                <wp:meta_value><![CDATA[CUSTOM_BLA_I_BOKA]]></wp:meta_value>
            </wp:postmeta>
            <wp:postmeta>
                <wp:meta_key>_lsb_look_inside</wp:meta_key>
                <wp:meta_value><![CDATA[lsb_acf_look_inside]]></wp:meta_value>
            </wp:postmeta>
            <category domain="lsb_tax_age" nicename="barn"><![CDATA[barn]]></category>
            <category domain="lsb_tax_topic" nicename="humor"><![CDATA[humor]]></category>
            <category domain="lsb_tax_language" nicename="no_nb"><![CDATA[bokmål]]></category>
            <category domain="lsb_tax_customization" nicename="skjønnlitteratur"><![CDATA[skjønnlitteratur]]></category>
            <category domain="lsb_tax_customization" nicename="mange-bilder"><![CDATA[mange bilder]]></category>
            <wp:postmeta>
                <wp:meta_key>_thumbnail_id</wp:meta_key>
                <wp:meta_value><![CDATA[5188]]></wp:meta_value>
            </wp:postmeta>
        </item>
        <item>
            <title>28 rom og kjøkken-nett.jpg</title>
            <wp:post_id>5188</wp:post_id>
            <wp:status>inherit</wp:status>
            <wp:post_type>attachment</wp:post_type>
            <wp:attachment_url>https://raw.githubusercontent.com/lesersokerbok/boksok.no-data-utils/master/output-example/images/8EBAD3C03F634960AEFB9A97858EAD2A.jpg</wp:attachment_url>
        </item>
        <item>
            <wp:post_type>lsb_book</wp:post_type>
            <wp:status>publish</wp:status>
            <title>Sjokolade</title>
            <excerpt:encoded><![CDATA[Lurer du på hvordan sjokolade blir til?  Det får du svar på i denne boka!  ]]></excerpt:encoded>
            <wp:postmeta>
                <wp:meta_key>lsb_isbn</wp:meta_key>
                <wp:meta_value><![CDATA[9788203308819]]></wp:meta_value>
            </wp:postmeta>
            <wp:postmeta>
                <wp:meta_key>_lsb_isbn</wp:meta_key>
                <wp:meta_value><![CDATA[lsb_acf_isbn]]></wp:meta_value>
            </wp:postmeta>
            <wp:postmeta>
                <wp:meta_key>lsb_published_year</wp:meta_key>
                <wp:meta_value><![CDATA[2002]]></wp:meta_value>
            </wp:postmeta>
            <wp:postmeta>
                <wp:meta_key>_lsb_published_year</wp:meta_key>
                <wp:meta_value><![CDATA[lsb_acf_published_year]]></wp:meta_value>
            </wp:postmeta>
            <wp:postmeta>
                <wp:meta_key>lsb_pages</wp:meta_key>
                <wp:meta_value/>
            </wp:postmeta>
            <wp:postmeta>
                <wp:meta_key>_lsb_pages</wp:meta_key>
                <wp:meta_value><![CDATA[lsb_acf_pages]]></wp:meta_value>
            </wp:postmeta>
            <wp:postmeta>
                <wp:meta_key>lsb_review</wp:meta_key>
                <wp:meta_value><![CDATA[  <p>Boka hører til serien De små fagbøkene,<br />  som er laget for barn i barneskolen.</p>  <p>Boka finnes også på nynorsk.</p>  ]]></wp:meta_value>
            </wp:postmeta>
            <wp:postmeta>
                <wp:meta_key>_lsb_review</wp:meta_key>
                <wp:meta_value><![CDATA[lsb_acf_review]]></wp:meta_value>
            </wp:postmeta>
            <wp:postmeta>
                <wp:meta_key>lsb_quote</wp:meta_key>
                <wp:meta_value><![CDATA[I sjokolade-fabrikken   må de rense kakao-bønnene-  Først må de blåse støv  og rusk av dem.    Etterpå må de riste  kakao-bønnene.  Da får de mer smak.]]></wp:meta_value>
            </wp:postmeta>
            <wp:postmeta>
                <wp:meta_key>_lsb_quote</wp:meta_key>
                <wp:meta_value><![CDATA[lsb_acf_quote]]></wp:meta_value>
            </wp:postmeta>
            <wp:postmeta>
                <wp:meta_key>lsb_supported</wp:meta_key>
                <wp:meta_value><![CDATA[0]]></wp:meta_value>
            </wp:postmeta>
            <wp:postmeta>
                <wp:meta_key>_lsb_supported</wp:meta_key>
                <wp:meta_value><![CDATA[lsb_acf_supported]]></wp:meta_value>
            </wp:postmeta>
            <category domain="lsb_tax_author" nicename="ida-tolbod"><![CDATA[Ida Tolbod]]></category>
            <category domain="lsb_tax_publisher" nicename="aschehoug"><![CDATA[Aschehoug]]></category>
            <wp:postmeta>
                <wp:meta_key>lsb_look_inside</wp:meta_key>
                <wp:meta_value><![CDATA[CUSTOM_BLA_I_BOKA]]></wp:meta_value>
            </wp:postmeta>
            <wp:postmeta>
                <wp:meta_key>_lsb_look_inside</wp:meta_key>
                <wp:meta_value><![CDATA[lsb_acf_look_inside]]></wp:meta_value>
            </wp:postmeta>
            <category domain="lsb_tax_age" nicename="barn"><![CDATA[barn]]></category>
            <category domain="lsb_tax_genre" nicename="faglitteratur"><![CDATA[faglitteratur]]></category>
            <category domain="lsb_tax_topic" nicename="historie"><![CDATA[historie]]></category>
            <category domain="lsb_tax_topic" nicename="samfunn"><![CDATA[samfunn]]></category>
            <category domain="lsb_tax_language" nicename="no_nb"><![CDATA[bokmål]]></category>
            <category domain="lsb_tax_customization" nicename="faglitteratur"><![CDATA[faglitteratur]]></category>
            <category domain="lsb_tax_customization" nicename="mange-bilder"><![CDATA[mange bilder]]></category>
            <wp:postmeta>
                <wp:meta_key>_thumbnail_id</wp:meta_key>
                <wp:meta_value><![CDATA[5189]]></wp:meta_value>
            </wp:postmeta>
        </item>
        <item>
            <title>sjokolade bm-nett.jpg</title>
            <wp:post_id>5189</wp:post_id>
            <wp:status>inherit</wp:status>
            <wp:post_type>attachment</wp:post_type>
            <wp:attachment_url>https://raw.githubusercontent.com/lesersokerbok/boksok.no-data-utils/master/output-example/images/38E8FE16381A431F975B71AA2BF51115.jpg</wp:attachment_url>
        </item>
        <item>
            <wp:post_type>lsb_book</wp:post_type>
            <wp:status>publish</wp:status>
            <title>Sjokolade</title>
            <excerpt:encoded><![CDATA[Lurar du på korleis sjokolade blir til?  Det får du svar på i denne boka!    ]]></excerpt:encoded>
            <wp:postmeta>
                <wp:meta_key>lsb_isbn</wp:meta_key>
                <wp:meta_value><![CDATA[9788203308826]]></wp:meta_value>
            </wp:postmeta>
            <wp:postmeta>
                <wp:meta_key>_lsb_isbn</wp:meta_key>
                <wp:meta_value><![CDATA[lsb_acf_isbn]]></wp:meta_value>
            </wp:postmeta>
            <wp:postmeta>
                <wp:meta_key>lsb_published_year</wp:meta_key>
                <wp:meta_value><![CDATA[2002]]></wp:meta_value>
            </wp:postmeta>
            <wp:postmeta>
                <wp:meta_key>_lsb_published_year</wp:meta_key>
                <wp:meta_value><![CDATA[lsb_acf_published_year]]></wp:meta_value>
            </wp:postmeta>
            <wp:postmeta>
                <wp:meta_key>lsb_pages</wp:meta_key>
                <wp:meta_value/>
            </wp:postmeta>
            <wp:postmeta>
                <wp:meta_key>_lsb_pages</wp:meta_key>
                <wp:meta_value><![CDATA[lsb_acf_pages]]></wp:meta_value>
            </wp:postmeta>
            <wp:postmeta>
                <wp:meta_key>lsb_review</wp:meta_key>
                <wp:meta_value><![CDATA[  <p>Boka høyrer til seria Dei små fagbøkene,<br />  som er laga for barn i barneskulen.</p>  <div>&#160;</div>  <div>Boka finst også på bokmål.</div>  ]]></wp:meta_value>
            </wp:postmeta>
            <wp:postmeta>
                <wp:meta_key>_lsb_review</wp:meta_key>
                <wp:meta_value><![CDATA[lsb_acf_review]]></wp:meta_value>
            </wp:postmeta>
            <wp:postmeta>
                <wp:meta_key>lsb_quote</wp:meta_key>
                <wp:meta_value><![CDATA[I sjokolade-fabrikken   må dei reinse kakao-bønnene.  Først må dei blåse støv  og rusk av dei-    Etterpå må dei riste kakao-bønnene.  Då får dei meir smak.]]></wp:meta_value>
            </wp:postmeta>
            <wp:postmeta>
                <wp:meta_key>_lsb_quote</wp:meta_key>
                <wp:meta_value><![CDATA[lsb_acf_quote]]></wp:meta_value>
            </wp:postmeta>
            <wp:postmeta>
                <wp:meta_key>lsb_supported</wp:meta_key>
                <wp:meta_value><![CDATA[0]]></wp:meta_value>
            </wp:postmeta>
            <wp:postmeta>
                <wp:meta_key>_lsb_supported</wp:meta_key>
                <wp:meta_value><![CDATA[lsb_acf_supported]]></wp:meta_value>
            </wp:postmeta>
            <category domain="lsb_tax_author" nicename="ida-toldbod"><![CDATA[Ida Toldbod]]></category>
            <category domain="lsb_tax_publisher" nicename="aschehoug"><![CDATA[Aschehoug]]></category>
            <wp:postmeta>
                <wp:meta_key>lsb_look_inside</wp:meta_key>
                <wp:meta_value><![CDATA[CUSTOM_BLA_I_BOKA]]></wp:meta_value>
            </wp:postmeta>
            <wp:postmeta>
                <wp:meta_key>_lsb_look_inside</wp:meta_key>
                <wp:meta_value><![CDATA[lsb_acf_look_inside]]></wp:meta_value>
            </wp:postmeta>
            <category domain="lsb_tax_age" nicename="barn"><![CDATA[barn]]></category>
            <category domain="lsb_tax_genre" nicename="faglitteratur"><![CDATA[faglitteratur]]></category>
            <category domain="lsb_tax_topic" nicename="historie"><![CDATA[historie]]></category>
            <category domain="lsb_tax_topic" nicename="samfunn"><![CDATA[samfunn]]></category>
            <category domain="lsb_tax_language" nicename="no_nn"><![CDATA[nynorsk]]></category>
            <category domain="lsb_tax_customization" nicename="faglitteratur"><![CDATA[faglitteratur]]></category>
            <category domain="lsb_tax_customization" nicename="mange-bilder"><![CDATA[mange bilder]]></category>
            <wp:postmeta>
                <wp:meta_key>_thumbnail_id</wp:meta_key>
                <wp:meta_value><![CDATA[5190]]></wp:meta_value>
            </wp:postmeta>
        </item>
        <item>
            <title>sjokolade nyn.JPG</title>
            <wp:post_id>5190</wp:post_id>
            <wp:status>inherit</wp:status>
            <wp:post_type>attachment</wp:post_type>
            <wp:attachment_url>https://raw.githubusercontent.com/lesersokerbok/boksok.no-data-utils/master/output-example/images/4F94D6AA6BD54362B1D6ADC2876C17E4.JPG</wp:attachment_url>
        </item>
        <item>
            <wp:post_type>lsb_book</wp:post_type>
            <wp:status>publish</wp:status>
            <title>Med hånden på hjertet - 125 Fakta fra Verden</title>
            <excerpt:encoded><![CDATA[Tegneserien "Fakta fra verden" er full av løgn.  På hver side får vi forklart et tema,  på en ny og uventet måte.  Selv om dette er en forvrengt sannhet,  er det likevel noe som minner om vår verden.  ]]></excerpt:encoded>
            <wp:postmeta>
                <wp:meta_key>lsb_isbn</wp:meta_key>
                <wp:meta_value><![CDATA[9788292226124]]></wp:meta_value>
            </wp:postmeta>
            <wp:postmeta>
                <wp:meta_key>_lsb_isbn</wp:meta_key>
                <wp:meta_value><![CDATA[lsb_acf_isbn]]></wp:meta_value>
            </wp:postmeta>
            <wp:postmeta>
                <wp:meta_key>lsb_published_year</wp:meta_key>
                <wp:meta_value><![CDATA[2006]]></wp:meta_value>
            </wp:postmeta>
            <wp:postmeta>
                <wp:meta_key>_lsb_published_year</wp:meta_key>
                <wp:meta_value><![CDATA[lsb_acf_published_year]]></wp:meta_value>
            </wp:postmeta>
            <wp:postmeta>
                <wp:meta_key>lsb_pages</wp:meta_key>
                <wp:meta_value><![CDATA[143]]></wp:meta_value>
            </wp:postmeta>
            <wp:postmeta>
                <wp:meta_key>_lsb_pages</wp:meta_key>
                <wp:meta_value><![CDATA[lsb_acf_pages]]></wp:meta_value>
            </wp:postmeta>
            <wp:postmeta>
                <wp:meta_key>lsb_review</wp:meta_key>
                <wp:meta_value><![CDATA[  <p>I denne boken kan du blant annet lese om:<br />  - Hvorfor folk trommer med fingrene<br />  - Hvordan de feirer jul i Finland<br />  - Hvorfor det betyr ulykke å slå opp en paraply innendørs</p>  <div>&#160;</div>  <div>Karstein Volle bor i Finland.<br />  I 2004 vant han Dagbladets serie-konkurranse.<br />  Dette er den andre samlingen med <strong>Fakta fra verden</strong>.<br />  I 2004 kom den første: <strong>Kors på halsen</strong>.</div>  ]]></wp:meta_value>
            </wp:postmeta>
            <wp:postmeta>
                <wp:meta_key>_lsb_review</wp:meta_key>
                <wp:meta_value><![CDATA[lsb_acf_review]]></wp:meta_value>
            </wp:postmeta>
            <wp:postmeta>
                <wp:meta_key>lsb_quote</wp:meta_key>
                <wp:meta_value><![CDATA[Marie Curie fikk Nobelprisen i 1912 for oppdagelsen av Amerika.]]></wp:meta_value>
            </wp:postmeta>
            <wp:postmeta>
                <wp:meta_key>_lsb_quote</wp:meta_key>
                <wp:meta_value><![CDATA[lsb_acf_quote]]></wp:meta_value>
            </wp:postmeta>
            <wp:postmeta>
                <wp:meta_key>lsb_supported</wp:meta_key>
                <wp:meta_value><![CDATA[0]]></wp:meta_value>
            </wp:postmeta>
            <wp:postmeta>
                <wp:meta_key>_lsb_supported</wp:meta_key>
                <wp:meta_value><![CDATA[lsb_acf_supported]]></wp:meta_value>
            </wp:postmeta>
            <category domain="lsb_tax_author" nicename="karstein-volle"><![CDATA[Karstein Volle]]></category>
            <category domain="lsb_tax_publisher" nicename="jippi-forlag"><![CDATA[Jippi forlag]]></category>
            <category domain="lsb_tax_illustrator" nicename="karstein-volle"><![CDATA[Karstein Volle]]></category>
            <wp:postmeta>
                <wp:meta_key>lsb_look_inside</wp:meta_key>
                <wp:meta_value><![CDATA[CUSTOM_BLA_I_BOKA]]></wp:meta_value>
            </wp:postmeta>
            <wp:postmeta>
                <wp:meta_key>_lsb_look_inside</wp:meta_key>
                <wp:meta_value><![CDATA[lsb_acf_look_inside]]></wp:meta_value>
            </wp:postmeta>
            <category domain="lsb_tax_age" nicename="ungdom"><![CDATA[ungdom]]></category>
            <category domain="lsb_tax_age" nicename="voksne"><![CDATA[voksne]]></category>
            <category domain="lsb_tax_topic" nicename="humor"><![CDATA[humor]]></category>
            <category domain="lsb_tax_language" nicename="no_nb"><![CDATA[bokmål]]></category>
            <category domain="lsb_tax_customization" nicename="bilder"><![CDATA[bilder]]></category>
            <category domain="lsb_tax_customization" nicename="mange-bilder"><![CDATA[mange bilder]]></category>
            <wp:postmeta>
                <wp:meta_key>_thumbnail_id</wp:meta_key>
                <wp:meta_value><![CDATA[5191]]></wp:meta_value>
            </wp:postmeta>
        </item>
        <item>
            <title>fakta fra verden2-nett.jpg</title>
            <wp:post_id>5191</wp:post_id>
            <wp:status>inherit</wp:status>
            <wp:post_type>attachment</wp:post_type>
            <wp:attachment_url>https://raw.githubusercontent.com/lesersokerbok/boksok.no-data-utils/master/output-example/images/7FFC471DB3CA40CDBA7A3DF6766522A8.jpg</wp:attachment_url>
        </item>
        <item>
            <wp:post_type>lsb_book</wp:post_type>
            <wp:status>publish</wp:status>
            <title>Bortenfor bøkene</title>
            <excerpt:encoded><![CDATA[Hanna er på besøk hos Mommo.  Tidlig en morgen legger hun ut på ski,  og finner et merkelig tårn i skogen.  I tårnet finner hun en snakkende katt,  og en bok ...  ]]></excerpt:encoded>
            <wp:postmeta>
                <wp:meta_key>lsb_isbn</wp:meta_key>
                <wp:meta_value><![CDATA[15018326]]></wp:meta_value>
            </wp:postmeta>
            <wp:postmeta>
                <wp:meta_key>_lsb_isbn</wp:meta_key>
                <wp:meta_value><![CDATA[lsb_acf_isbn]]></wp:meta_value>
            </wp:postmeta>
            <wp:postmeta>
                <wp:meta_key>lsb_published_year</wp:meta_key>
                <wp:meta_value><![CDATA[2006]]></wp:meta_value>
            </wp:postmeta>
            <wp:postmeta>
                <wp:meta_key>_lsb_published_year</wp:meta_key>
                <wp:meta_value><![CDATA[lsb_acf_published_year]]></wp:meta_value>
            </wp:postmeta>
            <wp:postmeta>
                <wp:meta_key>lsb_pages</wp:meta_key>
                <wp:meta_value><![CDATA[upag.]]></wp:meta_value>
            </wp:postmeta>
            <wp:postmeta>
                <wp:meta_key>_lsb_pages</wp:meta_key>
                <wp:meta_value><![CDATA[lsb_acf_pages]]></wp:meta_value>
            </wp:postmeta>
            <wp:postmeta>
                <wp:meta_key>lsb_review</wp:meta_key>
                <wp:meta_value><![CDATA[  <div>Fra noe som så ut til å bli </div>  <div>en kjedelig ferie på landet </div>  <div>dras Hanna inn i </div>  <div>fantastiske opplevelser i bøkenes verden.</div>  <div>&#160;</div>  <div>Boka må bestilles direkte fra forlaget</div>  <div>på <a href="http://www.jippicomics.com">www.jippicomics.com</a></div>  <div>&#160;</div>  ]]></wp:meta_value>
            </wp:postmeta>
            <wp:postmeta>
                <wp:meta_key>_lsb_review</wp:meta_key>
                <wp:meta_value><![CDATA[lsb_acf_review]]></wp:meta_value>
            </wp:postmeta>
            <wp:postmeta>
                <wp:meta_key>lsb_quote</wp:meta_key>
                <wp:meta_value><![CDATA[UM ... HEI.  JEG ER HANNA.  HVEM ER DU?    DE FLESTE   KALLER MEG  BARE PUS.]]></wp:meta_value>
            </wp:postmeta>
            <wp:postmeta>
                <wp:meta_key>_lsb_quote</wp:meta_key>
                <wp:meta_value><![CDATA[lsb_acf_quote]]></wp:meta_value>
            </wp:postmeta>
            <wp:postmeta>
                <wp:meta_key>lsb_supported</wp:meta_key>
                <wp:meta_value><![CDATA[0]]></wp:meta_value>
            </wp:postmeta>
            <wp:postmeta>
                <wp:meta_key>_lsb_supported</wp:meta_key>
                <wp:meta_value><![CDATA[lsb_acf_supported]]></wp:meta_value>
            </wp:postmeta>
            <category domain="lsb_tax_author" nicename="ellen-bergheim"><![CDATA[Ellen Bergheim]]></category>
            <category domain="lsb_tax_publisher" nicename="jippi-forlag"><![CDATA[Jippi forlag]]></category>
            <category domain="lsb_tax_illustrator" nicename="ellen-bergheim"><![CDATA[Ellen Bergheim]]></category>
            <wp:postmeta>
                <wp:meta_key>lsb_look_inside</wp:meta_key>
                <wp:meta_value><![CDATA[CUSTOM_BLA_I_BOKA]]></wp:meta_value>
            </wp:postmeta>
            <wp:postmeta>
                <wp:meta_key>_lsb_look_inside</wp:meta_key>
                <wp:meta_value><![CDATA[lsb_acf_look_inside]]></wp:meta_value>
            </wp:postmeta>
            <category domain="lsb_tax_age" nicename="barn"><![CDATA[barn]]></category>
            <category domain="lsb_tax_topic" nicename="eventyr"><![CDATA[eventyr]]></category>
            <category domain="lsb_tax_language" nicename="no_nb"><![CDATA[bokmål]]></category>
            <category domain="lsb_tax_customization" nicename="bilder"><![CDATA[bilder]]></category>
            <category domain="lsb_tax_customization" nicename="mange-bilder"><![CDATA[mange bilder]]></category>
            <wp:postmeta>
                <wp:meta_key>_thumbnail_id</wp:meta_key>
                <wp:meta_value><![CDATA[5192]]></wp:meta_value>
            </wp:postmeta>
        </item>
        <item>
            <title>bortenfor bokene-nett.jpg</title>
            <wp:post_id>5192</wp:post_id>
            <wp:status>inherit</wp:status>
            <wp:post_type>attachment</wp:post_type>
            <wp:attachment_url>https://raw.githubusercontent.com/lesersokerbok/boksok.no-data-utils/master/output-example/images/7CE435A0837A46B197FA037970E682FE.jpg</wp:attachment_url>
        </item>
        <item>
            <wp:post_type>lsb_book</wp:post_type>
            <wp:status>publish</wp:status>
            <title>Hitler, Jesus og Farfar</title>
            <excerpt:encoded><![CDATA[En ung kunstner får et stipend   og drar til Berlin.  Der bestemmer hun seg for å lete   etter sin ukjente bestefar.  ]]></excerpt:encoded>
            <wp:postmeta>
                <wp:meta_key>lsb_isbn</wp:meta_key>
                <wp:meta_value><![CDATA[9788292226117]]></wp:meta_value>
            </wp:postmeta>
            <wp:postmeta>
                <wp:meta_key>_lsb_isbn</wp:meta_key>
                <wp:meta_value><![CDATA[lsb_acf_isbn]]></wp:meta_value>
            </wp:postmeta>
            <wp:postmeta>
                <wp:meta_key>lsb_published_year</wp:meta_key>
                <wp:meta_value><![CDATA[2006]]></wp:meta_value>
            </wp:postmeta>
            <wp:postmeta>
                <wp:meta_key>_lsb_published_year</wp:meta_key>
                <wp:meta_value><![CDATA[lsb_acf_published_year]]></wp:meta_value>
            </wp:postmeta>
            <wp:postmeta>
                <wp:meta_key>lsb_pages</wp:meta_key>
                <wp:meta_value><![CDATA[upag.]]></wp:meta_value>
            </wp:postmeta>
            <wp:postmeta>
                <wp:meta_key>_lsb_pages</wp:meta_key>
                <wp:meta_value><![CDATA[lsb_acf_pages]]></wp:meta_value>
            </wp:postmeta>
            <wp:postmeta>
                <wp:meta_key>lsb_review</wp:meta_key>
                <wp:meta_value><![CDATA[  <div>Letingen fører henne tilbake til erfaringer <br />  hun trodde hun var ferdig med.<br />  Til misjonskallet, tungetale <br />  og det første kysset.<br />   <br />  Dette er en historie om å lete etter svar<br />  på de store spørsmålene i livet,<br />  og å finne noen av dem<br />  uten at man nødvendigvis blir så mye klokere.</div>  <div>&#160;</div>  <p>For denne boka fikk Lene Ask <br />  Sproing-prisen som beste debutant i 2006,<br />  diplom for Årets vakreste tegneserie 2006, <br />  og KKDs tegneseriepris for 2006.</p>  <p>Små deler av teksten er på tysk og engelsk,<br />  men man forstår sammenhengen uten å kunne språket.</p>  ]]></wp:meta_value>
            </wp:postmeta>
            <wp:postmeta>
                <wp:meta_key>_lsb_review</wp:meta_key>
                <wp:meta_value><![CDATA[lsb_acf_review]]></wp:meta_value>
            </wp:postmeta>
            <wp:postmeta>
                <wp:meta_key>lsb_quote</wp:meta_key>
                <wp:meta_value><![CDATA[DET JEG HUSKER BEST FRA TYSKTIMEN VAR DA  LÆREREN FORTALTE OSS HVORDAN ET  PERFEKT KVINNEBRYST SKULLE VÆRE.    AKKURAT NOK TIL Å   FYLLE EN HÅND. HVERKEN   MER ELLER MINDRE.    JEG STRØK BÅDE I TYSK OG PERFEKTE  KVINNEBRYST.]]></wp:meta_value>
            </wp:postmeta>
            <wp:postmeta>
                <wp:meta_key>_lsb_quote</wp:meta_key>
                <wp:meta_value><![CDATA[lsb_acf_quote]]></wp:meta_value>
            </wp:postmeta>
            <wp:postmeta>
                <wp:meta_key>lsb_supported</wp:meta_key>
                <wp:meta_value><![CDATA[0]]></wp:meta_value>
            </wp:postmeta>
            <wp:postmeta>
                <wp:meta_key>_lsb_supported</wp:meta_key>
                <wp:meta_value><![CDATA[lsb_acf_supported]]></wp:meta_value>
            </wp:postmeta>
            <category domain="lsb_tax_author" nicename="lene-ask"><![CDATA[Lene Ask]]></category>
            <category domain="lsb_tax_publisher" nicename="jippi-forlag"><![CDATA[Jippi forlag]]></category>
            <category domain="lsb_tax_illustrator" nicename="lene-ask"><![CDATA[Lene Ask]]></category>
            <wp:postmeta>
                <wp:meta_key>lsb_look_inside</wp:meta_key>
                <wp:meta_value><![CDATA[CUSTOM_BLA_I_BOKA]]></wp:meta_value>
            </wp:postmeta>
            <wp:postmeta>
                <wp:meta_key>_lsb_look_inside</wp:meta_key>
                <wp:meta_value><![CDATA[lsb_acf_look_inside]]></wp:meta_value>
            </wp:postmeta>
            <category domain="lsb_tax_age" nicename="ungdom"><![CDATA[ungdom]]></category>
            <category domain="lsb_tax_age" nicename="voksne"><![CDATA[voksne]]></category>
            <category domain="lsb_tax_topic" nicename="humor"><![CDATA[humor]]></category>
            <category domain="lsb_tax_topic" nicename="kjærlighet"><![CDATA[kjærlighet]]></category>
            <category domain="lsb_tax_topic" nicename="mennesker-i-mellom"><![CDATA[mennesker i mellom]]></category>
            <category domain="lsb_tax_language" nicename="no_nb"><![CDATA[bokmål]]></category>
            <category domain="lsb_tax_customization" nicename="bilder"><![CDATA[bilder]]></category>
            <category domain="lsb_tax_customization" nicename="mange-bilder"><![CDATA[mange bilder]]></category>
            <wp:postmeta>
                <wp:meta_key>_thumbnail_id</wp:meta_key>
                <wp:meta_value><![CDATA[5193]]></wp:meta_value>
            </wp:postmeta>
        </item>
        <item>
            <title>hitler_jesus_og_farfar.jpg</title>
            <wp:post_id>5193</wp:post_id>
            <wp:status>inherit</wp:status>
            <wp:post_type>attachment</wp:post_type>
            <wp:attachment_url>https://raw.githubusercontent.com/lesersokerbok/boksok.no-data-utils/master/output-example/images/46E08B28F7E44091BFF8CBD6DBD774C0.jpg</wp:attachment_url>
        </item>
        <item>
            <wp:post_type>lsb_book</wp:post_type>
            <wp:status>publish</wp:status>
            <title>Kom, så løper vi</title>
            <excerpt:encoded><![CDATA[Tusen maur i leggene,  vi klatrer snart på veggene.  Orker ikke sitte stille,  dette kan gå riktig ille!    ]]></excerpt:encoded>
            <wp:postmeta>
                <wp:meta_key>lsb_isbn</wp:meta_key>
                <wp:meta_value><![CDATA[9788291187426]]></wp:meta_value>
            </wp:postmeta>
            <wp:postmeta>
                <wp:meta_key>_lsb_isbn</wp:meta_key>
                <wp:meta_value><![CDATA[lsb_acf_isbn]]></wp:meta_value>
            </wp:postmeta>
            <wp:postmeta>
                <wp:meta_key>lsb_published_year</wp:meta_key>
                <wp:meta_value><![CDATA[2002]]></wp:meta_value>
            </wp:postmeta>
            <wp:postmeta>
                <wp:meta_key>_lsb_published_year</wp:meta_key>
                <wp:meta_value><![CDATA[lsb_acf_published_year]]></wp:meta_value>
            </wp:postmeta>
            <wp:postmeta>
                <wp:meta_key>lsb_pages</wp:meta_key>
                <wp:meta_value><![CDATA[upag.]]></wp:meta_value>
            </wp:postmeta>
            <wp:postmeta>
                <wp:meta_key>_lsb_pages</wp:meta_key>
                <wp:meta_value><![CDATA[lsb_acf_pages]]></wp:meta_value>
            </wp:postmeta>
            <wp:postmeta>
                <wp:meta_key>lsb_review</wp:meta_key>
                <wp:meta_value><![CDATA[  <p>To gutter som ikke klarer å sitte stille<br />  drar ut på løpetur.<br />  En spennende tur, med masse humor.</p>  <p>Til tider kan kontrasten være svak,<br />  og skriften litt vanskelig, <br />  men det er lite skrift på hver side <br />  og store, morsomme tegninger. </p>  ]]></wp:meta_value>
            </wp:postmeta>
            <wp:postmeta>
                <wp:meta_key>_lsb_review</wp:meta_key>
                <wp:meta_value><![CDATA[lsb_acf_review]]></wp:meta_value>
            </wp:postmeta>
            <wp:postmeta>
                <wp:meta_key>lsb_quote</wp:meta_key>
                <wp:meta_value><![CDATA[Koker vilt i marg og bein.  Styrter over stokk og stein.]]></wp:meta_value>
            </wp:postmeta>
            <wp:postmeta>
                <wp:meta_key>_lsb_quote</wp:meta_key>
                <wp:meta_value><![CDATA[lsb_acf_quote]]></wp:meta_value>
            </wp:postmeta>
            <wp:postmeta>
                <wp:meta_key>lsb_supported</wp:meta_key>
                <wp:meta_value><![CDATA[0]]></wp:meta_value>
            </wp:postmeta>
            <wp:postmeta>
                <wp:meta_key>_lsb_supported</wp:meta_key>
                <wp:meta_value><![CDATA[lsb_acf_supported]]></wp:meta_value>
            </wp:postmeta>
            <category domain="lsb_tax_author" nicename="lars-fiske"><![CDATA[Lars Fiske]]></category>
            <category domain="lsb_tax_publisher" nicename="no-comprendo-press"><![CDATA[No Comprendo Press]]></category>
            <category domain="lsb_tax_illustrator" nicename="lars-fiske"><![CDATA[Lars Fiske]]></category>
            <wp:postmeta>
                <wp:meta_key>lsb_look_inside</wp:meta_key>
                <wp:meta_value><![CDATA[CUSTOM_BLA_I_BOKA]]></wp:meta_value>
            </wp:postmeta>
            <wp:postmeta>
                <wp:meta_key>_lsb_look_inside</wp:meta_key>
                <wp:meta_value><![CDATA[lsb_acf_look_inside]]></wp:meta_value>
            </wp:postmeta>
            <category domain="lsb_tax_age" nicename="barn"><![CDATA[barn]]></category>
            <category domain="lsb_tax_topic" nicename="humor"><![CDATA[humor]]></category>
            <category domain="lsb_tax_language" nicename="no_nb"><![CDATA[bokmål]]></category>
            <category domain="lsb_tax_customization" nicename="bilder"><![CDATA[bilder]]></category>
            <category domain="lsb_tax_customization" nicename="mange-bilder"><![CDATA[mange bilder]]></category>
            <wp:postmeta>
                <wp:meta_key>_thumbnail_id</wp:meta_key>
                <wp:meta_value><![CDATA[5194]]></wp:meta_value>
            </wp:postmeta>
        </item>
        <item>
            <title>kom sa loper vi-nett.jpg</title>
            <wp:post_id>5194</wp:post_id>
            <wp:status>inherit</wp:status>
            <wp:post_type>attachment</wp:post_type>
            <wp:attachment_url>https://raw.githubusercontent.com/lesersokerbok/boksok.no-data-utils/master/output-example/images/DA9645D5A33B44809B2EE34160016662.jpg</wp:attachment_url>
        </item>
        <item>
            <wp:post_type>lsb_book</wp:post_type>
            <wp:status>publish</wp:status>
            <title>Still deg i kø!</title>
            <excerpt:encoded><![CDATA[Still deg i kø!  Unge og gamle,   tykke og tynne, store og små.  Alle venter.  Men hva venter de egentlig på?  ]]></excerpt:encoded>
            <wp:postmeta>
                <wp:meta_key>lsb_isbn</wp:meta_key>
                <wp:meta_value><![CDATA[9788202245474]]></wp:meta_value>
            </wp:postmeta>
            <wp:postmeta>
                <wp:meta_key>_lsb_isbn</wp:meta_key>
                <wp:meta_value><![CDATA[lsb_acf_isbn]]></wp:meta_value>
            </wp:postmeta>
            <wp:postmeta>
                <wp:meta_key>lsb_published_year</wp:meta_key>
                <wp:meta_value><![CDATA[2005]]></wp:meta_value>
            </wp:postmeta>
            <wp:postmeta>
                <wp:meta_key>_lsb_published_year</wp:meta_key>
                <wp:meta_value><![CDATA[lsb_acf_published_year]]></wp:meta_value>
            </wp:postmeta>
            <wp:postmeta>
                <wp:meta_key>lsb_pages</wp:meta_key>
                <wp:meta_value><![CDATA[upag.]]></wp:meta_value>
            </wp:postmeta>
            <wp:postmeta>
                <wp:meta_key>_lsb_pages</wp:meta_key>
                <wp:meta_value><![CDATA[lsb_acf_pages]]></wp:meta_value>
            </wp:postmeta>
            <wp:postmeta>
                <wp:meta_key>lsb_review</wp:meta_key>
                <wp:meta_value><![CDATA[  <div>Denne boka er ett langt bilde <br />  som henger sammen fra side til side.<br />  Enkelte av steder <br />  er bare halve mennesket med på bildet.<br />  Noen av menneskene snakker til hverandre.<br />  Det som står inne i snakkeboblene, <br />  er skrevet med store bokstaver. </div>  <div>&#160;</div>  <div>En original bok som passer for folk i alle aldre! </div>  ]]></wp:meta_value>
            </wp:postmeta>
            <wp:postmeta>
                <wp:meta_key>_lsb_review</wp:meta_key>
                <wp:meta_value><![CDATA[lsb_acf_review]]></wp:meta_value>
            </wp:postmeta>
            <wp:postmeta>
                <wp:meta_key>lsb_quote</wp:meta_key>
                <wp:meta_value><![CDATA[JEG KAN VEL   SLIPPE FORBI DEG?   DERE PENSJONISTER   HAR JO SÅ GOD TID!     ]]></wp:meta_value>
            </wp:postmeta>
            <wp:postmeta>
                <wp:meta_key>_lsb_quote</wp:meta_key>
                <wp:meta_value><![CDATA[lsb_acf_quote]]></wp:meta_value>
            </wp:postmeta>
            <wp:postmeta>
                <wp:meta_key>lsb_supported</wp:meta_key>
                <wp:meta_value><![CDATA[0]]></wp:meta_value>
            </wp:postmeta>
            <wp:postmeta>
                <wp:meta_key>_lsb_supported</wp:meta_key>
                <wp:meta_value><![CDATA[lsb_acf_supported]]></wp:meta_value>
            </wp:postmeta>
            <category domain="lsb_tax_author" nicename="kristin-roskifte"><![CDATA[Kristin Roskifte]]></category>
            <category domain="lsb_tax_publisher" nicename="cappelen"><![CDATA[Cappelen]]></category>
            <category domain="lsb_tax_illustrator" nicename="kristin-roskifte"><![CDATA[Kristin Roskifte]]></category>
            <wp:postmeta>
                <wp:meta_key>lsb_look_inside</wp:meta_key>
                <wp:meta_value><![CDATA[CUSTOM_BLA_I_BOKA]]></wp:meta_value>
            </wp:postmeta>
            <wp:postmeta>
                <wp:meta_key>_lsb_look_inside</wp:meta_key>
                <wp:meta_value><![CDATA[lsb_acf_look_inside]]></wp:meta_value>
            </wp:postmeta>
            <category domain="lsb_tax_age" nicename="barn"><![CDATA[barn]]></category>
            <category domain="lsb_tax_age" nicename="ungdom"><![CDATA[ungdom]]></category>
            <category domain="lsb_tax_age" nicename="voksne"><![CDATA[voksne]]></category>
            <category domain="lsb_tax_topic" nicename="humor"><![CDATA[humor]]></category>
            <category domain="lsb_tax_language" nicename="no_nb"><![CDATA[bokmål]]></category>
            <category domain="lsb_tax_customization" nicename="bilder"><![CDATA[bilder]]></category>
            <category domain="lsb_tax_customization" nicename="mange-bilder"><![CDATA[mange bilder]]></category>
            <wp:postmeta>
                <wp:meta_key>_thumbnail_id</wp:meta_key>
                <wp:meta_value><![CDATA[5195]]></wp:meta_value>
            </wp:postmeta>
        </item>
        <item>
            <title>Still deg i kø, ny.jpg</title>
            <wp:post_id>5195</wp:post_id>
            <wp:status>inherit</wp:status>
            <wp:post_type>attachment</wp:post_type>
            <wp:attachment_url>https://raw.githubusercontent.com/lesersokerbok/boksok.no-data-utils/master/output-example/images/6022503A3A9F41B5AA8EE0DB2362CDB2.jpg</wp:attachment_url>
        </item>
        <item>
            <wp:post_type>lsb_book</wp:post_type>
            <wp:status>publish</wp:status>
            <title>Klikk</title>
            <excerpt:encoded><![CDATA[Amund er på besøk hos bestemor   og bestefar.   Han skal bare en tur på do.   Klikk.  Sånn høres det ut   når døra går i vranglås.  Hva skal Amund gjøre nå?]]></excerpt:encoded>
            <wp:postmeta>
                <wp:meta_key>lsb_isbn</wp:meta_key>
                <wp:meta_value><![CDATA[9788202233846]]></wp:meta_value>
            </wp:postmeta>
            <wp:postmeta>
                <wp:meta_key>_lsb_isbn</wp:meta_key>
                <wp:meta_value><![CDATA[lsb_acf_isbn]]></wp:meta_value>
            </wp:postmeta>
            <wp:postmeta>
                <wp:meta_key>lsb_published_year</wp:meta_key>
                <wp:meta_value><![CDATA[2004]]></wp:meta_value>
            </wp:postmeta>
            <wp:postmeta>
                <wp:meta_key>_lsb_published_year</wp:meta_key>
                <wp:meta_value><![CDATA[lsb_acf_published_year]]></wp:meta_value>
            </wp:postmeta>
            <wp:postmeta>
                <wp:meta_key>lsb_pages</wp:meta_key>
                <wp:meta_value><![CDATA[upag.]]></wp:meta_value>
            </wp:postmeta>
            <wp:postmeta>
                <wp:meta_key>_lsb_pages</wp:meta_key>
                <wp:meta_value><![CDATA[lsb_acf_pages]]></wp:meta_value>
            </wp:postmeta>
            <wp:postmeta>
                <wp:meta_key>lsb_review</wp:meta_key>
                <wp:meta_value><![CDATA[  <p>Boka har store, flotte tegninger<br />  og lite tekst. </p>  <div>&#160;</div>  <div>Øyvind Torseter både skriver og tegner.<br />  Han har blant annet laget boken <br />  <strong>For en neve havre</strong>, <br />  og flere bøker sammen med Bjørn Sortland.<br />  For denne boka fikk han<br />  KKDs billedbokpris for <br />  barne- og ungdomslitteratur 2004.</div>  ]]></wp:meta_value>
            </wp:postmeta>
            <wp:postmeta>
                <wp:meta_key>_lsb_review</wp:meta_key>
                <wp:meta_value><![CDATA[lsb_acf_review]]></wp:meta_value>
            </wp:postmeta>
            <wp:postmeta>
                <wp:meta_key>lsb_quote</wp:meta_key>
                <wp:meta_value><![CDATA[#ERROR!]]></wp:meta_value>
            </wp:postmeta>
            <wp:postmeta>
                <wp:meta_key>_lsb_quote</wp:meta_key>
                <wp:meta_value><![CDATA[lsb_acf_quote]]></wp:meta_value>
            </wp:postmeta>
            <wp:postmeta>
                <wp:meta_key>lsb_supported</wp:meta_key>
                <wp:meta_value><![CDATA[0]]></wp:meta_value>
            </wp:postmeta>
            <wp:postmeta>
                <wp:meta_key>_lsb_supported</wp:meta_key>
                <wp:meta_value><![CDATA[lsb_acf_supported]]></wp:meta_value>
            </wp:postmeta>
            <category domain="lsb_tax_author" nicename="øyvind-torseter"><![CDATA[Øyvind Torseter]]></category>
            <category domain="lsb_tax_publisher" nicename="cappelen"><![CDATA[Cappelen]]></category>
            <category domain="lsb_tax_illustrator" nicename="øyvind-torseter"><![CDATA[Øyvind Torseter]]></category>
            <wp:postmeta>
                <wp:meta_key>lsb_look_inside</wp:meta_key>
                <wp:meta_value><![CDATA[CUSTOM_BLA_I_BOKA]]></wp:meta_value>
            </wp:postmeta>
            <wp:postmeta>
                <wp:meta_key>_lsb_look_inside</wp:meta_key>
                <wp:meta_value><![CDATA[lsb_acf_look_inside]]></wp:meta_value>
            </wp:postmeta>
            <category domain="lsb_tax_age" nicename="barn"><![CDATA[barn]]></category>
            <category domain="lsb_tax_topic" nicename="humor"><![CDATA[humor]]></category>
            <category domain="lsb_tax_language" nicename="no_nb"><![CDATA[bokmål]]></category>
            <category domain="lsb_tax_customization" nicename="skjønnlitteratur"><![CDATA[skjønnlitteratur]]></category>
            <category domain="lsb_tax_customization" nicename="mange-bilder"><![CDATA[mange bilder]]></category>
            <wp:postmeta>
                <wp:meta_key>_thumbnail_id</wp:meta_key>
                <wp:meta_value><![CDATA[5196]]></wp:meta_value>
            </wp:postmeta>
        </item>
        <item>
            <title>klikk-nett.jpg</title>
            <wp:post_id>5196</wp:post_id>
            <wp:status>inherit</wp:status>
            <wp:post_type>attachment</wp:post_type>
            <wp:attachment_url>https://raw.githubusercontent.com/lesersokerbok/boksok.no-data-utils/master/output-example/images/DFB406C5CD4244F59C7A3661B6D57EB3.jpg</wp:attachment_url>
        </item>
        <item>
            <wp:post_type>lsb_book</wp:post_type>
            <wp:status>publish</wp:status>
            <title>Den gongen eg liksom-døydde</title>
            <excerpt:encoded><![CDATA[Spørsmål:   Kva kan du gjere viss jenta du likar  kanskje likar ein annen gut betre?]]></excerpt:encoded>
            <wp:postmeta>
                <wp:meta_key>lsb_isbn</wp:meta_key>
                <wp:meta_value><![CDATA[9788203248702]]></wp:meta_value>
            </wp:postmeta>
            <wp:postmeta>
                <wp:meta_key>_lsb_isbn</wp:meta_key>
                <wp:meta_value><![CDATA[lsb_acf_isbn]]></wp:meta_value>
            </wp:postmeta>
            <wp:postmeta>
                <wp:meta_key>lsb_published_year</wp:meta_key>
                <wp:meta_value><![CDATA[2006]]></wp:meta_value>
            </wp:postmeta>
            <wp:postmeta>
                <wp:meta_key>_lsb_published_year</wp:meta_key>
                <wp:meta_value><![CDATA[lsb_acf_published_year]]></wp:meta_value>
            </wp:postmeta>
            <wp:postmeta>
                <wp:meta_key>lsb_pages</wp:meta_key>
                <wp:meta_value><![CDATA[64]]></wp:meta_value>
            </wp:postmeta>
            <wp:postmeta>
                <wp:meta_key>_lsb_pages</wp:meta_key>
                <wp:meta_value><![CDATA[lsb_acf_pages]]></wp:meta_value>
            </wp:postmeta>
            <wp:postmeta>
                <wp:meta_key>lsb_review</wp:meta_key>
                <wp:meta_value><![CDATA[  <div>Svar: Hoppa i havet!<br />  Dette er ei soge om ein gut </div>  <div>som er forelska i ei jente,<br />  og som vil gjere kva som helst <br />  for å bli lagt merke til.<br />  Det er ei bok som luktar ferie!</div>  <div>&#160;</div>  <p><strong>Bjørn Sortland</strong> har skrive fleire<br />  bøker med enkel tekst,<br />  både for barn og vaksne,<br />  mellom anna <strong>Triks</strong> og <br />  bøkene om den solbrente mammaen.</p>  ]]></wp:meta_value>
            </wp:postmeta>
            <wp:postmeta>
                <wp:meta_key>_lsb_review</wp:meta_key>
                <wp:meta_value><![CDATA[lsb_acf_review]]></wp:meta_value>
            </wp:postmeta>
            <wp:postmeta>
                <wp:meta_key>lsb_quote</wp:meta_key>
                <wp:meta_value><![CDATA[Ho har t-skjorte med stort   glitterhjarta på.    Armane hennar er nakne.  Den venstre armen hennar kjem  borti armen min.    Synd eg har våtdrakt.]]></wp:meta_value>
            </wp:postmeta>
            <wp:postmeta>
                <wp:meta_key>_lsb_quote</wp:meta_key>
                <wp:meta_value><![CDATA[lsb_acf_quote]]></wp:meta_value>
            </wp:postmeta>
            <wp:postmeta>
                <wp:meta_key>lsb_supported</wp:meta_key>
                <wp:meta_value><![CDATA[0]]></wp:meta_value>
            </wp:postmeta>
            <wp:postmeta>
                <wp:meta_key>_lsb_supported</wp:meta_key>
                <wp:meta_value><![CDATA[lsb_acf_supported]]></wp:meta_value>
            </wp:postmeta>
            <category domain="lsb_tax_author" nicename="bjørn-sortland"><![CDATA[Bjørn Sortland]]></category>
            <category domain="lsb_tax_publisher" nicename="aschehoug"><![CDATA[Aschehoug]]></category>
            <category domain="lsb_tax_illustrator" nicename="øyvind-torseter"><![CDATA[Øyvind Torseter]]></category>
            <wp:postmeta>
                <wp:meta_key>lsb_look_inside</wp:meta_key>
                <wp:meta_value><![CDATA[CUSTOM_BLA_I_BOKA]]></wp:meta_value>
            </wp:postmeta>
            <wp:postmeta>
                <wp:meta_key>_lsb_look_inside</wp:meta_key>
                <wp:meta_value><![CDATA[lsb_acf_look_inside]]></wp:meta_value>
            </wp:postmeta>
            <category domain="lsb_tax_genre" nicename="prosa"><![CDATA[prosa]]></category>
            <category domain="lsb_tax_topic" nicename="kjærlighet"><![CDATA[kjærlighet]]></category>
            <category domain="lsb_tax_language" nicename="no_nn"><![CDATA[nynorsk]]></category>
            <category domain="lsb_tax_customization" nicename="skjønnlitteratur"><![CDATA[skjønnlitteratur]]></category>
            <category domain="lsb_tax_customization" nicename="mange-bilder"><![CDATA[mange bilder]]></category>
            <wp:postmeta>
                <wp:meta_key>_thumbnail_id</wp:meta_key>
                <wp:meta_value><![CDATA[5197]]></wp:meta_value>
            </wp:postmeta>
        </item>
        <item>
            <title>den gongen eg liksom døydde-nett.jpg</title>
            <wp:post_id>5197</wp:post_id>
            <wp:status>inherit</wp:status>
            <wp:post_type>attachment</wp:post_type>
            <wp:attachment_url>https://raw.githubusercontent.com/lesersokerbok/boksok.no-data-utils/master/output-example/images/816AA29EEE844B1D81BDBF0E1CF26A75.jpg</wp:attachment_url>
        </item>
        <item>
            <wp:post_type>lsb_book</wp:post_type>
            <wp:status>publish</wp:status>
            <title>Død og levende</title>
            <excerpt:encoded><![CDATA[La deg bli dratt inn i   Jasons merkelige verden,  med zombier, horer og ensomme.  En vakker historie om kjærlighet,  mord og forfølgelse.  Det er lite tekst i boken,  men Jason får likevel sagt mye. ]]></excerpt:encoded>
            <wp:postmeta>
                <wp:meta_key>lsb_isbn</wp:meta_key>
                <wp:meta_value><![CDATA[9788292226100]]></wp:meta_value>
            </wp:postmeta>
            <wp:postmeta>
                <wp:meta_key>_lsb_isbn</wp:meta_key>
                <wp:meta_value><![CDATA[lsb_acf_isbn]]></wp:meta_value>
            </wp:postmeta>
            <wp:postmeta>
                <wp:meta_key>lsb_published_year</wp:meta_key>
                <wp:meta_value><![CDATA[2006]]></wp:meta_value>
            </wp:postmeta>
            <wp:postmeta>
                <wp:meta_key>_lsb_published_year</wp:meta_key>
                <wp:meta_value><![CDATA[lsb_acf_published_year]]></wp:meta_value>
            </wp:postmeta>
            <wp:postmeta>
                <wp:meta_key>lsb_pages</wp:meta_key>
                <wp:meta_value><![CDATA[upag.]]></wp:meta_value>
            </wp:postmeta>
            <wp:postmeta>
                <wp:meta_key>_lsb_pages</wp:meta_key>
                <wp:meta_value><![CDATA[lsb_acf_pages]]></wp:meta_value>
            </wp:postmeta>
            <wp:postmeta>
                <wp:meta_key>lsb_review</wp:meta_key>
                <wp:meta_value><![CDATA[John Arne "Jason" Sæterøy er født i 1965,<br />  og kommer fra Molde.<br />  Han er den av Norges serietegnere<br />  som er aller best kjent i utlandet.<br />  Han har vunnet flere priser,<br />  blant annet i Frankrike, Norge og Sverige,<br />  og har flere ganger vært nominert<br />  til den amerikanske Eisner-prisen.  ]]></wp:meta_value>
            </wp:postmeta>
            <wp:postmeta>
                <wp:meta_key>_lsb_review</wp:meta_key>
                <wp:meta_value><![CDATA[lsb_acf_review]]></wp:meta_value>
            </wp:postmeta>
            <wp:postmeta>
                <wp:meta_key>lsb_quote</wp:meta_key>
                <wp:meta_value/>
            </wp:postmeta>
            <wp:postmeta>
                <wp:meta_key>_lsb_quote</wp:meta_key>
                <wp:meta_value><![CDATA[lsb_acf_quote]]></wp:meta_value>
            </wp:postmeta>
            <wp:postmeta>
                <wp:meta_key>lsb_supported</wp:meta_key>
                <wp:meta_value><![CDATA[0]]></wp:meta_value>
            </wp:postmeta>
            <wp:postmeta>
                <wp:meta_key>_lsb_supported</wp:meta_key>
                <wp:meta_value><![CDATA[lsb_acf_supported]]></wp:meta_value>
            </wp:postmeta>
            <category domain="lsb_tax_author" nicename="jason"><![CDATA[Jason]]></category>
            <category domain="lsb_tax_publisher" nicename="jippi-forlag"><![CDATA[Jippi forlag]]></category>
            <category domain="lsb_tax_illustrator" nicename="jason"><![CDATA[Jason]]></category>
            <wp:postmeta>
                <wp:meta_key>lsb_look_inside</wp:meta_key>
                <wp:meta_value><![CDATA[CUSTOM_BLA_I_BOKA]]></wp:meta_value>
            </wp:postmeta>
            <wp:postmeta>
                <wp:meta_key>_lsb_look_inside</wp:meta_key>
                <wp:meta_value><![CDATA[lsb_acf_look_inside]]></wp:meta_value>
            </wp:postmeta>
            <category domain="lsb_tax_age" nicename="ungdom"><![CDATA[ungdom]]></category>
            <category domain="lsb_tax_age" nicename="voksne"><![CDATA[voksne]]></category>
            <category domain="lsb_tax_topic" nicename="humor"><![CDATA[humor]]></category>
            <category domain="lsb_tax_topic" nicename="kjærlighet"><![CDATA[kjærlighet]]></category>
            <category domain="lsb_tax_language" nicename="no_nb"><![CDATA[bokmål]]></category>
            <category domain="lsb_tax_customization" nicename="bilder"><![CDATA[bilder]]></category>
            <category domain="lsb_tax_customization" nicename="mange-bilder"><![CDATA[mange bilder]]></category>
            <wp:postmeta>
                <wp:meta_key>_thumbnail_id</wp:meta_key>
                <wp:meta_value><![CDATA[5198]]></wp:meta_value>
            </wp:postmeta>
        </item>
        <item>
            <title>dod_og_levende-nett.jpg</title>
            <wp:post_id>5198</wp:post_id>
            <wp:status>inherit</wp:status>
            <wp:post_type>attachment</wp:post_type>
            <wp:attachment_url>https://raw.githubusercontent.com/lesersokerbok/boksok.no-data-utils/master/output-example/images/C9059C51DCB34FBFBF07CD00114676FB.jpg</wp:attachment_url>
        </item>
        <item>
            <wp:post_type>lsb_book</wp:post_type>
            <wp:status>publish</wp:status>
            <title>Palle Puddel står opp</title>
            <excerpt:encoded><![CDATA[Klokka ringer.  På tide å stå opp, Palle Puddel!  Men kommer han seg egentlig  ut av sengen?    ]]></excerpt:encoded>
            <wp:postmeta>
                <wp:meta_key>lsb_isbn</wp:meta_key>
                <wp:meta_value><![CDATA[9788291187471]]></wp:meta_value>
            </wp:postmeta>
            <wp:postmeta>
                <wp:meta_key>_lsb_isbn</wp:meta_key>
                <wp:meta_value><![CDATA[lsb_acf_isbn]]></wp:meta_value>
            </wp:postmeta>
            <wp:postmeta>
                <wp:meta_key>lsb_published_year</wp:meta_key>
                <wp:meta_value><![CDATA[2003]]></wp:meta_value>
            </wp:postmeta>
            <wp:postmeta>
                <wp:meta_key>_lsb_published_year</wp:meta_key>
                <wp:meta_value><![CDATA[lsb_acf_published_year]]></wp:meta_value>
            </wp:postmeta>
            <wp:postmeta>
                <wp:meta_key>lsb_pages</wp:meta_key>
                <wp:meta_value><![CDATA[upag.]]></wp:meta_value>
            </wp:postmeta>
            <wp:postmeta>
                <wp:meta_key>_lsb_pages</wp:meta_key>
                <wp:meta_value><![CDATA[lsb_acf_pages]]></wp:meta_value>
            </wp:postmeta>
            <wp:postmeta>
                <wp:meta_key>lsb_review</wp:meta_key>
                <wp:meta_value><![CDATA[  <div>Bildene i boka forteller om Palle Puddel,<br />  som ikke vil stå opp.<br />  Den har ett ord på hver side,<br />  med et bilde som forklarer hva ordet betyr.<br />  Boken egner seg også for de som vil lære norsk.</div>  <div>&#160;</div>  <p>Anna Fiske er tegner og forfatter.<br />  Hun har gitt ut flere bøker for barn og voksne, <br />  blant annet serieheftet <strong>Rabbel</strong> <br />  og bøkene om Palle Puddel. <br />  For <strong>Rabbel</strong> fikk hun <br />  Kultur- og kirkedepartementets pris <br />  for barne- og ungdomslitteratur i 2005.</p>  ]]></wp:meta_value>
            </wp:postmeta>
            <wp:postmeta>
                <wp:meta_key>_lsb_review</wp:meta_key>
                <wp:meta_value><![CDATA[lsb_acf_review]]></wp:meta_value>
            </wp:postmeta>
            <wp:postmeta>
                <wp:meta_key>lsb_quote</wp:meta_key>
                <wp:meta_value/>
            </wp:postmeta>
            <wp:postmeta>
                <wp:meta_key>_lsb_quote</wp:meta_key>
                <wp:meta_value><![CDATA[lsb_acf_quote]]></wp:meta_value>
            </wp:postmeta>
            <wp:postmeta>
                <wp:meta_key>lsb_supported</wp:meta_key>
                <wp:meta_value><![CDATA[0]]></wp:meta_value>
            </wp:postmeta>
            <wp:postmeta>
                <wp:meta_key>_lsb_supported</wp:meta_key>
                <wp:meta_value><![CDATA[lsb_acf_supported]]></wp:meta_value>
            </wp:postmeta>
            <category domain="lsb_tax_author" nicename="anna-fiske"><![CDATA[Anna Fiske]]></category>
            <category domain="lsb_tax_publisher" nicename="no-comprendo-press"><![CDATA[No Comprendo Press]]></category>
            <category domain="lsb_tax_illustrator" nicename="anna-fiske"><![CDATA[Anna Fiske]]></category>
            <wp:postmeta>
                <wp:meta_key>lsb_look_inside</wp:meta_key>
                <wp:meta_value><![CDATA[CUSTOM_BLA_I_BOKA]]></wp:meta_value>
            </wp:postmeta>
            <wp:postmeta>
                <wp:meta_key>_lsb_look_inside</wp:meta_key>
                <wp:meta_value><![CDATA[lsb_acf_look_inside]]></wp:meta_value>
            </wp:postmeta>
            <category domain="lsb_tax_age" nicename="barn"><![CDATA[barn]]></category>
            <category domain="lsb_tax_topic" nicename="humor"><![CDATA[humor]]></category>
            <category domain="lsb_tax_language" nicename="no_nb"><![CDATA[bokmål]]></category>
            <category domain="lsb_tax_customization" nicename="storskrift"><![CDATA[storskrift]]></category>
            <category domain="lsb_tax_customization" nicename="ny-i-norge"><![CDATA[ny i norge]]></category>
            <category domain="lsb_tax_customization" nicename="mange-bilder"><![CDATA[mange bilder]]></category>
            <wp:postmeta>
                <wp:meta_key>_thumbnail_id</wp:meta_key>
                <wp:meta_value><![CDATA[5199]]></wp:meta_value>
            </wp:postmeta>
        </item>
        <item>
            <title>pallepuddelstaropp-nett.jpg</title>
            <wp:post_id>5199</wp:post_id>
            <wp:status>inherit</wp:status>
            <wp:post_type>attachment</wp:post_type>
            <wp:attachment_url>https://raw.githubusercontent.com/lesersokerbok/boksok.no-data-utils/master/output-example/images/F19F743C2D4F42158878473DFC61FEDD.jpg</wp:attachment_url>
        </item>
        <item>
            <wp:post_type>lsb_book</wp:post_type>
            <wp:status>publish</wp:status>
            <title>Smoothies</title>
            <excerpt:encoded><![CDATA[Smoothie er enkelt, godt og sunt.  Her finner du oppskrifter   på lekre drikker fulle av næring.  Noen har bare frukt og grønnsaker,  andre er tilsatt melk, yoghurt eller is.    ]]></excerpt:encoded>
            <wp:postmeta>
                <wp:meta_key>lsb_isbn</wp:meta_key>
                <wp:meta_value><![CDATA[9788252928907]]></wp:meta_value>
            </wp:postmeta>
            <wp:postmeta>
                <wp:meta_key>_lsb_isbn</wp:meta_key>
                <wp:meta_value><![CDATA[lsb_acf_isbn]]></wp:meta_value>
            </wp:postmeta>
            <wp:postmeta>
                <wp:meta_key>lsb_published_year</wp:meta_key>
                <wp:meta_value><![CDATA[2006]]></wp:meta_value>
            </wp:postmeta>
            <wp:postmeta>
                <wp:meta_key>_lsb_published_year</wp:meta_key>
                <wp:meta_value><![CDATA[lsb_acf_published_year]]></wp:meta_value>
            </wp:postmeta>
            <wp:postmeta>
                <wp:meta_key>lsb_pages</wp:meta_key>
                <wp:meta_value><![CDATA[192]]></wp:meta_value>
            </wp:postmeta>
            <wp:postmeta>
                <wp:meta_key>_lsb_pages</wp:meta_key>
                <wp:meta_value><![CDATA[lsb_acf_pages]]></wp:meta_value>
            </wp:postmeta>
            <wp:postmeta>
                <wp:meta_key>lsb_review</wp:meta_key>
                <wp:meta_value><![CDATA[  <div>Boken har 75 oppskrifter med bilder,<br />  og nyttige tips til utstyr og innhold.</div>  <div>&#160;</div>  <p>Forordet er mindre tilgjengelig <br />  enn resten av teksten. <br />  Det er mulig å sløyfe forordet<br />  og heller glede seg over oppskriftene.</p>  ]]></wp:meta_value>
            </wp:postmeta>
            <wp:postmeta>
                <wp:meta_key>_lsb_review</wp:meta_key>
                <wp:meta_value><![CDATA[lsb_acf_review]]></wp:meta_value>
            </wp:postmeta>
            <wp:postmeta>
                <wp:meta_key>lsb_quote</wp:meta_key>
                <wp:meta_value/>
            </wp:postmeta>
            <wp:postmeta>
                <wp:meta_key>_lsb_quote</wp:meta_key>
                <wp:meta_value><![CDATA[lsb_acf_quote]]></wp:meta_value>
            </wp:postmeta>
            <wp:postmeta>
                <wp:meta_key>lsb_supported</wp:meta_key>
                <wp:meta_value><![CDATA[0]]></wp:meta_value>
            </wp:postmeta>
            <wp:postmeta>
                <wp:meta_key>_lsb_supported</wp:meta_key>
                <wp:meta_value><![CDATA[lsb_acf_supported]]></wp:meta_value>
            </wp:postmeta>
            <category domain="lsb_tax_author" nicename="stella-murphy"><![CDATA[Stella Murphy]]></category>
            <category domain="lsb_tax_publisher" nicename="tun"><![CDATA[Tun]]></category>
            <category domain="lsb_tax_illustrator" nicename="hege-frydenlund"><![CDATA[Hege Frydenlund]]></category>
            <wp:postmeta>
                <wp:meta_key>lsb_look_inside</wp:meta_key>
                <wp:meta_value><![CDATA[CUSTOM_BLA_I_BOKA]]></wp:meta_value>
            </wp:postmeta>
            <wp:postmeta>
                <wp:meta_key>_lsb_look_inside</wp:meta_key>
                <wp:meta_value><![CDATA[lsb_acf_look_inside]]></wp:meta_value>
            </wp:postmeta>
            <category domain="lsb_tax_age" nicename="ungdom"><![CDATA[ungdom]]></category>
            <category domain="lsb_tax_age" nicename="voksne"><![CDATA[voksne]]></category>
            <category domain="lsb_tax_genre" nicename="faglitteratur"><![CDATA[faglitteratur]]></category>
            <category domain="lsb_tax_language" nicename="no_nb"><![CDATA[bokmål]]></category>
            <category domain="lsb_tax_customization" nicename="faglitteratur"><![CDATA[faglitteratur]]></category>
            <category domain="lsb_tax_customization" nicename="mange-bilder"><![CDATA[mange bilder]]></category>
            <wp:postmeta>
                <wp:meta_key>_thumbnail_id</wp:meta_key>
                <wp:meta_value><![CDATA[5200]]></wp:meta_value>
            </wp:postmeta>
        </item>
        <item>
            <title>smoothies-nett.jpg</title>
            <wp:post_id>5200</wp:post_id>
            <wp:status>inherit</wp:status>
            <wp:post_type>attachment</wp:post_type>
            <wp:attachment_url>https://raw.githubusercontent.com/lesersokerbok/boksok.no-data-utils/master/output-example/images/C068149BBA844D44B98B5B6E5EB5B56A.jpg</wp:attachment_url>
        </item>
        <item>
            <wp:post_type>lsb_book</wp:post_type>
            <wp:status>publish</wp:status>
            <title>5 ballongbra bursdagshistorier</title>
            <excerpt:encoded><![CDATA[I morgon har Fredrik bursdag.  Han ynskjer seg ei diger kake  med lakris og sjokolade  og eit rom fullt av ballongar.  Blir ynskjene verkelege, trur du?  ]]></excerpt:encoded>
            <wp:postmeta>
                <wp:meta_key>lsb_isbn</wp:meta_key>
                <wp:meta_value><![CDATA[9788252929614]]></wp:meta_value>
            </wp:postmeta>
            <wp:postmeta>
                <wp:meta_key>_lsb_isbn</wp:meta_key>
                <wp:meta_value><![CDATA[lsb_acf_isbn]]></wp:meta_value>
            </wp:postmeta>
            <wp:postmeta>
                <wp:meta_key>lsb_published_year</wp:meta_key>
                <wp:meta_value><![CDATA[2005]]></wp:meta_value>
            </wp:postmeta>
            <wp:postmeta>
                <wp:meta_key>_lsb_published_year</wp:meta_key>
                <wp:meta_value><![CDATA[lsb_acf_published_year]]></wp:meta_value>
            </wp:postmeta>
            <wp:postmeta>
                <wp:meta_key>lsb_pages</wp:meta_key>
                <wp:meta_value><![CDATA[43]]></wp:meta_value>
            </wp:postmeta>
            <wp:postmeta>
                <wp:meta_key>_lsb_pages</wp:meta_key>
                <wp:meta_value><![CDATA[lsb_acf_pages]]></wp:meta_value>
            </wp:postmeta>
            <wp:postmeta>
                <wp:meta_key>lsb_review</wp:meta_key>
                <wp:meta_value><![CDATA[  <div>Kan du gjette kva Frøya lagar i gåve til broren?<br />  Og er det viktig kven som har<br />  den stiligaste festen?</div>  <div>&#160;</div>  <p>Kengubok som passar for lesarar frå 7 år.<br />  Korte historier med mange bilete.<br />  </p>  ]]></wp:meta_value>
            </wp:postmeta>
            <wp:postmeta>
                <wp:meta_key>_lsb_review</wp:meta_key>
                <wp:meta_value><![CDATA[lsb_acf_review]]></wp:meta_value>
            </wp:postmeta>
            <wp:postmeta>
                <wp:meta_key>lsb_quote</wp:meta_key>
                <wp:meta_value/>
            </wp:postmeta>
            <wp:postmeta>
                <wp:meta_key>_lsb_quote</wp:meta_key>
                <wp:meta_value><![CDATA[lsb_acf_quote]]></wp:meta_value>
            </wp:postmeta>
            <wp:postmeta>
                <wp:meta_key>lsb_supported</wp:meta_key>
                <wp:meta_value><![CDATA[0]]></wp:meta_value>
            </wp:postmeta>
            <wp:postmeta>
                <wp:meta_key>_lsb_supported</wp:meta_key>
                <wp:meta_value><![CDATA[lsb_acf_supported]]></wp:meta_value>
            </wp:postmeta>
            <category domain="lsb_tax_author" nicename="henriette-wich"><![CDATA[Henriette Wich]]></category>
            <category domain="lsb_tax_publisher" nicename="landbruksforlaget"><![CDATA[Landbruksforlaget]]></category>
            <category domain="lsb_tax_illustrator" nicename="dorothea-tust"><![CDATA[Dorothea Tust]]></category>
            <wp:postmeta>
                <wp:meta_key>lsb_look_inside</wp:meta_key>
                <wp:meta_value><![CDATA[CUSTOM_BLA_I_BOKA]]></wp:meta_value>
            </wp:postmeta>
            <wp:postmeta>
                <wp:meta_key>_lsb_look_inside</wp:meta_key>
                <wp:meta_value><![CDATA[lsb_acf_look_inside]]></wp:meta_value>
            </wp:postmeta>
            <category domain="lsb_tax_age" nicename="barn"><![CDATA[barn]]></category>
            <category domain="lsb_tax_genre" nicename="prosa"><![CDATA[prosa]]></category>
            <category domain="lsb_tax_topic" nicename="mennesker-i-mellom"><![CDATA[mennesker i mellom]]></category>
            <category domain="lsb_tax_language" nicename="no_nn"><![CDATA[nynorsk]]></category>
            <category domain="lsb_tax_customization" nicename="storskrift"><![CDATA[storskrift]]></category>
            <category domain="lsb_tax_customization" nicename="skjønnlitteratur"><![CDATA[skjønnlitteratur]]></category>
            <category domain="lsb_tax_customization" nicename="mange-bilder"><![CDATA[mange bilder]]></category>
            <wp:postmeta>
                <wp:meta_key>_thumbnail_id</wp:meta_key>
                <wp:meta_value><![CDATA[5201]]></wp:meta_value>
            </wp:postmeta>
        </item>
        <item>
            <title>5 ballongbra.jpg</title>
            <wp:post_id>5201</wp:post_id>
            <wp:status>inherit</wp:status>
            <wp:post_type>attachment</wp:post_type>
            <wp:attachment_url>https://raw.githubusercontent.com/lesersokerbok/boksok.no-data-utils/master/output-example/images/CFE5AE04B62F483C8F50EBC14B93F2B9.jpg</wp:attachment_url>
        </item>
        <item>
            <wp:post_type>lsb_book</wp:post_type>
            <wp:status>publish</wp:status>
            <title>Trusesangeren</title>
            <excerpt:encoded><![CDATA[Pappa og Eirin flytter inn  hos pappas kjæreste.  Eirik vil ikke bo sammen med Stine og Dag.  Hun nekter å snakke. Hun nekter å spise.   Da kommer pappa med en trussel.  ]]></excerpt:encoded>
            <wp:postmeta>
                <wp:meta_key>lsb_isbn</wp:meta_key>
                <wp:meta_value><![CDATA[9788251784221]]></wp:meta_value>
            </wp:postmeta>
            <wp:postmeta>
                <wp:meta_key>_lsb_isbn</wp:meta_key>
                <wp:meta_value><![CDATA[lsb_acf_isbn]]></wp:meta_value>
            </wp:postmeta>
            <wp:postmeta>
                <wp:meta_key>lsb_published_year</wp:meta_key>
                <wp:meta_value><![CDATA[2001]]></wp:meta_value>
            </wp:postmeta>
            <wp:postmeta>
                <wp:meta_key>_lsb_published_year</wp:meta_key>
                <wp:meta_value><![CDATA[lsb_acf_published_year]]></wp:meta_value>
            </wp:postmeta>
            <wp:postmeta>
                <wp:meta_key>lsb_pages</wp:meta_key>
                <wp:meta_value><![CDATA[67]]></wp:meta_value>
            </wp:postmeta>
            <wp:postmeta>
                <wp:meta_key>_lsb_pages</wp:meta_key>
                <wp:meta_value><![CDATA[lsb_acf_pages]]></wp:meta_value>
            </wp:postmeta>
            <wp:postmeta>
                <wp:meta_key>lsb_review</wp:meta_key>
                <wp:meta_value><![CDATA[  <div>Om hun ikke spiser innen tirsdag klokka 12,<br />  kommer han til å stille seg opp foran butikken<br />  og synge Alle fugler små de er<br />  med bare Stines truser på.<br />  Kommer han til å holde løftet sitt?</div>  <div>&#160;</div>  <p>Boken forteller hvor vanskelig<br />  det kan være med ny familie,<br />  når ingen forstår.</p>  <p>Illustrert bok for lesere fra 9-12 år.</p>  ]]></wp:meta_value>
            </wp:postmeta>
            <wp:postmeta>
                <wp:meta_key>_lsb_review</wp:meta_key>
                <wp:meta_value><![CDATA[lsb_acf_review]]></wp:meta_value>
            </wp:postmeta>
            <wp:postmeta>
                <wp:meta_key>lsb_quote</wp:meta_key>
                <wp:meta_value><![CDATA[Brunt og grått og stygt er de første  ordene hun skal si.  Nei - brøle!  Men ikke i dag.   I dag skal ikke ett eneste ord få komme ut.  Ikke i morgen heller. ]]></wp:meta_value>
            </wp:postmeta>
            <wp:postmeta>
                <wp:meta_key>_lsb_quote</wp:meta_key>
                <wp:meta_value><![CDATA[lsb_acf_quote]]></wp:meta_value>
            </wp:postmeta>
            <wp:postmeta>
                <wp:meta_key>lsb_supported</wp:meta_key>
                <wp:meta_value><![CDATA[0]]></wp:meta_value>
            </wp:postmeta>
            <wp:postmeta>
                <wp:meta_key>_lsb_supported</wp:meta_key>
                <wp:meta_value><![CDATA[lsb_acf_supported]]></wp:meta_value>
            </wp:postmeta>
            <category domain="lsb_tax_author" nicename="greta-aune-jotun"><![CDATA[Greta Aune Jotun]]></category>
            <category domain="lsb_tax_publisher" nicename="damm"><![CDATA[Damm]]></category>
            <category domain="lsb_tax_illustrator" nicename="anna-fiske"><![CDATA[Anna Fiske]]></category>
            <wp:postmeta>
                <wp:meta_key>lsb_look_inside</wp:meta_key>
                <wp:meta_value><![CDATA[CUSTOM_BLA_I_BOKA]]></wp:meta_value>
            </wp:postmeta>
            <wp:postmeta>
                <wp:meta_key>_lsb_look_inside</wp:meta_key>
                <wp:meta_value><![CDATA[lsb_acf_look_inside]]></wp:meta_value>
            </wp:postmeta>
            <category domain="lsb_tax_age" nicename="barn"><![CDATA[barn]]></category>
            <category domain="lsb_tax_genre" nicename="prosa"><![CDATA[prosa]]></category>
            <category domain="lsb_tax_topic" nicename="mennesker-i-mellom"><![CDATA[mennesker i mellom]]></category>
            <category domain="lsb_tax_language" nicename="no_nb"><![CDATA[bokmål]]></category>
            <category domain="lsb_tax_customization" nicename="skjønnlitteratur"><![CDATA[skjønnlitteratur]]></category>
            <category domain="lsb_tax_customization" nicename="mange-bilder"><![CDATA[mange bilder]]></category>
            <wp:postmeta>
                <wp:meta_key>_thumbnail_id</wp:meta_key>
                <wp:meta_value><![CDATA[5202]]></wp:meta_value>
            </wp:postmeta>
        </item>
        <item>
            <title>trusesangeren nett.jpg</title>
            <wp:post_id>5202</wp:post_id>
            <wp:status>inherit</wp:status>
            <wp:post_type>attachment</wp:post_type>
            <wp:attachment_url>https://raw.githubusercontent.com/lesersokerbok/boksok.no-data-utils/master/output-example/images/FCC5D20A3F3A423290ED034DA968A2DE.jpg</wp:attachment_url>
        </item>
        <item>
            <wp:post_type>lsb_book</wp:post_type>
            <wp:status>publish</wp:status>
            <title>Sau i sentrum</title>
            <excerpt:encoded><![CDATA[Hvem er egentlig sauen,  denne fornuftlig kledde skapningen  med den pussige stemmen?  ]]></excerpt:encoded>
            <wp:postmeta>
                <wp:meta_key>lsb_isbn</wp:meta_key>
                <wp:meta_value><![CDATA[9788202259365]]></wp:meta_value>
            </wp:postmeta>
            <wp:postmeta>
                <wp:meta_key>_lsb_isbn</wp:meta_key>
                <wp:meta_value><![CDATA[lsb_acf_isbn]]></wp:meta_value>
            </wp:postmeta>
            <wp:postmeta>
                <wp:meta_key>lsb_published_year</wp:meta_key>
                <wp:meta_value><![CDATA[2006]]></wp:meta_value>
            </wp:postmeta>
            <wp:postmeta>
                <wp:meta_key>_lsb_published_year</wp:meta_key>
                <wp:meta_value><![CDATA[lsb_acf_published_year]]></wp:meta_value>
            </wp:postmeta>
            <wp:postmeta>
                <wp:meta_key>lsb_pages</wp:meta_key>
                <wp:meta_value><![CDATA[upag.]]></wp:meta_value>
            </wp:postmeta>
            <wp:postmeta>
                <wp:meta_key>_lsb_pages</wp:meta_key>
                <wp:meta_value><![CDATA[lsb_acf_pages]]></wp:meta_value>
            </wp:postmeta>
            <wp:postmeta>
                <wp:meta_key>lsb_review</wp:meta_key>
                <wp:meta_value><![CDATA[  <p>Odelsgutt Ragnar Aalbu har studert sauen,<br />  og gir oss fakta som vi aldri har hørt før. <br />  Visste du at sauer foretrekker å reise sammen?</p>  <div>&#160;</div>  <div>  <p>Dette er en bildebok for barn og voksne, <br />  bønder og byfolk, og alle som har evnen til å undre seg.</p>  <p>Boka har for det meste stor og god skrift. <br />  Bildene er tydelige, men kontrasten kunne vært bedre. </p></div>  <div>&#160;</div>  <div>Ragnar Aalbu har skrevet mange bøker </div>  <div>blant annet <strong>Fokus på ku</strong> og <strong>Grundig om gris.</strong><br />  </div>  ]]></wp:meta_value>
            </wp:postmeta>
            <wp:postmeta>
                <wp:meta_key>_lsb_review</wp:meta_key>
                <wp:meta_value><![CDATA[lsb_acf_review]]></wp:meta_value>
            </wp:postmeta>
            <wp:postmeta>
                <wp:meta_key>lsb_quote</wp:meta_key>
                <wp:meta_value><![CDATA[SAUER VIL HELST GÅ TIL FRISØR,   MEN MÅ OFTE TA TIL TAKKE  MED SAUEKLIPPERE    ALLE SAUER HAR ET SYSKENBARN   I BÆRUM  ]]></wp:meta_value>
            </wp:postmeta>
            <wp:postmeta>
                <wp:meta_key>_lsb_quote</wp:meta_key>
                <wp:meta_value><![CDATA[lsb_acf_quote]]></wp:meta_value>
            </wp:postmeta>
            <wp:postmeta>
                <wp:meta_key>lsb_supported</wp:meta_key>
                <wp:meta_value><![CDATA[0]]></wp:meta_value>
            </wp:postmeta>
            <wp:postmeta>
                <wp:meta_key>_lsb_supported</wp:meta_key>
                <wp:meta_value><![CDATA[lsb_acf_supported]]></wp:meta_value>
            </wp:postmeta>
            <category domain="lsb_tax_author" nicename="ragnar-aalbu"><![CDATA[Ragnar Aalbu]]></category>
            <category domain="lsb_tax_publisher" nicename="cappelen"><![CDATA[Cappelen]]></category>
            <category domain="lsb_tax_illustrator" nicename="ragnar-aalbu"><![CDATA[Ragnar Aalbu]]></category>
            <wp:postmeta>
                <wp:meta_key>lsb_look_inside</wp:meta_key>
                <wp:meta_value><![CDATA[CUSTOM_BLA_I_BOKA]]></wp:meta_value>
            </wp:postmeta>
            <wp:postmeta>
                <wp:meta_key>_lsb_look_inside</wp:meta_key>
                <wp:meta_value><![CDATA[lsb_acf_look_inside]]></wp:meta_value>
            </wp:postmeta>
            <category domain="lsb_tax_age" nicename="barn"><![CDATA[barn]]></category>
            <category domain="lsb_tax_customization" nicename="skjønnlitteratur"><![CDATA[skjønnlitteratur]]></category>
            <category domain="lsb_tax_customization" nicename="mange-bilder"><![CDATA[mange bilder]]></category>
            <wp:postmeta>
                <wp:meta_key>_thumbnail_id</wp:meta_key>
                <wp:meta_value><![CDATA[5203]]></wp:meta_value>
            </wp:postmeta>
        </item>
        <item>
            <title>sau i sentrum nett.jpg</title>
            <wp:post_id>5203</wp:post_id>
            <wp:status>inherit</wp:status>
            <wp:post_type>attachment</wp:post_type>
            <wp:attachment_url>https://raw.githubusercontent.com/lesersokerbok/boksok.no-data-utils/master/output-example/images/D73B5CE5F4B247C19ECBB978C8486E8D.jpg</wp:attachment_url>
        </item>
        <item>
            <wp:post_type>lsb_book</wp:post_type>
            <wp:status>publish</wp:status>
            <title>Lær å telle fra 1 til 10</title>
            <excerpt:encoded><![CDATA[Lær å telle med tegn til tale. ]]></excerpt:encoded>
            <wp:postmeta>
                <wp:meta_key>lsb_isbn</wp:meta_key>
                <wp:meta_value><![CDATA[9788292795002]]></wp:meta_value>
            </wp:postmeta>
            <wp:postmeta>
                <wp:meta_key>_lsb_isbn</wp:meta_key>
                <wp:meta_value><![CDATA[lsb_acf_isbn]]></wp:meta_value>
            </wp:postmeta>
            <wp:postmeta>
                <wp:meta_key>lsb_published_year</wp:meta_key>
                <wp:meta_value><![CDATA[2006]]></wp:meta_value>
            </wp:postmeta>
            <wp:postmeta>
                <wp:meta_key>_lsb_published_year</wp:meta_key>
                <wp:meta_value><![CDATA[lsb_acf_published_year]]></wp:meta_value>
            </wp:postmeta>
            <wp:postmeta>
                <wp:meta_key>lsb_pages</wp:meta_key>
                <wp:meta_value><![CDATA[11]]></wp:meta_value>
            </wp:postmeta>
            <wp:postmeta>
                <wp:meta_key>_lsb_pages</wp:meta_key>
                <wp:meta_value><![CDATA[lsb_acf_pages]]></wp:meta_value>
            </wp:postmeta>
            <wp:postmeta>
                <wp:meta_key>lsb_review</wp:meta_key>
                <wp:meta_value><![CDATA[  <div>Sammen med Oscar kan du lære <br />  å telle fra 1 til 10!<br />  Her venter mange overraskelser!</div>  <div>&#160;</div>  <div>Boka har <strong>tegn til tale</strong>, og egner seg godt<br />  for barn som skal lære seg tegn.<br />  Bildene i boken har flapper med en overraskelse bak.</div>  <p>Dette er første bok i serien "<strong>Oscar med tegn til tale</strong>".<br />  </p>  ]]></wp:meta_value>
            </wp:postmeta>
            <wp:postmeta>
                <wp:meta_key>_lsb_review</wp:meta_key>
                <wp:meta_value><![CDATA[lsb_acf_review]]></wp:meta_value>
            </wp:postmeta>
            <wp:postmeta>
                <wp:meta_key>lsb_quote</wp:meta_key>
                <wp:meta_value><![CDATA[Det står tre tannbørster i vannglasset.   Oscar bader med fire elefanter. ]]></wp:meta_value>
            </wp:postmeta>
            <wp:postmeta>
                <wp:meta_key>_lsb_quote</wp:meta_key>
                <wp:meta_value><![CDATA[lsb_acf_quote]]></wp:meta_value>
            </wp:postmeta>
            <wp:postmeta>
                <wp:meta_key>lsb_supported</wp:meta_key>
                <wp:meta_value><![CDATA[0]]></wp:meta_value>
            </wp:postmeta>
            <wp:postmeta>
                <wp:meta_key>_lsb_supported</wp:meta_key>
                <wp:meta_value><![CDATA[lsb_acf_supported]]></wp:meta_value>
            </wp:postmeta>
            <category domain="lsb_tax_author" nicename="kathleen-pettersson"><![CDATA[Kathleen Pettersson]]></category>
            <category domain="lsb_tax_publisher" nicename="storybook-forlag"><![CDATA[Storybook forlag]]></category>
            <category domain="lsb_tax_illustrator" nicename="inga-hilde-breivik"><![CDATA[Inga-Hilde Breivik]]></category>
            <wp:postmeta>
                <wp:meta_key>lsb_look_inside</wp:meta_key>
                <wp:meta_value><![CDATA[CUSTOM_BLA_I_BOKA]]></wp:meta_value>
            </wp:postmeta>
            <wp:postmeta>
                <wp:meta_key>_lsb_look_inside</wp:meta_key>
                <wp:meta_value><![CDATA[lsb_acf_look_inside]]></wp:meta_value>
            </wp:postmeta>
            <category domain="lsb_tax_age" nicename="barn"><![CDATA[barn]]></category>
            <category domain="lsb_tax_language" nicename="no_nb"><![CDATA[bokmål]]></category>
            <category domain="lsb_tax_customization" nicename="tegn-til-tale"><![CDATA[tegn til tale]]></category>
            <category domain="lsb_tax_customization" nicename="nmt"><![CDATA[nmt]]></category>
            <category domain="lsb_tax_customization" nicename="mange-bilder"><![CDATA[mange bilder]]></category>
            <wp:postmeta>
                <wp:meta_key>_thumbnail_id</wp:meta_key>
                <wp:meta_value><![CDATA[5204]]></wp:meta_value>
            </wp:postmeta>
        </item>
        <item>
            <title>lær å telle til 10 nett.jpg</title>
            <wp:post_id>5204</wp:post_id>
            <wp:status>inherit</wp:status>
            <wp:post_type>attachment</wp:post_type>
            <wp:attachment_url>https://raw.githubusercontent.com/lesersokerbok/boksok.no-data-utils/master/output-example/images/DF1F0D1AC42D455896AE95A4304D2227.jpg</wp:attachment_url>
        </item>
        <item>
            <wp:post_type>lsb_book</wp:post_type>
            <wp:status>publish</wp:status>
            <title>Sirius i barnehagen</title>
            <excerpt:encoded><![CDATA[Dette er den tredje boken om Sirius,  en gutt med ADHD.  Vi møter Sirius i barnehagen,  og hører hvordan de har det der.    ]]></excerpt:encoded>
            <wp:postmeta>
                <wp:meta_key>lsb_isbn</wp:meta_key>
                <wp:meta_value><![CDATA[9788299737517]]></wp:meta_value>
            </wp:postmeta>
            <wp:postmeta>
                <wp:meta_key>_lsb_isbn</wp:meta_key>
                <wp:meta_value><![CDATA[lsb_acf_isbn]]></wp:meta_value>
            </wp:postmeta>
            <wp:postmeta>
                <wp:meta_key>lsb_published_year</wp:meta_key>
                <wp:meta_value><![CDATA[2006]]></wp:meta_value>
            </wp:postmeta>
            <wp:postmeta>
                <wp:meta_key>_lsb_published_year</wp:meta_key>
                <wp:meta_value><![CDATA[lsb_acf_published_year]]></wp:meta_value>
            </wp:postmeta>
            <wp:postmeta>
                <wp:meta_key>lsb_pages</wp:meta_key>
                <wp:meta_value><![CDATA[upag.]]></wp:meta_value>
            </wp:postmeta>
            <wp:postmeta>
                <wp:meta_key>_lsb_pages</wp:meta_key>
                <wp:meta_value><![CDATA[lsb_acf_pages]]></wp:meta_value>
            </wp:postmeta>
            <wp:postmeta>
                <wp:meta_key>lsb_review</wp:meta_key>
                <wp:meta_value><![CDATA[  <p>Boken er delt inn i tre deler:<br />  Introduksjonen forteller om Sirius<br />  og om diagnosen hans.<br />  Etterpå får vi høre to fortellinger<br />  fra livet hans.</p>  <div>&#160;</div>  <div>Denne boken forteller<br />  hvordan det kan være å ha ADHD.<br />  Den har en faktadel til foreldre,<br />  søsken og venner.</div>  <p>Bøkene om Sirius egner seg godt<br />  til opplesing og samtale.<br />  Språket er ikke alltid enkelt,<br />  men sidene har mye luft og bilder.</p>  ]]></wp:meta_value>
            </wp:postmeta>
            <wp:postmeta>
                <wp:meta_key>_lsb_review</wp:meta_key>
                <wp:meta_value><![CDATA[lsb_acf_review]]></wp:meta_value>
            </wp:postmeta>
            <wp:postmeta>
                <wp:meta_key>lsb_quote</wp:meta_key>
                <wp:meta_value><![CDATA[Sirius ser ut som alle de andre barna, men inne i seg har han et problem som kalles AD/HD. Noen kaller det MBD, og andre snakker om å være hyperaktiv. Det er derfor Sirius oftere enn andre barn blir utålmodig og bråkete. Det er derfor han oftere enn de andre ikke finner frem bøkene sine, ikke gjør det han skal i timene, krangler med søsknene sine eller plutselig gjør ting som andre syns er dumme, barnslige eller farlige.]]></wp:meta_value>
            </wp:postmeta>
            <wp:postmeta>
                <wp:meta_key>_lsb_quote</wp:meta_key>
                <wp:meta_value><![CDATA[lsb_acf_quote]]></wp:meta_value>
            </wp:postmeta>
            <wp:postmeta>
                <wp:meta_key>lsb_supported</wp:meta_key>
                <wp:meta_value><![CDATA[0]]></wp:meta_value>
            </wp:postmeta>
            <wp:postmeta>
                <wp:meta_key>_lsb_supported</wp:meta_key>
                <wp:meta_value><![CDATA[lsb_acf_supported]]></wp:meta_value>
            </wp:postmeta>
            <category domain="lsb_tax_author" nicename="lisbeth-iglum-rønhovde"><![CDATA[Lisbeth Iglum Rønhovde]]></category>
            <category domain="lsb_tax_publisher" nicename="infolitenbok"><![CDATA[InfolitenBOK]]></category>
            <category domain="lsb_tax_illustrator" nicename="marianne-mysen"><![CDATA[Marianne Mysen]]></category>
            <wp:postmeta>
                <wp:meta_key>lsb_look_inside</wp:meta_key>
                <wp:meta_value><![CDATA[CUSTOM_BLA_I_BOKA]]></wp:meta_value>
            </wp:postmeta>
            <wp:postmeta>
                <wp:meta_key>_lsb_look_inside</wp:meta_key>
                <wp:meta_value><![CDATA[lsb_acf_look_inside]]></wp:meta_value>
            </wp:postmeta>
            <category domain="lsb_tax_age" nicename="barn"><![CDATA[barn]]></category>
            <category domain="lsb_tax_genre" nicename="prosa"><![CDATA[prosa]]></category>
            <category domain="lsb_tax_topic" nicename="mennesker-i-mellom"><![CDATA[mennesker i mellom]]></category>
            <category domain="lsb_tax_language" nicename="no_nb"><![CDATA[bokmål]]></category>
            <category domain="lsb_tax_customization" nicename="skjønnlitteratur"><![CDATA[skjønnlitteratur]]></category>
            <category domain="lsb_tax_customization" nicename="faglitteratur"><![CDATA[faglitteratur]]></category>
            <category domain="lsb_tax_customization" nicename="mange-bilder"><![CDATA[mange bilder]]></category>
            <wp:postmeta>
                <wp:meta_key>_thumbnail_id</wp:meta_key>
                <wp:meta_value><![CDATA[5205]]></wp:meta_value>
            </wp:postmeta>
        </item>
        <item>
            <title>sirius i barnehagen.jpg</title>
            <wp:post_id>5205</wp:post_id>
            <wp:status>inherit</wp:status>
            <wp:post_type>attachment</wp:post_type>
            <wp:attachment_url>https://raw.githubusercontent.com/lesersokerbok/boksok.no-data-utils/master/output-example/images/FCAC678ED7A34B44B7BE141983841B5B.jpg</wp:attachment_url>
        </item>
        <item>
            <wp:post_type>lsb_book</wp:post_type>
            <wp:status>publish</wp:status>
            <title>Den første boken om Sirius</title>
            <excerpt:encoded><![CDATA[Dette er den første boken om Sirius,  en ni år gammel gutt med ADHD.  Vi møter Sirius på skolen,  og får høre om hvordan det gikk  da han fikk diagnosen sin.  ]]></excerpt:encoded>
            <wp:postmeta>
                <wp:meta_key>lsb_isbn</wp:meta_key>
                <wp:meta_value><![CDATA[9788290830507]]></wp:meta_value>
            </wp:postmeta>
            <wp:postmeta>
                <wp:meta_key>_lsb_isbn</wp:meta_key>
                <wp:meta_value><![CDATA[lsb_acf_isbn]]></wp:meta_value>
            </wp:postmeta>
            <wp:postmeta>
                <wp:meta_key>lsb_published_year</wp:meta_key>
                <wp:meta_value><![CDATA[2000/2006]]></wp:meta_value>
            </wp:postmeta>
            <wp:postmeta>
                <wp:meta_key>_lsb_published_year</wp:meta_key>
                <wp:meta_value><![CDATA[lsb_acf_published_year]]></wp:meta_value>
            </wp:postmeta>
            <wp:postmeta>
                <wp:meta_key>lsb_pages</wp:meta_key>
                <wp:meta_value><![CDATA[48]]></wp:meta_value>
            </wp:postmeta>
            <wp:postmeta>
                <wp:meta_key>_lsb_pages</wp:meta_key>
                <wp:meta_value><![CDATA[lsb_acf_pages]]></wp:meta_value>
            </wp:postmeta>
            <wp:postmeta>
                <wp:meta_key>lsb_review</wp:meta_key>
                <wp:meta_value><![CDATA[  <p>Boken er delt inn i tre deler:<br />  Introduksjonen forteller om Sirius<br />  og om diagnosen hans.<br />  Etterpå får vi høre to fortellinger<br />  fra livet hans. </p>  <div>Boken forteller også <br />  hvordan det kan være å ha ADHD.<br />  Den har en faktadel til foreldre,<br />  søsken og venner.  </div>  <div>&#160;</div>  <p>Bøkene om Sirius egner seg godt<br />  til opplesing og samtale.<br />  Språket er ikke alltid enkelt,<br />  men sidene har mye luft og bilder.  </p>  <p><strong>&#160;</strong></p>  ]]></wp:meta_value>
            </wp:postmeta>
            <wp:postmeta>
                <wp:meta_key>_lsb_review</wp:meta_key>
                <wp:meta_value><![CDATA[lsb_acf_review]]></wp:meta_value>
            </wp:postmeta>
            <wp:postmeta>
                <wp:meta_key>lsb_quote</wp:meta_key>
                <wp:meta_value><![CDATA[Sirius ser ut som alle de andre barna, men inne i seg har han et problem som kalles ADHD. Noen kaller det MBD, og andre snakker om å være hyperaktiv. Det er derfor Sirius oftere enn andre barn blir utålmodig og bråkete. Det er derfor han oftere enn de andre ikke finner frem bøkene sine, ikke gjør det han skal i timene, krangler med søsknene sine eller plutselig gjør ting som andre syns er dumme, barnslige eller farlige.]]></wp:meta_value>
            </wp:postmeta>
            <wp:postmeta>
                <wp:meta_key>_lsb_quote</wp:meta_key>
                <wp:meta_value><![CDATA[lsb_acf_quote]]></wp:meta_value>
            </wp:postmeta>
            <wp:postmeta>
                <wp:meta_key>lsb_supported</wp:meta_key>
                <wp:meta_value><![CDATA[0]]></wp:meta_value>
            </wp:postmeta>
            <wp:postmeta>
                <wp:meta_key>_lsb_supported</wp:meta_key>
                <wp:meta_value><![CDATA[lsb_acf_supported]]></wp:meta_value>
            </wp:postmeta>
            <category domain="lsb_tax_author" nicename="lisbeth-iglum-rønhovde"><![CDATA[Lisbeth Iglum Rønhovde]]></category>
            <category domain="lsb_tax_publisher" nicename="infolitenbok"><![CDATA[InfolitenBOK]]></category>
            <category domain="lsb_tax_illustrator" nicename="marianne-mysen"><![CDATA[Marianne Mysen]]></category>
            <wp:postmeta>
                <wp:meta_key>lsb_look_inside</wp:meta_key>
                <wp:meta_value><![CDATA[CUSTOM_BLA_I_BOKA]]></wp:meta_value>
            </wp:postmeta>
            <wp:postmeta>
                <wp:meta_key>_lsb_look_inside</wp:meta_key>
                <wp:meta_value><![CDATA[lsb_acf_look_inside]]></wp:meta_value>
            </wp:postmeta>
            <category domain="lsb_tax_age" nicename="barn"><![CDATA[barn]]></category>
            <category domain="lsb_tax_topic" nicename="mennesker-i-mellom"><![CDATA[mennesker i mellom]]></category>
            <category domain="lsb_tax_language" nicename="no_nb"><![CDATA[bokmål]]></category>
            <category domain="lsb_tax_customization" nicename="skjønnlitteratur"><![CDATA[skjønnlitteratur]]></category>
            <category domain="lsb_tax_customization" nicename="faglitteratur"><![CDATA[faglitteratur]]></category>
            <category domain="lsb_tax_customization" nicename="mange-bilder"><![CDATA[mange bilder]]></category>
            <wp:postmeta>
                <wp:meta_key>_thumbnail_id</wp:meta_key>
                <wp:meta_value><![CDATA[5206]]></wp:meta_value>
            </wp:postmeta>
        </item>
        <item>
            <title>den første boken om sirius.jpg</title>
            <wp:post_id>5206</wp:post_id>
            <wp:status>inherit</wp:status>
            <wp:post_type>attachment</wp:post_type>
            <wp:attachment_url>https://raw.githubusercontent.com/lesersokerbok/boksok.no-data-utils/master/output-example/images/040A7E27F5874C7FBE6FC29DC47835B6.jpg</wp:attachment_url>
        </item>
        <item>
            <wp:post_type>lsb_book</wp:post_type>
            <wp:status>publish</wp:status>
            <title>Frøken Livredd og kjærligheten</title>
            <excerpt:encoded><![CDATA[Frøken Livredd føler seg liten og verdiløs.  Men så møter hun Ham, de flytter sammen  og lever lykkelige alle sine dager.  Eller?  ]]></excerpt:encoded>
            <wp:postmeta>
                <wp:meta_key>lsb_isbn</wp:meta_key>
                <wp:meta_value><![CDATA[9788203207617]]></wp:meta_value>
            </wp:postmeta>
            <wp:postmeta>
                <wp:meta_key>_lsb_isbn</wp:meta_key>
                <wp:meta_value><![CDATA[lsb_acf_isbn]]></wp:meta_value>
            </wp:postmeta>
            <wp:postmeta>
                <wp:meta_key>lsb_published_year</wp:meta_key>
                <wp:meta_value><![CDATA[2003]]></wp:meta_value>
            </wp:postmeta>
            <wp:postmeta>
                <wp:meta_key>_lsb_published_year</wp:meta_key>
                <wp:meta_value><![CDATA[lsb_acf_published_year]]></wp:meta_value>
            </wp:postmeta>
            <wp:postmeta>
                <wp:meta_key>lsb_pages</wp:meta_key>
                <wp:meta_value><![CDATA[upag.]]></wp:meta_value>
            </wp:postmeta>
            <wp:postmeta>
                <wp:meta_key>_lsb_pages</wp:meta_key>
                <wp:meta_value><![CDATA[lsb_acf_pages]]></wp:meta_value>
            </wp:postmeta>
            <wp:postmeta>
                <wp:meta_key>lsb_review</wp:meta_key>
                <wp:meta_value><![CDATA[  <div><strong>Frøken Livredd og kjærligheten</strong> er <br />  en humoristisk tegneserieroman om å våge å elske, <br />  og å tro på seg selv.</div>  <div>&#160;</div>  <div>Tegningene er store og i sort hvitt. <br />  En tegning fyller en hel side. <br />  Teksten er tydelig. </div>  <div>&#160;</div>  <div>Joanna Rubin Dranger er illustratør,<br />  og bor i Stockholm.<br />  <strong>Frøken Livredd og kjærligheten</strong> <br />  er den første boka i en serie om Frøken.<br />  I samme serie finnes også <br />  <strong>Frøken Makeløs og karrieren</strong> og<br />  <strong>Alltid beredt til å dø for mitt barn</strong>.</div>  ]]></wp:meta_value>
            </wp:postmeta>
            <wp:postmeta>
                <wp:meta_key>_lsb_review</wp:meta_key>
                <wp:meta_value><![CDATA[lsb_acf_review]]></wp:meta_value>
            </wp:postmeta>
            <wp:postmeta>
                <wp:meta_key>lsb_quote</wp:meta_key>
                <wp:meta_value><![CDATA[- Å nei!   Vi har malt over   ringeklokken og   nøkkelhullet!   - Og oss selv...  - Sover du?   - JA! ]]></wp:meta_value>
            </wp:postmeta>
            <wp:postmeta>
                <wp:meta_key>_lsb_quote</wp:meta_key>
                <wp:meta_value><![CDATA[lsb_acf_quote]]></wp:meta_value>
            </wp:postmeta>
            <wp:postmeta>
                <wp:meta_key>lsb_supported</wp:meta_key>
                <wp:meta_value><![CDATA[0]]></wp:meta_value>
            </wp:postmeta>
            <wp:postmeta>
                <wp:meta_key>_lsb_supported</wp:meta_key>
                <wp:meta_value><![CDATA[lsb_acf_supported]]></wp:meta_value>
            </wp:postmeta>
            <category domain="lsb_tax_author" nicename="joanna-rubin-dranger"><![CDATA[Joanna Rubin Dranger]]></category>
            <category domain="lsb_tax_publisher" nicename="aschehoug"><![CDATA[Aschehoug]]></category>
            <category domain="lsb_tax_illustrator" nicename="joanna-rubin-dranger"><![CDATA[Joanna Rubin Dranger]]></category>
            <category domain="lsb_tax_translator" nicename="kjersti-scheen"><![CDATA[Kjersti Scheen]]></category>
            <wp:postmeta>
                <wp:meta_key>lsb_look_inside</wp:meta_key>
                <wp:meta_value><![CDATA[CUSTOM_BLA_I_BOKA]]></wp:meta_value>
            </wp:postmeta>
            <wp:postmeta>
                <wp:meta_key>_lsb_look_inside</wp:meta_key>
                <wp:meta_value><![CDATA[lsb_acf_look_inside]]></wp:meta_value>
            </wp:postmeta>
            <category domain="lsb_tax_age" nicename="voksne"><![CDATA[voksne]]></category>
            <category domain="lsb_tax_genre" nicename="prosa"><![CDATA[prosa]]></category>
            <category domain="lsb_tax_topic" nicename="humor"><![CDATA[humor]]></category>
            <category domain="lsb_tax_topic" nicename="kjærlighet"><![CDATA[kjærlighet]]></category>
            <category domain="lsb_tax_language" nicename="no_nb"><![CDATA[bokmål]]></category>
            <category domain="lsb_tax_customization" nicename="bilder"><![CDATA[bilder]]></category>
            <category domain="lsb_tax_customization" nicename="mange-bilder"><![CDATA[mange bilder]]></category>
            <wp:postmeta>
                <wp:meta_key>_thumbnail_id</wp:meta_key>
                <wp:meta_value><![CDATA[5207]]></wp:meta_value>
            </wp:postmeta>
        </item>
        <item>
            <title>froken livredd og kjarligheten nett.jpg</title>
            <wp:post_id>5207</wp:post_id>
            <wp:status>inherit</wp:status>
            <wp:post_type>attachment</wp:post_type>
            <wp:attachment_url>https://raw.githubusercontent.com/lesersokerbok/boksok.no-data-utils/master/output-example/images/358585EB6952445E99791DA539E7C152.jpg</wp:attachment_url>
        </item>
        <item>
            <wp:post_type>lsb_book</wp:post_type>
            <wp:status>publish</wp:status>
            <title>Máilmmi láikkimus olmmos</title>
            <excerpt:encoded><![CDATA[Dát lea muitalus Hánno birra.  Sus lea ustit, man namma lea Girjo.]]></excerpt:encoded>
            <wp:postmeta>
                <wp:meta_key>lsb_isbn</wp:meta_key>
                <wp:meta_value><![CDATA[9788276011135]]></wp:meta_value>
            </wp:postmeta>
            <wp:postmeta>
                <wp:meta_key>_lsb_isbn</wp:meta_key>
                <wp:meta_value><![CDATA[lsb_acf_isbn]]></wp:meta_value>
            </wp:postmeta>
            <wp:postmeta>
                <wp:meta_key>lsb_published_year</wp:meta_key>
                <wp:meta_value><![CDATA[2006]]></wp:meta_value>
            </wp:postmeta>
            <wp:postmeta>
                <wp:meta_key>_lsb_published_year</wp:meta_key>
                <wp:meta_value><![CDATA[lsb_acf_published_year]]></wp:meta_value>
            </wp:postmeta>
            <wp:postmeta>
                <wp:meta_key>lsb_pages</wp:meta_key>
                <wp:meta_value><![CDATA[66]]></wp:meta_value>
            </wp:postmeta>
            <wp:postmeta>
                <wp:meta_key>_lsb_pages</wp:meta_key>
                <wp:meta_value><![CDATA[lsb_acf_pages]]></wp:meta_value>
            </wp:postmeta>
            <wp:postmeta>
                <wp:meta_key>lsb_review</wp:meta_key>
                <wp:meta_value><![CDATA[  <div>Hánno lea máilmmi láikkimus olmmoš.<br />  Muhto leago son duoðai láiki?</div>  <div>&#160;</div>  <div><strong>Máilmmi láikkimus olmmos</strong> er ei bok </div>  <div>på nordsamisk om Hánno, <br />  som er verdens lateste menneske.<br />  Han er så lat at han ikke bruker penger, <br />  for han orker ikke alt maset de fører med seg. <br />  Derfor drar han aldri på butikken heller. <br />  Han har ikke behov for å kjøpe noe. <br />  Dagene går til å ligge og slappe av <br />  – eller til å stelle kua. </div>  <div>Men er Hánno virkelig lat?<br />  Eller kan boka leses som en kommentar til <br />  dagens travle samfunn med stadig større krav?</div>  <div><br />  Historien forteller – på samisk vis – <br />  mer enn det som sies i teksten. <br />  Sammen med de fargerike illustrasjonene <br />  er dette en morsom og underfundig historie <br />  for folk i alle aldre. </div>  <div>&#160;</div>  <div><strong>Elle Márjá Vars</strong> debuterte som forfatter i 1986. <br />  I 2005 fikk hun <strong>Samerådets litteraturpris</strong> <br />  for ungdomsboken Cábbámus iditguovssu.</div>  <div>&#160;</div>  <div>Dette er første samiske bok støtta av </div>  <div><strong>Leser søker bok</strong>.<br />  Først på 80-tallet ble det vanlig <br />  med samisk som opplæringsmål. <br />  Derfor er det stort behov for litteratur <br />  med enkel tekst på samisk.</div>  ]]></wp:meta_value>
            </wp:postmeta>
            <wp:postmeta>
                <wp:meta_key>_lsb_review</wp:meta_key>
                <wp:meta_value><![CDATA[lsb_acf_review]]></wp:meta_value>
            </wp:postmeta>
            <wp:postmeta>
                <wp:meta_key>lsb_quote</wp:meta_key>
                <wp:meta_value><![CDATA[Girjo lea Hánno ustit.  Girjo orru darfenávehis.  Návet lea viesus gitta.  Dat lea danin go Hánno lea nu láiki.  Son ii gilleš vázzit návehii  jus dat ii livcce viesus gitta.]]></wp:meta_value>
            </wp:postmeta>
            <wp:postmeta>
                <wp:meta_key>_lsb_quote</wp:meta_key>
                <wp:meta_value><![CDATA[lsb_acf_quote]]></wp:meta_value>
            </wp:postmeta>
            <wp:postmeta>
                <wp:meta_key>lsb_supported</wp:meta_key>
                <wp:meta_value><![CDATA[1]]></wp:meta_value>
            </wp:postmeta>
            <wp:postmeta>
                <wp:meta_key>_lsb_supported</wp:meta_key>
                <wp:meta_value><![CDATA[lsb_acf_supported]]></wp:meta_value>
            </wp:postmeta>
            <wp:postmeta>
                <wp:meta_key>lsb_support_cat</wp:meta_key>
                <wp:meta_value><![CDATA[purple]]></wp:meta_value>
            </wp:postmeta>
            <wp:postmeta>
                <wp:meta_key>_lsb_support_cat</wp:meta_key>
                <wp:meta_value><![CDATA[lsb_acf_support_cat]]></wp:meta_value>
            </wp:postmeta>
            <category domain="lsb_tax_author" nicename="elle-márjá-vars"><![CDATA[Elle Márjá Vars]]></category>
            <category domain="lsb_tax_publisher" nicename="idut"><![CDATA[Idut]]></category>
            <category domain="lsb_tax_illustrator" nicename="harald-aadnevik"><![CDATA[Harald Aadnevik]]></category>
            <wp:postmeta>
                <wp:meta_key>lsb_look_inside</wp:meta_key>
                <wp:meta_value><![CDATA[CUSTOM_BLA_I_BOKA]]></wp:meta_value>
            </wp:postmeta>
            <wp:postmeta>
                <wp:meta_key>_lsb_look_inside</wp:meta_key>
                <wp:meta_value><![CDATA[lsb_acf_look_inside]]></wp:meta_value>
            </wp:postmeta>
            <category domain="lsb_tax_age" nicename="voksne"><![CDATA[voksne]]></category>
            <category domain="lsb_tax_age" nicename="ungdom"><![CDATA[ungdom]]></category>
            <category domain="lsb_tax_age" nicename="barn"><![CDATA[barn]]></category>
            <category domain="lsb_tax_genre" nicename="prosa"><![CDATA[prosa]]></category>
            <category domain="lsb_tax_topic" nicename="humor"><![CDATA[humor]]></category>
            <category domain="lsb_tax_language" nicename="no_sme"><![CDATA[nordsamisk]]></category>
            <category domain="lsb_tax_customization" nicename="skjønnlitteratur"><![CDATA[skjønnlitteratur]]></category>
            <category domain="lsb_tax_customization" nicename="mange-bilder"><![CDATA[mange bilder]]></category>
            <wp:postmeta>
                <wp:meta_key>_thumbnail_id</wp:meta_key>
                <wp:meta_value><![CDATA[5208]]></wp:meta_value>
            </wp:postmeta>
        </item>
        <item>
            <title>Máilmmi láikkimus olmmos liten.jpg</title>
            <wp:post_id>5208</wp:post_id>
            <wp:status>inherit</wp:status>
            <wp:post_type>attachment</wp:post_type>
            <wp:attachment_url>https://raw.githubusercontent.com/lesersokerbok/boksok.no-data-utils/master/output-example/images/8D0DCA48A7AB42ABBB467631B3AC7EEF.jpg</wp:attachment_url>
        </item>
        <item>
            <wp:post_type>lsb_book</wp:post_type>
            <wp:status>publish</wp:status>
            <title>Flaskekongen</title>
            <excerpt:encoded><![CDATA[En av samfunnets tapere er   den eneste som kjenner hemmeligheten  bak en stor konspirasjon.  Eller gjør han det?    De som kanskje må dø.  ]]></excerpt:encoded>
            <wp:postmeta>
                <wp:meta_key>lsb_isbn</wp:meta_key>
                <wp:meta_value><![CDATA[9788280980205]]></wp:meta_value>
            </wp:postmeta>
            <wp:postmeta>
                <wp:meta_key>_lsb_isbn</wp:meta_key>
                <wp:meta_value><![CDATA[lsb_acf_isbn]]></wp:meta_value>
            </wp:postmeta>
            <wp:postmeta>
                <wp:meta_key>lsb_published_year</wp:meta_key>
                <wp:meta_value><![CDATA[2006]]></wp:meta_value>
            </wp:postmeta>
            <wp:postmeta>
                <wp:meta_key>_lsb_published_year</wp:meta_key>
                <wp:meta_value><![CDATA[lsb_acf_published_year]]></wp:meta_value>
            </wp:postmeta>
            <wp:postmeta>
                <wp:meta_key>lsb_pages</wp:meta_key>
                <wp:meta_value><![CDATA[84]]></wp:meta_value>
            </wp:postmeta>
            <wp:postmeta>
                <wp:meta_key>_lsb_pages</wp:meta_key>
                <wp:meta_value><![CDATA[lsb_acf_pages]]></wp:meta_value>
            </wp:postmeta>
            <wp:postmeta>
                <wp:meta_key>lsb_review</wp:meta_key>
                <wp:meta_value><![CDATA[  <div><strong>Flaskekongen</strong> handler om dem <br />  ingen tar alvorlig. <br />  De som ingen tror kan vite alt. <br />  De som egentlig vet. <br />  De som kanskje må dø.<br />  </div>  <div>&#160;</div>  <div>På troverdig vis skildrer <strong>Arne Svingen</strong> <br />  blandingen av tåkete minner  <br />  og små øyeblikk av klarhet <br />  hos en alkoholiker.<br />  Fortellingen hans er forvirrende, <br />  på samme måte som virkeligheten </div>  <div>til hovedpersonen i boka. </div>  <p><br />  <strong>Arne Svingen</strong> (f. 1967) har skrevet mange bøker. <br />  Med <strong>Flaskekongen</strong> har han skrevet <br />  en kompleks roman med enkel tekst for voksne.</p>  ]]></wp:meta_value>
            </wp:postmeta>
            <wp:postmeta>
                <wp:meta_key>_lsb_review</wp:meta_key>
                <wp:meta_value><![CDATA[lsb_acf_review]]></wp:meta_value>
            </wp:postmeta>
            <wp:postmeta>
                <wp:meta_key>lsb_quote</wp:meta_key>
                <wp:meta_value><![CDATA[Sist jeg så Jesus, var i en pub på Tøyen.   Vi snakket ikke mye.  Vi hadde sjelden mye å snakke om.   Ikke rart jeg blir overrasket   når han ringer på døra mi.     Han sier at han må snakke med meg.   Jeg er aldri den noen må snakke med.   Jeg burde lukket døra.   Fortsatt å drikke alene.   Men jeg lar ham komme inn.   Han har med seg en polpose.]]></wp:meta_value>
            </wp:postmeta>
            <wp:postmeta>
                <wp:meta_key>_lsb_quote</wp:meta_key>
                <wp:meta_value><![CDATA[lsb_acf_quote]]></wp:meta_value>
            </wp:postmeta>
            <wp:postmeta>
                <wp:meta_key>lsb_supported</wp:meta_key>
                <wp:meta_value><![CDATA[1]]></wp:meta_value>
            </wp:postmeta>
            <wp:postmeta>
                <wp:meta_key>_lsb_supported</wp:meta_key>
                <wp:meta_value><![CDATA[lsb_acf_supported]]></wp:meta_value>
            </wp:postmeta>
            <wp:postmeta>
                <wp:meta_key>lsb_support_cat</wp:meta_key>
                <wp:meta_value><![CDATA[purple]]></wp:meta_value>
            </wp:postmeta>
            <wp:postmeta>
                <wp:meta_key>_lsb_support_cat</wp:meta_key>
                <wp:meta_value><![CDATA[lsb_acf_support_cat]]></wp:meta_value>
            </wp:postmeta>
            <category domain="lsb_tax_author" nicename="arne-svingen"><![CDATA[Arne Svingen]]></category>
            <category domain="lsb_tax_publisher" nicename="lettlest-forlag"><![CDATA[Lettlest forlag]]></category>
            <wp:postmeta>
                <wp:meta_key>lsb_look_inside</wp:meta_key>
                <wp:meta_value><![CDATA[CUSTOM_BLA_I_BOKA]]></wp:meta_value>
            </wp:postmeta>
            <wp:postmeta>
                <wp:meta_key>_lsb_look_inside</wp:meta_key>
                <wp:meta_value><![CDATA[lsb_acf_look_inside]]></wp:meta_value>
            </wp:postmeta>
            <category domain="lsb_tax_age" nicename="voksne"><![CDATA[voksne]]></category>
            <category domain="lsb_tax_genre" nicename="prosa"><![CDATA[prosa]]></category>
            <category domain="lsb_tax_topic" nicename="mennesker-i-mellom"><![CDATA[mennesker i mellom]]></category>
            <category domain="lsb_tax_language" nicename="no_nb"><![CDATA[bokmål]]></category>
            <category domain="lsb_tax_customization" nicename="skjønnlitteratur"><![CDATA[skjønnlitteratur]]></category>
            <wp:postmeta>
                <wp:meta_key>_thumbnail_id</wp:meta_key>
                <wp:meta_value><![CDATA[5209]]></wp:meta_value>
            </wp:postmeta>
        </item>
        <item>
            <title>flaskerex.jpg</title>
            <wp:post_id>5209</wp:post_id>
            <wp:status>inherit</wp:status>
            <wp:post_type>attachment</wp:post_type>
            <wp:attachment_url>https://raw.githubusercontent.com/lesersokerbok/boksok.no-data-utils/master/output-example/images/77CD696929AB4732A5C5C635C63ABFED.jpg</wp:attachment_url>
        </item>
        <item>
            <wp:post_type>lsb_book</wp:post_type>
            <wp:status>publish</wp:status>
            <title>La hendene snakke!</title>
            <excerpt:encoded><![CDATA[La hendene snakke! er en illustrert ordbok   med 2500 tegn. Tegnene er knyttet til temaer   barn og ungdom møter i hverdagen.   ]]></excerpt:encoded>
            <wp:postmeta>
                <wp:meta_key>lsb_isbn</wp:meta_key>
                <wp:meta_value><![CDATA[9788203246227]]></wp:meta_value>
            </wp:postmeta>
            <wp:postmeta>
                <wp:meta_key>_lsb_isbn</wp:meta_key>
                <wp:meta_value><![CDATA[lsb_acf_isbn]]></wp:meta_value>
            </wp:postmeta>
            <wp:postmeta>
                <wp:meta_key>lsb_published_year</wp:meta_key>
                <wp:meta_value><![CDATA[2006]]></wp:meta_value>
            </wp:postmeta>
            <wp:postmeta>
                <wp:meta_key>_lsb_published_year</wp:meta_key>
                <wp:meta_value><![CDATA[lsb_acf_published_year]]></wp:meta_value>
            </wp:postmeta>
            <wp:postmeta>
                <wp:meta_key>lsb_pages</wp:meta_key>
                <wp:meta_value><![CDATA[212]]></wp:meta_value>
            </wp:postmeta>
            <wp:postmeta>
                <wp:meta_key>_lsb_pages</wp:meta_key>
                <wp:meta_value><![CDATA[lsb_acf_pages]]></wp:meta_value>
            </wp:postmeta>
            <wp:postmeta>
                <wp:meta_key>lsb_review</wp:meta_key>
                <wp:meta_value><![CDATA[  <div>Boken er i laget for døve barn og deres venner, <br />  medelever, familie og lærere, men de rike <br />  illustrasjonene gjør at boka passer godt <br />  for alle som synes tegnspråk ser morsomt ut. </div>  <div><br />  <strong>La hendene snakke!</strong> viser hvor mye <br />  det går an å få sagt på tegnspråk, <br />  og hvor spennende det kan være å bruke <br />  et "hemmelig språk". </div>  <div>Et alfabetisk register gjør det enkelt å bruke boka <br />  som oppslagsbok.</div>  <div>&#160;</div>  <div>Sonja Myhre Holten og Torill Lorentzen </div>  <div>ved Skådalen kompetansesenter </div>  <div>har vært tegnspråkkonsulenter.</div>  <div>&#160;</div>  <div>Boka vant prisen for Årets beste tilrettelagte bok i 2007. </div>  <div>"... denne boka er så flott, morsom, interessant, </div>  <div>vakker og mangfoldig at vi får lyst til å lære oss tegnspråk </div>  <div>selv om vi kanskje ikke trenger det."<br />  (fra juryens kommentar)</div>  ]]></wp:meta_value>
            </wp:postmeta>
            <wp:postmeta>
                <wp:meta_key>_lsb_review</wp:meta_key>
                <wp:meta_value><![CDATA[lsb_acf_review]]></wp:meta_value>
            </wp:postmeta>
            <wp:postmeta>
                <wp:meta_key>lsb_quote</wp:meta_key>
                <wp:meta_value/>
            </wp:postmeta>
            <wp:postmeta>
                <wp:meta_key>_lsb_quote</wp:meta_key>
                <wp:meta_value><![CDATA[lsb_acf_quote]]></wp:meta_value>
            </wp:postmeta>
            <wp:postmeta>
                <wp:meta_key>lsb_supported</wp:meta_key>
                <wp:meta_value><![CDATA[1]]></wp:meta_value>
            </wp:postmeta>
            <wp:postmeta>
                <wp:meta_key>_lsb_supported</wp:meta_key>
                <wp:meta_value><![CDATA[lsb_acf_supported]]></wp:meta_value>
            </wp:postmeta>
            <wp:postmeta>
                <wp:meta_key>lsb_support_cat</wp:meta_key>
                <wp:meta_value><![CDATA[red]]></wp:meta_value>
            </wp:postmeta>
            <wp:postmeta>
                <wp:meta_key>_lsb_support_cat</wp:meta_key>
                <wp:meta_value><![CDATA[lsb_acf_support_cat]]></wp:meta_value>
            </wp:postmeta>
            <category domain="lsb_tax_author" nicename="sigrun-nygaard-moriggi"><![CDATA[Sigrun Nygaard Moriggi]]></category>
            <category domain="lsb_tax_publisher" nicename="aschehoug"><![CDATA[Aschehoug]]></category>
            <category domain="lsb_tax_illustrator" nicename="anna-fiske-(bilder)-og-sonja-myhre-holten-(tegn)"><![CDATA[Anna Fiske (bilder) og Sonja Myhre Holten (tegn)]]></category>
            <wp:postmeta>
                <wp:meta_key>lsb_look_inside</wp:meta_key>
                <wp:meta_value><![CDATA[CUSTOM_BLA_I_BOKA]]></wp:meta_value>
            </wp:postmeta>
            <wp:postmeta>
                <wp:meta_key>_lsb_look_inside</wp:meta_key>
                <wp:meta_value><![CDATA[lsb_acf_look_inside]]></wp:meta_value>
            </wp:postmeta>
            <category domain="lsb_tax_age" nicename="barn"><![CDATA[barn]]></category>
            <category domain="lsb_tax_age" nicename="ungdom"><![CDATA[ungdom]]></category>
            <category domain="lsb_tax_genre" nicename="faglitteratur"><![CDATA[faglitteratur]]></category>
            <category domain="lsb_tax_language" nicename="no_nb"><![CDATA[bokmål]]></category>
            <category domain="lsb_tax_customization" nicename="tegnspråk"><![CDATA[tegnspråk]]></category>
            <category domain="lsb_tax_customization" nicename="mange-bilder"><![CDATA[mange bilder]]></category>
            <wp:postmeta>
                <wp:meta_key>_thumbnail_id</wp:meta_key>
                <wp:meta_value><![CDATA[5210]]></wp:meta_value>
            </wp:postmeta>
        </item>
        <item>
            <title>La hendene snakke.jpg</title>
            <wp:post_id>5210</wp:post_id>
            <wp:status>inherit</wp:status>
            <wp:post_type>attachment</wp:post_type>
            <wp:attachment_url>https://raw.githubusercontent.com/lesersokerbok/boksok.no-data-utils/master/output-example/images/4FCCF644E73948E58176E01000EE3043.jpg</wp:attachment_url>
        </item>
        <item>
            <wp:post_type>lsb_book</wp:post_type>
            <wp:status>publish</wp:status>
            <title>Lånt tid</title>
            <excerpt:encoded><![CDATA[Lånt tid er en bok om å ta sjansen på  den store kjærligheten, selv om det   ikke kommer til å vare evig. ]]></excerpt:encoded>
            <wp:postmeta>
                <wp:meta_key>lsb_isbn</wp:meta_key>
                <wp:meta_value><![CDATA[9788204125347]]></wp:meta_value>
            </wp:postmeta>
            <wp:postmeta>
                <wp:meta_key>_lsb_isbn</wp:meta_key>
                <wp:meta_value><![CDATA[lsb_acf_isbn]]></wp:meta_value>
            </wp:postmeta>
            <wp:postmeta>
                <wp:meta_key>lsb_published_year</wp:meta_key>
                <wp:meta_value><![CDATA[2006]]></wp:meta_value>
            </wp:postmeta>
            <wp:postmeta>
                <wp:meta_key>_lsb_published_year</wp:meta_key>
                <wp:meta_value><![CDATA[lsb_acf_published_year]]></wp:meta_value>
            </wp:postmeta>
            <wp:postmeta>
                <wp:meta_key>lsb_pages</wp:meta_key>
                <wp:meta_value><![CDATA[152]]></wp:meta_value>
            </wp:postmeta>
            <wp:postmeta>
                <wp:meta_key>_lsb_pages</wp:meta_key>
                <wp:meta_value><![CDATA[lsb_acf_pages]]></wp:meta_value>
            </wp:postmeta>
            <wp:postmeta>
                <wp:meta_key>lsb_review</wp:meta_key>
                <wp:meta_value><![CDATA[  <p>Lene er flink. Hun vet det, <br />  men likevel syns hun livet dreier seg <br />  rundt en litt for stor nese. <br />  Lene tar seg sommerjobb på sykehus. <br />  Der møter hun også Leif, som er syk.<br />  Hun har aldri møtte noen som ham. <br />  Han snur alt på hodet. <br />  Livet blir plutselig viktig - og døden. <br />  Og kjærligheten, som de får oppleve sammen.</p>  <div>&#160;</div>  <div>Dette er en dramatisk historie <br />  om livet, døden og kjærligheten. <br />  Intet mindre. <br />  Den treffer både ungdom og voksne. </div>  <p><strong>Lånt tid</strong> er en omskrevet versjon <br />  av <strong>Ikke deg denne gang</strong>, <br />  som vant mange priser da den kom i 1978. </p>  <div>&#160;</div>  <div><strong>Front</strong> er en unik serie bøker<br />  med enkel tekst for ungdom. <br />  Boka har mange bilder.<br />  </div>  ]]></wp:meta_value>
            </wp:postmeta>
            <wp:postmeta>
                <wp:meta_key>_lsb_review</wp:meta_key>
                <wp:meta_value><![CDATA[lsb_acf_review]]></wp:meta_value>
            </wp:postmeta>
            <wp:postmeta>
                <wp:meta_key>lsb_quote</wp:meta_key>
                <wp:meta_value><![CDATA[Jeg veit ikke hvordan det skjedde.  Hva jeg gjorde.  Hva han gjorde.  Med ett sto jeg med armene hans om meg.  Jeg bøyde hodet bakover,  løftet ansiktet mot hans.  Lukket øynene.  Kjente munnen hans mot min.  Ingen ting betydde noe.  Jeg ville bare stå stille hos ham.  "Ikke gråt," hørte jeg han si.  Jeg visste ikke at jeg gråt.]]></wp:meta_value>
            </wp:postmeta>
            <wp:postmeta>
                <wp:meta_key>_lsb_quote</wp:meta_key>
                <wp:meta_value><![CDATA[lsb_acf_quote]]></wp:meta_value>
            </wp:postmeta>
            <wp:postmeta>
                <wp:meta_key>lsb_supported</wp:meta_key>
                <wp:meta_value><![CDATA[1]]></wp:meta_value>
            </wp:postmeta>
            <wp:postmeta>
                <wp:meta_key>_lsb_supported</wp:meta_key>
                <wp:meta_value><![CDATA[lsb_acf_supported]]></wp:meta_value>
            </wp:postmeta>
            <wp:postmeta>
                <wp:meta_key>lsb_support_cat</wp:meta_key>
                <wp:meta_value><![CDATA[purple]]></wp:meta_value>
            </wp:postmeta>
            <wp:postmeta>
                <wp:meta_key>_lsb_support_cat</wp:meta_key>
                <wp:meta_value><![CDATA[lsb_acf_support_cat]]></wp:meta_value>
            </wp:postmeta>
            <category domain="lsb_tax_author" nicename="aase-foss-abrahamsen"><![CDATA[Aase Foss Abrahamsen]]></category>
            <category domain="lsb_tax_publisher" nicename="damm"><![CDATA[Damm]]></category>
            <category domain="lsb_tax_illustrator" nicename="coralie-cølsch"><![CDATA[Coralie Cølsch]]></category>
            <wp:postmeta>
                <wp:meta_key>lsb_look_inside</wp:meta_key>
                <wp:meta_value><![CDATA[CUSTOM_BLA_I_BOKA]]></wp:meta_value>
            </wp:postmeta>
            <wp:postmeta>
                <wp:meta_key>_lsb_look_inside</wp:meta_key>
                <wp:meta_value><![CDATA[lsb_acf_look_inside]]></wp:meta_value>
            </wp:postmeta>
            <category domain="lsb_tax_age" nicename="ungdom"><![CDATA[ungdom]]></category>
            <category domain="lsb_tax_age" nicename="voksne"><![CDATA[voksne]]></category>
            <category domain="lsb_tax_genre" nicename="prosa"><![CDATA[prosa]]></category>
            <category domain="lsb_tax_topic" nicename="kjærlighet"><![CDATA[kjærlighet]]></category>
            <category domain="lsb_tax_topic" nicename="mennesker-i-mellom"><![CDATA[mennesker i mellom]]></category>
            <category domain="lsb_tax_language" nicename="no_nb"><![CDATA[bokmål]]></category>
            <category domain="lsb_tax_customization" nicename="skjønnlitteratur"><![CDATA[skjønnlitteratur]]></category>
            <category domain="lsb_tax_customization" nicename="mange-bilder"><![CDATA[mange bilder]]></category>
            <wp:postmeta>
                <wp:meta_key>_thumbnail_id</wp:meta_key>
                <wp:meta_value><![CDATA[5211]]></wp:meta_value>
            </wp:postmeta>
        </item>
        <item>
            <title>laant_tid1.jpg</title>
            <wp:post_id>5211</wp:post_id>
            <wp:status>inherit</wp:status>
            <wp:post_type>attachment</wp:post_type>
            <wp:attachment_url>https://raw.githubusercontent.com/lesersokerbok/boksok.no-data-utils/master/output-example/images/78DBF2B8B1C244688F61AE472584E5BF.jpg</wp:attachment_url>
        </item>
        <item>
            <wp:post_type>lsb_book</wp:post_type>
            <wp:status>publish</wp:status>
            <title>Kjip skrens</title>
            <excerpt:encoded><![CDATA[Kriss elsker motorsykler  og samtidig er det ikke noe han er mer redd for   enn å kjøre dem...]]></excerpt:encoded>
            <wp:postmeta>
                <wp:meta_key>lsb_isbn</wp:meta_key>
                <wp:meta_value><![CDATA[9788204110404]]></wp:meta_value>
            </wp:postmeta>
            <wp:postmeta>
                <wp:meta_key>_lsb_isbn</wp:meta_key>
                <wp:meta_value><![CDATA[lsb_acf_isbn]]></wp:meta_value>
            </wp:postmeta>
            <wp:postmeta>
                <wp:meta_key>lsb_published_year</wp:meta_key>
                <wp:meta_value><![CDATA[2006]]></wp:meta_value>
            </wp:postmeta>
            <wp:postmeta>
                <wp:meta_key>_lsb_published_year</wp:meta_key>
                <wp:meta_value><![CDATA[lsb_acf_published_year]]></wp:meta_value>
            </wp:postmeta>
            <wp:postmeta>
                <wp:meta_key>lsb_pages</wp:meta_key>
                <wp:meta_value><![CDATA[112]]></wp:meta_value>
            </wp:postmeta>
            <wp:postmeta>
                <wp:meta_key>_lsb_pages</wp:meta_key>
                <wp:meta_value><![CDATA[lsb_acf_pages]]></wp:meta_value>
            </wp:postmeta>
            <wp:postmeta>
                <wp:meta_key>lsb_review</wp:meta_key>
                <wp:meta_value><![CDATA[  <div>Det er ikke lett når du har en bror <br />  som vil at du skal våge å gjøre <br />  det du er aller mest redd for.</div>  <div>Alt ble så galt etter ulykken.<br />  Etter den skrensen.<br />  Broren mente det var en bagatell.<br />  Kriss er ikke enig. <br />  Han klarer ikke å glemme det. <br />  Han tenker bare på <br />  hvor fryktelig galt det kunne gått. </div>  <div>&#160;</div>  <div><strong>Kjip skrens</strong> er en remix av boka <strong>Kriss Kross</strong><br />  som kom ut første gang i 1995. <br />  Den er tøft illustrert av Sissel Grytå. </div>  <div>Front er en unik serie bøker <br />  med enkel tekst for ungdom.<br />  Jon Ewo har skrevet to andre bøker i Front-serien.</div>  <div>&#160;</div>  <div>  <div><strong>Kjip skrens</strong> passer godt for ungdom som sliter med å lese. </div>  <div>Høsten 2009 gikk det en reality-serie på TVNorge <br />  om ungdom som er blitt hengende etter <br />  i undervisningen i skolen. I TV-serien fikk  <br />  disse elevene nye læringsmuligheter. </div>  <div>Lærer Håvard Tjora brukte <strong>Kjip skrens</strong> i lesetreningen.<br />  </div></div>  <div>&#160;</div>  ]]></wp:meta_value>
            </wp:postmeta>
            <wp:postmeta>
                <wp:meta_key>_lsb_review</wp:meta_key>
                <wp:meta_value><![CDATA[lsb_acf_review]]></wp:meta_value>
            </wp:postmeta>
            <wp:postmeta>
                <wp:meta_key>lsb_quote</wp:meta_key>
                <wp:meta_value><![CDATA[Vi tok av ved Bygdøy og kjørte mot Majorstua.  Det som hendte gikk fort.  Jeg rakk ikke å bli redd.  Bilen foran oss bremsa brått.  Kanskje Mikkel hadde for stor fart.  Uansett bråbremsa den røde Forden.  De to røde lysene blinka som blod mot oss.  Jeg rakk ikke å tenke.  Jeg ble ikke redd.  I alle fall ikke da.]]></wp:meta_value>
            </wp:postmeta>
            <wp:postmeta>
                <wp:meta_key>_lsb_quote</wp:meta_key>
                <wp:meta_value><![CDATA[lsb_acf_quote]]></wp:meta_value>
            </wp:postmeta>
            <wp:postmeta>
                <wp:meta_key>lsb_supported</wp:meta_key>
                <wp:meta_value><![CDATA[1]]></wp:meta_value>
            </wp:postmeta>
            <wp:postmeta>
                <wp:meta_key>_lsb_supported</wp:meta_key>
                <wp:meta_value><![CDATA[lsb_acf_supported]]></wp:meta_value>
            </wp:postmeta>
            <wp:postmeta>
                <wp:meta_key>lsb_support_cat</wp:meta_key>
                <wp:meta_value><![CDATA[purple]]></wp:meta_value>
            </wp:postmeta>
            <wp:postmeta>
                <wp:meta_key>_lsb_support_cat</wp:meta_key>
                <wp:meta_value><![CDATA[lsb_acf_support_cat]]></wp:meta_value>
            </wp:postmeta>
            <category domain="lsb_tax_author" nicename="jon-ewo"><![CDATA[Jon Ewo]]></category>
            <category domain="lsb_tax_publisher" nicename="damm"><![CDATA[Damm]]></category>
            <category domain="lsb_tax_illustrator" nicename="sissel-grytå"><![CDATA[Sissel Grytå]]></category>
            <wp:postmeta>
                <wp:meta_key>lsb_look_inside</wp:meta_key>
                <wp:meta_value><![CDATA[CUSTOM_BLA_I_BOKA]]></wp:meta_value>
            </wp:postmeta>
            <wp:postmeta>
                <wp:meta_key>_lsb_look_inside</wp:meta_key>
                <wp:meta_value><![CDATA[lsb_acf_look_inside]]></wp:meta_value>
            </wp:postmeta>
            <category domain="lsb_tax_age" nicename="ungdom"><![CDATA[ungdom]]></category>
            <category domain="lsb_tax_genre" nicename="prosa"><![CDATA[prosa]]></category>
            <category domain="lsb_tax_topic" nicename="mennesker-i-mellom"><![CDATA[mennesker i mellom]]></category>
            <category domain="lsb_tax_language" nicename="no_nb"><![CDATA[bokmål]]></category>
            <category domain="lsb_tax_customization" nicename="skjønnlitteratur"><![CDATA[skjønnlitteratur]]></category>
            <wp:postmeta>
                <wp:meta_key>_thumbnail_id</wp:meta_key>
                <wp:meta_value><![CDATA[5212]]></wp:meta_value>
            </wp:postmeta>
        </item>
        <item>
            <title>kjip skrens, ny.jpg</title>
            <wp:post_id>5212</wp:post_id>
            <wp:status>inherit</wp:status>
            <wp:post_type>attachment</wp:post_type>
            <wp:attachment_url>https://raw.githubusercontent.com/lesersokerbok/boksok.no-data-utils/master/output-example/images/09DC11A0128546E984C0C1CC5D8B0AEC.jpg</wp:attachment_url>
        </item>
        <item>
            <wp:post_type>lsb_book</wp:post_type>
            <wp:status>publish</wp:status>
            <title>Mina og Kåre</title>
            <excerpt:encoded><![CDATA[Mina og Kåre bodde sammen i samme hus.  Om formiddagen pleide de å drikke kaffe.  Det hadde de alltid gjort ...    Men så bestemmer Kåre seg for å reise ut i verden,   og Mina blir alene igjen i huset.  ]]></excerpt:encoded>
            <wp:postmeta>
                <wp:meta_key>lsb_isbn</wp:meta_key>
                <wp:meta_value><![CDATA[9788291948270]]></wp:meta_value>
            </wp:postmeta>
            <wp:postmeta>
                <wp:meta_key>_lsb_isbn</wp:meta_key>
                <wp:meta_value><![CDATA[lsb_acf_isbn]]></wp:meta_value>
            </wp:postmeta>
            <wp:postmeta>
                <wp:meta_key>lsb_published_year</wp:meta_key>
                <wp:meta_value><![CDATA[2005]]></wp:meta_value>
            </wp:postmeta>
            <wp:postmeta>
                <wp:meta_key>_lsb_published_year</wp:meta_key>
                <wp:meta_value><![CDATA[lsb_acf_published_year]]></wp:meta_value>
            </wp:postmeta>
            <wp:postmeta>
                <wp:meta_key>lsb_pages</wp:meta_key>
                <wp:meta_value><![CDATA[56]]></wp:meta_value>
            </wp:postmeta>
            <wp:postmeta>
                <wp:meta_key>_lsb_pages</wp:meta_key>
                <wp:meta_value><![CDATA[lsb_acf_pages]]></wp:meta_value>
            </wp:postmeta>
            <wp:postmeta>
                <wp:meta_key>lsb_review</wp:meta_key>
                <wp:meta_value><![CDATA[  <div>Dette er en bok om vanskelige følelser, <br />  som passer like godt til barn som til voksne.</div>  <div>&#160;</div>  <div>Boka har enkelt innhold og mange bilder. </div>  ]]></wp:meta_value>
            </wp:postmeta>
            <wp:postmeta>
                <wp:meta_key>_lsb_review</wp:meta_key>
                <wp:meta_value><![CDATA[lsb_acf_review]]></wp:meta_value>
            </wp:postmeta>
            <wp:postmeta>
                <wp:meta_key>lsb_quote</wp:meta_key>
                <wp:meta_value><![CDATA[Nå er han gått.    JEG HAR IKKE TENKT   Å VANNE NOEN STYGGE BLOMSTER!  HÅPER HAN DØR!    Dumme Kåre.    Jeg er helt ALENE, tenkte Mina.]]></wp:meta_value>
            </wp:postmeta>
            <wp:postmeta>
                <wp:meta_key>_lsb_quote</wp:meta_key>
                <wp:meta_value><![CDATA[lsb_acf_quote]]></wp:meta_value>
            </wp:postmeta>
            <wp:postmeta>
                <wp:meta_key>lsb_supported</wp:meta_key>
                <wp:meta_value><![CDATA[0]]></wp:meta_value>
            </wp:postmeta>
            <wp:postmeta>
                <wp:meta_key>_lsb_supported</wp:meta_key>
                <wp:meta_value><![CDATA[lsb_acf_supported]]></wp:meta_value>
            </wp:postmeta>
            <category domain="lsb_tax_author" nicename="anna-höglund"><![CDATA[Anna Höglund]]></category>
            <category domain="lsb_tax_publisher" nicename="mangschou"><![CDATA[Mangschou]]></category>
            <category domain="lsb_tax_illustrator" nicename="anna-höglund"><![CDATA[Anna Höglund]]></category>
            <category domain="lsb_tax_translator" nicename="margrete-rasmussen"><![CDATA[Margrete Rasmussen]]></category>
            <wp:postmeta>
                <wp:meta_key>lsb_look_inside</wp:meta_key>
                <wp:meta_value><![CDATA[CUSTOM_BLA_I_BOKA]]></wp:meta_value>
            </wp:postmeta>
            <wp:postmeta>
                <wp:meta_key>_lsb_look_inside</wp:meta_key>
                <wp:meta_value><![CDATA[lsb_acf_look_inside]]></wp:meta_value>
            </wp:postmeta>
            <category domain="lsb_tax_age" nicename="barn"><![CDATA[barn]]></category>
            <category domain="lsb_tax_age" nicename="voksne"><![CDATA[voksne]]></category>
            <category domain="lsb_tax_genre" nicename="prosa"><![CDATA[prosa]]></category>
            <category domain="lsb_tax_topic" nicename="kjærlighet"><![CDATA[kjærlighet]]></category>
            <category domain="lsb_tax_topic" nicename="mennesker-i-mellom"><![CDATA[mennesker i mellom]]></category>
            <category domain="lsb_tax_language" nicename="no_nb"><![CDATA[bokmål]]></category>
            <category domain="lsb_tax_customization" nicename="skjønnlitteratur"><![CDATA[skjønnlitteratur]]></category>
            <category domain="lsb_tax_customization" nicename="mange-bilder"><![CDATA[mange bilder]]></category>
            <wp:postmeta>
                <wp:meta_key>_thumbnail_id</wp:meta_key>
                <wp:meta_value><![CDATA[5213]]></wp:meta_value>
            </wp:postmeta>
        </item>
        <item>
            <title>mina og kåre, ny.jpg</title>
            <wp:post_id>5213</wp:post_id>
            <wp:status>inherit</wp:status>
            <wp:post_type>attachment</wp:post_type>
            <wp:attachment_url>https://raw.githubusercontent.com/lesersokerbok/boksok.no-data-utils/master/output-example/images/6E8AFDE6D5534295BB8544A6F22D02E0.jpg</wp:attachment_url>
        </item>
        <item>
            <wp:post_type>lsb_book</wp:post_type>
            <wp:status>publish</wp:status>
            <title>Ikke gi opp håpet, Werner</title>
            <excerpt:encoded><![CDATA[Dette er en tegnet fortelling om den vanlige,   men svært uheldige Werner. Stakkars Werner.   Historien er så trist at den knapt er til å bære.   Så trist at det nesten blir morsomt.   Werner gir ikke opp håpet.    ]]></excerpt:encoded>
            <wp:postmeta>
                <wp:meta_key>lsb_isbn</wp:meta_key>
                <wp:meta_value><![CDATA[9788202241346]]></wp:meta_value>
            </wp:postmeta>
            <wp:postmeta>
                <wp:meta_key>_lsb_isbn</wp:meta_key>
                <wp:meta_value><![CDATA[lsb_acf_isbn]]></wp:meta_value>
            </wp:postmeta>
            <wp:postmeta>
                <wp:meta_key>lsb_published_year</wp:meta_key>
                <wp:meta_value><![CDATA[2005]]></wp:meta_value>
            </wp:postmeta>
            <wp:postmeta>
                <wp:meta_key>_lsb_published_year</wp:meta_key>
                <wp:meta_value><![CDATA[lsb_acf_published_year]]></wp:meta_value>
            </wp:postmeta>
            <wp:postmeta>
                <wp:meta_key>lsb_pages</wp:meta_key>
                <wp:meta_value><![CDATA[111]]></wp:meta_value>
            </wp:postmeta>
            <wp:postmeta>
                <wp:meta_key>_lsb_pages</wp:meta_key>
                <wp:meta_value><![CDATA[lsb_acf_pages]]></wp:meta_value>
            </wp:postmeta>
            <wp:postmeta>
                <wp:meta_key>lsb_review</wp:meta_key>
                <wp:meta_value><![CDATA[Tegningene er enkle med innslag av fotografier. <br />  Både teksten og innholdet er både tankevekkende <br />  og lett å lese. <br />  ]]></wp:meta_value>
            </wp:postmeta>
            <wp:postmeta>
                <wp:meta_key>_lsb_review</wp:meta_key>
                <wp:meta_value><![CDATA[lsb_acf_review]]></wp:meta_value>
            </wp:postmeta>
            <wp:postmeta>
                <wp:meta_key>lsb_quote</wp:meta_key>
                <wp:meta_value><![CDATA[En dag våknet ikke faren til Werner.   Selv ikke da Werner dro gardinene ifra, våknet han.   Faren var død.   Fra nå av var Werner mye alene.   Det var fint å være alene, syntes Werner.   Det var rolig. ]]></wp:meta_value>
            </wp:postmeta>
            <wp:postmeta>
                <wp:meta_key>_lsb_quote</wp:meta_key>
                <wp:meta_value><![CDATA[lsb_acf_quote]]></wp:meta_value>
            </wp:postmeta>
            <wp:postmeta>
                <wp:meta_key>lsb_supported</wp:meta_key>
                <wp:meta_value><![CDATA[0]]></wp:meta_value>
            </wp:postmeta>
            <wp:postmeta>
                <wp:meta_key>_lsb_supported</wp:meta_key>
                <wp:meta_value><![CDATA[lsb_acf_supported]]></wp:meta_value>
            </wp:postmeta>
            <category domain="lsb_tax_author" nicename="gro-dahle"><![CDATA[Gro Dahle]]></category>
            <category domain="lsb_tax_publisher" nicename="cappelen"><![CDATA[Cappelen]]></category>
            <category domain="lsb_tax_illustrator" nicename="gro-dahle"><![CDATA[Gro Dahle]]></category>
            <wp:postmeta>
                <wp:meta_key>lsb_look_inside</wp:meta_key>
                <wp:meta_value><![CDATA[CUSTOM_BLA_I_BOKA]]></wp:meta_value>
            </wp:postmeta>
            <wp:postmeta>
                <wp:meta_key>_lsb_look_inside</wp:meta_key>
                <wp:meta_value><![CDATA[lsb_acf_look_inside]]></wp:meta_value>
            </wp:postmeta>
            <category domain="lsb_tax_age" nicename="voksne"><![CDATA[voksne]]></category>
            <category domain="lsb_tax_genre" nicename="prosa"><![CDATA[prosa]]></category>
            <category domain="lsb_tax_topic" nicename="humor"><![CDATA[humor]]></category>
            <category domain="lsb_tax_topic" nicename="mennesker-i-mellom"><![CDATA[mennesker i mellom]]></category>
            <category domain="lsb_tax_language" nicename="no_nb"><![CDATA[bokmål]]></category>
            <category domain="lsb_tax_customization" nicename="skjønnlitteratur"><![CDATA[skjønnlitteratur]]></category>
            <category domain="lsb_tax_customization" nicename="mange-bilder"><![CDATA[mange bilder]]></category>
            <wp:postmeta>
                <wp:meta_key>_thumbnail_id</wp:meta_key>
                <wp:meta_value><![CDATA[5214]]></wp:meta_value>
            </wp:postmeta>
        </item>
        <item>
            <title>ikke gi opp håpet, werner, ny.jpg</title>
            <wp:post_id>5214</wp:post_id>
            <wp:status>inherit</wp:status>
            <wp:post_type>attachment</wp:post_type>
            <wp:attachment_url>https://raw.githubusercontent.com/lesersokerbok/boksok.no-data-utils/master/output-example/images/32ED9D13E3C14E73A0E98D63F722A811.jpg</wp:attachment_url>
        </item>
        <item>
            <wp:post_type>lsb_book</wp:post_type>
            <wp:status>publish</wp:status>
            <title>Perler for svin</title>
            <excerpt:encoded><![CDATA[Bilder henger ikke bare på veggen  - språket vårt er fullt av dem!  Boka inneholder bilder og tekst   som kan forstås på flere måter.   En morsom lek med språk og bilder!   ]]></excerpt:encoded>
            <wp:postmeta>
                <wp:meta_key>lsb_isbn</wp:meta_key>
                <wp:meta_value><![CDATA[9788291948355]]></wp:meta_value>
            </wp:postmeta>
            <wp:postmeta>
                <wp:meta_key>_lsb_isbn</wp:meta_key>
                <wp:meta_value><![CDATA[lsb_acf_isbn]]></wp:meta_value>
            </wp:postmeta>
            <wp:postmeta>
                <wp:meta_key>lsb_published_year</wp:meta_key>
                <wp:meta_value><![CDATA[2006]]></wp:meta_value>
            </wp:postmeta>
            <wp:postmeta>
                <wp:meta_key>_lsb_published_year</wp:meta_key>
                <wp:meta_value><![CDATA[lsb_acf_published_year]]></wp:meta_value>
            </wp:postmeta>
            <wp:postmeta>
                <wp:meta_key>lsb_pages</wp:meta_key>
                <wp:meta_value><![CDATA[40]]></wp:meta_value>
            </wp:postmeta>
            <wp:postmeta>
                <wp:meta_key>_lsb_pages</wp:meta_key>
                <wp:meta_value><![CDATA[lsb_acf_pages]]></wp:meta_value>
            </wp:postmeta>
            <wp:postmeta>
                <wp:meta_key>lsb_review</wp:meta_key>
                <wp:meta_value><![CDATA[  <div>Boka passer best for ungdom og voksne<br />  men også for barn med godt ordforråd.<br />  Humoren ligger ofte i <br />  at en kjenner ordet på forhånd, <br />  og ser det bli mistolket i tegningene.</div>  <div>&#160;</div>  <p>Helene Uri har laget denne morsomme boka <br />  sammen med odelsgutten Ragnar Aalbu. <br />  Ragnar Aalbu har laget tre bøker til<br />  i samme serie. </p>  ]]></wp:meta_value>
            </wp:postmeta>
            <wp:postmeta>
                <wp:meta_key>_lsb_review</wp:meta_key>
                <wp:meta_value><![CDATA[lsb_acf_review]]></wp:meta_value>
            </wp:postmeta>
            <wp:postmeta>
                <wp:meta_key>lsb_quote</wp:meta_key>
                <wp:meta_value><![CDATA[Ord om oss    Man kan ha poser under øynene, ølmage, blomkålører og en skikkelig potetnese. Eller man kan ha roser i kinnene og en flott ørnenese. Uansett bør man være takknemlig hvis man verken har vannkopper, grå stær eller fotsopp.]]></wp:meta_value>
            </wp:postmeta>
            <wp:postmeta>
                <wp:meta_key>_lsb_quote</wp:meta_key>
                <wp:meta_value><![CDATA[lsb_acf_quote]]></wp:meta_value>
            </wp:postmeta>
            <wp:postmeta>
                <wp:meta_key>lsb_supported</wp:meta_key>
                <wp:meta_value><![CDATA[0]]></wp:meta_value>
            </wp:postmeta>
            <wp:postmeta>
                <wp:meta_key>_lsb_supported</wp:meta_key>
                <wp:meta_value><![CDATA[lsb_acf_supported]]></wp:meta_value>
            </wp:postmeta>
            <category domain="lsb_tax_author" nicename="helene-uri"><![CDATA[Helene Uri]]></category>
            <category domain="lsb_tax_publisher" nicename="mangschou"><![CDATA[Mangschou]]></category>
            <category domain="lsb_tax_illustrator" nicename="ragnar-aalbu"><![CDATA[Ragnar Aalbu]]></category>
            <wp:postmeta>
                <wp:meta_key>lsb_look_inside</wp:meta_key>
                <wp:meta_value><![CDATA[CUSTOM_BLA_I_BOKA]]></wp:meta_value>
            </wp:postmeta>
            <wp:postmeta>
                <wp:meta_key>_lsb_look_inside</wp:meta_key>
                <wp:meta_value><![CDATA[lsb_acf_look_inside]]></wp:meta_value>
            </wp:postmeta>
            <category domain="lsb_tax_age" nicename="voksne"><![CDATA[voksne]]></category>
            <category domain="lsb_tax_age" nicename="ungdom"><![CDATA[ungdom]]></category>
            <category domain="lsb_tax_age" nicename="barn"><![CDATA[barn]]></category>
            <category domain="lsb_tax_topic" nicename="humor"><![CDATA[humor]]></category>
            <category domain="lsb_tax_language" nicename="no_nb"><![CDATA[bokmål]]></category>
            <category domain="lsb_tax_customization" nicename="faglitteratur"><![CDATA[faglitteratur]]></category>
            <category domain="lsb_tax_customization" nicename="mange-bilder"><![CDATA[mange bilder]]></category>
            <wp:postmeta>
                <wp:meta_key>_thumbnail_id</wp:meta_key>
                <wp:meta_value><![CDATA[5215]]></wp:meta_value>
            </wp:postmeta>
        </item>
        <item>
            <title>perler.jpg</title>
            <wp:post_id>5215</wp:post_id>
            <wp:status>inherit</wp:status>
            <wp:post_type>attachment</wp:post_type>
            <wp:attachment_url>https://raw.githubusercontent.com/lesersokerbok/boksok.no-data-utils/master/output-example/images/93EACFC81FE44FEE89E38C3801A878B9.jpg</wp:attachment_url>
        </item>
        <item>
            <wp:post_type>lsb_book</wp:post_type>
            <wp:status>publish</wp:status>
            <title>Frøken Makeløs og karrieren</title>
            <excerpt:encoded><![CDATA[Frøken Makeløs er så heldig   at hun vet hva hun vil bli.   Hun starter med friskt mot.    Snart viser det seg   at det ikke er så enkelt likevel.   ]]></excerpt:encoded>
            <wp:postmeta>
                <wp:meta_key>lsb_isbn</wp:meta_key>
                <wp:meta_value><![CDATA[9788203205774]]></wp:meta_value>
            </wp:postmeta>
            <wp:postmeta>
                <wp:meta_key>_lsb_isbn</wp:meta_key>
                <wp:meta_value><![CDATA[lsb_acf_isbn]]></wp:meta_value>
            </wp:postmeta>
            <wp:postmeta>
                <wp:meta_key>lsb_published_year</wp:meta_key>
                <wp:meta_value><![CDATA[2003]]></wp:meta_value>
            </wp:postmeta>
            <wp:postmeta>
                <wp:meta_key>_lsb_published_year</wp:meta_key>
                <wp:meta_value><![CDATA[lsb_acf_published_year]]></wp:meta_value>
            </wp:postmeta>
            <wp:postmeta>
                <wp:meta_key>lsb_pages</wp:meta_key>
                <wp:meta_value><![CDATA[193]]></wp:meta_value>
            </wp:postmeta>
            <wp:postmeta>
                <wp:meta_key>_lsb_pages</wp:meta_key>
                <wp:meta_value><![CDATA[lsb_acf_pages]]></wp:meta_value>
            </wp:postmeta>
            <wp:postmeta>
                <wp:meta_key>lsb_review</wp:meta_key>
                <wp:meta_value><![CDATA[  <div>Angsten, Mørkemonsteret, <br />  forfølger henne. <br />  Hun vet ikke hvordan hun skal klare <br />  å leve opp til egne og andres krav.</div>  <div>&#160;</div>  <div>Dette er en tegneserieroman <br />  med humor og alvor.<br />  Tegningene er store og i sort hvitt. <br />  En tegning fyller en hel side. <br />  Teksten er tydelig. </div>  <div>&#160;</div>  <p>Joanna Rubin Dranger er illustratør,<br />  og bor i Stockholm.<br />  Hun har også laget <br />  <strong>Frøken Livredd og kjærligheten</strong><br />  og <strong>Alltid beredt til å dø for mitt barn</strong>. </p>  ]]></wp:meta_value>
            </wp:postmeta>
            <wp:postmeta>
                <wp:meta_key>_lsb_review</wp:meta_key>
                <wp:meta_value><![CDATA[lsb_acf_review]]></wp:meta_value>
            </wp:postmeta>
            <wp:postmeta>
                <wp:meta_key>lsb_quote</wp:meta_key>
                <wp:meta_value><![CDATA[- Hva presterer   du for noe fint nå da?   - Jo, jeg står i for fullt her   bare skaper en masse virkelig får   gjort ting kommer et sted her i livet!   Er kreativ.   (Hva prater jeg om?)   Nei!!! Jeg mener   hold opp!   La meg være i fred!   Jeg holder i]]></wp:meta_value>
            </wp:postmeta>
            <wp:postmeta>
                <wp:meta_key>_lsb_quote</wp:meta_key>
                <wp:meta_value><![CDATA[lsb_acf_quote]]></wp:meta_value>
            </wp:postmeta>
            <wp:postmeta>
                <wp:meta_key>lsb_supported</wp:meta_key>
                <wp:meta_value><![CDATA[0]]></wp:meta_value>
            </wp:postmeta>
            <wp:postmeta>
                <wp:meta_key>_lsb_supported</wp:meta_key>
                <wp:meta_value><![CDATA[lsb_acf_supported]]></wp:meta_value>
            </wp:postmeta>
            <category domain="lsb_tax_author" nicename="joanna-rubin-dranger"><![CDATA[Joanna Rubin Dranger]]></category>
            <category domain="lsb_tax_publisher" nicename="aschehoug"><![CDATA[Aschehoug]]></category>
            <category domain="lsb_tax_illustrator" nicename="joanna-rubin-dranger"><![CDATA[Joanna Rubin Dranger]]></category>
            <category domain="lsb_tax_translator" nicename="kjersti-scheen"><![CDATA[Kjersti Scheen]]></category>
            <wp:postmeta>
                <wp:meta_key>lsb_look_inside</wp:meta_key>
                <wp:meta_value><![CDATA[CUSTOM_BLA_I_BOKA]]></wp:meta_value>
            </wp:postmeta>
            <wp:postmeta>
                <wp:meta_key>_lsb_look_inside</wp:meta_key>
                <wp:meta_value><![CDATA[lsb_acf_look_inside]]></wp:meta_value>
            </wp:postmeta>
            <category domain="lsb_tax_age" nicename="voksne"><![CDATA[voksne]]></category>
            <category domain="lsb_tax_genre" nicename="prosa"><![CDATA[prosa]]></category>
            <category domain="lsb_tax_topic" nicename="humor"><![CDATA[humor]]></category>
            <category domain="lsb_tax_topic" nicename="mennesker-i-mellom"><![CDATA[mennesker i mellom]]></category>
            <category domain="lsb_tax_language" nicename="no_nb"><![CDATA[bokmål]]></category>
            <category domain="lsb_tax_customization" nicename="bilder"><![CDATA[bilder]]></category>
            <category domain="lsb_tax_customization" nicename="mange-bilder"><![CDATA[mange bilder]]></category>
            <wp:postmeta>
                <wp:meta_key>_thumbnail_id</wp:meta_key>
                <wp:meta_value><![CDATA[5216]]></wp:meta_value>
            </wp:postmeta>
        </item>
        <item>
            <title>frøken makeløs og karrieren, ny.jpg</title>
            <wp:post_id>5216</wp:post_id>
            <wp:status>inherit</wp:status>
            <wp:post_type>attachment</wp:post_type>
            <wp:attachment_url>https://raw.githubusercontent.com/lesersokerbok/boksok.no-data-utils/master/output-example/images/67537072DDE748FF82FF42FE4C4B5E88.jpg</wp:attachment_url>
        </item>
        <item>
            <wp:post_type>lsb_book</wp:post_type>
            <wp:status>publish</wp:status>
            <title>Baller av stål, hjerte av gull</title>
            <excerpt:encoded><![CDATA[Dette er Karine Haalands tredje bok.   Den tar for seg det som har skjedd   de siste tretti årene.   Blant annet kvinnekampen, våre nye landsmenn   og homofil frigjøring.   Og hun snur alt på hodet!   ]]></excerpt:encoded>
            <wp:postmeta>
                <wp:meta_key>lsb_isbn</wp:meta_key>
                <wp:meta_value><![CDATA[9788242926944]]></wp:meta_value>
            </wp:postmeta>
            <wp:postmeta>
                <wp:meta_key>_lsb_isbn</wp:meta_key>
                <wp:meta_value><![CDATA[lsb_acf_isbn]]></wp:meta_value>
            </wp:postmeta>
            <wp:postmeta>
                <wp:meta_key>lsb_published_year</wp:meta_key>
                <wp:meta_value><![CDATA[2005]]></wp:meta_value>
            </wp:postmeta>
            <wp:postmeta>
                <wp:meta_key>_lsb_published_year</wp:meta_key>
                <wp:meta_value><![CDATA[lsb_acf_published_year]]></wp:meta_value>
            </wp:postmeta>
            <wp:postmeta>
                <wp:meta_key>lsb_pages</wp:meta_key>
                <wp:meta_value><![CDATA[144]]></wp:meta_value>
            </wp:postmeta>
            <wp:postmeta>
                <wp:meta_key>_lsb_pages</wp:meta_key>
                <wp:meta_value><![CDATA[lsb_acf_pages]]></wp:meta_value>
            </wp:postmeta>
            <wp:postmeta>
                <wp:meta_key>lsb_review</wp:meta_key>
                <wp:meta_value><![CDATA[Karine Haaland har lenge hatt en kjent stemme<br />  blant de satiriske tegneseriene. <br />  Stripene hennes har jevnlig gått <br />  i Larsons gale verden.<br />  Hun har også vært trykket i Det Nye, <br />  Dagsavisen og i Dagbladet. <br />  Hun var en av tegnerne <br />  bak filmen "Gurin med reverompa".  ]]></wp:meta_value>
            </wp:postmeta>
            <wp:postmeta>
                <wp:meta_key>_lsb_review</wp:meta_key>
                <wp:meta_value><![CDATA[lsb_acf_review]]></wp:meta_value>
            </wp:postmeta>
            <wp:postmeta>
                <wp:meta_key>lsb_quote</wp:meta_key>
                <wp:meta_value/>
            </wp:postmeta>
            <wp:postmeta>
                <wp:meta_key>_lsb_quote</wp:meta_key>
                <wp:meta_value><![CDATA[lsb_acf_quote]]></wp:meta_value>
            </wp:postmeta>
            <wp:postmeta>
                <wp:meta_key>lsb_supported</wp:meta_key>
                <wp:meta_value><![CDATA[0]]></wp:meta_value>
            </wp:postmeta>
            <wp:postmeta>
                <wp:meta_key>_lsb_supported</wp:meta_key>
                <wp:meta_value><![CDATA[lsb_acf_supported]]></wp:meta_value>
            </wp:postmeta>
            <category domain="lsb_tax_author" nicename="karine-haaland"><![CDATA[Karine Haaland]]></category>
            <category domain="lsb_tax_publisher" nicename="egmont-serieforlaget"><![CDATA[Egmont Serieforlaget]]></category>
            <category domain="lsb_tax_illustrator" nicename="karine-haaland"><![CDATA[Karine Haaland]]></category>
            <wp:postmeta>
                <wp:meta_key>lsb_look_inside</wp:meta_key>
                <wp:meta_value><![CDATA[CUSTOM_BLA_I_BOKA]]></wp:meta_value>
            </wp:postmeta>
            <wp:postmeta>
                <wp:meta_key>_lsb_look_inside</wp:meta_key>
                <wp:meta_value><![CDATA[lsb_acf_look_inside]]></wp:meta_value>
            </wp:postmeta>
            <category domain="lsb_tax_age" nicename="ungdom"><![CDATA[ungdom]]></category>
            <category domain="lsb_tax_age" nicename="voksne"><![CDATA[voksne]]></category>
            <category domain="lsb_tax_topic" nicename="humor"><![CDATA[humor]]></category>
            <category domain="lsb_tax_topic" nicename="mennesker-i-mellom"><![CDATA[mennesker i mellom]]></category>
            <category domain="lsb_tax_language" nicename="no_nb"><![CDATA[bokmål]]></category>
            <category domain="lsb_tax_customization" nicename="bilder"><![CDATA[bilder]]></category>
            <category domain="lsb_tax_customization" nicename="mange-bilder"><![CDATA[mange bilder]]></category>
            <wp:postmeta>
                <wp:meta_key>_thumbnail_id</wp:meta_key>
                <wp:meta_value><![CDATA[5217]]></wp:meta_value>
            </wp:postmeta>
        </item>
        <item>
            <title>Haaland-baller.jpg</title>
            <wp:post_id>5217</wp:post_id>
            <wp:status>inherit</wp:status>
            <wp:post_type>attachment</wp:post_type>
            <wp:attachment_url>https://raw.githubusercontent.com/lesersokerbok/boksok.no-data-utils/master/output-example/images/820C22968685495CA7E0AB7105702058.jpg</wp:attachment_url>
        </item>
        <item>
            <wp:post_type>lsb_book</wp:post_type>
            <wp:status>publish</wp:status>
            <title>Komme og gå</title>
            <excerpt:encoded><![CDATA[Mamma var så sur at eg gjekk, langt.  Kanskje kjem eg aldri tilbake?    ]]></excerpt:encoded>
            <wp:postmeta>
                <wp:meta_key>lsb_isbn</wp:meta_key>
                <wp:meta_value><![CDATA[9788252166569]]></wp:meta_value>
            </wp:postmeta>
            <wp:postmeta>
                <wp:meta_key>_lsb_isbn</wp:meta_key>
                <wp:meta_value><![CDATA[lsb_acf_isbn]]></wp:meta_value>
            </wp:postmeta>
            <wp:postmeta>
                <wp:meta_key>lsb_published_year</wp:meta_key>
                <wp:meta_value><![CDATA[2005]]></wp:meta_value>
            </wp:postmeta>
            <wp:postmeta>
                <wp:meta_key>_lsb_published_year</wp:meta_key>
                <wp:meta_value><![CDATA[lsb_acf_published_year]]></wp:meta_value>
            </wp:postmeta>
            <wp:postmeta>
                <wp:meta_key>lsb_pages</wp:meta_key>
                <wp:meta_value><![CDATA[31]]></wp:meta_value>
            </wp:postmeta>
            <wp:postmeta>
                <wp:meta_key>_lsb_pages</wp:meta_key>
                <wp:meta_value><![CDATA[lsb_acf_pages]]></wp:meta_value>
            </wp:postmeta>
            <wp:postmeta>
                <wp:meta_key>lsb_review</wp:meta_key>
                <wp:meta_value><![CDATA[  <p>Vandringa i denne boka går gjennom ein<br />  skog i ein dal langs ei elv.<br />  Det kunne ha vore kvar<br />  som helst. <br />  Det treng ikkje vere<br />  så langt heimanfrå.</p>  <p>Bileta i boka er henta <br />  frå Alnaelva i Groruddalen. </p>  ]]></wp:meta_value>
            </wp:postmeta>
            <wp:postmeta>
                <wp:meta_key>_lsb_review</wp:meta_key>
                <wp:meta_value><![CDATA[lsb_acf_review]]></wp:meta_value>
            </wp:postmeta>
            <wp:postmeta>
                <wp:meta_key>lsb_quote</wp:meta_key>
                <wp:meta_value><![CDATA[MAMMA VAR SINT OG SUR DÅ EG GJEKK MIN VEG. EG MÅTTE  BERRE UT OG GÅ. KANSKJE ER HO REDD FOR MEG NO?  ER DET BEST Å FLYTTE HEIMANFRÅ?]]></wp:meta_value>
            </wp:postmeta>
            <wp:postmeta>
                <wp:meta_key>_lsb_quote</wp:meta_key>
                <wp:meta_value><![CDATA[lsb_acf_quote]]></wp:meta_value>
            </wp:postmeta>
            <wp:postmeta>
                <wp:meta_key>lsb_supported</wp:meta_key>
                <wp:meta_value><![CDATA[0]]></wp:meta_value>
            </wp:postmeta>
            <wp:postmeta>
                <wp:meta_key>_lsb_supported</wp:meta_key>
                <wp:meta_value><![CDATA[lsb_acf_supported]]></wp:meta_value>
            </wp:postmeta>
            <category domain="lsb_tax_author" nicename="helga-gunerius-eriksen,-morten-øen"><![CDATA[Helga Gunerius Eriksen, Morten Øen]]></category>
            <category domain="lsb_tax_publisher" nicename="samlaget"><![CDATA[Samlaget]]></category>
            <category domain="lsb_tax_illustrator" nicename="morten-øen"><![CDATA[Morten Øen]]></category>
            <wp:postmeta>
                <wp:meta_key>lsb_look_inside</wp:meta_key>
                <wp:meta_value><![CDATA[CUSTOM_BLA_I_BOKA]]></wp:meta_value>
            </wp:postmeta>
            <wp:postmeta>
                <wp:meta_key>_lsb_look_inside</wp:meta_key>
                <wp:meta_value><![CDATA[lsb_acf_look_inside]]></wp:meta_value>
            </wp:postmeta>
            <category domain="lsb_tax_age" nicename="barn"><![CDATA[barn]]></category>
            <category domain="lsb_tax_genre" nicename="prosa"><![CDATA[prosa]]></category>
            <category domain="lsb_tax_topic" nicename="natur"><![CDATA[natur]]></category>
            <category domain="lsb_tax_topic" nicename="mennesker-i-mellom"><![CDATA[mennesker i mellom]]></category>
            <category domain="lsb_tax_language" nicename="no_nn"><![CDATA[nynorsk]]></category>
            <category domain="lsb_tax_customization" nicename="skjønnlitteratur"><![CDATA[skjønnlitteratur]]></category>
            <category domain="lsb_tax_customization" nicename="mange-bilder"><![CDATA[mange bilder]]></category>
            <wp:postmeta>
                <wp:meta_key>_thumbnail_id</wp:meta_key>
                <wp:meta_value><![CDATA[5218]]></wp:meta_value>
            </wp:postmeta>
        </item>
        <item>
            <title>Komme og gå.jpg</title>
            <wp:post_id>5218</wp:post_id>
            <wp:status>inherit</wp:status>
            <wp:post_type>attachment</wp:post_type>
            <wp:attachment_url>https://raw.githubusercontent.com/lesersokerbok/boksok.no-data-utils/master/output-example/images/5D36DC0BB18944A3BEA8B970EF0E5EC0.jpg</wp:attachment_url>
        </item>
        <item>
            <wp:post_type>lsb_book</wp:post_type>
            <wp:status>publish</wp:status>
            <title>Babybekjennelser</title>
            <excerpt:encoded><![CDATA[Babybekjennelser er en morsom bok   om det å få barn.    Boka følger et ungt par     gjennom lykkerus og ammetåke.  ]]></excerpt:encoded>
            <wp:postmeta>
                <wp:meta_key>lsb_isbn</wp:meta_key>
                <wp:meta_value><![CDATA[9788202253974]]></wp:meta_value>
            </wp:postmeta>
            <wp:postmeta>
                <wp:meta_key>_lsb_isbn</wp:meta_key>
                <wp:meta_value><![CDATA[lsb_acf_isbn]]></wp:meta_value>
            </wp:postmeta>
            <wp:postmeta>
                <wp:meta_key>lsb_published_year</wp:meta_key>
                <wp:meta_value><![CDATA[2006]]></wp:meta_value>
            </wp:postmeta>
            <wp:postmeta>
                <wp:meta_key>_lsb_published_year</wp:meta_key>
                <wp:meta_value><![CDATA[lsb_acf_published_year]]></wp:meta_value>
            </wp:postmeta>
            <wp:postmeta>
                <wp:meta_key>lsb_pages</wp:meta_key>
                <wp:meta_value><![CDATA[upag.]]></wp:meta_value>
            </wp:postmeta>
            <wp:postmeta>
                <wp:meta_key>_lsb_pages</wp:meta_key>
                <wp:meta_value><![CDATA[lsb_acf_pages]]></wp:meta_value>
            </wp:postmeta>
            <wp:postmeta>
                <wp:meta_key>lsb_review</wp:meta_key>
                <wp:meta_value><![CDATA[  <div>Dette er en ærlig bok<br />  om bekymringer og gleder på vei mot <br />  foreldrerollen.</div>  <div><br />  </div>  <div><strong>Babybekjennelser</strong> har flotte tegninger, <br />  og tydelig skrift. <br />  Kommentarene er skrevet med <br />  store bokstaver. </div>  ]]></wp:meta_value>
            </wp:postmeta>
            <wp:postmeta>
                <wp:meta_key>_lsb_review</wp:meta_key>
                <wp:meta_value><![CDATA[lsb_acf_review]]></wp:meta_value>
            </wp:postmeta>
            <wp:postmeta>
                <wp:meta_key>lsb_quote</wp:meta_key>
                <wp:meta_value><![CDATA[Snekkerbukse er et vanlig mamma-plagg.  Ikke fordi gravide snekrer mye mer enn andre,  men fordi de ved å ikle seg slike bukser vil  vise at de har produsert noe.]]></wp:meta_value>
            </wp:postmeta>
            <wp:postmeta>
                <wp:meta_key>_lsb_quote</wp:meta_key>
                <wp:meta_value><![CDATA[lsb_acf_quote]]></wp:meta_value>
            </wp:postmeta>
            <wp:postmeta>
                <wp:meta_key>lsb_supported</wp:meta_key>
                <wp:meta_value><![CDATA[0]]></wp:meta_value>
            </wp:postmeta>
            <wp:postmeta>
                <wp:meta_key>_lsb_supported</wp:meta_key>
                <wp:meta_value><![CDATA[lsb_acf_supported]]></wp:meta_value>
            </wp:postmeta>
            <category domain="lsb_tax_author" nicename="lotta-sjöberg"><![CDATA[Lotta Sjöberg]]></category>
            <category domain="lsb_tax_publisher" nicename="cappelen"><![CDATA[Cappelen]]></category>
            <category domain="lsb_tax_illustrator" nicename="lotta-sjöberg"><![CDATA[Lotta Sjöberg]]></category>
            <category domain="lsb_tax_translator" nicename="lise-galaasen"><![CDATA[Lise Galaasen]]></category>
            <wp:postmeta>
                <wp:meta_key>lsb_look_inside</wp:meta_key>
                <wp:meta_value><![CDATA[CUSTOM_BLA_I_BOKA]]></wp:meta_value>
            </wp:postmeta>
            <wp:postmeta>
                <wp:meta_key>_lsb_look_inside</wp:meta_key>
                <wp:meta_value><![CDATA[lsb_acf_look_inside]]></wp:meta_value>
            </wp:postmeta>
            <category domain="lsb_tax_age" nicename="voksne"><![CDATA[voksne]]></category>
            <category domain="lsb_tax_topic" nicename="humor"><![CDATA[humor]]></category>
            <category domain="lsb_tax_language" nicename="no_nb"><![CDATA[bokmål]]></category>
            <category domain="lsb_tax_customization" nicename="bilder"><![CDATA[bilder]]></category>
            <category domain="lsb_tax_customization" nicename="mange-bilder"><![CDATA[mange bilder]]></category>
            <wp:postmeta>
                <wp:meta_key>_thumbnail_id</wp:meta_key>
                <wp:meta_value><![CDATA[5219]]></wp:meta_value>
            </wp:postmeta>
        </item>
        <item>
            <title>babybekjennelser, ny.jpg</title>
            <wp:post_id>5219</wp:post_id>
            <wp:status>inherit</wp:status>
            <wp:post_type>attachment</wp:post_type>
            <wp:attachment_url>https://raw.githubusercontent.com/lesersokerbok/boksok.no-data-utils/master/output-example/images/3BE574C0BA4B46B9BB9D2EB7FDC635F3.jpg</wp:attachment_url>
        </item>
        <item>
            <wp:post_type>lsb_book</wp:post_type>
            <wp:status>publish</wp:status>
            <title>Heksagon og Padde-Boboz</title>
            <excerpt:encoded><![CDATA[Heksagon bor alene i den store borgen.  Klovnen Boboz er vennen hennes.  Han bor i sirkusvogna på den  andre siden av skogen.   ]]></excerpt:encoded>
            <wp:postmeta>
                <wp:meta_key>lsb_isbn</wp:meta_key>
                <wp:meta_value><![CDATA[9788292415023]]></wp:meta_value>
            </wp:postmeta>
            <wp:postmeta>
                <wp:meta_key>_lsb_isbn</wp:meta_key>
                <wp:meta_value><![CDATA[lsb_acf_isbn]]></wp:meta_value>
            </wp:postmeta>
            <wp:postmeta>
                <wp:meta_key>lsb_published_year</wp:meta_key>
                <wp:meta_value><![CDATA[2003]]></wp:meta_value>
            </wp:postmeta>
            <wp:postmeta>
                <wp:meta_key>_lsb_published_year</wp:meta_key>
                <wp:meta_value><![CDATA[lsb_acf_published_year]]></wp:meta_value>
            </wp:postmeta>
            <wp:postmeta>
                <wp:meta_key>lsb_pages</wp:meta_key>
                <wp:meta_value/>
            </wp:postmeta>
            <wp:postmeta>
                <wp:meta_key>_lsb_pages</wp:meta_key>
                <wp:meta_value><![CDATA[lsb_acf_pages]]></wp:meta_value>
            </wp:postmeta>
            <wp:postmeta>
                <wp:meta_key>lsb_review</wp:meta_key>
                <wp:meta_value><![CDATA[  <div>Boboz får jobb på et sirkus.<br />  Kanskje Heksagon kan bli med dit?<br />  Men det syns ikke Boboz er<br />  noen god idé.<br />  For hvor skal Heksagon bo?<br />  Penny bor jo allerede i sirkusvogna hans.<br />  Da må Heksagon trylle vekk at Boboz<br />  er forelsket i Penny.<br />  Men som så ofte når Heksagon skal trylle,<br />  går det ikke helt etter planen ...</div>  <div>&#160;</div>  <p>Denne CD-en er forestillingen <br />  som hører til boka med samme navn.<br />  CD-en har både tekst og musikk. <br />  Lydboka er lest av Helge Winther-Larsen.<br />  Teksten er ikke alltid den samme som <br />  i den trykte boka. </p>  ]]></wp:meta_value>
            </wp:postmeta>
            <wp:postmeta>
                <wp:meta_key>_lsb_review</wp:meta_key>
                <wp:meta_value><![CDATA[lsb_acf_review]]></wp:meta_value>
            </wp:postmeta>
            <wp:postmeta>
                <wp:meta_key>lsb_quote</wp:meta_key>
                <wp:meta_value><![CDATA[Heksagon biter seg i leppa.  Hun håper ikke  at padda leter etter vennen sin,  eller at den er en hevner,  sendt av en ulykkelig paddedame  eller paddemann.  Så, plutselig,  tar padda et byks inn i borgen.  ]]></wp:meta_value>
            </wp:postmeta>
            <wp:postmeta>
                <wp:meta_key>_lsb_quote</wp:meta_key>
                <wp:meta_value><![CDATA[lsb_acf_quote]]></wp:meta_value>
            </wp:postmeta>
            <wp:postmeta>
                <wp:meta_key>lsb_supported</wp:meta_key>
                <wp:meta_value><![CDATA[0]]></wp:meta_value>
            </wp:postmeta>
            <wp:postmeta>
                <wp:meta_key>_lsb_supported</wp:meta_key>
                <wp:meta_value><![CDATA[lsb_acf_supported]]></wp:meta_value>
            </wp:postmeta>
            <category domain="lsb_tax_author" nicename="christin-grilstad-prøis"><![CDATA[Christin Grilstad Prøis]]></category>
            <category domain="lsb_tax_publisher" nicename="musico"><![CDATA[Musico]]></category>
            <wp:postmeta>
                <wp:meta_key>lsb_look_inside</wp:meta_key>
                <wp:meta_value><![CDATA[CUSTOM_BLA_I_BOKA]]></wp:meta_value>
            </wp:postmeta>
            <wp:postmeta>
                <wp:meta_key>_lsb_look_inside</wp:meta_key>
                <wp:meta_value><![CDATA[lsb_acf_look_inside]]></wp:meta_value>
            </wp:postmeta>
            <category domain="lsb_tax_age" nicename="barn"><![CDATA[barn]]></category>
            <category domain="lsb_tax_genre" nicename="prosa"><![CDATA[prosa]]></category>
            <category domain="lsb_tax_topic" nicename="eventyr"><![CDATA[eventyr]]></category>
            <category domain="lsb_tax_language" nicename="no_nb"><![CDATA[bokmål]]></category>
            <category domain="lsb_tax_customization" nicename="skjønnlitteratur"><![CDATA[skjønnlitteratur]]></category>
            <category domain="lsb_tax_customization" nicename="lydbok"><![CDATA[lydbok]]></category>
            <wp:postmeta>
                <wp:meta_key>_thumbnail_id</wp:meta_key>
                <wp:meta_value><![CDATA[5220]]></wp:meta_value>
            </wp:postmeta>
        </item>
        <item>
            <title>heksagon og padde-boboz-nett.jpg</title>
            <wp:post_id>5220</wp:post_id>
            <wp:status>inherit</wp:status>
            <wp:post_type>attachment</wp:post_type>
            <wp:attachment_url>https://raw.githubusercontent.com/lesersokerbok/boksok.no-data-utils/master/output-example/images/5DDA00408B4C427782869C9B5F8CE502.jpg</wp:attachment_url>
        </item>
        <item>
            <wp:post_type>lsb_book</wp:post_type>
            <wp:status>publish</wp:status>
            <title>Sjørøvarar</title>
            <excerpt:encoded><![CDATA[Dette er ein spennande bok om sjørøvarar   som er lett å lese. ]]></excerpt:encoded>
            <wp:postmeta>
                <wp:meta_key>lsb_isbn</wp:meta_key>
                <wp:meta_value><![CDATA[9788203308765]]></wp:meta_value>
            </wp:postmeta>
            <wp:postmeta>
                <wp:meta_key>_lsb_isbn</wp:meta_key>
                <wp:meta_value><![CDATA[lsb_acf_isbn]]></wp:meta_value>
            </wp:postmeta>
            <wp:postmeta>
                <wp:meta_key>lsb_published_year</wp:meta_key>
                <wp:meta_value><![CDATA[2002]]></wp:meta_value>
            </wp:postmeta>
            <wp:postmeta>
                <wp:meta_key>_lsb_published_year</wp:meta_key>
                <wp:meta_value><![CDATA[lsb_acf_published_year]]></wp:meta_value>
            </wp:postmeta>
            <wp:postmeta>
                <wp:meta_key>lsb_pages</wp:meta_key>
                <wp:meta_value/>
            </wp:postmeta>
            <wp:postmeta>
                <wp:meta_key>_lsb_pages</wp:meta_key>
                <wp:meta_value><![CDATA[lsb_acf_pages]]></wp:meta_value>
            </wp:postmeta>
            <wp:postmeta>
                <wp:meta_key>lsb_review</wp:meta_key>
                <wp:meta_value><![CDATA[  <div>Ein sjørøvar er ein røvar på sjøen. <br />  Det har vore sjørøvarar like lenge <br />  som store båtar har segle på havet. <br />  I denne boka kan du lese om sjørøvar-<br />  skattar, kaptein Svarte Bill og <br />  om kvinnelege sjørøvarar. </div>  <div>&#160;</div>  <div>Boka har rike illustrasjonar. <br />  Ho er laga for born, <br />  og er ei bok i seien <strong>Dei små fagbøkene. </strong></div>  <div>Det finst óg ei bokmålutgåve av boka. <br />  </div>  ]]></wp:meta_value>
            </wp:postmeta>
            <wp:postmeta>
                <wp:meta_key>_lsb_review</wp:meta_key>
                <wp:meta_value><![CDATA[lsb_acf_review]]></wp:meta_value>
            </wp:postmeta>
            <wp:postmeta>
                <wp:meta_key>lsb_quote</wp:meta_key>
                <wp:meta_value><![CDATA[Kvar sjø-røvar-kaptein   hadde sitt eige flagg.   Desse flagga likna på kvarandre.     Flagget var alltid svart   med kvite teikningar.   På nesten alle   var det teikna knoklar   og hovud-skallar. ]]></wp:meta_value>
            </wp:postmeta>
            <wp:postmeta>
                <wp:meta_key>_lsb_quote</wp:meta_key>
                <wp:meta_value><![CDATA[lsb_acf_quote]]></wp:meta_value>
            </wp:postmeta>
            <wp:postmeta>
                <wp:meta_key>lsb_supported</wp:meta_key>
                <wp:meta_value><![CDATA[0]]></wp:meta_value>
            </wp:postmeta>
            <wp:postmeta>
                <wp:meta_key>_lsb_supported</wp:meta_key>
                <wp:meta_value><![CDATA[lsb_acf_supported]]></wp:meta_value>
            </wp:postmeta>
            <category domain="lsb_tax_author" nicename="bent-faurby"><![CDATA[Bent Faurby]]></category>
            <category domain="lsb_tax_publisher" nicename="aschehoug"><![CDATA[Aschehoug]]></category>
            <wp:postmeta>
                <wp:meta_key>lsb_look_inside</wp:meta_key>
                <wp:meta_value><![CDATA[CUSTOM_BLA_I_BOKA]]></wp:meta_value>
            </wp:postmeta>
            <wp:postmeta>
                <wp:meta_key>_lsb_look_inside</wp:meta_key>
                <wp:meta_value><![CDATA[lsb_acf_look_inside]]></wp:meta_value>
            </wp:postmeta>
            <category domain="lsb_tax_age" nicename="barn"><![CDATA[barn]]></category>
            <category domain="lsb_tax_genre" nicename="faglitteratur"><![CDATA[faglitteratur]]></category>
            <category domain="lsb_tax_topic" nicename="historie"><![CDATA[historie]]></category>
            <category domain="lsb_tax_topic" nicename="samfunn"><![CDATA[samfunn]]></category>
            <category domain="lsb_tax_language" nicename="no_nn"><![CDATA[nynorsk]]></category>
            <category domain="lsb_tax_customization" nicename="faglitteratur"><![CDATA[faglitteratur]]></category>
            <category domain="lsb_tax_customization" nicename="mange-bilder"><![CDATA[mange bilder]]></category>
            <wp:postmeta>
                <wp:meta_key>_thumbnail_id</wp:meta_key>
                <wp:meta_value><![CDATA[5221]]></wp:meta_value>
            </wp:postmeta>
        </item>
        <item>
            <title>sjørøvarar, nynorsk, ny.jpg</title>
            <wp:post_id>5221</wp:post_id>
            <wp:status>inherit</wp:status>
            <wp:post_type>attachment</wp:post_type>
            <wp:attachment_url>https://raw.githubusercontent.com/lesersokerbok/boksok.no-data-utils/master/output-example/images/1AB8BB58A623451DBB0B829D5B26E7C8.jpg</wp:attachment_url>
        </item>
        <item>
            <wp:post_type>lsb_book</wp:post_type>
            <wp:status>publish</wp:status>
            <title>Kina</title>
            <excerpt:encoded><![CDATA[Dette er ei bok om Kina.   Den har mange bilete   og tekst som er lett å lese.   ]]></excerpt:encoded>
            <wp:postmeta>
                <wp:meta_key>lsb_isbn</wp:meta_key>
                <wp:meta_value><![CDATA[9788203308857]]></wp:meta_value>
            </wp:postmeta>
            <wp:postmeta>
                <wp:meta_key>_lsb_isbn</wp:meta_key>
                <wp:meta_value><![CDATA[lsb_acf_isbn]]></wp:meta_value>
            </wp:postmeta>
            <wp:postmeta>
                <wp:meta_key>lsb_published_year</wp:meta_key>
                <wp:meta_value><![CDATA[2002]]></wp:meta_value>
            </wp:postmeta>
            <wp:postmeta>
                <wp:meta_key>_lsb_published_year</wp:meta_key>
                <wp:meta_value><![CDATA[lsb_acf_published_year]]></wp:meta_value>
            </wp:postmeta>
            <wp:postmeta>
                <wp:meta_key>lsb_pages</wp:meta_key>
                <wp:meta_value/>
            </wp:postmeta>
            <wp:postmeta>
                <wp:meta_key>_lsb_pages</wp:meta_key>
                <wp:meta_value><![CDATA[lsb_acf_pages]]></wp:meta_value>
            </wp:postmeta>
            <wp:postmeta>
                <wp:meta_key>lsb_review</wp:meta_key>
                <wp:meta_value><![CDATA[  <div>I denne boka kan du lese om <br />  korleis det er å vere gut eller jente i Kina. <br />  Du kan også lese om det gamle Kina, <br />  om oppfinningar, høge fjell, storbyar <br />  og om livet på landet.<br />  </div>  <div>Boka har flotte fotografi. <br />  Ho er ei bok i seria <strong>Dei små fagbøkene. </strong></div>  <div>Det finst óg ei bokmålutgåve av boka. </div>  ]]></wp:meta_value>
            </wp:postmeta>
            <wp:postmeta>
                <wp:meta_key>_lsb_review</wp:meta_key>
                <wp:meta_value><![CDATA[lsb_acf_review]]></wp:meta_value>
            </wp:postmeta>
            <wp:postmeta>
                <wp:meta_key>lsb_quote</wp:meta_key>
                <wp:meta_value><![CDATA[Kina er det landet   i verda  der det bur  flest menneske.    Det bur meir  enn ein milliard  menneske i Kina.]]></wp:meta_value>
            </wp:postmeta>
            <wp:postmeta>
                <wp:meta_key>_lsb_quote</wp:meta_key>
                <wp:meta_value><![CDATA[lsb_acf_quote]]></wp:meta_value>
            </wp:postmeta>
            <wp:postmeta>
                <wp:meta_key>lsb_supported</wp:meta_key>
                <wp:meta_value><![CDATA[0]]></wp:meta_value>
            </wp:postmeta>
            <wp:postmeta>
                <wp:meta_key>_lsb_supported</wp:meta_key>
                <wp:meta_value><![CDATA[lsb_acf_supported]]></wp:meta_value>
            </wp:postmeta>
            <category domain="lsb_tax_author" nicename="peter-garde"><![CDATA[Peter Garde]]></category>
            <category domain="lsb_tax_publisher" nicename="aschehoug"><![CDATA[Aschehoug]]></category>
            <category domain="lsb_tax_illustrator" nicename="peter-garde-m.fl"><![CDATA[Peter Garde m.fl]]></category>
            <category domain="lsb_tax_translator" nicename="gerd-bjerknes"><![CDATA[Gerd Bjerknes]]></category>
            <wp:postmeta>
                <wp:meta_key>lsb_look_inside</wp:meta_key>
                <wp:meta_value><![CDATA[CUSTOM_BLA_I_BOKA]]></wp:meta_value>
            </wp:postmeta>
            <wp:postmeta>
                <wp:meta_key>_lsb_look_inside</wp:meta_key>
                <wp:meta_value><![CDATA[lsb_acf_look_inside]]></wp:meta_value>
            </wp:postmeta>
            <category domain="lsb_tax_age" nicename="barn"><![CDATA[barn]]></category>
            <category domain="lsb_tax_age" nicename="ungdom"><![CDATA[ungdom]]></category>
            <category domain="lsb_tax_genre" nicename="faglitteratur"><![CDATA[faglitteratur]]></category>
            <category domain="lsb_tax_topic" nicename="historie"><![CDATA[historie]]></category>
            <category domain="lsb_tax_topic" nicename="samfunn"><![CDATA[samfunn]]></category>
            <category domain="lsb_tax_language" nicename="no_nn"><![CDATA[nynorsk]]></category>
            <category domain="lsb_tax_customization" nicename="faglitteratur"><![CDATA[faglitteratur]]></category>
            <category domain="lsb_tax_customization" nicename="mange-bilder"><![CDATA[mange bilder]]></category>
            <wp:postmeta>
                <wp:meta_key>_thumbnail_id</wp:meta_key>
                <wp:meta_value><![CDATA[5222]]></wp:meta_value>
            </wp:postmeta>
        </item>
        <item>
            <title>Kina, nynorsk, ny.jpg</title>
            <wp:post_id>5222</wp:post_id>
            <wp:status>inherit</wp:status>
            <wp:post_type>attachment</wp:post_type>
            <wp:attachment_url>https://raw.githubusercontent.com/lesersokerbok/boksok.no-data-utils/master/output-example/images/5E69BC2FD7EB417C9C91F32C0B311308.jpg</wp:attachment_url>
        </item>
        <item>
            <wp:post_type>lsb_book</wp:post_type>
            <wp:status>publish</wp:status>
            <title>India</title>
            <excerpt:encoded><![CDATA[Dette er ein faktabok om India.   Boka har mange bilete   og tekst som er lett å lese. ]]></excerpt:encoded>
            <wp:postmeta>
                <wp:meta_key>lsb_isbn</wp:meta_key>
                <wp:meta_value><![CDATA[9788203308802]]></wp:meta_value>
            </wp:postmeta>
            <wp:postmeta>
                <wp:meta_key>_lsb_isbn</wp:meta_key>
                <wp:meta_value><![CDATA[lsb_acf_isbn]]></wp:meta_value>
            </wp:postmeta>
            <wp:postmeta>
                <wp:meta_key>lsb_published_year</wp:meta_key>
                <wp:meta_value><![CDATA[2002]]></wp:meta_value>
            </wp:postmeta>
            <wp:postmeta>
                <wp:meta_key>_lsb_published_year</wp:meta_key>
                <wp:meta_value><![CDATA[lsb_acf_published_year]]></wp:meta_value>
            </wp:postmeta>
            <wp:postmeta>
                <wp:meta_key>lsb_pages</wp:meta_key>
                <wp:meta_value/>
            </wp:postmeta>
            <wp:postmeta>
                <wp:meta_key>_lsb_pages</wp:meta_key>
                <wp:meta_value><![CDATA[lsb_acf_pages]]></wp:meta_value>
            </wp:postmeta>
            <wp:postmeta>
                <wp:meta_key>lsb_review</wp:meta_key>
                <wp:meta_value><![CDATA[  <div>I denne boka kan du lære om India.<br />  Det er også stor skilnad på livet i byen <br />  og livet på landet. <br />  Det er tett med menneske og trafikk <br />  i dei store byane. <br />  På landet lever månge <br />  nestan som for 100 år siden.<br />  </div>  <div>Boka har enkel tekst og <br />  flotte fargefotografiar.<br />  Boka høyrer til seria <strong>Dei små fagbøkene</strong>.</div>  <div>Det finst óg ei bokmål utgåve av boka.   </div>  <p>&#160;</p>  ]]></wp:meta_value>
            </wp:postmeta>
            <wp:postmeta>
                <wp:meta_key>_lsb_review</wp:meta_key>
                <wp:meta_value><![CDATA[lsb_acf_review]]></wp:meta_value>
            </wp:postmeta>
            <wp:postmeta>
                <wp:meta_key>lsb_quote</wp:meta_key>
                <wp:meta_value><![CDATA[Vass-bøffelen er  eit viktig hus-dyr.    Indarane bruker vass-bøffelen  som trekk-dyr framfor  plog og vogner.  Familien får mjølk frå   vass-bøffelen.]]></wp:meta_value>
            </wp:postmeta>
            <wp:postmeta>
                <wp:meta_key>_lsb_quote</wp:meta_key>
                <wp:meta_value><![CDATA[lsb_acf_quote]]></wp:meta_value>
            </wp:postmeta>
            <wp:postmeta>
                <wp:meta_key>lsb_supported</wp:meta_key>
                <wp:meta_value><![CDATA[0]]></wp:meta_value>
            </wp:postmeta>
            <wp:postmeta>
                <wp:meta_key>_lsb_supported</wp:meta_key>
                <wp:meta_value><![CDATA[lsb_acf_supported]]></wp:meta_value>
            </wp:postmeta>
            <category domain="lsb_tax_author" nicename="peter-garde"><![CDATA[Peter Garde]]></category>
            <category domain="lsb_tax_publisher" nicename="aschehoug"><![CDATA[Aschehoug]]></category>
            <category domain="lsb_tax_illustrator" nicename="peter-garde-m.fl."><![CDATA[Peter Garde m.fl.]]></category>
            <category domain="lsb_tax_translator" nicename="gerd-bjerknes.-til-nynorsk-ved-øystein-vigestad"><![CDATA[Gerd Bjerknes. Til nynorsk ved Øystein Vigestad]]></category>
            <wp:postmeta>
                <wp:meta_key>lsb_look_inside</wp:meta_key>
                <wp:meta_value><![CDATA[CUSTOM_BLA_I_BOKA]]></wp:meta_value>
            </wp:postmeta>
            <wp:postmeta>
                <wp:meta_key>_lsb_look_inside</wp:meta_key>
                <wp:meta_value><![CDATA[lsb_acf_look_inside]]></wp:meta_value>
            </wp:postmeta>
            <category domain="lsb_tax_age" nicename="barn"><![CDATA[barn]]></category>
            <category domain="lsb_tax_age" nicename="ungdom"><![CDATA[ungdom]]></category>
            <category domain="lsb_tax_genre" nicename="faglitteratur"><![CDATA[faglitteratur]]></category>
            <category domain="lsb_tax_topic" nicename="historie"><![CDATA[historie]]></category>
            <category domain="lsb_tax_topic" nicename="samfunn"><![CDATA[samfunn]]></category>
            <category domain="lsb_tax_customization" nicename="faglitteratur"><![CDATA[faglitteratur]]></category>
            <category domain="lsb_tax_customization" nicename="mange-bilder"><![CDATA[mange bilder]]></category>
            <wp:postmeta>
                <wp:meta_key>_thumbnail_id</wp:meta_key>
                <wp:meta_value><![CDATA[5223]]></wp:meta_value>
            </wp:postmeta>
        </item>
        <item>
            <title>India, nynorsk, ny.jpg</title>
            <wp:post_id>5223</wp:post_id>
            <wp:status>inherit</wp:status>
            <wp:post_type>attachment</wp:post_type>
            <wp:attachment_url>https://raw.githubusercontent.com/lesersokerbok/boksok.no-data-utils/master/output-example/images/C23B127DAB904DD09EDF20CC91A16315.jpg</wp:attachment_url>
        </item>
        <item>
            <wp:post_type>lsb_book</wp:post_type>
            <wp:status>publish</wp:status>
            <title>Tanzania</title>
            <excerpt:encoded><![CDATA[Denne boka handler om   mennesker og dyr i Tanzania.   De fleste i Tanzania er bønder.   ]]></excerpt:encoded>
            <wp:postmeta>
                <wp:meta_key>lsb_isbn</wp:meta_key>
                <wp:meta_value><![CDATA[9788203308772]]></wp:meta_value>
            </wp:postmeta>
            <wp:postmeta>
                <wp:meta_key>_lsb_isbn</wp:meta_key>
                <wp:meta_value><![CDATA[lsb_acf_isbn]]></wp:meta_value>
            </wp:postmeta>
            <wp:postmeta>
                <wp:meta_key>lsb_published_year</wp:meta_key>
                <wp:meta_value><![CDATA[2002]]></wp:meta_value>
            </wp:postmeta>
            <wp:postmeta>
                <wp:meta_key>_lsb_published_year</wp:meta_key>
                <wp:meta_value><![CDATA[lsb_acf_published_year]]></wp:meta_value>
            </wp:postmeta>
            <wp:postmeta>
                <wp:meta_key>lsb_pages</wp:meta_key>
                <wp:meta_value/>
            </wp:postmeta>
            <wp:postmeta>
                <wp:meta_key>_lsb_pages</wp:meta_key>
                <wp:meta_value><![CDATA[lsb_acf_pages]]></wp:meta_value>
            </wp:postmeta>
            <wp:postmeta>
                <wp:meta_key>lsb_review</wp:meta_key>
                <wp:meta_value><![CDATA[  <p>De dyrker jorda og holder husdyr. <br />  På savannen i Tanzania finnes <br />  noen av verdens mest berømte dyreparker. <br />  Her lever elefanter, løver og sjiraffer <br />  og store flokker av zebraer og gnuer.</p>  <div>&#160;</div>  <div>Boka om Tanzania har mange flotte fotografier. <br />  Den er beregnet på skolebarn, <br />  og er en bok i serien <strong>De små fagbøkene</strong>. </div>  <div>Boka finnes også på nynorsk. </div>  ]]></wp:meta_value>
            </wp:postmeta>
            <wp:postmeta>
                <wp:meta_key>_lsb_review</wp:meta_key>
                <wp:meta_value><![CDATA[lsb_acf_review]]></wp:meta_value>
            </wp:postmeta>
            <wp:postmeta>
                <wp:meta_key>lsb_quote</wp:meta_key>
                <wp:meta_value><![CDATA[I dag bor det   37 millioner mennesker   i Tanzania.     De hører til   120 ulike stammer.   Stammene har   hvert sitt språk.     Men mange kan swahili,   som er hoved-språket   i Tanzania. ]]></wp:meta_value>
            </wp:postmeta>
            <wp:postmeta>
                <wp:meta_key>_lsb_quote</wp:meta_key>
                <wp:meta_value><![CDATA[lsb_acf_quote]]></wp:meta_value>
            </wp:postmeta>
            <wp:postmeta>
                <wp:meta_key>lsb_supported</wp:meta_key>
                <wp:meta_value><![CDATA[0]]></wp:meta_value>
            </wp:postmeta>
            <wp:postmeta>
                <wp:meta_key>_lsb_supported</wp:meta_key>
                <wp:meta_value><![CDATA[lsb_acf_supported]]></wp:meta_value>
            </wp:postmeta>
            <category domain="lsb_tax_author" nicename="gerd-østergaard"><![CDATA[Gerd Østergaard]]></category>
            <category domain="lsb_tax_publisher" nicename="aschehoug"><![CDATA[Aschehoug]]></category>
            <category domain="lsb_tax_illustrator" nicename="gerd-østergaard-m.fl."><![CDATA[Gerd Østergaard m.fl.]]></category>
            <category domain="lsb_tax_translator" nicename="gerd-bjerknes"><![CDATA[Gerd Bjerknes]]></category>
            <wp:postmeta>
                <wp:meta_key>lsb_look_inside</wp:meta_key>
                <wp:meta_value><![CDATA[CUSTOM_BLA_I_BOKA]]></wp:meta_value>
            </wp:postmeta>
            <wp:postmeta>
                <wp:meta_key>_lsb_look_inside</wp:meta_key>
                <wp:meta_value><![CDATA[lsb_acf_look_inside]]></wp:meta_value>
            </wp:postmeta>
            <category domain="lsb_tax_age" nicename="barn"><![CDATA[barn]]></category>
            <category domain="lsb_tax_age" nicename="ungdom"><![CDATA[ungdom]]></category>
            <category domain="lsb_tax_genre" nicename="faglitteratur"><![CDATA[faglitteratur]]></category>
            <category domain="lsb_tax_topic" nicename="historie"><![CDATA[historie]]></category>
            <category domain="lsb_tax_topic" nicename="samfunn"><![CDATA[samfunn]]></category>
            <category domain="lsb_tax_language" nicename="no_nb"><![CDATA[bokmål]]></category>
            <category domain="lsb_tax_customization" nicename="faglitteratur"><![CDATA[faglitteratur]]></category>
            <category domain="lsb_tax_customization" nicename="mange-bilder"><![CDATA[mange bilder]]></category>
            <wp:postmeta>
                <wp:meta_key>_thumbnail_id</wp:meta_key>
                <wp:meta_value><![CDATA[5224]]></wp:meta_value>
            </wp:postmeta>
        </item>
        <item>
            <title>tanzania, bokmål, ny.jpg</title>
            <wp:post_id>5224</wp:post_id>
            <wp:status>inherit</wp:status>
            <wp:post_type>attachment</wp:post_type>
            <wp:attachment_url>https://raw.githubusercontent.com/lesersokerbok/boksok.no-data-utils/master/output-example/images/11AD3BB57A4341DF93B565BC132AA69C.jpg</wp:attachment_url>
        </item>
        <item>
            <wp:post_type>lsb_book</wp:post_type>
            <wp:status>publish</wp:status>
            <title>Drømmen om Amerika</title>
            <excerpt:encoded><![CDATA[I Drømmen om Amerika fortelles historien  om den norske utvandringen til Amerika.  Boka gir kunnskap om en av de viktigste  hendelsene i norsk historie.  ]]></excerpt:encoded>
            <wp:postmeta>
                <wp:meta_key>lsb_isbn</wp:meta_key>
                <wp:meta_value><![CDATA[9788280980151]]></wp:meta_value>
            </wp:postmeta>
            <wp:postmeta>
                <wp:meta_key>_lsb_isbn</wp:meta_key>
                <wp:meta_value><![CDATA[lsb_acf_isbn]]></wp:meta_value>
            </wp:postmeta>
            <wp:postmeta>
                <wp:meta_key>lsb_published_year</wp:meta_key>
                <wp:meta_value><![CDATA[2006]]></wp:meta_value>
            </wp:postmeta>
            <wp:postmeta>
                <wp:meta_key>_lsb_published_year</wp:meta_key>
                <wp:meta_value><![CDATA[lsb_acf_published_year]]></wp:meta_value>
            </wp:postmeta>
            <wp:postmeta>
                <wp:meta_key>lsb_pages</wp:meta_key>
                <wp:meta_value><![CDATA[82]]></wp:meta_value>
            </wp:postmeta>
            <wp:postmeta>
                <wp:meta_key>_lsb_pages</wp:meta_key>
                <wp:meta_value><![CDATA[lsb_acf_pages]]></wp:meta_value>
            </wp:postmeta>
            <wp:postmeta>
                <wp:meta_key>lsb_review</wp:meta_key>
                <wp:meta_value><![CDATA[Martin Kvamsdal er født i 1964. <br />  Nå bor han i Skien.  ]]></wp:meta_value>
            </wp:postmeta>
            <wp:postmeta>
                <wp:meta_key>_lsb_review</wp:meta_key>
                <wp:meta_value><![CDATA[lsb_acf_review]]></wp:meta_value>
            </wp:postmeta>
            <wp:postmeta>
                <wp:meta_key>lsb_quote</wp:meta_key>
                <wp:meta_value><![CDATA[En sommerdag i 1825 seilte en båt  fra Stavanger.  Målet for reisen var Amerika.  Ombord var det norske utvandrere.  I hundreåret som fulgte skulle 800 000  nordmenn gjøre den samme reisen.  Alle søkte de et bedre liv for seg og sine.]]></wp:meta_value>
            </wp:postmeta>
            <wp:postmeta>
                <wp:meta_key>_lsb_quote</wp:meta_key>
                <wp:meta_value><![CDATA[lsb_acf_quote]]></wp:meta_value>
            </wp:postmeta>
            <wp:postmeta>
                <wp:meta_key>lsb_supported</wp:meta_key>
                <wp:meta_value><![CDATA[0]]></wp:meta_value>
            </wp:postmeta>
            <wp:postmeta>
                <wp:meta_key>_lsb_supported</wp:meta_key>
                <wp:meta_value><![CDATA[lsb_acf_supported]]></wp:meta_value>
            </wp:postmeta>
            <category domain="lsb_tax_author" nicename="martin-kvamsdal"><![CDATA[Martin Kvamsdal]]></category>
            <category domain="lsb_tax_publisher" nicename="lettlest-forlag"><![CDATA[Lettlest Forlag]]></category>
            <wp:postmeta>
                <wp:meta_key>lsb_look_inside</wp:meta_key>
                <wp:meta_value><![CDATA[CUSTOM_BLA_I_BOKA]]></wp:meta_value>
            </wp:postmeta>
            <wp:postmeta>
                <wp:meta_key>_lsb_look_inside</wp:meta_key>
                <wp:meta_value><![CDATA[lsb_acf_look_inside]]></wp:meta_value>
            </wp:postmeta>
            <category domain="lsb_tax_age" nicename="ungdom"><![CDATA[ungdom]]></category>
            <category domain="lsb_tax_age" nicename="voksne"><![CDATA[voksne]]></category>
            <category domain="lsb_tax_genre" nicename="faglitteratur"><![CDATA[faglitteratur]]></category>
            <category domain="lsb_tax_topic" nicename="historie"><![CDATA[historie]]></category>
            <category domain="lsb_tax_topic" nicename="samfunn"><![CDATA[samfunn]]></category>
            <category domain="lsb_tax_language" nicename="no_nb"><![CDATA[bokmål]]></category>
            <category domain="lsb_tax_customization" nicename="faglitteratur"><![CDATA[faglitteratur]]></category>
            <wp:postmeta>
                <wp:meta_key>_thumbnail_id</wp:meta_key>
                <wp:meta_value><![CDATA[5225]]></wp:meta_value>
            </wp:postmeta>
        </item>
        <item>
            <title>Historien om Amerika.jpg</title>
            <wp:post_id>5225</wp:post_id>
            <wp:status>inherit</wp:status>
            <wp:post_type>attachment</wp:post_type>
            <wp:attachment_url>https://raw.githubusercontent.com/lesersokerbok/boksok.no-data-utils/master/output-example/images/BE8D0AF114244E8D83B67B30168C22A9.jpg</wp:attachment_url>
        </item>
        <item>
            <wp:post_type>lsb_book</wp:post_type>
            <wp:status>publish</wp:status>
            <title>Hannah Snell. Kvinne, soldat, legende</title>
            <excerpt:encoded><![CDATA[Den engelske kvinnen Hannah Snell gjorde alt  for å finne sin utro ektemann.  I 1746 kledde hun seg som mann  og ble vervet under navnet James Gray.  Året etter sloss hun som kriger i India.  ]]></excerpt:encoded>
            <wp:postmeta>
                <wp:meta_key>lsb_isbn</wp:meta_key>
                <wp:meta_value><![CDATA[9788280980182]]></wp:meta_value>
            </wp:postmeta>
            <wp:postmeta>
                <wp:meta_key>_lsb_isbn</wp:meta_key>
                <wp:meta_value><![CDATA[lsb_acf_isbn]]></wp:meta_value>
            </wp:postmeta>
            <wp:postmeta>
                <wp:meta_key>lsb_published_year</wp:meta_key>
                <wp:meta_value><![CDATA[2006]]></wp:meta_value>
            </wp:postmeta>
            <wp:postmeta>
                <wp:meta_key>_lsb_published_year</wp:meta_key>
                <wp:meta_value><![CDATA[lsb_acf_published_year]]></wp:meta_value>
            </wp:postmeta>
            <wp:postmeta>
                <wp:meta_key>lsb_pages</wp:meta_key>
                <wp:meta_value><![CDATA[111]]></wp:meta_value>
            </wp:postmeta>
            <wp:postmeta>
                <wp:meta_key>_lsb_pages</wp:meta_key>
                <wp:meta_value><![CDATA[lsb_acf_pages]]></wp:meta_value>
            </wp:postmeta>
            <wp:postmeta>
                <wp:meta_key>lsb_review</wp:meta_key>
                <wp:meta_value><![CDATA[  <div>Modige Hannah ble såret flere ganger,<br />  men overlevde og kom hjem som krigshelt.<br />  Dette er en sann historie.</div>  <div>&#160;</div>  <p>Philip Newth er født i England i 1939,<br />  men har bodd i Norge hele sitt voksne liv.<br />  Philip Newth har skrevet over førti bøker,<br />  og fått mange litterære priser.</p>  <p>Denne boka passer for store barn, ungdom og voksne.</p>  ]]></wp:meta_value>
            </wp:postmeta>
            <wp:postmeta>
                <wp:meta_key>_lsb_review</wp:meta_key>
                <wp:meta_value><![CDATA[lsb_acf_review]]></wp:meta_value>
            </wp:postmeta>
            <wp:postmeta>
                <wp:meta_key>lsb_quote</wp:meta_key>
                <wp:meta_value><![CDATA[Da obersten så hvor dyktig og rask jeg var  med geværet,  lurte han på om jeg hadde vært soldat før.  Men jeg løy og sa at faren min  hadde vært soldat.  Han hadde lært meg disiplin, og trent meg  til å drepe både harer og fugler i flukt.  Det var fint å få skyte igjen med Brune Bess.  Det hadde jeg savnet, kjente jeg.]]></wp:meta_value>
            </wp:postmeta>
            <wp:postmeta>
                <wp:meta_key>_lsb_quote</wp:meta_key>
                <wp:meta_value><![CDATA[lsb_acf_quote]]></wp:meta_value>
            </wp:postmeta>
            <wp:postmeta>
                <wp:meta_key>lsb_supported</wp:meta_key>
                <wp:meta_value><![CDATA[0]]></wp:meta_value>
            </wp:postmeta>
            <wp:postmeta>
                <wp:meta_key>_lsb_supported</wp:meta_key>
                <wp:meta_value><![CDATA[lsb_acf_supported]]></wp:meta_value>
            </wp:postmeta>
            <category domain="lsb_tax_author" nicename="phillip-newth"><![CDATA[Phillip Newth]]></category>
            <category domain="lsb_tax_publisher" nicename="lettlest-forlag"><![CDATA[Lettlest forlag]]></category>
            <wp:postmeta>
                <wp:meta_key>lsb_look_inside</wp:meta_key>
                <wp:meta_value><![CDATA[CUSTOM_BLA_I_BOKA]]></wp:meta_value>
            </wp:postmeta>
            <wp:postmeta>
                <wp:meta_key>_lsb_look_inside</wp:meta_key>
                <wp:meta_value><![CDATA[lsb_acf_look_inside]]></wp:meta_value>
            </wp:postmeta>
            <category domain="lsb_tax_age" nicename="ungdom"><![CDATA[ungdom]]></category>
            <category domain="lsb_tax_age" nicename="voksne"><![CDATA[voksne]]></category>
            <category domain="lsb_tax_genre" nicename="faglitteratur"><![CDATA[faglitteratur]]></category>
            <category domain="lsb_tax_topic" nicename="historie"><![CDATA[historie]]></category>
            <category domain="lsb_tax_topic" nicename="samfunn"><![CDATA[samfunn]]></category>
            <category domain="lsb_tax_language" nicename="no_nb"><![CDATA[bokmål]]></category>
            <category domain="lsb_tax_customization" nicename="faglitteratur"><![CDATA[faglitteratur]]></category>
            <wp:postmeta>
                <wp:meta_key>_thumbnail_id</wp:meta_key>
                <wp:meta_value><![CDATA[5226]]></wp:meta_value>
            </wp:postmeta>
        </item>
        <item>
            <title>Hanna Snell.jpg</title>
            <wp:post_id>5226</wp:post_id>
            <wp:status>inherit</wp:status>
            <wp:post_type>attachment</wp:post_type>
            <wp:attachment_url>https://raw.githubusercontent.com/lesersokerbok/boksok.no-data-utils/master/output-example/images/FDE28F225D404C97A12759DD6CF5B197.jpg</wp:attachment_url>
        </item>
        <item>
            <wp:post_type>lsb_book</wp:post_type>
            <wp:status>publish</wp:status>
            <title>Heksagon og Padde-Boboz</title>
            <excerpt:encoded><![CDATA[Heksagon bor alene i den store borgen.  Klovnen Boboz er vennen hennes.  Han bor i sirkusvogna på den  andre siden av skogen. ]]></excerpt:encoded>
            <wp:postmeta>
                <wp:meta_key>lsb_isbn</wp:meta_key>
                <wp:meta_value><![CDATA[9788249608041]]></wp:meta_value>
            </wp:postmeta>
            <wp:postmeta>
                <wp:meta_key>_lsb_isbn</wp:meta_key>
                <wp:meta_value><![CDATA[lsb_acf_isbn]]></wp:meta_value>
            </wp:postmeta>
            <wp:postmeta>
                <wp:meta_key>lsb_published_year</wp:meta_key>
                <wp:meta_value><![CDATA[2003]]></wp:meta_value>
            </wp:postmeta>
            <wp:postmeta>
                <wp:meta_key>_lsb_published_year</wp:meta_key>
                <wp:meta_value><![CDATA[lsb_acf_published_year]]></wp:meta_value>
            </wp:postmeta>
            <wp:postmeta>
                <wp:meta_key>lsb_pages</wp:meta_key>
                <wp:meta_value><![CDATA[112]]></wp:meta_value>
            </wp:postmeta>
            <wp:postmeta>
                <wp:meta_key>_lsb_pages</wp:meta_key>
                <wp:meta_value><![CDATA[lsb_acf_pages]]></wp:meta_value>
            </wp:postmeta>
            <wp:postmeta>
                <wp:meta_key>lsb_review</wp:meta_key>
                <wp:meta_value><![CDATA[  <div>Boboz får jobb på et sirkus.<br />  Kanskje Heksagon kan bli med dit?<br />  Men det syns ikke Boboz er<br />  noen god idé.<br />  For hvor skal Heksagon bo?<br />  Penny bor jo allerede i sirkusvogna hans.<br />  Da må Heksagon trylle vekk at Boboz<br />  er forelsket i Penny.<br />  Men som så ofte når Heksagon skal trylle,<br />  går det ikke helt etter planen ...</div>  <div>&#160;</div>  <p>Dette er ei bok i Damms Leseløve-serie, <br />  med enkel tekst for barn.<br />  Boka passer for barn over 7 år. <br />  Denne boka finnes også som lydbok. </p>  ]]></wp:meta_value>
            </wp:postmeta>
            <wp:postmeta>
                <wp:meta_key>_lsb_review</wp:meta_key>
                <wp:meta_value><![CDATA[lsb_acf_review]]></wp:meta_value>
            </wp:postmeta>
            <wp:postmeta>
                <wp:meta_key>lsb_quote</wp:meta_key>
                <wp:meta_value><![CDATA[Heksagon biter seg i leppa.  Hun håper ikke  at padda leter etter vennen sin,  eller at den er en hevner,  sendt av en ulykkelig paddedame  eller paddemann.  Så, plutselig,  tar padda et byks inn i borgen.]]></wp:meta_value>
            </wp:postmeta>
            <wp:postmeta>
                <wp:meta_key>_lsb_quote</wp:meta_key>
                <wp:meta_value><![CDATA[lsb_acf_quote]]></wp:meta_value>
            </wp:postmeta>
            <wp:postmeta>
                <wp:meta_key>lsb_supported</wp:meta_key>
                <wp:meta_value><![CDATA[0]]></wp:meta_value>
            </wp:postmeta>
            <wp:postmeta>
                <wp:meta_key>_lsb_supported</wp:meta_key>
                <wp:meta_value><![CDATA[lsb_acf_supported]]></wp:meta_value>
            </wp:postmeta>
            <category domain="lsb_tax_author" nicename="christin-grilstad-prøis"><![CDATA[Christin Grilstad Prøis]]></category>
            <category domain="lsb_tax_publisher" nicename="damm"><![CDATA[Damm]]></category>
            <category domain="lsb_tax_illustrator" nicename="lill-ann-prøis"><![CDATA[Lill-Ann Prøis]]></category>
            <wp:postmeta>
                <wp:meta_key>lsb_look_inside</wp:meta_key>
                <wp:meta_value><![CDATA[CUSTOM_BLA_I_BOKA]]></wp:meta_value>
            </wp:postmeta>
            <wp:postmeta>
                <wp:meta_key>_lsb_look_inside</wp:meta_key>
                <wp:meta_value><![CDATA[lsb_acf_look_inside]]></wp:meta_value>
            </wp:postmeta>
            <category domain="lsb_tax_age" nicename="barn"><![CDATA[barn]]></category>
            <category domain="lsb_tax_genre" nicename="prosa"><![CDATA[prosa]]></category>
            <category domain="lsb_tax_topic" nicename="eventyr"><![CDATA[eventyr]]></category>
            <category domain="lsb_tax_language" nicename="no_nb"><![CDATA[bokmål]]></category>
            <category domain="lsb_tax_customization" nicename="skjønnlitteratur"><![CDATA[skjønnlitteratur]]></category>
            <wp:postmeta>
                <wp:meta_key>_thumbnail_id</wp:meta_key>
                <wp:meta_value><![CDATA[5227]]></wp:meta_value>
            </wp:postmeta>
        </item>
        <item>
            <title>Heksagon og Padde-Boboz.jpg</title>
            <wp:post_id>5227</wp:post_id>
            <wp:status>inherit</wp:status>
            <wp:post_type>attachment</wp:post_type>
            <wp:attachment_url>https://raw.githubusercontent.com/lesersokerbok/boksok.no-data-utils/master/output-example/images/5E6F0C1A4A664E5886CC14D72135E4F2.jpg</wp:attachment_url>
        </item>
        <item>
            <wp:post_type>lsb_book</wp:post_type>
            <wp:status>publish</wp:status>
            <title>Mor betaler</title>
            <excerpt:encoded><![CDATA[En mor drar tilbake til København,   der hun bodde og gikk gravid   for over 20 år siden.   Nå er det datteren som bor der  og tar mor med seg rundt.   Datteren har blitt voksen,   ]]></excerpt:encoded>
            <wp:postmeta>
                <wp:meta_key>lsb_isbn</wp:meta_key>
                <wp:meta_value><![CDATA[9788205345737]]></wp:meta_value>
            </wp:postmeta>
            <wp:postmeta>
                <wp:meta_key>_lsb_isbn</wp:meta_key>
                <wp:meta_value><![CDATA[lsb_acf_isbn]]></wp:meta_value>
            </wp:postmeta>
            <wp:postmeta>
                <wp:meta_key>lsb_published_year</wp:meta_key>
                <wp:meta_value><![CDATA[2006]]></wp:meta_value>
            </wp:postmeta>
            <wp:postmeta>
                <wp:meta_key>_lsb_published_year</wp:meta_key>
                <wp:meta_value><![CDATA[lsb_acf_published_year]]></wp:meta_value>
            </wp:postmeta>
            <wp:postmeta>
                <wp:meta_key>lsb_pages</wp:meta_key>
                <wp:meta_value><![CDATA[69]]></wp:meta_value>
            </wp:postmeta>
            <wp:postmeta>
                <wp:meta_key>_lsb_pages</wp:meta_key>
                <wp:meta_value><![CDATA[lsb_acf_pages]]></wp:meta_value>
            </wp:postmeta>
            <wp:postmeta>
                <wp:meta_key>lsb_review</wp:meta_key>
                <wp:meta_value><![CDATA[  <p>Datteren har blitt voksen, <br />  og rollene er nye og uvante.<br />  Hvordan skal forholdet mellom dem være?<br />  Har mor fortsatt en plass?</p>  <p>En ting er i alle fall sikkert:<br />  Mor betaler!</p>  <div>&#160;</div>  <div>Vigdis Hjorth har skrevet en rekke bøker <br />  for barn og voksne. Dette er <br />  hennes første bok med enkel tekst.</div>  <p>&#160;</p>  ]]></wp:meta_value>
            </wp:postmeta>
            <wp:postmeta>
                <wp:meta_key>_lsb_review</wp:meta_key>
                <wp:meta_value><![CDATA[lsb_acf_review]]></wp:meta_value>
            </wp:postmeta>
            <wp:postmeta>
                <wp:meta_key>lsb_quote</wp:meta_key>
                <wp:meta_value><![CDATA[Det haster ikke med noe.  Det er hyggelig å ha ingenting å gjøre.  Vi sitter på en benk under et tre  og kjenner etter hva vi vil  spise til middag.  Mor spanderer.  Indisk, indonesisk eller italiensk lasagne?  Vi lukker øynene og kjenner etter.]]></wp:meta_value>
            </wp:postmeta>
            <wp:postmeta>
                <wp:meta_key>_lsb_quote</wp:meta_key>
                <wp:meta_value><![CDATA[lsb_acf_quote]]></wp:meta_value>
            </wp:postmeta>
            <wp:postmeta>
                <wp:meta_key>lsb_supported</wp:meta_key>
                <wp:meta_value><![CDATA[1]]></wp:meta_value>
            </wp:postmeta>
            <wp:postmeta>
                <wp:meta_key>_lsb_supported</wp:meta_key>
                <wp:meta_value><![CDATA[lsb_acf_supported]]></wp:meta_value>
            </wp:postmeta>
            <wp:postmeta>
                <wp:meta_key>lsb_support_cat</wp:meta_key>
                <wp:meta_value><![CDATA[purple]]></wp:meta_value>
            </wp:postmeta>
            <wp:postmeta>
                <wp:meta_key>_lsb_support_cat</wp:meta_key>
                <wp:meta_value><![CDATA[lsb_acf_support_cat]]></wp:meta_value>
            </wp:postmeta>
            <category domain="lsb_tax_author" nicename="vigdis-hjorth"><![CDATA[Vigdis Hjorth]]></category>
            <category domain="lsb_tax_publisher" nicename="gyldendal"><![CDATA[Gyldendal]]></category>
            <wp:postmeta>
                <wp:meta_key>lsb_look_inside</wp:meta_key>
                <wp:meta_value><![CDATA[CUSTOM_BLA_I_BOKA]]></wp:meta_value>
            </wp:postmeta>
            <wp:postmeta>
                <wp:meta_key>_lsb_look_inside</wp:meta_key>
                <wp:meta_value><![CDATA[lsb_acf_look_inside]]></wp:meta_value>
            </wp:postmeta>
            <category domain="lsb_tax_age" nicename="voksne"><![CDATA[voksne]]></category>
            <category domain="lsb_tax_genre" nicename="prosa"><![CDATA[prosa]]></category>
            <category domain="lsb_tax_topic" nicename="mennesker-i-mellom"><![CDATA[mennesker i mellom]]></category>
            <category domain="lsb_tax_language" nicename="no_nb"><![CDATA[bokmål]]></category>
            <category domain="lsb_tax_customization" nicename="skjønnlitteratur"><![CDATA[skjønnlitteratur]]></category>
            <wp:postmeta>
                <wp:meta_key>_thumbnail_id</wp:meta_key>
                <wp:meta_value><![CDATA[5228]]></wp:meta_value>
            </wp:postmeta>
        </item>
        <item>
            <title>mor betaler, ny.jpg</title>
            <wp:post_id>5228</wp:post_id>
            <wp:status>inherit</wp:status>
            <wp:post_type>attachment</wp:post_type>
            <wp:attachment_url>https://raw.githubusercontent.com/lesersokerbok/boksok.no-data-utils/master/output-example/images/66BF79EFB84A4F669D256E4B712B5C0B.jpg</wp:attachment_url>
        </item>
        <item>
            <wp:post_type>lsb_book</wp:post_type>
            <wp:status>publish</wp:status>
            <title>Den aller siste mohikaner</title>
            <excerpt:encoded><![CDATA[Carol synes William har en fin kropp.  En kropp mange gifte damer  gjerne ville sett på mennene sine.  For å spe på inntektene sine  begynner William som stripper.  ]]></excerpt:encoded>
            <wp:postmeta>
                <wp:meta_key>lsb_isbn</wp:meta_key>
                <wp:meta_value><![CDATA[9788205353909]]></wp:meta_value>
            </wp:postmeta>
            <wp:postmeta>
                <wp:meta_key>_lsb_isbn</wp:meta_key>
                <wp:meta_value><![CDATA[lsb_acf_isbn]]></wp:meta_value>
            </wp:postmeta>
            <wp:postmeta>
                <wp:meta_key>lsb_published_year</wp:meta_key>
                <wp:meta_value><![CDATA[2006]]></wp:meta_value>
            </wp:postmeta>
            <wp:postmeta>
                <wp:meta_key>_lsb_published_year</wp:meta_key>
                <wp:meta_value><![CDATA[lsb_acf_published_year]]></wp:meta_value>
            </wp:postmeta>
            <wp:postmeta>
                <wp:meta_key>lsb_pages</wp:meta_key>
                <wp:meta_value><![CDATA[56]]></wp:meta_value>
            </wp:postmeta>
            <wp:postmeta>
                <wp:meta_key>_lsb_pages</wp:meta_key>
                <wp:meta_value><![CDATA[lsb_acf_pages]]></wp:meta_value>
            </wp:postmeta>
            <wp:postmeta>
                <wp:meta_key>lsb_review</wp:meta_key>
                <wp:meta_value><![CDATA[  <div>Snart ser livet hans<br />  helt annerledes ut.</div>  <div>&#160;</div>  <div>Levi Henriksen skriver gode romaner for voksne. <br />  <strong>Den aller siste mohikaner</strong> er<br />  den første boka hans med enkel tekst.  <br />  Den andre er <strong>Trekkspill-tvillingene</strong> fra 2007. </div>  <div>Høsten 2010 utkommer <strong>Lukten av propan om morgenen</strong>. </div>  <div>&#160;</div>  <div><strong>Den aller siste mohikaner</strong> er en bok i Litt å lese-serien.</div>  <div>Overkommelige bøker for voksne. </div>  <div>&#160;</div>  <div>Den er også blitt prøvd ut blant yngre lesere, </div>  <div>i en 1.klasse elever ved Lister vgs.  </div>  ]]></wp:meta_value>
            </wp:postmeta>
            <wp:postmeta>
                <wp:meta_key>_lsb_review</wp:meta_key>
                <wp:meta_value><![CDATA[lsb_acf_review]]></wp:meta_value>
            </wp:postmeta>
            <wp:postmeta>
                <wp:meta_key>lsb_quote</wp:meta_key>
                <wp:meta_value><![CDATA[William har en fin kropp.  En kropp mange gifte damer  gjerne ville sett på mennene sine.  Men før han begynte i jobben,  ante ikke William at kvinner kunne   oppføre seg slik.]]></wp:meta_value>
            </wp:postmeta>
            <wp:postmeta>
                <wp:meta_key>_lsb_quote</wp:meta_key>
                <wp:meta_value><![CDATA[lsb_acf_quote]]></wp:meta_value>
            </wp:postmeta>
            <wp:postmeta>
                <wp:meta_key>lsb_supported</wp:meta_key>
                <wp:meta_value><![CDATA[1]]></wp:meta_value>
            </wp:postmeta>
            <wp:postmeta>
                <wp:meta_key>_lsb_supported</wp:meta_key>
                <wp:meta_value><![CDATA[lsb_acf_supported]]></wp:meta_value>
            </wp:postmeta>
            <wp:postmeta>
                <wp:meta_key>lsb_support_cat</wp:meta_key>
                <wp:meta_value><![CDATA[purple]]></wp:meta_value>
            </wp:postmeta>
            <wp:postmeta>
                <wp:meta_key>_lsb_support_cat</wp:meta_key>
                <wp:meta_value><![CDATA[lsb_acf_support_cat]]></wp:meta_value>
            </wp:postmeta>
            <category domain="lsb_tax_author" nicename="levi-henriksen"><![CDATA[Levi Henriksen]]></category>
            <category domain="lsb_tax_publisher" nicename="gyldendal"><![CDATA[Gyldendal]]></category>
            <wp:postmeta>
                <wp:meta_key>lsb_look_inside</wp:meta_key>
                <wp:meta_value><![CDATA[CUSTOM_BLA_I_BOKA]]></wp:meta_value>
            </wp:postmeta>
            <wp:postmeta>
                <wp:meta_key>_lsb_look_inside</wp:meta_key>
                <wp:meta_value><![CDATA[lsb_acf_look_inside]]></wp:meta_value>
            </wp:postmeta>
            <category domain="lsb_tax_age" nicename="voksne"><![CDATA[voksne]]></category>
            <category domain="lsb_tax_genre" nicename="prosa"><![CDATA[prosa]]></category>
            <category domain="lsb_tax_topic" nicename="humor"><![CDATA[humor]]></category>
            <category domain="lsb_tax_topic" nicename="kjærlighet"><![CDATA[kjærlighet]]></category>
            <category domain="lsb_tax_topic" nicename="mennesker-i-mellom"><![CDATA[mennesker i mellom]]></category>
            <category domain="lsb_tax_language" nicename="no_nb"><![CDATA[bokmål]]></category>
            <category domain="lsb_tax_customization" nicename="skjønnlitteratur"><![CDATA[skjønnlitteratur]]></category>
            <wp:postmeta>
                <wp:meta_key>_thumbnail_id</wp:meta_key>
                <wp:meta_value><![CDATA[5229]]></wp:meta_value>
            </wp:postmeta>
        </item>
        <item>
            <title>den aller siste mohikaner, ny.jpg</title>
            <wp:post_id>5229</wp:post_id>
            <wp:status>inherit</wp:status>
            <wp:post_type>attachment</wp:post_type>
            <wp:attachment_url>https://raw.githubusercontent.com/lesersokerbok/boksok.no-data-utils/master/output-example/images/C83C3A762B0941DFBBC0D79E0F2E00FA.jpg</wp:attachment_url>
        </item>
        <item>
            <wp:post_type>lsb_book</wp:post_type>
            <wp:status>publish</wp:status>
            <title>Brevet</title>
            <excerpt:encoded><![CDATA[Jon bur åleine saman med mor si.  Ein dag får han eit brev, og han forstår  at han ikkje kan vere der lenger.   ]]></excerpt:encoded>
            <wp:postmeta>
                <wp:meta_key>lsb_isbn</wp:meta_key>
                <wp:meta_value><![CDATA[9788205345744]]></wp:meta_value>
            </wp:postmeta>
            <wp:postmeta>
                <wp:meta_key>_lsb_isbn</wp:meta_key>
                <wp:meta_value><![CDATA[lsb_acf_isbn]]></wp:meta_value>
            </wp:postmeta>
            <wp:postmeta>
                <wp:meta_key>lsb_published_year</wp:meta_key>
                <wp:meta_value><![CDATA[2006]]></wp:meta_value>
            </wp:postmeta>
            <wp:postmeta>
                <wp:meta_key>_lsb_published_year</wp:meta_key>
                <wp:meta_value><![CDATA[lsb_acf_published_year]]></wp:meta_value>
            </wp:postmeta>
            <wp:postmeta>
                <wp:meta_key>lsb_pages</wp:meta_key>
                <wp:meta_value><![CDATA[81]]></wp:meta_value>
            </wp:postmeta>
            <wp:postmeta>
                <wp:meta_key>_lsb_pages</wp:meta_key>
                <wp:meta_value><![CDATA[lsb_acf_pages]]></wp:meta_value>
            </wp:postmeta>
            <wp:postmeta>
                <wp:meta_key>lsb_review</wp:meta_key>
                <wp:meta_value><![CDATA[  <div>Han tar med seg Lisa <br />  og set seg på motorsykkelen. <br />  Det blir ein farefull ferd. <br />  Mange vil hindre dei i å nå fram.<br />  Og kvar er det eigentleg dei skal?</div>  <div>&#160;</div>  <div>Ragnar Hovland er ein av våre mest<br />  særeigne forfattarar. <br />  Han har fått mange prisar for bøkene sine. <br />  Dette er første gong<br />  han skriv enkel tekst for vaksne.</div>  <div>&#160;</div>  <p>&#160;</p>  ]]></wp:meta_value>
            </wp:postmeta>
            <wp:postmeta>
                <wp:meta_key>_lsb_review</wp:meta_key>
                <wp:meta_value><![CDATA[lsb_acf_review]]></wp:meta_value>
            </wp:postmeta>
            <wp:postmeta>
                <wp:meta_key>lsb_quote</wp:meta_key>
                <wp:meta_value><![CDATA[Sjefen opnar munnen,  men seier ikkje noko.  Butikkane er opne,  folk går inn og ut.  Men Jon skal ikkje ha noko.  Han har alt han treng.  Bortsett frå èin ting.  ]]></wp:meta_value>
            </wp:postmeta>
            <wp:postmeta>
                <wp:meta_key>_lsb_quote</wp:meta_key>
                <wp:meta_value><![CDATA[lsb_acf_quote]]></wp:meta_value>
            </wp:postmeta>
            <wp:postmeta>
                <wp:meta_key>lsb_supported</wp:meta_key>
                <wp:meta_value><![CDATA[1]]></wp:meta_value>
            </wp:postmeta>
            <wp:postmeta>
                <wp:meta_key>_lsb_supported</wp:meta_key>
                <wp:meta_value><![CDATA[lsb_acf_supported]]></wp:meta_value>
            </wp:postmeta>
            <wp:postmeta>
                <wp:meta_key>lsb_support_cat</wp:meta_key>
                <wp:meta_value><![CDATA[purple]]></wp:meta_value>
            </wp:postmeta>
            <wp:postmeta>
                <wp:meta_key>_lsb_support_cat</wp:meta_key>
                <wp:meta_value><![CDATA[lsb_acf_support_cat]]></wp:meta_value>
            </wp:postmeta>
            <category domain="lsb_tax_author" nicename="ragnar-hovland"><![CDATA[Ragnar Hovland]]></category>
            <category domain="lsb_tax_publisher" nicename="gyldendal"><![CDATA[Gyldendal]]></category>
            <wp:postmeta>
                <wp:meta_key>lsb_look_inside</wp:meta_key>
                <wp:meta_value><![CDATA[CUSTOM_BLA_I_BOKA]]></wp:meta_value>
            </wp:postmeta>
            <wp:postmeta>
                <wp:meta_key>_lsb_look_inside</wp:meta_key>
                <wp:meta_value><![CDATA[lsb_acf_look_inside]]></wp:meta_value>
            </wp:postmeta>
            <category domain="lsb_tax_age" nicename="voksne"><![CDATA[voksne]]></category>
            <category domain="lsb_tax_genre" nicename="prosa"><![CDATA[prosa]]></category>
            <category domain="lsb_tax_topic" nicename="kjærlighet"><![CDATA[kjærlighet]]></category>
            <category domain="lsb_tax_topic" nicename="mennesker-i-mellom"><![CDATA[mennesker i mellom]]></category>
            <category domain="lsb_tax_language" nicename="no_nn"><![CDATA[nynorsk]]></category>
            <category domain="lsb_tax_customization" nicename="skjønnlitteratur"><![CDATA[skjønnlitteratur]]></category>
            <wp:postmeta>
                <wp:meta_key>_thumbnail_id</wp:meta_key>
                <wp:meta_value><![CDATA[5230]]></wp:meta_value>
            </wp:postmeta>
        </item>
        <item>
            <title>Brevet.jpg</title>
            <wp:post_id>5230</wp:post_id>
            <wp:status>inherit</wp:status>
            <wp:post_type>attachment</wp:post_type>
            <wp:attachment_url>https://raw.githubusercontent.com/lesersokerbok/boksok.no-data-utils/master/output-example/images/1AA70BDF41654B79B308FBD95F1ABA1C.jpg</wp:attachment_url>
        </item>
        <item>
            <wp:post_type>lsb_book</wp:post_type>
            <wp:status>publish</wp:status>
            <title>Reis! </title>
            <excerpt:encoded><![CDATA[Reiseguruen Jens A.Riisnæs   har besøkt steder mange av oss knapt har hørt om.   Her skriver han om de beste reisene.  ]]></excerpt:encoded>
            <wp:postmeta>
                <wp:meta_key>lsb_isbn</wp:meta_key>
                <wp:meta_value><![CDATA[9788205345751]]></wp:meta_value>
            </wp:postmeta>
            <wp:postmeta>
                <wp:meta_key>_lsb_isbn</wp:meta_key>
                <wp:meta_value><![CDATA[lsb_acf_isbn]]></wp:meta_value>
            </wp:postmeta>
            <wp:postmeta>
                <wp:meta_key>lsb_published_year</wp:meta_key>
                <wp:meta_value><![CDATA[2006]]></wp:meta_value>
            </wp:postmeta>
            <wp:postmeta>
                <wp:meta_key>_lsb_published_year</wp:meta_key>
                <wp:meta_value><![CDATA[lsb_acf_published_year]]></wp:meta_value>
            </wp:postmeta>
            <wp:postmeta>
                <wp:meta_key>lsb_pages</wp:meta_key>
                <wp:meta_value><![CDATA[100]]></wp:meta_value>
            </wp:postmeta>
            <wp:postmeta>
                <wp:meta_key>_lsb_pages</wp:meta_key>
                <wp:meta_value><![CDATA[lsb_acf_pages]]></wp:meta_value>
            </wp:postmeta>
            <wp:postmeta>
                <wp:meta_key>lsb_review</wp:meta_key>
                <wp:meta_value><![CDATA[  <div>Bli med til Kina og Kaukasus<br />  og Silkeveien gjennom Sentral-Asia. <br />  Les om den store norgesreisen og hurtigruta. <br />  Riisnæs gir deg gode råd om hvor du bør ta turen<br />  på dannelsesreisen gjennom verden<br />  - og gjennom livet.</div>  <div>&#160;</div>  <p>En bok i Litt å lese-serien.</p>  ]]></wp:meta_value>
            </wp:postmeta>
            <wp:postmeta>
                <wp:meta_key>_lsb_review</wp:meta_key>
                <wp:meta_value><![CDATA[lsb_acf_review]]></wp:meta_value>
            </wp:postmeta>
            <wp:postmeta>
                <wp:meta_key>lsb_quote</wp:meta_key>
                <wp:meta_value><![CDATA[På Silkeveien ble det fraktet gull, sølv,  jade, korall, turkis, lapis lazuli, rav,  krydder og silke.  Ikke rart at bare navnet  gir tanken og fantasien flukt.]]></wp:meta_value>
            </wp:postmeta>
            <wp:postmeta>
                <wp:meta_key>_lsb_quote</wp:meta_key>
                <wp:meta_value><![CDATA[lsb_acf_quote]]></wp:meta_value>
            </wp:postmeta>
            <wp:postmeta>
                <wp:meta_key>lsb_supported</wp:meta_key>
                <wp:meta_value><![CDATA[1]]></wp:meta_value>
            </wp:postmeta>
            <wp:postmeta>
                <wp:meta_key>_lsb_supported</wp:meta_key>
                <wp:meta_value><![CDATA[lsb_acf_supported]]></wp:meta_value>
            </wp:postmeta>
            <wp:postmeta>
                <wp:meta_key>lsb_support_cat</wp:meta_key>
                <wp:meta_value><![CDATA[purple]]></wp:meta_value>
            </wp:postmeta>
            <wp:postmeta>
                <wp:meta_key>_lsb_support_cat</wp:meta_key>
                <wp:meta_value><![CDATA[lsb_acf_support_cat]]></wp:meta_value>
            </wp:postmeta>
            <category domain="lsb_tax_author" nicename="jens-a.-riisnæs"><![CDATA[Jens A. Riisnæs]]></category>
            <category domain="lsb_tax_publisher" nicename="gyldendal"><![CDATA[Gyldendal]]></category>
            <wp:postmeta>
                <wp:meta_key>lsb_look_inside</wp:meta_key>
                <wp:meta_value><![CDATA[CUSTOM_BLA_I_BOKA]]></wp:meta_value>
            </wp:postmeta>
            <wp:postmeta>
                <wp:meta_key>_lsb_look_inside</wp:meta_key>
                <wp:meta_value><![CDATA[lsb_acf_look_inside]]></wp:meta_value>
            </wp:postmeta>
            <category domain="lsb_tax_age" nicename="voksne"><![CDATA[voksne]]></category>
            <category domain="lsb_tax_genre" nicename="faglitteratur"><![CDATA[faglitteratur]]></category>
            <category domain="lsb_tax_topic" nicename="annet"><![CDATA[annet]]></category>
            <category domain="lsb_tax_language" nicename="no_nb"><![CDATA[bokmål]]></category>
            <category domain="lsb_tax_customization" nicename="faglitteratur"><![CDATA[faglitteratur]]></category>
            <wp:postmeta>
                <wp:meta_key>_thumbnail_id</wp:meta_key>
                <wp:meta_value><![CDATA[5231]]></wp:meta_value>
            </wp:postmeta>
        </item>
        <item>
            <title>reis, ny.jpg</title>
            <wp:post_id>5231</wp:post_id>
            <wp:status>inherit</wp:status>
            <wp:post_type>attachment</wp:post_type>
            <wp:attachment_url>https://raw.githubusercontent.com/lesersokerbok/boksok.no-data-utils/master/output-example/images/467E4774FDDE41B5B506330824D46EF6.jpg</wp:attachment_url>
        </item>
        <item>
            <wp:post_type>lsb_book</wp:post_type>
            <wp:status>publish</wp:status>
            <title>Ni brev til advokaten</title>
            <excerpt:encoded><![CDATA[Lili Passgaard er bekymret for mannen sin,   advokat Peter Passgaard,   som får anonyme brev i posten.   Siggen Sørensen tar saken.   ]]></excerpt:encoded>
            <wp:postmeta>
                <wp:meta_key>lsb_isbn</wp:meta_key>
                <wp:meta_value><![CDATA[9788205345775]]></wp:meta_value>
            </wp:postmeta>
            <wp:postmeta>
                <wp:meta_key>_lsb_isbn</wp:meta_key>
                <wp:meta_value><![CDATA[lsb_acf_isbn]]></wp:meta_value>
            </wp:postmeta>
            <wp:postmeta>
                <wp:meta_key>lsb_published_year</wp:meta_key>
                <wp:meta_value><![CDATA[2006]]></wp:meta_value>
            </wp:postmeta>
            <wp:postmeta>
                <wp:meta_key>_lsb_published_year</wp:meta_key>
                <wp:meta_value><![CDATA[lsb_acf_published_year]]></wp:meta_value>
            </wp:postmeta>
            <wp:postmeta>
                <wp:meta_key>lsb_pages</wp:meta_key>
                <wp:meta_value><![CDATA[80]]></wp:meta_value>
            </wp:postmeta>
            <wp:postmeta>
                <wp:meta_key>_lsb_pages</wp:meta_key>
                <wp:meta_value><![CDATA[lsb_acf_pages]]></wp:meta_value>
            </wp:postmeta>
            <wp:postmeta>
                <wp:meta_key>lsb_review</wp:meta_key>
                <wp:meta_value><![CDATA[  <div>Alt ser normalt ut,<br />  helt til det blir begått et mord ...</div>  <div>&#160;</div>  <div>Kjersti Scheen har skrevet mange romaner. <br />  Hun er blant annet kjent for krimromanene <br />  om privatdetektiven Margaret Moss.<br />  </div>  <div>Kjersti Scheen har også skrevet <br />  to ungdomsbøker med enkel tekst. <br />  Boka <strong>Villas Vals</strong>, som kom ut i 2005, <br />  og boka <strong>Emma3 og Tore Hund</strong>, <br />  som kom ut i 2007. </div>  <div>&#160;</div>  <p><strong>Ni brev til advokaten</strong> er ei bok i serien Litt å lese.<br />  Den finnes også som lydbok. </p>  ]]></wp:meta_value>
            </wp:postmeta>
            <wp:postmeta>
                <wp:meta_key>_lsb_review</wp:meta_key>
                <wp:meta_value><![CDATA[lsb_acf_review]]></wp:meta_value>
            </wp:postmeta>
            <wp:postmeta>
                <wp:meta_key>lsb_quote</wp:meta_key>
                <wp:meta_value><![CDATA[Bilen sto fremdeles utenfor.  Raskt beveget hun seg langs hekken.  Tre velstelte epletrær skjulte henne snart  fra huset, og hun kunne smette  over den våte, visne plenen  og komme seg rundt hushjørnet.  Her var det også rester av snø.  Noen hadde gått der, men ikke nylig.]]></wp:meta_value>
            </wp:postmeta>
            <wp:postmeta>
                <wp:meta_key>_lsb_quote</wp:meta_key>
                <wp:meta_value><![CDATA[lsb_acf_quote]]></wp:meta_value>
            </wp:postmeta>
            <wp:postmeta>
                <wp:meta_key>lsb_supported</wp:meta_key>
                <wp:meta_value><![CDATA[1]]></wp:meta_value>
            </wp:postmeta>
            <wp:postmeta>
                <wp:meta_key>_lsb_supported</wp:meta_key>
                <wp:meta_value><![CDATA[lsb_acf_supported]]></wp:meta_value>
            </wp:postmeta>
            <wp:postmeta>
                <wp:meta_key>lsb_support_cat</wp:meta_key>
                <wp:meta_value><![CDATA[purple]]></wp:meta_value>
            </wp:postmeta>
            <wp:postmeta>
                <wp:meta_key>_lsb_support_cat</wp:meta_key>
                <wp:meta_value><![CDATA[lsb_acf_support_cat]]></wp:meta_value>
            </wp:postmeta>
            <category domain="lsb_tax_author" nicename="kjersti-scheen"><![CDATA[Kjersti Scheen]]></category>
            <category domain="lsb_tax_publisher" nicename="gyldendal"><![CDATA[Gyldendal]]></category>
            <wp:postmeta>
                <wp:meta_key>lsb_look_inside</wp:meta_key>
                <wp:meta_value><![CDATA[CUSTOM_BLA_I_BOKA]]></wp:meta_value>
            </wp:postmeta>
            <wp:postmeta>
                <wp:meta_key>_lsb_look_inside</wp:meta_key>
                <wp:meta_value><![CDATA[lsb_acf_look_inside]]></wp:meta_value>
            </wp:postmeta>
            <category domain="lsb_tax_age" nicename="voksne"><![CDATA[voksne]]></category>
            <category domain="lsb_tax_genre" nicename="prosa"><![CDATA[prosa]]></category>
            <category domain="lsb_tax_topic" nicename="krim"><![CDATA[krim]]></category>
            <category domain="lsb_tax_topic" nicename="spenning"><![CDATA[spenning]]></category>
            <category domain="lsb_tax_language" nicename="no_nb"><![CDATA[bokmål]]></category>
            <category domain="lsb_tax_customization" nicename="skjønnlitteratur"><![CDATA[skjønnlitteratur]]></category>
            <wp:postmeta>
                <wp:meta_key>_thumbnail_id</wp:meta_key>
                <wp:meta_value><![CDATA[5232]]></wp:meta_value>
            </wp:postmeta>
        </item>
        <item>
            <title>ni brev til advokaten, ny.jpg</title>
            <wp:post_id>5232</wp:post_id>
            <wp:status>inherit</wp:status>
            <wp:post_type>attachment</wp:post_type>
            <wp:attachment_url>https://raw.githubusercontent.com/lesersokerbok/boksok.no-data-utils/master/output-example/images/B4CA870F23B344B9AAFDE41175AAEA51.jpg</wp:attachment_url>
        </item>
        <item>
            <wp:post_type>lsb_book</wp:post_type>
            <wp:status>publish</wp:status>
            <title>Eddie Bolander &amp; jeg</title>
            <excerpt:encoded><![CDATA[Boka Eddie Bolander og jeg   er en tegnet roman for ungdom.   Den har lite tekst og en stor tegning   på hvert oppslag. ]]></excerpt:encoded>
            <wp:postmeta>
                <wp:meta_key>lsb_isbn</wp:meta_key>
                <wp:meta_value><![CDATA[9788204122933]]></wp:meta_value>
            </wp:postmeta>
            <wp:postmeta>
                <wp:meta_key>_lsb_isbn</wp:meta_key>
                <wp:meta_value><![CDATA[lsb_acf_isbn]]></wp:meta_value>
            </wp:postmeta>
            <wp:postmeta>
                <wp:meta_key>lsb_published_year</wp:meta_key>
                <wp:meta_value><![CDATA[2006]]></wp:meta_value>
            </wp:postmeta>
            <wp:postmeta>
                <wp:meta_key>_lsb_published_year</wp:meta_key>
                <wp:meta_value><![CDATA[lsb_acf_published_year]]></wp:meta_value>
            </wp:postmeta>
            <wp:postmeta>
                <wp:meta_key>lsb_pages</wp:meta_key>
                <wp:meta_value><![CDATA[224]]></wp:meta_value>
            </wp:postmeta>
            <wp:postmeta>
                <wp:meta_key>_lsb_pages</wp:meta_key>
                <wp:meta_value><![CDATA[lsb_acf_pages]]></wp:meta_value>
            </wp:postmeta>
            <wp:postmeta>
                <wp:meta_key>lsb_review</wp:meta_key>
                <wp:meta_value><![CDATA[  <div>Steve har ikke sett faren sin på åtte år.<br />  Faren dro til USA. <br />  Alt han tok med seg, var platene sine, <br />  flere hundre plater.<br />  Åtte år uten far.<br />  Og nå ringer faren plutselig<br />  og vil treffe Steve i Stockholm.<br />  Men Steve har mye annet å tenke på.<br />  Jenter, Anneli spesielt.<br />  Og har han det ikke egentlig fint <br />  uten en far?</div>  <div>&#160;</div>  <div><strong>Eddie Bolander &amp; jeg</strong> er en tegnet roman. <br />  Boka fikk Augustpriset <br />  for årets svenske barne- og ungdomsbok i 2006.<br />  <strong>Front</strong> er en unik serie bøker <br />  med enkel tekst for ungdom.</div>  <div>&#160;</div>  <p>"De som ikke liker å lese, kan lese denne."<br />  - Erlend 8b</p>  <p>" ... en bok mange lesere bør oppsøke."<br />  - Nina Goga, barnebokkritikk.no</p>  ]]></wp:meta_value>
            </wp:postmeta>
            <wp:postmeta>
                <wp:meta_key>_lsb_review</wp:meta_key>
                <wp:meta_value><![CDATA[lsb_acf_review]]></wp:meta_value>
            </wp:postmeta>
            <wp:postmeta>
                <wp:meta_key>lsb_quote</wp:meta_key>
                <wp:meta_value><![CDATA[Du får hilse Louise, sa han.   "Ja," sa jeg.   "Det blir fint å ses," sa han.  "Ja," sa jeg.   Så klarte jeg å presse frem et spørsmål likevel.   "Nummeret," sa jeg. "Hva er nummeret ditt?"   Jeg fikk det. Det var et mobilnummer.  ]]></wp:meta_value>
            </wp:postmeta>
            <wp:postmeta>
                <wp:meta_key>_lsb_quote</wp:meta_key>
                <wp:meta_value><![CDATA[lsb_acf_quote]]></wp:meta_value>
            </wp:postmeta>
            <wp:postmeta>
                <wp:meta_key>lsb_supported</wp:meta_key>
                <wp:meta_value><![CDATA[1]]></wp:meta_value>
            </wp:postmeta>
            <wp:postmeta>
                <wp:meta_key>_lsb_supported</wp:meta_key>
                <wp:meta_value><![CDATA[lsb_acf_supported]]></wp:meta_value>
            </wp:postmeta>
            <wp:postmeta>
                <wp:meta_key>lsb_support_cat</wp:meta_key>
                <wp:meta_value><![CDATA[purple]]></wp:meta_value>
            </wp:postmeta>
            <wp:postmeta>
                <wp:meta_key>_lsb_support_cat</wp:meta_key>
                <wp:meta_value><![CDATA[lsb_acf_support_cat]]></wp:meta_value>
            </wp:postmeta>
            <category domain="lsb_tax_author" nicename="bo-r.-holmberg"><![CDATA[Bo R. Holmberg]]></category>
            <category domain="lsb_tax_publisher" nicename="damm"><![CDATA[Damm]]></category>
            <category domain="lsb_tax_illustrator" nicename="katarina-strömgård"><![CDATA[Katarina Strömgård]]></category>
            <category domain="lsb_tax_translator" nicename="jan-chr.-næss"><![CDATA[Jan Chr. Næss]]></category>
            <wp:postmeta>
                <wp:meta_key>lsb_look_inside</wp:meta_key>
                <wp:meta_value><![CDATA[CUSTOM_BLA_I_BOKA]]></wp:meta_value>
            </wp:postmeta>
            <wp:postmeta>
                <wp:meta_key>_lsb_look_inside</wp:meta_key>
                <wp:meta_value><![CDATA[lsb_acf_look_inside]]></wp:meta_value>
            </wp:postmeta>
            <category domain="lsb_tax_age" nicename="ungdom"><![CDATA[ungdom]]></category>
            <category domain="lsb_tax_genre" nicename="prosa"><![CDATA[prosa]]></category>
            <category domain="lsb_tax_topic" nicename="kjærlighet"><![CDATA[kjærlighet]]></category>
            <category domain="lsb_tax_topic" nicename="mennesker-i-mellom"><![CDATA[mennesker i mellom]]></category>
            <category domain="lsb_tax_language" nicename="no_nb"><![CDATA[bokmål]]></category>
            <category domain="lsb_tax_customization" nicename="skjønnlitteratur"><![CDATA[skjønnlitteratur]]></category>
            <category domain="lsb_tax_customization" nicename="bilder"><![CDATA[bilder]]></category>
            <category domain="lsb_tax_customization" nicename="mange-bilder"><![CDATA[mange bilder]]></category>
            <wp:postmeta>
                <wp:meta_key>_thumbnail_id</wp:meta_key>
                <wp:meta_value><![CDATA[5233]]></wp:meta_value>
            </wp:postmeta>
        </item>
        <item>
            <title>eddie_bolander_jeg stort.jpg</title>
            <wp:post_id>5233</wp:post_id>
            <wp:status>inherit</wp:status>
            <wp:post_type>attachment</wp:post_type>
            <wp:attachment_url>https://raw.githubusercontent.com/lesersokerbok/boksok.no-data-utils/master/output-example/images/74AB2112B9304C7EB362AA2514897371.jpg</wp:attachment_url>
        </item>
        <item>
            <wp:post_type>lsb_book</wp:post_type>
            <wp:status>publish</wp:status>
            <title>Du er vel vakker</title>
            <excerpt:encoded><![CDATA[Det handlar om Hanna,  som møter og forelskar seg i Hermann.  Dei har begge utviklingshemming.  ]]></excerpt:encoded>
            <wp:postmeta>
                <wp:meta_key>lsb_isbn</wp:meta_key>
                <wp:meta_value><![CDATA[9788252168792]]></wp:meta_value>
            </wp:postmeta>
            <wp:postmeta>
                <wp:meta_key>_lsb_isbn</wp:meta_key>
                <wp:meta_value><![CDATA[lsb_acf_isbn]]></wp:meta_value>
            </wp:postmeta>
            <wp:postmeta>
                <wp:meta_key>lsb_published_year</wp:meta_key>
                <wp:meta_value><![CDATA[2006]]></wp:meta_value>
            </wp:postmeta>
            <wp:postmeta>
                <wp:meta_key>_lsb_published_year</wp:meta_key>
                <wp:meta_value><![CDATA[lsb_acf_published_year]]></wp:meta_value>
            </wp:postmeta>
            <wp:postmeta>
                <wp:meta_key>lsb_pages</wp:meta_key>
                <wp:meta_value><![CDATA[135]]></wp:meta_value>
            </wp:postmeta>
            <wp:postmeta>
                <wp:meta_key>_lsb_pages</wp:meta_key>
                <wp:meta_value><![CDATA[lsb_acf_pages]]></wp:meta_value>
            </wp:postmeta>
            <wp:postmeta>
                <wp:meta_key>lsb_review</wp:meta_key>
                <wp:meta_value><![CDATA[  <div>Kjærleiken dei imellom <br />  blir sterk og inderleg,<br />  men snart blir det vanskeleg:<br />  Hermann vil gjerne bli far, <br />  medan Hanna blir passa på<br />  slik at ho tek prevensjon.<br />  Kven skal bestemme over Hanna? <br />  Kva kan Hanna gjere?</div>  <div>&#160;</div>  <div><strong>Du er vel vakker</strong> er ei nydeleg <br />  forteljing om kjærleik, <br />  både poetisk og spennande for alle vaksne. <br />  </div>  <div>Boka har eit innhald som er enkelt å få med seg, <br />  men gir ingen enkle svar <br />  på vanskelege spørsmål. <br />  Ho egnar seg godt til høgtlesing. </div>  <div>Det er mykje tekst og kan difor vere vanskeleg å lese sjølv. </div>  <div>&#160;</div>  <div>Denne boka fekk prisen Årets best tilrettelagte bok<br />  blant Årets vakreste bøker 2006.<br />  I konkurransen om årets vakraste bøker 2007 <br />  delte <strong>Du er vel vakker</strong> førsteplassen. </div>  <div>&#160;</div>  ]]></wp:meta_value>
            </wp:postmeta>
            <wp:postmeta>
                <wp:meta_key>_lsb_review</wp:meta_key>
                <wp:meta_value><![CDATA[lsb_acf_review]]></wp:meta_value>
            </wp:postmeta>
            <wp:postmeta>
                <wp:meta_key>lsb_quote</wp:meta_key>
                <wp:meta_value><![CDATA[Kvar dag kjem Herman til Hanna og   huset hennar.   Mopeden set han ved trappa. Hjelmen   tar han med inn. Han legg den i gangen   og tar Hanna inntil seg. Inn mot den   runde, fine magen. Inn mot den sterke   halsen. Inn mot hovudet som er rundare   og vakrare enn noko ho veit om.   - Få sjå deg, seier ho. ]]></wp:meta_value>
            </wp:postmeta>
            <wp:postmeta>
                <wp:meta_key>_lsb_quote</wp:meta_key>
                <wp:meta_value><![CDATA[lsb_acf_quote]]></wp:meta_value>
            </wp:postmeta>
            <wp:postmeta>
                <wp:meta_key>lsb_supported</wp:meta_key>
                <wp:meta_value><![CDATA[1]]></wp:meta_value>
            </wp:postmeta>
            <wp:postmeta>
                <wp:meta_key>_lsb_supported</wp:meta_key>
                <wp:meta_value><![CDATA[lsb_acf_supported]]></wp:meta_value>
            </wp:postmeta>
            <wp:postmeta>
                <wp:meta_key>lsb_support_cat</wp:meta_key>
                <wp:meta_value><![CDATA[green]]></wp:meta_value>
            </wp:postmeta>
            <wp:postmeta>
                <wp:meta_key>_lsb_support_cat</wp:meta_key>
                <wp:meta_value><![CDATA[lsb_acf_support_cat]]></wp:meta_value>
            </wp:postmeta>
            <category domain="lsb_tax_author" nicename="erna-osland"><![CDATA[Erna Osland]]></category>
            <category domain="lsb_tax_publisher" nicename="samlaget"><![CDATA[Samlaget]]></category>
            <category domain="lsb_tax_illustrator" nicename="johanne-marie-hansen-krone"><![CDATA[Johanne Marie Hansen-Krone]]></category>
            <wp:postmeta>
                <wp:meta_key>lsb_look_inside</wp:meta_key>
                <wp:meta_value><![CDATA[CUSTOM_BLA_I_BOKA]]></wp:meta_value>
            </wp:postmeta>
            <wp:postmeta>
                <wp:meta_key>_lsb_look_inside</wp:meta_key>
                <wp:meta_value><![CDATA[lsb_acf_look_inside]]></wp:meta_value>
            </wp:postmeta>
            <category domain="lsb_tax_age" nicename="ungdom"><![CDATA[ungdom]]></category>
            <category domain="lsb_tax_age" nicename="voksne"><![CDATA[voksne]]></category>
            <category domain="lsb_tax_genre" nicename="prosa"><![CDATA[prosa]]></category>
            <category domain="lsb_tax_topic" nicename="kjærlighet"><![CDATA[kjærlighet]]></category>
            <category domain="lsb_tax_topic" nicename="mennesker-i-mellom"><![CDATA[mennesker i mellom]]></category>
            <category domain="lsb_tax_language" nicename="no_nn"><![CDATA[nynorsk]]></category>
            <category domain="lsb_tax_customization" nicename="utviklingshemmede"><![CDATA[utviklingshemmede]]></category>
            <wp:postmeta>
                <wp:meta_key>_thumbnail_id</wp:meta_key>
                <wp:meta_value><![CDATA[5234]]></wp:meta_value>
            </wp:postmeta>
        </item>
        <item>
            <title>Du er vel vakker liten.jpg</title>
            <wp:post_id>5234</wp:post_id>
            <wp:status>inherit</wp:status>
            <wp:post_type>attachment</wp:post_type>
            <wp:attachment_url>https://raw.githubusercontent.com/lesersokerbok/boksok.no-data-utils/master/output-example/images/3D7C3FE5B8E5418FB1347FA01F981E8D.jpg</wp:attachment_url>
        </item>
        <item>
            <wp:post_type>lsb_book</wp:post_type>
            <wp:status>publish</wp:status>
            <title>Flyktning i Norge. To kvinner forteller</title>
            <excerpt:encoded><![CDATA[I denne boka forteller to kvinner   om sine liv som flyktninger.    Fortellingene er basert på sanne historier.   ]]></excerpt:encoded>
            <wp:postmeta>
                <wp:meta_key>lsb_isbn</wp:meta_key>
                <wp:meta_value><![CDATA[9788281040410]]></wp:meta_value>
            </wp:postmeta>
            <wp:postmeta>
                <wp:meta_key>_lsb_isbn</wp:meta_key>
                <wp:meta_value><![CDATA[lsb_acf_isbn]]></wp:meta_value>
            </wp:postmeta>
            <wp:postmeta>
                <wp:meta_key>lsb_published_year</wp:meta_key>
                <wp:meta_value><![CDATA[2006]]></wp:meta_value>
            </wp:postmeta>
            <wp:postmeta>
                <wp:meta_key>_lsb_published_year</wp:meta_key>
                <wp:meta_value><![CDATA[lsb_acf_published_year]]></wp:meta_value>
            </wp:postmeta>
            <wp:postmeta>
                <wp:meta_key>lsb_pages</wp:meta_key>
                <wp:meta_value><![CDATA[78]]></wp:meta_value>
            </wp:postmeta>
            <wp:postmeta>
                <wp:meta_key>_lsb_pages</wp:meta_key>
                <wp:meta_value><![CDATA[lsb_acf_pages]]></wp:meta_value>
            </wp:postmeta>
            <wp:postmeta>
                <wp:meta_key>lsb_review</wp:meta_key>
                <wp:meta_value><![CDATA[  <div>Boka er delt i to deler: <br />  1. Tanja forteller sin historie<br />  2. Nytt håp<br />  Vi møter Tanja fra Bosnia <br />  og Robabe fra Iran. <br />  De forteller om hvorfor de flyktet, <br />  og om hvordan det er å være asylsøker. </div>  <div>&#160;</div>  <p>Boka er lett tilgjengelig <br />  for dem som skal lære norsk.</p>  ]]></wp:meta_value>
            </wp:postmeta>
            <wp:postmeta>
                <wp:meta_key>_lsb_review</wp:meta_key>
                <wp:meta_value><![CDATA[lsb_acf_review]]></wp:meta_value>
            </wp:postmeta>
            <wp:postmeta>
                <wp:meta_key>lsb_quote</wp:meta_key>
                <wp:meta_value><![CDATA[Jeg har ikke flyktet fra et land i krig.  Jeg har flyktet fra krigen etter krigen.  En krig som ble min krig.  (Fra Tanja forteller sin historie)     Skadene, smerten og arrene bærer hun  med seg for alltid.  Det er arr og smerte i sjelen også,  for da Robabe kom ut av fengselet,  ble hun forfulgt.  (Fra Nytt håp)   ]]></wp:meta_value>
            </wp:postmeta>
            <wp:postmeta>
                <wp:meta_key>_lsb_quote</wp:meta_key>
                <wp:meta_value><![CDATA[lsb_acf_quote]]></wp:meta_value>
            </wp:postmeta>
            <wp:postmeta>
                <wp:meta_key>lsb_supported</wp:meta_key>
                <wp:meta_value><![CDATA[1]]></wp:meta_value>
            </wp:postmeta>
            <wp:postmeta>
                <wp:meta_key>_lsb_supported</wp:meta_key>
                <wp:meta_value><![CDATA[lsb_acf_supported]]></wp:meta_value>
            </wp:postmeta>
            <wp:postmeta>
                <wp:meta_key>lsb_support_cat</wp:meta_key>
                <wp:meta_value><![CDATA[purple]]></wp:meta_value>
            </wp:postmeta>
            <wp:postmeta>
                <wp:meta_key>_lsb_support_cat</wp:meta_key>
                <wp:meta_value><![CDATA[lsb_acf_support_cat]]></wp:meta_value>
            </wp:postmeta>
            <category domain="lsb_tax_author" nicename="ragnhild-rossvær-og-eli-fiske-antonsen"><![CDATA[Ragnhild Rossvær og Eli Fiske Antonsen]]></category>
            <category domain="lsb_tax_publisher" nicename="orkana"><![CDATA[Orkana]]></category>
            <wp:postmeta>
                <wp:meta_key>lsb_look_inside</wp:meta_key>
                <wp:meta_value><![CDATA[CUSTOM_BLA_I_BOKA]]></wp:meta_value>
            </wp:postmeta>
            <wp:postmeta>
                <wp:meta_key>_lsb_look_inside</wp:meta_key>
                <wp:meta_value><![CDATA[lsb_acf_look_inside]]></wp:meta_value>
            </wp:postmeta>
            <category domain="lsb_tax_age" nicename="ungdom"><![CDATA[ungdom]]></category>
            <category domain="lsb_tax_age" nicename="voksne"><![CDATA[voksne]]></category>
            <category domain="lsb_tax_topic" nicename="historie"><![CDATA[historie]]></category>
            <category domain="lsb_tax_topic" nicename="samfunn"><![CDATA[samfunn]]></category>
            <category domain="lsb_tax_topic" nicename="mennesker-i-mellom"><![CDATA[mennesker i mellom]]></category>
            <category domain="lsb_tax_language" nicename="no_nb"><![CDATA[bokmål]]></category>
            <category domain="lsb_tax_customization" nicename="faglitteratur"><![CDATA[faglitteratur]]></category>
            <category domain="lsb_tax_customization" nicename="ny-i-norge"><![CDATA[ny i norge]]></category>
            <category domain="lsb_tax_customization" nicename="mange-bilder"><![CDATA[mange bilder]]></category>
            <wp:postmeta>
                <wp:meta_key>_thumbnail_id</wp:meta_key>
                <wp:meta_value><![CDATA[5235]]></wp:meta_value>
            </wp:postmeta>
        </item>
        <item>
            <title>To kvinner150.jpg</title>
            <wp:post_id>5235</wp:post_id>
            <wp:status>inherit</wp:status>
            <wp:post_type>attachment</wp:post_type>
            <wp:attachment_url>https://raw.githubusercontent.com/lesersokerbok/boksok.no-data-utils/master/output-example/images/3088656474324BA695C44AA8ACF90C70.jpg</wp:attachment_url>
        </item>
        <item>
            <wp:post_type>lsb_book</wp:post_type>
            <wp:status>publish</wp:status>
            <title>Gutta Boys - Hardt vær</title>
            <excerpt:encoded><![CDATA[Det er snart sommer.   Bønna vil starte bade-sesongen   med et hopp fra Panter´n,   det kuleste hoppe- og stupestedet i fjorden.   ]]></excerpt:encoded>
            <wp:postmeta>
                <wp:meta_key>lsb_isbn</wp:meta_key>
                <wp:meta_value><![CDATA[9788204123138]]></wp:meta_value>
            </wp:postmeta>
            <wp:postmeta>
                <wp:meta_key>_lsb_isbn</wp:meta_key>
                <wp:meta_value><![CDATA[lsb_acf_isbn]]></wp:meta_value>
            </wp:postmeta>
            <wp:postmeta>
                <wp:meta_key>lsb_published_year</wp:meta_key>
                <wp:meta_value><![CDATA[2006]]></wp:meta_value>
            </wp:postmeta>
            <wp:postmeta>
                <wp:meta_key>_lsb_published_year</wp:meta_key>
                <wp:meta_value><![CDATA[lsb_acf_published_year]]></wp:meta_value>
            </wp:postmeta>
            <wp:postmeta>
                <wp:meta_key>lsb_pages</wp:meta_key>
                <wp:meta_value><![CDATA[80]]></wp:meta_value>
            </wp:postmeta>
            <wp:postmeta>
                <wp:meta_key>_lsb_pages</wp:meta_key>
                <wp:meta_value><![CDATA[lsb_acf_pages]]></wp:meta_value>
            </wp:postmeta>
            <wp:postmeta>
                <wp:meta_key>lsb_review</wp:meta_key>
                <wp:meta_value><![CDATA[  <p>Han har fått låne båt av onkelen sin <br />  - sier han i hvert fall. </p>  <div>På vei ut til Panter´n plukker de opp jentene. <br />  Noe foregår mellom dem, <br />  noe gutta ikke helt forstår hva er.<br />  Utover dagen blåser det opp til hardt vær <br />  - på flere måter. <br />  Øyturen går ikke som planlagt ...</div>  <div>&#160;</div>  <p><strong>Gutta Boys</strong> er en serie bøker <br />  for ungdom opp til ca 14 år. <br />  Serien har blitt filmet. <br />  Med hver bok følger det bonusmateriale <br />  der du kan lese om veien fra bok <br />  til tv-serie. </p>  <p>Bøkene i serien har stor skrift, <br />  og store fargefotografier.<br />  De har enkel tekst <br />  fram til de siste bonus-sidene.<br />  Teksten har rett høyremarg, <br />  men det er mye luft på sidene. </p>  ]]></wp:meta_value>
            </wp:postmeta>
            <wp:postmeta>
                <wp:meta_key>_lsb_review</wp:meta_key>
                <wp:meta_value><![CDATA[lsb_acf_review]]></wp:meta_value>
            </wp:postmeta>
            <wp:postmeta>
                <wp:meta_key>lsb_quote</wp:meta_key>
                <wp:meta_value><![CDATA[På vei utover passerte vi flere kule båter med svære motorer  og masse hestekrefter. Jeg var spent på å høre hva Bønna hadde fått låne. Inni meg skjønte jeg at det ikke kunne være en av de store. Jeg visste godt at barn under 16 år ikke kan kjøre båter som er lengre enn 16 fot, altså 4 meter. Med en motor som ikke kan ha mer enn 10 hestekrefter.]]></wp:meta_value>
            </wp:postmeta>
            <wp:postmeta>
                <wp:meta_key>_lsb_quote</wp:meta_key>
                <wp:meta_value><![CDATA[lsb_acf_quote]]></wp:meta_value>
            </wp:postmeta>
            <wp:postmeta>
                <wp:meta_key>lsb_supported</wp:meta_key>
                <wp:meta_value><![CDATA[0]]></wp:meta_value>
            </wp:postmeta>
            <wp:postmeta>
                <wp:meta_key>_lsb_supported</wp:meta_key>
                <wp:meta_value><![CDATA[lsb_acf_supported]]></wp:meta_value>
            </wp:postmeta>
            <category domain="lsb_tax_author" nicename="axel-hellstenius"><![CDATA[Axel Hellstenius]]></category>
            <category domain="lsb_tax_publisher" nicename="damm"><![CDATA[Damm]]></category>
            <category domain="lsb_tax_illustrator" nicename="henriette-øyan-og-martin-kvamme"><![CDATA[Henriette Øyan og Martin Kvamme]]></category>
            <wp:postmeta>
                <wp:meta_key>lsb_look_inside</wp:meta_key>
                <wp:meta_value><![CDATA[CUSTOM_BLA_I_BOKA]]></wp:meta_value>
            </wp:postmeta>
            <wp:postmeta>
                <wp:meta_key>_lsb_look_inside</wp:meta_key>
                <wp:meta_value><![CDATA[lsb_acf_look_inside]]></wp:meta_value>
            </wp:postmeta>
            <category domain="lsb_tax_age" nicename="ungdom"><![CDATA[ungdom]]></category>
            <category domain="lsb_tax_genre" nicename="prosa"><![CDATA[prosa]]></category>
            <category domain="lsb_tax_topic" nicename="mennesker-i-mellom"><![CDATA[mennesker i mellom]]></category>
            <category domain="lsb_tax_language" nicename="no_nb"><![CDATA[bokmål]]></category>
            <category domain="lsb_tax_customization" nicename="skjønnlitteratur"><![CDATA[skjønnlitteratur]]></category>
            <category domain="lsb_tax_customization" nicename="mange-bilder"><![CDATA[mange bilder]]></category>
            <wp:postmeta>
                <wp:meta_key>_thumbnail_id</wp:meta_key>
                <wp:meta_value><![CDATA[5236]]></wp:meta_value>
            </wp:postmeta>
        </item>
        <item>
            <title>gutta boys - i hardt vær, ny.jpg</title>
            <wp:post_id>5236</wp:post_id>
            <wp:status>inherit</wp:status>
            <wp:post_type>attachment</wp:post_type>
            <wp:attachment_url>https://raw.githubusercontent.com/lesersokerbok/boksok.no-data-utils/master/output-example/images/39A50B434A8D4CA0A9970A48A38B4675.jpg</wp:attachment_url>
        </item>
        <item>
            <wp:post_type>lsb_book</wp:post_type>
            <wp:status>publish</wp:status>
            <title>Gutta Boys - Høyt spill</title>
            <excerpt:encoded><![CDATA[Bønna føler seg holdt utenfor   og bestemmer seg for å gi de andre en lærepenge.   Han inviterer til klespoker - med jenter!   ]]></excerpt:encoded>
            <wp:postmeta>
                <wp:meta_key>lsb_isbn</wp:meta_key>
                <wp:meta_value><![CDATA[9788204123152]]></wp:meta_value>
            </wp:postmeta>
            <wp:postmeta>
                <wp:meta_key>_lsb_isbn</wp:meta_key>
                <wp:meta_value><![CDATA[lsb_acf_isbn]]></wp:meta_value>
            </wp:postmeta>
            <wp:postmeta>
                <wp:meta_key>lsb_published_year</wp:meta_key>
                <wp:meta_value><![CDATA[2006]]></wp:meta_value>
            </wp:postmeta>
            <wp:postmeta>
                <wp:meta_key>_lsb_published_year</wp:meta_key>
                <wp:meta_value><![CDATA[lsb_acf_published_year]]></wp:meta_value>
            </wp:postmeta>
            <wp:postmeta>
                <wp:meta_key>lsb_pages</wp:meta_key>
                <wp:meta_value><![CDATA[80]]></wp:meta_value>
            </wp:postmeta>
            <wp:postmeta>
                <wp:meta_key>_lsb_pages</wp:meta_key>
                <wp:meta_value><![CDATA[lsb_acf_pages]]></wp:meta_value>
            </wp:postmeta>
            <wp:postmeta>
                <wp:meta_key>lsb_review</wp:meta_key>
                <wp:meta_value><![CDATA[  <p>Da er det om å gjøre å beholde klærne på. <br />  Men er det mulig med Bønna som spillmester?</p>  <div>&#160;</div>  <div><strong>Gutta Boys</strong> er en serie bøker <br />  for ungdom opp til ca 14 år. <br />  Serien har blitt filmet. <br />  Med hver bok følger det bonusmateriale <br />  der du kan lese om veien fra bok <br />  til tv-serie. </div>  <div>&#160;</div>  <div>Bøkene i serien har stor skrift, <br />  og store fargefotografier.<br />  De har enkel tekst <br />  fram til de siste bonus-sidene.<br />  Teksten har rett høyremarg, <br />  men det er mye luft på sidene.</div>  ]]></wp:meta_value>
            </wp:postmeta>
            <wp:postmeta>
                <wp:meta_key>_lsb_review</wp:meta_key>
                <wp:meta_value><![CDATA[lsb_acf_review]]></wp:meta_value>
            </wp:postmeta>
            <wp:postmeta>
                <wp:meta_key>lsb_quote</wp:meta_key>
                <wp:meta_value><![CDATA[Neste dag var det lørdag. Rett etter frokost syklet jeg til  Eivind. Heldigvis traff jeg ikke Bønna på veien. Jeg følte meg råtten fordi jeg ikke hadde gjort noe for å få ham og  Petter til å bli venner igjen. Men tanken på hånlige blikket  han sendte meg sist, gjorde at jeg ikke hadde så veldig   lyst.]]></wp:meta_value>
            </wp:postmeta>
            <wp:postmeta>
                <wp:meta_key>_lsb_quote</wp:meta_key>
                <wp:meta_value><![CDATA[lsb_acf_quote]]></wp:meta_value>
            </wp:postmeta>
            <wp:postmeta>
                <wp:meta_key>lsb_supported</wp:meta_key>
                <wp:meta_value><![CDATA[0]]></wp:meta_value>
            </wp:postmeta>
            <wp:postmeta>
                <wp:meta_key>_lsb_supported</wp:meta_key>
                <wp:meta_value><![CDATA[lsb_acf_supported]]></wp:meta_value>
            </wp:postmeta>
            <category domain="lsb_tax_author" nicename="axel-hellstenius"><![CDATA[Axel Hellstenius]]></category>
            <category domain="lsb_tax_publisher" nicename="damm"><![CDATA[Damm]]></category>
            <category domain="lsb_tax_illustrator" nicename="henriette-øyan-og-martin-kvamme"><![CDATA[Henriette Øyan og Martin Kvamme]]></category>
            <wp:postmeta>
                <wp:meta_key>lsb_look_inside</wp:meta_key>
                <wp:meta_value><![CDATA[CUSTOM_BLA_I_BOKA]]></wp:meta_value>
            </wp:postmeta>
            <wp:postmeta>
                <wp:meta_key>_lsb_look_inside</wp:meta_key>
                <wp:meta_value><![CDATA[lsb_acf_look_inside]]></wp:meta_value>
            </wp:postmeta>
            <category domain="lsb_tax_age" nicename="ungdom"><![CDATA[ungdom]]></category>
            <category domain="lsb_tax_genre" nicename="prosa"><![CDATA[prosa]]></category>
            <category domain="lsb_tax_topic" nicename="mennesker-i-mellom"><![CDATA[mennesker i mellom]]></category>
            <category domain="lsb_tax_language" nicename="no_nb"><![CDATA[bokmål]]></category>
            <category domain="lsb_tax_customization" nicename="skjønnlitteratur"><![CDATA[skjønnlitteratur]]></category>
            <category domain="lsb_tax_customization" nicename="mange-bilder"><![CDATA[mange bilder]]></category>
            <wp:postmeta>
                <wp:meta_key>_thumbnail_id</wp:meta_key>
                <wp:meta_value><![CDATA[5237]]></wp:meta_value>
            </wp:postmeta>
        </item>
        <item>
            <title>gutta boys - høyt spill, ny.jpg</title>
            <wp:post_id>5237</wp:post_id>
            <wp:status>inherit</wp:status>
            <wp:post_type>attachment</wp:post_type>
            <wp:attachment_url>https://raw.githubusercontent.com/lesersokerbok/boksok.no-data-utils/master/output-example/images/61859E5ED24E4AC6B8057E960C4C9BEE.jpg</wp:attachment_url>
        </item>
        <item>
            <wp:post_type>lsb_book</wp:post_type>
            <wp:status>publish</wp:status>
            <title>Gutta Boys - Full krig</title>
            <excerpt:encoded><![CDATA[Gutta Boys har fått ny lærer,   den veltrente Nils Jacob.   I en gymtime klarer ikke Bønna   la være å tøffe seg.   Han blir skikkelig ydmyket - syns han selv.     ]]></excerpt:encoded>
            <wp:postmeta>
                <wp:meta_key>lsb_isbn</wp:meta_key>
                <wp:meta_value/>
            </wp:postmeta>
            <wp:postmeta>
                <wp:meta_key>_lsb_isbn</wp:meta_key>
                <wp:meta_value><![CDATA[lsb_acf_isbn]]></wp:meta_value>
            </wp:postmeta>
            <wp:postmeta>
                <wp:meta_key>lsb_published_year</wp:meta_key>
                <wp:meta_value/>
            </wp:postmeta>
            <wp:postmeta>
                <wp:meta_key>_lsb_published_year</wp:meta_key>
                <wp:meta_value><![CDATA[lsb_acf_published_year]]></wp:meta_value>
            </wp:postmeta>
            <wp:postmeta>
                <wp:meta_key>lsb_pages</wp:meta_key>
                <wp:meta_value/>
            </wp:postmeta>
            <wp:postmeta>
                <wp:meta_key>_lsb_pages</wp:meta_key>
                <wp:meta_value><![CDATA[lsb_acf_pages]]></wp:meta_value>
            </wp:postmeta>
            <wp:postmeta>
                <wp:meta_key>lsb_review</wp:meta_key>
                <wp:meta_value><![CDATA[  <div>Han vil hevne seg. <br />  Snart rykker en tropp heimeverns-soldater <br />  inn i nabolaget. <br />  Sjefen for soldatene er selveste Nils Jacob. <br />  Bønna erklærer full krig!</div>  <div>&#160;</div>  <p><strong>Gutta Boys</strong> er en serie bøker <br />  for ungdom opp til ca 14 år. <br />  Serien har blitt filmet. <br />  Med hver bok følger det bonusmateriale <br />  der du kan lese om veien fra bok <br />  til tv-serie. </p>  <p>Bøkene i serien har stor skrift, <br />  og store fargefotografier.<br />  De har enkel tekst <br />  fram til de siste bonus-sidene.<br />  Teksten har rett høyremarg, <br />  men det er mye luft på sidene.</p>  ]]></wp:meta_value>
            </wp:postmeta>
            <wp:postmeta>
                <wp:meta_key>_lsb_review</wp:meta_key>
                <wp:meta_value><![CDATA[lsb_acf_review]]></wp:meta_value>
            </wp:postmeta>
            <wp:postmeta>
                <wp:meta_key>lsb_quote</wp:meta_key>
                <wp:meta_value/>
            </wp:postmeta>
            <wp:postmeta>
                <wp:meta_key>_lsb_quote</wp:meta_key>
                <wp:meta_value><![CDATA[lsb_acf_quote]]></wp:meta_value>
            </wp:postmeta>
            <wp:postmeta>
                <wp:meta_key>lsb_supported</wp:meta_key>
                <wp:meta_value><![CDATA[0]]></wp:meta_value>
            </wp:postmeta>
            <wp:postmeta>
                <wp:meta_key>_lsb_supported</wp:meta_key>
                <wp:meta_value><![CDATA[lsb_acf_supported]]></wp:meta_value>
            </wp:postmeta>
            <wp:postmeta>
                <wp:meta_key>lsb_look_inside</wp:meta_key>
                <wp:meta_value><![CDATA[CUSTOM_BLA_I_BOKA]]></wp:meta_value>
            </wp:postmeta>
            <wp:postmeta>
                <wp:meta_key>_lsb_look_inside</wp:meta_key>
                <wp:meta_value><![CDATA[lsb_acf_look_inside]]></wp:meta_value>
            </wp:postmeta>
            <category domain="lsb_tax_age" nicename="ungdom"><![CDATA[ungdom]]></category>
            <category domain="lsb_tax_genre" nicename="prosa"><![CDATA[prosa]]></category>
            <category domain="lsb_tax_topic" nicename="mennesker-i-mellom"><![CDATA[mennesker i mellom]]></category>
            <category domain="lsb_tax_language" nicename="no_nb"><![CDATA[bokmål]]></category>
            <category domain="lsb_tax_customization" nicename="skjønnlitteratur"><![CDATA[skjønnlitteratur]]></category>
            <category domain="lsb_tax_customization" nicename="mange-bilder"><![CDATA[mange bilder]]></category>
        </item>
        <item>
            <wp:post_type>lsb_book</wp:post_type>
            <wp:status>publish</wp:status>
            <title>Bli sammen</title>
            <excerpt:encoded><![CDATA[Kalle er elleve år og går i femte klasse.   En dag kommer Ellen inn i klasserommet,   og Kalle vet at han er forelsket.   Men hvordan blir man sammen?  ]]></excerpt:encoded>
            <wp:postmeta>
                <wp:meta_key>lsb_isbn</wp:meta_key>
                <wp:meta_value><![CDATA[9788204104199]]></wp:meta_value>
            </wp:postmeta>
            <wp:postmeta>
                <wp:meta_key>_lsb_isbn</wp:meta_key>
                <wp:meta_value><![CDATA[lsb_acf_isbn]]></wp:meta_value>
            </wp:postmeta>
            <wp:postmeta>
                <wp:meta_key>lsb_published_year</wp:meta_key>
                <wp:meta_value><![CDATA[2005]]></wp:meta_value>
            </wp:postmeta>
            <wp:postmeta>
                <wp:meta_key>_lsb_published_year</wp:meta_key>
                <wp:meta_value><![CDATA[lsb_acf_published_year]]></wp:meta_value>
            </wp:postmeta>
            <wp:postmeta>
                <wp:meta_key>lsb_pages</wp:meta_key>
                <wp:meta_value><![CDATA[72]]></wp:meta_value>
            </wp:postmeta>
            <wp:postmeta>
                <wp:meta_key>_lsb_pages</wp:meta_key>
                <wp:meta_value><![CDATA[lsb_acf_pages]]></wp:meta_value>
            </wp:postmeta>
            <wp:postmeta>
                <wp:meta_key>lsb_review</wp:meta_key>
                <wp:meta_value><![CDATA[  <p><strong>Bli sammen</strong> er en enkel og spennende bok.  <br />  Teksten og tegningene forteller om  <br />  Kalle og Ellens vansker på en morsom måte. </p>  <p>Dette er ei bok i serien Leseløve.</p>  ]]></wp:meta_value>
            </wp:postmeta>
            <wp:postmeta>
                <wp:meta_key>_lsb_review</wp:meta_key>
                <wp:meta_value><![CDATA[lsb_acf_review]]></wp:meta_value>
            </wp:postmeta>
            <wp:postmeta>
                <wp:meta_key>lsb_quote</wp:meta_key>
                <wp:meta_value><![CDATA[Flere og flere havnet på dansegulvet,  men Kalle hadde fått vondt i magen.  Både Sandra og Alice hadde spurt   om han ville danse,   men Kalle hadde takket nei.  Nå sto Ellen foran ham.  "Vil du danse?"  Før han rakk å svare,  hadde hun dratt ham ut på dansegulvet.  Ellen var kjempeflink til å danse.  Kalle bet tennene sammen.]]></wp:meta_value>
            </wp:postmeta>
            <wp:postmeta>
                <wp:meta_key>_lsb_quote</wp:meta_key>
                <wp:meta_value><![CDATA[lsb_acf_quote]]></wp:meta_value>
            </wp:postmeta>
            <wp:postmeta>
                <wp:meta_key>lsb_supported</wp:meta_key>
                <wp:meta_value><![CDATA[0]]></wp:meta_value>
            </wp:postmeta>
            <wp:postmeta>
                <wp:meta_key>_lsb_supported</wp:meta_key>
                <wp:meta_value><![CDATA[lsb_acf_supported]]></wp:meta_value>
            </wp:postmeta>
            <category domain="lsb_tax_author" nicename="thomas-halling"><![CDATA[Thomas Halling]]></category>
            <category domain="lsb_tax_publisher" nicename="damm"><![CDATA[Damm]]></category>
            <category domain="lsb_tax_illustrator" nicename="maria-jönsson"><![CDATA[Maria Jönsson]]></category>
            <category domain="lsb_tax_translator" nicename="jan-chr.-næss"><![CDATA[Jan Chr. Næss]]></category>
            <wp:postmeta>
                <wp:meta_key>lsb_look_inside</wp:meta_key>
                <wp:meta_value><![CDATA[CUSTOM_BLA_I_BOKA]]></wp:meta_value>
            </wp:postmeta>
            <wp:postmeta>
                <wp:meta_key>_lsb_look_inside</wp:meta_key>
                <wp:meta_value><![CDATA[lsb_acf_look_inside]]></wp:meta_value>
            </wp:postmeta>
            <category domain="lsb_tax_age" nicename="barn"><![CDATA[barn]]></category>
            <category domain="lsb_tax_genre" nicename="prosa"><![CDATA[prosa]]></category>
            <category domain="lsb_tax_topic" nicename="humor"><![CDATA[humor]]></category>
            <category domain="lsb_tax_topic" nicename="mennesker-i-mellom"><![CDATA[mennesker i mellom]]></category>
            <category domain="lsb_tax_topic" nicename="kjærlighet"><![CDATA[kjærlighet]]></category>
            <category domain="lsb_tax_language" nicename="no_nb"><![CDATA[bokmål]]></category>
            <category domain="lsb_tax_customization" nicename="storskrift"><![CDATA[storskrift]]></category>
            <category domain="lsb_tax_customization" nicename="skjønnlitteratur"><![CDATA[skjønnlitteratur]]></category>
            <category domain="lsb_tax_customization" nicename="mange-bilder"><![CDATA[mange bilder]]></category>
            <wp:postmeta>
                <wp:meta_key>_thumbnail_id</wp:meta_key>
                <wp:meta_value><![CDATA[5239]]></wp:meta_value>
            </wp:postmeta>
        </item>
        <item>
            <title>bli sammen nett.jpg</title>
            <wp:post_id>5239</wp:post_id>
            <wp:status>inherit</wp:status>
            <wp:post_type>attachment</wp:post_type>
            <wp:attachment_url>https://raw.githubusercontent.com/lesersokerbok/boksok.no-data-utils/master/output-example/images/8EA5AD1147264A5BBA5756D54A36AE35.jpg</wp:attachment_url>
        </item>
        <item>
            <wp:post_type>lsb_book</wp:post_type>
            <wp:status>publish</wp:status>
            <title>Ingentings gave</title>
            <excerpt:encoded><![CDATA[Katten Eugene vil så gjerne finne en gave   til sin beste venn Oscar, hunden.   Men Oscar har allerede alt.   Hva går det an å gi til en som allerede har alt,   undrer Eugene.   Svaret er selvfølgelig Ingenting!   ]]></excerpt:encoded>
            <wp:postmeta>
                <wp:meta_key>lsb_isbn</wp:meta_key>
                <wp:meta_value><![CDATA[9788204119964]]></wp:meta_value>
            </wp:postmeta>
            <wp:postmeta>
                <wp:meta_key>_lsb_isbn</wp:meta_key>
                <wp:meta_value><![CDATA[lsb_acf_isbn]]></wp:meta_value>
            </wp:postmeta>
            <wp:postmeta>
                <wp:meta_key>lsb_published_year</wp:meta_key>
                <wp:meta_value><![CDATA[2006]]></wp:meta_value>
            </wp:postmeta>
            <wp:postmeta>
                <wp:meta_key>_lsb_published_year</wp:meta_key>
                <wp:meta_value><![CDATA[lsb_acf_published_year]]></wp:meta_value>
            </wp:postmeta>
            <wp:postmeta>
                <wp:meta_key>lsb_pages</wp:meta_key>
                <wp:meta_value><![CDATA[56]]></wp:meta_value>
            </wp:postmeta>
            <wp:postmeta>
                <wp:meta_key>_lsb_pages</wp:meta_key>
                <wp:meta_value><![CDATA[lsb_acf_pages]]></wp:meta_value>
            </wp:postmeta>
            <wp:postmeta>
                <wp:meta_key>lsb_review</wp:meta_key>
                <wp:meta_value><![CDATA[  <div>Bli med Eugene mens han leter høyt og lavt etter ... <br />  ingenting!</div>  <div>&#160;</div>  <p>I denne enkle fortellingen møter vi igjen<br />  Eugene og Oscar fra tegneserien <strong>Pels og Poter</strong>,<br />  som vi kan lese i Aftenposten.<br />  Boken har den samme dybden og sjarmen,<br />  og vakre bilder.</p>  <p>En bok for alle!</p>  ]]></wp:meta_value>
            </wp:postmeta>
            <wp:postmeta>
                <wp:meta_key>_lsb_review</wp:meta_key>
                <wp:meta_value><![CDATA[lsb_acf_review]]></wp:meta_value>
            </wp:postmeta>
            <wp:postmeta>
                <wp:meta_key>lsb_quote</wp:meta_key>
                <wp:meta_value><![CDATA[Eugene tenkte og tenkte.  Hva gir du til en som har alt?    INGENTING!    Han ville gi Oscars ingentings gave.    Men i en verden fylt av så mange noenting,  hvor kunne han finne ingenting?  ]]></wp:meta_value>
            </wp:postmeta>
            <wp:postmeta>
                <wp:meta_key>_lsb_quote</wp:meta_key>
                <wp:meta_value><![CDATA[lsb_acf_quote]]></wp:meta_value>
            </wp:postmeta>
            <wp:postmeta>
                <wp:meta_key>lsb_supported</wp:meta_key>
                <wp:meta_value><![CDATA[0]]></wp:meta_value>
            </wp:postmeta>
            <wp:postmeta>
                <wp:meta_key>_lsb_supported</wp:meta_key>
                <wp:meta_value><![CDATA[lsb_acf_supported]]></wp:meta_value>
            </wp:postmeta>
            <category domain="lsb_tax_author" nicename="patrick-mcdonnell"><![CDATA[Patrick McDonnell]]></category>
            <category domain="lsb_tax_publisher" nicename="damm"><![CDATA[Damm]]></category>
            <category domain="lsb_tax_illustrator" nicename="patrick-mcdonnell"><![CDATA[Patrick McDonnell]]></category>
            <category domain="lsb_tax_translator" nicename="jón-sveinbjørn-jónsson"><![CDATA[Jón Sveinbjørn Jónsson]]></category>
            <wp:postmeta>
                <wp:meta_key>lsb_look_inside</wp:meta_key>
                <wp:meta_value><![CDATA[CUSTOM_BLA_I_BOKA]]></wp:meta_value>
            </wp:postmeta>
            <wp:postmeta>
                <wp:meta_key>_lsb_look_inside</wp:meta_key>
                <wp:meta_value><![CDATA[lsb_acf_look_inside]]></wp:meta_value>
            </wp:postmeta>
            <category domain="lsb_tax_age" nicename="voksne"><![CDATA[voksne]]></category>
            <category domain="lsb_tax_age" nicename="ungdom"><![CDATA[ungdom]]></category>
            <category domain="lsb_tax_age" nicename="barn"><![CDATA[barn]]></category>
            <category domain="lsb_tax_topic" nicename="humor"><![CDATA[humor]]></category>
            <category domain="lsb_tax_topic" nicename="mennesker-i-mellom"><![CDATA[mennesker i mellom]]></category>
            <category domain="lsb_tax_language" nicename="no_nb"><![CDATA[bokmål]]></category>
            <category domain="lsb_tax_customization" nicename="skjønnlitteratur"><![CDATA[skjønnlitteratur]]></category>
            <category domain="lsb_tax_customization" nicename="mange-bilder"><![CDATA[mange bilder]]></category>
            <wp:postmeta>
                <wp:meta_key>_thumbnail_id</wp:meta_key>
                <wp:meta_value><![CDATA[5240]]></wp:meta_value>
            </wp:postmeta>
        </item>
        <item>
            <title>ingentings gave, ny.jpg</title>
            <wp:post_id>5240</wp:post_id>
            <wp:status>inherit</wp:status>
            <wp:post_type>attachment</wp:post_type>
            <wp:attachment_url>https://raw.githubusercontent.com/lesersokerbok/boksok.no-data-utils/master/output-example/images/F25AC0C4C4404BC49BC62EDEC7775BB1.jpg</wp:attachment_url>
        </item>
        <item>
            <wp:post_type>lsb_book</wp:post_type>
            <wp:status>publish</wp:status>
            <title>I satans tid</title>
            <excerpt:encoded><![CDATA[Boka handler om Bengt.   Broren hans får seg en mystisk tatovering   og begynner å kle seg i svart.   Hva driver broren egentlig med om kveldene?   ]]></excerpt:encoded>
            <wp:postmeta>
                <wp:meta_key>lsb_isbn</wp:meta_key>
                <wp:meta_value><![CDATA[9788204110398]]></wp:meta_value>
            </wp:postmeta>
            <wp:postmeta>
                <wp:meta_key>_lsb_isbn</wp:meta_key>
                <wp:meta_value><![CDATA[lsb_acf_isbn]]></wp:meta_value>
            </wp:postmeta>
            <wp:postmeta>
                <wp:meta_key>lsb_published_year</wp:meta_key>
                <wp:meta_value><![CDATA[2006]]></wp:meta_value>
            </wp:postmeta>
            <wp:postmeta>
                <wp:meta_key>_lsb_published_year</wp:meta_key>
                <wp:meta_value><![CDATA[lsb_acf_published_year]]></wp:meta_value>
            </wp:postmeta>
            <wp:postmeta>
                <wp:meta_key>lsb_pages</wp:meta_key>
                <wp:meta_value><![CDATA[64]]></wp:meta_value>
            </wp:postmeta>
            <wp:postmeta>
                <wp:meta_key>_lsb_pages</wp:meta_key>
                <wp:meta_value><![CDATA[lsb_acf_pages]]></wp:meta_value>
            </wp:postmeta>
            <wp:postmeta>
                <wp:meta_key>lsb_review</wp:meta_key>
                <wp:meta_value><![CDATA[  <p>Bengt finner svaret. <br />  Og så får han valget: <br />  Han kan få være sammen med broren <br />  og de nye vennene hans. <br />  Om han bare består Prøven ...</p>  <div>&#160;</div>  <div>Front er en unik serie bøker <br />  med enkel tekst for ungdom. <br />  Jon Ewo har skrevet <br />  to andre bøker i Front-serien. </div>  <div>&#160;</div>  <div>Boka er blitt prøvd ut, </div>  <div>blant annet i en klasse ved Lister vgs. </div>  <div>Du kan lese noen av kommentarene fra elevene til høyre. </div>  ]]></wp:meta_value>
            </wp:postmeta>
            <wp:postmeta>
                <wp:meta_key>_lsb_review</wp:meta_key>
                <wp:meta_value><![CDATA[lsb_acf_review]]></wp:meta_value>
            </wp:postmeta>
            <wp:postmeta>
                <wp:meta_key>lsb_quote</wp:meta_key>
                <wp:meta_value><![CDATA[Bengt løp alt han kunne mot gjerdet.   Nå så Bengt skygger komme mot seg   fra flere kanter av gravlunden.  Han hørte det rasle i hekkene.  Og skritt over grusen.  Bengt tenkte på de døde.   Han tenkte på hvite knokler og flirende kranier.  Han tenkte på zombier som jaktet på ham.   Han syntes han hørte noen hviske rett bak seg.     Akkurat idet han slengte seg over syntes   han at han kjente ei knoklete hand   prøve å få tak i T-skjorta hans.    Han sprang gjennom gatene til blodsmaken lå tjukk   i munnen. ]]></wp:meta_value>
            </wp:postmeta>
            <wp:postmeta>
                <wp:meta_key>_lsb_quote</wp:meta_key>
                <wp:meta_value><![CDATA[lsb_acf_quote]]></wp:meta_value>
            </wp:postmeta>
            <wp:postmeta>
                <wp:meta_key>lsb_supported</wp:meta_key>
                <wp:meta_value><![CDATA[1]]></wp:meta_value>
            </wp:postmeta>
            <wp:postmeta>
                <wp:meta_key>_lsb_supported</wp:meta_key>
                <wp:meta_value><![CDATA[lsb_acf_supported]]></wp:meta_value>
            </wp:postmeta>
            <wp:postmeta>
                <wp:meta_key>lsb_support_cat</wp:meta_key>
                <wp:meta_value><![CDATA[purple]]></wp:meta_value>
            </wp:postmeta>
            <wp:postmeta>
                <wp:meta_key>_lsb_support_cat</wp:meta_key>
                <wp:meta_value><![CDATA[lsb_acf_support_cat]]></wp:meta_value>
            </wp:postmeta>
            <category domain="lsb_tax_author" nicename="jon-ewo"><![CDATA[Jon Ewo]]></category>
            <category domain="lsb_tax_publisher" nicename="damm"><![CDATA[Damm]]></category>
            <category domain="lsb_tax_illustrator" nicename="christian-muri-clemetsen"><![CDATA[Christian Muri Clemetsen]]></category>
            <wp:postmeta>
                <wp:meta_key>lsb_look_inside</wp:meta_key>
                <wp:meta_value><![CDATA[CUSTOM_BLA_I_BOKA]]></wp:meta_value>
            </wp:postmeta>
            <wp:postmeta>
                <wp:meta_key>_lsb_look_inside</wp:meta_key>
                <wp:meta_value><![CDATA[lsb_acf_look_inside]]></wp:meta_value>
            </wp:postmeta>
            <category domain="lsb_tax_age" nicename="ungdom"><![CDATA[ungdom]]></category>
            <category domain="lsb_tax_genre" nicename="prosa"><![CDATA[prosa]]></category>
            <category domain="lsb_tax_topic" nicename="krim"><![CDATA[krim]]></category>
            <category domain="lsb_tax_topic" nicename="spenning"><![CDATA[spenning]]></category>
            <category domain="lsb_tax_topic" nicename="mennesker-i-mellom"><![CDATA[mennesker i mellom]]></category>
            <category domain="lsb_tax_language" nicename="no_nb"><![CDATA[bokmål]]></category>
            <category domain="lsb_tax_customization" nicename="skjønnlitteratur"><![CDATA[skjønnlitteratur]]></category>
            <category domain="lsb_tax_customization" nicename="mange-bilder"><![CDATA[mange bilder]]></category>
            <wp:postmeta>
                <wp:meta_key>_thumbnail_id</wp:meta_key>
                <wp:meta_value><![CDATA[5241]]></wp:meta_value>
            </wp:postmeta>
        </item>
        <item>
            <title>I satans tid, ny.jpg</title>
            <wp:post_id>5241</wp:post_id>
            <wp:status>inherit</wp:status>
            <wp:post_type>attachment</wp:post_type>
            <wp:attachment_url>https://raw.githubusercontent.com/lesersokerbok/boksok.no-data-utils/master/output-example/images/45688FAB353C43D09C17662F2CAFE856.jpg</wp:attachment_url>
        </item>
        <item>
            <wp:post_type>lsb_book</wp:post_type>
            <wp:status>publish</wp:status>
            <title>Dyr og fugler i fjellet</title>
            <excerpt:encoded><![CDATA[Noen dyr og fugler trives   selv om vinden uler og snøen laver ned.   Når pelsen er god og fjærne varme som dyner,   kan det være fint å bo i fjellet.  ]]></excerpt:encoded>
            <wp:postmeta>
                <wp:meta_key>lsb_isbn</wp:meta_key>
                <wp:meta_value><![CDATA[9788202243470]]></wp:meta_value>
            </wp:postmeta>
            <wp:postmeta>
                <wp:meta_key>_lsb_isbn</wp:meta_key>
                <wp:meta_value><![CDATA[lsb_acf_isbn]]></wp:meta_value>
            </wp:postmeta>
            <wp:postmeta>
                <wp:meta_key>lsb_published_year</wp:meta_key>
                <wp:meta_value><![CDATA[2005]]></wp:meta_value>
            </wp:postmeta>
            <wp:postmeta>
                <wp:meta_key>_lsb_published_year</wp:meta_key>
                <wp:meta_value><![CDATA[lsb_acf_published_year]]></wp:meta_value>
            </wp:postmeta>
            <wp:postmeta>
                <wp:meta_key>lsb_pages</wp:meta_key>
                <wp:meta_value><![CDATA[64]]></wp:meta_value>
            </wp:postmeta>
            <wp:postmeta>
                <wp:meta_key>_lsb_pages</wp:meta_key>
                <wp:meta_value><![CDATA[lsb_acf_pages]]></wp:meta_value>
            </wp:postmeta>
            <wp:postmeta>
                <wp:meta_key>lsb_review</wp:meta_key>
                <wp:meta_value/>
            </wp:postmeta>
            <wp:postmeta>
                <wp:meta_key>_lsb_review</wp:meta_key>
                <wp:meta_value><![CDATA[lsb_acf_review]]></wp:meta_value>
            </wp:postmeta>
            <wp:postmeta>
                <wp:meta_key>lsb_quote</wp:meta_key>
                <wp:meta_value><![CDATA[Ingen i fjellet er bedre kledd enn morkusen, med varm  ull og et ragg så langt at det nesten subber i bakken.   Hodet har en enorm pannebrask med spisse, framover-  bøyde horn. Når oksene slåss om å være sterkest, tar de   rennefart og dundrer sammen så det smeller. Man får   slett ikke lyst til å krangle med dem. ]]></wp:meta_value>
            </wp:postmeta>
            <wp:postmeta>
                <wp:meta_key>_lsb_quote</wp:meta_key>
                <wp:meta_value><![CDATA[lsb_acf_quote]]></wp:meta_value>
            </wp:postmeta>
            <wp:postmeta>
                <wp:meta_key>lsb_supported</wp:meta_key>
                <wp:meta_value><![CDATA[0]]></wp:meta_value>
            </wp:postmeta>
            <wp:postmeta>
                <wp:meta_key>_lsb_supported</wp:meta_key>
                <wp:meta_value><![CDATA[lsb_acf_supported]]></wp:meta_value>
            </wp:postmeta>
            <category domain="lsb_tax_author" nicename="asgeir-helgestad"><![CDATA[Asgeir Helgestad]]></category>
            <category domain="lsb_tax_publisher" nicename="cappelen"><![CDATA[Cappelen]]></category>
            <category domain="lsb_tax_illustrator" nicename="asgeir-helgestad-og-elisabeth-vold-bjone"><![CDATA[Asgeir Helgestad og Elisabeth Vold Bjone]]></category>
            <wp:postmeta>
                <wp:meta_key>lsb_look_inside</wp:meta_key>
                <wp:meta_value><![CDATA[CUSTOM_BLA_I_BOKA]]></wp:meta_value>
            </wp:postmeta>
            <wp:postmeta>
                <wp:meta_key>_lsb_look_inside</wp:meta_key>
                <wp:meta_value><![CDATA[lsb_acf_look_inside]]></wp:meta_value>
            </wp:postmeta>
            <category domain="lsb_tax_age" nicename="ungdom"><![CDATA[ungdom]]></category>
            <category domain="lsb_tax_age" nicename="voksne"><![CDATA[voksne]]></category>
            <category domain="lsb_tax_genre" nicename="faglitteratur"><![CDATA[faglitteratur]]></category>
            <category domain="lsb_tax_topic" nicename="natur"><![CDATA[natur]]></category>
            <category domain="lsb_tax_language" nicename="no_nb"><![CDATA[bokmål]]></category>
            <category domain="lsb_tax_customization" nicename="faglitteratur"><![CDATA[faglitteratur]]></category>
            <category domain="lsb_tax_customization" nicename="mange-bilder"><![CDATA[mange bilder]]></category>
            <wp:postmeta>
                <wp:meta_key>_thumbnail_id</wp:meta_key>
                <wp:meta_value><![CDATA[5242]]></wp:meta_value>
            </wp:postmeta>
        </item>
        <item>
            <title>dyr og fugler.jpg</title>
            <wp:post_id>5242</wp:post_id>
            <wp:status>inherit</wp:status>
            <wp:post_type>attachment</wp:post_type>
            <wp:attachment_url>https://raw.githubusercontent.com/lesersokerbok/boksok.no-data-utils/master/output-example/images/8703F1763C50419D8208731FA1DFB266.jpg</wp:attachment_url>
        </item>
        <item>
            <wp:post_type>lsb_book</wp:post_type>
            <wp:status>publish</wp:status>
            <title>Alt jeg skriver er sant</title>
            <excerpt:encoded><![CDATA[Samlingen inneholder personlige tekster om blant annet oppvekst, kjønnsroller, skyld og skam. ]]></excerpt:encoded>
            <wp:postmeta>
                <wp:meta_key>lsb_isbn</wp:meta_key>
                <wp:meta_value><![CDATA[9788204142283]]></wp:meta_value>
            </wp:postmeta>
            <wp:postmeta>
                <wp:meta_key>_lsb_isbn</wp:meta_key>
                <wp:meta_value><![CDATA[lsb_acf_isbn]]></wp:meta_value>
            </wp:postmeta>
            <wp:postmeta>
                <wp:meta_key>lsb_published_year</wp:meta_key>
                <wp:meta_value><![CDATA[2007]]></wp:meta_value>
            </wp:postmeta>
            <wp:postmeta>
                <wp:meta_key>_lsb_published_year</wp:meta_key>
                <wp:meta_value><![CDATA[lsb_acf_published_year]]></wp:meta_value>
            </wp:postmeta>
            <wp:postmeta>
                <wp:meta_key>lsb_pages</wp:meta_key>
                <wp:meta_value><![CDATA[178]]></wp:meta_value>
            </wp:postmeta>
            <wp:postmeta>
                <wp:meta_key>_lsb_pages</wp:meta_key>
                <wp:meta_value><![CDATA[lsb_acf_pages]]></wp:meta_value>
            </wp:postmeta>
            <wp:postmeta>
                <wp:meta_key>lsb_review</wp:meta_key>
                <wp:meta_value><![CDATA[  <div>Indirekte stiller forfatteren seg spørsmål </div>  <div>om hva en jente kan skrive om </div>  <div>og hvor lenge hun kan være jente. </div>  <div>Hun skriver og reflekterer over sine møter </div>  <div>med menn og om venninneforhold. </div>  <div>&#160;</div>  <div>De korte tekstene er skrevet </div>  <div>i et presist og lett tilgjengelig språk. </div>  <div>Det går an å bla i boka </div>  <div>og lese små utdrag om gangen. <br />  Boka har noen vanskelige ord. </div>  <div>Den korte og direkte formen </div>  <div>kan være uvant for noen lesere. </div>  <div>&#160;</div>  <div>Ellisiv Lindkvist er både dramaturg, </div>  <div>skribent og kulturredaktør i tidsskriftet Fett. </div>  <div>Dette er hennes første bok.</div>  ]]></wp:meta_value>
            </wp:postmeta>
            <wp:postmeta>
                <wp:meta_key>_lsb_review</wp:meta_key>
                <wp:meta_value><![CDATA[lsb_acf_review]]></wp:meta_value>
            </wp:postmeta>
            <wp:postmeta>
                <wp:meta_key>lsb_quote</wp:meta_key>
                <wp:meta_value><![CDATA[Du trenger ikke forestille deg noe. Jeg finner ikke   på noe. Jeg har ingen fantasi. Jeg har bare lyst til å   fortelle om meg selv. Hvordan det er å være meg.   Hva jeg tenker og føler. Det kan jo være så mye lik-  som, på en måte, litt av hvert. Alt jeg skriver er sant.   Alt er virkelig. Noe annet finnes ikke. ]]></wp:meta_value>
            </wp:postmeta>
            <wp:postmeta>
                <wp:meta_key>_lsb_quote</wp:meta_key>
                <wp:meta_value><![CDATA[lsb_acf_quote]]></wp:meta_value>
            </wp:postmeta>
            <wp:postmeta>
                <wp:meta_key>lsb_supported</wp:meta_key>
                <wp:meta_value><![CDATA[0]]></wp:meta_value>
            </wp:postmeta>
            <wp:postmeta>
                <wp:meta_key>_lsb_supported</wp:meta_key>
                <wp:meta_value><![CDATA[lsb_acf_supported]]></wp:meta_value>
            </wp:postmeta>
            <category domain="lsb_tax_author" nicename="ellisiv-lindkvist"><![CDATA[Ellisiv Lindkvist]]></category>
            <category domain="lsb_tax_publisher" nicename="damm"><![CDATA[Damm]]></category>
            <wp:postmeta>
                <wp:meta_key>lsb_look_inside</wp:meta_key>
                <wp:meta_value><![CDATA[CUSTOM_BLA_I_BOKA]]></wp:meta_value>
            </wp:postmeta>
            <wp:postmeta>
                <wp:meta_key>_lsb_look_inside</wp:meta_key>
                <wp:meta_value><![CDATA[lsb_acf_look_inside]]></wp:meta_value>
            </wp:postmeta>
            <category domain="lsb_tax_age" nicename="voksne"><![CDATA[voksne]]></category>
            <category domain="lsb_tax_genre" nicename="prosa"><![CDATA[prosa]]></category>
            <category domain="lsb_tax_topic" nicename="kjærlighet"><![CDATA[kjærlighet]]></category>
            <category domain="lsb_tax_topic" nicename="mennesker-i-mellom"><![CDATA[mennesker i mellom]]></category>
            <category domain="lsb_tax_language" nicename="no_nb"><![CDATA[bokmål]]></category>
            <category domain="lsb_tax_customization" nicename="skjønnlitteratur"><![CDATA[skjønnlitteratur]]></category>
            <wp:postmeta>
                <wp:meta_key>_thumbnail_id</wp:meta_key>
                <wp:meta_value><![CDATA[5243]]></wp:meta_value>
            </wp:postmeta>
        </item>
        <item>
            <title>alt jeg skriver, ny.jpg</title>
            <wp:post_id>5243</wp:post_id>
            <wp:status>inherit</wp:status>
            <wp:post_type>attachment</wp:post_type>
            <wp:attachment_url>https://raw.githubusercontent.com/lesersokerbok/boksok.no-data-utils/master/output-example/images/5718DCE56F5D4234BAFFE75FCE13635D.jpg</wp:attachment_url>
        </item>
        <item>
            <wp:post_type>lsb_book</wp:post_type>
            <wp:status>publish</wp:status>
            <title>Ørnerovet på Leka</title>
            <excerpt:encoded><![CDATA[Egil leker med Svanhild   og brødrene hennes.   Svanhild er bare tre år.   Plutselig er hun borte!   De leter overalt, men kan ikke   finne henne.   Kan det være at ørnen har tatt henne?   ]]></excerpt:encoded>
            <wp:postmeta>
                <wp:meta_key>lsb_isbn</wp:meta_key>
                <wp:meta_value><![CDATA[9788204115522]]></wp:meta_value>
            </wp:postmeta>
            <wp:postmeta>
                <wp:meta_key>_lsb_isbn</wp:meta_key>
                <wp:meta_value><![CDATA[lsb_acf_isbn]]></wp:meta_value>
            </wp:postmeta>
            <wp:postmeta>
                <wp:meta_key>lsb_published_year</wp:meta_key>
                <wp:meta_value><![CDATA[2006]]></wp:meta_value>
            </wp:postmeta>
            <wp:postmeta>
                <wp:meta_key>_lsb_published_year</wp:meta_key>
                <wp:meta_value><![CDATA[lsb_acf_published_year]]></wp:meta_value>
            </wp:postmeta>
            <wp:postmeta>
                <wp:meta_key>lsb_pages</wp:meta_key>
                <wp:meta_value><![CDATA[60]]></wp:meta_value>
            </wp:postmeta>
            <wp:postmeta>
                <wp:meta_key>_lsb_pages</wp:meta_key>
                <wp:meta_value><![CDATA[lsb_acf_pages]]></wp:meta_value>
            </wp:postmeta>
            <wp:postmeta>
                <wp:meta_key>lsb_review</wp:meta_key>
                <wp:meta_value><![CDATA[  <div>Egil og guttene klatrer opp til ørneredet. <br />  Klarer de å redde Svanhild?  </div>  <div>&#160;</div>  <div>Denne spennende historien <br />  er basert på en faktisk hendelse. <br />  Tre år gamle Svanhild <br />  fra Leka i Nord-Trøndelag <br />  ble tatt av en ørn i 1932. </div>  <div>&#160;</div>  <div>Boka har stor skrift <br />  og bilder som viser hva som skjer.<br />  Teksten inneholder en del sammensatte ord, <br />  og passer best til de som har lest en del. </div>  <div>&#160;</div>  <p><strong>Ørnerovet på Leka</strong> er en bok <br />  i serien Faktaløve fra Damm. </p>  ]]></wp:meta_value>
            </wp:postmeta>
            <wp:postmeta>
                <wp:meta_key>_lsb_review</wp:meta_key>
                <wp:meta_value><![CDATA[lsb_acf_review]]></wp:meta_value>
            </wp:postmeta>
            <wp:postmeta>
                <wp:meta_key>lsb_quote</wp:meta_key>
                <wp:meta_value><![CDATA[Det kan ikke være en av de store   ørnene som har tatt henne? sier Haldor  sakte. De stirrer mysende opp mot   fjellet. "Det var en ørn som fløy ekstra   lavt i dag," svarer Egil.     ]]></wp:meta_value>
            </wp:postmeta>
            <wp:postmeta>
                <wp:meta_key>_lsb_quote</wp:meta_key>
                <wp:meta_value><![CDATA[lsb_acf_quote]]></wp:meta_value>
            </wp:postmeta>
            <wp:postmeta>
                <wp:meta_key>lsb_supported</wp:meta_key>
                <wp:meta_value><![CDATA[0]]></wp:meta_value>
            </wp:postmeta>
            <wp:postmeta>
                <wp:meta_key>_lsb_supported</wp:meta_key>
                <wp:meta_value><![CDATA[lsb_acf_supported]]></wp:meta_value>
            </wp:postmeta>
            <category domain="lsb_tax_author" nicename="bente-roestad"><![CDATA[Bente Roestad]]></category>
            <category domain="lsb_tax_publisher" nicename="damm"><![CDATA[Damm]]></category>
            <category domain="lsb_tax_illustrator" nicename="mia-gjerdrum-helgesen"><![CDATA[Mia Gjerdrum Helgesen]]></category>
            <wp:postmeta>
                <wp:meta_key>lsb_look_inside</wp:meta_key>
                <wp:meta_value><![CDATA[CUSTOM_BLA_I_BOKA]]></wp:meta_value>
            </wp:postmeta>
            <wp:postmeta>
                <wp:meta_key>_lsb_look_inside</wp:meta_key>
                <wp:meta_value><![CDATA[lsb_acf_look_inside]]></wp:meta_value>
            </wp:postmeta>
            <category domain="lsb_tax_age" nicename="barn"><![CDATA[barn]]></category>
            <category domain="lsb_tax_genre" nicename="faglitteratur"><![CDATA[faglitteratur]]></category>
            <category domain="lsb_tax_topic" nicename="krim"><![CDATA[krim]]></category>
            <category domain="lsb_tax_topic" nicename="spenning"><![CDATA[spenning]]></category>
            <category domain="lsb_tax_topic" nicename="mennesker-i-mellom"><![CDATA[mennesker i mellom]]></category>
            <category domain="lsb_tax_topic" nicename="historie"><![CDATA[historie]]></category>
            <category domain="lsb_tax_topic" nicename="samfunn"><![CDATA[samfunn]]></category>
            <category domain="lsb_tax_language" nicename="no_nb"><![CDATA[bokmål]]></category>
            <category domain="lsb_tax_customization" nicename="storskrift"><![CDATA[storskrift]]></category>
            <category domain="lsb_tax_customization" nicename="faglitteratur"><![CDATA[faglitteratur]]></category>
            <category domain="lsb_tax_customization" nicename="mange-bilder"><![CDATA[mange bilder]]></category>
            <wp:postmeta>
                <wp:meta_key>_thumbnail_id</wp:meta_key>
                <wp:meta_value><![CDATA[5244]]></wp:meta_value>
            </wp:postmeta>
        </item>
        <item>
            <title>oernerovet_paa_leka1_cover.jpg</title>
            <wp:post_id>5244</wp:post_id>
            <wp:status>inherit</wp:status>
            <wp:post_type>attachment</wp:post_type>
            <wp:attachment_url>https://raw.githubusercontent.com/lesersokerbok/boksok.no-data-utils/master/output-example/images/0362E93FEEBD43C3AE8880A672358FF5.jpg</wp:attachment_url>
        </item>
        <item>
            <wp:post_type>lsb_book</wp:post_type>
            <wp:status>publish</wp:status>
            <title>For en neve havre</title>
            <excerpt:encoded><![CDATA[En cowboy har fått en hel sekk full av penger.   Hesten råder cowboy til å gjemme pengene.   ]]></excerpt:encoded>
            <wp:postmeta>
                <wp:meta_key>lsb_isbn</wp:meta_key>
                <wp:meta_value><![CDATA[9788202245177]]></wp:meta_value>
            </wp:postmeta>
            <wp:postmeta>
                <wp:meta_key>_lsb_isbn</wp:meta_key>
                <wp:meta_value><![CDATA[lsb_acf_isbn]]></wp:meta_value>
            </wp:postmeta>
            <wp:postmeta>
                <wp:meta_key>lsb_published_year</wp:meta_key>
                <wp:meta_value><![CDATA[2005]]></wp:meta_value>
            </wp:postmeta>
            <wp:postmeta>
                <wp:meta_key>_lsb_published_year</wp:meta_key>
                <wp:meta_value><![CDATA[lsb_acf_published_year]]></wp:meta_value>
            </wp:postmeta>
            <wp:postmeta>
                <wp:meta_key>lsb_pages</wp:meta_key>
                <wp:meta_value><![CDATA[upag.]]></wp:meta_value>
            </wp:postmeta>
            <wp:postmeta>
                <wp:meta_key>_lsb_pages</wp:meta_key>
                <wp:meta_value><![CDATA[lsb_acf_pages]]></wp:meta_value>
            </wp:postmeta>
            <wp:postmeta>
                <wp:meta_key>lsb_review</wp:meta_key>
                <wp:meta_value><![CDATA[  <p>Cowboy går av sted og tegner kart mens han går. <br />  Han finner et fint sted, setter kryss på kartet, <br />  graver ned skatten og går hjem igjen. <br />  Men selv om han følger kartet, <br />  er det lett å gå feil. </p>  <p>Spennende bildebok i tegneseriestil.<br />  Hele historien kan leses gjennom bildene <br />  og noen få replikker. </p>  ]]></wp:meta_value>
            </wp:postmeta>
            <wp:postmeta>
                <wp:meta_key>_lsb_review</wp:meta_key>
                <wp:meta_value><![CDATA[lsb_acf_review]]></wp:meta_value>
            </wp:postmeta>
            <wp:postmeta>
                <wp:meta_key>lsb_quote</wp:meta_key>
                <wp:meta_value><![CDATA[- Dette var litt av en natt.  - Åh, jeg har så vondt i beina.  - Hei, ikke kast rundt deg med penger. Du bør gjemme dem et trygt sted.    ]]></wp:meta_value>
            </wp:postmeta>
            <wp:postmeta>
                <wp:meta_key>_lsb_quote</wp:meta_key>
                <wp:meta_value><![CDATA[lsb_acf_quote]]></wp:meta_value>
            </wp:postmeta>
            <wp:postmeta>
                <wp:meta_key>lsb_supported</wp:meta_key>
                <wp:meta_value><![CDATA[0]]></wp:meta_value>
            </wp:postmeta>
            <wp:postmeta>
                <wp:meta_key>_lsb_supported</wp:meta_key>
                <wp:meta_value><![CDATA[lsb_acf_supported]]></wp:meta_value>
            </wp:postmeta>
            <category domain="lsb_tax_author" nicename="øyvind-torseter"><![CDATA[Øyvind Torseter]]></category>
            <category domain="lsb_tax_publisher" nicename="cappelen"><![CDATA[Cappelen]]></category>
            <category domain="lsb_tax_illustrator" nicename="øyvind-torseter"><![CDATA[Øyvind Torseter]]></category>
            <wp:postmeta>
                <wp:meta_key>lsb_look_inside</wp:meta_key>
                <wp:meta_value><![CDATA[CUSTOM_BLA_I_BOKA]]></wp:meta_value>
            </wp:postmeta>
            <wp:postmeta>
                <wp:meta_key>_lsb_look_inside</wp:meta_key>
                <wp:meta_value><![CDATA[lsb_acf_look_inside]]></wp:meta_value>
            </wp:postmeta>
            <category domain="lsb_tax_age" nicename="barn"><![CDATA[barn]]></category>
            <category domain="lsb_tax_age" nicename="ungdom"><![CDATA[ungdom]]></category>
            <category domain="lsb_tax_topic" nicename="humor"><![CDATA[humor]]></category>
            <category domain="lsb_tax_language" nicename="no_nb"><![CDATA[bokmål]]></category>
            <category domain="lsb_tax_customization" nicename="skjønnlitteratur"><![CDATA[skjønnlitteratur]]></category>
            <category domain="lsb_tax_customization" nicename="mange-bilder"><![CDATA[mange bilder]]></category>
            <wp:postmeta>
                <wp:meta_key>_thumbnail_id</wp:meta_key>
                <wp:meta_value><![CDATA[5245]]></wp:meta_value>
            </wp:postmeta>
        </item>
        <item>
            <title>havre.jpg</title>
            <wp:post_id>5245</wp:post_id>
            <wp:status>inherit</wp:status>
            <wp:post_type>attachment</wp:post_type>
            <wp:attachment_url>https://raw.githubusercontent.com/lesersokerbok/boksok.no-data-utils/master/output-example/images/1980DD7FCF2541769F6026F40785ADCF.jpg</wp:attachment_url>
        </item>
        <item>
            <wp:post_type>lsb_book</wp:post_type>
            <wp:status>publish</wp:status>
            <title>Grundig om gris</title>
            <excerpt:encoded><![CDATA[Odelsgutten Ragnar Aalbu har studert grisen,  og gir oss fakta som vi aldri har hørt før.   Visste du at griser misliker å bli satt i bås?  ]]></excerpt:encoded>
            <wp:postmeta>
                <wp:meta_key>lsb_isbn</wp:meta_key>
                <wp:meta_value><![CDATA[9788202245450]]></wp:meta_value>
            </wp:postmeta>
            <wp:postmeta>
                <wp:meta_key>_lsb_isbn</wp:meta_key>
                <wp:meta_value><![CDATA[lsb_acf_isbn]]></wp:meta_value>
            </wp:postmeta>
            <wp:postmeta>
                <wp:meta_key>lsb_published_year</wp:meta_key>
                <wp:meta_value><![CDATA[2005]]></wp:meta_value>
            </wp:postmeta>
            <wp:postmeta>
                <wp:meta_key>_lsb_published_year</wp:meta_key>
                <wp:meta_value><![CDATA[lsb_acf_published_year]]></wp:meta_value>
            </wp:postmeta>
            <wp:postmeta>
                <wp:meta_key>lsb_pages</wp:meta_key>
                <wp:meta_value><![CDATA[upag.]]></wp:meta_value>
            </wp:postmeta>
            <wp:postmeta>
                <wp:meta_key>_lsb_pages</wp:meta_key>
                <wp:meta_value><![CDATA[lsb_acf_pages]]></wp:meta_value>
            </wp:postmeta>
            <wp:postmeta>
                <wp:meta_key>lsb_review</wp:meta_key>
                <wp:meta_value><![CDATA[  <p>Dette er en bildebok for barn og voksne. <br />  Den passer for både bønder og byfolk, <br />  og alle som har evnen til å undre seg.</p>  <p>Boka har for det meste stor og god skrift. <br />  Bildene er tydelige, men kontrasten kunne vært bedre. </p>  <div>&#160;</div>  <div>Ragnar Aalbu er odelsgutt, forfatter og illustratør.<br />  Han har laget mange bøker blant annet</div>  <div><strong>Sau i sentrum</strong> og <strong>Fokus på ku</strong>. </div>  ]]></wp:meta_value>
            </wp:postmeta>
            <wp:postmeta>
                <wp:meta_key>_lsb_review</wp:meta_key>
                <wp:meta_value><![CDATA[lsb_acf_review]]></wp:meta_value>
            </wp:postmeta>
            <wp:postmeta>
                <wp:meta_key>lsb_quote</wp:meta_key>
                <wp:meta_value><![CDATA[OM SOMMEREN LIKER GRISER Å SVINSE RUNDT,   ELLER BARE PURKE OG SOVE    RÅNERE HOLDER SEG HELST VED NÆRMESTE GATEKJØKKEN    GRUNNEN TIL AT FÅ GRISER KJØRER SOM SVIN,   ER AT DET KOSTER FLESK]]></wp:meta_value>
            </wp:postmeta>
            <wp:postmeta>
                <wp:meta_key>_lsb_quote</wp:meta_key>
                <wp:meta_value><![CDATA[lsb_acf_quote]]></wp:meta_value>
            </wp:postmeta>
            <wp:postmeta>
                <wp:meta_key>lsb_supported</wp:meta_key>
                <wp:meta_value><![CDATA[0]]></wp:meta_value>
            </wp:postmeta>
            <wp:postmeta>
                <wp:meta_key>_lsb_supported</wp:meta_key>
                <wp:meta_value><![CDATA[lsb_acf_supported]]></wp:meta_value>
            </wp:postmeta>
            <category domain="lsb_tax_author" nicename="ragnar-aalbu"><![CDATA[Ragnar Aalbu]]></category>
            <category domain="lsb_tax_publisher" nicename="cappelen"><![CDATA[Cappelen]]></category>
            <category domain="lsb_tax_illustrator" nicename="ragnar-aalbu"><![CDATA[Ragnar Aalbu]]></category>
            <wp:postmeta>
                <wp:meta_key>lsb_look_inside</wp:meta_key>
                <wp:meta_value><![CDATA[CUSTOM_BLA_I_BOKA]]></wp:meta_value>
            </wp:postmeta>
            <wp:postmeta>
                <wp:meta_key>_lsb_look_inside</wp:meta_key>
                <wp:meta_value><![CDATA[lsb_acf_look_inside]]></wp:meta_value>
            </wp:postmeta>
            <category domain="lsb_tax_age" nicename="barn"><![CDATA[barn]]></category>
            <category domain="lsb_tax_topic" nicename="humor"><![CDATA[humor]]></category>
            <category domain="lsb_tax_language" nicename="no_nb"><![CDATA[bokmål]]></category>
            <category domain="lsb_tax_customization" nicename="skjønnlitteratur"><![CDATA[skjønnlitteratur]]></category>
            <category domain="lsb_tax_customization" nicename="mange-bilder"><![CDATA[mange bilder]]></category>
            <wp:postmeta>
                <wp:meta_key>_thumbnail_id</wp:meta_key>
                <wp:meta_value><![CDATA[5246]]></wp:meta_value>
            </wp:postmeta>
        </item>
        <item>
            <title>grundig om gris, ny.jpg</title>
            <wp:post_id>5246</wp:post_id>
            <wp:status>inherit</wp:status>
            <wp:post_type>attachment</wp:post_type>
            <wp:attachment_url>https://raw.githubusercontent.com/lesersokerbok/boksok.no-data-utils/master/output-example/images/BE1F53B31471437F96E19CEA4B10EF1A.jpg</wp:attachment_url>
        </item>
        <item>
            <wp:post_type>lsb_book</wp:post_type>
            <wp:status>publish</wp:status>
            <title>Fokus på ku</title>
            <excerpt:encoded><![CDATA[Mange av oss tror at vi vet det meste om kyr.   Etter å ha lest og studert denne boka  forstår vi at det er helt feil.   ]]></excerpt:encoded>
            <wp:postmeta>
                <wp:meta_key>lsb_isbn</wp:meta_key>
                <wp:meta_value><![CDATA[9788202234195]]></wp:meta_value>
            </wp:postmeta>
            <wp:postmeta>
                <wp:meta_key>_lsb_isbn</wp:meta_key>
                <wp:meta_value><![CDATA[lsb_acf_isbn]]></wp:meta_value>
            </wp:postmeta>
            <wp:postmeta>
                <wp:meta_key>lsb_published_year</wp:meta_key>
                <wp:meta_value><![CDATA[2004]]></wp:meta_value>
            </wp:postmeta>
            <wp:postmeta>
                <wp:meta_key>_lsb_published_year</wp:meta_key>
                <wp:meta_value><![CDATA[lsb_acf_published_year]]></wp:meta_value>
            </wp:postmeta>
            <wp:postmeta>
                <wp:meta_key>lsb_pages</wp:meta_key>
                <wp:meta_value><![CDATA[upag.]]></wp:meta_value>
            </wp:postmeta>
            <wp:postmeta>
                <wp:meta_key>_lsb_pages</wp:meta_key>
                <wp:meta_value><![CDATA[lsb_acf_pages]]></wp:meta_value>
            </wp:postmeta>
            <wp:postmeta>
                <wp:meta_key>lsb_review</wp:meta_key>
                <wp:meta_value><![CDATA[  <p>Visste du f.eks. at haiku <br />  er en blanding av hai og ku? <br />  Eller at en ku har fire mager, <br />  en til gress og tre til dessert? </p>  <div>Dette er en bildebok for barn og voksne, <br />  bønder og byfolk,<br />  og alle som har evnen til å undre seg.<br />  </div>  <p>Ragnar Aalbu er odelsgutt, forfatter og illustratør. </p>  <div>Han har skrevet mange bøker blant annet </div>  <div><strong>Grundig om gris</strong> og <strong>Sau i sentrum</strong>.</div>  <p>Boka har for det meste stor og god skrift. <br />  Bildene er tydelige, men kontrasten kunne vært bedre. </p>  <p>&#160;</p>  ]]></wp:meta_value>
            </wp:postmeta>
            <wp:postmeta>
                <wp:meta_key>_lsb_review</wp:meta_key>
                <wp:meta_value><![CDATA[lsb_acf_review]]></wp:meta_value>
            </wp:postmeta>
            <wp:postmeta>
                <wp:meta_key>lsb_quote</wp:meta_key>
                <wp:meta_value><![CDATA[NÅR KYR BÆSJER, PRØVER DE  ALLTID Å FÅ DET TIL Å LIGNE  PÅ KANELBOLLER    EI GJENNOMSNITTLIG KU MELKER  6 LITER OM DAGEN, INKLUDERT  SJOKOLADEMELK    ]]></wp:meta_value>
            </wp:postmeta>
            <wp:postmeta>
                <wp:meta_key>_lsb_quote</wp:meta_key>
                <wp:meta_value><![CDATA[lsb_acf_quote]]></wp:meta_value>
            </wp:postmeta>
            <wp:postmeta>
                <wp:meta_key>lsb_supported</wp:meta_key>
                <wp:meta_value><![CDATA[0]]></wp:meta_value>
            </wp:postmeta>
            <wp:postmeta>
                <wp:meta_key>_lsb_supported</wp:meta_key>
                <wp:meta_value><![CDATA[lsb_acf_supported]]></wp:meta_value>
            </wp:postmeta>
            <category domain="lsb_tax_author" nicename="ragnar-aalbu"><![CDATA[Ragnar Aalbu]]></category>
            <category domain="lsb_tax_publisher" nicename="cappelen"><![CDATA[Cappelen]]></category>
            <category domain="lsb_tax_illustrator" nicename="ragnar-aalbu"><![CDATA[Ragnar Aalbu]]></category>
            <wp:postmeta>
                <wp:meta_key>lsb_look_inside</wp:meta_key>
                <wp:meta_value><![CDATA[CUSTOM_BLA_I_BOKA]]></wp:meta_value>
            </wp:postmeta>
            <wp:postmeta>
                <wp:meta_key>_lsb_look_inside</wp:meta_key>
                <wp:meta_value><![CDATA[lsb_acf_look_inside]]></wp:meta_value>
            </wp:postmeta>
            <category domain="lsb_tax_age" nicename="barn"><![CDATA[barn]]></category>
            <category domain="lsb_tax_topic" nicename="humor"><![CDATA[humor]]></category>
            <category domain="lsb_tax_language" nicename="no_nb"><![CDATA[bokmål]]></category>
            <category domain="lsb_tax_customization" nicename="skjønnlitteratur"><![CDATA[skjønnlitteratur]]></category>
            <category domain="lsb_tax_customization" nicename="mange-bilder"><![CDATA[mange bilder]]></category>
            <wp:postmeta>
                <wp:meta_key>_thumbnail_id</wp:meta_key>
                <wp:meta_value><![CDATA[5247]]></wp:meta_value>
            </wp:postmeta>
        </item>
        <item>
            <title>fokus på ku, ny.jpg</title>
            <wp:post_id>5247</wp:post_id>
            <wp:status>inherit</wp:status>
            <wp:post_type>attachment</wp:post_type>
            <wp:attachment_url>https://raw.githubusercontent.com/lesersokerbok/boksok.no-data-utils/master/output-example/images/7A907B3D6FD445108A50FEE540228A94.jpg</wp:attachment_url>
        </item>
        <item>
            <wp:post_type>lsb_book</wp:post_type>
            <wp:status>publish</wp:status>
            <title>Skoleklart!</title>
            <excerpt:encoded><![CDATA[Kristine er ei sjarmerende jente med Downs syndrom,   og nå er hun blitt skolejente!   De viktigste ordene er skrevet med   tegn til tale. ]]></excerpt:encoded>
            <wp:postmeta>
                <wp:meta_key>lsb_isbn</wp:meta_key>
                <wp:meta_value><![CDATA[9788251406376]]></wp:meta_value>
            </wp:postmeta>
            <wp:postmeta>
                <wp:meta_key>_lsb_isbn</wp:meta_key>
                <wp:meta_value><![CDATA[lsb_acf_isbn]]></wp:meta_value>
            </wp:postmeta>
            <wp:postmeta>
                <wp:meta_key>lsb_published_year</wp:meta_key>
                <wp:meta_value><![CDATA[2002]]></wp:meta_value>
            </wp:postmeta>
            <wp:postmeta>
                <wp:meta_key>_lsb_published_year</wp:meta_key>
                <wp:meta_value><![CDATA[lsb_acf_published_year]]></wp:meta_value>
            </wp:postmeta>
            <wp:postmeta>
                <wp:meta_key>lsb_pages</wp:meta_key>
                <wp:meta_value><![CDATA[64]]></wp:meta_value>
            </wp:postmeta>
            <wp:postmeta>
                <wp:meta_key>_lsb_pages</wp:meta_key>
                <wp:meta_value><![CDATA[lsb_acf_pages]]></wp:meta_value>
            </wp:postmeta>
            <wp:postmeta>
                <wp:meta_key>lsb_review</wp:meta_key>
                <wp:meta_value><![CDATA[  <p>Vi følger henne fra første skoledag fram til jul, <br />  og deler små og store gleder <br />  med henne og resten av klassen.</p>  <p>Boka har flotte fargefoto.<br />  Den egner seg godt for å lære tegn.<br />  Hver side har tegn til tale,<br />  med noen av de viktigste ordene.<br />  De ordene som er tegnsatt,<br />  er markert med blått i teksten.</p>  <div>&#160;</div>  <div>Det finnes to bøker til om Kristine:<br />  <strong>Klart jeg kan!<br />  Klart vi tør!</strong></div>  ]]></wp:meta_value>
            </wp:postmeta>
            <wp:postmeta>
                <wp:meta_key>_lsb_review</wp:meta_key>
                <wp:meta_value><![CDATA[lsb_acf_review]]></wp:meta_value>
            </wp:postmeta>
            <wp:postmeta>
                <wp:meta_key>lsb_quote</wp:meta_key>
                <wp:meta_value><![CDATA[Lady er bare mitt marsvin. Øystein, lillebroren min, syns det er urettferdig. Men det   synes ikke jeg. Lady har marsvinbarn i magen, så Øystein skal få et marsvin, han også.   Lady vet veldig mye. Det er jeg som har fortalt henne alt hun vet.   - Jeg kjenner fire unger fra før. Og så Elsa Brun. Ranselen min er rød og blå   og svart. Henrik skal bli med meg på skolen. Blir du misunnelig, eller?]]></wp:meta_value>
            </wp:postmeta>
            <wp:postmeta>
                <wp:meta_key>_lsb_quote</wp:meta_key>
                <wp:meta_value><![CDATA[lsb_acf_quote]]></wp:meta_value>
            </wp:postmeta>
            <wp:postmeta>
                <wp:meta_key>lsb_supported</wp:meta_key>
                <wp:meta_value><![CDATA[0]]></wp:meta_value>
            </wp:postmeta>
            <wp:postmeta>
                <wp:meta_key>_lsb_supported</wp:meta_key>
                <wp:meta_value><![CDATA[lsb_acf_supported]]></wp:meta_value>
            </wp:postmeta>
            <category domain="lsb_tax_author" nicename="linda-lillevik"><![CDATA[Linda Lillevik]]></category>
            <category domain="lsb_tax_publisher" nicename="eide"><![CDATA[Eide]]></category>
            <category domain="lsb_tax_illustrator" nicename="kjell-ove-storvik"><![CDATA[Kjell Ove Storvik]]></category>
            <wp:postmeta>
                <wp:meta_key>lsb_look_inside</wp:meta_key>
                <wp:meta_value><![CDATA[CUSTOM_BLA_I_BOKA]]></wp:meta_value>
            </wp:postmeta>
            <wp:postmeta>
                <wp:meta_key>_lsb_look_inside</wp:meta_key>
                <wp:meta_value><![CDATA[lsb_acf_look_inside]]></wp:meta_value>
            </wp:postmeta>
            <category domain="lsb_tax_age" nicename="barn"><![CDATA[barn]]></category>
            <category domain="lsb_tax_topic" nicename="mennesker-i-mellom"><![CDATA[mennesker i mellom]]></category>
            <category domain="lsb_tax_language" nicename="no_nb"><![CDATA[bokmål]]></category>
            <category domain="lsb_tax_customization" nicename="tegn-til-tale"><![CDATA[tegn til tale]]></category>
            <category domain="lsb_tax_customization" nicename="nmt"><![CDATA[nmt]]></category>
            <category domain="lsb_tax_customization" nicename="utviklingshemmede"><![CDATA[utviklingshemmede]]></category>
            <category domain="lsb_tax_customization" nicename="mange-bilder"><![CDATA[mange bilder]]></category>
            <wp:postmeta>
                <wp:meta_key>_thumbnail_id</wp:meta_key>
                <wp:meta_value><![CDATA[5248]]></wp:meta_value>
            </wp:postmeta>
        </item>
        <item>
            <title>skoleklart!, ny.jpg</title>
            <wp:post_id>5248</wp:post_id>
            <wp:status>inherit</wp:status>
            <wp:post_type>attachment</wp:post_type>
            <wp:attachment_url>https://raw.githubusercontent.com/lesersokerbok/boksok.no-data-utils/master/output-example/images/E6C5C217A2EC4418AE11EF1BFDFA0E2C.jpg</wp:attachment_url>
        </item>
        <item>
            <wp:post_type>lsb_book</wp:post_type>
            <wp:status>publish</wp:status>
            <title>Gutta Boys - Det store smellet</title>
            <excerpt:encoded><![CDATA[Det regner. Stranda er tom.   Gutta Boys tenner lunta   på en stjålet dynamittgubbe   og slenger den i en søppeldunk.   Men ingenting skjer.   ]]></excerpt:encoded>
            <wp:postmeta>
                <wp:meta_key>lsb_isbn</wp:meta_key>
                <wp:meta_value><![CDATA[9788204123145]]></wp:meta_value>
            </wp:postmeta>
            <wp:postmeta>
                <wp:meta_key>_lsb_isbn</wp:meta_key>
                <wp:meta_value><![CDATA[lsb_acf_isbn]]></wp:meta_value>
            </wp:postmeta>
            <wp:postmeta>
                <wp:meta_key>lsb_published_year</wp:meta_key>
                <wp:meta_value><![CDATA[2006]]></wp:meta_value>
            </wp:postmeta>
            <wp:postmeta>
                <wp:meta_key>_lsb_published_year</wp:meta_key>
                <wp:meta_value><![CDATA[lsb_acf_published_year]]></wp:meta_value>
            </wp:postmeta>
            <wp:postmeta>
                <wp:meta_key>lsb_pages</wp:meta_key>
                <wp:meta_value><![CDATA[64]]></wp:meta_value>
            </wp:postmeta>
            <wp:postmeta>
                <wp:meta_key>_lsb_pages</wp:meta_key>
                <wp:meta_value><![CDATA[lsb_acf_pages]]></wp:meta_value>
            </wp:postmeta>
            <wp:postmeta>
                <wp:meta_key>lsb_review</wp:meta_key>
                <wp:meta_value><![CDATA[  <p>Snart dukker solen opp.<br />  Badegjestene kommer fram igjen. <br />  I søppeldunken ligger fortsatt <br />  den livsfarlige dynamitten. <br />  Hva gjør de nå? <br />  Stikker, eller rydder opp?</p>  <div>&#160;</div>  <div><strong>Gutta Boys</strong> er en serie bøker <br />  for ungdom opp til ca 14 år. <br />  Serien har blitt filmet. <br />  Med hver bok følger det bonusmateriale <br />  der du kan lese om veien fra bok <br />  til tv-serie. </div>  <p>Bøkene i serien har stor skrift, <br />  og store fargefotografier.<br />  De har enkel tekst <br />  fram til de siste bonus-sidene.<br />  Teksten har rett høyremarg, <br />  men det er mye luft på sidene. </p>  ]]></wp:meta_value>
            </wp:postmeta>
            <wp:postmeta>
                <wp:meta_key>_lsb_review</wp:meta_key>
                <wp:meta_value><![CDATA[lsb_acf_review]]></wp:meta_value>
            </wp:postmeta>
            <wp:postmeta>
                <wp:meta_key>lsb_quote</wp:meta_key>
                <wp:meta_value><![CDATA[Jeg klarte å miste nøkkelen to ganger før låsen gikk opp og jeg fikk slengt meg på sykkelen. De andre lå alt hundre meter foran meg. Jeg tråkket på alt jeg kunne for å ta dem igjen. Og for å komme lengst mulig vekk fra stranden og søppelkassen og den grønne dynamittkubben.]]></wp:meta_value>
            </wp:postmeta>
            <wp:postmeta>
                <wp:meta_key>_lsb_quote</wp:meta_key>
                <wp:meta_value><![CDATA[lsb_acf_quote]]></wp:meta_value>
            </wp:postmeta>
            <wp:postmeta>
                <wp:meta_key>lsb_supported</wp:meta_key>
                <wp:meta_value><![CDATA[0]]></wp:meta_value>
            </wp:postmeta>
            <wp:postmeta>
                <wp:meta_key>_lsb_supported</wp:meta_key>
                <wp:meta_value><![CDATA[lsb_acf_supported]]></wp:meta_value>
            </wp:postmeta>
            <category domain="lsb_tax_author" nicename="axel-hellstenius"><![CDATA[Axel Hellstenius]]></category>
            <category domain="lsb_tax_publisher" nicename="damm"><![CDATA[Damm]]></category>
            <category domain="lsb_tax_illustrator" nicename="henriette-øyan-og-martin-kvamme"><![CDATA[Henriette Øyan og Martin Kvamme]]></category>
            <wp:postmeta>
                <wp:meta_key>lsb_look_inside</wp:meta_key>
                <wp:meta_value><![CDATA[CUSTOM_BLA_I_BOKA]]></wp:meta_value>
            </wp:postmeta>
            <wp:postmeta>
                <wp:meta_key>_lsb_look_inside</wp:meta_key>
                <wp:meta_value><![CDATA[lsb_acf_look_inside]]></wp:meta_value>
            </wp:postmeta>
            <category domain="lsb_tax_age" nicename="ungdom"><![CDATA[ungdom]]></category>
            <category domain="lsb_tax_genre" nicename="prosa"><![CDATA[prosa]]></category>
            <category domain="lsb_tax_topic" nicename="krim"><![CDATA[krim]]></category>
            <category domain="lsb_tax_topic" nicename="spenning"><![CDATA[spenning]]></category>
            <category domain="lsb_tax_topic" nicename="mennesker-i-mellom"><![CDATA[mennesker i mellom]]></category>
            <category domain="lsb_tax_language" nicename="no_nb"><![CDATA[bokmål]]></category>
            <category domain="lsb_tax_customization" nicename="skjønnlitteratur"><![CDATA[skjønnlitteratur]]></category>
            <category domain="lsb_tax_customization" nicename="mange-bilder"><![CDATA[mange bilder]]></category>
            <wp:postmeta>
                <wp:meta_key>_thumbnail_id</wp:meta_key>
                <wp:meta_value><![CDATA[5249]]></wp:meta_value>
            </wp:postmeta>
        </item>
        <item>
            <title>gutta boys - det store smellet, ny.jpg</title>
            <wp:post_id>5249</wp:post_id>
            <wp:status>inherit</wp:status>
            <wp:post_type>attachment</wp:post_type>
            <wp:attachment_url>https://raw.githubusercontent.com/lesersokerbok/boksok.no-data-utils/master/output-example/images/0404A3F5408D43C8A469052179DCF51A.jpg</wp:attachment_url>
        </item>
        <item>
            <wp:post_type>lsb_book</wp:post_type>
            <wp:status>publish</wp:status>
            <title>PS. Hils morfar! </title>
            <excerpt:encoded><![CDATA[Jenny skriver brev til mormor.   Hun forteller om ting som skjer rundt henne,   som at pappa har fått ny jobb,   hva læreren hennes ligner på   og at Tannfeen har vært på besøk.   ]]></excerpt:encoded>
            <wp:postmeta>
                <wp:meta_key>lsb_isbn</wp:meta_key>
                <wp:meta_value><![CDATA[9788202245191]]></wp:meta_value>
            </wp:postmeta>
            <wp:postmeta>
                <wp:meta_key>_lsb_isbn</wp:meta_key>
                <wp:meta_value><![CDATA[lsb_acf_isbn]]></wp:meta_value>
            </wp:postmeta>
            <wp:postmeta>
                <wp:meta_key>lsb_published_year</wp:meta_key>
                <wp:meta_value><![CDATA[2005]]></wp:meta_value>
            </wp:postmeta>
            <wp:postmeta>
                <wp:meta_key>_lsb_published_year</wp:meta_key>
                <wp:meta_value><![CDATA[lsb_acf_published_year]]></wp:meta_value>
            </wp:postmeta>
            <wp:postmeta>
                <wp:meta_key>lsb_pages</wp:meta_key>
                <wp:meta_value><![CDATA[40]]></wp:meta_value>
            </wp:postmeta>
            <wp:postmeta>
                <wp:meta_key>_lsb_pages</wp:meta_key>
                <wp:meta_value><![CDATA[lsb_acf_pages]]></wp:meta_value>
            </wp:postmeta>
            <wp:postmeta>
                <wp:meta_key>lsb_review</wp:meta_key>
                <wp:meta_value><![CDATA[  <div><strong>PS. Hils morfar!</strong> er ei morsom bok om verden<br />  sett gjennom et barns øyne. <br />  Fam Ekmans bilder er fulle<br />  av merkelige detaljer,<br />  slik at man oppdager noe nytt hele tiden.</div>  <div>&#160;</div>  <p>Dette er en godt tilrettelagt bok <br />  med tekst og bilde hver for seg. <br />  Teksten har relativt enkelt innhold, <br />  men bildene krever en del. <br />  Fonten kunne vært noe større.</p>  ]]></wp:meta_value>
            </wp:postmeta>
            <wp:postmeta>
                <wp:meta_key>_lsb_review</wp:meta_key>
                <wp:meta_value><![CDATA[lsb_acf_review]]></wp:meta_value>
            </wp:postmeta>
            <wp:postmeta>
                <wp:meta_key>lsb_quote</wp:meta_key>
                <wp:meta_value><![CDATA[Jeg har hatt meslinger. Jeg måtte ligge i sengen.   Jeg fikk lest en del. Og mat fikk jeg jo.   Beklager, du er smittsom, sa mamma og fortet   seg ut.  Hei Petter, sa jeg, kom så skal du få noe rart av   meg.]]></wp:meta_value>
            </wp:postmeta>
            <wp:postmeta>
                <wp:meta_key>_lsb_quote</wp:meta_key>
                <wp:meta_value><![CDATA[lsb_acf_quote]]></wp:meta_value>
            </wp:postmeta>
            <wp:postmeta>
                <wp:meta_key>lsb_supported</wp:meta_key>
                <wp:meta_value><![CDATA[0]]></wp:meta_value>
            </wp:postmeta>
            <wp:postmeta>
                <wp:meta_key>_lsb_supported</wp:meta_key>
                <wp:meta_value><![CDATA[lsb_acf_supported]]></wp:meta_value>
            </wp:postmeta>
            <category domain="lsb_tax_author" nicename="fam-ekman"><![CDATA[Fam Ekman]]></category>
            <category domain="lsb_tax_publisher" nicename="cappelen"><![CDATA[Cappelen]]></category>
            <category domain="lsb_tax_illustrator" nicename="fam-ekman"><![CDATA[Fam Ekman]]></category>
            <wp:postmeta>
                <wp:meta_key>lsb_look_inside</wp:meta_key>
                <wp:meta_value><![CDATA[CUSTOM_BLA_I_BOKA]]></wp:meta_value>
            </wp:postmeta>
            <wp:postmeta>
                <wp:meta_key>_lsb_look_inside</wp:meta_key>
                <wp:meta_value><![CDATA[lsb_acf_look_inside]]></wp:meta_value>
            </wp:postmeta>
            <category domain="lsb_tax_age" nicename="barn"><![CDATA[barn]]></category>
            <category domain="lsb_tax_genre" nicename="prosa"><![CDATA[prosa]]></category>
            <category domain="lsb_tax_topic" nicename="mennesker-i-mellom"><![CDATA[mennesker i mellom]]></category>
            <category domain="lsb_tax_language" nicename="no_nb"><![CDATA[bokmål]]></category>
            <category domain="lsb_tax_customization" nicename="skjønnlitteratur"><![CDATA[skjønnlitteratur]]></category>
            <category domain="lsb_tax_customization" nicename="mange-bilder"><![CDATA[mange bilder]]></category>
            <wp:postmeta>
                <wp:meta_key>_thumbnail_id</wp:meta_key>
                <wp:meta_value><![CDATA[5250]]></wp:meta_value>
            </wp:postmeta>
        </item>
        <item>
            <title>PS.jpg</title>
            <wp:post_id>5250</wp:post_id>
            <wp:status>inherit</wp:status>
            <wp:post_type>attachment</wp:post_type>
            <wp:attachment_url>https://raw.githubusercontent.com/lesersokerbok/boksok.no-data-utils/master/output-example/images/A58F525F28674FD1A851E62DFE385920.jpg</wp:attachment_url>
        </item>
        <item>
            <wp:post_type>lsb_book</wp:post_type>
            <wp:status>publish</wp:status>
            <title>Så lenge det vara</title>
            <excerpt:encoded><![CDATA[Boka er en dokumentar over   nordnorsk folkekultur og egenart.   Den inneholder fotografier og tekster  fra ulike hus og hjem i Nord-Norge.    ]]></excerpt:encoded>
            <wp:postmeta>
                <wp:meta_key>lsb_isbn</wp:meta_key>
                <wp:meta_value><![CDATA[9788275472067]]></wp:meta_value>
            </wp:postmeta>
            <wp:postmeta>
                <wp:meta_key>_lsb_isbn</wp:meta_key>
                <wp:meta_value><![CDATA[lsb_acf_isbn]]></wp:meta_value>
            </wp:postmeta>
            <wp:postmeta>
                <wp:meta_key>lsb_published_year</wp:meta_key>
                <wp:meta_value><![CDATA[2005]]></wp:meta_value>
            </wp:postmeta>
            <wp:postmeta>
                <wp:meta_key>_lsb_published_year</wp:meta_key>
                <wp:meta_value><![CDATA[lsb_acf_published_year]]></wp:meta_value>
            </wp:postmeta>
            <wp:postmeta>
                <wp:meta_key>lsb_pages</wp:meta_key>
                <wp:meta_value><![CDATA[127]]></wp:meta_value>
            </wp:postmeta>
            <wp:postmeta>
                <wp:meta_key>_lsb_pages</wp:meta_key>
                <wp:meta_value><![CDATA[lsb_acf_pages]]></wp:meta_value>
            </wp:postmeta>
            <wp:postmeta>
                <wp:meta_key>lsb_review</wp:meta_key>
                <wp:meta_value><![CDATA[  <p>Her møter vi både menneskene <br />  og deres indre landskap, <br />  og det flotte naturlandskapet i Nord-Norge. </p>  <div>Så lenge det vara får tankene til å gå tilbake. <br />  Historiene er små og enkle å komme seg gjennom. <br />  Det går an å lese dem enkeltvis eller i sammenheng. <br />  Enkelte av tekstene har liten font <br />  og en layout som ikke er spesielt tilgjengelig, <br />  men boka kan også fungere som ren billedbok. <br />  Den er fin for alle aldersgrupper. <br />  Også eldre og demente kan ha glede av boka. </div>  <div>&#160;</div>  <div>Rune Johansen har også laget boka<br />  <strong>Hiv mannskjiten</strong>, som ble en stor suksess. <br />  </div>  ]]></wp:meta_value>
            </wp:postmeta>
            <wp:postmeta>
                <wp:meta_key>_lsb_review</wp:meta_key>
                <wp:meta_value><![CDATA[lsb_acf_review]]></wp:meta_value>
            </wp:postmeta>
            <wp:postmeta>
                <wp:meta_key>lsb_quote</wp:meta_key>
                <wp:meta_value><![CDATA[Jeg så det sto ei kjerring i døra da jeg foto-  graferte dette bildet. Ikke på ordentlig, men   jeg så henne i tankene mine. Hun sto i døra  og så på meg. Sørgmodig. Jeg så røde blom-  ster i vinduskarmen, hvite gardiner og et   svakt lys i stua. Det var stille, helt stille, så   snudde hun og gikk inn.  ]]></wp:meta_value>
            </wp:postmeta>
            <wp:postmeta>
                <wp:meta_key>_lsb_quote</wp:meta_key>
                <wp:meta_value><![CDATA[lsb_acf_quote]]></wp:meta_value>
            </wp:postmeta>
            <wp:postmeta>
                <wp:meta_key>lsb_supported</wp:meta_key>
                <wp:meta_value><![CDATA[0]]></wp:meta_value>
            </wp:postmeta>
            <wp:postmeta>
                <wp:meta_key>_lsb_supported</wp:meta_key>
                <wp:meta_value><![CDATA[lsb_acf_supported]]></wp:meta_value>
            </wp:postmeta>
            <category domain="lsb_tax_author" nicename="rune-johansen"><![CDATA[Rune Johansen]]></category>
            <category domain="lsb_tax_publisher" nicename="press"><![CDATA[Press]]></category>
            <category domain="lsb_tax_illustrator" nicename="rune-johansen"><![CDATA[Rune Johansen]]></category>
            <wp:postmeta>
                <wp:meta_key>lsb_look_inside</wp:meta_key>
                <wp:meta_value><![CDATA[CUSTOM_BLA_I_BOKA]]></wp:meta_value>
            </wp:postmeta>
            <wp:postmeta>
                <wp:meta_key>_lsb_look_inside</wp:meta_key>
                <wp:meta_value><![CDATA[lsb_acf_look_inside]]></wp:meta_value>
            </wp:postmeta>
            <category domain="lsb_tax_age" nicename="voksne"><![CDATA[voksne]]></category>
            <category domain="lsb_tax_genre" nicename="faglitteratur"><![CDATA[faglitteratur]]></category>
            <category domain="lsb_tax_topic" nicename="historie"><![CDATA[historie]]></category>
            <category domain="lsb_tax_topic" nicename="samfunn"><![CDATA[samfunn]]></category>
            <category domain="lsb_tax_topic" nicename="mennesker-i-mellom"><![CDATA[mennesker i mellom]]></category>
            <category domain="lsb_tax_language" nicename="no_nb"><![CDATA[bokmål]]></category>
            <category domain="lsb_tax_customization" nicename="faglitteratur"><![CDATA[faglitteratur]]></category>
            <category domain="lsb_tax_customization" nicename="demente"><![CDATA[demente]]></category>
            <category domain="lsb_tax_customization" nicename="mange-bilder"><![CDATA[mange bilder]]></category>
            <wp:postmeta>
                <wp:meta_key>_thumbnail_id</wp:meta_key>
                <wp:meta_value><![CDATA[5251]]></wp:meta_value>
            </wp:postmeta>
        </item>
        <item>
            <title>så lenge det vara, ny.jpg</title>
            <wp:post_id>5251</wp:post_id>
            <wp:status>inherit</wp:status>
            <wp:post_type>attachment</wp:post_type>
            <wp:attachment_url>https://raw.githubusercontent.com/lesersokerbok/boksok.no-data-utils/master/output-example/images/B53535CAD06C4B7ABE1D474900B34E45.jpg</wp:attachment_url>
        </item>
        <item>
            <wp:post_type>lsb_book</wp:post_type>
            <wp:status>publish</wp:status>
            <title>I stormen skal du dø</title>
            <excerpt:encoded><![CDATA[Børge og Gunn er bønder på Gotland.  De har vært gift lenge.  En dag kommer Siri til øya.  ]]></excerpt:encoded>
            <wp:postmeta>
                <wp:meta_key>lsb_isbn</wp:meta_key>
                <wp:meta_value><![CDATA[8280980024]]></wp:meta_value>
            </wp:postmeta>
            <wp:postmeta>
                <wp:meta_key>_lsb_isbn</wp:meta_key>
                <wp:meta_value><![CDATA[lsb_acf_isbn]]></wp:meta_value>
            </wp:postmeta>
            <wp:postmeta>
                <wp:meta_key>lsb_published_year</wp:meta_key>
                <wp:meta_value><![CDATA[2003]]></wp:meta_value>
            </wp:postmeta>
            <wp:postmeta>
                <wp:meta_key>_lsb_published_year</wp:meta_key>
                <wp:meta_value><![CDATA[lsb_acf_published_year]]></wp:meta_value>
            </wp:postmeta>
            <wp:postmeta>
                <wp:meta_key>lsb_pages</wp:meta_key>
                <wp:meta_value><![CDATA[120]]></wp:meta_value>
            </wp:postmeta>
            <wp:postmeta>
                <wp:meta_key>_lsb_pages</wp:meta_key>
                <wp:meta_value><![CDATA[lsb_acf_pages]]></wp:meta_value>
            </wp:postmeta>
            <wp:postmeta>
                <wp:meta_key>lsb_review</wp:meta_key>
                <wp:meta_value><![CDATA[  <div>Hun er ung og vakker.<br />  Gunn kjenner seg gammel og stygg.<br />  Det kan være farlig å kjenne seg gammel og stygg.<br />  Det kan faktisk være livsfarlig.</div>  <div>&#160;</div>  <div><strong>I stormen skal du dø</strong> er spennende </div>  <div>og lett å lese. </div>  ]]></wp:meta_value>
            </wp:postmeta>
            <wp:postmeta>
                <wp:meta_key>_lsb_review</wp:meta_key>
                <wp:meta_value><![CDATA[lsb_acf_review]]></wp:meta_value>
            </wp:postmeta>
            <wp:postmeta>
                <wp:meta_key>lsb_quote</wp:meta_key>
                <wp:meta_value><![CDATA[Noen ganger føler jeg meg usynlig, tenker Gunn.  Stemmen min finnes kanskje ikke.  Tenk om stemmen min bare er i hodet mitt?]]></wp:meta_value>
            </wp:postmeta>
            <wp:postmeta>
                <wp:meta_key>_lsb_quote</wp:meta_key>
                <wp:meta_value><![CDATA[lsb_acf_quote]]></wp:meta_value>
            </wp:postmeta>
            <wp:postmeta>
                <wp:meta_key>lsb_supported</wp:meta_key>
                <wp:meta_value><![CDATA[0]]></wp:meta_value>
            </wp:postmeta>
            <wp:postmeta>
                <wp:meta_key>_lsb_supported</wp:meta_key>
                <wp:meta_value><![CDATA[lsb_acf_supported]]></wp:meta_value>
            </wp:postmeta>
            <category domain="lsb_tax_author" nicename="anna-jansson"><![CDATA[Anna Jansson]]></category>
            <category domain="lsb_tax_publisher" nicename="lettlest-forlag"><![CDATA[Lettlest forlag]]></category>
            <category domain="lsb_tax_translator" nicename="bjørn-rudborg"><![CDATA[Bjørn Rudborg]]></category>
            <wp:postmeta>
                <wp:meta_key>lsb_look_inside</wp:meta_key>
                <wp:meta_value><![CDATA[CUSTOM_BLA_I_BOKA]]></wp:meta_value>
            </wp:postmeta>
            <wp:postmeta>
                <wp:meta_key>_lsb_look_inside</wp:meta_key>
                <wp:meta_value><![CDATA[lsb_acf_look_inside]]></wp:meta_value>
            </wp:postmeta>
            <category domain="lsb_tax_age" nicename="ungdom"><![CDATA[ungdom]]></category>
            <category domain="lsb_tax_age" nicename="voksne"><![CDATA[voksne]]></category>
            <category domain="lsb_tax_genre" nicename="prosa"><![CDATA[prosa]]></category>
            <category domain="lsb_tax_topic" nicename="krim"><![CDATA[krim]]></category>
            <category domain="lsb_tax_topic" nicename="spenning"><![CDATA[spenning]]></category>
            <category domain="lsb_tax_language" nicename="no_nb"><![CDATA[bokmål]]></category>
            <category domain="lsb_tax_customization" nicename="skjønnlitteratur"><![CDATA[skjønnlitteratur]]></category>
            <wp:postmeta>
                <wp:meta_key>_thumbnail_id</wp:meta_key>
                <wp:meta_value><![CDATA[5252]]></wp:meta_value>
            </wp:postmeta>
        </item>
        <item>
            <title>I stormen skal du dø.jpg</title>
            <wp:post_id>5252</wp:post_id>
            <wp:status>inherit</wp:status>
            <wp:post_type>attachment</wp:post_type>
            <wp:attachment_url>https://raw.githubusercontent.com/lesersokerbok/boksok.no-data-utils/master/output-example/images/6D8AEED436094B91BA2F2AA5A618E5D4.jpg</wp:attachment_url>
        </item>
        <item>
            <wp:post_type>lsb_book</wp:post_type>
            <wp:status>publish</wp:status>
            <title>Blir det sol? </title>
            <excerpt:encoded><![CDATA[Pål og Ida skal på hyttetur og plukke blåveis.   Pål blir bekymret fordi det snør   og er dårlig vær.   Han ringer meteorologisk institutt  og ber om sol.   ]]></excerpt:encoded>
            <wp:postmeta>
                <wp:meta_key>lsb_isbn</wp:meta_key>
                <wp:meta_value><![CDATA[8205165971]]></wp:meta_value>
            </wp:postmeta>
            <wp:postmeta>
                <wp:meta_key>_lsb_isbn</wp:meta_key>
                <wp:meta_value><![CDATA[lsb_acf_isbn]]></wp:meta_value>
            </wp:postmeta>
            <wp:postmeta>
                <wp:meta_key>lsb_published_year</wp:meta_key>
                <wp:meta_value><![CDATA[1986]]></wp:meta_value>
            </wp:postmeta>
            <wp:postmeta>
                <wp:meta_key>_lsb_published_year</wp:meta_key>
                <wp:meta_value><![CDATA[lsb_acf_published_year]]></wp:meta_value>
            </wp:postmeta>
            <wp:postmeta>
                <wp:meta_key>lsb_pages</wp:meta_key>
                <wp:meta_value><![CDATA[127]]></wp:meta_value>
            </wp:postmeta>
            <wp:postmeta>
                <wp:meta_key>_lsb_pages</wp:meta_key>
                <wp:meta_value><![CDATA[lsb_acf_pages]]></wp:meta_value>
            </wp:postmeta>
            <wp:postmeta>
                <wp:meta_key>lsb_review</wp:meta_key>
                <wp:meta_value><![CDATA[  <div>Hvert oppslag har fargebilder </div>  <div>som viser hva Pål og Ida gjør. </div>  <div>Under fargebildet er det en bildetekst </div>  <div>som oppsummerer hendelsen. </div>  <div>&#160;</div>  <div><strong>Liv Riktor Lykkenborg</strong> har skrevet bøker<br />  som kan leses på flere nivåer: <br />  Du kan lese en lang tekst, en kort tekst <br />  eller bare "lese" bildene. <br />  <strong>&#160;</strong></div>  <div><strong>Blir det sol?</strong> er en del av en serie om Pål og Ida.<br />  Disse bøkene var svært populære da de kom,<br />  men nå kan de fremstå som noe umoderne.</div>  ]]></wp:meta_value>
            </wp:postmeta>
            <wp:postmeta>
                <wp:meta_key>_lsb_review</wp:meta_key>
                <wp:meta_value><![CDATA[lsb_acf_review]]></wp:meta_value>
            </wp:postmeta>
            <wp:postmeta>
                <wp:meta_key>lsb_quote</wp:meta_key>
                <wp:meta_value/>
            </wp:postmeta>
            <wp:postmeta>
                <wp:meta_key>_lsb_quote</wp:meta_key>
                <wp:meta_value><![CDATA[lsb_acf_quote]]></wp:meta_value>
            </wp:postmeta>
            <wp:postmeta>
                <wp:meta_key>lsb_supported</wp:meta_key>
                <wp:meta_value><![CDATA[0]]></wp:meta_value>
            </wp:postmeta>
            <wp:postmeta>
                <wp:meta_key>_lsb_supported</wp:meta_key>
                <wp:meta_value><![CDATA[lsb_acf_supported]]></wp:meta_value>
            </wp:postmeta>
            <category domain="lsb_tax_author" nicename="liv-riktor-lykkenborg"><![CDATA[Liv Riktor Lykkenborg]]></category>
            <category domain="lsb_tax_publisher" nicename="gyldendal"><![CDATA[Gyldendal]]></category>
            <category domain="lsb_tax_illustrator" nicename="liv-riktor-lykkenborg"><![CDATA[Liv Riktor Lykkenborg]]></category>
            <wp:postmeta>
                <wp:meta_key>lsb_look_inside</wp:meta_key>
                <wp:meta_value><![CDATA[CUSTOM_BLA_I_BOKA]]></wp:meta_value>
            </wp:postmeta>
            <wp:postmeta>
                <wp:meta_key>_lsb_look_inside</wp:meta_key>
                <wp:meta_value><![CDATA[lsb_acf_look_inside]]></wp:meta_value>
            </wp:postmeta>
            <category domain="lsb_tax_age" nicename="voksne"><![CDATA[voksne]]></category>
            <category domain="lsb_tax_language" nicename="no_nb"><![CDATA[bokmål]]></category>
            <category domain="lsb_tax_customization" nicename="utviklingshemmede"><![CDATA[utviklingshemmede]]></category>
            <category domain="lsb_tax_customization" nicename="mange-bilder"><![CDATA[mange bilder]]></category>
            <wp:postmeta>
                <wp:meta_key>_thumbnail_id</wp:meta_key>
                <wp:meta_value><![CDATA[5253]]></wp:meta_value>
            </wp:postmeta>
        </item>
        <item>
            <title>blir det sol nett.jpg</title>
            <wp:post_id>5253</wp:post_id>
            <wp:status>inherit</wp:status>
            <wp:post_type>attachment</wp:post_type>
            <wp:attachment_url>https://raw.githubusercontent.com/lesersokerbok/boksok.no-data-utils/master/output-example/images/9957F16AF596459AAE242C1CCBF58569.jpg</wp:attachment_url>
        </item>
        <item>
            <wp:post_type>lsb_book</wp:post_type>
            <wp:status>publish</wp:status>
            <title>5 herlige hundehistorier</title>
            <excerpt:encoded><![CDATA[Disse fem historiene handler om hunder,  menneskets beste venn.  ]]></excerpt:encoded>
            <wp:postmeta>
                <wp:meta_key>lsb_isbn</wp:meta_key>
                <wp:meta_value><![CDATA[9788252927467]]></wp:meta_value>
            </wp:postmeta>
            <wp:postmeta>
                <wp:meta_key>_lsb_isbn</wp:meta_key>
                <wp:meta_value><![CDATA[lsb_acf_isbn]]></wp:meta_value>
            </wp:postmeta>
            <wp:postmeta>
                <wp:meta_key>lsb_published_year</wp:meta_key>
                <wp:meta_value><![CDATA[2003]]></wp:meta_value>
            </wp:postmeta>
            <wp:postmeta>
                <wp:meta_key>_lsb_published_year</wp:meta_key>
                <wp:meta_value><![CDATA[lsb_acf_published_year]]></wp:meta_value>
            </wp:postmeta>
            <wp:postmeta>
                <wp:meta_key>lsb_pages</wp:meta_key>
                <wp:meta_value><![CDATA[59]]></wp:meta_value>
            </wp:postmeta>
            <wp:postmeta>
                <wp:meta_key>_lsb_pages</wp:meta_key>
                <wp:meta_value><![CDATA[lsb_acf_pages]]></wp:meta_value>
            </wp:postmeta>
            <wp:postmeta>
                <wp:meta_key>lsb_review</wp:meta_key>
                <wp:meta_value><![CDATA[  <div><strong>De første kengubøkene</strong> er laget <br />  for de aller yngste leserne. <br />  Bøkene inneholder korte historier </div>  <div>med mange bilder.<br />  En del ord er byttet ut med tegninger. <br />  Teksten er satt med store bokstaver.<br />  </div>  ]]></wp:meta_value>
            </wp:postmeta>
            <wp:postmeta>
                <wp:meta_key>_lsb_review</wp:meta_key>
                <wp:meta_value><![CDATA[lsb_acf_review]]></wp:meta_value>
            </wp:postmeta>
            <wp:postmeta>
                <wp:meta_key>lsb_quote</wp:meta_key>
                <wp:meta_value/>
            </wp:postmeta>
            <wp:postmeta>
                <wp:meta_key>_lsb_quote</wp:meta_key>
                <wp:meta_value><![CDATA[lsb_acf_quote]]></wp:meta_value>
            </wp:postmeta>
            <wp:postmeta>
                <wp:meta_key>lsb_supported</wp:meta_key>
                <wp:meta_value><![CDATA[0]]></wp:meta_value>
            </wp:postmeta>
            <wp:postmeta>
                <wp:meta_key>_lsb_supported</wp:meta_key>
                <wp:meta_value><![CDATA[lsb_acf_supported]]></wp:meta_value>
            </wp:postmeta>
            <category domain="lsb_tax_author" nicename="sara-bosse"><![CDATA[Sara Bosse]]></category>
            <category domain="lsb_tax_publisher" nicename="landbruksforlaget"><![CDATA[Landbruksforlaget]]></category>
            <category domain="lsb_tax_illustrator" nicename="wilfried-gebhard"><![CDATA[Wilfried Gebhard]]></category>
            <category domain="lsb_tax_translator" nicename="cecilie-winger"><![CDATA[Cecilie Winger]]></category>
            <wp:postmeta>
                <wp:meta_key>lsb_look_inside</wp:meta_key>
                <wp:meta_value><![CDATA[CUSTOM_BLA_I_BOKA]]></wp:meta_value>
            </wp:postmeta>
            <wp:postmeta>
                <wp:meta_key>_lsb_look_inside</wp:meta_key>
                <wp:meta_value><![CDATA[lsb_acf_look_inside]]></wp:meta_value>
            </wp:postmeta>
            <category domain="lsb_tax_age" nicename="barn"><![CDATA[barn]]></category>
            <category domain="lsb_tax_genre" nicename="prosa"><![CDATA[prosa]]></category>
            <category domain="lsb_tax_language" nicename="no_nb"><![CDATA[bokmål]]></category>
            <category domain="lsb_tax_customization" nicename="storskrift"><![CDATA[storskrift]]></category>
            <category domain="lsb_tax_customization" nicename="skjønnlitteratur"><![CDATA[skjønnlitteratur]]></category>
            <category domain="lsb_tax_customization" nicename="mange-bilder"><![CDATA[mange bilder]]></category>
            <wp:postmeta>
                <wp:meta_key>_thumbnail_id</wp:meta_key>
                <wp:meta_value><![CDATA[5254]]></wp:meta_value>
            </wp:postmeta>
        </item>
        <item>
            <title>5 herlige hundehistorier.jpg</title>
            <wp:post_id>5254</wp:post_id>
            <wp:status>inherit</wp:status>
            <wp:post_type>attachment</wp:post_type>
            <wp:attachment_url>https://raw.githubusercontent.com/lesersokerbok/boksok.no-data-utils/master/output-example/images/CFA63EEEABFB43E482DA0D4FA540DB54.jpg</wp:attachment_url>
        </item>
        <item>
            <wp:post_type>lsb_book</wp:post_type>
            <wp:status>publish</wp:status>
            <title>Da jeg var liten</title>
            <excerpt:encoded/>
            <wp:postmeta>
                <wp:meta_key>lsb_isbn</wp:meta_key>
                <wp:meta_value><![CDATA[8205304718]]></wp:meta_value>
            </wp:postmeta>
            <wp:postmeta>
                <wp:meta_key>_lsb_isbn</wp:meta_key>
                <wp:meta_value><![CDATA[lsb_acf_isbn]]></wp:meta_value>
            </wp:postmeta>
            <wp:postmeta>
                <wp:meta_key>lsb_published_year</wp:meta_key>
                <wp:meta_value><![CDATA[2002]]></wp:meta_value>
            </wp:postmeta>
            <wp:postmeta>
                <wp:meta_key>_lsb_published_year</wp:meta_key>
                <wp:meta_value><![CDATA[lsb_acf_published_year]]></wp:meta_value>
            </wp:postmeta>
            <wp:postmeta>
                <wp:meta_key>lsb_pages</wp:meta_key>
                <wp:meta_value><![CDATA[60]]></wp:meta_value>
            </wp:postmeta>
            <wp:postmeta>
                <wp:meta_key>_lsb_pages</wp:meta_key>
                <wp:meta_value><![CDATA[lsb_acf_pages]]></wp:meta_value>
            </wp:postmeta>
            <wp:postmeta>
                <wp:meta_key>lsb_review</wp:meta_key>
                <wp:meta_value><![CDATA[  <div>Da <strong>Alf Prøysen</strong> var liten gutt i 1920-årene, <br />  bodde han på en husmannsplass som het Prøysen. <br />  Her får du vite hva en husmannsplass er,<br />  og om livet der i lek og arbeid.</div>  <div>Alle barn og voksne kjenner <br />  Alf Prøysens bøker om Teskjekjerringa. <br />  I denne boka blir vi kjent med Alf Prøysen selv, <br />  og hvordan han hadde det da han vokste opp. </div>  <div>&#160;</div>  <div>Boka tilhører serien <strong>Bokormen Lær å lese</strong>, </div>  <div>en bok som er lett å lese for barn </div>  <div>som nettopp har lært å lese selv. </div>  ]]></wp:meta_value>
            </wp:postmeta>
            <wp:postmeta>
                <wp:meta_key>_lsb_review</wp:meta_key>
                <wp:meta_value><![CDATA[lsb_acf_review]]></wp:meta_value>
            </wp:postmeta>
            <wp:postmeta>
                <wp:meta_key>lsb_quote</wp:meta_key>
                <wp:meta_value><![CDATA[Så kom det en kar på ski og ropte på meg.  "Alf," ropte han. "Ja", sa jeg, la fra  meg øksa og gikk opp på vegen. Og så   sa han: I morgen skal du få komme til   Hjelmstad og høre barnetimen. For   der hadde de fått krystallapparat. Jeg  ble så glad, for jeg hadde aldri hørt radio, jeg!]]></wp:meta_value>
            </wp:postmeta>
            <wp:postmeta>
                <wp:meta_key>_lsb_quote</wp:meta_key>
                <wp:meta_value><![CDATA[lsb_acf_quote]]></wp:meta_value>
            </wp:postmeta>
            <wp:postmeta>
                <wp:meta_key>lsb_supported</wp:meta_key>
                <wp:meta_value><![CDATA[0]]></wp:meta_value>
            </wp:postmeta>
            <wp:postmeta>
                <wp:meta_key>_lsb_supported</wp:meta_key>
                <wp:meta_value><![CDATA[lsb_acf_supported]]></wp:meta_value>
            </wp:postmeta>
            <category domain="lsb_tax_author" nicename="alf-prøysen"><![CDATA[Alf Prøysen]]></category>
            <category domain="lsb_tax_publisher" nicename="gyldendal-tiden"><![CDATA[Gyldendal Tiden]]></category>
            <category domain="lsb_tax_illustrator" nicename="kjell-e.-midthun"><![CDATA[Kjell E. Midthun]]></category>
            <wp:postmeta>
                <wp:meta_key>lsb_look_inside</wp:meta_key>
                <wp:meta_value><![CDATA[CUSTOM_BLA_I_BOKA]]></wp:meta_value>
            </wp:postmeta>
            <wp:postmeta>
                <wp:meta_key>_lsb_look_inside</wp:meta_key>
                <wp:meta_value><![CDATA[lsb_acf_look_inside]]></wp:meta_value>
            </wp:postmeta>
            <category domain="lsb_tax_age" nicename="barn"><![CDATA[barn]]></category>
            <category domain="lsb_tax_topic" nicename="historie"><![CDATA[historie]]></category>
            <category domain="lsb_tax_topic" nicename="samfunn"><![CDATA[samfunn]]></category>
            <category domain="lsb_tax_language" nicename="no_nb"><![CDATA[bokmål]]></category>
            <category domain="lsb_tax_customization" nicename="faglitteratur"><![CDATA[faglitteratur]]></category>
            <category domain="lsb_tax_customization" nicename="mange-bilder"><![CDATA[mange bilder]]></category>
            <wp:postmeta>
                <wp:meta_key>_thumbnail_id</wp:meta_key>
                <wp:meta_value><![CDATA[5255]]></wp:meta_value>
            </wp:postmeta>
        </item>
        <item>
            <title>da jeg var liten, ny.jpg</title>
            <wp:post_id>5255</wp:post_id>
            <wp:status>inherit</wp:status>
            <wp:post_type>attachment</wp:post_type>
            <wp:attachment_url>https://raw.githubusercontent.com/lesersokerbok/boksok.no-data-utils/master/output-example/images/CE1AD73BA3AE4F1AACCC2BD3171CDB56.jpg</wp:attachment_url>
        </item>
        <item>
            <wp:post_type>lsb_book</wp:post_type>
            <wp:status>publish</wp:status>
            <title>Dikt vi har sammen</title>
            <excerpt:encoded><![CDATA[Disse diktene passer for alle.   De er både lette å lese og lette å forstå. ]]></excerpt:encoded>
            <wp:postmeta>
                <wp:meta_key>lsb_isbn</wp:meta_key>
                <wp:meta_value><![CDATA[8210011588]]></wp:meta_value>
            </wp:postmeta>
            <wp:postmeta>
                <wp:meta_key>_lsb_isbn</wp:meta_key>
                <wp:meta_value><![CDATA[lsb_acf_isbn]]></wp:meta_value>
            </wp:postmeta>
            <wp:postmeta>
                <wp:meta_key>lsb_published_year</wp:meta_key>
                <wp:meta_value><![CDATA[1975]]></wp:meta_value>
            </wp:postmeta>
            <wp:postmeta>
                <wp:meta_key>_lsb_published_year</wp:meta_key>
                <wp:meta_value><![CDATA[lsb_acf_published_year]]></wp:meta_value>
            </wp:postmeta>
            <wp:postmeta>
                <wp:meta_key>lsb_pages</wp:meta_key>
                <wp:meta_value/>
            </wp:postmeta>
            <wp:postmeta>
                <wp:meta_key>_lsb_pages</wp:meta_key>
                <wp:meta_value><![CDATA[lsb_acf_pages]]></wp:meta_value>
            </wp:postmeta>
            <wp:postmeta>
                <wp:meta_key>lsb_review</wp:meta_key>
                <wp:meta_value><![CDATA[  <div>Denne samlingen inneholder </div>  <div>enkle og varme dikt. </div>  <div>Diktene åpner opp for følelser</div>  <div>og kan med fordel leses sammen </div>  <div>med noen. </div>  <div>&#160;</div>  <div>  <div>Diktene passer for både barn og voksne og eldre. </div>  <div>De har både enkel tekst og enkelt innhold. </div>  <div><strong>&#160;</strong></div>  <div><strong>Benkt-Erik Hedin</strong> er en kjent svensk dikter.<br />  Han har skrevet to diktsamlinger<br />  med enkelt innhold. </div></div>  <div>Begge samlingene har vært </div>  <div>populære helt siden de kom ut. </div>  <div>Den andre samlingen heter </div>  <div><strong>Dikt om meg og deg</strong>.</div>  ]]></wp:meta_value>
            </wp:postmeta>
            <wp:postmeta>
                <wp:meta_key>_lsb_review</wp:meta_key>
                <wp:meta_value><![CDATA[lsb_acf_review]]></wp:meta_value>
            </wp:postmeta>
            <wp:postmeta>
                <wp:meta_key>lsb_quote</wp:meta_key>
                <wp:meta_value><![CDATA[Disse ordene kan en lese.  Disse ordene kan en høre.  Disse ordene kan en leke.  Disse ordene kan en lage.]]></wp:meta_value>
            </wp:postmeta>
            <wp:postmeta>
                <wp:meta_key>_lsb_quote</wp:meta_key>
                <wp:meta_value><![CDATA[lsb_acf_quote]]></wp:meta_value>
            </wp:postmeta>
            <wp:postmeta>
                <wp:meta_key>lsb_supported</wp:meta_key>
                <wp:meta_value><![CDATA[0]]></wp:meta_value>
            </wp:postmeta>
            <wp:postmeta>
                <wp:meta_key>_lsb_supported</wp:meta_key>
                <wp:meta_value><![CDATA[lsb_acf_supported]]></wp:meta_value>
            </wp:postmeta>
            <category domain="lsb_tax_author" nicename="benkt-erik-hedin"><![CDATA[Benkt-Erik Hedin]]></category>
            <category domain="lsb_tax_publisher" nicename="tiden"><![CDATA[Tiden]]></category>
            <category domain="lsb_tax_translator" nicename="magli-elster"><![CDATA[Magli Elster]]></category>
            <wp:postmeta>
                <wp:meta_key>lsb_look_inside</wp:meta_key>
                <wp:meta_value><![CDATA[CUSTOM_BLA_I_BOKA]]></wp:meta_value>
            </wp:postmeta>
            <wp:postmeta>
                <wp:meta_key>_lsb_look_inside</wp:meta_key>
                <wp:meta_value><![CDATA[lsb_acf_look_inside]]></wp:meta_value>
            </wp:postmeta>
            <category domain="lsb_tax_age" nicename="voksne"><![CDATA[voksne]]></category>
            <category domain="lsb_tax_genre" nicename="dikt"><![CDATA[dikt]]></category>
            <category domain="lsb_tax_topic" nicename="mennesker-i-mellom"><![CDATA[mennesker i mellom]]></category>
            <category domain="lsb_tax_language" nicename="no_nb"><![CDATA[bokmål]]></category>
            <category domain="lsb_tax_customization" nicename="utviklingshemmede"><![CDATA[utviklingshemmede]]></category>
        </item>
        <item>
            <wp:post_type>lsb_book</wp:post_type>
            <wp:status>publish</wp:status>
            <title>Strømpedyret</title>
            <excerpt:encoded><![CDATA[Strømpedyret er en følebok   med både punktskrift og vanlig skrift. ]]></excerpt:encoded>
            <wp:postmeta>
                <wp:meta_key>lsb_isbn</wp:meta_key>
                <wp:meta_value><![CDATA[8256010215]]></wp:meta_value>
            </wp:postmeta>
            <wp:postmeta>
                <wp:meta_key>_lsb_isbn</wp:meta_key>
                <wp:meta_value><![CDATA[lsb_acf_isbn]]></wp:meta_value>
            </wp:postmeta>
            <wp:postmeta>
                <wp:meta_key>lsb_published_year</wp:meta_key>
                <wp:meta_value><![CDATA[1998]]></wp:meta_value>
            </wp:postmeta>
            <wp:postmeta>
                <wp:meta_key>_lsb_published_year</wp:meta_key>
                <wp:meta_value><![CDATA[lsb_acf_published_year]]></wp:meta_value>
            </wp:postmeta>
            <wp:postmeta>
                <wp:meta_key>lsb_pages</wp:meta_key>
                <wp:meta_value><![CDATA[16]]></wp:meta_value>
            </wp:postmeta>
            <wp:postmeta>
                <wp:meta_key>_lsb_pages</wp:meta_key>
                <wp:meta_value><![CDATA[lsb_acf_pages]]></wp:meta_value>
            </wp:postmeta>
            <wp:postmeta>
                <wp:meta_key>lsb_review</wp:meta_key>
                <wp:meta_value><![CDATA[  <div>De andre dyra har flott pels. <br />  Men strømpedyret, stakkar, <br />  hun har ikke noe hår på hodet. <br />  Det ene dyret etter det andre <br />  forteller henne hva slags parykk <br />  hun må kjøpe. <br />  Heldigvis møter hun endelig <br />  en som liker henne akkurat som hun er. </div>  <div>&#160;</div>  <div><strong>Strømpedyret</strong> er en følebok. <br />  Inne i boka kan du kjenne på strømpedyret <br />  og alle de forskjellige parykkene hun prøver. <br />  Teksten kan leses i punktskrift <br />  eller trykket skrift som er stor og lett å lese. </div>  <div>&#160;</div>  <p><strong>Anette Diesen</strong> har laga mange bøker <br />  med bilder du kan kjenne på, <br />  og skrift du kan lese med fingrane.</p>  ]]></wp:meta_value>
            </wp:postmeta>
            <wp:postmeta>
                <wp:meta_key>_lsb_review</wp:meta_key>
                <wp:meta_value><![CDATA[lsb_acf_review]]></wp:meta_value>
            </wp:postmeta>
            <wp:postmeta>
                <wp:meta_key>lsb_quote</wp:meta_key>
                <wp:meta_value><![CDATA[Sommeren var kommet,  og strømpedyret stakk hodet ut   av hulen sin.   Da hoppet et lite lam forbi.   "Du er jo skallet,"   brekte lammet.   "Å," sa strømepdyret.   "Det visste jeg ikke."  "Stakkars deg!   Du har ikke et eneste hårstrå på hodet."]]></wp:meta_value>
            </wp:postmeta>
            <wp:postmeta>
                <wp:meta_key>_lsb_quote</wp:meta_key>
                <wp:meta_value><![CDATA[lsb_acf_quote]]></wp:meta_value>
            </wp:postmeta>
            <wp:postmeta>
                <wp:meta_key>lsb_supported</wp:meta_key>
                <wp:meta_value><![CDATA[0]]></wp:meta_value>
            </wp:postmeta>
            <wp:postmeta>
                <wp:meta_key>_lsb_supported</wp:meta_key>
                <wp:meta_value><![CDATA[lsb_acf_supported]]></wp:meta_value>
            </wp:postmeta>
            <category domain="lsb_tax_author" nicename="anette-diesen"><![CDATA[Anette Diesen]]></category>
            <category domain="lsb_tax_publisher" nicename="solum-"><![CDATA[Solum ]]></category>
            <category domain="lsb_tax_illustrator" nicename="anette-diesen"><![CDATA[Anette Diesen]]></category>
            <wp:postmeta>
                <wp:meta_key>lsb_look_inside</wp:meta_key>
                <wp:meta_value><![CDATA[CUSTOM_BLA_I_BOKA]]></wp:meta_value>
            </wp:postmeta>
            <wp:postmeta>
                <wp:meta_key>_lsb_look_inside</wp:meta_key>
                <wp:meta_value><![CDATA[lsb_acf_look_inside]]></wp:meta_value>
            </wp:postmeta>
            <category domain="lsb_tax_age" nicename="barn"><![CDATA[barn]]></category>
            <category domain="lsb_tax_genre" nicename="prosa"><![CDATA[prosa]]></category>
            <category domain="lsb_tax_topic" nicename="natur"><![CDATA[natur]]></category>
            <category domain="lsb_tax_language" nicename="no_nb"><![CDATA[bokmål]]></category>
            <category domain="lsb_tax_customization" nicename="punktskrift"><![CDATA[punktskrift]]></category>
            <category domain="lsb_tax_customization" nicename="følebilder"><![CDATA[følebilder]]></category>
            <category domain="lsb_tax_customization" nicename="mange-bilder"><![CDATA[mange bilder]]></category>
            <wp:postmeta>
                <wp:meta_key>_thumbnail_id</wp:meta_key>
                <wp:meta_value><![CDATA[5257]]></wp:meta_value>
            </wp:postmeta>
        </item>
        <item>
            <title>A.Diesen.Str ©mpedyret 82-560-1021-5.jpg</title>
            <wp:post_id>5257</wp:post_id>
            <wp:status>inherit</wp:status>
            <wp:post_type>attachment</wp:post_type>
            <wp:attachment_url>https://raw.githubusercontent.com/lesersokerbok/boksok.no-data-utils/master/output-example/images/57A4FCECFEA44E48B6E624630B36225B.jpg</wp:attachment_url>
        </item>
        <item>
            <wp:post_type>lsb_book</wp:post_type>
            <wp:status>publish</wp:status>
            <title>Hybelmat</title>
            <excerpt:encoded><![CDATA[Her er en kokebok som er lett å bruke. ]]></excerpt:encoded>
            <wp:postmeta>
                <wp:meta_key>lsb_isbn</wp:meta_key>
                <wp:meta_value><![CDATA[8258404814]]></wp:meta_value>
            </wp:postmeta>
            <wp:postmeta>
                <wp:meta_key>_lsb_isbn</wp:meta_key>
                <wp:meta_value><![CDATA[lsb_acf_isbn]]></wp:meta_value>
            </wp:postmeta>
            <wp:postmeta>
                <wp:meta_key>lsb_published_year</wp:meta_key>
                <wp:meta_value><![CDATA[2004]]></wp:meta_value>
            </wp:postmeta>
            <wp:postmeta>
                <wp:meta_key>_lsb_published_year</wp:meta_key>
                <wp:meta_value><![CDATA[lsb_acf_published_year]]></wp:meta_value>
            </wp:postmeta>
            <wp:postmeta>
                <wp:meta_key>lsb_pages</wp:meta_key>
                <wp:meta_value><![CDATA[121]]></wp:meta_value>
            </wp:postmeta>
            <wp:postmeta>
                <wp:meta_key>_lsb_pages</wp:meta_key>
                <wp:meta_value><![CDATA[lsb_acf_pages]]></wp:meta_value>
            </wp:postmeta>
            <wp:postmeta>
                <wp:meta_key>lsb_review</wp:meta_key>
                <wp:meta_value><![CDATA[  <div><strong>Hybelmat</strong> er ei praktisk og enkel kokebok.<br />  Her finner du oppskrifter på moderne <br />  og tradisjonelle retter,<br />  og dessuten en del om vekt og mål, <br />  krydder og kosthold.</div>  <div>Alle rettene er beregnet for to porsjoner.  </div>  <div>&#160;</div>  <div>Boka er lett å slå opp i. </div>  <div>Oppskriftene er forklart punkt for punkt. </div>  <div>&#160;</div>  <div>&#160;</div>  <div>Kokeboka har morsomme tegneseriestriper </div>  <div>av serietegneren <strong>John Arne «Jason» Sæterøy</strong>.</div>  <div>&#160;</div>  <div>NB! Boka har vært utsolgt en stund, </div>  <div>men er nå tilgjengelig i bokhandelen igjen!  </div>  ]]></wp:meta_value>
            </wp:postmeta>
            <wp:postmeta>
                <wp:meta_key>_lsb_review</wp:meta_key>
                <wp:meta_value><![CDATA[lsb_acf_review]]></wp:meta_value>
            </wp:postmeta>
            <wp:postmeta>
                <wp:meta_key>lsb_quote</wp:meta_key>
                <wp:meta_value><![CDATA[TZATZIKI  1 slangeagurk  1 hvitløkbåt  3 dl yoghurt naturell  1 ts sitronsaft  1/2 ts salt  1/4 ts pepper    1 Skrell agurken med ostehøvel og riv den med et rivjern  2 La agurken stå litt før du klemmer vannet godt ut.  Vannet heller du i vasken.  3 Finhakk hvitløk.  4 Tilsett agurk og hvitløk i yoghurten.  5 Smak til med salt, pepper og sitronsaft.]]></wp:meta_value>
            </wp:postmeta>
            <wp:postmeta>
                <wp:meta_key>_lsb_quote</wp:meta_key>
                <wp:meta_value><![CDATA[lsb_acf_quote]]></wp:meta_value>
            </wp:postmeta>
            <wp:postmeta>
                <wp:meta_key>lsb_supported</wp:meta_key>
                <wp:meta_value><![CDATA[0]]></wp:meta_value>
            </wp:postmeta>
            <wp:postmeta>
                <wp:meta_key>_lsb_supported</wp:meta_key>
                <wp:meta_value><![CDATA[lsb_acf_supported]]></wp:meta_value>
            </wp:postmeta>
            <category domain="lsb_tax_author" nicename="anne-kristin-bratvold"><![CDATA[Anne Kristin Bratvold]]></category>
            <category domain="lsb_tax_publisher" nicename="yrkeslitteratur-as"><![CDATA[Yrkeslitteratur AS]]></category>
            <category domain="lsb_tax_illustrator" nicename="pål-r.-johansen"><![CDATA[Pål R. Johansen]]></category>
            <wp:postmeta>
                <wp:meta_key>lsb_look_inside</wp:meta_key>
                <wp:meta_value><![CDATA[CUSTOM_BLA_I_BOKA]]></wp:meta_value>
            </wp:postmeta>
            <wp:postmeta>
                <wp:meta_key>_lsb_look_inside</wp:meta_key>
                <wp:meta_value><![CDATA[lsb_acf_look_inside]]></wp:meta_value>
            </wp:postmeta>
            <category domain="lsb_tax_age" nicename="ungdom"><![CDATA[ungdom]]></category>
            <category domain="lsb_tax_age" nicename="voksne"><![CDATA[voksne]]></category>
            <category domain="lsb_tax_genre" nicename="faglitteratur"><![CDATA[faglitteratur]]></category>
            <category domain="lsb_tax_topic" nicename="mat"><![CDATA[mat]]></category>
            <category domain="lsb_tax_topic" nicename="helse"><![CDATA[helse]]></category>
            <category domain="lsb_tax_language" nicename="no_nb"><![CDATA[bokmål]]></category>
            <category domain="lsb_tax_customization" nicename="faglitteratur"><![CDATA[faglitteratur]]></category>
            <category domain="lsb_tax_customization" nicename="mange-bilder"><![CDATA[mange bilder]]></category>
            <wp:postmeta>
                <wp:meta_key>_thumbnail_id</wp:meta_key>
                <wp:meta_value><![CDATA[5258]]></wp:meta_value>
            </wp:postmeta>
        </item>
        <item>
            <title>hybelmat.jpg</title>
            <wp:post_id>5258</wp:post_id>
            <wp:status>inherit</wp:status>
            <wp:post_type>attachment</wp:post_type>
            <wp:attachment_url>https://raw.githubusercontent.com/lesersokerbok/boksok.no-data-utils/master/output-example/images/7837EB6A3CC848998E169693EAFAEE8B.jpg</wp:attachment_url>
        </item>
        <item>
            <wp:post_type>lsb_book</wp:post_type>
            <wp:status>publish</wp:status>
            <title>5 heslige heksehistorier </title>
            <excerpt:encoded><![CDATA[Boka inneholder fem   lystige og magiske historier om hekser.  ]]></excerpt:encoded>
            <wp:postmeta>
                <wp:meta_key>lsb_isbn</wp:meta_key>
                <wp:meta_value><![CDATA[9788252927023]]></wp:meta_value>
            </wp:postmeta>
            <wp:postmeta>
                <wp:meta_key>_lsb_isbn</wp:meta_key>
                <wp:meta_value><![CDATA[lsb_acf_isbn]]></wp:meta_value>
            </wp:postmeta>
            <wp:postmeta>
                <wp:meta_key>lsb_published_year</wp:meta_key>
                <wp:meta_value><![CDATA[2003]]></wp:meta_value>
            </wp:postmeta>
            <wp:postmeta>
                <wp:meta_key>_lsb_published_year</wp:meta_key>
                <wp:meta_value><![CDATA[lsb_acf_published_year]]></wp:meta_value>
            </wp:postmeta>
            <wp:postmeta>
                <wp:meta_key>lsb_pages</wp:meta_key>
                <wp:meta_value><![CDATA[59]]></wp:meta_value>
            </wp:postmeta>
            <wp:postmeta>
                <wp:meta_key>_lsb_pages</wp:meta_key>
                <wp:meta_value><![CDATA[lsb_acf_pages]]></wp:meta_value>
            </wp:postmeta>
            <wp:postmeta>
                <wp:meta_key>lsb_review</wp:meta_key>
                <wp:meta_value><![CDATA[  <div>Den tykke heksa Slemma vil bake en kake, <br />  men brillene hennes er borte. <br />  Kan hun få hjelp av datteren Snilla,<br />  eller må det trolldom til? </div>  <div>&#160;</div>  <div><strong>De første kengubøkene</strong> er laget <br />  for de aller yngste leserne. <br />  Bøkene inneholder korte historier </div>  <div>med mange bilder.<br />  En del ord er byttet ut med tegninger. <br />  Teksten er satt med store bokstaver.<br />  </div>  ]]></wp:meta_value>
            </wp:postmeta>
            <wp:postmeta>
                <wp:meta_key>_lsb_review</wp:meta_key>
                <wp:meta_value><![CDATA[lsb_acf_review]]></wp:meta_value>
            </wp:postmeta>
            <wp:postmeta>
                <wp:meta_key>lsb_quote</wp:meta_key>
                <wp:meta_value/>
            </wp:postmeta>
            <wp:postmeta>
                <wp:meta_key>_lsb_quote</wp:meta_key>
                <wp:meta_value><![CDATA[lsb_acf_quote]]></wp:meta_value>
            </wp:postmeta>
            <wp:postmeta>
                <wp:meta_key>lsb_supported</wp:meta_key>
                <wp:meta_value><![CDATA[0]]></wp:meta_value>
            </wp:postmeta>
            <wp:postmeta>
                <wp:meta_key>_lsb_supported</wp:meta_key>
                <wp:meta_value><![CDATA[lsb_acf_supported]]></wp:meta_value>
            </wp:postmeta>
            <category domain="lsb_tax_author" nicename="sigrid-gregor"><![CDATA[Sigrid Gregor]]></category>
            <category domain="lsb_tax_publisher" nicename="landbruksforlaget"><![CDATA[Landbruksforlaget]]></category>
            <category domain="lsb_tax_illustrator" nicename="sigrid-gregor"><![CDATA[Sigrid Gregor]]></category>
            <category domain="lsb_tax_translator" nicename="cecilie-winger"><![CDATA[Cecilie Winger]]></category>
            <wp:postmeta>
                <wp:meta_key>lsb_look_inside</wp:meta_key>
                <wp:meta_value><![CDATA[CUSTOM_BLA_I_BOKA]]></wp:meta_value>
            </wp:postmeta>
            <wp:postmeta>
                <wp:meta_key>_lsb_look_inside</wp:meta_key>
                <wp:meta_value><![CDATA[lsb_acf_look_inside]]></wp:meta_value>
            </wp:postmeta>
            <category domain="lsb_tax_age" nicename="barn"><![CDATA[barn]]></category>
            <category domain="lsb_tax_genre" nicename="prosa"><![CDATA[prosa]]></category>
            <category domain="lsb_tax_language" nicename="no_nb"><![CDATA[bokmål]]></category>
            <category domain="lsb_tax_customization" nicename="storskrift"><![CDATA[storskrift]]></category>
            <category domain="lsb_tax_customization" nicename="skjønnlitteratur"><![CDATA[skjønnlitteratur]]></category>
            <category domain="lsb_tax_customization" nicename="mange-bilder"><![CDATA[mange bilder]]></category>
            <wp:postmeta>
                <wp:meta_key>_thumbnail_id</wp:meta_key>
                <wp:meta_value><![CDATA[5259]]></wp:meta_value>
            </wp:postmeta>
        </item>
        <item>
            <title>5 heslige heksehistorier.jpg</title>
            <wp:post_id>5259</wp:post_id>
            <wp:status>inherit</wp:status>
            <wp:post_type>attachment</wp:post_type>
            <wp:attachment_url>https://raw.githubusercontent.com/lesersokerbok/boksok.no-data-utils/master/output-example/images/C2568A32E1AF40EDBBD2F198352B1D85.jpg</wp:attachment_url>
        </item>
        <item>
            <wp:post_type>lsb_book</wp:post_type>
            <wp:status>publish</wp:status>
            <title>4 blålysende brannbilhistorier</title>
            <excerpt:encoded><![CDATA[Denne boka inneholder fire historier   om brannbiler. Teksten er tilpasset   de aller yngste leserne. ]]></excerpt:encoded>
            <wp:postmeta>
                <wp:meta_key>lsb_isbn</wp:meta_key>
                <wp:meta_value><![CDATA[9788252928099]]></wp:meta_value>
            </wp:postmeta>
            <wp:postmeta>
                <wp:meta_key>_lsb_isbn</wp:meta_key>
                <wp:meta_value><![CDATA[lsb_acf_isbn]]></wp:meta_value>
            </wp:postmeta>
            <wp:postmeta>
                <wp:meta_key>lsb_published_year</wp:meta_key>
                <wp:meta_value><![CDATA[2004]]></wp:meta_value>
            </wp:postmeta>
            <wp:postmeta>
                <wp:meta_key>_lsb_published_year</wp:meta_key>
                <wp:meta_value><![CDATA[lsb_acf_published_year]]></wp:meta_value>
            </wp:postmeta>
            <wp:postmeta>
                <wp:meta_key>lsb_pages</wp:meta_key>
                <wp:meta_value><![CDATA[60]]></wp:meta_value>
            </wp:postmeta>
            <wp:postmeta>
                <wp:meta_key>_lsb_pages</wp:meta_key>
                <wp:meta_value><![CDATA[lsb_acf_pages]]></wp:meta_value>
            </wp:postmeta>
            <wp:postmeta>
                <wp:meta_key>lsb_review</wp:meta_key>
                <wp:meta_value><![CDATA[  <div>Hva tror du skjer <br />  når Simen glemmer at han varmer suppe?<br />  Når katten Molly sitter fast? <br />  Eller når det tar fyr i høyet <br />  på selveste nyttårsaften <br />  mens Nøffen føder grisunger?</div>  <div>&#160;</div>  <p>4 blålysende brannbilhistorier er ei <strong>Kengubok</strong>. <br />  <strong>De første kengubøkene</strong> er laget <br />  for de aller yngste leserne. <br />  Bøkene har korte historier med mange bilder.<br />  En del ord er byttet ut med tegninger.<br />  Teksten er satt med store bokstaver.<br />  </p>  ]]></wp:meta_value>
            </wp:postmeta>
            <wp:postmeta>
                <wp:meta_key>_lsb_review</wp:meta_key>
                <wp:meta_value><![CDATA[lsb_acf_review]]></wp:meta_value>
            </wp:postmeta>
            <wp:postmeta>
                <wp:meta_key>lsb_quote</wp:meta_key>
                <wp:meta_value/>
            </wp:postmeta>
            <wp:postmeta>
                <wp:meta_key>_lsb_quote</wp:meta_key>
                <wp:meta_value><![CDATA[lsb_acf_quote]]></wp:meta_value>
            </wp:postmeta>
            <wp:postmeta>
                <wp:meta_key>lsb_supported</wp:meta_key>
                <wp:meta_value><![CDATA[0]]></wp:meta_value>
            </wp:postmeta>
            <wp:postmeta>
                <wp:meta_key>_lsb_supported</wp:meta_key>
                <wp:meta_value><![CDATA[lsb_acf_supported]]></wp:meta_value>
            </wp:postmeta>
            <category domain="lsb_tax_author" nicename="lydia-hauenschild"><![CDATA[Lydia Hauenschild]]></category>
            <category domain="lsb_tax_publisher" nicename="landbruksforlaget"><![CDATA[Landbruksforlaget]]></category>
            <category domain="lsb_tax_illustrator" nicename="kalus-puth"><![CDATA[Kalus Puth]]></category>
            <category domain="lsb_tax_translator" nicename="cecilie-winger"><![CDATA[Cecilie Winger]]></category>
            <wp:postmeta>
                <wp:meta_key>lsb_look_inside</wp:meta_key>
                <wp:meta_value><![CDATA[CUSTOM_BLA_I_BOKA]]></wp:meta_value>
            </wp:postmeta>
            <wp:postmeta>
                <wp:meta_key>_lsb_look_inside</wp:meta_key>
                <wp:meta_value><![CDATA[lsb_acf_look_inside]]></wp:meta_value>
            </wp:postmeta>
            <category domain="lsb_tax_age" nicename="barn"><![CDATA[barn]]></category>
            <category domain="lsb_tax_genre" nicename="prosa"><![CDATA[prosa]]></category>
            <category domain="lsb_tax_language" nicename="no_nb"><![CDATA[bokmål]]></category>
            <category domain="lsb_tax_customization" nicename="skjønnlitteratur"><![CDATA[skjønnlitteratur]]></category>
            <category domain="lsb_tax_customization" nicename="mange-bilder"><![CDATA[mange bilder]]></category>
            <wp:postmeta>
                <wp:meta_key>_thumbnail_id</wp:meta_key>
                <wp:meta_value><![CDATA[5260]]></wp:meta_value>
            </wp:postmeta>
        </item>
        <item>
            <title>4 blålysende brannbilhistorier nett.jpg</title>
            <wp:post_id>5260</wp:post_id>
            <wp:status>inherit</wp:status>
            <wp:post_type>attachment</wp:post_type>
            <wp:attachment_url>https://raw.githubusercontent.com/lesersokerbok/boksok.no-data-utils/master/output-example/images/B4BDC9613D5E48BBB34BAC501B487D54.jpg</wp:attachment_url>
        </item>
        <item>
            <wp:post_type>lsb_book</wp:post_type>
            <wp:status>publish</wp:status>
            <title>Rogers filledokke </title>
            <excerpt:encoded><![CDATA[Dette er den første boka i serien om   Rogers filledokke. Kjenn at dokka blir til! ]]></excerpt:encoded>
            <wp:postmeta>
                <wp:meta_key>lsb_isbn</wp:meta_key>
                <wp:meta_value><![CDATA[8256009608]]></wp:meta_value>
            </wp:postmeta>
            <wp:postmeta>
                <wp:meta_key>_lsb_isbn</wp:meta_key>
                <wp:meta_value><![CDATA[lsb_acf_isbn]]></wp:meta_value>
            </wp:postmeta>
            <wp:postmeta>
                <wp:meta_key>lsb_published_year</wp:meta_key>
                <wp:meta_value><![CDATA[1996]]></wp:meta_value>
            </wp:postmeta>
            <wp:postmeta>
                <wp:meta_key>_lsb_published_year</wp:meta_key>
                <wp:meta_value><![CDATA[lsb_acf_published_year]]></wp:meta_value>
            </wp:postmeta>
            <wp:postmeta>
                <wp:meta_key>lsb_pages</wp:meta_key>
                <wp:meta_value><![CDATA[8]]></wp:meta_value>
            </wp:postmeta>
            <wp:postmeta>
                <wp:meta_key>_lsb_pages</wp:meta_key>
                <wp:meta_value><![CDATA[lsb_acf_pages]]></wp:meta_value>
            </wp:postmeta>
            <wp:postmeta>
                <wp:meta_key>lsb_review</wp:meta_key>
                <wp:meta_value><![CDATA[  <div>Moren til Roger lager ei filledokke. <br />  Først får dokka hode. <br />  Så får den kropp, bein og armer. <br />  På hvert oppslag kan du kjenne <br />  hvordan dokka vokser. <br />  Til slutt er dokka ferdig!  <br />  Dokka på siste side er festet med borrelås. <br />  Ta den av og lek med filledokka. </div>  <div>&#160;</div>  <div><strong>Rogers filledokke</strong> er ei følebok. <br />  Den har bilder til å føle på. <br />  Teksten er stor og lett å lese. <br />  Boka har også punktskrift så man kan <br />  kjenne teksten med fingrene. </div>  <div>&#160;</div>  <p>Dette er den første boka i <br />  serien om Roger filledokke.<br />  <strong>Anette Diesen</strong> har også laget: <br />  <strong>Roger filledokke mister alt <br />  Roger filledokke vil ha kake</strong> </p>  ]]></wp:meta_value>
            </wp:postmeta>
            <wp:postmeta>
                <wp:meta_key>_lsb_review</wp:meta_key>
                <wp:meta_value><![CDATA[lsb_acf_review]]></wp:meta_value>
            </wp:postmeta>
            <wp:postmeta>
                <wp:meta_key>lsb_quote</wp:meta_key>
                <wp:meta_value><![CDATA[Mor vil lage ei filledokke til Roger.  Jeg har et hode, sier Roger.  Dokka må også ha et hode.  Her er hodet til dokka, sier mor.  Nå har dokka et hode.  Er filledokka ferdig nå?   ER filledokka ferdig nå?]]></wp:meta_value>
            </wp:postmeta>
            <wp:postmeta>
                <wp:meta_key>_lsb_quote</wp:meta_key>
                <wp:meta_value><![CDATA[lsb_acf_quote]]></wp:meta_value>
            </wp:postmeta>
            <wp:postmeta>
                <wp:meta_key>lsb_supported</wp:meta_key>
                <wp:meta_value><![CDATA[0]]></wp:meta_value>
            </wp:postmeta>
            <wp:postmeta>
                <wp:meta_key>_lsb_supported</wp:meta_key>
                <wp:meta_value><![CDATA[lsb_acf_supported]]></wp:meta_value>
            </wp:postmeta>
            <category domain="lsb_tax_author" nicename="anette-diesen"><![CDATA[Anette Diesen]]></category>
            <category domain="lsb_tax_publisher" nicename="solum"><![CDATA[Solum]]></category>
            <category domain="lsb_tax_illustrator" nicename="anette-diesen"><![CDATA[Anette Diesen]]></category>
            <wp:postmeta>
                <wp:meta_key>lsb_look_inside</wp:meta_key>
                <wp:meta_value><![CDATA[CUSTOM_BLA_I_BOKA]]></wp:meta_value>
            </wp:postmeta>
            <wp:postmeta>
                <wp:meta_key>_lsb_look_inside</wp:meta_key>
                <wp:meta_value><![CDATA[lsb_acf_look_inside]]></wp:meta_value>
            </wp:postmeta>
            <category domain="lsb_tax_age" nicename="barn"><![CDATA[barn]]></category>
            <category domain="lsb_tax_genre" nicename="prosa"><![CDATA[prosa]]></category>
            <category domain="lsb_tax_language" nicename="no_nb"><![CDATA[bokmål]]></category>
            <category domain="lsb_tax_customization" nicename="punktskrift"><![CDATA[punktskrift]]></category>
            <category domain="lsb_tax_customization" nicename="følebilder"><![CDATA[følebilder]]></category>
            <category domain="lsb_tax_customization" nicename="mange-bilder"><![CDATA[mange bilder]]></category>
            <wp:postmeta>
                <wp:meta_key>_thumbnail_id</wp:meta_key>
                <wp:meta_value><![CDATA[5261]]></wp:meta_value>
            </wp:postmeta>
        </item>
        <item>
            <title>rogers filledokke, ny.jpg</title>
            <wp:post_id>5261</wp:post_id>
            <wp:status>inherit</wp:status>
            <wp:post_type>attachment</wp:post_type>
            <wp:attachment_url>https://raw.githubusercontent.com/lesersokerbok/boksok.no-data-utils/master/output-example/images/1D72442EA3D44211AEECD1A0CACD66A6.jpg</wp:attachment_url>
        </item>
        <item>
            <wp:post_type>lsb_book</wp:post_type>
            <wp:status>publish</wp:status>
            <title>Da det regnet i Oslo</title>
            <excerpt:encoded><![CDATA[Marie og Anders er kjærester,   selv om de synes det er litt flaut.    En dag de er i byen   begynner det å pøsregne.   De løper hjem til morfaren til Anders.   ]]></excerpt:encoded>
            <wp:postmeta>
                <wp:meta_key>lsb_isbn</wp:meta_key>
                <wp:meta_value><![CDATA[9788251777872]]></wp:meta_value>
            </wp:postmeta>
            <wp:postmeta>
                <wp:meta_key>_lsb_isbn</wp:meta_key>
                <wp:meta_value><![CDATA[lsb_acf_isbn]]></wp:meta_value>
            </wp:postmeta>
            <wp:postmeta>
                <wp:meta_key>lsb_published_year</wp:meta_key>
                <wp:meta_value><![CDATA[1991]]></wp:meta_value>
            </wp:postmeta>
            <wp:postmeta>
                <wp:meta_key>_lsb_published_year</wp:meta_key>
                <wp:meta_value><![CDATA[lsb_acf_published_year]]></wp:meta_value>
            </wp:postmeta>
            <wp:postmeta>
                <wp:meta_key>lsb_pages</wp:meta_key>
                <wp:meta_value><![CDATA[76]]></wp:meta_value>
            </wp:postmeta>
            <wp:postmeta>
                <wp:meta_key>_lsb_pages</wp:meta_key>
                <wp:meta_value><![CDATA[lsb_acf_pages]]></wp:meta_value>
            </wp:postmeta>
            <wp:postmeta>
                <wp:meta_key>lsb_review</wp:meta_key>
                <wp:meta_value><![CDATA[  <p>Han lager kakao til dem <br />  og forteller en historie fra krigen. <br />  Historien er så spennende <br />  at Marie og Anders blir sittende <br />  selv når sola titter frem. </p>  <div>Teksten er enkel å lese. <br />  Det er vanskelig å legge boka fra seg. </div>  <div>&#160;</div>  <p>Harald Skjønsberg har skrevet flere bøker <br />  om krigen og om jødene som ble forfulgt. </p>  ]]></wp:meta_value>
            </wp:postmeta>
            <wp:postmeta>
                <wp:meta_key>_lsb_review</wp:meta_key>
                <wp:meta_value><![CDATA[lsb_acf_review]]></wp:meta_value>
            </wp:postmeta>
            <wp:postmeta>
                <wp:meta_key>lsb_quote</wp:meta_key>
                <wp:meta_value><![CDATA[De hadde kjørt i over en time.  Johan lå med Marias hånd i sin.  Alt gikk bra. Han var ikke redd lenger.  Snart ville de være i Sverige.    Plutselig hørte de motordur bak seg.  Deretter en bil som passerte.  Johan ble redd igjen.  Det var stort sett tyskerne som hadde biler.  Hadde noen satt etter dem?]]></wp:meta_value>
            </wp:postmeta>
            <wp:postmeta>
                <wp:meta_key>_lsb_quote</wp:meta_key>
                <wp:meta_value><![CDATA[lsb_acf_quote]]></wp:meta_value>
            </wp:postmeta>
            <wp:postmeta>
                <wp:meta_key>lsb_supported</wp:meta_key>
                <wp:meta_value><![CDATA[0]]></wp:meta_value>
            </wp:postmeta>
            <wp:postmeta>
                <wp:meta_key>_lsb_supported</wp:meta_key>
                <wp:meta_value><![CDATA[lsb_acf_supported]]></wp:meta_value>
            </wp:postmeta>
            <category domain="lsb_tax_author" nicename="harald-skjønsberg"><![CDATA[Harald Skjønsberg]]></category>
            <category domain="lsb_tax_publisher" nicename="damm"><![CDATA[Damm]]></category>
            <category domain="lsb_tax_illustrator" nicename="jan-kåre-øien"><![CDATA[Jan Kåre Øien]]></category>
            <wp:postmeta>
                <wp:meta_key>lsb_look_inside</wp:meta_key>
                <wp:meta_value><![CDATA[CUSTOM_BLA_I_BOKA]]></wp:meta_value>
            </wp:postmeta>
            <wp:postmeta>
                <wp:meta_key>_lsb_look_inside</wp:meta_key>
                <wp:meta_value><![CDATA[lsb_acf_look_inside]]></wp:meta_value>
            </wp:postmeta>
            <category domain="lsb_tax_age" nicename="barn"><![CDATA[barn]]></category>
            <category domain="lsb_tax_age" nicename="ungdom"><![CDATA[ungdom]]></category>
            <category domain="lsb_tax_genre" nicename="prosa"><![CDATA[prosa]]></category>
            <category domain="lsb_tax_topic" nicename="historie"><![CDATA[historie]]></category>
            <category domain="lsb_tax_topic" nicename="samfunn"><![CDATA[samfunn]]></category>
            <category domain="lsb_tax_language" nicename="no_nb"><![CDATA[bokmål]]></category>
            <category domain="lsb_tax_customization" nicename="skjønnlitteratur"><![CDATA[skjønnlitteratur]]></category>
            <wp:postmeta>
                <wp:meta_key>_thumbnail_id</wp:meta_key>
                <wp:meta_value><![CDATA[5262]]></wp:meta_value>
            </wp:postmeta>
        </item>
        <item>
            <title>da det regnet.jpg</title>
            <wp:post_id>5262</wp:post_id>
            <wp:status>inherit</wp:status>
            <wp:post_type>attachment</wp:post_type>
            <wp:attachment_url>https://raw.githubusercontent.com/lesersokerbok/boksok.no-data-utils/master/output-example/images/224389E9E0D94D96B870A44997D1251B.jpg</wp:attachment_url>
        </item>
        <item>
            <wp:post_type>lsb_book</wp:post_type>
            <wp:status>publish</wp:status>
            <title>Tegnjakten</title>
            <excerpt:encoded><![CDATA[Dette er en CD-rom som hjelper deg å lære   tegn som kan brukes i lek. ]]></excerpt:encoded>
            <wp:postmeta>
                <wp:meta_key>lsb_isbn</wp:meta_key>
                <wp:meta_value><![CDATA[8278120846]]></wp:meta_value>
            </wp:postmeta>
            <wp:postmeta>
                <wp:meta_key>_lsb_isbn</wp:meta_key>
                <wp:meta_value><![CDATA[lsb_acf_isbn]]></wp:meta_value>
            </wp:postmeta>
            <wp:postmeta>
                <wp:meta_key>lsb_published_year</wp:meta_key>
                <wp:meta_value><![CDATA[2004]]></wp:meta_value>
            </wp:postmeta>
            <wp:postmeta>
                <wp:meta_key>_lsb_published_year</wp:meta_key>
                <wp:meta_value><![CDATA[lsb_acf_published_year]]></wp:meta_value>
            </wp:postmeta>
            <wp:postmeta>
                <wp:meta_key>lsb_pages</wp:meta_key>
                <wp:meta_value/>
            </wp:postmeta>
            <wp:postmeta>
                <wp:meta_key>_lsb_pages</wp:meta_key>
                <wp:meta_value><![CDATA[lsb_acf_pages]]></wp:meta_value>
            </wp:postmeta>
            <wp:postmeta>
                <wp:meta_key>lsb_review</wp:meta_key>
                <wp:meta_value><![CDATA[  <div>Lone kjeder seg, </div>  <div>men så dukker det plutselig opp <br />  en raring i lekekassen hennes. <br />  Lone kaller raringen for HeiHei.  <br />  Hun prøver å lære ham noen tegn for leker. <br />  Men da må hun ha hjelp.</div>  <div>&#160;</div>  <div>CD-romen er interaktiv, og lærer </div>  <div>deg tegn på en morsom måte. </div>  <div>Passer for hele familien. </div>  <div>CD-ROMen er stemmetolket. <br />  Den kan bestilles fra nettbutikken </div>  <div>til Møller kompetansesenter (se lenke). </div>  ]]></wp:meta_value>
            </wp:postmeta>
            <wp:postmeta>
                <wp:meta_key>_lsb_review</wp:meta_key>
                <wp:meta_value><![CDATA[lsb_acf_review]]></wp:meta_value>
            </wp:postmeta>
            <wp:postmeta>
                <wp:meta_key>lsb_quote</wp:meta_key>
                <wp:meta_value/>
            </wp:postmeta>
            <wp:postmeta>
                <wp:meta_key>_lsb_quote</wp:meta_key>
                <wp:meta_value><![CDATA[lsb_acf_quote]]></wp:meta_value>
            </wp:postmeta>
            <wp:postmeta>
                <wp:meta_key>lsb_supported</wp:meta_key>
                <wp:meta_value><![CDATA[0]]></wp:meta_value>
            </wp:postmeta>
            <wp:postmeta>
                <wp:meta_key>_lsb_supported</wp:meta_key>
                <wp:meta_value><![CDATA[lsb_acf_supported]]></wp:meta_value>
            </wp:postmeta>
            <category domain="lsb_tax_publisher" nicename="møller-kompetansesenter"><![CDATA[Møller kompetansesenter]]></category>
            <wp:postmeta>
                <wp:meta_key>lsb_look_inside</wp:meta_key>
                <wp:meta_value><![CDATA[CUSTOM_BLA_I_BOKA]]></wp:meta_value>
            </wp:postmeta>
            <wp:postmeta>
                <wp:meta_key>_lsb_look_inside</wp:meta_key>
                <wp:meta_value><![CDATA[lsb_acf_look_inside]]></wp:meta_value>
            </wp:postmeta>
            <category domain="lsb_tax_age" nicename="barn"><![CDATA[barn]]></category>
            <category domain="lsb_tax_customization" nicename="tegnspråk"><![CDATA[tegnspråk]]></category>
            <wp:postmeta>
                <wp:meta_key>_thumbnail_id</wp:meta_key>
                <wp:meta_value><![CDATA[5263]]></wp:meta_value>
            </wp:postmeta>
        </item>
        <item>
            <title>tegnjakten, ny.jpg</title>
            <wp:post_id>5263</wp:post_id>
            <wp:status>inherit</wp:status>
            <wp:post_type>attachment</wp:post_type>
            <wp:attachment_url>https://raw.githubusercontent.com/lesersokerbok/boksok.no-data-utils/master/output-example/images/90A61E4609414C549983C3DB39396DC0.jpg</wp:attachment_url>
        </item>
        <item>
            <wp:post_type>lsb_book</wp:post_type>
            <wp:status>publish</wp:status>
            <title>Min venn Kong</title>
            <excerpt:encoded><![CDATA[En dag kommer faren til Sara   hjem med Kong, en liten gorilla.   Han har nettopp mistet moren sin.   Derfor skal han bo hos familien til Sara   til han er større.   ]]></excerpt:encoded>
            <wp:postmeta>
                <wp:meta_key>lsb_isbn</wp:meta_key>
                <wp:meta_value><![CDATA[8210038958]]></wp:meta_value>
            </wp:postmeta>
            <wp:postmeta>
                <wp:meta_key>_lsb_isbn</wp:meta_key>
                <wp:meta_value><![CDATA[lsb_acf_isbn]]></wp:meta_value>
            </wp:postmeta>
            <wp:postmeta>
                <wp:meta_key>lsb_published_year</wp:meta_key>
                <wp:meta_value><![CDATA[1995]]></wp:meta_value>
            </wp:postmeta>
            <wp:postmeta>
                <wp:meta_key>_lsb_published_year</wp:meta_key>
                <wp:meta_value><![CDATA[lsb_acf_published_year]]></wp:meta_value>
            </wp:postmeta>
            <wp:postmeta>
                <wp:meta_key>lsb_pages</wp:meta_key>
                <wp:meta_value><![CDATA[88]]></wp:meta_value>
            </wp:postmeta>
            <wp:postmeta>
                <wp:meta_key>_lsb_pages</wp:meta_key>
                <wp:meta_value><![CDATA[lsb_acf_pages]]></wp:meta_value>
            </wp:postmeta>
            <wp:postmeta>
                <wp:meta_key>lsb_review</wp:meta_key>
                <wp:meta_value><![CDATA[Sara og Kong blir gode venner. <br />  Kong vokser, og en dag må <br />   Kong flytte tilbake til dyreparken.  <br />  ]]></wp:meta_value>
            </wp:postmeta>
            <wp:postmeta>
                <wp:meta_key>_lsb_review</wp:meta_key>
                <wp:meta_value><![CDATA[lsb_acf_review]]></wp:meta_value>
            </wp:postmeta>
            <wp:postmeta>
                <wp:meta_key>lsb_quote</wp:meta_key>
                <wp:meta_value><![CDATA[Han var så skjønn og rar. Spesielt ansiktet.   Han hadde det flateste fjeset jeg noen gang   har sett på et dyr.  Det så ut som han hadde løpt mot en mur-vegg   og ikke klart å bremse fort nok.   Han hadde nydelige, store, brune øyne.  Hendene var myke som på en baby.  De klamret seg fast til håret mitt. ]]></wp:meta_value>
            </wp:postmeta>
            <wp:postmeta>
                <wp:meta_key>_lsb_quote</wp:meta_key>
                <wp:meta_value><![CDATA[lsb_acf_quote]]></wp:meta_value>
            </wp:postmeta>
            <wp:postmeta>
                <wp:meta_key>lsb_supported</wp:meta_key>
                <wp:meta_value><![CDATA[0]]></wp:meta_value>
            </wp:postmeta>
            <wp:postmeta>
                <wp:meta_key>_lsb_supported</wp:meta_key>
                <wp:meta_value><![CDATA[lsb_acf_supported]]></wp:meta_value>
            </wp:postmeta>
            <category domain="lsb_tax_author" nicename="philip-newth"><![CDATA[Philip Newth]]></category>
            <category domain="lsb_tax_publisher" nicename="tiden"><![CDATA[Tiden]]></category>
            <category domain="lsb_tax_illustrator" nicename="philip-newth"><![CDATA[Philip Newth]]></category>
            <wp:postmeta>
                <wp:meta_key>lsb_look_inside</wp:meta_key>
                <wp:meta_value><![CDATA[CUSTOM_BLA_I_BOKA]]></wp:meta_value>
            </wp:postmeta>
            <wp:postmeta>
                <wp:meta_key>_lsb_look_inside</wp:meta_key>
                <wp:meta_value><![CDATA[lsb_acf_look_inside]]></wp:meta_value>
            </wp:postmeta>
            <category domain="lsb_tax_age" nicename="barn"><![CDATA[barn]]></category>
            <category domain="lsb_tax_age" nicename="ungdom"><![CDATA[ungdom]]></category>
            <category domain="lsb_tax_genre" nicename="prosa"><![CDATA[prosa]]></category>
            <category domain="lsb_tax_topic" nicename="mennesker-i-mellom"><![CDATA[mennesker i mellom]]></category>
            <category domain="lsb_tax_language" nicename="no_nb"><![CDATA[bokmål]]></category>
            <category domain="lsb_tax_customization" nicename="skjønnlitteratur"><![CDATA[skjønnlitteratur]]></category>
            <wp:postmeta>
                <wp:meta_key>_thumbnail_id</wp:meta_key>
                <wp:meta_value><![CDATA[5264]]></wp:meta_value>
            </wp:postmeta>
        </item>
        <item>
            <title>kong.jpg</title>
            <wp:post_id>5264</wp:post_id>
            <wp:status>inherit</wp:status>
            <wp:post_type>attachment</wp:post_type>
            <wp:attachment_url>https://raw.githubusercontent.com/lesersokerbok/boksok.no-data-utils/master/output-example/images/E8028726A3D04A0585453FBD05F1F4D8.jpg</wp:attachment_url>
        </item>
        <item>
            <wp:post_type>lsb_book</wp:post_type>
            <wp:status>publish</wp:status>
            <title>Tunnelkjøraren</title>
            <excerpt:encoded><![CDATA[Han er 19 år, yngstemann i arbeidsgjengen   og kjørar dumpar i ein tunnel.   Vil han greie arbeidet han har teke på seg?   ]]></excerpt:encoded>
            <wp:postmeta>
                <wp:meta_key>lsb_isbn</wp:meta_key>
                <wp:meta_value><![CDATA[9788252141702]]></wp:meta_value>
            </wp:postmeta>
            <wp:postmeta>
                <wp:meta_key>_lsb_isbn</wp:meta_key>
                <wp:meta_value><![CDATA[lsb_acf_isbn]]></wp:meta_value>
            </wp:postmeta>
            <wp:postmeta>
                <wp:meta_key>lsb_published_year</wp:meta_key>
                <wp:meta_value><![CDATA[1993]]></wp:meta_value>
            </wp:postmeta>
            <wp:postmeta>
                <wp:meta_key>_lsb_published_year</wp:meta_key>
                <wp:meta_value><![CDATA[lsb_acf_published_year]]></wp:meta_value>
            </wp:postmeta>
            <wp:postmeta>
                <wp:meta_key>lsb_pages</wp:meta_key>
                <wp:meta_value><![CDATA[55]]></wp:meta_value>
            </wp:postmeta>
            <wp:postmeta>
                <wp:meta_key>_lsb_pages</wp:meta_key>
                <wp:meta_value><![CDATA[lsb_acf_pages]]></wp:meta_value>
            </wp:postmeta>
            <wp:postmeta>
                <wp:meta_key>lsb_review</wp:meta_key>
                <wp:meta_value><![CDATA[  <div>Han skal være med og rydde opp etter eit ras <br />  som er gått i tunnelen. <br />  Det er ingen ufarleg jobb. <br />  Han må kjøre 4000 meter innover i mørkret, <br />  konsentrere seg, ikkje tenkje for mykje på kjærasten <br />  - som er redd for han.</div>  <div>&#160;</div>  <p>Dette er ein forteljing om hardt <br />  arbeidande folk, om tunnelar, og om <br />  kjenslane til guten.<br />  Boka har fargefotografiar i sort-kvitt. <br />  Teksten er grei å lese. </p>  ]]></wp:meta_value>
            </wp:postmeta>
            <wp:postmeta>
                <wp:meta_key>_lsb_review</wp:meta_key>
                <wp:meta_value><![CDATA[lsb_acf_review]]></wp:meta_value>
            </wp:postmeta>
            <wp:postmeta>
                <wp:meta_key>lsb_quote</wp:meta_key>
                <wp:meta_value><![CDATA[- Eg har ikkje tenkt å ta nokon risiko,   hadde han flirt til henne. - Eg har berre tenkt   å ta tillegget. Og det kan trengast om du   endeleg bestemmer deg for å gifte deg. ]]></wp:meta_value>
            </wp:postmeta>
            <wp:postmeta>
                <wp:meta_key>_lsb_quote</wp:meta_key>
                <wp:meta_value><![CDATA[lsb_acf_quote]]></wp:meta_value>
            </wp:postmeta>
            <wp:postmeta>
                <wp:meta_key>lsb_supported</wp:meta_key>
                <wp:meta_value><![CDATA[0]]></wp:meta_value>
            </wp:postmeta>
            <wp:postmeta>
                <wp:meta_key>_lsb_supported</wp:meta_key>
                <wp:meta_value><![CDATA[lsb_acf_supported]]></wp:meta_value>
            </wp:postmeta>
            <category domain="lsb_tax_author" nicename="erna-osland"><![CDATA[Erna Osland]]></category>
            <category domain="lsb_tax_publisher" nicename="samlaget"><![CDATA[Samlaget]]></category>
            <category domain="lsb_tax_illustrator" nicename="rune-garmann-og-helge-sunde"><![CDATA[Rune Garmann og Helge Sunde]]></category>
            <wp:postmeta>
                <wp:meta_key>lsb_look_inside</wp:meta_key>
                <wp:meta_value><![CDATA[CUSTOM_BLA_I_BOKA]]></wp:meta_value>
            </wp:postmeta>
            <wp:postmeta>
                <wp:meta_key>_lsb_look_inside</wp:meta_key>
                <wp:meta_value><![CDATA[lsb_acf_look_inside]]></wp:meta_value>
            </wp:postmeta>
            <category domain="lsb_tax_age" nicename="ungdom"><![CDATA[ungdom]]></category>
            <category domain="lsb_tax_genre" nicename="prosa"><![CDATA[prosa]]></category>
            <category domain="lsb_tax_topic" nicename="mennesker-i-mellom"><![CDATA[mennesker i mellom]]></category>
            <category domain="lsb_tax_language" nicename="no_nn"><![CDATA[nynorsk]]></category>
            <category domain="lsb_tax_customization" nicename="skjønnlitteratur"><![CDATA[skjønnlitteratur]]></category>
            <category domain="lsb_tax_customization" nicename="mange-bilder"><![CDATA[mange bilder]]></category>
            <wp:postmeta>
                <wp:meta_key>_thumbnail_id</wp:meta_key>
                <wp:meta_value><![CDATA[5265]]></wp:meta_value>
            </wp:postmeta>
        </item>
        <item>
            <title>tunnelkjøraren.jpg</title>
            <wp:post_id>5265</wp:post_id>
            <wp:status>inherit</wp:status>
            <wp:post_type>attachment</wp:post_type>
            <wp:attachment_url>https://raw.githubusercontent.com/lesersokerbok/boksok.no-data-utils/master/output-example/images/776D0FDD10BC4DF39293529D8EEE739E.jpg</wp:attachment_url>
        </item>
        <item>
            <wp:post_type>lsb_book</wp:post_type>
            <wp:status>publish</wp:status>
            <title>Naiv.Super</title>
            <excerpt:encoded><![CDATA[Den 25 år gamle hovedpersonen har to venner.   En god og en dårlig.   Og så har han en bror   som ikke er altfor sympatisk.   ]]></excerpt:encoded>
            <wp:postmeta>
                <wp:meta_key>lsb_isbn</wp:meta_key>
                <wp:meta_value><![CDATA[9788202192808]]></wp:meta_value>
            </wp:postmeta>
            <wp:postmeta>
                <wp:meta_key>_lsb_isbn</wp:meta_key>
                <wp:meta_value><![CDATA[lsb_acf_isbn]]></wp:meta_value>
            </wp:postmeta>
            <wp:postmeta>
                <wp:meta_key>lsb_published_year</wp:meta_key>
                <wp:meta_value><![CDATA[1997]]></wp:meta_value>
            </wp:postmeta>
            <wp:postmeta>
                <wp:meta_key>_lsb_published_year</wp:meta_key>
                <wp:meta_value><![CDATA[lsb_acf_published_year]]></wp:meta_value>
            </wp:postmeta>
            <wp:postmeta>
                <wp:meta_key>lsb_pages</wp:meta_key>
                <wp:meta_value><![CDATA[243]]></wp:meta_value>
            </wp:postmeta>
            <wp:postmeta>
                <wp:meta_key>_lsb_pages</wp:meta_key>
                <wp:meta_value><![CDATA[lsb_acf_pages]]></wp:meta_value>
            </wp:postmeta>
            <wp:postmeta>
                <wp:meta_key>lsb_review</wp:meta_key>
                <wp:meta_value><![CDATA[  <p>Når broren slår ham i crocket <br />  raser tilværelsen hans sammen. <br />  Begeistringen er borte. <br />  Tid og rom er vanskelig. <br />  Sakte bygger han seg opp igjen. </p>  <div>&#160;</div>  <div><strong>Naiv. Super</strong> er en enkel historie <br />  om veldig vanskelige ting. </div>  <p>Teksten er enkelte steder tett skrevet. <br />  Fonten er litt liten, men god. <br />  Språket er enkelt, og gjør det lett <br />  å få med seg innholdet. <br />  Overskriftene er vanskelige å lese.</p>  <p>Erlend Loe har blitt en viktig stemme <br />  i det litterære Norge. <br />  Han har laget en helt egen stil <br />  med sitt direkte språk og mye humor. </p>  ]]></wp:meta_value>
            </wp:postmeta>
            <wp:postmeta>
                <wp:meta_key>_lsb_review</wp:meta_key>
                <wp:meta_value><![CDATA[lsb_acf_review]]></wp:meta_value>
            </wp:postmeta>
            <wp:postmeta>
                <wp:meta_key>lsb_quote</wp:meta_key>
                <wp:meta_value><![CDATA[Mye er forandret i løpet av de siste ukene.   Dagene er blitt annerledes. Nettene også.   Men jeg kjenner meg ikke fornøyd. Ikke ennå. Det er helt   klart en håndfull vesentlige ting som mangler. ]]></wp:meta_value>
            </wp:postmeta>
            <wp:postmeta>
                <wp:meta_key>_lsb_quote</wp:meta_key>
                <wp:meta_value><![CDATA[lsb_acf_quote]]></wp:meta_value>
            </wp:postmeta>
            <wp:postmeta>
                <wp:meta_key>lsb_supported</wp:meta_key>
                <wp:meta_value><![CDATA[0]]></wp:meta_value>
            </wp:postmeta>
            <wp:postmeta>
                <wp:meta_key>_lsb_supported</wp:meta_key>
                <wp:meta_value><![CDATA[lsb_acf_supported]]></wp:meta_value>
            </wp:postmeta>
            <category domain="lsb_tax_author" nicename="erlend-loe"><![CDATA[Erlend Loe]]></category>
            <category domain="lsb_tax_publisher" nicename="cappelen"><![CDATA[Cappelen]]></category>
            <wp:postmeta>
                <wp:meta_key>lsb_look_inside</wp:meta_key>
                <wp:meta_value><![CDATA[CUSTOM_BLA_I_BOKA]]></wp:meta_value>
            </wp:postmeta>
            <wp:postmeta>
                <wp:meta_key>_lsb_look_inside</wp:meta_key>
                <wp:meta_value><![CDATA[lsb_acf_look_inside]]></wp:meta_value>
            </wp:postmeta>
            <category domain="lsb_tax_age" nicename="voksne"><![CDATA[voksne]]></category>
            <category domain="lsb_tax_genre" nicename="prosa"><![CDATA[prosa]]></category>
            <category domain="lsb_tax_topic" nicename="humor"><![CDATA[humor]]></category>
            <category domain="lsb_tax_topic" nicename="mennesker-i-mellom"><![CDATA[mennesker i mellom]]></category>
            <category domain="lsb_tax_language" nicename="no_nb"><![CDATA[bokmål]]></category>
            <category domain="lsb_tax_customization" nicename="skjønnlitteratur"><![CDATA[skjønnlitteratur]]></category>
            <wp:postmeta>
                <wp:meta_key>_thumbnail_id</wp:meta_key>
                <wp:meta_value><![CDATA[5266]]></wp:meta_value>
            </wp:postmeta>
        </item>
        <item>
            <title>Naiv.Super.jpg</title>
            <wp:post_id>5266</wp:post_id>
            <wp:status>inherit</wp:status>
            <wp:post_type>attachment</wp:post_type>
            <wp:attachment_url>https://raw.githubusercontent.com/lesersokerbok/boksok.no-data-utils/master/output-example/images/E84E52278EA84A4E90DEBC59676CB32D.jpg</wp:attachment_url>
        </item>
        <item>
            <wp:post_type>lsb_book</wp:post_type>
            <wp:status>publish</wp:status>
            <title>Pål og Ida i fritida </title>
            <excerpt:encoded><![CDATA[På dagen er Pål og Ida på jobben.   Men hva gjør de på kvelden og i helgene? ]]></excerpt:encoded>
            <wp:postmeta>
                <wp:meta_key>lsb_isbn</wp:meta_key>
                <wp:meta_value><![CDATA[8272428105]]></wp:meta_value>
            </wp:postmeta>
            <wp:postmeta>
                <wp:meta_key>_lsb_isbn</wp:meta_key>
                <wp:meta_value><![CDATA[lsb_acf_isbn]]></wp:meta_value>
            </wp:postmeta>
            <wp:postmeta>
                <wp:meta_key>lsb_published_year</wp:meta_key>
                <wp:meta_value><![CDATA[1992]]></wp:meta_value>
            </wp:postmeta>
            <wp:postmeta>
                <wp:meta_key>_lsb_published_year</wp:meta_key>
                <wp:meta_value><![CDATA[lsb_acf_published_year]]></wp:meta_value>
            </wp:postmeta>
            <wp:postmeta>
                <wp:meta_key>lsb_pages</wp:meta_key>
                <wp:meta_value><![CDATA[47]]></wp:meta_value>
            </wp:postmeta>
            <wp:postmeta>
                <wp:meta_key>_lsb_pages</wp:meta_key>
                <wp:meta_value><![CDATA[lsb_acf_pages]]></wp:meta_value>
            </wp:postmeta>
            <wp:postmeta>
                <wp:meta_key>lsb_review</wp:meta_key>
                <wp:meta_value><![CDATA[  <div>Når Pål og Ida ikke er på jobben, </div>  <div>har de fri. </div>  <div>Hva pleier de å gjøre i fritida? </div>  <div>&#160;</div>  <div><strong>Pål og Ida i fritida</strong> har både </div>  <div>tekst, fotografi og korttekst. </div>  <div>Fotografiet viser fram det teksten forteller.</div>  <div>Boka finnes også som lydbok </div>  <div>fra Lydbokforlaget med ISBN 82-421-0231-7. </div>  <div>&#160;</div>  <div><strong>Liv Riktor Lykkenborg</strong> har flere bøker </div>  <div>om Pål og Ida.</div>  <div>De var svært populære da de kom. </div>  <div>I dag kan de fremstå som noe umoderne.</div>  ]]></wp:meta_value>
            </wp:postmeta>
            <wp:postmeta>
                <wp:meta_key>_lsb_review</wp:meta_key>
                <wp:meta_value><![CDATA[lsb_acf_review]]></wp:meta_value>
            </wp:postmeta>
            <wp:postmeta>
                <wp:meta_key>lsb_quote</wp:meta_key>
                <wp:meta_value><![CDATA[Det er gøy å gå rundt på et loppemarked.  Etter at de har kjøpt bordet  har Pål og Ida tid til å se seg om.  Her er det helt annerledes enn i andre butikker.  Folk ler og prater og har god tid.  Ida finner ei lampe til å ha på bordet,  og Pål finner ei boblejakke.]]></wp:meta_value>
            </wp:postmeta>
            <wp:postmeta>
                <wp:meta_key>_lsb_quote</wp:meta_key>
                <wp:meta_value><![CDATA[lsb_acf_quote]]></wp:meta_value>
            </wp:postmeta>
            <wp:postmeta>
                <wp:meta_key>lsb_supported</wp:meta_key>
                <wp:meta_value><![CDATA[0]]></wp:meta_value>
            </wp:postmeta>
            <wp:postmeta>
                <wp:meta_key>_lsb_supported</wp:meta_key>
                <wp:meta_value><![CDATA[lsb_acf_supported]]></wp:meta_value>
            </wp:postmeta>
            <category domain="lsb_tax_author" nicename="liv-riktor-lykkenborg"><![CDATA[Liv Riktor Lykkenborg]]></category>
            <category domain="lsb_tax_publisher" nicename="kommuneforlaget-"><![CDATA[Kommuneforlaget ]]></category>
            <category domain="lsb_tax_illustrator" nicename="pål-hermansen"><![CDATA[Pål Hermansen]]></category>
            <wp:postmeta>
                <wp:meta_key>lsb_look_inside</wp:meta_key>
                <wp:meta_value><![CDATA[CUSTOM_BLA_I_BOKA]]></wp:meta_value>
            </wp:postmeta>
            <wp:postmeta>
                <wp:meta_key>_lsb_look_inside</wp:meta_key>
                <wp:meta_value><![CDATA[lsb_acf_look_inside]]></wp:meta_value>
            </wp:postmeta>
            <category domain="lsb_tax_age" nicename="voksne"><![CDATA[voksne]]></category>
            <category domain="lsb_tax_language" nicename="no_nb"><![CDATA[bokmål]]></category>
            <category domain="lsb_tax_customization" nicename="utviklingshemmede"><![CDATA[utviklingshemmede]]></category>
            <category domain="lsb_tax_customization" nicename="mange-bilder"><![CDATA[mange bilder]]></category>
            <wp:postmeta>
                <wp:meta_key>_thumbnail_id</wp:meta_key>
                <wp:meta_value><![CDATA[5267]]></wp:meta_value>
            </wp:postmeta>
        </item>
        <item>
            <title>pål og ida i fritida.jpg</title>
            <wp:post_id>5267</wp:post_id>
            <wp:status>inherit</wp:status>
            <wp:post_type>attachment</wp:post_type>
            <wp:attachment_url>https://raw.githubusercontent.com/lesersokerbok/boksok.no-data-utils/master/output-example/images/157CB0C60AF5481A955E5A9D438DA26E.jpg</wp:attachment_url>
        </item>
        <item>
            <wp:post_type>lsb_book</wp:post_type>
            <wp:status>publish</wp:status>
            <title>5 kule klasseromshistorier</title>
            <excerpt:encoded><![CDATA[Fem historier om alt det rare som kan skje i et klasserom. ]]></excerpt:encoded>
            <wp:postmeta>
                <wp:meta_key>lsb_isbn</wp:meta_key>
                <wp:meta_value><![CDATA[9788252927474]]></wp:meta_value>
            </wp:postmeta>
            <wp:postmeta>
                <wp:meta_key>_lsb_isbn</wp:meta_key>
                <wp:meta_value><![CDATA[lsb_acf_isbn]]></wp:meta_value>
            </wp:postmeta>
            <wp:postmeta>
                <wp:meta_key>lsb_published_year</wp:meta_key>
                <wp:meta_value><![CDATA[2003]]></wp:meta_value>
            </wp:postmeta>
            <wp:postmeta>
                <wp:meta_key>_lsb_published_year</wp:meta_key>
                <wp:meta_value><![CDATA[lsb_acf_published_year]]></wp:meta_value>
            </wp:postmeta>
            <wp:postmeta>
                <wp:meta_key>lsb_pages</wp:meta_key>
                <wp:meta_value><![CDATA[59]]></wp:meta_value>
            </wp:postmeta>
            <wp:postmeta>
                <wp:meta_key>_lsb_pages</wp:meta_key>
                <wp:meta_value><![CDATA[lsb_acf_pages]]></wp:meta_value>
            </wp:postmeta>
            <wp:postmeta>
                <wp:meta_key>lsb_review</wp:meta_key>
                <wp:meta_value><![CDATA[  <div>I klasserommet kan det meste skje! <br />  Plutselig kan brannalarmen gå. <br />  Andre ganger kan noen ha <br />  noe hemmelig gjemt under jakka, <br />  eller det kan være matpakketyver på ferde.<br />  Dette og mer til kan du lese om <br />  i disse fem kule og rare historiene.</div>  <div>&#160;</div>  <div><strong>De første kengubøkene</strong> er laget <br />  for de aller yngste leserne. <br />  Bøkene inneholder korte historier </div>  <div>med mange bilder. <br />  En del ord er byttet ut med tegninger. <br />  Teksten er satt med store bokstaver.<br />  </div>  ]]></wp:meta_value>
            </wp:postmeta>
            <wp:postmeta>
                <wp:meta_key>_lsb_review</wp:meta_key>
                <wp:meta_value><![CDATA[lsb_acf_review]]></wp:meta_value>
            </wp:postmeta>
            <wp:postmeta>
                <wp:meta_key>lsb_quote</wp:meta_key>
                <wp:meta_value><![CDATA[Ordene i parentes er tegnet i teksten.  "ER DET NOE GALT?"  SPØR (vkatmesteren)FORBAUSET.  SÅ HØRER HAN ET MJAU.  (Vaktmesteren) RYNKER (pannen).  HØRTE JEG EN (katt, ELLER HVA?  (Andreas)TREKKER PÅ (skulderen).   DA MJAUER DET IGJEN, GANSKE HØYT.  (Jakka)TIL (Andreas) RØRER PÅ SEG.  ]]></wp:meta_value>
            </wp:postmeta>
            <wp:postmeta>
                <wp:meta_key>_lsb_quote</wp:meta_key>
                <wp:meta_value><![CDATA[lsb_acf_quote]]></wp:meta_value>
            </wp:postmeta>
            <wp:postmeta>
                <wp:meta_key>lsb_supported</wp:meta_key>
                <wp:meta_value><![CDATA[0]]></wp:meta_value>
            </wp:postmeta>
            <wp:postmeta>
                <wp:meta_key>_lsb_supported</wp:meta_key>
                <wp:meta_value><![CDATA[lsb_acf_supported]]></wp:meta_value>
            </wp:postmeta>
            <category domain="lsb_tax_author" nicename="claudia-ondracek"><![CDATA[Claudia Ondracek]]></category>
            <category domain="lsb_tax_publisher" nicename="landbruksforlaget"><![CDATA[Landbruksforlaget]]></category>
            <category domain="lsb_tax_illustrator" nicename="thomas-schallnau"><![CDATA[Thomas Schallnau]]></category>
            <category domain="lsb_tax_translator" nicename="cecilie-winger"><![CDATA[Cecilie Winger]]></category>
            <wp:postmeta>
                <wp:meta_key>lsb_look_inside</wp:meta_key>
                <wp:meta_value><![CDATA[CUSTOM_BLA_I_BOKA]]></wp:meta_value>
            </wp:postmeta>
            <wp:postmeta>
                <wp:meta_key>_lsb_look_inside</wp:meta_key>
                <wp:meta_value><![CDATA[lsb_acf_look_inside]]></wp:meta_value>
            </wp:postmeta>
            <category domain="lsb_tax_age" nicename="barn"><![CDATA[barn]]></category>
            <category domain="lsb_tax_genre" nicename="prosa"><![CDATA[prosa]]></category>
            <category domain="lsb_tax_language" nicename="no_nb"><![CDATA[bokmål]]></category>
            <category domain="lsb_tax_customization" nicename="storskrift"><![CDATA[storskrift]]></category>
            <category domain="lsb_tax_customization" nicename="skjønnlitteratur"><![CDATA[skjønnlitteratur]]></category>
            <category domain="lsb_tax_customization" nicename="mange-bilder"><![CDATA[mange bilder]]></category>
            <wp:postmeta>
                <wp:meta_key>_thumbnail_id</wp:meta_key>
                <wp:meta_value><![CDATA[5268]]></wp:meta_value>
            </wp:postmeta>
        </item>
        <item>
            <title>5 kule klasseromshistorier nettversjon.JPG</title>
            <wp:post_id>5268</wp:post_id>
            <wp:status>inherit</wp:status>
            <wp:post_type>attachment</wp:post_type>
            <wp:attachment_url>https://raw.githubusercontent.com/lesersokerbok/boksok.no-data-utils/master/output-example/images/EC60549D381943EA946FA35558647122.JPG</wp:attachment_url>
        </item>
        <item>
            <wp:post_type>lsb_book</wp:post_type>
            <wp:status>publish</wp:status>
            <title>Nærkamp</title>
            <excerpt:encoded><![CDATA[Nærkamp handler om rå hverdag,  og en ung gutts opplevelser   under andre verdenskrig.    Krigen raser i Øst-Finnmark.  Tor og Are er ungdommer.  De lever de tett innpå tyske soldater   og norske motstandsmenn.  ]]></excerpt:encoded>
            <wp:postmeta>
                <wp:meta_key>lsb_isbn</wp:meta_key>
                <wp:meta_value><![CDATA[9788280980144]]></wp:meta_value>
            </wp:postmeta>
            <wp:postmeta>
                <wp:meta_key>_lsb_isbn</wp:meta_key>
                <wp:meta_value><![CDATA[lsb_acf_isbn]]></wp:meta_value>
            </wp:postmeta>
            <wp:postmeta>
                <wp:meta_key>lsb_published_year</wp:meta_key>
                <wp:meta_value><![CDATA[2005]]></wp:meta_value>
            </wp:postmeta>
            <wp:postmeta>
                <wp:meta_key>_lsb_published_year</wp:meta_key>
                <wp:meta_value><![CDATA[lsb_acf_published_year]]></wp:meta_value>
            </wp:postmeta>
            <wp:postmeta>
                <wp:meta_key>lsb_pages</wp:meta_key>
                <wp:meta_value><![CDATA[89]]></wp:meta_value>
            </wp:postmeta>
            <wp:postmeta>
                <wp:meta_key>_lsb_pages</wp:meta_key>
                <wp:meta_value><![CDATA[lsb_acf_pages]]></wp:meta_value>
            </wp:postmeta>
            <wp:postmeta>
                <wp:meta_key>lsb_review</wp:meta_key>
                <wp:meta_value><![CDATA[Boka passer for alle som er opptatt av <br />  krigen, særlig slik den var <br />  for de som bodde i Nord-Norge.  ]]></wp:meta_value>
            </wp:postmeta>
            <wp:postmeta>
                <wp:meta_key>_lsb_review</wp:meta_key>
                <wp:meta_value><![CDATA[lsb_acf_review]]></wp:meta_value>
            </wp:postmeta>
            <wp:postmeta>
                <wp:meta_key>lsb_quote</wp:meta_key>
                <wp:meta_value><![CDATA[Vi satt på en bunt med høy  og så på Savan.  Han sto ved en kanon og røykte.  Vi hadde også lyst på en røyk.  Torde vi stjele pakken fra Savan?  Den lå på en kasse.]]></wp:meta_value>
            </wp:postmeta>
            <wp:postmeta>
                <wp:meta_key>_lsb_quote</wp:meta_key>
                <wp:meta_value><![CDATA[lsb_acf_quote]]></wp:meta_value>
            </wp:postmeta>
            <wp:postmeta>
                <wp:meta_key>lsb_supported</wp:meta_key>
                <wp:meta_value><![CDATA[1]]></wp:meta_value>
            </wp:postmeta>
            <wp:postmeta>
                <wp:meta_key>_lsb_supported</wp:meta_key>
                <wp:meta_value><![CDATA[lsb_acf_supported]]></wp:meta_value>
            </wp:postmeta>
            <wp:postmeta>
                <wp:meta_key>lsb_support_cat</wp:meta_key>
                <wp:meta_value><![CDATA[purple]]></wp:meta_value>
            </wp:postmeta>
            <wp:postmeta>
                <wp:meta_key>_lsb_support_cat</wp:meta_key>
                <wp:meta_value><![CDATA[lsb_acf_support_cat]]></wp:meta_value>
            </wp:postmeta>
            <category domain="lsb_tax_author" nicename="alf-kvasbø"><![CDATA[Alf Kvasbø]]></category>
            <category domain="lsb_tax_publisher" nicename="lettlest-forlag"><![CDATA[Lettlest forlag]]></category>
            <wp:postmeta>
                <wp:meta_key>lsb_look_inside</wp:meta_key>
                <wp:meta_value><![CDATA[CUSTOM_BLA_I_BOKA]]></wp:meta_value>
            </wp:postmeta>
            <wp:postmeta>
                <wp:meta_key>_lsb_look_inside</wp:meta_key>
                <wp:meta_value><![CDATA[lsb_acf_look_inside]]></wp:meta_value>
            </wp:postmeta>
            <category domain="lsb_tax_age" nicename="ungdom"><![CDATA[ungdom]]></category>
            <category domain="lsb_tax_age" nicename="voksne"><![CDATA[voksne]]></category>
            <category domain="lsb_tax_topic" nicename="historie"><![CDATA[historie]]></category>
            <category domain="lsb_tax_topic" nicename="samfunn"><![CDATA[samfunn]]></category>
            <category domain="lsb_tax_language" nicename="no_nb"><![CDATA[bokmål]]></category>
            <category domain="lsb_tax_customization" nicename="faglitteratur"><![CDATA[faglitteratur]]></category>
            <wp:postmeta>
                <wp:meta_key>_thumbnail_id</wp:meta_key>
                <wp:meta_value><![CDATA[5269]]></wp:meta_value>
            </wp:postmeta>
        </item>
        <item>
            <title>Nærkamp.jpg</title>
            <wp:post_id>5269</wp:post_id>
            <wp:status>inherit</wp:status>
            <wp:post_type>attachment</wp:post_type>
            <wp:attachment_url>https://raw.githubusercontent.com/lesersokerbok/boksok.no-data-utils/master/output-example/images/048D4602308B408EBC6E5E693E80ECA8.jpg</wp:attachment_url>
        </item>
        <item>
            <wp:post_type>lsb_book</wp:post_type>
            <wp:status>publish</wp:status>
            <title>Henrik Ibsen. Gåten med mange svar</title>
            <excerpt:encoded><![CDATA[Henrik Ibsen er verdens mest kjente nordmann.  Han regnes som det moderne teaterets far.  I løpet av 50 år skrev han 25 skuespill.  Men hvem var han?   ]]></excerpt:encoded>
            <wp:postmeta>
                <wp:meta_key>lsb_isbn</wp:meta_key>
                <wp:meta_value><![CDATA[9788280980199]]></wp:meta_value>
            </wp:postmeta>
            <wp:postmeta>
                <wp:meta_key>_lsb_isbn</wp:meta_key>
                <wp:meta_value><![CDATA[lsb_acf_isbn]]></wp:meta_value>
            </wp:postmeta>
            <wp:postmeta>
                <wp:meta_key>lsb_published_year</wp:meta_key>
                <wp:meta_value><![CDATA[2006]]></wp:meta_value>
            </wp:postmeta>
            <wp:postmeta>
                <wp:meta_key>_lsb_published_year</wp:meta_key>
                <wp:meta_value><![CDATA[lsb_acf_published_year]]></wp:meta_value>
            </wp:postmeta>
            <wp:postmeta>
                <wp:meta_key>lsb_pages</wp:meta_key>
                <wp:meta_value><![CDATA[143]]></wp:meta_value>
            </wp:postmeta>
            <wp:postmeta>
                <wp:meta_key>_lsb_pages</wp:meta_key>
                <wp:meta_value><![CDATA[lsb_acf_pages]]></wp:meta_value>
            </wp:postmeta>
            <wp:postmeta>
                <wp:meta_key>lsb_review</wp:meta_key>
                <wp:meta_value><![CDATA[  <p>I denne boka møter du <br />  den store dikteren på en ny måte.<br />  Du blir med på reiser tilbake til Ibsens tid.<br />  Slik kan du bli kjent med både diktningen hans <br />  og det livet han levde. </p>  <div>&#160;</div>  <div>Boka er utgitt i samarbeid med Ibsen 2006 <br />  og Ibsen-satsingen i Skien kommune.</div>  <p>Kjersti Wold har også skrevet en annen bok <br />  med enkel tekst. Boka heter <strong>Sorte seil.</strong> <br />  Den handler om labyrinten på Kreta, <br />  en gammel gresk myte. <br />  </p>  ]]></wp:meta_value>
            </wp:postmeta>
            <wp:postmeta>
                <wp:meta_key>_lsb_review</wp:meta_key>
                <wp:meta_value><![CDATA[lsb_acf_review]]></wp:meta_value>
            </wp:postmeta>
            <wp:postmeta>
                <wp:meta_key>lsb_quote</wp:meta_key>
                <wp:meta_value><![CDATA[Henriks mor, Marichen,  skulle gi liv til et nytt barn,  mens hennes førstefødte sønn  kun hadde tre uker igjen å leve.]]></wp:meta_value>
            </wp:postmeta>
            <wp:postmeta>
                <wp:meta_key>_lsb_quote</wp:meta_key>
                <wp:meta_value><![CDATA[lsb_acf_quote]]></wp:meta_value>
            </wp:postmeta>
            <wp:postmeta>
                <wp:meta_key>lsb_supported</wp:meta_key>
                <wp:meta_value><![CDATA[1]]></wp:meta_value>
            </wp:postmeta>
            <wp:postmeta>
                <wp:meta_key>_lsb_supported</wp:meta_key>
                <wp:meta_value><![CDATA[lsb_acf_supported]]></wp:meta_value>
            </wp:postmeta>
            <wp:postmeta>
                <wp:meta_key>lsb_support_cat</wp:meta_key>
                <wp:meta_value><![CDATA[purple]]></wp:meta_value>
            </wp:postmeta>
            <wp:postmeta>
                <wp:meta_key>_lsb_support_cat</wp:meta_key>
                <wp:meta_value><![CDATA[lsb_acf_support_cat]]></wp:meta_value>
            </wp:postmeta>
            <category domain="lsb_tax_author" nicename="kjersti-wold"><![CDATA[Kjersti Wold]]></category>
            <category domain="lsb_tax_publisher" nicename="lettlest-forlag"><![CDATA[Lettlest forlag]]></category>
            <category domain="lsb_tax_illustrator" nicename="dag-jenssen"><![CDATA[Dag Jenssen]]></category>
            <wp:postmeta>
                <wp:meta_key>lsb_look_inside</wp:meta_key>
                <wp:meta_value><![CDATA[CUSTOM_BLA_I_BOKA]]></wp:meta_value>
            </wp:postmeta>
            <wp:postmeta>
                <wp:meta_key>_lsb_look_inside</wp:meta_key>
                <wp:meta_value><![CDATA[lsb_acf_look_inside]]></wp:meta_value>
            </wp:postmeta>
            <category domain="lsb_tax_age" nicename="ungdom"><![CDATA[ungdom]]></category>
            <category domain="lsb_tax_age" nicename="voksne"><![CDATA[voksne]]></category>
            <category domain="lsb_tax_topic" nicename="historie"><![CDATA[historie]]></category>
            <category domain="lsb_tax_topic" nicename="samfunn"><![CDATA[samfunn]]></category>
            <category domain="lsb_tax_language" nicename="no_nb"><![CDATA[bokmål]]></category>
            <category domain="lsb_tax_customization" nicename="faglitteratur"><![CDATA[faglitteratur]]></category>
            <wp:postmeta>
                <wp:meta_key>_thumbnail_id</wp:meta_key>
                <wp:meta_value><![CDATA[5270]]></wp:meta_value>
            </wp:postmeta>
        </item>
        <item>
            <title>Ibsen.jpg</title>
            <wp:post_id>5270</wp:post_id>
            <wp:status>inherit</wp:status>
            <wp:post_type>attachment</wp:post_type>
            <wp:attachment_url>https://raw.githubusercontent.com/lesersokerbok/boksok.no-data-utils/master/output-example/images/0FD8B2179318455C8DCC5DB0D7637199.jpg</wp:attachment_url>
        </item>
        <item>
            <wp:post_type>lsb_book</wp:post_type>
            <wp:status>publish</wp:status>
            <title>Sigrid Undset</title>
            <excerpt:encoded><![CDATA[Sigrid Undset er Norges fremste   kvinnelige forfatter.  Hun er én av tre norske forfattere   som har fått Nobelprisen i litteratur.  ]]></excerpt:encoded>
            <wp:postmeta>
                <wp:meta_key>lsb_isbn</wp:meta_key>
                <wp:meta_value><![CDATA[9788280980168]]></wp:meta_value>
            </wp:postmeta>
            <wp:postmeta>
                <wp:meta_key>_lsb_isbn</wp:meta_key>
                <wp:meta_value><![CDATA[lsb_acf_isbn]]></wp:meta_value>
            </wp:postmeta>
            <wp:postmeta>
                <wp:meta_key>lsb_published_year</wp:meta_key>
                <wp:meta_value><![CDATA[2006]]></wp:meta_value>
            </wp:postmeta>
            <wp:postmeta>
                <wp:meta_key>_lsb_published_year</wp:meta_key>
                <wp:meta_value><![CDATA[lsb_acf_published_year]]></wp:meta_value>
            </wp:postmeta>
            <wp:postmeta>
                <wp:meta_key>lsb_pages</wp:meta_key>
                <wp:meta_value><![CDATA[127]]></wp:meta_value>
            </wp:postmeta>
            <wp:postmeta>
                <wp:meta_key>_lsb_pages</wp:meta_key>
                <wp:meta_value><![CDATA[lsb_acf_pages]]></wp:meta_value>
            </wp:postmeta>
            <wp:postmeta>
                <wp:meta_key>lsb_review</wp:meta_key>
                <wp:meta_value/>
            </wp:postmeta>
            <wp:postmeta>
                <wp:meta_key>_lsb_review</wp:meta_key>
                <wp:meta_value><![CDATA[lsb_acf_review]]></wp:meta_value>
            </wp:postmeta>
            <wp:postmeta>
                <wp:meta_key>lsb_quote</wp:meta_key>
                <wp:meta_value><![CDATA[Sigrid Undset blir svartelistet i Tyskland.   Ingen der vil gi ut bøkene hennes lenger.   Tyske aviser skriver:   "Hennes litterære produksjon   skal ikke lenger finnes   verken i tyske aviser, tyske   biblioteker eller tyske bokhandlere."   Men Sigrid fortsetter å skrive.   Det er hun nødt til. ]]></wp:meta_value>
            </wp:postmeta>
            <wp:postmeta>
                <wp:meta_key>_lsb_quote</wp:meta_key>
                <wp:meta_value><![CDATA[lsb_acf_quote]]></wp:meta_value>
            </wp:postmeta>
            <wp:postmeta>
                <wp:meta_key>lsb_supported</wp:meta_key>
                <wp:meta_value><![CDATA[1]]></wp:meta_value>
            </wp:postmeta>
            <wp:postmeta>
                <wp:meta_key>_lsb_supported</wp:meta_key>
                <wp:meta_value><![CDATA[lsb_acf_supported]]></wp:meta_value>
            </wp:postmeta>
            <wp:postmeta>
                <wp:meta_key>lsb_support_cat</wp:meta_key>
                <wp:meta_value><![CDATA[purple]]></wp:meta_value>
            </wp:postmeta>
            <wp:postmeta>
                <wp:meta_key>_lsb_support_cat</wp:meta_key>
                <wp:meta_value><![CDATA[lsb_acf_support_cat]]></wp:meta_value>
            </wp:postmeta>
            <category domain="lsb_tax_author" nicename="vigdis-bjørkøy"><![CDATA[Vigdis Bjørkøy]]></category>
            <category domain="lsb_tax_publisher" nicename="lettlest-forlag"><![CDATA[Lettlest forlag]]></category>
            <category domain="lsb_tax_illustrator" nicename="marianne-hamsun,-harald-slott-møller,-eva-paasche-og-anders-c.-svarstad/posten-norge"><![CDATA[Marianne Hamsun, Harald Slott-Møller, Eva Paasche og Anders C. Svarstad/Posten Norge]]></category>
            <wp:postmeta>
                <wp:meta_key>lsb_look_inside</wp:meta_key>
                <wp:meta_value><![CDATA[CUSTOM_BLA_I_BOKA]]></wp:meta_value>
            </wp:postmeta>
            <wp:postmeta>
                <wp:meta_key>_lsb_look_inside</wp:meta_key>
                <wp:meta_value><![CDATA[lsb_acf_look_inside]]></wp:meta_value>
            </wp:postmeta>
            <category domain="lsb_tax_age" nicename="ungdom"><![CDATA[ungdom]]></category>
            <category domain="lsb_tax_age" nicename="voksne"><![CDATA[voksne]]></category>
            <category domain="lsb_tax_topic" nicename="historie"><![CDATA[historie]]></category>
            <category domain="lsb_tax_topic" nicename="samfunn"><![CDATA[samfunn]]></category>
            <category domain="lsb_tax_language" nicename="no_nb"><![CDATA[bokmål]]></category>
            <category domain="lsb_tax_customization" nicename="faglitteratur"><![CDATA[faglitteratur]]></category>
            <wp:postmeta>
                <wp:meta_key>_thumbnail_id</wp:meta_key>
                <wp:meta_value><![CDATA[5271]]></wp:meta_value>
            </wp:postmeta>
        </item>
        <item>
            <title>Undset.jpg</title>
            <wp:post_id>5271</wp:post_id>
            <wp:status>inherit</wp:status>
            <wp:post_type>attachment</wp:post_type>
            <wp:attachment_url>https://raw.githubusercontent.com/lesersokerbok/boksok.no-data-utils/master/output-example/images/587310CA43D2424D97088CA5D4BB2185.jpg</wp:attachment_url>
        </item>
        <item>
            <wp:post_type>lsb_book</wp:post_type>
            <wp:status>publish</wp:status>
            <title>Triks</title>
            <excerpt:encoded><![CDATA[Kva gjer ein 16 år gamal gut  for å få tak i dama han vil ha?   ]]></excerpt:encoded>
            <wp:postmeta>
                <wp:meta_key>lsb_isbn</wp:meta_key>
                <wp:meta_value><![CDATA[9788280980175]]></wp:meta_value>
            </wp:postmeta>
            <wp:postmeta>
                <wp:meta_key>_lsb_isbn</wp:meta_key>
                <wp:meta_value><![CDATA[lsb_acf_isbn]]></wp:meta_value>
            </wp:postmeta>
            <wp:postmeta>
                <wp:meta_key>lsb_published_year</wp:meta_key>
                <wp:meta_value><![CDATA[2006]]></wp:meta_value>
            </wp:postmeta>
            <wp:postmeta>
                <wp:meta_key>_lsb_published_year</wp:meta_key>
                <wp:meta_value><![CDATA[lsb_acf_published_year]]></wp:meta_value>
            </wp:postmeta>
            <wp:postmeta>
                <wp:meta_key>lsb_pages</wp:meta_key>
                <wp:meta_value><![CDATA[78]]></wp:meta_value>
            </wp:postmeta>
            <wp:postmeta>
                <wp:meta_key>_lsb_pages</wp:meta_key>
                <wp:meta_value><![CDATA[lsb_acf_pages]]></wp:meta_value>
            </wp:postmeta>
            <wp:postmeta>
                <wp:meta_key>lsb_review</wp:meta_key>
                <wp:meta_value><![CDATA[  <div>Janice er utvekslingsstudent hos familien hans. <br />  Ho er alltid oppe før fuglane fis. <br />  Ho har jogga ei mil i skogen <br />  og pressa fruktjuice før <br />  vekkjarklokka hans har ringt. <br />  Han er vonlaust forelska. <br />  Snart skal ho reise heim, og han har <br />  enno ikkje klart å få henne på kroken. <br />  Men venninna hans har nokre triks på lager... </div>  <div>&#160;</div>  <div><strong>Triks</strong> er blitt oversatt til både <a title="Triks på svensk" href="http://www.opal.se/index.php?p=pres&amp;isbn=9789172993402" target="_blank">svensk </a>og <a title="Triks på dansk" href="http://forlagetforum.dk/books/9788763807555.aspx" target="_blank">dansk</a>. </div>  <div>Boka har høstet gode kritikker. </div>  <div>&#160;</div>  <div>"Utover å vera lettlesen er det ei svært god bok, <br />  ein dialogbasert tekst lesarane vil kjenna seg igjen i. <br />  Å ta sjansen på å nærme seg den vakre, uoppnåelege. <br />  Å ta sjansen på utsetje seg for andre si avvising. <br />  Boka fortel truverdig om prøvande kjærleik og nye, spennande kjensler."<br />  Janne Karin Støylen, NYNORSKBOK.NO</div>  <div>&#160;</div>  <div>"Dette er en flott ungdomsroman."<br />  Ine Marit Torsvik Bertelsen, BARNE- OG UNGDOMSLITTERATUR</div>  <div>&#160;</div>  <div>"Ei kort og lettlesen historie som fekk meg i godt humør."<br />  ØNSKEBOK.NO</div>  ]]></wp:meta_value>
            </wp:postmeta>
            <wp:postmeta>
                <wp:meta_key>_lsb_review</wp:meta_key>
                <wp:meta_value><![CDATA[lsb_acf_review]]></wp:meta_value>
            </wp:postmeta>
            <wp:postmeta>
                <wp:meta_key>lsb_quote</wp:meta_key>
                <wp:meta_value><![CDATA[#ERROR!]]></wp:meta_value>
            </wp:postmeta>
            <wp:postmeta>
                <wp:meta_key>_lsb_quote</wp:meta_key>
                <wp:meta_value><![CDATA[lsb_acf_quote]]></wp:meta_value>
            </wp:postmeta>
            <wp:postmeta>
                <wp:meta_key>lsb_supported</wp:meta_key>
                <wp:meta_value><![CDATA[1]]></wp:meta_value>
            </wp:postmeta>
            <wp:postmeta>
                <wp:meta_key>_lsb_supported</wp:meta_key>
                <wp:meta_value><![CDATA[lsb_acf_supported]]></wp:meta_value>
            </wp:postmeta>
            <wp:postmeta>
                <wp:meta_key>lsb_support_cat</wp:meta_key>
                <wp:meta_value><![CDATA[purple]]></wp:meta_value>
            </wp:postmeta>
            <wp:postmeta>
                <wp:meta_key>_lsb_support_cat</wp:meta_key>
                <wp:meta_value><![CDATA[lsb_acf_support_cat]]></wp:meta_value>
            </wp:postmeta>
            <category domain="lsb_tax_author" nicename="bjørn-sortland"><![CDATA[Bjørn Sortland]]></category>
            <category domain="lsb_tax_publisher" nicename="lettlest-forlag"><![CDATA[Lettlest forlag]]></category>
            <category domain="lsb_tax_illustrator" nicename="liv-andrea-mosdøl"><![CDATA[Liv Andrea Mosdøl]]></category>
            <wp:postmeta>
                <wp:meta_key>lsb_look_inside</wp:meta_key>
                <wp:meta_value><![CDATA[CUSTOM_BLA_I_BOKA]]></wp:meta_value>
            </wp:postmeta>
            <wp:postmeta>
                <wp:meta_key>_lsb_look_inside</wp:meta_key>
                <wp:meta_value><![CDATA[lsb_acf_look_inside]]></wp:meta_value>
            </wp:postmeta>
            <category domain="lsb_tax_age" nicename="ungdom"><![CDATA[ungdom]]></category>
            <category domain="lsb_tax_genre" nicename="prosa"><![CDATA[prosa]]></category>
            <category domain="lsb_tax_topic" nicename="kjærlighet"><![CDATA[kjærlighet]]></category>
            <category domain="lsb_tax_topic" nicename="mennesker-i-mellom"><![CDATA[mennesker i mellom]]></category>
            <category domain="lsb_tax_language" nicename="no_nn"><![CDATA[nynorsk]]></category>
            <category domain="lsb_tax_customization" nicename="skjønnlitteratur"><![CDATA[skjønnlitteratur]]></category>
            <wp:postmeta>
                <wp:meta_key>_thumbnail_id</wp:meta_key>
                <wp:meta_value><![CDATA[5272]]></wp:meta_value>
            </wp:postmeta>
        </item>
        <item>
            <title>triks, ny.jpg</title>
            <wp:post_id>5272</wp:post_id>
            <wp:status>inherit</wp:status>
            <wp:post_type>attachment</wp:post_type>
            <wp:attachment_url>https://raw.githubusercontent.com/lesersokerbok/boksok.no-data-utils/master/output-example/images/BE86CA0061804ECD9EF51862D9C3053E.jpg</wp:attachment_url>
        </item>
        <item>
            <wp:post_type>lsb_book</wp:post_type>
            <wp:status>publish</wp:status>
            <title>Liv</title>
            <excerpt:encoded><![CDATA[Kva er venskap verdt,   når livet ikkje lenger er sorglaust?     Då Britt får vita   at besteveninna Liv er alvorleg sjuk,   blir venskapen stilt på ei prøve.   ]]></excerpt:encoded>
            <wp:postmeta>
                <wp:meta_key>lsb_isbn</wp:meta_key>
                <wp:meta_value><![CDATA[9788252145632]]></wp:meta_value>
            </wp:postmeta>
            <wp:postmeta>
                <wp:meta_key>_lsb_isbn</wp:meta_key>
                <wp:meta_value><![CDATA[lsb_acf_isbn]]></wp:meta_value>
            </wp:postmeta>
            <wp:postmeta>
                <wp:meta_key>lsb_published_year</wp:meta_key>
                <wp:meta_value><![CDATA[1995]]></wp:meta_value>
            </wp:postmeta>
            <wp:postmeta>
                <wp:meta_key>_lsb_published_year</wp:meta_key>
                <wp:meta_value><![CDATA[lsb_acf_published_year]]></wp:meta_value>
            </wp:postmeta>
            <wp:postmeta>
                <wp:meta_key>lsb_pages</wp:meta_key>
                <wp:meta_value><![CDATA[54]]></wp:meta_value>
            </wp:postmeta>
            <wp:postmeta>
                <wp:meta_key>_lsb_pages</wp:meta_key>
                <wp:meta_value><![CDATA[lsb_acf_pages]]></wp:meta_value>
            </wp:postmeta>
            <wp:postmeta>
                <wp:meta_key>lsb_review</wp:meta_key>
                <wp:meta_value><![CDATA[  <p>Britt finn ut at livet rommar meir <br />  enn det ho har opplevd til no. <br />  No får ho ei ny og annleis tid saman med Liv.</p>  <div>Boka har enkel tekst og er på nynorsk. </div>  <div>Ho fins óg på bokmål. <br />  </div>  <div>&#160;</div>  <div>Ei bok i Sirius-seria.</div>  ]]></wp:meta_value>
            </wp:postmeta>
            <wp:postmeta>
                <wp:meta_key>_lsb_review</wp:meta_key>
                <wp:meta_value><![CDATA[lsb_acf_review]]></wp:meta_value>
            </wp:postmeta>
            <wp:postmeta>
                <wp:meta_key>lsb_quote</wp:meta_key>
                <wp:meta_value><![CDATA[Eg var så heilt ubudd på det som skulle skje. Tenkte aldri over at noko kunne bli annleis. Livet var skulegang, lekser, dei heime, fritidsaktivitetar, og Liv, bestevenninna mi.]]></wp:meta_value>
            </wp:postmeta>
            <wp:postmeta>
                <wp:meta_key>_lsb_quote</wp:meta_key>
                <wp:meta_value><![CDATA[lsb_acf_quote]]></wp:meta_value>
            </wp:postmeta>
            <wp:postmeta>
                <wp:meta_key>lsb_supported</wp:meta_key>
                <wp:meta_value><![CDATA[0]]></wp:meta_value>
            </wp:postmeta>
            <wp:postmeta>
                <wp:meta_key>_lsb_supported</wp:meta_key>
                <wp:meta_value><![CDATA[lsb_acf_supported]]></wp:meta_value>
            </wp:postmeta>
            <category domain="lsb_tax_author" nicename="bente-bratlund-mæland"><![CDATA[Bente Bratlund Mæland]]></category>
            <category domain="lsb_tax_publisher" nicename="samlaget"><![CDATA[Samlaget]]></category>
            <wp:postmeta>
                <wp:meta_key>lsb_look_inside</wp:meta_key>
                <wp:meta_value><![CDATA[CUSTOM_BLA_I_BOKA]]></wp:meta_value>
            </wp:postmeta>
            <wp:postmeta>
                <wp:meta_key>_lsb_look_inside</wp:meta_key>
                <wp:meta_value><![CDATA[lsb_acf_look_inside]]></wp:meta_value>
            </wp:postmeta>
            <category domain="lsb_tax_age" nicename="ungdom"><![CDATA[ungdom]]></category>
            <category domain="lsb_tax_genre" nicename="prosa"><![CDATA[prosa]]></category>
            <category domain="lsb_tax_topic" nicename="mennesker-i-mellom"><![CDATA[mennesker i mellom]]></category>
            <category domain="lsb_tax_language" nicename="no_nn"><![CDATA[nynorsk]]></category>
            <category domain="lsb_tax_customization" nicename="skjønnlitteratur"><![CDATA[skjønnlitteratur]]></category>
            <wp:postmeta>
                <wp:meta_key>_thumbnail_id</wp:meta_key>
                <wp:meta_value><![CDATA[5273]]></wp:meta_value>
            </wp:postmeta>
        </item>
        <item>
            <title>Liv.jpg</title>
            <wp:post_id>5273</wp:post_id>
            <wp:status>inherit</wp:status>
            <wp:post_type>attachment</wp:post_type>
            <wp:attachment_url>https://raw.githubusercontent.com/lesersokerbok/boksok.no-data-utils/master/output-example/images/112BA01579294B32B98839D7BD33D44D.jpg</wp:attachment_url>
        </item>
        <item>
            <wp:post_type>lsb_book</wp:post_type>
            <wp:status>publish</wp:status>
            <title>Kvalross i bikini</title>
            <excerpt:encoded><![CDATA[Korleis går det an å endre seg så mykje   på sju sommarferie-veker, undrast Katrine.   Ho har fylt femten, og kjenner ikkje seg sjølv igjen.   ]]></excerpt:encoded>
            <wp:postmeta>
                <wp:meta_key>lsb_isbn</wp:meta_key>
                <wp:meta_value><![CDATA[9788252144574]]></wp:meta_value>
            </wp:postmeta>
            <wp:postmeta>
                <wp:meta_key>_lsb_isbn</wp:meta_key>
                <wp:meta_value><![CDATA[lsb_acf_isbn]]></wp:meta_value>
            </wp:postmeta>
            <wp:postmeta>
                <wp:meta_key>lsb_published_year</wp:meta_key>
                <wp:meta_value><![CDATA[1994]]></wp:meta_value>
            </wp:postmeta>
            <wp:postmeta>
                <wp:meta_key>_lsb_published_year</wp:meta_key>
                <wp:meta_value><![CDATA[lsb_acf_published_year]]></wp:meta_value>
            </wp:postmeta>
            <wp:postmeta>
                <wp:meta_key>lsb_pages</wp:meta_key>
                <wp:meta_value><![CDATA[84]]></wp:meta_value>
            </wp:postmeta>
            <wp:postmeta>
                <wp:meta_key>_lsb_pages</wp:meta_key>
                <wp:meta_value><![CDATA[lsb_acf_pages]]></wp:meta_value>
            </wp:postmeta>
            <wp:postmeta>
                <wp:meta_key>lsb_review</wp:meta_key>
                <wp:meta_value><![CDATA[Då skulen slutta før ferien, <br />  hadde ho straks begynt å gle seg til hausten <br />  og til å møte Erik på nytt. <br />  Men slik ho ser ut no ...  ]]></wp:meta_value>
            </wp:postmeta>
            <wp:postmeta>
                <wp:meta_key>_lsb_review</wp:meta_key>
                <wp:meta_value><![CDATA[lsb_acf_review]]></wp:meta_value>
            </wp:postmeta>
            <wp:postmeta>
                <wp:meta_key>lsb_quote</wp:meta_key>
                <wp:meta_value><![CDATA[Katrine strekte seg i sanden og drog bikini-buksa litt opp i sidene med fingertuppane. Lét auga att. Gul sol, varm, ru sand. Florlett vind, bølgje-skvulpa sine salte, små kyss...   - Au! Frekk svin!    Katrine slo etter det hårete svinet. Kleggen hadde verkeleg gassa seg magen hennar. Ho klødde det raude stikket og såg kritisk nedover seg.   Æsj! Det gjekk jo ikkje eingong an å sitje lenger, med den bilringen.]]></wp:meta_value>
            </wp:postmeta>
            <wp:postmeta>
                <wp:meta_key>_lsb_quote</wp:meta_key>
                <wp:meta_value><![CDATA[lsb_acf_quote]]></wp:meta_value>
            </wp:postmeta>
            <wp:postmeta>
                <wp:meta_key>lsb_supported</wp:meta_key>
                <wp:meta_value><![CDATA[0]]></wp:meta_value>
            </wp:postmeta>
            <wp:postmeta>
                <wp:meta_key>_lsb_supported</wp:meta_key>
                <wp:meta_value><![CDATA[lsb_acf_supported]]></wp:meta_value>
            </wp:postmeta>
            <category domain="lsb_tax_author" nicename="marit-tusvik"><![CDATA[Marit Tusvik]]></category>
            <category domain="lsb_tax_publisher" nicename="samlaget"><![CDATA[Samlaget]]></category>
            <wp:postmeta>
                <wp:meta_key>lsb_look_inside</wp:meta_key>
                <wp:meta_value><![CDATA[CUSTOM_BLA_I_BOKA]]></wp:meta_value>
            </wp:postmeta>
            <wp:postmeta>
                <wp:meta_key>_lsb_look_inside</wp:meta_key>
                <wp:meta_value><![CDATA[lsb_acf_look_inside]]></wp:meta_value>
            </wp:postmeta>
            <category domain="lsb_tax_age" nicename="ungdom"><![CDATA[ungdom]]></category>
            <category domain="lsb_tax_genre" nicename="prosa"><![CDATA[prosa]]></category>
            <category domain="lsb_tax_topic" nicename="mennesker-i-mellom"><![CDATA[mennesker i mellom]]></category>
            <category domain="lsb_tax_language" nicename="no_nn"><![CDATA[nynorsk]]></category>
            <category domain="lsb_tax_customization" nicename="skjønnlitteratur"><![CDATA[skjønnlitteratur]]></category>
            <wp:postmeta>
                <wp:meta_key>_thumbnail_id</wp:meta_key>
                <wp:meta_value><![CDATA[5274]]></wp:meta_value>
            </wp:postmeta>
        </item>
        <item>
            <title>Kvalross.jpg</title>
            <wp:post_id>5274</wp:post_id>
            <wp:status>inherit</wp:status>
            <wp:post_type>attachment</wp:post_type>
            <wp:attachment_url>https://raw.githubusercontent.com/lesersokerbok/boksok.no-data-utils/master/output-example/images/3902A086E05F43DC93A95A2093E356A1.jpg</wp:attachment_url>
        </item>
        <item>
            <wp:post_type>lsb_book</wp:post_type>
            <wp:status>publish</wp:status>
            <title>Interessert, eg?</title>
            <excerpt:encoded><![CDATA[Nokon har lagt et bilete av Jean i pennalet til Siv Anita.   Det skriv ho i brevet ho sender til Jean.  Og kva gjer Jean da?  Han skriv til henne.     ]]></excerpt:encoded>
            <wp:postmeta>
                <wp:meta_key>lsb_isbn</wp:meta_key>
                <wp:meta_value><![CDATA[9788252136722]]></wp:meta_value>
            </wp:postmeta>
            <wp:postmeta>
                <wp:meta_key>_lsb_isbn</wp:meta_key>
                <wp:meta_value><![CDATA[lsb_acf_isbn]]></wp:meta_value>
            </wp:postmeta>
            <wp:postmeta>
                <wp:meta_key>lsb_published_year</wp:meta_key>
                <wp:meta_value><![CDATA[1991]]></wp:meta_value>
            </wp:postmeta>
            <wp:postmeta>
                <wp:meta_key>_lsb_published_year</wp:meta_key>
                <wp:meta_value><![CDATA[lsb_acf_published_year]]></wp:meta_value>
            </wp:postmeta>
            <wp:postmeta>
                <wp:meta_key>lsb_pages</wp:meta_key>
                <wp:meta_value><![CDATA[51]]></wp:meta_value>
            </wp:postmeta>
            <wp:postmeta>
                <wp:meta_key>_lsb_pages</wp:meta_key>
                <wp:meta_value><![CDATA[lsb_acf_pages]]></wp:meta_value>
            </wp:postmeta>
            <wp:postmeta>
                <wp:meta_key>lsb_review</wp:meta_key>
                <wp:meta_value><![CDATA[Slik startar ei brevveksling litt utanom det vanlege,<br />  for begge går på den same skolen<br />  og godt kunne ha snakka til kvarandre <br />  i staden for å skrive.<br />  Eller kunne dei det, eigentleg?<br />  ]]></wp:meta_value>
            </wp:postmeta>
            <wp:postmeta>
                <wp:meta_key>_lsb_review</wp:meta_key>
                <wp:meta_value><![CDATA[lsb_acf_review]]></wp:meta_value>
            </wp:postmeta>
            <wp:postmeta>
                <wp:meta_key>lsb_quote</wp:meta_key>
                <wp:meta_value><![CDATA[No har eg tenkt nøye over dette, og funne ut at det er rett at du får vite litt meir. Men hald det for deg sjølv, eg er nemleg glad i Siv, trass i alt bråket ho steller i stand når det er noko ho har bestemt seg for.]]></wp:meta_value>
            </wp:postmeta>
            <wp:postmeta>
                <wp:meta_key>_lsb_quote</wp:meta_key>
                <wp:meta_value><![CDATA[lsb_acf_quote]]></wp:meta_value>
            </wp:postmeta>
            <wp:postmeta>
                <wp:meta_key>lsb_supported</wp:meta_key>
                <wp:meta_value><![CDATA[0]]></wp:meta_value>
            </wp:postmeta>
            <wp:postmeta>
                <wp:meta_key>_lsb_supported</wp:meta_key>
                <wp:meta_value><![CDATA[lsb_acf_supported]]></wp:meta_value>
            </wp:postmeta>
            <category domain="lsb_tax_author" nicename="arild-dahl-og-eva-jensen"><![CDATA[Arild Dahl og Eva Jensen]]></category>
            <category domain="lsb_tax_publisher" nicename="samlaget"><![CDATA[Samlaget]]></category>
            <wp:postmeta>
                <wp:meta_key>lsb_look_inside</wp:meta_key>
                <wp:meta_value><![CDATA[CUSTOM_BLA_I_BOKA]]></wp:meta_value>
            </wp:postmeta>
            <wp:postmeta>
                <wp:meta_key>_lsb_look_inside</wp:meta_key>
                <wp:meta_value><![CDATA[lsb_acf_look_inside]]></wp:meta_value>
            </wp:postmeta>
            <category domain="lsb_tax_age" nicename="ungdom"><![CDATA[ungdom]]></category>
            <category domain="lsb_tax_genre" nicename="prosa"><![CDATA[prosa]]></category>
            <category domain="lsb_tax_language" nicename="no_nn"><![CDATA[nynorsk]]></category>
            <category domain="lsb_tax_customization" nicename="skjønnlitteratur"><![CDATA[skjønnlitteratur]]></category>
            <wp:postmeta>
                <wp:meta_key>_thumbnail_id</wp:meta_key>
                <wp:meta_value><![CDATA[5275]]></wp:meta_value>
            </wp:postmeta>
        </item>
        <item>
            <title>Interessert, eg.jpg</title>
            <wp:post_id>5275</wp:post_id>
            <wp:status>inherit</wp:status>
            <wp:post_type>attachment</wp:post_type>
            <wp:attachment_url>https://raw.githubusercontent.com/lesersokerbok/boksok.no-data-utils/master/output-example/images/F40172C989DA4DDA89069C5AAEC48BA3.jpg</wp:attachment_url>
        </item>
        <item>
            <wp:post_type>lsb_book</wp:post_type>
            <wp:status>publish</wp:status>
            <title>Alle dei fine jentene</title>
            <excerpt:encoded><![CDATA[Ein kveld var det tre jenter som venta   på Arne og kameratane hans etter trening.   Livet har teke til og han får seg kjærast.   Men han blir utålmodig når han tenker   på alle dei fine jentene i verda.   ]]></excerpt:encoded>
            <wp:postmeta>
                <wp:meta_key>lsb_isbn</wp:meta_key>
                <wp:meta_value><![CDATA[9788252132199]]></wp:meta_value>
            </wp:postmeta>
            <wp:postmeta>
                <wp:meta_key>_lsb_isbn</wp:meta_key>
                <wp:meta_value><![CDATA[lsb_acf_isbn]]></wp:meta_value>
            </wp:postmeta>
            <wp:postmeta>
                <wp:meta_key>lsb_published_year</wp:meta_key>
                <wp:meta_value><![CDATA[1988]]></wp:meta_value>
            </wp:postmeta>
            <wp:postmeta>
                <wp:meta_key>_lsb_published_year</wp:meta_key>
                <wp:meta_value><![CDATA[lsb_acf_published_year]]></wp:meta_value>
            </wp:postmeta>
            <wp:postmeta>
                <wp:meta_key>lsb_pages</wp:meta_key>
                <wp:meta_value><![CDATA[101]]></wp:meta_value>
            </wp:postmeta>
            <wp:postmeta>
                <wp:meta_key>_lsb_pages</wp:meta_key>
                <wp:meta_value><![CDATA[lsb_acf_pages]]></wp:meta_value>
            </wp:postmeta>
            <wp:postmeta>
                <wp:meta_key>lsb_review</wp:meta_key>
                <wp:meta_value><![CDATA[  <p>Dei som enno ikkje vet kor grei han er. <br />  Dei må jo få veta det?</p>  <p>Ei bok i Sirius-serien for ungdom.</p>  ]]></wp:meta_value>
            </wp:postmeta>
            <wp:postmeta>
                <wp:meta_key>_lsb_review</wp:meta_key>
                <wp:meta_value><![CDATA[lsb_acf_review]]></wp:meta_value>
            </wp:postmeta>
            <wp:postmeta>
                <wp:meta_key>lsb_quote</wp:meta_key>
                <wp:meta_value><![CDATA[Ho glei liksom ut av meg. Eg fekk lyst å spela fotball igjen. Eg fekk lyst å blø litt på låret så nokon såg det. Nokon andre. Alle dei fine jentene i verda. Dei som enno ikkje visste kor grei eg var.     Dei måtte jo få veta det. ]]></wp:meta_value>
            </wp:postmeta>
            <wp:postmeta>
                <wp:meta_key>_lsb_quote</wp:meta_key>
                <wp:meta_value><![CDATA[lsb_acf_quote]]></wp:meta_value>
            </wp:postmeta>
            <wp:postmeta>
                <wp:meta_key>lsb_supported</wp:meta_key>
                <wp:meta_value><![CDATA[0]]></wp:meta_value>
            </wp:postmeta>
            <wp:postmeta>
                <wp:meta_key>_lsb_supported</wp:meta_key>
                <wp:meta_value><![CDATA[lsb_acf_supported]]></wp:meta_value>
            </wp:postmeta>
            <category domain="lsb_tax_author" nicename="rune-belsvik"><![CDATA[Rune Belsvik]]></category>
            <category domain="lsb_tax_publisher" nicename="samlaget"><![CDATA[Samlaget]]></category>
            <wp:postmeta>
                <wp:meta_key>lsb_look_inside</wp:meta_key>
                <wp:meta_value><![CDATA[CUSTOM_BLA_I_BOKA]]></wp:meta_value>
            </wp:postmeta>
            <wp:postmeta>
                <wp:meta_key>_lsb_look_inside</wp:meta_key>
                <wp:meta_value><![CDATA[lsb_acf_look_inside]]></wp:meta_value>
            </wp:postmeta>
            <category domain="lsb_tax_age" nicename="ungdom"><![CDATA[ungdom]]></category>
            <category domain="lsb_tax_genre" nicename="prosa"><![CDATA[prosa]]></category>
            <category domain="lsb_tax_topic" nicename="kjærlighet"><![CDATA[kjærlighet]]></category>
            <category domain="lsb_tax_topic" nicename="mennesker-i-mellom"><![CDATA[mennesker i mellom]]></category>
            <category domain="lsb_tax_language" nicename="no_nn"><![CDATA[nynorsk]]></category>
            <category domain="lsb_tax_customization" nicename="skjønnlitteratur"><![CDATA[skjønnlitteratur]]></category>
            <wp:postmeta>
                <wp:meta_key>_thumbnail_id</wp:meta_key>
                <wp:meta_value><![CDATA[5276]]></wp:meta_value>
            </wp:postmeta>
        </item>
        <item>
            <title>Alle dei fine jentene.jpg</title>
            <wp:post_id>5276</wp:post_id>
            <wp:status>inherit</wp:status>
            <wp:post_type>attachment</wp:post_type>
            <wp:attachment_url>https://raw.githubusercontent.com/lesersokerbok/boksok.no-data-utils/master/output-example/images/C9C7DD6573EB4D53B3E2AE5C70CAC7F7.jpg</wp:attachment_url>
        </item>
        <item>
            <wp:post_type>lsb_book</wp:post_type>
            <wp:status>publish</wp:status>
            <title>Sirius i farta</title>
            <excerpt:encoded><![CDATA[Dette er den andre boken om Sirius,  en gutt med ADHD.  Her får vi se hvordan det går  når han er sammen med familie og venner.  ]]></excerpt:encoded>
            <wp:postmeta>
                <wp:meta_key>lsb_isbn</wp:meta_key>
                <wp:meta_value><![CDATA[9788279510178]]></wp:meta_value>
            </wp:postmeta>
            <wp:postmeta>
                <wp:meta_key>_lsb_isbn</wp:meta_key>
                <wp:meta_value><![CDATA[lsb_acf_isbn]]></wp:meta_value>
            </wp:postmeta>
            <wp:postmeta>
                <wp:meta_key>lsb_published_year</wp:meta_key>
                <wp:meta_value><![CDATA[2006]]></wp:meta_value>
            </wp:postmeta>
            <wp:postmeta>
                <wp:meta_key>_lsb_published_year</wp:meta_key>
                <wp:meta_value><![CDATA[lsb_acf_published_year]]></wp:meta_value>
            </wp:postmeta>
            <wp:postmeta>
                <wp:meta_key>lsb_pages</wp:meta_key>
                <wp:meta_value><![CDATA[48]]></wp:meta_value>
            </wp:postmeta>
            <wp:postmeta>
                <wp:meta_key>_lsb_pages</wp:meta_key>
                <wp:meta_value><![CDATA[lsb_acf_pages]]></wp:meta_value>
            </wp:postmeta>
            <wp:postmeta>
                <wp:meta_key>lsb_review</wp:meta_key>
                <wp:meta_value><![CDATA[  <p>Boka inneholder en kort introduksjonen <br />  som forteller om Sirius<br />  og om diagnosen hans.<br />  Etterpå får vi høre to fortellinger<br />  fra livet hans. <br />  Bøkene om Sirius egner seg godt<br />  til opplesing og samtale.<br />  Språket er ikke alltid enkelt,<br />  men sidene har mye luft og bilder.  </p>  <div>&#160;</div>  ]]></wp:meta_value>
            </wp:postmeta>
            <wp:postmeta>
                <wp:meta_key>_lsb_review</wp:meta_key>
                <wp:meta_value><![CDATA[lsb_acf_review]]></wp:meta_value>
            </wp:postmeta>
            <wp:postmeta>
                <wp:meta_key>lsb_quote</wp:meta_key>
                <wp:meta_value><![CDATA[Det er ikke det at Sirius ikke kan spille fotball. Han er faktisk veldig god med ballen. Men når han blir veldig ivrig, så glemmer han at det bare er lek og moro, eller han husker ikke å følge spillereglene. Andre ganger blir han så sint hvis hans lag ikke leder, at det har hendt at han har kastet seg over de som ler og roper. ]]></wp:meta_value>
            </wp:postmeta>
            <wp:postmeta>
                <wp:meta_key>_lsb_quote</wp:meta_key>
                <wp:meta_value><![CDATA[lsb_acf_quote]]></wp:meta_value>
            </wp:postmeta>
            <wp:postmeta>
                <wp:meta_key>lsb_supported</wp:meta_key>
                <wp:meta_value><![CDATA[0]]></wp:meta_value>
            </wp:postmeta>
            <wp:postmeta>
                <wp:meta_key>_lsb_supported</wp:meta_key>
                <wp:meta_value><![CDATA[lsb_acf_supported]]></wp:meta_value>
            </wp:postmeta>
            <category domain="lsb_tax_author" nicename="lisbeth-iglum-rønhovde"><![CDATA[Lisbeth Iglum Rønhovde]]></category>
            <category domain="lsb_tax_publisher" nicename="praxis-forlag"><![CDATA[Praxis forlag]]></category>
            <category domain="lsb_tax_illustrator" nicename="marianne-mysen"><![CDATA[Marianne Mysen]]></category>
            <wp:postmeta>
                <wp:meta_key>lsb_look_inside</wp:meta_key>
                <wp:meta_value><![CDATA[CUSTOM_BLA_I_BOKA]]></wp:meta_value>
            </wp:postmeta>
            <wp:postmeta>
                <wp:meta_key>_lsb_look_inside</wp:meta_key>
                <wp:meta_value><![CDATA[lsb_acf_look_inside]]></wp:meta_value>
            </wp:postmeta>
            <category domain="lsb_tax_age" nicename="barn"><![CDATA[barn]]></category>
            <category domain="lsb_tax_topic" nicename="mennesker-i-mellom"><![CDATA[mennesker i mellom]]></category>
            <category domain="lsb_tax_language" nicename="no_nb"><![CDATA[bokmål]]></category>
            <category domain="lsb_tax_customization" nicename="skjønnlitteratur"><![CDATA[skjønnlitteratur]]></category>
            <category domain="lsb_tax_customization" nicename="faglitteratur"><![CDATA[faglitteratur]]></category>
            <category domain="lsb_tax_customization" nicename="mange-bilder"><![CDATA[mange bilder]]></category>
            <wp:postmeta>
                <wp:meta_key>_thumbnail_id</wp:meta_key>
                <wp:meta_value><![CDATA[5277]]></wp:meta_value>
            </wp:postmeta>
        </item>
        <item>
            <title>sirius-i-farta, ny.jpg</title>
            <wp:post_id>5277</wp:post_id>
            <wp:status>inherit</wp:status>
            <wp:post_type>attachment</wp:post_type>
            <wp:attachment_url>https://raw.githubusercontent.com/lesersokerbok/boksok.no-data-utils/master/output-example/images/66D6C76B5C0B4602A5A65384DB30C051.jpg</wp:attachment_url>
        </item>
        <item>
            <wp:post_type>lsb_book</wp:post_type>
            <wp:status>publish</wp:status>
            <title>Universet</title>
            <excerpt:encoded><![CDATA[Kvifor blir det dag?   Og natt?   Korleis ser månen ut?   Og planetane? ]]></excerpt:encoded>
            <wp:postmeta>
                <wp:meta_key>lsb_isbn</wp:meta_key>
                <wp:meta_value><![CDATA[9788252162752]]></wp:meta_value>
            </wp:postmeta>
            <wp:postmeta>
                <wp:meta_key>_lsb_isbn</wp:meta_key>
                <wp:meta_value><![CDATA[lsb_acf_isbn]]></wp:meta_value>
            </wp:postmeta>
            <wp:postmeta>
                <wp:meta_key>lsb_published_year</wp:meta_key>
                <wp:meta_value><![CDATA[2003]]></wp:meta_value>
            </wp:postmeta>
            <wp:postmeta>
                <wp:meta_key>_lsb_published_year</wp:meta_key>
                <wp:meta_value><![CDATA[lsb_acf_published_year]]></wp:meta_value>
            </wp:postmeta>
            <wp:postmeta>
                <wp:meta_key>lsb_pages</wp:meta_key>
                <wp:meta_value><![CDATA[37]]></wp:meta_value>
            </wp:postmeta>
            <wp:postmeta>
                <wp:meta_key>_lsb_pages</wp:meta_key>
                <wp:meta_value><![CDATA[lsb_acf_pages]]></wp:meta_value>
            </wp:postmeta>
            <wp:postmeta>
                <wp:meta_key>lsb_review</wp:meta_key>
                <wp:meta_value><![CDATA[Boka er ein del av serien <strong>Mine små leksikon</strong>,<br />  som eigentleg ikkje er særlig godt tilrettelagd.<br />  Unnataka legg vi inn her i Boksøk.<br />  <strong>Mine små leksikon</strong> er ein av få<br />  faktaseriar for barn som er skrive<br />  på nynorsk.  ]]></wp:meta_value>
            </wp:postmeta>
            <wp:postmeta>
                <wp:meta_key>_lsb_review</wp:meta_key>
                <wp:meta_value><![CDATA[lsb_acf_review]]></wp:meta_value>
            </wp:postmeta>
            <wp:postmeta>
                <wp:meta_key>lsb_quote</wp:meta_key>
                <wp:meta_value><![CDATA[Månen viser seg ikkje alltid  på same stad på himmelen.   Han har ikkje alltid  same form.  Stundom er månen heilt rund,  det er fullmåne.]]></wp:meta_value>
            </wp:postmeta>
            <wp:postmeta>
                <wp:meta_key>_lsb_quote</wp:meta_key>
                <wp:meta_value><![CDATA[lsb_acf_quote]]></wp:meta_value>
            </wp:postmeta>
            <wp:postmeta>
                <wp:meta_key>lsb_supported</wp:meta_key>
                <wp:meta_value><![CDATA[0]]></wp:meta_value>
            </wp:postmeta>
            <wp:postmeta>
                <wp:meta_key>_lsb_supported</wp:meta_key>
                <wp:meta_value><![CDATA[lsb_acf_supported]]></wp:meta_value>
            </wp:postmeta>
            <category domain="lsb_tax_author" nicename="agnès-vandewiele"><![CDATA[Agnès Vandewiele]]></category>
            <category domain="lsb_tax_publisher" nicename="samlaget"><![CDATA[Samlaget]]></category>
            <category domain="lsb_tax_illustrator" nicename="anaïs-massini"><![CDATA[Anaïs Massini]]></category>
            <category domain="lsb_tax_translator" nicename="ragnar-hovland"><![CDATA[Ragnar Hovland]]></category>
            <wp:postmeta>
                <wp:meta_key>lsb_look_inside</wp:meta_key>
                <wp:meta_value><![CDATA[CUSTOM_BLA_I_BOKA]]></wp:meta_value>
            </wp:postmeta>
            <wp:postmeta>
                <wp:meta_key>_lsb_look_inside</wp:meta_key>
                <wp:meta_value><![CDATA[lsb_acf_look_inside]]></wp:meta_value>
            </wp:postmeta>
            <category domain="lsb_tax_age" nicename="barn"><![CDATA[barn]]></category>
            <category domain="lsb_tax_topic" nicename="annet"><![CDATA[annet]]></category>
            <category domain="lsb_tax_language" nicename="no_nn"><![CDATA[nynorsk]]></category>
            <category domain="lsb_tax_customization" nicename="faglitteratur"><![CDATA[faglitteratur]]></category>
            <category domain="lsb_tax_customization" nicename="mange-bilder"><![CDATA[mange bilder]]></category>
            <wp:postmeta>
                <wp:meta_key>_thumbnail_id</wp:meta_key>
                <wp:meta_value><![CDATA[5278]]></wp:meta_value>
            </wp:postmeta>
        </item>
        <item>
            <title>mine små leksikon - universet, ny.jpg</title>
            <wp:post_id>5278</wp:post_id>
            <wp:status>inherit</wp:status>
            <wp:post_type>attachment</wp:post_type>
            <wp:attachment_url>https://raw.githubusercontent.com/lesersokerbok/boksok.no-data-utils/master/output-example/images/E3D735DA741C47FAB993AFE772F48B0C.jpg</wp:attachment_url>
        </item>
        <item>
            <wp:post_type>lsb_book</wp:post_type>
            <wp:status>publish</wp:status>
            <title>Dinosaurer</title>
            <excerpt:encoded><![CDATA[Les boka om dinosaurane.   Det er dei merkelegaste dyra  som nokon gong har levd.  ]]></excerpt:encoded>
            <wp:postmeta>
                <wp:meta_key>lsb_isbn</wp:meta_key>
                <wp:meta_value><![CDATA[9788252162776]]></wp:meta_value>
            </wp:postmeta>
            <wp:postmeta>
                <wp:meta_key>_lsb_isbn</wp:meta_key>
                <wp:meta_value><![CDATA[lsb_acf_isbn]]></wp:meta_value>
            </wp:postmeta>
            <wp:postmeta>
                <wp:meta_key>lsb_published_year</wp:meta_key>
                <wp:meta_value><![CDATA[2003]]></wp:meta_value>
            </wp:postmeta>
            <wp:postmeta>
                <wp:meta_key>_lsb_published_year</wp:meta_key>
                <wp:meta_value><![CDATA[lsb_acf_published_year]]></wp:meta_value>
            </wp:postmeta>
            <wp:postmeta>
                <wp:meta_key>lsb_pages</wp:meta_key>
                <wp:meta_value><![CDATA[37]]></wp:meta_value>
            </wp:postmeta>
            <wp:postmeta>
                <wp:meta_key>_lsb_pages</wp:meta_key>
                <wp:meta_value><![CDATA[lsb_acf_pages]]></wp:meta_value>
            </wp:postmeta>
            <wp:postmeta>
                <wp:meta_key>lsb_review</wp:meta_key>
                <wp:meta_value><![CDATA[  <p>Boka har enkel tekst og fine bilete<br />  i kvart oppslag.   </p>  <div>&#160;</div>  <div>Boka er ein del av serien <strong>Mine små leksikon</strong>, <br />  som eigentleg ikkje er godt tilrettelagd.<br />  Unnataka legg vi inn her i Boksøk.<br />  <strong>Mine små leksikon</strong> er ein av få <br />  faktaseriar for barn som er skrive <br />  på nynorsk.   </div>  ]]></wp:meta_value>
            </wp:postmeta>
            <wp:postmeta>
                <wp:meta_key>_lsb_review</wp:meta_key>
                <wp:meta_value><![CDATA[lsb_acf_review]]></wp:meta_value>
            </wp:postmeta>
            <wp:postmeta>
                <wp:meta_key>lsb_quote</wp:meta_key>
                <wp:meta_value><![CDATA[Mange av dinosaurane var planteetarar.   Dei åt urter, lauv, røter, frø... men  ikkje gras, for det fanst ikkje på den  tida då dinosaurane levde!]]></wp:meta_value>
            </wp:postmeta>
            <wp:postmeta>
                <wp:meta_key>_lsb_quote</wp:meta_key>
                <wp:meta_value><![CDATA[lsb_acf_quote]]></wp:meta_value>
            </wp:postmeta>
            <wp:postmeta>
                <wp:meta_key>lsb_supported</wp:meta_key>
                <wp:meta_value><![CDATA[0]]></wp:meta_value>
            </wp:postmeta>
            <wp:postmeta>
                <wp:meta_key>_lsb_supported</wp:meta_key>
                <wp:meta_value><![CDATA[lsb_acf_supported]]></wp:meta_value>
            </wp:postmeta>
            <category domain="lsb_tax_author" nicename="agnès-vandewiele"><![CDATA[Agnès Vandewiele]]></category>
            <category domain="lsb_tax_publisher" nicename="samlaget"><![CDATA[Samlaget]]></category>
            <category domain="lsb_tax_illustrator" nicename="clotilde-perrin"><![CDATA[Clotilde Perrin]]></category>
            <category domain="lsb_tax_translator" nicename="tove-bakke"><![CDATA[Tove Bakke]]></category>
            <wp:postmeta>
                <wp:meta_key>lsb_look_inside</wp:meta_key>
                <wp:meta_value><![CDATA[CUSTOM_BLA_I_BOKA]]></wp:meta_value>
            </wp:postmeta>
            <wp:postmeta>
                <wp:meta_key>_lsb_look_inside</wp:meta_key>
                <wp:meta_value><![CDATA[lsb_acf_look_inside]]></wp:meta_value>
            </wp:postmeta>
            <category domain="lsb_tax_age" nicename="barn"><![CDATA[barn]]></category>
            <category domain="lsb_tax_topic" nicename="annet"><![CDATA[annet]]></category>
            <category domain="lsb_tax_language" nicename="no_nn"><![CDATA[nynorsk]]></category>
            <category domain="lsb_tax_customization" nicename="faglitteratur"><![CDATA[faglitteratur]]></category>
            <category domain="lsb_tax_customization" nicename="mange-bilder"><![CDATA[mange bilder]]></category>
            <wp:postmeta>
                <wp:meta_key>_thumbnail_id</wp:meta_key>
                <wp:meta_value><![CDATA[5279]]></wp:meta_value>
            </wp:postmeta>
        </item>
        <item>
            <title>mine små leksikon - dinosaurer, ny.jpg</title>
            <wp:post_id>5279</wp:post_id>
            <wp:status>inherit</wp:status>
            <wp:post_type>attachment</wp:post_type>
            <wp:attachment_url>https://raw.githubusercontent.com/lesersokerbok/boksok.no-data-utils/master/output-example/images/8382CFFA768148A7BCECFB5785DBDC5D.jpg</wp:attachment_url>
        </item>
        <item>
            <wp:post_type>lsb_book</wp:post_type>
            <wp:status>publish</wp:status>
            <title>Klart vi tør! </title>
            <excerpt:encoded><![CDATA[Kristine er ei sjarmerende jente   med Downs syndrom.   De viktigste ordene er skrevet   med tegn til tale. ]]></excerpt:encoded>
            <wp:postmeta>
                <wp:meta_key>lsb_isbn</wp:meta_key>
                <wp:meta_value><![CDATA[9788251406062]]></wp:meta_value>
            </wp:postmeta>
            <wp:postmeta>
                <wp:meta_key>_lsb_isbn</wp:meta_key>
                <wp:meta_value><![CDATA[lsb_acf_isbn]]></wp:meta_value>
            </wp:postmeta>
            <wp:postmeta>
                <wp:meta_key>lsb_published_year</wp:meta_key>
                <wp:meta_value><![CDATA[2000]]></wp:meta_value>
            </wp:postmeta>
            <wp:postmeta>
                <wp:meta_key>_lsb_published_year</wp:meta_key>
                <wp:meta_value><![CDATA[lsb_acf_published_year]]></wp:meta_value>
            </wp:postmeta>
            <wp:postmeta>
                <wp:meta_key>lsb_pages</wp:meta_key>
                <wp:meta_value><![CDATA[47]]></wp:meta_value>
            </wp:postmeta>
            <wp:postmeta>
                <wp:meta_key>_lsb_pages</wp:meta_key>
                <wp:meta_value><![CDATA[lsb_acf_pages]]></wp:meta_value>
            </wp:postmeta>
            <wp:postmeta>
                <wp:meta_key>lsb_review</wp:meta_key>
                <wp:meta_value><![CDATA[  <div>I denne boka får vi være med Kristine, <br />  familien og hunden Raja på strandtur. <br />  Det blir gøy, for der skal Kristine <br />  treffe bestevenninnen Marie. <br />  En spennende dag venter, <br />  med nifse utfordringer, skumle krabber <br />  og deilige overraskelser.</div>  <div>&#160;</div>  <p>Boka har flotte fargefoto,<br />  og teksten er i fet skrift.<br />  Hver side har tegn til tale,<br />  med noen av de viktigste ordene.<br />  De ordene som er tegnsatt, <br />  er markert med blått i teksten.<br />  Innholdet passer til små barn.</p>  <div>&#160;</div>  <div>Det finnes to bøker til om Kristine:<br />  <strong>Klart jeg kan!<br />  Skoleklart!</strong></div>  ]]></wp:meta_value>
            </wp:postmeta>
            <wp:postmeta>
                <wp:meta_key>_lsb_review</wp:meta_key>
                <wp:meta_value><![CDATA[lsb_acf_review]]></wp:meta_value>
            </wp:postmeta>
            <wp:postmeta>
                <wp:meta_key>lsb_quote</wp:meta_key>
                <wp:meta_value><![CDATA[- Vil dere holde krabben? spør pappa.  Det gidder jeg ikke. Ikke Marie heller.  - Det er ikke farlig, sier pappa. Det er bare å holde ytterst i skallet.  Men Marie og jeg vil heller fiske. Kanskje får vi verdens største krabbe på kroken?  - Tør dere det d]]></wp:meta_value>
            </wp:postmeta>
            <wp:postmeta>
                <wp:meta_key>_lsb_quote</wp:meta_key>
                <wp:meta_value><![CDATA[lsb_acf_quote]]></wp:meta_value>
            </wp:postmeta>
            <wp:postmeta>
                <wp:meta_key>lsb_supported</wp:meta_key>
                <wp:meta_value><![CDATA[0]]></wp:meta_value>
            </wp:postmeta>
            <wp:postmeta>
                <wp:meta_key>_lsb_supported</wp:meta_key>
                <wp:meta_value><![CDATA[lsb_acf_supported]]></wp:meta_value>
            </wp:postmeta>
            <category domain="lsb_tax_author" nicename="linda-lillevik"><![CDATA[Linda Lillevik]]></category>
            <category domain="lsb_tax_publisher" nicename="eide"><![CDATA[Eide]]></category>
            <category domain="lsb_tax_illustrator" nicename="kjell-ove-storvik"><![CDATA[Kjell Ove Storvik]]></category>
            <wp:postmeta>
                <wp:meta_key>lsb_look_inside</wp:meta_key>
                <wp:meta_value><![CDATA[CUSTOM_BLA_I_BOKA]]></wp:meta_value>
            </wp:postmeta>
            <wp:postmeta>
                <wp:meta_key>_lsb_look_inside</wp:meta_key>
                <wp:meta_value><![CDATA[lsb_acf_look_inside]]></wp:meta_value>
            </wp:postmeta>
            <category domain="lsb_tax_age" nicename="barn"><![CDATA[barn]]></category>
            <category domain="lsb_tax_topic" nicename="mennesker-i-mellom"><![CDATA[mennesker i mellom]]></category>
            <category domain="lsb_tax_language" nicename="no_nb"><![CDATA[bokmål]]></category>
            <category domain="lsb_tax_customization" nicename="tegn-til-tale"><![CDATA[tegn til tale]]></category>
            <category domain="lsb_tax_customization" nicename="nmt"><![CDATA[nmt]]></category>
            <category domain="lsb_tax_customization" nicename="utviklingshemmede"><![CDATA[utviklingshemmede]]></category>
            <category domain="lsb_tax_customization" nicename="mange-bilder"><![CDATA[mange bilder]]></category>
            <wp:postmeta>
                <wp:meta_key>_thumbnail_id</wp:meta_key>
                <wp:meta_value><![CDATA[5280]]></wp:meta_value>
            </wp:postmeta>
        </item>
        <item>
            <title>klart vi tør, ny.jpg</title>
            <wp:post_id>5280</wp:post_id>
            <wp:status>inherit</wp:status>
            <wp:post_type>attachment</wp:post_type>
            <wp:attachment_url>https://raw.githubusercontent.com/lesersokerbok/boksok.no-data-utils/master/output-example/images/AC3ADE2C4C034EEBACF61D99CB4AD012.jpg</wp:attachment_url>
        </item>
        <item>
            <wp:post_type>lsb_book</wp:post_type>
            <wp:status>publish</wp:status>
            <title>Klart jeg kan! </title>
            <excerpt:encoded><![CDATA[Klart jeg kan! er en bok om Kristine   som har Downs syndrom.   De viktigste ordene er markert med   tegn til tale. ]]></excerpt:encoded>
            <wp:postmeta>
                <wp:meta_key>lsb_isbn</wp:meta_key>
                <wp:meta_value><![CDATA[9788251405492]]></wp:meta_value>
            </wp:postmeta>
            <wp:postmeta>
                <wp:meta_key>_lsb_isbn</wp:meta_key>
                <wp:meta_value><![CDATA[lsb_acf_isbn]]></wp:meta_value>
            </wp:postmeta>
            <wp:postmeta>
                <wp:meta_key>lsb_published_year</wp:meta_key>
                <wp:meta_value><![CDATA[1998]]></wp:meta_value>
            </wp:postmeta>
            <wp:postmeta>
                <wp:meta_key>_lsb_published_year</wp:meta_key>
                <wp:meta_value><![CDATA[lsb_acf_published_year]]></wp:meta_value>
            </wp:postmeta>
            <wp:postmeta>
                <wp:meta_key>lsb_pages</wp:meta_key>
                <wp:meta_value><![CDATA[44]]></wp:meta_value>
            </wp:postmeta>
            <wp:postmeta>
                <wp:meta_key>_lsb_pages</wp:meta_key>
                <wp:meta_value><![CDATA[lsb_acf_pages]]></wp:meta_value>
            </wp:postmeta>
            <wp:postmeta>
                <wp:meta_key>lsb_review</wp:meta_key>
                <wp:meta_value><![CDATA[  <div>Kristine er ei livlig lita jente med Downs syndrom.<br />  Hun bor sammen med mamma, pappa, <br />  lillebror Øystein og hunden Raja.<br />  Hun klarer mye selv!</div>  <div>&#160;</div>  <div>Boka har flotte fargefoto. <br />  Teksten er i fet skrift.<br />  På hver side kan du lære tegn <br />  for de viktigste ordene. <br />  Bilde, tekst og tegn henger sammen. <br />  Boka passer derfor godt til barn <br />  som skal lære seg tegn til tale.<br />  Innholdet passer til små barn.</div>  <div>&#160;</div>  <div>Det finnes to bøker til om Kristine:<br />  <strong>Klart vi tør!<br />  Skoleklart!</strong></div>  ]]></wp:meta_value>
            </wp:postmeta>
            <wp:postmeta>
                <wp:meta_key>_lsb_review</wp:meta_key>
                <wp:meta_value><![CDATA[lsb_acf_review]]></wp:meta_value>
            </wp:postmeta>
            <wp:postmeta>
                <wp:meta_key>lsb_quote</wp:meta_key>
                <wp:meta_value><![CDATA[Vi må ha med badetrusa og   badeballen og alle de andre   badetingene. Klart jeg kan   hente håndklær selv.    Og etterpå kan jeg krype inn i skapet.   Her er det kjempefint å sitte. ]]></wp:meta_value>
            </wp:postmeta>
            <wp:postmeta>
                <wp:meta_key>_lsb_quote</wp:meta_key>
                <wp:meta_value><![CDATA[lsb_acf_quote]]></wp:meta_value>
            </wp:postmeta>
            <wp:postmeta>
                <wp:meta_key>lsb_supported</wp:meta_key>
                <wp:meta_value><![CDATA[0]]></wp:meta_value>
            </wp:postmeta>
            <wp:postmeta>
                <wp:meta_key>_lsb_supported</wp:meta_key>
                <wp:meta_value><![CDATA[lsb_acf_supported]]></wp:meta_value>
            </wp:postmeta>
            <category domain="lsb_tax_author" nicename="linda-lillevik"><![CDATA[Linda Lillevik]]></category>
            <category domain="lsb_tax_publisher" nicename="eide"><![CDATA[Eide]]></category>
            <category domain="lsb_tax_illustrator" nicename="kjell-ove-storvik"><![CDATA[Kjell Ove Storvik]]></category>
            <wp:postmeta>
                <wp:meta_key>lsb_look_inside</wp:meta_key>
                <wp:meta_value><![CDATA[CUSTOM_BLA_I_BOKA]]></wp:meta_value>
            </wp:postmeta>
            <wp:postmeta>
                <wp:meta_key>_lsb_look_inside</wp:meta_key>
                <wp:meta_value><![CDATA[lsb_acf_look_inside]]></wp:meta_value>
            </wp:postmeta>
            <category domain="lsb_tax_age" nicename="barn"><![CDATA[barn]]></category>
            <category domain="lsb_tax_topic" nicename="mennesker-i-mellom"><![CDATA[mennesker i mellom]]></category>
            <category domain="lsb_tax_language" nicename="no_nb"><![CDATA[bokmål]]></category>
            <category domain="lsb_tax_customization" nicename="tegn-til-tale"><![CDATA[tegn til tale]]></category>
            <category domain="lsb_tax_customization" nicename="nmt"><![CDATA[nmt]]></category>
            <category domain="lsb_tax_customization" nicename="utviklingshemmede"><![CDATA[utviklingshemmede]]></category>
            <category domain="lsb_tax_customization" nicename="mange-bilder"><![CDATA[mange bilder]]></category>
            <wp:postmeta>
                <wp:meta_key>_thumbnail_id</wp:meta_key>
                <wp:meta_value><![CDATA[5281]]></wp:meta_value>
            </wp:postmeta>
        </item>
        <item>
            <title>klart jeg kan, ny.jpg</title>
            <wp:post_id>5281</wp:post_id>
            <wp:status>inherit</wp:status>
            <wp:post_type>attachment</wp:post_type>
            <wp:attachment_url>https://raw.githubusercontent.com/lesersokerbok/boksok.no-data-utils/master/output-example/images/CBBD5CA938E14D7988426D64686D5184.jpg</wp:attachment_url>
        </item>
        <item>
            <wp:post_type>lsb_book</wp:post_type>
            <wp:status>publish</wp:status>
            <title>I trafikken - Introduksjon til norsk trafikk for voksne innvandrere</title>
            <excerpt:encoded><![CDATA[I trafikken gir en innføring i norsk trafikk.  Den er skrevet spesielt for voksne innvandrere.  ]]></excerpt:encoded>
            <wp:postmeta>
                <wp:meta_key>lsb_isbn</wp:meta_key>
                <wp:meta_value><![CDATA[9788202239275]]></wp:meta_value>
            </wp:postmeta>
            <wp:postmeta>
                <wp:meta_key>_lsb_isbn</wp:meta_key>
                <wp:meta_value><![CDATA[lsb_acf_isbn]]></wp:meta_value>
            </wp:postmeta>
            <wp:postmeta>
                <wp:meta_key>lsb_published_year</wp:meta_key>
                <wp:meta_value><![CDATA[2005]]></wp:meta_value>
            </wp:postmeta>
            <wp:postmeta>
                <wp:meta_key>_lsb_published_year</wp:meta_key>
                <wp:meta_value><![CDATA[lsb_acf_published_year]]></wp:meta_value>
            </wp:postmeta>
            <wp:postmeta>
                <wp:meta_key>lsb_pages</wp:meta_key>
                <wp:meta_value><![CDATA[106]]></wp:meta_value>
            </wp:postmeta>
            <wp:postmeta>
                <wp:meta_key>_lsb_pages</wp:meta_key>
                <wp:meta_value><![CDATA[lsb_acf_pages]]></wp:meta_value>
            </wp:postmeta>
            <wp:postmeta>
                <wp:meta_key>lsb_review</wp:meta_key>
                <wp:meta_value><![CDATA[  <p>Her er hovedreglene i trafikken forklart,<br />  og mange viktige trafikkord er oversatt <br />  til 12 andre språk:</p>  <p>Engelsk, russisk, persisk, arabisk, somali, spansk, serbokroatisk, thai, kurdisk, urdu, tyrkisk, fransk.</p>  <p>Boka vil være til hjelp for deg som skal ta norsk<br />  sertifikat. Den inneholder ikke alle opplysninger <br />  som du trenger for å ta prøvene. I tillegg må<br />  du bruke en komplett trafikkopplæringsbok.</p>  <p>Den har ikke spesielt enkel tekst, <br />  men den er allikevel godt tilrettelagt for de som har et annet morsmål.</p>  ]]></wp:meta_value>
            </wp:postmeta>
            <wp:postmeta>
                <wp:meta_key>_lsb_review</wp:meta_key>
                <wp:meta_value><![CDATA[lsb_acf_review]]></wp:meta_value>
            </wp:postmeta>
            <wp:postmeta>
                <wp:meta_key>lsb_quote</wp:meta_key>
                <wp:meta_value><![CDATA[Boka vil være til hjelp for deg som skal ta norsk sertifikat. Den inneholder ikke alle opplysninger som du trenger for å ta prøvene. I tillegg må du bruke en komplett trafikkopplæringsbok. ]]></wp:meta_value>
            </wp:postmeta>
            <wp:postmeta>
                <wp:meta_key>_lsb_quote</wp:meta_key>
                <wp:meta_value><![CDATA[lsb_acf_quote]]></wp:meta_value>
            </wp:postmeta>
            <wp:postmeta>
                <wp:meta_key>lsb_supported</wp:meta_key>
                <wp:meta_value><![CDATA[0]]></wp:meta_value>
            </wp:postmeta>
            <wp:postmeta>
                <wp:meta_key>_lsb_supported</wp:meta_key>
                <wp:meta_value><![CDATA[lsb_acf_supported]]></wp:meta_value>
            </wp:postmeta>
            <category domain="lsb_tax_author" nicename="odd-grønbeck,-perly-folstad-nordberg-og-arne-rogstad"><![CDATA[Odd Grønbeck, Perly Folstad Nordberg og Arne Rogstad]]></category>
            <category domain="lsb_tax_publisher" nicename="cappelen"><![CDATA[Cappelen]]></category>
            <category domain="lsb_tax_illustrator" nicename="solveig-lid-ball-og-bjørn-norheim"><![CDATA[Solveig Lid Ball og Bjørn Norheim]]></category>
            <wp:postmeta>
                <wp:meta_key>lsb_look_inside</wp:meta_key>
                <wp:meta_value><![CDATA[CUSTOM_BLA_I_BOKA]]></wp:meta_value>
            </wp:postmeta>
            <wp:postmeta>
                <wp:meta_key>_lsb_look_inside</wp:meta_key>
                <wp:meta_value><![CDATA[lsb_acf_look_inside]]></wp:meta_value>
            </wp:postmeta>
            <category domain="lsb_tax_age" nicename="voksne"><![CDATA[voksne]]></category>
            <category domain="lsb_tax_genre" nicename="faglitteratur"><![CDATA[faglitteratur]]></category>
            <category domain="lsb_tax_topic" nicename="annet"><![CDATA[annet]]></category>
            <category domain="lsb_tax_language" nicename="no_nb"><![CDATA[bokmål]]></category>
            <category domain="lsb_tax_customization" nicename="ny-i-norge"><![CDATA[ny i norge]]></category>
            <category domain="lsb_tax_customization" nicename="mange-bilder"><![CDATA[mange bilder]]></category>
            <wp:postmeta>
                <wp:meta_key>_thumbnail_id</wp:meta_key>
                <wp:meta_value><![CDATA[5282]]></wp:meta_value>
            </wp:postmeta>
        </item>
        <item>
            <title>i trafikken2.jpg</title>
            <wp:post_id>5282</wp:post_id>
            <wp:status>inherit</wp:status>
            <wp:post_type>attachment</wp:post_type>
            <wp:attachment_url>https://raw.githubusercontent.com/lesersokerbok/boksok.no-data-utils/master/output-example/images/E52206133E0343CDA1290DC364A4EBF3.jpg</wp:attachment_url>
        </item>
        <item>
            <wp:post_type>lsb_book</wp:post_type>
            <wp:status>publish</wp:status>
            <title>Sinne</title>
            <excerpt:encoded><![CDATA[Sinne handler om hvordan det er  å plutselig bli veldig sint,  og om hva man kan gjøre da.    Medlemmer av Leseklubben kan kjøpe   Sinne fra Leser søker bok i høst.   Boka koster 100 kroner for medlemmer. ]]></excerpt:encoded>
            <wp:postmeta>
                <wp:meta_key>lsb_isbn</wp:meta_key>
                <wp:meta_value><![CDATA[9788256014781]]></wp:meta_value>
            </wp:postmeta>
            <wp:postmeta>
                <wp:meta_key>_lsb_isbn</wp:meta_key>
                <wp:meta_value><![CDATA[lsb_acf_isbn]]></wp:meta_value>
            </wp:postmeta>
            <wp:postmeta>
                <wp:meta_key>lsb_published_year</wp:meta_key>
                <wp:meta_value><![CDATA[2006]]></wp:meta_value>
            </wp:postmeta>
            <wp:postmeta>
                <wp:meta_key>_lsb_published_year</wp:meta_key>
                <wp:meta_value><![CDATA[lsb_acf_published_year]]></wp:meta_value>
            </wp:postmeta>
            <wp:postmeta>
                <wp:meta_key>lsb_pages</wp:meta_key>
                <wp:meta_value><![CDATA[upag.]]></wp:meta_value>
            </wp:postmeta>
            <wp:postmeta>
                <wp:meta_key>_lsb_pages</wp:meta_key>
                <wp:meta_value><![CDATA[lsb_acf_pages]]></wp:meta_value>
            </wp:postmeta>
            <wp:postmeta>
                <wp:meta_key>lsb_review</wp:meta_key>
                <wp:meta_value><![CDATA[  <p>Kraftige og morsomme bilder forteller om <br />  sinne i alle slags former. <br />  Boka har lite tekst. <br />  <strong>Sinne</strong> passer fint for alle som blir sinte, <br />  uansett om de pleier å slippe sinnet ut <br />  i små eller store porsjoner. </p>  <div><strong>&#160;</strong></div>  <div><strong>Sinne</strong> er ei bok i <strong>Følelsesbiblioteket</strong>. <br />  I serien finnes det også <strong>Sjenanse</strong>, <strong>Sjalusi</strong>, <br />  <strong>Redd</strong> og <strong>Forelskelse</strong>. <br />  <strong>Følelsesbiblioteket</strong> passer både for <br />  barn og ungdom som vil ha enkel tekst<br />  og voksne som vil ha enkelt innhold. </div>  <div>&#160;</div>  <div>  <div><strong>Følelsesbiblioteket</strong> har vært brukt </div>  <div>i et studieopplegg ved NFU (Norsk forbund for utviklingshemmede). </div>  <div>Gruppen hadde stort utbytte av bøkene. </div>  <div>De viste seg å være velegnet </div>  <div>også til de som ikke kan lese selv. </div>  <div>Det ble mange fine samtaler </div>  <div>og erfaringsutvekslinger rundt bøkene. </div>  <div>&#160;</div></div>  <div>  <div>Bildene gir også rom for utdyping, </div>  <div>slik at for eksempel folk i norskopplæring </div>  <div>kan øve seg med å fylle inn "tomrommene" med norske ord.  </div>  <div>&#160;</div>  <div>  <div>Serien har også vært brukt i et lese- og skriveprosjekt </div>  <div>ved Rosenhof VO i Oslo. </div>  <div>Bøkene egnet seg godt til språktrening. </div>  <div>Elevene snakket om det de hadde lest </div>  <div>og skrev tekster om følelser.   </div></div></div>  <div>&#160;</div>  <p><strong>Sinne</strong> fikk prisen for Årets best tilrettelagte bok<br />  blant Årets vakreste bøker 2006.<br />  </p>  ]]></wp:meta_value>
            </wp:postmeta>
            <wp:postmeta>
                <wp:meta_key>_lsb_review</wp:meta_key>
                <wp:meta_value><![CDATA[lsb_acf_review]]></wp:meta_value>
            </wp:postmeta>
            <wp:postmeta>
                <wp:meta_key>lsb_quote</wp:meta_key>
                <wp:meta_value><![CDATA[MÅ DU SPARKE  SÅ SPARK PÅ ET TRE    DET HAR JO IKKE LIKE MANGE  FØLELSER SOM ET MENNESKE]]></wp:meta_value>
            </wp:postmeta>
            <wp:postmeta>
                <wp:meta_key>_lsb_quote</wp:meta_key>
                <wp:meta_value><![CDATA[lsb_acf_quote]]></wp:meta_value>
            </wp:postmeta>
            <wp:postmeta>
                <wp:meta_key>lsb_supported</wp:meta_key>
                <wp:meta_value><![CDATA[1]]></wp:meta_value>
            </wp:postmeta>
            <wp:postmeta>
                <wp:meta_key>_lsb_supported</wp:meta_key>
                <wp:meta_value><![CDATA[lsb_acf_supported]]></wp:meta_value>
            </wp:postmeta>
            <wp:postmeta>
                <wp:meta_key>lsb_support_cat</wp:meta_key>
                <wp:meta_value><![CDATA[purple]]></wp:meta_value>
            </wp:postmeta>
            <wp:postmeta>
                <wp:meta_key>_lsb_support_cat</wp:meta_key>
                <wp:meta_value><![CDATA[lsb_acf_support_cat]]></wp:meta_value>
            </wp:postmeta>
            <category domain="lsb_tax_author" nicename="anna-fiske"><![CDATA[Anna Fiske]]></category>
            <category domain="lsb_tax_publisher" nicename="solum"><![CDATA[Solum]]></category>
            <category domain="lsb_tax_illustrator" nicename="anna-fiske"><![CDATA[Anna Fiske]]></category>
            <wp:postmeta>
                <wp:meta_key>lsb_look_inside</wp:meta_key>
                <wp:meta_value><![CDATA[CUSTOM_BLA_I_BOKA]]></wp:meta_value>
            </wp:postmeta>
            <wp:postmeta>
                <wp:meta_key>_lsb_look_inside</wp:meta_key>
                <wp:meta_value><![CDATA[lsb_acf_look_inside]]></wp:meta_value>
            </wp:postmeta>
            <category domain="lsb_tax_age" nicename="barn"><![CDATA[barn]]></category>
            <category domain="lsb_tax_age" nicename="voksne"><![CDATA[voksne]]></category>
            <category domain="lsb_tax_age" nicename="ungdom"><![CDATA[ungdom]]></category>
            <category domain="lsb_tax_topic" nicename="humor"><![CDATA[humor]]></category>
            <category domain="lsb_tax_language" nicename="no_nb"><![CDATA[bokmål]]></category>
            <category domain="lsb_tax_customization" nicename="bilder"><![CDATA[bilder]]></category>
            <category domain="lsb_tax_customization" nicename="ny-i-norge"><![CDATA[ny i norge]]></category>
            <category domain="lsb_tax_customization" nicename="mange-bilder"><![CDATA[mange bilder]]></category>
            <wp:postmeta>
                <wp:meta_key>_thumbnail_id</wp:meta_key>
                <wp:meta_value><![CDATA[5283]]></wp:meta_value>
            </wp:postmeta>
        </item>
        <item>
            <title>Sinne omslag.gif</title>
            <wp:post_id>5283</wp:post_id>
            <wp:status>inherit</wp:status>
            <wp:post_type>attachment</wp:post_type>
            <wp:attachment_url>https://raw.githubusercontent.com/lesersokerbok/boksok.no-data-utils/master/output-example/images/085389833CD248BA83180D9DD65527EA.gif</wp:attachment_url>
        </item>
        <item>
            <wp:post_type>lsb_book</wp:post_type>
            <wp:status>publish</wp:status>
            <title>Høytfungerende autisme og Aspergers syndrom</title>
            <excerpt:encoded><![CDATA[Boka gir et innblikk i hvordan   autisme og Asperger syndrom kan arte seg.  Dette er ei bok for voksne   som møter diagnosen for første gang.   ]]></excerpt:encoded>
            <wp:postmeta>
                <wp:meta_key>lsb_isbn</wp:meta_key>
                <wp:meta_value><![CDATA[9788253028477]]></wp:meta_value>
            </wp:postmeta>
            <wp:postmeta>
                <wp:meta_key>_lsb_isbn</wp:meta_key>
                <wp:meta_value><![CDATA[lsb_acf_isbn]]></wp:meta_value>
            </wp:postmeta>
            <wp:postmeta>
                <wp:meta_key>lsb_published_year</wp:meta_key>
                <wp:meta_value><![CDATA[2005]]></wp:meta_value>
            </wp:postmeta>
            <wp:postmeta>
                <wp:meta_key>_lsb_published_year</wp:meta_key>
                <wp:meta_value><![CDATA[lsb_acf_published_year]]></wp:meta_value>
            </wp:postmeta>
            <wp:postmeta>
                <wp:meta_key>lsb_pages</wp:meta_key>
                <wp:meta_value/>
            </wp:postmeta>
            <wp:postmeta>
                <wp:meta_key>_lsb_pages</wp:meta_key>
                <wp:meta_value><![CDATA[lsb_acf_pages]]></wp:meta_value>
            </wp:postmeta>
            <wp:postmeta>
                <wp:meta_key>lsb_review</wp:meta_key>
                <wp:meta_value><![CDATA[  <p>Den forklarer hvordan diagnosen stilles,<br />  hvilke utfordringer en møter i dagliglivet<br />  og har forslag til videre lesning. </p>  <div>&#160;</div>  <div>Boka er en av tre bøker<br />  som handler om høytfungerende autisme<br />  og Asperger syndrom. <br />  <div>Bøkene passer for dem som har diagnosen selv eller kjenner noen som har det. </div></div>  <div>Denne boka har liten skrift og lange <br />  setninger tilpasset voksne. </div>  <div>De to andre bøkene er for barn. </div>  <div>De heter: </div>  <div>  <div><strong>Martes bok</strong></div>  <div><strong>Slik kan det være å ha høytfungerende autisme og Aspergers syndrom. </strong></div></div>  ]]></wp:meta_value>
            </wp:postmeta>
            <wp:postmeta>
                <wp:meta_key>_lsb_review</wp:meta_key>
                <wp:meta_value><![CDATA[lsb_acf_review]]></wp:meta_value>
            </wp:postmeta>
            <wp:postmeta>
                <wp:meta_key>lsb_quote</wp:meta_key>
                <wp:meta_value><![CDATA[Mange barn med autisme vil kunne oppfatte detaljer i en situasjon eller legge merke til syns- og hørselsinntrykk som andre kanskje ikke oppfatter i det hele tatt. Lenge etterpå vil de kunne gjengi eller beskrive disse eksakt. Men de vil også kunne ha store problemer med å oppfatte hva som hender i en sosial situasjon, og gjenfortelle det etterpå. ]]></wp:meta_value>
            </wp:postmeta>
            <wp:postmeta>
                <wp:meta_key>_lsb_quote</wp:meta_key>
                <wp:meta_value><![CDATA[lsb_acf_quote]]></wp:meta_value>
            </wp:postmeta>
            <wp:postmeta>
                <wp:meta_key>lsb_supported</wp:meta_key>
                <wp:meta_value><![CDATA[1]]></wp:meta_value>
            </wp:postmeta>
            <wp:postmeta>
                <wp:meta_key>_lsb_supported</wp:meta_key>
                <wp:meta_value><![CDATA[lsb_acf_supported]]></wp:meta_value>
            </wp:postmeta>
            <wp:postmeta>
                <wp:meta_key>lsb_support_cat</wp:meta_key>
                <wp:meta_value><![CDATA[purple]]></wp:meta_value>
            </wp:postmeta>
            <wp:postmeta>
                <wp:meta_key>_lsb_support_cat</wp:meta_key>
                <wp:meta_value><![CDATA[lsb_acf_support_cat]]></wp:meta_value>
            </wp:postmeta>
            <category domain="lsb_tax_author" nicename="mie-mohlin-og-magne-medhus"><![CDATA[Mie Mohlin og Magne Medhus]]></category>
            <category domain="lsb_tax_publisher" nicename="omnipax"><![CDATA[Omnipax]]></category>
            <wp:postmeta>
                <wp:meta_key>lsb_look_inside</wp:meta_key>
                <wp:meta_value><![CDATA[CUSTOM_BLA_I_BOKA]]></wp:meta_value>
            </wp:postmeta>
            <wp:postmeta>
                <wp:meta_key>_lsb_look_inside</wp:meta_key>
                <wp:meta_value><![CDATA[lsb_acf_look_inside]]></wp:meta_value>
            </wp:postmeta>
            <category domain="lsb_tax_age" nicename="voksne"><![CDATA[voksne]]></category>
            <category domain="lsb_tax_genre" nicename="faglitteratur"><![CDATA[faglitteratur]]></category>
            <category domain="lsb_tax_topic" nicename="annet"><![CDATA[annet]]></category>
            <category domain="lsb_tax_language" nicename="no_nb"><![CDATA[bokmål]]></category>
            <category domain="lsb_tax_customization" nicename="faglitteratur"><![CDATA[faglitteratur]]></category>
            <wp:postmeta>
                <wp:meta_key>_thumbnail_id</wp:meta_key>
                <wp:meta_value><![CDATA[5284]]></wp:meta_value>
            </wp:postmeta>
        </item>
        <item>
            <title>høytfungerende autisme, ny.jpg</title>
            <wp:post_id>5284</wp:post_id>
            <wp:status>inherit</wp:status>
            <wp:post_type>attachment</wp:post_type>
            <wp:attachment_url>https://raw.githubusercontent.com/lesersokerbok/boksok.no-data-utils/master/output-example/images/F41E00134DC749E59508816505EF7013.jpg</wp:attachment_url>
        </item>
        <item>
            <wp:post_type>lsb_book</wp:post_type>
            <wp:status>publish</wp:status>
            <title>Slik kan det være å ha høytfungerende autisme og Asperger syndrom</title>
            <excerpt:encoded><![CDATA[I denne boka kan du lese   om hvordan barn med autisme og    Asperger syndrom kan ha det.     ]]></excerpt:encoded>
            <wp:postmeta>
                <wp:meta_key>lsb_isbn</wp:meta_key>
                <wp:meta_value><![CDATA[9788253028460]]></wp:meta_value>
            </wp:postmeta>
            <wp:postmeta>
                <wp:meta_key>_lsb_isbn</wp:meta_key>
                <wp:meta_value><![CDATA[lsb_acf_isbn]]></wp:meta_value>
            </wp:postmeta>
            <wp:postmeta>
                <wp:meta_key>lsb_published_year</wp:meta_key>
                <wp:meta_value><![CDATA[2005]]></wp:meta_value>
            </wp:postmeta>
            <wp:postmeta>
                <wp:meta_key>_lsb_published_year</wp:meta_key>
                <wp:meta_value><![CDATA[lsb_acf_published_year]]></wp:meta_value>
            </wp:postmeta>
            <wp:postmeta>
                <wp:meta_key>lsb_pages</wp:meta_key>
                <wp:meta_value><![CDATA[30]]></wp:meta_value>
            </wp:postmeta>
            <wp:postmeta>
                <wp:meta_key>_lsb_pages</wp:meta_key>
                <wp:meta_value><![CDATA[lsb_acf_pages]]></wp:meta_value>
            </wp:postmeta>
            <wp:postmeta>
                <wp:meta_key>lsb_review</wp:meta_key>
                <wp:meta_value><![CDATA[  <p>Noe ligner kanskje på ting <br />  du har opplevd selv. <br />  Noe ligner på ting <br />  du kan kjenne igjen hos andre. </p>  <div>Boka er ei innføring for barn. <br />  </div>  <div>Den er ei av tre bøker i en serie <br />  om høytfungerende autisme og Asperger syndrom.</div>  <div>Bøkene passer for dem som har diagnosen selv eller kjenner noen som har det. </div>  <div>&#160;</div>  <div>De to andre heter: </div>  <div><strong>Martes bok</strong> (for barn)</div>  <div><strong>Høytfungerende autisme og Asperger syndrom</strong> (for voksne)<br />  </div>  ]]></wp:meta_value>
            </wp:postmeta>
            <wp:postmeta>
                <wp:meta_key>_lsb_review</wp:meta_key>
                <wp:meta_value><![CDATA[lsb_acf_review]]></wp:meta_value>
            </wp:postmeta>
            <wp:postmeta>
                <wp:meta_key>lsb_quote</wp:meta_key>
                <wp:meta_value><![CDATA[Når ting blir vanskelige for barn   med Autisme og Asperger syndrom,   er det ikke fordi barna er slemme   eller dumme.   Det er bare slik at autismen kan gjøre   det som er lett for andre,   vanskelig for dem. ]]></wp:meta_value>
            </wp:postmeta>
            <wp:postmeta>
                <wp:meta_key>_lsb_quote</wp:meta_key>
                <wp:meta_value><![CDATA[lsb_acf_quote]]></wp:meta_value>
            </wp:postmeta>
            <wp:postmeta>
                <wp:meta_key>lsb_supported</wp:meta_key>
                <wp:meta_value><![CDATA[1]]></wp:meta_value>
            </wp:postmeta>
            <wp:postmeta>
                <wp:meta_key>_lsb_supported</wp:meta_key>
                <wp:meta_value><![CDATA[lsb_acf_supported]]></wp:meta_value>
            </wp:postmeta>
            <wp:postmeta>
                <wp:meta_key>lsb_support_cat</wp:meta_key>
                <wp:meta_value><![CDATA[purple]]></wp:meta_value>
            </wp:postmeta>
            <wp:postmeta>
                <wp:meta_key>_lsb_support_cat</wp:meta_key>
                <wp:meta_value><![CDATA[lsb_acf_support_cat]]></wp:meta_value>
            </wp:postmeta>
            <category domain="lsb_tax_author" nicename="mia-mohlin-og-magne-medhus"><![CDATA[Mia Mohlin og Magne Medhus]]></category>
            <category domain="lsb_tax_publisher" nicename="omnipax"><![CDATA[Omnipax]]></category>
            <category domain="lsb_tax_illustrator" nicename="hilde-hodnefjeld-og-sissel--grytå"><![CDATA[Hilde Hodnefjeld og Sissel  Grytå]]></category>
            <wp:postmeta>
                <wp:meta_key>lsb_look_inside</wp:meta_key>
                <wp:meta_value><![CDATA[CUSTOM_BLA_I_BOKA]]></wp:meta_value>
            </wp:postmeta>
            <wp:postmeta>
                <wp:meta_key>_lsb_look_inside</wp:meta_key>
                <wp:meta_value><![CDATA[lsb_acf_look_inside]]></wp:meta_value>
            </wp:postmeta>
            <category domain="lsb_tax_age" nicename="barn"><![CDATA[barn]]></category>
            <category domain="lsb_tax_topic" nicename="annet"><![CDATA[annet]]></category>
            <category domain="lsb_tax_language" nicename="no_nb"><![CDATA[bokmål]]></category>
            <category domain="lsb_tax_customization" nicename="faglitteratur"><![CDATA[faglitteratur]]></category>
            <wp:postmeta>
                <wp:meta_key>_thumbnail_id</wp:meta_key>
                <wp:meta_value><![CDATA[5285]]></wp:meta_value>
            </wp:postmeta>
        </item>
        <item>
            <title>slik kan det være, ny.jpg</title>
            <wp:post_id>5285</wp:post_id>
            <wp:status>inherit</wp:status>
            <wp:post_type>attachment</wp:post_type>
            <wp:attachment_url>https://raw.githubusercontent.com/lesersokerbok/boksok.no-data-utils/master/output-example/images/BC402385223F4EF5A4F12C1A0C502ABE.jpg</wp:attachment_url>
        </item>
        <item>
            <wp:post_type>lsb_book</wp:post_type>
            <wp:status>publish</wp:status>
            <title>Strutsefant</title>
            <excerpt:encoded><![CDATA[Strutsedamen Ine er forelsket i Strutsemann.   Men Strutsemann er redd for kjærligheten   og løper fra henne.   ]]></excerpt:encoded>
            <wp:postmeta>
                <wp:meta_key>lsb_isbn</wp:meta_key>
                <wp:meta_value><![CDATA[8251785898]]></wp:meta_value>
            </wp:postmeta>
            <wp:postmeta>
                <wp:meta_key>_lsb_isbn</wp:meta_key>
                <wp:meta_value><![CDATA[lsb_acf_isbn]]></wp:meta_value>
            </wp:postmeta>
            <wp:postmeta>
                <wp:meta_key>lsb_published_year</wp:meta_key>
                <wp:meta_value><![CDATA[2000]]></wp:meta_value>
            </wp:postmeta>
            <wp:postmeta>
                <wp:meta_key>_lsb_published_year</wp:meta_key>
                <wp:meta_value><![CDATA[lsb_acf_published_year]]></wp:meta_value>
            </wp:postmeta>
            <wp:postmeta>
                <wp:meta_key>lsb_pages</wp:meta_key>
                <wp:meta_value><![CDATA[31]]></wp:meta_value>
            </wp:postmeta>
            <wp:postmeta>
                <wp:meta_key>_lsb_pages</wp:meta_key>
                <wp:meta_value><![CDATA[lsb_acf_pages]]></wp:meta_value>
            </wp:postmeta>
            <wp:postmeta>
                <wp:meta_key>lsb_review</wp:meta_key>
                <wp:meta_value><![CDATA[  <div>Da er elefanten Georg god å ha <br />  som en trøstende venn, <br />  eller kanskje noe mer?  </div>  <div>&#160;</div>  <div>Strutsemann er ei bok i serien </div>  <div><strong>Min første Leseløve</strong>.  <br />  Boka er skrevet med store bokstaver <br />  og er lett å lese. </div>  ]]></wp:meta_value>
            </wp:postmeta>
            <wp:postmeta>
                <wp:meta_key>_lsb_review</wp:meta_key>
                <wp:meta_value><![CDATA[lsb_acf_review]]></wp:meta_value>
            </wp:postmeta>
            <wp:postmeta>
                <wp:meta_key>lsb_quote</wp:meta_key>
                <wp:meta_value><![CDATA[HUN MYSER MED ØYNENE   OG FORSØKER Å SE   SEG SELV OG GEORG SAMMEN.  HUN OG GEORG NÅR DE KOSER.  HVA SKAL VEL DE TO KUNNE BLI?   EN STRUTSEFANT?  SOM HAR GEORGS KROPP...  OG HENNES HODE?]]></wp:meta_value>
            </wp:postmeta>
            <wp:postmeta>
                <wp:meta_key>_lsb_quote</wp:meta_key>
                <wp:meta_value><![CDATA[lsb_acf_quote]]></wp:meta_value>
            </wp:postmeta>
            <wp:postmeta>
                <wp:meta_key>lsb_supported</wp:meta_key>
                <wp:meta_value><![CDATA[0]]></wp:meta_value>
            </wp:postmeta>
            <wp:postmeta>
                <wp:meta_key>_lsb_supported</wp:meta_key>
                <wp:meta_value><![CDATA[lsb_acf_supported]]></wp:meta_value>
            </wp:postmeta>
            <category domain="lsb_tax_author" nicename="øistein-hølleland"><![CDATA[Øistein Hølleland]]></category>
            <category domain="lsb_tax_publisher" nicename="damm"><![CDATA[Damm]]></category>
            <category domain="lsb_tax_illustrator" nicename="per-dybvig"><![CDATA[Per Dybvig]]></category>
            <wp:postmeta>
                <wp:meta_key>lsb_look_inside</wp:meta_key>
                <wp:meta_value><![CDATA[CUSTOM_BLA_I_BOKA]]></wp:meta_value>
            </wp:postmeta>
            <wp:postmeta>
                <wp:meta_key>_lsb_look_inside</wp:meta_key>
                <wp:meta_value><![CDATA[lsb_acf_look_inside]]></wp:meta_value>
            </wp:postmeta>
            <category domain="lsb_tax_age" nicename="barn"><![CDATA[barn]]></category>
            <category domain="lsb_tax_genre" nicename="prosa"><![CDATA[prosa]]></category>
            <category domain="lsb_tax_language" nicename="no_nb"><![CDATA[bokmål]]></category>
            <category domain="lsb_tax_customization" nicename="storskrift"><![CDATA[storskrift]]></category>
            <category domain="lsb_tax_customization" nicename="skjønnlitteratur"><![CDATA[skjønnlitteratur]]></category>
            <category domain="lsb_tax_customization" nicename="mange-bilder"><![CDATA[mange bilder]]></category>
            <wp:postmeta>
                <wp:meta_key>_thumbnail_id</wp:meta_key>
                <wp:meta_value><![CDATA[5286]]></wp:meta_value>
            </wp:postmeta>
        </item>
        <item>
            <title>Strutsefant.jpg</title>
            <wp:post_id>5286</wp:post_id>
            <wp:status>inherit</wp:status>
            <wp:post_type>attachment</wp:post_type>
            <wp:attachment_url>https://raw.githubusercontent.com/lesersokerbok/boksok.no-data-utils/master/output-example/images/44B50F94D6AB4D3FB425F40A9EE734D5.jpg</wp:attachment_url>
        </item>
        <item>
            <wp:post_type>lsb_book</wp:post_type>
            <wp:status>publish</wp:status>
            <title>Sjørøvere</title>
            <excerpt:encoded><![CDATA[Dette er en spennende bok om sjørøvere   som er lett å lese. ]]></excerpt:encoded>
            <wp:postmeta>
                <wp:meta_key>lsb_isbn</wp:meta_key>
                <wp:meta_value><![CDATA[8203308759]]></wp:meta_value>
            </wp:postmeta>
            <wp:postmeta>
                <wp:meta_key>_lsb_isbn</wp:meta_key>
                <wp:meta_value><![CDATA[lsb_acf_isbn]]></wp:meta_value>
            </wp:postmeta>
            <wp:postmeta>
                <wp:meta_key>lsb_published_year</wp:meta_key>
                <wp:meta_value><![CDATA[2002]]></wp:meta_value>
            </wp:postmeta>
            <wp:postmeta>
                <wp:meta_key>_lsb_published_year</wp:meta_key>
                <wp:meta_value><![CDATA[lsb_acf_published_year]]></wp:meta_value>
            </wp:postmeta>
            <wp:postmeta>
                <wp:meta_key>lsb_pages</wp:meta_key>
                <wp:meta_value/>
            </wp:postmeta>
            <wp:postmeta>
                <wp:meta_key>_lsb_pages</wp:meta_key>
                <wp:meta_value><![CDATA[lsb_acf_pages]]></wp:meta_value>
            </wp:postmeta>
            <wp:postmeta>
                <wp:meta_key>lsb_review</wp:meta_key>
                <wp:meta_value><![CDATA[  <div>Sjørøvere var røvere på havet. <br />  I denne boka kan du lese om </div>  <div>skatter og straffer, <br />  om Kaptein Sorte Bill og om <br />  kvinnelige sjørøvere. </div>  <div>&#160;</div>  <p>Dette er ei bok i serien<strong> De små fagbøkene</strong>.<br />  Boka finnes også på nynorsk. </p>  ]]></wp:meta_value>
            </wp:postmeta>
            <wp:postmeta>
                <wp:meta_key>_lsb_review</wp:meta_key>
                <wp:meta_value><![CDATA[lsb_acf_review]]></wp:meta_value>
            </wp:postmeta>
            <wp:postmeta>
                <wp:meta_key>lsb_quote</wp:meta_key>
                <wp:meta_value><![CDATA[Hver sjø-røver-kaptein   hadde sitt eget flagg.   Disse flaggene liknet på hverandre.     Flagget var alltid svart   med hvite tegninger.   På nesten alle   var det tegna knokler   og hode-skaller. ]]></wp:meta_value>
            </wp:postmeta>
            <wp:postmeta>
                <wp:meta_key>_lsb_quote</wp:meta_key>
                <wp:meta_value><![CDATA[lsb_acf_quote]]></wp:meta_value>
            </wp:postmeta>
            <wp:postmeta>
                <wp:meta_key>lsb_supported</wp:meta_key>
                <wp:meta_value><![CDATA[0]]></wp:meta_value>
            </wp:postmeta>
            <wp:postmeta>
                <wp:meta_key>_lsb_supported</wp:meta_key>
                <wp:meta_value><![CDATA[lsb_acf_supported]]></wp:meta_value>
            </wp:postmeta>
            <category domain="lsb_tax_author" nicename="bent-faurby"><![CDATA[Bent Faurby]]></category>
            <category domain="lsb_tax_publisher" nicename="aschehoug"><![CDATA[Aschehoug]]></category>
            <wp:postmeta>
                <wp:meta_key>lsb_look_inside</wp:meta_key>
                <wp:meta_value><![CDATA[CUSTOM_BLA_I_BOKA]]></wp:meta_value>
            </wp:postmeta>
            <wp:postmeta>
                <wp:meta_key>_lsb_look_inside</wp:meta_key>
                <wp:meta_value><![CDATA[lsb_acf_look_inside]]></wp:meta_value>
            </wp:postmeta>
            <category domain="lsb_tax_age" nicename="barn"><![CDATA[barn]]></category>
            <category domain="lsb_tax_genre" nicename="faglitteratur"><![CDATA[faglitteratur]]></category>
            <category domain="lsb_tax_topic" nicename="historie"><![CDATA[historie]]></category>
            <category domain="lsb_tax_topic" nicename="samfunn"><![CDATA[samfunn]]></category>
            <category domain="lsb_tax_language" nicename="no_nb"><![CDATA[bokmål]]></category>
            <category domain="lsb_tax_customization" nicename="faglitteratur"><![CDATA[faglitteratur]]></category>
            <category domain="lsb_tax_customization" nicename="mange-bilder"><![CDATA[mange bilder]]></category>
            <wp:postmeta>
                <wp:meta_key>_thumbnail_id</wp:meta_key>
                <wp:meta_value><![CDATA[5287]]></wp:meta_value>
            </wp:postmeta>
        </item>
        <item>
            <title>Sjørøvere, bokmål, ny.jpg</title>
            <wp:post_id>5287</wp:post_id>
            <wp:status>inherit</wp:status>
            <wp:post_type>attachment</wp:post_type>
            <wp:attachment_url>https://raw.githubusercontent.com/lesersokerbok/boksok.no-data-utils/master/output-example/images/C25C0AC3F48D496D817E5169AC960240.jpg</wp:attachment_url>
        </item>
        <item>
            <wp:post_type>lsb_book</wp:post_type>
            <wp:status>publish</wp:status>
            <title>Alf Prøysen</title>
            <excerpt:encoded><![CDATA[Alf Prøysen skrev mange sanger.   Har du hørt om "Julekveldsvise",   "Musevisa" og "Du ska få en dag i mårå"?  ]]></excerpt:encoded>
            <wp:postmeta>
                <wp:meta_key>lsb_isbn</wp:meta_key>
                <wp:meta_value><![CDATA[9788205327177]]></wp:meta_value>
            </wp:postmeta>
            <wp:postmeta>
                <wp:meta_key>_lsb_isbn</wp:meta_key>
                <wp:meta_value><![CDATA[lsb_acf_isbn]]></wp:meta_value>
            </wp:postmeta>
            <wp:postmeta>
                <wp:meta_key>lsb_published_year</wp:meta_key>
                <wp:meta_value><![CDATA[2004]]></wp:meta_value>
            </wp:postmeta>
            <wp:postmeta>
                <wp:meta_key>_lsb_published_year</wp:meta_key>
                <wp:meta_value><![CDATA[lsb_acf_published_year]]></wp:meta_value>
            </wp:postmeta>
            <wp:postmeta>
                <wp:meta_key>lsb_pages</wp:meta_key>
                <wp:meta_value><![CDATA[55]]></wp:meta_value>
            </wp:postmeta>
            <wp:postmeta>
                <wp:meta_key>_lsb_pages</wp:meta_key>
                <wp:meta_value><![CDATA[lsb_acf_pages]]></wp:meta_value>
            </wp:postmeta>
            <wp:postmeta>
                <wp:meta_key>lsb_review</wp:meta_key>
                <wp:meta_value><![CDATA[  <div>I denne boka får du vite mer <br />  om alt det han holdt på med, <br />  både som barn <br />  og da han ble voksen og berømt. <br />  Hun som forteller heter Elin <br />  og er datteren hans.</div>  <div>&#160;</div>  <p>Boka om Alf Prøysen er ei bok <br />  i serien Bokormen fakta, <br />  for barn i barneskolen. <br />  Denne biografien har forholdsvis mye tekst.</p>  ]]></wp:meta_value>
            </wp:postmeta>
            <wp:postmeta>
                <wp:meta_key>_lsb_review</wp:meta_key>
                <wp:meta_value><![CDATA[lsb_acf_review]]></wp:meta_value>
            </wp:postmeta>
            <wp:postmeta>
                <wp:meta_key>lsb_quote</wp:meta_key>
                <wp:meta_value><![CDATA[På fylkesskolen tjente Alf for første gang  penger på å skrive. Nå skrev han stiler for de andre  elevene mot betaling! Han begynte også å lage  viser om det som hendte på skolen og sang dem på  skolefester.  Nå hadde han begynt med noe av det han skulle   drive med resten av livet, men det visste han ikke  da. For da skolen var slutt, måtte han begynne å  jobbe på gård, han som de andre.]]></wp:meta_value>
            </wp:postmeta>
            <wp:postmeta>
                <wp:meta_key>_lsb_quote</wp:meta_key>
                <wp:meta_value><![CDATA[lsb_acf_quote]]></wp:meta_value>
            </wp:postmeta>
            <wp:postmeta>
                <wp:meta_key>lsb_supported</wp:meta_key>
                <wp:meta_value><![CDATA[0]]></wp:meta_value>
            </wp:postmeta>
            <wp:postmeta>
                <wp:meta_key>_lsb_supported</wp:meta_key>
                <wp:meta_value><![CDATA[lsb_acf_supported]]></wp:meta_value>
            </wp:postmeta>
            <category domain="lsb_tax_author" nicename="elin-prøysen"><![CDATA[Elin Prøysen]]></category>
            <category domain="lsb_tax_publisher" nicename="gyldendal"><![CDATA[Gyldendal]]></category>
            <wp:postmeta>
                <wp:meta_key>lsb_look_inside</wp:meta_key>
                <wp:meta_value><![CDATA[CUSTOM_BLA_I_BOKA]]></wp:meta_value>
            </wp:postmeta>
            <wp:postmeta>
                <wp:meta_key>_lsb_look_inside</wp:meta_key>
                <wp:meta_value><![CDATA[lsb_acf_look_inside]]></wp:meta_value>
            </wp:postmeta>
            <category domain="lsb_tax_age" nicename="barn"><![CDATA[barn]]></category>
            <category domain="lsb_tax_topic" nicename="historie"><![CDATA[historie]]></category>
            <category domain="lsb_tax_topic" nicename="samfunn"><![CDATA[samfunn]]></category>
            <category domain="lsb_tax_language" nicename="no_nb"><![CDATA[bokmål]]></category>
            <category domain="lsb_tax_customization" nicename="faglitteratur"><![CDATA[faglitteratur]]></category>
            <wp:postmeta>
                <wp:meta_key>_thumbnail_id</wp:meta_key>
                <wp:meta_value><![CDATA[5288]]></wp:meta_value>
            </wp:postmeta>
        </item>
        <item>
            <title>Alf Prøysen.jpg</title>
            <wp:post_id>5288</wp:post_id>
            <wp:status>inherit</wp:status>
            <wp:post_type>attachment</wp:post_type>
            <wp:attachment_url>https://raw.githubusercontent.com/lesersokerbok/boksok.no-data-utils/master/output-example/images/5DAE4204C7B344E59207665F03F0B58C.jpg</wp:attachment_url>
        </item>
        <item>
            <wp:post_type>lsb_book</wp:post_type>
            <wp:status>publish</wp:status>
            <title>Fortellingen om Vålerenga</title>
            <excerpt:encoded><![CDATA[Vålerenga er fotballaget alle har hørt om.   I denne boka kan du lese om oppturer og nedturer,   gode spillere og aktive supportere. ]]></excerpt:encoded>
            <wp:postmeta>
                <wp:meta_key>lsb_isbn</wp:meta_key>
                <wp:meta_value><![CDATA[9788248909392]]></wp:meta_value>
            </wp:postmeta>
            <wp:postmeta>
                <wp:meta_key>_lsb_isbn</wp:meta_key>
                <wp:meta_value><![CDATA[lsb_acf_isbn]]></wp:meta_value>
            </wp:postmeta>
            <wp:postmeta>
                <wp:meta_key>lsb_published_year</wp:meta_key>
                <wp:meta_value><![CDATA[2010]]></wp:meta_value>
            </wp:postmeta>
            <wp:postmeta>
                <wp:meta_key>_lsb_published_year</wp:meta_key>
                <wp:meta_value><![CDATA[lsb_acf_published_year]]></wp:meta_value>
            </wp:postmeta>
            <wp:postmeta>
                <wp:meta_key>lsb_pages</wp:meta_key>
                <wp:meta_value><![CDATA[82]]></wp:meta_value>
            </wp:postmeta>
            <wp:postmeta>
                <wp:meta_key>_lsb_pages</wp:meta_key>
                <wp:meta_value><![CDATA[lsb_acf_pages]]></wp:meta_value>
            </wp:postmeta>
            <wp:postmeta>
                <wp:meta_key>lsb_review</wp:meta_key>
                <wp:meta_value><![CDATA[  <div>Hva hadde Oslo vært uten Vålerenga? </div>  <div>I denne boka kan du lese </div>  <div>historien om laget, </div>  <div>helt fra starten og frem til </div>  <div>store seriemesterskap. </div>  <div>Boka forteller både om gamle helter </div>  <div>og dagens idoler, som </div>  <div>Freddy de Santos, </div>  <div>Mohammed "Moa" Abdellaoue </div>  <div>og kaptein Kristofer "Doffen" Hæstad. </div>  <div>Og selvfølgelig - om supporterne i Klanen. </div>  <div>&#160;</div>  <div>Boka har ganske enkel tekst </div>  <div>og flere fotografier i sort/hvitt. </div>  <div>Boka er delt inn i korte kapitler </div>  <div>og har mange faktabokser. </div>  <div>&#160;</div>  <div><strong>Arild Rønsen</strong> er vokst opp </div>  <div>100 meter fra stedet der </div>  <div>Vålerenga trener. Han har </div>  <div>fulgt laget i mange år. </div>  <div>Når han ikke er på fotballkamp, </div>  <div>jobber han som musikk-</div>  <div>journalist og politisk kommentator. </div>  ]]></wp:meta_value>
            </wp:postmeta>
            <wp:postmeta>
                <wp:meta_key>_lsb_review</wp:meta_key>
                <wp:meta_value><![CDATA[lsb_acf_review]]></wp:meta_value>
            </wp:postmeta>
            <wp:postmeta>
                <wp:meta_key>lsb_quote</wp:meta_key>
                <wp:meta_value><![CDATA[Hvis du spør folk hvorfor de er medlem av Klanen,   er jeg sikker på at de fleste vil svare: "Fordi det er så   gøy!" Jeg har vært på utallige turer med Klanen, og   det skal du vite: Her er det aldri kjedelig! ]]></wp:meta_value>
            </wp:postmeta>
            <wp:postmeta>
                <wp:meta_key>_lsb_quote</wp:meta_key>
                <wp:meta_value><![CDATA[lsb_acf_quote]]></wp:meta_value>
            </wp:postmeta>
            <wp:postmeta>
                <wp:meta_key>lsb_supported</wp:meta_key>
                <wp:meta_value><![CDATA[1]]></wp:meta_value>
            </wp:postmeta>
            <wp:postmeta>
                <wp:meta_key>_lsb_supported</wp:meta_key>
                <wp:meta_value><![CDATA[lsb_acf_supported]]></wp:meta_value>
            </wp:postmeta>
            <wp:postmeta>
                <wp:meta_key>lsb_support_cat</wp:meta_key>
                <wp:meta_value><![CDATA[purple]]></wp:meta_value>
            </wp:postmeta>
            <wp:postmeta>
                <wp:meta_key>_lsb_support_cat</wp:meta_key>
                <wp:meta_value><![CDATA[lsb_acf_support_cat]]></wp:meta_value>
            </wp:postmeta>
            <category domain="lsb_tax_author" nicename="arild-rønsen"><![CDATA[Arild Rønsen]]></category>
            <category domain="lsb_tax_publisher" nicename="kagge"><![CDATA[Kagge]]></category>
            <wp:postmeta>
                <wp:meta_key>lsb_look_inside</wp:meta_key>
                <wp:meta_value><![CDATA[CUSTOM_BLA_I_BOKA]]></wp:meta_value>
            </wp:postmeta>
            <wp:postmeta>
                <wp:meta_key>_lsb_look_inside</wp:meta_key>
                <wp:meta_value><![CDATA[lsb_acf_look_inside]]></wp:meta_value>
            </wp:postmeta>
            <category domain="lsb_tax_age" nicename="ungdom"><![CDATA[ungdom]]></category>
            <category domain="lsb_tax_topic" nicename="sport"><![CDATA[sport]]></category>
            <category domain="lsb_tax_language" nicename="no_nb"><![CDATA[bokmål]]></category>
            <category domain="lsb_tax_customization" nicename="faglitteratur"><![CDATA[faglitteratur]]></category>
            <wp:postmeta>
                <wp:meta_key>_thumbnail_id</wp:meta_key>
                <wp:meta_value><![CDATA[5289]]></wp:meta_value>
            </wp:postmeta>
        </item>
        <item>
            <title>Kagge_Fortellingen_Va¦èlerenga_forside.jpg</title>
            <wp:post_id>5289</wp:post_id>
            <wp:status>inherit</wp:status>
            <wp:post_type>attachment</wp:post_type>
            <wp:attachment_url>https://raw.githubusercontent.com/lesersokerbok/boksok.no-data-utils/master/output-example/images/B145B14D667141A69EC339DE229319D3.jpg</wp:attachment_url>
        </item>
        <item>
            <wp:post_type>lsb_book</wp:post_type>
            <wp:status>publish</wp:status>
            <title>UNG</title>
            <excerpt:encoded><![CDATA[UNG er en samling med fire noveller.   Novellene er fortalt både med Bliss   og med stor og tydelig svarttekst.   ]]></excerpt:encoded>
            <wp:postmeta>
                <wp:meta_key>lsb_isbn</wp:meta_key>
                <wp:meta_value><![CDATA[8280020047]]></wp:meta_value>
            </wp:postmeta>
            <wp:postmeta>
                <wp:meta_key>_lsb_isbn</wp:meta_key>
                <wp:meta_value><![CDATA[lsb_acf_isbn]]></wp:meta_value>
            </wp:postmeta>
            <wp:postmeta>
                <wp:meta_key>lsb_published_year</wp:meta_key>
                <wp:meta_value><![CDATA[2005]]></wp:meta_value>
            </wp:postmeta>
            <wp:postmeta>
                <wp:meta_key>_lsb_published_year</wp:meta_key>
                <wp:meta_value><![CDATA[lsb_acf_published_year]]></wp:meta_value>
            </wp:postmeta>
            <wp:postmeta>
                <wp:meta_key>lsb_pages</wp:meta_key>
                <wp:meta_value><![CDATA[153]]></wp:meta_value>
            </wp:postmeta>
            <wp:postmeta>
                <wp:meta_key>_lsb_pages</wp:meta_key>
                <wp:meta_value><![CDATA[lsb_acf_pages]]></wp:meta_value>
            </wp:postmeta>
            <wp:postmeta>
                <wp:meta_key>lsb_review</wp:meta_key>
                <wp:meta_value><![CDATA[  <div>Svartteksten og Blissteksten begynner <br />  fra hver sin ende av boka.</div>  <div>&#160;</div>  <p><strong>Tone Merethe Koch</strong> har cerebral parese.<br />  De som kjenner henne godt, forstår hva hun sier. <br />  Til andre staver hun ordene <br />  ved å peke på en plate med bokstaver. <br />  Tone har alltid likt å skrive historier.<br />  Når hun skriver, bruker hun PC <br />  med joystick og keygard.</p>  <div>&#160;</div>  <div>Boka <strong>UNG</strong> er utgitt med støtte fra <strong>ISAAC-Norge</strong>. <br />  Den kan bestilles hos <br />  <strong>Likeverd Forlag /v Anette Diesen</strong> <br />  Trudvangveien 25 <br />  3117 Tønsberg <br />  Tlf./faks: <strong>33 31 33 77</strong><br />  </div>  ]]></wp:meta_value>
            </wp:postmeta>
            <wp:postmeta>
                <wp:meta_key>_lsb_review</wp:meta_key>
                <wp:meta_value><![CDATA[lsb_acf_review]]></wp:meta_value>
            </wp:postmeta>
            <wp:postmeta>
                <wp:meta_key>lsb_quote</wp:meta_key>
                <wp:meta_value><![CDATA[Læreren ser oppgitt på henne.  "Du kommer for seint som vanlig," sier   han.  "Jeg liker å sove lenge om morgenen,"  svarer hun. "Skolen går ingen steder, så  jeg fant ut at jeg kunne sove lenge i dag,  også."  Klassen brøler av latter, og læreren  sukker oppgitt.]]></wp:meta_value>
            </wp:postmeta>
            <wp:postmeta>
                <wp:meta_key>_lsb_quote</wp:meta_key>
                <wp:meta_value><![CDATA[lsb_acf_quote]]></wp:meta_value>
            </wp:postmeta>
            <wp:postmeta>
                <wp:meta_key>lsb_supported</wp:meta_key>
                <wp:meta_value><![CDATA[0]]></wp:meta_value>
            </wp:postmeta>
            <wp:postmeta>
                <wp:meta_key>_lsb_supported</wp:meta_key>
                <wp:meta_value><![CDATA[lsb_acf_supported]]></wp:meta_value>
            </wp:postmeta>
            <category domain="lsb_tax_author" nicename="tone-merethe-koch"><![CDATA[Tone Merethe Koch]]></category>
            <category domain="lsb_tax_publisher" nicename="likeverd-forlag"><![CDATA[Likeverd forlag]]></category>
            <category domain="lsb_tax_illustrator" nicename="anne-marie-diesen"><![CDATA[Anne Marie Diesen]]></category>
            <wp:postmeta>
                <wp:meta_key>lsb_look_inside</wp:meta_key>
                <wp:meta_value><![CDATA[CUSTOM_BLA_I_BOKA]]></wp:meta_value>
            </wp:postmeta>
            <wp:postmeta>
                <wp:meta_key>_lsb_look_inside</wp:meta_key>
                <wp:meta_value><![CDATA[lsb_acf_look_inside]]></wp:meta_value>
            </wp:postmeta>
            <category domain="lsb_tax_age" nicename="ungdom"><![CDATA[ungdom]]></category>
            <category domain="lsb_tax_genre" nicename="prosa"><![CDATA[prosa]]></category>
            <category domain="lsb_tax_topic" nicename="mennesker-i-mellom"><![CDATA[mennesker i mellom]]></category>
            <category domain="lsb_tax_language" nicename="no_nb"><![CDATA[bokmål]]></category>
            <category domain="lsb_tax_customization" nicename="bliss"><![CDATA[bliss]]></category>
            <category domain="lsb_tax_customization" nicename="piktogram"><![CDATA[piktogram]]></category>
            <wp:postmeta>
                <wp:meta_key>_thumbnail_id</wp:meta_key>
                <wp:meta_value><![CDATA[5290]]></wp:meta_value>
            </wp:postmeta>
        </item>
        <item>
            <title>Forside til Ung , Bliss.jpg</title>
            <wp:post_id>5290</wp:post_id>
            <wp:status>inherit</wp:status>
            <wp:post_type>attachment</wp:post_type>
            <wp:attachment_url>https://raw.githubusercontent.com/lesersokerbok/boksok.no-data-utils/master/output-example/images/48178B0CC76C4F9BB641A32F72F00089.jpg</wp:attachment_url>
        </item>
        <item>
            <wp:post_type>lsb_book</wp:post_type>
            <wp:status>publish</wp:status>
            <title>Petter på folkehøyskolen</title>
            <excerpt:encoded><![CDATA[Petter forteller en historie om kjærlighet.  Historien er skrevet på to måter:   Med svarttekst i stor skrift og med Bliss.   ]]></excerpt:encoded>
            <wp:postmeta>
                <wp:meta_key>lsb_isbn</wp:meta_key>
                <wp:meta_value><![CDATA[8280020055]]></wp:meta_value>
            </wp:postmeta>
            <wp:postmeta>
                <wp:meta_key>_lsb_isbn</wp:meta_key>
                <wp:meta_value><![CDATA[lsb_acf_isbn]]></wp:meta_value>
            </wp:postmeta>
            <wp:postmeta>
                <wp:meta_key>lsb_published_year</wp:meta_key>
                <wp:meta_value><![CDATA[2005]]></wp:meta_value>
            </wp:postmeta>
            <wp:postmeta>
                <wp:meta_key>_lsb_published_year</wp:meta_key>
                <wp:meta_value><![CDATA[lsb_acf_published_year]]></wp:meta_value>
            </wp:postmeta>
            <wp:postmeta>
                <wp:meta_key>lsb_pages</wp:meta_key>
                <wp:meta_value><![CDATA[127]]></wp:meta_value>
            </wp:postmeta>
            <wp:postmeta>
                <wp:meta_key>_lsb_pages</wp:meta_key>
                <wp:meta_value><![CDATA[lsb_acf_pages]]></wp:meta_value>
            </wp:postmeta>
            <wp:postmeta>
                <wp:meta_key>lsb_review</wp:meta_key>
                <wp:meta_value><![CDATA[  <div><strong>Ole Reidar Hansen</strong> er sterkt funksjonshemmet. <br />  Han kan ikke snakke, men forteller<br />  ved hjelp av bokstaver og symboler.<br />  </div>  <div>&#160;</div>  <div>Tidligere har han gitt ut ungdomsboken <strong>Blues</strong><br />  på <strong>Likeverd Forlag</strong>.</div>  <p>Boka kan bestilles direkte <br />  hos <strong>Likeverd forlag v/ Anette Diesen</strong>, <br />  Trudvangveien 25, 3117 Tønsberg. <br />  Tlf./faks: <strong>33 31 33 77</strong>.</p>  ]]></wp:meta_value>
            </wp:postmeta>
            <wp:postmeta>
                <wp:meta_key>_lsb_review</wp:meta_key>
                <wp:meta_value><![CDATA[lsb_acf_review]]></wp:meta_value>
            </wp:postmeta>
            <wp:postmeta>
                <wp:meta_key>lsb_quote</wp:meta_key>
                <wp:meta_value><![CDATA[Fysisk funksjonshemmede  personer er ofte mye hjemme.  Det er ikke lett å få venner og  kjærester når du ikke kan komme  deg ut på egen hånd. Å bli voksen  kan være vanskelig. Bare prøv å  finne en kjæreste når du er ute på  byen med mora di!]]></wp:meta_value>
            </wp:postmeta>
            <wp:postmeta>
                <wp:meta_key>_lsb_quote</wp:meta_key>
                <wp:meta_value><![CDATA[lsb_acf_quote]]></wp:meta_value>
            </wp:postmeta>
            <wp:postmeta>
                <wp:meta_key>lsb_supported</wp:meta_key>
                <wp:meta_value><![CDATA[0]]></wp:meta_value>
            </wp:postmeta>
            <wp:postmeta>
                <wp:meta_key>_lsb_supported</wp:meta_key>
                <wp:meta_value><![CDATA[lsb_acf_supported]]></wp:meta_value>
            </wp:postmeta>
            <category domain="lsb_tax_author" nicename="ole-reidar-hansen"><![CDATA[Ole Reidar Hansen]]></category>
            <category domain="lsb_tax_publisher" nicename="likeverd-forlag"><![CDATA[Likeverd forlag]]></category>
            <category domain="lsb_tax_illustrator" nicename="anne-marie-diesen"><![CDATA[Anne Marie Diesen]]></category>
            <wp:postmeta>
                <wp:meta_key>lsb_look_inside</wp:meta_key>
                <wp:meta_value><![CDATA[CUSTOM_BLA_I_BOKA]]></wp:meta_value>
            </wp:postmeta>
            <wp:postmeta>
                <wp:meta_key>_lsb_look_inside</wp:meta_key>
                <wp:meta_value><![CDATA[lsb_acf_look_inside]]></wp:meta_value>
            </wp:postmeta>
            <category domain="lsb_tax_age" nicename="ungdom"><![CDATA[ungdom]]></category>
            <category domain="lsb_tax_genre" nicename="prosa"><![CDATA[prosa]]></category>
            <category domain="lsb_tax_topic" nicename="mennesker-i-mellom"><![CDATA[mennesker i mellom]]></category>
            <category domain="lsb_tax_language" nicename="no_nb"><![CDATA[bokmål]]></category>
            <category domain="lsb_tax_customization" nicename="bliss"><![CDATA[bliss]]></category>
            <category domain="lsb_tax_customization" nicename="piktogram"><![CDATA[piktogram]]></category>
            <wp:postmeta>
                <wp:meta_key>_thumbnail_id</wp:meta_key>
                <wp:meta_value><![CDATA[5291]]></wp:meta_value>
            </wp:postmeta>
        </item>
        <item>
            <title>forside til Petter på folkehøgskolen Bliss (til leser søker .jpg</title>
            <wp:post_id>5291</wp:post_id>
            <wp:status>inherit</wp:status>
            <wp:post_type>attachment</wp:post_type>
            <wp:attachment_url>https://raw.githubusercontent.com/lesersokerbok/boksok.no-data-utils/master/output-example/images/44173EF211374611910CA17431C2E38C.jpg</wp:attachment_url>
        </item>
        <item>
            <wp:post_type>lsb_book</wp:post_type>
            <wp:status>publish</wp:status>
            <title>Hubert i sydensnurr</title>
            <excerpt:encoded><![CDATA[Hubert skal på ferie til Syden.   På flyet treffer han Nilsen,   skolens strengeste lærer.   ]]></excerpt:encoded>
            <wp:postmeta>
                <wp:meta_key>lsb_isbn</wp:meta_key>
                <wp:meta_value><![CDATA[9788205351028]]></wp:meta_value>
            </wp:postmeta>
            <wp:postmeta>
                <wp:meta_key>_lsb_isbn</wp:meta_key>
                <wp:meta_value><![CDATA[lsb_acf_isbn]]></wp:meta_value>
            </wp:postmeta>
            <wp:postmeta>
                <wp:meta_key>lsb_published_year</wp:meta_key>
                <wp:meta_value><![CDATA[2006]]></wp:meta_value>
            </wp:postmeta>
            <wp:postmeta>
                <wp:meta_key>_lsb_published_year</wp:meta_key>
                <wp:meta_value><![CDATA[lsb_acf_published_year]]></wp:meta_value>
            </wp:postmeta>
            <wp:postmeta>
                <wp:meta_key>lsb_pages</wp:meta_key>
                <wp:meta_value><![CDATA[52]]></wp:meta_value>
            </wp:postmeta>
            <wp:postmeta>
                <wp:meta_key>_lsb_pages</wp:meta_key>
                <wp:meta_value><![CDATA[lsb_acf_pages]]></wp:meta_value>
            </wp:postmeta>
            <wp:postmeta>
                <wp:meta_key>lsb_review</wp:meta_key>
                <wp:meta_value><![CDATA[  <p>Dette blir begynnelsen på Huberts <br />  skumleste ferie noen sinne.</p>  <div>&#160;</div>  <div>Dette er en av mange bøker om Hubert.</div>  <div>Arne Svingen har skrevet en rekke bøker<br />  for barn, ungdom og voksne, <br />  med og uten enkel tekst. Bøkene har stor skrift. </div>  <div>&#160;</div>  <div>Finnes i serien Bokormen. <br />  </div>  ]]></wp:meta_value>
            </wp:postmeta>
            <wp:postmeta>
                <wp:meta_key>_lsb_review</wp:meta_key>
                <wp:meta_value><![CDATA[lsb_acf_review]]></wp:meta_value>
            </wp:postmeta>
            <wp:postmeta>
                <wp:meta_key>lsb_quote</wp:meta_key>
                <wp:meta_value><![CDATA[Det gikk et forventningsfullt sukk gjennom lokalet. Hubert så opp på Nilsen og tenkte på den frykteligste tortur.]]></wp:meta_value>
            </wp:postmeta>
            <wp:postmeta>
                <wp:meta_key>_lsb_quote</wp:meta_key>
                <wp:meta_value><![CDATA[lsb_acf_quote]]></wp:meta_value>
            </wp:postmeta>
            <wp:postmeta>
                <wp:meta_key>lsb_supported</wp:meta_key>
                <wp:meta_value><![CDATA[0]]></wp:meta_value>
            </wp:postmeta>
            <wp:postmeta>
                <wp:meta_key>_lsb_supported</wp:meta_key>
                <wp:meta_value><![CDATA[lsb_acf_supported]]></wp:meta_value>
            </wp:postmeta>
            <category domain="lsb_tax_author" nicename="arne-svingen"><![CDATA[Arne Svingen]]></category>
            <category domain="lsb_tax_publisher" nicename="gyldendal"><![CDATA[Gyldendal]]></category>
            <category domain="lsb_tax_illustrator" nicename="øystein-sjøli"><![CDATA[Øystein Sjøli]]></category>
            <wp:postmeta>
                <wp:meta_key>lsb_look_inside</wp:meta_key>
                <wp:meta_value><![CDATA[CUSTOM_BLA_I_BOKA]]></wp:meta_value>
            </wp:postmeta>
            <wp:postmeta>
                <wp:meta_key>_lsb_look_inside</wp:meta_key>
                <wp:meta_value><![CDATA[lsb_acf_look_inside]]></wp:meta_value>
            </wp:postmeta>
            <category domain="lsb_tax_age" nicename="barn"><![CDATA[barn]]></category>
            <category domain="lsb_tax_genre" nicename="prosa"><![CDATA[prosa]]></category>
            <category domain="lsb_tax_topic" nicename="humor"><![CDATA[humor]]></category>
            <category domain="lsb_tax_topic" nicename="mennesker-i-mellom"><![CDATA[mennesker i mellom]]></category>
            <category domain="lsb_tax_language" nicename="no_nb"><![CDATA[bokmål]]></category>
            <category domain="lsb_tax_customization" nicename="skjønnlitteratur"><![CDATA[skjønnlitteratur]]></category>
            <category domain="lsb_tax_customization" nicename="mange-bilder"><![CDATA[mange bilder]]></category>
            <wp:postmeta>
                <wp:meta_key>_thumbnail_id</wp:meta_key>
                <wp:meta_value><![CDATA[5292]]></wp:meta_value>
            </wp:postmeta>
        </item>
        <item>
            <title>hubert i sydensnurr, ny.jpg</title>
            <wp:post_id>5292</wp:post_id>
            <wp:status>inherit</wp:status>
            <wp:post_type>attachment</wp:post_type>
            <wp:attachment_url>https://raw.githubusercontent.com/lesersokerbok/boksok.no-data-utils/master/output-example/images/5AEC4C2AD1534E7CAF74BDE4E6AE94E0.jpg</wp:attachment_url>
        </item>
        <item>
            <wp:post_type>lsb_book</wp:post_type>
            <wp:status>publish</wp:status>
            <title>Hubert blir ikke forelsket</title>
            <excerpt:encoded><![CDATA[Hubert må følge Elise til skolen.  Tenk om de andre tror at han har fått  seg KJÆRESTE!]]></excerpt:encoded>
            <wp:postmeta>
                <wp:meta_key>lsb_isbn</wp:meta_key>
                <wp:meta_value><![CDATA[9788205341227]]></wp:meta_value>
            </wp:postmeta>
            <wp:postmeta>
                <wp:meta_key>_lsb_isbn</wp:meta_key>
                <wp:meta_value><![CDATA[lsb_acf_isbn]]></wp:meta_value>
            </wp:postmeta>
            <wp:postmeta>
                <wp:meta_key>lsb_published_year</wp:meta_key>
                <wp:meta_value><![CDATA[2005]]></wp:meta_value>
            </wp:postmeta>
            <wp:postmeta>
                <wp:meta_key>_lsb_published_year</wp:meta_key>
                <wp:meta_value><![CDATA[lsb_acf_published_year]]></wp:meta_value>
            </wp:postmeta>
            <wp:postmeta>
                <wp:meta_key>lsb_pages</wp:meta_key>
                <wp:meta_value><![CDATA[55]]></wp:meta_value>
            </wp:postmeta>
            <wp:postmeta>
                <wp:meta_key>_lsb_pages</wp:meta_key>
                <wp:meta_value><![CDATA[lsb_acf_pages]]></wp:meta_value>
            </wp:postmeta>
            <wp:postmeta>
                <wp:meta_key>lsb_review</wp:meta_key>
                <wp:meta_value><![CDATA[  <p>Noe så ekkelt! <br />  Men hvordan skal Hubert bli kvitt Elise?</p>  <div>&#160;</div>  <div>Bok i serien Bokormen. Mange bilder og stor skrift. </div>  <div>Arne Svingen har skrevet en rekke bøker om Hubert. </div>  <div>Han har en stor produksjon for barn, ungdom og voksne, med og uten enkel tekst.</div>  ]]></wp:meta_value>
            </wp:postmeta>
            <wp:postmeta>
                <wp:meta_key>_lsb_review</wp:meta_key>
                <wp:meta_value><![CDATA[lsb_acf_review]]></wp:meta_value>
            </wp:postmeta>
            <wp:postmeta>
                <wp:meta_key>lsb_quote</wp:meta_key>
                <wp:meta_value><![CDATA[- Slutt å dytte! Jeg vil ikke ha noen av dere!  skrek Elise.  Hubert sluttet å dytte.  - Jeg trodde du... begynte Hubert.  - Nei, det er du som tror jeg er forelsket i  deg. Du er innbilsk, Hubert!  Det var bare én ting som var verre enn å ha  kjæreste. D]]></wp:meta_value>
            </wp:postmeta>
            <wp:postmeta>
                <wp:meta_key>_lsb_quote</wp:meta_key>
                <wp:meta_value><![CDATA[lsb_acf_quote]]></wp:meta_value>
            </wp:postmeta>
            <wp:postmeta>
                <wp:meta_key>lsb_supported</wp:meta_key>
                <wp:meta_value><![CDATA[0]]></wp:meta_value>
            </wp:postmeta>
            <wp:postmeta>
                <wp:meta_key>_lsb_supported</wp:meta_key>
                <wp:meta_value><![CDATA[lsb_acf_supported]]></wp:meta_value>
            </wp:postmeta>
            <category domain="lsb_tax_author" nicename="arne-svingen"><![CDATA[Arne Svingen]]></category>
            <category domain="lsb_tax_publisher" nicename="gyldendal-"><![CDATA[Gyldendal ]]></category>
            <category domain="lsb_tax_illustrator" nicename="øystein-sjølie"><![CDATA[Øystein Sjølie]]></category>
            <wp:postmeta>
                <wp:meta_key>lsb_look_inside</wp:meta_key>
                <wp:meta_value><![CDATA[CUSTOM_BLA_I_BOKA]]></wp:meta_value>
            </wp:postmeta>
            <wp:postmeta>
                <wp:meta_key>_lsb_look_inside</wp:meta_key>
                <wp:meta_value><![CDATA[lsb_acf_look_inside]]></wp:meta_value>
            </wp:postmeta>
            <category domain="lsb_tax_age" nicename="barn"><![CDATA[barn]]></category>
            <category domain="lsb_tax_genre" nicename="prosa"><![CDATA[prosa]]></category>
            <category domain="lsb_tax_topic" nicename="humor"><![CDATA[humor]]></category>
            <category domain="lsb_tax_topic" nicename="mennesker-i-mellom"><![CDATA[mennesker i mellom]]></category>
            <category domain="lsb_tax_language" nicename="no_nb"><![CDATA[bokmål]]></category>
            <category domain="lsb_tax_customization" nicename="skjønnlitteratur"><![CDATA[skjønnlitteratur]]></category>
            <category domain="lsb_tax_customization" nicename="mange-bilder"><![CDATA[mange bilder]]></category>
            <wp:postmeta>
                <wp:meta_key>_thumbnail_id</wp:meta_key>
                <wp:meta_value><![CDATA[5293]]></wp:meta_value>
            </wp:postmeta>
        </item>
        <item>
            <title>hubert blir ikke forelsket, ny.jpg</title>
            <wp:post_id>5293</wp:post_id>
            <wp:status>inherit</wp:status>
            <wp:post_type>attachment</wp:post_type>
            <wp:attachment_url>https://raw.githubusercontent.com/lesersokerbok/boksok.no-data-utils/master/output-example/images/022BF079E7D04EAD83CCCBDDFF4F5068.jpg</wp:attachment_url>
        </item>
        <item>
            <wp:post_type>lsb_book</wp:post_type>
            <wp:status>publish</wp:status>
            <title>Hubert i vikarkaos</title>
            <excerpt:encoded><![CDATA[Hubert og Thomas bader nakne i tjernet.  Når de skal rekke første time   med strenge lærer Nilsen,   oppdager de at noen har   stjålet klærne deres.   ]]></excerpt:encoded>
            <wp:postmeta>
                <wp:meta_key>lsb_isbn</wp:meta_key>
                <wp:meta_value><![CDATA[9788205351004]]></wp:meta_value>
            </wp:postmeta>
            <wp:postmeta>
                <wp:meta_key>_lsb_isbn</wp:meta_key>
                <wp:meta_value><![CDATA[lsb_acf_isbn]]></wp:meta_value>
            </wp:postmeta>
            <wp:postmeta>
                <wp:meta_key>lsb_published_year</wp:meta_key>
                <wp:meta_value><![CDATA[2006]]></wp:meta_value>
            </wp:postmeta>
            <wp:postmeta>
                <wp:meta_key>_lsb_published_year</wp:meta_key>
                <wp:meta_value><![CDATA[lsb_acf_published_year]]></wp:meta_value>
            </wp:postmeta>
            <wp:postmeta>
                <wp:meta_key>lsb_pages</wp:meta_key>
                <wp:meta_value><![CDATA[56]]></wp:meta_value>
            </wp:postmeta>
            <wp:postmeta>
                <wp:meta_key>_lsb_pages</wp:meta_key>
                <wp:meta_value><![CDATA[lsb_acf_pages]]></wp:meta_value>
            </wp:postmeta>
            <wp:postmeta>
                <wp:meta_key>lsb_review</wp:meta_key>
                <wp:meta_value><![CDATA[  <p>Hva skal de gjøre?<br />  Like ved ligger klærne til den nye vikaren...</p>  <div>&#160;</div>  <div>Bok i serien Bokormen. Bøkene har stor skrift og mange bilder. </div>  <div>Arne Svingen har skrevet mange bøker om Hubert. </div>  <div>Han har en lang litterær produksjon bak seg og skriver<br />  for barn, ungdom og voksne, med og uten enkel tekst.</div>  ]]></wp:meta_value>
            </wp:postmeta>
            <wp:postmeta>
                <wp:meta_key>_lsb_review</wp:meta_key>
                <wp:meta_value><![CDATA[lsb_acf_review]]></wp:meta_value>
            </wp:postmeta>
            <wp:postmeta>
                <wp:meta_key>lsb_quote</wp:meta_key>
                <wp:meta_value><![CDATA[- Jeg skal koke og flå dere! skrek Nilsen  og løp etter.  Thomas og Hubert så på hverandre.  - Det var det jeg tenkte, sa en stemme bak  dem. Det var vikaren.   - så Nilsen liker å kle  seg i dameklær.]]></wp:meta_value>
            </wp:postmeta>
            <wp:postmeta>
                <wp:meta_key>_lsb_quote</wp:meta_key>
                <wp:meta_value><![CDATA[lsb_acf_quote]]></wp:meta_value>
            </wp:postmeta>
            <wp:postmeta>
                <wp:meta_key>lsb_supported</wp:meta_key>
                <wp:meta_value><![CDATA[0]]></wp:meta_value>
            </wp:postmeta>
            <wp:postmeta>
                <wp:meta_key>_lsb_supported</wp:meta_key>
                <wp:meta_value><![CDATA[lsb_acf_supported]]></wp:meta_value>
            </wp:postmeta>
            <category domain="lsb_tax_author" nicename="arne-svingen"><![CDATA[Arne Svingen]]></category>
            <category domain="lsb_tax_publisher" nicename="gyldendal"><![CDATA[Gyldendal]]></category>
            <category domain="lsb_tax_illustrator" nicename="øystein-sjølie"><![CDATA[Øystein Sjølie]]></category>
            <wp:postmeta>
                <wp:meta_key>lsb_look_inside</wp:meta_key>
                <wp:meta_value><![CDATA[CUSTOM_BLA_I_BOKA]]></wp:meta_value>
            </wp:postmeta>
            <wp:postmeta>
                <wp:meta_key>_lsb_look_inside</wp:meta_key>
                <wp:meta_value><![CDATA[lsb_acf_look_inside]]></wp:meta_value>
            </wp:postmeta>
            <category domain="lsb_tax_age" nicename="barn"><![CDATA[barn]]></category>
            <category domain="lsb_tax_genre" nicename="prosa"><![CDATA[prosa]]></category>
            <category domain="lsb_tax_topic" nicename="humor"><![CDATA[humor]]></category>
            <category domain="lsb_tax_topic" nicename="mennesker-i-mellom"><![CDATA[mennesker i mellom]]></category>
            <category domain="lsb_tax_language" nicename="no_nb"><![CDATA[bokmål]]></category>
            <category domain="lsb_tax_customization" nicename="skjønnlitteratur"><![CDATA[skjønnlitteratur]]></category>
            <category domain="lsb_tax_customization" nicename="mange-bilder"><![CDATA[mange bilder]]></category>
            <wp:postmeta>
                <wp:meta_key>_thumbnail_id</wp:meta_key>
                <wp:meta_value><![CDATA[5294]]></wp:meta_value>
            </wp:postmeta>
        </item>
        <item>
            <title>hubert i vikarkaos, DENNE.jpg</title>
            <wp:post_id>5294</wp:post_id>
            <wp:status>inherit</wp:status>
            <wp:post_type>attachment</wp:post_type>
            <wp:attachment_url>https://raw.githubusercontent.com/lesersokerbok/boksok.no-data-utils/master/output-example/images/F79572423A5F468F880F8EB4E4499A06.jpg</wp:attachment_url>
        </item>
        <item>
            <wp:post_type>lsb_book</wp:post_type>
            <wp:status>publish</wp:status>
            <title>Haien angriper</title>
            <excerpt:encoded><![CDATA[Er haien en blodtørstig morder,  eller er det vi mennesker   som ikke forstår oss på dem?  ]]></excerpt:encoded>
            <wp:postmeta>
                <wp:meta_key>lsb_isbn</wp:meta_key>
                <wp:meta_value><![CDATA[9788251787444]]></wp:meta_value>
            </wp:postmeta>
            <wp:postmeta>
                <wp:meta_key>_lsb_isbn</wp:meta_key>
                <wp:meta_value><![CDATA[lsb_acf_isbn]]></wp:meta_value>
            </wp:postmeta>
            <wp:postmeta>
                <wp:meta_key>lsb_published_year</wp:meta_key>
                <wp:meta_value><![CDATA[2002]]></wp:meta_value>
            </wp:postmeta>
            <wp:postmeta>
                <wp:meta_key>_lsb_published_year</wp:meta_key>
                <wp:meta_value><![CDATA[lsb_acf_published_year]]></wp:meta_value>
            </wp:postmeta>
            <wp:postmeta>
                <wp:meta_key>lsb_pages</wp:meta_key>
                <wp:meta_value><![CDATA[50]]></wp:meta_value>
            </wp:postmeta>
            <wp:postmeta>
                <wp:meta_key>_lsb_pages</wp:meta_key>
                <wp:meta_value><![CDATA[lsb_acf_pages]]></wp:meta_value>
            </wp:postmeta>
            <wp:postmeta>
                <wp:meta_key>lsb_review</wp:meta_key>
                <wp:meta_value><![CDATA[  <p>I denne boka kan du bli nærmere <br />  kjent med haien og noen av de <br />  menneskene som har møtt den <br />  ansikt til ansikt.</p>  <div>&#160;</div>  <div>Dette er en Faktaløve med mange bilder. </div>  ]]></wp:meta_value>
            </wp:postmeta>
            <wp:postmeta>
                <wp:meta_key>_lsb_review</wp:meta_key>
                <wp:meta_value><![CDATA[lsb_acf_review]]></wp:meta_value>
            </wp:postmeta>
            <wp:postmeta>
                <wp:meta_key>lsb_quote</wp:meta_key>
                <wp:meta_value><![CDATA[Noen ganger er haiangrep et resultat  av en feiltakelse. Fra haiens synsvinkel  kan et surfbrett minne om livretten - sel.  Når haien tar en jafs av surfbrettet,  vil den spytte ut igjen og svømme  videre. Det finne mange surfere som kan  fortelle slike historier, og ofte har de et   ødelagt surfebrett som bevis. ]]></wp:meta_value>
            </wp:postmeta>
            <wp:postmeta>
                <wp:meta_key>_lsb_quote</wp:meta_key>
                <wp:meta_value><![CDATA[lsb_acf_quote]]></wp:meta_value>
            </wp:postmeta>
            <wp:postmeta>
                <wp:meta_key>lsb_supported</wp:meta_key>
                <wp:meta_value><![CDATA[0]]></wp:meta_value>
            </wp:postmeta>
            <wp:postmeta>
                <wp:meta_key>_lsb_supported</wp:meta_key>
                <wp:meta_value><![CDATA[lsb_acf_supported]]></wp:meta_value>
            </wp:postmeta>
            <category domain="lsb_tax_author" nicename="cathy-east-dobowski"><![CDATA[Cathy East Dobowski]]></category>
            <category domain="lsb_tax_publisher" nicename="damm"><![CDATA[Damm]]></category>
            <category domain="lsb_tax_illustrator" nicename="malcolm-mcgregor-og-peter-dennis"><![CDATA[Malcolm McGregor og Peter Dennis]]></category>
            <category domain="lsb_tax_translator" nicename="alexander-leborg"><![CDATA[Alexander Leborg]]></category>
            <wp:postmeta>
                <wp:meta_key>lsb_look_inside</wp:meta_key>
                <wp:meta_value><![CDATA[CUSTOM_BLA_I_BOKA]]></wp:meta_value>
            </wp:postmeta>
            <wp:postmeta>
                <wp:meta_key>_lsb_look_inside</wp:meta_key>
                <wp:meta_value><![CDATA[lsb_acf_look_inside]]></wp:meta_value>
            </wp:postmeta>
            <category domain="lsb_tax_age" nicename="barn"><![CDATA[barn]]></category>
            <category domain="lsb_tax_topic" nicename="natur"><![CDATA[natur]]></category>
            <category domain="lsb_tax_language" nicename="no_nb"><![CDATA[bokmål]]></category>
            <category domain="lsb_tax_customization" nicename="faglitteratur"><![CDATA[faglitteratur]]></category>
            <category domain="lsb_tax_customization" nicename="mange-bilder"><![CDATA[mange bilder]]></category>
            <wp:postmeta>
                <wp:meta_key>_thumbnail_id</wp:meta_key>
                <wp:meta_value><![CDATA[5295]]></wp:meta_value>
            </wp:postmeta>
        </item>
        <item>
            <title>haien angriper!, ny.jpg</title>
            <wp:post_id>5295</wp:post_id>
            <wp:status>inherit</wp:status>
            <wp:post_type>attachment</wp:post_type>
            <wp:attachment_url>https://raw.githubusercontent.com/lesersokerbok/boksok.no-data-utils/master/output-example/images/5003565F85A84769BECAAB5209109412.jpg</wp:attachment_url>
        </item>
        <item>
            <wp:post_type>lsb_book</wp:post_type>
            <wp:status>publish</wp:status>
            <title>Maleren Odd Nerdrum</title>
            <excerpt:encoded><![CDATA[Det går en mann i kjortel   rundt i Oslo. Mannen er en verdensberømt maler.  Han heter Odd Nerdrum.    ]]></excerpt:encoded>
            <wp:postmeta>
                <wp:meta_key>lsb_isbn</wp:meta_key>
                <wp:meta_value><![CDATA[9788249605026]]></wp:meta_value>
            </wp:postmeta>
            <wp:postmeta>
                <wp:meta_key>_lsb_isbn</wp:meta_key>
                <wp:meta_value><![CDATA[lsb_acf_isbn]]></wp:meta_value>
            </wp:postmeta>
            <wp:postmeta>
                <wp:meta_key>lsb_published_year</wp:meta_key>
                <wp:meta_value><![CDATA[2002]]></wp:meta_value>
            </wp:postmeta>
            <wp:postmeta>
                <wp:meta_key>_lsb_published_year</wp:meta_key>
                <wp:meta_value><![CDATA[lsb_acf_published_year]]></wp:meta_value>
            </wp:postmeta>
            <wp:postmeta>
                <wp:meta_key>lsb_pages</wp:meta_key>
                <wp:meta_value><![CDATA[67]]></wp:meta_value>
            </wp:postmeta>
            <wp:postmeta>
                <wp:meta_key>_lsb_pages</wp:meta_key>
                <wp:meta_value><![CDATA[lsb_acf_pages]]></wp:meta_value>
            </wp:postmeta>
            <wp:postmeta>
                <wp:meta_key>lsb_review</wp:meta_key>
                <wp:meta_value><![CDATA[  <p>Kjortelen som han går med er en lang kjole. <br />  Den ligner på den disiplene <br />  til Jesus gikk med. <br />  Nerdrum har rufsete hår,<br />  og noen ganger <br />  bruker han pannebånd for å unngå <br />  at det faller ned i øynene hans.<br />  </p>  <div>&#160;</div>  <div>Faktaløve for barn over 7 år. <br />  Blant bildene er flere<br />  av Odd Nerdrums mest kjente malerier.<br />  En del vanskelige ord er skrevet i kursiv.</div>  ]]></wp:meta_value>
            </wp:postmeta>
            <wp:postmeta>
                <wp:meta_key>_lsb_review</wp:meta_key>
                <wp:meta_value><![CDATA[lsb_acf_review]]></wp:meta_value>
            </wp:postmeta>
            <wp:postmeta>
                <wp:meta_key>lsb_quote</wp:meta_key>
                <wp:meta_value><![CDATA[Odd har malt en serie med mursteiner.  Med mange års mellomrom har han  malt en enkelt murstein. Den er sett fra  samme vinkel, og det er ikke noe annet  i bildet enn en eneste murstein som   ligger på et underlag. Likevel blir  bildene veldig forskjellige. ]]></wp:meta_value>
            </wp:postmeta>
            <wp:postmeta>
                <wp:meta_key>_lsb_quote</wp:meta_key>
                <wp:meta_value><![CDATA[lsb_acf_quote]]></wp:meta_value>
            </wp:postmeta>
            <wp:postmeta>
                <wp:meta_key>lsb_supported</wp:meta_key>
                <wp:meta_value><![CDATA[0]]></wp:meta_value>
            </wp:postmeta>
            <wp:postmeta>
                <wp:meta_key>_lsb_supported</wp:meta_key>
                <wp:meta_value><![CDATA[lsb_acf_supported]]></wp:meta_value>
            </wp:postmeta>
            <category domain="lsb_tax_author" nicename="dorthea-hysing"><![CDATA[Dorthea Hysing]]></category>
            <category domain="lsb_tax_publisher" nicename="damm"><![CDATA[Damm]]></category>
            <wp:postmeta>
                <wp:meta_key>lsb_look_inside</wp:meta_key>
                <wp:meta_value><![CDATA[CUSTOM_BLA_I_BOKA]]></wp:meta_value>
            </wp:postmeta>
            <wp:postmeta>
                <wp:meta_key>_lsb_look_inside</wp:meta_key>
                <wp:meta_value><![CDATA[lsb_acf_look_inside]]></wp:meta_value>
            </wp:postmeta>
            <category domain="lsb_tax_age" nicename="barn"><![CDATA[barn]]></category>
            <category domain="lsb_tax_topic" nicename="historie"><![CDATA[historie]]></category>
            <category domain="lsb_tax_topic" nicename="samfunn"><![CDATA[samfunn]]></category>
            <category domain="lsb_tax_language" nicename="no_nb"><![CDATA[bokmål]]></category>
            <category domain="lsb_tax_customization" nicename="storskrift"><![CDATA[storskrift]]></category>
            <category domain="lsb_tax_customization" nicename="faglitteratur"><![CDATA[faglitteratur]]></category>
            <category domain="lsb_tax_customization" nicename="mange-bilder"><![CDATA[mange bilder]]></category>
            <wp:postmeta>
                <wp:meta_key>_thumbnail_id</wp:meta_key>
                <wp:meta_value><![CDATA[5296]]></wp:meta_value>
            </wp:postmeta>
        </item>
        <item>
            <title>maleren odd nerdrum, ny.jpg</title>
            <wp:post_id>5296</wp:post_id>
            <wp:status>inherit</wp:status>
            <wp:post_type>attachment</wp:post_type>
            <wp:attachment_url>https://raw.githubusercontent.com/lesersokerbok/boksok.no-data-utils/master/output-example/images/7FC1B390AAAB4CBF9C6E21CAE9979923.jpg</wp:attachment_url>
        </item>
        <item>
            <wp:post_type>lsb_book</wp:post_type>
            <wp:status>publish</wp:status>
            <title>Min første bok om Selma Lagerlöf</title>
            <excerpt:encoded><![CDATA[Denne boka handler om livet  og bøkene til Selma Lagerlöf.    ]]></excerpt:encoded>
            <wp:postmeta>
                <wp:meta_key>lsb_isbn</wp:meta_key>
                <wp:meta_value><![CDATA[9788249600267]]></wp:meta_value>
            </wp:postmeta>
            <wp:postmeta>
                <wp:meta_key>_lsb_isbn</wp:meta_key>
                <wp:meta_value><![CDATA[lsb_acf_isbn]]></wp:meta_value>
            </wp:postmeta>
            <wp:postmeta>
                <wp:meta_key>lsb_published_year</wp:meta_key>
                <wp:meta_value><![CDATA[2002]]></wp:meta_value>
            </wp:postmeta>
            <wp:postmeta>
                <wp:meta_key>_lsb_published_year</wp:meta_key>
                <wp:meta_value><![CDATA[lsb_acf_published_year]]></wp:meta_value>
            </wp:postmeta>
            <wp:postmeta>
                <wp:meta_key>lsb_pages</wp:meta_key>
                <wp:meta_value><![CDATA[34]]></wp:meta_value>
            </wp:postmeta>
            <wp:postmeta>
                <wp:meta_key>_lsb_pages</wp:meta_key>
                <wp:meta_value><![CDATA[lsb_acf_pages]]></wp:meta_value>
            </wp:postmeta>
            <wp:postmeta>
                <wp:meta_key>lsb_review</wp:meta_key>
                <wp:meta_value><![CDATA[Faktaløve for barn over 7 år. <br />  Boka har bilder på hvert oppslag.  ]]></wp:meta_value>
            </wp:postmeta>
            <wp:postmeta>
                <wp:meta_key>_lsb_review</wp:meta_key>
                <wp:meta_value><![CDATA[lsb_acf_review]]></wp:meta_value>
            </wp:postmeta>
            <wp:postmeta>
                <wp:meta_key>lsb_quote</wp:meta_key>
                <wp:meta_value><![CDATA[Selma Lagerlöf er en av Sveriges mest  kjente forfattere. Hun har skrevet   boken om Nils Holgerssons vidunder-  lige reise. Boken handler om Nils som   var ulydig mot foreldrene sine og slem  mot dyr. En nisse forvandler ham til en  bitte liten tass som straff.]]></wp:meta_value>
            </wp:postmeta>
            <wp:postmeta>
                <wp:meta_key>_lsb_quote</wp:meta_key>
                <wp:meta_value><![CDATA[lsb_acf_quote]]></wp:meta_value>
            </wp:postmeta>
            <wp:postmeta>
                <wp:meta_key>lsb_supported</wp:meta_key>
                <wp:meta_value><![CDATA[0]]></wp:meta_value>
            </wp:postmeta>
            <wp:postmeta>
                <wp:meta_key>_lsb_supported</wp:meta_key>
                <wp:meta_value><![CDATA[lsb_acf_supported]]></wp:meta_value>
            </wp:postmeta>
            <category domain="lsb_tax_author" nicename="siv-svensson-rune"><![CDATA[Siv Svensson-Rune]]></category>
            <category domain="lsb_tax_publisher" nicename="damm"><![CDATA[Damm]]></category>
            <category domain="lsb_tax_illustrator" nicename="ola-nyberg"><![CDATA[Ola Nyberg]]></category>
            <category domain="lsb_tax_translator" nicename="kari-kemény"><![CDATA[Kari Kemény]]></category>
            <wp:postmeta>
                <wp:meta_key>lsb_look_inside</wp:meta_key>
                <wp:meta_value><![CDATA[CUSTOM_BLA_I_BOKA]]></wp:meta_value>
            </wp:postmeta>
            <wp:postmeta>
                <wp:meta_key>_lsb_look_inside</wp:meta_key>
                <wp:meta_value><![CDATA[lsb_acf_look_inside]]></wp:meta_value>
            </wp:postmeta>
            <category domain="lsb_tax_age" nicename="barn"><![CDATA[barn]]></category>
            <category domain="lsb_tax_topic" nicename="historie"><![CDATA[historie]]></category>
            <category domain="lsb_tax_topic" nicename="samfunn"><![CDATA[samfunn]]></category>
            <category domain="lsb_tax_language" nicename="no_nb"><![CDATA[bokmål]]></category>
            <category domain="lsb_tax_customization" nicename="faglitteratur"><![CDATA[faglitteratur]]></category>
            <category domain="lsb_tax_customization" nicename="mange-bilder"><![CDATA[mange bilder]]></category>
            <wp:postmeta>
                <wp:meta_key>_thumbnail_id</wp:meta_key>
                <wp:meta_value><![CDATA[5297]]></wp:meta_value>
            </wp:postmeta>
        </item>
        <item>
            <title>min første bok om Selma Lagerlöf, ny.jpg</title>
            <wp:post_id>5297</wp:post_id>
            <wp:status>inherit</wp:status>
            <wp:post_type>attachment</wp:post_type>
            <wp:attachment_url>https://raw.githubusercontent.com/lesersokerbok/boksok.no-data-utils/master/output-example/images/DB4C8ED5F92846F3B1140F3DB4AA099E.jpg</wp:attachment_url>
        </item>
        <item>
            <wp:post_type>lsb_book</wp:post_type>
            <wp:status>publish</wp:status>
            <title>Regn</title>
            <excerpt:encoded><![CDATA[En varm og poetisk roman om en prøvet familie.]]></excerpt:encoded>
            <wp:postmeta>
                <wp:meta_key>lsb_isbn</wp:meta_key>
                <wp:meta_value><![CDATA[9788205358553]]></wp:meta_value>
            </wp:postmeta>
            <wp:postmeta>
                <wp:meta_key>_lsb_isbn</wp:meta_key>
                <wp:meta_value><![CDATA[lsb_acf_isbn]]></wp:meta_value>
            </wp:postmeta>
            <wp:postmeta>
                <wp:meta_key>lsb_published_year</wp:meta_key>
                <wp:meta_value><![CDATA[2008]]></wp:meta_value>
            </wp:postmeta>
            <wp:postmeta>
                <wp:meta_key>_lsb_published_year</wp:meta_key>
                <wp:meta_value><![CDATA[lsb_acf_published_year]]></wp:meta_value>
            </wp:postmeta>
            <wp:postmeta>
                <wp:meta_key>lsb_pages</wp:meta_key>
                <wp:meta_value><![CDATA[195]]></wp:meta_value>
            </wp:postmeta>
            <wp:postmeta>
                <wp:meta_key>_lsb_pages</wp:meta_key>
                <wp:meta_value><![CDATA[lsb_acf_pages]]></wp:meta_value>
            </wp:postmeta>
            <wp:postmeta>
                <wp:meta_key>lsb_review</wp:meta_key>
                <wp:meta_value><![CDATA[  <div>Det er en beretning om uskyld og katastrofe, </div>  <div>om knuste drømmer, forsiktig håp </div>  <div>og en enarmet skøyteløper. </div>  <div>Det er også en fortelling om </div>  <div>vennskapet mellom to brødre </div>  <div>i en by der det nesten alltid regner. </div>  <div>&#160;</div>  <div>En oppvekstroman fra etterkrigstiden </div>  <div>som forklarer godt med enkle setninger.  </div>  <div>Bra linjeavstand, men noen lange ord.  </div>  <div>Passer også for voksen ungdom som har lest en del. </div>  ]]></wp:meta_value>
            </wp:postmeta>
            <wp:postmeta>
                <wp:meta_key>_lsb_review</wp:meta_key>
                <wp:meta_value><![CDATA[lsb_acf_review]]></wp:meta_value>
            </wp:postmeta>
            <wp:postmeta>
                <wp:meta_key>lsb_quote</wp:meta_key>
                <wp:meta_value><![CDATA[Det første Ole Johan husker fra sitt liv, er at han   satt i en sportsvogn på et fortau utenfor et hvitt   hus. Han husker at det var en hund der, en skotsk   fårehund, tror han, og at han gråt. Det regnet, men   han frøs ikke, for det var et mildt, nesten lunkent   sommerregn. Han vet ikke hvorfor dette er hans   eldste minne. Kanskje skyldes det hunden, og det   at han gråt og var redd den. Men han husket altså   at det regnet.  ]]></wp:meta_value>
            </wp:postmeta>
            <wp:postmeta>
                <wp:meta_key>_lsb_quote</wp:meta_key>
                <wp:meta_value><![CDATA[lsb_acf_quote]]></wp:meta_value>
            </wp:postmeta>
            <wp:postmeta>
                <wp:meta_key>lsb_supported</wp:meta_key>
                <wp:meta_value><![CDATA[0]]></wp:meta_value>
            </wp:postmeta>
            <wp:postmeta>
                <wp:meta_key>_lsb_supported</wp:meta_key>
                <wp:meta_value><![CDATA[lsb_acf_supported]]></wp:meta_value>
            </wp:postmeta>
            <category domain="lsb_tax_author" nicename="stig-holmås"><![CDATA[Stig Holmås]]></category>
            <category domain="lsb_tax_publisher" nicename="gyldendal"><![CDATA[Gyldendal]]></category>
            <wp:postmeta>
                <wp:meta_key>lsb_look_inside</wp:meta_key>
                <wp:meta_value><![CDATA[CUSTOM_BLA_I_BOKA]]></wp:meta_value>
            </wp:postmeta>
            <wp:postmeta>
                <wp:meta_key>_lsb_look_inside</wp:meta_key>
                <wp:meta_value><![CDATA[lsb_acf_look_inside]]></wp:meta_value>
            </wp:postmeta>
            <category domain="lsb_tax_age" nicename="ungdom"><![CDATA[ungdom]]></category>
            <category domain="lsb_tax_age" nicename="voksne"><![CDATA[voksne]]></category>
            <category domain="lsb_tax_genre" nicename="prosa"><![CDATA[prosa]]></category>
            <category domain="lsb_tax_topic" nicename="historie"><![CDATA[historie]]></category>
            <category domain="lsb_tax_topic" nicename="samfunn"><![CDATA[samfunn]]></category>
            <category domain="lsb_tax_topic" nicename="mennesker-i-mellom"><![CDATA[mennesker i mellom]]></category>
            <category domain="lsb_tax_language" nicename="no_nb"><![CDATA[bokmål]]></category>
            <category domain="lsb_tax_customization" nicename="skjønnlitteratur"><![CDATA[skjønnlitteratur]]></category>
            <wp:postmeta>
                <wp:meta_key>_thumbnail_id</wp:meta_key>
                <wp:meta_value><![CDATA[5298]]></wp:meta_value>
            </wp:postmeta>
        </item>
        <item>
            <title>regn, ny.jpg</title>
            <wp:post_id>5298</wp:post_id>
            <wp:status>inherit</wp:status>
            <wp:post_type>attachment</wp:post_type>
            <wp:attachment_url>https://raw.githubusercontent.com/lesersokerbok/boksok.no-data-utils/master/output-example/images/EC5B9C5F58B94733BD59D0952F3280FF.jpg</wp:attachment_url>
        </item>
        <item>
            <wp:post_type>lsb_book</wp:post_type>
            <wp:status>publish</wp:status>
            <title>Fortellingen om Brann </title>
            <excerpt:encoded><![CDATA[Nå kan du lese fortellingen om Brann,   klubben hele Bergen brenner for. ]]></excerpt:encoded>
            <wp:postmeta>
                <wp:meta_key>lsb_isbn</wp:meta_key>
                <wp:meta_value><![CDATA[9788248909378]]></wp:meta_value>
            </wp:postmeta>
            <wp:postmeta>
                <wp:meta_key>_lsb_isbn</wp:meta_key>
                <wp:meta_value><![CDATA[lsb_acf_isbn]]></wp:meta_value>
            </wp:postmeta>
            <wp:postmeta>
                <wp:meta_key>lsb_published_year</wp:meta_key>
                <wp:meta_value><![CDATA[2010]]></wp:meta_value>
            </wp:postmeta>
            <wp:postmeta>
                <wp:meta_key>_lsb_published_year</wp:meta_key>
                <wp:meta_value><![CDATA[lsb_acf_published_year]]></wp:meta_value>
            </wp:postmeta>
            <wp:postmeta>
                <wp:meta_key>lsb_pages</wp:meta_key>
                <wp:meta_value><![CDATA[82]]></wp:meta_value>
            </wp:postmeta>
            <wp:postmeta>
                <wp:meta_key>_lsb_pages</wp:meta_key>
                <wp:meta_value><![CDATA[lsb_acf_pages]]></wp:meta_value>
            </wp:postmeta>
            <wp:postmeta>
                <wp:meta_key>lsb_review</wp:meta_key>
                <wp:meta_value><![CDATA[  <div>Det fine med Brann er </div>  <div>at man aldri vet hva som vil skje. </div>  <div>Om de taper mange kamper</div>  <div>om våren, kan de plutselig </div>  <div>vinne nesten alle om høsten </div>  <div>- eller omvendt. </div>  <div>I boka forteller Doddo om de </div>  <div>spennende spillerne, </div>  <div>om stolte øyeblikk og om </div>  <div>bitre nederlag i Branns historie. </div>  <div>&#160;</div>  <div>Boka har ganske enkel tekst </div>  <div>og fotografier i sort/hvitt. </div>  <div>Boka har korte kapitler </div>  <div>og mange faktabokser om Brann. </div>  <div>&#160;</div>  <div><strong>Eduardo Doddo Andersen</strong> er en av </div>  <div>Bergens mest kjente Brann-</div>  <div>supportere. De siste årene </div>  <div>har han skrevet Brann-blogg </div>  <div>i avisen <strong>Bergens Tidende</strong>. </div>  <div>&#160;</div>  <div>&#160;</div>  ]]></wp:meta_value>
            </wp:postmeta>
            <wp:postmeta>
                <wp:meta_key>_lsb_review</wp:meta_key>
                <wp:meta_value><![CDATA[lsb_acf_review]]></wp:meta_value>
            </wp:postmeta>
            <wp:postmeta>
                <wp:meta_key>lsb_quote</wp:meta_key>
                <wp:meta_value><![CDATA[Brann og Bergen er to sider av samme sak. Det er ingen   i Bergen som er likegyldige til Brann. Det er dermed   ikke sagt at alle bergensere er fotballinteresserte.   Tor Røste Fossen, som trente det norske landslaget i   perioden 1978 - 1988, mente at bergensere flest ikke   var opptatt av fotball, de var bare opptatt av Brann. ]]></wp:meta_value>
            </wp:postmeta>
            <wp:postmeta>
                <wp:meta_key>_lsb_quote</wp:meta_key>
                <wp:meta_value><![CDATA[lsb_acf_quote]]></wp:meta_value>
            </wp:postmeta>
            <wp:postmeta>
                <wp:meta_key>lsb_supported</wp:meta_key>
                <wp:meta_value><![CDATA[1]]></wp:meta_value>
            </wp:postmeta>
            <wp:postmeta>
                <wp:meta_key>_lsb_supported</wp:meta_key>
                <wp:meta_value><![CDATA[lsb_acf_supported]]></wp:meta_value>
            </wp:postmeta>
            <wp:postmeta>
                <wp:meta_key>lsb_support_cat</wp:meta_key>
                <wp:meta_value><![CDATA[purple]]></wp:meta_value>
            </wp:postmeta>
            <wp:postmeta>
                <wp:meta_key>_lsb_support_cat</wp:meta_key>
                <wp:meta_value><![CDATA[lsb_acf_support_cat]]></wp:meta_value>
            </wp:postmeta>
            <category domain="lsb_tax_author" nicename="eduardo-doddo-andresen-"><![CDATA[Eduardo Doddo Andresen ]]></category>
            <category domain="lsb_tax_publisher" nicename="kagge"><![CDATA[Kagge]]></category>
            <wp:postmeta>
                <wp:meta_key>lsb_look_inside</wp:meta_key>
                <wp:meta_value><![CDATA[CUSTOM_BLA_I_BOKA]]></wp:meta_value>
            </wp:postmeta>
            <wp:postmeta>
                <wp:meta_key>_lsb_look_inside</wp:meta_key>
                <wp:meta_value><![CDATA[lsb_acf_look_inside]]></wp:meta_value>
            </wp:postmeta>
            <category domain="lsb_tax_age" nicename="ungdom"><![CDATA[ungdom]]></category>
            <category domain="lsb_tax_genre" nicename="faglitteratur"><![CDATA[faglitteratur]]></category>
            <category domain="lsb_tax_topic" nicename="sport"><![CDATA[sport]]></category>
            <category domain="lsb_tax_language" nicename="no_nb"><![CDATA[bokmål]]></category>
            <category domain="lsb_tax_customization" nicename="faglitteratur"><![CDATA[faglitteratur]]></category>
            <wp:postmeta>
                <wp:meta_key>_thumbnail_id</wp:meta_key>
                <wp:meta_value><![CDATA[5299]]></wp:meta_value>
            </wp:postmeta>
        </item>
        <item>
            <title>Kagge_Fortellingen_Brann_omslag.jpg</title>
            <wp:post_id>5299</wp:post_id>
            <wp:status>inherit</wp:status>
            <wp:post_type>attachment</wp:post_type>
            <wp:attachment_url>https://raw.githubusercontent.com/lesersokerbok/boksok.no-data-utils/master/output-example/images/C725AD7B40AC49E386A3C06EC26DB624.jpg</wp:attachment_url>
        </item>
        <item>
            <wp:post_type>lsb_book</wp:post_type>
            <wp:status>publish</wp:status>
            <title>Nyveien</title>
            <excerpt:encoded><![CDATA[Dette er debutboka til Laila Stien.   En novellesamling som handler om kvinner i alle aldre.  ]]></excerpt:encoded>
            <wp:postmeta>
                <wp:meta_key>lsb_isbn</wp:meta_key>
                <wp:meta_value><![CDATA[8210018566]]></wp:meta_value>
            </wp:postmeta>
            <wp:postmeta>
                <wp:meta_key>_lsb_isbn</wp:meta_key>
                <wp:meta_value><![CDATA[lsb_acf_isbn]]></wp:meta_value>
            </wp:postmeta>
            <wp:postmeta>
                <wp:meta_key>lsb_published_year</wp:meta_key>
                <wp:meta_value><![CDATA[1979]]></wp:meta_value>
            </wp:postmeta>
            <wp:postmeta>
                <wp:meta_key>_lsb_published_year</wp:meta_key>
                <wp:meta_value><![CDATA[lsb_acf_published_year]]></wp:meta_value>
            </wp:postmeta>
            <wp:postmeta>
                <wp:meta_key>lsb_pages</wp:meta_key>
                <wp:meta_value><![CDATA[133]]></wp:meta_value>
            </wp:postmeta>
            <wp:postmeta>
                <wp:meta_key>_lsb_pages</wp:meta_key>
                <wp:meta_value><![CDATA[lsb_acf_pages]]></wp:meta_value>
            </wp:postmeta>
            <wp:postmeta>
                <wp:meta_key>lsb_review</wp:meta_key>
                <wp:meta_value><![CDATA[  <div>Sterke noveller om kvinneskjebner i et samisk miljø</div>  <div>skrevet på nordnorsk dialekt. </div>  <div>Muntlig språk og enkle setninger. </div>  <div>&#160;</div>  ]]></wp:meta_value>
            </wp:postmeta>
            <wp:postmeta>
                <wp:meta_key>_lsb_review</wp:meta_key>
                <wp:meta_value><![CDATA[lsb_acf_review]]></wp:meta_value>
            </wp:postmeta>
            <wp:postmeta>
                <wp:meta_key>lsb_quote</wp:meta_key>
                <wp:meta_value><![CDATA[De vet hvordan det ser ut. De har vært der i vinter og sett. Kjørt der med bil. Det var underlig. Fremmed. De var med hele familien unntatt gamlingen. Han ville ikke. Aslak kjørte. Kjørte helt ned så langt veien gikk og snudde ved anlegget. De sa ikke stort på turen. Var ikke ute av bilen. Det var kaldt og halvskumt. Det var i januar. Arbeidsfolket ved demingen stoppa opp og kikka på dem. Venta vel at de   skulle komme ut og prate, men tok straks fatt på arbeidet igjen da de så at bilen snudde. ]]></wp:meta_value>
            </wp:postmeta>
            <wp:postmeta>
                <wp:meta_key>_lsb_quote</wp:meta_key>
                <wp:meta_value><![CDATA[lsb_acf_quote]]></wp:meta_value>
            </wp:postmeta>
            <wp:postmeta>
                <wp:meta_key>lsb_supported</wp:meta_key>
                <wp:meta_value><![CDATA[0]]></wp:meta_value>
            </wp:postmeta>
            <wp:postmeta>
                <wp:meta_key>_lsb_supported</wp:meta_key>
                <wp:meta_value><![CDATA[lsb_acf_supported]]></wp:meta_value>
            </wp:postmeta>
            <category domain="lsb_tax_author" nicename="laila-stien-"><![CDATA[Laila Stien ]]></category>
            <category domain="lsb_tax_publisher" nicename="nordnorsk-forfatterlag/tiden-norsk-forlag-"><![CDATA[Nordnorsk Forfatterlag/Tiden Norsk Forlag ]]></category>
            <wp:postmeta>
                <wp:meta_key>lsb_look_inside</wp:meta_key>
                <wp:meta_value><![CDATA[CUSTOM_BLA_I_BOKA]]></wp:meta_value>
            </wp:postmeta>
            <wp:postmeta>
                <wp:meta_key>_lsb_look_inside</wp:meta_key>
                <wp:meta_value><![CDATA[lsb_acf_look_inside]]></wp:meta_value>
            </wp:postmeta>
            <category domain="lsb_tax_age" nicename="voksne"><![CDATA[voksne]]></category>
            <category domain="lsb_tax_genre" nicename="prosa"><![CDATA[prosa]]></category>
            <category domain="lsb_tax_topic" nicename="kjærlighet"><![CDATA[kjærlighet]]></category>
            <category domain="lsb_tax_topic" nicename="mennesker-i-mellom"><![CDATA[mennesker i mellom]]></category>
            <category domain="lsb_tax_language" nicename="no_nb"><![CDATA[bokmål]]></category>
            <category domain="lsb_tax_customization" nicename="skjønnlitteratur"><![CDATA[skjønnlitteratur]]></category>
            <wp:postmeta>
                <wp:meta_key>_thumbnail_id</wp:meta_key>
                <wp:meta_value><![CDATA[5300]]></wp:meta_value>
            </wp:postmeta>
        </item>
        <item>
            <title>nyveien.jpg</title>
            <wp:post_id>5300</wp:post_id>
            <wp:status>inherit</wp:status>
            <wp:post_type>attachment</wp:post_type>
            <wp:attachment_url>https://raw.githubusercontent.com/lesersokerbok/boksok.no-data-utils/master/output-example/images/5CB2194621C1453E838D3A809AD3A26A.jpg</wp:attachment_url>
        </item>
        <item>
            <wp:post_type>lsb_book</wp:post_type>
            <wp:status>publish</wp:status>
            <title>En naken mann</title>
            <excerpt:encoded><![CDATA[Den populære boka til   Johan Werkmäster   er oversatt til norsk. ]]></excerpt:encoded>
            <wp:postmeta>
                <wp:meta_key>lsb_isbn</wp:meta_key>
                <wp:meta_value><![CDATA[9788281040830]]></wp:meta_value>
            </wp:postmeta>
            <wp:postmeta>
                <wp:meta_key>_lsb_isbn</wp:meta_key>
                <wp:meta_value><![CDATA[lsb_acf_isbn]]></wp:meta_value>
            </wp:postmeta>
            <wp:postmeta>
                <wp:meta_key>lsb_published_year</wp:meta_key>
                <wp:meta_value><![CDATA[2010]]></wp:meta_value>
            </wp:postmeta>
            <wp:postmeta>
                <wp:meta_key>_lsb_published_year</wp:meta_key>
                <wp:meta_value><![CDATA[lsb_acf_published_year]]></wp:meta_value>
            </wp:postmeta>
            <wp:postmeta>
                <wp:meta_key>lsb_pages</wp:meta_key>
                <wp:meta_value><![CDATA[62]]></wp:meta_value>
            </wp:postmeta>
            <wp:postmeta>
                <wp:meta_key>_lsb_pages</wp:meta_key>
                <wp:meta_value><![CDATA[lsb_acf_pages]]></wp:meta_value>
            </wp:postmeta>
            <wp:postmeta>
                <wp:meta_key>lsb_review</wp:meta_key>
                <wp:meta_value><![CDATA[  <div>En sjarmerende fortelling om </div>  <div>Assar Jansson og Klara Lasker </div>  <div>som er naboer. </div>  <div>De bor i samme bygård. </div>  <div>Jansson er gammel og tykk. </div>  <div>Fru Lasker er gammel og ensom. </div>  <div>Av og til besøker de hverandre. </div>  <div>En sen kveld går Jansson ut </div>  <div>med søpleposen, helt naken. </div>  <div>Døren hans er åpen, men plutselig </div>  <div>slår den igjen. Jansson står alene </div>  <div>i oppgangen. Hva skal han gjøre? </div>  <div>&#160;</div>  <div>Boka <strong>En naken mann</strong> har enkel tekst </div>  <div>med et luftig oppsett. </div>  <div>Innholdet er illustrert </div>  <div>med tegninger i sort/hvitt. </div>  <div>Boka har både humor og alvor. </div>  <div>Den kan med fordel leses høyt </div>  <div>sammen med andre.  </div>  <div>  <div>Boka passer for alle som ønsker </div>  <div>enkelt innhold, både eldre lesere </div>  <div>og utviklingshemmede. </div></div>  <div>&#160;</div>  <div><strong>En naken mann</strong> har en oppfølger </div>  <div>som heter <strong>En naken mann i Paris</strong>.</div>  <div>&#160;</div>  <div><strong>Johan Werkmäster</strong> er svensk. </div>  <div>Bøkene hans er populære i Sverige. </div>  <div>Nå har <strong>Liv R. Lykkenborg</strong> </div>  <div>oversatt de to bøkene om </div>  <div>den nakne mannen til norsk. </div>  <div><strong>Liv R. Lykkenborg</strong> er kjent for å ha laget </div>  <div>mange flotte bøker som passer spesielt </div>  <div>for utviklingshemmede. </div>  ]]></wp:meta_value>
            </wp:postmeta>
            <wp:postmeta>
                <wp:meta_key>_lsb_review</wp:meta_key>
                <wp:meta_value><![CDATA[lsb_acf_review]]></wp:meta_value>
            </wp:postmeta>
            <wp:postmeta>
                <wp:meta_key>lsb_quote</wp:meta_key>
                <wp:meta_value><![CDATA[Jansson stønner.   Han er helt naken,   og befinner seg i en mørk oppgang.   Han vet ikke hva han skal gjøre.   Han er naken  og har ikke noe å skjule seg med.   Skal han le eller gråte?   Hva skal han gjøre? ]]></wp:meta_value>
            </wp:postmeta>
            <wp:postmeta>
                <wp:meta_key>_lsb_quote</wp:meta_key>
                <wp:meta_value><![CDATA[lsb_acf_quote]]></wp:meta_value>
            </wp:postmeta>
            <wp:postmeta>
                <wp:meta_key>lsb_supported</wp:meta_key>
                <wp:meta_value><![CDATA[1]]></wp:meta_value>
            </wp:postmeta>
            <wp:postmeta>
                <wp:meta_key>_lsb_supported</wp:meta_key>
                <wp:meta_value><![CDATA[lsb_acf_supported]]></wp:meta_value>
            </wp:postmeta>
            <wp:postmeta>
                <wp:meta_key>lsb_support_cat</wp:meta_key>
                <wp:meta_value><![CDATA[green]]></wp:meta_value>
            </wp:postmeta>
            <wp:postmeta>
                <wp:meta_key>_lsb_support_cat</wp:meta_key>
                <wp:meta_value><![CDATA[lsb_acf_support_cat]]></wp:meta_value>
            </wp:postmeta>
            <category domain="lsb_tax_author" nicename="johan-werkmäster"><![CDATA[Johan Werkmäster]]></category>
            <category domain="lsb_tax_publisher" nicename="orkana"><![CDATA[Orkana]]></category>
            <category domain="lsb_tax_illustrator" nicename="boel-werner"><![CDATA[Boel Werner]]></category>
            <category domain="lsb_tax_translator" nicename="liv-r.-lykkenborg"><![CDATA[Liv R. Lykkenborg]]></category>
            <wp:postmeta>
                <wp:meta_key>lsb_look_inside</wp:meta_key>
                <wp:meta_value><![CDATA[CUSTOM_BLA_I_BOKA]]></wp:meta_value>
            </wp:postmeta>
            <wp:postmeta>
                <wp:meta_key>_lsb_look_inside</wp:meta_key>
                <wp:meta_value><![CDATA[lsb_acf_look_inside]]></wp:meta_value>
            </wp:postmeta>
            <category domain="lsb_tax_age" nicename="ungdom"><![CDATA[ungdom]]></category>
            <category domain="lsb_tax_age" nicename="voksne"><![CDATA[voksne]]></category>
            <category domain="lsb_tax_genre" nicename="prosa"><![CDATA[prosa]]></category>
            <category domain="lsb_tax_topic" nicename="mennesker-i-mellom"><![CDATA[mennesker i mellom]]></category>
            <category domain="lsb_tax_topic" nicename="kjærlighet"><![CDATA[kjærlighet]]></category>
            <category domain="lsb_tax_topic" nicename="humor"><![CDATA[humor]]></category>
            <category domain="lsb_tax_language" nicename="no_nb"><![CDATA[bokmål]]></category>
            <category domain="lsb_tax_customization" nicename="utviklingshemmede"><![CDATA[utviklingshemmede]]></category>
            <wp:postmeta>
                <wp:meta_key>_thumbnail_id</wp:meta_key>
                <wp:meta_value><![CDATA[5301]]></wp:meta_value>
            </wp:postmeta>
        </item>
        <item>
            <title>En naken mann.jpg</title>
            <wp:post_id>5301</wp:post_id>
            <wp:status>inherit</wp:status>
            <wp:post_type>attachment</wp:post_type>
            <wp:attachment_url>https://raw.githubusercontent.com/lesersokerbok/boksok.no-data-utils/master/output-example/images/0094C94A8D284D99959F5EF2226DBA79.jpg</wp:attachment_url>
        </item>
        <item>
            <wp:post_type>lsb_book</wp:post_type>
            <wp:status>publish</wp:status>
            <title>Persepolis</title>
            <excerpt:encoded><![CDATA[En tegnet roman der    Marjane Satrapi forteller   historien om sitt eget liv.   Samtidig forteller hun historien om Iran.  ]]></excerpt:encoded>
            <wp:postmeta>
                <wp:meta_key>lsb_isbn</wp:meta_key>
                <wp:meta_value><![CDATA[9788291187617]]></wp:meta_value>
            </wp:postmeta>
            <wp:postmeta>
                <wp:meta_key>_lsb_isbn</wp:meta_key>
                <wp:meta_value><![CDATA[lsb_acf_isbn]]></wp:meta_value>
            </wp:postmeta>
            <wp:postmeta>
                <wp:meta_key>lsb_published_year</wp:meta_key>
                <wp:meta_value><![CDATA[2005]]></wp:meta_value>
            </wp:postmeta>
            <wp:postmeta>
                <wp:meta_key>_lsb_published_year</wp:meta_key>
                <wp:meta_value><![CDATA[lsb_acf_published_year]]></wp:meta_value>
            </wp:postmeta>
            <wp:postmeta>
                <wp:meta_key>lsb_pages</wp:meta_key>
                <wp:meta_value><![CDATA[350]]></wp:meta_value>
            </wp:postmeta>
            <wp:postmeta>
                <wp:meta_key>_lsb_pages</wp:meta_key>
                <wp:meta_value><![CDATA[lsb_acf_pages]]></wp:meta_value>
            </wp:postmeta>
            <wp:postmeta>
                <wp:meta_key>lsb_review</wp:meta_key>
                <wp:meta_value><![CDATA[  <p>Boka tar oss med til tiden etter <br />  kulturrevolusjonen i 1980. <br />  Det er en dramatisk tid i landets historie.</p>  <p><strong>Persepolis</strong> er ei klok og morsom bok <br />  om religion, kultur, oppvekst og identitet. <br />  Teksten i boka er litt liten, men bildene er tydelige.</p>  <p>Marjane Satrapi (f. 1969) kommer fra Rasht i Iran. <br />  Med <strong>Persepolis</strong> har hun blitt kjent verden over,<br />  og hun har vunnet flere viktige priser.</p>  ]]></wp:meta_value>
            </wp:postmeta>
            <wp:postmeta>
                <wp:meta_key>_lsb_review</wp:meta_key>
                <wp:meta_value><![CDATA[lsb_acf_review]]></wp:meta_value>
            </wp:postmeta>
            <wp:postmeta>
                <wp:meta_key>lsb_quote</wp:meta_key>
                <wp:meta_value><![CDATA[MASSAKRENE FORTSATTE ETTER "DEN SVARTE FREDAG". MANGE DØDE.    SJAHENS ENDELIKT VAR NÆR ...    EN DAG KOM HAN MED EN ERKLÆRING PÅ TV.  - JEG FORSTÅR DERES OPPRØR ...    - SAMMEN SKAL VI PRØVE Å SKAPE DEMOKRATI ...  - JØSSDA! ETTER ALT DET HAN HAR GJORT MOT OSS!  - HYSJ!]]></wp:meta_value>
            </wp:postmeta>
            <wp:postmeta>
                <wp:meta_key>_lsb_quote</wp:meta_key>
                <wp:meta_value><![CDATA[lsb_acf_quote]]></wp:meta_value>
            </wp:postmeta>
            <wp:postmeta>
                <wp:meta_key>lsb_supported</wp:meta_key>
                <wp:meta_value><![CDATA[0]]></wp:meta_value>
            </wp:postmeta>
            <wp:postmeta>
                <wp:meta_key>_lsb_supported</wp:meta_key>
                <wp:meta_value><![CDATA[lsb_acf_supported]]></wp:meta_value>
            </wp:postmeta>
            <category domain="lsb_tax_author" nicename="marjane-satrapi"><![CDATA[Marjane Satrapi]]></category>
            <category domain="lsb_tax_publisher" nicename="no-comprendo-press"><![CDATA[No Comprendo Press]]></category>
            <category domain="lsb_tax_illustrator" nicename="marjane-satrapi"><![CDATA[Marjane Satrapi]]></category>
            <category domain="lsb_tax_translator" nicename="asbjørn-øverås"><![CDATA[Asbjørn Øverås]]></category>
            <wp:postmeta>
                <wp:meta_key>lsb_look_inside</wp:meta_key>
                <wp:meta_value><![CDATA[CUSTOM_BLA_I_BOKA]]></wp:meta_value>
            </wp:postmeta>
            <wp:postmeta>
                <wp:meta_key>_lsb_look_inside</wp:meta_key>
                <wp:meta_value><![CDATA[lsb_acf_look_inside]]></wp:meta_value>
            </wp:postmeta>
            <category domain="lsb_tax_age" nicename="voksne"><![CDATA[voksne]]></category>
            <category domain="lsb_tax_genre" nicename="prosa"><![CDATA[prosa]]></category>
            <category domain="lsb_tax_topic" nicename="historie"><![CDATA[historie]]></category>
            <category domain="lsb_tax_topic" nicename="samfunn"><![CDATA[samfunn]]></category>
            <category domain="lsb_tax_topic" nicename="mennesker-i-mellom"><![CDATA[mennesker i mellom]]></category>
            <category domain="lsb_tax_language" nicename="no_nb"><![CDATA[bokmål]]></category>
            <category domain="lsb_tax_customization" nicename="bilder"><![CDATA[bilder]]></category>
            <category domain="lsb_tax_customization" nicename="mange-bilder"><![CDATA[mange bilder]]></category>
            <wp:postmeta>
                <wp:meta_key>_thumbnail_id</wp:meta_key>
                <wp:meta_value><![CDATA[5302]]></wp:meta_value>
            </wp:postmeta>
        </item>
        <item>
            <title>Persepolis-2.jpg</title>
            <wp:post_id>5302</wp:post_id>
            <wp:status>inherit</wp:status>
            <wp:post_type>attachment</wp:post_type>
            <wp:attachment_url>https://raw.githubusercontent.com/lesersokerbok/boksok.no-data-utils/master/output-example/images/A850732541DE4DA2A17D93FFF23A7DF8.jpg</wp:attachment_url>
        </item>
        <item>
            <wp:post_type>lsb_book</wp:post_type>
            <wp:status>publish</wp:status>
            <title>Veien til Perdition</title>
            <excerpt:encoded><![CDATA[En mann tenker tilbake på barndommen sin.   Det er en barndom ulik de fleste andres.   Det viser seg at faren hans, Michael O´Sullivan   har en jobb som innebærer å skyte andre.   ]]></excerpt:encoded>
            <wp:postmeta>
                <wp:meta_key>lsb_isbn</wp:meta_key>
                <wp:meta_value><![CDATA[9788280900005]]></wp:meta_value>
            </wp:postmeta>
            <wp:postmeta>
                <wp:meta_key>_lsb_isbn</wp:meta_key>
                <wp:meta_value><![CDATA[lsb_acf_isbn]]></wp:meta_value>
            </wp:postmeta>
            <wp:postmeta>
                <wp:meta_key>lsb_published_year</wp:meta_key>
                <wp:meta_value><![CDATA[2002]]></wp:meta_value>
            </wp:postmeta>
            <wp:postmeta>
                <wp:meta_key>_lsb_published_year</wp:meta_key>
                <wp:meta_value><![CDATA[lsb_acf_published_year]]></wp:meta_value>
            </wp:postmeta>
            <wp:postmeta>
                <wp:meta_key>lsb_pages</wp:meta_key>
                <wp:meta_value><![CDATA[292]]></wp:meta_value>
            </wp:postmeta>
            <wp:postmeta>
                <wp:meta_key>_lsb_pages</wp:meta_key>
                <wp:meta_value><![CDATA[lsb_acf_pages]]></wp:meta_value>
            </wp:postmeta>
            <wp:postmeta>
                <wp:meta_key>lsb_review</wp:meta_key>
                <wp:meta_value><![CDATA[  <p>I en hevnaksjon blir både moren og broren skutt.  <br />  Far og sønn kastes ut i en farefull flukt fra mafiaen.  <br />  De må dra til Perdition, der er de trygge. <br />  Men veien dit er farefull og vanskelig. </p>  <p>Forfatteren Max Allan Collins <br />  er en kjent amerikansk spenningsforfatter. <br />  Han har blant annet skrevet bøker <br />  som filmene <strong>Air Force One</strong> og <br />  <strong>Saving Private Ryan</strong> er basert på. <br />  Også tegneserien <strong>Veien til Perdition</strong><br />  har blitt film med Tom Hanks i hovedrollen. </p>  ]]></wp:meta_value>
            </wp:postmeta>
            <wp:postmeta>
                <wp:meta_key>_lsb_review</wp:meta_key>
                <wp:meta_value><![CDATA[lsb_acf_review]]></wp:meta_value>
            </wp:postmeta>
            <wp:postmeta>
                <wp:meta_key>lsb_quote</wp:meta_key>
                <wp:meta_value><![CDATA[Jeg vokste opp, og gjennom årene leste jeg   det som ble skrevet om faren min. Noen kalte   ham en djevel, andre en hevnende engel. Men   jeg visste jeg en dag var nødt til å skrive   om den mannen jeg hadde kjent ... ]]></wp:meta_value>
            </wp:postmeta>
            <wp:postmeta>
                <wp:meta_key>_lsb_quote</wp:meta_key>
                <wp:meta_value><![CDATA[lsb_acf_quote]]></wp:meta_value>
            </wp:postmeta>
            <wp:postmeta>
                <wp:meta_key>lsb_supported</wp:meta_key>
                <wp:meta_value><![CDATA[0]]></wp:meta_value>
            </wp:postmeta>
            <wp:postmeta>
                <wp:meta_key>_lsb_supported</wp:meta_key>
                <wp:meta_value><![CDATA[lsb_acf_supported]]></wp:meta_value>
            </wp:postmeta>
            <category domain="lsb_tax_author" nicename="max-allan-collins|"><![CDATA[Max Allan Collins|]]></category>
            <category domain="lsb_tax_publisher" nicename="juul-forlag"><![CDATA[Juul forlag]]></category>
            <category domain="lsb_tax_illustrator" nicename="richard-piers-rayner"><![CDATA[Richard Piers Rayner]]></category>
            <category domain="lsb_tax_translator" nicename="espen-hagerup"><![CDATA[Espen Hagerup]]></category>
            <wp:postmeta>
                <wp:meta_key>lsb_look_inside</wp:meta_key>
                <wp:meta_value><![CDATA[CUSTOM_BLA_I_BOKA]]></wp:meta_value>
            </wp:postmeta>
            <wp:postmeta>
                <wp:meta_key>_lsb_look_inside</wp:meta_key>
                <wp:meta_value><![CDATA[lsb_acf_look_inside]]></wp:meta_value>
            </wp:postmeta>
            <category domain="lsb_tax_age" nicename="voksne"><![CDATA[voksne]]></category>
            <category domain="lsb_tax_genre" nicename="prosa"><![CDATA[prosa]]></category>
            <category domain="lsb_tax_topic" nicename="krim"><![CDATA[krim]]></category>
            <category domain="lsb_tax_topic" nicename="spenning"><![CDATA[spenning]]></category>
            <category domain="lsb_tax_language" nicename="no_nb"><![CDATA[bokmål]]></category>
            <category domain="lsb_tax_customization" nicename="bilder"><![CDATA[bilder]]></category>
            <category domain="lsb_tax_customization" nicename="mange-bilder"><![CDATA[mange bilder]]></category>
            <wp:postmeta>
                <wp:meta_key>_thumbnail_id</wp:meta_key>
                <wp:meta_value><![CDATA[5303]]></wp:meta_value>
            </wp:postmeta>
        </item>
        <item>
            <title>veien til peredition, ny.jpg</title>
            <wp:post_id>5303</wp:post_id>
            <wp:status>inherit</wp:status>
            <wp:post_type>attachment</wp:post_type>
            <wp:attachment_url>https://raw.githubusercontent.com/lesersokerbok/boksok.no-data-utils/master/output-example/images/6F8ACEB23C0E416D99B20DD419F65F34.jpg</wp:attachment_url>
        </item>
        <item>
            <wp:post_type>lsb_book</wp:post_type>
            <wp:status>publish</wp:status>
            <title>Villas vals</title>
            <excerpt:encoded><![CDATA[Det begynte så enkelt  med en annonse i avisa.  TROMMESETT TIL SALGS - 5000 KR.  Og Villa vil spille trommer,  så hun skulker skolen og kjøper trommene.  ]]></excerpt:encoded>
            <wp:postmeta>
                <wp:meta_key>lsb_isbn</wp:meta_key>
                <wp:meta_value><![CDATA[9788204110374]]></wp:meta_value>
            </wp:postmeta>
            <wp:postmeta>
                <wp:meta_key>_lsb_isbn</wp:meta_key>
                <wp:meta_value><![CDATA[lsb_acf_isbn]]></wp:meta_value>
            </wp:postmeta>
            <wp:postmeta>
                <wp:meta_key>lsb_published_year</wp:meta_key>
                <wp:meta_value><![CDATA[2005]]></wp:meta_value>
            </wp:postmeta>
            <wp:postmeta>
                <wp:meta_key>_lsb_published_year</wp:meta_key>
                <wp:meta_value><![CDATA[lsb_acf_published_year]]></wp:meta_value>
            </wp:postmeta>
            <wp:postmeta>
                <wp:meta_key>lsb_pages</wp:meta_key>
                <wp:meta_value><![CDATA[64]]></wp:meta_value>
            </wp:postmeta>
            <wp:postmeta>
                <wp:meta_key>_lsb_pages</wp:meta_key>
                <wp:meta_value><![CDATA[lsb_acf_pages]]></wp:meta_value>
            </wp:postmeta>
            <wp:postmeta>
                <wp:meta_key>lsb_review</wp:meta_key>
                <wp:meta_value><![CDATA[  <p>Det er sånn hun treffer Bob,<br />  og får torsdagssjuken.</p>  <p>Villas vals er ei bok i Front-serien <br />  - kort og godt for ungdom.<br />  <strong>Villas vals</strong> ble første gang utgitt i 1993.<br />  Denne utgaven er nyillustrert av Bjørn Ousland.<br />  Forfatteren Kjersti Scheen har skrevet <br />  flere bøker med enkel tekst for ungdom.</p>  ]]></wp:meta_value>
            </wp:postmeta>
            <wp:postmeta>
                <wp:meta_key>_lsb_review</wp:meta_key>
                <wp:meta_value><![CDATA[lsb_acf_review]]></wp:meta_value>
            </wp:postmeta>
            <wp:postmeta>
                <wp:meta_key>lsb_quote</wp:meta_key>
                <wp:meta_value><![CDATA[Trommesett? Har du kjøpt deg trommer!   Mor gapte.   "Pass deg," sa Villa.   "Ellers kan det fly en flue inn i munnen din!"   "Hva er det du sier!"   "Det pleide du alltid å si til meg da jeg var lita."   "Æsj, du vet godt jeg mener det med trommene,   hvor får du penger fra  og hvor har du tenkt å øve!" ]]></wp:meta_value>
            </wp:postmeta>
            <wp:postmeta>
                <wp:meta_key>_lsb_quote</wp:meta_key>
                <wp:meta_value><![CDATA[lsb_acf_quote]]></wp:meta_value>
            </wp:postmeta>
            <wp:postmeta>
                <wp:meta_key>lsb_supported</wp:meta_key>
                <wp:meta_value><![CDATA[1]]></wp:meta_value>
            </wp:postmeta>
            <wp:postmeta>
                <wp:meta_key>_lsb_supported</wp:meta_key>
                <wp:meta_value><![CDATA[lsb_acf_supported]]></wp:meta_value>
            </wp:postmeta>
            <wp:postmeta>
                <wp:meta_key>lsb_support_cat</wp:meta_key>
                <wp:meta_value><![CDATA[purple]]></wp:meta_value>
            </wp:postmeta>
            <wp:postmeta>
                <wp:meta_key>_lsb_support_cat</wp:meta_key>
                <wp:meta_value><![CDATA[lsb_acf_support_cat]]></wp:meta_value>
            </wp:postmeta>
            <category domain="lsb_tax_author" nicename="kjersti-scheen"><![CDATA[Kjersti Scheen]]></category>
            <category domain="lsb_tax_publisher" nicename="damm"><![CDATA[Damm]]></category>
            <category domain="lsb_tax_illustrator" nicename="bjørn-ousland"><![CDATA[Bjørn Ousland]]></category>
            <wp:postmeta>
                <wp:meta_key>lsb_look_inside</wp:meta_key>
                <wp:meta_value><![CDATA[CUSTOM_BLA_I_BOKA]]></wp:meta_value>
            </wp:postmeta>
            <wp:postmeta>
                <wp:meta_key>_lsb_look_inside</wp:meta_key>
                <wp:meta_value><![CDATA[lsb_acf_look_inside]]></wp:meta_value>
            </wp:postmeta>
            <category domain="lsb_tax_age" nicename="ungdom"><![CDATA[ungdom]]></category>
            <category domain="lsb_tax_genre" nicename="prosa"><![CDATA[prosa]]></category>
            <category domain="lsb_tax_topic" nicename="mennesker-i-mellom"><![CDATA[mennesker i mellom]]></category>
            <category domain="lsb_tax_language" nicename="no_nb"><![CDATA[bokmål]]></category>
            <category domain="lsb_tax_customization" nicename="skjønnlitteratur"><![CDATA[skjønnlitteratur]]></category>
            <category domain="lsb_tax_customization" nicename="mange-bilder"><![CDATA[mange bilder]]></category>
            <wp:postmeta>
                <wp:meta_key>_thumbnail_id</wp:meta_key>
                <wp:meta_value><![CDATA[5304]]></wp:meta_value>
            </wp:postmeta>
        </item>
        <item>
            <title>Villas vals omslag.jpg</title>
            <wp:post_id>5304</wp:post_id>
            <wp:status>inherit</wp:status>
            <wp:post_type>attachment</wp:post_type>
            <wp:attachment_url>https://raw.githubusercontent.com/lesersokerbok/boksok.no-data-utils/master/output-example/images/08798D813E7E4B859F7B69D17289B42A.jpg</wp:attachment_url>
        </item>
        <item>
            <wp:post_type>lsb_book</wp:post_type>
            <wp:status>publish</wp:status>
            <title>Prisen å betale</title>
            <excerpt:encoded><![CDATA[Lasse vil gjerne være like tøff som kameratene.  De har ingen respekt for andre,  særlig ikke for voksne.  ]]></excerpt:encoded>
            <wp:postmeta>
                <wp:meta_key>lsb_isbn</wp:meta_key>
                <wp:meta_value><![CDATA[9788204110381]]></wp:meta_value>
            </wp:postmeta>
            <wp:postmeta>
                <wp:meta_key>_lsb_isbn</wp:meta_key>
                <wp:meta_value><![CDATA[lsb_acf_isbn]]></wp:meta_value>
            </wp:postmeta>
            <wp:postmeta>
                <wp:meta_key>lsb_published_year</wp:meta_key>
                <wp:meta_value><![CDATA[2005]]></wp:meta_value>
            </wp:postmeta>
            <wp:postmeta>
                <wp:meta_key>_lsb_published_year</wp:meta_key>
                <wp:meta_value><![CDATA[lsb_acf_published_year]]></wp:meta_value>
            </wp:postmeta>
            <wp:postmeta>
                <wp:meta_key>lsb_pages</wp:meta_key>
                <wp:meta_value><![CDATA[80]]></wp:meta_value>
            </wp:postmeta>
            <wp:postmeta>
                <wp:meta_key>_lsb_pages</wp:meta_key>
                <wp:meta_value><![CDATA[lsb_acf_pages]]></wp:meta_value>
            </wp:postmeta>
            <wp:postmeta>
                <wp:meta_key>lsb_review</wp:meta_key>
                <wp:meta_value><![CDATA[  <p>Lasse sparker en mann som ligger nede,<br />  selv om han ikke engang kjenner fyren.<br />  Etterpå klarer han ikke å glemme lyden<br />  av støvelen mot ribbeinet.<br />  Det minte om en kvist<br />  som knekker inni et tørkle. </p>  <div><strong>&#160;</strong></div>  <div><strong>Prisen å betale</strong> er en remix<br />  av <strong>Vi tar ham</strong>, som kom ut i 1993.<br />  Den nye utgaven er illustrert<br />  av serietegneren Siri Pettersen.</div>  <div>Front er en unik serie bøker<br />  med enkel tekst for ungdom.<br />  Jon Ewo har skrevet<br />  to andre bøker i Front-serien.</div>  <div>&#160;</div>  <div>Boka er prøvd i 1. klasse på Lister vgs. </div>  <div>Du kan lese noen av elevenes kommentarer til høyre. </div>  ]]></wp:meta_value>
            </wp:postmeta>
            <wp:postmeta>
                <wp:meta_key>_lsb_review</wp:meta_key>
                <wp:meta_value><![CDATA[lsb_acf_review]]></wp:meta_value>
            </wp:postmeta>
            <wp:postmeta>
                <wp:meta_key>lsb_quote</wp:meta_key>
                <wp:meta_value><![CDATA[Rød og rasende stoppet han  ved siden av mannen.  Så tok han sats.   Den harde støvelen hans   traff fyren midt i brystet.   "Innmari bra!" huiet Harry,  som tråkket på hendene   som lå bøodige mot asfalten.]]></wp:meta_value>
            </wp:postmeta>
            <wp:postmeta>
                <wp:meta_key>_lsb_quote</wp:meta_key>
                <wp:meta_value><![CDATA[lsb_acf_quote]]></wp:meta_value>
            </wp:postmeta>
            <wp:postmeta>
                <wp:meta_key>lsb_supported</wp:meta_key>
                <wp:meta_value><![CDATA[1]]></wp:meta_value>
            </wp:postmeta>
            <wp:postmeta>
                <wp:meta_key>_lsb_supported</wp:meta_key>
                <wp:meta_value><![CDATA[lsb_acf_supported]]></wp:meta_value>
            </wp:postmeta>
            <wp:postmeta>
                <wp:meta_key>lsb_support_cat</wp:meta_key>
                <wp:meta_value><![CDATA[purple]]></wp:meta_value>
            </wp:postmeta>
            <wp:postmeta>
                <wp:meta_key>_lsb_support_cat</wp:meta_key>
                <wp:meta_value><![CDATA[lsb_acf_support_cat]]></wp:meta_value>
            </wp:postmeta>
            <category domain="lsb_tax_author" nicename="jon-ewo-"><![CDATA[Jon Ewo ]]></category>
            <category domain="lsb_tax_publisher" nicename="damm"><![CDATA[Damm]]></category>
            <category domain="lsb_tax_illustrator" nicename="siri-pettersen"><![CDATA[Siri Pettersen]]></category>
            <wp:postmeta>
                <wp:meta_key>lsb_look_inside</wp:meta_key>
                <wp:meta_value><![CDATA[CUSTOM_BLA_I_BOKA]]></wp:meta_value>
            </wp:postmeta>
            <wp:postmeta>
                <wp:meta_key>_lsb_look_inside</wp:meta_key>
                <wp:meta_value><![CDATA[lsb_acf_look_inside]]></wp:meta_value>
            </wp:postmeta>
            <category domain="lsb_tax_age" nicename="ungdom"><![CDATA[ungdom]]></category>
            <category domain="lsb_tax_genre" nicename="prosa"><![CDATA[prosa]]></category>
            <category domain="lsb_tax_topic" nicename="krim"><![CDATA[krim]]></category>
            <category domain="lsb_tax_topic" nicename="spenning"><![CDATA[spenning]]></category>
            <category domain="lsb_tax_topic" nicename="mennesker-i-mellom"><![CDATA[mennesker i mellom]]></category>
            <category domain="lsb_tax_language" nicename="no_nb"><![CDATA[bokmål]]></category>
            <category domain="lsb_tax_customization" nicename="skjønnlitteratur"><![CDATA[skjønnlitteratur]]></category>
            <category domain="lsb_tax_customization" nicename="mange-bilder"><![CDATA[mange bilder]]></category>
            <wp:postmeta>
                <wp:meta_key>_thumbnail_id</wp:meta_key>
                <wp:meta_value><![CDATA[5305]]></wp:meta_value>
            </wp:postmeta>
        </item>
        <item>
            <title>prisen_aa_betale1_small_double.jpg</title>
            <wp:post_id>5305</wp:post_id>
            <wp:status>inherit</wp:status>
            <wp:post_type>attachment</wp:post_type>
            <wp:attachment_url>https://raw.githubusercontent.com/lesersokerbok/boksok.no-data-utils/master/output-example/images/FB0B87D513834FDEBB7C36AB937C3F56.jpg</wp:attachment_url>
        </item>
        <item>
            <wp:post_type>lsb_book</wp:post_type>
            <wp:status>publish</wp:status>
            <title>Kjærlighet mot strømmen - skuespill</title>
            <excerpt:encoded><![CDATA[Katja elsker teater og drømmer om å bli skuespiller.   Moren har sagt det blir vanskelig, men   så treffer Katja en kjent skuespiller.  ]]></excerpt:encoded>
            <wp:postmeta>
                <wp:meta_key>lsb_isbn</wp:meta_key>
                <wp:meta_value><![CDATA[9788281040267]]></wp:meta_value>
            </wp:postmeta>
            <wp:postmeta>
                <wp:meta_key>_lsb_isbn</wp:meta_key>
                <wp:meta_value><![CDATA[lsb_acf_isbn]]></wp:meta_value>
            </wp:postmeta>
            <wp:postmeta>
                <wp:meta_key>lsb_published_year</wp:meta_key>
                <wp:meta_value><![CDATA[2005]]></wp:meta_value>
            </wp:postmeta>
            <wp:postmeta>
                <wp:meta_key>_lsb_published_year</wp:meta_key>
                <wp:meta_value><![CDATA[lsb_acf_published_year]]></wp:meta_value>
            </wp:postmeta>
            <wp:postmeta>
                <wp:meta_key>lsb_pages</wp:meta_key>
                <wp:meta_value><![CDATA[87]]></wp:meta_value>
            </wp:postmeta>
            <wp:postmeta>
                <wp:meta_key>_lsb_pages</wp:meta_key>
                <wp:meta_value><![CDATA[lsb_acf_pages]]></wp:meta_value>
            </wp:postmeta>
            <wp:postmeta>
                <wp:meta_key>lsb_review</wp:meta_key>
                <wp:meta_value><![CDATA[  <p>De to blir gode venner, <br />  og han inviterer henne ofte med på teater.</p>  <p>Dette er et skuespill som passer  <br />  både til å spille og til å lese høyt. <br />  Skuespillet har fem roller for voksne skuespillere <br />  og en eller flere fortellere.<br />  Boka inneholder også en melodi til stykket. </p>  <div>&#160;</div>  <div>Det fins en roman med samme historie.<br />  Den heter også <strong>Kjærlighet mot strømmen</strong>. <br />  Her forteller Katja med sin egen stemme. </div>  ]]></wp:meta_value>
            </wp:postmeta>
            <wp:postmeta>
                <wp:meta_key>_lsb_review</wp:meta_key>
                <wp:meta_value><![CDATA[lsb_acf_review]]></wp:meta_value>
            </wp:postmeta>
            <wp:postmeta>
                <wp:meta_key>lsb_quote</wp:meta_key>
                <wp:meta_value><![CDATA[Jeg turte ikke gå over gata.  Jeg satt bare og skalv.  Da. Akkurat da  skjedde det noe.  Det kom en fremmed mann bort til meg.  Husker du, Vidar, hva vi sa til hverandre?]]></wp:meta_value>
            </wp:postmeta>
            <wp:postmeta>
                <wp:meta_key>_lsb_quote</wp:meta_key>
                <wp:meta_value><![CDATA[lsb_acf_quote]]></wp:meta_value>
            </wp:postmeta>
            <wp:postmeta>
                <wp:meta_key>lsb_supported</wp:meta_key>
                <wp:meta_value><![CDATA[1]]></wp:meta_value>
            </wp:postmeta>
            <wp:postmeta>
                <wp:meta_key>_lsb_supported</wp:meta_key>
                <wp:meta_value><![CDATA[lsb_acf_supported]]></wp:meta_value>
            </wp:postmeta>
            <wp:postmeta>
                <wp:meta_key>lsb_support_cat</wp:meta_key>
                <wp:meta_value><![CDATA[green]]></wp:meta_value>
            </wp:postmeta>
            <wp:postmeta>
                <wp:meta_key>_lsb_support_cat</wp:meta_key>
                <wp:meta_value><![CDATA[lsb_acf_support_cat]]></wp:meta_value>
            </wp:postmeta>
            <category domain="lsb_tax_author" nicename="marit-lund-bødtker"><![CDATA[Marit Lund Bødtker]]></category>
            <category domain="lsb_tax_publisher" nicename="orkana"><![CDATA[Orkana]]></category>
            <category domain="lsb_tax_illustrator" nicename="ane-nordvik-hasselberg"><![CDATA[Ane Nordvik Hasselberg]]></category>
            <wp:postmeta>
                <wp:meta_key>lsb_look_inside</wp:meta_key>
                <wp:meta_value><![CDATA[CUSTOM_BLA_I_BOKA]]></wp:meta_value>
            </wp:postmeta>
            <wp:postmeta>
                <wp:meta_key>_lsb_look_inside</wp:meta_key>
                <wp:meta_value><![CDATA[lsb_acf_look_inside]]></wp:meta_value>
            </wp:postmeta>
            <category domain="lsb_tax_age" nicename="ungdom"><![CDATA[ungdom]]></category>
            <category domain="lsb_tax_age" nicename="voksne"><![CDATA[voksne]]></category>
            <category domain="lsb_tax_topic" nicename="kjærlighet"><![CDATA[kjærlighet]]></category>
            <category domain="lsb_tax_customization" nicename="utviklingshemmede"><![CDATA[utviklingshemmede]]></category>
            <wp:postmeta>
                <wp:meta_key>_thumbnail_id</wp:meta_key>
                <wp:meta_value><![CDATA[5306]]></wp:meta_value>
            </wp:postmeta>
        </item>
        <item>
            <title>Kjærlighet skodespel.gif</title>
            <wp:post_id>5306</wp:post_id>
            <wp:status>inherit</wp:status>
            <wp:post_type>attachment</wp:post_type>
            <wp:attachment_url>https://raw.githubusercontent.com/lesersokerbok/boksok.no-data-utils/master/output-example/images/CB9F63918C62472EA6D6FCC7C9455852.gif</wp:attachment_url>
        </item>
        <item>
            <wp:post_type>lsb_book</wp:post_type>
            <wp:status>publish</wp:status>
            <title>Røde Løv - fra Laoying i Kina</title>
            <excerpt:encoded><![CDATA[Røde Løv er elleve år gammel.  Hun bor sammen med faren sin   i landsbyen Laoying i Nord-Kina.  ]]></excerpt:encoded>
            <wp:postmeta>
                <wp:meta_key>lsb_isbn</wp:meta_key>
                <wp:meta_value><![CDATA[9788280980083]]></wp:meta_value>
            </wp:postmeta>
            <wp:postmeta>
                <wp:meta_key>_lsb_isbn</wp:meta_key>
                <wp:meta_value><![CDATA[lsb_acf_isbn]]></wp:meta_value>
            </wp:postmeta>
            <wp:postmeta>
                <wp:meta_key>lsb_published_year</wp:meta_key>
                <wp:meta_value><![CDATA[2005]]></wp:meta_value>
            </wp:postmeta>
            <wp:postmeta>
                <wp:meta_key>_lsb_published_year</wp:meta_key>
                <wp:meta_value><![CDATA[lsb_acf_published_year]]></wp:meta_value>
            </wp:postmeta>
            <wp:postmeta>
                <wp:meta_key>lsb_pages</wp:meta_key>
                <wp:meta_value><![CDATA[91]]></wp:meta_value>
            </wp:postmeta>
            <wp:postmeta>
                <wp:meta_key>_lsb_pages</wp:meta_key>
                <wp:meta_value><![CDATA[lsb_acf_pages]]></wp:meta_value>
            </wp:postmeta>
            <wp:postmeta>
                <wp:meta_key>lsb_review</wp:meta_key>
                <wp:meta_value><![CDATA[  <p>Moren hennes må arbeide langt hjemmefra.<br />  Derfor må Røde Løv hjelpe til hjemme <br />  så godt hun kan. </p>  <p>Journalist Sten Lundberg har besøkt Røde Løv<br />  og familien hennes i Kina gjennom flere år.<br />  Med bilder og enkel tekst forteller han <br />  om livet til Røde Løv. </p>  ]]></wp:meta_value>
            </wp:postmeta>
            <wp:postmeta>
                <wp:meta_key>_lsb_review</wp:meta_key>
                <wp:meta_value><![CDATA[lsb_acf_review]]></wp:meta_value>
            </wp:postmeta>
            <wp:postmeta>
                <wp:meta_key>lsb_quote</wp:meta_key>
                <wp:meta_value><![CDATA[For elleve år siden ble det født ei jente  i landsbyen Laoying, i Nord-Kina.  Det var på høsten, løvet på trærne var rødt.  Og det ble også jentas navn,  Yehong, Røde Løv.]]></wp:meta_value>
            </wp:postmeta>
            <wp:postmeta>
                <wp:meta_key>_lsb_quote</wp:meta_key>
                <wp:meta_value><![CDATA[lsb_acf_quote]]></wp:meta_value>
            </wp:postmeta>
            <wp:postmeta>
                <wp:meta_key>lsb_supported</wp:meta_key>
                <wp:meta_value><![CDATA[1]]></wp:meta_value>
            </wp:postmeta>
            <wp:postmeta>
                <wp:meta_key>_lsb_supported</wp:meta_key>
                <wp:meta_value><![CDATA[lsb_acf_supported]]></wp:meta_value>
            </wp:postmeta>
            <wp:postmeta>
                <wp:meta_key>lsb_support_cat</wp:meta_key>
                <wp:meta_value><![CDATA[purple]]></wp:meta_value>
            </wp:postmeta>
            <wp:postmeta>
                <wp:meta_key>_lsb_support_cat</wp:meta_key>
                <wp:meta_value><![CDATA[lsb_acf_support_cat]]></wp:meta_value>
            </wp:postmeta>
            <category domain="lsb_tax_author" nicename="sten-lundberg"><![CDATA[Sten Lundberg]]></category>
            <category domain="lsb_tax_publisher" nicename="lettlest-forlag"><![CDATA[Lettlest forlag]]></category>
            <category domain="lsb_tax_illustrator" nicename="sten-lundberg"><![CDATA[Sten Lundberg]]></category>
            <wp:postmeta>
                <wp:meta_key>lsb_look_inside</wp:meta_key>
                <wp:meta_value><![CDATA[CUSTOM_BLA_I_BOKA]]></wp:meta_value>
            </wp:postmeta>
            <wp:postmeta>
                <wp:meta_key>_lsb_look_inside</wp:meta_key>
                <wp:meta_value><![CDATA[lsb_acf_look_inside]]></wp:meta_value>
            </wp:postmeta>
            <category domain="lsb_tax_age" nicename="barn"><![CDATA[barn]]></category>
            <category domain="lsb_tax_topic" nicename="historie"><![CDATA[historie]]></category>
            <category domain="lsb_tax_topic" nicename="samfunn"><![CDATA[samfunn]]></category>
            <category domain="lsb_tax_topic" nicename="mennesker-i-mellom"><![CDATA[mennesker i mellom]]></category>
            <category domain="lsb_tax_language" nicename="no_nb"><![CDATA[bokmål]]></category>
            <category domain="lsb_tax_customization" nicename="faglitteratur"><![CDATA[faglitteratur]]></category>
            <category domain="lsb_tax_customization" nicename="mange-bilder"><![CDATA[mange bilder]]></category>
            <wp:postmeta>
                <wp:meta_key>_thumbnail_id</wp:meta_key>
                <wp:meta_value><![CDATA[5307]]></wp:meta_value>
            </wp:postmeta>
        </item>
        <item>
            <title>Røde-Løv-nett.jpg</title>
            <wp:post_id>5307</wp:post_id>
            <wp:status>inherit</wp:status>
            <wp:post_type>attachment</wp:post_type>
            <wp:attachment_url>https://raw.githubusercontent.com/lesersokerbok/boksok.no-data-utils/master/output-example/images/95C94F3554944664819451C742802A4C.jpg</wp:attachment_url>
        </item>
        <item>
            <wp:post_type>lsb_book</wp:post_type>
            <wp:status>publish</wp:status>
            <title>Hogget &amp; Sprekken</title>
            <excerpt:encoded><![CDATA[Her kan du lese krim av Henning Mankell i kortform!   Hogget og Sprekken er to krimfortellinger i ei bok.    ]]></excerpt:encoded>
            <wp:postmeta>
                <wp:meta_key>lsb_isbn</wp:meta_key>
                <wp:meta_value><![CDATA[9788280980113]]></wp:meta_value>
            </wp:postmeta>
            <wp:postmeta>
                <wp:meta_key>_lsb_isbn</wp:meta_key>
                <wp:meta_value><![CDATA[lsb_acf_isbn]]></wp:meta_value>
            </wp:postmeta>
            <wp:postmeta>
                <wp:meta_key>lsb_published_year</wp:meta_key>
                <wp:meta_value><![CDATA[2005]]></wp:meta_value>
            </wp:postmeta>
            <wp:postmeta>
                <wp:meta_key>_lsb_published_year</wp:meta_key>
                <wp:meta_value><![CDATA[lsb_acf_published_year]]></wp:meta_value>
            </wp:postmeta>
            <wp:postmeta>
                <wp:meta_key>lsb_pages</wp:meta_key>
                <wp:meta_value><![CDATA[179]]></wp:meta_value>
            </wp:postmeta>
            <wp:postmeta>
                <wp:meta_key>_lsb_pages</wp:meta_key>
                <wp:meta_value><![CDATA[lsb_acf_pages]]></wp:meta_value>
            </wp:postmeta>
            <wp:postmeta>
                <wp:meta_key>lsb_review</wp:meta_key>
                <wp:meta_value><![CDATA[  <p>I fortellingen <strong>Hogget</strong> jobber Kurt Wallander <br />  i ordenspolitiet i Malmö.<br />  En varm sommerdag finner han naboen skutt. <br />  Er naboen myrdet?</p>  <div>&#160;</div>  <div>I fortellingen <strong>Sprekken</strong><br />  er Wallander blitt kriminalbetjent.<br />  På julaften finner han en gammel kvinne <br />  på gulvet i en butikk.</div>  <p>Bøkene er bearbeidet til enkel tekst <br />  av Johan Werkmäster.<br />  </p>  ]]></wp:meta_value>
            </wp:postmeta>
            <wp:postmeta>
                <wp:meta_key>_lsb_review</wp:meta_key>
                <wp:meta_value><![CDATA[lsb_acf_review]]></wp:meta_value>
            </wp:postmeta>
            <wp:postmeta>
                <wp:meta_key>lsb_quote</wp:meta_key>
                <wp:meta_value><![CDATA[Wallander hadde nylig fulgt Mona ned til havnen.  Hun og venninnen hennes  skulle ta båten til København.  De skulle være borte hele dagen.  Wallander hadde lovet  å møte Mona ved båten  når hun kom tilbake om kvelden.]]></wp:meta_value>
            </wp:postmeta>
            <wp:postmeta>
                <wp:meta_key>_lsb_quote</wp:meta_key>
                <wp:meta_value><![CDATA[lsb_acf_quote]]></wp:meta_value>
            </wp:postmeta>
            <wp:postmeta>
                <wp:meta_key>lsb_supported</wp:meta_key>
                <wp:meta_value><![CDATA[1]]></wp:meta_value>
            </wp:postmeta>
            <wp:postmeta>
                <wp:meta_key>_lsb_supported</wp:meta_key>
                <wp:meta_value><![CDATA[lsb_acf_supported]]></wp:meta_value>
            </wp:postmeta>
            <wp:postmeta>
                <wp:meta_key>lsb_support_cat</wp:meta_key>
                <wp:meta_value><![CDATA[purple]]></wp:meta_value>
            </wp:postmeta>
            <wp:postmeta>
                <wp:meta_key>_lsb_support_cat</wp:meta_key>
                <wp:meta_value><![CDATA[lsb_acf_support_cat]]></wp:meta_value>
            </wp:postmeta>
            <category domain="lsb_tax_author" nicename="henning-mankell"><![CDATA[Henning Mankell]]></category>
            <category domain="lsb_tax_publisher" nicename="lettlest-forlag"><![CDATA[Lettlest forlag]]></category>
            <category domain="lsb_tax_translator" nicename="kari-bolstad-og-bjørn-rudborg"><![CDATA[Kari Bolstad og Bjørn Rudborg]]></category>
            <wp:postmeta>
                <wp:meta_key>lsb_look_inside</wp:meta_key>
                <wp:meta_value><![CDATA[CUSTOM_BLA_I_BOKA]]></wp:meta_value>
            </wp:postmeta>
            <wp:postmeta>
                <wp:meta_key>_lsb_look_inside</wp:meta_key>
                <wp:meta_value><![CDATA[lsb_acf_look_inside]]></wp:meta_value>
            </wp:postmeta>
            <category domain="lsb_tax_age" nicename="voksne"><![CDATA[voksne]]></category>
            <category domain="lsb_tax_genre" nicename="prosa"><![CDATA[prosa]]></category>
            <category domain="lsb_tax_topic" nicename="krim"><![CDATA[krim]]></category>
            <category domain="lsb_tax_topic" nicename="spenning"><![CDATA[spenning]]></category>
            <category domain="lsb_tax_language" nicename="no_nb"><![CDATA[bokmål]]></category>
            <category domain="lsb_tax_customization" nicename="skjønnlitteratur"><![CDATA[skjønnlitteratur]]></category>
            <wp:postmeta>
                <wp:meta_key>_thumbnail_id</wp:meta_key>
                <wp:meta_value><![CDATA[5308]]></wp:meta_value>
            </wp:postmeta>
        </item>
        <item>
            <title>Hogget </title>
            <wp:post_id>5308</wp:post_id>
            <wp:status>inherit</wp:status>
            <wp:post_type>attachment</wp:post_type>
            <wp:attachment_url>https://raw.githubusercontent.com/lesersokerbok/boksok.no-data-utils/master/output-example/images/69BE6FE4F95B46CD9AE3729116E8AE16.jpg</wp:attachment_url>
        </item>
        <item>
            <wp:post_type>lsb_book</wp:post_type>
            <wp:status>publish</wp:status>
            <title>Fortvilet kreps &apos;72</title>
            <excerpt:encoded><![CDATA[Selma er tolv, nestan tretten,  og har ikkje lov til å dra på fest,  vere seint ute om kvelden eller drikke alkohol.  Då må ho sjølvsagt prøve.    ]]></excerpt:encoded>
            <wp:postmeta>
                <wp:meta_key>lsb_isbn</wp:meta_key>
                <wp:meta_value><![CDATA[9788205340879]]></wp:meta_value>
            </wp:postmeta>
            <wp:postmeta>
                <wp:meta_key>_lsb_isbn</wp:meta_key>
                <wp:meta_value><![CDATA[lsb_acf_isbn]]></wp:meta_value>
            </wp:postmeta>
            <wp:postmeta>
                <wp:meta_key>lsb_published_year</wp:meta_key>
                <wp:meta_value><![CDATA[2005]]></wp:meta_value>
            </wp:postmeta>
            <wp:postmeta>
                <wp:meta_key>_lsb_published_year</wp:meta_key>
                <wp:meta_value><![CDATA[lsb_acf_published_year]]></wp:meta_value>
            </wp:postmeta>
            <wp:postmeta>
                <wp:meta_key>lsb_pages</wp:meta_key>
                <wp:meta_value><![CDATA[71]]></wp:meta_value>
            </wp:postmeta>
            <wp:postmeta>
                <wp:meta_key>_lsb_pages</wp:meta_key>
                <wp:meta_value><![CDATA[lsb_acf_pages]]></wp:meta_value>
            </wp:postmeta>
            <wp:postmeta>
                <wp:meta_key>lsb_review</wp:meta_key>
                <wp:meta_value><![CDATA[  <p>Selma Lønning Aarø skriv hysterisk morosamt<br />  og treffande om livet som ungdom. <br />  Samtidig er boka eit humoristisk <br />  tilbakeblikk på 80-tallet.</p>  <div><strong>&#160;</strong></div>  <div><strong>Fortvilet kreps ´72</strong> er utgangspunkt for <br />  ei lengre bok som kom ut i 2007. <br />  Ho heiter <strong>En rekke avbrutte forsøk <br />  </strong>og er også ganske lett å lese. <br />  </div><strong>&#160;</strong>  <div><strong>Fortvilet kreps ´72</strong> er ei bok i Litt å lese-serien.</div>  ]]></wp:meta_value>
            </wp:postmeta>
            <wp:postmeta>
                <wp:meta_key>_lsb_review</wp:meta_key>
                <wp:meta_value><![CDATA[lsb_acf_review]]></wp:meta_value>
            </wp:postmeta>
            <wp:postmeta>
                <wp:meta_key>lsb_quote</wp:meta_key>
                <wp:meta_value><![CDATA[Blir du med på fest Furuholmen, spør Terje.  Sjølv om eg har skreve i Pusurdagboka til Vigdis  at eg likar: Gutter, fest og alt som er gøy,  har eg aldri vore på ein skikkeleg fest,  berre klassefestar der ein dansar fugledansen  og leikar kyss, klapp og klem.  No når sjansen byr seg  er det klart at eg ikkje seier nei.]]></wp:meta_value>
            </wp:postmeta>
            <wp:postmeta>
                <wp:meta_key>_lsb_quote</wp:meta_key>
                <wp:meta_value><![CDATA[lsb_acf_quote]]></wp:meta_value>
            </wp:postmeta>
            <wp:postmeta>
                <wp:meta_key>lsb_supported</wp:meta_key>
                <wp:meta_value><![CDATA[1]]></wp:meta_value>
            </wp:postmeta>
            <wp:postmeta>
                <wp:meta_key>_lsb_supported</wp:meta_key>
                <wp:meta_value><![CDATA[lsb_acf_supported]]></wp:meta_value>
            </wp:postmeta>
            <wp:postmeta>
                <wp:meta_key>lsb_support_cat</wp:meta_key>
                <wp:meta_value><![CDATA[purple]]></wp:meta_value>
            </wp:postmeta>
            <wp:postmeta>
                <wp:meta_key>_lsb_support_cat</wp:meta_key>
                <wp:meta_value><![CDATA[lsb_acf_support_cat]]></wp:meta_value>
            </wp:postmeta>
            <category domain="lsb_tax_author" nicename="selma-lønning-aarø"><![CDATA[Selma Lønning Aarø]]></category>
            <category domain="lsb_tax_publisher" nicename="gyldendal"><![CDATA[Gyldendal]]></category>
            <wp:postmeta>
                <wp:meta_key>lsb_look_inside</wp:meta_key>
                <wp:meta_value><![CDATA[CUSTOM_BLA_I_BOKA]]></wp:meta_value>
            </wp:postmeta>
            <wp:postmeta>
                <wp:meta_key>_lsb_look_inside</wp:meta_key>
                <wp:meta_value><![CDATA[lsb_acf_look_inside]]></wp:meta_value>
            </wp:postmeta>
            <category domain="lsb_tax_age" nicename="ungdom"><![CDATA[ungdom]]></category>
            <category domain="lsb_tax_age" nicename="voksne"><![CDATA[voksne]]></category>
            <category domain="lsb_tax_genre" nicename="prosa"><![CDATA[prosa]]></category>
            <category domain="lsb_tax_topic" nicename="humor"><![CDATA[humor]]></category>
            <category domain="lsb_tax_topic" nicename="mennesker-i-mellom"><![CDATA[mennesker i mellom]]></category>
            <category domain="lsb_tax_topic" nicename="kjærlighet"><![CDATA[kjærlighet]]></category>
            <category domain="lsb_tax_language" nicename="no_nn"><![CDATA[nynorsk]]></category>
            <category domain="lsb_tax_customization" nicename="skjønnlitteratur"><![CDATA[skjønnlitteratur]]></category>
            <wp:postmeta>
                <wp:meta_key>_thumbnail_id</wp:meta_key>
                <wp:meta_value><![CDATA[5309]]></wp:meta_value>
            </wp:postmeta>
        </item>
        <item>
            <title>Fortvilet-kreps-nett.jpg</title>
            <wp:post_id>5309</wp:post_id>
            <wp:status>inherit</wp:status>
            <wp:post_type>attachment</wp:post_type>
            <wp:attachment_url>https://raw.githubusercontent.com/lesersokerbok/boksok.no-data-utils/master/output-example/images/8E5BC76603CD4EE3A5B5C1B7FFB3FFEE.jpg</wp:attachment_url>
        </item>
        <item>
            <wp:post_type>lsb_book</wp:post_type>
            <wp:status>publish</wp:status>
            <title>Safari i Afrika</title>
            <excerpt:encoded><![CDATA[ I denne boka tar  Ann Andrén oss med på safari i ni uker.  ]]></excerpt:encoded>
            <wp:postmeta>
                <wp:meta_key>lsb_isbn</wp:meta_key>
                <wp:meta_value><![CDATA[9788280980106]]></wp:meta_value>
            </wp:postmeta>
            <wp:postmeta>
                <wp:meta_key>_lsb_isbn</wp:meta_key>
                <wp:meta_value><![CDATA[lsb_acf_isbn]]></wp:meta_value>
            </wp:postmeta>
            <wp:postmeta>
                <wp:meta_key>lsb_published_year</wp:meta_key>
                <wp:meta_value><![CDATA[2005]]></wp:meta_value>
            </wp:postmeta>
            <wp:postmeta>
                <wp:meta_key>_lsb_published_year</wp:meta_key>
                <wp:meta_value><![CDATA[lsb_acf_published_year]]></wp:meta_value>
            </wp:postmeta>
            <wp:postmeta>
                <wp:meta_key>lsb_pages</wp:meta_key>
                <wp:meta_value><![CDATA[99]]></wp:meta_value>
            </wp:postmeta>
            <wp:postmeta>
                <wp:meta_key>_lsb_pages</wp:meta_key>
                <wp:meta_value><![CDATA[lsb_acf_pages]]></wp:meta_value>
            </wp:postmeta>
            <wp:postmeta>
                <wp:meta_key>lsb_review</wp:meta_key>
                <wp:meta_value><![CDATA[  <div>Safari betyr å reise på swahili.<br />  Swahili snakkes av mange millioner mennesker<br />  i Afrika.</div>  <div>&#160;</div>  <div>Ann Andrén er fotograf og har reist <br />  i mange afrikanske land.<br />  Den ene dagen nyter vi synet av neshorn,<br />  giraffer og elefanter på nært hold.<br />  Den andre dagen står vi midt i slummen<br />  med fattigdom og falleferdige hus.</div>  ]]></wp:meta_value>
            </wp:postmeta>
            <wp:postmeta>
                <wp:meta_key>_lsb_review</wp:meta_key>
                <wp:meta_value><![CDATA[lsb_acf_review]]></wp:meta_value>
            </wp:postmeta>
            <wp:postmeta>
                <wp:meta_key>lsb_quote</wp:meta_key>
                <wp:meta_value><![CDATA[Jeg drømmer at jeg svever i en luftballong.  Men det er bare en drøm.  I virkeligheten sitter jeg i en jernfugl,  i et fly med kurs mot Kenya.  Vi flyr over skyene.  Utenfor er det 49 kuldegrader.  På bakken nedenfor er det 39 varmegrader.  Der nede ligger Afrika,  målet for mine drømmer.]]></wp:meta_value>
            </wp:postmeta>
            <wp:postmeta>
                <wp:meta_key>_lsb_quote</wp:meta_key>
                <wp:meta_value><![CDATA[lsb_acf_quote]]></wp:meta_value>
            </wp:postmeta>
            <wp:postmeta>
                <wp:meta_key>lsb_supported</wp:meta_key>
                <wp:meta_value><![CDATA[1]]></wp:meta_value>
            </wp:postmeta>
            <wp:postmeta>
                <wp:meta_key>_lsb_supported</wp:meta_key>
                <wp:meta_value><![CDATA[lsb_acf_supported]]></wp:meta_value>
            </wp:postmeta>
            <wp:postmeta>
                <wp:meta_key>lsb_support_cat</wp:meta_key>
                <wp:meta_value><![CDATA[purple]]></wp:meta_value>
            </wp:postmeta>
            <wp:postmeta>
                <wp:meta_key>_lsb_support_cat</wp:meta_key>
                <wp:meta_value><![CDATA[lsb_acf_support_cat]]></wp:meta_value>
            </wp:postmeta>
            <category domain="lsb_tax_author" nicename="ann-andrén-"><![CDATA[Ann Andrén ]]></category>
            <category domain="lsb_tax_publisher" nicename="lettlest-forlag"><![CDATA[Lettlest forlag]]></category>
            <category domain="lsb_tax_illustrator" nicename="ann-andrén"><![CDATA[Ann Andrén]]></category>
            <wp:postmeta>
                <wp:meta_key>lsb_look_inside</wp:meta_key>
                <wp:meta_value><![CDATA[CUSTOM_BLA_I_BOKA]]></wp:meta_value>
            </wp:postmeta>
            <wp:postmeta>
                <wp:meta_key>_lsb_look_inside</wp:meta_key>
                <wp:meta_value><![CDATA[lsb_acf_look_inside]]></wp:meta_value>
            </wp:postmeta>
            <category domain="lsb_tax_age" nicename="ungdom"><![CDATA[ungdom]]></category>
            <category domain="lsb_tax_age" nicename="voksne"><![CDATA[voksne]]></category>
            <category domain="lsb_tax_topic" nicename="historie"><![CDATA[historie]]></category>
            <category domain="lsb_tax_topic" nicename="samfunn"><![CDATA[samfunn]]></category>
            <category domain="lsb_tax_topic" nicename="mennesker-i-mellom"><![CDATA[mennesker i mellom]]></category>
            <category domain="lsb_tax_language" nicename="no_nb"><![CDATA[bokmål]]></category>
            <category domain="lsb_tax_customization" nicename="faglitteratur"><![CDATA[faglitteratur]]></category>
            <category domain="lsb_tax_customization" nicename="mange-bilder"><![CDATA[mange bilder]]></category>
            <wp:postmeta>
                <wp:meta_key>_thumbnail_id</wp:meta_key>
                <wp:meta_value><![CDATA[5310]]></wp:meta_value>
            </wp:postmeta>
        </item>
        <item>
            <title>Safari-i-Afrika-nett.jpg</title>
            <wp:post_id>5310</wp:post_id>
            <wp:status>inherit</wp:status>
            <wp:post_type>attachment</wp:post_type>
            <wp:attachment_url>https://raw.githubusercontent.com/lesersokerbok/boksok.no-data-utils/master/output-example/images/533580743E0B4630A3128C2CF589A2A0.jpg</wp:attachment_url>
        </item>
        <item>
            <wp:post_type>lsb_book</wp:post_type>
            <wp:status>publish</wp:status>
            <title>Greske guder og helter</title>
            <excerpt:encoded><![CDATA[Historiene om de gamle greske gudene og heltene  lever fortsatt i dag.  ]]></excerpt:encoded>
            <wp:postmeta>
                <wp:meta_key>lsb_isbn</wp:meta_key>
                <wp:meta_value><![CDATA[9788280980090]]></wp:meta_value>
            </wp:postmeta>
            <wp:postmeta>
                <wp:meta_key>_lsb_isbn</wp:meta_key>
                <wp:meta_value><![CDATA[lsb_acf_isbn]]></wp:meta_value>
            </wp:postmeta>
            <wp:postmeta>
                <wp:meta_key>lsb_published_year</wp:meta_key>
                <wp:meta_value><![CDATA[2005]]></wp:meta_value>
            </wp:postmeta>
            <wp:postmeta>
                <wp:meta_key>_lsb_published_year</wp:meta_key>
                <wp:meta_value><![CDATA[lsb_acf_published_year]]></wp:meta_value>
            </wp:postmeta>
            <wp:postmeta>
                <wp:meta_key>lsb_pages</wp:meta_key>
                <wp:meta_value><![CDATA[99]]></wp:meta_value>
            </wp:postmeta>
            <wp:postmeta>
                <wp:meta_key>_lsb_pages</wp:meta_key>
                <wp:meta_value><![CDATA[lsb_acf_pages]]></wp:meta_value>
            </wp:postmeta>
            <wp:postmeta>
                <wp:meta_key>lsb_review</wp:meta_key>
                <wp:meta_value><![CDATA[Hellas blir kalt den vestlige kulturens vogge.<br />  Menneskene i Hellas trodde<br />  på mange ulike guder og gudinner.<br />  Lær om gresk historie i denne boka,<br />  som også har vakre tegninger.  ]]></wp:meta_value>
            </wp:postmeta>
            <wp:postmeta>
                <wp:meta_key>_lsb_review</wp:meta_key>
                <wp:meta_value><![CDATA[lsb_acf_review]]></wp:meta_value>
            </wp:postmeta>
            <wp:postmeta>
                <wp:meta_key>lsb_quote</wp:meta_key>
                <wp:meta_value><![CDATA[Grekerne likte teater og skuespill.  For mer enn to tusen år siden,  var det mange berømte dramatikere i Hellas.  Forestillingene spilles fortsatt i dag.  I Hellas var det mange fremragende kunstnere.  Greske skulptører var berømte.  Gamle greske statuer beundres fortsatt  av mennesker over hele verden.]]></wp:meta_value>
            </wp:postmeta>
            <wp:postmeta>
                <wp:meta_key>_lsb_quote</wp:meta_key>
                <wp:meta_value><![CDATA[lsb_acf_quote]]></wp:meta_value>
            </wp:postmeta>
            <wp:postmeta>
                <wp:meta_key>lsb_supported</wp:meta_key>
                <wp:meta_value><![CDATA[1]]></wp:meta_value>
            </wp:postmeta>
            <wp:postmeta>
                <wp:meta_key>_lsb_supported</wp:meta_key>
                <wp:meta_value><![CDATA[lsb_acf_supported]]></wp:meta_value>
            </wp:postmeta>
            <wp:postmeta>
                <wp:meta_key>lsb_support_cat</wp:meta_key>
                <wp:meta_value><![CDATA[purple]]></wp:meta_value>
            </wp:postmeta>
            <wp:postmeta>
                <wp:meta_key>_lsb_support_cat</wp:meta_key>
                <wp:meta_value><![CDATA[lsb_acf_support_cat]]></wp:meta_value>
            </wp:postmeta>
            <category domain="lsb_tax_author" nicename="erik-eriksson"><![CDATA[Erik Eriksson]]></category>
            <category domain="lsb_tax_publisher" nicename="lettlest-forlag"><![CDATA[Lettlest forlag]]></category>
            <category domain="lsb_tax_illustrator" nicename="eva-eide"><![CDATA[Eva Eide]]></category>
            <wp:postmeta>
                <wp:meta_key>lsb_look_inside</wp:meta_key>
                <wp:meta_value><![CDATA[CUSTOM_BLA_I_BOKA]]></wp:meta_value>
            </wp:postmeta>
            <wp:postmeta>
                <wp:meta_key>_lsb_look_inside</wp:meta_key>
                <wp:meta_value><![CDATA[lsb_acf_look_inside]]></wp:meta_value>
            </wp:postmeta>
            <category domain="lsb_tax_age" nicename="ungdom"><![CDATA[ungdom]]></category>
            <category domain="lsb_tax_age" nicename="voksne"><![CDATA[voksne]]></category>
            <category domain="lsb_tax_topic" nicename="krim"><![CDATA[krim]]></category>
            <category domain="lsb_tax_topic" nicename="spenning"><![CDATA[spenning]]></category>
            <category domain="lsb_tax_topic" nicename="kjærlighet"><![CDATA[kjærlighet]]></category>
            <category domain="lsb_tax_topic" nicename="historie"><![CDATA[historie]]></category>
            <category domain="lsb_tax_topic" nicename="samfunn"><![CDATA[samfunn]]></category>
            <category domain="lsb_tax_topic" nicename="mennesker-i-mellom"><![CDATA[mennesker i mellom]]></category>
            <category domain="lsb_tax_language" nicename="no_nb"><![CDATA[bokmål]]></category>
            <category domain="lsb_tax_customization" nicename="faglitteratur"><![CDATA[faglitteratur]]></category>
            <category domain="lsb_tax_customization" nicename="mange-bilder"><![CDATA[mange bilder]]></category>
            <wp:postmeta>
                <wp:meta_key>_thumbnail_id</wp:meta_key>
                <wp:meta_value><![CDATA[5311]]></wp:meta_value>
            </wp:postmeta>
        </item>
        <item>
            <title>Greske_Guder komprimert.jpg</title>
            <wp:post_id>5311</wp:post_id>
            <wp:status>inherit</wp:status>
            <wp:post_type>attachment</wp:post_type>
            <wp:attachment_url>https://raw.githubusercontent.com/lesersokerbok/boksok.no-data-utils/master/output-example/images/FD893AF9CBED4C4AA7352EC4C091C101.jpg</wp:attachment_url>
        </item>
        <item>
            <wp:post_type>lsb_book</wp:post_type>
            <wp:status>publish</wp:status>
            <title>Jakten på det røde gull</title>
            <excerpt:encoded><![CDATA[Vi omgir oss med mobiltelefoner, datamaskiner  og annet elektronisk utstyr.  Disse tingene trenger kobber for å virke.    ]]></excerpt:encoded>
            <wp:postmeta>
                <wp:meta_key>lsb_isbn</wp:meta_key>
                <wp:meta_value><![CDATA[9788281040274]]></wp:meta_value>
            </wp:postmeta>
            <wp:postmeta>
                <wp:meta_key>_lsb_isbn</wp:meta_key>
                <wp:meta_value><![CDATA[lsb_acf_isbn]]></wp:meta_value>
            </wp:postmeta>
            <wp:postmeta>
                <wp:meta_key>lsb_published_year</wp:meta_key>
                <wp:meta_value><![CDATA[2005]]></wp:meta_value>
            </wp:postmeta>
            <wp:postmeta>
                <wp:meta_key>_lsb_published_year</wp:meta_key>
                <wp:meta_value><![CDATA[lsb_acf_published_year]]></wp:meta_value>
            </wp:postmeta>
            <wp:postmeta>
                <wp:meta_key>lsb_pages</wp:meta_key>
                <wp:meta_value><![CDATA[76]]></wp:meta_value>
            </wp:postmeta>
            <wp:postmeta>
                <wp:meta_key>_lsb_pages</wp:meta_key>
                <wp:meta_value><![CDATA[lsb_acf_pages]]></wp:meta_value>
            </wp:postmeta>
            <wp:postmeta>
                <wp:meta_key>lsb_review</wp:meta_key>
                <wp:meta_value><![CDATA[  <p>Her blir du kjent med utvinningen av kobber i Norge. <br />  Boka legger vekt på hvordan <br />  Røros vokste fram som gruveby.<br />  Den forteller om naturfag og kulturhistorie<br />  og knytter det til geografi og kultur <br />  som omgir oss til daglig. <br />  Boka er innbundet og rikt illustrert. </p>  <div>&#160;</div>  <div>I samme serie finnes også <br />  <strong>Metallet som forandret verden</strong>, om jern<br />  og <strong>Blåfargen som verden ville ha</strong>, om kolbotmalm. <br />  </div>  ]]></wp:meta_value>
            </wp:postmeta>
            <wp:postmeta>
                <wp:meta_key>_lsb_review</wp:meta_key>
                <wp:meta_value><![CDATA[lsb_acf_review]]></wp:meta_value>
            </wp:postmeta>
            <wp:postmeta>
                <wp:meta_key>lsb_quote</wp:meta_key>
                <wp:meta_value><![CDATA[Det kommer et pling   fra datamaskinen din.  En ny e-post har kommet,  og du åpner den spent.  Meldingen er fra en venn på ferie i Paris.  Akkurat nå skinner sola der.  Du leser det bare sekunder etter at   vennen din opplevde finværet.  Hvordan kan en e-post   komme så fort fram?]]></wp:meta_value>
            </wp:postmeta>
            <wp:postmeta>
                <wp:meta_key>_lsb_quote</wp:meta_key>
                <wp:meta_value><![CDATA[lsb_acf_quote]]></wp:meta_value>
            </wp:postmeta>
            <wp:postmeta>
                <wp:meta_key>lsb_supported</wp:meta_key>
                <wp:meta_value><![CDATA[1]]></wp:meta_value>
            </wp:postmeta>
            <wp:postmeta>
                <wp:meta_key>_lsb_supported</wp:meta_key>
                <wp:meta_value><![CDATA[lsb_acf_supported]]></wp:meta_value>
            </wp:postmeta>
            <wp:postmeta>
                <wp:meta_key>lsb_support_cat</wp:meta_key>
                <wp:meta_value><![CDATA[purple]]></wp:meta_value>
            </wp:postmeta>
            <wp:postmeta>
                <wp:meta_key>_lsb_support_cat</wp:meta_key>
                <wp:meta_value><![CDATA[lsb_acf_support_cat]]></wp:meta_value>
            </wp:postmeta>
            <category domain="lsb_tax_author" nicename="bjørn-gjefsen-og-steinar-myhr"><![CDATA[Bjørn Gjefsen og Steinar Myhr]]></category>
            <category domain="lsb_tax_publisher" nicename="lettlest-forlag"><![CDATA[Lettlest forlag]]></category>
            <category domain="lsb_tax_illustrator" nicename="steinar-myhr"><![CDATA[Steinar Myhr]]></category>
            <wp:postmeta>
                <wp:meta_key>lsb_look_inside</wp:meta_key>
                <wp:meta_value><![CDATA[CUSTOM_BLA_I_BOKA]]></wp:meta_value>
            </wp:postmeta>
            <wp:postmeta>
                <wp:meta_key>_lsb_look_inside</wp:meta_key>
                <wp:meta_value><![CDATA[lsb_acf_look_inside]]></wp:meta_value>
            </wp:postmeta>
            <category domain="lsb_tax_age" nicename="ungdom"><![CDATA[ungdom]]></category>
            <category domain="lsb_tax_genre" nicename="faglitteratur"><![CDATA[faglitteratur]]></category>
            <category domain="lsb_tax_topic" nicename="historie"><![CDATA[historie]]></category>
            <category domain="lsb_tax_topic" nicename="samfunn"><![CDATA[samfunn]]></category>
            <category domain="lsb_tax_language" nicename="no_nb"><![CDATA[bokmål]]></category>
            <category domain="lsb_tax_customization" nicename="faglitteratur"><![CDATA[faglitteratur]]></category>
            <category domain="lsb_tax_customization" nicename="mange-bilder"><![CDATA[mange bilder]]></category>
            <wp:postmeta>
                <wp:meta_key>_thumbnail_id</wp:meta_key>
                <wp:meta_value><![CDATA[5312]]></wp:meta_value>
            </wp:postmeta>
        </item>
        <item>
            <title>Jakten på det røde gull nett.gif</title>
            <wp:post_id>5312</wp:post_id>
            <wp:status>inherit</wp:status>
            <wp:post_type>attachment</wp:post_type>
            <wp:attachment_url>https://raw.githubusercontent.com/lesersokerbok/boksok.no-data-utils/master/output-example/images/30167FC380FA48D1AD51E1015EDA017C.gif</wp:attachment_url>
        </item>
        <item>
            <wp:post_type>lsb_book</wp:post_type>
            <wp:status>publish</wp:status>
            <title>Kjærlighet mot strømmen - roman</title>
            <excerpt:encoded><![CDATA[Dette er romanen Kjærlighet mot strømmen:   Katja elsker teater og drømmer om å bli skuespiller,  men moren har sagt at det blir vanskelig.  Så treffer hun Vidar, en kjent skuespiller.  ]]></excerpt:encoded>
            <wp:postmeta>
                <wp:meta_key>lsb_isbn</wp:meta_key>
                <wp:meta_value><![CDATA[9788281040281]]></wp:meta_value>
            </wp:postmeta>
            <wp:postmeta>
                <wp:meta_key>_lsb_isbn</wp:meta_key>
                <wp:meta_value><![CDATA[lsb_acf_isbn]]></wp:meta_value>
            </wp:postmeta>
            <wp:postmeta>
                <wp:meta_key>lsb_published_year</wp:meta_key>
                <wp:meta_value><![CDATA[2004]]></wp:meta_value>
            </wp:postmeta>
            <wp:postmeta>
                <wp:meta_key>_lsb_published_year</wp:meta_key>
                <wp:meta_value><![CDATA[lsb_acf_published_year]]></wp:meta_value>
            </wp:postmeta>
            <wp:postmeta>
                <wp:meta_key>lsb_pages</wp:meta_key>
                <wp:meta_value><![CDATA[70]]></wp:meta_value>
            </wp:postmeta>
            <wp:postmeta>
                <wp:meta_key>_lsb_pages</wp:meta_key>
                <wp:meta_value><![CDATA[lsb_acf_pages]]></wp:meta_value>
            </wp:postmeta>
            <wp:postmeta>
                <wp:meta_key>lsb_review</wp:meta_key>
                <wp:meta_value><![CDATA[  <p>De to blir gode venner, og han inviterer henne <br />  ofte med til teateret.</p>  <p>Det fins også et skuespill<br />  med samme historie.</p>  ]]></wp:meta_value>
            </wp:postmeta>
            <wp:postmeta>
                <wp:meta_key>_lsb_review</wp:meta_key>
                <wp:meta_value><![CDATA[lsb_acf_review]]></wp:meta_value>
            </wp:postmeta>
            <wp:postmeta>
                <wp:meta_key>lsb_quote</wp:meta_key>
                <wp:meta_value><![CDATA[Hele kroppen min   er som et skip  fullastet med kjærlighet.  Om jeg er trist eller glad.  Om jeg er sulten eller mett...  Kjærligheten er der alltid.]]></wp:meta_value>
            </wp:postmeta>
            <wp:postmeta>
                <wp:meta_key>_lsb_quote</wp:meta_key>
                <wp:meta_value><![CDATA[lsb_acf_quote]]></wp:meta_value>
            </wp:postmeta>
            <wp:postmeta>
                <wp:meta_key>lsb_supported</wp:meta_key>
                <wp:meta_value><![CDATA[0]]></wp:meta_value>
            </wp:postmeta>
            <wp:postmeta>
                <wp:meta_key>_lsb_supported</wp:meta_key>
                <wp:meta_value><![CDATA[lsb_acf_supported]]></wp:meta_value>
            </wp:postmeta>
            <category domain="lsb_tax_author" nicename="marit-lund-bødtker"><![CDATA[Marit Lund Bødtker]]></category>
            <category domain="lsb_tax_publisher" nicename="orkana"><![CDATA[Orkana]]></category>
            <category domain="lsb_tax_illustrator" nicename="ane-nordvik-hasselberg"><![CDATA[Ane Nordvik Hasselberg]]></category>
            <wp:postmeta>
                <wp:meta_key>lsb_look_inside</wp:meta_key>
                <wp:meta_value><![CDATA[CUSTOM_BLA_I_BOKA]]></wp:meta_value>
            </wp:postmeta>
            <wp:postmeta>
                <wp:meta_key>_lsb_look_inside</wp:meta_key>
                <wp:meta_value><![CDATA[lsb_acf_look_inside]]></wp:meta_value>
            </wp:postmeta>
            <category domain="lsb_tax_age" nicename="ungdom"><![CDATA[ungdom]]></category>
            <category domain="lsb_tax_age" nicename="voksne"><![CDATA[voksne]]></category>
            <category domain="lsb_tax_genre" nicename="prosa"><![CDATA[prosa]]></category>
            <category domain="lsb_tax_topic" nicename="kjærlighet"><![CDATA[kjærlighet]]></category>
            <category domain="lsb_tax_topic" nicename="mennesker-i-mellom"><![CDATA[mennesker i mellom]]></category>
            <category domain="lsb_tax_language" nicename="no_nb"><![CDATA[bokmål]]></category>
            <category domain="lsb_tax_customization" nicename="utviklingshemmede"><![CDATA[utviklingshemmede]]></category>
            <wp:postmeta>
                <wp:meta_key>_thumbnail_id</wp:meta_key>
                <wp:meta_value><![CDATA[5313]]></wp:meta_value>
            </wp:postmeta>
        </item>
        <item>
            <title>Kjærlighet-mot-strømmen2.jpg</title>
            <wp:post_id>5313</wp:post_id>
            <wp:status>inherit</wp:status>
            <wp:post_type>attachment</wp:post_type>
            <wp:attachment_url>https://raw.githubusercontent.com/lesersokerbok/boksok.no-data-utils/master/output-example/images/632AE1C8D79143BCA12B4A54FD0C40DC.jpg</wp:attachment_url>
        </item>
        <item>
            <wp:post_type>lsb_book</wp:post_type>
            <wp:status>publish</wp:status>
            <title>Den lette hageboka</title>
            <excerpt:encoded><![CDATA[Til tross for tittelen er Den lette hageboka   en grundig bok om hage.  Du får vite det som er lurt å kunne om hagestell.  ]]></excerpt:encoded>
            <wp:postmeta>
                <wp:meta_key>lsb_isbn</wp:meta_key>
                <wp:meta_value><![CDATA[9788252928532]]></wp:meta_value>
            </wp:postmeta>
            <wp:postmeta>
                <wp:meta_key>_lsb_isbn</wp:meta_key>
                <wp:meta_value><![CDATA[lsb_acf_isbn]]></wp:meta_value>
            </wp:postmeta>
            <wp:postmeta>
                <wp:meta_key>lsb_published_year</wp:meta_key>
                <wp:meta_value><![CDATA[2005]]></wp:meta_value>
            </wp:postmeta>
            <wp:postmeta>
                <wp:meta_key>_lsb_published_year</wp:meta_key>
                <wp:meta_value><![CDATA[lsb_acf_published_year]]></wp:meta_value>
            </wp:postmeta>
            <wp:postmeta>
                <wp:meta_key>lsb_pages</wp:meta_key>
                <wp:meta_value><![CDATA[192]]></wp:meta_value>
            </wp:postmeta>
            <wp:postmeta>
                <wp:meta_key>_lsb_pages</wp:meta_key>
                <wp:meta_value><![CDATA[lsb_acf_pages]]></wp:meta_value>
            </wp:postmeta>
            <wp:postmeta>
                <wp:meta_key>lsb_review</wp:meta_key>
                <wp:meta_value><![CDATA[  <p>Hva bør man kjøpe eller ikke kjøpe?<br />  Hvordan er det lurest å legge opp arbeidet?<br />  Hva er en god hage for ulike folk, steder og behov?<br />  Du kan lese om jord, plen, blomster, busker og trær<br />  og til slutt litt om å dyrke egen mat.</p>  <p>Boka er praktisk, men også morsom.<br />  Forfatterens vakre bilder har fått stor plass.</p>  <p>Boka er en tilrettelagt utgave av <strong>Hage uten grønne fingre</strong>, som kom ut i 2003.</p>  ]]></wp:meta_value>
            </wp:postmeta>
            <wp:postmeta>
                <wp:meta_key>_lsb_review</wp:meta_key>
                <wp:meta_value><![CDATA[lsb_acf_review]]></wp:meta_value>
            </wp:postmeta>
            <wp:postmeta>
                <wp:meta_key>lsb_quote</wp:meta_key>
                <wp:meta_value><![CDATA[Det hjelper lite å fjerne mosen hvis du ikke   får nye rutiner.  Mosen tar over når gresset ikke trives.  Gresset trives ikke når det får for lite næring,  eller når det er svekket av andre grunner,   for eksempel fordi:   Plenen klippes sjelden, og helt kort.  Alt gressklipp fjernes.  Jorda får ikke gjødsel.  Jorda er for sur.  Eller den har fått for mye kalk og blir for lite   sur. ]]></wp:meta_value>
            </wp:postmeta>
            <wp:postmeta>
                <wp:meta_key>_lsb_quote</wp:meta_key>
                <wp:meta_value><![CDATA[lsb_acf_quote]]></wp:meta_value>
            </wp:postmeta>
            <wp:postmeta>
                <wp:meta_key>lsb_supported</wp:meta_key>
                <wp:meta_value><![CDATA[1]]></wp:meta_value>
            </wp:postmeta>
            <wp:postmeta>
                <wp:meta_key>_lsb_supported</wp:meta_key>
                <wp:meta_value><![CDATA[lsb_acf_supported]]></wp:meta_value>
            </wp:postmeta>
            <wp:postmeta>
                <wp:meta_key>lsb_support_cat</wp:meta_key>
                <wp:meta_value><![CDATA[purple]]></wp:meta_value>
            </wp:postmeta>
            <wp:postmeta>
                <wp:meta_key>_lsb_support_cat</wp:meta_key>
                <wp:meta_value><![CDATA[lsb_acf_support_cat]]></wp:meta_value>
            </wp:postmeta>
            <category domain="lsb_tax_author" nicename="dorte-gjefsen"><![CDATA[Dorte Gjefsen]]></category>
            <category domain="lsb_tax_publisher" nicename="landbruksforlaget"><![CDATA[Landbruksforlaget]]></category>
            <category domain="lsb_tax_illustrator" nicename="dorte-gjefsen"><![CDATA[Dorte Gjefsen]]></category>
            <wp:postmeta>
                <wp:meta_key>lsb_look_inside</wp:meta_key>
                <wp:meta_value><![CDATA[CUSTOM_BLA_I_BOKA]]></wp:meta_value>
            </wp:postmeta>
            <wp:postmeta>
                <wp:meta_key>_lsb_look_inside</wp:meta_key>
                <wp:meta_value><![CDATA[lsb_acf_look_inside]]></wp:meta_value>
            </wp:postmeta>
            <category domain="lsb_tax_age" nicename="voksne"><![CDATA[voksne]]></category>
            <category domain="lsb_tax_genre" nicename="faglitteratur"><![CDATA[faglitteratur]]></category>
            <category domain="lsb_tax_topic" nicename="hus"><![CDATA[hus]]></category>
            <category domain="lsb_tax_topic" nicename="hjem"><![CDATA[hjem]]></category>
            <category domain="lsb_tax_topic" nicename="hage"><![CDATA[hage]]></category>
            <category domain="lsb_tax_language" nicename="no_nb"><![CDATA[bokmål]]></category>
            <category domain="lsb_tax_customization" nicename="faglitteratur"><![CDATA[faglitteratur]]></category>
            <category domain="lsb_tax_customization" nicename="mange-bilder"><![CDATA[mange bilder]]></category>
            <wp:postmeta>
                <wp:meta_key>_thumbnail_id</wp:meta_key>
                <wp:meta_value><![CDATA[5314]]></wp:meta_value>
            </wp:postmeta>
        </item>
        <item>
            <title>Den lette hageboka komprimert.jpg</title>
            <wp:post_id>5314</wp:post_id>
            <wp:status>inherit</wp:status>
            <wp:post_type>attachment</wp:post_type>
            <wp:attachment_url>https://raw.githubusercontent.com/lesersokerbok/boksok.no-data-utils/master/output-example/images/7D7CCDA20BC849CBB8966F8A703B36F1.jpg</wp:attachment_url>
        </item>
        <item>
            <wp:post_type>lsb_book</wp:post_type>
            <wp:status>publish</wp:status>
            <title>Julie + Lita</title>
            <excerpt:encoded><![CDATA[Julies beste venn er nabohunden Lita.  De holder sammen i tykt og tynt.  Men en dag skal Julies familie flytte.  ]]></excerpt:encoded>
            <wp:postmeta>
                <wp:meta_key>lsb_isbn</wp:meta_key>
                <wp:meta_value><![CDATA[9788292621011]]></wp:meta_value>
            </wp:postmeta>
            <wp:postmeta>
                <wp:meta_key>_lsb_isbn</wp:meta_key>
                <wp:meta_value><![CDATA[lsb_acf_isbn]]></wp:meta_value>
            </wp:postmeta>
            <wp:postmeta>
                <wp:meta_key>lsb_published_year</wp:meta_key>
                <wp:meta_value><![CDATA[2005]]></wp:meta_value>
            </wp:postmeta>
            <wp:postmeta>
                <wp:meta_key>_lsb_published_year</wp:meta_key>
                <wp:meta_value><![CDATA[lsb_acf_published_year]]></wp:meta_value>
            </wp:postmeta>
            <wp:postmeta>
                <wp:meta_key>lsb_pages</wp:meta_key>
                <wp:meta_value><![CDATA[40]]></wp:meta_value>
            </wp:postmeta>
            <wp:postmeta>
                <wp:meta_key>_lsb_pages</wp:meta_key>
                <wp:meta_value><![CDATA[lsb_acf_pages]]></wp:meta_value>
            </wp:postmeta>
            <wp:postmeta>
                <wp:meta_key>lsb_review</wp:meta_key>
                <wp:meta_value><![CDATA[  <p><strong>Julie + Lita</strong> er ei bildebok for barn, <br />  tilrettelagt med Bliss.<br />  Dette er en flott og gjennomført bok <br />  med fargerike og klare illustrasjoner.</p>  <p>Heidi Kahrs Damm har startet forlaget Heidilines<br />  for å kunne gi ut bøker med BLISS-symboler.<br />  Hun har også laget boka <strong>Jenny + Blå</strong>.</p>  ]]></wp:meta_value>
            </wp:postmeta>
            <wp:postmeta>
                <wp:meta_key>_lsb_review</wp:meta_key>
                <wp:meta_value><![CDATA[lsb_acf_review]]></wp:meta_value>
            </wp:postmeta>
            <wp:postmeta>
                <wp:meta_key>lsb_quote</wp:meta_key>
                <wp:meta_value><![CDATA[Nesten hver dag   går jeg tur med Lita.  Små turer,  for Lita er en liten hund.  Jeg er ikke stor jeg heller.]]></wp:meta_value>
            </wp:postmeta>
            <wp:postmeta>
                <wp:meta_key>_lsb_quote</wp:meta_key>
                <wp:meta_value><![CDATA[lsb_acf_quote]]></wp:meta_value>
            </wp:postmeta>
            <wp:postmeta>
                <wp:meta_key>lsb_supported</wp:meta_key>
                <wp:meta_value><![CDATA[1]]></wp:meta_value>
            </wp:postmeta>
            <wp:postmeta>
                <wp:meta_key>_lsb_supported</wp:meta_key>
                <wp:meta_value><![CDATA[lsb_acf_supported]]></wp:meta_value>
            </wp:postmeta>
            <wp:postmeta>
                <wp:meta_key>lsb_support_cat</wp:meta_key>
                <wp:meta_value><![CDATA[blue]]></wp:meta_value>
            </wp:postmeta>
            <wp:postmeta>
                <wp:meta_key>_lsb_support_cat</wp:meta_key>
                <wp:meta_value><![CDATA[lsb_acf_support_cat]]></wp:meta_value>
            </wp:postmeta>
            <category domain="lsb_tax_author" nicename="heidi-kahrs-damm"><![CDATA[Heidi Kahrs Damm]]></category>
            <category domain="lsb_tax_publisher" nicename="heidilines"><![CDATA[Heidilines]]></category>
            <category domain="lsb_tax_illustrator" nicename="heidi-kahrs-damm"><![CDATA[Heidi Kahrs Damm]]></category>
            <wp:postmeta>
                <wp:meta_key>lsb_look_inside</wp:meta_key>
                <wp:meta_value><![CDATA[CUSTOM_BLA_I_BOKA]]></wp:meta_value>
            </wp:postmeta>
            <wp:postmeta>
                <wp:meta_key>_lsb_look_inside</wp:meta_key>
                <wp:meta_value><![CDATA[lsb_acf_look_inside]]></wp:meta_value>
            </wp:postmeta>
            <category domain="lsb_tax_age" nicename="barn"><![CDATA[barn]]></category>
            <category domain="lsb_tax_topic" nicename="mennesker-i-mellom"><![CDATA[mennesker i mellom]]></category>
            <category domain="lsb_tax_language" nicename="no_nb"><![CDATA[bokmål]]></category>
            <category domain="lsb_tax_customization" nicename="bliss"><![CDATA[bliss]]></category>
            <category domain="lsb_tax_customization" nicename="piktogram"><![CDATA[piktogram]]></category>
            <category domain="lsb_tax_customization" nicename="mange-bilder"><![CDATA[mange bilder]]></category>
            <wp:postmeta>
                <wp:meta_key>_thumbnail_id</wp:meta_key>
                <wp:meta_value><![CDATA[5315]]></wp:meta_value>
            </wp:postmeta>
        </item>
        <item>
            <title>julielita.jpg</title>
            <wp:post_id>5315</wp:post_id>
            <wp:status>inherit</wp:status>
            <wp:post_type>attachment</wp:post_type>
            <wp:attachment_url>https://raw.githubusercontent.com/lesersokerbok/boksok.no-data-utils/master/output-example/images/288F23E58A0144689AE34F2641395046.jpg</wp:attachment_url>
        </item>
        <item>
            <wp:post_type>lsb_book</wp:post_type>
            <wp:status>publish</wp:status>
            <title>Den første turisten</title>
            <excerpt:encoded><![CDATA[For mer enn hundre år siden   var det ikke vanlig med turister.  Ikke før en spesiell dame kom til Finmark.  ]]></excerpt:encoded>
            <wp:postmeta>
                <wp:meta_key>lsb_isbn</wp:meta_key>
                <wp:meta_value><![CDATA[9788280980052]]></wp:meta_value>
            </wp:postmeta>
            <wp:postmeta>
                <wp:meta_key>_lsb_isbn</wp:meta_key>
                <wp:meta_value><![CDATA[lsb_acf_isbn]]></wp:meta_value>
            </wp:postmeta>
            <wp:postmeta>
                <wp:meta_key>lsb_published_year</wp:meta_key>
                <wp:meta_value><![CDATA[2004]]></wp:meta_value>
            </wp:postmeta>
            <wp:postmeta>
                <wp:meta_key>_lsb_published_year</wp:meta_key>
                <wp:meta_value><![CDATA[lsb_acf_published_year]]></wp:meta_value>
            </wp:postmeta>
            <wp:postmeta>
                <wp:meta_key>lsb_pages</wp:meta_key>
                <wp:meta_value><![CDATA[64]]></wp:meta_value>
            </wp:postmeta>
            <wp:postmeta>
                <wp:meta_key>_lsb_pages</wp:meta_key>
                <wp:meta_value><![CDATA[lsb_acf_pages]]></wp:meta_value>
            </wp:postmeta>
            <wp:postmeta>
                <wp:meta_key>lsb_review</wp:meta_key>
                <wp:meta_value><![CDATA[  <p>Den første turisten er en varm fortelling<br />  om å bli kjent med nye mennesker,<br />  uten felles språk og med ulik bakgrunn.</p>  <p>Alf Kvasbø har skrevet flere bøker<br />  med enkel tekst for ungdom.</p>  <p>&#160;</p>  ]]></wp:meta_value>
            </wp:postmeta>
            <wp:postmeta>
                <wp:meta_key>_lsb_review</wp:meta_key>
                <wp:meta_value><![CDATA[lsb_acf_review]]></wp:meta_value>
            </wp:postmeta>
            <wp:postmeta>
                <wp:meta_key>lsb_quote</wp:meta_key>
                <wp:meta_value><![CDATA[Come in, come in, gorrhyser!  ropte hun vennlig til oss.  Hjertet sank i meg.   Da lærerne snudde seg   og så på oss, visste jeg   at nå var vi utestengte fra skolen.]]></wp:meta_value>
            </wp:postmeta>
            <wp:postmeta>
                <wp:meta_key>_lsb_quote</wp:meta_key>
                <wp:meta_value><![CDATA[lsb_acf_quote]]></wp:meta_value>
            </wp:postmeta>
            <wp:postmeta>
                <wp:meta_key>lsb_supported</wp:meta_key>
                <wp:meta_value><![CDATA[1]]></wp:meta_value>
            </wp:postmeta>
            <wp:postmeta>
                <wp:meta_key>_lsb_supported</wp:meta_key>
                <wp:meta_value><![CDATA[lsb_acf_supported]]></wp:meta_value>
            </wp:postmeta>
            <wp:postmeta>
                <wp:meta_key>lsb_support_cat</wp:meta_key>
                <wp:meta_value><![CDATA[purple]]></wp:meta_value>
            </wp:postmeta>
            <wp:postmeta>
                <wp:meta_key>_lsb_support_cat</wp:meta_key>
                <wp:meta_value><![CDATA[lsb_acf_support_cat]]></wp:meta_value>
            </wp:postmeta>
            <category domain="lsb_tax_author" nicename="alf-kvasbø"><![CDATA[Alf Kvasbø]]></category>
            <category domain="lsb_tax_publisher" nicename="lettlest-forlag"><![CDATA[Lettlest forlag]]></category>
            <category domain="lsb_tax_illustrator" nicename="mette-gundersen-(omslag)"><![CDATA[Mette Gundersen (omslag)]]></category>
            <wp:postmeta>
                <wp:meta_key>lsb_look_inside</wp:meta_key>
                <wp:meta_value><![CDATA[CUSTOM_BLA_I_BOKA]]></wp:meta_value>
            </wp:postmeta>
            <wp:postmeta>
                <wp:meta_key>_lsb_look_inside</wp:meta_key>
                <wp:meta_value><![CDATA[lsb_acf_look_inside]]></wp:meta_value>
            </wp:postmeta>
            <category domain="lsb_tax_age" nicename="voksne"><![CDATA[voksne]]></category>
            <category domain="lsb_tax_genre" nicename="prosa"><![CDATA[prosa]]></category>
            <category domain="lsb_tax_topic" nicename="historie"><![CDATA[historie]]></category>
            <category domain="lsb_tax_topic" nicename="samfunn"><![CDATA[samfunn]]></category>
            <category domain="lsb_tax_topic" nicename="mennesker-i-mellom"><![CDATA[mennesker i mellom]]></category>
            <category domain="lsb_tax_language" nicename="no_nb"><![CDATA[bokmål]]></category>
            <category domain="lsb_tax_customization" nicename="skjønnlitteratur"><![CDATA[skjønnlitteratur]]></category>
            <wp:postmeta>
                <wp:meta_key>_thumbnail_id</wp:meta_key>
                <wp:meta_value><![CDATA[5316]]></wp:meta_value>
            </wp:postmeta>
        </item>
        <item>
            <title>Den første turisten.jpg</title>
            <wp:post_id>5316</wp:post_id>
            <wp:status>inherit</wp:status>
            <wp:post_type>attachment</wp:post_type>
            <wp:attachment_url>https://raw.githubusercontent.com/lesersokerbok/boksok.no-data-utils/master/output-example/images/7FDD0D693CFE4AF296B85D6171285068.jpg</wp:attachment_url>
        </item>
        <item>
            <wp:post_type>lsb_book</wp:post_type>
            <wp:status>publish</wp:status>
            <title>Rogers filledokke vil ha kake</title>
            <excerpt:encoded><![CDATA[Rogers filledokke er sulten.  Etter hvert blir den mindre og mindre.  Snart forsvinner den nesten.  ]]></excerpt:encoded>
            <wp:postmeta>
                <wp:meta_key>lsb_isbn</wp:meta_key>
                <wp:meta_value><![CDATA[9788256014101]]></wp:meta_value>
            </wp:postmeta>
            <wp:postmeta>
                <wp:meta_key>_lsb_isbn</wp:meta_key>
                <wp:meta_value><![CDATA[lsb_acf_isbn]]></wp:meta_value>
            </wp:postmeta>
            <wp:postmeta>
                <wp:meta_key>lsb_published_year</wp:meta_key>
                <wp:meta_value><![CDATA[2004]]></wp:meta_value>
            </wp:postmeta>
            <wp:postmeta>
                <wp:meta_key>_lsb_published_year</wp:meta_key>
                <wp:meta_value><![CDATA[lsb_acf_published_year]]></wp:meta_value>
            </wp:postmeta>
            <wp:postmeta>
                <wp:meta_key>lsb_pages</wp:meta_key>
                <wp:meta_value><![CDATA[7]]></wp:meta_value>
            </wp:postmeta>
            <wp:postmeta>
                <wp:meta_key>_lsb_pages</wp:meta_key>
                <wp:meta_value><![CDATA[lsb_acf_pages]]></wp:meta_value>
            </wp:postmeta>
            <wp:postmeta>
                <wp:meta_key>lsb_review</wp:meta_key>
                <wp:meta_value><![CDATA[  <p>Men så tar Roger til fornuft,<br />  og deler maten med dokka si.</p>  <div>Teksten i denne boka er enkel <br />  og har rytme og rim. </div>  <div>Den egner seg godt til høytlesing. <br />  Skriften er trykt i stor svartskrift <br />  og punktskrift. </div>  <p>Anette Diesen har skrevet <br />  flere bøker tilrettelagt for synshemmede, <br />  blant annet tre bøker om Rogers filledokke. </p>  ]]></wp:meta_value>
            </wp:postmeta>
            <wp:postmeta>
                <wp:meta_key>_lsb_review</wp:meta_key>
                <wp:meta_value><![CDATA[lsb_acf_review]]></wp:meta_value>
            </wp:postmeta>
            <wp:postmeta>
                <wp:meta_key>lsb_quote</wp:meta_key>
                <wp:meta_value><![CDATA[Roger spiser kransekake.  Dokka hans fikk ikke smake.  Roger åt en kakering.  Dokka hans fikk ingenting.]]></wp:meta_value>
            </wp:postmeta>
            <wp:postmeta>
                <wp:meta_key>_lsb_quote</wp:meta_key>
                <wp:meta_value><![CDATA[lsb_acf_quote]]></wp:meta_value>
            </wp:postmeta>
            <wp:postmeta>
                <wp:meta_key>lsb_supported</wp:meta_key>
                <wp:meta_value><![CDATA[1]]></wp:meta_value>
            </wp:postmeta>
            <wp:postmeta>
                <wp:meta_key>_lsb_supported</wp:meta_key>
                <wp:meta_value><![CDATA[lsb_acf_supported]]></wp:meta_value>
            </wp:postmeta>
            <wp:postmeta>
                <wp:meta_key>lsb_support_cat</wp:meta_key>
                <wp:meta_value><![CDATA[orange]]></wp:meta_value>
            </wp:postmeta>
            <wp:postmeta>
                <wp:meta_key>_lsb_support_cat</wp:meta_key>
                <wp:meta_value><![CDATA[lsb_acf_support_cat]]></wp:meta_value>
            </wp:postmeta>
            <category domain="lsb_tax_author" nicename="anette-diesen"><![CDATA[Anette Diesen]]></category>
            <category domain="lsb_tax_publisher" nicename="solum"><![CDATA[Solum]]></category>
            <category domain="lsb_tax_illustrator" nicename="anette-diesen"><![CDATA[Anette Diesen]]></category>
            <wp:postmeta>
                <wp:meta_key>lsb_look_inside</wp:meta_key>
                <wp:meta_value><![CDATA[CUSTOM_BLA_I_BOKA]]></wp:meta_value>
            </wp:postmeta>
            <wp:postmeta>
                <wp:meta_key>_lsb_look_inside</wp:meta_key>
                <wp:meta_value><![CDATA[lsb_acf_look_inside]]></wp:meta_value>
            </wp:postmeta>
            <category domain="lsb_tax_age" nicename="barn"><![CDATA[barn]]></category>
            <category domain="lsb_tax_genre" nicename="prosa"><![CDATA[prosa]]></category>
            <category domain="lsb_tax_topic" nicename="humor"><![CDATA[humor]]></category>
            <category domain="lsb_tax_language" nicename="no_nb"><![CDATA[bokmål]]></category>
            <category domain="lsb_tax_customization" nicename="punktskrift"><![CDATA[punktskrift]]></category>
            <category domain="lsb_tax_customization" nicename="følebilder"><![CDATA[følebilder]]></category>
            <category domain="lsb_tax_customization" nicename="mange-bilder"><![CDATA[mange bilder]]></category>
        </item>
        <item>
            <wp:post_type>lsb_book</wp:post_type>
            <wp:status>publish</wp:status>
            <title>Hevnernes høst</title>
            <excerpt:encoded><![CDATA[En mann blir drept på et loft i Elvsjø.   Politiet leter etter morderen.   ]]></excerpt:encoded>
            <wp:postmeta>
                <wp:meta_key>lsb_isbn</wp:meta_key>
                <wp:meta_value><![CDATA[9788280980014]]></wp:meta_value>
            </wp:postmeta>
            <wp:postmeta>
                <wp:meta_key>_lsb_isbn</wp:meta_key>
                <wp:meta_value><![CDATA[lsb_acf_isbn]]></wp:meta_value>
            </wp:postmeta>
            <wp:postmeta>
                <wp:meta_key>lsb_published_year</wp:meta_key>
                <wp:meta_value><![CDATA[2003]]></wp:meta_value>
            </wp:postmeta>
            <wp:postmeta>
                <wp:meta_key>_lsb_published_year</wp:meta_key>
                <wp:meta_value><![CDATA[lsb_acf_published_year]]></wp:meta_value>
            </wp:postmeta>
            <wp:postmeta>
                <wp:meta_key>lsb_pages</wp:meta_key>
                <wp:meta_value><![CDATA[176]]></wp:meta_value>
            </wp:postmeta>
            <wp:postmeta>
                <wp:meta_key>_lsb_pages</wp:meta_key>
                <wp:meta_value><![CDATA[lsb_acf_pages]]></wp:meta_value>
            </wp:postmeta>
            <wp:postmeta>
                <wp:meta_key>lsb_review</wp:meta_key>
                <wp:meta_value><![CDATA[  <div>Birgitta og Bengt bor i huset ved siden av.<br />  En ukjent mann ser hvordan Bengt mishandler Birgitta. <br />  Mannen begynner å overvåke Bengt.<br />  Verner bor i samme gate. <br />  Han har tidligere vært politibetjent.<br />  Verner blir mistenkt for mordet. </div>  <div>Han bestemmer seg for å begynne å lete<br />  etter morderen.<br />  Snart forstår han at morderen er en hevner.<br />  Hevneren vil at menn som slår kvinner<br />  skal få lide like mye som kvinnene.<br />  </div>  <div>Krimbok skrevet med enkel tekst. </div>  ]]></wp:meta_value>
            </wp:postmeta>
            <wp:postmeta>
                <wp:meta_key>_lsb_review</wp:meta_key>
                <wp:meta_value><![CDATA[lsb_acf_review]]></wp:meta_value>
            </wp:postmeta>
            <wp:postmeta>
                <wp:meta_key>lsb_quote</wp:meta_key>
                <wp:meta_value/>
            </wp:postmeta>
            <wp:postmeta>
                <wp:meta_key>_lsb_quote</wp:meta_key>
                <wp:meta_value><![CDATA[lsb_acf_quote]]></wp:meta_value>
            </wp:postmeta>
            <wp:postmeta>
                <wp:meta_key>lsb_supported</wp:meta_key>
                <wp:meta_value><![CDATA[0]]></wp:meta_value>
            </wp:postmeta>
            <wp:postmeta>
                <wp:meta_key>_lsb_supported</wp:meta_key>
                <wp:meta_value><![CDATA[lsb_acf_supported]]></wp:meta_value>
            </wp:postmeta>
            <category domain="lsb_tax_author" nicename="erik-eriksson"><![CDATA[Erik Eriksson]]></category>
            <category domain="lsb_tax_publisher" nicename="lettlest-forlag"><![CDATA[Lettlest forlag]]></category>
            <wp:postmeta>
                <wp:meta_key>lsb_look_inside</wp:meta_key>
                <wp:meta_value><![CDATA[CUSTOM_BLA_I_BOKA]]></wp:meta_value>
            </wp:postmeta>
            <wp:postmeta>
                <wp:meta_key>_lsb_look_inside</wp:meta_key>
                <wp:meta_value><![CDATA[lsb_acf_look_inside]]></wp:meta_value>
            </wp:postmeta>
            <category domain="lsb_tax_age" nicename="ungdom"><![CDATA[ungdom]]></category>
            <category domain="lsb_tax_age" nicename="voksne"><![CDATA[voksne]]></category>
            <category domain="lsb_tax_genre" nicename="prosa"><![CDATA[prosa]]></category>
            <category domain="lsb_tax_topic" nicename="krim"><![CDATA[krim]]></category>
            <category domain="lsb_tax_topic" nicename="spenning"><![CDATA[spenning]]></category>
            <category domain="lsb_tax_language" nicename="no_nb"><![CDATA[bokmål]]></category>
            <category domain="lsb_tax_customization" nicename="skjønnlitteratur"><![CDATA[skjønnlitteratur]]></category>
            <wp:postmeta>
                <wp:meta_key>_thumbnail_id</wp:meta_key>
                <wp:meta_value><![CDATA[5318]]></wp:meta_value>
            </wp:postmeta>
        </item>
        <item>
            <title>Hevnernes høst.jpg</title>
            <wp:post_id>5318</wp:post_id>
            <wp:status>inherit</wp:status>
            <wp:post_type>attachment</wp:post_type>
            <wp:attachment_url>https://raw.githubusercontent.com/lesersokerbok/boksok.no-data-utils/master/output-example/images/E54F4955501841BCA5684F275967BA78.jpg</wp:attachment_url>
        </item>
        <item>
            <wp:post_type>lsb_book</wp:post_type>
            <wp:status>publish</wp:status>
            <title>Moby Dick</title>
            <excerpt:encoded><![CDATA[Den hvite hvalen, Moby Dick,   har spist beinet til Kaptein Ahab.   Kaptein Ahab er besatt av tanken på hevn,   koste hva det koste vil.  ]]></excerpt:encoded>
            <wp:postmeta>
                <wp:meta_key>lsb_isbn</wp:meta_key>
                <wp:meta_value><![CDATA[9788299666237]]></wp:meta_value>
            </wp:postmeta>
            <wp:postmeta>
                <wp:meta_key>_lsb_isbn</wp:meta_key>
                <wp:meta_value><![CDATA[lsb_acf_isbn]]></wp:meta_value>
            </wp:postmeta>
            <wp:postmeta>
                <wp:meta_key>lsb_published_year</wp:meta_key>
                <wp:meta_value><![CDATA[2003]]></wp:meta_value>
            </wp:postmeta>
            <wp:postmeta>
                <wp:meta_key>_lsb_published_year</wp:meta_key>
                <wp:meta_value><![CDATA[lsb_acf_published_year]]></wp:meta_value>
            </wp:postmeta>
            <wp:postmeta>
                <wp:meta_key>lsb_pages</wp:meta_key>
                <wp:meta_value/>
            </wp:postmeta>
            <wp:postmeta>
                <wp:meta_key>_lsb_pages</wp:meta_key>
                <wp:meta_value><![CDATA[lsb_acf_pages]]></wp:meta_value>
            </wp:postmeta>
            <wp:postmeta>
                <wp:meta_key>lsb_review</wp:meta_key>
                <wp:meta_value/>
            </wp:postmeta>
            <wp:postmeta>
                <wp:meta_key>_lsb_review</wp:meta_key>
                <wp:meta_value><![CDATA[lsb_acf_review]]></wp:meta_value>
            </wp:postmeta>
            <wp:postmeta>
                <wp:meta_key>lsb_quote</wp:meta_key>
                <wp:meta_value><![CDATA[Snart var vi ute på havet,   og seilte mot det ukjente.  Foran oss svømte de store sjødyra.  Jeg lurte på om de visste   hvilken skjebne som ventet dem.  Men det var én hval   som visste at vi var på vei.  En stor hvit hval som ventet på oss.]]></wp:meta_value>
            </wp:postmeta>
            <wp:postmeta>
                <wp:meta_key>_lsb_quote</wp:meta_key>
                <wp:meta_value><![CDATA[lsb_acf_quote]]></wp:meta_value>
            </wp:postmeta>
            <wp:postmeta>
                <wp:meta_key>lsb_supported</wp:meta_key>
                <wp:meta_value><![CDATA[1]]></wp:meta_value>
            </wp:postmeta>
            <wp:postmeta>
                <wp:meta_key>_lsb_supported</wp:meta_key>
                <wp:meta_value><![CDATA[lsb_acf_supported]]></wp:meta_value>
            </wp:postmeta>
            <wp:postmeta>
                <wp:meta_key>lsb_support_cat</wp:meta_key>
                <wp:meta_value><![CDATA[purple]]></wp:meta_value>
            </wp:postmeta>
            <wp:postmeta>
                <wp:meta_key>_lsb_support_cat</wp:meta_key>
                <wp:meta_value><![CDATA[lsb_acf_support_cat]]></wp:meta_value>
            </wp:postmeta>
            <category domain="lsb_tax_author" nicename="herman-melville,-tegnet-og-gjenfortalt-av-will-eisner"><![CDATA[Herman Melville, tegnet og gjenfortalt av Will Eisner]]></category>
            <category domain="lsb_tax_publisher" nicename="seriehuset-as"><![CDATA[Seriehuset AS]]></category>
            <category domain="lsb_tax_illustrator" nicename="will-eisner"><![CDATA[Will Eisner]]></category>
            <category domain="lsb_tax_translator" nicename="tonje-t.-larsen-og-anne-marit-godal"><![CDATA[Tonje T. Larsen og Anne Marit Godal]]></category>
            <wp:postmeta>
                <wp:meta_key>lsb_look_inside</wp:meta_key>
                <wp:meta_value><![CDATA[CUSTOM_BLA_I_BOKA]]></wp:meta_value>
            </wp:postmeta>
            <wp:postmeta>
                <wp:meta_key>_lsb_look_inside</wp:meta_key>
                <wp:meta_value><![CDATA[lsb_acf_look_inside]]></wp:meta_value>
            </wp:postmeta>
            <category domain="lsb_tax_age" nicename="ungdom"><![CDATA[ungdom]]></category>
            <category domain="lsb_tax_age" nicename="voksne"><![CDATA[voksne]]></category>
            <category domain="lsb_tax_genre" nicename="prosa"><![CDATA[prosa]]></category>
            <category domain="lsb_tax_topic" nicename="eventyr"><![CDATA[eventyr]]></category>
            <category domain="lsb_tax_language" nicename="no_nb"><![CDATA[bokmål]]></category>
            <category domain="lsb_tax_customization" nicename="bilder"><![CDATA[bilder]]></category>
            <category domain="lsb_tax_customization" nicename="mange-bilder"><![CDATA[mange bilder]]></category>
            <wp:postmeta>
                <wp:meta_key>_thumbnail_id</wp:meta_key>
                <wp:meta_value><![CDATA[5319]]></wp:meta_value>
            </wp:postmeta>
        </item>
        <item>
            <title>Moby Dick.jpg</title>
            <wp:post_id>5319</wp:post_id>
            <wp:status>inherit</wp:status>
            <wp:post_type>attachment</wp:post_type>
            <wp:attachment_url>https://raw.githubusercontent.com/lesersokerbok/boksok.no-data-utils/master/output-example/images/800665A1FAC743B6AE317326891DAE82.jpg</wp:attachment_url>
        </item>
        <item>
            <wp:post_type>lsb_book</wp:post_type>
            <wp:status>publish</wp:status>
            <title>Så kom englene</title>
            <excerpt:encoded><![CDATA[Alfred har arbeidet på kirkegården  i mer enn femti år.  Han elsker jobben og landsbyen sin.  ]]></excerpt:encoded>
            <wp:postmeta>
                <wp:meta_key>lsb_isbn</wp:meta_key>
                <wp:meta_value><![CDATA[9788280980076]]></wp:meta_value>
            </wp:postmeta>
            <wp:postmeta>
                <wp:meta_key>_lsb_isbn</wp:meta_key>
                <wp:meta_value><![CDATA[lsb_acf_isbn]]></wp:meta_value>
            </wp:postmeta>
            <wp:postmeta>
                <wp:meta_key>lsb_published_year</wp:meta_key>
                <wp:meta_value><![CDATA[2004]]></wp:meta_value>
            </wp:postmeta>
            <wp:postmeta>
                <wp:meta_key>_lsb_published_year</wp:meta_key>
                <wp:meta_value><![CDATA[lsb_acf_published_year]]></wp:meta_value>
            </wp:postmeta>
            <wp:postmeta>
                <wp:meta_key>lsb_pages</wp:meta_key>
                <wp:meta_value><![CDATA[76]]></wp:meta_value>
            </wp:postmeta>
            <wp:postmeta>
                <wp:meta_key>_lsb_pages</wp:meta_key>
                <wp:meta_value><![CDATA[lsb_acf_pages]]></wp:meta_value>
            </wp:postmeta>
            <wp:postmeta>
                <wp:meta_key>lsb_review</wp:meta_key>
                <wp:meta_value><![CDATA[  <p>Han ønsker ikke å være noe annet sted.<br />  Men det var før englene kom.</p>  <p><strong>Så kom englene</strong> er et vakkert tidsbilde<br />  fra livet i en engelsk landsby på 1960-tallet.<br />  Boka kan leses av alle generasjoner.</p>  <p>Philip Newth har gitt ut flere tilrettelagte bøker.</p>  ]]></wp:meta_value>
            </wp:postmeta>
            <wp:postmeta>
                <wp:meta_key>_lsb_review</wp:meta_key>
                <wp:meta_value><![CDATA[lsb_acf_review]]></wp:meta_value>
            </wp:postmeta>
            <wp:postmeta>
                <wp:meta_key>lsb_quote</wp:meta_key>
                <wp:meta_value><![CDATA[Alfred kastet den siste spaden  med jord på graven.  Han klappet jorda grundig på plass  og tok et skritt bakover.  Han likte å beundre arbeidet sitt  litt på avstand.]]></wp:meta_value>
            </wp:postmeta>
            <wp:postmeta>
                <wp:meta_key>_lsb_quote</wp:meta_key>
                <wp:meta_value><![CDATA[lsb_acf_quote]]></wp:meta_value>
            </wp:postmeta>
            <wp:postmeta>
                <wp:meta_key>lsb_supported</wp:meta_key>
                <wp:meta_value><![CDATA[1]]></wp:meta_value>
            </wp:postmeta>
            <wp:postmeta>
                <wp:meta_key>_lsb_supported</wp:meta_key>
                <wp:meta_value><![CDATA[lsb_acf_supported]]></wp:meta_value>
            </wp:postmeta>
            <wp:postmeta>
                <wp:meta_key>lsb_support_cat</wp:meta_key>
                <wp:meta_value><![CDATA[purple]]></wp:meta_value>
            </wp:postmeta>
            <wp:postmeta>
                <wp:meta_key>_lsb_support_cat</wp:meta_key>
                <wp:meta_value><![CDATA[lsb_acf_support_cat]]></wp:meta_value>
            </wp:postmeta>
            <category domain="lsb_tax_author" nicename="philip-newth"><![CDATA[Philip Newth]]></category>
            <category domain="lsb_tax_publisher" nicename="lettlest-forlag"><![CDATA[Lettlest forlag]]></category>
            <wp:postmeta>
                <wp:meta_key>lsb_look_inside</wp:meta_key>
                <wp:meta_value><![CDATA[CUSTOM_BLA_I_BOKA]]></wp:meta_value>
            </wp:postmeta>
            <wp:postmeta>
                <wp:meta_key>_lsb_look_inside</wp:meta_key>
                <wp:meta_value><![CDATA[lsb_acf_look_inside]]></wp:meta_value>
            </wp:postmeta>
            <category domain="lsb_tax_age" nicename="voksne"><![CDATA[voksne]]></category>
            <category domain="lsb_tax_genre" nicename="prosa"><![CDATA[prosa]]></category>
            <category domain="lsb_tax_topic" nicename="mennesker-i-mellom"><![CDATA[mennesker i mellom]]></category>
            <category domain="lsb_tax_language" nicename="no_nb"><![CDATA[bokmål]]></category>
            <category domain="lsb_tax_customization" nicename="skjønnlitteratur"><![CDATA[skjønnlitteratur]]></category>
            <wp:postmeta>
                <wp:meta_key>_thumbnail_id</wp:meta_key>
                <wp:meta_value><![CDATA[5320]]></wp:meta_value>
            </wp:postmeta>
        </item>
        <item>
            <title>Så-kom-englene-nett.jpg</title>
            <wp:post_id>5320</wp:post_id>
            <wp:status>inherit</wp:status>
            <wp:post_type>attachment</wp:post_type>
            <wp:attachment_url>https://raw.githubusercontent.com/lesersokerbok/boksok.no-data-utils/master/output-example/images/FB61E5591D9E444FA7D64971FCA45EB9.jpg</wp:attachment_url>
        </item>
        <item>
            <wp:post_type>lsb_book</wp:post_type>
            <wp:status>publish</wp:status>
            <title>Jenny + Blå</title>
            <excerpt:encoded><![CDATA[Bestevennen til Jenny er usynlig og heter Blå.   ]]></excerpt:encoded>
            <wp:postmeta>
                <wp:meta_key>lsb_isbn</wp:meta_key>
                <wp:meta_value><![CDATA[9788292621004]]></wp:meta_value>
            </wp:postmeta>
            <wp:postmeta>
                <wp:meta_key>_lsb_isbn</wp:meta_key>
                <wp:meta_value><![CDATA[lsb_acf_isbn]]></wp:meta_value>
            </wp:postmeta>
            <wp:postmeta>
                <wp:meta_key>lsb_published_year</wp:meta_key>
                <wp:meta_value><![CDATA[2005]]></wp:meta_value>
            </wp:postmeta>
            <wp:postmeta>
                <wp:meta_key>_lsb_published_year</wp:meta_key>
                <wp:meta_value><![CDATA[lsb_acf_published_year]]></wp:meta_value>
            </wp:postmeta>
            <wp:postmeta>
                <wp:meta_key>lsb_pages</wp:meta_key>
                <wp:meta_value><![CDATA[36]]></wp:meta_value>
            </wp:postmeta>
            <wp:postmeta>
                <wp:meta_key>_lsb_pages</wp:meta_key>
                <wp:meta_value><![CDATA[lsb_acf_pages]]></wp:meta_value>
            </wp:postmeta>
            <wp:postmeta>
                <wp:meta_key>lsb_review</wp:meta_key>
                <wp:meta_value><![CDATA[  <p>Jenny blir født med en skade. <br />  Mesteparten av tida <br />  er hun hjemme med mamma.<br />  Heldigvis har hun bestevennen Blå<br />  som er der for henne - nesten alltid.</p>  <div>&#160;</div>  <div><strong>Jenny + Blå</strong> er ei bildebok for barn, <br />  tilrettelagt med Bliss.<br />  Dette er en flott og gjennomført bok <br />  med fargerike og klare illustrasjoner.</div>  <p>Heidi Kahrs Damm har startet forlaget Heidilines <br />  for å kunne gi ut bøker med BLISS-symboler.<br />  Hun har også laget bøkene <strong>Julie + Lita</strong> og <strong>Simen + Månen</strong>.</p>  ]]></wp:meta_value>
            </wp:postmeta>
            <wp:postmeta>
                <wp:meta_key>_lsb_review</wp:meta_key>
                <wp:meta_value><![CDATA[lsb_acf_review]]></wp:meta_value>
            </wp:postmeta>
            <wp:postmeta>
                <wp:meta_key>lsb_quote</wp:meta_key>
                <wp:meta_value><![CDATA[Hver dag lekte jeg med Blå.  Mamma trodde jeg var alene.  Ingen var som Blå.  Han måtte ikke hjem til middag eller Barne-TV.]]></wp:meta_value>
            </wp:postmeta>
            <wp:postmeta>
                <wp:meta_key>_lsb_quote</wp:meta_key>
                <wp:meta_value><![CDATA[lsb_acf_quote]]></wp:meta_value>
            </wp:postmeta>
            <wp:postmeta>
                <wp:meta_key>lsb_supported</wp:meta_key>
                <wp:meta_value><![CDATA[1]]></wp:meta_value>
            </wp:postmeta>
            <wp:postmeta>
                <wp:meta_key>_lsb_supported</wp:meta_key>
                <wp:meta_value><![CDATA[lsb_acf_supported]]></wp:meta_value>
            </wp:postmeta>
            <wp:postmeta>
                <wp:meta_key>lsb_support_cat</wp:meta_key>
                <wp:meta_value><![CDATA[blue]]></wp:meta_value>
            </wp:postmeta>
            <wp:postmeta>
                <wp:meta_key>_lsb_support_cat</wp:meta_key>
                <wp:meta_value><![CDATA[lsb_acf_support_cat]]></wp:meta_value>
            </wp:postmeta>
            <category domain="lsb_tax_author" nicename="heidi-kahrs"><![CDATA[Heidi Kahrs]]></category>
            <category domain="lsb_tax_publisher" nicename="heidilines"><![CDATA[Heidilines]]></category>
            <wp:postmeta>
                <wp:meta_key>lsb_look_inside</wp:meta_key>
                <wp:meta_value><![CDATA[CUSTOM_BLA_I_BOKA]]></wp:meta_value>
            </wp:postmeta>
            <wp:postmeta>
                <wp:meta_key>_lsb_look_inside</wp:meta_key>
                <wp:meta_value><![CDATA[lsb_acf_look_inside]]></wp:meta_value>
            </wp:postmeta>
            <category domain="lsb_tax_age" nicename="barn"><![CDATA[barn]]></category>
            <category domain="lsb_tax_topic" nicename="eventyr"><![CDATA[eventyr]]></category>
            <category domain="lsb_tax_topic" nicename="mennesker-i-mellom"><![CDATA[mennesker i mellom]]></category>
            <category domain="lsb_tax_language" nicename="no_nb"><![CDATA[bokmål]]></category>
            <category domain="lsb_tax_customization" nicename="bliss"><![CDATA[bliss]]></category>
            <category domain="lsb_tax_customization" nicename="piktogram"><![CDATA[piktogram]]></category>
            <category domain="lsb_tax_customization" nicename="mange-bilder"><![CDATA[mange bilder]]></category>
            <wp:postmeta>
                <wp:meta_key>_thumbnail_id</wp:meta_key>
                <wp:meta_value><![CDATA[5321]]></wp:meta_value>
            </wp:postmeta>
        </item>
        <item>
            <title>jennybla.jpg</title>
            <wp:post_id>5321</wp:post_id>
            <wp:status>inherit</wp:status>
            <wp:post_type>attachment</wp:post_type>
            <wp:attachment_url>https://raw.githubusercontent.com/lesersokerbok/boksok.no-data-utils/master/output-example/images/80C440727B594928840686064A5FE515.jpg</wp:attachment_url>
        </item>
        <item>
            <wp:post_type>lsb_book</wp:post_type>
            <wp:status>publish</wp:status>
            <title>En naken mann i Paris </title>
            <excerpt:encoded><![CDATA[Les om hvordan det går   videre med Assar Jansson og fru Lasker. ]]></excerpt:encoded>
            <wp:postmeta>
                <wp:meta_key>lsb_isbn</wp:meta_key>
                <wp:meta_value><![CDATA[9788281040847]]></wp:meta_value>
            </wp:postmeta>
            <wp:postmeta>
                <wp:meta_key>_lsb_isbn</wp:meta_key>
                <wp:meta_value><![CDATA[lsb_acf_isbn]]></wp:meta_value>
            </wp:postmeta>
            <wp:postmeta>
                <wp:meta_key>lsb_published_year</wp:meta_key>
                <wp:meta_value><![CDATA[2010]]></wp:meta_value>
            </wp:postmeta>
            <wp:postmeta>
                <wp:meta_key>_lsb_published_year</wp:meta_key>
                <wp:meta_value><![CDATA[lsb_acf_published_year]]></wp:meta_value>
            </wp:postmeta>
            <wp:postmeta>
                <wp:meta_key>lsb_pages</wp:meta_key>
                <wp:meta_value><![CDATA[96]]></wp:meta_value>
            </wp:postmeta>
            <wp:postmeta>
                <wp:meta_key>_lsb_pages</wp:meta_key>
                <wp:meta_value><![CDATA[lsb_acf_pages]]></wp:meta_value>
            </wp:postmeta>
            <wp:postmeta>
                <wp:meta_key>lsb_review</wp:meta_key>
                <wp:meta_value><![CDATA[  <div>Forrige bok om Assar Jansson </div>  <div>het <strong>En naken mann</strong>. </div>  <div>Jansson låste seg ute i gangen, </div>  <div>helt naken!  Til slutt ringte han på </div>  <div>hos fru Lasker, den snille naboen sin. </div>  <div>Den natten bestemmer Jansson </div>  <div>og fru Lasker at de vil dra på </div>  <div>en reise sammen. </div>  <div>Fru Lasker reiste masse da hun </div>  <div>var ung. Jansson har aldri vært </div>  <div>i utlandet før. De bestemmer seg for </div>  <div>å dra til Paris. </div>  <div>&#160;</div>  <div>Boka <strong>En naken mann i Paris</strong> </div>  <div>har enkel tekst med et luftig oppsett. </div>  <div>Innholdet er illustrert </div>  <div>med tegninger i sort/hvitt. </div>  <div>Boka har både humor og alvor. </div>  <div>Den kan med fordel leses høyt </div>  <div>sammen med andre.  </div>  <div>Leseren lærer mye om Paris </div>  <div>og om hvordan det kan være </div>  <div>å reise sammen. </div>  <div>Boka passer for alle som ønsker </div>  <div>enkelt innhold, både eldre lesere </div>  <div>og utviklingshemmede. </div>  <div>&#160;</div>  <div><strong>En naken mann i Paris </strong>er en </div>  <div>oppfølger av <strong>En naken mann</strong>, </div>  <div>men kan også leses selvstendig. </div>  <div>&#160;</div>  <div><strong>Johan Werkmäster</strong> er svensk. </div>  <div>Bøkene hans er populære i Sverige. </div>  <div>Nå har <strong>Liv R. Lykkenborg</strong> </div>  <div>oversatt de to bøkene om </div>  <div>den nakne mannen til norsk. </div>  <div><strong>Liv R. Lykkenborg</strong> er kjent for å ha laget </div>  <div>mange flotte bøker som passer spesielt </div>  <div>for utviklingshemmede. </div>  ]]></wp:meta_value>
            </wp:postmeta>
            <wp:postmeta>
                <wp:meta_key>_lsb_review</wp:meta_key>
                <wp:meta_value><![CDATA[lsb_acf_review]]></wp:meta_value>
            </wp:postmeta>
            <wp:postmeta>
                <wp:meta_key>lsb_quote</wp:meta_key>
                <wp:meta_value><![CDATA[Selv fra det første planet er utsikten fantastisk.   De er seksti meter opp i lufta,   omtrent like høyt som et kirketårn.   De kan se ut over hele Paris.   Fru Lasker peker   og forteller om alle bygningene de ser. ]]></wp:meta_value>
            </wp:postmeta>
            <wp:postmeta>
                <wp:meta_key>_lsb_quote</wp:meta_key>
                <wp:meta_value><![CDATA[lsb_acf_quote]]></wp:meta_value>
            </wp:postmeta>
            <wp:postmeta>
                <wp:meta_key>lsb_supported</wp:meta_key>
                <wp:meta_value><![CDATA[1]]></wp:meta_value>
            </wp:postmeta>
            <wp:postmeta>
                <wp:meta_key>_lsb_supported</wp:meta_key>
                <wp:meta_value><![CDATA[lsb_acf_supported]]></wp:meta_value>
            </wp:postmeta>
            <wp:postmeta>
                <wp:meta_key>lsb_support_cat</wp:meta_key>
                <wp:meta_value><![CDATA[green]]></wp:meta_value>
            </wp:postmeta>
            <wp:postmeta>
                <wp:meta_key>_lsb_support_cat</wp:meta_key>
                <wp:meta_value><![CDATA[lsb_acf_support_cat]]></wp:meta_value>
            </wp:postmeta>
            <category domain="lsb_tax_author" nicename="johan-werkmäster"><![CDATA[Johan Werkmäster]]></category>
            <category domain="lsb_tax_publisher" nicename="orkana"><![CDATA[Orkana]]></category>
            <category domain="lsb_tax_illustrator" nicename="boel-werner"><![CDATA[Boel Werner]]></category>
            <category domain="lsb_tax_translator" nicename="liv-r.-lykkenborg"><![CDATA[Liv R. Lykkenborg]]></category>
            <wp:postmeta>
                <wp:meta_key>lsb_look_inside</wp:meta_key>
                <wp:meta_value><![CDATA[CUSTOM_BLA_I_BOKA]]></wp:meta_value>
            </wp:postmeta>
            <wp:postmeta>
                <wp:meta_key>_lsb_look_inside</wp:meta_key>
                <wp:meta_value><![CDATA[lsb_acf_look_inside]]></wp:meta_value>
            </wp:postmeta>
            <category domain="lsb_tax_age" nicename="voksne"><![CDATA[voksne]]></category>
            <category domain="lsb_tax_genre" nicename="prosa"><![CDATA[prosa]]></category>
            <category domain="lsb_tax_topic" nicename="mennesker-i-mellom"><![CDATA[mennesker i mellom]]></category>
            <category domain="lsb_tax_topic" nicename="kjærlighet"><![CDATA[kjærlighet]]></category>
            <category domain="lsb_tax_topic" nicename="humor"><![CDATA[humor]]></category>
            <category domain="lsb_tax_language" nicename="no_nb"><![CDATA[bokmål]]></category>
            <category domain="lsb_tax_customization" nicename="utviklingshemmede"><![CDATA[utviklingshemmede]]></category>
            <wp:postmeta>
                <wp:meta_key>_thumbnail_id</wp:meta_key>
                <wp:meta_value><![CDATA[5322]]></wp:meta_value>
            </wp:postmeta>
        </item>
        <item>
            <title>En naken mann.jpg</title>
            <wp:post_id>5322</wp:post_id>
            <wp:status>inherit</wp:status>
            <wp:post_type>attachment</wp:post_type>
            <wp:attachment_url>https://raw.githubusercontent.com/lesersokerbok/boksok.no-data-utils/master/output-example/images/0D7682A640954B569453048FAC2A6D84.jpg</wp:attachment_url>
        </item>
        <item>
            <wp:post_type>lsb_book</wp:post_type>
            <wp:status>publish</wp:status>
            <title>Villrosen</title>
            <excerpt:encoded><![CDATA[Henry Maartens står ved et vendepunkt.  Hans kone vil skilles. Henry bestemmer seg  for å forfølge drømmen om Villrosen,  henne han elsket en gang i tiden.  ]]></excerpt:encoded>
            <wp:postmeta>
                <wp:meta_key>lsb_isbn</wp:meta_key>
                <wp:meta_value><![CDATA[9788205340886]]></wp:meta_value>
            </wp:postmeta>
            <wp:postmeta>
                <wp:meta_key>_lsb_isbn</wp:meta_key>
                <wp:meta_value><![CDATA[lsb_acf_isbn]]></wp:meta_value>
            </wp:postmeta>
            <wp:postmeta>
                <wp:meta_key>lsb_published_year</wp:meta_key>
                <wp:meta_value><![CDATA[2005]]></wp:meta_value>
            </wp:postmeta>
            <wp:postmeta>
                <wp:meta_key>_lsb_published_year</wp:meta_key>
                <wp:meta_value><![CDATA[lsb_acf_published_year]]></wp:meta_value>
            </wp:postmeta>
            <wp:postmeta>
                <wp:meta_key>lsb_pages</wp:meta_key>
                <wp:meta_value><![CDATA[74]]></wp:meta_value>
            </wp:postmeta>
            <wp:postmeta>
                <wp:meta_key>_lsb_pages</wp:meta_key>
                <wp:meta_value><![CDATA[lsb_acf_pages]]></wp:meta_value>
            </wp:postmeta>
            <wp:postmeta>
                <wp:meta_key>lsb_review</wp:meta_key>
                <wp:meta_value><![CDATA[  <p>Hva skjedde egentlig med henne da hun forsvant?<br />  Dro hun frivillig, eller ble hun utsatt for en forbrytelse?</p>  <p>Spennende krim i miniformat av Håkan Nesser, <br />  som er en av Sveiges beste forfattere. <br />  Boka er bearbeidet til enkel tekst <br />  av Johan Werkmäster. </p>  <div>&#160;</div>  <div><strong>Villrosen</strong> er ei bok i Litt å lese-serien.<br />  </div>  ]]></wp:meta_value>
            </wp:postmeta>
            <wp:postmeta>
                <wp:meta_key>_lsb_review</wp:meta_key>
                <wp:meta_value><![CDATA[lsb_acf_review]]></wp:meta_value>
            </wp:postmeta>
            <wp:postmeta>
                <wp:meta_key>lsb_quote</wp:meta_key>
                <wp:meta_value><![CDATA[Jeg har bare vært ordentlig forelsket én gang i mitt liv.  Det var for tredve år siden.  Nå er jeg 49 år. Den gangen var jeg nitten.  Jeg elsket en pike som het Vera Kall.  Hun ble kalt Villrosen.  Denne historien handler om henne.]]></wp:meta_value>
            </wp:postmeta>
            <wp:postmeta>
                <wp:meta_key>_lsb_quote</wp:meta_key>
                <wp:meta_value><![CDATA[lsb_acf_quote]]></wp:meta_value>
            </wp:postmeta>
            <wp:postmeta>
                <wp:meta_key>lsb_supported</wp:meta_key>
                <wp:meta_value><![CDATA[1]]></wp:meta_value>
            </wp:postmeta>
            <wp:postmeta>
                <wp:meta_key>_lsb_supported</wp:meta_key>
                <wp:meta_value><![CDATA[lsb_acf_supported]]></wp:meta_value>
            </wp:postmeta>
            <wp:postmeta>
                <wp:meta_key>lsb_support_cat</wp:meta_key>
                <wp:meta_value><![CDATA[purple]]></wp:meta_value>
            </wp:postmeta>
            <wp:postmeta>
                <wp:meta_key>_lsb_support_cat</wp:meta_key>
                <wp:meta_value><![CDATA[lsb_acf_support_cat]]></wp:meta_value>
            </wp:postmeta>
            <category domain="lsb_tax_author" nicename="håkan-nesser"><![CDATA[Håkan Nesser]]></category>
            <category domain="lsb_tax_publisher" nicename="gyldendal"><![CDATA[Gyldendal]]></category>
            <category domain="lsb_tax_illustrator" nicename="ragnar-aalbu-(omslag)"><![CDATA[Ragnar Aalbu (omslag)]]></category>
            <category domain="lsb_tax_translator" nicename="elisabeth-bjørnson"><![CDATA[Elisabeth Bjørnson]]></category>
            <wp:postmeta>
                <wp:meta_key>lsb_look_inside</wp:meta_key>
                <wp:meta_value><![CDATA[CUSTOM_BLA_I_BOKA]]></wp:meta_value>
            </wp:postmeta>
            <wp:postmeta>
                <wp:meta_key>_lsb_look_inside</wp:meta_key>
                <wp:meta_value><![CDATA[lsb_acf_look_inside]]></wp:meta_value>
            </wp:postmeta>
            <category domain="lsb_tax_age" nicename="voksne"><![CDATA[voksne]]></category>
            <category domain="lsb_tax_genre" nicename="prosa"><![CDATA[prosa]]></category>
            <category domain="lsb_tax_topic" nicename="kjærlighet"><![CDATA[kjærlighet]]></category>
            <category domain="lsb_tax_topic" nicename="mennesker-i-mellom"><![CDATA[mennesker i mellom]]></category>
            <category domain="lsb_tax_language" nicename="no_nb"><![CDATA[bokmål]]></category>
            <category domain="lsb_tax_customization" nicename="skjønnlitteratur"><![CDATA[skjønnlitteratur]]></category>
            <wp:postmeta>
                <wp:meta_key>_thumbnail_id</wp:meta_key>
                <wp:meta_value><![CDATA[5323]]></wp:meta_value>
            </wp:postmeta>
        </item>
        <item>
            <title>Villrosen-nett.jpg</title>
            <wp:post_id>5323</wp:post_id>
            <wp:status>inherit</wp:status>
            <wp:post_type>attachment</wp:post_type>
            <wp:attachment_url>https://raw.githubusercontent.com/lesersokerbok/boksok.no-data-utils/master/output-example/images/DAB7717231AE4AE297567A3381FED743.jpg</wp:attachment_url>
        </item>
        <item>
            <wp:post_type>lsb_book</wp:post_type>
            <wp:status>publish</wp:status>
            <title>Kysset som fikk snøen til å smelte</title>
            <excerpt:encoded><![CDATA[Dette er en prisbelønt ungdomsbok om å være forelsket. ]]></excerpt:encoded>
            <wp:postmeta>
                <wp:meta_key>lsb_isbn</wp:meta_key>
                <wp:meta_value><![CDATA[9788204101280]]></wp:meta_value>
            </wp:postmeta>
            <wp:postmeta>
                <wp:meta_key>_lsb_isbn</wp:meta_key>
                <wp:meta_value><![CDATA[lsb_acf_isbn]]></wp:meta_value>
            </wp:postmeta>
            <wp:postmeta>
                <wp:meta_key>lsb_published_year</wp:meta_key>
                <wp:meta_value><![CDATA[2004]]></wp:meta_value>
            </wp:postmeta>
            <wp:postmeta>
                <wp:meta_key>_lsb_published_year</wp:meta_key>
                <wp:meta_value><![CDATA[lsb_acf_published_year]]></wp:meta_value>
            </wp:postmeta>
            <wp:postmeta>
                <wp:meta_key>lsb_pages</wp:meta_key>
                <wp:meta_value><![CDATA[60]]></wp:meta_value>
            </wp:postmeta>
            <wp:postmeta>
                <wp:meta_key>_lsb_pages</wp:meta_key>
                <wp:meta_value><![CDATA[lsb_acf_pages]]></wp:meta_value>
            </wp:postmeta>
            <wp:postmeta>
                <wp:meta_key>lsb_review</wp:meta_key>
                <wp:meta_value><![CDATA[  <div>De var bestevenner. De delte alt. Men så kom Stian. </div>  <div>&#160;</div>  <div>Boka ble gitt ut for første gang i 1991,<br />  da fikk den Norsk kulturråds litteraturpris.<br />  Nå har den nye tegninger av Ronja Berge.</div>  <p>Dette er ei bok i serien Front, <br />  en unik serie bøker med enkel tekst for ungdom.</p>  ]]></wp:meta_value>
            </wp:postmeta>
            <wp:postmeta>
                <wp:meta_key>_lsb_review</wp:meta_key>
                <wp:meta_value><![CDATA[lsb_acf_review]]></wp:meta_value>
            </wp:postmeta>
            <wp:postmeta>
                <wp:meta_key>lsb_quote</wp:meta_key>
                <wp:meta_value><![CDATA[Kanskje det ikke er noe å fortelle om. Det er så vanlig alt sammen. Likevel kjennes det uvanlig. Det handler om følelser. Om mine følelser. Men også Cecilies følelser. Om følelsene til Stian. Det handler om et kyss. ]]></wp:meta_value>
            </wp:postmeta>
            <wp:postmeta>
                <wp:meta_key>_lsb_quote</wp:meta_key>
                <wp:meta_value><![CDATA[lsb_acf_quote]]></wp:meta_value>
            </wp:postmeta>
            <wp:postmeta>
                <wp:meta_key>lsb_supported</wp:meta_key>
                <wp:meta_value><![CDATA[1]]></wp:meta_value>
            </wp:postmeta>
            <wp:postmeta>
                <wp:meta_key>_lsb_supported</wp:meta_key>
                <wp:meta_value><![CDATA[lsb_acf_supported]]></wp:meta_value>
            </wp:postmeta>
            <wp:postmeta>
                <wp:meta_key>lsb_support_cat</wp:meta_key>
                <wp:meta_value><![CDATA[purple]]></wp:meta_value>
            </wp:postmeta>
            <wp:postmeta>
                <wp:meta_key>_lsb_support_cat</wp:meta_key>
                <wp:meta_value><![CDATA[lsb_acf_support_cat]]></wp:meta_value>
            </wp:postmeta>
            <category domain="lsb_tax_author" nicename="tor-fretheim"><![CDATA[Tor Fretheim]]></category>
            <category domain="lsb_tax_publisher" nicename="damm"><![CDATA[Damm]]></category>
            <category domain="lsb_tax_illustrator" nicename="ronja-berge"><![CDATA[Ronja Berge]]></category>
            <wp:postmeta>
                <wp:meta_key>lsb_look_inside</wp:meta_key>
                <wp:meta_value><![CDATA[CUSTOM_BLA_I_BOKA]]></wp:meta_value>
            </wp:postmeta>
            <wp:postmeta>
                <wp:meta_key>_lsb_look_inside</wp:meta_key>
                <wp:meta_value><![CDATA[lsb_acf_look_inside]]></wp:meta_value>
            </wp:postmeta>
            <category domain="lsb_tax_age" nicename="ungdom"><![CDATA[ungdom]]></category>
            <category domain="lsb_tax_genre" nicename="prosa"><![CDATA[prosa]]></category>
            <category domain="lsb_tax_topic" nicename="kjærlighet"><![CDATA[kjærlighet]]></category>
            <category domain="lsb_tax_topic" nicename="mennesker-i-mellom"><![CDATA[mennesker i mellom]]></category>
            <category domain="lsb_tax_language" nicename="no_nb"><![CDATA[bokmål]]></category>
            <category domain="lsb_tax_customization" nicename="skjønnlitteratur"><![CDATA[skjønnlitteratur]]></category>
            <category domain="lsb_tax_customization" nicename="mange-bilder"><![CDATA[mange bilder]]></category>
            <wp:postmeta>
                <wp:meta_key>_thumbnail_id</wp:meta_key>
                <wp:meta_value><![CDATA[5324]]></wp:meta_value>
            </wp:postmeta>
        </item>
        <item>
            <title>kysset som fikk snøen, ny.jpg</title>
            <wp:post_id>5324</wp:post_id>
            <wp:status>inherit</wp:status>
            <wp:post_type>attachment</wp:post_type>
            <wp:attachment_url>https://raw.githubusercontent.com/lesersokerbok/boksok.no-data-utils/master/output-example/images/C13266103681415497293B810A6E7216.jpg</wp:attachment_url>
        </item>
        <item>
            <wp:post_type>lsb_book</wp:post_type>
            <wp:status>publish</wp:status>
            <title>Fotografens død</title>
            <excerpt:encoded><![CDATA[I denne boka finner du den populære   etterforskeren Kurt Wallander i miniformat.    ]]></excerpt:encoded>
            <wp:postmeta>
                <wp:meta_key>lsb_isbn</wp:meta_key>
                <wp:meta_value><![CDATA[9788205340893]]></wp:meta_value>
            </wp:postmeta>
            <wp:postmeta>
                <wp:meta_key>_lsb_isbn</wp:meta_key>
                <wp:meta_value><![CDATA[lsb_acf_isbn]]></wp:meta_value>
            </wp:postmeta>
            <wp:postmeta>
                <wp:meta_key>lsb_published_year</wp:meta_key>
                <wp:meta_value><![CDATA[2005]]></wp:meta_value>
            </wp:postmeta>
            <wp:postmeta>
                <wp:meta_key>_lsb_published_year</wp:meta_key>
                <wp:meta_value><![CDATA[lsb_acf_published_year]]></wp:meta_value>
            </wp:postmeta>
            <wp:postmeta>
                <wp:meta_key>lsb_pages</wp:meta_key>
                <wp:meta_value><![CDATA[78]]></wp:meta_value>
            </wp:postmeta>
            <wp:postmeta>
                <wp:meta_key>_lsb_pages</wp:meta_key>
                <wp:meta_value><![CDATA[lsb_acf_pages]]></wp:meta_value>
            </wp:postmeta>
            <wp:postmeta>
                <wp:meta_key>lsb_review</wp:meta_key>
                <wp:meta_value><![CDATA[  <div>Fotograf Simon Lamberg var død før han traff gulvet. <br />  Dagen etter blir han funnet av vaskehjelpen.<br />  Hvorfor ble han myrdet, og av hvem?<br />  Førstebetjent Kurt Wallander får en ny sak å løse.<br />  </div>  <div>Teksten er bearbeidet av Johan Werkmäster. <br />  <strong>Fotografens død</strong> er ei bok i Litt å lese-serien. </div>  ]]></wp:meta_value>
            </wp:postmeta>
            <wp:postmeta>
                <wp:meta_key>_lsb_review</wp:meta_key>
                <wp:meta_value><![CDATA[lsb_acf_review]]></wp:meta_value>
            </wp:postmeta>
            <wp:postmeta>
                <wp:meta_key>lsb_quote</wp:meta_key>
                <wp:meta_value><![CDATA[Han åpnet døren og gikk ut av bakrommet,  inn i det mørke atelieret.  Deretter skjedde alt veldig fort.  Han så en skygge foran seg.  Han prøvde å flykte, prøvde å løpe,  men rakk bare noen få skritt.  Noe traff ham hardt i hodet,  og så eksploderte hele verden.]]></wp:meta_value>
            </wp:postmeta>
            <wp:postmeta>
                <wp:meta_key>_lsb_quote</wp:meta_key>
                <wp:meta_value><![CDATA[lsb_acf_quote]]></wp:meta_value>
            </wp:postmeta>
            <wp:postmeta>
                <wp:meta_key>lsb_supported</wp:meta_key>
                <wp:meta_value><![CDATA[1]]></wp:meta_value>
            </wp:postmeta>
            <wp:postmeta>
                <wp:meta_key>_lsb_supported</wp:meta_key>
                <wp:meta_value><![CDATA[lsb_acf_supported]]></wp:meta_value>
            </wp:postmeta>
            <wp:postmeta>
                <wp:meta_key>lsb_support_cat</wp:meta_key>
                <wp:meta_value><![CDATA[purple]]></wp:meta_value>
            </wp:postmeta>
            <wp:postmeta>
                <wp:meta_key>_lsb_support_cat</wp:meta_key>
                <wp:meta_value><![CDATA[lsb_acf_support_cat]]></wp:meta_value>
            </wp:postmeta>
            <category domain="lsb_tax_author" nicename="henning-mankell"><![CDATA[Henning Mankell]]></category>
            <category domain="lsb_tax_publisher" nicename="gyldendal"><![CDATA[Gyldendal]]></category>
            <category domain="lsb_tax_illustrator" nicename="ragnar-aalbu-(omslag)"><![CDATA[Ragnar Aalbu (omslag)]]></category>
            <category domain="lsb_tax_translator" nicename="elisabeth-bjørnson"><![CDATA[Elisabeth Bjørnson]]></category>
            <wp:postmeta>
                <wp:meta_key>lsb_look_inside</wp:meta_key>
                <wp:meta_value><![CDATA[CUSTOM_BLA_I_BOKA]]></wp:meta_value>
            </wp:postmeta>
            <wp:postmeta>
                <wp:meta_key>_lsb_look_inside</wp:meta_key>
                <wp:meta_value><![CDATA[lsb_acf_look_inside]]></wp:meta_value>
            </wp:postmeta>
            <category domain="lsb_tax_age" nicename="voksne"><![CDATA[voksne]]></category>
            <category domain="lsb_tax_genre" nicename="prosa"><![CDATA[prosa]]></category>
            <category domain="lsb_tax_topic" nicename="krim"><![CDATA[krim]]></category>
            <category domain="lsb_tax_topic" nicename="spenning"><![CDATA[spenning]]></category>
            <category domain="lsb_tax_language" nicename="no_nb"><![CDATA[bokmål]]></category>
            <category domain="lsb_tax_customization" nicename="skjønnlitteratur"><![CDATA[skjønnlitteratur]]></category>
            <wp:postmeta>
                <wp:meta_key>_thumbnail_id</wp:meta_key>
                <wp:meta_value><![CDATA[5325]]></wp:meta_value>
            </wp:postmeta>
        </item>
        <item>
            <title>Fotografens-død-nett.jpg</title>
            <wp:post_id>5325</wp:post_id>
            <wp:status>inherit</wp:status>
            <wp:post_type>attachment</wp:post_type>
            <wp:attachment_url>https://raw.githubusercontent.com/lesersokerbok/boksok.no-data-utils/master/output-example/images/6A2BDC59A30B45A89BAC2A74E13F639F.jpg</wp:attachment_url>
        </item>
        <item>
            <wp:post_type>lsb_book</wp:post_type>
            <wp:status>publish</wp:status>
            <title>Bjarne elsker katta si</title>
            <excerpt:encoded><![CDATA[Bjarne lager dikt om sol og blomster - og om katter.  ]]></excerpt:encoded>
            <wp:postmeta>
                <wp:meta_key>lsb_isbn</wp:meta_key>
                <wp:meta_value><![CDATA[9788273844507]]></wp:meta_value>
            </wp:postmeta>
            <wp:postmeta>
                <wp:meta_key>_lsb_isbn</wp:meta_key>
                <wp:meta_value><![CDATA[lsb_acf_isbn]]></wp:meta_value>
            </wp:postmeta>
            <wp:postmeta>
                <wp:meta_key>lsb_published_year</wp:meta_key>
                <wp:meta_value><![CDATA[1994]]></wp:meta_value>
            </wp:postmeta>
            <wp:postmeta>
                <wp:meta_key>_lsb_published_year</wp:meta_key>
                <wp:meta_value><![CDATA[lsb_acf_published_year]]></wp:meta_value>
            </wp:postmeta>
            <wp:postmeta>
                <wp:meta_key>lsb_pages</wp:meta_key>
                <wp:meta_value><![CDATA[125]]></wp:meta_value>
            </wp:postmeta>
            <wp:postmeta>
                <wp:meta_key>_lsb_pages</wp:meta_key>
                <wp:meta_value><![CDATA[lsb_acf_pages]]></wp:meta_value>
            </wp:postmeta>
            <wp:postmeta>
                <wp:meta_key>lsb_review</wp:meta_key>
                <wp:meta_value><![CDATA[  <p>Denne boka handler om noe som har hendt Bjarne<br />  fordi han er så glad i katter.<br />  Noen ganger kan det bli problemer<br />  av slik kjærlighet.</p>  <p>Denne boka har tekst det er lett å lese. <br />  På annen hver side har boka et bilde <br />  som forteller historien. <br />  Under hvert bilde står det kort forklart <br />  hva som skjer. <br />  </p>  ]]></wp:meta_value>
            </wp:postmeta>
            <wp:postmeta>
                <wp:meta_key>_lsb_review</wp:meta_key>
                <wp:meta_value><![CDATA[lsb_acf_review]]></wp:meta_value>
            </wp:postmeta>
            <wp:postmeta>
                <wp:meta_key>lsb_quote</wp:meta_key>
                <wp:meta_value><![CDATA[Bjarne løftet katta forsiktig opp.   Så pen den var.   Nesten hele katta var svart.   Den var bare hvit på brystet.   Katta lignet akkurat på Siri. ]]></wp:meta_value>
            </wp:postmeta>
            <wp:postmeta>
                <wp:meta_key>_lsb_quote</wp:meta_key>
                <wp:meta_value><![CDATA[lsb_acf_quote]]></wp:meta_value>
            </wp:postmeta>
            <wp:postmeta>
                <wp:meta_key>lsb_supported</wp:meta_key>
                <wp:meta_value><![CDATA[0]]></wp:meta_value>
            </wp:postmeta>
            <wp:postmeta>
                <wp:meta_key>_lsb_supported</wp:meta_key>
                <wp:meta_value><![CDATA[lsb_acf_supported]]></wp:meta_value>
            </wp:postmeta>
            <category domain="lsb_tax_author" nicename="liv-riktor-lykkenborg"><![CDATA[Liv Riktor Lykkenborg]]></category>
            <category domain="lsb_tax_publisher" nicename="damm"><![CDATA[Damm]]></category>
            <category domain="lsb_tax_illustrator" nicename="malgorzata-piotrowska"><![CDATA[Malgorzata Piotrowska]]></category>
            <wp:postmeta>
                <wp:meta_key>lsb_look_inside</wp:meta_key>
                <wp:meta_value><![CDATA[CUSTOM_BLA_I_BOKA]]></wp:meta_value>
            </wp:postmeta>
            <wp:postmeta>
                <wp:meta_key>_lsb_look_inside</wp:meta_key>
                <wp:meta_value><![CDATA[lsb_acf_look_inside]]></wp:meta_value>
            </wp:postmeta>
            <category domain="lsb_tax_age" nicename="voksne"><![CDATA[voksne]]></category>
            <category domain="lsb_tax_genre" nicename="prosa"><![CDATA[prosa]]></category>
            <category domain="lsb_tax_topic" nicename="kjærlighet"><![CDATA[kjærlighet]]></category>
            <category domain="lsb_tax_topic" nicename="mennesker-i-mellom"><![CDATA[mennesker i mellom]]></category>
            <category domain="lsb_tax_language" nicename="no_nb"><![CDATA[bokmål]]></category>
            <category domain="lsb_tax_customization" nicename="utviklingshemmede"><![CDATA[utviklingshemmede]]></category>
            <category domain="lsb_tax_customization" nicename="mange-bilder"><![CDATA[mange bilder]]></category>
        </item>
        <item>
            <wp:post_type>lsb_book</wp:post_type>
            <wp:status>publish</wp:status>
            <title>Tone vil ha venner</title>
            <excerpt:encoded><![CDATA[Tone vil gjerne ha venner.   Men i skolegården står Tone ofte alene.]]></excerpt:encoded>
            <wp:postmeta>
                <wp:meta_key>lsb_isbn</wp:meta_key>
                <wp:meta_value><![CDATA[9788299677807]]></wp:meta_value>
            </wp:postmeta>
            <wp:postmeta>
                <wp:meta_key>_lsb_isbn</wp:meta_key>
                <wp:meta_value><![CDATA[lsb_acf_isbn]]></wp:meta_value>
            </wp:postmeta>
            <wp:postmeta>
                <wp:meta_key>lsb_published_year</wp:meta_key>
                <wp:meta_value><![CDATA[2003]]></wp:meta_value>
            </wp:postmeta>
            <wp:postmeta>
                <wp:meta_key>_lsb_published_year</wp:meta_key>
                <wp:meta_value><![CDATA[lsb_acf_published_year]]></wp:meta_value>
            </wp:postmeta>
            <wp:postmeta>
                <wp:meta_key>lsb_pages</wp:meta_key>
                <wp:meta_value/>
            </wp:postmeta>
            <wp:postmeta>
                <wp:meta_key>_lsb_pages</wp:meta_key>
                <wp:meta_value><![CDATA[lsb_acf_pages]]></wp:meta_value>
            </wp:postmeta>
            <wp:postmeta>
                <wp:meta_key>lsb_review</wp:meta_key>
                <wp:meta_value><![CDATA[  <div>Hva skal hun gjøre <br />  for å finne noen å være sammen med? </div>  <div>&#160;</div>  <div><strong>Tone vil ha venner</strong> er ei bok om et sårt tema </div>  <div>som passer godt for barn og unge.<br />  Boka har lite tekst.<br />  Illustrasjonene er vakre <br />  og lette å kjenne seg igjen i. </div>  <div>&#160;</div>  <div>Boka er bare i salg hos Leser søker bok. </div>  <div>Den koster kr 150,- og kan bestilles ved </div>  <div>å sende en epost til <a href="mailto:post@lesersokerbok.no">post@lesersokerbok.no</a></div>  <div>&#160;</div>  <div>Boka kan også kjøpes gjennom <strong>Leseklubben</strong>. </div>  <div>&#160;</div>  <p>&#160;</p>  ]]></wp:meta_value>
            </wp:postmeta>
            <wp:postmeta>
                <wp:meta_key>_lsb_review</wp:meta_key>
                <wp:meta_value><![CDATA[lsb_acf_review]]></wp:meta_value>
            </wp:postmeta>
            <wp:postmeta>
                <wp:meta_key>lsb_quote</wp:meta_key>
                <wp:meta_value><![CDATA[Tone ønsker seg også en bestevenninne.  Anne har nesten alltid med seg noen hjem fra skolen.  Av og til er de ute i hagen hos Anne.  Da kan Tone se dem fra vinduet på rommet sitt.  ]]></wp:meta_value>
            </wp:postmeta>
            <wp:postmeta>
                <wp:meta_key>_lsb_quote</wp:meta_key>
                <wp:meta_value><![CDATA[lsb_acf_quote]]></wp:meta_value>
            </wp:postmeta>
            <wp:postmeta>
                <wp:meta_key>lsb_supported</wp:meta_key>
                <wp:meta_value><![CDATA[1]]></wp:meta_value>
            </wp:postmeta>
            <wp:postmeta>
                <wp:meta_key>_lsb_supported</wp:meta_key>
                <wp:meta_value><![CDATA[lsb_acf_supported]]></wp:meta_value>
            </wp:postmeta>
            <wp:postmeta>
                <wp:meta_key>lsb_support_cat</wp:meta_key>
                <wp:meta_value><![CDATA[green]]></wp:meta_value>
            </wp:postmeta>
            <wp:postmeta>
                <wp:meta_key>_lsb_support_cat</wp:meta_key>
                <wp:meta_value><![CDATA[lsb_acf_support_cat]]></wp:meta_value>
            </wp:postmeta>
            <category domain="lsb_tax_author" nicename="inger-marii-tronvoll"><![CDATA[Inger Marii Tronvoll]]></category>
            <category domain="lsb_tax_publisher" nicename="institutt-for-sosialt-arbeid-og-helsevitenskap,-ntnu"><![CDATA[Institutt for sosialt arbeid og helsevitenskap, NTNU]]></category>
            <category domain="lsb_tax_illustrator" nicename="ragnhild-tronvoll"><![CDATA[Ragnhild Tronvoll]]></category>
            <wp:postmeta>
                <wp:meta_key>lsb_look_inside</wp:meta_key>
                <wp:meta_value><![CDATA[CUSTOM_BLA_I_BOKA]]></wp:meta_value>
            </wp:postmeta>
            <wp:postmeta>
                <wp:meta_key>_lsb_look_inside</wp:meta_key>
                <wp:meta_value><![CDATA[lsb_acf_look_inside]]></wp:meta_value>
            </wp:postmeta>
            <category domain="lsb_tax_age" nicename="barn"><![CDATA[barn]]></category>
            <category domain="lsb_tax_age" nicename="ungdom"><![CDATA[ungdom]]></category>
            <category domain="lsb_tax_genre" nicename="prosa"><![CDATA[prosa]]></category>
            <category domain="lsb_tax_topic" nicename="mennesker-i-mellom"><![CDATA[mennesker i mellom]]></category>
            <category domain="lsb_tax_language" nicename="no_nb"><![CDATA[bokmål]]></category>
            <category domain="lsb_tax_customization" nicename="utviklingshemmede"><![CDATA[utviklingshemmede]]></category>
            <category domain="lsb_tax_customization" nicename="mange-bilder"><![CDATA[mange bilder]]></category>
            <wp:postmeta>
                <wp:meta_key>_thumbnail_id</wp:meta_key>
                <wp:meta_value><![CDATA[5327]]></wp:meta_value>
            </wp:postmeta>
        </item>
        <item>
            <title>Forside_Tone vil ha venner_gjennomsiktig.jpg</title>
            <wp:post_id>5327</wp:post_id>
            <wp:status>inherit</wp:status>
            <wp:post_type>attachment</wp:post_type>
            <wp:attachment_url>https://raw.githubusercontent.com/lesersokerbok/boksok.no-data-utils/master/output-example/images/ED035A3B391C4D4D864073927DF6A400.jpg</wp:attachment_url>
        </item>
        <item>
            <wp:post_type>lsb_book</wp:post_type>
            <wp:status>publish</wp:status>
            <title>Bare en siste gang</title>
            <excerpt:encoded><![CDATA[En lovende skihopper får vite   at han har en sykdom som   knuser drømmen om å bli storhopper.  ]]></excerpt:encoded>
            <wp:postmeta>
                <wp:meta_key>lsb_isbn</wp:meta_key>
                <wp:meta_value><![CDATA[9788205340862]]></wp:meta_value>
            </wp:postmeta>
            <wp:postmeta>
                <wp:meta_key>_lsb_isbn</wp:meta_key>
                <wp:meta_value><![CDATA[lsb_acf_isbn]]></wp:meta_value>
            </wp:postmeta>
            <wp:postmeta>
                <wp:meta_key>lsb_published_year</wp:meta_key>
                <wp:meta_value><![CDATA[2005]]></wp:meta_value>
            </wp:postmeta>
            <wp:postmeta>
                <wp:meta_key>_lsb_published_year</wp:meta_key>
                <wp:meta_value><![CDATA[lsb_acf_published_year]]></wp:meta_value>
            </wp:postmeta>
            <wp:postmeta>
                <wp:meta_key>lsb_pages</wp:meta_key>
                <wp:meta_value><![CDATA[56]]></wp:meta_value>
            </wp:postmeta>
            <wp:postmeta>
                <wp:meta_key>_lsb_pages</wp:meta_key>
                <wp:meta_value><![CDATA[lsb_acf_pages]]></wp:meta_value>
            </wp:postmeta>
            <wp:postmeta>
                <wp:meta_key>lsb_review</wp:meta_key>
                <wp:meta_value><![CDATA[  <div>Men den tunge beskjeden </div>  <div>er vanskelig å ta inn over seg </div>  <div>Hvordan skal han kunne forklare dette </div>  <div>for venner, familie og treneren? </div>  <div>&#160;</div>  <div>Thorvald Steen er blant våre <br />  klokeste fortellere. <br />  Han har skrevet en vàr skildring <br />  av en ung gutt som får vite <br />  at hele livet hans vil måtte endre seg.</div>  <div>&#160;</div>  <div>Språket er enkelt, </div>  <div>men noen uttrykk kan være litt vanskelige. </div>  <div>Boka har korte kapitler. </div>  <div>&#160;</div>  <div><strong>Bare en siste gang</strong> fungerer fint for uvante lesere, </div>  <div>også de som er nye i Norge. </div>  <div><strong>&#160;</strong></div>  <div><strong>Bare en siste gang</strong> er utgangspunkt for <br />  en lengre roman som kom ut i 2006. <br />  Den heter <strong>Vekten av snøkrystaller</strong>. </div>  <p><strong>Bare en siste gang</strong> er ei bok i serien <strong>Litt å lese.</strong> <br />  Boka finnes også som lydbok. </p>  ]]></wp:meta_value>
            </wp:postmeta>
            <wp:postmeta>
                <wp:meta_key>_lsb_review</wp:meta_key>
                <wp:meta_value><![CDATA[lsb_acf_review]]></wp:meta_value>
            </wp:postmeta>
            <wp:postmeta>
                <wp:meta_key>lsb_quote</wp:meta_key>
                <wp:meta_value><![CDATA[Først nå gikk det for alvor opp for meg   hva legen hadde sagt.  Han hadde uttrykkelig fortalt   at det ikke var et råd,  men et påbud om at jeg ikke fikk lov   til å hoppe på ski.  Hva var det jeg holdt på med?  Var jeg gått fra vettet?]]></wp:meta_value>
            </wp:postmeta>
            <wp:postmeta>
                <wp:meta_key>_lsb_quote</wp:meta_key>
                <wp:meta_value><![CDATA[lsb_acf_quote]]></wp:meta_value>
            </wp:postmeta>
            <wp:postmeta>
                <wp:meta_key>lsb_supported</wp:meta_key>
                <wp:meta_value><![CDATA[1]]></wp:meta_value>
            </wp:postmeta>
            <wp:postmeta>
                <wp:meta_key>_lsb_supported</wp:meta_key>
                <wp:meta_value><![CDATA[lsb_acf_supported]]></wp:meta_value>
            </wp:postmeta>
            <wp:postmeta>
                <wp:meta_key>lsb_support_cat</wp:meta_key>
                <wp:meta_value><![CDATA[purple]]></wp:meta_value>
            </wp:postmeta>
            <wp:postmeta>
                <wp:meta_key>_lsb_support_cat</wp:meta_key>
                <wp:meta_value><![CDATA[lsb_acf_support_cat]]></wp:meta_value>
            </wp:postmeta>
            <category domain="lsb_tax_author" nicename="thorvald-steen"><![CDATA[Thorvald Steen]]></category>
            <category domain="lsb_tax_publisher" nicename="gyldendal"><![CDATA[Gyldendal]]></category>
            <category domain="lsb_tax_illustrator" nicename="ragnar-aalbu-(omslag)"><![CDATA[Ragnar Aalbu (omslag)]]></category>
            <wp:postmeta>
                <wp:meta_key>lsb_look_inside</wp:meta_key>
                <wp:meta_value><![CDATA[CUSTOM_BLA_I_BOKA]]></wp:meta_value>
            </wp:postmeta>
            <wp:postmeta>
                <wp:meta_key>_lsb_look_inside</wp:meta_key>
                <wp:meta_value><![CDATA[lsb_acf_look_inside]]></wp:meta_value>
            </wp:postmeta>
            <category domain="lsb_tax_age" nicename="voksne"><![CDATA[voksne]]></category>
            <category domain="lsb_tax_genre" nicename="prosa"><![CDATA[prosa]]></category>
            <category domain="lsb_tax_topic" nicename="sport"><![CDATA[sport]]></category>
            <category domain="lsb_tax_topic" nicename="mennesker-i-mellom"><![CDATA[mennesker i mellom]]></category>
            <category domain="lsb_tax_language" nicename="no_nb"><![CDATA[bokmål]]></category>
            <category domain="lsb_tax_customization" nicename="skjønnlitteratur"><![CDATA[skjønnlitteratur]]></category>
            <wp:postmeta>
                <wp:meta_key>_thumbnail_id</wp:meta_key>
                <wp:meta_value><![CDATA[5328]]></wp:meta_value>
            </wp:postmeta>
        </item>
        <item>
            <title>Bare-en-siste-gang-nett.jpg</title>
            <wp:post_id>5328</wp:post_id>
            <wp:status>inherit</wp:status>
            <wp:post_type>attachment</wp:post_type>
            <wp:attachment_url>https://raw.githubusercontent.com/lesersokerbok/boksok.no-data-utils/master/output-example/images/B500B11EBF824B4E8DF7F8AD2CBF5A89.jpg</wp:attachment_url>
        </item>
        <item>
            <wp:post_type>lsb_book</wp:post_type>
            <wp:status>publish</wp:status>
            <title>Rogers filledokke mister alt</title>
            <excerpt:encoded><![CDATA[Roger leker med filledokka.   Først mister dokka den ene armen,   så mister han den andre armen.   ]]></excerpt:encoded>
            <wp:postmeta>
                <wp:meta_key>lsb_isbn</wp:meta_key>
                <wp:meta_value><![CDATA[9788256009992]]></wp:meta_value>
            </wp:postmeta>
            <wp:postmeta>
                <wp:meta_key>_lsb_isbn</wp:meta_key>
                <wp:meta_value><![CDATA[lsb_acf_isbn]]></wp:meta_value>
            </wp:postmeta>
            <wp:postmeta>
                <wp:meta_key>lsb_published_year</wp:meta_key>
                <wp:meta_value><![CDATA[1996]]></wp:meta_value>
            </wp:postmeta>
            <wp:postmeta>
                <wp:meta_key>_lsb_published_year</wp:meta_key>
                <wp:meta_value><![CDATA[lsb_acf_published_year]]></wp:meta_value>
            </wp:postmeta>
            <wp:postmeta>
                <wp:meta_key>lsb_pages</wp:meta_key>
                <wp:meta_value><![CDATA[14]]></wp:meta_value>
            </wp:postmeta>
            <wp:postmeta>
                <wp:meta_key>_lsb_pages</wp:meta_key>
                <wp:meta_value><![CDATA[lsb_acf_pages]]></wp:meta_value>
            </wp:postmeta>
            <wp:postmeta>
                <wp:meta_key>lsb_review</wp:meta_key>
                <wp:meta_value><![CDATA[  <p>Til slutt har dokka mistet <br />  både armer, hode og bein. <br />  Kan du hjelpe Roger å sette sammen dokka? </p>  <div>&#160;</div>  <div><strong>Rogers filledokke mister alt</strong> har bilder <br />  på hver side som er til å føle på. <br />  Teksten er stor og lett å lese. <br />  Boka har også punktskrift så man kan <br />  kjenne teksten med fingrene.  </div>  <p>Dette er den andre boka i <br />  serien om Roger filledokke.<br />  Anette Diesen har også skrevet: <br />  <strong>Roger filledokke <br />  Roger filledokke vil ha kake </strong></p>  ]]></wp:meta_value>
            </wp:postmeta>
            <wp:postmeta>
                <wp:meta_key>_lsb_review</wp:meta_key>
                <wp:meta_value><![CDATA[lsb_acf_review]]></wp:meta_value>
            </wp:postmeta>
            <wp:postmeta>
                <wp:meta_key>lsb_quote</wp:meta_key>
                <wp:meta_value><![CDATA[Roger leker med filledokka si.  Hva kan dokka gjøre?  Hoppe, sier Roger,  hopp, hopp,hopp...  Da detter det ene beinet av...  Hva kan dokka gjøre?  Hinke, sier Roger,   hink, hink, hink!]]></wp:meta_value>
            </wp:postmeta>
            <wp:postmeta>
                <wp:meta_key>_lsb_quote</wp:meta_key>
                <wp:meta_value><![CDATA[lsb_acf_quote]]></wp:meta_value>
            </wp:postmeta>
            <wp:postmeta>
                <wp:meta_key>lsb_supported</wp:meta_key>
                <wp:meta_value><![CDATA[0]]></wp:meta_value>
            </wp:postmeta>
            <wp:postmeta>
                <wp:meta_key>_lsb_supported</wp:meta_key>
                <wp:meta_value><![CDATA[lsb_acf_supported]]></wp:meta_value>
            </wp:postmeta>
            <category domain="lsb_tax_author" nicename="anette-diesen"><![CDATA[Anette Diesen]]></category>
            <category domain="lsb_tax_publisher" nicename="solum"><![CDATA[Solum]]></category>
            <category domain="lsb_tax_illustrator" nicename="anette-diesen"><![CDATA[Anette Diesen]]></category>
            <wp:postmeta>
                <wp:meta_key>lsb_look_inside</wp:meta_key>
                <wp:meta_value><![CDATA[CUSTOM_BLA_I_BOKA]]></wp:meta_value>
            </wp:postmeta>
            <wp:postmeta>
                <wp:meta_key>_lsb_look_inside</wp:meta_key>
                <wp:meta_value><![CDATA[lsb_acf_look_inside]]></wp:meta_value>
            </wp:postmeta>
            <category domain="lsb_tax_age" nicename="barn"><![CDATA[barn]]></category>
            <category domain="lsb_tax_genre" nicename="prosa"><![CDATA[prosa]]></category>
            <category domain="lsb_tax_topic" nicename="humor"><![CDATA[humor]]></category>
            <category domain="lsb_tax_language" nicename="no_nb"><![CDATA[bokmål]]></category>
            <category domain="lsb_tax_customization" nicename="punktskrift"><![CDATA[punktskrift]]></category>
            <category domain="lsb_tax_customization" nicename="følebilder"><![CDATA[følebilder]]></category>
            <category domain="lsb_tax_customization" nicename="mange-bilder"><![CDATA[mange bilder]]></category>
            <wp:postmeta>
                <wp:meta_key>_thumbnail_id</wp:meta_key>
                <wp:meta_value><![CDATA[5329]]></wp:meta_value>
            </wp:postmeta>
        </item>
        <item>
            <title>rogers filledokke mister alt, ny.jpg</title>
            <wp:post_id>5329</wp:post_id>
            <wp:status>inherit</wp:status>
            <wp:post_type>attachment</wp:post_type>
            <wp:attachment_url>https://raw.githubusercontent.com/lesersokerbok/boksok.no-data-utils/master/output-example/images/33785F90E3374A1D9C976E5AAE4377AC.jpg</wp:attachment_url>
        </item>
        <item>
            <wp:post_type>lsb_book</wp:post_type>
            <wp:status>publish</wp:status>
            <title>Jeg brøt med nazismen</title>
            <excerpt:encoded><![CDATA[Gripende selvbiografi om svenske Dennis Persson   som brøt med den svenske nynazistiske bevegelsen.  ]]></excerpt:encoded>
            <wp:postmeta>
                <wp:meta_key>lsb_isbn</wp:meta_key>
                <wp:meta_value><![CDATA[9788280980069]]></wp:meta_value>
            </wp:postmeta>
            <wp:postmeta>
                <wp:meta_key>_lsb_isbn</wp:meta_key>
                <wp:meta_value><![CDATA[lsb_acf_isbn]]></wp:meta_value>
            </wp:postmeta>
            <wp:postmeta>
                <wp:meta_key>lsb_published_year</wp:meta_key>
                <wp:meta_value><![CDATA[2004]]></wp:meta_value>
            </wp:postmeta>
            <wp:postmeta>
                <wp:meta_key>_lsb_published_year</wp:meta_key>
                <wp:meta_value><![CDATA[lsb_acf_published_year]]></wp:meta_value>
            </wp:postmeta>
            <wp:postmeta>
                <wp:meta_key>lsb_pages</wp:meta_key>
                <wp:meta_value><![CDATA[133]]></wp:meta_value>
            </wp:postmeta>
            <wp:postmeta>
                <wp:meta_key>_lsb_pages</wp:meta_key>
                <wp:meta_value><![CDATA[lsb_acf_pages]]></wp:meta_value>
            </wp:postmeta>
            <wp:postmeta>
                <wp:meta_key>lsb_review</wp:meta_key>
                <wp:meta_value><![CDATA[Dennis levde i seks år med hat og vold<br />  i den nazistiske bevegelsen i Sverige.<br />  Her forteller han åpent og ærlig om livet sitt: <br />  Om barndommen,<br />  om hvordan han ble nynazist <br />  og ikke minst om hvordan <br />  han kom seg ut av bevegelsen<br />  ved hjelp av venner og familie. <br />  Denne sterke historien er også høyst aktuell i Norge.  ]]></wp:meta_value>
            </wp:postmeta>
            <wp:postmeta>
                <wp:meta_key>_lsb_review</wp:meta_key>
                <wp:meta_value><![CDATA[lsb_acf_review]]></wp:meta_value>
            </wp:postmeta>
            <wp:postmeta>
                <wp:meta_key>lsb_quote</wp:meta_key>
                <wp:meta_value><![CDATA[Slik fortsatte det noen uker.  En stadig jakt på Svikeren,  i tankene, via telefon og e-post.  Og bitterheten vokste.  Man kan faen ta meg ikke stole på noen!  Når ikke en gang kameratene  kunne holde tett og holde sammen  - da var det ille.]]></wp:meta_value>
            </wp:postmeta>
            <wp:postmeta>
                <wp:meta_key>_lsb_quote</wp:meta_key>
                <wp:meta_value><![CDATA[lsb_acf_quote]]></wp:meta_value>
            </wp:postmeta>
            <wp:postmeta>
                <wp:meta_key>lsb_supported</wp:meta_key>
                <wp:meta_value><![CDATA[1]]></wp:meta_value>
            </wp:postmeta>
            <wp:postmeta>
                <wp:meta_key>_lsb_supported</wp:meta_key>
                <wp:meta_value><![CDATA[lsb_acf_supported]]></wp:meta_value>
            </wp:postmeta>
            <wp:postmeta>
                <wp:meta_key>lsb_support_cat</wp:meta_key>
                <wp:meta_value><![CDATA[purple]]></wp:meta_value>
            </wp:postmeta>
            <wp:postmeta>
                <wp:meta_key>_lsb_support_cat</wp:meta_key>
                <wp:meta_value><![CDATA[lsb_acf_support_cat]]></wp:meta_value>
            </wp:postmeta>
            <category domain="lsb_tax_author" nicename="dennis-persson.-etterord-av-ole-kristian-brastad"><![CDATA[Dennis Persson. Etterord av Ole Kristian Brastad]]></category>
            <category domain="lsb_tax_publisher" nicename="lettlest-forlag"><![CDATA[Lettlest forlag]]></category>
            <category domain="lsb_tax_illustrator" nicename="lene-jacobsen--(omslag)"><![CDATA[Lene Jacobsen  (omslag)]]></category>
            <category domain="lsb_tax_translator" nicename="bjørn-rudborg"><![CDATA[Bjørn Rudborg]]></category>
            <wp:postmeta>
                <wp:meta_key>lsb_look_inside</wp:meta_key>
                <wp:meta_value><![CDATA[CUSTOM_BLA_I_BOKA]]></wp:meta_value>
            </wp:postmeta>
            <wp:postmeta>
                <wp:meta_key>_lsb_look_inside</wp:meta_key>
                <wp:meta_value><![CDATA[lsb_acf_look_inside]]></wp:meta_value>
            </wp:postmeta>
            <category domain="lsb_tax_age" nicename="ungdom"><![CDATA[ungdom]]></category>
            <category domain="lsb_tax_age" nicename="voksne"><![CDATA[voksne]]></category>
            <category domain="lsb_tax_topic" nicename="krim"><![CDATA[krim]]></category>
            <category domain="lsb_tax_topic" nicename="spenning"><![CDATA[spenning]]></category>
            <category domain="lsb_tax_topic" nicename="mennesker-i-mellom"><![CDATA[mennesker i mellom]]></category>
            <category domain="lsb_tax_language" nicename="no_nb"><![CDATA[bokmål]]></category>
            <category domain="lsb_tax_customization" nicename="faglitteratur"><![CDATA[faglitteratur]]></category>
            <wp:postmeta>
                <wp:meta_key>_thumbnail_id</wp:meta_key>
                <wp:meta_value><![CDATA[5330]]></wp:meta_value>
            </wp:postmeta>
        </item>
        <item>
            <title>Person Jeg brøt med nazismen.jpg</title>
            <wp:post_id>5330</wp:post_id>
            <wp:status>inherit</wp:status>
            <wp:post_type>attachment</wp:post_type>
            <wp:attachment_url>https://raw.githubusercontent.com/lesersokerbok/boksok.no-data-utils/master/output-example/images/909109E867F54F6B9A9762F745143031.jpg</wp:attachment_url>
        </item>
        <item>
            <wp:post_type>lsb_book</wp:post_type>
            <wp:status>publish</wp:status>
            <title>Kjærester</title>
            <excerpt:encoded><![CDATA[De fire novellene i Kjærester  handler om den drømmen  alle en gang har hatt:  Å få være sammen med noen.  Å ha en kjæreste.    ]]></excerpt:encoded>
            <wp:postmeta>
                <wp:meta_key>lsb_isbn</wp:meta_key>
                <wp:meta_value><![CDATA[9788281040025]]></wp:meta_value>
            </wp:postmeta>
            <wp:postmeta>
                <wp:meta_key>_lsb_isbn</wp:meta_key>
                <wp:meta_value><![CDATA[lsb_acf_isbn]]></wp:meta_value>
            </wp:postmeta>
            <wp:postmeta>
                <wp:meta_key>lsb_published_year</wp:meta_key>
                <wp:meta_value><![CDATA[2003]]></wp:meta_value>
            </wp:postmeta>
            <wp:postmeta>
                <wp:meta_key>_lsb_published_year</wp:meta_key>
                <wp:meta_value><![CDATA[lsb_acf_published_year]]></wp:meta_value>
            </wp:postmeta>
            <wp:postmeta>
                <wp:meta_key>lsb_pages</wp:meta_key>
                <wp:meta_value><![CDATA[48]]></wp:meta_value>
            </wp:postmeta>
            <wp:postmeta>
                <wp:meta_key>_lsb_pages</wp:meta_key>
                <wp:meta_value><![CDATA[lsb_acf_pages]]></wp:meta_value>
            </wp:postmeta>
            <wp:postmeta>
                <wp:meta_key>lsb_review</wp:meta_key>
                <wp:meta_value><![CDATA[  <p>Novellene egner seg godt til å lese høyt. <br />  De er vakkert illusteret av Akin Düzakin.</p>  <div>&#160;</div>  <div>Inger Vonheim debuterte i 1975<br />  og har gitt ut noveller, barnebøker og romaner.<br />  Hun har blant annet skrevet boka <br />  <strong>Dette med Andreas</strong>, som også har enkelt innhold. </div>  ]]></wp:meta_value>
            </wp:postmeta>
            <wp:postmeta>
                <wp:meta_key>_lsb_review</wp:meta_key>
                <wp:meta_value><![CDATA[lsb_acf_review]]></wp:meta_value>
            </wp:postmeta>
            <wp:postmeta>
                <wp:meta_key>lsb_quote</wp:meta_key>
                <wp:meta_value><![CDATA[Johanne la seg tett inn til ryggen hans.   Vi er kjærester, tenkte hun,   og ble varm i hele kroppen.   Hun blåste på nakken til Ove,   og strøk forsiktig nedover ryggen hans.   Kanskje Ove blir mannen min?   tenkte Johanne.]]></wp:meta_value>
            </wp:postmeta>
            <wp:postmeta>
                <wp:meta_key>_lsb_quote</wp:meta_key>
                <wp:meta_value><![CDATA[lsb_acf_quote]]></wp:meta_value>
            </wp:postmeta>
            <wp:postmeta>
                <wp:meta_key>lsb_supported</wp:meta_key>
                <wp:meta_value><![CDATA[1]]></wp:meta_value>
            </wp:postmeta>
            <wp:postmeta>
                <wp:meta_key>_lsb_supported</wp:meta_key>
                <wp:meta_value><![CDATA[lsb_acf_supported]]></wp:meta_value>
            </wp:postmeta>
            <wp:postmeta>
                <wp:meta_key>lsb_support_cat</wp:meta_key>
                <wp:meta_value><![CDATA[green]]></wp:meta_value>
            </wp:postmeta>
            <wp:postmeta>
                <wp:meta_key>_lsb_support_cat</wp:meta_key>
                <wp:meta_value><![CDATA[lsb_acf_support_cat]]></wp:meta_value>
            </wp:postmeta>
            <category domain="lsb_tax_author" nicename="inger-vonheim"><![CDATA[Inger Vonheim]]></category>
            <category domain="lsb_tax_publisher" nicename="orkana"><![CDATA[Orkana]]></category>
            <category domain="lsb_tax_illustrator" nicename="akin-düzakin"><![CDATA[Akin Düzakin]]></category>
            <wp:postmeta>
                <wp:meta_key>lsb_look_inside</wp:meta_key>
                <wp:meta_value><![CDATA[CUSTOM_BLA_I_BOKA]]></wp:meta_value>
            </wp:postmeta>
            <wp:postmeta>
                <wp:meta_key>_lsb_look_inside</wp:meta_key>
                <wp:meta_value><![CDATA[lsb_acf_look_inside]]></wp:meta_value>
            </wp:postmeta>
            <category domain="lsb_tax_age" nicename="ungdom"><![CDATA[ungdom]]></category>
            <category domain="lsb_tax_age" nicename="voksne"><![CDATA[voksne]]></category>
            <category domain="lsb_tax_genre" nicename="prosa"><![CDATA[prosa]]></category>
            <category domain="lsb_tax_topic" nicename="kjærlighet"><![CDATA[kjærlighet]]></category>
            <category domain="lsb_tax_language" nicename="no_nb"><![CDATA[bokmål]]></category>
            <category domain="lsb_tax_customization" nicename="utviklingshemmede"><![CDATA[utviklingshemmede]]></category>
            <category domain="lsb_tax_customization" nicename="mange-bilder"><![CDATA[mange bilder]]></category>
            <wp:postmeta>
                <wp:meta_key>_thumbnail_id</wp:meta_key>
                <wp:meta_value><![CDATA[5331]]></wp:meta_value>
            </wp:postmeta>
        </item>
        <item>
            <title>kjerester.jpg</title>
            <wp:post_id>5331</wp:post_id>
            <wp:status>inherit</wp:status>
            <wp:post_type>attachment</wp:post_type>
            <wp:attachment_url>https://raw.githubusercontent.com/lesersokerbok/boksok.no-data-utils/master/output-example/images/FD91F45AEF394ED9A51663CC538872EE.jpg</wp:attachment_url>
        </item>
        <item>
            <wp:post_type>lsb_book</wp:post_type>
            <wp:status>publish</wp:status>
            <title>Bjarne elsker katta si</title>
            <excerpt:encoded><![CDATA[Hør historien om Bjarne som lydbok.  ]]></excerpt:encoded>
            <wp:postmeta>
                <wp:meta_key>lsb_isbn</wp:meta_key>
                <wp:meta_value><![CDATA[9788242103451]]></wp:meta_value>
            </wp:postmeta>
            <wp:postmeta>
                <wp:meta_key>_lsb_isbn</wp:meta_key>
                <wp:meta_value><![CDATA[lsb_acf_isbn]]></wp:meta_value>
            </wp:postmeta>
            <wp:postmeta>
                <wp:meta_key>lsb_published_year</wp:meta_key>
                <wp:meta_value><![CDATA[1994]]></wp:meta_value>
            </wp:postmeta>
            <wp:postmeta>
                <wp:meta_key>_lsb_published_year</wp:meta_key>
                <wp:meta_value><![CDATA[lsb_acf_published_year]]></wp:meta_value>
            </wp:postmeta>
            <wp:postmeta>
                <wp:meta_key>lsb_pages</wp:meta_key>
                <wp:meta_value/>
            </wp:postmeta>
            <wp:postmeta>
                <wp:meta_key>_lsb_pages</wp:meta_key>
                <wp:meta_value><![CDATA[lsb_acf_pages]]></wp:meta_value>
            </wp:postmeta>
            <wp:postmeta>
                <wp:meta_key>lsb_review</wp:meta_key>
                <wp:meta_value><![CDATA[  <p>Bjarne lager dikt om sol og blomster - og om katter.<br />  Denne boka handler om noe som har hendt Bjarne<br />  fordi han er så glad i katter.<br />  Noen ganger kan det bli problemer<br />  av slik kjærlighet.</p>  <p>Lydboka er lest av Liv Riktor Lykkenborg <br />  og Ulf Thorsdalen. <br />  </p>  ]]></wp:meta_value>
            </wp:postmeta>
            <wp:postmeta>
                <wp:meta_key>_lsb_review</wp:meta_key>
                <wp:meta_value><![CDATA[lsb_acf_review]]></wp:meta_value>
            </wp:postmeta>
            <wp:postmeta>
                <wp:meta_key>lsb_quote</wp:meta_key>
                <wp:meta_value><![CDATA[Du Liv, sa Bjarne en dag jeg besøkte han.  "Jeg kan ikke forstå kattespråket.  Mennesker kan snakke med mennesker  og dyr kan snakke med dyr,  men dyra kan ikke snakke med oss."]]></wp:meta_value>
            </wp:postmeta>
            <wp:postmeta>
                <wp:meta_key>_lsb_quote</wp:meta_key>
                <wp:meta_value><![CDATA[lsb_acf_quote]]></wp:meta_value>
            </wp:postmeta>
            <wp:postmeta>
                <wp:meta_key>lsb_supported</wp:meta_key>
                <wp:meta_value><![CDATA[0]]></wp:meta_value>
            </wp:postmeta>
            <wp:postmeta>
                <wp:meta_key>_lsb_supported</wp:meta_key>
                <wp:meta_value><![CDATA[lsb_acf_supported]]></wp:meta_value>
            </wp:postmeta>
            <category domain="lsb_tax_author" nicename="liv-riktor-lykkenborg"><![CDATA[Liv Riktor Lykkenborg]]></category>
            <category domain="lsb_tax_publisher" nicename="lydbokforlaget"><![CDATA[Lydbokforlaget]]></category>
            <wp:postmeta>
                <wp:meta_key>lsb_look_inside</wp:meta_key>
                <wp:meta_value><![CDATA[CUSTOM_BLA_I_BOKA]]></wp:meta_value>
            </wp:postmeta>
            <wp:postmeta>
                <wp:meta_key>_lsb_look_inside</wp:meta_key>
                <wp:meta_value><![CDATA[lsb_acf_look_inside]]></wp:meta_value>
            </wp:postmeta>
            <category domain="lsb_tax_age" nicename="ungdom"><![CDATA[ungdom]]></category>
            <category domain="lsb_tax_age" nicename="voksne"><![CDATA[voksne]]></category>
            <category domain="lsb_tax_genre" nicename="prosa"><![CDATA[prosa]]></category>
            <category domain="lsb_tax_topic" nicename="mennesker-i-mellom"><![CDATA[mennesker i mellom]]></category>
            <category domain="lsb_tax_language" nicename="no_nb"><![CDATA[bokmål]]></category>
            <category domain="lsb_tax_customization" nicename="utviklingshemmede"><![CDATA[utviklingshemmede]]></category>
            <category domain="lsb_tax_customization" nicename="lydbok"><![CDATA[lydbok]]></category>
        </item>
        <item>
            <wp:post_type>lsb_book</wp:post_type>
            <wp:status>publish</wp:status>
            <title>Forstyrret barn - forstyrret liv</title>
            <excerpt:encoded><![CDATA[Sjelden kan du lære så mye om helse og mennesker   av å lese én bok!   Hvorfor blir noen "uforklarlig" syke?   Hva kan det komme av at folk rammes igjen og igjen? ]]></excerpt:encoded>
            <wp:postmeta>
                <wp:meta_key>lsb_isbn</wp:meta_key>
                <wp:meta_value><![CDATA[9788274191211]]></wp:meta_value>
            </wp:postmeta>
            <wp:postmeta>
                <wp:meta_key>_lsb_isbn</wp:meta_key>
                <wp:meta_value><![CDATA[lsb_acf_isbn]]></wp:meta_value>
            </wp:postmeta>
            <wp:postmeta>
                <wp:meta_key>lsb_published_year</wp:meta_key>
                <wp:meta_value><![CDATA[2007]]></wp:meta_value>
            </wp:postmeta>
            <wp:postmeta>
                <wp:meta_key>_lsb_published_year</wp:meta_key>
                <wp:meta_value><![CDATA[lsb_acf_published_year]]></wp:meta_value>
            </wp:postmeta>
            <wp:postmeta>
                <wp:meta_key>lsb_pages</wp:meta_key>
                <wp:meta_value><![CDATA[264]]></wp:meta_value>
            </wp:postmeta>
            <wp:postmeta>
                <wp:meta_key>_lsb_pages</wp:meta_key>
                <wp:meta_value><![CDATA[lsb_acf_pages]]></wp:meta_value>
            </wp:postmeta>
            <wp:postmeta>
                <wp:meta_key>lsb_review</wp:meta_key>
                <wp:meta_value><![CDATA[  <p>Anna Luise Kirkengen har vært lege i tretti år.<br />  Hun fant ut at pasientene hennes hadde blitt syke <br />  av å oppleve krenkelser, vold og misbruk. <br />  Det fikk Kirkengen til å forske. </p>  <p>I denne boken omtaler hun studier<br />  som påviser at vond og vanskelig erfaring<br />  bidrar til sykdom.<br />  Hun forteller historer som forklarer <br />  hvordan dette skjer. <br />  Boka er viktig og relevant<br />  for leger, sykepleiere, pedagoger,<br />  mennesker med vanskelige diagnoser<br />  - og for andre som er opptatt av mennesker. </p>  <p>Medisinsk faglitteratur med enkel tekst <br />  kan lyde som en selvmotsigelse. <br />  Men denne boka er så enkel som det er mulig, <br />  samtidig som den er grundig. </p>  <p>Boka har storskrift og enkel tekst <br />  med en del faguttrykk. <br />  Den er noe illustrert med fotografier, <br />  og fotnoter viser til kilder og videre lesing. </p>  ]]></wp:meta_value>
            </wp:postmeta>
            <wp:postmeta>
                <wp:meta_key>_lsb_review</wp:meta_key>
                <wp:meta_value><![CDATA[lsb_acf_review]]></wp:meta_value>
            </wp:postmeta>
            <wp:postmeta>
                <wp:meta_key>lsb_quote</wp:meta_key>
                <wp:meta_value><![CDATA[Fredrik ble misbrukt   fra han var ti til han var femten år.  Som 21-åring fikk han kramper og ble innlagt.  Til tross for gjentatte undersøkelser  ble årsaken ikke klarlagt.  Også Fredriks kramper kan "leses"   som et tegn på overgrep.]]></wp:meta_value>
            </wp:postmeta>
            <wp:postmeta>
                <wp:meta_key>_lsb_quote</wp:meta_key>
                <wp:meta_value><![CDATA[lsb_acf_quote]]></wp:meta_value>
            </wp:postmeta>
            <wp:postmeta>
                <wp:meta_key>lsb_supported</wp:meta_key>
                <wp:meta_value><![CDATA[1]]></wp:meta_value>
            </wp:postmeta>
            <wp:postmeta>
                <wp:meta_key>_lsb_supported</wp:meta_key>
                <wp:meta_value><![CDATA[lsb_acf_supported]]></wp:meta_value>
            </wp:postmeta>
            <wp:postmeta>
                <wp:meta_key>lsb_support_cat</wp:meta_key>
                <wp:meta_value><![CDATA[purple]]></wp:meta_value>
            </wp:postmeta>
            <wp:postmeta>
                <wp:meta_key>_lsb_support_cat</wp:meta_key>
                <wp:meta_value><![CDATA[lsb_acf_support_cat]]></wp:meta_value>
            </wp:postmeta>
            <category domain="lsb_tax_author" nicename="anna-luise-kirkengen"><![CDATA[Anna Luise Kirkengen]]></category>
            <category domain="lsb_tax_publisher" nicename="emilia"><![CDATA[Emilia]]></category>
            <wp:postmeta>
                <wp:meta_key>lsb_look_inside</wp:meta_key>
                <wp:meta_value><![CDATA[CUSTOM_BLA_I_BOKA]]></wp:meta_value>
            </wp:postmeta>
            <wp:postmeta>
                <wp:meta_key>_lsb_look_inside</wp:meta_key>
                <wp:meta_value><![CDATA[lsb_acf_look_inside]]></wp:meta_value>
            </wp:postmeta>
            <category domain="lsb_tax_age" nicename="voksne"><![CDATA[voksne]]></category>
            <category domain="lsb_tax_genre" nicename="faglitteratur"><![CDATA[faglitteratur]]></category>
            <category domain="lsb_tax_topic" nicename="mat"><![CDATA[mat]]></category>
            <category domain="lsb_tax_topic" nicename="helse"><![CDATA[helse]]></category>
            <category domain="lsb_tax_topic" nicename="annet"><![CDATA[annet]]></category>
            <category domain="lsb_tax_language" nicename="no_nb"><![CDATA[bokmål]]></category>
            <category domain="lsb_tax_customization" nicename="faglitteratur"><![CDATA[faglitteratur]]></category>
            <wp:postmeta>
                <wp:meta_key>_thumbnail_id</wp:meta_key>
                <wp:meta_value><![CDATA[5333]]></wp:meta_value>
            </wp:postmeta>
        </item>
        <item>
            <title>forstyrret barn.jpg</title>
            <wp:post_id>5333</wp:post_id>
            <wp:status>inherit</wp:status>
            <wp:post_type>attachment</wp:post_type>
            <wp:attachment_url>https://raw.githubusercontent.com/lesersokerbok/boksok.no-data-utils/master/output-example/images/C0BF02E239244B97A8EA19D6D4B4CACF.jpg</wp:attachment_url>
        </item>
        <item>
            <wp:post_type>lsb_book</wp:post_type>
            <wp:status>publish</wp:status>
            <title>Indianerne i Standing Rock - Håpets reservat</title>
            <excerpt:encoded><![CDATA[På 1800-tallet levde bisonjegere   på prærien i Sør-Dakota.   Deres store høvding var Sitting Bull.   ]]></excerpt:encoded>
            <wp:postmeta>
                <wp:meta_key>lsb_isbn</wp:meta_key>
                <wp:meta_value><![CDATA[9788280980045]]></wp:meta_value>
            </wp:postmeta>
            <wp:postmeta>
                <wp:meta_key>_lsb_isbn</wp:meta_key>
                <wp:meta_value><![CDATA[lsb_acf_isbn]]></wp:meta_value>
            </wp:postmeta>
            <wp:postmeta>
                <wp:meta_key>lsb_published_year</wp:meta_key>
                <wp:meta_value><![CDATA[2003]]></wp:meta_value>
            </wp:postmeta>
            <wp:postmeta>
                <wp:meta_key>_lsb_published_year</wp:meta_key>
                <wp:meta_value><![CDATA[lsb_acf_published_year]]></wp:meta_value>
            </wp:postmeta>
            <wp:postmeta>
                <wp:meta_key>lsb_pages</wp:meta_key>
                <wp:meta_value><![CDATA[81]]></wp:meta_value>
            </wp:postmeta>
            <wp:postmeta>
                <wp:meta_key>_lsb_pages</wp:meta_key>
                <wp:meta_value><![CDATA[lsb_acf_pages]]></wp:meta_value>
            </wp:postmeta>
            <wp:postmeta>
                <wp:meta_key>lsb_review</wp:meta_key>
                <wp:meta_value><![CDATA[  <p>Tidene har endret seg mye siden han levde.<br />  Men slektningene hans finnes fortsatt. <br />  De bor i reservatet, og for dem  <br />  er fortida like viktig som framtida.</p>  <p>Denne boka er lett å lese. <br />  Den har flotte fotografier<br />  og tegninger av Marianne Erlandsson. <br />  Boka er godkjent av Utdanningsdirektoratet <br />  som multifunksjonelt læremiddel<br />  i samfunnskunnskap og norsk. </p>  ]]></wp:meta_value>
            </wp:postmeta>
            <wp:postmeta>
                <wp:meta_key>_lsb_review</wp:meta_key>
                <wp:meta_value><![CDATA[lsb_acf_review]]></wp:meta_value>
            </wp:postmeta>
            <wp:postmeta>
                <wp:meta_key>lsb_quote</wp:meta_key>
                <wp:meta_value><![CDATA[- Vi spiser bisonkjøtt fordi   det er mer sunt enn kjøtt fra kyr,   forteller Ladonna Brave Bull.   - Vi bruker hodeskaller fra bisoner   til våre religiøse seremonier.   Men vi dreper bare noen få dyr om året.  Vi tror at hvis bisonene dør ut og forsvinn]]></wp:meta_value>
            </wp:postmeta>
            <wp:postmeta>
                <wp:meta_key>_lsb_quote</wp:meta_key>
                <wp:meta_value><![CDATA[lsb_acf_quote]]></wp:meta_value>
            </wp:postmeta>
            <wp:postmeta>
                <wp:meta_key>lsb_supported</wp:meta_key>
                <wp:meta_value><![CDATA[1]]></wp:meta_value>
            </wp:postmeta>
            <wp:postmeta>
                <wp:meta_key>_lsb_supported</wp:meta_key>
                <wp:meta_value><![CDATA[lsb_acf_supported]]></wp:meta_value>
            </wp:postmeta>
            <wp:postmeta>
                <wp:meta_key>lsb_support_cat</wp:meta_key>
                <wp:meta_value><![CDATA[purple]]></wp:meta_value>
            </wp:postmeta>
            <wp:postmeta>
                <wp:meta_key>_lsb_support_cat</wp:meta_key>
                <wp:meta_value><![CDATA[lsb_acf_support_cat]]></wp:meta_value>
            </wp:postmeta>
            <category domain="lsb_tax_author" nicename="magnus-dahlbring"><![CDATA[Magnus Dahlbring]]></category>
            <category domain="lsb_tax_publisher" nicename="lettlest-forlag"><![CDATA[Lettlest forlag]]></category>
            <category domain="lsb_tax_illustrator" nicename="marianne-erlandsson"><![CDATA[Marianne Erlandsson]]></category>
            <category domain="lsb_tax_translator" nicename="bjørn-rudborg"><![CDATA[Bjørn Rudborg]]></category>
            <wp:postmeta>
                <wp:meta_key>lsb_look_inside</wp:meta_key>
                <wp:meta_value><![CDATA[CUSTOM_BLA_I_BOKA]]></wp:meta_value>
            </wp:postmeta>
            <wp:postmeta>
                <wp:meta_key>_lsb_look_inside</wp:meta_key>
                <wp:meta_value><![CDATA[lsb_acf_look_inside]]></wp:meta_value>
            </wp:postmeta>
            <category domain="lsb_tax_age" nicename="ungdom"><![CDATA[ungdom]]></category>
            <category domain="lsb_tax_topic" nicename="historie"><![CDATA[historie]]></category>
            <category domain="lsb_tax_topic" nicename="samfunn"><![CDATA[samfunn]]></category>
            <category domain="lsb_tax_language" nicename="no_nb"><![CDATA[bokmål]]></category>
            <category domain="lsb_tax_customization" nicename="faglitteratur"><![CDATA[faglitteratur]]></category>
            <category domain="lsb_tax_customization" nicename="mange-bilder"><![CDATA[mange bilder]]></category>
            <wp:postmeta>
                <wp:meta_key>_thumbnail_id</wp:meta_key>
                <wp:meta_value><![CDATA[5334]]></wp:meta_value>
            </wp:postmeta>
        </item>
        <item>
            <title>Indianer lite.jpg</title>
            <wp:post_id>5334</wp:post_id>
            <wp:status>inherit</wp:status>
            <wp:post_type>attachment</wp:post_type>
            <wp:attachment_url>https://raw.githubusercontent.com/lesersokerbok/boksok.no-data-utils/master/output-example/images/00F29D97317C43328E6DA4AD61E10404.jpg</wp:attachment_url>
        </item>
        <item>
            <wp:post_type>lsb_book</wp:post_type>
            <wp:status>publish</wp:status>
            <title>Eventyr, sagn og folkeviser fra mange land</title>
            <excerpt:encoded><![CDATA[Les eventyr fra Asbjørnsen og Moe,   Brødrene Grimm og Tusen og en natt.  Hør fortellinger og viser fra alle verdensdeler.   Lær litt om de mest kjente eventyrsamlerne.   ]]></excerpt:encoded>
            <wp:postmeta>
                <wp:meta_key>lsb_isbn</wp:meta_key>
                <wp:meta_value><![CDATA[9788242113641]]></wp:meta_value>
            </wp:postmeta>
            <wp:postmeta>
                <wp:meta_key>_lsb_isbn</wp:meta_key>
                <wp:meta_value><![CDATA[lsb_acf_isbn]]></wp:meta_value>
            </wp:postmeta>
            <wp:postmeta>
                <wp:meta_key>lsb_published_year</wp:meta_key>
                <wp:meta_value><![CDATA[2004]]></wp:meta_value>
            </wp:postmeta>
            <wp:postmeta>
                <wp:meta_key>_lsb_published_year</wp:meta_key>
                <wp:meta_value><![CDATA[lsb_acf_published_year]]></wp:meta_value>
            </wp:postmeta>
            <wp:postmeta>
                <wp:meta_key>lsb_pages</wp:meta_key>
                <wp:meta_value/>
            </wp:postmeta>
            <wp:postmeta>
                <wp:meta_key>_lsb_pages</wp:meta_key>
                <wp:meta_value><![CDATA[lsb_acf_pages]]></wp:meta_value>
            </wp:postmeta>
            <wp:postmeta>
                <wp:meta_key>lsb_review</wp:meta_key>
                <wp:meta_value><![CDATA[Dette er en CD-rom som gir både <br />  lytteopplevelse og lesetrening.<br />  Du kan lytte, lese og uttale samtidig.<br />  Du kan regulere skriftstørrelse og <br />  lesefart slik det passer deg.<br />  En linjemarkør følger opplesinga.<br />  CD-en er til bruk på PC.  ]]></wp:meta_value>
            </wp:postmeta>
            <wp:postmeta>
                <wp:meta_key>_lsb_review</wp:meta_key>
                <wp:meta_value><![CDATA[lsb_acf_review]]></wp:meta_value>
            </wp:postmeta>
            <wp:postmeta>
                <wp:meta_key>lsb_quote</wp:meta_key>
                <wp:meta_value/>
            </wp:postmeta>
            <wp:postmeta>
                <wp:meta_key>_lsb_quote</wp:meta_key>
                <wp:meta_value><![CDATA[lsb_acf_quote]]></wp:meta_value>
            </wp:postmeta>
            <wp:postmeta>
                <wp:meta_key>lsb_supported</wp:meta_key>
                <wp:meta_value><![CDATA[1]]></wp:meta_value>
            </wp:postmeta>
            <wp:postmeta>
                <wp:meta_key>_lsb_supported</wp:meta_key>
                <wp:meta_value><![CDATA[lsb_acf_supported]]></wp:meta_value>
            </wp:postmeta>
            <wp:postmeta>
                <wp:meta_key>lsb_support_cat</wp:meta_key>
                <wp:meta_value><![CDATA[purple]]></wp:meta_value>
            </wp:postmeta>
            <wp:postmeta>
                <wp:meta_key>_lsb_support_cat</wp:meta_key>
                <wp:meta_value><![CDATA[lsb_acf_support_cat]]></wp:meta_value>
            </wp:postmeta>
            <category domain="lsb_tax_author" nicename="sølvi-gunnes-(red.)"><![CDATA[Sølvi Gunnes (red.)]]></category>
            <category domain="lsb_tax_publisher" nicename="lydbokforlaget"><![CDATA[Lydbokforlaget]]></category>
            <wp:postmeta>
                <wp:meta_key>lsb_look_inside</wp:meta_key>
                <wp:meta_value><![CDATA[CUSTOM_BLA_I_BOKA]]></wp:meta_value>
            </wp:postmeta>
            <wp:postmeta>
                <wp:meta_key>_lsb_look_inside</wp:meta_key>
                <wp:meta_value><![CDATA[lsb_acf_look_inside]]></wp:meta_value>
            </wp:postmeta>
            <category domain="lsb_tax_age" nicename="voksne"><![CDATA[voksne]]></category>
            <category domain="lsb_tax_age" nicename="ungdom"><![CDATA[ungdom]]></category>
            <category domain="lsb_tax_age" nicename="barn"><![CDATA[barn]]></category>
            <category domain="lsb_tax_genre" nicename="prosa"><![CDATA[prosa]]></category>
            <category domain="lsb_tax_topic" nicename="eventyr"><![CDATA[eventyr]]></category>
            <category domain="lsb_tax_language" nicename="no_nb"><![CDATA[bokmål]]></category>
            <category domain="lsb_tax_language" nicename="no_nn"><![CDATA[nynorsk]]></category>
            <category domain="lsb_tax_customization" nicename="skjønnlitteratur"><![CDATA[skjønnlitteratur]]></category>
            <category domain="lsb_tax_customization" nicename="lydbok"><![CDATA[lydbok]]></category>
            <wp:postmeta>
                <wp:meta_key>_thumbnail_id</wp:meta_key>
                <wp:meta_value><![CDATA[5335]]></wp:meta_value>
            </wp:postmeta>
        </item>
        <item>
            <title>1364-5 Eventyr, sagn og folkeviser.jpg</title>
            <wp:post_id>5335</wp:post_id>
            <wp:status>inherit</wp:status>
            <wp:post_type>attachment</wp:post_type>
            <wp:attachment_url>https://raw.githubusercontent.com/lesersokerbok/boksok.no-data-utils/master/output-example/images/18493C810FD8465BAAB45B18147E25DE.jpg</wp:attachment_url>
        </item>
        <item>
            <wp:post_type>lsb_book</wp:post_type>
            <wp:status>publish</wp:status>
            <title>Varg Veum. De dødes dal.</title>
            <excerpt:encoded><![CDATA[Dette er første gang du kan lese   en Varg Veum-historie som tegneserie.         ]]></excerpt:encoded>
            <wp:postmeta>
                <wp:meta_key>lsb_isbn</wp:meta_key>
                <wp:meta_value><![CDATA[9788292514030]]></wp:meta_value>
            </wp:postmeta>
            <wp:postmeta>
                <wp:meta_key>_lsb_isbn</wp:meta_key>
                <wp:meta_value><![CDATA[lsb_acf_isbn]]></wp:meta_value>
            </wp:postmeta>
            <wp:postmeta>
                <wp:meta_key>lsb_published_year</wp:meta_key>
                <wp:meta_value><![CDATA[2004]]></wp:meta_value>
            </wp:postmeta>
            <wp:postmeta>
                <wp:meta_key>_lsb_published_year</wp:meta_key>
                <wp:meta_value><![CDATA[lsb_acf_published_year]]></wp:meta_value>
            </wp:postmeta>
            <wp:postmeta>
                <wp:meta_key>lsb_pages</wp:meta_key>
                <wp:meta_value><![CDATA[56]]></wp:meta_value>
            </wp:postmeta>
            <wp:postmeta>
                <wp:meta_key>_lsb_pages</wp:meta_key>
                <wp:meta_value><![CDATA[lsb_acf_pages]]></wp:meta_value>
            </wp:postmeta>
            <wp:postmeta>
                <wp:meta_key>lsb_review</wp:meta_key>
                <wp:meta_value><![CDATA[  <p>Varg Veum tenker tilbake på <br />  et uforståelig mord som skjedde i 1970. <br />  Det forbrente liket av en kvinne <br />  ble funnet innerst i Isdalen. <br />  Ingen fant ut hvem hun var,<br />  eller hva som hadde skjedd med henne. <br />   <br />  Gunnar Staalesen er kjent for sine <br />  mange krimbøker fra Bergen.<br />  Detektiven Varg Veum er en av hans <br />  mest brukte karakterer. <br />  Serien har tøffe og rå tegninger<br />  av britiske Mike Collins.  </p>  <p>Tegningene er i sort hvitt, <br />  og kan være litt vanskelige å tyde noen steder. <br />  Språket er ganske komplisert, men historien <br />  er spennende og lett å følge. <br />  Fonten er litt liten, men tydelig. </p>  <p><br />  </p>  ]]></wp:meta_value>
            </wp:postmeta>
            <wp:postmeta>
                <wp:meta_key>_lsb_review</wp:meta_key>
                <wp:meta_value><![CDATA[lsb_acf_review]]></wp:meta_value>
            </wp:postmeta>
            <wp:postmeta>
                <wp:meta_key>lsb_quote</wp:meta_key>
                <wp:meta_value><![CDATA[En servitør ved en resturant i Bergensområdet   mente å ha observert den etterlyste kvinnen i   samtale med en ung pike, bare noen dager før   hun forsvant ... ]]></wp:meta_value>
            </wp:postmeta>
            <wp:postmeta>
                <wp:meta_key>_lsb_quote</wp:meta_key>
                <wp:meta_value><![CDATA[lsb_acf_quote]]></wp:meta_value>
            </wp:postmeta>
            <wp:postmeta>
                <wp:meta_key>lsb_supported</wp:meta_key>
                <wp:meta_value><![CDATA[0]]></wp:meta_value>
            </wp:postmeta>
            <wp:postmeta>
                <wp:meta_key>_lsb_supported</wp:meta_key>
                <wp:meta_value><![CDATA[lsb_acf_supported]]></wp:meta_value>
            </wp:postmeta>
            <category domain="lsb_tax_author" nicename="gunnar-staalesen"><![CDATA[Gunnar Staalesen]]></category>
            <category domain="lsb_tax_publisher" nicename="westwind-forlag"><![CDATA[WestWind forlag]]></category>
            <category domain="lsb_tax_illustrator" nicename="mike-collins"><![CDATA[Mike Collins]]></category>
            <wp:postmeta>
                <wp:meta_key>lsb_look_inside</wp:meta_key>
                <wp:meta_value><![CDATA[CUSTOM_BLA_I_BOKA]]></wp:meta_value>
            </wp:postmeta>
            <wp:postmeta>
                <wp:meta_key>_lsb_look_inside</wp:meta_key>
                <wp:meta_value><![CDATA[lsb_acf_look_inside]]></wp:meta_value>
            </wp:postmeta>
            <category domain="lsb_tax_age" nicename="ungdom"><![CDATA[ungdom]]></category>
            <category domain="lsb_tax_age" nicename="voksne"><![CDATA[voksne]]></category>
            <category domain="lsb_tax_topic" nicename="krim"><![CDATA[krim]]></category>
            <category domain="lsb_tax_topic" nicename="spenning"><![CDATA[spenning]]></category>
            <category domain="lsb_tax_language" nicename="no_nb"><![CDATA[bokmål]]></category>
            <category domain="lsb_tax_customization" nicename="bilder"><![CDATA[bilder]]></category>
            <category domain="lsb_tax_customization" nicename="mange-bilder"><![CDATA[mange bilder]]></category>
            <wp:postmeta>
                <wp:meta_key>_thumbnail_id</wp:meta_key>
                <wp:meta_value><![CDATA[5336]]></wp:meta_value>
            </wp:postmeta>
        </item>
        <item>
            <title>de dødesdal.jpg</title>
            <wp:post_id>5336</wp:post_id>
            <wp:status>inherit</wp:status>
            <wp:post_type>attachment</wp:post_type>
            <wp:attachment_url>https://raw.githubusercontent.com/lesersokerbok/boksok.no-data-utils/master/output-example/images/0957C1D334CA482DB1E11578044A7AD4.jpg</wp:attachment_url>
        </item>
        <item>
            <wp:post_type>lsb_book</wp:post_type>
            <wp:status>publish</wp:status>
            <title>Danse på teppet</title>
            <excerpt:encoded><![CDATA[Mari og Pia blir venninner   når de går på kunstskolen sammen.   Men etter hvert som årene går,   vokser de fra hverandre.   ]]></excerpt:encoded>
            <wp:postmeta>
                <wp:meta_key>lsb_isbn</wp:meta_key>
                <wp:meta_value><![CDATA[9788291187525]]></wp:meta_value>
            </wp:postmeta>
            <wp:postmeta>
                <wp:meta_key>_lsb_isbn</wp:meta_key>
                <wp:meta_value><![CDATA[lsb_acf_isbn]]></wp:meta_value>
            </wp:postmeta>
            <wp:postmeta>
                <wp:meta_key>lsb_published_year</wp:meta_key>
                <wp:meta_value><![CDATA[2004]]></wp:meta_value>
            </wp:postmeta>
            <wp:postmeta>
                <wp:meta_key>_lsb_published_year</wp:meta_key>
                <wp:meta_value><![CDATA[lsb_acf_published_year]]></wp:meta_value>
            </wp:postmeta>
            <wp:postmeta>
                <wp:meta_key>lsb_pages</wp:meta_key>
                <wp:meta_value><![CDATA[75]]></wp:meta_value>
            </wp:postmeta>
            <wp:postmeta>
                <wp:meta_key>_lsb_pages</wp:meta_key>
                <wp:meta_value><![CDATA[lsb_acf_pages]]></wp:meta_value>
            </wp:postmeta>
            <wp:postmeta>
                <wp:meta_key>lsb_review</wp:meta_key>
                <wp:meta_value><![CDATA[  <p>Mari nekter å innse dette og gjør <br />  sitt ytterste for å holde på vennskapet. </p>  <p>Dette er en vakker bok om vennskap og sårhet. <br />  En varm og menneskelig tegneserie. <br />  Tegningene er tydelige. <br />  Skriften er ganske liten, men den er satt i <br />  versaler og lett å lese. </p>  <div>&#160;</div>  <div>Anna Fiske er tegner og forfatter.<br />  Hun har gitt ut flere bøker for barn og voksne, <br />  blant annet <strong>Følelsesbiblioteket</strong>, serieheftet <strong>Rabbel</strong> <br />  og bøkene om <strong>Palle Puddel</strong>. <br />  For <strong>Rabbel</strong> fikk hun <br />  Kultur- og kirkedepartementets pris <br />  for barne- og ungdomslitteratur i 2005.</div>  ]]></wp:meta_value>
            </wp:postmeta>
            <wp:postmeta>
                <wp:meta_key>_lsb_review</wp:meta_key>
                <wp:meta_value><![CDATA[lsb_acf_review]]></wp:meta_value>
            </wp:postmeta>
            <wp:postmeta>
                <wp:meta_key>lsb_quote</wp:meta_key>
                <wp:meta_value><![CDATA[- DU MÅ JO TENKE DEG OM FØR DU SETTER I GANG MED Å KYSSE HIT OG DIT. VI KVINNER MÅ TA VÅRE EGNE VALG.    - JEG ER SÅ GLAD FOR AT DU ER MIN VENN.  - DET ER GJENSIDIG.    - JEG ER SÅ FORVIRRET.  - IKKE NOE SOM EN DANS IKKE KAN RYDDE OPP I!]]></wp:meta_value>
            </wp:postmeta>
            <wp:postmeta>
                <wp:meta_key>_lsb_quote</wp:meta_key>
                <wp:meta_value><![CDATA[lsb_acf_quote]]></wp:meta_value>
            </wp:postmeta>
            <wp:postmeta>
                <wp:meta_key>lsb_supported</wp:meta_key>
                <wp:meta_value><![CDATA[0]]></wp:meta_value>
            </wp:postmeta>
            <wp:postmeta>
                <wp:meta_key>_lsb_supported</wp:meta_key>
                <wp:meta_value><![CDATA[lsb_acf_supported]]></wp:meta_value>
            </wp:postmeta>
            <category domain="lsb_tax_author" nicename="anna-fiske"><![CDATA[Anna Fiske]]></category>
            <category domain="lsb_tax_publisher" nicename="no-comprendo-press"><![CDATA[No Comprendo Press]]></category>
            <category domain="lsb_tax_illustrator" nicename="anna-fiske"><![CDATA[Anna Fiske]]></category>
            <wp:postmeta>
                <wp:meta_key>lsb_look_inside</wp:meta_key>
                <wp:meta_value><![CDATA[CUSTOM_BLA_I_BOKA]]></wp:meta_value>
            </wp:postmeta>
            <wp:postmeta>
                <wp:meta_key>_lsb_look_inside</wp:meta_key>
                <wp:meta_value><![CDATA[lsb_acf_look_inside]]></wp:meta_value>
            </wp:postmeta>
            <category domain="lsb_tax_age" nicename="ungdom"><![CDATA[ungdom]]></category>
            <category domain="lsb_tax_age" nicename="voksne"><![CDATA[voksne]]></category>
            <category domain="lsb_tax_topic" nicename="mennesker-i-mellom"><![CDATA[mennesker i mellom]]></category>
            <category domain="lsb_tax_language" nicename="no_nb"><![CDATA[bokmål]]></category>
            <category domain="lsb_tax_customization" nicename="bilder"><![CDATA[bilder]]></category>
            <category domain="lsb_tax_customization" nicename="mange-bilder"><![CDATA[mange bilder]]></category>
            <wp:postmeta>
                <wp:meta_key>_thumbnail_id</wp:meta_key>
                <wp:meta_value><![CDATA[5337]]></wp:meta_value>
            </wp:postmeta>
        </item>
        <item>
            <title>dansepå teppet2.jpg</title>
            <wp:post_id>5337</wp:post_id>
            <wp:status>inherit</wp:status>
            <wp:post_type>attachment</wp:post_type>
            <wp:attachment_url>https://raw.githubusercontent.com/lesersokerbok/boksok.no-data-utils/master/output-example/images/2B941FC447974E2591B59108CCB6FD5E.jpg</wp:attachment_url>
        </item>
        <item>
            <wp:post_type>lsb_book</wp:post_type>
            <wp:status>publish</wp:status>
            <title>Pulp</title>
            <excerpt:encoded><![CDATA[Privatdetektiven Nick Belane har tøffe dager på jobben.  ]]></excerpt:encoded>
            <wp:postmeta>
                <wp:meta_key>lsb_isbn</wp:meta_key>
                <wp:meta_value><![CDATA[9788281870024]]></wp:meta_value>
            </wp:postmeta>
            <wp:postmeta>
                <wp:meta_key>_lsb_isbn</wp:meta_key>
                <wp:meta_value><![CDATA[lsb_acf_isbn]]></wp:meta_value>
            </wp:postmeta>
            <wp:postmeta>
                <wp:meta_key>lsb_published_year</wp:meta_key>
                <wp:meta_value><![CDATA[1994/2006]]></wp:meta_value>
            </wp:postmeta>
            <wp:postmeta>
                <wp:meta_key>_lsb_published_year</wp:meta_key>
                <wp:meta_value><![CDATA[lsb_acf_published_year]]></wp:meta_value>
            </wp:postmeta>
            <wp:postmeta>
                <wp:meta_key>lsb_pages</wp:meta_key>
                <wp:meta_value><![CDATA[197]]></wp:meta_value>
            </wp:postmeta>
            <wp:postmeta>
                <wp:meta_key>_lsb_pages</wp:meta_key>
                <wp:meta_value><![CDATA[lsb_acf_pages]]></wp:meta_value>
            </wp:postmeta>
            <wp:postmeta>
                <wp:meta_key>lsb_review</wp:meta_key>
                <wp:meta_value><![CDATA[  <div>Lady Død jakter på den avdøde forfatteren Celine. </div>  <div>En begravelsesagent plages av et romvesen.</div>  <div>Jack Bass vil vite om hans kone er utro.</div>  <div>Utleieren venter på husleia.</div>  <div>Noen mafiatyper vil banke han opp,</div>  <div>og han har ertet på seg postmannen.</div>  <div>Dessuten drikker han for mye.</div>  <div>&#160;</div>  <div>Charles Bukowski  er en av den amerikanske litteraturens </div>  <div>mest berømte slasker. <strong>Pulp </strong>er hans siste roman.</div>  <div>Den ble skrevet mens han selv var døende.</div>  <div>Likevel er boka rå, morsom og overraskende.</div>  <div>&#160;</div>  <div>Boka har korte setninger og en muntlig stil. </div>  ]]></wp:meta_value>
            </wp:postmeta>
            <wp:postmeta>
                <wp:meta_key>_lsb_review</wp:meta_key>
                <wp:meta_value><![CDATA[lsb_acf_review]]></wp:meta_value>
            </wp:postmeta>
            <wp:postmeta>
                <wp:meta_key>lsb_quote</wp:meta_key>
                <wp:meta_value><![CDATA[Jeg sto i døren og så på dem.  Omsider lagde bartenderen en lyd: "Atsj ...?"  "Har noen her sett Cindy, Celine eller Rødspurven?"  spurte jeg.    De bare så på meg. En av stamgjestene trakk munnen  sammen til et lite vått hull. Han forsøkte å snakke. Han  klarte det ikke. Den andre stamgjesten bøyde seg og  klødde seg på balla. Eller der de hadde pleid å være.  Bartenderen var like ubevegelig. Han så ut som om han   var skåret ut i papp. For veldig lenge siden. Plutselig følte jeg  meg ung.    Jeg beveget meg framover og tok en barkrakk.  "Noen muligheter for en drink her?" spurte jeg.  "Atsj ..." sa bartenderen.]]></wp:meta_value>
            </wp:postmeta>
            <wp:postmeta>
                <wp:meta_key>_lsb_quote</wp:meta_key>
                <wp:meta_value><![CDATA[lsb_acf_quote]]></wp:meta_value>
            </wp:postmeta>
            <wp:postmeta>
                <wp:meta_key>lsb_supported</wp:meta_key>
                <wp:meta_value><![CDATA[0]]></wp:meta_value>
            </wp:postmeta>
            <wp:postmeta>
                <wp:meta_key>_lsb_supported</wp:meta_key>
                <wp:meta_value><![CDATA[lsb_acf_supported]]></wp:meta_value>
            </wp:postmeta>
            <category domain="lsb_tax_author" nicename="charles-bukowski"><![CDATA[Charles Bukowski]]></category>
            <category domain="lsb_tax_publisher" nicename="baskerville"><![CDATA[Baskerville]]></category>
            <category domain="lsb_tax_translator" nicename="sverre-knudsen"><![CDATA[Sverre Knudsen]]></category>
            <wp:postmeta>
                <wp:meta_key>lsb_look_inside</wp:meta_key>
                <wp:meta_value><![CDATA[CUSTOM_BLA_I_BOKA]]></wp:meta_value>
            </wp:postmeta>
            <wp:postmeta>
                <wp:meta_key>_lsb_look_inside</wp:meta_key>
                <wp:meta_value><![CDATA[lsb_acf_look_inside]]></wp:meta_value>
            </wp:postmeta>
            <category domain="lsb_tax_age" nicename="voksne"><![CDATA[voksne]]></category>
            <category domain="lsb_tax_genre" nicename="prosa"><![CDATA[prosa]]></category>
            <category domain="lsb_tax_topic" nicename="krim"><![CDATA[krim]]></category>
            <category domain="lsb_tax_topic" nicename="spenning"><![CDATA[spenning]]></category>
            <category domain="lsb_tax_language" nicename="no_nb"><![CDATA[bokmål]]></category>
            <category domain="lsb_tax_customization" nicename="skjønnlitteratur"><![CDATA[skjønnlitteratur]]></category>
            <wp:postmeta>
                <wp:meta_key>_thumbnail_id</wp:meta_key>
                <wp:meta_value><![CDATA[5338]]></wp:meta_value>
            </wp:postmeta>
        </item>
        <item>
            <title>Pulp.jpg</title>
            <wp:post_id>5338</wp:post_id>
            <wp:status>inherit</wp:status>
            <wp:post_type>attachment</wp:post_type>
            <wp:attachment_url>https://raw.githubusercontent.com/lesersokerbok/boksok.no-data-utils/master/output-example/images/666156ABEA9C470E87269AFD52B3B231.jpg</wp:attachment_url>
        </item>
        <item>
            <wp:post_type>lsb_book</wp:post_type>
            <wp:status>publish</wp:status>
            <title>Nød</title>
            <excerpt:encoded><![CDATA[Då eg var femten, stal eg pengar frå svoltne ungar i Etiopia.]]></excerpt:encoded>
            <wp:postmeta>
                <wp:meta_key>lsb_isbn</wp:meta_key>
                <wp:meta_value><![CDATA[9788252164916]]></wp:meta_value>
            </wp:postmeta>
            <wp:postmeta>
                <wp:meta_key>_lsb_isbn</wp:meta_key>
                <wp:meta_value><![CDATA[lsb_acf_isbn]]></wp:meta_value>
            </wp:postmeta>
            <wp:postmeta>
                <wp:meta_key>lsb_published_year</wp:meta_key>
                <wp:meta_value><![CDATA[2004]]></wp:meta_value>
            </wp:postmeta>
            <wp:postmeta>
                <wp:meta_key>_lsb_published_year</wp:meta_key>
                <wp:meta_value><![CDATA[lsb_acf_published_year]]></wp:meta_value>
            </wp:postmeta>
            <wp:postmeta>
                <wp:meta_key>lsb_pages</wp:meta_key>
                <wp:meta_value><![CDATA[336]]></wp:meta_value>
            </wp:postmeta>
            <wp:postmeta>
                <wp:meta_key>_lsb_pages</wp:meta_key>
                <wp:meta_value><![CDATA[lsb_acf_pages]]></wp:meta_value>
            </wp:postmeta>
            <wp:postmeta>
                <wp:meta_key>lsb_review</wp:meta_key>
                <wp:meta_value><![CDATA[  <div>Slik begynner <strong><em>Nød</em></strong>, </div>  <div>ein underhaldande roman om alvorlege tema. </div>  <div>Om urettferd, om Bob Geldof og Live Aid. </div>  <div>Om kvifor vi blei som vi blei. </div>  <div>Om å ha veldig dårlig samvit. </div>  <div>Og om ein heilt vanlig fyr som startar </div>  <div>innsamlingsaksjonen "Lottomillionærar for Afrika".<br />  <br />  Are Kalvø  har skrive ei rekke faglitterære bøker. </div>  <div>Nød er den første romanen hans.</div>  <div>Sjølv i nytt format, held Are Kalvø fram i kjend stil.</div>  <div>Han greier å seie noko viktig,&#160;</div>  <div>samtidig som han rettar ein godmodig peikefinger</div>  <div>mot kvar enkelt av oss. <br />  </div>  <div>&#160;</div>  <div>Boka er litt lang, men språket er enkelt. <br />  </div>  <div><br />   </div>  ]]></wp:meta_value>
            </wp:postmeta>
            <wp:postmeta>
                <wp:meta_key>_lsb_review</wp:meta_key>
                <wp:meta_value><![CDATA[lsb_acf_review]]></wp:meta_value>
            </wp:postmeta>
            <wp:postmeta>
                <wp:meta_key>lsb_quote</wp:meta_key>
                <wp:meta_value><![CDATA[Då eg var femten, stal eg pengar frå svoltne ungar i Etiopia.    Eg stal ett tusen åtte hundre og tjuesju kroner og   femti øre. Kameraten min Tom vare med på det. Eg kunne  påstå at han var hjernen bak, men det ville vere å fråskri-  ve seg ansvaret. Vi var saman om det, Tom og eg. Tensing-  Jonas var også med oss, men han visste ingenting om  pengane. Han var berre med fordi han kunne spele orgel.  Han var utan skuld, som alltid. Vi kan ikkje skulde på  andre. Det var oss, berre oss, Tom og eg, som stal eitt   tusen åtte hundre og tjuesju kroner og femti øre frå   svoltneungar i Etiopia. Storparten av pengane kjøpte vi musikk   for. Vi brukte ein del på bussbillettar, mat og snop. Resten  er eg ikkje sikker på kva vi gjorde med.    Våre kriminelle karrierar starta laurdag 13. juli 1985  klokka 13.46. Vi sat heime hos meg og så Live Aid på tv.]]></wp:meta_value>
            </wp:postmeta>
            <wp:postmeta>
                <wp:meta_key>_lsb_quote</wp:meta_key>
                <wp:meta_value><![CDATA[lsb_acf_quote]]></wp:meta_value>
            </wp:postmeta>
            <wp:postmeta>
                <wp:meta_key>lsb_supported</wp:meta_key>
                <wp:meta_value><![CDATA[0]]></wp:meta_value>
            </wp:postmeta>
            <wp:postmeta>
                <wp:meta_key>_lsb_supported</wp:meta_key>
                <wp:meta_value><![CDATA[lsb_acf_supported]]></wp:meta_value>
            </wp:postmeta>
            <category domain="lsb_tax_author" nicename="are-kalvø"><![CDATA[Are Kalvø]]></category>
            <category domain="lsb_tax_publisher" nicename="samlaget"><![CDATA[Samlaget]]></category>
            <wp:postmeta>
                <wp:meta_key>lsb_look_inside</wp:meta_key>
                <wp:meta_value><![CDATA[CUSTOM_BLA_I_BOKA]]></wp:meta_value>
            </wp:postmeta>
            <wp:postmeta>
                <wp:meta_key>_lsb_look_inside</wp:meta_key>
                <wp:meta_value><![CDATA[lsb_acf_look_inside]]></wp:meta_value>
            </wp:postmeta>
            <category domain="lsb_tax_age" nicename="voksne"><![CDATA[voksne]]></category>
            <category domain="lsb_tax_genre" nicename="prosa"><![CDATA[prosa]]></category>
            <category domain="lsb_tax_topic" nicename="historie"><![CDATA[historie]]></category>
            <category domain="lsb_tax_topic" nicename="samfunn"><![CDATA[samfunn]]></category>
            <category domain="lsb_tax_topic" nicename="humor"><![CDATA[humor]]></category>
            <category domain="lsb_tax_topic" nicename="mennesker-i-mellom"><![CDATA[mennesker i mellom]]></category>
            <category domain="lsb_tax_language" nicename="no_nn"><![CDATA[nynorsk]]></category>
            <category domain="lsb_tax_customization" nicename="skjønnlitteratur"><![CDATA[skjønnlitteratur]]></category>
            <wp:postmeta>
                <wp:meta_key>_thumbnail_id</wp:meta_key>
                <wp:meta_value><![CDATA[5339]]></wp:meta_value>
            </wp:postmeta>
        </item>
        <item>
            <title>Nød komprimert.jpg</title>
            <wp:post_id>5339</wp:post_id>
            <wp:status>inherit</wp:status>
            <wp:post_type>attachment</wp:post_type>
            <wp:attachment_url>https://raw.githubusercontent.com/lesersokerbok/boksok.no-data-utils/master/output-example/images/CD5FAA740C22463E95EA80BF7DEDE612.jpg</wp:attachment_url>
        </item>
        <item>
            <wp:post_type>lsb_book</wp:post_type>
            <wp:status>publish</wp:status>
            <title>Farmor har kabel-tv</title>
            <excerpt:encoded><![CDATA[Det finnes noen få ting som kan bygge bro mellom   svært gamle og svært unge mennesker.   Kabel-tv var engang en av dem.]]></excerpt:encoded>
            <wp:postmeta>
                <wp:meta_key>lsb_isbn</wp:meta_key>
                <wp:meta_value><![CDATA[9788249505845]]></wp:meta_value>
            </wp:postmeta>
            <wp:postmeta>
                <wp:meta_key>_lsb_isbn</wp:meta_key>
                <wp:meta_value><![CDATA[lsb_acf_isbn]]></wp:meta_value>
            </wp:postmeta>
            <wp:postmeta>
                <wp:meta_key>lsb_published_year</wp:meta_key>
                <wp:meta_value><![CDATA[2008]]></wp:meta_value>
            </wp:postmeta>
            <wp:postmeta>
                <wp:meta_key>_lsb_published_year</wp:meta_key>
                <wp:meta_value><![CDATA[lsb_acf_published_year]]></wp:meta_value>
            </wp:postmeta>
            <wp:postmeta>
                <wp:meta_key>lsb_pages</wp:meta_key>
                <wp:meta_value><![CDATA[110]]></wp:meta_value>
            </wp:postmeta>
            <wp:postmeta>
                <wp:meta_key>_lsb_pages</wp:meta_key>
                <wp:meta_value><![CDATA[lsb_acf_pages]]></wp:meta_value>
            </wp:postmeta>
            <wp:postmeta>
                <wp:meta_key>lsb_review</wp:meta_key>
                <wp:meta_value><![CDATA[  <div>Året er 1986. Farmor er 76 år.</div>  <div>Hun går med regnhette når det regner.</div>  <div>Hun vasker seg hver tredje dag.</div>  <div>Hun ser ikke så godt,</div>  <div>og har en mann som ligger på kirkegården.</div>  <div>Hun syns ikke hun lever i nåtiden llenger.</div>  <div>Utenfor står barnebarnet hennes</div>  <div>og kompisen hans. De vil inn.</div>  <div>Hun har noe de vil ha.</div>  <div>&#160;</div>  <div><strong>Farmor har kabel-tv</strong> er en morsom </div>  <div>og rørende liten bok. Den handler om vennskap</div>  <div>og om de sære sidene hver alder bringer med seg.</div>  <div>Språket er enkelt og det er ganske korte setninger. </div>  <div>&#160;</div>  <div>Tore Renberg  har gitt ut 18 bøker </div>  <div>og fått Tarjei Vesaas' debutantpris og Bokhandlerprisen.</div>  <div>Han er mest kjent for <strong>Mannen som elsket Yngve</strong>,</div>  <div>som det også er blitt film av. <br />  </div>  <div>&#160;</div>  ]]></wp:meta_value>
            </wp:postmeta>
            <wp:postmeta>
                <wp:meta_key>_lsb_review</wp:meta_key>
                <wp:meta_value><![CDATA[lsb_acf_review]]></wp:meta_value>
            </wp:postmeta>
            <wp:postmeta>
                <wp:meta_key>lsb_quote</wp:meta_key>
                <wp:meta_value><![CDATA[Så det kunne hende de kom nå.    Derfor står hun på verandaen.    De hadde sagt det, dagen før, at de kanskje kom en annen  dag også. Hvis det var greit.     Og det var det jo.    Jeg er nå bare her, hadde hun sagt. Hyggelig med selskap,  hadde hun sagt.    Så Else Marie har vært på s-laget. Og i dag har hun kjøpt  mer enn en halv liter melk, meierismør, to poteter og badesåpe.  Hun var tidlig på butikken, og litt yr i kroppen bøyde hun seg  ned mot reolene og kjøpte det hun trenger til å lage muffins.  Det kan de nok like, de unge guttene. Han som heter  Jonas, med de stikkende øynene, og barnebarnet hennes.]]></wp:meta_value>
            </wp:postmeta>
            <wp:postmeta>
                <wp:meta_key>_lsb_quote</wp:meta_key>
                <wp:meta_value><![CDATA[lsb_acf_quote]]></wp:meta_value>
            </wp:postmeta>
            <wp:postmeta>
                <wp:meta_key>lsb_supported</wp:meta_key>
                <wp:meta_value><![CDATA[0]]></wp:meta_value>
            </wp:postmeta>
            <wp:postmeta>
                <wp:meta_key>_lsb_supported</wp:meta_key>
                <wp:meta_value><![CDATA[lsb_acf_supported]]></wp:meta_value>
            </wp:postmeta>
            <category domain="lsb_tax_author" nicename="tore-renberg"><![CDATA[Tore Renberg]]></category>
            <category domain="lsb_tax_publisher" nicename="oktober"><![CDATA[Oktober]]></category>
            <wp:postmeta>
                <wp:meta_key>lsb_look_inside</wp:meta_key>
                <wp:meta_value><![CDATA[CUSTOM_BLA_I_BOKA]]></wp:meta_value>
            </wp:postmeta>
            <wp:postmeta>
                <wp:meta_key>_lsb_look_inside</wp:meta_key>
                <wp:meta_value><![CDATA[lsb_acf_look_inside]]></wp:meta_value>
            </wp:postmeta>
            <category domain="lsb_tax_age" nicename="ungdom"><![CDATA[ungdom]]></category>
            <category domain="lsb_tax_age" nicename="voksne"><![CDATA[voksne]]></category>
            <category domain="lsb_tax_genre" nicename="prosa"><![CDATA[prosa]]></category>
            <category domain="lsb_tax_topic" nicename="mennesker-i-mellom"><![CDATA[mennesker i mellom]]></category>
            <category domain="lsb_tax_language" nicename="no_nb"><![CDATA[bokmål]]></category>
            <category domain="lsb_tax_customization" nicename="skjønnlitteratur"><![CDATA[skjønnlitteratur]]></category>
            <wp:postmeta>
                <wp:meta_key>_thumbnail_id</wp:meta_key>
                <wp:meta_value><![CDATA[5340]]></wp:meta_value>
            </wp:postmeta>
        </item>
        <item>
            <title>farmor har kabel-TV.jpg</title>
            <wp:post_id>5340</wp:post_id>
            <wp:status>inherit</wp:status>
            <wp:post_type>attachment</wp:post_type>
            <wp:attachment_url>https://raw.githubusercontent.com/lesersokerbok/boksok.no-data-utils/master/output-example/images/7A52CBF5945E4BD28E09197F3E627D36.jpg</wp:attachment_url>
        </item>
        <item>
            <wp:post_type>lsb_book</wp:post_type>
            <wp:status>publish</wp:status>
            <title>Soga om Olav Sleggja</title>
            <excerpt:encoded><![CDATA[Trælen Olav Sleggja står i gjeld til kong Olav Tryggvason.  Han skal ta eit siste oppdrag for kongen før han er fri.]]></excerpt:encoded>
            <wp:postmeta>
                <wp:meta_key>lsb_isbn</wp:meta_key>
                <wp:meta_value><![CDATA[9788252175035]]></wp:meta_value>
            </wp:postmeta>
            <wp:postmeta>
                <wp:meta_key>_lsb_isbn</wp:meta_key>
                <wp:meta_value><![CDATA[lsb_acf_isbn]]></wp:meta_value>
            </wp:postmeta>
            <wp:postmeta>
                <wp:meta_key>lsb_published_year</wp:meta_key>
                <wp:meta_value><![CDATA[2009]]></wp:meta_value>
            </wp:postmeta>
            <wp:postmeta>
                <wp:meta_key>_lsb_published_year</wp:meta_key>
                <wp:meta_value><![CDATA[lsb_acf_published_year]]></wp:meta_value>
            </wp:postmeta>
            <wp:postmeta>
                <wp:meta_key>lsb_pages</wp:meta_key>
                <wp:meta_value/>
            </wp:postmeta>
            <wp:postmeta>
                <wp:meta_key>_lsb_pages</wp:meta_key>
                <wp:meta_value><![CDATA[lsb_acf_pages]]></wp:meta_value>
            </wp:postmeta>
            <wp:postmeta>
                <wp:meta_key>lsb_review</wp:meta_key>
                <wp:meta_value><![CDATA[  <div>Han skal drepe kongens halvbror,</div>  <div>Råg den uovervinnelege.</div>  <div>Olav har ein plan.</div>  <div>Men han veit også at om planen lukkast,</div>  <div>kan ikkje kongen late han leve.</div>  <div>&#160;</div>  <div>Øystein Runde har skrive og teikna</div>  <div>ei soge med historiske heltar,</div>  <div>dikt av Olav H. Hauge,</div>  <div>mykje blod og gørr</div>  <div>og knusktørre one-linere. <br />  </div>  <div>&#160;</div>  ]]></wp:meta_value>
            </wp:postmeta>
            <wp:postmeta>
                <wp:meta_key>_lsb_review</wp:meta_key>
                <wp:meta_value><![CDATA[lsb_acf_review]]></wp:meta_value>
            </wp:postmeta>
            <wp:postmeta>
                <wp:meta_key>lsb_quote</wp:meta_key>
                <wp:meta_value><![CDATA[- ER DET DU SOM ER RÅG GUNNLAUGSSON?  - ... SOM DEI SEIER EIGENTLEG HEITER RÅG TRYGGVASON?    - JA.   - KVIFOR SPØR DU?    - ... HHH. HOLMGANG, ALTSÅ.  - KVA ER NAMNET DITT?    - DET FÅR DU VITE OM DU VINN.    - EG HAR IKKJE TID TIL EIN HOLMGANG ETTER ALL]]></wp:meta_value>
            </wp:postmeta>
            <wp:postmeta>
                <wp:meta_key>_lsb_quote</wp:meta_key>
                <wp:meta_value><![CDATA[lsb_acf_quote]]></wp:meta_value>
            </wp:postmeta>
            <wp:postmeta>
                <wp:meta_key>lsb_supported</wp:meta_key>
                <wp:meta_value><![CDATA[0]]></wp:meta_value>
            </wp:postmeta>
            <wp:postmeta>
                <wp:meta_key>_lsb_supported</wp:meta_key>
                <wp:meta_value><![CDATA[lsb_acf_supported]]></wp:meta_value>
            </wp:postmeta>
            <category domain="lsb_tax_author" nicename="øystein-runde"><![CDATA[Øystein Runde]]></category>
            <category domain="lsb_tax_publisher" nicename="samlaget"><![CDATA[Samlaget]]></category>
            <category domain="lsb_tax_illustrator" nicename="øystein-runde"><![CDATA[Øystein Runde]]></category>
            <wp:postmeta>
                <wp:meta_key>lsb_look_inside</wp:meta_key>
                <wp:meta_value><![CDATA[CUSTOM_BLA_I_BOKA]]></wp:meta_value>
            </wp:postmeta>
            <wp:postmeta>
                <wp:meta_key>_lsb_look_inside</wp:meta_key>
                <wp:meta_value><![CDATA[lsb_acf_look_inside]]></wp:meta_value>
            </wp:postmeta>
            <category domain="lsb_tax_customization" nicename="bilder"><![CDATA[bilder]]></category>
            <wp:postmeta>
                <wp:meta_key>_thumbnail_id</wp:meta_key>
                <wp:meta_value><![CDATA[5341]]></wp:meta_value>
            </wp:postmeta>
        </item>
        <item>
            <title>olav sleggja komprimert.jpg</title>
            <wp:post_id>5341</wp:post_id>
            <wp:status>inherit</wp:status>
            <wp:post_type>attachment</wp:post_type>
            <wp:attachment_url>https://raw.githubusercontent.com/lesersokerbok/boksok.no-data-utils/master/output-example/images/D2936673DC6C481A8E7FB8F2E2A15A26.jpg</wp:attachment_url>
        </item>
        <item>
            <wp:post_type>lsb_book</wp:post_type>
            <wp:status>publish</wp:status>
            <title>Doboka</title>
            <excerpt:encoded><![CDATA[Dette er en bok om tiss og bæsj og doer.  Les om hemmelige tissemeldinger og om   elefanter som bæsjer 110 kilo hver dag.  Har du noen gang lurt på hva astronautene gjør   når de må på do?    ]]></excerpt:encoded>
            <wp:postmeta>
                <wp:meta_key>lsb_isbn</wp:meta_key>
                <wp:meta_value><![CDATA[9788205341555]]></wp:meta_value>
            </wp:postmeta>
            <wp:postmeta>
                <wp:meta_key>_lsb_isbn</wp:meta_key>
                <wp:meta_value><![CDATA[lsb_acf_isbn]]></wp:meta_value>
            </wp:postmeta>
            <wp:postmeta>
                <wp:meta_key>lsb_published_year</wp:meta_key>
                <wp:meta_value><![CDATA[2005]]></wp:meta_value>
            </wp:postmeta>
            <wp:postmeta>
                <wp:meta_key>_lsb_published_year</wp:meta_key>
                <wp:meta_value><![CDATA[lsb_acf_published_year]]></wp:meta_value>
            </wp:postmeta>
            <wp:postmeta>
                <wp:meta_key>lsb_pages</wp:meta_key>
                <wp:meta_value><![CDATA[58]]></wp:meta_value>
            </wp:postmeta>
            <wp:postmeta>
                <wp:meta_key>_lsb_pages</wp:meta_key>
                <wp:meta_value><![CDATA[lsb_acf_pages]]></wp:meta_value>
            </wp:postmeta>
            <wp:postmeta>
                <wp:meta_key>lsb_review</wp:meta_key>
                <wp:meta_value><![CDATA[  <div>Eller hva slags doer folk brukte <br />  i vikingtida?</div>  <div>&#160;</div>  <p>Dette er ei bok i serien Bokormen Fakta.  </p>  ]]></wp:meta_value>
            </wp:postmeta>
            <wp:postmeta>
                <wp:meta_key>_lsb_review</wp:meta_key>
                <wp:meta_value><![CDATA[lsb_acf_review]]></wp:meta_value>
            </wp:postmeta>
            <wp:postmeta>
                <wp:meta_key>lsb_quote</wp:meta_key>
                <wp:meta_value><![CDATA[For 150 år siden kunne du bli rik av å selge  gammel, tørket fugleskitt. Indianerne i Peru  hadde brukt gammel fugleskitt som gjødsel i  mange år, og etter hvert begynte de å selge  det til andre land. Og de hadde nok å ta av -  noen steder var haugene med fugleskitt mer  enn 30 meter høye!]]></wp:meta_value>
            </wp:postmeta>
            <wp:postmeta>
                <wp:meta_key>_lsb_quote</wp:meta_key>
                <wp:meta_value><![CDATA[lsb_acf_quote]]></wp:meta_value>
            </wp:postmeta>
            <wp:postmeta>
                <wp:meta_key>lsb_supported</wp:meta_key>
                <wp:meta_value><![CDATA[0]]></wp:meta_value>
            </wp:postmeta>
            <wp:postmeta>
                <wp:meta_key>_lsb_supported</wp:meta_key>
                <wp:meta_value><![CDATA[lsb_acf_supported]]></wp:meta_value>
            </wp:postmeta>
            <category domain="lsb_tax_author" nicename="dagny-holm"><![CDATA[Dagny Holm]]></category>
            <category domain="lsb_tax_publisher" nicename="gyldendal"><![CDATA[Gyldendal]]></category>
            <category domain="lsb_tax_illustrator" nicename="anders-kaadahl"><![CDATA[Anders Kaadahl]]></category>
            <wp:postmeta>
                <wp:meta_key>lsb_look_inside</wp:meta_key>
                <wp:meta_value><![CDATA[CUSTOM_BLA_I_BOKA]]></wp:meta_value>
            </wp:postmeta>
            <wp:postmeta>
                <wp:meta_key>_lsb_look_inside</wp:meta_key>
                <wp:meta_value><![CDATA[lsb_acf_look_inside]]></wp:meta_value>
            </wp:postmeta>
            <category domain="lsb_tax_age" nicename="barn"><![CDATA[barn]]></category>
            <category domain="lsb_tax_topic" nicename="annet"><![CDATA[annet]]></category>
            <category domain="lsb_tax_language" nicename="no_nb"><![CDATA[bokmål]]></category>
            <category domain="lsb_tax_customization" nicename="faglitteratur"><![CDATA[faglitteratur]]></category>
            <category domain="lsb_tax_customization" nicename="mange-bilder"><![CDATA[mange bilder]]></category>
        </item>
        <item>
            <wp:post_type>lsb_book</wp:post_type>
            <wp:status>publish</wp:status>
            <title>Taynikma tegneskole</title>
            <excerpt:encoded><![CDATA[Lær å tegne superhelter fra Taynikma-universet.   Her er alle tegneskolerådene samlet i én bok.  ]]></excerpt:encoded>
            <wp:postmeta>
                <wp:meta_key>lsb_isbn</wp:meta_key>
                <wp:meta_value><![CDATA[9788251626552]]></wp:meta_value>
            </wp:postmeta>
            <wp:postmeta>
                <wp:meta_key>_lsb_isbn</wp:meta_key>
                <wp:meta_value><![CDATA[lsb_acf_isbn]]></wp:meta_value>
            </wp:postmeta>
            <wp:postmeta>
                <wp:meta_key>lsb_published_year</wp:meta_key>
                <wp:meta_value><![CDATA[2010]]></wp:meta_value>
            </wp:postmeta>
            <wp:postmeta>
                <wp:meta_key>_lsb_published_year</wp:meta_key>
                <wp:meta_value><![CDATA[lsb_acf_published_year]]></wp:meta_value>
            </wp:postmeta>
            <wp:postmeta>
                <wp:meta_key>lsb_pages</wp:meta_key>
                <wp:meta_value><![CDATA[93]]></wp:meta_value>
            </wp:postmeta>
            <wp:postmeta>
                <wp:meta_key>_lsb_pages</wp:meta_key>
                <wp:meta_value><![CDATA[lsb_acf_pages]]></wp:meta_value>
            </wp:postmeta>
            <wp:postmeta>
                <wp:meta_key>lsb_review</wp:meta_key>
                <wp:meta_value><![CDATA[  <div>Lær å tegne Koto, Monto, Artan og </div>  <div>de andre figurene i Taynikma-serien. </div>  <div>Les også hvordan monstrene i serien </div>  <div>ble skapt.  </div>  <div>&#160;</div>  <div>Enkelt og godt forklart får du vite hvordan du </div>  <div>tegner figurene med riktige proposjoner og fra flere vinkler. </div>  <div>Du får også lære hvordan du tegner ansiktsuttrykk, hender</div>  <div>og hvordan du kan gjøre tegningene mer levende.</div>  <div>&#160;</div>  <div>Stor og fin skrift og en god layout gjør boka enkel å lese. </div>  <div>Noen tegneseriebobler med versaler.   </div>  <div>&#160;</div>  <div>Dette er en bok i <strong>Taynikama</strong>-serien. </div>  ]]></wp:meta_value>
            </wp:postmeta>
            <wp:postmeta>
                <wp:meta_key>_lsb_review</wp:meta_key>
                <wp:meta_value><![CDATA[lsb_acf_review]]></wp:meta_value>
            </wp:postmeta>
            <wp:postmeta>
                <wp:meta_key>lsb_quote</wp:meta_key>
                <wp:meta_value><![CDATA[Hodehøyder    Når man tegner en figur, deler man ham inn i "hodehøyder". Man bruker figurens eget hode som måleenhet. De røde sirklene til høyre for Koto er hver et "hode" høyt. Hele Kotos kropp er altså seks "hoder" høyt. Dette systemet gjør det enklere å tegne figurens kropp lik fra bilde til bilde. ]]></wp:meta_value>
            </wp:postmeta>
            <wp:postmeta>
                <wp:meta_key>_lsb_quote</wp:meta_key>
                <wp:meta_value><![CDATA[lsb_acf_quote]]></wp:meta_value>
            </wp:postmeta>
            <wp:postmeta>
                <wp:meta_key>lsb_supported</wp:meta_key>
                <wp:meta_value><![CDATA[0]]></wp:meta_value>
            </wp:postmeta>
            <wp:postmeta>
                <wp:meta_key>_lsb_supported</wp:meta_key>
                <wp:meta_value><![CDATA[lsb_acf_supported]]></wp:meta_value>
            </wp:postmeta>
            <category domain="lsb_tax_author" nicename="jan-kjær"><![CDATA[Jan Kjær]]></category>
            <category domain="lsb_tax_publisher" nicename="schibsted"><![CDATA[Schibsted]]></category>
            <category domain="lsb_tax_illustrator" nicename="jan-kjær"><![CDATA[Jan Kjær]]></category>
            <category domain="lsb_tax_translator" nicename="fredrik-strand-bjerke"><![CDATA[Fredrik Strand Bjerke]]></category>
            <wp:postmeta>
                <wp:meta_key>lsb_look_inside</wp:meta_key>
                <wp:meta_value><![CDATA[CUSTOM_BLA_I_BOKA]]></wp:meta_value>
            </wp:postmeta>
            <wp:postmeta>
                <wp:meta_key>_lsb_look_inside</wp:meta_key>
                <wp:meta_value><![CDATA[lsb_acf_look_inside]]></wp:meta_value>
            </wp:postmeta>
            <category domain="lsb_tax_age" nicename="barn"><![CDATA[barn]]></category>
            <category domain="lsb_tax_age" nicename="ungdom"><![CDATA[ungdom]]></category>
            <category domain="lsb_tax_genre" nicename="faglitteratur"><![CDATA[faglitteratur]]></category>
            <category domain="lsb_tax_topic" nicename="annet"><![CDATA[annet]]></category>
            <category domain="lsb_tax_language" nicename="no_nb"><![CDATA[bokmål]]></category>
            <category domain="lsb_tax_customization" nicename="faglitteratur"><![CDATA[faglitteratur]]></category>
            <category domain="lsb_tax_customization" nicename="mange-bilder"><![CDATA[mange bilder]]></category>
            <wp:postmeta>
                <wp:meta_key>_thumbnail_id</wp:meta_key>
                <wp:meta_value><![CDATA[5343]]></wp:meta_value>
            </wp:postmeta>
        </item>
        <item>
            <title>Taynikma tegneskole komprimert.jpg</title>
            <wp:post_id>5343</wp:post_id>
            <wp:status>inherit</wp:status>
            <wp:post_type>attachment</wp:post_type>
            <wp:attachment_url>https://raw.githubusercontent.com/lesersokerbok/boksok.no-data-utils/master/output-example/images/E661BB2F2EFE4EC493B7A1A69E500E09.jpg</wp:attachment_url>
        </item>
        <item>
            <wp:post_type>lsb_book</wp:post_type>
            <wp:status>publish</wp:status>
            <title>Ferie med Anders</title>
            <excerpt:encoded><![CDATA[Anders er 7 år og har sommerferie.   Han lurer på hva han skal finne på.   ]]></excerpt:encoded>
            <wp:postmeta>
                <wp:meta_key>lsb_isbn</wp:meta_key>
                <wp:meta_value><![CDATA[9788252047172]]></wp:meta_value>
            </wp:postmeta>
            <wp:postmeta>
                <wp:meta_key>_lsb_isbn</wp:meta_key>
                <wp:meta_value><![CDATA[lsb_acf_isbn]]></wp:meta_value>
            </wp:postmeta>
            <wp:postmeta>
                <wp:meta_key>lsb_published_year</wp:meta_key>
                <wp:meta_value><![CDATA[2004]]></wp:meta_value>
            </wp:postmeta>
            <wp:postmeta>
                <wp:meta_key>_lsb_published_year</wp:meta_key>
                <wp:meta_value><![CDATA[lsb_acf_published_year]]></wp:meta_value>
            </wp:postmeta>
            <wp:postmeta>
                <wp:meta_key>lsb_pages</wp:meta_key>
                <wp:meta_value><![CDATA[169]]></wp:meta_value>
            </wp:postmeta>
            <wp:postmeta>
                <wp:meta_key>_lsb_pages</wp:meta_key>
                <wp:meta_value><![CDATA[lsb_acf_pages]]></wp:meta_value>
            </wp:postmeta>
            <wp:postmeta>
                <wp:meta_key>lsb_review</wp:meta_key>
                <wp:meta_value><![CDATA[  <p>Heldigvis har han mange venner <br />  som Gamle Iver, trafikkskadde Nottov, og en nabojente. <br />  Sammen drar de på turer, besøker nyfødte kattunger<br />  og mye annet rart som gjør at ferien <br />  plutselig ikke er kjedelig lenger <br />  i det hele tatt.</p>  <div>&#160;</div>  <div>En oppbyggelig historie om hverdagsgodhet </div>  <div>med et religiøst preg skrevet med enkel tekst. </div>  <div>&#160;</div>  <p>Reidun Therkelsen Tveit har tidligere skrevet <br />  en bok om Anders som heter<strong> Gode naboer</strong>.</p>  ]]></wp:meta_value>
            </wp:postmeta>
            <wp:postmeta>
                <wp:meta_key>_lsb_review</wp:meta_key>
                <wp:meta_value><![CDATA[lsb_acf_review]]></wp:meta_value>
            </wp:postmeta>
            <wp:postmeta>
                <wp:meta_key>lsb_quote</wp:meta_key>
                <wp:meta_value><![CDATA[Neste dag hadde Anders det gøy   hos Nottov.   De spilte musikk til de ble hysja på.   Det var som om Nottov likte   akkurat det. ]]></wp:meta_value>
            </wp:postmeta>
            <wp:postmeta>
                <wp:meta_key>_lsb_quote</wp:meta_key>
                <wp:meta_value><![CDATA[lsb_acf_quote]]></wp:meta_value>
            </wp:postmeta>
            <wp:postmeta>
                <wp:meta_key>lsb_supported</wp:meta_key>
                <wp:meta_value><![CDATA[0]]></wp:meta_value>
            </wp:postmeta>
            <wp:postmeta>
                <wp:meta_key>_lsb_supported</wp:meta_key>
                <wp:meta_value><![CDATA[lsb_acf_supported]]></wp:meta_value>
            </wp:postmeta>
            <category domain="lsb_tax_author" nicename="reidun-therkelsen-tveit"><![CDATA[Reidun Therkelsen Tveit]]></category>
            <category domain="lsb_tax_publisher" nicename="lunde"><![CDATA[Lunde]]></category>
            <category domain="lsb_tax_illustrator" nicename="marianne-kristiansen-lindstrøm"><![CDATA[Marianne Kristiansen Lindstrøm]]></category>
            <wp:postmeta>
                <wp:meta_key>lsb_look_inside</wp:meta_key>
                <wp:meta_value><![CDATA[CUSTOM_BLA_I_BOKA]]></wp:meta_value>
            </wp:postmeta>
            <wp:postmeta>
                <wp:meta_key>_lsb_look_inside</wp:meta_key>
                <wp:meta_value><![CDATA[lsb_acf_look_inside]]></wp:meta_value>
            </wp:postmeta>
            <category domain="lsb_tax_age" nicename="barn"><![CDATA[barn]]></category>
            <category domain="lsb_tax_genre" nicename="prosa"><![CDATA[prosa]]></category>
            <category domain="lsb_tax_topic" nicename="mennesker-i-mellom"><![CDATA[mennesker i mellom]]></category>
            <category domain="lsb_tax_topic" nicename="annet"><![CDATA[annet]]></category>
            <category domain="lsb_tax_language" nicename="no_nb"><![CDATA[bokmål]]></category>
            <category domain="lsb_tax_customization" nicename="skjønnlitteratur"><![CDATA[skjønnlitteratur]]></category>
            <category domain="lsb_tax_customization" nicename="mange-bilder"><![CDATA[mange bilder]]></category>
            <wp:postmeta>
                <wp:meta_key>_thumbnail_id</wp:meta_key>
                <wp:meta_value><![CDATA[5344]]></wp:meta_value>
            </wp:postmeta>
        </item>
        <item>
            <title>Ferie med Anders.jpg</title>
            <wp:post_id>5344</wp:post_id>
            <wp:status>inherit</wp:status>
            <wp:post_type>attachment</wp:post_type>
            <wp:attachment_url>https://raw.githubusercontent.com/lesersokerbok/boksok.no-data-utils/master/output-example/images/FE7A6C801DB54003A0EC75C4FFBFDD24.jpg</wp:attachment_url>
        </item>
        <item>
            <wp:post_type>lsb_book</wp:post_type>
            <wp:status>publish</wp:status>
            <title>Jeg finner ikke ordene</title>
            <excerpt:encoded><![CDATA[Pekeordbok for afasirammede  og deres pårørende. ]]></excerpt:encoded>
            <wp:postmeta>
                <wp:meta_key>lsb_isbn</wp:meta_key>
                <wp:meta_value><![CDATA[9788245007619]]></wp:meta_value>
            </wp:postmeta>
            <wp:postmeta>
                <wp:meta_key>_lsb_isbn</wp:meta_key>
                <wp:meta_value><![CDATA[lsb_acf_isbn]]></wp:meta_value>
            </wp:postmeta>
            <wp:postmeta>
                <wp:meta_key>lsb_published_year</wp:meta_key>
                <wp:meta_value><![CDATA[2010]]></wp:meta_value>
            </wp:postmeta>
            <wp:postmeta>
                <wp:meta_key>_lsb_published_year</wp:meta_key>
                <wp:meta_value><![CDATA[lsb_acf_published_year]]></wp:meta_value>
            </wp:postmeta>
            <wp:postmeta>
                <wp:meta_key>lsb_pages</wp:meta_key>
                <wp:meta_value/>
            </wp:postmeta>
            <wp:postmeta>
                <wp:meta_key>_lsb_pages</wp:meta_key>
                <wp:meta_value><![CDATA[lsb_acf_pages]]></wp:meta_value>
            </wp:postmeta>
            <wp:postmeta>
                <wp:meta_key>lsb_review</wp:meta_key>
                <wp:meta_value><![CDATA[  <div><strong>Jeg finner ikke ordene</strong> er </div>  <div>et nyttig hjelpemiddel for den som har mistet ordene </div>  <div>etter et slag. </div>  <div>Boka egner seg også godt </div>  <div>for andre med språkvansker. </div>  <div>Ordene ledsages av bilder. </div>  <div>&#160;</div>  <div>Boka inneholder et utvalg av illustrasjoner </div>  <div>som beskriver hverdagslige gjenstander og situasjoner, </div>  <div>fordelt på ni ulike tema. </div>  <div>Her finnes blant annet </div>  <div>følelser, mat og drikke, </div>  <div>klær og sko, tid og tall.  </div>  ]]></wp:meta_value>
            </wp:postmeta>
            <wp:postmeta>
                <wp:meta_key>_lsb_review</wp:meta_key>
                <wp:meta_value><![CDATA[lsb_acf_review]]></wp:meta_value>
            </wp:postmeta>
            <wp:postmeta>
                <wp:meta_key>lsb_quote</wp:meta_key>
                <wp:meta_value/>
            </wp:postmeta>
            <wp:postmeta>
                <wp:meta_key>_lsb_quote</wp:meta_key>
                <wp:meta_value><![CDATA[lsb_acf_quote]]></wp:meta_value>
            </wp:postmeta>
            <wp:postmeta>
                <wp:meta_key>lsb_supported</wp:meta_key>
                <wp:meta_value><![CDATA[1]]></wp:meta_value>
            </wp:postmeta>
            <wp:postmeta>
                <wp:meta_key>_lsb_supported</wp:meta_key>
                <wp:meta_value><![CDATA[lsb_acf_supported]]></wp:meta_value>
            </wp:postmeta>
            <wp:postmeta>
                <wp:meta_key>lsb_support_cat</wp:meta_key>
                <wp:meta_value><![CDATA[green]]></wp:meta_value>
            </wp:postmeta>
            <wp:postmeta>
                <wp:meta_key>_lsb_support_cat</wp:meta_key>
                <wp:meta_value><![CDATA[lsb_acf_support_cat]]></wp:meta_value>
            </wp:postmeta>
            <category domain="lsb_tax_author" nicename="ingrun-gudbrandsen"><![CDATA[Ingrun Gudbrandsen]]></category>
            <category domain="lsb_tax_publisher" nicename="fagbokforlaget"><![CDATA[Fagbokforlaget]]></category>
            <wp:postmeta>
                <wp:meta_key>lsb_look_inside</wp:meta_key>
                <wp:meta_value><![CDATA[CUSTOM_BLA_I_BOKA]]></wp:meta_value>
            </wp:postmeta>
            <wp:postmeta>
                <wp:meta_key>_lsb_look_inside</wp:meta_key>
                <wp:meta_value><![CDATA[lsb_acf_look_inside]]></wp:meta_value>
            </wp:postmeta>
            <category domain="lsb_tax_age" nicename="voksne"><![CDATA[voksne]]></category>
            <category domain="lsb_tax_genre" nicename="faglitteratur"><![CDATA[faglitteratur]]></category>
            <category domain="lsb_tax_language" nicename="no_nb"><![CDATA[bokmål]]></category>
            <category domain="lsb_tax_customization" nicename="demente"><![CDATA[demente]]></category>
            <category domain="lsb_tax_customization" nicename="mange-bilder"><![CDATA[mange bilder]]></category>
            <wp:postmeta>
                <wp:meta_key>_thumbnail_id</wp:meta_key>
                <wp:meta_value><![CDATA[5345]]></wp:meta_value>
            </wp:postmeta>
        </item>
        <item>
            <title>jeg finner ikke ordene komprimert.jpg</title>
            <wp:post_id>5345</wp:post_id>
            <wp:status>inherit</wp:status>
            <wp:post_type>attachment</wp:post_type>
            <wp:attachment_url>https://raw.githubusercontent.com/lesersokerbok/boksok.no-data-utils/master/output-example/images/F4E5C91A71A047F19F79B53219D42EF1.jpg</wp:attachment_url>
        </item>
        <item>
            <wp:post_type>lsb_book</wp:post_type>
            <wp:status>publish</wp:status>
            <title>Flygende tallerkener og små grønne menn : En faktabok om UFOer</title>
            <excerpt:encoded><![CDATA[En ufo med fire små menneskelignende  vesener med katteøyne   kræsjlander i USA.  ]]></excerpt:encoded>
            <wp:postmeta>
                <wp:meta_key>lsb_isbn</wp:meta_key>
                <wp:meta_value><![CDATA[9788249608393]]></wp:meta_value>
            </wp:postmeta>
            <wp:postmeta>
                <wp:meta_key>_lsb_isbn</wp:meta_key>
                <wp:meta_value><![CDATA[lsb_acf_isbn]]></wp:meta_value>
            </wp:postmeta>
            <wp:postmeta>
                <wp:meta_key>lsb_published_year</wp:meta_key>
                <wp:meta_value><![CDATA[2003]]></wp:meta_value>
            </wp:postmeta>
            <wp:postmeta>
                <wp:meta_key>_lsb_published_year</wp:meta_key>
                <wp:meta_value><![CDATA[lsb_acf_published_year]]></wp:meta_value>
            </wp:postmeta>
            <wp:postmeta>
                <wp:meta_key>lsb_pages</wp:meta_key>
                <wp:meta_value><![CDATA[66]]></wp:meta_value>
            </wp:postmeta>
            <wp:postmeta>
                <wp:meta_key>_lsb_pages</wp:meta_key>
                <wp:meta_value><![CDATA[lsb_acf_pages]]></wp:meta_value>
            </wp:postmeta>
            <wp:postmeta>
                <wp:meta_key>lsb_review</wp:meta_key>
                <wp:meta_value><![CDATA[  <p>Alt dette har folk fortalt <br />  at de har opplevd, <br />  og de påstår at de snakker sant.</p>  <div>&#160;</div>  <div>En faktaløve for barn over 7 år.<br />  Forholdsvis mye tekst for de minste.<br />  </div>  ]]></wp:meta_value>
            </wp:postmeta>
            <wp:postmeta>
                <wp:meta_key>_lsb_review</wp:meta_key>
                <wp:meta_value><![CDATA[lsb_acf_review]]></wp:meta_value>
            </wp:postmeta>
            <wp:postmeta>
                <wp:meta_key>lsb_quote</wp:meta_key>
                <wp:meta_value><![CDATA[Når det kommer en dame, en helt   alminnelig dame som jobber på et helt   alminnelig kontor, som kunne ha vært moren din   for den saks skyld, og forteller at i går kveld så  hun en brun og hvit kalv fly opp i  lysstrålen fra et romskip og forsvinne  inn i det. Og hun påstår ikke engang at  hun har drømt det.   Denne hendelsen skal ha   funnet sted i USA i 1973 og er  beskrevet i en bok om ufo-opplevelser. ]]></wp:meta_value>
            </wp:postmeta>
            <wp:postmeta>
                <wp:meta_key>_lsb_quote</wp:meta_key>
                <wp:meta_value><![CDATA[lsb_acf_quote]]></wp:meta_value>
            </wp:postmeta>
            <wp:postmeta>
                <wp:meta_key>lsb_supported</wp:meta_key>
                <wp:meta_value><![CDATA[0]]></wp:meta_value>
            </wp:postmeta>
            <wp:postmeta>
                <wp:meta_key>_lsb_supported</wp:meta_key>
                <wp:meta_value><![CDATA[lsb_acf_supported]]></wp:meta_value>
            </wp:postmeta>
            <category domain="lsb_tax_author" nicename="pia-strømstad"><![CDATA[Pia Strømstad]]></category>
            <category domain="lsb_tax_publisher" nicename="damm"><![CDATA[Damm]]></category>
            <category domain="lsb_tax_illustrator" nicename="ragnar-aalbu"><![CDATA[Ragnar Aalbu]]></category>
            <wp:postmeta>
                <wp:meta_key>lsb_look_inside</wp:meta_key>
                <wp:meta_value><![CDATA[CUSTOM_BLA_I_BOKA]]></wp:meta_value>
            </wp:postmeta>
            <wp:postmeta>
                <wp:meta_key>_lsb_look_inside</wp:meta_key>
                <wp:meta_value><![CDATA[lsb_acf_look_inside]]></wp:meta_value>
            </wp:postmeta>
            <category domain="lsb_tax_age" nicename="barn"><![CDATA[barn]]></category>
            <category domain="lsb_tax_topic" nicename="annet"><![CDATA[annet]]></category>
            <category domain="lsb_tax_language" nicename="no_nb"><![CDATA[bokmål]]></category>
            <category domain="lsb_tax_customization" nicename="storskrift"><![CDATA[storskrift]]></category>
            <category domain="lsb_tax_customization" nicename="faglitteratur"><![CDATA[faglitteratur]]></category>
            <category domain="lsb_tax_customization" nicename="mange-bilder"><![CDATA[mange bilder]]></category>
            <wp:postmeta>
                <wp:meta_key>_thumbnail_id</wp:meta_key>
                <wp:meta_value><![CDATA[5346]]></wp:meta_value>
            </wp:postmeta>
        </item>
        <item>
            <title>Flygende-tallerkener-og-små.jpg</title>
            <wp:post_id>5346</wp:post_id>
            <wp:status>inherit</wp:status>
            <wp:post_type>attachment</wp:post_type>
            <wp:attachment_url>https://raw.githubusercontent.com/lesersokerbok/boksok.no-data-utils/master/output-example/images/E4C31973C46141CEA51D5FE4AB92E0E6.jpg</wp:attachment_url>
        </item>
        <item>
            <wp:post_type>lsb_book</wp:post_type>
            <wp:status>publish</wp:status>
            <title>Palle Puddel koser seg</title>
            <excerpt:encoded><![CDATA[Endelig fredag.  Palle skal kose seg i godstolen  med Puddelnytt og kjøttbein.  Men blir det slik?  ]]></excerpt:encoded>
            <wp:postmeta>
                <wp:meta_key>lsb_isbn</wp:meta_key>
                <wp:meta_value><![CDATA[9788291187587]]></wp:meta_value>
            </wp:postmeta>
            <wp:postmeta>
                <wp:meta_key>_lsb_isbn</wp:meta_key>
                <wp:meta_value><![CDATA[lsb_acf_isbn]]></wp:meta_value>
            </wp:postmeta>
            <wp:postmeta>
                <wp:meta_key>lsb_published_year</wp:meta_key>
                <wp:meta_value><![CDATA[2004]]></wp:meta_value>
            </wp:postmeta>
            <wp:postmeta>
                <wp:meta_key>_lsb_published_year</wp:meta_key>
                <wp:meta_value><![CDATA[lsb_acf_published_year]]></wp:meta_value>
            </wp:postmeta>
            <wp:postmeta>
                <wp:meta_key>lsb_pages</wp:meta_key>
                <wp:meta_value><![CDATA[34]]></wp:meta_value>
            </wp:postmeta>
            <wp:postmeta>
                <wp:meta_key>_lsb_pages</wp:meta_key>
                <wp:meta_value><![CDATA[lsb_acf_pages]]></wp:meta_value>
            </wp:postmeta>
            <wp:postmeta>
                <wp:meta_key>lsb_review</wp:meta_key>
                <wp:meta_value><![CDATA[  <p>Boken forteller historien gjennom bilder.<br />  Den har ett ord på hver side,<br />  med et bilde som forklarer hva ordet betyr.<br />  Boken egner seg for de som vil lære norsk,<br />  for første gang eller på nytt.</p>  <div>&#160;</div>  <div>Anna Fiske er tegner og forfatter.<br />  Hun har gitt ut flere bøker for barn og voksne,<br />  blant annet serieheftet Rabbel<br />  og bøkene om Palle Puddel.<br />  For <strong>Rabbel</strong> fikk hun<br />  Kultur- og kirkedepartementets pris<br />  for barne- og ungdomslitteratur i 2005.</div>  ]]></wp:meta_value>
            </wp:postmeta>
            <wp:postmeta>
                <wp:meta_key>_lsb_review</wp:meta_key>
                <wp:meta_value><![CDATA[lsb_acf_review]]></wp:meta_value>
            </wp:postmeta>
            <wp:postmeta>
                <wp:meta_key>lsb_quote</wp:meta_key>
                <wp:meta_value><![CDATA[NØKKEL  STOL  NINA KANIN]]></wp:meta_value>
            </wp:postmeta>
            <wp:postmeta>
                <wp:meta_key>_lsb_quote</wp:meta_key>
                <wp:meta_value><![CDATA[lsb_acf_quote]]></wp:meta_value>
            </wp:postmeta>
            <wp:postmeta>
                <wp:meta_key>lsb_supported</wp:meta_key>
                <wp:meta_value><![CDATA[0]]></wp:meta_value>
            </wp:postmeta>
            <wp:postmeta>
                <wp:meta_key>_lsb_supported</wp:meta_key>
                <wp:meta_value><![CDATA[lsb_acf_supported]]></wp:meta_value>
            </wp:postmeta>
            <category domain="lsb_tax_author" nicename="anna-fiske"><![CDATA[Anna Fiske]]></category>
            <category domain="lsb_tax_publisher" nicename="no-comprendo-press"><![CDATA[No Comprendo Press]]></category>
            <category domain="lsb_tax_illustrator" nicename="anna-fiske"><![CDATA[Anna Fiske]]></category>
            <wp:postmeta>
                <wp:meta_key>lsb_look_inside</wp:meta_key>
                <wp:meta_value><![CDATA[CUSTOM_BLA_I_BOKA]]></wp:meta_value>
            </wp:postmeta>
            <wp:postmeta>
                <wp:meta_key>_lsb_look_inside</wp:meta_key>
                <wp:meta_value><![CDATA[lsb_acf_look_inside]]></wp:meta_value>
            </wp:postmeta>
            <category domain="lsb_tax_age" nicename="barn"><![CDATA[barn]]></category>
            <category domain="lsb_tax_topic" nicename="humor"><![CDATA[humor]]></category>
            <category domain="lsb_tax_language" nicename="no_nb"><![CDATA[bokmål]]></category>
            <category domain="lsb_tax_customization" nicename="storskrift"><![CDATA[storskrift]]></category>
            <category domain="lsb_tax_customization" nicename="ny-i-norge"><![CDATA[ny i norge]]></category>
            <category domain="lsb_tax_customization" nicename="mange-bilder"><![CDATA[mange bilder]]></category>
            <wp:postmeta>
                <wp:meta_key>_thumbnail_id</wp:meta_key>
                <wp:meta_value><![CDATA[5347]]></wp:meta_value>
            </wp:postmeta>
        </item>
        <item>
            <title>pallepuddelkoserseg2.jpg</title>
            <wp:post_id>5347</wp:post_id>
            <wp:status>inherit</wp:status>
            <wp:post_type>attachment</wp:post_type>
            <wp:attachment_url>https://raw.githubusercontent.com/lesersokerbok/boksok.no-data-utils/master/output-example/images/5C71DAFCA975459E81DED6A9D1FEF6B6.jpg</wp:attachment_url>
        </item>
        <item>
            <wp:post_type>lsb_book</wp:post_type>
            <wp:status>publish</wp:status>
            <title>Dyr i drift</title>
            <excerpt:encoded><![CDATA[De tre bøkene om gris, sau og ku i samlet utgave.]]></excerpt:encoded>
            <wp:postmeta>
                <wp:meta_key>lsb_isbn</wp:meta_key>
                <wp:meta_value><![CDATA[9788202286347]]></wp:meta_value>
            </wp:postmeta>
            <wp:postmeta>
                <wp:meta_key>_lsb_isbn</wp:meta_key>
                <wp:meta_value><![CDATA[lsb_acf_isbn]]></wp:meta_value>
            </wp:postmeta>
            <wp:postmeta>
                <wp:meta_key>lsb_published_year</wp:meta_key>
                <wp:meta_value><![CDATA[2008]]></wp:meta_value>
            </wp:postmeta>
            <wp:postmeta>
                <wp:meta_key>_lsb_published_year</wp:meta_key>
                <wp:meta_value><![CDATA[lsb_acf_published_year]]></wp:meta_value>
            </wp:postmeta>
            <wp:postmeta>
                <wp:meta_key>lsb_pages</wp:meta_key>
                <wp:meta_value><![CDATA[upag.]]></wp:meta_value>
            </wp:postmeta>
            <wp:postmeta>
                <wp:meta_key>_lsb_pages</wp:meta_key>
                <wp:meta_value><![CDATA[lsb_acf_pages]]></wp:meta_value>
            </wp:postmeta>
            <wp:postmeta>
                <wp:meta_key>lsb_review</wp:meta_key>
                <wp:meta_value/>
            </wp:postmeta>
            <wp:postmeta>
                <wp:meta_key>_lsb_review</wp:meta_key>
                <wp:meta_value><![CDATA[lsb_acf_review]]></wp:meta_value>
            </wp:postmeta>
            <wp:postmeta>
                <wp:meta_key>lsb_quote</wp:meta_key>
                <wp:meta_value><![CDATA[DET VAR EI KU SOM   OPPFANT KUGALSKAPEN    DE FLESTE GRISER   ELSKER RIBBEVEGGER    LANGTFRA ALLE SAUER  ER SNILLE SOM LAM    ]]></wp:meta_value>
            </wp:postmeta>
            <wp:postmeta>
                <wp:meta_key>_lsb_quote</wp:meta_key>
                <wp:meta_value><![CDATA[lsb_acf_quote]]></wp:meta_value>
            </wp:postmeta>
            <wp:postmeta>
                <wp:meta_key>lsb_supported</wp:meta_key>
                <wp:meta_value><![CDATA[0]]></wp:meta_value>
            </wp:postmeta>
            <wp:postmeta>
                <wp:meta_key>_lsb_supported</wp:meta_key>
                <wp:meta_value><![CDATA[lsb_acf_supported]]></wp:meta_value>
            </wp:postmeta>
            <category domain="lsb_tax_author" nicename="ragnar-aalbu"><![CDATA[Ragnar Aalbu]]></category>
            <category domain="lsb_tax_publisher" nicename="cappelen-damm"><![CDATA[Cappelen Damm]]></category>
            <category domain="lsb_tax_illustrator" nicename="ragnar-aalbu"><![CDATA[Ragnar Aalbu]]></category>
            <wp:postmeta>
                <wp:meta_key>lsb_look_inside</wp:meta_key>
                <wp:meta_value><![CDATA[CUSTOM_BLA_I_BOKA]]></wp:meta_value>
            </wp:postmeta>
            <wp:postmeta>
                <wp:meta_key>_lsb_look_inside</wp:meta_key>
                <wp:meta_value><![CDATA[lsb_acf_look_inside]]></wp:meta_value>
            </wp:postmeta>
            <category domain="lsb_tax_age" nicename="barn"><![CDATA[barn]]></category>
            <category domain="lsb_tax_topic" nicename="humor"><![CDATA[humor]]></category>
            <category domain="lsb_tax_language" nicename="no_nb"><![CDATA[bokmål]]></category>
            <category domain="lsb_tax_customization" nicename="skjønnlitteratur"><![CDATA[skjønnlitteratur]]></category>
            <category domain="lsb_tax_customization" nicename="mange-bilder"><![CDATA[mange bilder]]></category>
            <wp:postmeta>
                <wp:meta_key>_thumbnail_id</wp:meta_key>
                <wp:meta_value><![CDATA[5348]]></wp:meta_value>
            </wp:postmeta>
        </item>
        <item>
            <title>landbrukstrilogien.jpg</title>
            <wp:post_id>5348</wp:post_id>
            <wp:status>inherit</wp:status>
            <wp:post_type>attachment</wp:post_type>
            <wp:attachment_url>https://raw.githubusercontent.com/lesersokerbok/boksok.no-data-utils/master/output-example/images/DCEE96BA5E8141E282C5BE32AF3399DF.jpg</wp:attachment_url>
        </item>
        <item>
            <wp:post_type>lsb_book</wp:post_type>
            <wp:status>publish</wp:status>
            <title>Trygg i dag</title>
            <excerpt:encoded><![CDATA[Andaktsbok i storskrift med 365 korte andakter. ]]></excerpt:encoded>
            <wp:postmeta>
                <wp:meta_key>lsb_isbn</wp:meta_key>
                <wp:meta_value><![CDATA[9788252001006]]></wp:meta_value>
            </wp:postmeta>
            <wp:postmeta>
                <wp:meta_key>_lsb_isbn</wp:meta_key>
                <wp:meta_value><![CDATA[lsb_acf_isbn]]></wp:meta_value>
            </wp:postmeta>
            <wp:postmeta>
                <wp:meta_key>lsb_published_year</wp:meta_key>
                <wp:meta_value><![CDATA[2010]]></wp:meta_value>
            </wp:postmeta>
            <wp:postmeta>
                <wp:meta_key>_lsb_published_year</wp:meta_key>
                <wp:meta_value><![CDATA[lsb_acf_published_year]]></wp:meta_value>
            </wp:postmeta>
            <wp:postmeta>
                <wp:meta_key>lsb_pages</wp:meta_key>
                <wp:meta_value><![CDATA[379]]></wp:meta_value>
            </wp:postmeta>
            <wp:postmeta>
                <wp:meta_key>_lsb_pages</wp:meta_key>
                <wp:meta_value><![CDATA[lsb_acf_pages]]></wp:meta_value>
            </wp:postmeta>
            <wp:postmeta>
                <wp:meta_key>lsb_review</wp:meta_key>
                <wp:meta_value><![CDATA[  <div>Asbjørn Kvalbein har tatt utgangspunkt </div>  <div>i fortellinger, sitater og salmevers </div>  <div>og bruker dem som døråpnere </div>  <div>til bibelske sannheter. </div>  <div>&#160;</div>  <div>Andaktene er korte og lett tilgjengelige </div>  <div>og tar sikte på å gi åndelig påfyll </div>  <div>hver dag gjennom hele året. </div>  <div>&#160;</div>  <div>Dette er en storskriftutgave av boka </div>  <div>som utkom for første gang i 2008. </div>  <div>&#160;</div>  <div>Asbjørn Kvalbein er utdannet teolog. </div>  <div>Han er bl.a. kjent som andaktsholder </div>  <div>fra NRK og avisen Vårt Land. </div>  <div>&#160;</div>  <div>&#160;</div>  ]]></wp:meta_value>
            </wp:postmeta>
            <wp:postmeta>
                <wp:meta_key>_lsb_review</wp:meta_key>
                <wp:meta_value><![CDATA[lsb_acf_review]]></wp:meta_value>
            </wp:postmeta>
            <wp:postmeta>
                <wp:meta_key>lsb_quote</wp:meta_key>
                <wp:meta_value><![CDATA[Når livstrådene roter seg sammen for deg, kan du gjøre det samme - med én gang. Du kan vende deg til himmelens og jordens herre, Gud Fader i himmelen. Han sier i sitt ord: "Kall på meg på nødens dag, så vil jeg utfri deg, og du skal prise meg"  (Sal 50,15)]]></wp:meta_value>
            </wp:postmeta>
            <wp:postmeta>
                <wp:meta_key>_lsb_quote</wp:meta_key>
                <wp:meta_value><![CDATA[lsb_acf_quote]]></wp:meta_value>
            </wp:postmeta>
            <wp:postmeta>
                <wp:meta_key>lsb_supported</wp:meta_key>
                <wp:meta_value><![CDATA[1]]></wp:meta_value>
            </wp:postmeta>
            <wp:postmeta>
                <wp:meta_key>_lsb_supported</wp:meta_key>
                <wp:meta_value><![CDATA[lsb_acf_supported]]></wp:meta_value>
            </wp:postmeta>
            <wp:postmeta>
                <wp:meta_key>lsb_support_cat</wp:meta_key>
                <wp:meta_value><![CDATA[yellow]]></wp:meta_value>
            </wp:postmeta>
            <wp:postmeta>
                <wp:meta_key>_lsb_support_cat</wp:meta_key>
                <wp:meta_value><![CDATA[lsb_acf_support_cat]]></wp:meta_value>
            </wp:postmeta>
            <category domain="lsb_tax_author" nicename="asbjørn-kvalbein"><![CDATA[Asbjørn Kvalbein]]></category>
            <category domain="lsb_tax_publisher" nicename="lunde-forlag"><![CDATA[Lunde forlag]]></category>
            <wp:postmeta>
                <wp:meta_key>lsb_look_inside</wp:meta_key>
                <wp:meta_value><![CDATA[CUSTOM_BLA_I_BOKA]]></wp:meta_value>
            </wp:postmeta>
            <wp:postmeta>
                <wp:meta_key>_lsb_look_inside</wp:meta_key>
                <wp:meta_value><![CDATA[lsb_acf_look_inside]]></wp:meta_value>
            </wp:postmeta>
            <category domain="lsb_tax_age" nicename="voksne"><![CDATA[voksne]]></category>
            <category domain="lsb_tax_topic" nicename="annet"><![CDATA[annet]]></category>
            <category domain="lsb_tax_language" nicename="no_nb"><![CDATA[bokmål]]></category>
            <category domain="lsb_tax_customization" nicename="storskrift"><![CDATA[storskrift]]></category>
            <wp:postmeta>
                <wp:meta_key>_thumbnail_id</wp:meta_key>
                <wp:meta_value><![CDATA[5349]]></wp:meta_value>
            </wp:postmeta>
        </item>
        <item>
            <title>trygg i dag.jpg</title>
            <wp:post_id>5349</wp:post_id>
            <wp:status>inherit</wp:status>
            <wp:post_type>attachment</wp:post_type>
            <wp:attachment_url>https://raw.githubusercontent.com/lesersokerbok/boksok.no-data-utils/master/output-example/images/CCCB05DD8F074219BA2D469714EAE420.jpg</wp:attachment_url>
        </item>
        <item>
            <wp:post_type>lsb_book</wp:post_type>
            <wp:status>publish</wp:status>
            <title>Heretter følger jeg deg helt hjem</title>
            <excerpt:encoded><![CDATA[Fantastisk gode fortellinger om mennesker som vil elske.   Og om alt som kan gå galt.   ]]></excerpt:encoded>
            <wp:postmeta>
                <wp:meta_key>lsb_isbn</wp:meta_key>
                <wp:meta_value><![CDATA[9788249506682]]></wp:meta_value>
            </wp:postmeta>
            <wp:postmeta>
                <wp:meta_key>_lsb_isbn</wp:meta_key>
                <wp:meta_value><![CDATA[lsb_acf_isbn]]></wp:meta_value>
            </wp:postmeta>
            <wp:postmeta>
                <wp:meta_key>lsb_published_year</wp:meta_key>
                <wp:meta_value><![CDATA[1953/2009]]></wp:meta_value>
            </wp:postmeta>
            <wp:postmeta>
                <wp:meta_key>_lsb_published_year</wp:meta_key>
                <wp:meta_value><![CDATA[lsb_acf_published_year]]></wp:meta_value>
            </wp:postmeta>
            <wp:postmeta>
                <wp:meta_key>lsb_pages</wp:meta_key>
                <wp:meta_value><![CDATA[125]]></wp:meta_value>
            </wp:postmeta>
            <wp:postmeta>
                <wp:meta_key>_lsb_pages</wp:meta_key>
                <wp:meta_value><![CDATA[lsb_acf_pages]]></wp:meta_value>
            </wp:postmeta>
            <wp:postmeta>
                <wp:meta_key>lsb_review</wp:meta_key>
                <wp:meta_value><![CDATA[  <div>Akildsen blir regna som en av våre største forfattere. <br />  Med korte fortellinger fanger han mennesker <br />  i de øyeblikkene som kan bestemme hele deres liv.<br />  Minuttene når det blir klart at de aldri kan nå hverandre mer.</div>  <div>Eller når de finner den de alltid vil elske.<br />  <br />  Språket virker litt gammeldags fordi boka kom ut <br />  første gang i 1953. Det er mange avsnitt og mye dialog. <br />  Denne nye utgaven har mye luft på sidene. <br />  Hver fortelling er kort, og du får lyst til å lese <br />  - bare <strong>en</strong> til!</div>  ]]></wp:meta_value>
            </wp:postmeta>
            <wp:postmeta>
                <wp:meta_key>_lsb_review</wp:meta_key>
                <wp:meta_value><![CDATA[lsb_acf_review]]></wp:meta_value>
            </wp:postmeta>
            <wp:postmeta>
                <wp:meta_key>lsb_quote</wp:meta_key>
                <wp:meta_value><![CDATA[Hun kjente at nå ... nå ... herregud ...   og han forsøkte å komme seg løs, men   armene og bena hennes holdt ham fast.   Det gikk trekninger gjennom ham. Så   slappet han av, og hun løsnet grepet rundt ham.   - Nå stjal jeg et barn, sa hun, og han   måtte se en annen vei, for han hadde aldri   sett så stygge øyne før.]]></wp:meta_value>
            </wp:postmeta>
            <wp:postmeta>
                <wp:meta_key>_lsb_quote</wp:meta_key>
                <wp:meta_value><![CDATA[lsb_acf_quote]]></wp:meta_value>
            </wp:postmeta>
            <wp:postmeta>
                <wp:meta_key>lsb_supported</wp:meta_key>
                <wp:meta_value><![CDATA[0]]></wp:meta_value>
            </wp:postmeta>
            <wp:postmeta>
                <wp:meta_key>_lsb_supported</wp:meta_key>
                <wp:meta_value><![CDATA[lsb_acf_supported]]></wp:meta_value>
            </wp:postmeta>
            <category domain="lsb_tax_author" nicename="kjell-askildsen"><![CDATA[Kjell Askildsen]]></category>
            <category domain="lsb_tax_publisher" nicename="oktober"><![CDATA[Oktober]]></category>
            <wp:postmeta>
                <wp:meta_key>lsb_look_inside</wp:meta_key>
                <wp:meta_value><![CDATA[CUSTOM_BLA_I_BOKA]]></wp:meta_value>
            </wp:postmeta>
            <wp:postmeta>
                <wp:meta_key>_lsb_look_inside</wp:meta_key>
                <wp:meta_value><![CDATA[lsb_acf_look_inside]]></wp:meta_value>
            </wp:postmeta>
            <category domain="lsb_tax_age" nicename="voksne"><![CDATA[voksne]]></category>
            <category domain="lsb_tax_genre" nicename="prosa"><![CDATA[prosa]]></category>
            <category domain="lsb_tax_topic" nicename="kjærlighet"><![CDATA[kjærlighet]]></category>
            <category domain="lsb_tax_topic" nicename="mennesker-i-mellom"><![CDATA[mennesker i mellom]]></category>
            <category domain="lsb_tax_language" nicename="no_nb"><![CDATA[bokmål]]></category>
            <category domain="lsb_tax_customization" nicename="skjønnlitteratur"><![CDATA[skjønnlitteratur]]></category>
            <wp:postmeta>
                <wp:meta_key>_thumbnail_id</wp:meta_key>
                <wp:meta_value><![CDATA[5350]]></wp:meta_value>
            </wp:postmeta>
        </item>
        <item>
            <title>heretter følger jeg deg helt hjem.jpg</title>
            <wp:post_id>5350</wp:post_id>
            <wp:status>inherit</wp:status>
            <wp:post_type>attachment</wp:post_type>
            <wp:attachment_url>https://raw.githubusercontent.com/lesersokerbok/boksok.no-data-utils/master/output-example/images/75912AACDDFA41C7AAE247BD451FD123.jpg</wp:attachment_url>
        </item>
        <item>
            <wp:post_type>lsb_book</wp:post_type>
            <wp:status>publish</wp:status>
            <title>Tilbakeblikk. Da pakistanerne kom til Norge</title>
            <excerpt:encoded><![CDATA[Historer fra fem pakistanerne som flytta til Norge på 70-tallet. Et stykke norsk historie, sett fra en uvant synsvinkel.]]></excerpt:encoded>
            <wp:postmeta>
                <wp:meta_key>lsb_isbn</wp:meta_key>
                <wp:meta_value><![CDATA[9788253032313]]></wp:meta_value>
            </wp:postmeta>
            <wp:postmeta>
                <wp:meta_key>_lsb_isbn</wp:meta_key>
                <wp:meta_value><![CDATA[lsb_acf_isbn]]></wp:meta_value>
            </wp:postmeta>
            <wp:postmeta>
                <wp:meta_key>lsb_published_year</wp:meta_key>
                <wp:meta_value><![CDATA[2009]]></wp:meta_value>
            </wp:postmeta>
            <wp:postmeta>
                <wp:meta_key>_lsb_published_year</wp:meta_key>
                <wp:meta_value><![CDATA[lsb_acf_published_year]]></wp:meta_value>
            </wp:postmeta>
            <wp:postmeta>
                <wp:meta_key>lsb_pages</wp:meta_key>
                <wp:meta_value><![CDATA[184]]></wp:meta_value>
            </wp:postmeta>
            <wp:postmeta>
                <wp:meta_key>_lsb_pages</wp:meta_key>
                <wp:meta_value><![CDATA[lsb_acf_pages]]></wp:meta_value>
            </wp:postmeta>
            <wp:postmeta>
                <wp:meta_key>lsb_review</wp:meta_key>
                <wp:meta_value><![CDATA[  <div>De fem pakistanerne forteller om å vokse opp i Pakistan etter det ble delt fra India. Hva som fikk dem til å reise fra hjemlandet sitt og hvordan de endte opp i Norge. Det er fem ganske forskjellige historier. </div>  <div>&#160;</div>  <div><strong>Tilbakeblikk</strong> er skrevet i et språk som er lett å lese og forstå. Selv de delene av boka som handler om storpolitikk og krig går det greit å lese, selv om det er noen lange stedsnavn og politikere vi ikke har hørt om før. Det er mange bilder i boka. De gir et artig innblikk i hvordan forholdene og moten var for over 30 år siden. </div>  <div><br />  </div>  <div>Forfatteren Mahmona Khan forteller i forordet at det var historiske bilder som ga henne ideen til <strong>Tilbakeblikk</strong>. </div>  <div>Hun ble nysgjerrig på sin egen nære historie og begynte å sprørre faren om hvorfor han kom til Norge. </div>  <div>Resultatet ble en flott bok som forteller historier som ender godt. </div>  ]]></wp:meta_value>
            </wp:postmeta>
            <wp:postmeta>
                <wp:meta_key>_lsb_review</wp:meta_key>
                <wp:meta_value><![CDATA[lsb_acf_review]]></wp:meta_value>
            </wp:postmeta>
            <wp:postmeta>
                <wp:meta_key>lsb_quote</wp:meta_key>
                <wp:meta_value><![CDATA[Den første månedslønnen hennes var på 3 000 kroner. Mohammed ble med henne ned til sentrum og ba henne gå i banken og åpne sin egen konto. Hun ba ham bli med, men han sa at hun måtte lære seg å bli mer selvstendig. Ghazala syntes ikke noe om dette, men gikk inn i banken og klarte faktisk å åpne konto på egen hånd. Hun så etter hvert at Mohammed hadde fulgt etter og stod i et hjørne og smilte.]]></wp:meta_value>
            </wp:postmeta>
            <wp:postmeta>
                <wp:meta_key>_lsb_quote</wp:meta_key>
                <wp:meta_value><![CDATA[lsb_acf_quote]]></wp:meta_value>
            </wp:postmeta>
            <wp:postmeta>
                <wp:meta_key>lsb_supported</wp:meta_key>
                <wp:meta_value><![CDATA[0]]></wp:meta_value>
            </wp:postmeta>
            <wp:postmeta>
                <wp:meta_key>_lsb_supported</wp:meta_key>
                <wp:meta_value><![CDATA[lsb_acf_supported]]></wp:meta_value>
            </wp:postmeta>
            <category domain="lsb_tax_author" nicename="mahmona-khan"><![CDATA[Mahmona Khan]]></category>
            <category domain="lsb_tax_publisher" nicename="pax"><![CDATA[Pax]]></category>
            <wp:postmeta>
                <wp:meta_key>lsb_look_inside</wp:meta_key>
                <wp:meta_value><![CDATA[CUSTOM_BLA_I_BOKA]]></wp:meta_value>
            </wp:postmeta>
            <wp:postmeta>
                <wp:meta_key>_lsb_look_inside</wp:meta_key>
                <wp:meta_value><![CDATA[lsb_acf_look_inside]]></wp:meta_value>
            </wp:postmeta>
            <category domain="lsb_tax_age" nicename="voksne"><![CDATA[voksne]]></category>
            <category domain="lsb_tax_topic" nicename="historie"><![CDATA[historie]]></category>
            <category domain="lsb_tax_topic" nicename="samfunn"><![CDATA[samfunn]]></category>
            <category domain="lsb_tax_topic" nicename="mennesker-i-mellom"><![CDATA[mennesker i mellom]]></category>
            <category domain="lsb_tax_language" nicename="no_nb"><![CDATA[bokmål]]></category>
            <category domain="lsb_tax_customization" nicename="faglitteratur"><![CDATA[faglitteratur]]></category>
            <category domain="lsb_tax_customization" nicename="mange-bilder"><![CDATA[mange bilder]]></category>
            <wp:postmeta>
                <wp:meta_key>_thumbnail_id</wp:meta_key>
                <wp:meta_value><![CDATA[5351]]></wp:meta_value>
            </wp:postmeta>
        </item>
        <item>
            <title>tilbakeblikk.jpg</title>
            <wp:post_id>5351</wp:post_id>
            <wp:status>inherit</wp:status>
            <wp:post_type>attachment</wp:post_type>
            <wp:attachment_url>https://raw.githubusercontent.com/lesersokerbok/boksok.no-data-utils/master/output-example/images/F890E6CAA1974A8B869A5FD729C9F324.jpg</wp:attachment_url>
        </item>
        <item>
            <wp:post_type>lsb_book</wp:post_type>
            <wp:status>publish</wp:status>
            <title>Fagprat</title>
            <excerpt:encoded><![CDATA[En håndbok i: Etikk, religion, musikk, filosofi, arbeidsliv, kunst, kosthold, reiseliv, helse, forskning, teknologi, trend, mote, litteratur, sex, natur, rus, samliv, m. m.]]></excerpt:encoded>
            <wp:postmeta>
                <wp:meta_key>lsb_isbn</wp:meta_key>
                <wp:meta_value><![CDATA[9788202327262]]></wp:meta_value>
            </wp:postmeta>
            <wp:postmeta>
                <wp:meta_key>_lsb_isbn</wp:meta_key>
                <wp:meta_value><![CDATA[lsb_acf_isbn]]></wp:meta_value>
            </wp:postmeta>
            <wp:postmeta>
                <wp:meta_key>lsb_published_year</wp:meta_key>
                <wp:meta_value><![CDATA[2010]]></wp:meta_value>
            </wp:postmeta>
            <wp:postmeta>
                <wp:meta_key>_lsb_published_year</wp:meta_key>
                <wp:meta_value><![CDATA[lsb_acf_published_year]]></wp:meta_value>
            </wp:postmeta>
            <wp:postmeta>
                <wp:meta_key>lsb_pages</wp:meta_key>
                <wp:meta_value><![CDATA[132]]></wp:meta_value>
            </wp:postmeta>
            <wp:postmeta>
                <wp:meta_key>_lsb_pages</wp:meta_key>
                <wp:meta_value><![CDATA[lsb_acf_pages]]></wp:meta_value>
            </wp:postmeta>
            <wp:postmeta>
                <wp:meta_key>lsb_review</wp:meta_key>
                <wp:meta_value><![CDATA[  <div><strong>Fagprat</strong> er tegneserien til Flu Hartberg. </div>  <div>Den er en fast stripe i Dagbladet. </div>  <div>I denne boka får vi et utvalg som har vært trykt før. </div>  <div>Stripene handler om små og store ting i livet, </div>  <div>og går elegant fra arbeidsliv via sex til filosofi. </div>  <div>Hver stripe kan leses for seg, </div>  <div>og er praktisk inndelt i mange korte kapitler. </div>  <div>Et kapittel for de viktigste tingene i livet vårt.</div>  <div><br />  Tegningene er fulle av uttrykk og følelser. </div>  <div>Teksten er kort og kommer fort til poenget. </div>  <div>Flu Hartberg lager striper som er artige å lese. </div>  <div>De handler om våre rareste tanker og særeste oppførsel.  </div>  <div>Det er vanskelige ord og setninger i noen av stripene. </div>  <div>Men da kommer det ofte et poeng som gjør det lett å forstå likevel.</div>  <div>&#160;</div>  <div>&#160;</div>  ]]></wp:meta_value>
            </wp:postmeta>
            <wp:postmeta>
                <wp:meta_key>_lsb_review</wp:meta_key>
                <wp:meta_value><![CDATA[lsb_acf_review]]></wp:meta_value>
            </wp:postmeta>
            <wp:postmeta>
                <wp:meta_key>lsb_quote</wp:meta_key>
                <wp:meta_value><![CDATA[-HVEM ER DU? OG HVORFOR FØLGER DU ETTER MEG?  -JEG ER DIN KONSULENT, OG JEG SVARER PÅ SPØRSMÅL. 500 KR. STK.  -HVA FÅR DEG TIL Å TRU AT JEG TRENGER KONSULENT?  -DET HAR JEG KONSULTERT MEG FRAM TIL. DU SKYLDER MEG FORØVRING 1500 KR ALLEREDE...     ]]></wp:meta_value>
            </wp:postmeta>
            <wp:postmeta>
                <wp:meta_key>_lsb_quote</wp:meta_key>
                <wp:meta_value><![CDATA[lsb_acf_quote]]></wp:meta_value>
            </wp:postmeta>
            <wp:postmeta>
                <wp:meta_key>lsb_supported</wp:meta_key>
                <wp:meta_value><![CDATA[0]]></wp:meta_value>
            </wp:postmeta>
            <wp:postmeta>
                <wp:meta_key>_lsb_supported</wp:meta_key>
                <wp:meta_value><![CDATA[lsb_acf_supported]]></wp:meta_value>
            </wp:postmeta>
            <category domain="lsb_tax_author" nicename="flu-hartberg"><![CDATA[Flu Hartberg]]></category>
            <category domain="lsb_tax_publisher" nicename="cappelen-damm"><![CDATA[Cappelen Damm]]></category>
            <category domain="lsb_tax_illustrator" nicename="flu-hartberg"><![CDATA[Flu Hartberg]]></category>
            <wp:postmeta>
                <wp:meta_key>lsb_look_inside</wp:meta_key>
                <wp:meta_value><![CDATA[CUSTOM_BLA_I_BOKA]]></wp:meta_value>
            </wp:postmeta>
            <wp:postmeta>
                <wp:meta_key>_lsb_look_inside</wp:meta_key>
                <wp:meta_value><![CDATA[lsb_acf_look_inside]]></wp:meta_value>
            </wp:postmeta>
            <category domain="lsb_tax_age" nicename="voksne"><![CDATA[voksne]]></category>
            <category domain="lsb_tax_topic" nicename="humor"><![CDATA[humor]]></category>
            <category domain="lsb_tax_topic" nicename="historie"><![CDATA[historie]]></category>
            <category domain="lsb_tax_topic" nicename="samfunn"><![CDATA[samfunn]]></category>
            <category domain="lsb_tax_topic" nicename="mennesker-i-mellom"><![CDATA[mennesker i mellom]]></category>
            <category domain="lsb_tax_language" nicename="no_nb"><![CDATA[bokmål]]></category>
            <category domain="lsb_tax_customization" nicename="bilder"><![CDATA[bilder]]></category>
            <category domain="lsb_tax_customization" nicename="mange-bilder"><![CDATA[mange bilder]]></category>
            <wp:postmeta>
                <wp:meta_key>_thumbnail_id</wp:meta_key>
                <wp:meta_value><![CDATA[5352]]></wp:meta_value>
            </wp:postmeta>
        </item>
        <item>
            <title>Fagprat_Hartberg.jpg</title>
            <wp:post_id>5352</wp:post_id>
            <wp:status>inherit</wp:status>
            <wp:post_type>attachment</wp:post_type>
            <wp:attachment_url>https://raw.githubusercontent.com/lesersokerbok/boksok.no-data-utils/master/output-example/images/A6086191E2184278BC58CB5E14360B98.jpg</wp:attachment_url>
        </item>
        <item>
            <wp:post_type>lsb_book</wp:post_type>
            <wp:status>publish</wp:status>
            <title>Da jeg reddet verden</title>
            <excerpt:encoded><![CDATA[Lene Ask tar med seg tegneblokken og drar til Afrika for å prøve å redde verden. ]]></excerpt:encoded>
            <wp:postmeta>
                <wp:meta_key>lsb_isbn</wp:meta_key>
                <wp:meta_value><![CDATA[9788292226193]]></wp:meta_value>
            </wp:postmeta>
            <wp:postmeta>
                <wp:meta_key>_lsb_isbn</wp:meta_key>
                <wp:meta_value><![CDATA[lsb_acf_isbn]]></wp:meta_value>
            </wp:postmeta>
            <wp:postmeta>
                <wp:meta_key>lsb_published_year</wp:meta_key>
                <wp:meta_value><![CDATA[2009]]></wp:meta_value>
            </wp:postmeta>
            <wp:postmeta>
                <wp:meta_key>_lsb_published_year</wp:meta_key>
                <wp:meta_value><![CDATA[lsb_acf_published_year]]></wp:meta_value>
            </wp:postmeta>
            <wp:postmeta>
                <wp:meta_key>lsb_pages</wp:meta_key>
                <wp:meta_value><![CDATA[upag]]></wp:meta_value>
            </wp:postmeta>
            <wp:postmeta>
                <wp:meta_key>_lsb_pages</wp:meta_key>
                <wp:meta_value><![CDATA[lsb_acf_pages]]></wp:meta_value>
            </wp:postmeta>
            <wp:postmeta>
                <wp:meta_key>lsb_review</wp:meta_key>
                <wp:meta_value><![CDATA[  <div>Lene bor hos en masaifamilie en uke. </div>  <div>Den gode vilje til kulturell forståelse </div>  <div>og entusiastisk optimisme blir etterhvert satt på prøve. </div>  <div>Hun innser at det blir vanskeligere enn hun trodde</div>  <div>å klare å formidle en verden som er så ulik hennes egen. </div>  <div>&#160;</div>  <div>Sommeren 2008 ble Lene Ask sendt til Tanzania av Norad. </div>  <div>Hensikten var å tegne barns og kvinners levekår i denne delen av den fattige verden.  </div>  <div>Oppholdet resulterte i sju små historier i tegneserieformat. </div>  <div>I boken <strong>Da jeg reddet verden</strong> setter hun dette </div>  <div>inn i en større sammenheng samtidig </div>  <div>som hun forteller om flere episoder og historier fra oppholdet. </div>  <div>&#160;</div>  <div>Boka har tydelig skrift og klare bilder,</div>  <div>  <div>men hopper av og til i tid og sted. <br />  </div>  <div>&#160;</div>  <div>Lene Ask er en norsk serieskaper.</div>  <div>Hun er mest kjent for <strong>Hitler, Jesus og farfar</strong>,</div>  <div>som hun fikk en rekke priser for.  <br />  </div>  <div><br />  </div></div>  ]]></wp:meta_value>
            </wp:postmeta>
            <wp:postmeta>
                <wp:meta_key>_lsb_review</wp:meta_key>
                <wp:meta_value><![CDATA[lsb_acf_review]]></wp:meta_value>
            </wp:postmeta>
            <wp:postmeta>
                <wp:meta_key>lsb_quote</wp:meta_key>
                <wp:meta_value><![CDATA[- HEI!     - VELKOMMEN.     - HVERT ÅR DØR   EN HALV MILLION   KVINNER I BARSEL     - 4 MILLIONER NYFØDTE   DØR HVERT ÅR I LØPET   AV SINE FØRSTE DAGER.     - DETTE ER ET AV   SATSINGSOMRÅDET   TIL STATSMINISTEREN VÅR.   VI HÅPER AT DINE   TEGNINGER KAN G]]></wp:meta_value>
            </wp:postmeta>
            <wp:postmeta>
                <wp:meta_key>_lsb_quote</wp:meta_key>
                <wp:meta_value><![CDATA[lsb_acf_quote]]></wp:meta_value>
            </wp:postmeta>
            <wp:postmeta>
                <wp:meta_key>lsb_supported</wp:meta_key>
                <wp:meta_value><![CDATA[0]]></wp:meta_value>
            </wp:postmeta>
            <wp:postmeta>
                <wp:meta_key>_lsb_supported</wp:meta_key>
                <wp:meta_value><![CDATA[lsb_acf_supported]]></wp:meta_value>
            </wp:postmeta>
            <category domain="lsb_tax_author" nicename="lene-ask"><![CDATA[Lene Ask]]></category>
            <category domain="lsb_tax_publisher" nicename="jippi"><![CDATA[Jippi]]></category>
            <category domain="lsb_tax_illustrator" nicename="lene-ask"><![CDATA[Lene Ask]]></category>
            <wp:postmeta>
                <wp:meta_key>lsb_look_inside</wp:meta_key>
                <wp:meta_value><![CDATA[CUSTOM_BLA_I_BOKA]]></wp:meta_value>
            </wp:postmeta>
            <wp:postmeta>
                <wp:meta_key>_lsb_look_inside</wp:meta_key>
                <wp:meta_value><![CDATA[lsb_acf_look_inside]]></wp:meta_value>
            </wp:postmeta>
            <category domain="lsb_tax_age" nicename="voksne"><![CDATA[voksne]]></category>
            <category domain="lsb_tax_topic" nicename="historie"><![CDATA[historie]]></category>
            <category domain="lsb_tax_topic" nicename="samfunn"><![CDATA[samfunn]]></category>
            <category domain="lsb_tax_language" nicename="no_nb"><![CDATA[bokmål]]></category>
            <category domain="lsb_tax_customization" nicename="bilder"><![CDATA[bilder]]></category>
            <category domain="lsb_tax_customization" nicename="mange-bilder"><![CDATA[mange bilder]]></category>
            <wp:postmeta>
                <wp:meta_key>_thumbnail_id</wp:meta_key>
                <wp:meta_value><![CDATA[5353]]></wp:meta_value>
            </wp:postmeta>
        </item>
        <item>
            <title>da jeg reddet verden.jpg</title>
            <wp:post_id>5353</wp:post_id>
            <wp:status>inherit</wp:status>
            <wp:post_type>attachment</wp:post_type>
            <wp:attachment_url>https://raw.githubusercontent.com/lesersokerbok/boksok.no-data-utils/master/output-example/images/1BAAAB5BF9944335877C6920B60C103F.jpg</wp:attachment_url>
        </item>
        <item>
            <wp:post_type>lsb_book</wp:post_type>
            <wp:status>publish</wp:status>
            <title>Med støv på hjernen</title>
            <excerpt:encoded><![CDATA[Klassisk norsk satire som tar femtitallets husmødre på kornet.]]></excerpt:encoded>
            <wp:postmeta>
                <wp:meta_key>lsb_isbn</wp:meta_key>
                <wp:meta_value><![CDATA[9788203194603]]></wp:meta_value>
            </wp:postmeta>
            <wp:postmeta>
                <wp:meta_key>_lsb_isbn</wp:meta_key>
                <wp:meta_value><![CDATA[lsb_acf_isbn]]></wp:meta_value>
            </wp:postmeta>
            <wp:postmeta>
                <wp:meta_key>lsb_published_year</wp:meta_key>
                <wp:meta_value><![CDATA[1958/2008]]></wp:meta_value>
            </wp:postmeta>
            <wp:postmeta>
                <wp:meta_key>_lsb_published_year</wp:meta_key>
                <wp:meta_value><![CDATA[lsb_acf_published_year]]></wp:meta_value>
            </wp:postmeta>
            <wp:postmeta>
                <wp:meta_key>lsb_pages</wp:meta_key>
                <wp:meta_value><![CDATA[134]]></wp:meta_value>
            </wp:postmeta>
            <wp:postmeta>
                <wp:meta_key>_lsb_pages</wp:meta_key>
                <wp:meta_value><![CDATA[lsb_acf_pages]]></wp:meta_value>
            </wp:postmeta>
            <wp:postmeta>
                <wp:meta_key>lsb_review</wp:meta_key>
                <wp:meta_value><![CDATA[  <div>Møt fru Randi Svendsen, </div>  <div>et høyst alminnelig menneske i sin tid.</div>  <div>Livet hennes består i å sørge for </div>  <div>at hjemmet hennes til enhver tid er plettfritt,</div>  <div>at mann og barn får sunn og velsmakende mat,</div>  <div>og at alt er på stell. Eller iallfall bedre </div>  <div>enn hos naboen. Midt i dette </div>  <div>glemmer hun at livet skal være godt</div>  <div>også under overflaten. Inn kommer </div>  <div>den fikse og flørtende nabokonen, <br />  og Randi skjønner at noe må endre seg.</div>  <div>&#160;</div>  <div>Selv 50 år etter utgivelsen er denne boka morsom. <br />  </div>  <div><strong>Med støv på hjernen </strong>er bitende satire,</div>  <div>som tar den oppslukte husmoren på kornet.</div>  <div>Boka er laget om til film og skuespill,</div>  <div>og hadde stor suksess da den kom ut.</div>  <div>&#160;</div>  <div>Dette er en kort og morsom bok. <br />  </div>  <div>Forordet til boka er ikke så enkelt, </div>  <div>men kan sløyfes. Noen av ordene er ukjente,</div>  <div>og det er noen lange setninger. <br />  </div>  ]]></wp:meta_value>
            </wp:postmeta>
            <wp:postmeta>
                <wp:meta_key>_lsb_review</wp:meta_key>
                <wp:meta_value><![CDATA[lsb_acf_review]]></wp:meta_value>
            </wp:postmeta>
            <wp:postmeta>
                <wp:meta_key>lsb_quote</wp:meta_key>
                <wp:meta_value><![CDATA[Jeg er - så langt evnene rekker - en god mor   og hustru og en dyktig husmor. Jeg kommer godt  utav det med min svigermor - da skjønner De  sikkert at mannen min får godt stell. En gang i  uken har jeg bakedag, og da legger jeg opp forråd  for syv dager av slikt som holder seg, pepper-  nøtter, sandkaker og denslags. Jeg pusser vinduer  hver fjortende dag - det gjør fru Hansen over   gangen, og da må naturligvis jeg gjøre det også.  Vi husmødre har en rekke sunne prinsipper å ar-  beide efter, som for eksempel: «La ingen gjøre   noe oftere enn deg», og «Gjør alt mulig like godt  og helst litt bedre enn naboen», og da kan det  ikke bli noen slendrian. ]]></wp:meta_value>
            </wp:postmeta>
            <wp:postmeta>
                <wp:meta_key>_lsb_quote</wp:meta_key>
                <wp:meta_value><![CDATA[lsb_acf_quote]]></wp:meta_value>
            </wp:postmeta>
            <wp:postmeta>
                <wp:meta_key>lsb_supported</wp:meta_key>
                <wp:meta_value><![CDATA[0]]></wp:meta_value>
            </wp:postmeta>
            <wp:postmeta>
                <wp:meta_key>_lsb_supported</wp:meta_key>
                <wp:meta_value><![CDATA[lsb_acf_supported]]></wp:meta_value>
            </wp:postmeta>
            <category domain="lsb_tax_author" nicename="eva-ramm"><![CDATA[Eva Ramm]]></category>
            <category domain="lsb_tax_publisher" nicename="aschehoug"><![CDATA[Aschehoug]]></category>
            <wp:postmeta>
                <wp:meta_key>lsb_look_inside</wp:meta_key>
                <wp:meta_value><![CDATA[CUSTOM_BLA_I_BOKA]]></wp:meta_value>
            </wp:postmeta>
            <wp:postmeta>
                <wp:meta_key>_lsb_look_inside</wp:meta_key>
                <wp:meta_value><![CDATA[lsb_acf_look_inside]]></wp:meta_value>
            </wp:postmeta>
            <category domain="lsb_tax_age" nicename="voksne"><![CDATA[voksne]]></category>
            <category domain="lsb_tax_genre" nicename="prosa"><![CDATA[prosa]]></category>
            <category domain="lsb_tax_topic" nicename="humor"><![CDATA[humor]]></category>
            <category domain="lsb_tax_topic" nicename="historie"><![CDATA[historie]]></category>
            <category domain="lsb_tax_topic" nicename="samfunn"><![CDATA[samfunn]]></category>
            <category domain="lsb_tax_topic" nicename="mennesker-i-mellom"><![CDATA[mennesker i mellom]]></category>
            <category domain="lsb_tax_language" nicename="no_nb"><![CDATA[bokmål]]></category>
            <category domain="lsb_tax_customization" nicename="skjønnlitteratur"><![CDATA[skjønnlitteratur]]></category>
            <wp:postmeta>
                <wp:meta_key>_thumbnail_id</wp:meta_key>
                <wp:meta_value><![CDATA[5354]]></wp:meta_value>
            </wp:postmeta>
        </item>
        <item>
            <title>med støv på hjernen.jpg</title>
            <wp:post_id>5354</wp:post_id>
            <wp:status>inherit</wp:status>
            <wp:post_type>attachment</wp:post_type>
            <wp:attachment_url>https://raw.githubusercontent.com/lesersokerbok/boksok.no-data-utils/master/output-example/images/FB2F018F892F4597934C351988D1E481.jpg</wp:attachment_url>
        </item>
        <item>
            <wp:post_type>lsb_book</wp:post_type>
            <wp:status>publish</wp:status>
            <title>Før klokka fire</title>
            <excerpt:encoded><![CDATA[Klokka sniglar seg frametter mens åtte år gamle Fred og bestemor Judith ventar på besøk frå barnevernet.   Får Fred bu hos Judith?   Ei poetisk og sår roman om omsorgssvikt og ein familie i oppløysing.  ]]></excerpt:encoded>
            <wp:postmeta>
                <wp:meta_key>lsb_isbn</wp:meta_key>
                <wp:meta_value><![CDATA[9788293065012]]></wp:meta_value>
            </wp:postmeta>
            <wp:postmeta>
                <wp:meta_key>_lsb_isbn</wp:meta_key>
                <wp:meta_value><![CDATA[lsb_acf_isbn]]></wp:meta_value>
            </wp:postmeta>
            <wp:postmeta>
                <wp:meta_key>lsb_published_year</wp:meta_key>
                <wp:meta_value><![CDATA[2010]]></wp:meta_value>
            </wp:postmeta>
            <wp:postmeta>
                <wp:meta_key>_lsb_published_year</wp:meta_key>
                <wp:meta_value><![CDATA[lsb_acf_published_year]]></wp:meta_value>
            </wp:postmeta>
            <wp:postmeta>
                <wp:meta_key>lsb_pages</wp:meta_key>
                <wp:meta_value><![CDATA[104]]></wp:meta_value>
            </wp:postmeta>
            <wp:postmeta>
                <wp:meta_key>_lsb_pages</wp:meta_key>
                <wp:meta_value><![CDATA[lsb_acf_pages]]></wp:meta_value>
            </wp:postmeta>
            <wp:postmeta>
                <wp:meta_key>lsb_review</wp:meta_key>
                <wp:meta_value><![CDATA[  <div>Halvbroren Tommy bur hos ein annan familie. </div>  <div>Mora er ikkje i stand til å ta seg av barna,</div>  <div>og fedrane til barna er fråverande.    <div>Boka tek for seg timane før barnevernet kjem </div>  <div>og skal avgjere kvar Fred skal bu.  </div></div>  <div>&#160;</div>  <div>Boka har enkelt språk med korte kapitlar. </div>  <div>Det er tydeleg skifte mellom perspektivet til Judith og Fred. </div>  <div>&#160;</div>  <div><strong>Før klokka fire</strong> vann Margboks romankonkurranse 2010.  </div>  <div>"Teksten balanserer mellom å være en poetisk perle </div>  <div>til å være klar for å knive om årets litterære priser, </div>  <div>samtidig som den er boka folk sier til folk de kjenner: </div>  <div>denne må du bare lese!" </div>  <div>Juryen besto av Leif Høghaug, Ingeborg Arvola og Lene E. Westerås.  </div>  ]]></wp:meta_value>
            </wp:postmeta>
            <wp:postmeta>
                <wp:meta_key>_lsb_review</wp:meta_key>
                <wp:meta_value><![CDATA[lsb_acf_review]]></wp:meta_value>
            </wp:postmeta>
            <wp:postmeta>
                <wp:meta_key>lsb_quote</wp:meta_key>
                <wp:meta_value><![CDATA[Mens vi et, og eg, ut frå augnekroken, ser at små munnfullar forsvinn frå fatet og inn i munnen hans, spør eg han om Tommy. Berre små lette setningar, om det er lenge sidan han har sett broren, om han likar seg der han er no. Høyrar gaffelen skrapa mot porselenet, og så stemma hans:   - Kan eg få bu hos deg?   Spørsmålet kjem på innpust, nesten eit samanhengande,   fort ord.   Og eg skjer over ein pølsebit, raudbrun, feittglinsande,   mens hjartet gjer eit par ekstra hopp.   - Ja, vi har.. kan ikkje bestemma noko no, vi får venta og   ... vi får sjå.  Dama frå kontoret kjem for å snakka med oss idag, han veit  det, veit at vi ikkje kan bestemma noko åleine, så vi får sjå.   - Ikkje sant, Fred, vi får sjå. ]]></wp:meta_value>
            </wp:postmeta>
            <wp:postmeta>
                <wp:meta_key>_lsb_quote</wp:meta_key>
                <wp:meta_value><![CDATA[lsb_acf_quote]]></wp:meta_value>
            </wp:postmeta>
            <wp:postmeta>
                <wp:meta_key>lsb_supported</wp:meta_key>
                <wp:meta_value><![CDATA[0]]></wp:meta_value>
            </wp:postmeta>
            <wp:postmeta>
                <wp:meta_key>_lsb_supported</wp:meta_key>
                <wp:meta_value><![CDATA[lsb_acf_supported]]></wp:meta_value>
            </wp:postmeta>
            <category domain="lsb_tax_author" nicename="solfrid-sivertsen"><![CDATA[Solfrid Sivertsen]]></category>
            <category domain="lsb_tax_publisher" nicename="margbok"><![CDATA[MargBok]]></category>
            <wp:postmeta>
                <wp:meta_key>lsb_look_inside</wp:meta_key>
                <wp:meta_value><![CDATA[CUSTOM_BLA_I_BOKA]]></wp:meta_value>
            </wp:postmeta>
            <wp:postmeta>
                <wp:meta_key>_lsb_look_inside</wp:meta_key>
                <wp:meta_value><![CDATA[lsb_acf_look_inside]]></wp:meta_value>
            </wp:postmeta>
            <category domain="lsb_tax_age" nicename="voksne"><![CDATA[voksne]]></category>
            <category domain="lsb_tax_genre" nicename="prosa"><![CDATA[prosa]]></category>
            <category domain="lsb_tax_topic" nicename="mennesker-i-mellom"><![CDATA[mennesker i mellom]]></category>
            <category domain="lsb_tax_language" nicename="no_nn"><![CDATA[nynorsk]]></category>
            <category domain="lsb_tax_customization" nicename="skjønnlitteratur"><![CDATA[skjønnlitteratur]]></category>
            <wp:postmeta>
                <wp:meta_key>_thumbnail_id</wp:meta_key>
                <wp:meta_value><![CDATA[5355]]></wp:meta_value>
            </wp:postmeta>
        </item>
        <item>
            <title>Før klokka fire.jpg</title>
            <wp:post_id>5355</wp:post_id>
            <wp:status>inherit</wp:status>
            <wp:post_type>attachment</wp:post_type>
            <wp:attachment_url>https://raw.githubusercontent.com/lesersokerbok/boksok.no-data-utils/master/output-example/images/024276BA226A40569F09E849E57631CA.jpg</wp:attachment_url>
        </item>
        <item>
            <wp:post_type>lsb_book</wp:post_type>
            <wp:status>publish</wp:status>
            <title>Som om ein ny dag skal komme</title>
            <excerpt:encoded><![CDATA[Enkle, knappe dikt om kjærleik og om det som er umogeleg, men som ein likevel ikkje kan la vere.   ]]></excerpt:encoded>
            <wp:postmeta>
                <wp:meta_key>lsb_isbn</wp:meta_key>
                <wp:meta_value><![CDATA[9788249506057]]></wp:meta_value>
            </wp:postmeta>
            <wp:postmeta>
                <wp:meta_key>_lsb_isbn</wp:meta_key>
                <wp:meta_value><![CDATA[lsb_acf_isbn]]></wp:meta_value>
            </wp:postmeta>
            <wp:postmeta>
                <wp:meta_key>lsb_published_year</wp:meta_key>
                <wp:meta_value><![CDATA[2008]]></wp:meta_value>
            </wp:postmeta>
            <wp:postmeta>
                <wp:meta_key>_lsb_published_year</wp:meta_key>
                <wp:meta_value><![CDATA[lsb_acf_published_year]]></wp:meta_value>
            </wp:postmeta>
            <wp:postmeta>
                <wp:meta_key>lsb_pages</wp:meta_key>
                <wp:meta_value><![CDATA[49]]></wp:meta_value>
            </wp:postmeta>
            <wp:postmeta>
                <wp:meta_key>_lsb_pages</wp:meta_key>
                <wp:meta_value><![CDATA[lsb_acf_pages]]></wp:meta_value>
            </wp:postmeta>
            <wp:postmeta>
                <wp:meta_key>lsb_review</wp:meta_key>
                <wp:meta_value><![CDATA[  <div>Dikta er opne for tolking </div>  <div>med natt og dag som sentrale bilete. </div>  <div>&#160;</div>  <div>Språket er enkelt å lese. </div>  <div>&#160;</div>  <div>Hanne Aga debuterte som forfattar i 1981 </div>  <div>med diktsamlinga <i>Skjering med lys</i>. </div>  <div>Sidan har ho utgjeve både poesi- og prosa-bøker. </div>  <div><strong>Som om ein ny dag skal komme</strong> er hennar ellevte bok.</div>  ]]></wp:meta_value>
            </wp:postmeta>
            <wp:postmeta>
                <wp:meta_key>_lsb_review</wp:meta_key>
                <wp:meta_value><![CDATA[lsb_acf_review]]></wp:meta_value>
            </wp:postmeta>
            <wp:postmeta>
                <wp:meta_key>lsb_quote</wp:meta_key>
                <wp:meta_value><![CDATA[Som om ein ny dag  skal komme    Landskapa flyt forbi  og berre er    Var det mitt bål som flamma så høgt   ]]></wp:meta_value>
            </wp:postmeta>
            <wp:postmeta>
                <wp:meta_key>_lsb_quote</wp:meta_key>
                <wp:meta_value><![CDATA[lsb_acf_quote]]></wp:meta_value>
            </wp:postmeta>
            <wp:postmeta>
                <wp:meta_key>lsb_supported</wp:meta_key>
                <wp:meta_value><![CDATA[0]]></wp:meta_value>
            </wp:postmeta>
            <wp:postmeta>
                <wp:meta_key>_lsb_supported</wp:meta_key>
                <wp:meta_value><![CDATA[lsb_acf_supported]]></wp:meta_value>
            </wp:postmeta>
            <category domain="lsb_tax_author" nicename="hanne-aga"><![CDATA[Hanne Aga]]></category>
            <category domain="lsb_tax_publisher" nicename="oktober"><![CDATA[Oktober]]></category>
            <wp:postmeta>
                <wp:meta_key>lsb_look_inside</wp:meta_key>
                <wp:meta_value><![CDATA[CUSTOM_BLA_I_BOKA]]></wp:meta_value>
            </wp:postmeta>
            <wp:postmeta>
                <wp:meta_key>_lsb_look_inside</wp:meta_key>
                <wp:meta_value><![CDATA[lsb_acf_look_inside]]></wp:meta_value>
            </wp:postmeta>
            <category domain="lsb_tax_age" nicename="voksne"><![CDATA[voksne]]></category>
            <category domain="lsb_tax_genre" nicename="dikt"><![CDATA[dikt]]></category>
            <category domain="lsb_tax_topic" nicename="kjærlighet"><![CDATA[kjærlighet]]></category>
            <category domain="lsb_tax_topic" nicename="mennesker-i-mellom"><![CDATA[mennesker i mellom]]></category>
            <category domain="lsb_tax_language" nicename="no_nn"><![CDATA[nynorsk]]></category>
            <category domain="lsb_tax_customization" nicename="skjønnlitteratur"><![CDATA[skjønnlitteratur]]></category>
            <wp:postmeta>
                <wp:meta_key>_thumbnail_id</wp:meta_key>
                <wp:meta_value><![CDATA[5356]]></wp:meta_value>
            </wp:postmeta>
        </item>
        <item>
            <title>Som om ein ny dag skal komme.jpg</title>
            <wp:post_id>5356</wp:post_id>
            <wp:status>inherit</wp:status>
            <wp:post_type>attachment</wp:post_type>
            <wp:attachment_url>https://raw.githubusercontent.com/lesersokerbok/boksok.no-data-utils/master/output-example/images/B7ED6937980047CF9460D35658D27EB7.jpg</wp:attachment_url>
        </item>
        <item>
            <wp:post_type>lsb_book</wp:post_type>
            <wp:status>publish</wp:status>
            <title>Ho som ror</title>
            <excerpt:encoded><![CDATA[Ein rotur med ei jente som utforskar, drøymer, lengtar, sansar - på leiting etter rytmen i sitt eige liv. ]]></excerpt:encoded>
            <wp:postmeta>
                <wp:meta_key>lsb_isbn</wp:meta_key>
                <wp:meta_value><![CDATA[9788252170115]]></wp:meta_value>
            </wp:postmeta>
            <wp:postmeta>
                <wp:meta_key>_lsb_isbn</wp:meta_key>
                <wp:meta_value><![CDATA[lsb_acf_isbn]]></wp:meta_value>
            </wp:postmeta>
            <wp:postmeta>
                <wp:meta_key>lsb_published_year</wp:meta_key>
                <wp:meta_value><![CDATA[2007]]></wp:meta_value>
            </wp:postmeta>
            <wp:postmeta>
                <wp:meta_key>_lsb_published_year</wp:meta_key>
                <wp:meta_value><![CDATA[lsb_acf_published_year]]></wp:meta_value>
            </wp:postmeta>
            <wp:postmeta>
                <wp:meta_key>lsb_pages</wp:meta_key>
                <wp:meta_value><![CDATA[80]]></wp:meta_value>
            </wp:postmeta>
            <wp:postmeta>
                <wp:meta_key>_lsb_pages</wp:meta_key>
                <wp:meta_value><![CDATA[lsb_acf_pages]]></wp:meta_value>
            </wp:postmeta>
            <wp:postmeta>
                <wp:meta_key>lsb_review</wp:meta_key>
                <wp:meta_value><![CDATA[  <div>Ein jentunge kjem seg lett ut i båt </div>  <div>når naustdørene står opne. </div>  <div>Ho som ror ser seg ikring, og ho ror sakte, </div>  <div>men med faste tak for å få med seg alt i sitt tempo, </div>  <div>utan forkaving.</div>  <div>&#160;</div>  <div><strong>Ho som ror</strong> er både eit knippe dikt og ei forteljing. </div>  <div>Ho er skrive med enkel tekst, med korte setningar. </div>  <div>&#160;</div>  <div>Marit Kaldhol (f. 1955) har skrive </div>  <div>ei rekkje bøker for barn, ungdom og vaksne. </div>  <div><strong>Ho som ror</strong> blir omtalt som eit høgdepunkt </div>  <div>i ungdomslitteraturen til Kaldhol. </div>  <div>&#160;</div>  <div>Boka kan bestilles direkte frå forlaget. </div>  ]]></wp:meta_value>
            </wp:postmeta>
            <wp:postmeta>
                <wp:meta_key>_lsb_review</wp:meta_key>
                <wp:meta_value><![CDATA[lsb_acf_review]]></wp:meta_value>
            </wp:postmeta>
            <wp:postmeta>
                <wp:meta_key>lsb_quote</wp:meta_key>
                <wp:meta_value><![CDATA[GUTANE  ho som ror ser på gutane    ein gut vil ta årene, ro for henne  ein annan vil bare sitte på  ein gut vil finne ei brygge for henne  ein annan vil vente på kaia  ein gut vil bere båten hennar i land  ein annen vil bare opne naustet  ein gut vil symje omkring i vatnet  ein annan vil stupe frå ripa  ein gut vil ro i kapp  ein annan vil ro i same fart  ein gut vil vere vatnet ho ror på  ein annan vil vere båten    ho som ror ror  no tar ho seg ut nytt méd]]></wp:meta_value>
            </wp:postmeta>
            <wp:postmeta>
                <wp:meta_key>_lsb_quote</wp:meta_key>
                <wp:meta_value><![CDATA[lsb_acf_quote]]></wp:meta_value>
            </wp:postmeta>
            <wp:postmeta>
                <wp:meta_key>lsb_supported</wp:meta_key>
                <wp:meta_value><![CDATA[0]]></wp:meta_value>
            </wp:postmeta>
            <wp:postmeta>
                <wp:meta_key>_lsb_supported</wp:meta_key>
                <wp:meta_value><![CDATA[lsb_acf_supported]]></wp:meta_value>
            </wp:postmeta>
            <category domain="lsb_tax_author" nicename="marit-kaldhol"><![CDATA[Marit Kaldhol]]></category>
            <category domain="lsb_tax_publisher" nicename="samlaget"><![CDATA[Samlaget]]></category>
            <category domain="lsb_tax_illustrator" nicename="justyna-nyka"><![CDATA[Justyna Nyka]]></category>
            <wp:postmeta>
                <wp:meta_key>lsb_look_inside</wp:meta_key>
                <wp:meta_value><![CDATA[CUSTOM_BLA_I_BOKA]]></wp:meta_value>
            </wp:postmeta>
            <wp:postmeta>
                <wp:meta_key>_lsb_look_inside</wp:meta_key>
                <wp:meta_value><![CDATA[lsb_acf_look_inside]]></wp:meta_value>
            </wp:postmeta>
            <category domain="lsb_tax_age" nicename="ungdom"><![CDATA[ungdom]]></category>
            <category domain="lsb_tax_genre" nicename="dikt"><![CDATA[dikt]]></category>
            <category domain="lsb_tax_topic" nicename="mennesker-i-mellom"><![CDATA[mennesker i mellom]]></category>
            <category domain="lsb_tax_language" nicename="no_nn"><![CDATA[nynorsk]]></category>
            <category domain="lsb_tax_customization" nicename="skjønnlitteratur"><![CDATA[skjønnlitteratur]]></category>
            <wp:postmeta>
                <wp:meta_key>_thumbnail_id</wp:meta_key>
                <wp:meta_value><![CDATA[5357]]></wp:meta_value>
            </wp:postmeta>
        </item>
        <item>
            <title>ho_som_ror.jpg</title>
            <wp:post_id>5357</wp:post_id>
            <wp:status>inherit</wp:status>
            <wp:post_type>attachment</wp:post_type>
            <wp:attachment_url>https://raw.githubusercontent.com/lesersokerbok/boksok.no-data-utils/master/output-example/images/4E1F1F771BB646AA926BFF43DB1E458F.jpg</wp:attachment_url>
        </item>
        <item>
            <wp:post_type>lsb_book</wp:post_type>
            <wp:status>publish</wp:status>
            <title>Frostknuter</title>
            <excerpt:encoded><![CDATA[Gene Dalby var en av de første som slo gjennom  som "ungdommens stemme" i poesien.  Gene er Norges store punk-poet.  30 år seinare slår orda hans like bra fra seg.]]></excerpt:encoded>
            <wp:postmeta>
                <wp:meta_key>lsb_isbn</wp:meta_key>
                <wp:meta_value><![CDATA[8203107192]]></wp:meta_value>
            </wp:postmeta>
            <wp:postmeta>
                <wp:meta_key>_lsb_isbn</wp:meta_key>
                <wp:meta_value><![CDATA[lsb_acf_isbn]]></wp:meta_value>
            </wp:postmeta>
            <wp:postmeta>
                <wp:meta_key>lsb_published_year</wp:meta_key>
                <wp:meta_value><![CDATA[1982]]></wp:meta_value>
            </wp:postmeta>
            <wp:postmeta>
                <wp:meta_key>_lsb_published_year</wp:meta_key>
                <wp:meta_value><![CDATA[lsb_acf_published_year]]></wp:meta_value>
            </wp:postmeta>
            <wp:postmeta>
                <wp:meta_key>lsb_pages</wp:meta_key>
                <wp:meta_value><![CDATA[upag ]]></wp:meta_value>
            </wp:postmeta>
            <wp:postmeta>
                <wp:meta_key>_lsb_pages</wp:meta_key>
                <wp:meta_value><![CDATA[lsb_acf_pages]]></wp:meta_value>
            </wp:postmeta>
            <wp:postmeta>
                <wp:meta_key>lsb_review</wp:meta_key>
                <wp:meta_value><![CDATA[  <div>Gene skriver om avstand, kulde, død, nerver og sex.<br />  Eller som forordet varsler: "Det går alltid et tog. Til helvete":<br />  Frostknuter har korte tekster på hver side, <br />  i en blanding mellom kortprosa og poesi.<br />  Dette er en klassiker for hver nye generasjon av ungdom <br />  som ikke har pleid å sluke bøker.</div>  ]]></wp:meta_value>
            </wp:postmeta>
            <wp:postmeta>
                <wp:meta_key>_lsb_review</wp:meta_key>
                <wp:meta_value><![CDATA[lsb_acf_review]]></wp:meta_value>
            </wp:postmeta>
            <wp:postmeta>
                <wp:meta_key>lsb_quote</wp:meta_key>
                <wp:meta_value><![CDATA[Du følte deg frem, men jeg var følelsesløs. Du ga meg alt, det ga meg ingenting. Ordene dine er bompesplinter under mentale negler. vet ikke hva jeg skal si deg, har vevd meg mitt eget jernteppe. Gi meg hva som helst, bare ikke sympati.]]></wp:meta_value>
            </wp:postmeta>
            <wp:postmeta>
                <wp:meta_key>_lsb_quote</wp:meta_key>
                <wp:meta_value><![CDATA[lsb_acf_quote]]></wp:meta_value>
            </wp:postmeta>
            <wp:postmeta>
                <wp:meta_key>lsb_supported</wp:meta_key>
                <wp:meta_value><![CDATA[0]]></wp:meta_value>
            </wp:postmeta>
            <wp:postmeta>
                <wp:meta_key>_lsb_supported</wp:meta_key>
                <wp:meta_value><![CDATA[lsb_acf_supported]]></wp:meta_value>
            </wp:postmeta>
            <category domain="lsb_tax_author" nicename="gene-dalby"><![CDATA[Gene Dalby]]></category>
            <category domain="lsb_tax_publisher" nicename="aschehoug"><![CDATA[Aschehoug]]></category>
            <wp:postmeta>
                <wp:meta_key>lsb_look_inside</wp:meta_key>
                <wp:meta_value><![CDATA[CUSTOM_BLA_I_BOKA]]></wp:meta_value>
            </wp:postmeta>
            <wp:postmeta>
                <wp:meta_key>_lsb_look_inside</wp:meta_key>
                <wp:meta_value><![CDATA[lsb_acf_look_inside]]></wp:meta_value>
            </wp:postmeta>
            <category domain="lsb_tax_age" nicename="ungdom"><![CDATA[ungdom]]></category>
            <category domain="lsb_tax_age" nicename="voksne"><![CDATA[voksne]]></category>
            <category domain="lsb_tax_genre" nicename="dikt"><![CDATA[dikt]]></category>
            <category domain="lsb_tax_topic" nicename="historie"><![CDATA[historie]]></category>
            <category domain="lsb_tax_topic" nicename="samfunn"><![CDATA[samfunn]]></category>
            <category domain="lsb_tax_topic" nicename="mennesker-i-mellom"><![CDATA[mennesker i mellom]]></category>
            <category domain="lsb_tax_language" nicename="no_nb"><![CDATA[bokmål]]></category>
            <category domain="lsb_tax_customization" nicename="skjønnlitteratur"><![CDATA[skjønnlitteratur]]></category>
            <wp:postmeta>
                <wp:meta_key>_thumbnail_id</wp:meta_key>
                <wp:meta_value><![CDATA[5358]]></wp:meta_value>
            </wp:postmeta>
        </item>
        <item>
            <title>Frostknuter.jpg</title>
            <wp:post_id>5358</wp:post_id>
            <wp:status>inherit</wp:status>
            <wp:post_type>attachment</wp:post_type>
            <wp:attachment_url>https://raw.githubusercontent.com/lesersokerbok/boksok.no-data-utils/master/output-example/images/B7255006CB00422C9E0F806B0B6FD82F.jpg</wp:attachment_url>
        </item>
        <item>
            <wp:post_type>lsb_book</wp:post_type>
            <wp:status>publish</wp:status>
            <title>Mor mi står i glaset - lyriske perler for svin</title>
            <excerpt:encoded><![CDATA[Jon Hjørneviks lyriske analyse av livet i ein gjennomsnittleg norsk heim. ]]></excerpt:encoded>
            <wp:postmeta>
                <wp:meta_key>lsb_isbn</wp:meta_key>
                <wp:meta_value><![CDATA[9788252173307]]></wp:meta_value>
            </wp:postmeta>
            <wp:postmeta>
                <wp:meta_key>_lsb_isbn</wp:meta_key>
                <wp:meta_value><![CDATA[lsb_acf_isbn]]></wp:meta_value>
            </wp:postmeta>
            <wp:postmeta>
                <wp:meta_key>lsb_published_year</wp:meta_key>
                <wp:meta_value><![CDATA[2008]]></wp:meta_value>
            </wp:postmeta>
            <wp:postmeta>
                <wp:meta_key>_lsb_published_year</wp:meta_key>
                <wp:meta_value><![CDATA[lsb_acf_published_year]]></wp:meta_value>
            </wp:postmeta>
            <wp:postmeta>
                <wp:meta_key>lsb_pages</wp:meta_key>
                <wp:meta_value><![CDATA[71]]></wp:meta_value>
            </wp:postmeta>
            <wp:postmeta>
                <wp:meta_key>_lsb_pages</wp:meta_key>
                <wp:meta_value><![CDATA[lsb_acf_pages]]></wp:meta_value>
            </wp:postmeta>
            <wp:postmeta>
                <wp:meta_key>lsb_review</wp:meta_key>
                <wp:meta_value><![CDATA[  <div>Diktsamlinga krinsar rundt tema som den gode husmor, </div>  <div>den grufulle husmor, så erotikk, nestekjærleik, oppvekst, </div>  <div>utvekst, nestenkjærleik, bygdetragediar, overarbeid, </div>  <div>jobbfrustrasjonar og kveldsbøn som ikkje når fram til Gud. </div>  <div>I bakgrunnen lurer ein sint og alkoholisert far. </div>  <div>&#160;</div>  <div>Dei humoristiske dikta er skrive i eit enkelt, nesten banalt språk. </div>  <div>&#160;</div>  <div>Jon Hjørnevik (f. 1970) er forfattar og komiker frå Voss. </div>  <div>&#160;</div>  ]]></wp:meta_value>
            </wp:postmeta>
            <wp:postmeta>
                <wp:meta_key>_lsb_review</wp:meta_key>
                <wp:meta_value><![CDATA[lsb_acf_review]]></wp:meta_value>
            </wp:postmeta>
            <wp:postmeta>
                <wp:meta_key>lsb_quote</wp:meta_key>
                <wp:meta_value><![CDATA[Mor mi står i glaset    Mor mi står i glaset.   det gjer mor mi støtt,   mor mi ser og lyttar,   glaset står på gløtt.     Mor mi står i glaset,   mor mi passar på,   alt som skjer i verda,   det kan mor mi sjå.     Mor mi står i glaset,   ho mor, ho følgjar med,   mor mi står i glaset   om noko skulle skje    Mor mi står i glaset,   ingen kan gå klar,   her slepp ingen unna,   heller ikkje far.     Mor mi står i glaset,   ho følgjer far min tett,   sjølv far min anar ikkjer  kor mykje mor har sett.     Ein gong far var borte  på eit helgeseminar,   var ei framand kvinne  på rommet til han far.     I nattas mulm og mørke  vart det synd og hor,   i halmen turna far min,   i glaset stod ho mor. ]]></wp:meta_value>
            </wp:postmeta>
            <wp:postmeta>
                <wp:meta_key>_lsb_quote</wp:meta_key>
                <wp:meta_value><![CDATA[lsb_acf_quote]]></wp:meta_value>
            </wp:postmeta>
            <wp:postmeta>
                <wp:meta_key>lsb_supported</wp:meta_key>
                <wp:meta_value><![CDATA[0]]></wp:meta_value>
            </wp:postmeta>
            <wp:postmeta>
                <wp:meta_key>_lsb_supported</wp:meta_key>
                <wp:meta_value><![CDATA[lsb_acf_supported]]></wp:meta_value>
            </wp:postmeta>
            <category domain="lsb_tax_author" nicename="jon-hjørnevik"><![CDATA[Jon Hjørnevik]]></category>
            <category domain="lsb_tax_publisher" nicename="samlaget"><![CDATA[Samlaget]]></category>
            <wp:postmeta>
                <wp:meta_key>lsb_look_inside</wp:meta_key>
                <wp:meta_value><![CDATA[CUSTOM_BLA_I_BOKA]]></wp:meta_value>
            </wp:postmeta>
            <wp:postmeta>
                <wp:meta_key>_lsb_look_inside</wp:meta_key>
                <wp:meta_value><![CDATA[lsb_acf_look_inside]]></wp:meta_value>
            </wp:postmeta>
            <category domain="lsb_tax_age" nicename="voksne"><![CDATA[voksne]]></category>
            <category domain="lsb_tax_genre" nicename="dikt"><![CDATA[dikt]]></category>
            <category domain="lsb_tax_topic" nicename="humor"><![CDATA[humor]]></category>
            <category domain="lsb_tax_topic" nicename="mennesker-i-mellom"><![CDATA[mennesker i mellom]]></category>
            <category domain="lsb_tax_topic" nicename="kjærlighet"><![CDATA[kjærlighet]]></category>
            <category domain="lsb_tax_language" nicename="no_nn"><![CDATA[nynorsk]]></category>
            <category domain="lsb_tax_customization" nicename="skjønnlitteratur"><![CDATA[skjønnlitteratur]]></category>
            <category domain="lsb_tax_customization" nicename="mange-bilder"><![CDATA[mange bilder]]></category>
            <wp:postmeta>
                <wp:meta_key>_thumbnail_id</wp:meta_key>
                <wp:meta_value><![CDATA[5359]]></wp:meta_value>
            </wp:postmeta>
        </item>
        <item>
            <title>mor mi står i glaset.jpg</title>
            <wp:post_id>5359</wp:post_id>
            <wp:status>inherit</wp:status>
            <wp:post_type>attachment</wp:post_type>
            <wp:attachment_url>https://raw.githubusercontent.com/lesersokerbok/boksok.no-data-utils/master/output-example/images/BF52059EB9B845718057497CA2194190.jpg</wp:attachment_url>
        </item>
        <item>
            <wp:post_type>lsb_book</wp:post_type>
            <wp:status>publish</wp:status>
            <title>Den vanskelege andreboka</title>
            <excerpt:encoded><![CDATA[Hjørneviks andre diktsamling   der han gjer eit nytt forsøk på å pirke i den norske folkesjela. ]]></excerpt:encoded>
            <wp:postmeta>
                <wp:meta_key>lsb_isbn</wp:meta_key>
                <wp:meta_value><![CDATA[9788252160387]]></wp:meta_value>
            </wp:postmeta>
            <wp:postmeta>
                <wp:meta_key>_lsb_isbn</wp:meta_key>
                <wp:meta_value><![CDATA[lsb_acf_isbn]]></wp:meta_value>
            </wp:postmeta>
            <wp:postmeta>
                <wp:meta_key>lsb_published_year</wp:meta_key>
                <wp:meta_value><![CDATA[2002]]></wp:meta_value>
            </wp:postmeta>
            <wp:postmeta>
                <wp:meta_key>_lsb_published_year</wp:meta_key>
                <wp:meta_value><![CDATA[lsb_acf_published_year]]></wp:meta_value>
            </wp:postmeta>
            <wp:postmeta>
                <wp:meta_key>lsb_pages</wp:meta_key>
                <wp:meta_value><![CDATA[76]]></wp:meta_value>
            </wp:postmeta>
            <wp:postmeta>
                <wp:meta_key>_lsb_pages</wp:meta_key>
                <wp:meta_value><![CDATA[lsb_acf_pages]]></wp:meta_value>
            </wp:postmeta>
            <wp:postmeta>
                <wp:meta_key>lsb_review</wp:meta_key>
                <wp:meta_value><![CDATA[  <div>Gjennom humor og tøys med temaer som NM i blomsterdekor, <br />  lydlyrikk som "Eg er dokter som lyttar"</div>  <div>eller bygdelyrikk som i "Bøn mot bygdeforbannelsen"</div>  <div>forsøker han å nå fram til lesaren. </div>  <div>&#160;</div>  <div>Mange av dikta har lesaroppgåver der ein til dømes </div>  <div>blir utfordra til å lese dikt høgt på bussen <br />  eller gå inn i ein bokhandel <br />  og flytte diktsamlinga til utstillingsvindauget. </div>  <div>&#160;</div>  <div>Boka har festlege illustrasjonar.</div>  <div>&#160;</div>  <div>&#160;</div>  <div>&#160;</div>  <div>&#160;</div>  ]]></wp:meta_value>
            </wp:postmeta>
            <wp:postmeta>
                <wp:meta_key>_lsb_review</wp:meta_key>
                <wp:meta_value><![CDATA[lsb_acf_review]]></wp:meta_value>
            </wp:postmeta>
            <wp:postmeta>
                <wp:meta_key>lsb_quote</wp:meta_key>
                <wp:meta_value><![CDATA[VM i altfor stor bakke    Det var VM i Sveits  i altfor stor bakke,   men me som var med,   må sårt ta til takke  med rykte og skrøner  om kven som vann,   me var åtti som hoppa,  og alle forsvann. ]]></wp:meta_value>
            </wp:postmeta>
            <wp:postmeta>
                <wp:meta_key>_lsb_quote</wp:meta_key>
                <wp:meta_value><![CDATA[lsb_acf_quote]]></wp:meta_value>
            </wp:postmeta>
            <wp:postmeta>
                <wp:meta_key>lsb_supported</wp:meta_key>
                <wp:meta_value><![CDATA[0]]></wp:meta_value>
            </wp:postmeta>
            <wp:postmeta>
                <wp:meta_key>_lsb_supported</wp:meta_key>
                <wp:meta_value><![CDATA[lsb_acf_supported]]></wp:meta_value>
            </wp:postmeta>
            <category domain="lsb_tax_author" nicename="jon-hjørnevik"><![CDATA[Jon Hjørnevik]]></category>
            <category domain="lsb_tax_publisher" nicename="samlaget"><![CDATA[Samlaget]]></category>
            <category domain="lsb_tax_illustrator" nicename="jon-hjørnevik"><![CDATA[Jon Hjørnevik]]></category>
            <wp:postmeta>
                <wp:meta_key>lsb_look_inside</wp:meta_key>
                <wp:meta_value><![CDATA[CUSTOM_BLA_I_BOKA]]></wp:meta_value>
            </wp:postmeta>
            <wp:postmeta>
                <wp:meta_key>_lsb_look_inside</wp:meta_key>
                <wp:meta_value><![CDATA[lsb_acf_look_inside]]></wp:meta_value>
            </wp:postmeta>
            <category domain="lsb_tax_age" nicename="voksne"><![CDATA[voksne]]></category>
            <category domain="lsb_tax_genre" nicename="dikt"><![CDATA[dikt]]></category>
            <category domain="lsb_tax_topic" nicename="humor"><![CDATA[humor]]></category>
            <category domain="lsb_tax_language" nicename="no_nn"><![CDATA[nynorsk]]></category>
            <category domain="lsb_tax_customization" nicename="skjønnlitteratur"><![CDATA[skjønnlitteratur]]></category>
            <category domain="lsb_tax_customization" nicename="mange-bilder"><![CDATA[mange bilder]]></category>
            <wp:postmeta>
                <wp:meta_key>_thumbnail_id</wp:meta_key>
                <wp:meta_value><![CDATA[5360]]></wp:meta_value>
            </wp:postmeta>
        </item>
        <item>
            <title>den vanskelege andreboka.jpg</title>
            <wp:post_id>5360</wp:post_id>
            <wp:status>inherit</wp:status>
            <wp:post_type>attachment</wp:post_type>
            <wp:attachment_url>https://raw.githubusercontent.com/lesersokerbok/boksok.no-data-utils/master/output-example/images/21A3ECC2DA964FF0BC7454A19ECEF220.jpg</wp:attachment_url>
        </item>
        <item>
            <wp:post_type>lsb_book</wp:post_type>
            <wp:status>publish</wp:status>
            <title>35 kilo med håp</title>
            <excerpt:encoded><![CDATA[Georg er 13 år og hater skolen.   Han er utvist fra sjette klasse.   Hva skal han gjøre nå?]]></excerpt:encoded>
            <wp:postmeta>
                <wp:meta_key>lsb_isbn</wp:meta_key>
                <wp:meta_value><![CDATA[9788291948683]]></wp:meta_value>
            </wp:postmeta>
            <wp:postmeta>
                <wp:meta_key>_lsb_isbn</wp:meta_key>
                <wp:meta_value><![CDATA[lsb_acf_isbn]]></wp:meta_value>
            </wp:postmeta>
            <wp:postmeta>
                <wp:meta_key>lsb_published_year</wp:meta_key>
                <wp:meta_value><![CDATA[2008]]></wp:meta_value>
            </wp:postmeta>
            <wp:postmeta>
                <wp:meta_key>_lsb_published_year</wp:meta_key>
                <wp:meta_value><![CDATA[lsb_acf_published_year]]></wp:meta_value>
            </wp:postmeta>
            <wp:postmeta>
                <wp:meta_key>lsb_pages</wp:meta_key>
                <wp:meta_value><![CDATA[93]]></wp:meta_value>
            </wp:postmeta>
            <wp:postmeta>
                <wp:meta_key>_lsb_pages</wp:meta_key>
                <wp:meta_value><![CDATA[lsb_acf_pages]]></wp:meta_value>
            </wp:postmeta>
            <wp:postmeta>
                <wp:meta_key>lsb_review</wp:meta_key>
                <wp:meta_value><![CDATA[  <div>Selv ikke bestefaren, Georgs gode venn, </div>  <div>viser forståelse denne gangen. </div>  <div>Foreldrene prøver desperat å finne en ny ungdomsskole, </div>  <div>men Georg vet hvor han vil gå. </div>  <div>Problemet er bare at den skolen krever gode resultater.  </div>  <div>&#160;</div>  <div><strong>35 kilo med håp</strong> er en liten bok med mye innhold. </div>  <div>Med enkelt og direkte språk forteller den om Georgs vilje </div>  <div>til å bruke de evnene han har for å oppnå målet han har satt seg.<br />  </div>  <div>  <div><strong>&#160;</strong></div>  <div><strong>Anna Gavalda</strong> er født i Frankrike i 1970. <br />  Siden debuten i 1999, har ho skrevet <br />  både noveller og romaner. <br />  Bøkene hennes er blitt oversatt til 36 språk.<br />  Gavalda skriver vanligvis for voksne, </div>  <div>mens <strong>35 kilo med håp</strong> er en ungdomsroman.</div></div>  <div>&#160;</div>  ]]></wp:meta_value>
            </wp:postmeta>
            <wp:postmeta>
                <wp:meta_key>_lsb_review</wp:meta_key>
                <wp:meta_value><![CDATA[lsb_acf_review]]></wp:meta_value>
            </wp:postmeta>
            <wp:postmeta>
                <wp:meta_key>lsb_quote</wp:meta_key>
                <wp:meta_value><![CDATA[Foreldrene mine trodde heller ikke på meg, og da det gikk opp for dem at jeg faktisk var utvist for godt, ble det skikkelig liv i leiren. For en gangs skyld skreik de i samme retning begge to, og det av hjertens lyst.]]></wp:meta_value>
            </wp:postmeta>
            <wp:postmeta>
                <wp:meta_key>_lsb_quote</wp:meta_key>
                <wp:meta_value><![CDATA[lsb_acf_quote]]></wp:meta_value>
            </wp:postmeta>
            <wp:postmeta>
                <wp:meta_key>lsb_supported</wp:meta_key>
                <wp:meta_value><![CDATA[0]]></wp:meta_value>
            </wp:postmeta>
            <wp:postmeta>
                <wp:meta_key>_lsb_supported</wp:meta_key>
                <wp:meta_value><![CDATA[lsb_acf_supported]]></wp:meta_value>
            </wp:postmeta>
            <category domain="lsb_tax_author" nicename="anna-gavalda"><![CDATA[Anna Gavalda]]></category>
            <category domain="lsb_tax_publisher" nicename="mangschou-"><![CDATA[Mangschou ]]></category>
            <category domain="lsb_tax_translator" nicename="tove-bakke"><![CDATA[Tove Bakke]]></category>
            <wp:postmeta>
                <wp:meta_key>lsb_look_inside</wp:meta_key>
                <wp:meta_value><![CDATA[CUSTOM_BLA_I_BOKA]]></wp:meta_value>
            </wp:postmeta>
            <wp:postmeta>
                <wp:meta_key>_lsb_look_inside</wp:meta_key>
                <wp:meta_value><![CDATA[lsb_acf_look_inside]]></wp:meta_value>
            </wp:postmeta>
            <category domain="lsb_tax_age" nicename="ungdom"><![CDATA[ungdom]]></category>
            <category domain="lsb_tax_genre" nicename="prosa"><![CDATA[prosa]]></category>
            <category domain="lsb_tax_topic" nicename="mennesker-i-mellom"><![CDATA[mennesker i mellom]]></category>
            <category domain="lsb_tax_language" nicename="no_nb"><![CDATA[bokmål]]></category>
            <category domain="lsb_tax_customization" nicename="skjønnlitteratur"><![CDATA[skjønnlitteratur]]></category>
            <wp:postmeta>
                <wp:meta_key>_thumbnail_id</wp:meta_key>
                <wp:meta_value><![CDATA[5361]]></wp:meta_value>
            </wp:postmeta>
        </item>
        <item>
            <title>35 kilo med håp.jpg</title>
            <wp:post_id>5361</wp:post_id>
            <wp:status>inherit</wp:status>
            <wp:post_type>attachment</wp:post_type>
            <wp:attachment_url>https://raw.githubusercontent.com/lesersokerbok/boksok.no-data-utils/master/output-example/images/E21BCA8A90CC40F783A8A7519B441900.jpg</wp:attachment_url>
        </item>
        <item>
            <wp:post_type>lsb_book</wp:post_type>
            <wp:status>publish</wp:status>
            <title>et øyeblikk noen tusen år</title>
            <excerpt:encoded><![CDATA[Dette er en politisk og personlig diktsamling.   Med konkrete bilder fra samisk virkelighet   skriver Hege Siri om joik, historie, kampen om Altavassdraget    Denne boka beviser det.  Den står fjellstøtt.]]></excerpt:encoded>
            <wp:postmeta>
                <wp:meta_key>lsb_isbn</wp:meta_key>
                <wp:meta_value><![CDATA[9788205358614]]></wp:meta_value>
            </wp:postmeta>
            <wp:postmeta>
                <wp:meta_key>_lsb_isbn</wp:meta_key>
                <wp:meta_value><![CDATA[lsb_acf_isbn]]></wp:meta_value>
            </wp:postmeta>
            <wp:postmeta>
                <wp:meta_key>lsb_published_year</wp:meta_key>
                <wp:meta_value><![CDATA[2009]]></wp:meta_value>
            </wp:postmeta>
            <wp:postmeta>
                <wp:meta_key>_lsb_published_year</wp:meta_key>
                <wp:meta_value><![CDATA[lsb_acf_published_year]]></wp:meta_value>
            </wp:postmeta>
            <wp:postmeta>
                <wp:meta_key>lsb_pages</wp:meta_key>
                <wp:meta_value><![CDATA[52]]></wp:meta_value>
            </wp:postmeta>
            <wp:postmeta>
                <wp:meta_key>_lsb_pages</wp:meta_key>
                <wp:meta_value><![CDATA[lsb_acf_pages]]></wp:meta_value>
            </wp:postmeta>
            <wp:postmeta>
                <wp:meta_key>lsb_review</wp:meta_key>
                <wp:meta_value><![CDATA[  <div class="description">Hege Siri skriver lekne dikt som er fulle av gamle sagn og myter. </div>  <div class="description">Men tekstene avslører også et dypt alvor og engasjement. </div>  <div class="description">Forfatterens sjøsamiske bakgrunn har gitt stoff til mange av diktene. </div>  <div class="description">Det handler om jakten på en identitet. </div>  <div class="description">Det handler om spennet mellom gammelt og nytt, </div>  <div class="description">mellom minoritet og storsamfunn. </div>  <div class="description">&#160;</div>  <div class="description">Dette er Hege Siris første bok. </div>  ]]></wp:meta_value>
            </wp:postmeta>
            <wp:postmeta>
                <wp:meta_key>_lsb_review</wp:meta_key>
                <wp:meta_value><![CDATA[lsb_acf_review]]></wp:meta_value>
            </wp:postmeta>
            <wp:postmeta>
                <wp:meta_key>lsb_quote</wp:meta_key>
                <wp:meta_value><![CDATA[Det var ikke stjerne som falt,  det var vi   det var ikke ulver som omringet oss  det var folk   -det sies at etterpåklokskap  ikke er et meningsløst ord  men uten kampen om elva, ville ingenting skjedd  vi hadde reist oss  og vi ble stående"]]></wp:meta_value>
            </wp:postmeta>
            <wp:postmeta>
                <wp:meta_key>_lsb_quote</wp:meta_key>
                <wp:meta_value><![CDATA[lsb_acf_quote]]></wp:meta_value>
            </wp:postmeta>
            <wp:postmeta>
                <wp:meta_key>lsb_supported</wp:meta_key>
                <wp:meta_value><![CDATA[0]]></wp:meta_value>
            </wp:postmeta>
            <wp:postmeta>
                <wp:meta_key>_lsb_supported</wp:meta_key>
                <wp:meta_value><![CDATA[lsb_acf_supported]]></wp:meta_value>
            </wp:postmeta>
            <category domain="lsb_tax_author" nicename="hege-siri"><![CDATA[Hege Siri]]></category>
            <category domain="lsb_tax_publisher" nicename="kolon"><![CDATA[Kolon]]></category>
            <wp:postmeta>
                <wp:meta_key>lsb_look_inside</wp:meta_key>
                <wp:meta_value><![CDATA[CUSTOM_BLA_I_BOKA]]></wp:meta_value>
            </wp:postmeta>
            <wp:postmeta>
                <wp:meta_key>_lsb_look_inside</wp:meta_key>
                <wp:meta_value><![CDATA[lsb_acf_look_inside]]></wp:meta_value>
            </wp:postmeta>
            <category domain="lsb_tax_age" nicename="voksne"><![CDATA[voksne]]></category>
            <category domain="lsb_tax_genre" nicename="dikt"><![CDATA[dikt]]></category>
            <category domain="lsb_tax_language" nicename="no_nb"><![CDATA[bokmål]]></category>
            <category domain="lsb_tax_customization" nicename="skjønnlitteratur"><![CDATA[skjønnlitteratur]]></category>
            <wp:postmeta>
                <wp:meta_key>_thumbnail_id</wp:meta_key>
                <wp:meta_value><![CDATA[5362]]></wp:meta_value>
            </wp:postmeta>
        </item>
        <item>
            <title>EtOyeblikkNoenTusenAar.jpg</title>
            <wp:post_id>5362</wp:post_id>
            <wp:status>inherit</wp:status>
            <wp:post_type>attachment</wp:post_type>
            <wp:attachment_url>https://raw.githubusercontent.com/lesersokerbok/boksok.no-data-utils/master/output-example/images/117DA17BFE8641B38F764F9458E55505.jpg</wp:attachment_url>
        </item>
        <item>
            <wp:post_type>lsb_book</wp:post_type>
            <wp:status>publish</wp:status>
            <title>Neon Furu</title>
            <excerpt:encoded><![CDATA[Neon Furu er pønk i haiku-form.  Dette er diktboka for ungdom som   ikke tror dikt er noe for dem.   ]]></excerpt:encoded>
            <wp:postmeta>
                <wp:meta_key>lsb_isbn</wp:meta_key>
                <wp:meta_value><![CDATA[8203111122]]></wp:meta_value>
            </wp:postmeta>
            <wp:postmeta>
                <wp:meta_key>_lsb_isbn</wp:meta_key>
                <wp:meta_value><![CDATA[lsb_acf_isbn]]></wp:meta_value>
            </wp:postmeta>
            <wp:postmeta>
                <wp:meta_key>lsb_published_year</wp:meta_key>
                <wp:meta_value><![CDATA[1983]]></wp:meta_value>
            </wp:postmeta>
            <wp:postmeta>
                <wp:meta_key>_lsb_published_year</wp:meta_key>
                <wp:meta_value><![CDATA[lsb_acf_published_year]]></wp:meta_value>
            </wp:postmeta>
            <wp:postmeta>
                <wp:meta_key>lsb_pages</wp:meta_key>
                <wp:meta_value><![CDATA[upag]]></wp:meta_value>
            </wp:postmeta>
            <wp:postmeta>
                <wp:meta_key>_lsb_pages</wp:meta_key>
                <wp:meta_value><![CDATA[lsb_acf_pages]]></wp:meta_value>
            </wp:postmeta>
            <wp:postmeta>
                <wp:meta_key>lsb_review</wp:meta_key>
                <wp:meta_value><![CDATA[  <div style="padding-bottom: 0px; padding-left: 0px; padding-right: 0px; padding-top: 0px;">Inspirert av den gamle japanske diktformen haiku  <div style="padding-bottom: 0px; padding-left: 0px; padding-right: 0px; padding-top: 0px;">beskriver Gene bilder fra drabantby og betong:</div>Tre linjer for hvert konkrete bilde. <br />  Null tolking og føleri.<br />  <br />  Han beskriver de små tinga i barndommen,<br />  og truslene fra et samfunn i oppløsning.<br />  Dette er ei sterk bok om å være ung <br />  midt imellom det trygge og det utrygge.<br />  <br />  Gene Dalby er Norges store punk-poet. <br />  30 år seinare slår orda hans like bra fra seg.</div>  ]]></wp:meta_value>
            </wp:postmeta>
            <wp:postmeta>
                <wp:meta_key>_lsb_review</wp:meta_key>
                <wp:meta_value><![CDATA[lsb_acf_review]]></wp:meta_value>
            </wp:postmeta>
            <wp:postmeta>
                <wp:meta_key>lsb_quote</wp:meta_key>
                <wp:meta_value><![CDATA[Pusheren drar fra   Drabantby til derabantby   Heroinvinter    Barndomsminnene  Sterkest knyttet til våren  Bråtebrann og brus    Gjennom snøen ser   Jeg lysene fra hjem som  Lukket seg for meg]]></wp:meta_value>
            </wp:postmeta>
            <wp:postmeta>
                <wp:meta_key>_lsb_quote</wp:meta_key>
                <wp:meta_value><![CDATA[lsb_acf_quote]]></wp:meta_value>
            </wp:postmeta>
            <wp:postmeta>
                <wp:meta_key>lsb_supported</wp:meta_key>
                <wp:meta_value><![CDATA[0]]></wp:meta_value>
            </wp:postmeta>
            <wp:postmeta>
                <wp:meta_key>_lsb_supported</wp:meta_key>
                <wp:meta_value><![CDATA[lsb_acf_supported]]></wp:meta_value>
            </wp:postmeta>
            <category domain="lsb_tax_author" nicename="gene-dalby"><![CDATA[Gene Dalby]]></category>
            <category domain="lsb_tax_publisher" nicename="aschehoug"><![CDATA[Aschehoug]]></category>
            <wp:postmeta>
                <wp:meta_key>lsb_look_inside</wp:meta_key>
                <wp:meta_value><![CDATA[CUSTOM_BLA_I_BOKA]]></wp:meta_value>
            </wp:postmeta>
            <wp:postmeta>
                <wp:meta_key>_lsb_look_inside</wp:meta_key>
                <wp:meta_value><![CDATA[lsb_acf_look_inside]]></wp:meta_value>
            </wp:postmeta>
            <category domain="lsb_tax_age" nicename="ungdom"><![CDATA[ungdom]]></category>
            <category domain="lsb_tax_age" nicename="voksne"><![CDATA[voksne]]></category>
            <category domain="lsb_tax_genre" nicename="dikt"><![CDATA[dikt]]></category>
            <category domain="lsb_tax_topic" nicename="historie"><![CDATA[historie]]></category>
            <category domain="lsb_tax_topic" nicename="samfunn"><![CDATA[samfunn]]></category>
            <category domain="lsb_tax_topic" nicename="mennesker-i-mellom"><![CDATA[mennesker i mellom]]></category>
            <category domain="lsb_tax_language" nicename="no_nb"><![CDATA[bokmål]]></category>
            <category domain="lsb_tax_customization" nicename="skjønnlitteratur"><![CDATA[skjønnlitteratur]]></category>
            <wp:postmeta>
                <wp:meta_key>_thumbnail_id</wp:meta_key>
                <wp:meta_value><![CDATA[5363]]></wp:meta_value>
            </wp:postmeta>
        </item>
        <item>
            <title>gene dalby.jpg</title>
            <wp:post_id>5363</wp:post_id>
            <wp:status>inherit</wp:status>
            <wp:post_type>attachment</wp:post_type>
            <wp:attachment_url>https://raw.githubusercontent.com/lesersokerbok/boksok.no-data-utils/master/output-example/images/3B27AA4896B54CA690C05A54BE4B68D6.jpg</wp:attachment_url>
        </item>
        <item>
            <wp:post_type>lsb_book</wp:post_type>
            <wp:status>publish</wp:status>
            <title>Tyver og angivere</title>
            <excerpt:encoded><![CDATA[Tyver og angivere er en tegnet roman  fra 2.verdenskrig  med klare, fine tegninger. ]]></excerpt:encoded>
            <wp:postmeta>
                <wp:meta_key>lsb_isbn</wp:meta_key>
                <wp:meta_value><![CDATA[9788242943767]]></wp:meta_value>
            </wp:postmeta>
            <wp:postmeta>
                <wp:meta_key>_lsb_isbn</wp:meta_key>
                <wp:meta_value><![CDATA[lsb_acf_isbn]]></wp:meta_value>
            </wp:postmeta>
            <wp:postmeta>
                <wp:meta_key>lsb_published_year</wp:meta_key>
                <wp:meta_value><![CDATA[2010]]></wp:meta_value>
            </wp:postmeta>
            <wp:postmeta>
                <wp:meta_key>_lsb_published_year</wp:meta_key>
                <wp:meta_value><![CDATA[lsb_acf_published_year]]></wp:meta_value>
            </wp:postmeta>
            <wp:postmeta>
                <wp:meta_key>lsb_pages</wp:meta_key>
                <wp:meta_value><![CDATA[114]]></wp:meta_value>
            </wp:postmeta>
            <wp:postmeta>
                <wp:meta_key>_lsb_pages</wp:meta_key>
                <wp:meta_value><![CDATA[lsb_acf_pages]]></wp:meta_value>
            </wp:postmeta>
            <wp:postmeta>
                <wp:meta_key>lsb_review</wp:meta_key>
                <wp:meta_value><![CDATA[  <div style="padding-bottom: 20px; padding-left: 0px; padding-right: 0px; padding-top: 0px;">  <div>Det er andre verdenskrig, </div>  <div>og Frankrike er okkupert. <br />  Jeanne er med i motstandsbevegelsen</div>  <div>til hun en dag blir angitt. <br />  </div>  <div>En sjarmerende kjeltring</div>  <div>hjelper henne ut av fengselet.</div>  <div>Nå må hun finne søsteren sin,</div>  <div>før politiet tar henne.</div>  <div>Men hvem er det som har angitt dem? <br />  </div>  <div><strong><br />  Tyver og angivere</strong> er en fortsettelse</div>  <div>av <strong>Utsettelsen</strong> av samme forfatter.</div>  <div>Bøkene kan leses hver for seg,</div>  <div>og skildrer dagliglivet</div>  <div>til menneskene som opplevde krigen.  <br />  Dette er en vakker bok <br />  om tillit og tvil. <br />  </div>  <div>Tegningene til <strong>Gibrat</strong> er <br />  vakre og livlige. <br />  Leseren rives med av historien. <br />  Teksten er for det meste </div>  <div>skrevet med blokkbokstaver<br />  og er lett å lese. </div></div>  ]]></wp:meta_value>
            </wp:postmeta>
            <wp:postmeta>
                <wp:meta_key>_lsb_review</wp:meta_key>
                <wp:meta_value><![CDATA[lsb_acf_review]]></wp:meta_value>
            </wp:postmeta>
            <wp:postmeta>
                <wp:meta_key>lsb_quote</wp:meta_key>
                <wp:meta_value><![CDATA[- JEG HÅPER DE HAR SOVET   DÅRLIG, UNGE DAME!    - JEG HAR IKKE FÅTT   BLUND PÅ ØYNENE PÅ  GRUNN AV DETTE HER.    - DE HAR SATT MEG  I EN KNIPE,  FRØKEN ...  - EN LEI KNIPE!  - BARE PÅ GRUNN AV ET SKARVE  ANONYMT BREV!    - DET SIES AT FRANSK-  MENN LESER]]></wp:meta_value>
            </wp:postmeta>
            <wp:postmeta>
                <wp:meta_key>_lsb_quote</wp:meta_key>
                <wp:meta_value><![CDATA[lsb_acf_quote]]></wp:meta_value>
            </wp:postmeta>
            <wp:postmeta>
                <wp:meta_key>lsb_supported</wp:meta_key>
                <wp:meta_value><![CDATA[0]]></wp:meta_value>
            </wp:postmeta>
            <wp:postmeta>
                <wp:meta_key>_lsb_supported</wp:meta_key>
                <wp:meta_value><![CDATA[lsb_acf_supported]]></wp:meta_value>
            </wp:postmeta>
            <category domain="lsb_tax_author" nicename="jean-pierre-gibrat"><![CDATA[Jean-Pierre Gibrat]]></category>
            <category domain="lsb_tax_publisher" nicename="egmont-serieforlaget"><![CDATA[Egmont Serieforlaget]]></category>
            <category domain="lsb_tax_illustrator" nicename="jean-pierre-gibrat"><![CDATA[Jean-Pierre Gibrat]]></category>
            <category domain="lsb_tax_translator" nicename="nina-svendsrud"><![CDATA[Nina Svendsrud]]></category>
            <wp:postmeta>
                <wp:meta_key>lsb_look_inside</wp:meta_key>
                <wp:meta_value><![CDATA[CUSTOM_BLA_I_BOKA]]></wp:meta_value>
            </wp:postmeta>
            <wp:postmeta>
                <wp:meta_key>_lsb_look_inside</wp:meta_key>
                <wp:meta_value><![CDATA[lsb_acf_look_inside]]></wp:meta_value>
            </wp:postmeta>
            <category domain="lsb_tax_age" nicename="ungdom"><![CDATA[ungdom]]></category>
            <category domain="lsb_tax_age" nicename="voksne"><![CDATA[voksne]]></category>
            <category domain="lsb_tax_genre" nicename="prosa"><![CDATA[prosa]]></category>
            <category domain="lsb_tax_topic" nicename="historie"><![CDATA[historie]]></category>
            <category domain="lsb_tax_topic" nicename="samfunn"><![CDATA[samfunn]]></category>
            <category domain="lsb_tax_topic" nicename="kjærlighet"><![CDATA[kjærlighet]]></category>
            <category domain="lsb_tax_language" nicename="no_nb"><![CDATA[bokmål]]></category>
            <category domain="lsb_tax_customization" nicename="bilder"><![CDATA[bilder]]></category>
            <wp:postmeta>
                <wp:meta_key>_thumbnail_id</wp:meta_key>
                <wp:meta_value><![CDATA[5364]]></wp:meta_value>
            </wp:postmeta>
        </item>
        <item>
            <title>tyver og angivere.jpg</title>
            <wp:post_id>5364</wp:post_id>
            <wp:status>inherit</wp:status>
            <wp:post_type>attachment</wp:post_type>
            <wp:attachment_url>https://raw.githubusercontent.com/lesersokerbok/boksok.no-data-utils/master/output-example/images/24173424C02C4C5BBE4D274EDC3E96CE.jpg</wp:attachment_url>
        </item>
        <item>
            <wp:post_type>lsb_book</wp:post_type>
            <wp:status>publish</wp:status>
            <title>Det onde</title>
            <excerpt:encoded><![CDATA[Vi vet ikke så mye   om hva som foregår inne i hjernen vår.   Eller om hvorfor folk kan bli slemme.   Vi er kanskje litt for kjekke.   ]]></excerpt:encoded>
            <wp:postmeta>
                <wp:meta_key>lsb_isbn</wp:meta_key>
                <wp:meta_value><![CDATA[9788203247569]]></wp:meta_value>
            </wp:postmeta>
            <wp:postmeta>
                <wp:meta_key>_lsb_isbn</wp:meta_key>
                <wp:meta_value><![CDATA[lsb_acf_isbn]]></wp:meta_value>
            </wp:postmeta>
            <wp:postmeta>
                <wp:meta_key>lsb_published_year</wp:meta_key>
                <wp:meta_value><![CDATA[2005]]></wp:meta_value>
            </wp:postmeta>
            <wp:postmeta>
                <wp:meta_key>_lsb_published_year</wp:meta_key>
                <wp:meta_value><![CDATA[lsb_acf_published_year]]></wp:meta_value>
            </wp:postmeta>
            <wp:postmeta>
                <wp:meta_key>lsb_pages</wp:meta_key>
                <wp:meta_value><![CDATA[72]]></wp:meta_value>
            </wp:postmeta>
            <wp:postmeta>
                <wp:meta_key>_lsb_pages</wp:meta_key>
                <wp:meta_value><![CDATA[lsb_acf_pages]]></wp:meta_value>
            </wp:postmeta>
            <wp:postmeta>
                <wp:meta_key>lsb_review</wp:meta_key>
                <wp:meta_value><![CDATA[  <p>Tror vi vet det meste. <br />  Men tenk om det er slik, at så lenge<br />  ingen tror det onde finnes, <br />  har onde krefter fritt spill?<br />  Uansett er det ikke lurt <br />  å leke med det onde. </p>  <div>&#160;</div>  <div>Boka har enkelt, muntlig språk og stor skrift. </div>  <div>&#160;</div>  <div>Arne Berggren har skrevet en rekke bøker <br />  for barn og unge. <br />  Han jobber også med film, teater og TV.</div>  <p>Dette er ei bok i serien <strong>Lesehesten</strong>. <br />  </p>  ]]></wp:meta_value>
            </wp:postmeta>
            <wp:postmeta>
                <wp:meta_key>_lsb_review</wp:meta_key>
                <wp:meta_value><![CDATA[lsb_acf_review]]></wp:meta_value>
            </wp:postmeta>
            <wp:postmeta>
                <wp:meta_key>lsb_quote</wp:meta_key>
                <wp:meta_value><![CDATA[Gi et tegn! ropte Trygve.  Klagelydene ble sterkere.  "Hva i hælvete er det?" ropte Roy.  "Hva tror du?" ropte Trygve.  "Jeg liker ikke dette." sa Tharald.  "Vi gir oss," sa jeg. ]]></wp:meta_value>
            </wp:postmeta>
            <wp:postmeta>
                <wp:meta_key>_lsb_quote</wp:meta_key>
                <wp:meta_value><![CDATA[lsb_acf_quote]]></wp:meta_value>
            </wp:postmeta>
            <wp:postmeta>
                <wp:meta_key>lsb_supported</wp:meta_key>
                <wp:meta_value><![CDATA[0]]></wp:meta_value>
            </wp:postmeta>
            <wp:postmeta>
                <wp:meta_key>_lsb_supported</wp:meta_key>
                <wp:meta_value><![CDATA[lsb_acf_supported]]></wp:meta_value>
            </wp:postmeta>
            <category domain="lsb_tax_author" nicename="arne-berggren"><![CDATA[Arne Berggren]]></category>
            <category domain="lsb_tax_publisher" nicename="aschehoug"><![CDATA[Aschehoug]]></category>
            <category domain="lsb_tax_illustrator" nicename="berit-sømme"><![CDATA[Berit Sømme]]></category>
            <wp:postmeta>
                <wp:meta_key>lsb_look_inside</wp:meta_key>
                <wp:meta_value><![CDATA[CUSTOM_BLA_I_BOKA]]></wp:meta_value>
            </wp:postmeta>
            <wp:postmeta>
                <wp:meta_key>_lsb_look_inside</wp:meta_key>
                <wp:meta_value><![CDATA[lsb_acf_look_inside]]></wp:meta_value>
            </wp:postmeta>
            <category domain="lsb_tax_age" nicename="barn"><![CDATA[barn]]></category>
            <category domain="lsb_tax_genre" nicename="prosa"><![CDATA[prosa]]></category>
            <category domain="lsb_tax_topic" nicename="krim"><![CDATA[krim]]></category>
            <category domain="lsb_tax_topic" nicename="spenning"><![CDATA[spenning]]></category>
            <category domain="lsb_tax_customization" nicename="skjønnlitteratur"><![CDATA[skjønnlitteratur]]></category>
            <category domain="lsb_tax_customization" nicename="mange-bilder"><![CDATA[mange bilder]]></category>
            <wp:postmeta>
                <wp:meta_key>_thumbnail_id</wp:meta_key>
                <wp:meta_value><![CDATA[5365]]></wp:meta_value>
            </wp:postmeta>
        </item>
        <item>
            <title>Det-onde2.jpg</title>
            <wp:post_id>5365</wp:post_id>
            <wp:status>inherit</wp:status>
            <wp:post_type>attachment</wp:post_type>
            <wp:attachment_url>https://raw.githubusercontent.com/lesersokerbok/boksok.no-data-utils/master/output-example/images/66986A18AD9148E0A9FC02B3CF94E317.jpg</wp:attachment_url>
        </item>
        <item>
            <wp:post_type>lsb_book</wp:post_type>
            <wp:status>publish</wp:status>
            <title>Dampyr 1: Djevelens sønn</title>
            <excerpt:encoded><![CDATA[En tegneserie for voksne,   med action, vold og vampyrer.]]></excerpt:encoded>
            <wp:postmeta>
                <wp:meta_key>lsb_isbn</wp:meta_key>
                <wp:meta_value><![CDATA[9788292514207]]></wp:meta_value>
            </wp:postmeta>
            <wp:postmeta>
                <wp:meta_key>_lsb_isbn</wp:meta_key>
                <wp:meta_value><![CDATA[lsb_acf_isbn]]></wp:meta_value>
            </wp:postmeta>
            <wp:postmeta>
                <wp:meta_key>lsb_published_year</wp:meta_key>
                <wp:meta_value><![CDATA[2005]]></wp:meta_value>
            </wp:postmeta>
            <wp:postmeta>
                <wp:meta_key>_lsb_published_year</wp:meta_key>
                <wp:meta_value><![CDATA[lsb_acf_published_year]]></wp:meta_value>
            </wp:postmeta>
            <wp:postmeta>
                <wp:meta_key>lsb_pages</wp:meta_key>
                <wp:meta_value><![CDATA[96]]></wp:meta_value>
            </wp:postmeta>
            <wp:postmeta>
                <wp:meta_key>_lsb_pages</wp:meta_key>
                <wp:meta_value><![CDATA[lsb_acf_pages]]></wp:meta_value>
            </wp:postmeta>
            <wp:postmeta>
                <wp:meta_key>lsb_review</wp:meta_key>
                <wp:meta_value><![CDATA[  <div>Vi er på Balkan i 1990-årene.&#160;</div>  <div>Det er borgerkrig, og en militær tropp</div>  <div>går inn i en liten landsby.&#160;</div>  <div>Noen har vært der før dem.</div>  <div>Døde kropper ligger overalt,</div>  <div>og de er revet opp og tømt for blod.</div>  <div>Noen skummelt er i gjære.</div>  <div>Hvordan skal man drepe en fiende</div>  <div>som ingen våpen biter på?</div>  <div>&#160;</div>  <div>Dette er den første boka i serien om</div>  <div>Harlan Draka, Dampyr.</div>  <div>Teksten er satt i store bokstaver,</div>  <div>og den er enkel å lese.</div>  <div>Boka inneholder mye vold,&#160;</div>  <div>og passer best for voksne. <br />  </div>  <div>&#160;<br />  </div>  ]]></wp:meta_value>
            </wp:postmeta>
            <wp:postmeta>
                <wp:meta_key>_lsb_review</wp:meta_key>
                <wp:meta_value><![CDATA[lsb_acf_review]]></wp:meta_value>
            </wp:postmeta>
            <wp:postmeta>
                <wp:meta_key>lsb_quote</wp:meta_key>
                <wp:meta_value><![CDATA[- Hva skjedde her?  - Djevelen!    - Først kom soldatene. De låste seg inn i kirken, så begynte skytingen. Jeg gjemte meg ...    - Etterpå samme natt, kom djevlen! Han drepte alle soldatene! Han kuttet dem opp. Rev dem opp med bare hendene!  - Så du han? ]]></wp:meta_value>
            </wp:postmeta>
            <wp:postmeta>
                <wp:meta_key>_lsb_quote</wp:meta_key>
                <wp:meta_value><![CDATA[lsb_acf_quote]]></wp:meta_value>
            </wp:postmeta>
            <wp:postmeta>
                <wp:meta_key>lsb_supported</wp:meta_key>
                <wp:meta_value><![CDATA[0]]></wp:meta_value>
            </wp:postmeta>
            <wp:postmeta>
                <wp:meta_key>_lsb_supported</wp:meta_key>
                <wp:meta_value><![CDATA[lsb_acf_supported]]></wp:meta_value>
            </wp:postmeta>
            <category domain="lsb_tax_author" nicename="mauro-boselli-og-maurizio-colombo"><![CDATA[Mauro Boselli og Maurizio Colombo]]></category>
            <category domain="lsb_tax_publisher" nicename="westwind/fagbokforlaget"><![CDATA[Westwind/Fagbokforlaget]]></category>
            <category domain="lsb_tax_illustrator" nicename="majo"><![CDATA[MAJO]]></category>
            <category domain="lsb_tax_translator" nicename="arild-&quot;bloody&quot;-wærness"><![CDATA[Arild "Bloody" Wærness]]></category>
            <wp:postmeta>
                <wp:meta_key>lsb_look_inside</wp:meta_key>
                <wp:meta_value><![CDATA[CUSTOM_BLA_I_BOKA]]></wp:meta_value>
            </wp:postmeta>
            <wp:postmeta>
                <wp:meta_key>_lsb_look_inside</wp:meta_key>
                <wp:meta_value><![CDATA[lsb_acf_look_inside]]></wp:meta_value>
            </wp:postmeta>
            <category domain="lsb_tax_age" nicename="voksne"><![CDATA[voksne]]></category>
            <category domain="lsb_tax_genre" nicename="prosa"><![CDATA[prosa]]></category>
            <category domain="lsb_tax_genre" nicename="andre-sjangre"><![CDATA[andre sjangre]]></category>
            <category domain="lsb_tax_topic" nicename="krim"><![CDATA[krim]]></category>
            <category domain="lsb_tax_topic" nicename="spenning"><![CDATA[spenning]]></category>
            <category domain="lsb_tax_topic" nicename="eventyr"><![CDATA[eventyr]]></category>
            <category domain="lsb_tax_language" nicename="no_nb"><![CDATA[bokmål]]></category>
            <category domain="lsb_tax_customization" nicename="bilder"><![CDATA[bilder]]></category>
            <category domain="lsb_tax_customization" nicename="mange-bilder"><![CDATA[mange bilder]]></category>
            <wp:postmeta>
                <wp:meta_key>_thumbnail_id</wp:meta_key>
                <wp:meta_value><![CDATA[5366]]></wp:meta_value>
            </wp:postmeta>
        </item>
        <item>
            <title>dampyr.jpg</title>
            <wp:post_id>5366</wp:post_id>
            <wp:status>inherit</wp:status>
            <wp:post_type>attachment</wp:post_type>
            <wp:attachment_url>https://raw.githubusercontent.com/lesersokerbok/boksok.no-data-utils/master/output-example/images/0655B4BBC445433284D72668BCA0C8B2.jpg</wp:attachment_url>
        </item>
        <item>
            <wp:post_type>lsb_book</wp:post_type>
            <wp:status>publish</wp:status>
            <title>andungen og jeg (torsdag)</title>
            <excerpt:encoded><![CDATA[Om sinne, sorg og andunger]]></excerpt:encoded>
            <wp:postmeta>
                <wp:meta_key>lsb_isbn</wp:meta_key>
                <wp:meta_value><![CDATA[9788205379664]]></wp:meta_value>
            </wp:postmeta>
            <wp:postmeta>
                <wp:meta_key>_lsb_isbn</wp:meta_key>
                <wp:meta_value><![CDATA[lsb_acf_isbn]]></wp:meta_value>
            </wp:postmeta>
            <wp:postmeta>
                <wp:meta_key>lsb_published_year</wp:meta_key>
                <wp:meta_value><![CDATA[2008]]></wp:meta_value>
            </wp:postmeta>
            <wp:postmeta>
                <wp:meta_key>_lsb_published_year</wp:meta_key>
                <wp:meta_value><![CDATA[lsb_acf_published_year]]></wp:meta_value>
            </wp:postmeta>
            <wp:postmeta>
                <wp:meta_key>lsb_pages</wp:meta_key>
                <wp:meta_value><![CDATA[76]]></wp:meta_value>
            </wp:postmeta>
            <wp:postmeta>
                <wp:meta_key>_lsb_pages</wp:meta_key>
                <wp:meta_value><![CDATA[lsb_acf_pages]]></wp:meta_value>
            </wp:postmeta>
            <wp:postmeta>
                <wp:meta_key>lsb_review</wp:meta_key>
                <wp:meta_value><![CDATA[  <div>Det finnes dager da allting er så vondt og vanskelig at man blir sint. </div>  <div>Skikkelig sint. Sint som et villsvin. - Ja, eller en andunge. </div>  <div>En slik dag kan for eksempel være en torsdag. </div>  <div>Og akkurat denne torsdagen kommer andungen på en veldig lur få-bort-sinthet-idé.</div>  <div>&#160;</div>  <div>En sår og underfundig bok om savnet av en pappa. </div>  <div>Boka har enkelt skrevet og har lite tekst. </div>  <div>&#160;</div>  <div>Emilie Christensen ble født i 1987. </div>  <div>Dette er hennes andre bok. </div>  ]]></wp:meta_value>
            </wp:postmeta>
            <wp:postmeta>
                <wp:meta_key>_lsb_review</wp:meta_key>
                <wp:meta_value><![CDATA[lsb_acf_review]]></wp:meta_value>
            </wp:postmeta>
            <wp:postmeta>
                <wp:meta_key>lsb_quote</wp:meta_key>
                <wp:meta_value><![CDATA[- jeg er sint, sier han  - sint?  - ja  - på hvem?    - pappaen vår    jeg gnir meg i øynene  - det er jeg også, sier jeg    - VELDIG?    - ja, men det er så vanskelig    - hva er vanskelig?    jeg kler på meg   bukse, genser og kjole med fugl på    - å v]]></wp:meta_value>
            </wp:postmeta>
            <wp:postmeta>
                <wp:meta_key>_lsb_quote</wp:meta_key>
                <wp:meta_value><![CDATA[lsb_acf_quote]]></wp:meta_value>
            </wp:postmeta>
            <wp:postmeta>
                <wp:meta_key>lsb_supported</wp:meta_key>
                <wp:meta_value><![CDATA[0]]></wp:meta_value>
            </wp:postmeta>
            <wp:postmeta>
                <wp:meta_key>_lsb_supported</wp:meta_key>
                <wp:meta_value><![CDATA[lsb_acf_supported]]></wp:meta_value>
            </wp:postmeta>
            <category domain="lsb_tax_author" nicename="emilie-christensen"><![CDATA[Emilie Christensen]]></category>
            <category domain="lsb_tax_publisher" nicename="gyldendal"><![CDATA[Gyldendal]]></category>
            <wp:postmeta>
                <wp:meta_key>lsb_look_inside</wp:meta_key>
                <wp:meta_value><![CDATA[CUSTOM_BLA_I_BOKA]]></wp:meta_value>
            </wp:postmeta>
            <wp:postmeta>
                <wp:meta_key>_lsb_look_inside</wp:meta_key>
                <wp:meta_value><![CDATA[lsb_acf_look_inside]]></wp:meta_value>
            </wp:postmeta>
            <category domain="lsb_tax_age" nicename="ungdom"><![CDATA[ungdom]]></category>
            <category domain="lsb_tax_genre" nicename="prosa"><![CDATA[prosa]]></category>
            <category domain="lsb_tax_topic" nicename="mennesker-i-mellom"><![CDATA[mennesker i mellom]]></category>
            <category domain="lsb_tax_language" nicename="no_nb"><![CDATA[bokmål]]></category>
            <category domain="lsb_tax_customization" nicename="skjønnlitteratur"><![CDATA[skjønnlitteratur]]></category>
            <wp:postmeta>
                <wp:meta_key>_thumbnail_id</wp:meta_key>
                <wp:meta_value><![CDATA[5367]]></wp:meta_value>
            </wp:postmeta>
        </item>
        <item>
            <title>Andungen-og-jeg-torsdag.jpg</title>
            <wp:post_id>5367</wp:post_id>
            <wp:status>inherit</wp:status>
            <wp:post_type>attachment</wp:post_type>
            <wp:attachment_url>https://raw.githubusercontent.com/lesersokerbok/boksok.no-data-utils/master/output-example/images/CB589C32E4244A7582106E597D1E07CD.jpg</wp:attachment_url>
        </item>
        <item>
            <wp:post_type>lsb_book</wp:post_type>
            <wp:status>publish</wp:status>
            <title>andungen og jeg (jul)</title>
            <excerpt:encoded><![CDATA[Det er lille julaften. En liten jente og en andunge bor alene i et hus. Det er bare dem.  Men det hadde vært fint å ha en mamma og en pappa å feire jul sammen med.  ]]></excerpt:encoded>
            <wp:postmeta>
                <wp:meta_key>lsb_isbn</wp:meta_key>
                <wp:meta_value><![CDATA[9788205376670]]></wp:meta_value>
            </wp:postmeta>
            <wp:postmeta>
                <wp:meta_key>_lsb_isbn</wp:meta_key>
                <wp:meta_value><![CDATA[lsb_acf_isbn]]></wp:meta_value>
            </wp:postmeta>
            <wp:postmeta>
                <wp:meta_key>lsb_published_year</wp:meta_key>
                <wp:meta_value><![CDATA[2007]]></wp:meta_value>
            </wp:postmeta>
            <wp:postmeta>
                <wp:meta_key>_lsb_published_year</wp:meta_key>
                <wp:meta_value><![CDATA[lsb_acf_published_year]]></wp:meta_value>
            </wp:postmeta>
            <wp:postmeta>
                <wp:meta_key>lsb_pages</wp:meta_key>
                <wp:meta_value><![CDATA[43]]></wp:meta_value>
            </wp:postmeta>
            <wp:postmeta>
                <wp:meta_key>_lsb_pages</wp:meta_key>
                <wp:meta_value><![CDATA[lsb_acf_pages]]></wp:meta_value>
            </wp:postmeta>
            <wp:postmeta>
                <wp:meta_key>lsb_review</wp:meta_key>
                <wp:meta_value><![CDATA[  <div>Om ikke annet, så kunne de ha hjulpet til med å pynte treet. </div>  <div>&#160;</div>  <div>En sår, underfundig og melankolsk bok om ensomhet og savn, </div>  <div>og om en andunge som liker å tegne. </div>  <div>&#160;</div>  <div>Emilie Christensen er født i 1987. </div>  <div>Dette er hennes første bok. </div>  ]]></wp:meta_value>
            </wp:postmeta>
            <wp:postmeta>
                <wp:meta_key>_lsb_review</wp:meta_key>
                <wp:meta_value><![CDATA[lsb_acf_review]]></wp:meta_value>
            </wp:postmeta>
            <wp:postmeta>
                <wp:meta_key>lsb_quote</wp:meta_key>
                <wp:meta_value><![CDATA[- emilie?    - ja?     - hvorfor ville de ikke ha oss?    jeg legger fra meg fargestiftene og setter meg på dem  - oi, sier jeg    - oi, jeg -  - var vi slemme?    - nei!    andungen løper  jeg løper etter    han løper og   gjemmer seg under dynen    jeg ]]></wp:meta_value>
            </wp:postmeta>
            <wp:postmeta>
                <wp:meta_key>_lsb_quote</wp:meta_key>
                <wp:meta_value><![CDATA[lsb_acf_quote]]></wp:meta_value>
            </wp:postmeta>
            <wp:postmeta>
                <wp:meta_key>lsb_supported</wp:meta_key>
                <wp:meta_value><![CDATA[0]]></wp:meta_value>
            </wp:postmeta>
            <wp:postmeta>
                <wp:meta_key>_lsb_supported</wp:meta_key>
                <wp:meta_value><![CDATA[lsb_acf_supported]]></wp:meta_value>
            </wp:postmeta>
            <category domain="lsb_tax_author" nicename="emilie-christensen"><![CDATA[Emilie Christensen]]></category>
            <category domain="lsb_tax_publisher" nicename="gyldendal-"><![CDATA[Gyldendal ]]></category>
            <wp:postmeta>
                <wp:meta_key>lsb_look_inside</wp:meta_key>
                <wp:meta_value><![CDATA[CUSTOM_BLA_I_BOKA]]></wp:meta_value>
            </wp:postmeta>
            <wp:postmeta>
                <wp:meta_key>_lsb_look_inside</wp:meta_key>
                <wp:meta_value><![CDATA[lsb_acf_look_inside]]></wp:meta_value>
            </wp:postmeta>
            <category domain="lsb_tax_age" nicename="ungdom"><![CDATA[ungdom]]></category>
            <category domain="lsb_tax_genre" nicename="prosa"><![CDATA[prosa]]></category>
            <category domain="lsb_tax_topic" nicename="mennesker-i-mellom"><![CDATA[mennesker i mellom]]></category>
            <category domain="lsb_tax_language" nicename="no_nb"><![CDATA[bokmål]]></category>
            <category domain="lsb_tax_customization" nicename="skjønnlitteratur"><![CDATA[skjønnlitteratur]]></category>
            <wp:postmeta>
                <wp:meta_key>_thumbnail_id</wp:meta_key>
                <wp:meta_value><![CDATA[5368]]></wp:meta_value>
            </wp:postmeta>
        </item>
        <item>
            <title>Andungen-og-jeg-jul.jpg</title>
            <wp:post_id>5368</wp:post_id>
            <wp:status>inherit</wp:status>
            <wp:post_type>attachment</wp:post_type>
            <wp:attachment_url>https://raw.githubusercontent.com/lesersokerbok/boksok.no-data-utils/master/output-example/images/042953A28BA046D28B24192BDD7BF7F3.jpg</wp:attachment_url>
        </item>
        <item>
            <wp:post_type>lsb_book</wp:post_type>
            <wp:status>publish</wp:status>
            <title>Hva er vitsen?</title>
            <excerpt:encoded><![CDATA[Morsomme historier og vitser   gjenfortalt slik at de blir lette å gjenfortelle. ]]></excerpt:encoded>
            <wp:postmeta>
                <wp:meta_key>lsb_isbn</wp:meta_key>
                <wp:meta_value><![CDATA[9788278950623]]></wp:meta_value>
            </wp:postmeta>
            <wp:postmeta>
                <wp:meta_key>_lsb_isbn</wp:meta_key>
                <wp:meta_value><![CDATA[lsb_acf_isbn]]></wp:meta_value>
            </wp:postmeta>
            <wp:postmeta>
                <wp:meta_key>lsb_published_year</wp:meta_key>
                <wp:meta_value><![CDATA[2010]]></wp:meta_value>
            </wp:postmeta>
            <wp:postmeta>
                <wp:meta_key>_lsb_published_year</wp:meta_key>
                <wp:meta_value><![CDATA[lsb_acf_published_year]]></wp:meta_value>
            </wp:postmeta>
            <wp:postmeta>
                <wp:meta_key>lsb_pages</wp:meta_key>
                <wp:meta_value><![CDATA[105]]></wp:meta_value>
            </wp:postmeta>
            <wp:postmeta>
                <wp:meta_key>_lsb_pages</wp:meta_key>
                <wp:meta_value><![CDATA[lsb_acf_pages]]></wp:meta_value>
            </wp:postmeta>
            <wp:postmeta>
                <wp:meta_key>lsb_review</wp:meta_key>
                <wp:meta_value><![CDATA[  <div>Vi ler godt når gode vitser blir fortalt.</div>  <div>Men når vi skal gjenfortelle morsomhetene</div>  <div>står vi ofte fast. <strong>Hva er vitsen?</strong> er den perfekte</div>  <div>boka for deg som liker gode historier og vitser.</div>  <div>Boka er delt inn i kapitler. Det gjør det lett</div>  <div>å finne en god historie til en hver anledning.</div>  <div>Bak i boka er det også et kapittel om</div>  <div>hvordan du kan huske og gjenfortelle</div>  <div>historiene på den morsomme måten.</div>  <div>Boka er fin for alle som vil ha litt å lese.</div>  <div>Trim lattermusklene med vitser om alderdom, </div>  <div>jobb, samliv - og blondiner! </div>  <div>&#160;</div>  <div>Hilde Eskild og Benedicte Hambro arbeider som lærere. </div>  <div>De har bred erfaring som fortellere og som kursholdere for barn og voksne.  </div>  <div>&#160;</div>  ]]></wp:meta_value>
            </wp:postmeta>
            <wp:postmeta>
                <wp:meta_key>_lsb_review</wp:meta_key>
                <wp:meta_value><![CDATA[lsb_acf_review]]></wp:meta_value>
            </wp:postmeta>
            <wp:postmeta>
                <wp:meta_key>lsb_quote</wp:meta_key>
                <wp:meta_value><![CDATA[Taushet er gull?    Et ektepar hadde problemer.   Derfor snakket de ikke sammen.   Plutselig oppdaget mannen at han trengte hjelp av kona.   Han skulle nå et tidlig fly neste morgen.   Mannen ville at hun skulle vekke ham.   Men han ville ikke være den første som snakket.   Da ville han tape.     Derfor skrev han en lapp til kona:  Vekk meg klokka fem i morgen!   Han la lappen på hodeputen hennes.     Neste morgen våknet mannen klokka ni.   Han hadde mistet flyet.   Mannen var rasende og ville skjelle ut kona.   Da så han en lapp på nattbordet:   Klokka er 05:00. Våkn opp!    ]]></wp:meta_value>
            </wp:postmeta>
            <wp:postmeta>
                <wp:meta_key>_lsb_quote</wp:meta_key>
                <wp:meta_value><![CDATA[lsb_acf_quote]]></wp:meta_value>
            </wp:postmeta>
            <wp:postmeta>
                <wp:meta_key>lsb_supported</wp:meta_key>
                <wp:meta_value><![CDATA[1]]></wp:meta_value>
            </wp:postmeta>
            <wp:postmeta>
                <wp:meta_key>_lsb_supported</wp:meta_key>
                <wp:meta_value><![CDATA[lsb_acf_supported]]></wp:meta_value>
            </wp:postmeta>
            <wp:postmeta>
                <wp:meta_key>lsb_support_cat</wp:meta_key>
                <wp:meta_value><![CDATA[purple]]></wp:meta_value>
            </wp:postmeta>
            <wp:postmeta>
                <wp:meta_key>_lsb_support_cat</wp:meta_key>
                <wp:meta_value><![CDATA[lsb_acf_support_cat]]></wp:meta_value>
            </wp:postmeta>
            <category domain="lsb_tax_author" nicename="hilde-eskild-og-benedicte-hambro"><![CDATA[Hilde Eskild og Benedicte Hambro]]></category>
            <category domain="lsb_tax_publisher" nicename="ganesa"><![CDATA[Ganesa]]></category>
            <wp:postmeta>
                <wp:meta_key>lsb_look_inside</wp:meta_key>
                <wp:meta_value><![CDATA[CUSTOM_BLA_I_BOKA]]></wp:meta_value>
            </wp:postmeta>
            <wp:postmeta>
                <wp:meta_key>_lsb_look_inside</wp:meta_key>
                <wp:meta_value><![CDATA[lsb_acf_look_inside]]></wp:meta_value>
            </wp:postmeta>
            <category domain="lsb_tax_age" nicename="voksne"><![CDATA[voksne]]></category>
            <category domain="lsb_tax_topic" nicename="humor"><![CDATA[humor]]></category>
            <category domain="lsb_tax_language" nicename="no_nb"><![CDATA[bokmål]]></category>
            <category domain="lsb_tax_customization" nicename="skjønnlitteratur"><![CDATA[skjønnlitteratur]]></category>
            <category domain="lsb_tax_customization" nicename="ny-i-norge"><![CDATA[ny i norge]]></category>
            <wp:postmeta>
                <wp:meta_key>_thumbnail_id</wp:meta_key>
                <wp:meta_value><![CDATA[5369]]></wp:meta_value>
            </wp:postmeta>
        </item>
        <item>
            <title>hva er vitsen.jpg</title>
            <wp:post_id>5369</wp:post_id>
            <wp:status>inherit</wp:status>
            <wp:post_type>attachment</wp:post_type>
            <wp:attachment_url>https://raw.githubusercontent.com/lesersokerbok/boksok.no-data-utils/master/output-example/images/5CFF7CE0593343C4BBC3F4CA0B3D1035.jpg</wp:attachment_url>
        </item>
        <item>
            <wp:post_type>lsb_book</wp:post_type>
            <wp:status>publish</wp:status>
            <title>To erotiske fortellinger</title>
            <excerpt:encoded><![CDATA[De to prosalyriske tekstene "Mannen i korridoren" og "Dødens sykdom" har aldri tidligere vært oversatt til norsk. ]]></excerpt:encoded>
            <wp:postmeta>
                <wp:meta_key>lsb_isbn</wp:meta_key>
                <wp:meta_value><![CDATA[9788256016549]]></wp:meta_value>
            </wp:postmeta>
            <wp:postmeta>
                <wp:meta_key>_lsb_isbn</wp:meta_key>
                <wp:meta_value><![CDATA[lsb_acf_isbn]]></wp:meta_value>
            </wp:postmeta>
            <wp:postmeta>
                <wp:meta_key>lsb_published_year</wp:meta_key>
                <wp:meta_value><![CDATA[2009]]></wp:meta_value>
            </wp:postmeta>
            <wp:postmeta>
                <wp:meta_key>_lsb_published_year</wp:meta_key>
                <wp:meta_value><![CDATA[lsb_acf_published_year]]></wp:meta_value>
            </wp:postmeta>
            <wp:postmeta>
                <wp:meta_key>lsb_pages</wp:meta_key>
                <wp:meta_value><![CDATA[94]]></wp:meta_value>
            </wp:postmeta>
            <wp:postmeta>
                <wp:meta_key>_lsb_pages</wp:meta_key>
                <wp:meta_value><![CDATA[lsb_acf_pages]]></wp:meta_value>
            </wp:postmeta>
            <wp:postmeta>
                <wp:meta_key>lsb_review</wp:meta_key>
                <wp:meta_value><![CDATA[  <div>Fortellingene skildrer det seksuelle møtet mellom </div>  <div>to fullstendig anonyme, navnløse personer. </div>  <div>Møtet mellom disse to betraktes av en anonym tredje person </div>  <div>som er det berettende jeg. </div>  <div>&#160;</div>  <div>Disse to korte fortellingene rommer mye av essensen </div>  <div>i Duras' forfatterskap. Her er en voldsom sensualitet </div>  <div>i en drømmeaktig atmosfære omgitt av et bølgende landskap. </div>  <div>&#160;</div>  <div>Marguerite Duras (1914-96) er et av de store navn i fransk litteratur i det 20. århundre. </div>  <div>Hun ble av mange regnet som en vanskelig og utilgjengelig forfatter. </div>  <div>Vi tar med boka her fordi denne utgaven har stor skrift.    </div>  ]]></wp:meta_value>
            </wp:postmeta>
            <wp:postmeta>
                <wp:meta_key>_lsb_review</wp:meta_key>
                <wp:meta_value><![CDATA[lsb_acf_review]]></wp:meta_value>
            </wp:postmeta>
            <wp:postmeta>
                <wp:meta_key>lsb_quote</wp:meta_key>
                <wp:meta_value><![CDATA[Slik gjør hun det av og til. Men av og til gjør hun det helt annerledes. Alltid annerledes. Det er slik jeg ser henne. Hun behøver ikke å si noen ting, ikke betrakte noen ting. Der hun sitter, rett foran mannen i den mørke korridoren, er hun innesluttet bak sine egne øyelokk. Gjennom dem skimter hun det disige lyset fra himmelen. Hun vet at han betrakter henne, at han ser alt. Hun vet det, med lukkede øyne, akkurat som jeg vet det, jeg som ser på. Det handler om visshet. ]]></wp:meta_value>
            </wp:postmeta>
            <wp:postmeta>
                <wp:meta_key>_lsb_quote</wp:meta_key>
                <wp:meta_value><![CDATA[lsb_acf_quote]]></wp:meta_value>
            </wp:postmeta>
            <wp:postmeta>
                <wp:meta_key>lsb_supported</wp:meta_key>
                <wp:meta_value><![CDATA[0]]></wp:meta_value>
            </wp:postmeta>
            <wp:postmeta>
                <wp:meta_key>_lsb_supported</wp:meta_key>
                <wp:meta_value><![CDATA[lsb_acf_supported]]></wp:meta_value>
            </wp:postmeta>
            <category domain="lsb_tax_author" nicename="marguerite-duras"><![CDATA[Marguerite Duras]]></category>
            <category domain="lsb_tax_publisher" nicename="solum"><![CDATA[Solum]]></category>
            <category domain="lsb_tax_translator" nicename="kjell-helgheim"><![CDATA[Kjell Helgheim]]></category>
            <wp:postmeta>
                <wp:meta_key>lsb_look_inside</wp:meta_key>
                <wp:meta_value><![CDATA[CUSTOM_BLA_I_BOKA]]></wp:meta_value>
            </wp:postmeta>
            <wp:postmeta>
                <wp:meta_key>_lsb_look_inside</wp:meta_key>
                <wp:meta_value><![CDATA[lsb_acf_look_inside]]></wp:meta_value>
            </wp:postmeta>
            <category domain="lsb_tax_age" nicename="voksne"><![CDATA[voksne]]></category>
            <category domain="lsb_tax_genre" nicename="prosa"><![CDATA[prosa]]></category>
            <category domain="lsb_tax_topic" nicename="kjærlighet"><![CDATA[kjærlighet]]></category>
            <category domain="lsb_tax_language" nicename="no_nb"><![CDATA[bokmål]]></category>
            <category domain="lsb_tax_customization" nicename="storskrift"><![CDATA[storskrift]]></category>
            <wp:postmeta>
                <wp:meta_key>_thumbnail_id</wp:meta_key>
                <wp:meta_value><![CDATA[5370]]></wp:meta_value>
            </wp:postmeta>
        </item>
        <item>
            <title>erotiske fortellinger.jpg</title>
            <wp:post_id>5370</wp:post_id>
            <wp:status>inherit</wp:status>
            <wp:post_type>attachment</wp:post_type>
            <wp:attachment_url>https://raw.githubusercontent.com/lesersokerbok/boksok.no-data-utils/master/output-example/images/088A20FFDD824AC9B05B79ECBF9AA515.jpg</wp:attachment_url>
        </item>
        <item>
            <wp:post_type>lsb_book</wp:post_type>
            <wp:status>publish</wp:status>
            <title>Baobab</title>
            <excerpt:encoded><![CDATA[Baobab er et urgammelt afrikansk tre.  Det er også et viktig ledd i en økologisk kjede der treet er tilholdssted for dyr og fugler.   En fantasirik fortelling som handler om vår tids store problemer.   ]]></excerpt:encoded>
            <wp:postmeta>
                <wp:meta_key>lsb_isbn</wp:meta_key>
                <wp:meta_value><![CDATA[9788299231299]]></wp:meta_value>
            </wp:postmeta>
            <wp:postmeta>
                <wp:meta_key>_lsb_isbn</wp:meta_key>
                <wp:meta_value><![CDATA[lsb_acf_isbn]]></wp:meta_value>
            </wp:postmeta>
            <wp:postmeta>
                <wp:meta_key>lsb_published_year</wp:meta_key>
                <wp:meta_value><![CDATA[2001]]></wp:meta_value>
            </wp:postmeta>
            <wp:postmeta>
                <wp:meta_key>_lsb_published_year</wp:meta_key>
                <wp:meta_value><![CDATA[lsb_acf_published_year]]></wp:meta_value>
            </wp:postmeta>
            <wp:postmeta>
                <wp:meta_key>lsb_pages</wp:meta_key>
                <wp:meta_value><![CDATA[141]]></wp:meta_value>
            </wp:postmeta>
            <wp:postmeta>
                <wp:meta_key>_lsb_pages</wp:meta_key>
                <wp:meta_value><![CDATA[lsb_acf_pages]]></wp:meta_value>
            </wp:postmeta>
            <wp:postmeta>
                <wp:meta_key>lsb_review</wp:meta_key>
                <wp:meta_value><![CDATA[  <div>I Landet Null i hjertet av Afrika, i år to tusen,  </div>  <div>våkner en liten pike opp i et apokalyptisk landskap. </div>  <div>Hun husker ikke hvem hun er eller hva hun heter. </div>  <div>Piken uten navn har kommet til et slags uttørket Eden </div>  <div>der dyrene og plantene er i ferd med å dø av sult og tørke. </div>  <div>Her møter piken også Planterikets elefant. </div>  <div>&#160;</div>  <div>Afrikanske sagn og myter <br />  veves sammen med europeisk tradisjon.  </div>  <div>Boka er en kommentar til klimatrusselen, </div>  <div>&#160;</div>  <div><strong>Baobab</strong> har stor skrift og har en del vanskelige ord. </div>  <div>&#160;</div>  <div>Jan Faye Braadland er født i 1958 og har tidligere skrevet <br />  <strong>Mannen i månen</strong> og <strong>Sinnsykeasylet</strong>. </div>  <div>Dette er hans første roman for yngre lesere.  </div>  ]]></wp:meta_value>
            </wp:postmeta>
            <wp:postmeta>
                <wp:meta_key>_lsb_review</wp:meta_key>
                <wp:meta_value><![CDATA[lsb_acf_review]]></wp:meta_value>
            </wp:postmeta>
            <wp:postmeta>
                <wp:meta_key>lsb_quote</wp:meta_key>
                <wp:meta_value><![CDATA[Treet Baobab var det største og flotteste byggverk hun  noen gang hadde sett, skjønt det var et tre laget av  naturen selv, ikke av mennesker. Og det var et forunderlig  tre med kjempetykk stamme - hun kunne såvidt skimte  sprekken som på morgenkvisten hadde gått til side etter  det tredje "Goranga Baramba".]]></wp:meta_value>
            </wp:postmeta>
            <wp:postmeta>
                <wp:meta_key>_lsb_quote</wp:meta_key>
                <wp:meta_value><![CDATA[lsb_acf_quote]]></wp:meta_value>
            </wp:postmeta>
            <wp:postmeta>
                <wp:meta_key>lsb_supported</wp:meta_key>
                <wp:meta_value><![CDATA[0]]></wp:meta_value>
            </wp:postmeta>
            <wp:postmeta>
                <wp:meta_key>_lsb_supported</wp:meta_key>
                <wp:meta_value><![CDATA[lsb_acf_supported]]></wp:meta_value>
            </wp:postmeta>
            <category domain="lsb_tax_author" nicename="jan-faye-braadland"><![CDATA[Jan Faye Braadland]]></category>
            <category domain="lsb_tax_publisher" nicename="tekstforlaget"><![CDATA[Tekstforlaget]]></category>
            <category domain="lsb_tax_illustrator" nicename="merethe-tingstad"><![CDATA[Merethe Tingstad]]></category>
            <wp:postmeta>
                <wp:meta_key>lsb_look_inside</wp:meta_key>
                <wp:meta_value><![CDATA[CUSTOM_BLA_I_BOKA]]></wp:meta_value>
            </wp:postmeta>
            <wp:postmeta>
                <wp:meta_key>_lsb_look_inside</wp:meta_key>
                <wp:meta_value><![CDATA[lsb_acf_look_inside]]></wp:meta_value>
            </wp:postmeta>
            <category domain="lsb_tax_age" nicename="barn"><![CDATA[barn]]></category>
            <category domain="lsb_tax_age" nicename="ungdom"><![CDATA[ungdom]]></category>
            <category domain="lsb_tax_genre" nicename="prosa"><![CDATA[prosa]]></category>
            <category domain="lsb_tax_topic" nicename="eventyr"><![CDATA[eventyr]]></category>
            <category domain="lsb_tax_language" nicename="no_nb"><![CDATA[bokmål]]></category>
            <category domain="lsb_tax_customization" nicename="storskrift"><![CDATA[storskrift]]></category>
            <wp:postmeta>
                <wp:meta_key>_thumbnail_id</wp:meta_key>
                <wp:meta_value><![CDATA[5371]]></wp:meta_value>
            </wp:postmeta>
        </item>
        <item>
            <title>Baobab.jpg</title>
            <wp:post_id>5371</wp:post_id>
            <wp:status>inherit</wp:status>
            <wp:post_type>attachment</wp:post_type>
            <wp:attachment_url>https://raw.githubusercontent.com/lesersokerbok/boksok.no-data-utils/master/output-example/images/08079C3163D646179A8495D289842924.jpg</wp:attachment_url>
        </item>
        <item>
            <wp:post_type>lsb_book</wp:post_type>
            <wp:status>publish</wp:status>
            <title>1964</title>
            <excerpt:encoded><![CDATA[Ragnar Hovland skriv levande og lett   om ein barndom i 1964. ]]></excerpt:encoded>
            <wp:postmeta>
                <wp:meta_key>lsb_isbn</wp:meta_key>
                <wp:meta_value><![CDATA[9788252169195]]></wp:meta_value>
            </wp:postmeta>
            <wp:postmeta>
                <wp:meta_key>_lsb_isbn</wp:meta_key>
                <wp:meta_value><![CDATA[lsb_acf_isbn]]></wp:meta_value>
            </wp:postmeta>
            <wp:postmeta>
                <wp:meta_key>lsb_published_year</wp:meta_key>
                <wp:meta_value><![CDATA[2006]]></wp:meta_value>
            </wp:postmeta>
            <wp:postmeta>
                <wp:meta_key>_lsb_published_year</wp:meta_key>
                <wp:meta_value><![CDATA[lsb_acf_published_year]]></wp:meta_value>
            </wp:postmeta>
            <wp:postmeta>
                <wp:meta_key>lsb_pages</wp:meta_key>
                <wp:meta_value><![CDATA[220]]></wp:meta_value>
            </wp:postmeta>
            <wp:postmeta>
                <wp:meta_key>_lsb_pages</wp:meta_key>
                <wp:meta_value><![CDATA[lsb_acf_pages]]></wp:meta_value>
            </wp:postmeta>
            <wp:postmeta>
                <wp:meta_key>lsb_review</wp:meta_key>
                <wp:meta_value><![CDATA[  <div><strong>1964</strong> handlar om året 1964, </div>  <div>det året hovudpersonen er 12 år. </div>  <div>Rundt han og i familien skjer det ting </div>  <div>som ikkje er lett å forstå. </div>  <div>Samstundes flyttar ei ny jente til bygda. </div>  <div>Året 1964 blir det lengste i manns minne, </div>  <div>men vil hovudpersonen eigentlig at </div>  <div>det skal ta slutt? </div>  <div>&#160;</div>  <div>Boka har eit ganske lett språk</div>  <div>og korte kapitlar. </div>  <div>Handlinga er lett å følgje med på.  </div>  <div>&#160;</div>  <div><strong>Ragnar Hovland</strong> har gitt ut </div>  <div>meir enn 30 bøker. Mange av bøkene hans </div>  <div>er omsette til andre språk. </div>  <div>Han har fått fleire litterære prisar, </div>  <div>med anna <strong>Brageprisen</strong> og <strong>Kritikarprisen</strong>. </div>  <div>&#160;</div>  ]]></wp:meta_value>
            </wp:postmeta>
            <wp:postmeta>
                <wp:meta_key>_lsb_review</wp:meta_key>
                <wp:meta_value><![CDATA[lsb_acf_review]]></wp:meta_value>
            </wp:postmeta>
            <wp:postmeta>
                <wp:meta_key>lsb_quote</wp:meta_key>
                <wp:meta_value><![CDATA[   - Drit i det, sa søster mi og bles røyk i ansiktet mitt.   - No har eg altså ein plan her.      - Vi diskuterte den litt att og fram mens du var ute og   posta kortet til ho Judith, sa bror min.      - Det er nemleg ein liten risiko, sa søster mi.      - Det er vel alltid ein liten risiko, sa eg.      - Jo, men denne risikoen er litt større enn mange   andre, sa søster mi. ]]></wp:meta_value>
            </wp:postmeta>
            <wp:postmeta>
                <wp:meta_key>_lsb_quote</wp:meta_key>
                <wp:meta_value><![CDATA[lsb_acf_quote]]></wp:meta_value>
            </wp:postmeta>
            <wp:postmeta>
                <wp:meta_key>lsb_supported</wp:meta_key>
                <wp:meta_value><![CDATA[0]]></wp:meta_value>
            </wp:postmeta>
            <wp:postmeta>
                <wp:meta_key>_lsb_supported</wp:meta_key>
                <wp:meta_value><![CDATA[lsb_acf_supported]]></wp:meta_value>
            </wp:postmeta>
            <category domain="lsb_tax_author" nicename="ragnar-hovland"><![CDATA[Ragnar Hovland]]></category>
            <category domain="lsb_tax_publisher" nicename="samlaget"><![CDATA[Samlaget]]></category>
            <wp:postmeta>
                <wp:meta_key>lsb_look_inside</wp:meta_key>
                <wp:meta_value><![CDATA[CUSTOM_BLA_I_BOKA]]></wp:meta_value>
            </wp:postmeta>
            <wp:postmeta>
                <wp:meta_key>_lsb_look_inside</wp:meta_key>
                <wp:meta_value><![CDATA[lsb_acf_look_inside]]></wp:meta_value>
            </wp:postmeta>
            <category domain="lsb_tax_age" nicename="voksne"><![CDATA[voksne]]></category>
            <category domain="lsb_tax_genre" nicename="prosa"><![CDATA[prosa]]></category>
            <category domain="lsb_tax_language" nicename="no_nn"><![CDATA[nynorsk]]></category>
            <category domain="lsb_tax_customization" nicename="skjønnlitteratur"><![CDATA[skjønnlitteratur]]></category>
            <wp:postmeta>
                <wp:meta_key>_thumbnail_id</wp:meta_key>
                <wp:meta_value><![CDATA[5372]]></wp:meta_value>
            </wp:postmeta>
        </item>
        <item>
            <title>1964.jpg</title>
            <wp:post_id>5372</wp:post_id>
            <wp:status>inherit</wp:status>
            <wp:post_type>attachment</wp:post_type>
            <wp:attachment_url>https://raw.githubusercontent.com/lesersokerbok/boksok.no-data-utils/master/output-example/images/381D9222E0FC4AF8B20EB9C4272E6783.jpg</wp:attachment_url>
        </item>
        <item>
            <wp:post_type>lsb_book</wp:post_type>
            <wp:status>publish</wp:status>
            <title>Aleksanders dagbok </title>
            <excerpt:encoded><![CDATA[Aleksander har Tourettes Syndrom.   I dagboken sin skriver han om   både oppturer og nedturer. ]]></excerpt:encoded>
            <wp:postmeta>
                <wp:meta_key>lsb_isbn</wp:meta_key>
                <wp:meta_value/>
            </wp:postmeta>
            <wp:postmeta>
                <wp:meta_key>_lsb_isbn</wp:meta_key>
                <wp:meta_value><![CDATA[lsb_acf_isbn]]></wp:meta_value>
            </wp:postmeta>
            <wp:postmeta>
                <wp:meta_key>lsb_published_year</wp:meta_key>
                <wp:meta_value><![CDATA[2005]]></wp:meta_value>
            </wp:postmeta>
            <wp:postmeta>
                <wp:meta_key>_lsb_published_year</wp:meta_key>
                <wp:meta_value><![CDATA[lsb_acf_published_year]]></wp:meta_value>
            </wp:postmeta>
            <wp:postmeta>
                <wp:meta_key>lsb_pages</wp:meta_key>
                <wp:meta_value><![CDATA[30]]></wp:meta_value>
            </wp:postmeta>
            <wp:postmeta>
                <wp:meta_key>_lsb_pages</wp:meta_key>
                <wp:meta_value><![CDATA[lsb_acf_pages]]></wp:meta_value>
            </wp:postmeta>
            <wp:postmeta>
                <wp:meta_key>lsb_review</wp:meta_key>
                <wp:meta_value><![CDATA[  <div>Aleksander er 10 år. <br />  Til bursdagen sin får han en dagbok. <br />  Aleksander skriver om livet sitt. <br />  Først skriver han om alle de bra tingene.  <br />  Hva han liker og hva han er flink til. <br />  Så skriver han om det som ikke er så lett: <br />  Å leve med <strong>Tourettes Syndrom</strong>. </div>  <div>&#160;</div>  <div><strong>Aleksanders dagbok</strong> er </div>  <div>en enkel og fin fortelling om </div>  <div>hva det kan si å ha Tourettes Syndrom. </div>  <div>  <div>Boka har fargerike tegninger. <br />  Fonten er desverre vanskelig å lese.  <br />  Boka gir god informasjon om <br />  å være et barn med Tourettes Syndrom.</div>  <div>Den passer både til barn som har </div>  <div>Tourettes Syndrom selv, eller som kjenner </div>  <div>noen som har det. </div>  <div>Boka passer godt som utgangspunkt for </div>  <div>samtale og diskusjon. </div>  <div>&#160;</div>  <div><strong>Johanne Emile Andersen</strong> har </div>  <div>skrevet teksten og tegnet illustrasjonene. </div></div>  <div>&#160;</div>  <div><strong>Jorunn M. Bakke</strong>, leder i Norsk Tourette Forening,  </div>  <div>har skrevet et etterord om Tourettes Syndrom. </div>  <div>Etterordet er skrevet med et enkelt og lett språk. </div>  <div>&#160;</div>  <div>Boka er gitt ut med støtte fra <strong>Helse og Rehabilitering</strong>. </div>  <div>Den kan kjøpes via <strong>Norsk Tourette Forening</strong>. </div>  ]]></wp:meta_value>
            </wp:postmeta>
            <wp:postmeta>
                <wp:meta_key>_lsb_review</wp:meta_key>
                <wp:meta_value><![CDATA[lsb_acf_review]]></wp:meta_value>
            </wp:postmeta>
            <wp:postmeta>
                <wp:meta_key>lsb_quote</wp:meta_key>
                <wp:meta_value><![CDATA[Kjære dagbok. Jeg må være ærlig.   Jeg er ikke så fornøyd og glad   som jeg later som. Jeg har et   problem, et stort problem:   Tourettes Syndrom. ]]></wp:meta_value>
            </wp:postmeta>
            <wp:postmeta>
                <wp:meta_key>_lsb_quote</wp:meta_key>
                <wp:meta_value><![CDATA[lsb_acf_quote]]></wp:meta_value>
            </wp:postmeta>
            <wp:postmeta>
                <wp:meta_key>lsb_supported</wp:meta_key>
                <wp:meta_value><![CDATA[0]]></wp:meta_value>
            </wp:postmeta>
            <wp:postmeta>
                <wp:meta_key>_lsb_supported</wp:meta_key>
                <wp:meta_value><![CDATA[lsb_acf_supported]]></wp:meta_value>
            </wp:postmeta>
            <category domain="lsb_tax_author" nicename="johanne-emilie-andersen"><![CDATA[Johanne Emilie Andersen]]></category>
            <category domain="lsb_tax_publisher" nicename="norsk-tourette-forening"><![CDATA[Norsk Tourette Forening]]></category>
            <category domain="lsb_tax_illustrator" nicename="johanne-emilie-andersen"><![CDATA[Johanne Emilie Andersen]]></category>
            <wp:postmeta>
                <wp:meta_key>lsb_look_inside</wp:meta_key>
                <wp:meta_value><![CDATA[CUSTOM_BLA_I_BOKA]]></wp:meta_value>
            </wp:postmeta>
            <wp:postmeta>
                <wp:meta_key>_lsb_look_inside</wp:meta_key>
                <wp:meta_value><![CDATA[lsb_acf_look_inside]]></wp:meta_value>
            </wp:postmeta>
            <category domain="lsb_tax_age" nicename="barn"><![CDATA[barn]]></category>
            <category domain="lsb_tax_age" nicename="ungdom"><![CDATA[ungdom]]></category>
            <category domain="lsb_tax_language" nicename="no_nb"><![CDATA[bokmål]]></category>
            <category domain="lsb_tax_customization" nicename="faglitteratur"><![CDATA[faglitteratur]]></category>
            <category domain="lsb_tax_customization" nicename="mange-bilder"><![CDATA[mange bilder]]></category>
            <wp:postmeta>
                <wp:meta_key>_thumbnail_id</wp:meta_key>
                <wp:meta_value><![CDATA[5373]]></wp:meta_value>
            </wp:postmeta>
        </item>
        <item>
            <title>Aleksanders dagbok.jpg</title>
            <wp:post_id>5373</wp:post_id>
            <wp:status>inherit</wp:status>
            <wp:post_type>attachment</wp:post_type>
            <wp:attachment_url>https://raw.githubusercontent.com/lesersokerbok/boksok.no-data-utils/master/output-example/images/840D1FC31F854C57A59FCDD6713B4956.jpg</wp:attachment_url>
        </item>
        <item>
            <wp:post_type>lsb_book</wp:post_type>
            <wp:status>publish</wp:status>
            <title>Det andre blikket </title>
            <excerpt:encoded><![CDATA[Det andre blikket er ei diktsamling   om møtet mellom   ei datter og ei dement mor. ]]></excerpt:encoded>
            <wp:postmeta>
                <wp:meta_key>lsb_isbn</wp:meta_key>
                <wp:meta_value><![CDATA[9788202261436]]></wp:meta_value>
            </wp:postmeta>
            <wp:postmeta>
                <wp:meta_key>_lsb_isbn</wp:meta_key>
                <wp:meta_value><![CDATA[lsb_acf_isbn]]></wp:meta_value>
            </wp:postmeta>
            <wp:postmeta>
                <wp:meta_key>lsb_published_year</wp:meta_key>
                <wp:meta_value><![CDATA[2006]]></wp:meta_value>
            </wp:postmeta>
            <wp:postmeta>
                <wp:meta_key>_lsb_published_year</wp:meta_key>
                <wp:meta_value><![CDATA[lsb_acf_published_year]]></wp:meta_value>
            </wp:postmeta>
            <wp:postmeta>
                <wp:meta_key>lsb_pages</wp:meta_key>
                <wp:meta_value><![CDATA[69]]></wp:meta_value>
            </wp:postmeta>
            <wp:postmeta>
                <wp:meta_key>_lsb_pages</wp:meta_key>
                <wp:meta_value><![CDATA[lsb_acf_pages]]></wp:meta_value>
            </wp:postmeta>
            <wp:postmeta>
                <wp:meta_key>lsb_review</wp:meta_key>
                <wp:meta_value><![CDATA[  <div>Når mor er dement må mor og datter</div>  <div>forsøke å møtes på nytt. </div>  <div>Datteren finn nye veger til mor </div>  <div>ved å bruke </div>  <div>det andre blikket. </div>  <div>&#160;</div>  <div>Diktsamlinga har eit enkelt språk. </div>  <div>Det er lett å forstå situasjonen </div>  <div>sjølv om situasjonen er vanskeleg. </div>  <div>Dikta har stor font, </div>  <div>og det er mykje luft mellom linjene. </div>  <div>&#160;</div>  <div><strong>Odveig Klyve</strong> har skrive både bøker </div>  <div>og dikt. For Leser søker bok har ho </div>  <div>skrive boka <strong>Glad i deg</strong> </div>  <div>som blant anna passar for demente. </div>  <div>&#160;</div>  <div><strong>Det andre blikket</strong> fins også som CD. </div>  <div><strong>Odveig Klyve</strong> les sjølv dikta </div>  <div>medan <span class="style_10"><strong>Stig Roar Wigestrand</strong> spelar fiolin. <span class="style_10">&#160;</span> </span></div>  ]]></wp:meta_value>
            </wp:postmeta>
            <wp:postmeta>
                <wp:meta_key>_lsb_review</wp:meta_key>
                <wp:meta_value><![CDATA[lsb_acf_review]]></wp:meta_value>
            </wp:postmeta>
            <wp:postmeta>
                <wp:meta_key>lsb_quote</wp:meta_key>
                <wp:meta_value><![CDATA[Du ser på meg  held meg fastare i handa   Det var godt at du kom   seier du   Eg har venta på deg   lenge har eg venta på deg kviskrar du   med ditt nye fingerspråk ]]></wp:meta_value>
            </wp:postmeta>
            <wp:postmeta>
                <wp:meta_key>_lsb_quote</wp:meta_key>
                <wp:meta_value><![CDATA[lsb_acf_quote]]></wp:meta_value>
            </wp:postmeta>
            <wp:postmeta>
                <wp:meta_key>lsb_supported</wp:meta_key>
                <wp:meta_value><![CDATA[0]]></wp:meta_value>
            </wp:postmeta>
            <wp:postmeta>
                <wp:meta_key>_lsb_supported</wp:meta_key>
                <wp:meta_value><![CDATA[lsb_acf_supported]]></wp:meta_value>
            </wp:postmeta>
            <category domain="lsb_tax_author" nicename="odveig-klyve"><![CDATA[Odveig Klyve]]></category>
            <category domain="lsb_tax_publisher" nicename="cappelen"><![CDATA[Cappelen]]></category>
            <wp:postmeta>
                <wp:meta_key>lsb_look_inside</wp:meta_key>
                <wp:meta_value><![CDATA[CUSTOM_BLA_I_BOKA]]></wp:meta_value>
            </wp:postmeta>
            <wp:postmeta>
                <wp:meta_key>_lsb_look_inside</wp:meta_key>
                <wp:meta_value><![CDATA[lsb_acf_look_inside]]></wp:meta_value>
            </wp:postmeta>
            <category domain="lsb_tax_age" nicename="voksne"><![CDATA[voksne]]></category>
            <category domain="lsb_tax_genre" nicename="dikt"><![CDATA[dikt]]></category>
            <category domain="lsb_tax_topic" nicename="mennesker-i-mellom"><![CDATA[mennesker i mellom]]></category>
            <category domain="lsb_tax_language" nicename="no_nn"><![CDATA[nynorsk]]></category>
            <category domain="lsb_tax_customization" nicename="skjønnlitteratur"><![CDATA[skjønnlitteratur]]></category>
            <wp:postmeta>
                <wp:meta_key>_thumbnail_id</wp:meta_key>
                <wp:meta_value><![CDATA[5374]]></wp:meta_value>
            </wp:postmeta>
        </item>
        <item>
            <title>det andre blikket.jpg</title>
            <wp:post_id>5374</wp:post_id>
            <wp:status>inherit</wp:status>
            <wp:post_type>attachment</wp:post_type>
            <wp:attachment_url>https://raw.githubusercontent.com/lesersokerbok/boksok.no-data-utils/master/output-example/images/8D80AADAAEE54D9DBAA604E3D8C4CC24.jpg</wp:attachment_url>
        </item>
        <item>
            <wp:post_type>lsb_book</wp:post_type>
            <wp:status>publish</wp:status>
            <title>Alfred &amp; Samuel</title>
            <excerpt:encoded><![CDATA[Boka om bjørnen Alfred og   hunden Samuel er en følebok i tøy. ]]></excerpt:encoded>
            <wp:postmeta>
                <wp:meta_key>lsb_isbn</wp:meta_key>
                <wp:meta_value><![CDATA[8291874026]]></wp:meta_value>
            </wp:postmeta>
            <wp:postmeta>
                <wp:meta_key>_lsb_isbn</wp:meta_key>
                <wp:meta_value><![CDATA[lsb_acf_isbn]]></wp:meta_value>
            </wp:postmeta>
            <wp:postmeta>
                <wp:meta_key>lsb_published_year</wp:meta_key>
                <wp:meta_value><![CDATA[2000]]></wp:meta_value>
            </wp:postmeta>
            <wp:postmeta>
                <wp:meta_key>_lsb_published_year</wp:meta_key>
                <wp:meta_value><![CDATA[lsb_acf_published_year]]></wp:meta_value>
            </wp:postmeta>
            <wp:postmeta>
                <wp:meta_key>lsb_pages</wp:meta_key>
                <wp:meta_value><![CDATA[10]]></wp:meta_value>
            </wp:postmeta>
            <wp:postmeta>
                <wp:meta_key>_lsb_pages</wp:meta_key>
                <wp:meta_value><![CDATA[lsb_acf_pages]]></wp:meta_value>
            </wp:postmeta>
            <wp:postmeta>
                <wp:meta_key>lsb_review</wp:meta_key>
                <wp:meta_value><![CDATA[  <div>Bjørnen Alfred og hunden Samuel </div>  <div>ligger i en pappkartong på loftet. </div>  <div>For lenge siden var det en gutt </div>  <div>som lekte med dem, nå er det ingen. </div>  <div>Alfred og Samuel bestemmer seg for </div>  <div>å forlate pappkartongen og dra ut i verden. </div>  <div>&#160;</div>  <div><strong>Alfred &amp; Samuel</strong> er en følebok i tøy </div>  <div>med dokker. Tøyboka har påsydde bilder </div>  <div>til å føle på. Dukkene ligger løst ved </div>  <div>og kan bli med fra side til side. </div>  <div>Sammen med boka følger det med </div>  <div>et tekstark der historien fortelles. </div>  <div>Tekstarket er skrevet både på bokmål og nynorsk. </div>  <div>Det går også an å bestille teksten på </div>  <div>engelsk, nordsamisk og svensk. </div>  <div>Teksten er skrevet av <strong>Ragnar Hovland</strong>. </div>  <div>&#160;</div>  <div>Boka er ikke i salg i bokhandelen, men kan </div>  <div>kjøpes gjennom Sissel Hofgaard Swensen</div>  <div>ved å sende en mail til <a href="mailto:sisselhs@online.no">sisselhs@online.no</a></div>  ]]></wp:meta_value>
            </wp:postmeta>
            <wp:postmeta>
                <wp:meta_key>_lsb_review</wp:meta_key>
                <wp:meta_value><![CDATA[lsb_acf_review]]></wp:meta_value>
            </wp:postmeta>
            <wp:postmeta>
                <wp:meta_key>lsb_quote</wp:meta_key>
                <wp:meta_value><![CDATA[Dei går vidare. Om kvelden kjem dei til ei løe. Der vil dei sove om natta. Men då dei opnar døra står det ein stor katt der! / De går videre. Om kvelden kommer de frem til en løe. Der vil de sove om natten. Men da de åpner døra, står det en stor katt der! ]]></wp:meta_value>
            </wp:postmeta>
            <wp:postmeta>
                <wp:meta_key>_lsb_quote</wp:meta_key>
                <wp:meta_value><![CDATA[lsb_acf_quote]]></wp:meta_value>
            </wp:postmeta>
            <wp:postmeta>
                <wp:meta_key>lsb_supported</wp:meta_key>
                <wp:meta_value><![CDATA[0]]></wp:meta_value>
            </wp:postmeta>
            <wp:postmeta>
                <wp:meta_key>_lsb_supported</wp:meta_key>
                <wp:meta_value><![CDATA[lsb_acf_supported]]></wp:meta_value>
            </wp:postmeta>
            <category domain="lsb_tax_author" nicename="ragnar-hovland"><![CDATA[Ragnar Hovland]]></category>
            <category domain="lsb_tax_publisher" nicename="books-for-every-body"><![CDATA[Books for every Body]]></category>
            <wp:postmeta>
                <wp:meta_key>lsb_look_inside</wp:meta_key>
                <wp:meta_value><![CDATA[CUSTOM_BLA_I_BOKA]]></wp:meta_value>
            </wp:postmeta>
            <wp:postmeta>
                <wp:meta_key>_lsb_look_inside</wp:meta_key>
                <wp:meta_value><![CDATA[lsb_acf_look_inside]]></wp:meta_value>
            </wp:postmeta>
            <category domain="lsb_tax_age" nicename="barn"><![CDATA[barn]]></category>
            <category domain="lsb_tax_genre" nicename="prosa"><![CDATA[prosa]]></category>
            <category domain="lsb_tax_language" nicename="no_nn"><![CDATA[nynorsk]]></category>
            <category domain="lsb_tax_language" nicename="no_nb"><![CDATA[bokmål]]></category>
            <category domain="lsb_tax_customization" nicename="punktskrift"><![CDATA[punktskrift]]></category>
            <category domain="lsb_tax_customization" nicename="følebilder"><![CDATA[følebilder]]></category>
            <category domain="lsb_tax_customization" nicename="mange-bilder"><![CDATA[mange bilder]]></category>
        </item>
        <item>
            <wp:post_type>lsb_book</wp:post_type>
            <wp:status>publish</wp:status>
            <title>Siri og lammet</title>
            <excerpt:encoded><![CDATA[Siri og lammet er ei bok   med punktskrift og følebilete. ]]></excerpt:encoded>
            <wp:postmeta>
                <wp:meta_key>lsb_isbn</wp:meta_key>
                <wp:meta_value><![CDATA[8256010460]]></wp:meta_value>
            </wp:postmeta>
            <wp:postmeta>
                <wp:meta_key>_lsb_isbn</wp:meta_key>
                <wp:meta_value><![CDATA[lsb_acf_isbn]]></wp:meta_value>
            </wp:postmeta>
            <wp:postmeta>
                <wp:meta_key>lsb_published_year</wp:meta_key>
                <wp:meta_value><![CDATA[1998]]></wp:meta_value>
            </wp:postmeta>
            <wp:postmeta>
                <wp:meta_key>_lsb_published_year</wp:meta_key>
                <wp:meta_value><![CDATA[lsb_acf_published_year]]></wp:meta_value>
            </wp:postmeta>
            <wp:postmeta>
                <wp:meta_key>lsb_pages</wp:meta_key>
                <wp:meta_value><![CDATA[9]]></wp:meta_value>
            </wp:postmeta>
            <wp:postmeta>
                <wp:meta_key>_lsb_pages</wp:meta_key>
                <wp:meta_value><![CDATA[lsb_acf_pages]]></wp:meta_value>
            </wp:postmeta>
            <wp:postmeta>
                <wp:meta_key>lsb_review</wp:meta_key>
                <wp:meta_value><![CDATA[  <div>Siri bur på ein gard <br />  saman med mor, far og bestemor. <br />  Ein vårdag byrjar lamminga. <br />  Den eine sauen etter den andre får lam. <br />  Lamma syg mjølk av mora, men <br />  eit lite lam kjem ikkje til. </div>  <div>&#160;</div>  <p><strong>Siri og lammet</strong> er ei bok <br />  med bilete til å kjenne på. <br />  Du kan klappe på pelsen til sauen og lamma. <br />  Kvar side har eit lite dikt. <br />  Forteljinga er skrive med stor skrift<br />  og med punktskrift. <br />   <br />  <strong>Anette Diesen</strong> har laga mange bøker <br />  med bilete du kan kjenne på, <br />  og skrift du kan lese med fingrane. </p>  ]]></wp:meta_value>
            </wp:postmeta>
            <wp:postmeta>
                <wp:meta_key>_lsb_review</wp:meta_key>
                <wp:meta_value><![CDATA[lsb_acf_review]]></wp:meta_value>
            </wp:postmeta>
            <wp:postmeta>
                <wp:meta_key>lsb_quote</wp:meta_key>
                <wp:meta_value><![CDATA[Siri skundar seg inn til bestemor.  "Det minste lammet får ikkje suge mjølk,"   seier ho fortvila.  "Dei to største er så grådige.  Dei drikk alt som er!"]]></wp:meta_value>
            </wp:postmeta>
            <wp:postmeta>
                <wp:meta_key>_lsb_quote</wp:meta_key>
                <wp:meta_value><![CDATA[lsb_acf_quote]]></wp:meta_value>
            </wp:postmeta>
            <wp:postmeta>
                <wp:meta_key>lsb_supported</wp:meta_key>
                <wp:meta_value><![CDATA[0]]></wp:meta_value>
            </wp:postmeta>
            <wp:postmeta>
                <wp:meta_key>_lsb_supported</wp:meta_key>
                <wp:meta_value><![CDATA[lsb_acf_supported]]></wp:meta_value>
            </wp:postmeta>
            <category domain="lsb_tax_author" nicename="anette-diesen"><![CDATA[Anette Diesen]]></category>
            <category domain="lsb_tax_publisher" nicename="solum-"><![CDATA[Solum ]]></category>
            <category domain="lsb_tax_illustrator" nicename="anette-diesen"><![CDATA[Anette Diesen]]></category>
            <wp:postmeta>
                <wp:meta_key>lsb_look_inside</wp:meta_key>
                <wp:meta_value><![CDATA[CUSTOM_BLA_I_BOKA]]></wp:meta_value>
            </wp:postmeta>
            <wp:postmeta>
                <wp:meta_key>_lsb_look_inside</wp:meta_key>
                <wp:meta_value><![CDATA[lsb_acf_look_inside]]></wp:meta_value>
            </wp:postmeta>
            <category domain="lsb_tax_age" nicename="barn"><![CDATA[barn]]></category>
            <category domain="lsb_tax_genre" nicename="prosa"><![CDATA[prosa]]></category>
            <category domain="lsb_tax_topic" nicename="natur"><![CDATA[natur]]></category>
            <category domain="lsb_tax_language" nicename="no_nn"><![CDATA[nynorsk]]></category>
            <category domain="lsb_tax_customization" nicename="punktskrift"><![CDATA[punktskrift]]></category>
            <category domain="lsb_tax_customization" nicename="følebilder"><![CDATA[følebilder]]></category>
            <wp:postmeta>
                <wp:meta_key>_thumbnail_id</wp:meta_key>
                <wp:meta_value><![CDATA[5376]]></wp:meta_value>
            </wp:postmeta>
        </item>
        <item>
            <title>Siri-og-lammet2.jpg</title>
            <wp:post_id>5376</wp:post_id>
            <wp:status>inherit</wp:status>
            <wp:post_type>attachment</wp:post_type>
            <wp:attachment_url>https://raw.githubusercontent.com/lesersokerbok/boksok.no-data-utils/master/output-example/images/172DDC4AD8B54A7CA7750ABBC551284E.jpg</wp:attachment_url>
        </item>
        <item>
            <wp:post_type>lsb_book</wp:post_type>
            <wp:status>publish</wp:status>
            <title>Presangen</title>
            <excerpt:encoded><![CDATA[Presangen er en følebok   om en muldvarp som er blind. ]]></excerpt:encoded>
            <wp:postmeta>
                <wp:meta_key>lsb_isbn</wp:meta_key>
                <wp:meta_value><![CDATA[8256009543]]></wp:meta_value>
            </wp:postmeta>
            <wp:postmeta>
                <wp:meta_key>_lsb_isbn</wp:meta_key>
                <wp:meta_value><![CDATA[lsb_acf_isbn]]></wp:meta_value>
            </wp:postmeta>
            <wp:postmeta>
                <wp:meta_key>lsb_published_year</wp:meta_key>
                <wp:meta_value><![CDATA[1995]]></wp:meta_value>
            </wp:postmeta>
            <wp:postmeta>
                <wp:meta_key>_lsb_published_year</wp:meta_key>
                <wp:meta_value><![CDATA[lsb_acf_published_year]]></wp:meta_value>
            </wp:postmeta>
            <wp:postmeta>
                <wp:meta_key>lsb_pages</wp:meta_key>
                <wp:meta_value><![CDATA[16]]></wp:meta_value>
            </wp:postmeta>
            <wp:postmeta>
                <wp:meta_key>_lsb_pages</wp:meta_key>
                <wp:meta_value><![CDATA[lsb_acf_pages]]></wp:meta_value>
            </wp:postmeta>
            <wp:postmeta>
                <wp:meta_key>lsb_review</wp:meta_key>
                <wp:meta_value><![CDATA[  <div>Moldvarpen har fødselsdag,<br />  og dyrene i skogen <br />  vil spleise på en presang til ham.<br />  Ingen av idéene til presang passer,<br />  fordi det er ting som bare seende <br />  har glede av, og moldvarpen er jo blind.<br />  Men han får noe han ønsker seg til slutt.</div>  <div>&#160;</div>  <div><strong>Presangen</strong> er en følebok som </div>  <div>passer både for synshemmede og seende.<br />  Boka har enkelt innhold, storskrift og til slutt: <br />  den spennende presangen!</div>  <div>&#160;</div>  <div><strong>Anette Diesen</strong> er en pioner<br />  i arbeidet med følebøker i Norge. </div>  <div>Hun har laget mange følebøker for barn. <br />  </div>  ]]></wp:meta_value>
            </wp:postmeta>
            <wp:postmeta>
                <wp:meta_key>_lsb_review</wp:meta_key>
                <wp:meta_value><![CDATA[lsb_acf_review]]></wp:meta_value>
            </wp:postmeta>
            <wp:postmeta>
                <wp:meta_key>lsb_quote</wp:meta_key>
                <wp:meta_value><![CDATA[DU FÅR GÅ OG KJØPE GAVEN,   SA DEN KLOKE UGLA TIL MUSA.  "DET ER JO DU SOM VET BEST   HVA MOLDVARPEN ØNSKER SEG."  OG MUSA GIKK I BUTIKKEN. ]]></wp:meta_value>
            </wp:postmeta>
            <wp:postmeta>
                <wp:meta_key>_lsb_quote</wp:meta_key>
                <wp:meta_value><![CDATA[lsb_acf_quote]]></wp:meta_value>
            </wp:postmeta>
            <wp:postmeta>
                <wp:meta_key>lsb_supported</wp:meta_key>
                <wp:meta_value><![CDATA[0]]></wp:meta_value>
            </wp:postmeta>
            <wp:postmeta>
                <wp:meta_key>_lsb_supported</wp:meta_key>
                <wp:meta_value><![CDATA[lsb_acf_supported]]></wp:meta_value>
            </wp:postmeta>
            <category domain="lsb_tax_author" nicename="anette-diesen"><![CDATA[Anette Diesen]]></category>
            <category domain="lsb_tax_publisher" nicename="solum"><![CDATA[Solum]]></category>
            <category domain="lsb_tax_illustrator" nicename="anette-diesen"><![CDATA[Anette Diesen]]></category>
            <wp:postmeta>
                <wp:meta_key>lsb_look_inside</wp:meta_key>
                <wp:meta_value><![CDATA[CUSTOM_BLA_I_BOKA]]></wp:meta_value>
            </wp:postmeta>
            <wp:postmeta>
                <wp:meta_key>_lsb_look_inside</wp:meta_key>
                <wp:meta_value><![CDATA[lsb_acf_look_inside]]></wp:meta_value>
            </wp:postmeta>
            <category domain="lsb_tax_age" nicename="barn"><![CDATA[barn]]></category>
            <category domain="lsb_tax_genre" nicename="prosa"><![CDATA[prosa]]></category>
            <category domain="lsb_tax_language" nicename="no_nb"><![CDATA[bokmål]]></category>
            <category domain="lsb_tax_customization" nicename="punktskrift"><![CDATA[punktskrift]]></category>
            <category domain="lsb_tax_customization" nicename="følebilder"><![CDATA[følebilder]]></category>
            <category domain="lsb_tax_customization" nicename="mange-bilder"><![CDATA[mange bilder]]></category>
            <wp:postmeta>
                <wp:meta_key>_thumbnail_id</wp:meta_key>
                <wp:meta_value><![CDATA[5377]]></wp:meta_value>
            </wp:postmeta>
        </item>
        <item>
            <title>Presenagen 1.jpg</title>
            <wp:post_id>5377</wp:post_id>
            <wp:status>inherit</wp:status>
            <wp:post_type>attachment</wp:post_type>
            <wp:attachment_url>https://raw.githubusercontent.com/lesersokerbok/boksok.no-data-utils/master/output-example/images/8B55BC3AB01A4B398BF34DD01118EA9E.jpg</wp:attachment_url>
        </item>
        <item>
            <wp:post_type>lsb_book</wp:post_type>
            <wp:status>publish</wp:status>
            <title>Perlen</title>
            <excerpt:encoded><![CDATA[Den gamle krabben vil så gjerne se   perlen før han dør. ]]></excerpt:encoded>
            <wp:postmeta>
                <wp:meta_key>lsb_isbn</wp:meta_key>
                <wp:meta_value><![CDATA[8256007877]]></wp:meta_value>
            </wp:postmeta>
            <wp:postmeta>
                <wp:meta_key>_lsb_isbn</wp:meta_key>
                <wp:meta_value><![CDATA[lsb_acf_isbn]]></wp:meta_value>
            </wp:postmeta>
            <wp:postmeta>
                <wp:meta_key>lsb_published_year</wp:meta_key>
                <wp:meta_value><![CDATA[1992]]></wp:meta_value>
            </wp:postmeta>
            <wp:postmeta>
                <wp:meta_key>_lsb_published_year</wp:meta_key>
                <wp:meta_value><![CDATA[lsb_acf_published_year]]></wp:meta_value>
            </wp:postmeta>
            <wp:postmeta>
                <wp:meta_key>lsb_pages</wp:meta_key>
                <wp:meta_value><![CDATA[10]]></wp:meta_value>
            </wp:postmeta>
            <wp:postmeta>
                <wp:meta_key>_lsb_pages</wp:meta_key>
                <wp:meta_value><![CDATA[lsb_acf_pages]]></wp:meta_value>
            </wp:postmeta>
            <wp:postmeta>
                <wp:meta_key>lsb_review</wp:meta_key>
                <wp:meta_value><![CDATA[  <div>Han krabber fra skjell til skjell. <br />  Noen skjell mobber ham, </div>  <div>mens andre heldigvis hjelper ham. </div>  <div>Tror du den gamle krabben </div>  <div>finner perlen til slutt? </div>  <div>&#160;</div>  <div><strong>Perlen</strong> er en følebok <br />  med både punktskrift og storskrift. <br />  Boka kommer i en eske. <br />  Inni esken er det ekte skjell <br />  som du kan kjenne på. </div>  <div>&#160;</div>  <p><strong>Anette Diesen</strong> har laget <br />  mange flotte følebøker. <br />  </p>  ]]></wp:meta_value>
            </wp:postmeta>
            <wp:postmeta>
                <wp:meta_key>_lsb_review</wp:meta_key>
                <wp:meta_value><![CDATA[lsb_acf_review]]></wp:meta_value>
            </wp:postmeta>
            <wp:postmeta>
                <wp:meta_key>lsb_quote</wp:meta_key>
                <wp:meta_value><![CDATA[Ungene til porselens-sneglen lekte like ved.     Krabben tok mot til seg og spurte:   "Har dere sett perlen?"     "Nei," svarte porselensbarna, "men vi har hørt om den.  Havet forteller eventyr om perlen,   og bølgene hvisker om hvor vakker den er." ]]></wp:meta_value>
            </wp:postmeta>
            <wp:postmeta>
                <wp:meta_key>_lsb_quote</wp:meta_key>
                <wp:meta_value><![CDATA[lsb_acf_quote]]></wp:meta_value>
            </wp:postmeta>
            <wp:postmeta>
                <wp:meta_key>lsb_supported</wp:meta_key>
                <wp:meta_value><![CDATA[0]]></wp:meta_value>
            </wp:postmeta>
            <wp:postmeta>
                <wp:meta_key>_lsb_supported</wp:meta_key>
                <wp:meta_value><![CDATA[lsb_acf_supported]]></wp:meta_value>
            </wp:postmeta>
            <category domain="lsb_tax_author" nicename="anette-diesen"><![CDATA[Anette Diesen]]></category>
            <category domain="lsb_tax_publisher" nicename="solum"><![CDATA[Solum]]></category>
            <category domain="lsb_tax_illustrator" nicename="anette-diesen"><![CDATA[Anette Diesen]]></category>
            <wp:postmeta>
                <wp:meta_key>lsb_look_inside</wp:meta_key>
                <wp:meta_value><![CDATA[CUSTOM_BLA_I_BOKA]]></wp:meta_value>
            </wp:postmeta>
            <wp:postmeta>
                <wp:meta_key>_lsb_look_inside</wp:meta_key>
                <wp:meta_value><![CDATA[lsb_acf_look_inside]]></wp:meta_value>
            </wp:postmeta>
            <category domain="lsb_tax_age" nicename="barn"><![CDATA[barn]]></category>
            <category domain="lsb_tax_genre" nicename="prosa"><![CDATA[prosa]]></category>
            <category domain="lsb_tax_topic" nicename="natur"><![CDATA[natur]]></category>
            <category domain="lsb_tax_language" nicename="no_nb"><![CDATA[bokmål]]></category>
            <category domain="lsb_tax_customization" nicename="punktskrift"><![CDATA[punktskrift]]></category>
            <category domain="lsb_tax_customization" nicename="følebilder"><![CDATA[følebilder]]></category>
            <category domain="lsb_tax_customization" nicename="mange-bilder"><![CDATA[mange bilder]]></category>
        </item>
        <item>
            <wp:post_type>lsb_book</wp:post_type>
            <wp:status>publish</wp:status>
            <title>Det var engang</title>
            <excerpt:encoded><![CDATA[Eventyret om de tre bukkene Bruse   har fått en ny, original vri   i denne føleboka for barn. ]]></excerpt:encoded>
            <wp:postmeta>
                <wp:meta_key>lsb_isbn</wp:meta_key>
                <wp:meta_value><![CDATA[8256006749]]></wp:meta_value>
            </wp:postmeta>
            <wp:postmeta>
                <wp:meta_key>_lsb_isbn</wp:meta_key>
                <wp:meta_value><![CDATA[lsb_acf_isbn]]></wp:meta_value>
            </wp:postmeta>
            <wp:postmeta>
                <wp:meta_key>lsb_published_year</wp:meta_key>
                <wp:meta_value><![CDATA[1990]]></wp:meta_value>
            </wp:postmeta>
            <wp:postmeta>
                <wp:meta_key>_lsb_published_year</wp:meta_key>
                <wp:meta_value><![CDATA[lsb_acf_published_year]]></wp:meta_value>
            </wp:postmeta>
            <wp:postmeta>
                <wp:meta_key>lsb_pages</wp:meta_key>
                <wp:meta_value><![CDATA[14]]></wp:meta_value>
            </wp:postmeta>
            <wp:postmeta>
                <wp:meta_key>_lsb_pages</wp:meta_key>
                <wp:meta_value><![CDATA[lsb_acf_pages]]></wp:meta_value>
            </wp:postmeta>
            <wp:postmeta>
                <wp:meta_key>lsb_review</wp:meta_key>
                <wp:meta_value><![CDATA[  <div>Det var en gang tre mynter<br />  som skulle til banken å bli mange, <br />  men de møter mange utfordringer på veien, </div>  <div>blant annet en tyggegummiautomat.  </div>  <div><br />  Det var en gang er en følebok. </div>  <div>Den som leser kan kjenne på bildene </div>  <div>med fingrene. Bildene har både </div>  <div>virkelige mynter og relieffer.</div>  <div>Teksten er skrevet i punktskrift og storskrift. <br />  </div>  <div><strong>Anette Diesen</strong> er en pioner<br />  i arbeidet med følebøker i Norge. <br />  Hun har gitt ut flere følebøker </div>  <div>for barn. </div>  ]]></wp:meta_value>
            </wp:postmeta>
            <wp:postmeta>
                <wp:meta_key>_lsb_review</wp:meta_key>
                <wp:meta_value><![CDATA[lsb_acf_review]]></wp:meta_value>
            </wp:postmeta>
            <wp:postmeta>
                <wp:meta_key>lsb_quote</wp:meta_key>
                <wp:meta_value><![CDATA[Rett som det var så kom den store femmeren.  "Hvem er det som ruller på min vei?" skrek Ty.  "Det er den store femmeren", sa femmeren,  Han var så grov i målet.  "Nå kommer jeg og tar deg," skrek Ty.  "Ja, kom du! Du kan bare prøve å sluke meg!  Jeg er så stor at jeg kommer til å sitte fast  i halsen på deg. Og da får du meg verken opp eller ned!"]]></wp:meta_value>
            </wp:postmeta>
            <wp:postmeta>
                <wp:meta_key>_lsb_quote</wp:meta_key>
                <wp:meta_value><![CDATA[lsb_acf_quote]]></wp:meta_value>
            </wp:postmeta>
            <wp:postmeta>
                <wp:meta_key>lsb_supported</wp:meta_key>
                <wp:meta_value><![CDATA[0]]></wp:meta_value>
            </wp:postmeta>
            <wp:postmeta>
                <wp:meta_key>_lsb_supported</wp:meta_key>
                <wp:meta_value><![CDATA[lsb_acf_supported]]></wp:meta_value>
            </wp:postmeta>
            <category domain="lsb_tax_author" nicename="anette-diesen-"><![CDATA[Anette Diesen ]]></category>
            <category domain="lsb_tax_publisher" nicename="solum-"><![CDATA[Solum ]]></category>
            <category domain="lsb_tax_illustrator" nicename="anette-diesen"><![CDATA[Anette Diesen]]></category>
            <wp:postmeta>
                <wp:meta_key>lsb_look_inside</wp:meta_key>
                <wp:meta_value><![CDATA[CUSTOM_BLA_I_BOKA]]></wp:meta_value>
            </wp:postmeta>
            <wp:postmeta>
                <wp:meta_key>_lsb_look_inside</wp:meta_key>
                <wp:meta_value><![CDATA[lsb_acf_look_inside]]></wp:meta_value>
            </wp:postmeta>
            <category domain="lsb_tax_age" nicename="barn"><![CDATA[barn]]></category>
            <category domain="lsb_tax_genre" nicename="prosa"><![CDATA[prosa]]></category>
            <category domain="lsb_tax_topic" nicename="eventyr"><![CDATA[eventyr]]></category>
            <category domain="lsb_tax_language" nicename="no_nb"><![CDATA[bokmål]]></category>
            <category domain="lsb_tax_customization" nicename="punktskrift"><![CDATA[punktskrift]]></category>
            <category domain="lsb_tax_customization" nicename="følebilder"><![CDATA[følebilder]]></category>
            <category domain="lsb_tax_customization" nicename="mange-bilder"><![CDATA[mange bilder]]></category>
            <wp:postmeta>
                <wp:meta_key>_thumbnail_id</wp:meta_key>
                <wp:meta_value><![CDATA[5379]]></wp:meta_value>
            </wp:postmeta>
        </item>
        <item>
            <title>A. Diesen.Det var en gang 82-560-0674-9.jpg</title>
            <wp:post_id>5379</wp:post_id>
            <wp:status>inherit</wp:status>
            <wp:post_type>attachment</wp:post_type>
            <wp:attachment_url>https://raw.githubusercontent.com/lesersokerbok/boksok.no-data-utils/master/output-example/images/07AB2CA4DC8B4F15937B89AAE7580341.jpg</wp:attachment_url>
        </item>
        <item>
            <wp:post_type>lsb_book</wp:post_type>
            <wp:status>publish</wp:status>
            <title>God dag! Jeg er et dikt</title>
            <excerpt:encoded><![CDATA[Dette er en samling med dikt   av Jan Erik Vold som er lette å lese.    Diktene vrir og vender på ordene.   De er morsomme og har en fin rytme.  ]]></excerpt:encoded>
            <wp:postmeta>
                <wp:meta_key>lsb_isbn</wp:meta_key>
                <wp:meta_value><![CDATA[9788204107398]]></wp:meta_value>
            </wp:postmeta>
            <wp:postmeta>
                <wp:meta_key>_lsb_isbn</wp:meta_key>
                <wp:meta_value><![CDATA[lsb_acf_isbn]]></wp:meta_value>
            </wp:postmeta>
            <wp:postmeta>
                <wp:meta_key>lsb_published_year</wp:meta_key>
                <wp:meta_value><![CDATA[2007]]></wp:meta_value>
            </wp:postmeta>
            <wp:postmeta>
                <wp:meta_key>_lsb_published_year</wp:meta_key>
                <wp:meta_value><![CDATA[lsb_acf_published_year]]></wp:meta_value>
            </wp:postmeta>
            <wp:postmeta>
                <wp:meta_key>lsb_pages</wp:meta_key>
                <wp:meta_value><![CDATA[30]]></wp:meta_value>
            </wp:postmeta>
            <wp:postmeta>
                <wp:meta_key>_lsb_pages</wp:meta_key>
                <wp:meta_value><![CDATA[lsb_acf_pages]]></wp:meta_value>
            </wp:postmeta>
            <wp:postmeta>
                <wp:meta_key>lsb_review</wp:meta_key>
                <wp:meta_value><![CDATA[Teksten er tydelig og lett. <br />  Noen få dikt er skrevet med løkkeskrift <br />  som ikke er lett å lese. <br />  Tonje Strøm har laget morsomme tegninger <br />  som passer til diktene.   ]]></wp:meta_value>
            </wp:postmeta>
            <wp:postmeta>
                <wp:meta_key>_lsb_review</wp:meta_key>
                <wp:meta_value><![CDATA[lsb_acf_review]]></wp:meta_value>
            </wp:postmeta>
            <wp:postmeta>
                <wp:meta_key>lsb_quote</wp:meta_key>
                <wp:meta_value><![CDATA[Opp ett gresstrå   klatrer en maur.   På toppen stanser den,   snur  og går ned]]></wp:meta_value>
            </wp:postmeta>
            <wp:postmeta>
                <wp:meta_key>_lsb_quote</wp:meta_key>
                <wp:meta_value><![CDATA[lsb_acf_quote]]></wp:meta_value>
            </wp:postmeta>
            <wp:postmeta>
                <wp:meta_key>lsb_supported</wp:meta_key>
                <wp:meta_value><![CDATA[0]]></wp:meta_value>
            </wp:postmeta>
            <wp:postmeta>
                <wp:meta_key>_lsb_supported</wp:meta_key>
                <wp:meta_value><![CDATA[lsb_acf_supported]]></wp:meta_value>
            </wp:postmeta>
            <category domain="lsb_tax_author" nicename="jan-erik-vold"><![CDATA[Jan Erik Vold]]></category>
            <category domain="lsb_tax_publisher" nicename="damm"><![CDATA[Damm]]></category>
            <category domain="lsb_tax_illustrator" nicename="tonje-strøm"><![CDATA[Tonje Strøm]]></category>
            <wp:postmeta>
                <wp:meta_key>lsb_look_inside</wp:meta_key>
                <wp:meta_value><![CDATA[CUSTOM_BLA_I_BOKA]]></wp:meta_value>
            </wp:postmeta>
            <wp:postmeta>
                <wp:meta_key>_lsb_look_inside</wp:meta_key>
                <wp:meta_value><![CDATA[lsb_acf_look_inside]]></wp:meta_value>
            </wp:postmeta>
            <category domain="lsb_tax_age" nicename="voksne"><![CDATA[voksne]]></category>
            <category domain="lsb_tax_age" nicename="ungdom"><![CDATA[ungdom]]></category>
            <category domain="lsb_tax_age" nicename="barn"><![CDATA[barn]]></category>
            <category domain="lsb_tax_genre" nicename="dikt"><![CDATA[dikt]]></category>
            <category domain="lsb_tax_topic" nicename="annet"><![CDATA[annet]]></category>
            <category domain="lsb_tax_language" nicename="no_nb"><![CDATA[bokmål]]></category>
            <category domain="lsb_tax_customization" nicename="skjønnlitteratur"><![CDATA[skjønnlitteratur]]></category>
            <category domain="lsb_tax_customization" nicename="mange-bilder"><![CDATA[mange bilder]]></category>
            <wp:postmeta>
                <wp:meta_key>_thumbnail_id</wp:meta_key>
                <wp:meta_value><![CDATA[5380]]></wp:meta_value>
            </wp:postmeta>
        </item>
        <item>
            <title>god dag! jeg er et dikt, forside.jpg</title>
            <wp:post_id>5380</wp:post_id>
            <wp:status>inherit</wp:status>
            <wp:post_type>attachment</wp:post_type>
            <wp:attachment_url>https://raw.githubusercontent.com/lesersokerbok/boksok.no-data-utils/master/output-example/images/53C70E3EB738484EB60594BF7D871937.jpg</wp:attachment_url>
        </item>
        <item>
            <wp:post_type>lsb_book</wp:post_type>
            <wp:status>publish</wp:status>
            <title>En travel herre</title>
            <excerpt:encoded><![CDATA[En humoristisk og uærbødig fortelling   med selveste Gud som hovedperson.]]></excerpt:encoded>
            <wp:postmeta>
                <wp:meta_key>lsb_isbn</wp:meta_key>
                <wp:meta_value><![CDATA[9788205310872]]></wp:meta_value>
            </wp:postmeta>
            <wp:postmeta>
                <wp:meta_key>_lsb_isbn</wp:meta_key>
                <wp:meta_value><![CDATA[lsb_acf_isbn]]></wp:meta_value>
            </wp:postmeta>
            <wp:postmeta>
                <wp:meta_key>lsb_published_year</wp:meta_key>
                <wp:meta_value><![CDATA[2003]]></wp:meta_value>
            </wp:postmeta>
            <wp:postmeta>
                <wp:meta_key>_lsb_published_year</wp:meta_key>
                <wp:meta_value><![CDATA[lsb_acf_published_year]]></wp:meta_value>
            </wp:postmeta>
            <wp:postmeta>
                <wp:meta_key>lsb_pages</wp:meta_key>
                <wp:meta_value><![CDATA[25]]></wp:meta_value>
            </wp:postmeta>
            <wp:postmeta>
                <wp:meta_key>_lsb_pages</wp:meta_key>
                <wp:meta_value><![CDATA[lsb_acf_pages]]></wp:meta_value>
            </wp:postmeta>
            <wp:postmeta>
                <wp:meta_key>lsb_review</wp:meta_key>
                <wp:meta_value><![CDATA[  <div>I hvert fall en som heter Gud. <br />  På slutten står det nemlig at <br />  "enhver likhet mellom karakterene <br />  i denne boka og karakterer i virkeligheten <br />  er kjempetilfeldig".</div>  <div>&#160;</div>  <div><strong>En travel herre</strong> er en morsom bildebok <br />  med lite tekst.<br />  Reidar Kjelsen har både skrevet og tegnet.</div>  <div>Kjelsen står bak en rekke bøker for barn og unge. </div>  <div>&#160;</div>  ]]></wp:meta_value>
            </wp:postmeta>
            <wp:postmeta>
                <wp:meta_key>_lsb_review</wp:meta_key>
                <wp:meta_value><![CDATA[lsb_acf_review]]></wp:meta_value>
            </wp:postmeta>
            <wp:postmeta>
                <wp:meta_key>lsb_quote</wp:meta_key>
                <wp:meta_value><![CDATA[Gud var ikke helt seg selv for tiden.  Han hadde nok tatt på seg for mye ansvar - igjen.  - Du må ikke være så pirkete, sa guds kone.  - Det gjelder å få ting unna   og komme seg videre i livet.]]></wp:meta_value>
            </wp:postmeta>
            <wp:postmeta>
                <wp:meta_key>_lsb_quote</wp:meta_key>
                <wp:meta_value><![CDATA[lsb_acf_quote]]></wp:meta_value>
            </wp:postmeta>
            <wp:postmeta>
                <wp:meta_key>lsb_supported</wp:meta_key>
                <wp:meta_value><![CDATA[0]]></wp:meta_value>
            </wp:postmeta>
            <wp:postmeta>
                <wp:meta_key>_lsb_supported</wp:meta_key>
                <wp:meta_value><![CDATA[lsb_acf_supported]]></wp:meta_value>
            </wp:postmeta>
            <category domain="lsb_tax_author" nicename="reidar-kjelsen"><![CDATA[Reidar Kjelsen]]></category>
            <category domain="lsb_tax_publisher" nicename="gyldendal-"><![CDATA[Gyldendal ]]></category>
            <category domain="lsb_tax_illustrator" nicename="reidar-kjelsen"><![CDATA[Reidar Kjelsen]]></category>
            <wp:postmeta>
                <wp:meta_key>lsb_look_inside</wp:meta_key>
                <wp:meta_value><![CDATA[CUSTOM_BLA_I_BOKA]]></wp:meta_value>
            </wp:postmeta>
            <wp:postmeta>
                <wp:meta_key>_lsb_look_inside</wp:meta_key>
                <wp:meta_value><![CDATA[lsb_acf_look_inside]]></wp:meta_value>
            </wp:postmeta>
            <category domain="lsb_tax_age" nicename="ungdom"><![CDATA[ungdom]]></category>
            <category domain="lsb_tax_age" nicename="voksne"><![CDATA[voksne]]></category>
            <category domain="lsb_tax_genre" nicename="prosa"><![CDATA[prosa]]></category>
            <category domain="lsb_tax_topic" nicename="humor"><![CDATA[humor]]></category>
            <category domain="lsb_tax_language" nicename="no_nb"><![CDATA[bokmål]]></category>
            <category domain="lsb_tax_customization" nicename="skjønnlitteratur"><![CDATA[skjønnlitteratur]]></category>
            <category domain="lsb_tax_customization" nicename="mange-bilder"><![CDATA[mange bilder]]></category>
            <wp:postmeta>
                <wp:meta_key>_thumbnail_id</wp:meta_key>
                <wp:meta_value><![CDATA[5381]]></wp:meta_value>
            </wp:postmeta>
        </item>
        <item>
            <title>En travel herre.jpg</title>
            <wp:post_id>5381</wp:post_id>
            <wp:status>inherit</wp:status>
            <wp:post_type>attachment</wp:post_type>
            <wp:attachment_url>https://raw.githubusercontent.com/lesersokerbok/boksok.no-data-utils/master/output-example/images/1A36F770B6E54972BFBF8AD3B98E90DE.jpg</wp:attachment_url>
        </item>
        <item>
            <wp:post_type>lsb_book</wp:post_type>
            <wp:status>publish</wp:status>
            <title>Nyeng forliser</title>
            <excerpt:encoded><![CDATA[Lørdag 2.mars 1959 forliser fiskebåten Nyeng.   Dette er historien om hva som skjedde. ]]></excerpt:encoded>
            <wp:postmeta>
                <wp:meta_key>lsb_isbn</wp:meta_key>
                <wp:meta_value><![CDATA[9788292375334]]></wp:meta_value>
            </wp:postmeta>
            <wp:postmeta>
                <wp:meta_key>_lsb_isbn</wp:meta_key>
                <wp:meta_value><![CDATA[lsb_acf_isbn]]></wp:meta_value>
            </wp:postmeta>
            <wp:postmeta>
                <wp:meta_key>lsb_published_year</wp:meta_key>
                <wp:meta_value><![CDATA[2004]]></wp:meta_value>
            </wp:postmeta>
            <wp:postmeta>
                <wp:meta_key>_lsb_published_year</wp:meta_key>
                <wp:meta_value><![CDATA[lsb_acf_published_year]]></wp:meta_value>
            </wp:postmeta>
            <wp:postmeta>
                <wp:meta_key>lsb_pages</wp:meta_key>
                <wp:meta_value><![CDATA[141]]></wp:meta_value>
            </wp:postmeta>
            <wp:postmeta>
                <wp:meta_key>_lsb_pages</wp:meta_key>
                <wp:meta_value><![CDATA[lsb_acf_pages]]></wp:meta_value>
            </wp:postmeta>
            <wp:postmeta>
                <wp:meta_key>lsb_review</wp:meta_key>
                <wp:meta_value><![CDATA[  <p>Forfatteren er selv fra Arnøy i Nord-Troms. <br />  Han kjenner alle personene som var <br />  på båden den dagen. <br />  En av dem var Ove Henriksen. <br />  Han var 26 år da Nyeng forliste. <br />  Det er Ove Henriksen som forteller historien. </p>  <div><strong>&#160;</strong></div>  <div><strong>Nyeng forliser</strong> er skrevet <br />  i en lett og muntlig tone. <br />  Noen av ordene er kompliserte, <br />  men handlingen er lett å følge. </div>  ]]></wp:meta_value>
            </wp:postmeta>
            <wp:postmeta>
                <wp:meta_key>_lsb_review</wp:meta_key>
                <wp:meta_value><![CDATA[lsb_acf_review]]></wp:meta_value>
            </wp:postmeta>
            <wp:postmeta>
                <wp:meta_key>lsb_quote</wp:meta_key>
                <wp:meta_value><![CDATA[Både han Karl og jeg ramler ned mot   styrehusveggen. Alt er nærmest opp ned. Vi   klamrer oss begge til rattet til vi endelig får   fotfeste på siden nede på styrehusveggen på   innsida. Det er ingen mulighet til å få brukt   radiosenderen og få tilkalt hjelp.   Radioledningen i masta ligger allerede under   vann. Nå er gode råd dyre. Det farer gjennom   hodet mitt: Ikke få panikk! Ikke få panikk! ]]></wp:meta_value>
            </wp:postmeta>
            <wp:postmeta>
                <wp:meta_key>_lsb_quote</wp:meta_key>
                <wp:meta_value><![CDATA[lsb_acf_quote]]></wp:meta_value>
            </wp:postmeta>
            <wp:postmeta>
                <wp:meta_key>lsb_supported</wp:meta_key>
                <wp:meta_value><![CDATA[0]]></wp:meta_value>
            </wp:postmeta>
            <wp:postmeta>
                <wp:meta_key>_lsb_supported</wp:meta_key>
                <wp:meta_value><![CDATA[lsb_acf_supported]]></wp:meta_value>
            </wp:postmeta>
            <category domain="lsb_tax_author" nicename="odd-haugstad"><![CDATA[Odd Haugstad]]></category>
            <category domain="lsb_tax_publisher" nicename="pedagogisk-forlag"><![CDATA[Pedagogisk forlag]]></category>
            <category domain="lsb_tax_illustrator" nicename="odd-haugstad"><![CDATA[Odd Haugstad]]></category>
            <wp:postmeta>
                <wp:meta_key>lsb_look_inside</wp:meta_key>
                <wp:meta_value><![CDATA[CUSTOM_BLA_I_BOKA]]></wp:meta_value>
            </wp:postmeta>
            <wp:postmeta>
                <wp:meta_key>_lsb_look_inside</wp:meta_key>
                <wp:meta_value><![CDATA[lsb_acf_look_inside]]></wp:meta_value>
            </wp:postmeta>
            <category domain="lsb_tax_age" nicename="ungdom"><![CDATA[ungdom]]></category>
            <category domain="lsb_tax_age" nicename="voksne"><![CDATA[voksne]]></category>
            <category domain="lsb_tax_language" nicename="no_nb"><![CDATA[bokmål]]></category>
            <category domain="lsb_tax_customization" nicename="faglitteratur"><![CDATA[faglitteratur]]></category>
            <wp:postmeta>
                <wp:meta_key>_thumbnail_id</wp:meta_key>
                <wp:meta_value><![CDATA[5382]]></wp:meta_value>
            </wp:postmeta>
        </item>
        <item>
            <title>Nyeng forliser.jpg</title>
            <wp:post_id>5382</wp:post_id>
            <wp:status>inherit</wp:status>
            <wp:post_type>attachment</wp:post_type>
            <wp:attachment_url>https://raw.githubusercontent.com/lesersokerbok/boksok.no-data-utils/master/output-example/images/979EE7C418F44140818EA1B4EB694900.jpg</wp:attachment_url>
        </item>
        <item>
            <wp:post_type>lsb_book</wp:post_type>
            <wp:status>publish</wp:status>
            <title>Nye bestevenner</title>
            <excerpt:encoded><![CDATA[Koselig bok om Omar og Aksel   som begynner i førsteklasse på skolen.]]></excerpt:encoded>
            <wp:postmeta>
                <wp:meta_key>lsb_isbn</wp:meta_key>
                <wp:meta_value><![CDATA[9788253031750]]></wp:meta_value>
            </wp:postmeta>
            <wp:postmeta>
                <wp:meta_key>_lsb_isbn</wp:meta_key>
                <wp:meta_value><![CDATA[lsb_acf_isbn]]></wp:meta_value>
            </wp:postmeta>
            <wp:postmeta>
                <wp:meta_key>lsb_published_year</wp:meta_key>
                <wp:meta_value><![CDATA[2008]]></wp:meta_value>
            </wp:postmeta>
            <wp:postmeta>
                <wp:meta_key>_lsb_published_year</wp:meta_key>
                <wp:meta_value><![CDATA[lsb_acf_published_year]]></wp:meta_value>
            </wp:postmeta>
            <wp:postmeta>
                <wp:meta_key>lsb_pages</wp:meta_key>
                <wp:meta_value><![CDATA[59]]></wp:meta_value>
            </wp:postmeta>
            <wp:postmeta>
                <wp:meta_key>_lsb_pages</wp:meta_key>
                <wp:meta_value><![CDATA[lsb_acf_pages]]></wp:meta_value>
            </wp:postmeta>
            <wp:postmeta>
                <wp:meta_key>lsb_review</wp:meta_key>
                <wp:meta_value><![CDATA[  <div>Aksel har flyttet.<br />  Han skal begynne på en ny skole. <br />  Han kjenner ingen andre barn, <br />  men snart blir han kjent med Omar. </div>  <div>&#160;</div>  <div>Aksel og Omar er på SFO. </div>  <div>Omar kjører rundt og rundt med sykkelen. </div>  <div>Kanskje Aksel vil være med?  </div>  <div>Men plutselig hopper Omar av sykkelen</div>  <div>og løper sin vei. </div>  <div>Hvor ble han av? </div>  <div>&#160;</div>  <div>Boka er ekstra lett å lese. <br />  Den har få linjer på hver side, <br />  enkle ord og store bokstaver. <br />  Den har store bilder som også <br />  forteller historien. </div>  <div>&#160;</div>  <div>Serien <strong>Solgata 1</strong> handler om Aksel og Omar </div>  <div>som er venner og bor i samme hus.  </div>  <div><strong>Nye bestevenner</strong> er første bok i serien. </div>  <div>I hver bok presenteres et etisk dilemma </div>  <div>som de to vennene må ta stilling til.  </div>  <div>  <div>I Boksøk presenterer vi to av titlene i denne serien, </div>  <div>men alle bøkene kan trygt anbefales. </div></div>  ]]></wp:meta_value>
            </wp:postmeta>
            <wp:postmeta>
                <wp:meta_key>_lsb_review</wp:meta_key>
                <wp:meta_value><![CDATA[lsb_acf_review]]></wp:meta_value>
            </wp:postmeta>
            <wp:postmeta>
                <wp:meta_key>lsb_quote</wp:meta_key>
                <wp:meta_value><![CDATA[OMAR SYKLER.   HAN SYKLER RUNDT AKSEL.   RUNDT OG RUNDT.     "TUT-TUT!"  SIER OMAR.   "VIL DU SITTE PÅ?"    "OKEI," SIER AKSEL.   "KAN JEG GODT!"  ]]></wp:meta_value>
            </wp:postmeta>
            <wp:postmeta>
                <wp:meta_key>_lsb_quote</wp:meta_key>
                <wp:meta_value><![CDATA[lsb_acf_quote]]></wp:meta_value>
            </wp:postmeta>
            <wp:postmeta>
                <wp:meta_key>lsb_supported</wp:meta_key>
                <wp:meta_value><![CDATA[0]]></wp:meta_value>
            </wp:postmeta>
            <wp:postmeta>
                <wp:meta_key>_lsb_supported</wp:meta_key>
                <wp:meta_value><![CDATA[lsb_acf_supported]]></wp:meta_value>
            </wp:postmeta>
            <category domain="lsb_tax_author" nicename="helena-bross"><![CDATA[Helena Bross]]></category>
            <category domain="lsb_tax_publisher" nicename="omnipax"><![CDATA[Omnipax]]></category>
            <category domain="lsb_tax_illustrator" nicename="kadri-ilves"><![CDATA[Kadri Ilves]]></category>
            <category domain="lsb_tax_translator" nicename="anne-horn"><![CDATA[Anne Horn]]></category>
            <wp:postmeta>
                <wp:meta_key>lsb_look_inside</wp:meta_key>
                <wp:meta_value><![CDATA[CUSTOM_BLA_I_BOKA]]></wp:meta_value>
            </wp:postmeta>
            <wp:postmeta>
                <wp:meta_key>_lsb_look_inside</wp:meta_key>
                <wp:meta_value><![CDATA[lsb_acf_look_inside]]></wp:meta_value>
            </wp:postmeta>
            <category domain="lsb_tax_age" nicename="barn"><![CDATA[barn]]></category>
            <category domain="lsb_tax_genre" nicename="prosa"><![CDATA[prosa]]></category>
            <category domain="lsb_tax_topic" nicename="mennesker-i-mellom"><![CDATA[mennesker i mellom]]></category>
            <category domain="lsb_tax_language" nicename="no_nb"><![CDATA[bokmål]]></category>
            <category domain="lsb_tax_customization" nicename="skjønnlitteratur"><![CDATA[skjønnlitteratur]]></category>
            <category domain="lsb_tax_customization" nicename="mange-bilder"><![CDATA[mange bilder]]></category>
            <wp:postmeta>
                <wp:meta_key>_thumbnail_id</wp:meta_key>
                <wp:meta_value><![CDATA[5383]]></wp:meta_value>
            </wp:postmeta>
        </item>
        <item>
            <title>nye bestevenner.jpg</title>
            <wp:post_id>5383</wp:post_id>
            <wp:status>inherit</wp:status>
            <wp:post_type>attachment</wp:post_type>
            <wp:attachment_url>https://raw.githubusercontent.com/lesersokerbok/boksok.no-data-utils/master/output-example/images/FAD545DF2F744157991BB107E2DCF4FF.jpg</wp:attachment_url>
        </item>
        <item>
            <wp:post_type>lsb_book</wp:post_type>
            <wp:status>publish</wp:status>
            <title>Sur eller blid? </title>
            <excerpt:encoded><![CDATA[Sur eller blid er en følebok med   enkel tekst og enkelt innhold. ]]></excerpt:encoded>
            <wp:postmeta>
                <wp:meta_key>lsb_isbn</wp:meta_key>
                <wp:meta_value><![CDATA[9788256006564]]></wp:meta_value>
            </wp:postmeta>
            <wp:postmeta>
                <wp:meta_key>_lsb_isbn</wp:meta_key>
                <wp:meta_value><![CDATA[lsb_acf_isbn]]></wp:meta_value>
            </wp:postmeta>
            <wp:postmeta>
                <wp:meta_key>lsb_published_year</wp:meta_key>
                <wp:meta_value><![CDATA[1990]]></wp:meta_value>
            </wp:postmeta>
            <wp:postmeta>
                <wp:meta_key>_lsb_published_year</wp:meta_key>
                <wp:meta_value><![CDATA[lsb_acf_published_year]]></wp:meta_value>
            </wp:postmeta>
            <wp:postmeta>
                <wp:meta_key>lsb_pages</wp:meta_key>
                <wp:meta_value><![CDATA[13]]></wp:meta_value>
            </wp:postmeta>
            <wp:postmeta>
                <wp:meta_key>_lsb_pages</wp:meta_key>
                <wp:meta_value><![CDATA[lsb_acf_pages]]></wp:meta_value>
            </wp:postmeta>
            <wp:postmeta>
                <wp:meta_key>lsb_review</wp:meta_key>
                <wp:meta_value><![CDATA[  <div>Peter blir enten sur eller blid, <br />  avhengig av hva faren hans sier. </div>  <div>&#160;</div>  <div>Boka har enkel tekst på rim. <br />  Den taktile illustrasjonen er et vendbart hode <br />  med en blid og en sur side.</div>  <div><strong>Sur eller blid?</strong> har kun svart skrift </div>  <div>og egner seg derfor ikke for blinde. </div>  <div>Skriften er stor, slik at boka passer godt </div>  <div>for svaksynte og funksjonshemmede. </div>  <div><br />  </div>  <div><strong>Anette Diesen</strong> har gitt ut </div>  <div>mange tilrettelagte bøker. <br />  <strong>Sur eller blid?</strong> er en av de første.  </div>  ]]></wp:meta_value>
            </wp:postmeta>
            <wp:postmeta>
                <wp:meta_key>_lsb_review</wp:meta_key>
                <wp:meta_value><![CDATA[lsb_acf_review]]></wp:meta_value>
            </wp:postmeta>
            <wp:postmeta>
                <wp:meta_key>lsb_quote</wp:meta_key>
                <wp:meta_value><![CDATA[Lese engang til?  Ja da, hvis du vil.  Kom med boka di!    Da ble Peter ...]]></wp:meta_value>
            </wp:postmeta>
            <wp:postmeta>
                <wp:meta_key>_lsb_quote</wp:meta_key>
                <wp:meta_value><![CDATA[lsb_acf_quote]]></wp:meta_value>
            </wp:postmeta>
            <wp:postmeta>
                <wp:meta_key>lsb_supported</wp:meta_key>
                <wp:meta_value><![CDATA[0]]></wp:meta_value>
            </wp:postmeta>
            <wp:postmeta>
                <wp:meta_key>_lsb_supported</wp:meta_key>
                <wp:meta_value><![CDATA[lsb_acf_supported]]></wp:meta_value>
            </wp:postmeta>
            <category domain="lsb_tax_author" nicename="anette-diesen-"><![CDATA[Anette Diesen ]]></category>
            <category domain="lsb_tax_publisher" nicename="solum-"><![CDATA[Solum ]]></category>
            <category domain="lsb_tax_illustrator" nicename="anette-diesen-"><![CDATA[Anette Diesen ]]></category>
            <wp:postmeta>
                <wp:meta_key>lsb_look_inside</wp:meta_key>
                <wp:meta_value><![CDATA[CUSTOM_BLA_I_BOKA]]></wp:meta_value>
            </wp:postmeta>
            <wp:postmeta>
                <wp:meta_key>_lsb_look_inside</wp:meta_key>
                <wp:meta_value><![CDATA[lsb_acf_look_inside]]></wp:meta_value>
            </wp:postmeta>
            <category domain="lsb_tax_age" nicename="barn"><![CDATA[barn]]></category>
            <category domain="lsb_tax_genre" nicename="prosa"><![CDATA[prosa]]></category>
            <category domain="lsb_tax_language" nicename="no_nb"><![CDATA[bokmål]]></category>
            <category domain="lsb_tax_customization" nicename="storskrift"><![CDATA[storskrift]]></category>
            <category domain="lsb_tax_customization" nicename="punktskrift"><![CDATA[punktskrift]]></category>
            <category domain="lsb_tax_customization" nicename="følebilder"><![CDATA[følebilder]]></category>
            <wp:postmeta>
                <wp:meta_key>_thumbnail_id</wp:meta_key>
                <wp:meta_value><![CDATA[5384]]></wp:meta_value>
            </wp:postmeta>
        </item>
        <item>
            <title>A.Diesen.Sur eller blid.82-560-0656-0.jpg</title>
            <wp:post_id>5384</wp:post_id>
            <wp:status>inherit</wp:status>
            <wp:post_type>attachment</wp:post_type>
            <wp:attachment_url>https://raw.githubusercontent.com/lesersokerbok/boksok.no-data-utils/master/output-example/images/B92DD27FC999457C8186A55EB7E05F81.jpg</wp:attachment_url>
        </item>
        <item>
            <wp:post_type>lsb_book</wp:post_type>
            <wp:status>publish</wp:status>
            <title>Blues</title>
            <excerpt:encoded><![CDATA[Blues er en bok om å spille i band   som er skrevet med både tydelig skrift,   Bliss-symboler og pictogram. ]]></excerpt:encoded>
            <wp:postmeta>
                <wp:meta_key>lsb_isbn</wp:meta_key>
                <wp:meta_value><![CDATA[8280020020]]></wp:meta_value>
            </wp:postmeta>
            <wp:postmeta>
                <wp:meta_key>_lsb_isbn</wp:meta_key>
                <wp:meta_value><![CDATA[lsb_acf_isbn]]></wp:meta_value>
            </wp:postmeta>
            <wp:postmeta>
                <wp:meta_key>lsb_published_year</wp:meta_key>
                <wp:meta_value><![CDATA[2000]]></wp:meta_value>
            </wp:postmeta>
            <wp:postmeta>
                <wp:meta_key>_lsb_published_year</wp:meta_key>
                <wp:meta_value><![CDATA[lsb_acf_published_year]]></wp:meta_value>
            </wp:postmeta>
            <wp:postmeta>
                <wp:meta_key>lsb_pages</wp:meta_key>
                <wp:meta_value><![CDATA[135]]></wp:meta_value>
            </wp:postmeta>
            <wp:postmeta>
                <wp:meta_key>_lsb_pages</wp:meta_key>
                <wp:meta_value><![CDATA[lsb_acf_pages]]></wp:meta_value>
            </wp:postmeta>
            <wp:postmeta>
                <wp:meta_key>lsb_review</wp:meta_key>
                <wp:meta_value><![CDATA[  <div><strong>Blues</strong> handler om Eric, Eva </div>  <div>og popgruppa Trailers. <br />  Eric spiller gitar og synger i gruppa. <br />  Han bruker rullestol,<br />  men det hindrer ham ikke i å reise på turné.</div>  <div>&#160;</div>  <div>Boka har stor og tydelig skrift, <br />  Bliss-symboler og pictogram.<br />  Det er noter til alle låtene. <br />  BLISS-tavle og pictogramtavle følger med boka.</div>  <div>&#160;</div>  <div>Forfatteren <strong>Ole Reidar Hansen</strong> kan ikke snakke. <br />  Han har en plate med Bliss-symboler <br />  som han peker på. <br />  <strong>Blues</strong> har han diktet og pekt ut, <br />  symbol for symbol.</div>  <div>&#160;</div>  <div><strong>Blues</strong> er dessverre utsolgt fra forlaget, </div>  <div>men kan lånes på biblioteket. </div>  ]]></wp:meta_value>
            </wp:postmeta>
            <wp:postmeta>
                <wp:meta_key>_lsb_review</wp:meta_key>
                <wp:meta_value><![CDATA[lsb_acf_review]]></wp:meta_value>
            </wp:postmeta>
            <wp:postmeta>
                <wp:meta_key>lsb_quote</wp:meta_key>
                <wp:meta_value><![CDATA[RADIO OG TV  En dag hører Eric MARY´S BLUES   på radioen.  Han er fornøyd.  Studiolederen ringer   hjem til Eric:  - Alle liker plata di.   Avisa vil intervjue deg.]]></wp:meta_value>
            </wp:postmeta>
            <wp:postmeta>
                <wp:meta_key>_lsb_quote</wp:meta_key>
                <wp:meta_value><![CDATA[lsb_acf_quote]]></wp:meta_value>
            </wp:postmeta>
            <wp:postmeta>
                <wp:meta_key>lsb_supported</wp:meta_key>
                <wp:meta_value><![CDATA[0]]></wp:meta_value>
            </wp:postmeta>
            <wp:postmeta>
                <wp:meta_key>_lsb_supported</wp:meta_key>
                <wp:meta_value><![CDATA[lsb_acf_supported]]></wp:meta_value>
            </wp:postmeta>
            <category domain="lsb_tax_author" nicename="ole-reidar-hansen"><![CDATA[Ole Reidar Hansen]]></category>
            <category domain="lsb_tax_publisher" nicename="likeverd-forlag"><![CDATA[Likeverd forlag]]></category>
            <category domain="lsb_tax_illustrator" nicename="anette-diesen"><![CDATA[Anette Diesen]]></category>
            <wp:postmeta>
                <wp:meta_key>lsb_look_inside</wp:meta_key>
                <wp:meta_value><![CDATA[CUSTOM_BLA_I_BOKA]]></wp:meta_value>
            </wp:postmeta>
            <wp:postmeta>
                <wp:meta_key>_lsb_look_inside</wp:meta_key>
                <wp:meta_value><![CDATA[lsb_acf_look_inside]]></wp:meta_value>
            </wp:postmeta>
            <category domain="lsb_tax_age" nicename="ungdom"><![CDATA[ungdom]]></category>
            <category domain="lsb_tax_age" nicename="voksne"><![CDATA[voksne]]></category>
            <category domain="lsb_tax_genre" nicename="prosa"><![CDATA[prosa]]></category>
            <category domain="lsb_tax_language" nicename="no_nb"><![CDATA[bokmål]]></category>
            <category domain="lsb_tax_customization" nicename="bliss"><![CDATA[bliss]]></category>
            <category domain="lsb_tax_customization" nicename="piktogram"><![CDATA[piktogram]]></category>
            <category domain="lsb_tax_customization" nicename="mange-bilder"><![CDATA[mange bilder]]></category>
            <wp:postmeta>
                <wp:meta_key>_thumbnail_id</wp:meta_key>
                <wp:meta_value><![CDATA[5385]]></wp:meta_value>
            </wp:postmeta>
        </item>
        <item>
            <title>BLUES2.gif</title>
            <wp:post_id>5385</wp:post_id>
            <wp:status>inherit</wp:status>
            <wp:post_type>attachment</wp:post_type>
            <wp:attachment_url>https://raw.githubusercontent.com/lesersokerbok/boksok.no-data-utils/master/output-example/images/E66CB4C29A574A0289B640C56A7709AD.gif</wp:attachment_url>
        </item>
        <item>
            <wp:post_type>lsb_book</wp:post_type>
            <wp:status>publish</wp:status>
            <title>Dikt til deg</title>
            <excerpt:encoded><![CDATA[Dikt til deg er en samling dikt   skrevet med både BLISS-symboler   og trykt tekst. ]]></excerpt:encoded>
            <wp:postmeta>
                <wp:meta_key>lsb_isbn</wp:meta_key>
                <wp:meta_value><![CDATA[8280020012]]></wp:meta_value>
            </wp:postmeta>
            <wp:postmeta>
                <wp:meta_key>_lsb_isbn</wp:meta_key>
                <wp:meta_value><![CDATA[lsb_acf_isbn]]></wp:meta_value>
            </wp:postmeta>
            <wp:postmeta>
                <wp:meta_key>lsb_published_year</wp:meta_key>
                <wp:meta_value><![CDATA[2000]]></wp:meta_value>
            </wp:postmeta>
            <wp:postmeta>
                <wp:meta_key>_lsb_published_year</wp:meta_key>
                <wp:meta_value><![CDATA[lsb_acf_published_year]]></wp:meta_value>
            </wp:postmeta>
            <wp:postmeta>
                <wp:meta_key>lsb_pages</wp:meta_key>
                <wp:meta_value><![CDATA[13]]></wp:meta_value>
            </wp:postmeta>
            <wp:postmeta>
                <wp:meta_key>_lsb_pages</wp:meta_key>
                <wp:meta_value><![CDATA[lsb_acf_pages]]></wp:meta_value>
            </wp:postmeta>
            <wp:postmeta>
                <wp:meta_key>lsb_review</wp:meta_key>
                <wp:meta_value><![CDATA[  <div>Diktene i <strong>Dikt til deg</strong> </div>  <div>er lette å lese, men kan få deg til å tenke. <br />  Mange av diktene tar opp </div>  <div>folks holdninger til funksjonshemmede.</div>  <div>&#160;</div>  <div>Boka er skrevet med både </div>  <div>BLISS-symboler og trykt tekst. </div>  <div>&#160;</div>  <div><strong>Anette Diesen</strong> har skrevet mye <br />  tilrettelagt litteratur. </div>  <div>Hun har blant annet laget </div>  <div>følebøker, bøker med BLISS, <br />  pictogrammer og tegn. </div>  <div><br />  Boka bestilles direkte hos <strong>Likeverd forlag<br />  </strong>v/ Anette Diesen, <br />  Trudvangveien 25, <br />  3117 Tønsberg.<br />  Tlf./faks: 33 31 33 77</div>  ]]></wp:meta_value>
            </wp:postmeta>
            <wp:postmeta>
                <wp:meta_key>_lsb_review</wp:meta_key>
                <wp:meta_value><![CDATA[lsb_acf_review]]></wp:meta_value>
            </wp:postmeta>
            <wp:postmeta>
                <wp:meta_key>lsb_quote</wp:meta_key>
                <wp:meta_value><![CDATA[Pelle kan ikke gå.   Han sitter i en rullestol.  Stakkars gutt, sier damen   og gir Pelle en mynt, 10 kroner.  Damen triller ungen sin i barnevogn.  Stakkars barn! sier Pelle  og kaster tieren opp i barnevognen.]]></wp:meta_value>
            </wp:postmeta>
            <wp:postmeta>
                <wp:meta_key>_lsb_quote</wp:meta_key>
                <wp:meta_value><![CDATA[lsb_acf_quote]]></wp:meta_value>
            </wp:postmeta>
            <wp:postmeta>
                <wp:meta_key>lsb_supported</wp:meta_key>
                <wp:meta_value><![CDATA[0]]></wp:meta_value>
            </wp:postmeta>
            <wp:postmeta>
                <wp:meta_key>_lsb_supported</wp:meta_key>
                <wp:meta_value><![CDATA[lsb_acf_supported]]></wp:meta_value>
            </wp:postmeta>
            <category domain="lsb_tax_author" nicename="anette-diesen"><![CDATA[Anette Diesen]]></category>
            <category domain="lsb_tax_publisher" nicename="likeverd-forlag"><![CDATA[Likeverd forlag]]></category>
            <category domain="lsb_tax_illustrator" nicename="anette-diesen"><![CDATA[Anette Diesen]]></category>
            <wp:postmeta>
                <wp:meta_key>lsb_look_inside</wp:meta_key>
                <wp:meta_value><![CDATA[CUSTOM_BLA_I_BOKA]]></wp:meta_value>
            </wp:postmeta>
            <wp:postmeta>
                <wp:meta_key>_lsb_look_inside</wp:meta_key>
                <wp:meta_value><![CDATA[lsb_acf_look_inside]]></wp:meta_value>
            </wp:postmeta>
            <category domain="lsb_tax_age" nicename="barn"><![CDATA[barn]]></category>
            <category domain="lsb_tax_age" nicename="ungdom"><![CDATA[ungdom]]></category>
            <category domain="lsb_tax_age" nicename="voksne"><![CDATA[voksne]]></category>
            <category domain="lsb_tax_genre" nicename="dikt"><![CDATA[dikt]]></category>
            <category domain="lsb_tax_topic" nicename="mennesker-i-mellom"><![CDATA[mennesker i mellom]]></category>
            <category domain="lsb_tax_language" nicename="no_nb"><![CDATA[bokmål]]></category>
            <category domain="lsb_tax_customization" nicename="bliss"><![CDATA[bliss]]></category>
            <category domain="lsb_tax_customization" nicename="piktogram"><![CDATA[piktogram]]></category>
            <wp:postmeta>
                <wp:meta_key>_thumbnail_id</wp:meta_key>
                <wp:meta_value><![CDATA[5386]]></wp:meta_value>
            </wp:postmeta>
        </item>
        <item>
            <title>Forside til Dikt til deg .jpg</title>
            <wp:post_id>5386</wp:post_id>
            <wp:status>inherit</wp:status>
            <wp:post_type>attachment</wp:post_type>
            <wp:attachment_url>https://raw.githubusercontent.com/lesersokerbok/boksok.no-data-utils/master/output-example/images/02646DCB4D1F437288386A604A33FE5F.jpg</wp:attachment_url>
        </item>
        <item>
            <wp:post_type>lsb_book</wp:post_type>
            <wp:status>publish</wp:status>
            <title>Stol på meg, sa stolen</title>
            <excerpt:encoded><![CDATA[Denne boka har både bliss og tekst. ]]></excerpt:encoded>
            <wp:postmeta>
                <wp:meta_key>lsb_isbn</wp:meta_key>
                <wp:meta_value><![CDATA[8280020004]]></wp:meta_value>
            </wp:postmeta>
            <wp:postmeta>
                <wp:meta_key>_lsb_isbn</wp:meta_key>
                <wp:meta_value><![CDATA[lsb_acf_isbn]]></wp:meta_value>
            </wp:postmeta>
            <wp:postmeta>
                <wp:meta_key>lsb_published_year</wp:meta_key>
                <wp:meta_value><![CDATA[2000]]></wp:meta_value>
            </wp:postmeta>
            <wp:postmeta>
                <wp:meta_key>_lsb_published_year</wp:meta_key>
                <wp:meta_value><![CDATA[lsb_acf_published_year]]></wp:meta_value>
            </wp:postmeta>
            <wp:postmeta>
                <wp:meta_key>lsb_pages</wp:meta_key>
                <wp:meta_value><![CDATA[28]]></wp:meta_value>
            </wp:postmeta>
            <wp:postmeta>
                <wp:meta_key>_lsb_pages</wp:meta_key>
                <wp:meta_value><![CDATA[lsb_acf_pages]]></wp:meta_value>
            </wp:postmeta>
            <wp:postmeta>
                <wp:meta_key>lsb_review</wp:meta_key>
                <wp:meta_value><![CDATA[  <div>Rullestolen er også en stol. </div>  <div>Den vil også ha venner. </div>  <div><strong>&#160;</strong></div>  <div><strong>Stol på meg, sa stolen</strong> </div>  <div>er en høytlesningsbok for barn. </div>  <div>Boka er spesielt tilrettelagt <br />  for barn som er talehemmede. <br />  Tegningene i boka er laget av BLISS-symboler, <br />  og det følger med en BLISS-tavle. </div>  <div>&#160;</div>  <div>Boka kan bestilles direkte fra </div>  <div>Likeverd forlag </div>  <div>v/ Anette Diesen </div>  <div>Trudvangveien 25 </div>  <div>3117 Tønsberg</div>  <div>Tlf./faks: 33 31 33 77</div>  ]]></wp:meta_value>
            </wp:postmeta>
            <wp:postmeta>
                <wp:meta_key>_lsb_review</wp:meta_key>
                <wp:meta_value><![CDATA[lsb_acf_review]]></wp:meta_value>
            </wp:postmeta>
            <wp:postmeta>
                <wp:meta_key>lsb_quote</wp:meta_key>
                <wp:meta_value><![CDATA[Du har hjul akkurat som en bil, sa en.   "Vi vil ikke være sammen med biler,"   sa alle stolene i kor. "Ha deg ut!"   Rullestolen kjørte ut av rommet og   helt ut på lekeplassen. Der ble den  stående en lang stund. Den var lei seg.]]></wp:meta_value>
            </wp:postmeta>
            <wp:postmeta>
                <wp:meta_key>_lsb_quote</wp:meta_key>
                <wp:meta_value><![CDATA[lsb_acf_quote]]></wp:meta_value>
            </wp:postmeta>
            <wp:postmeta>
                <wp:meta_key>lsb_supported</wp:meta_key>
                <wp:meta_value><![CDATA[0]]></wp:meta_value>
            </wp:postmeta>
            <wp:postmeta>
                <wp:meta_key>_lsb_supported</wp:meta_key>
                <wp:meta_value><![CDATA[lsb_acf_supported]]></wp:meta_value>
            </wp:postmeta>
            <category domain="lsb_tax_author" nicename="anette-diesen-"><![CDATA[Anette Diesen ]]></category>
            <category domain="lsb_tax_publisher" nicename="likeverd-forlag"><![CDATA[Likeverd forlag]]></category>
            <category domain="lsb_tax_illustrator" nicename="anette-diesen"><![CDATA[Anette Diesen]]></category>
            <wp:postmeta>
                <wp:meta_key>lsb_look_inside</wp:meta_key>
                <wp:meta_value><![CDATA[CUSTOM_BLA_I_BOKA]]></wp:meta_value>
            </wp:postmeta>
            <wp:postmeta>
                <wp:meta_key>_lsb_look_inside</wp:meta_key>
                <wp:meta_value><![CDATA[lsb_acf_look_inside]]></wp:meta_value>
            </wp:postmeta>
            <category domain="lsb_tax_age" nicename="barn"><![CDATA[barn]]></category>
            <category domain="lsb_tax_genre" nicename="prosa"><![CDATA[prosa]]></category>
            <category domain="lsb_tax_language" nicename="no_nb"><![CDATA[bokmål]]></category>
            <category domain="lsb_tax_customization" nicename="bliss"><![CDATA[bliss]]></category>
            <category domain="lsb_tax_customization" nicename="piktogram"><![CDATA[piktogram]]></category>
            <wp:postmeta>
                <wp:meta_key>_thumbnail_id</wp:meta_key>
                <wp:meta_value><![CDATA[5387]]></wp:meta_value>
            </wp:postmeta>
        </item>
        <item>
            <title>Forside til Stol på meg, sa stolen.jpg</title>
            <wp:post_id>5387</wp:post_id>
            <wp:status>inherit</wp:status>
            <wp:post_type>attachment</wp:post_type>
            <wp:attachment_url>https://raw.githubusercontent.com/lesersokerbok/boksok.no-data-utils/master/output-example/images/CE1CEF11E1D749879B0C4D2930739013.jpg</wp:attachment_url>
        </item>
        <item>
            <wp:post_type>lsb_book</wp:post_type>
            <wp:status>publish</wp:status>
            <title>Aske i munnen, sand i skoa</title>
            <excerpt:encoded><![CDATA[Per Petterson er en av våre beste forfattere.  Han debuterte i 1987 med ei skikkelig fin bok  om å vokse opp på Grorud på 50-tallet.   Denne utgaven har et godt lesbart oppsett. ]]></excerpt:encoded>
            <wp:postmeta>
                <wp:meta_key>lsb_isbn</wp:meta_key>
                <wp:meta_value><![CDATA[9788249508068]]></wp:meta_value>
            </wp:postmeta>
            <wp:postmeta>
                <wp:meta_key>_lsb_isbn</wp:meta_key>
                <wp:meta_value><![CDATA[lsb_acf_isbn]]></wp:meta_value>
            </wp:postmeta>
            <wp:postmeta>
                <wp:meta_key>lsb_published_year</wp:meta_key>
                <wp:meta_value><![CDATA[2010]]></wp:meta_value>
            </wp:postmeta>
            <wp:postmeta>
                <wp:meta_key>_lsb_published_year</wp:meta_key>
                <wp:meta_value><![CDATA[lsb_acf_published_year]]></wp:meta_value>
            </wp:postmeta>
            <wp:postmeta>
                <wp:meta_key>lsb_pages</wp:meta_key>
                <wp:meta_value><![CDATA[134]]></wp:meta_value>
            </wp:postmeta>
            <wp:postmeta>
                <wp:meta_key>_lsb_pages</wp:meta_key>
                <wp:meta_value><![CDATA[lsb_acf_pages]]></wp:meta_value>
            </wp:postmeta>
            <wp:postmeta>
                <wp:meta_key>lsb_review</wp:meta_key>
                <wp:meta_value><![CDATA[  <div>Selve innholdet av <strong>Aske i munnen, sand i skoa</strong> </div>  <div>er uforandret. </div>  <div>Men det grafiske oppsettet </div>  <div>er litt annerledes her enn i originalversjonen. </div>  <div>Denne utgaven har ujevn høyremarg og flere avsnitt, </div>  <div>som gir et luftigere sideoppsett </div>  <div>og blir lettere å lese. </div>  <div>&#160;</div>  <div><strong>Aske i munnen, sand i skoa</strong>  <div>handler om den 6 år gamle Arvid.</div>  <div>Han vokser opp på Veitvet i Oslo.</div>  <div>Han har en far som jobber på skofabrikk,</div>  <div>en mor som er dansk og en onkel som vet alt best.</div>  <div>&#160;</div>  <div>Denne kritikerroste novellesamlinga </div>  <div>tegner et rørende bilde </div>  <div>av det som er godt og det som er krevende</div>  <div>i forholdet mellom far og sønn.</div>  <div>Med lun humor og direkte språk</div>  <div>forteller forfatteren om folk man blir glad i.</div>  <div>&#160;</div>  <div>Per Petterson debuterte med denne boka i 1987.</div>  <div>Siden har han vunnet mange norske og internasjonale</div>  <div>bokpriser, og blitt oversatt til 40 språk.</div>  <div>Bestselgeren <strong>Ut og stjæle hester</strong> ble kåret til</div>  <div>en av de fem beste bøkene i 2007 av New York Times.</div>  <div>&#160;</div>  <div>Den nye utgaven utkommer i <strong>Litt å lese</strong>-serien </div>  <div>i forbindelse med Leseåret 2010. </div>  <div>  <div><strong>Litt å lese</strong>-serien er korte bøker fra de beste forfatterne.<br />  Overkommelig for folk som leser lite, </div>  <div>kjapt for folk som leser mye.</div>  <div>&#160;</div>  <div>Er du lærer og ønsker å bruke boka i et undervisningsopplegg? </div>  <div>VOX har laget oppgaver til Litt å lese-serien. </div>  <div>Last ned oppgaveheftet fra menyen til høyre. </div></div></div>  ]]></wp:meta_value>
            </wp:postmeta>
            <wp:postmeta>
                <wp:meta_key>_lsb_review</wp:meta_key>
                <wp:meta_value><![CDATA[lsb_acf_review]]></wp:meta_value>
            </wp:postmeta>
            <wp:postmeta>
                <wp:meta_key>lsb_quote</wp:meta_key>
                <wp:meta_value><![CDATA[Fattern hadde et ansikt som Arvid elska å se på   og som samtidig gjorde han nervøs,   for det var jo ikke bare et ansikt,   men også en stein i skauen med furer og groper,   i hvert fall om han myste når han så på det.   Det er klart en kan bli litt urolig  når en ser på faren sin og plutselig er det   en diger stein der hvor hue skulle vært! ]]></wp:meta_value>
            </wp:postmeta>
            <wp:postmeta>
                <wp:meta_key>_lsb_quote</wp:meta_key>
                <wp:meta_value><![CDATA[lsb_acf_quote]]></wp:meta_value>
            </wp:postmeta>
            <wp:postmeta>
                <wp:meta_key>lsb_supported</wp:meta_key>
                <wp:meta_value><![CDATA[1]]></wp:meta_value>
            </wp:postmeta>
            <wp:postmeta>
                <wp:meta_key>_lsb_supported</wp:meta_key>
                <wp:meta_value><![CDATA[lsb_acf_supported]]></wp:meta_value>
            </wp:postmeta>
            <wp:postmeta>
                <wp:meta_key>lsb_support_cat</wp:meta_key>
                <wp:meta_value><![CDATA[purple]]></wp:meta_value>
            </wp:postmeta>
            <wp:postmeta>
                <wp:meta_key>_lsb_support_cat</wp:meta_key>
                <wp:meta_value><![CDATA[lsb_acf_support_cat]]></wp:meta_value>
            </wp:postmeta>
            <category domain="lsb_tax_author" nicename="per-petterson"><![CDATA[Per Petterson]]></category>
            <category domain="lsb_tax_publisher" nicename="oktober"><![CDATA[Oktober]]></category>
            <wp:postmeta>
                <wp:meta_key>lsb_look_inside</wp:meta_key>
                <wp:meta_value><![CDATA[CUSTOM_BLA_I_BOKA]]></wp:meta_value>
            </wp:postmeta>
            <wp:postmeta>
                <wp:meta_key>_lsb_look_inside</wp:meta_key>
                <wp:meta_value><![CDATA[lsb_acf_look_inside]]></wp:meta_value>
            </wp:postmeta>
            <category domain="lsb_tax_age" nicename="voksne"><![CDATA[voksne]]></category>
            <category domain="lsb_tax_genre" nicename="prosa"><![CDATA[prosa]]></category>
            <category domain="lsb_tax_topic" nicename="mennesker-i-mellom"><![CDATA[mennesker i mellom]]></category>
            <category domain="lsb_tax_language" nicename="no_nb"><![CDATA[bokmål]]></category>
            <category domain="lsb_tax_customization" nicename="skjønnlitteratur"><![CDATA[skjønnlitteratur]]></category>
            <wp:postmeta>
                <wp:meta_key>_thumbnail_id</wp:meta_key>
                <wp:meta_value><![CDATA[5388]]></wp:meta_value>
            </wp:postmeta>
        </item>
        <item>
            <title>aske i munnen.jpg</title>
            <wp:post_id>5388</wp:post_id>
            <wp:status>inherit</wp:status>
            <wp:post_type>attachment</wp:post_type>
            <wp:attachment_url>https://raw.githubusercontent.com/lesersokerbok/boksok.no-data-utils/master/output-example/images/97B84612161040BC8F47F3E76F9C40C0.jpg</wp:attachment_url>
        </item>
        <item>
            <wp:post_type>lsb_book</wp:post_type>
            <wp:status>publish</wp:status>
            <title>Lukten av propan om morgenen</title>
            <excerpt:encoded><![CDATA[Martin By vil gjenoppleve gode barndomsminner på telttur.  De andre i familien har litt andre forventninger til turen.   En campingferie  i beste Levi Henriksen-stil. ]]></excerpt:encoded>
            <wp:postmeta>
                <wp:meta_key>lsb_isbn</wp:meta_key>
                <wp:meta_value><![CDATA[9788205400047]]></wp:meta_value>
            </wp:postmeta>
            <wp:postmeta>
                <wp:meta_key>_lsb_isbn</wp:meta_key>
                <wp:meta_value><![CDATA[lsb_acf_isbn]]></wp:meta_value>
            </wp:postmeta>
            <wp:postmeta>
                <wp:meta_key>lsb_published_year</wp:meta_key>
                <wp:meta_value><![CDATA[2010]]></wp:meta_value>
            </wp:postmeta>
            <wp:postmeta>
                <wp:meta_key>_lsb_published_year</wp:meta_key>
                <wp:meta_value><![CDATA[lsb_acf_published_year]]></wp:meta_value>
            </wp:postmeta>
            <wp:postmeta>
                <wp:meta_key>lsb_pages</wp:meta_key>
                <wp:meta_value><![CDATA[46]]></wp:meta_value>
            </wp:postmeta>
            <wp:postmeta>
                <wp:meta_key>_lsb_pages</wp:meta_key>
                <wp:meta_value><![CDATA[lsb_acf_pages]]></wp:meta_value>
            </wp:postmeta>
            <wp:postmeta>
                <wp:meta_key>lsb_review</wp:meta_key>
                <wp:meta_value><![CDATA[Martin By forsøker å finne tilbake  <div>til følelsen av sommerferie da han var barn.</div>  <div>Følelsen vil han dele med sønnen sin,</div>  <div>nå som han selv er blitt far.</div>  <div>Trenger han egentlig mer enn lukten av propan?</div>  <div>&#160;</div>  <div>Men sønnen vil helst bare være hjemme</div>  <div>og spille dataspill. </div>  <div>Og kona er skeptisk til å ligge i telt. </div>  <div>&#160;</div>  <div>I Levi Henriksens bøker er livet en krysning</div>  <div>av ting vi drømmer om og ting som går galt.</div>  <div>Kan vi finne oss en plass hvor det er godt å være?</div>  <div>En plass der det også finnes cowboyer, indianere</div>  <div>og gamle amerikanske biler?</div>  <div>&#160;</div>  <div>Levi Henriksen er forfatter, journalist og musiker.</div>  <div>Det store gjennombruddet kom med romanen</div>  <div><strong>Snø vil falle over snø som har falt</strong> i 2004.</div>  <div>Han har gitt ut 14 bøker, </div>  <div>og de siste årene har han også gitt ut</div>  <div>to plater sammen med musikeren Thomas Maarud.</div>  <div>&#160;</div>  <div><strong>Lukten av propan om morgenen</strong> er den tredje boka </div>  <div>Levi Henriksen har gitt ut med støtte fra Leser søker bok. </div>  <div>Boka utkommer i serien <strong>Litt å lese</strong> </div>  <div>i forbindelse med Leseåret 2010. </div>  <div><strong>Litt å lese</strong>-serien er korte bøker fra de beste forfatterne.<br />  Overkommelig for folk som leser lite, </div>  <div>kjapt for folk som leser mye.</div>  <div>&#160;</div>  <div>Er du lærer og ønsker å bruke boka i et undervisningsopplegg? </div>  <div>VOX har laget oppgaver til Litt å lese-serien! </div>  <div>Last ned oppgaveheftet fra menyen til høyre. <br />  </div>  ]]></wp:meta_value>
            </wp:postmeta>
            <wp:postmeta>
                <wp:meta_key>_lsb_review</wp:meta_key>
                <wp:meta_value><![CDATA[lsb_acf_review]]></wp:meta_value>
            </wp:postmeta>
            <wp:postmeta>
                <wp:meta_key>lsb_quote</wp:meta_key>
                <wp:meta_value><![CDATA[Kvelden før hadde Martin  satt opp teltet foran huset.   Så sjekket han at propanen virket som den skulle.   Hele tiden satt David på trappa og så på ham.   Han hadde ikke sagt noe.   Hadde ikke tilbudt seg å hjelpe.   Likevel hadde Martin følt at David var på gli.   Det hadde vært noe som lignet interesse i øynene hans.   ]]></wp:meta_value>
            </wp:postmeta>
            <wp:postmeta>
                <wp:meta_key>_lsb_quote</wp:meta_key>
                <wp:meta_value><![CDATA[lsb_acf_quote]]></wp:meta_value>
            </wp:postmeta>
            <wp:postmeta>
                <wp:meta_key>lsb_supported</wp:meta_key>
                <wp:meta_value><![CDATA[1]]></wp:meta_value>
            </wp:postmeta>
            <wp:postmeta>
                <wp:meta_key>_lsb_supported</wp:meta_key>
                <wp:meta_value><![CDATA[lsb_acf_supported]]></wp:meta_value>
            </wp:postmeta>
            <wp:postmeta>
                <wp:meta_key>lsb_support_cat</wp:meta_key>
                <wp:meta_value><![CDATA[purple]]></wp:meta_value>
            </wp:postmeta>
            <wp:postmeta>
                <wp:meta_key>_lsb_support_cat</wp:meta_key>
                <wp:meta_value><![CDATA[lsb_acf_support_cat]]></wp:meta_value>
            </wp:postmeta>
            <category domain="lsb_tax_author" nicename="levi-henriksen"><![CDATA[Levi Henriksen]]></category>
            <category domain="lsb_tax_publisher" nicename="gyldendal"><![CDATA[Gyldendal]]></category>
            <wp:postmeta>
                <wp:meta_key>lsb_look_inside</wp:meta_key>
                <wp:meta_value><![CDATA[CUSTOM_BLA_I_BOKA]]></wp:meta_value>
            </wp:postmeta>
            <wp:postmeta>
                <wp:meta_key>_lsb_look_inside</wp:meta_key>
                <wp:meta_value><![CDATA[lsb_acf_look_inside]]></wp:meta_value>
            </wp:postmeta>
            <category domain="lsb_tax_age" nicename="voksne"><![CDATA[voksne]]></category>
            <category domain="lsb_tax_genre" nicename="prosa"><![CDATA[prosa]]></category>
            <category domain="lsb_tax_topic" nicename="mennesker-i-mellom"><![CDATA[mennesker i mellom]]></category>
            <category domain="lsb_tax_language" nicename="no_nb"><![CDATA[bokmål]]></category>
            <category domain="lsb_tax_customization" nicename="skjønnlitteratur"><![CDATA[skjønnlitteratur]]></category>
            <wp:postmeta>
                <wp:meta_key>_thumbnail_id</wp:meta_key>
                <wp:meta_value><![CDATA[5389]]></wp:meta_value>
            </wp:postmeta>
        </item>
        <item>
            <title>lukten av propan.jpg</title>
            <wp:post_id>5389</wp:post_id>
            <wp:status>inherit</wp:status>
            <wp:post_type>attachment</wp:post_type>
            <wp:attachment_url>https://raw.githubusercontent.com/lesersokerbok/boksok.no-data-utils/master/output-example/images/8EA57CAF3C0A4D32B3D98C78A6C27360.jpg</wp:attachment_url>
        </item>
        <item>
            <wp:post_type>lsb_book</wp:post_type>
            <wp:status>publish</wp:status>
            <title>Jeg vil ha - pekebok for voksne</title>
            <excerpt:encoded><![CDATA[Jeg vil ha tar opp emner  som er viktig for voksne  gjennom bilder, tekst og symboler. ]]></excerpt:encoded>
            <wp:postmeta>
                <wp:meta_key>lsb_isbn</wp:meta_key>
                <wp:meta_value><![CDATA[8256006730]]></wp:meta_value>
            </wp:postmeta>
            <wp:postmeta>
                <wp:meta_key>_lsb_isbn</wp:meta_key>
                <wp:meta_value><![CDATA[lsb_acf_isbn]]></wp:meta_value>
            </wp:postmeta>
            <wp:postmeta>
                <wp:meta_key>lsb_published_year</wp:meta_key>
                <wp:meta_value><![CDATA[1991]]></wp:meta_value>
            </wp:postmeta>
            <wp:postmeta>
                <wp:meta_key>_lsb_published_year</wp:meta_key>
                <wp:meta_value><![CDATA[lsb_acf_published_year]]></wp:meta_value>
            </wp:postmeta>
            <wp:postmeta>
                <wp:meta_key>lsb_pages</wp:meta_key>
                <wp:meta_value/>
            </wp:postmeta>
            <wp:postmeta>
                <wp:meta_key>_lsb_pages</wp:meta_key>
                <wp:meta_value><![CDATA[lsb_acf_pages]]></wp:meta_value>
            </wp:postmeta>
            <wp:postmeta>
                <wp:meta_key>lsb_review</wp:meta_key>
                <wp:meta_value><![CDATA[  <div><strong>Jeg vil ha</strong> handler om </div>  <div>alt det voksne kan ønske seg, </div>  <div>som kaffe, nøkkel, penger, bil, baby og katt. </div>  <div>Med et enkelt språk tar boka opp </div>  <div>vanskelige temaer. </div>  <div>  <div>Boka hjelper leseren til å uttrykke </div>  <div>egne ønsker og behov. </div></div>  <div>Temaene blir tatt opp på en måte som er</div>  <div>både realistisk og respekfull. </div>  <div>&#160;</div>  <div>Boka har både svarttekst, BLISS, </div>  <div>piktogram, tegnspråkillustrasjoner og tegninger.</div>  <div>Den er tilrettelagt for unge og voksne </div>  <div>med talehemming, utviklingshemming og multihandicap.</div>  <div>&#160;</div>  <div><strong>Anette Diesen</strong> har skrevet mange tilrettelagte bøker. <br />  Gjennom bruk av ulike symbolspråk som<br />  BLISS, piktogrammer, tegn til tale og følebilder, <br />  har hun nådd lesere som ikke har hatt bøker tidligere.</div>  ]]></wp:meta_value>
            </wp:postmeta>
            <wp:postmeta>
                <wp:meta_key>_lsb_review</wp:meta_key>
                <wp:meta_value><![CDATA[lsb_acf_review]]></wp:meta_value>
            </wp:postmeta>
            <wp:postmeta>
                <wp:meta_key>lsb_quote</wp:meta_key>
                <wp:meta_value><![CDATA[Jeg vil ha kaffe.   Kaffe er godt.  Nesten alle voksne  drikker kaffe.  Jeg er voksen.  Kan du hente en kopp til meg også?]]></wp:meta_value>
            </wp:postmeta>
            <wp:postmeta>
                <wp:meta_key>_lsb_quote</wp:meta_key>
                <wp:meta_value><![CDATA[lsb_acf_quote]]></wp:meta_value>
            </wp:postmeta>
            <wp:postmeta>
                <wp:meta_key>lsb_supported</wp:meta_key>
                <wp:meta_value><![CDATA[0]]></wp:meta_value>
            </wp:postmeta>
            <wp:postmeta>
                <wp:meta_key>_lsb_supported</wp:meta_key>
                <wp:meta_value><![CDATA[lsb_acf_supported]]></wp:meta_value>
            </wp:postmeta>
            <category domain="lsb_tax_author" nicename="anette-diesen"><![CDATA[Anette Diesen]]></category>
            <category domain="lsb_tax_publisher" nicename="solum"><![CDATA[Solum]]></category>
            <category domain="lsb_tax_illustrator" nicename="anette-diesen"><![CDATA[Anette Diesen]]></category>
            <wp:postmeta>
                <wp:meta_key>lsb_look_inside</wp:meta_key>
                <wp:meta_value><![CDATA[CUSTOM_BLA_I_BOKA]]></wp:meta_value>
            </wp:postmeta>
            <wp:postmeta>
                <wp:meta_key>_lsb_look_inside</wp:meta_key>
                <wp:meta_value><![CDATA[lsb_acf_look_inside]]></wp:meta_value>
            </wp:postmeta>
            <category domain="lsb_tax_age" nicename="voksne"><![CDATA[voksne]]></category>
            <category domain="lsb_tax_genre" nicename="faglitteratur"><![CDATA[faglitteratur]]></category>
            <category domain="lsb_tax_language" nicename="no_nb"><![CDATA[bokmål]]></category>
            <category domain="lsb_tax_customization" nicename="bliss"><![CDATA[bliss]]></category>
            <category domain="lsb_tax_customization" nicename="piktogram"><![CDATA[piktogram]]></category>
            <wp:postmeta>
                <wp:meta_key>_thumbnail_id</wp:meta_key>
                <wp:meta_value><![CDATA[5390]]></wp:meta_value>
            </wp:postmeta>
        </item>
        <item>
            <title>A.Diesen.Jeg-vil-ha3.jpg</title>
            <wp:post_id>5390</wp:post_id>
            <wp:status>inherit</wp:status>
            <wp:post_type>attachment</wp:post_type>
            <wp:attachment_url>https://raw.githubusercontent.com/lesersokerbok/boksok.no-data-utils/master/output-example/images/237927FB71824B52BF209D538D6F5FDC.jpg</wp:attachment_url>
        </item>
        <item>
            <wp:post_type>lsb_book</wp:post_type>
            <wp:status>publish</wp:status>
            <title>Min drøm om frihet</title>
            <excerpt:encoded><![CDATA[Amal Adens gripende historie  om oppveksten i Somalia og Norge.   Etter sju år som gatebarn i Somalia,   kom hun til Norge.   Men tilværelsen i Norge ble vanskelig,   og det var lite hjelp å få fra det offentlige.  ]]></excerpt:encoded>
            <wp:postmeta>
                <wp:meta_key>lsb_isbn</wp:meta_key>
                <wp:meta_value><![CDATA[9788203291852]]></wp:meta_value>
            </wp:postmeta>
            <wp:postmeta>
                <wp:meta_key>_lsb_isbn</wp:meta_key>
                <wp:meta_value><![CDATA[lsb_acf_isbn]]></wp:meta_value>
            </wp:postmeta>
            <wp:postmeta>
                <wp:meta_key>lsb_published_year</wp:meta_key>
                <wp:meta_value><![CDATA[2010]]></wp:meta_value>
            </wp:postmeta>
            <wp:postmeta>
                <wp:meta_key>_lsb_published_year</wp:meta_key>
                <wp:meta_value><![CDATA[lsb_acf_published_year]]></wp:meta_value>
            </wp:postmeta>
            <wp:postmeta>
                <wp:meta_key>lsb_pages</wp:meta_key>
                <wp:meta_value><![CDATA[190]]></wp:meta_value>
            </wp:postmeta>
            <wp:postmeta>
                <wp:meta_key>_lsb_pages</wp:meta_key>
                <wp:meta_value><![CDATA[lsb_acf_pages]]></wp:meta_value>
            </wp:postmeta>
            <wp:postmeta>
                <wp:meta_key>lsb_review</wp:meta_key>
                <wp:meta_value><![CDATA[  <div>Amal Aden forteller om sin ensomme kamp </div>  <div>for å finne sin plass i det norske samfunnet. </div>  <div>Om et støtteapparat som svikter, </div>  <div>og venner man ikke kan stole på. </div>  <div>Men et tilfeldig møte blir tilslutt </div>  <div>et avgjørende vendepunkt i livet hennes. </div>  <div>&#160;</div>  <div>Dette er Amal Adens egen historie, </div>  <div>fortalt slik hun husker det. </div>  <div>Der hvor hun er usikker, </div>  <div>eller der hun ønsker å beskytte en tredjepart,  </div>  <div>benytter hun seg av en like sann, </div>  <div>men anonymisert virkelighet.  </div>  <div>&#160;</div>  <div><strong>Min drøm om frihet</strong> er en viktig bok </div>  <div>om en sterk kvinne som trosser dårlige odds</div>  <div>og klarer å realisere sin drøm om et fritt og rikt liv. </div>  <div>Språket er enkelt, og det er korte kapitler.</div>  <div>Boka passer godt for uvante lesere, </div>  <div>også de som er nye i Norge. </div>  <div>&#160;</div>  <div>Amal Aden er et pseudonym. </div>  <div>Hun kom til Norge som analfabet. </div>  <div>I 2008 debuterte hun som forfatter.   </div>  ]]></wp:meta_value>
            </wp:postmeta>
            <wp:postmeta>
                <wp:meta_key>_lsb_review</wp:meta_key>
                <wp:meta_value><![CDATA[lsb_acf_review]]></wp:meta_value>
            </wp:postmeta>
            <wp:postmeta>
                <wp:meta_key>lsb_quote</wp:meta_key>
                <wp:meta_value><![CDATA[Neste dag blir jeg vekket av barneverntjnesten igjen. Ida og Torill er irritert fordi de har sendt meg en innkallelse og jeg ikke har møtt opp. De lurer på hvorfor jeg ikke har hentet brevet, har jeg problemer med posten? Posten? Hva er posten? Nå blir de enda mer irritert. Hvorfor skal jeg late som om jeg er så dum. Jeg prøver å fortelle at jeg ikke aner hvor jeg skal hente posten min. Jeg prøver å fortelle at jeg er oppvokst et sted hvor det ikke finnes postkasser. Jeg er ikke dum. Hvordan skal jeg kunne vite  om posten hvis ingen forteller meg om det? ]]></wp:meta_value>
            </wp:postmeta>
            <wp:postmeta>
                <wp:meta_key>_lsb_quote</wp:meta_key>
                <wp:meta_value><![CDATA[lsb_acf_quote]]></wp:meta_value>
            </wp:postmeta>
            <wp:postmeta>
                <wp:meta_key>lsb_supported</wp:meta_key>
                <wp:meta_value><![CDATA[0]]></wp:meta_value>
            </wp:postmeta>
            <wp:postmeta>
                <wp:meta_key>_lsb_supported</wp:meta_key>
                <wp:meta_value><![CDATA[lsb_acf_supported]]></wp:meta_value>
            </wp:postmeta>
            <category domain="lsb_tax_author" nicename="amal-aden"><![CDATA[Amal Aden]]></category>
            <category domain="lsb_tax_publisher" nicename="aschehoug"><![CDATA[Aschehoug]]></category>
            <wp:postmeta>
                <wp:meta_key>lsb_look_inside</wp:meta_key>
                <wp:meta_value><![CDATA[CUSTOM_BLA_I_BOKA]]></wp:meta_value>
            </wp:postmeta>
            <wp:postmeta>
                <wp:meta_key>_lsb_look_inside</wp:meta_key>
                <wp:meta_value><![CDATA[lsb_acf_look_inside]]></wp:meta_value>
            </wp:postmeta>
            <category domain="lsb_tax_age" nicename="voksne"><![CDATA[voksne]]></category>
            <category domain="lsb_tax_topic" nicename="historie"><![CDATA[historie]]></category>
            <category domain="lsb_tax_topic" nicename="samfunn"><![CDATA[samfunn]]></category>
            <category domain="lsb_tax_language" nicename="no_nb"><![CDATA[bokmål]]></category>
            <category domain="lsb_tax_customization" nicename="faglitteratur"><![CDATA[faglitteratur]]></category>
            <category domain="lsb_tax_customization" nicename="ny-i-norge"><![CDATA[ny i norge]]></category>
            <wp:postmeta>
                <wp:meta_key>_thumbnail_id</wp:meta_key>
                <wp:meta_value><![CDATA[5391]]></wp:meta_value>
            </wp:postmeta>
        </item>
        <item>
            <title>Min drøm om frihet.jpg</title>
            <wp:post_id>5391</wp:post_id>
            <wp:status>inherit</wp:status>
            <wp:post_type>attachment</wp:post_type>
            <wp:attachment_url>https://raw.githubusercontent.com/lesersokerbok/boksok.no-data-utils/master/output-example/images/BC83079FD332446FAFCF630E69BB9E1E.jpg</wp:attachment_url>
        </item>
        <item>
            <wp:post_type>lsb_book</wp:post_type>
            <wp:status>publish</wp:status>
            <title>Vekevis</title>
            <excerpt:encoded><![CDATA[Vekevis er ei morosam og sprek historie   om ei jente som har fått ein fiks idé   om å skrive ein erotisk roman.   Men så oppdagar ho -   på ein tur med danskebåten at ho er gravid.   ]]></excerpt:encoded>
            <wp:postmeta>
                <wp:meta_key>lsb_isbn</wp:meta_key>
                <wp:meta_value><![CDATA[9788203198250]]></wp:meta_value>
            </wp:postmeta>
            <wp:postmeta>
                <wp:meta_key>_lsb_isbn</wp:meta_key>
                <wp:meta_value><![CDATA[lsb_acf_isbn]]></wp:meta_value>
            </wp:postmeta>
            <wp:postmeta>
                <wp:meta_key>lsb_published_year</wp:meta_key>
                <wp:meta_value><![CDATA[2010]]></wp:meta_value>
            </wp:postmeta>
            <wp:postmeta>
                <wp:meta_key>_lsb_published_year</wp:meta_key>
                <wp:meta_value><![CDATA[lsb_acf_published_year]]></wp:meta_value>
            </wp:postmeta>
            <wp:postmeta>
                <wp:meta_key>lsb_pages</wp:meta_key>
                <wp:meta_value><![CDATA[80]]></wp:meta_value>
            </wp:postmeta>
            <wp:postmeta>
                <wp:meta_key>_lsb_pages</wp:meta_key>
                <wp:meta_value><![CDATA[lsb_acf_pages]]></wp:meta_value>
            </wp:postmeta>
            <wp:postmeta>
                <wp:meta_key>lsb_review</wp:meta_key>
                <wp:meta_value><![CDATA[  <div>Då vert det plutseleg bryllaup og oppussing av leilegheiten. </div>  <div>Og ettersom magen veks, </div>  <div>vert dette med den erotiske romanen </div>  <div>litt vanskelegere å gjennomføre. </div>  <div>&#160;</div>  <div>  <div>Selma Lønning Aarø gjer det ho kan best:</div>  <div>Ho får oss til å le av ting som absolutt ikkje</div>  <div>er festlege medan dei står på.</div>  <div>&#160;</div>  <div>Boka fortel rått og ærleg om å vere i såkalla<br />  lukkelige omstende: fødsel, fotball, strekkmerke, synd, sex<br />  og andre ting vordande mødre og fedre er opptekne av.<br />  Veke for veke... Til gjenkjenning for dei som har vori der,<br />  og til skrekk og åtvaring for alle andre.<br />   <br />  Selma Lønning Aarø er forfattar og mor til tre.<br />  Ho har gitt ut 14 bøker og er kjend som spaltist<br />  i Dagbladet, Klassekampen og Kamille. </div>  <div>&#160;</div>  <div><strong>Vekevis </strong>kjem ut i <strong>Litt å lese</strong>-serien </div>  <div>i samband med Leseåret 2010. </div>  <div><strong>Litt å lese</strong>-serien er korte bøker </div>  <div>frå dei beste forfattarane. </div>  <div>Overkommeleg for folk som les lite, </div>  <div>raskt for folk som les mykje.</div>  <div>&#160;</div>  <div>Er du lærer og ynskjer å bruke boka i eit undervisningsopplegg? </div>  <div>  <div>VOX har laga oppgåver til Litt å lese-serien! </div>  <div>Last ned oppgåveheftet frå menyen til høgre. </div></div>  <div><br />  </div></div>  ]]></wp:meta_value>
            </wp:postmeta>
            <wp:postmeta>
                <wp:meta_key>_lsb_review</wp:meta_key>
                <wp:meta_value><![CDATA[lsb_acf_review]]></wp:meta_value>
            </wp:postmeta>
            <wp:postmeta>
                <wp:meta_key>lsb_quote</wp:meta_key>
                <wp:meta_value><![CDATA[Den natta ligg eg på golvet på dekk 3  og klamrar meg til eit kunstig palmetre.   Stormen held fram. Treet er heldigvis  lenka fast i veggen.     Barnefaren sit og spelar bingo  med ei gammal dame.   Han har tusj i heile trynet.   - Eg er gravid, seier eg.   - Det er jo strålande, svarar han og held fram   med bingoen.   Han kan ikkje ha høyrt kva eg sa.   - Eg er gravid, gjentek eg.   - Slapp av! Vi har ni månader på oss til å planlegga  alt dette, seier han.   - Åtte, seier eg.   - Det er i alle fall ingenting som hastar, seier han.   Men for meg hastar det. Kva skal barnet heita?  Kva for ei vogn skal eg kjøpa?   Bør vi ikkje mala barnerommet no  slik at barnet ikkje pustar inn farlege gassar?   Jo, det hastar. ]]></wp:meta_value>
            </wp:postmeta>
            <wp:postmeta>
                <wp:meta_key>_lsb_quote</wp:meta_key>
                <wp:meta_value><![CDATA[lsb_acf_quote]]></wp:meta_value>
            </wp:postmeta>
            <wp:postmeta>
                <wp:meta_key>lsb_supported</wp:meta_key>
                <wp:meta_value><![CDATA[1]]></wp:meta_value>
            </wp:postmeta>
            <wp:postmeta>
                <wp:meta_key>_lsb_supported</wp:meta_key>
                <wp:meta_value><![CDATA[lsb_acf_supported]]></wp:meta_value>
            </wp:postmeta>
            <wp:postmeta>
                <wp:meta_key>lsb_support_cat</wp:meta_key>
                <wp:meta_value><![CDATA[purple]]></wp:meta_value>
            </wp:postmeta>
            <wp:postmeta>
                <wp:meta_key>_lsb_support_cat</wp:meta_key>
                <wp:meta_value><![CDATA[lsb_acf_support_cat]]></wp:meta_value>
            </wp:postmeta>
            <category domain="lsb_tax_author" nicename="selma-lønning-aarø"><![CDATA[Selma Lønning Aarø]]></category>
            <category domain="lsb_tax_publisher" nicename="aschehoug"><![CDATA[Aschehoug]]></category>
            <wp:postmeta>
                <wp:meta_key>lsb_look_inside</wp:meta_key>
                <wp:meta_value><![CDATA[CUSTOM_BLA_I_BOKA]]></wp:meta_value>
            </wp:postmeta>
            <wp:postmeta>
                <wp:meta_key>_lsb_look_inside</wp:meta_key>
                <wp:meta_value><![CDATA[lsb_acf_look_inside]]></wp:meta_value>
            </wp:postmeta>
            <category domain="lsb_tax_age" nicename="voksne"><![CDATA[voksne]]></category>
            <category domain="lsb_tax_genre" nicename="prosa"><![CDATA[prosa]]></category>
            <category domain="lsb_tax_topic" nicename="humor"><![CDATA[humor]]></category>
            <category domain="lsb_tax_topic" nicename="kjærlighet"><![CDATA[kjærlighet]]></category>
            <category domain="lsb_tax_topic" nicename="mennesker-i-mellom"><![CDATA[mennesker i mellom]]></category>
            <category domain="lsb_tax_language" nicename="no_nn"><![CDATA[nynorsk]]></category>
            <category domain="lsb_tax_customization" nicename="skjønnlitteratur"><![CDATA[skjønnlitteratur]]></category>
            <wp:postmeta>
                <wp:meta_key>_thumbnail_id</wp:meta_key>
                <wp:meta_value><![CDATA[5392]]></wp:meta_value>
            </wp:postmeta>
        </item>
        <item>
            <title>vekevis.jpg</title>
            <wp:post_id>5392</wp:post_id>
            <wp:status>inherit</wp:status>
            <wp:post_type>attachment</wp:post_type>
            <wp:attachment_url>https://raw.githubusercontent.com/lesersokerbok/boksok.no-data-utils/master/output-example/images/B761AE895A094283BD42BED020EDDFEE.jpg</wp:attachment_url>
        </item>
        <item>
            <wp:post_type>lsb_book</wp:post_type>
            <wp:status>publish</wp:status>
            <title>Alt kan fikses</title>
            <excerpt:encoded><![CDATA[Her er boka som fikser alt!   Over 100 enkle og praktiske råd   om oppussing, hagearbeid,     reparasjon av fritidsutstyr og mye mer.    ]]></excerpt:encoded>
            <wp:postmeta>
                <wp:meta_key>lsb_isbn</wp:meta_key>
                <wp:meta_value><![CDATA[9788248910022]]></wp:meta_value>
            </wp:postmeta>
            <wp:postmeta>
                <wp:meta_key>_lsb_isbn</wp:meta_key>
                <wp:meta_value><![CDATA[lsb_acf_isbn]]></wp:meta_value>
            </wp:postmeta>
            <wp:postmeta>
                <wp:meta_key>lsb_published_year</wp:meta_key>
                <wp:meta_value><![CDATA[2010]]></wp:meta_value>
            </wp:postmeta>
            <wp:postmeta>
                <wp:meta_key>_lsb_published_year</wp:meta_key>
                <wp:meta_value><![CDATA[lsb_acf_published_year]]></wp:meta_value>
            </wp:postmeta>
            <wp:postmeta>
                <wp:meta_key>lsb_pages</wp:meta_key>
                <wp:meta_value><![CDATA[215]]></wp:meta_value>
            </wp:postmeta>
            <wp:postmeta>
                <wp:meta_key>_lsb_pages</wp:meta_key>
                <wp:meta_value><![CDATA[lsb_acf_pages]]></wp:meta_value>
            </wp:postmeta>
            <wp:postmeta>
                <wp:meta_key>lsb_review</wp:meta_key>
                <wp:meta_value><![CDATA[  <div>Bli familiens helt<br />  når du fikser viftereima med ei strømpebukse.<br />  Redd fjellturen med lur plastring mot gnagsår.<br />  Med praktiske tips og nevenyttige forslag<br />  står du bedre rustet til å takle<br />  hverdagens små og store utfordringer.<br />  Boka er praktisk illustrert og tipsene er lettfattelige.<br />  Ti tommeltotter er ingen unnskyldning lenger.<br />  Her er det bare å gå i gang! </div>  <div>&#160;</div>  <div>Forfatter og NRK-reporter Olav Viksmo Slettan </div>  <div>har tidligere gitt ut åtte bøker. </div>  <div><strong>Alt kan fikses</strong> er basert på den populære tv-serien </div>  <div><strong>Reparatørene</strong> som ble vist i 2002.  </div>  <div>&#160;</div>  <div>  <div><strong>Alt kan fikses</strong> utkommer i <strong>Litt å lese</strong>-serien </div>  <div>i forbindelse med Leseåret 2010. </div>  <div>  <div><strong>Litt å lese</strong>-serien er korte bøker fra de beste forfatterne.</div>  <div>Overkommelig for folk som leser lite, </div>  <div>kjapt for folk som leser mye. </div>  <div>&#160;</div>  <div>Er du lærer og ønsker å bruke boka i et undervisningsopplegg? </div>  <div>VOX har laget oppgaver til Litt å lese-serien! </div>  <div>Last ned oppgaveheftet fra menyen til høyre. <br />  </div></div></div>  ]]></wp:meta_value>
            </wp:postmeta>
            <wp:postmeta>
                <wp:meta_key>_lsb_review</wp:meta_key>
                <wp:meta_value><![CDATA[lsb_acf_review]]></wp:meta_value>
            </wp:postmeta>
            <wp:postmeta>
                <wp:meta_key>lsb_quote</wp:meta_key>
                <wp:meta_value><![CDATA[RØKET VIFTEREIM = STRØMPEBUKSE    Uler viftereima som en irsk setter i løpetiden?  Da kan du regne med at den ryker om ikke   altfor lenge. I så fall bør du skifte så snart  du kan. Men hvis uhellet er ute, er kanskje  nødhjelpen næmere enn du tror. I hvert fall  hvis du eller en av de som sitter på har en   strømpebukse av nylon på. (Raknede masker   gjør ingenting.)    Tvinn sammen strømpebuksa og knyt den   stramt der viftereima skulle ha vært.  Klipp av "eselørene" ved knuten.   Da kiler de seg ikke fast.   Nå kan du kjøre videre! Oppsøk verksted,   eller kjøp ny viftereim og sett den på selv.   ]]></wp:meta_value>
            </wp:postmeta>
            <wp:postmeta>
                <wp:meta_key>_lsb_quote</wp:meta_key>
                <wp:meta_value><![CDATA[lsb_acf_quote]]></wp:meta_value>
            </wp:postmeta>
            <wp:postmeta>
                <wp:meta_key>lsb_supported</wp:meta_key>
                <wp:meta_value><![CDATA[1]]></wp:meta_value>
            </wp:postmeta>
            <wp:postmeta>
                <wp:meta_key>_lsb_supported</wp:meta_key>
                <wp:meta_value><![CDATA[lsb_acf_supported]]></wp:meta_value>
            </wp:postmeta>
            <wp:postmeta>
                <wp:meta_key>lsb_support_cat</wp:meta_key>
                <wp:meta_value><![CDATA[purple]]></wp:meta_value>
            </wp:postmeta>
            <wp:postmeta>
                <wp:meta_key>_lsb_support_cat</wp:meta_key>
                <wp:meta_value><![CDATA[lsb_acf_support_cat]]></wp:meta_value>
            </wp:postmeta>
            <category domain="lsb_tax_author" nicename="olav-viksmo-slettan"><![CDATA[Olav Viksmo-Slettan]]></category>
            <category domain="lsb_tax_publisher" nicename="kagge"><![CDATA[Kagge]]></category>
            <wp:postmeta>
                <wp:meta_key>lsb_look_inside</wp:meta_key>
                <wp:meta_value><![CDATA[CUSTOM_BLA_I_BOKA]]></wp:meta_value>
            </wp:postmeta>
            <wp:postmeta>
                <wp:meta_key>_lsb_look_inside</wp:meta_key>
                <wp:meta_value><![CDATA[lsb_acf_look_inside]]></wp:meta_value>
            </wp:postmeta>
            <category domain="lsb_tax_age" nicename="voksne"><![CDATA[voksne]]></category>
            <category domain="lsb_tax_genre" nicename="faglitteratur"><![CDATA[faglitteratur]]></category>
            <category domain="lsb_tax_topic" nicename="hus"><![CDATA[hus]]></category>
            <category domain="lsb_tax_topic" nicename="hjem"><![CDATA[hjem]]></category>
            <category domain="lsb_tax_topic" nicename="hage"><![CDATA[hage]]></category>
            <category domain="lsb_tax_language" nicename="no_nb"><![CDATA[bokmål]]></category>
            <category domain="lsb_tax_customization" nicename="faglitteratur"><![CDATA[faglitteratur]]></category>
            <category domain="lsb_tax_customization" nicename="mange-bilder"><![CDATA[mange bilder]]></category>
            <wp:postmeta>
                <wp:meta_key>_thumbnail_id</wp:meta_key>
                <wp:meta_value><![CDATA[5393]]></wp:meta_value>
            </wp:postmeta>
        </item>
        <item>
            <title>Alt kan fikses OMSLAG.jpg</title>
            <wp:post_id>5393</wp:post_id>
            <wp:status>inherit</wp:status>
            <wp:post_type>attachment</wp:post_type>
            <wp:attachment_url>https://raw.githubusercontent.com/lesersokerbok/boksok.no-data-utils/master/output-example/images/349DD44D25074FD685594D7E561D3553.jpg</wp:attachment_url>
        </item>
        <item>
            <wp:post_type>lsb_book</wp:post_type>
            <wp:status>publish</wp:status>
            <title>Jeg, Tor Ærlig</title>
            <excerpt:encoded><![CDATA[Tor Ærlig har laget en samling  tegneserie-noveller som alle handler om   ham selv. ]]></excerpt:encoded>
            <wp:postmeta>
                <wp:meta_key>lsb_isbn</wp:meta_key>
                <wp:meta_value><![CDATA[9788242943187]]></wp:meta_value>
            </wp:postmeta>
            <wp:postmeta>
                <wp:meta_key>_lsb_isbn</wp:meta_key>
                <wp:meta_value><![CDATA[lsb_acf_isbn]]></wp:meta_value>
            </wp:postmeta>
            <wp:postmeta>
                <wp:meta_key>lsb_published_year</wp:meta_key>
                <wp:meta_value><![CDATA[2010]]></wp:meta_value>
            </wp:postmeta>
            <wp:postmeta>
                <wp:meta_key>_lsb_published_year</wp:meta_key>
                <wp:meta_value><![CDATA[lsb_acf_published_year]]></wp:meta_value>
            </wp:postmeta>
            <wp:postmeta>
                <wp:meta_key>lsb_pages</wp:meta_key>
                <wp:meta_value><![CDATA[183]]></wp:meta_value>
            </wp:postmeta>
            <wp:postmeta>
                <wp:meta_key>_lsb_pages</wp:meta_key>
                <wp:meta_value><![CDATA[lsb_acf_pages]]></wp:meta_value>
            </wp:postmeta>
            <wp:postmeta>
                <wp:meta_key>lsb_review</wp:meta_key>
                <wp:meta_value><![CDATA[  <div>Hvordan er en tegneserie-</div>  <div>skapers barndom? </div>  <div>Og ungdom? </div>  <div>Hva har han egentlig opplevd, </div>  <div>som gjør at han kan velge </div>  <div>et <strong>sånt</strong> yrke? </div>  <div>&#160;</div>  <div><strong>Jeg, Tor Ærlig</strong> er en morsom </div>  <div>og tankevekkende samling </div>  <div>korte historier. </div>  <div>Alle historiene handler om </div>  <div>Tor Ærlig som barn </div>  <div>og som ungdom. </div>  <div>Historiene er tegnet på ulike måter. </div>  <div>Noen er i farger, andre i sort /hvitt </div>  <div>eller blått eller rødt. </div>  <div>Noen av historiene har vanskelig font, </div>  <div>men stort sett er fonten stor og lesbar. </div>  <div>&#160;</div>  <div><strong>Tor Ærlig</strong> er en av Norges mest </div>  <div>interessante nye serieskapere. </div>  <div>Han har gitt ut flere </div>  <div>tegneserieromaner, blant annet </div>  <div><strong>Mare Frigoris</strong> fra 2009. </div>  ]]></wp:meta_value>
            </wp:postmeta>
            <wp:postmeta>
                <wp:meta_key>_lsb_review</wp:meta_key>
                <wp:meta_value><![CDATA[lsb_acf_review]]></wp:meta_value>
            </wp:postmeta>
            <wp:postmeta>
                <wp:meta_key>lsb_quote</wp:meta_key>
                <wp:meta_value><![CDATA[- HVA MED DEG?   - JEG ... DRIVER OG   SKRIVER PÅ NOEN   GREIER ...   - HVA DA? DIKT  ELLER?   - NEI ... ØH ... TEGNESERIER   TROR JEG ... ]]></wp:meta_value>
            </wp:postmeta>
            <wp:postmeta>
                <wp:meta_key>_lsb_quote</wp:meta_key>
                <wp:meta_value><![CDATA[lsb_acf_quote]]></wp:meta_value>
            </wp:postmeta>
            <wp:postmeta>
                <wp:meta_key>lsb_supported</wp:meta_key>
                <wp:meta_value><![CDATA[0]]></wp:meta_value>
            </wp:postmeta>
            <wp:postmeta>
                <wp:meta_key>_lsb_supported</wp:meta_key>
                <wp:meta_value><![CDATA[lsb_acf_supported]]></wp:meta_value>
            </wp:postmeta>
            <category domain="lsb_tax_author" nicename="tor-ærlig-(t.-e.-naas)-"><![CDATA[Tor Ærlig (T. E. Naas) ]]></category>
            <category domain="lsb_tax_publisher" nicename="egmont"><![CDATA[Egmont]]></category>
            <category domain="lsb_tax_illustrator" nicename="tor-ærlig"><![CDATA[Tor Ærlig]]></category>
            <wp:postmeta>
                <wp:meta_key>lsb_look_inside</wp:meta_key>
                <wp:meta_value><![CDATA[CUSTOM_BLA_I_BOKA]]></wp:meta_value>
            </wp:postmeta>
            <wp:postmeta>
                <wp:meta_key>_lsb_look_inside</wp:meta_key>
                <wp:meta_value><![CDATA[lsb_acf_look_inside]]></wp:meta_value>
            </wp:postmeta>
            <category domain="lsb_tax_age" nicename="ungdom"><![CDATA[ungdom]]></category>
            <category domain="lsb_tax_age" nicename="voksne"><![CDATA[voksne]]></category>
            <category domain="lsb_tax_language" nicename="no_nb"><![CDATA[bokmål]]></category>
            <category domain="lsb_tax_customization" nicename="bilder"><![CDATA[bilder]]></category>
            <category domain="lsb_tax_customization" nicename="mange-bilder"><![CDATA[mange bilder]]></category>
            <wp:postmeta>
                <wp:meta_key>_thumbnail_id</wp:meta_key>
                <wp:meta_value><![CDATA[5394]]></wp:meta_value>
            </wp:postmeta>
        </item>
        <item>
            <title>jeg tor ærlig.jpg</title>
            <wp:post_id>5394</wp:post_id>
            <wp:status>inherit</wp:status>
            <wp:post_type>attachment</wp:post_type>
            <wp:attachment_url>https://raw.githubusercontent.com/lesersokerbok/boksok.no-data-utils/master/output-example/images/1F0EB77723FA40A591E6F2334FC187BD.jpg</wp:attachment_url>
        </item>
        <item>
            <wp:post_type>lsb_book</wp:post_type>
            <wp:status>publish</wp:status>
            <title>Redlight Setesdal</title>
            <excerpt:encoded><![CDATA[Ein heilt annleis humorbok med gamle fotografiar   og overraskande og nokså absurde biletetekstar.   Hysterisk morosamt!  ]]></excerpt:encoded>
            <wp:postmeta>
                <wp:meta_key>lsb_isbn</wp:meta_key>
                <wp:meta_value><![CDATA[9788251636216]]></wp:meta_value>
            </wp:postmeta>
            <wp:postmeta>
                <wp:meta_key>_lsb_isbn</wp:meta_key>
                <wp:meta_value><![CDATA[lsb_acf_isbn]]></wp:meta_value>
            </wp:postmeta>
            <wp:postmeta>
                <wp:meta_key>lsb_published_year</wp:meta_key>
                <wp:meta_value><![CDATA[2010]]></wp:meta_value>
            </wp:postmeta>
            <wp:postmeta>
                <wp:meta_key>_lsb_published_year</wp:meta_key>
                <wp:meta_value><![CDATA[lsb_acf_published_year]]></wp:meta_value>
            </wp:postmeta>
            <wp:postmeta>
                <wp:meta_key>lsb_pages</wp:meta_key>
                <wp:meta_value><![CDATA[95]]></wp:meta_value>
            </wp:postmeta>
            <wp:postmeta>
                <wp:meta_key>_lsb_pages</wp:meta_key>
                <wp:meta_value><![CDATA[lsb_acf_pages]]></wp:meta_value>
            </wp:postmeta>
            <wp:postmeta>
                <wp:meta_key>lsb_review</wp:meta_key>
                <wp:meta_value><![CDATA[  <div>Forfattaren har dykka djupt i arkivet til Nasjonalbiblioteket</div>  <div>og koplar gamle bilete med friske tekstar. </div>  <div>Her kjem deira heile og fulle meining endeleg fram!  </div>  <div>&#160;</div>  <div>  <div><strong>Redlight Setesdal</strong> har korte enkle tekstar. </div>  <div>Fonten er litt gamaldags, og kan vere litt vanskeleg å lese. </div>  <div>Denne boka held fram i same spor som dei to andre bøkene</div>  <div><strong>Ho peika på Ceylon og viste ein pupp</strong> og <strong>Dei likar ikkje grovisar i Rotary</strong>. </div></div>  <div>&#160;</div>  <div>Sigmund Falch (f. 1965) </div>  <div>er manusforfattar og regissør</div>  <div>innan TV og radio. </div>  <div>Han står óg bak hundrevis av sketsjar </div>  <div>til "Hallo i uken" på P2. </div>  <div>&#160;</div>  <div>&#160;</div>  ]]></wp:meta_value>
            </wp:postmeta>
            <wp:postmeta>
                <wp:meta_key>_lsb_review</wp:meta_key>
                <wp:meta_value><![CDATA[lsb_acf_review]]></wp:meta_value>
            </wp:postmeta>
            <wp:postmeta>
                <wp:meta_key>lsb_quote</wp:meta_key>
                <wp:meta_value><![CDATA[Ei av dei ytterst få gledene ho hadde att:   å lata som om ho var rotete i hovudet når Magne  ville småprata.     Thorbjørnsen var eit faens petimeter.   Baud han på kaffi, tok det fleire timar å få   han servert.   ]]></wp:meta_value>
            </wp:postmeta>
            <wp:postmeta>
                <wp:meta_key>_lsb_quote</wp:meta_key>
                <wp:meta_value><![CDATA[lsb_acf_quote]]></wp:meta_value>
            </wp:postmeta>
            <wp:postmeta>
                <wp:meta_key>lsb_supported</wp:meta_key>
                <wp:meta_value><![CDATA[0]]></wp:meta_value>
            </wp:postmeta>
            <wp:postmeta>
                <wp:meta_key>_lsb_supported</wp:meta_key>
                <wp:meta_value><![CDATA[lsb_acf_supported]]></wp:meta_value>
            </wp:postmeta>
            <category domain="lsb_tax_author" nicename="sigmund-falch"><![CDATA[Sigmund Falch]]></category>
            <category domain="lsb_tax_publisher" nicename="schibsted"><![CDATA[Schibsted]]></category>
            <wp:postmeta>
                <wp:meta_key>lsb_look_inside</wp:meta_key>
                <wp:meta_value><![CDATA[CUSTOM_BLA_I_BOKA]]></wp:meta_value>
            </wp:postmeta>
            <wp:postmeta>
                <wp:meta_key>_lsb_look_inside</wp:meta_key>
                <wp:meta_value><![CDATA[lsb_acf_look_inside]]></wp:meta_value>
            </wp:postmeta>
            <category domain="lsb_tax_age" nicename="voksne"><![CDATA[voksne]]></category>
            <category domain="lsb_tax_topic" nicename="humor"><![CDATA[humor]]></category>
            <category domain="lsb_tax_language" nicename="no_nn"><![CDATA[nynorsk]]></category>
            <category domain="lsb_tax_customization" nicename="skjønnlitteratur"><![CDATA[skjønnlitteratur]]></category>
            <category domain="lsb_tax_customization" nicename="bilder"><![CDATA[bilder]]></category>
            <category domain="lsb_tax_customization" nicename="mange-bilder"><![CDATA[mange bilder]]></category>
            <wp:postmeta>
                <wp:meta_key>_thumbnail_id</wp:meta_key>
                <wp:meta_value><![CDATA[5395]]></wp:meta_value>
            </wp:postmeta>
        </item>
        <item>
            <title>Redlight Setesdal web.jpg</title>
            <wp:post_id>5395</wp:post_id>
            <wp:status>inherit</wp:status>
            <wp:post_type>attachment</wp:post_type>
            <wp:attachment_url>https://raw.githubusercontent.com/lesersokerbok/boksok.no-data-utils/master/output-example/images/70DAE18FD9D949B0B77A40A03CF9BD1F.jpg</wp:attachment_url>
        </item>
        <item>
            <wp:post_type>lsb_book</wp:post_type>
            <wp:status>publish</wp:status>
            <title>Gummidama</title>
            <excerpt:encoded><![CDATA[En av jentene på horestrøket i Cardiff blir brutalt stukket ned.   Den tidligere prostituerte Pauline og psykologen Megan   prøver å forhindre flere overfall.       ]]></excerpt:encoded>
            <wp:postmeta>
                <wp:meta_key>lsb_isbn</wp:meta_key>
                <wp:meta_value><![CDATA[9788293087021]]></wp:meta_value>
            </wp:postmeta>
            <wp:postmeta>
                <wp:meta_key>_lsb_isbn</wp:meta_key>
                <wp:meta_value><![CDATA[lsb_acf_isbn]]></wp:meta_value>
            </wp:postmeta>
            <wp:postmeta>
                <wp:meta_key>lsb_published_year</wp:meta_key>
                <wp:meta_value><![CDATA[2010]]></wp:meta_value>
            </wp:postmeta>
            <wp:postmeta>
                <wp:meta_key>_lsb_published_year</wp:meta_key>
                <wp:meta_value><![CDATA[lsb_acf_published_year]]></wp:meta_value>
            </wp:postmeta>
            <wp:postmeta>
                <wp:meta_key>lsb_pages</wp:meta_key>
                <wp:meta_value><![CDATA[168]]></wp:meta_value>
            </wp:postmeta>
            <wp:postmeta>
                <wp:meta_key>_lsb_pages</wp:meta_key>
                <wp:meta_value><![CDATA[lsb_acf_pages]]></wp:meta_value>
            </wp:postmeta>
            <wp:postmeta>
                <wp:meta_key>lsb_review</wp:meta_key>
                <wp:meta_value><![CDATA[  <div>Pauline deler ut gratis kondomer<br />  til jentene på horestrøket. <br />  Slik vil hun gi litt hjelp, </div>  <div>beskytte dem mot sykdom og svangerskap. </div>  <div>På gata kalles hun bare Gummidama. </div>  <div>&#160;</div>  <div>Megan er psykolog. </div>  <div>Hun skal lage en rapport om livet på strøket. </div>  <div>Det er blitt tøffere for de prostituerte nå </div>  <div>etter at de har måtte forflytte seg til mørkere og farligere områder. </div>  <div>&#160;</div>  <div>Megan og Pauline vil jobbe for å hindre flere brutale angrep på jentene. </div>  <div>Men er de trygge selv?  </div>  <div>&#160;</div>  <div><strong>Gummidama</strong> er ei spennende krimbok </div>  <div>i den populære <strong>Quick Reads</strong>-serien. </div>  <div><strong>Quick Reads</strong> er gode engelske Litt å lese-bøker </div>  <div>skrevet av bestselger-forfattere og kjendiser. </div>  <div>Nye titler i serien blir lansert hvert år på Verdens bokdag, 4. mars.  </div>  <div>&#160;</div>  <div>Forfatteren Lindsay Ashford har skrevet flere krimbøker. </div>  <div>I 2006 mottok hun prisen Theakston's Crime Writer of the Year Award. </div>  <div>&#160;</div>  <div><strong>Gummidama</strong> kommer ut i <strong>Litt å lese</strong>-serien  <div>i forbindelse med Leseåret 2010. </div>  <div>  <div><strong>Litt å lese</strong>-serien er korte bøker fra de beste forfatterne.<br />  Overkommelig for folk som leser lite, </div>  <div>  <div>kjapt for folk som leser mye.<br />  </div></div></div></div>  ]]></wp:meta_value>
            </wp:postmeta>
            <wp:postmeta>
                <wp:meta_key>_lsb_review</wp:meta_key>
                <wp:meta_value><![CDATA[lsb_acf_review]]></wp:meta_value>
            </wp:postmeta>
            <wp:postmeta>
                <wp:meta_key>lsb_quote</wp:meta_key>
                <wp:meta_value><![CDATA[Solskinnet falt på svarte søplesekker  som var revet åpne av dyr. Innholdet var   spredt ut over gata som innvoller  på den støvete grå asfalten.   Det lå brukte kondomer  i falmede rosa og gule farger der,   og brukte sprøyter med rester av brun væske.   Og innerst i smuget,   stablet opp blant søplesekkene,   lå noe som kunne minne   om en utstillingsdukke  med en hvit pose som hatt.   De sprikende beina lå i en pøl av blod.   Ingen blomster prydet den døde kvinnenes   siste hvilested. Bare en haug kondomer  som var stappet mellom   de gapende blå leppene. ]]></wp:meta_value>
            </wp:postmeta>
            <wp:postmeta>
                <wp:meta_key>_lsb_quote</wp:meta_key>
                <wp:meta_value><![CDATA[lsb_acf_quote]]></wp:meta_value>
            </wp:postmeta>
            <wp:postmeta>
                <wp:meta_key>lsb_supported</wp:meta_key>
                <wp:meta_value><![CDATA[1]]></wp:meta_value>
            </wp:postmeta>
            <wp:postmeta>
                <wp:meta_key>_lsb_supported</wp:meta_key>
                <wp:meta_value><![CDATA[lsb_acf_supported]]></wp:meta_value>
            </wp:postmeta>
            <wp:postmeta>
                <wp:meta_key>lsb_support_cat</wp:meta_key>
                <wp:meta_value><![CDATA[purple]]></wp:meta_value>
            </wp:postmeta>
            <wp:postmeta>
                <wp:meta_key>_lsb_support_cat</wp:meta_key>
                <wp:meta_value><![CDATA[lsb_acf_support_cat]]></wp:meta_value>
            </wp:postmeta>
            <category domain="lsb_tax_author" nicename="lindsay-ashford"><![CDATA[Lindsay Ashford]]></category>
            <category domain="lsb_tax_publisher" nicename="reise-&amp;-kultur-"><![CDATA[Reise & Kultur ]]></category>
            <category domain="lsb_tax_translator" nicename="hege-mehren"><![CDATA[Hege Mehren]]></category>
            <wp:postmeta>
                <wp:meta_key>lsb_look_inside</wp:meta_key>
                <wp:meta_value><![CDATA[CUSTOM_BLA_I_BOKA]]></wp:meta_value>
            </wp:postmeta>
            <wp:postmeta>
                <wp:meta_key>_lsb_look_inside</wp:meta_key>
                <wp:meta_value><![CDATA[lsb_acf_look_inside]]></wp:meta_value>
            </wp:postmeta>
            <category domain="lsb_tax_age" nicename="voksne"><![CDATA[voksne]]></category>
            <category domain="lsb_tax_genre" nicename="prosa"><![CDATA[prosa]]></category>
            <category domain="lsb_tax_topic" nicename="krim"><![CDATA[krim]]></category>
            <category domain="lsb_tax_topic" nicename="spenning"><![CDATA[spenning]]></category>
            <category domain="lsb_tax_language" nicename="no_nb"><![CDATA[bokmål]]></category>
            <category domain="lsb_tax_customization" nicename="skjønnlitteratur"><![CDATA[skjønnlitteratur]]></category>
            <wp:postmeta>
                <wp:meta_key>_thumbnail_id</wp:meta_key>
                <wp:meta_value><![CDATA[5396]]></wp:meta_value>
            </wp:postmeta>
        </item>
        <item>
            <title>gummidama.jpg</title>
            <wp:post_id>5396</wp:post_id>
            <wp:status>inherit</wp:status>
            <wp:post_type>attachment</wp:post_type>
            <wp:attachment_url>https://raw.githubusercontent.com/lesersokerbok/boksok.no-data-utils/master/output-example/images/6FC8946D869040A9B3FE3B591543C935.jpg</wp:attachment_url>
        </item>
        <item>
            <wp:post_type>lsb_book</wp:post_type>
            <wp:status>publish</wp:status>
            <title>Norsk attraksjon</title>
            <excerpt:encoded><![CDATA[Boka bak den populære NRK-serien!   Linda Eide og fotograf Kristin Helgeland Hauge  jaktar ikkje etter dei heilt vanlege attraksjonane. ]]></excerpt:encoded>
            <wp:postmeta>
                <wp:meta_key>lsb_isbn</wp:meta_key>
                <wp:meta_value><![CDATA[9788281783089]]></wp:meta_value>
            </wp:postmeta>
            <wp:postmeta>
                <wp:meta_key>_lsb_isbn</wp:meta_key>
                <wp:meta_value><![CDATA[lsb_acf_isbn]]></wp:meta_value>
            </wp:postmeta>
            <wp:postmeta>
                <wp:meta_key>lsb_published_year</wp:meta_key>
                <wp:meta_value><![CDATA[2009]]></wp:meta_value>
            </wp:postmeta>
            <wp:postmeta>
                <wp:meta_key>_lsb_published_year</wp:meta_key>
                <wp:meta_value><![CDATA[lsb_acf_published_year]]></wp:meta_value>
            </wp:postmeta>
            <wp:postmeta>
                <wp:meta_key>lsb_pages</wp:meta_key>
                <wp:meta_value><![CDATA[197]]></wp:meta_value>
            </wp:postmeta>
            <wp:postmeta>
                <wp:meta_key>_lsb_pages</wp:meta_key>
                <wp:meta_value><![CDATA[lsb_acf_pages]]></wp:meta_value>
            </wp:postmeta>
            <wp:postmeta>
                <wp:meta_key>lsb_review</wp:meta_key>
                <wp:meta_value><![CDATA[  <div>  <div>Her fin du dei utrulege og rare attraksjonane</div>  <div>fortalt med Eides særeigne stemme. </div>  <div>&#160;</div>Dei dreg på tunellsafari på vestlandet, </div>  <div>og besøkjer Brekke som har nedbørsrekorden sidan 1990. </div>  <div>Vi får óg høyre om telefonkiosken på Bjørke </div>  <div>som vart oppringd av BBC ein heil sommar, </div>  <div>og om kvifor verdas største julenisse i plast </div>  <div>vart forvist ned til ferjekaien i Lyngen. </div>  <div>Og er det <u>verkeleg</u> sant at Kristoffer Columbus var vestlending?  </div>  <div>&#160;</div>  <div><strong>Norsk attraksjon</strong> har eit godt enkelt språk , </div>  <div>og ho er lettfatteleg og fengande skrive. </div>  <div>Boka har god ryddig layout, og det er enkelt å finne fram.  </div>  <div>Det er litt liten font nokre stader, t.d. i oppslagsdelen. </div>  ]]></wp:meta_value>
            </wp:postmeta>
            <wp:postmeta>
                <wp:meta_key>_lsb_review</wp:meta_key>
                <wp:meta_value><![CDATA[lsb_acf_review]]></wp:meta_value>
            </wp:postmeta>
            <wp:postmeta>
                <wp:meta_key>lsb_quote</wp:meta_key>
                <wp:meta_value><![CDATA[Ein dag landa dette brevet i innboksen vår:     Hei Norsk attraksjon!  Er de klar over at Kristoffer Columbus kom frå Hyen i Sogn og Fjordane? Der er det ein eigen park, Columbusparken med columbi-egget m.m. Eg har sett han sjølv!     Det er fort gjort å le. Columbuspark i Hyen! Med minnestein over nordfjordingen Columbus! Er dei fullstendig sprøe der inne? Held det ikkje med Odd-Bjørn Hjelmeset lenger? Er dei blitt stormannsgalne? Hallo? Koko!   Det er fort gjort å stilla mentale diagnosar når ein sit på eit kontor i Bergen og trur ein veit alt. Herregud, Columbus var då italiano. Certo. Finito. ]]></wp:meta_value>
            </wp:postmeta>
            <wp:postmeta>
                <wp:meta_key>_lsb_quote</wp:meta_key>
                <wp:meta_value><![CDATA[lsb_acf_quote]]></wp:meta_value>
            </wp:postmeta>
            <wp:postmeta>
                <wp:meta_key>lsb_supported</wp:meta_key>
                <wp:meta_value><![CDATA[0]]></wp:meta_value>
            </wp:postmeta>
            <wp:postmeta>
                <wp:meta_key>_lsb_supported</wp:meta_key>
                <wp:meta_value><![CDATA[lsb_acf_supported]]></wp:meta_value>
            </wp:postmeta>
            <category domain="lsb_tax_author" nicename="linda-eide"><![CDATA[Linda Eide]]></category>
            <category domain="lsb_tax_publisher" nicename="nrk-aktivum"><![CDATA[NRK Aktivum]]></category>
            <category domain="lsb_tax_illustrator" nicename="kristin-helgeland-hauge-(foto)"><![CDATA[Kristin Helgeland Hauge (foto)]]></category>
            <wp:postmeta>
                <wp:meta_key>lsb_look_inside</wp:meta_key>
                <wp:meta_value><![CDATA[CUSTOM_BLA_I_BOKA]]></wp:meta_value>
            </wp:postmeta>
            <wp:postmeta>
                <wp:meta_key>_lsb_look_inside</wp:meta_key>
                <wp:meta_value><![CDATA[lsb_acf_look_inside]]></wp:meta_value>
            </wp:postmeta>
            <category domain="lsb_tax_age" nicename="voksne"><![CDATA[voksne]]></category>
            <category domain="lsb_tax_topic" nicename="humor"><![CDATA[humor]]></category>
            <category domain="lsb_tax_topic" nicename="historie"><![CDATA[historie]]></category>
            <category domain="lsb_tax_topic" nicename="samfunn"><![CDATA[samfunn]]></category>
            <category domain="lsb_tax_language" nicename="no_nn"><![CDATA[nynorsk]]></category>
            <category domain="lsb_tax_customization" nicename="faglitteratur"><![CDATA[faglitteratur]]></category>
            <wp:postmeta>
                <wp:meta_key>_thumbnail_id</wp:meta_key>
                <wp:meta_value><![CDATA[5397]]></wp:meta_value>
            </wp:postmeta>
        </item>
        <item>
            <title>norsk attraksjon web.jpg</title>
            <wp:post_id>5397</wp:post_id>
            <wp:status>inherit</wp:status>
            <wp:post_type>attachment</wp:post_type>
            <wp:attachment_url>https://raw.githubusercontent.com/lesersokerbok/boksok.no-data-utils/master/output-example/images/1487825A4BD6488BAA83B9BC211B915D.jpg</wp:attachment_url>
        </item>
        <item>
            <wp:post_type>lsb_book</wp:post_type>
            <wp:status>publish</wp:status>
            <title>Opp i røyk</title>
            <excerpt:encoded><![CDATA[Hva skal en tøff narkolanger gjøre   når en av karene snyter ham? ]]></excerpt:encoded>
            <wp:postmeta>
                <wp:meta_key>lsb_isbn</wp:meta_key>
                <wp:meta_value><![CDATA[9788293087014]]></wp:meta_value>
            </wp:postmeta>
            <wp:postmeta>
                <wp:meta_key>_lsb_isbn</wp:meta_key>
                <wp:meta_value><![CDATA[lsb_acf_isbn]]></wp:meta_value>
            </wp:postmeta>
            <wp:postmeta>
                <wp:meta_key>lsb_published_year</wp:meta_key>
                <wp:meta_value><![CDATA[2010]]></wp:meta_value>
            </wp:postmeta>
            <wp:postmeta>
                <wp:meta_key>_lsb_published_year</wp:meta_key>
                <wp:meta_value><![CDATA[lsb_acf_published_year]]></wp:meta_value>
            </wp:postmeta>
            <wp:postmeta>
                <wp:meta_key>lsb_pages</wp:meta_key>
                <wp:meta_value><![CDATA[146]]></wp:meta_value>
            </wp:postmeta>
            <wp:postmeta>
                <wp:meta_key>_lsb_pages</wp:meta_key>
                <wp:meta_value><![CDATA[lsb_acf_pages]]></wp:meta_value>
            </wp:postmeta>
            <wp:postmeta>
                <wp:meta_key>lsb_review</wp:meta_key>
                <wp:meta_value><![CDATA[  <div>Baldock reagerer voldsomt  </div>  <div>og bestemmer seg for å gi fyren</div>  <div>en skikkelig lærepenge. </div>  <div>&#160;</div>  <div>Men hjemme sitter faren, </div>  <div>en krigsveteran lenket til rullestolen, </div>  <div>og intetanende om sønnens </div>  <div>narkotikavirksomhet. </div>  <div>&#160;</div>  <div>Forholdet mellom far og sønn</div>  <div>blir satt på prøve når Baldock</div>  <div>tar opp jakten på den illojale tjeneren. </div>  <div>&#160;</div>  <div><strong>Opp i røyk</strong> er ei spennende krimbok </div>  <div>i den populære <strong>Quick Reads</strong>-serien. </div>  <div><strong>Quick Reads</strong> er gode engelske Litt å lese-bøker </div>  <div>skrevet av bestselger-forfattere og kjendiser. </div>  <div>Nye titler i serien blir lansert hvert år på Verdens bokdag, 4. mars.   </div>  <div>&#160;</div>  <div>Den walisiske forfatteren Roger Granelli </div>  <div>har skrevet fem bøker</div>  <div>og er også musiker og komponist. </div>  <div>&#160;</div>  <div><strong>Opp i røyk</strong> kommer ut i <strong>Litt å lese</strong>-serien </div>  <div>i forbindelse med Leseåret 2010. </div>  <div>  <div><strong>Litt å lese</strong>-serien er korte bøker fra de beste forfatterne.<br />  Overkommelig for folk som leser lite, </div>  <div>  <div>kjapt for folk som leser mye.<br />  </div></div></div>  ]]></wp:meta_value>
            </wp:postmeta>
            <wp:postmeta>
                <wp:meta_key>_lsb_review</wp:meta_key>
                <wp:meta_value><![CDATA[lsb_acf_review]]></wp:meta_value>
            </wp:postmeta>
            <wp:postmeta>
                <wp:meta_key>lsb_quote</wp:meta_key>
                <wp:meta_value><![CDATA[Baldock reiste seg og dro TJ på beina.   Mora ble sittende og holde på pengene,   revet mellom nød og lojalitet.   Baldock dyttet TJ foran seg,   og gutten gjorde ikke noe forsøk  på å komme seg unna.   Han vaklet mot døra som en full mann.   Baldock visste at alle tegn på vennlighet  ville bli oppfattet som svakhet  og Baldock var ikke kjent for å være svak.   Det hadde han ikke råd til.   - Hvor skal vi? klynket TJ.   - Jeg vil ikke dra noe sted, Baldock. ]]></wp:meta_value>
            </wp:postmeta>
            <wp:postmeta>
                <wp:meta_key>_lsb_quote</wp:meta_key>
                <wp:meta_value><![CDATA[lsb_acf_quote]]></wp:meta_value>
            </wp:postmeta>
            <wp:postmeta>
                <wp:meta_key>lsb_supported</wp:meta_key>
                <wp:meta_value><![CDATA[1]]></wp:meta_value>
            </wp:postmeta>
            <wp:postmeta>
                <wp:meta_key>_lsb_supported</wp:meta_key>
                <wp:meta_value><![CDATA[lsb_acf_supported]]></wp:meta_value>
            </wp:postmeta>
            <wp:postmeta>
                <wp:meta_key>lsb_support_cat</wp:meta_key>
                <wp:meta_value><![CDATA[purple]]></wp:meta_value>
            </wp:postmeta>
            <wp:postmeta>
                <wp:meta_key>_lsb_support_cat</wp:meta_key>
                <wp:meta_value><![CDATA[lsb_acf_support_cat]]></wp:meta_value>
            </wp:postmeta>
            <category domain="lsb_tax_author" nicename="roger-granelli-"><![CDATA[Roger Granelli ]]></category>
            <category domain="lsb_tax_publisher" nicename="reise-&amp;-kultur"><![CDATA[Reise & Kultur]]></category>
            <category domain="lsb_tax_translator" nicename="tom-a.-i.-tynne-"><![CDATA[Tom A. I. Tynne ]]></category>
            <wp:postmeta>
                <wp:meta_key>lsb_look_inside</wp:meta_key>
                <wp:meta_value><![CDATA[CUSTOM_BLA_I_BOKA]]></wp:meta_value>
            </wp:postmeta>
            <wp:postmeta>
                <wp:meta_key>_lsb_look_inside</wp:meta_key>
                <wp:meta_value><![CDATA[lsb_acf_look_inside]]></wp:meta_value>
            </wp:postmeta>
            <category domain="lsb_tax_age" nicename="voksne"><![CDATA[voksne]]></category>
            <category domain="lsb_tax_genre" nicename="prosa"><![CDATA[prosa]]></category>
            <category domain="lsb_tax_topic" nicename="krim"><![CDATA[krim]]></category>
            <category domain="lsb_tax_topic" nicename="spenning"><![CDATA[spenning]]></category>
            <category domain="lsb_tax_language" nicename="no_nb"><![CDATA[bokmål]]></category>
            <category domain="lsb_tax_customization" nicename="skjønnlitteratur"><![CDATA[skjønnlitteratur]]></category>
            <wp:postmeta>
                <wp:meta_key>_thumbnail_id</wp:meta_key>
                <wp:meta_value><![CDATA[5398]]></wp:meta_value>
            </wp:postmeta>
        </item>
        <item>
            <title>opp i røyk.jpg</title>
            <wp:post_id>5398</wp:post_id>
            <wp:status>inherit</wp:status>
            <wp:post_type>attachment</wp:post_type>
            <wp:attachment_url>https://raw.githubusercontent.com/lesersokerbok/boksok.no-data-utils/master/output-example/images/EE73ECC1082A4BCF833F92E35EBA1E0D.jpg</wp:attachment_url>
        </item>
        <item>
            <wp:post_type>lsb_book</wp:post_type>
            <wp:status>publish</wp:status>
            <title>Hjem til jul</title>
            <excerpt:encoded><![CDATA[Tjue korte fortellinger om   de små og store dramaene i livene til   en gjeng middelaldrende venninner. ]]></excerpt:encoded>
            <wp:postmeta>
                <wp:meta_key>lsb_isbn</wp:meta_key>
                <wp:meta_value><![CDATA[9788210051210]]></wp:meta_value>
            </wp:postmeta>
            <wp:postmeta>
                <wp:meta_key>_lsb_isbn</wp:meta_key>
                <wp:meta_value><![CDATA[lsb_acf_isbn]]></wp:meta_value>
            </wp:postmeta>
            <wp:postmeta>
                <wp:meta_key>lsb_published_year</wp:meta_key>
                <wp:meta_value><![CDATA[2010]]></wp:meta_value>
            </wp:postmeta>
            <wp:postmeta>
                <wp:meta_key>_lsb_published_year</wp:meta_key>
                <wp:meta_value><![CDATA[lsb_acf_published_year]]></wp:meta_value>
            </wp:postmeta>
            <wp:postmeta>
                <wp:meta_key>lsb_pages</wp:meta_key>
                <wp:meta_value><![CDATA[181]]></wp:meta_value>
            </wp:postmeta>
            <wp:postmeta>
                <wp:meta_key>_lsb_pages</wp:meta_key>
                <wp:meta_value><![CDATA[lsb_acf_pages]]></wp:meta_value>
            </wp:postmeta>
            <wp:postmeta>
                <wp:meta_key>lsb_review</wp:meta_key>
                <wp:meta_value><![CDATA[  <div>Fortelleren er Betty som beretter </div>  <div>løst og fast om hva jentegjengen </div>  <div>har opplevd sammen de siste årene. </div>  <div>Om hytteturen som ble en prøvelse for venninnene </div>  <div>(og ikke for mennene deres, slik meningen var), </div>  <div>om ektefellenes middelalderkriser </div>  <div>og litt for store begeistring for nabofruen, </div>  <div>og da den ene venninen forlot ektefellen </div>  <div>og ble lesbisk istedet. </div>  <div>Og fremfor alt om støtten damen tilbyr hverandre</div>  <div>når det stormer rundt dem. </div>  <div>&#160;</div>  <div>Laila Stien skriver om de nære og hverdagslige tingene.</div>  <div>De små detaljene som ofte ikke er så synlige, </div>  <div>men likefullt viktige i våre liv. </div>  <div>&#160;</div>  <div><strong>Hjem til jul</strong> er skrevet i en muntlig og fortellende stil. </div>  <div>Språket er enkelt og økonomisk, </div>  <div>uten så mye overflødige ord. </div>  <div>Fonten er ganske stor. </div>  <div>&#160;</div>  <div>Laila Stien (f. 1946)debuterte i 1979</div>  <div>og er en av Norges fremste novellister. </div>  ]]></wp:meta_value>
            </wp:postmeta>
            <wp:postmeta>
                <wp:meta_key>_lsb_review</wp:meta_key>
                <wp:meta_value><![CDATA[lsb_acf_review]]></wp:meta_value>
            </wp:postmeta>
            <wp:postmeta>
                <wp:meta_key>lsb_quote</wp:meta_key>
                <wp:meta_value><![CDATA[Etter å ha vært gift med Vidar i enogtjue år ble Veronica plutselig lesbisk. Vidar var knust. Og når jeg sier knust, så mener jeg knust. Dattera tok det pent, men hun er jo et annet sted, studerer i utlandet. Det hjelper med avstand når ting skjer.   Vidar dreiv først og ringte til dattera, ringte i ett sett. Skulle ha hjelp til å få mora på bedre tanker, få henne til sans og samling igjen. Men der var det ikke mye hjelp å få. Han fikk brutalt beskjed om å la mora i fred, gi henne sjansen til å finne ut ting sjøl.   - Forstått? spurte hun i andre enden av telefonlinja, og var akkurat så nebbete som hun alltid har vært.   Vidar kom til meg. Han trengte et menneske. Et fornuftig menneske. Som kunne lytte og forstå. Han valgte altså meg. Han kunne ha valgt Rita. Eller en kollega på skolen, mannfolk kan også være snakkende med.  ]]></wp:meta_value>
            </wp:postmeta>
            <wp:postmeta>
                <wp:meta_key>_lsb_quote</wp:meta_key>
                <wp:meta_value><![CDATA[lsb_acf_quote]]></wp:meta_value>
            </wp:postmeta>
            <wp:postmeta>
                <wp:meta_key>lsb_supported</wp:meta_key>
                <wp:meta_value><![CDATA[0]]></wp:meta_value>
            </wp:postmeta>
            <wp:postmeta>
                <wp:meta_key>_lsb_supported</wp:meta_key>
                <wp:meta_value><![CDATA[lsb_acf_supported]]></wp:meta_value>
            </wp:postmeta>
            <category domain="lsb_tax_author" nicename="laila-stien-"><![CDATA[Laila Stien ]]></category>
            <category domain="lsb_tax_publisher" nicename="tiden"><![CDATA[Tiden]]></category>
            <wp:postmeta>
                <wp:meta_key>lsb_look_inside</wp:meta_key>
                <wp:meta_value><![CDATA[CUSTOM_BLA_I_BOKA]]></wp:meta_value>
            </wp:postmeta>
            <wp:postmeta>
                <wp:meta_key>_lsb_look_inside</wp:meta_key>
                <wp:meta_value><![CDATA[lsb_acf_look_inside]]></wp:meta_value>
            </wp:postmeta>
            <category domain="lsb_tax_age" nicename="voksne"><![CDATA[voksne]]></category>
            <category domain="lsb_tax_genre" nicename="prosa"><![CDATA[prosa]]></category>
            <category domain="lsb_tax_topic" nicename="kjærlighet"><![CDATA[kjærlighet]]></category>
            <category domain="lsb_tax_topic" nicename="mennesker-i-mellom"><![CDATA[mennesker i mellom]]></category>
            <category domain="lsb_tax_language" nicename="no_nb"><![CDATA[bokmål]]></category>
            <category domain="lsb_tax_customization" nicename="skjønnlitteratur"><![CDATA[skjønnlitteratur]]></category>
            <wp:postmeta>
                <wp:meta_key>_thumbnail_id</wp:meta_key>
                <wp:meta_value><![CDATA[5399]]></wp:meta_value>
            </wp:postmeta>
        </item>
        <item>
            <title>hjem til jul web.jpg</title>
            <wp:post_id>5399</wp:post_id>
            <wp:status>inherit</wp:status>
            <wp:post_type>attachment</wp:post_type>
            <wp:attachment_url>https://raw.githubusercontent.com/lesersokerbok/boksok.no-data-utils/master/output-example/images/E46369DC6A2248CA816A744B09842D80.jpg</wp:attachment_url>
        </item>
        <item>
            <wp:post_type>lsb_book</wp:post_type>
            <wp:status>publish</wp:status>
            <title>Souads vesker</title>
            <excerpt:encoded><![CDATA[Flott bildebok om en innvandrerkvinne   som har vansker med å finne seg til rette i Norge.   ]]></excerpt:encoded>
            <wp:postmeta>
                <wp:meta_key>lsb_isbn</wp:meta_key>
                <wp:meta_value><![CDATA[9788256016631]]></wp:meta_value>
            </wp:postmeta>
            <wp:postmeta>
                <wp:meta_key>_lsb_isbn</wp:meta_key>
                <wp:meta_value><![CDATA[lsb_acf_isbn]]></wp:meta_value>
            </wp:postmeta>
            <wp:postmeta>
                <wp:meta_key>lsb_published_year</wp:meta_key>
                <wp:meta_value><![CDATA[2010]]></wp:meta_value>
            </wp:postmeta>
            <wp:postmeta>
                <wp:meta_key>_lsb_published_year</wp:meta_key>
                <wp:meta_value><![CDATA[lsb_acf_published_year]]></wp:meta_value>
            </wp:postmeta>
            <wp:postmeta>
                <wp:meta_key>lsb_pages</wp:meta_key>
                <wp:meta_value><![CDATA[upag.]]></wp:meta_value>
            </wp:postmeta>
            <wp:postmeta>
                <wp:meta_key>_lsb_pages</wp:meta_key>
                <wp:meta_value><![CDATA[lsb_acf_pages]]></wp:meta_value>
            </wp:postmeta>
            <wp:postmeta>
                <wp:meta_key>lsb_review</wp:meta_key>
                <wp:meta_value><![CDATA[  <div>Det er kaldt og stille ute. </div>  <div>Souad vil ikke stå opp. </div>  <div>Hun vil være inne med den grønne veska. </div>  <div>I den har hun alt hun trenger. </div>  <div>&#160;</div>  <div>Khalid arbeider hele dagen, </div>  <div>og barna er på skolen eller ute blant venner. </div>  <div>Bare Souad er hjemme og kjenner på ensomheten. </div>  <div>Når lengselen etter hjemlandet blir for stor, </div>  <div>tar hun fram den rosa vesken. </div>  <div>Der ligger minnene fra det stedet hun vokste opp. </div>  <div>&#160;</div>  <div>En vakker bildebok om  </div>  <div>integrering og drømmen om et nytt liv, </div>  <div>men også om det å være ensom i en ny tilværelse. </div>  <div>Det er lite tekst på hver side, </div>  <div>og boka vil passe fint </div>  <div>for de som leser lite norsk. </div>  <div>&#160;</div>  <div>Cecilie Seim (f. 1976) er illustratør </div>  <div>og har illustrert flere barnebøker. <br />  Dette er hennes debut som forfatter. </div>  <div>&#160;</div>  <div>Souads vesker vant 2. premie i konkurransen </div>  <div>"Leser søker bildebok". </div>  <div>&#160;</div>  <div>Fra juryens uttalelse: </div>  <div>"Dette er ei bildebok i ordets rette forstand: </div>  <div>Tekst og bilde jobber sammen </div>  <div>om å skape et sjeldent godt kunstnerisk uttrykk. </div>  <div>Mellom tekst og bilde finnes en klar stemme som forteller om</div>  <div>ny og tapt hverdag på en måte som har truffet juryen"</div>  <div>&#160;</div>  <div>&#160;</div>  ]]></wp:meta_value>
            </wp:postmeta>
            <wp:postmeta>
                <wp:meta_key>_lsb_review</wp:meta_key>
                <wp:meta_value><![CDATA[lsb_acf_review]]></wp:meta_value>
            </wp:postmeta>
            <wp:postmeta>
                <wp:meta_key>lsb_quote</wp:meta_key>
                <wp:meta_value><![CDATA[Hun henger den blå veska på knaggen og tar ned den aller fineste.   Den er rosa med perlebroderier rundt kanten. Souad fikk den da hun var barn.   Hun pakker seg inn i dyna, slår på lyset og åpner veska med skattene. Veska som har reist så langt.   Den rosa veska henger alltid på knaggen. Den tar hun ned når lengselen blir for stor.   Når ensomheten blir for kald. Når dagene er for korte. Og natta altfor lang.   Hun kjenner på steinene fra det stedet hun vokste opp. På de små myntene hun fikk fra faren sin.   Hun leser de små papirlappene hun skrev på skolen. Hun kjenner på sjalet.   Stoffet, som fortsatt lukter av sol og sand. Av moren hennes.   Hun legger det rundt seg. Og sovner.   ]]></wp:meta_value>
            </wp:postmeta>
            <wp:postmeta>
                <wp:meta_key>_lsb_quote</wp:meta_key>
                <wp:meta_value><![CDATA[lsb_acf_quote]]></wp:meta_value>
            </wp:postmeta>
            <wp:postmeta>
                <wp:meta_key>lsb_supported</wp:meta_key>
                <wp:meta_value><![CDATA[1]]></wp:meta_value>
            </wp:postmeta>
            <wp:postmeta>
                <wp:meta_key>_lsb_supported</wp:meta_key>
                <wp:meta_value><![CDATA[lsb_acf_supported]]></wp:meta_value>
            </wp:postmeta>
            <wp:postmeta>
                <wp:meta_key>lsb_support_cat</wp:meta_key>
                <wp:meta_value><![CDATA[purple]]></wp:meta_value>
            </wp:postmeta>
            <wp:postmeta>
                <wp:meta_key>_lsb_support_cat</wp:meta_key>
                <wp:meta_value><![CDATA[lsb_acf_support_cat]]></wp:meta_value>
            </wp:postmeta>
            <category domain="lsb_tax_author" nicename="cecilie-seim"><![CDATA[Cecilie Seim]]></category>
            <category domain="lsb_tax_publisher" nicename="solum"><![CDATA[Solum]]></category>
            <category domain="lsb_tax_illustrator" nicename="cecilie-seim"><![CDATA[Cecilie Seim]]></category>
            <wp:postmeta>
                <wp:meta_key>lsb_look_inside</wp:meta_key>
                <wp:meta_value><![CDATA[CUSTOM_BLA_I_BOKA]]></wp:meta_value>
            </wp:postmeta>
            <wp:postmeta>
                <wp:meta_key>_lsb_look_inside</wp:meta_key>
                <wp:meta_value><![CDATA[lsb_acf_look_inside]]></wp:meta_value>
            </wp:postmeta>
            <category domain="lsb_tax_age" nicename="voksne"><![CDATA[voksne]]></category>
            <category domain="lsb_tax_genre" nicename="prosa"><![CDATA[prosa]]></category>
            <category domain="lsb_tax_topic" nicename="mennesker-i-mellom"><![CDATA[mennesker i mellom]]></category>
            <category domain="lsb_tax_language" nicename="no_nb"><![CDATA[bokmål]]></category>
            <category domain="lsb_tax_customization" nicename="bilder"><![CDATA[bilder]]></category>
            <category domain="lsb_tax_customization" nicename="ny-i-norge"><![CDATA[ny i norge]]></category>
            <category domain="lsb_tax_customization" nicename="mange-bilder"><![CDATA[mange bilder]]></category>
            <wp:postmeta>
                <wp:meta_key>_thumbnail_id</wp:meta_key>
                <wp:meta_value><![CDATA[5400]]></wp:meta_value>
            </wp:postmeta>
        </item>
        <item>
            <title>souads vesker web.jpg</title>
            <wp:post_id>5400</wp:post_id>
            <wp:status>inherit</wp:status>
            <wp:post_type>attachment</wp:post_type>
            <wp:attachment_url>https://raw.githubusercontent.com/lesersokerbok/boksok.no-data-utils/master/output-example/images/8F63BB8F1B3141818F40426B352DA754.jpg</wp:attachment_url>
        </item>
        <item>
            <wp:post_type>lsb_book</wp:post_type>
            <wp:status>publish</wp:status>
            <title>Raina på ridetur</title>
            <excerpt:encoded><![CDATA[Dette er ei bok for alle   som liker hester.  I boka møter du flere unge ryttere.  Raina og Knut er 9 år.  Liv og Beate er 13 år.  ]]></excerpt:encoded>
            <wp:postmeta>
                <wp:meta_key>lsb_isbn</wp:meta_key>
                <wp:meta_value><![CDATA[977880020062]]></wp:meta_value>
            </wp:postmeta>
            <wp:postmeta>
                <wp:meta_key>_lsb_isbn</wp:meta_key>
                <wp:meta_value><![CDATA[lsb_acf_isbn]]></wp:meta_value>
            </wp:postmeta>
            <wp:postmeta>
                <wp:meta_key>lsb_published_year</wp:meta_key>
                <wp:meta_value><![CDATA[2005]]></wp:meta_value>
            </wp:postmeta>
            <wp:postmeta>
                <wp:meta_key>_lsb_published_year</wp:meta_key>
                <wp:meta_value><![CDATA[lsb_acf_published_year]]></wp:meta_value>
            </wp:postmeta>
            <wp:postmeta>
                <wp:meta_key>lsb_pages</wp:meta_key>
                <wp:meta_value><![CDATA[108]]></wp:meta_value>
            </wp:postmeta>
            <wp:postmeta>
                <wp:meta_key>_lsb_pages</wp:meta_key>
                <wp:meta_value><![CDATA[lsb_acf_pages]]></wp:meta_value>
            </wp:postmeta>
            <wp:postmeta>
                <wp:meta_key>lsb_review</wp:meta_key>
                <wp:meta_value><![CDATA[  <div>Det er ikke bare lett å ri over fjellet.<br />  Hestene må over elver og myrer. </div>  <div>&#160;</div>  <div>Boka har enkel tekst, og det er stor skrift. </div>  <div>Illustrasjonene er litt uklare. </div>  <div>&#160;</div>  <div>Anette Diesen har skrevet mange <br />  tilrettelagte bøker med følebilder, Bliss <br />  og/eller piktogrammer. <br />  </div>  <div>Boka selges fra direkte fra Likeverd forlag</div>  <div>og kan bestilles på telefon 33 31 33 77</div>  <div>eller per epost: <a href="mailto:diesenanette@combitel.no">diesenanette@combitel.no</a> </div>  <div>&#160;</div>  ]]></wp:meta_value>
            </wp:postmeta>
            <wp:postmeta>
                <wp:meta_key>_lsb_review</wp:meta_key>
                <wp:meta_value><![CDATA[lsb_acf_review]]></wp:meta_value>
            </wp:postmeta>
            <wp:postmeta>
                <wp:meta_key>lsb_quote</wp:meta_key>
                <wp:meta_value><![CDATA[Beate setter i et hyl  når brevannet fosser  mot de nakne leggene hennes.  Det iser i tærne,   og det renner av skoene   når hun kommer opp.    Liv tar skoene sine i handa  og rir barbeint ut i elva.   Hun styrer Aron med ei hand. ]]></wp:meta_value>
            </wp:postmeta>
            <wp:postmeta>
                <wp:meta_key>_lsb_quote</wp:meta_key>
                <wp:meta_value><![CDATA[lsb_acf_quote]]></wp:meta_value>
            </wp:postmeta>
            <wp:postmeta>
                <wp:meta_key>lsb_supported</wp:meta_key>
                <wp:meta_value><![CDATA[0]]></wp:meta_value>
            </wp:postmeta>
            <wp:postmeta>
                <wp:meta_key>_lsb_supported</wp:meta_key>
                <wp:meta_value><![CDATA[lsb_acf_supported]]></wp:meta_value>
            </wp:postmeta>
            <category domain="lsb_tax_author" nicename="anette-diesen"><![CDATA[Anette Diesen]]></category>
            <category domain="lsb_tax_publisher" nicename="likeverd-forlag"><![CDATA[Likeverd forlag]]></category>
            <wp:postmeta>
                <wp:meta_key>lsb_look_inside</wp:meta_key>
                <wp:meta_value><![CDATA[CUSTOM_BLA_I_BOKA]]></wp:meta_value>
            </wp:postmeta>
            <wp:postmeta>
                <wp:meta_key>_lsb_look_inside</wp:meta_key>
                <wp:meta_value><![CDATA[lsb_acf_look_inside]]></wp:meta_value>
            </wp:postmeta>
            <category domain="lsb_tax_age" nicename="barn"><![CDATA[barn]]></category>
            <category domain="lsb_tax_genre" nicename="prosa"><![CDATA[prosa]]></category>
            <category domain="lsb_tax_topic" nicename="mennesker-i-mellom"><![CDATA[mennesker i mellom]]></category>
            <category domain="lsb_tax_topic" nicename="natur"><![CDATA[natur]]></category>
            <category domain="lsb_tax_language" nicename="no_nb"><![CDATA[bokmål]]></category>
            <category domain="lsb_tax_customization" nicename="storskrift"><![CDATA[storskrift]]></category>
            <category domain="lsb_tax_customization" nicename="skjønnlitteratur"><![CDATA[skjønnlitteratur]]></category>
            <wp:postmeta>
                <wp:meta_key>_thumbnail_id</wp:meta_key>
                <wp:meta_value><![CDATA[5401]]></wp:meta_value>
            </wp:postmeta>
        </item>
        <item>
            <title>Forside til Raina på ridetur. Lettlest bok..jpg</title>
            <wp:post_id>5401</wp:post_id>
            <wp:status>inherit</wp:status>
            <wp:post_type>attachment</wp:post_type>
            <wp:attachment_url>https://raw.githubusercontent.com/lesersokerbok/boksok.no-data-utils/master/output-example/images/89D33E9F53D149A695E6A528A5977468.jpg</wp:attachment_url>
        </item>
        <item>
            <wp:post_type>lsb_book</wp:post_type>
            <wp:status>publish</wp:status>
            <title>Bli kjent - med grunnskolen, videregående skole, høgskole/universitet, voksenopplæring</title>
            <excerpt:encoded><![CDATA[Hvordan er det norske skolesystemet?   Hva forventes av foreldrene?    Hva finnes av muligheter for voksne som skal ta utdanning?  ]]></excerpt:encoded>
            <wp:postmeta>
                <wp:meta_key>lsb_isbn</wp:meta_key>
                <wp:meta_value><![CDATA[9788291234380]]></wp:meta_value>
            </wp:postmeta>
            <wp:postmeta>
                <wp:meta_key>_lsb_isbn</wp:meta_key>
                <wp:meta_value><![CDATA[lsb_acf_isbn]]></wp:meta_value>
            </wp:postmeta>
            <wp:postmeta>
                <wp:meta_key>lsb_published_year</wp:meta_key>
                <wp:meta_value><![CDATA[2007]]></wp:meta_value>
            </wp:postmeta>
            <wp:postmeta>
                <wp:meta_key>_lsb_published_year</wp:meta_key>
                <wp:meta_value><![CDATA[lsb_acf_published_year]]></wp:meta_value>
            </wp:postmeta>
            <wp:postmeta>
                <wp:meta_key>lsb_pages</wp:meta_key>
                <wp:meta_value><![CDATA[157]]></wp:meta_value>
            </wp:postmeta>
            <wp:postmeta>
                <wp:meta_key>_lsb_pages</wp:meta_key>
                <wp:meta_value><![CDATA[lsb_acf_pages]]></wp:meta_value>
            </wp:postmeta>
            <wp:postmeta>
                <wp:meta_key>lsb_review</wp:meta_key>
                <wp:meta_value><![CDATA[  <div>Boka gir en enkel innføring i viktige områder </div>  <div>som skolegang, utdanning og jobbsøking. </div>  <div><strong>&#160;</strong></div>  <div><strong>Bli kjent</strong> er hovedsaklig skrevet </div>  <div>for innvandrere, flyktninger og asylsøkere. </div>  <div>Forfatteren er selv innvandrer </div>  <div>og har bodd i Norge siden 1997. </div>  <div>Boka gir også en del generell informasjon </div>  <div>til dem som har norsk kulturbakgrunn. </div>  <div>&#160;</div>  <div>Vanskelige ord i teksten blir forklart, </div>  <div>og boka er relativt oversiktlig presentert. </div>  <div>Ordforklaringene er godt organisert </div>  <div>ved at uthevede ord forklares i slutten av hvert kapittel </div>  <div>og i en ordliste bakerst i boka. </div>  <div>Språket kunne vært enklere noen steder.   </div>  <div>&#160;</div>  ]]></wp:meta_value>
            </wp:postmeta>
            <wp:postmeta>
                <wp:meta_key>_lsb_review</wp:meta_key>
                <wp:meta_value><![CDATA[lsb_acf_review]]></wp:meta_value>
            </wp:postmeta>
            <wp:postmeta>
                <wp:meta_key>lsb_quote</wp:meta_key>
                <wp:meta_value><![CDATA[Hva forventer skolen av foreldrene?    For at barna skal få det best mulig på skolen,   er det viktig at alle vi foreldre deltar aktivt i   skolegangen til vårt eget barn. Dette er   spesielt viktig for oss familier med   minoritetsbakgrunn. Det er viktig at vi legger  forholdene til rette for skolebarnet vårt, både   på skolen i skoletiden og hjemme i fritiden.   Barnet må for eksempel få tid og hjelp til å  gjøre lekser. Hva slags støtte vi foreldre kan  gi barnet, varierer ettersom barnet vokser.   Jeg gir her noen praktiske råd jeg har funnet  fram til i samarbeid med Seterbråten skole i   Oslo og ellers i arbeidet mitt med stiftelsen  Child Life Norway.   ]]></wp:meta_value>
            </wp:postmeta>
            <wp:postmeta>
                <wp:meta_key>_lsb_quote</wp:meta_key>
                <wp:meta_value><![CDATA[lsb_acf_quote]]></wp:meta_value>
            </wp:postmeta>
            <wp:postmeta>
                <wp:meta_key>lsb_supported</wp:meta_key>
                <wp:meta_value><![CDATA[0]]></wp:meta_value>
            </wp:postmeta>
            <wp:postmeta>
                <wp:meta_key>_lsb_supported</wp:meta_key>
                <wp:meta_value><![CDATA[lsb_acf_supported]]></wp:meta_value>
            </wp:postmeta>
            <category domain="lsb_tax_author" nicename="margaret-saltrøe"><![CDATA[Margaret Saltrøe]]></category>
            <category domain="lsb_tax_publisher" nicename="kulturbro"><![CDATA[Kulturbro]]></category>
            <category domain="lsb_tax_illustrator" nicename="tor-saltrøe"><![CDATA[Tor Saltrøe]]></category>
            <wp:postmeta>
                <wp:meta_key>lsb_look_inside</wp:meta_key>
                <wp:meta_value><![CDATA[CUSTOM_BLA_I_BOKA]]></wp:meta_value>
            </wp:postmeta>
            <wp:postmeta>
                <wp:meta_key>_lsb_look_inside</wp:meta_key>
                <wp:meta_value><![CDATA[lsb_acf_look_inside]]></wp:meta_value>
            </wp:postmeta>
            <category domain="lsb_tax_age" nicename="voksne"><![CDATA[voksne]]></category>
            <category domain="lsb_tax_genre" nicename="faglitteratur"><![CDATA[faglitteratur]]></category>
            <category domain="lsb_tax_topic" nicename="historie"><![CDATA[historie]]></category>
            <category domain="lsb_tax_topic" nicename="samfunn"><![CDATA[samfunn]]></category>
            <category domain="lsb_tax_language" nicename="no_nb"><![CDATA[bokmål]]></category>
            <category domain="lsb_tax_customization" nicename="ny-i-norge"><![CDATA[ny i norge]]></category>
            <category domain="lsb_tax_customization" nicename="mange-bilder"><![CDATA[mange bilder]]></category>
            <wp:postmeta>
                <wp:meta_key>_thumbnail_id</wp:meta_key>
                <wp:meta_value><![CDATA[5402]]></wp:meta_value>
            </wp:postmeta>
        </item>
        <item>
            <title>bli kjent skolen.jpg</title>
            <wp:post_id>5402</wp:post_id>
            <wp:status>inherit</wp:status>
            <wp:post_type>attachment</wp:post_type>
            <wp:attachment_url>https://raw.githubusercontent.com/lesersokerbok/boksok.no-data-utils/master/output-example/images/A26E15B6EE124D44995E9D4A866A876A.jpg</wp:attachment_url>
        </item>
        <item>
            <wp:post_type>lsb_book</wp:post_type>
            <wp:status>publish</wp:status>
            <title>Begripelig om ADHD</title>
            <excerpt:encoded><![CDATA[En lettfattet innføring i noen av vanskene som ADHD fører med seg. ]]></excerpt:encoded>
            <wp:postmeta>
                <wp:meta_key>lsb_isbn</wp:meta_key>
                <wp:meta_value><![CDATA[9788230005538]]></wp:meta_value>
            </wp:postmeta>
            <wp:postmeta>
                <wp:meta_key>_lsb_isbn</wp:meta_key>
                <wp:meta_value><![CDATA[lsb_acf_isbn]]></wp:meta_value>
            </wp:postmeta>
            <wp:postmeta>
                <wp:meta_key>lsb_published_year</wp:meta_key>
                <wp:meta_value><![CDATA[2009]]></wp:meta_value>
            </wp:postmeta>
            <wp:postmeta>
                <wp:meta_key>_lsb_published_year</wp:meta_key>
                <wp:meta_value><![CDATA[lsb_acf_published_year]]></wp:meta_value>
            </wp:postmeta>
            <wp:postmeta>
                <wp:meta_key>lsb_pages</wp:meta_key>
                <wp:meta_value><![CDATA[111]]></wp:meta_value>
            </wp:postmeta>
            <wp:postmeta>
                <wp:meta_key>_lsb_pages</wp:meta_key>
                <wp:meta_value><![CDATA[lsb_acf_pages]]></wp:meta_value>
            </wp:postmeta>
            <wp:postmeta>
                <wp:meta_key>lsb_review</wp:meta_key>
                <wp:meta_value><![CDATA[  <div>Boka gir innblikk i de vanlige problemene </div>  <div>som ADHD medfører. </div>  <div>Forfatteren tar utgangspunkt i historien om Ole</div>  <div>for å illustrere kjente problemstillinger </div>  <div>hos barn med ADHD. </div>  <div>  <div>Han tar for seg temaer som </div>  <div>sosial modning, grensesetting, </div>  <div>hyperaktivitet og medisinering.  </div>  <div>&#160;</div></div>  <div>Boka er beregnet på foreldre og lærere </div>  <div>som får en ADHD-diagnose på et barn.  </div>  <div>Språket er enkelt, og det er korte setninger. </div>  <div>&#160;</div>  <div>Forfatter Nils Morten Hagen har arbeidet som </div>  <div>lærer, miljøarbeider og rektor for og med barn </div>  <div>med adferdsvansker i over 30 år. </div>  <div>Han har en praktisk innfallsvinkel til det å leve med ADHD. </div>  ]]></wp:meta_value>
            </wp:postmeta>
            <wp:postmeta>
                <wp:meta_key>_lsb_review</wp:meta_key>
                <wp:meta_value><![CDATA[lsb_acf_review]]></wp:meta_value>
            </wp:postmeta>
            <wp:postmeta>
                <wp:meta_key>lsb_quote</wp:meta_key>
                <wp:meta_value><![CDATA[En ganske vanlig dag for Ole.     Ole vekkes:   Han er forferdelig trøtt. Mamma må true med å   helle kaldt vann på ham før han orker å komme  seg ut av senga. Han vet at mamma kan finne   på å gjøre det.   Han setter seg på WC. Det ligger et Donald der,   og han begynner å lese i det.   Mamma roper: "du må forte deg, du rekker  snart ikke å spise frokost.". Ole småfryser. Det  hadde vært godt med et varmt bad. Han fyller  badekaret og legger seg oppi. Det kjennes   så deilig. Han kjenner at varmen brer seg i   kroppen.   Mamma kommer: "er du blitt helt gal? Det er   10 minutter til du må gå!"  ]]></wp:meta_value>
            </wp:postmeta>
            <wp:postmeta>
                <wp:meta_key>_lsb_quote</wp:meta_key>
                <wp:meta_value><![CDATA[lsb_acf_quote]]></wp:meta_value>
            </wp:postmeta>
            <wp:postmeta>
                <wp:meta_key>lsb_supported</wp:meta_key>
                <wp:meta_value><![CDATA[0]]></wp:meta_value>
            </wp:postmeta>
            <wp:postmeta>
                <wp:meta_key>_lsb_supported</wp:meta_key>
                <wp:meta_value><![CDATA[lsb_acf_supported]]></wp:meta_value>
            </wp:postmeta>
            <category domain="lsb_tax_author" nicename="nils-morten-hagen"><![CDATA[Nils Morten Hagen]]></category>
            <category domain="lsb_tax_publisher" nicename="kolofon"><![CDATA[Kolofon]]></category>
            <wp:postmeta>
                <wp:meta_key>lsb_look_inside</wp:meta_key>
                <wp:meta_value><![CDATA[CUSTOM_BLA_I_BOKA]]></wp:meta_value>
            </wp:postmeta>
            <wp:postmeta>
                <wp:meta_key>_lsb_look_inside</wp:meta_key>
                <wp:meta_value><![CDATA[lsb_acf_look_inside]]></wp:meta_value>
            </wp:postmeta>
            <category domain="lsb_tax_age" nicename="voksne"><![CDATA[voksne]]></category>
            <category domain="lsb_tax_genre" nicename="faglitteratur"><![CDATA[faglitteratur]]></category>
            <category domain="lsb_tax_topic" nicename="mat"><![CDATA[mat]]></category>
            <category domain="lsb_tax_topic" nicename="helse"><![CDATA[helse]]></category>
            <category domain="lsb_tax_language" nicename="no_nb"><![CDATA[bokmål]]></category>
            <category domain="lsb_tax_customization" nicename="faglitteratur"><![CDATA[faglitteratur]]></category>
            <wp:postmeta>
                <wp:meta_key>_thumbnail_id</wp:meta_key>
                <wp:meta_value><![CDATA[5403]]></wp:meta_value>
            </wp:postmeta>
        </item>
        <item>
            <title>begripelig om adhd.jpg</title>
            <wp:post_id>5403</wp:post_id>
            <wp:status>inherit</wp:status>
            <wp:post_type>attachment</wp:post_type>
            <wp:attachment_url>https://raw.githubusercontent.com/lesersokerbok/boksok.no-data-utils/master/output-example/images/E6358ADB05C74F66B80076C5F3990183.jpg</wp:attachment_url>
        </item>
        <item>
            <wp:post_type>lsb_book</wp:post_type>
            <wp:status>publish</wp:status>
            <title>Rotekoppens ryddebok</title>
            <excerpt:encoded><![CDATA[Har du så mange ting at du har mistet oversikten?   ]]></excerpt:encoded>
            <wp:postmeta>
                <wp:meta_key>lsb_isbn</wp:meta_key>
                <wp:meta_value><![CDATA[9788202273989]]></wp:meta_value>
            </wp:postmeta>
            <wp:postmeta>
                <wp:meta_key>_lsb_isbn</wp:meta_key>
                <wp:meta_value><![CDATA[lsb_acf_isbn]]></wp:meta_value>
            </wp:postmeta>
            <wp:postmeta>
                <wp:meta_key>lsb_published_year</wp:meta_key>
                <wp:meta_value><![CDATA[2008]]></wp:meta_value>
            </wp:postmeta>
            <wp:postmeta>
                <wp:meta_key>_lsb_published_year</wp:meta_key>
                <wp:meta_value><![CDATA[lsb_acf_published_year]]></wp:meta_value>
            </wp:postmeta>
            <wp:postmeta>
                <wp:meta_key>lsb_pages</wp:meta_key>
                <wp:meta_value><![CDATA[181]]></wp:meta_value>
            </wp:postmeta>
            <wp:postmeta>
                <wp:meta_key>_lsb_pages</wp:meta_key>
                <wp:meta_value><![CDATA[lsb_acf_pages]]></wp:meta_value>
            </wp:postmeta>
            <wp:postmeta>
                <wp:meta_key>lsb_review</wp:meta_key>
                <wp:meta_value><![CDATA[  <div>Dette er en morsom bok skrevet av en tidligere rotekopp, <br />  som med humoristisk tone gir praktiske råd<br />  til hvordan man får orden i sakene.<br />  Forfatterens erfaring og humor gjør selv den mest<br />  skeptiske rotekopp til et ryddefantom.</div>  <div>&#160;</div>  <div>Boka er delt opp i oversiktlige kapitler, og med&#160;</div>  <div>tydelig markerte tips og råd. Språket er enkelt,&#160;</div>  <div>men det er noen lange setninger.</div>  <div>&#160;</div>  <div>&#160;</div>  ]]></wp:meta_value>
            </wp:postmeta>
            <wp:postmeta>
                <wp:meta_key>_lsb_review</wp:meta_key>
                <wp:meta_value><![CDATA[lsb_acf_review]]></wp:meta_value>
            </wp:postmeta>
            <wp:postmeta>
                <wp:meta_key>lsb_quote</wp:meta_key>
                <wp:meta_value><![CDATA[Kjære Rita Ryddeekspert!  Nylig kom vi hjem og ble møtt av flere politibiler utenfor huset. Vi hadde hatt innbrudd, og før vi gikk inn i huset, trakk en politimann meg til side og sa: "Jeg må advare dere: Disse kjeltringene har snudd opp ned på alt i huset deres. Si til din kone at hun må stålsette seg. Det kommer til å ta flere uker å rydde opp i alt rotet etter dem."    Så gikk vi inn, så oss rundt - tyvene hadde ikke rørt en ting. Alt var akkurat som da vi forlot huset. Det politimannen trodde var "alt rotet etter dem", er bare slik vi har det til vanlig.]]></wp:meta_value>
            </wp:postmeta>
            <wp:postmeta>
                <wp:meta_key>_lsb_quote</wp:meta_key>
                <wp:meta_value><![CDATA[lsb_acf_quote]]></wp:meta_value>
            </wp:postmeta>
            <wp:postmeta>
                <wp:meta_key>lsb_supported</wp:meta_key>
                <wp:meta_value><![CDATA[0]]></wp:meta_value>
            </wp:postmeta>
            <wp:postmeta>
                <wp:meta_key>_lsb_supported</wp:meta_key>
                <wp:meta_value><![CDATA[lsb_acf_supported]]></wp:meta_value>
            </wp:postmeta>
            <category domain="lsb_tax_author" nicename="rita-emmett"><![CDATA[Rita Emmett]]></category>
            <category domain="lsb_tax_publisher" nicename="cappelen"><![CDATA[Cappelen]]></category>
            <category domain="lsb_tax_translator" nicename="mette-cathrine-jahr"><![CDATA[Mette-Cathrine Jahr]]></category>
            <wp:postmeta>
                <wp:meta_key>lsb_look_inside</wp:meta_key>
                <wp:meta_value><![CDATA[CUSTOM_BLA_I_BOKA]]></wp:meta_value>
            </wp:postmeta>
            <wp:postmeta>
                <wp:meta_key>_lsb_look_inside</wp:meta_key>
                <wp:meta_value><![CDATA[lsb_acf_look_inside]]></wp:meta_value>
            </wp:postmeta>
            <category domain="lsb_tax_age" nicename="ungdom"><![CDATA[ungdom]]></category>
            <category domain="lsb_tax_age" nicename="voksne"><![CDATA[voksne]]></category>
            <category domain="lsb_tax_genre" nicename="faglitteratur"><![CDATA[faglitteratur]]></category>
            <category domain="lsb_tax_genre" nicename="dokumentar"><![CDATA[dokumentar]]></category>
            <category domain="lsb_tax_genre" nicename="fakta"><![CDATA[fakta]]></category>
            <category domain="lsb_tax_topic" nicename="hus"><![CDATA[hus]]></category>
            <category domain="lsb_tax_topic" nicename="hjem"><![CDATA[hjem]]></category>
            <category domain="lsb_tax_topic" nicename="hage"><![CDATA[hage]]></category>
            <category domain="lsb_tax_topic" nicename="humor"><![CDATA[humor]]></category>
            <category domain="lsb_tax_language" nicename="no_nb"><![CDATA[bokmål]]></category>
            <category domain="lsb_tax_customization" nicename="faglitteratur"><![CDATA[faglitteratur]]></category>
            <wp:postmeta>
                <wp:meta_key>_thumbnail_id</wp:meta_key>
                <wp:meta_value><![CDATA[5404]]></wp:meta_value>
            </wp:postmeta>
        </item>
        <item>
            <title>rotekoppens ryddebok.jpg</title>
            <wp:post_id>5404</wp:post_id>
            <wp:status>inherit</wp:status>
            <wp:post_type>attachment</wp:post_type>
            <wp:attachment_url>https://raw.githubusercontent.com/lesersokerbok/boksok.no-data-utils/master/output-example/images/821100C56E224BC8A8296C6085F41039.jpg</wp:attachment_url>
        </item>
        <item>
            <wp:post_type>lsb_book</wp:post_type>
            <wp:status>publish</wp:status>
            <title>En såkalt drittjobb</title>
            <excerpt:encoded><![CDATA[Journalist Lotta Elstad skriver om sine erfaringer som renholdsarbeider på et hotell.   Hun spør: Det må vel være noe galt med Norge,   når helt vanlige og viktige yrker kan kalles "drittjobber"? ]]></excerpt:encoded>
            <wp:postmeta>
                <wp:meta_key>lsb_isbn</wp:meta_key>
                <wp:meta_value><![CDATA[9788292866047]]></wp:meta_value>
            </wp:postmeta>
            <wp:postmeta>
                <wp:meta_key>_lsb_isbn</wp:meta_key>
                <wp:meta_value><![CDATA[lsb_acf_isbn]]></wp:meta_value>
            </wp:postmeta>
            <wp:postmeta>
                <wp:meta_key>lsb_published_year</wp:meta_key>
                <wp:meta_value><![CDATA[2008]]></wp:meta_value>
            </wp:postmeta>
            <wp:postmeta>
                <wp:meta_key>_lsb_published_year</wp:meta_key>
                <wp:meta_value><![CDATA[lsb_acf_published_year]]></wp:meta_value>
            </wp:postmeta>
            <wp:postmeta>
                <wp:meta_key>lsb_pages</wp:meta_key>
                <wp:meta_value><![CDATA[217]]></wp:meta_value>
            </wp:postmeta>
            <wp:postmeta>
                <wp:meta_key>_lsb_pages</wp:meta_key>
                <wp:meta_value><![CDATA[lsb_acf_pages]]></wp:meta_value>
            </wp:postmeta>
            <wp:postmeta>
                <wp:meta_key>lsb_review</wp:meta_key>
                <wp:meta_value><![CDATA[  <div>Vi møter Joycy som drømmer </div>  <div>om å bli gjenforent med mannen sin, </div>  <div>Nadia som sier "jeg tjener bare 114 kroner i timen – </div>  <div>og det er jo jeg som gjør drittjobben" </div>  <div>og Said som løper og løper og løper, </div>  <div>mens sjefen mener "det er bare å slutte",</div>  <div> hvis noen har noe på klage på. </div>  <div>&#160;</div>  <div><strong>En såkalt drittjobb</strong> skildrer arbeidsdagene </div>  <div>til Elstad og hennes kolleger på hotellet. </div>  <div>Boka inneholder også statistikk,</div>  <div>og utdrag fra intervjuer og lovtekster. </div>  <div>Noe av språket er derfor vanskelig. </div>  <div>Kapitlene er korte, og fonten ganske stor. <br />  </div>  ]]></wp:meta_value>
            </wp:postmeta>
            <wp:postmeta>
                <wp:meta_key>_lsb_review</wp:meta_key>
                <wp:meta_value><![CDATA[lsb_acf_review]]></wp:meta_value>
            </wp:postmeta>
            <wp:postmeta>
                <wp:meta_key>lsb_quote</wp:meta_key>
                <wp:meta_value><![CDATA[Å sikre disse menneskene ordentlige stillinger sluker store deler av fagforeningas kapasitet. "Noe av det verste er de såkalte ringehjelpskontraktene," opplyste representanter for fagforeninga, og fortalte om "en ekstrahjelp som begynte kl 05 om morgenen og gjerne arbeidet til midnatt. Det er 19 timer på ett døgn. Samme ekstrahjelp hadde over 400 timer på en måned, mens normen for dette turnusarbeidet er 154 timer."]]></wp:meta_value>
            </wp:postmeta>
            <wp:postmeta>
                <wp:meta_key>_lsb_quote</wp:meta_key>
                <wp:meta_value><![CDATA[lsb_acf_quote]]></wp:meta_value>
            </wp:postmeta>
            <wp:postmeta>
                <wp:meta_key>lsb_supported</wp:meta_key>
                <wp:meta_value><![CDATA[0]]></wp:meta_value>
            </wp:postmeta>
            <wp:postmeta>
                <wp:meta_key>_lsb_supported</wp:meta_key>
                <wp:meta_value><![CDATA[lsb_acf_supported]]></wp:meta_value>
            </wp:postmeta>
            <category domain="lsb_tax_author" nicename="lotta-elstad"><![CDATA[Lotta Elstad]]></category>
            <category domain="lsb_tax_publisher" nicename="manifest"><![CDATA[Manifest]]></category>
            <wp:postmeta>
                <wp:meta_key>lsb_look_inside</wp:meta_key>
                <wp:meta_value><![CDATA[CUSTOM_BLA_I_BOKA]]></wp:meta_value>
            </wp:postmeta>
            <wp:postmeta>
                <wp:meta_key>_lsb_look_inside</wp:meta_key>
                <wp:meta_value><![CDATA[lsb_acf_look_inside]]></wp:meta_value>
            </wp:postmeta>
            <category domain="lsb_tax_age" nicename="voksne"><![CDATA[voksne]]></category>
            <category domain="lsb_tax_topic" nicename="historie"><![CDATA[historie]]></category>
            <category domain="lsb_tax_topic" nicename="samfunn"><![CDATA[samfunn]]></category>
            <category domain="lsb_tax_topic" nicename="mennesker-i-mellom"><![CDATA[mennesker i mellom]]></category>
            <category domain="lsb_tax_language" nicename="no_nb"><![CDATA[bokmål]]></category>
            <category domain="lsb_tax_customization" nicename="faglitteratur"><![CDATA[faglitteratur]]></category>
            <wp:postmeta>
                <wp:meta_key>_thumbnail_id</wp:meta_key>
                <wp:meta_value><![CDATA[5405]]></wp:meta_value>
            </wp:postmeta>
        </item>
        <item>
            <title>en_saakalt_drittjobb_bokfull.jpg</title>
            <wp:post_id>5405</wp:post_id>
            <wp:status>inherit</wp:status>
            <wp:post_type>attachment</wp:post_type>
            <wp:attachment_url>https://raw.githubusercontent.com/lesersokerbok/boksok.no-data-utils/master/output-example/images/048EF331934A4925B3A9D4D3C67FDC3E.jpg</wp:attachment_url>
        </item>
        <item>
            <wp:post_type>lsb_book</wp:post_type>
            <wp:status>publish</wp:status>
            <title>Eg er mamma. Eg skal være god.</title>
            <excerpt:encoded><![CDATA[Dette er ei sterk bok om eit tema som sjeldan blir belyst,   båe offentleg og mellom venner. ]]></excerpt:encoded>
            <wp:postmeta>
                <wp:meta_key>lsb_isbn</wp:meta_key>
                <wp:meta_value><![CDATA[9788204141941]]></wp:meta_value>
            </wp:postmeta>
            <wp:postmeta>
                <wp:meta_key>_lsb_isbn</wp:meta_key>
                <wp:meta_value><![CDATA[lsb_acf_isbn]]></wp:meta_value>
            </wp:postmeta>
            <wp:postmeta>
                <wp:meta_key>lsb_published_year</wp:meta_key>
                <wp:meta_value><![CDATA[2009]]></wp:meta_value>
            </wp:postmeta>
            <wp:postmeta>
                <wp:meta_key>_lsb_published_year</wp:meta_key>
                <wp:meta_value><![CDATA[lsb_acf_published_year]]></wp:meta_value>
            </wp:postmeta>
            <wp:postmeta>
                <wp:meta_key>lsb_pages</wp:meta_key>
                <wp:meta_value><![CDATA[176]]></wp:meta_value>
            </wp:postmeta>
            <wp:postmeta>
                <wp:meta_key>_lsb_pages</wp:meta_key>
                <wp:meta_value><![CDATA[lsb_acf_pages]]></wp:meta_value>
            </wp:postmeta>
            <wp:postmeta>
                <wp:meta_key>lsb_review</wp:meta_key>
                <wp:meta_value><![CDATA[  <div>Tove Vik prøver å vere ei god mamma, <br />  men mistar ofte kontrollen. <br />  Ho drikk, er voldeleg, og utsett borna for omsorgssvikt. <br />  Og ho er åleine. </div>  <div>&#160;</div>  <div>Boka handlar om ei mor som ikkje trivast i rolla si,</div>  <div>og om kor prisgitt borna er foreldra. </div>  <div>&#160;</div>  <div>Språket er presist </div>  <div>utan for mange unødige ord. Kapitlane er korte. </div>  <div>&#160;</div>  <div>Dette er debutromanen til Kjersti Kollbotn.  <br />  </div>  <div>&#160;</div>  ]]></wp:meta_value>
            </wp:postmeta>
            <wp:postmeta>
                <wp:meta_key>_lsb_review</wp:meta_key>
                <wp:meta_value><![CDATA[lsb_acf_review]]></wp:meta_value>
            </wp:postmeta>
            <wp:postmeta>
                <wp:meta_key>lsb_quote</wp:meta_key>
                <wp:meta_value><![CDATA[Vi snakkar om skulen, og om alt det spennande som kan skje der. S snakkar om dei nye fine kleda ho skal ha på seg, dei som heng i skåpet. Med himmelen over oss blir det mindre trongt, det blir plass til å vere menneske, plass til å sjå stort på det, vi filar ikkje på kvarandre, vi gneg ikkje som rotter. På desse turane er eg trygg. Trygg på at kan vere eit menneske. Eit slikt som menneske skal vere.]]></wp:meta_value>
            </wp:postmeta>
            <wp:postmeta>
                <wp:meta_key>_lsb_quote</wp:meta_key>
                <wp:meta_value><![CDATA[lsb_acf_quote]]></wp:meta_value>
            </wp:postmeta>
            <wp:postmeta>
                <wp:meta_key>lsb_supported</wp:meta_key>
                <wp:meta_value><![CDATA[0]]></wp:meta_value>
            </wp:postmeta>
            <wp:postmeta>
                <wp:meta_key>_lsb_supported</wp:meta_key>
                <wp:meta_value><![CDATA[lsb_acf_supported]]></wp:meta_value>
            </wp:postmeta>
            <category domain="lsb_tax_author" nicename="kjersti-kollbotn"><![CDATA[Kjersti Kollbotn]]></category>
            <category domain="lsb_tax_publisher" nicename="cappelen-damm"><![CDATA[Cappelen Damm]]></category>
            <wp:postmeta>
                <wp:meta_key>lsb_look_inside</wp:meta_key>
                <wp:meta_value><![CDATA[CUSTOM_BLA_I_BOKA]]></wp:meta_value>
            </wp:postmeta>
            <wp:postmeta>
                <wp:meta_key>_lsb_look_inside</wp:meta_key>
                <wp:meta_value><![CDATA[lsb_acf_look_inside]]></wp:meta_value>
            </wp:postmeta>
            <category domain="lsb_tax_age" nicename="voksne"><![CDATA[voksne]]></category>
            <category domain="lsb_tax_genre" nicename="prosa"><![CDATA[prosa]]></category>
            <category domain="lsb_tax_topic" nicename="historie"><![CDATA[historie]]></category>
            <category domain="lsb_tax_topic" nicename="samfunn"><![CDATA[samfunn]]></category>
            <category domain="lsb_tax_topic" nicename="mennesker-i-mellom"><![CDATA[mennesker i mellom]]></category>
            <category domain="lsb_tax_language" nicename="no_nn"><![CDATA[nynorsk]]></category>
            <category domain="lsb_tax_customization" nicename="skjønnlitteratur"><![CDATA[skjønnlitteratur]]></category>
            <wp:postmeta>
                <wp:meta_key>_thumbnail_id</wp:meta_key>
                <wp:meta_value><![CDATA[5406]]></wp:meta_value>
            </wp:postmeta>
        </item>
        <item>
            <title>Kollbotn_EgErMamma.jpg</title>
            <wp:post_id>5406</wp:post_id>
            <wp:status>inherit</wp:status>
            <wp:post_type>attachment</wp:post_type>
            <wp:attachment_url>https://raw.githubusercontent.com/lesersokerbok/boksok.no-data-utils/master/output-example/images/45F3827E8BA143CC932FA825D3689904.jpg</wp:attachment_url>
        </item>
        <item>
            <wp:post_type>lsb_book</wp:post_type>
            <wp:status>publish</wp:status>
            <title>Drømmen om Europa / The Dream of Europe</title>
            <excerpt:encoded><![CDATA[En vakker fotobok med åtte drømmer om Europa.]]></excerpt:encoded>
            <wp:postmeta>
                <wp:meta_key>lsb_isbn</wp:meta_key>
                <wp:meta_value><![CDATA[9788275473255]]></wp:meta_value>
            </wp:postmeta>
            <wp:postmeta>
                <wp:meta_key>_lsb_isbn</wp:meta_key>
                <wp:meta_value><![CDATA[lsb_acf_isbn]]></wp:meta_value>
            </wp:postmeta>
            <wp:postmeta>
                <wp:meta_key>lsb_published_year</wp:meta_key>
                <wp:meta_value><![CDATA[2009]]></wp:meta_value>
            </wp:postmeta>
            <wp:postmeta>
                <wp:meta_key>_lsb_published_year</wp:meta_key>
                <wp:meta_value><![CDATA[lsb_acf_published_year]]></wp:meta_value>
            </wp:postmeta>
            <wp:postmeta>
                <wp:meta_key>lsb_pages</wp:meta_key>
                <wp:meta_value><![CDATA[159]]></wp:meta_value>
            </wp:postmeta>
            <wp:postmeta>
                <wp:meta_key>_lsb_pages</wp:meta_key>
                <wp:meta_value><![CDATA[lsb_acf_pages]]></wp:meta_value>
            </wp:postmeta>
            <wp:postmeta>
                <wp:meta_key>lsb_review</wp:meta_key>
                <wp:meta_value><![CDATA[  <div><strong>Drømmen om Europa</strong> er åtte fortellinger av folk med ulike drømmer.</div>  <div>Alle drømmer om å gjøre det bra i Europa. </div>  <div>&#160;</div>  <div>Rune Eraker er fotograf </div>  <div>og forteller historiene med svart-hvite bilder.</div>  <div>Bildene er vakre, nære og avslørende. </div>  <div>Det er bildetekst som forklarer hvert bilde. </div>  <div>I tillegg skriver Eraker en tekst på en side til historiene. </div>  <div>All tekst er på både norsk og engelsk. </div>  <div>Boka egner seg for voksne som behersker engelsk </div>  <div>og som vil lære seg norsk.</div>  <div>Fonten er liten, og bildene er detaljrike, så godt syn er en fordel. <br />  </div>  ]]></wp:meta_value>
            </wp:postmeta>
            <wp:postmeta>
                <wp:meta_key>_lsb_review</wp:meta_key>
                <wp:meta_value><![CDATA[lsb_acf_review]]></wp:meta_value>
            </wp:postmeta>
            <wp:postmeta>
                <wp:meta_key>lsb_quote</wp:meta_key>
                <wp:meta_value><![CDATA[Ungdommene på gresset løper som besatte. Treneren forlanger full innsats. Det gjør ikke Marin Stefan det minste. Han drømmer om en plass på Steaua Bucurestis førstelag. Der spiller favorittspilleren hans, Nicolita som kommer fra hjemtraktene.     The youths on the football field run as if possessed. The coach demands one hundred percent effort. That does not bother Marin Stefan in the least. He dreams about a place as a starter on Steaua Bucuresti. That's the team of his idol, Nicolita, who also comes from his part of town.]]></wp:meta_value>
            </wp:postmeta>
            <wp:postmeta>
                <wp:meta_key>_lsb_quote</wp:meta_key>
                <wp:meta_value><![CDATA[lsb_acf_quote]]></wp:meta_value>
            </wp:postmeta>
            <wp:postmeta>
                <wp:meta_key>lsb_supported</wp:meta_key>
                <wp:meta_value><![CDATA[0]]></wp:meta_value>
            </wp:postmeta>
            <wp:postmeta>
                <wp:meta_key>_lsb_supported</wp:meta_key>
                <wp:meta_value><![CDATA[lsb_acf_supported]]></wp:meta_value>
            </wp:postmeta>
            <category domain="lsb_tax_author" nicename="rune-eraker"><![CDATA[Rune Eraker]]></category>
            <category domain="lsb_tax_publisher" nicename="press"><![CDATA[Press]]></category>
            <category domain="lsb_tax_illustrator" nicename="rune-eraker"><![CDATA[Rune Eraker]]></category>
            <wp:postmeta>
                <wp:meta_key>lsb_look_inside</wp:meta_key>
                <wp:meta_value><![CDATA[CUSTOM_BLA_I_BOKA]]></wp:meta_value>
            </wp:postmeta>
            <wp:postmeta>
                <wp:meta_key>_lsb_look_inside</wp:meta_key>
                <wp:meta_value><![CDATA[lsb_acf_look_inside]]></wp:meta_value>
            </wp:postmeta>
            <category domain="lsb_tax_age" nicename="voksne"><![CDATA[voksne]]></category>
            <category domain="lsb_tax_topic" nicename="mennesker-i-mellom"><![CDATA[mennesker i mellom]]></category>
            <category domain="lsb_tax_language" nicename="no_nb"><![CDATA[bokmål]]></category>
            <category domain="lsb_tax_customization" nicename="faglitteratur"><![CDATA[faglitteratur]]></category>
            <category domain="lsb_tax_customization" nicename="ny-i-norge"><![CDATA[ny i norge]]></category>
            <category domain="lsb_tax_customization" nicename="mange-bilder"><![CDATA[mange bilder]]></category>
            <wp:postmeta>
                <wp:meta_key>_thumbnail_id</wp:meta_key>
                <wp:meta_value><![CDATA[5407]]></wp:meta_value>
            </wp:postmeta>
        </item>
        <item>
            <title>drømmen om europa.jpg</title>
            <wp:post_id>5407</wp:post_id>
            <wp:status>inherit</wp:status>
            <wp:post_type>attachment</wp:post_type>
            <wp:attachment_url>https://raw.githubusercontent.com/lesersokerbok/boksok.no-data-utils/master/output-example/images/6543C95A84F7427AB65850EF3CF0636D.jpg</wp:attachment_url>
        </item>
        <item>
            <wp:post_type>lsb_book</wp:post_type>
            <wp:status>publish</wp:status>
            <title>Slam</title>
            <excerpt:encoded><![CDATA[En herlig og morsom historie om en   tenåring som helt uventet blir far,   og som på sin helt egne måte tar stilling til   valg han er for ung til.   Eller er han det?]]></excerpt:encoded>
            <wp:postmeta>
                <wp:meta_key>lsb_isbn</wp:meta_key>
                <wp:meta_value><![CDATA[9788203211096]]></wp:meta_value>
            </wp:postmeta>
            <wp:postmeta>
                <wp:meta_key>_lsb_isbn</wp:meta_key>
                <wp:meta_value><![CDATA[lsb_acf_isbn]]></wp:meta_value>
            </wp:postmeta>
            <wp:postmeta>
                <wp:meta_key>lsb_published_year</wp:meta_key>
                <wp:meta_value><![CDATA[2008]]></wp:meta_value>
            </wp:postmeta>
            <wp:postmeta>
                <wp:meta_key>_lsb_published_year</wp:meta_key>
                <wp:meta_value><![CDATA[lsb_acf_published_year]]></wp:meta_value>
            </wp:postmeta>
            <wp:postmeta>
                <wp:meta_key>lsb_pages</wp:meta_key>
                <wp:meta_value><![CDATA[272]]></wp:meta_value>
            </wp:postmeta>
            <wp:postmeta>
                <wp:meta_key>_lsb_pages</wp:meta_key>
                <wp:meta_value><![CDATA[lsb_acf_pages]]></wp:meta_value>
            </wp:postmeta>
            <wp:postmeta>
                <wp:meta_key>lsb_review</wp:meta_key>
                <wp:meta_value><![CDATA[  <div>Sam vil ikke bli tenåringsfar. </div>  <div>Sams mor var selv 16 da han ble født.  </div>  <div>Hun har i grunnen gjort det helt klart </div>  <div>at det ikke akkurat var en fordel å få barn så tidlig. </div>  <div>Det er bare én person som kan hjelpe Sam </div>  <div>- helten hans, skateren Tony Hawk. </div>  <div>Men Tony Hawk kan ikke gi noen svar denne gangen </div>  <div>- eller kan han? </div>  <div>Plutselig befinner Sam seg i sin egen fremtid, </div>  <div>og i korte glimt ser han hvordan det blir </div>  <div>- eller hvordan det kunne blitt. </div>  <div>&#160;</div>  <div>Tenåringen Sam er fortellerstemmen i boka. </div>  <div>Språket er muntlig og enkelt, og kapitlene er korte. </div>  <div>Fonten er ganske stor. Det er noen lange setninger.</div>  <div>&#160;</div>  <div>Engelske Nick Hornby er en populær forfatter. </div>  <div>Han har skrevet bestselgerne <strong>High Fidelity</strong> </div>  <div>og <strong>Gutter er gutter</strong>. </div>  <div>Hornby er kjent for å skildre sin generasjon og samtid </div>  <div>på en treffende og underholdende måte. </div>  ]]></wp:meta_value>
            </wp:postmeta>
            <wp:postmeta>
                <wp:meta_key>_lsb_review</wp:meta_key>
                <wp:meta_value><![CDATA[lsb_acf_review]]></wp:meta_value>
            </wp:postmeta>
            <wp:postmeta>
                <wp:meta_key>lsb_quote</wp:meta_key>
                <wp:meta_value><![CDATA[På vei inn dit inngikk jeg all slags avtaler, eller prøvde på det. Ikke sant: "Hvis alt er i orden, skal jeg aldri mer skate." Som om det hadde noe med skating å gjøre. Jeg tilbød at jeg aldri mer skulle se på TV, aldri gå ut, aldri spise på McDonald´s. Sex dukka aldri opp som noe tema, for jeg visste allerede at jeg aldri skulle ha sex mer, så det virka ikke som en avtale Gud ville være interessert i. Jeg kunne like gjerne tilbudt ham at jeg ikke skulle fly til månen eller løpe naken bortover Essex Road. Sex var noe jeg var ferdig med, for bestandig, ingen tvil om det.  ]]></wp:meta_value>
            </wp:postmeta>
            <wp:postmeta>
                <wp:meta_key>_lsb_quote</wp:meta_key>
                <wp:meta_value><![CDATA[lsb_acf_quote]]></wp:meta_value>
            </wp:postmeta>
            <wp:postmeta>
                <wp:meta_key>lsb_supported</wp:meta_key>
                <wp:meta_value><![CDATA[0]]></wp:meta_value>
            </wp:postmeta>
            <wp:postmeta>
                <wp:meta_key>_lsb_supported</wp:meta_key>
                <wp:meta_value><![CDATA[lsb_acf_supported]]></wp:meta_value>
            </wp:postmeta>
            <category domain="lsb_tax_author" nicename="nick-hornby"><![CDATA[Nick Hornby]]></category>
            <category domain="lsb_tax_publisher" nicename="aschehoug"><![CDATA[Aschehoug]]></category>
            <category domain="lsb_tax_translator" nicename="kyrre-haugen-bakke"><![CDATA[Kyrre Haugen Bakke]]></category>
            <wp:postmeta>
                <wp:meta_key>lsb_look_inside</wp:meta_key>
                <wp:meta_value><![CDATA[CUSTOM_BLA_I_BOKA]]></wp:meta_value>
            </wp:postmeta>
            <wp:postmeta>
                <wp:meta_key>_lsb_look_inside</wp:meta_key>
                <wp:meta_value><![CDATA[lsb_acf_look_inside]]></wp:meta_value>
            </wp:postmeta>
            <category domain="lsb_tax_age" nicename="ungdom"><![CDATA[ungdom]]></category>
            <category domain="lsb_tax_age" nicename="voksne"><![CDATA[voksne]]></category>
            <category domain="lsb_tax_genre" nicename="prosa"><![CDATA[prosa]]></category>
            <category domain="lsb_tax_topic" nicename="humor"><![CDATA[humor]]></category>
            <category domain="lsb_tax_topic" nicename="kjærlighet"><![CDATA[kjærlighet]]></category>
            <category domain="lsb_tax_topic" nicename="mennesker-i-mellom"><![CDATA[mennesker i mellom]]></category>
            <category domain="lsb_tax_language" nicename="no_nb"><![CDATA[bokmål]]></category>
            <category domain="lsb_tax_customization" nicename="skjønnlitteratur"><![CDATA[skjønnlitteratur]]></category>
            <wp:postmeta>
                <wp:meta_key>_thumbnail_id</wp:meta_key>
                <wp:meta_value><![CDATA[5408]]></wp:meta_value>
            </wp:postmeta>
        </item>
        <item>
            <title>Slam_Hornby_highres.jpg</title>
            <wp:post_id>5408</wp:post_id>
            <wp:status>inherit</wp:status>
            <wp:post_type>attachment</wp:post_type>
            <wp:attachment_url>https://raw.githubusercontent.com/lesersokerbok/boksok.no-data-utils/master/output-example/images/4E0873CBD49445B68E40C433F2A454F1.jpg</wp:attachment_url>
        </item>
        <item>
            <wp:post_type>lsb_book</wp:post_type>
            <wp:status>publish</wp:status>
            <title>Ordknapp</title>
            <excerpt:encoded><![CDATA[En ordknapp samling norske dikt.]]></excerpt:encoded>
            <wp:postmeta>
                <wp:meta_key>lsb_isbn</wp:meta_key>
                <wp:meta_value><![CDATA[9788256016723]]></wp:meta_value>
            </wp:postmeta>
            <wp:postmeta>
                <wp:meta_key>_lsb_isbn</wp:meta_key>
                <wp:meta_value><![CDATA[lsb_acf_isbn]]></wp:meta_value>
            </wp:postmeta>
            <wp:postmeta>
                <wp:meta_key>lsb_published_year</wp:meta_key>
                <wp:meta_value><![CDATA[2010]]></wp:meta_value>
            </wp:postmeta>
            <wp:postmeta>
                <wp:meta_key>_lsb_published_year</wp:meta_key>
                <wp:meta_value><![CDATA[lsb_acf_published_year]]></wp:meta_value>
            </wp:postmeta>
            <wp:postmeta>
                <wp:meta_key>lsb_pages</wp:meta_key>
                <wp:meta_value><![CDATA[62]]></wp:meta_value>
            </wp:postmeta>
            <wp:postmeta>
                <wp:meta_key>_lsb_pages</wp:meta_key>
                <wp:meta_value><![CDATA[lsb_acf_pages]]></wp:meta_value>
            </wp:postmeta>
            <wp:postmeta>
                <wp:meta_key>lsb_review</wp:meta_key>
                <wp:meta_value><![CDATA[  <div>Mange kjenner diktet som en tilfeldig samling ord,<br />  helt uten mening. <br />  Harald Sommerin Simonnæs har samlet noen dikt<br />  som sier noe til leseren.</div>  <div>Kanskje diktene kan fortelle deg noe, </div>  <div>noe du visste fra før, </div>  <div>eller noe du hadde glemt? <br />  Ordknappe dikt<br />  som likevel får sagt mye.  <br />  Diktene er skrevet av kjente, norske diktere,<br />  fra Johan Hermann Wessel til Gro Dahle.  </div>  <div>&#160;</div>  <div><strong>Ordknapp</strong> er et nytt møte med diktene.<br />  Etternølere av alle slag er spesielt invitert.</div>  <div>Boka utkommer i serien <strong>Litt å lese</strong>. </div>  <div>Serien med overkommelige bøker </div>  <div>for folk som leser lite, </div>  <div>kjappe for folk som leser mye. </div>  <p>&#160;</p>  <p>&#160;</p>  ]]></wp:meta_value>
            </wp:postmeta>
            <wp:postmeta>
                <wp:meta_key>_lsb_review</wp:meta_key>
                <wp:meta_value><![CDATA[lsb_acf_review]]></wp:meta_value>
            </wp:postmeta>
            <wp:postmeta>
                <wp:meta_key>lsb_quote</wp:meta_key>
                <wp:meta_value><![CDATA[Jan Erik Vold  TROR JEG    En gang  imellom må noen  si: Jeg vil ha barn  med deg.  Ellers går det   ikke.  ]]></wp:meta_value>
            </wp:postmeta>
            <wp:postmeta>
                <wp:meta_key>_lsb_quote</wp:meta_key>
                <wp:meta_value><![CDATA[lsb_acf_quote]]></wp:meta_value>
            </wp:postmeta>
            <wp:postmeta>
                <wp:meta_key>lsb_supported</wp:meta_key>
                <wp:meta_value><![CDATA[1]]></wp:meta_value>
            </wp:postmeta>
            <wp:postmeta>
                <wp:meta_key>_lsb_supported</wp:meta_key>
                <wp:meta_value><![CDATA[lsb_acf_supported]]></wp:meta_value>
            </wp:postmeta>
            <wp:postmeta>
                <wp:meta_key>lsb_support_cat</wp:meta_key>
                <wp:meta_value><![CDATA[purple]]></wp:meta_value>
            </wp:postmeta>
            <wp:postmeta>
                <wp:meta_key>_lsb_support_cat</wp:meta_key>
                <wp:meta_value><![CDATA[lsb_acf_support_cat]]></wp:meta_value>
            </wp:postmeta>
            <category domain="lsb_tax_author" nicename="harald-s.-simonnæs-(red.)"><![CDATA[Harald S. Simonnæs (red.)]]></category>
            <category domain="lsb_tax_publisher" nicename="solum"><![CDATA[Solum]]></category>
            <wp:postmeta>
                <wp:meta_key>lsb_look_inside</wp:meta_key>
                <wp:meta_value><![CDATA[CUSTOM_BLA_I_BOKA]]></wp:meta_value>
            </wp:postmeta>
            <wp:postmeta>
                <wp:meta_key>_lsb_look_inside</wp:meta_key>
                <wp:meta_value><![CDATA[lsb_acf_look_inside]]></wp:meta_value>
            </wp:postmeta>
            <category domain="lsb_tax_age" nicename="ungdom"><![CDATA[ungdom]]></category>
            <category domain="lsb_tax_age" nicename="voksne"><![CDATA[voksne]]></category>
            <category domain="lsb_tax_genre" nicename="dikt"><![CDATA[dikt]]></category>
            <category domain="lsb_tax_language" nicename="no_nn"><![CDATA[nynorsk]]></category>
            <category domain="lsb_tax_language" nicename="no_nb"><![CDATA[bokmål]]></category>
            <category domain="lsb_tax_customization" nicename="skjønnlitteratur"><![CDATA[skjønnlitteratur]]></category>
            <wp:postmeta>
                <wp:meta_key>_thumbnail_id</wp:meta_key>
                <wp:meta_value><![CDATA[5409]]></wp:meta_value>
            </wp:postmeta>
        </item>
        <item>
            <title>Ordknapp.jpg</title>
            <wp:post_id>5409</wp:post_id>
            <wp:status>inherit</wp:status>
            <wp:post_type>attachment</wp:post_type>
            <wp:attachment_url>https://raw.githubusercontent.com/lesersokerbok/boksok.no-data-utils/master/output-example/images/6D206156ED1144709C5C3B17D0E082BC.jpg</wp:attachment_url>
        </item>
        <item>
            <wp:post_type>lsb_book</wp:post_type>
            <wp:status>publish</wp:status>
            <title>Mannen og datteren</title>
            <excerpt:encoded><![CDATA[På den ene siden av byen sitter en mann og lengter.   Han lengter etter datteren han forlot for lenge siden.   Kan de møtes igjen?]]></excerpt:encoded>
            <wp:postmeta>
                <wp:meta_key>lsb_isbn</wp:meta_key>
                <wp:meta_value><![CDATA[9788293087007]]></wp:meta_value>
            </wp:postmeta>
            <wp:postmeta>
                <wp:meta_key>_lsb_isbn</wp:meta_key>
                <wp:meta_value><![CDATA[lsb_acf_isbn]]></wp:meta_value>
            </wp:postmeta>
            <wp:postmeta>
                <wp:meta_key>lsb_published_year</wp:meta_key>
                <wp:meta_value><![CDATA[2010]]></wp:meta_value>
            </wp:postmeta>
            <wp:postmeta>
                <wp:meta_key>_lsb_published_year</wp:meta_key>
                <wp:meta_value><![CDATA[lsb_acf_published_year]]></wp:meta_value>
            </wp:postmeta>
            <wp:postmeta>
                <wp:meta_key>lsb_pages</wp:meta_key>
                <wp:meta_value><![CDATA[124]]></wp:meta_value>
            </wp:postmeta>
            <wp:postmeta>
                <wp:meta_key>_lsb_pages</wp:meta_key>
                <wp:meta_value><![CDATA[lsb_acf_pages]]></wp:meta_value>
            </wp:postmeta>
            <wp:postmeta>
                <wp:meta_key>lsb_review</wp:meta_key>
                <wp:meta_value><![CDATA[  <div>En mann lever livet sitt alene.</div>  <div>Han arbeider, han barberer seg, han spiser.</div>  <div>Han lengter.</div>  <div>Han lengter etter datteren, </div>  <div>som han har forlatt.</div>  <div>&#160;</div>  <div>En dag treffer han Subramaniam på gata.</div>  <div>Subramaniam lengter også,</div>  <div>men er likevel ikke ensom.</div>  <div>Kan han gi Jan mot til å oppsøke datteren sin?</div>  <div>&#160;</div>  <div><strong>Mannen og datteren</strong> er en varm historie</div>  <div>om savn og kjærlighet.</div>  <div>Boka har et enkelt, presist språk,</div>  <div>som også passer for de som er nye i Norge.</div>  <div>&#160;</div>  ]]></wp:meta_value>
            </wp:postmeta>
            <wp:postmeta>
                <wp:meta_key>_lsb_review</wp:meta_key>
                <wp:meta_value><![CDATA[lsb_acf_review]]></wp:meta_value>
            </wp:postmeta>
            <wp:postmeta>
                <wp:meta_key>lsb_quote</wp:meta_key>
                <wp:meta_value><![CDATA[Han drømmer om lange reiser med tog.  Ikke alene, nei aldeles ikke alene.  Med tog, og sammen med noen.   Han kan bære bagasjen for minst to personer.   Maja, vil du reise med meg.]]></wp:meta_value>
            </wp:postmeta>
            <wp:postmeta>
                <wp:meta_key>_lsb_quote</wp:meta_key>
                <wp:meta_value><![CDATA[lsb_acf_quote]]></wp:meta_value>
            </wp:postmeta>
            <wp:postmeta>
                <wp:meta_key>lsb_supported</wp:meta_key>
                <wp:meta_value><![CDATA[1]]></wp:meta_value>
            </wp:postmeta>
            <wp:postmeta>
                <wp:meta_key>_lsb_supported</wp:meta_key>
                <wp:meta_value><![CDATA[lsb_acf_supported]]></wp:meta_value>
            </wp:postmeta>
            <wp:postmeta>
                <wp:meta_key>lsb_support_cat</wp:meta_key>
                <wp:meta_value><![CDATA[purple]]></wp:meta_value>
            </wp:postmeta>
            <wp:postmeta>
                <wp:meta_key>_lsb_support_cat</wp:meta_key>
                <wp:meta_value><![CDATA[lsb_acf_support_cat]]></wp:meta_value>
            </wp:postmeta>
            <category domain="lsb_tax_author" nicename="wera-sæther"><![CDATA[Wera Sæther]]></category>
            <category domain="lsb_tax_publisher" nicename="reise-&amp;-kultur"><![CDATA[Reise & Kultur]]></category>
            <category domain="lsb_tax_illustrator" nicename="johanne-hjorthol"><![CDATA[Johanne Hjorthol]]></category>
            <wp:postmeta>
                <wp:meta_key>lsb_look_inside</wp:meta_key>
                <wp:meta_value><![CDATA[CUSTOM_BLA_I_BOKA]]></wp:meta_value>
            </wp:postmeta>
            <wp:postmeta>
                <wp:meta_key>_lsb_look_inside</wp:meta_key>
                <wp:meta_value><![CDATA[lsb_acf_look_inside]]></wp:meta_value>
            </wp:postmeta>
            <category domain="lsb_tax_age" nicename="voksne"><![CDATA[voksne]]></category>
            <category domain="lsb_tax_genre" nicename="prosa"><![CDATA[prosa]]></category>
            <category domain="lsb_tax_topic" nicename="mennesker-i-mellom"><![CDATA[mennesker i mellom]]></category>
            <category domain="lsb_tax_language" nicename="no_nb"><![CDATA[bokmål]]></category>
            <category domain="lsb_tax_customization" nicename="skjønnlitteratur"><![CDATA[skjønnlitteratur]]></category>
            <category domain="lsb_tax_customization" nicename="ny-i-norge"><![CDATA[ny i norge]]></category>
            <wp:postmeta>
                <wp:meta_key>_thumbnail_id</wp:meta_key>
                <wp:meta_value><![CDATA[5410]]></wp:meta_value>
            </wp:postmeta>
        </item>
        <item>
            <title>mannen og datteren.jpg</title>
            <wp:post_id>5410</wp:post_id>
            <wp:status>inherit</wp:status>
            <wp:post_type>attachment</wp:post_type>
            <wp:attachment_url>https://raw.githubusercontent.com/lesersokerbok/boksok.no-data-utils/master/output-example/images/BCA5AF2DF7AF4338960CEFC7D46F2FFB.jpg</wp:attachment_url>
        </item>
        <item>
            <wp:post_type>lsb_book</wp:post_type>
            <wp:status>publish</wp:status>
            <title>Songar</title>
            <excerpt:encoded><![CDATA[Jon Fosse syng om kjærleik, havet, livet og vinden.  Ei nær og rytmisk samling songar.]]></excerpt:encoded>
            <wp:postmeta>
                <wp:meta_key>lsb_isbn</wp:meta_key>
                <wp:meta_value><![CDATA[9788252175196]]></wp:meta_value>
            </wp:postmeta>
            <wp:postmeta>
                <wp:meta_key>_lsb_isbn</wp:meta_key>
                <wp:meta_value><![CDATA[lsb_acf_isbn]]></wp:meta_value>
            </wp:postmeta>
            <wp:postmeta>
                <wp:meta_key>lsb_published_year</wp:meta_key>
                <wp:meta_value><![CDATA[2009]]></wp:meta_value>
            </wp:postmeta>
            <wp:postmeta>
                <wp:meta_key>_lsb_published_year</wp:meta_key>
                <wp:meta_value><![CDATA[lsb_acf_published_year]]></wp:meta_value>
            </wp:postmeta>
            <wp:postmeta>
                <wp:meta_key>lsb_pages</wp:meta_key>
                <wp:meta_value><![CDATA[40]]></wp:meta_value>
            </wp:postmeta>
            <wp:postmeta>
                <wp:meta_key>_lsb_pages</wp:meta_key>
                <wp:meta_value><![CDATA[lsb_acf_pages]]></wp:meta_value>
            </wp:postmeta>
            <wp:postmeta>
                <wp:meta_key>lsb_review</wp:meta_key>
                <wp:meta_value><![CDATA[  <div>  <div>Songane har ei klar rytme driv oss fram.</div>  <div>Språket er enkelt, og bileta konkrete.</div></div>  <div>&#160;</div>  <div>Boka samlar 33 songar,</div>  <div>som eigentleg var tinga til Festspillene i Bergen.</div>  <div>Då var dei tonesette av Gabriel Fliflet.</div>  <div>Dei er like gode på papiret.</div>  <div>&#160;</div>  <div>Jon Fosse er mellom våre aller mest anerkjende forfattarar.</div>  <div>Han har skrive dikt, skodespel, romanar, essay og bøker for barn.</div>  ]]></wp:meta_value>
            </wp:postmeta>
            <wp:postmeta>
                <wp:meta_key>_lsb_review</wp:meta_key>
                <wp:meta_value><![CDATA[lsb_acf_review]]></wp:meta_value>
            </wp:postmeta>
            <wp:postmeta>
                <wp:meta_key>lsb_quote</wp:meta_key>
                <wp:meta_value><![CDATA[Første båtsong    Vi voggar i båt  ein båt av sølv  Vi voggar vår gråt  i båt av sølv    Vi voggar vår song  i natta den ville  Vi voggar vår kjærleik   i natta den stille    Vi voggar i båt  Vi voggar vår sorg  Vi voggar vår låt  i båt av sølv]]></wp:meta_value>
            </wp:postmeta>
            <wp:postmeta>
                <wp:meta_key>_lsb_quote</wp:meta_key>
                <wp:meta_value><![CDATA[lsb_acf_quote]]></wp:meta_value>
            </wp:postmeta>
            <wp:postmeta>
                <wp:meta_key>lsb_supported</wp:meta_key>
                <wp:meta_value><![CDATA[0]]></wp:meta_value>
            </wp:postmeta>
            <wp:postmeta>
                <wp:meta_key>_lsb_supported</wp:meta_key>
                <wp:meta_value><![CDATA[lsb_acf_supported]]></wp:meta_value>
            </wp:postmeta>
            <category domain="lsb_tax_author" nicename="jon-fosse"><![CDATA[Jon Fosse]]></category>
            <category domain="lsb_tax_publisher" nicename="det-norske-samlaget"><![CDATA[Det Norske Samlaget]]></category>
            <wp:postmeta>
                <wp:meta_key>lsb_look_inside</wp:meta_key>
                <wp:meta_value><![CDATA[CUSTOM_BLA_I_BOKA]]></wp:meta_value>
            </wp:postmeta>
            <wp:postmeta>
                <wp:meta_key>_lsb_look_inside</wp:meta_key>
                <wp:meta_value><![CDATA[lsb_acf_look_inside]]></wp:meta_value>
            </wp:postmeta>
            <category domain="lsb_tax_age" nicename="voksne"><![CDATA[voksne]]></category>
            <category domain="lsb_tax_genre" nicename="dikt"><![CDATA[dikt]]></category>
            <category domain="lsb_tax_topic" nicename="kjærlighet"><![CDATA[kjærlighet]]></category>
            <category domain="lsb_tax_topic" nicename="mennesker-i-mellom"><![CDATA[mennesker i mellom]]></category>
            <category domain="lsb_tax_language" nicename="no_nn"><![CDATA[nynorsk]]></category>
            <category domain="lsb_tax_customization" nicename="skjønnlitteratur"><![CDATA[skjønnlitteratur]]></category>
            <wp:postmeta>
                <wp:meta_key>_thumbnail_id</wp:meta_key>
                <wp:meta_value><![CDATA[5411]]></wp:meta_value>
            </wp:postmeta>
        </item>
        <item>
            <title>songar.jpg</title>
            <wp:post_id>5411</wp:post_id>
            <wp:status>inherit</wp:status>
            <wp:post_type>attachment</wp:post_type>
            <wp:attachment_url>https://raw.githubusercontent.com/lesersokerbok/boksok.no-data-utils/master/output-example/images/883C359AB3464C4BB0A4F9CE2AA90EA4.jpg</wp:attachment_url>
        </item>
        <item>
            <wp:post_type>lsb_book</wp:post_type>
            <wp:status>publish</wp:status>
            <title>Nyryddinga</title>
            <excerpt:encoded><![CDATA[Daglege hendingar på sauegård fortel oss mykje om livet.]]></excerpt:encoded>
            <wp:postmeta>
                <wp:meta_key>lsb_isbn</wp:meta_key>
                <wp:meta_value><![CDATA[8252164374]]></wp:meta_value>
            </wp:postmeta>
            <wp:postmeta>
                <wp:meta_key>_lsb_isbn</wp:meta_key>
                <wp:meta_value><![CDATA[lsb_acf_isbn]]></wp:meta_value>
            </wp:postmeta>
            <wp:postmeta>
                <wp:meta_key>lsb_published_year</wp:meta_key>
                <wp:meta_value><![CDATA[2003]]></wp:meta_value>
            </wp:postmeta>
            <wp:postmeta>
                <wp:meta_key>_lsb_published_year</wp:meta_key>
                <wp:meta_value><![CDATA[lsb_acf_published_year]]></wp:meta_value>
            </wp:postmeta>
            <wp:postmeta>
                <wp:meta_key>lsb_pages</wp:meta_key>
                <wp:meta_value><![CDATA[180]]></wp:meta_value>
            </wp:postmeta>
            <wp:postmeta>
                <wp:meta_key>_lsb_pages</wp:meta_key>
                <wp:meta_value><![CDATA[lsb_acf_pages]]></wp:meta_value>
            </wp:postmeta>
            <wp:postmeta>
                <wp:meta_key>lsb_review</wp:meta_key>
                <wp:meta_value><![CDATA[  <div class="MsoNormal">På<span lang="NO-NYN"> ein</span><span lang="NO-NYN"> gard mot svenskegrensa bor ti år gamle Geir. </span></div>  <div class="MsoNormal"><span lang="NO-NYN">Han bur der saman med familien og sauar han gjer namn.</span><span lang="NO-NYN">&#160;</span></div>  <div class="MsoNormal"><span lang="NO-NYN">På garden på andre sida av elva bur bestevenen Finn.</span><strong><span lang="NO-NYN">&#160;</span></strong></div>  <div class="MsoNormal"><strong><span lang="NO-NYN">&#160;</span></strong></div>  <div class="MsoNormal"><strong><span lang="NO-NYN">Nyryddinga</span></strong><span lang="NO-NYN"> fortel om folk og dyr gjennom årstidene.</span><span lang="NO-NYN">&#160;</span></div>  <div class="MsoNormal"><span lang="NO-NYN">Gjennom enkle hendingar frå arbeid og leik på garden</span><span lang="NO-NYN">&#160;</span></div>  <div class="MsoNormal"><span lang="NO-NYN">fortel boka mykje om dei viktige tinga i livet.</span><br />  </div>  <div><span lang="NO-NYN">&#160;</span></div>  <div><span lang="NO-NYN">Når far til Geir blir sjuk, blir både leiken og arbeidet meir alvorlig.</span> </div>  <div>&#160;</div>  <div>Forfattar Sigmund Løvåsen (f. 1977) debuterte med <strong>Nyryddinga</strong>. </div>  <div>Han fekk P2-lyttaranes romanpris 2003 for boka.  </div>  ]]></wp:meta_value>
            </wp:postmeta>
            <wp:postmeta>
                <wp:meta_key>_lsb_review</wp:meta_key>
                <wp:meta_value><![CDATA[lsb_acf_review]]></wp:meta_value>
            </wp:postmeta>
            <wp:postmeta>
                <wp:meta_key>lsb_quote</wp:meta_key>
                <wp:meta_value><![CDATA[Mor brukte å seie at alt som ikkje var stole eller oppbrent, kom til rette att. Det gjaldt nok ikkje hanen, han var nok i Sverige, slik Finn hadde sagt.]]></wp:meta_value>
            </wp:postmeta>
            <wp:postmeta>
                <wp:meta_key>_lsb_quote</wp:meta_key>
                <wp:meta_value><![CDATA[lsb_acf_quote]]></wp:meta_value>
            </wp:postmeta>
            <wp:postmeta>
                <wp:meta_key>lsb_supported</wp:meta_key>
                <wp:meta_value><![CDATA[0]]></wp:meta_value>
            </wp:postmeta>
            <wp:postmeta>
                <wp:meta_key>_lsb_supported</wp:meta_key>
                <wp:meta_value><![CDATA[lsb_acf_supported]]></wp:meta_value>
            </wp:postmeta>
            <category domain="lsb_tax_author" nicename="sigmund-løvåsen"><![CDATA[Sigmund Løvåsen]]></category>
            <category domain="lsb_tax_publisher" nicename="samlaget"><![CDATA[Samlaget]]></category>
            <wp:postmeta>
                <wp:meta_key>lsb_look_inside</wp:meta_key>
                <wp:meta_value><![CDATA[CUSTOM_BLA_I_BOKA]]></wp:meta_value>
            </wp:postmeta>
            <wp:postmeta>
                <wp:meta_key>_lsb_look_inside</wp:meta_key>
                <wp:meta_value><![CDATA[lsb_acf_look_inside]]></wp:meta_value>
            </wp:postmeta>
            <category domain="lsb_tax_age" nicename="voksne"><![CDATA[voksne]]></category>
            <category domain="lsb_tax_genre" nicename="prosa"><![CDATA[prosa]]></category>
            <category domain="lsb_tax_topic" nicename="mennesker-i-mellom"><![CDATA[mennesker i mellom]]></category>
            <category domain="lsb_tax_language" nicename="no_nn"><![CDATA[nynorsk]]></category>
            <category domain="lsb_tax_customization" nicename="skjønnlitteratur"><![CDATA[skjønnlitteratur]]></category>
            <wp:postmeta>
                <wp:meta_key>_thumbnail_id</wp:meta_key>
                <wp:meta_value><![CDATA[5412]]></wp:meta_value>
            </wp:postmeta>
        </item>
        <item>
            <title>Nyryddinga-2-utg.ashx.jpg</title>
            <wp:post_id>5412</wp:post_id>
            <wp:status>inherit</wp:status>
            <wp:post_type>attachment</wp:post_type>
            <wp:attachment_url>https://raw.githubusercontent.com/lesersokerbok/boksok.no-data-utils/master/output-example/images/EF8CC62846824F378710A1278AF87C06.jpg</wp:attachment_url>
        </item>
        <item>
            <wp:post_type>lsb_book</wp:post_type>
            <wp:status>publish</wp:status>
            <title>Johan</title>
            <excerpt:encoded><![CDATA[Ein kort roman om barndom og sorg.]]></excerpt:encoded>
            <wp:postmeta>
                <wp:meta_key>lsb_isbn</wp:meta_key>
                <wp:meta_value><![CDATA[9788252176384]]></wp:meta_value>
            </wp:postmeta>
            <wp:postmeta>
                <wp:meta_key>_lsb_isbn</wp:meta_key>
                <wp:meta_value><![CDATA[lsb_acf_isbn]]></wp:meta_value>
            </wp:postmeta>
            <wp:postmeta>
                <wp:meta_key>lsb_published_year</wp:meta_key>
                <wp:meta_value><![CDATA[2009]]></wp:meta_value>
            </wp:postmeta>
            <wp:postmeta>
                <wp:meta_key>_lsb_published_year</wp:meta_key>
                <wp:meta_value><![CDATA[lsb_acf_published_year]]></wp:meta_value>
            </wp:postmeta>
            <wp:postmeta>
                <wp:meta_key>lsb_pages</wp:meta_key>
                <wp:meta_value><![CDATA[77]]></wp:meta_value>
            </wp:postmeta>
            <wp:postmeta>
                <wp:meta_key>_lsb_pages</wp:meta_key>
                <wp:meta_value><![CDATA[lsb_acf_pages]]></wp:meta_value>
            </wp:postmeta>
            <wp:postmeta>
                <wp:meta_key>lsb_review</wp:meta_key>
                <wp:meta_value><![CDATA[  <div>Johan vaknar opp til første dag i sommarferien, </div>  <div>men ingenting er som det skal vere.</div>  <div>Veslesøstera hans er død.</div>  <div>Minnet om då ho drukna heimsøkjer både han og venen Iver. </div>  <div>Den sorgtyngde Johan vil ta eit oppgjer med fortida. </div>  <div>Så hamnar han i ein situasjon der hans eige liv plutseleg står på spel. </div>  <div>&#160;</div>  <div><strong>Johan</strong><em>&#160;</em>er ei forteljing om det å miste og å leve vidare. </div>  <div>Soga er truverdig fortald, i eit lågmælt språk.</div>  <div>&#160;</div>  <div><strong>Johan</strong> vekslar mellom om ulykkesdagen og notida.</div>  <div>Soga om ulykka er skriven i kursiv, og kan difor vere tung å lese.</div>  <div>Språket er enkelt og konkret, </div>  <div>sjølv om somme setningar kan vere lange.</div>  <div>Boka er svært kort, berre 77 sider. </div>  <div>&#160;</div>  <div><strong>Gaute M. Sortland</strong> er fødd i 1980 og kjem frå Haugesund.</div>  <div>Han er songar og musikar i Bergen mandolinband.</div>  <div><strong>Johan</strong> er den første boka hans. </div>  ]]></wp:meta_value>
            </wp:postmeta>
            <wp:postmeta>
                <wp:meta_key>_lsb_review</wp:meta_key>
                <wp:meta_value><![CDATA[lsb_acf_review]]></wp:meta_value>
            </wp:postmeta>
            <wp:postmeta>
                <wp:meta_key>lsb_quote</wp:meta_key>
                <wp:meta_value><![CDATA[   - Kor mykje kostar dei? må Johan til sist spørje.     Monsen lagar berre nokre lydar til svar. Vanligvis   snakkar jo Monsen i eitt køyr, fortel dumme vitsar og dei  same spøkane kvar gong, men nå seier han ikkje eit ord.  Johan ser raskt opp på Monsen, der ein sveittedrope renn  frå det skalla hovudet og over tinningen. Han har kan-  skje klikka, tenker Johan. Det har nok klikka totalt for  han, nett det som Iver meinte kom til å skje ein dag.     - Ja, ja. Det var jammen bra at det ikkje vart noko  av denne flyttinga, du, da Monsen. - Eg trur eg hadde  gått konk, eg, viss de òg hadde flytta. He, he. ]]></wp:meta_value>
            </wp:postmeta>
            <wp:postmeta>
                <wp:meta_key>_lsb_quote</wp:meta_key>
                <wp:meta_value><![CDATA[lsb_acf_quote]]></wp:meta_value>
            </wp:postmeta>
            <wp:postmeta>
                <wp:meta_key>lsb_supported</wp:meta_key>
                <wp:meta_value><![CDATA[0]]></wp:meta_value>
            </wp:postmeta>
            <wp:postmeta>
                <wp:meta_key>_lsb_supported</wp:meta_key>
                <wp:meta_value><![CDATA[lsb_acf_supported]]></wp:meta_value>
            </wp:postmeta>
            <category domain="lsb_tax_author" nicename="gaute-m.-sortland"><![CDATA[Gaute M. Sortland]]></category>
            <category domain="lsb_tax_publisher" nicename="det-norske-samlaget"><![CDATA[Det Norske Samlaget]]></category>
            <wp:postmeta>
                <wp:meta_key>lsb_look_inside</wp:meta_key>
                <wp:meta_value><![CDATA[CUSTOM_BLA_I_BOKA]]></wp:meta_value>
            </wp:postmeta>
            <wp:postmeta>
                <wp:meta_key>_lsb_look_inside</wp:meta_key>
                <wp:meta_value><![CDATA[lsb_acf_look_inside]]></wp:meta_value>
            </wp:postmeta>
            <category domain="lsb_tax_age" nicename="ungdom"><![CDATA[ungdom]]></category>
            <category domain="lsb_tax_age" nicename="voksne"><![CDATA[voksne]]></category>
            <category domain="lsb_tax_genre" nicename="prosa"><![CDATA[prosa]]></category>
            <category domain="lsb_tax_topic" nicename="mennesker-i-mellom"><![CDATA[mennesker i mellom]]></category>
            <category domain="lsb_tax_language" nicename="no_nn"><![CDATA[nynorsk]]></category>
            <category domain="lsb_tax_customization" nicename="skjønnlitteratur"><![CDATA[skjønnlitteratur]]></category>
            <wp:postmeta>
                <wp:meta_key>_thumbnail_id</wp:meta_key>
                <wp:meta_value><![CDATA[5413]]></wp:meta_value>
            </wp:postmeta>
        </item>
        <item>
            <title>johan.jpg</title>
            <wp:post_id>5413</wp:post_id>
            <wp:status>inherit</wp:status>
            <wp:post_type>attachment</wp:post_type>
            <wp:attachment_url>https://raw.githubusercontent.com/lesersokerbok/boksok.no-data-utils/master/output-example/images/FF59BAC984234A8FB73F4A023C5ABD56.jpg</wp:attachment_url>
        </item>
        <item>
            <wp:post_type>lsb_book</wp:post_type>
            <wp:status>publish</wp:status>
            <title>Bitching. En bok om jenter og mobbing</title>
            <excerpt:encoded><![CDATA[Dette er den første fagboka i Norge som handler om jentemobbing. Her møter du over hundre unge jenter som selv er blitt mobbet, eller har vært med på å mobbe andre jenter. ]]></excerpt:encoded>
            <wp:postmeta>
                <wp:meta_key>lsb_isbn</wp:meta_key>
                <wp:meta_value><![CDATA[9788253030357]]></wp:meta_value>
            </wp:postmeta>
            <wp:postmeta>
                <wp:meta_key>_lsb_isbn</wp:meta_key>
                <wp:meta_value><![CDATA[lsb_acf_isbn]]></wp:meta_value>
            </wp:postmeta>
            <wp:postmeta>
                <wp:meta_key>lsb_published_year</wp:meta_key>
                <wp:meta_value><![CDATA[2008]]></wp:meta_value>
            </wp:postmeta>
            <wp:postmeta>
                <wp:meta_key>_lsb_published_year</wp:meta_key>
                <wp:meta_value><![CDATA[lsb_acf_published_year]]></wp:meta_value>
            </wp:postmeta>
            <wp:postmeta>
                <wp:meta_key>lsb_pages</wp:meta_key>
                <wp:meta_value><![CDATA[192]]></wp:meta_value>
            </wp:postmeta>
            <wp:postmeta>
                <wp:meta_key>_lsb_pages</wp:meta_key>
                <wp:meta_value><![CDATA[lsb_acf_pages]]></wp:meta_value>
            </wp:postmeta>
            <wp:postmeta>
                <wp:meta_key>lsb_review</wp:meta_key>
                <wp:meta_value><![CDATA[  <div>"Den grusomme hviskeleken", blikk, </div>  <div>himling med øyne og aktiviteter der </div>  <div>"dessverre ikke alle" kan være med. </div>  <div>Dette er noen av kjennetegnene til jentemobbing. </div>  <div>&#160;</div>  <div><strong>Bitching</strong> er en bok om en jentekultur</div>  <div>som verken er svart eller hvit. </div>  <div>Om posisjoner, usikkerhet og uskrevne spilleregler. </div>  <div>Om et fenomen de fleste jenter (dessverre)</div>  <div>har opplevd eller observert - i en eller annen form. </div>  <div>&#160;</div>  <div>Boka er bygd opp gjennom små episoder</div>  <div>og fortellinger fra kjente personer. </div>  <div>Den gir også råd om konkrete strategier for </div>  <div>bekjempelse av mobbing. </div>  <div>&#160;</div>  <div><strong>Bitching</strong> inneholder en mengde referanser </div>  <div>til litteratur og filmer om mobbing. </div>  <div>&#160;</div>  <div>Språket er muntlig, men det er en del vanskelige ord. </div>  <div>Layouten er ryddig og oversiktlig. </div>  <div>Det går fint an å lese utdrag fra boka. </div>  <div>Kan lese fra ca 12 år og oppover. </div>  <div>&#160;</div>  <div>Forfatter Liv Skotheim er journalist og redaktør for </div>  <div>debattsiden Si;D i Aftenposten. </div>  <div>Anna Holm Vågsland er journalist </div>  <div>og har jobbet med flere filmprosjekter mot mobbing. </div>  ]]></wp:meta_value>
            </wp:postmeta>
            <wp:postmeta>
                <wp:meta_key>_lsb_review</wp:meta_key>
                <wp:meta_value><![CDATA[lsb_acf_review]]></wp:meta_value>
            </wp:postmeta>
            <wp:postmeta>
                <wp:meta_key>lsb_quote</wp:meta_key>
                <wp:meta_value><![CDATA[- Hvor ble dere av i sted, jeg fant dere ikke...?  Klassevenninnene til Tora vekslet blikk og så   dumt på henne.   - Hvor ble du av? Vi fant ikke deg. Plutselig   var du borte, liksom.   Tora dro ned på jentetoalettet i lunsjpausen  sammen med to klassev]]></wp:meta_value>
            </wp:postmeta>
            <wp:postmeta>
                <wp:meta_key>_lsb_quote</wp:meta_key>
                <wp:meta_value><![CDATA[lsb_acf_quote]]></wp:meta_value>
            </wp:postmeta>
            <wp:postmeta>
                <wp:meta_key>lsb_supported</wp:meta_key>
                <wp:meta_value><![CDATA[0]]></wp:meta_value>
            </wp:postmeta>
            <wp:postmeta>
                <wp:meta_key>_lsb_supported</wp:meta_key>
                <wp:meta_value><![CDATA[lsb_acf_supported]]></wp:meta_value>
            </wp:postmeta>
            <category domain="lsb_tax_author" nicename="liv-skotheim-og-anna-holm-vågsland"><![CDATA[Liv Skotheim og Anna Holm Vågsland]]></category>
            <category domain="lsb_tax_publisher" nicename="omnipax"><![CDATA[Omnipax]]></category>
            <wp:postmeta>
                <wp:meta_key>lsb_look_inside</wp:meta_key>
                <wp:meta_value><![CDATA[CUSTOM_BLA_I_BOKA]]></wp:meta_value>
            </wp:postmeta>
            <wp:postmeta>
                <wp:meta_key>_lsb_look_inside</wp:meta_key>
                <wp:meta_value><![CDATA[lsb_acf_look_inside]]></wp:meta_value>
            </wp:postmeta>
            <category domain="lsb_tax_age" nicename="ungdom"><![CDATA[ungdom]]></category>
            <category domain="lsb_tax_age" nicename="voksne"><![CDATA[voksne]]></category>
            <category domain="lsb_tax_topic" nicename="mennesker-i-mellom"><![CDATA[mennesker i mellom]]></category>
            <category domain="lsb_tax_language" nicename="no_nb"><![CDATA[bokmål]]></category>
            <category domain="lsb_tax_customization" nicename="faglitteratur"><![CDATA[faglitteratur]]></category>
            <category domain="lsb_tax_customization" nicename="mange-bilder"><![CDATA[mange bilder]]></category>
            <wp:postmeta>
                <wp:meta_key>_thumbnail_id</wp:meta_key>
                <wp:meta_value><![CDATA[5414]]></wp:meta_value>
            </wp:postmeta>
        </item>
        <item>
            <title>bitching.jpg</title>
            <wp:post_id>5414</wp:post_id>
            <wp:status>inherit</wp:status>
            <wp:post_type>attachment</wp:post_type>
            <wp:attachment_url>https://raw.githubusercontent.com/lesersokerbok/boksok.no-data-utils/master/output-example/images/9146A8A63C794F20A00FA34845C18347.jpg</wp:attachment_url>
        </item>
        <item>
            <wp:post_type>lsb_book</wp:post_type>
            <wp:status>publish</wp:status>
            <title>Brakk</title>
            <excerpt:encoded><![CDATA[Skal Geir halda seg til det han har eller fri seg frå historia?  Oppfølgjaren til debutromanen Nyryddinga, som skildrar Geir ti år etter. ]]></excerpt:encoded>
            <wp:postmeta>
                <wp:meta_key>lsb_isbn</wp:meta_key>
                <wp:meta_value><![CDATA[9788252165210]]></wp:meta_value>
            </wp:postmeta>
            <wp:postmeta>
                <wp:meta_key>_lsb_isbn</wp:meta_key>
                <wp:meta_value><![CDATA[lsb_acf_isbn]]></wp:meta_value>
            </wp:postmeta>
            <wp:postmeta>
                <wp:meta_key>lsb_published_year</wp:meta_key>
                <wp:meta_value><![CDATA[2006]]></wp:meta_value>
            </wp:postmeta>
            <wp:postmeta>
                <wp:meta_key>_lsb_published_year</wp:meta_key>
                <wp:meta_value><![CDATA[lsb_acf_published_year]]></wp:meta_value>
            </wp:postmeta>
            <wp:postmeta>
                <wp:meta_key>lsb_pages</wp:meta_key>
                <wp:meta_value><![CDATA[178]]></wp:meta_value>
            </wp:postmeta>
            <wp:postmeta>
                <wp:meta_key>_lsb_pages</wp:meta_key>
                <wp:meta_value><![CDATA[lsb_acf_pages]]></wp:meta_value>
            </wp:postmeta>
            <wp:postmeta>
                <wp:meta_key>lsb_review</wp:meta_key>
                <wp:meta_value><![CDATA[  <div class="MsoNormal"><span lang="NO-NYN">Geir er 19 år, og faren er død.</span></div>  <div class="MsoNormal"><span lang="NO-NYN">Garden der han vaks opp er seld,</span><span lang="NO-NYN">&#160;</span></div>  <div class="MsoNormal"><span lang="NO-NYN">men Geir leiger den og tek opp arbeidet der far hans slapp.</span><span lang="NO-NYN">&#160;</span></div>  <div class="MsoNormal"><span lang="NO-NYN">Han startar opp med ein liten flokk sauar og planlegg å utvide for framtida. </span></div>  <div class="MsoNormal"><span lang="NO-NYN">&#160;</span></div>  <div class="MsoNormal"><strong><span lang="NO-NYN">Brakk </span></strong><span lang="NO-NYN">er ei sterk forteljing av ein ung mann.</span></div>  <div class="MsoNormal"><span lang="NO-NYN">Ein mann som lev vel så mykje i fortida som i dag.</span><span lang="NO-NYN">&#160;</span></div>  <div class="MsoNormal"><span lang="NO-NYN">Vi får vera med på Geir sitt arbeid </span></div>  <div><span lang="NO-NYN">med å byggja opp garden som far hans måtte gje opp.</span><span lang="NO-NYN">&#160;</span></div>  <div><span lang="NO-NYN">Geir vekslar mellom å vera veldig til stades </span></div>  <div><span lang="NO-NYN">i dei daglege oppgåvene</span><span lang="NO-NYN">&#160;</span><span lang="NO-NYN">til å drøyme seg til tida med far.</span><span lang="NO-NYN">&#160;</span></div>  <div><span lang="NO-NYN">Vekslinga mellom nåtid og dagdraumane er gode.</span><span lang="NO-NYN">&#160;</span></div>  <div><span lang="NO-NYN">Det føles heilt naturleg med tilbakeblikk og gjensyn med far til Geir.</span> </div>  <div>&#160;</div>  <div><strong>Brakk</strong> er oppfølgjaren til <strong>Nyryddinga</strong> </div>  <div>som var debutromanen til Sigmund Løvåsen. </div>  ]]></wp:meta_value>
            </wp:postmeta>
            <wp:postmeta>
                <wp:meta_key>_lsb_review</wp:meta_key>
                <wp:meta_value><![CDATA[lsb_acf_review]]></wp:meta_value>
            </wp:postmeta>
            <wp:postmeta>
                <wp:meta_key>lsb_quote</wp:meta_key>
                <wp:meta_value><![CDATA[Grava i jord, utan å grava seg ned.   Dyrke og så, utan å gro fast sjølv.   Plukke stein, utan å steine seg ned.   Vers i skog, utan å gå seg vill.]]></wp:meta_value>
            </wp:postmeta>
            <wp:postmeta>
                <wp:meta_key>_lsb_quote</wp:meta_key>
                <wp:meta_value><![CDATA[lsb_acf_quote]]></wp:meta_value>
            </wp:postmeta>
            <wp:postmeta>
                <wp:meta_key>lsb_supported</wp:meta_key>
                <wp:meta_value><![CDATA[0]]></wp:meta_value>
            </wp:postmeta>
            <wp:postmeta>
                <wp:meta_key>_lsb_supported</wp:meta_key>
                <wp:meta_value><![CDATA[lsb_acf_supported]]></wp:meta_value>
            </wp:postmeta>
            <category domain="lsb_tax_author" nicename="sigmund-løvåsen"><![CDATA[Sigmund Løvåsen]]></category>
            <category domain="lsb_tax_publisher" nicename="samlaget"><![CDATA[Samlaget]]></category>
            <wp:postmeta>
                <wp:meta_key>lsb_look_inside</wp:meta_key>
                <wp:meta_value><![CDATA[CUSTOM_BLA_I_BOKA]]></wp:meta_value>
            </wp:postmeta>
            <wp:postmeta>
                <wp:meta_key>_lsb_look_inside</wp:meta_key>
                <wp:meta_value><![CDATA[lsb_acf_look_inside]]></wp:meta_value>
            </wp:postmeta>
            <category domain="lsb_tax_age" nicename="voksne"><![CDATA[voksne]]></category>
            <category domain="lsb_tax_topic" nicename="mennesker-i-mellom"><![CDATA[mennesker i mellom]]></category>
            <category domain="lsb_tax_language" nicename="no_nn"><![CDATA[nynorsk]]></category>
            <category domain="lsb_tax_customization" nicename="skjønnlitteratur"><![CDATA[skjønnlitteratur]]></category>
            <wp:postmeta>
                <wp:meta_key>_thumbnail_id</wp:meta_key>
                <wp:meta_value><![CDATA[5415]]></wp:meta_value>
            </wp:postmeta>
        </item>
        <item>
            <title>Brakk-2-utg.ashx.jpg</title>
            <wp:post_id>5415</wp:post_id>
            <wp:status>inherit</wp:status>
            <wp:post_type>attachment</wp:post_type>
            <wp:attachment_url>https://raw.githubusercontent.com/lesersokerbok/boksok.no-data-utils/master/output-example/images/CE1D84ECCF1A4F5FB7FDDA3D9B42B217.jpg</wp:attachment_url>
        </item>
        <item>
            <wp:post_type>lsb_book</wp:post_type>
            <wp:status>publish</wp:status>
            <title>Årstidene</title>
            <excerpt:encoded><![CDATA[Flere illustrerte blinkskudd fra Blexbolex!]]></excerpt:encoded>
            <wp:postmeta>
                <wp:meta_key>lsb_isbn</wp:meta_key>
                <wp:meta_value><![CDATA[9788292863114]]></wp:meta_value>
            </wp:postmeta>
            <wp:postmeta>
                <wp:meta_key>_lsb_isbn</wp:meta_key>
                <wp:meta_value><![CDATA[lsb_acf_isbn]]></wp:meta_value>
            </wp:postmeta>
            <wp:postmeta>
                <wp:meta_key>lsb_published_year</wp:meta_key>
                <wp:meta_value><![CDATA[2009]]></wp:meta_value>
            </wp:postmeta>
            <wp:postmeta>
                <wp:meta_key>_lsb_published_year</wp:meta_key>
                <wp:meta_value><![CDATA[lsb_acf_published_year]]></wp:meta_value>
            </wp:postmeta>
            <wp:postmeta>
                <wp:meta_key>lsb_pages</wp:meta_key>
                <wp:meta_value/>
            </wp:postmeta>
            <wp:postmeta>
                <wp:meta_key>_lsb_pages</wp:meta_key>
                <wp:meta_value><![CDATA[lsb_acf_pages]]></wp:meta_value>
            </wp:postmeta>
            <wp:postmeta>
                <wp:meta_key>lsb_review</wp:meta_key>
                <wp:meta_value><![CDATA[  <div>Blexbolex setter sammen et ord eller begrep med en illustrasjon.</div>  <div>Han har tidligere gjort det i <strong>Bilder av folk</strong>, </div>  <div>og den ble kåret til verdens vakreste bok.</div>  <div>&#160;</div>  <div>I denne boka tar han utgangspunkt i årstidene. </div>  <div>Det handler om vær og vind, regn og sol. </div>  <div>Bildene og utrykkene settes sammen i par.<br />  </div>  <div>Parene gir mening. Noen ganger er det selvfølgelig </div>  <div>hvorfor de står ved siden av hverandre. </div>  <div>Andre ganger er paret overraskende.</div>  <div>&#160;</div>  <div>Den vil gi mening for en som skjønner ordene fra før, </div>  <div>og vil være til hjelp for en som er i ferd med å lære seg norsk. <br />  <br />  <strong>Årstidene</strong> kan med fordel leses sammen </div>  <div>og er et godt utgangspunkt for mange gode samtaler.</div>  <div>&#160;</div>  <div>New York Times kåret boka til </div>  <div>"en av de beste bildebøkene i 2010". <br />  </div>  ]]></wp:meta_value>
            </wp:postmeta>
            <wp:postmeta>
                <wp:meta_key>_lsb_review</wp:meta_key>
                <wp:meta_value><![CDATA[lsb_acf_review]]></wp:meta_value>
            </wp:postmeta>
            <wp:postmeta>
                <wp:meta_key>lsb_quote</wp:meta_key>
                <wp:meta_value><![CDATA[NEDBØR - TRENGSEL  MORGENGRY- SPIRE  KJÆRLIGHET - STAHET]]></wp:meta_value>
            </wp:postmeta>
            <wp:postmeta>
                <wp:meta_key>_lsb_quote</wp:meta_key>
                <wp:meta_value><![CDATA[lsb_acf_quote]]></wp:meta_value>
            </wp:postmeta>
            <wp:postmeta>
                <wp:meta_key>lsb_supported</wp:meta_key>
                <wp:meta_value><![CDATA[1]]></wp:meta_value>
            </wp:postmeta>
            <wp:postmeta>
                <wp:meta_key>_lsb_supported</wp:meta_key>
                <wp:meta_value><![CDATA[lsb_acf_supported]]></wp:meta_value>
            </wp:postmeta>
            <wp:postmeta>
                <wp:meta_key>lsb_support_cat</wp:meta_key>
                <wp:meta_value><![CDATA[yellow]]></wp:meta_value>
            </wp:postmeta>
            <wp:postmeta>
                <wp:meta_key>_lsb_support_cat</wp:meta_key>
                <wp:meta_value><![CDATA[lsb_acf_support_cat]]></wp:meta_value>
            </wp:postmeta>
            <category domain="lsb_tax_author" nicename="blexbolex"><![CDATA[Blexbolex]]></category>
            <category domain="lsb_tax_publisher" nicename="magikon-"><![CDATA[Magikon ]]></category>
            <category domain="lsb_tax_illustrator" nicename="blexbolex"><![CDATA[Blexbolex]]></category>
            <category domain="lsb_tax_translator" nicename="svein-størksen"><![CDATA[Svein Størksen]]></category>
            <wp:postmeta>
                <wp:meta_key>lsb_look_inside</wp:meta_key>
                <wp:meta_value><![CDATA[CUSTOM_BLA_I_BOKA]]></wp:meta_value>
            </wp:postmeta>
            <wp:postmeta>
                <wp:meta_key>_lsb_look_inside</wp:meta_key>
                <wp:meta_value><![CDATA[lsb_acf_look_inside]]></wp:meta_value>
            </wp:postmeta>
            <category domain="lsb_tax_age" nicename="barn"><![CDATA[barn]]></category>
            <category domain="lsb_tax_age" nicename="ungdom"><![CDATA[ungdom]]></category>
            <category domain="lsb_tax_age" nicename="voksne"><![CDATA[voksne]]></category>
            <category domain="lsb_tax_topic" nicename="natur"><![CDATA[natur]]></category>
            <category domain="lsb_tax_topic" nicename="humor"><![CDATA[humor]]></category>
            <category domain="lsb_tax_topic" nicename="mennesker-i-mellom"><![CDATA[mennesker i mellom]]></category>
            <category domain="lsb_tax_language" nicename="no_nb"><![CDATA[bokmål]]></category>
            <category domain="lsb_tax_customization" nicename="storskrift"><![CDATA[storskrift]]></category>
            <category domain="lsb_tax_customization" nicename="ny-i-norge"><![CDATA[ny i norge]]></category>
            <category domain="lsb_tax_customization" nicename="mange-bilder"><![CDATA[mange bilder]]></category>
            <wp:postmeta>
                <wp:meta_key>_thumbnail_id</wp:meta_key>
                <wp:meta_value><![CDATA[5416]]></wp:meta_value>
            </wp:postmeta>
        </item>
        <item>
            <title>Aarstidene_forside.jpg</title>
            <wp:post_id>5416</wp:post_id>
            <wp:status>inherit</wp:status>
            <wp:post_type>attachment</wp:post_type>
            <wp:attachment_url>https://raw.githubusercontent.com/lesersokerbok/boksok.no-data-utils/master/output-example/images/E7D19FBABF504A668F044F35C1956B89.jpg</wp:attachment_url>
        </item>
        <item>
            <wp:post_type>lsb_book</wp:post_type>
            <wp:status>publish</wp:status>
            <title>1905. Duellen på Hesselø</title>
            <excerpt:encoded><![CDATA[Tegneserien 1905 forteller   en humoristisk versjon   av hva som skjedde da Norge brøt   ut av unionen med Sverige. ]]></excerpt:encoded>
            <wp:postmeta>
                <wp:meta_key>lsb_isbn</wp:meta_key>
                <wp:meta_value><![CDATA[9788202248598]]></wp:meta_value>
            </wp:postmeta>
            <wp:postmeta>
                <wp:meta_key>_lsb_isbn</wp:meta_key>
                <wp:meta_value><![CDATA[lsb_acf_isbn]]></wp:meta_value>
            </wp:postmeta>
            <wp:postmeta>
                <wp:meta_key>lsb_published_year</wp:meta_key>
                <wp:meta_value><![CDATA[2005]]></wp:meta_value>
            </wp:postmeta>
            <wp:postmeta>
                <wp:meta_key>_lsb_published_year</wp:meta_key>
                <wp:meta_value><![CDATA[lsb_acf_published_year]]></wp:meta_value>
            </wp:postmeta>
            <wp:postmeta>
                <wp:meta_key>lsb_pages</wp:meta_key>
                <wp:meta_value><![CDATA[upag.]]></wp:meta_value>
            </wp:postmeta>
            <wp:postmeta>
                <wp:meta_key>_lsb_pages</wp:meta_key>
                <wp:meta_value><![CDATA[lsb_acf_pages]]></wp:meta_value>
            </wp:postmeta>
            <wp:postmeta>
                <wp:meta_key>lsb_review</wp:meta_key>
                <wp:meta_value><![CDATA[  <p>Sannheten er at verken Sverige <br />  eller Danmark ville ha oss. </p>  <div>&#160;</div>  <div>Tegningene er i gråtoner </div>  <div>som gir dårlig kontrast. </div>  <div>Teksten er tydelig <br />  skilt ut i hvite bobler med store bokstaver. </div>  <div>&#160;</div>  <div>Tor Bomann-Larsen (f.1951) er kjent <br />  som forsker på kongefamilien <br />  og som forfatter. <br />  Det er ikke så mange som vet <br />  at han lenge har laget tegneserier.<br />  Knut Nærum har skrevet <br />  et morsomt forord til boka. </div>  ]]></wp:meta_value>
            </wp:postmeta>
            <wp:postmeta>
                <wp:meta_key>_lsb_review</wp:meta_key>
                <wp:meta_value><![CDATA[lsb_acf_review]]></wp:meta_value>
            </wp:postmeta>
            <wp:postmeta>
                <wp:meta_key>lsb_quote</wp:meta_key>
                <wp:meta_value><![CDATA[- JEG ER JO DIN FØRSTEFØDTE,   OG DET ER MITT HØYESTE ØNSKE   Å BLI KVITT ALT SOM NORGE OG   NORRMÄNN HETER!     - HADDE JEG BARE VISST HVORDAN   VI SKULLE RISTE DEM AV OSS. ]]></wp:meta_value>
            </wp:postmeta>
            <wp:postmeta>
                <wp:meta_key>_lsb_quote</wp:meta_key>
                <wp:meta_value><![CDATA[lsb_acf_quote]]></wp:meta_value>
            </wp:postmeta>
            <wp:postmeta>
                <wp:meta_key>lsb_supported</wp:meta_key>
                <wp:meta_value><![CDATA[0]]></wp:meta_value>
            </wp:postmeta>
            <wp:postmeta>
                <wp:meta_key>_lsb_supported</wp:meta_key>
                <wp:meta_value><![CDATA[lsb_acf_supported]]></wp:meta_value>
            </wp:postmeta>
            <category domain="lsb_tax_author" nicename="tor-bomann-larsen"><![CDATA[Tor Bomann-Larsen]]></category>
            <category domain="lsb_tax_publisher" nicename="cappelen-damm"><![CDATA[Cappelen Damm]]></category>
            <category domain="lsb_tax_illustrator" nicename="tor-bomann-larsen"><![CDATA[Tor Bomann-Larsen]]></category>
            <wp:postmeta>
                <wp:meta_key>lsb_look_inside</wp:meta_key>
                <wp:meta_value><![CDATA[CUSTOM_BLA_I_BOKA]]></wp:meta_value>
            </wp:postmeta>
            <wp:postmeta>
                <wp:meta_key>_lsb_look_inside</wp:meta_key>
                <wp:meta_value><![CDATA[lsb_acf_look_inside]]></wp:meta_value>
            </wp:postmeta>
            <category domain="lsb_tax_age" nicename="ungdom"><![CDATA[ungdom]]></category>
            <category domain="lsb_tax_age" nicename="voksne"><![CDATA[voksne]]></category>
            <category domain="lsb_tax_topic" nicename="historie"><![CDATA[historie]]></category>
            <category domain="lsb_tax_topic" nicename="samfunn"><![CDATA[samfunn]]></category>
            <category domain="lsb_tax_topic" nicename="humor"><![CDATA[humor]]></category>
            <category domain="lsb_tax_language" nicename="no_nb"><![CDATA[bokmål]]></category>
            <category domain="lsb_tax_customization" nicename="bilder"><![CDATA[bilder]]></category>
            <category domain="lsb_tax_customization" nicename="mange-bilder"><![CDATA[mange bilder]]></category>
            <wp:postmeta>
                <wp:meta_key>_thumbnail_id</wp:meta_key>
                <wp:meta_value><![CDATA[5417]]></wp:meta_value>
            </wp:postmeta>
        </item>
        <item>
            <title>1905.jpg</title>
            <wp:post_id>5417</wp:post_id>
            <wp:status>inherit</wp:status>
            <wp:post_type>attachment</wp:post_type>
            <wp:attachment_url>https://raw.githubusercontent.com/lesersokerbok/boksok.no-data-utils/master/output-example/images/E9D2F25419BA45CD8B0044B0A02B3804.jpg</wp:attachment_url>
        </item>
        <item>
            <wp:post_type>lsb_book</wp:post_type>
            <wp:status>publish</wp:status>
            <title>Kjære, kjære Oluf</title>
            <excerpt:encoded><![CDATA[Handlingen utspiller seg i 1973.   Oluf Gabrielsen opplever at ekteskapet med Astrid er truet, og han møter en usikker tilværelse.  ]]></excerpt:encoded>
            <wp:postmeta>
                <wp:meta_key>lsb_isbn</wp:meta_key>
                <wp:meta_value><![CDATA[9788249506729]]></wp:meta_value>
            </wp:postmeta>
            <wp:postmeta>
                <wp:meta_key>_lsb_isbn</wp:meta_key>
                <wp:meta_value><![CDATA[lsb_acf_isbn]]></wp:meta_value>
            </wp:postmeta>
            <wp:postmeta>
                <wp:meta_key>lsb_published_year</wp:meta_key>
                <wp:meta_value><![CDATA[1974/2009]]></wp:meta_value>
            </wp:postmeta>
            <wp:postmeta>
                <wp:meta_key>_lsb_published_year</wp:meta_key>
                <wp:meta_value><![CDATA[lsb_acf_published_year]]></wp:meta_value>
            </wp:postmeta>
            <wp:postmeta>
                <wp:meta_key>lsb_pages</wp:meta_key>
                <wp:meta_value><![CDATA[151]]></wp:meta_value>
            </wp:postmeta>
            <wp:postmeta>
                <wp:meta_key>_lsb_pages</wp:meta_key>
                <wp:meta_value><![CDATA[lsb_acf_pages]]></wp:meta_value>
            </wp:postmeta>
            <wp:postmeta>
                <wp:meta_key>lsb_review</wp:meta_key>
                <wp:meta_value><![CDATA[  <div>Sentralt i boken er mannens og kvinnens kamp </div>  <div>for å frigjøre seg fra kjønnsroller. </div>  <div>&#160;</div>  <div>Askildsen er kjent for sitt klare og presise språk.  </div>  <div>Hans mesterlige dialoger driver handlingen fremover og gjør boken lett å lese. </div>  <div>Denne nye utgaven har en god font og mye luft på sidene.  </div>  <div>  <div>  <div><strong>Kjære, kjære Oluf</strong> har et begrenset persongalleri, </div>  <div>og karakterene er levende skildret. </div>  <div>&#160;</div></div></div>  <div>Kjell Askildsen (f. 1929) regnes som en av de største</div>  <div>prosaforfatterne i norsk etterkrigslitteratur. </div>  <div>&#160;</div>  ]]></wp:meta_value>
            </wp:postmeta>
            <wp:postmeta>
                <wp:meta_key>_lsb_review</wp:meta_key>
                <wp:meta_value><![CDATA[lsb_acf_review]]></wp:meta_value>
            </wp:postmeta>
            <wp:postmeta>
                <wp:meta_key>lsb_quote</wp:meta_key>
                <wp:meta_value><![CDATA[  Oluf vandret gatelangs mesteparten av formiddagen, bare av og til gikk han innom en kafé og kjøpte en liten solo og en kopp kaffe. Han tok tre piller i løpet av formiddagen, han visste det var altfor mye, men han tenkte: Det blir min sak. Ved halv-to tiden gikk han hjem, la seg på sofaen, sovnet. Han sov tungt, og han hørte ikke at Astrid låste seg inn. Han våknet av at hun la hånden på pannen han.   - Er du syk?     Han så på henne, svarte ikke. Han kunne ikke lese noe ut av uttrykket i øynene hennes. Hun var kommet tilbake, men fra hva? Og for hvor lenge?     Han måtte få det overstått. Han lukket øynene og sa:   - Hvor har du vært?   - Hos Vera.   - Alene?  - Ja.   Han torde ikke åpne øynene, knep dem hardere sammen.   - Er du kommet tilbake?     Hun svarte ikke.   ]]></wp:meta_value>
            </wp:postmeta>
            <wp:postmeta>
                <wp:meta_key>_lsb_quote</wp:meta_key>
                <wp:meta_value><![CDATA[lsb_acf_quote]]></wp:meta_value>
            </wp:postmeta>
            <wp:postmeta>
                <wp:meta_key>lsb_supported</wp:meta_key>
                <wp:meta_value><![CDATA[0]]></wp:meta_value>
            </wp:postmeta>
            <wp:postmeta>
                <wp:meta_key>_lsb_supported</wp:meta_key>
                <wp:meta_value><![CDATA[lsb_acf_supported]]></wp:meta_value>
            </wp:postmeta>
            <category domain="lsb_tax_author" nicename="kjell-askildsen"><![CDATA[Kjell Askildsen]]></category>
            <category domain="lsb_tax_publisher" nicename="oktober"><![CDATA[Oktober]]></category>
            <wp:postmeta>
                <wp:meta_key>lsb_look_inside</wp:meta_key>
                <wp:meta_value><![CDATA[CUSTOM_BLA_I_BOKA]]></wp:meta_value>
            </wp:postmeta>
            <wp:postmeta>
                <wp:meta_key>_lsb_look_inside</wp:meta_key>
                <wp:meta_value><![CDATA[lsb_acf_look_inside]]></wp:meta_value>
            </wp:postmeta>
            <category domain="lsb_tax_age" nicename="voksne"><![CDATA[voksne]]></category>
            <category domain="lsb_tax_genre" nicename="prosa"><![CDATA[prosa]]></category>
            <category domain="lsb_tax_topic" nicename="kjærlighet"><![CDATA[kjærlighet]]></category>
            <category domain="lsb_tax_topic" nicename="mennesker-i-mellom"><![CDATA[mennesker i mellom]]></category>
            <category domain="lsb_tax_language" nicename="no_nb"><![CDATA[bokmål]]></category>
            <category domain="lsb_tax_customization" nicename="skjønnlitteratur"><![CDATA[skjønnlitteratur]]></category>
            <wp:postmeta>
                <wp:meta_key>_thumbnail_id</wp:meta_key>
                <wp:meta_value><![CDATA[5418]]></wp:meta_value>
            </wp:postmeta>
        </item>
        <item>
            <title>Kjære Oluf.jpg</title>
            <wp:post_id>5418</wp:post_id>
            <wp:status>inherit</wp:status>
            <wp:post_type>attachment</wp:post_type>
            <wp:attachment_url>https://raw.githubusercontent.com/lesersokerbok/boksok.no-data-utils/master/output-example/images/E7FC15F422D3495CA2C82C192F550707.jpg</wp:attachment_url>
        </item>
        <item>
            <wp:post_type>lsb_book</wp:post_type>
            <wp:status>publish</wp:status>
            <title>Dei likar ikkje grovisar i Rotary</title>
            <excerpt:encoded><![CDATA[Ei humorbok som kombinerer gamle bilde og nynorske tekstar.   ]]></excerpt:encoded>
            <wp:postmeta>
                <wp:meta_key>lsb_isbn</wp:meta_key>
                <wp:meta_value><![CDATA[9788251627412]]></wp:meta_value>
            </wp:postmeta>
            <wp:postmeta>
                <wp:meta_key>_lsb_isbn</wp:meta_key>
                <wp:meta_value><![CDATA[lsb_acf_isbn]]></wp:meta_value>
            </wp:postmeta>
            <wp:postmeta>
                <wp:meta_key>lsb_published_year</wp:meta_key>
                <wp:meta_value><![CDATA[2009]]></wp:meta_value>
            </wp:postmeta>
            <wp:postmeta>
                <wp:meta_key>_lsb_published_year</wp:meta_key>
                <wp:meta_value><![CDATA[lsb_acf_published_year]]></wp:meta_value>
            </wp:postmeta>
            <wp:postmeta>
                <wp:meta_key>lsb_pages</wp:meta_key>
                <wp:meta_value><![CDATA[95]]></wp:meta_value>
            </wp:postmeta>
            <wp:postmeta>
                <wp:meta_key>_lsb_pages</wp:meta_key>
                <wp:meta_value><![CDATA[lsb_acf_pages]]></wp:meta_value>
            </wp:postmeta>
            <wp:postmeta>
                <wp:meta_key>lsb_review</wp:meta_key>
                <wp:meta_value><![CDATA[  <div>Fleire funn frå biletearkivet til Nasjonalbiblioteket!</div>  <div>No kjem heile meininga bak bileta fram. </div>  <div>&#160;</div>  <div>  <div>  <div><strong>Dei likar ikkje grovisar i Rotary</strong> har korte enkle tekstar. </div>  <div>Fonten er litt gamaldags, og kan vere litt vanskeleg å lese. </div>  <div>Denne boka held fram i same spor som dei to andre bøkene</div>  <div><strong>Ho peika på Ceylon og viste ein pupp</strong> og <strong>Redlight Setesdal</strong>. </div></div>  <div>&#160;</div>  <div>Sigmund Falch (f. 1965) </div>  <div>er manusforfattar og regissør</div>  <div>innan TV og radio. </div>  <div>Han står óg bak hundrevis av sketsjar </div>  <div>til "Hallo i uken" på P2. </div>  <div>&#160;</div></div>  ]]></wp:meta_value>
            </wp:postmeta>
            <wp:postmeta>
                <wp:meta_key>_lsb_review</wp:meta_key>
                <wp:meta_value><![CDATA[lsb_acf_review]]></wp:meta_value>
            </wp:postmeta>
            <wp:postmeta>
                <wp:meta_key>lsb_quote</wp:meta_key>
                <wp:meta_value><![CDATA[Han vart mei og meir surrete. I fjor påske   gløymde han nikkersen, nokre batteri og ekstra  sokkar. I år hadde det gått heilt gale.     Systrene Lindstad var så glade i gutar at dei måtte  gjerdast inn i helgane. ]]></wp:meta_value>
            </wp:postmeta>
            <wp:postmeta>
                <wp:meta_key>_lsb_quote</wp:meta_key>
                <wp:meta_value><![CDATA[lsb_acf_quote]]></wp:meta_value>
            </wp:postmeta>
            <wp:postmeta>
                <wp:meta_key>lsb_supported</wp:meta_key>
                <wp:meta_value><![CDATA[0]]></wp:meta_value>
            </wp:postmeta>
            <wp:postmeta>
                <wp:meta_key>_lsb_supported</wp:meta_key>
                <wp:meta_value><![CDATA[lsb_acf_supported]]></wp:meta_value>
            </wp:postmeta>
            <category domain="lsb_tax_author" nicename="sigmund-falch"><![CDATA[Sigmund Falch]]></category>
            <category domain="lsb_tax_publisher" nicename="schibsted"><![CDATA[Schibsted]]></category>
            <wp:postmeta>
                <wp:meta_key>lsb_look_inside</wp:meta_key>
                <wp:meta_value><![CDATA[CUSTOM_BLA_I_BOKA]]></wp:meta_value>
            </wp:postmeta>
            <wp:postmeta>
                <wp:meta_key>_lsb_look_inside</wp:meta_key>
                <wp:meta_value><![CDATA[lsb_acf_look_inside]]></wp:meta_value>
            </wp:postmeta>
            <category domain="lsb_tax_age" nicename="voksne"><![CDATA[voksne]]></category>
            <category domain="lsb_tax_topic" nicename="humor"><![CDATA[humor]]></category>
            <category domain="lsb_tax_language" nicename="no_nn"><![CDATA[nynorsk]]></category>
            <category domain="lsb_tax_customization" nicename="skjønnlitteratur"><![CDATA[skjønnlitteratur]]></category>
            <category domain="lsb_tax_customization" nicename="bilder"><![CDATA[bilder]]></category>
            <category domain="lsb_tax_customization" nicename="mange-bilder"><![CDATA[mange bilder]]></category>
            <wp:postmeta>
                <wp:meta_key>_thumbnail_id</wp:meta_key>
                <wp:meta_value><![CDATA[5419]]></wp:meta_value>
            </wp:postmeta>
        </item>
        <item>
            <title>deil likar ikkje grovisar i Rotary.jpg</title>
            <wp:post_id>5419</wp:post_id>
            <wp:status>inherit</wp:status>
            <wp:post_type>attachment</wp:post_type>
            <wp:attachment_url>https://raw.githubusercontent.com/lesersokerbok/boksok.no-data-utils/master/output-example/images/984924BA8214438089E578F16697DDC8.jpg</wp:attachment_url>
        </item>
        <item>
            <wp:post_type>lsb_book</wp:post_type>
            <wp:status>publish</wp:status>
            <title>Ho peika på Ceylon og viste ein pupp</title>
            <excerpt:encoded><![CDATA[Fyrste bok med gamle bilete med nyskrevne humoristiske tekstar.  ]]></excerpt:encoded>
            <wp:postmeta>
                <wp:meta_key>lsb_isbn</wp:meta_key>
                <wp:meta_value><![CDATA[9788251625265]]></wp:meta_value>
            </wp:postmeta>
            <wp:postmeta>
                <wp:meta_key>_lsb_isbn</wp:meta_key>
                <wp:meta_value><![CDATA[lsb_acf_isbn]]></wp:meta_value>
            </wp:postmeta>
            <wp:postmeta>
                <wp:meta_key>lsb_published_year</wp:meta_key>
                <wp:meta_value><![CDATA[2008]]></wp:meta_value>
            </wp:postmeta>
            <wp:postmeta>
                <wp:meta_key>_lsb_published_year</wp:meta_key>
                <wp:meta_value><![CDATA[lsb_acf_published_year]]></wp:meta_value>
            </wp:postmeta>
            <wp:postmeta>
                <wp:meta_key>lsb_pages</wp:meta_key>
                <wp:meta_value><![CDATA[94]]></wp:meta_value>
            </wp:postmeta>
            <wp:postmeta>
                <wp:meta_key>_lsb_pages</wp:meta_key>
                <wp:meta_value><![CDATA[lsb_acf_pages]]></wp:meta_value>
            </wp:postmeta>
            <wp:postmeta>
                <wp:meta_key>lsb_review</wp:meta_key>
                <wp:meta_value><![CDATA[  <div>Sigmund Falch har funne gamle bilete frå arkivet til Nasjonalbiblioteket. </div>  <div>Her kjem deira heile og fulle meining endeleg fram!  </div>  <div>&#160;</div>  <div>  <div>  <div><strong>Ho peika på Ceylon og viste ein pupp </strong>har korte enkle tekstar. </div>  <div>Fonten er litt gamaldags, og kan vere litt vanskeleg å lese. </div>  <div>Denne boka held fram i same spor som dei to andre bøkene</div>  <div><strong>Dei likar ikkje grovisar i Rotary </strong>og <strong>Redlight Setesdal</strong>. </div></div>  <div>&#160;</div>  <div>Sigmund Falch (f. 1965) </div>  <div>er manusforfattar og regissør</div>  <div>innan TV og radio. </div>  <div>Han står óg bak hundrevis av sketsjar </div>  <div>til "Hallo i uken" på P2. </div>  <div>&#160;</div></div>  ]]></wp:meta_value>
            </wp:postmeta>
            <wp:postmeta>
                <wp:meta_key>_lsb_review</wp:meta_key>
                <wp:meta_value><![CDATA[lsb_acf_review]]></wp:meta_value>
            </wp:postmeta>
            <wp:postmeta>
                <wp:meta_key>lsb_quote</wp:meta_key>
                <wp:meta_value><![CDATA[Akkurat då eg greip handa til ho Liv, ropa eldstebror min iltert ifrå døra.   Han sa han ville ha att dressen sin.     Då Arvid kom tilbake frå handelslaget, visste han at nokon kom til å bli skuffa.   Han hadde ikkje fått tak i meir enn fem Krone-is og tre Pin-Up. ]]></wp:meta_value>
            </wp:postmeta>
            <wp:postmeta>
                <wp:meta_key>_lsb_quote</wp:meta_key>
                <wp:meta_value><![CDATA[lsb_acf_quote]]></wp:meta_value>
            </wp:postmeta>
            <wp:postmeta>
                <wp:meta_key>lsb_supported</wp:meta_key>
                <wp:meta_value><![CDATA[0]]></wp:meta_value>
            </wp:postmeta>
            <wp:postmeta>
                <wp:meta_key>_lsb_supported</wp:meta_key>
                <wp:meta_value><![CDATA[lsb_acf_supported]]></wp:meta_value>
            </wp:postmeta>
            <category domain="lsb_tax_author" nicename="sigmund-falch"><![CDATA[Sigmund Falch]]></category>
            <category domain="lsb_tax_publisher" nicename="schibsted"><![CDATA[Schibsted]]></category>
            <wp:postmeta>
                <wp:meta_key>lsb_look_inside</wp:meta_key>
                <wp:meta_value><![CDATA[CUSTOM_BLA_I_BOKA]]></wp:meta_value>
            </wp:postmeta>
            <wp:postmeta>
                <wp:meta_key>_lsb_look_inside</wp:meta_key>
                <wp:meta_value><![CDATA[lsb_acf_look_inside]]></wp:meta_value>
            </wp:postmeta>
            <category domain="lsb_tax_age" nicename="voksne"><![CDATA[voksne]]></category>
            <category domain="lsb_tax_topic" nicename="humor"><![CDATA[humor]]></category>
            <category domain="lsb_tax_language" nicename="no_nn"><![CDATA[nynorsk]]></category>
            <category domain="lsb_tax_customization" nicename="skjønnlitteratur"><![CDATA[skjønnlitteratur]]></category>
            <category domain="lsb_tax_customization" nicename="bilder"><![CDATA[bilder]]></category>
            <category domain="lsb_tax_customization" nicename="mange-bilder"><![CDATA[mange bilder]]></category>
            <wp:postmeta>
                <wp:meta_key>_thumbnail_id</wp:meta_key>
                <wp:meta_value><![CDATA[5420]]></wp:meta_value>
            </wp:postmeta>
        </item>
        <item>
            <title>ho peika på ceylon.jpg</title>
            <wp:post_id>5420</wp:post_id>
            <wp:status>inherit</wp:status>
            <wp:post_type>attachment</wp:post_type>
            <wp:attachment_url>https://raw.githubusercontent.com/lesersokerbok/boksok.no-data-utils/master/output-example/images/51B42870B52B48F2A37825FE9C1D5452.jpg</wp:attachment_url>
        </item>
        <item>
            <wp:post_type>lsb_book</wp:post_type>
            <wp:status>publish</wp:status>
            <title>Barselpermisjon. Et år med muligheter</title>
            <excerpt:encoded><![CDATA[Få mest mulig ut av barselpermisjonen!   Boka gir gode tips til hvordan du kan disponere dagene og finne en rytme som passer for deg og barnet ditt.    ]]></excerpt:encoded>
            <wp:postmeta>
                <wp:meta_key>lsb_isbn</wp:meta_key>
                <wp:meta_value><![CDATA[9788204122797]]></wp:meta_value>
            </wp:postmeta>
            <wp:postmeta>
                <wp:meta_key>_lsb_isbn</wp:meta_key>
                <wp:meta_value><![CDATA[lsb_acf_isbn]]></wp:meta_value>
            </wp:postmeta>
            <wp:postmeta>
                <wp:meta_key>lsb_published_year</wp:meta_key>
                <wp:meta_value><![CDATA[2006]]></wp:meta_value>
            </wp:postmeta>
            <wp:postmeta>
                <wp:meta_key>_lsb_published_year</wp:meta_key>
                <wp:meta_value><![CDATA[lsb_acf_published_year]]></wp:meta_value>
            </wp:postmeta>
            <wp:postmeta>
                <wp:meta_key>lsb_pages</wp:meta_key>
                <wp:meta_value><![CDATA[189]]></wp:meta_value>
            </wp:postmeta>
            <wp:postmeta>
                <wp:meta_key>_lsb_pages</wp:meta_key>
                <wp:meta_value><![CDATA[lsb_acf_pages]]></wp:meta_value>
            </wp:postmeta>
            <wp:postmeta>
                <wp:meta_key>lsb_review</wp:meta_key>
                <wp:meta_value><![CDATA[  <div>Forbered tiden, få hjelp til å planlegge året, </div>  <div>få størst mulig trivsel i hverdagen og </div>  <div>lær av andre i samme situasjon. </div>  <div>&#160;</div>  <div><strong>Barselpermisjon</strong> tar også opp velkjente temaer som </div>  <div>søvn, amming, kosthold og mors helse. </div>  <div>Boka har store, flotte fargebilder.  </div>  <div>&#160;</div>  <div>Boka har en ryddig og god layout </div>  <div>og er nndelt etter barnets alder. </div>  <div>En stor og god  font, mye luft på sidene</div>  <div>og ikke rett høyremarg gjør boka lett tilgjengelig.</div>  <div>Bakerst er det en god og lettfattelig oversikt </div>  <div>til lover og regler og nyttige adresser. </div>  <div>&#160;</div>  <div>&#160;</div>  ]]></wp:meta_value>
            </wp:postmeta>
            <wp:postmeta>
                <wp:meta_key>_lsb_review</wp:meta_key>
                <wp:meta_value><![CDATA[lsb_acf_review]]></wp:meta_value>
            </wp:postmeta>
            <wp:postmeta>
                <wp:meta_key>lsb_quote</wp:meta_key>
                <wp:meta_value><![CDATA[(Fra forordet)   Den aller første tanken om å skrive en bok om året i barselpermisjon kom under - ja, nettopp - en trilletur. Det var refleksjoner rundt hvor forskjellige mitt første og andre barselpermisjonsår hadde vært, som utløste et behov for å forstå mer av hva som skjer når man er ett år hjemme med et lite barn. Med bare litt over to år mellom de to permisjonene var ikke tiden forklaring nok. Så hva var det da - hvorfor hadde jeg opplevd så mye større grad av trivsel i den siste permisjonen? Og hvordan har andre foreldre i barselpermisjon det - som meg første eller andre gang? Eller et sted midt imellom?   Nysgjerrigheten var vakt.   ]]></wp:meta_value>
            </wp:postmeta>
            <wp:postmeta>
                <wp:meta_key>_lsb_quote</wp:meta_key>
                <wp:meta_value><![CDATA[lsb_acf_quote]]></wp:meta_value>
            </wp:postmeta>
            <wp:postmeta>
                <wp:meta_key>lsb_supported</wp:meta_key>
                <wp:meta_value><![CDATA[0]]></wp:meta_value>
            </wp:postmeta>
            <wp:postmeta>
                <wp:meta_key>_lsb_supported</wp:meta_key>
                <wp:meta_value><![CDATA[lsb_acf_supported]]></wp:meta_value>
            </wp:postmeta>
            <category domain="lsb_tax_author" nicename="hege-saastad"><![CDATA[Hege Saastad]]></category>
            <category domain="lsb_tax_publisher" nicename="damm"><![CDATA[Damm]]></category>
            <category domain="lsb_tax_illustrator" nicename="kai-myhre"><![CDATA[Kai Myhre]]></category>
            <wp:postmeta>
                <wp:meta_key>lsb_look_inside</wp:meta_key>
                <wp:meta_value><![CDATA[CUSTOM_BLA_I_BOKA]]></wp:meta_value>
            </wp:postmeta>
            <wp:postmeta>
                <wp:meta_key>_lsb_look_inside</wp:meta_key>
                <wp:meta_value><![CDATA[lsb_acf_look_inside]]></wp:meta_value>
            </wp:postmeta>
            <category domain="lsb_tax_age" nicename="voksne"><![CDATA[voksne]]></category>
            <category domain="lsb_tax_genre" nicename="faglitteratur"><![CDATA[faglitteratur]]></category>
            <category domain="lsb_tax_topic" nicename="annet"><![CDATA[annet]]></category>
            <category domain="lsb_tax_language" nicename="no_nb"><![CDATA[bokmål]]></category>
            <category domain="lsb_tax_customization" nicename="faglitteratur"><![CDATA[faglitteratur]]></category>
            <category domain="lsb_tax_customization" nicename="mange-bilder"><![CDATA[mange bilder]]></category>
            <wp:postmeta>
                <wp:meta_key>_thumbnail_id</wp:meta_key>
                <wp:meta_value><![CDATA[5421]]></wp:meta_value>
            </wp:postmeta>
        </item>
        <item>
            <title>barselpermisjon.jpg</title>
            <wp:post_id>5421</wp:post_id>
            <wp:status>inherit</wp:status>
            <wp:post_type>attachment</wp:post_type>
            <wp:attachment_url>https://raw.githubusercontent.com/lesersokerbok/boksok.no-data-utils/master/output-example/images/69789AEE70224B5396611D67AE4C2A36.jpg</wp:attachment_url>
        </item>
        <item>
            <wp:post_type>lsb_book</wp:post_type>
            <wp:status>publish</wp:status>
            <title>Fristende supper</title>
            <excerpt:encoded><![CDATA[Lettfattelige oppskrifter fra hele verden.   Enten du har lyst på en varm bolle med suppe på en kald vinterdag, eller du vil ha en fristende forrett til middagsselskapet, finner du det her.    ]]></excerpt:encoded>
            <wp:postmeta>
                <wp:meta_key>lsb_isbn</wp:meta_key>
                <wp:meta_value><![CDATA[9788205389786]]></wp:meta_value>
            </wp:postmeta>
            <wp:postmeta>
                <wp:meta_key>_lsb_isbn</wp:meta_key>
                <wp:meta_value><![CDATA[lsb_acf_isbn]]></wp:meta_value>
            </wp:postmeta>
            <wp:postmeta>
                <wp:meta_key>lsb_published_year</wp:meta_key>
                <wp:meta_value><![CDATA[2009]]></wp:meta_value>
            </wp:postmeta>
            <wp:postmeta>
                <wp:meta_key>_lsb_published_year</wp:meta_key>
                <wp:meta_value><![CDATA[lsb_acf_published_year]]></wp:meta_value>
            </wp:postmeta>
            <wp:postmeta>
                <wp:meta_key>lsb_pages</wp:meta_key>
                <wp:meta_value><![CDATA[128]]></wp:meta_value>
            </wp:postmeta>
            <wp:postmeta>
                <wp:meta_key>_lsb_pages</wp:meta_key>
                <wp:meta_value><![CDATA[lsb_acf_pages]]></wp:meta_value>
            </wp:postmeta>
            <wp:postmeta>
                <wp:meta_key>lsb_review</wp:meta_key>
                <wp:meta_value><![CDATA[  <div>Skåldende varme, avkjølte og kalde, lette og sunne, </div>  <div>mettende og næringsrike - supper finnes i tusenvis ulike varianter. </div>  <div>&#160;</div>  <div><strong>Fristende supper</strong> inneholder 80 spennende oppskrifter som er lette å tilberede og koke. </div>  <div>Her finner du blant annet de raske og enkle grønnsakssupper som er perfekte som </div>  <div>forretter. Eller de mere avanserte og eksotiske middagssuppene.  </div>  <div>&#160;</div>  <div>  <div>Oppskriftene er presentert på en ryddig og oversiktlig måte. </div>  <div>Både fonten og bildene er tydelige. </div>  <div>&#160;</div></div>  <div>  <div>Boksøk inneholder ikke mange kokebøker. </div>  <div>Vi velger ut titler der layout, språk og presentasjon er særlig lett tilgjengelig. </div>  <div>&#160;</div></div>  ]]></wp:meta_value>
            </wp:postmeta>
            <wp:postmeta>
                <wp:meta_key>_lsb_review</wp:meta_key>
                <wp:meta_value><![CDATA[lsb_acf_review]]></wp:meta_value>
            </wp:postmeta>
            <wp:postmeta>
                <wp:meta_key>lsb_quote</wp:meta_key>
                <wp:meta_value><![CDATA[Slik kommer du i gang  Supper er blant de enkleste rettene å lage,   og alle oppskriftene i denne boka er lette  å tilberede og koke. Alt du trenger er en   skjærefjøl og en kniv, en stor suppekjele  å koke i, og en tresleiv å røre med. Hvis   suppen skal være glatt, er en stavmikser.   hurtigmikser eller food processor fantastisk  å bruke. Men mange supper kan puréres  med et dørslag eller en potetpresse, og   grove grønnakssupper kan rett og slett  moses med en potetmoser.   ]]></wp:meta_value>
            </wp:postmeta>
            <wp:postmeta>
                <wp:meta_key>_lsb_quote</wp:meta_key>
                <wp:meta_value><![CDATA[lsb_acf_quote]]></wp:meta_value>
            </wp:postmeta>
            <wp:postmeta>
                <wp:meta_key>lsb_supported</wp:meta_key>
                <wp:meta_value><![CDATA[0]]></wp:meta_value>
            </wp:postmeta>
            <wp:postmeta>
                <wp:meta_key>_lsb_supported</wp:meta_key>
                <wp:meta_value><![CDATA[lsb_acf_supported]]></wp:meta_value>
            </wp:postmeta>
            <category domain="lsb_tax_publisher" nicename="gyldendal"><![CDATA[Gyldendal]]></category>
            <category domain="lsb_tax_translator" nicename="irene-inman-tjørve"><![CDATA[Irene Inman Tjørve]]></category>
            <wp:postmeta>
                <wp:meta_key>lsb_look_inside</wp:meta_key>
                <wp:meta_value><![CDATA[CUSTOM_BLA_I_BOKA]]></wp:meta_value>
            </wp:postmeta>
            <wp:postmeta>
                <wp:meta_key>_lsb_look_inside</wp:meta_key>
                <wp:meta_value><![CDATA[lsb_acf_look_inside]]></wp:meta_value>
            </wp:postmeta>
            <category domain="lsb_tax_age" nicename="voksne"><![CDATA[voksne]]></category>
            <category domain="lsb_tax_topic" nicename="mat"><![CDATA[mat]]></category>
            <category domain="lsb_tax_topic" nicename="helse"><![CDATA[helse]]></category>
            <category domain="lsb_tax_language" nicename="no_nb"><![CDATA[bokmål]]></category>
            <category domain="lsb_tax_customization" nicename="faglitteratur"><![CDATA[faglitteratur]]></category>
            <category domain="lsb_tax_customization" nicename="mange-bilder"><![CDATA[mange bilder]]></category>
            <wp:postmeta>
                <wp:meta_key>_thumbnail_id</wp:meta_key>
                <wp:meta_value><![CDATA[5422]]></wp:meta_value>
            </wp:postmeta>
        </item>
        <item>
            <title>fristende supper.jpg</title>
            <wp:post_id>5422</wp:post_id>
            <wp:status>inherit</wp:status>
            <wp:post_type>attachment</wp:post_type>
            <wp:attachment_url>https://raw.githubusercontent.com/lesersokerbok/boksok.no-data-utils/master/output-example/images/E77369390D76497EBE874A1B33A7AE20.jpg</wp:attachment_url>
        </item>
        <item>
            <wp:post_type>lsb_book</wp:post_type>
            <wp:status>publish</wp:status>
            <title>Leksehjelpen. Matematikk for foreldre</title>
            <excerpt:encoded><![CDATA[Denne boka viser deg hvordan du best kan hjelpe barnet ditt med matematikkleksene.]]></excerpt:encoded>
            <wp:postmeta>
                <wp:meta_key>lsb_isbn</wp:meta_key>
                <wp:meta_value><![CDATA[9788248908883]]></wp:meta_value>
            </wp:postmeta>
            <wp:postmeta>
                <wp:meta_key>_lsb_isbn</wp:meta_key>
                <wp:meta_value><![CDATA[lsb_acf_isbn]]></wp:meta_value>
            </wp:postmeta>
            <wp:postmeta>
                <wp:meta_key>lsb_published_year</wp:meta_key>
                <wp:meta_value><![CDATA[2009]]></wp:meta_value>
            </wp:postmeta>
            <wp:postmeta>
                <wp:meta_key>_lsb_published_year</wp:meta_key>
                <wp:meta_value><![CDATA[lsb_acf_published_year]]></wp:meta_value>
            </wp:postmeta>
            <wp:postmeta>
                <wp:meta_key>lsb_pages</wp:meta_key>
                <wp:meta_value><![CDATA[108]]></wp:meta_value>
            </wp:postmeta>
            <wp:postmeta>
                <wp:meta_key>_lsb_pages</wp:meta_key>
                <wp:meta_value><![CDATA[lsb_acf_pages]]></wp:meta_value>
            </wp:postmeta>
            <wp:postmeta>
                <wp:meta_key>lsb_review</wp:meta_key>
                <wp:meta_value><![CDATA[  <div>Denne boka er laget for foreldre </div>  <div>med barn i 4. til 7.klasse.</div>  <div>Vil du vite hvordan du kan hjelpe barnet ditt </div>  <div>med å regne med prosent, </div>  <div>de ulike måtene man kan sette opp delestykker på, </div>  <div>og hvordan man skal finne omkretsen av en sirkel? </div>  <div><br />  Temaene i boka er bygget opp </div>  <div>etter Kunnskapsløftets kompetansemål </div>  <div>for 4. til 7. klasse. </div>  <div>Boka er skrevet med</div>  <div>relativt enkelt språk, </div>  <div>og forklarer hvert tema og alle termer </div>  <div>på en enkel måte. </div>  <div>Sidene har mye luft, og illustrasjoner</div>  <div>som gjør det lett å forstå </div>  <div>hvordan regnestykker settes opp</div>  <div>og løses i dagens skole.  <br />  <br />  <br />  </div>  ]]></wp:meta_value>
            </wp:postmeta>
            <wp:postmeta>
                <wp:meta_key>_lsb_review</wp:meta_key>
                <wp:meta_value><![CDATA[lsb_acf_review]]></wp:meta_value>
            </wp:postmeta>
            <wp:postmeta>
                <wp:meta_key>lsb_quote</wp:meta_key>
                <wp:meta_value><![CDATA[Algebra er en type regning der bokstaver eller andre symboler representerer tall.    Åpne utsagn med likhetstegn og en ukjent (x) kaller vi likninger.    Her er den ukjente representert ved x, men vi kan bruke hvilket som helst symbol.    Eksempel 1    x + 4 = 10  x + 4 - 4 = 10 - 4  x = 6    X må være 6 fordi 6 + 4 = 10    Å løse en likning er det samme som å finne ut hva x må være for at det skal være et sant utsagn.]]></wp:meta_value>
            </wp:postmeta>
            <wp:postmeta>
                <wp:meta_key>_lsb_quote</wp:meta_key>
                <wp:meta_value><![CDATA[lsb_acf_quote]]></wp:meta_value>
            </wp:postmeta>
            <wp:postmeta>
                <wp:meta_key>lsb_supported</wp:meta_key>
                <wp:meta_value><![CDATA[0]]></wp:meta_value>
            </wp:postmeta>
            <wp:postmeta>
                <wp:meta_key>_lsb_supported</wp:meta_key>
                <wp:meta_value><![CDATA[lsb_acf_supported]]></wp:meta_value>
            </wp:postmeta>
            <category domain="lsb_tax_author" nicename="line-kjellin-smith-og-christine-bredsdorff-hotvedt"><![CDATA[Line Kjellin Smith og Christine Bredsdorff Hotvedt]]></category>
            <category domain="lsb_tax_publisher" nicename="kagge"><![CDATA[Kagge]]></category>
            <category domain="lsb_tax_illustrator" nicename="lars-tothammer"><![CDATA[Lars Tothammer]]></category>
            <wp:postmeta>
                <wp:meta_key>lsb_look_inside</wp:meta_key>
                <wp:meta_value><![CDATA[CUSTOM_BLA_I_BOKA]]></wp:meta_value>
            </wp:postmeta>
            <wp:postmeta>
                <wp:meta_key>_lsb_look_inside</wp:meta_key>
                <wp:meta_value><![CDATA[lsb_acf_look_inside]]></wp:meta_value>
            </wp:postmeta>
            <category domain="lsb_tax_age" nicename="voksne"><![CDATA[voksne]]></category>
            <category domain="lsb_tax_genre" nicename="faglitteratur"><![CDATA[faglitteratur]]></category>
            <category domain="lsb_tax_topic" nicename="annet"><![CDATA[annet]]></category>
            <category domain="lsb_tax_language" nicename="no_nb"><![CDATA[bokmål]]></category>
            <category domain="lsb_tax_customization" nicename="faglitteratur"><![CDATA[faglitteratur]]></category>
            <wp:postmeta>
                <wp:meta_key>_thumbnail_id</wp:meta_key>
                <wp:meta_value><![CDATA[5423]]></wp:meta_value>
            </wp:postmeta>
        </item>
        <item>
            <title>leksehjelpen matte.jpg</title>
            <wp:post_id>5423</wp:post_id>
            <wp:status>inherit</wp:status>
            <wp:post_type>attachment</wp:post_type>
            <wp:attachment_url>https://raw.githubusercontent.com/lesersokerbok/boksok.no-data-utils/master/output-example/images/2B2D930A90044452BA4A100B6ACB8F1C.jpg</wp:attachment_url>
        </item>
        <item>
            <wp:post_type>lsb_book</wp:post_type>
            <wp:status>publish</wp:status>
            <title>Duen fra Bergen</title>
            <excerpt:encoded><![CDATA[Vakre Dyveke hadde mange beundrere.  Hun ble elskerinnen til kong Christian 2.  ]]></excerpt:encoded>
            <wp:postmeta>
                <wp:meta_key>lsb_isbn</wp:meta_key>
                <wp:meta_value><![CDATA[9788242113238]]></wp:meta_value>
            </wp:postmeta>
            <wp:postmeta>
                <wp:meta_key>_lsb_isbn</wp:meta_key>
                <wp:meta_value><![CDATA[lsb_acf_isbn]]></wp:meta_value>
            </wp:postmeta>
            <wp:postmeta>
                <wp:meta_key>lsb_published_year</wp:meta_key>
                <wp:meta_value><![CDATA[2003]]></wp:meta_value>
            </wp:postmeta>
            <wp:postmeta>
                <wp:meta_key>_lsb_published_year</wp:meta_key>
                <wp:meta_value><![CDATA[lsb_acf_published_year]]></wp:meta_value>
            </wp:postmeta>
            <wp:postmeta>
                <wp:meta_key>lsb_pages</wp:meta_key>
                <wp:meta_value><![CDATA[55]]></wp:meta_value>
            </wp:postmeta>
            <wp:postmeta>
                <wp:meta_key>_lsb_pages</wp:meta_key>
                <wp:meta_value><![CDATA[lsb_acf_pages]]></wp:meta_value>
            </wp:postmeta>
            <wp:postmeta>
                <wp:meta_key>lsb_review</wp:meta_key>
                <wp:meta_value><![CDATA[  <div><strong>Duen fra Bergen</strong> er en vakker <br />  historisk kjærligheshistorie.</div>  <div>&#160;</div>  <div>Boka har enkel tekst, </div>  <div>og det følger med en lydbok på CD. <br />  Spilletiden er på 52 minutter, og <br />  historien er lest av Frank Krog.<br />  Den som vil kan følge med <br />  på teksten samtidig. <br />   <br />  </div>  ]]></wp:meta_value>
            </wp:postmeta>
            <wp:postmeta>
                <wp:meta_key>_lsb_review</wp:meta_key>
                <wp:meta_value><![CDATA[lsb_acf_review]]></wp:meta_value>
            </wp:postmeta>
            <wp:postmeta>
                <wp:meta_key>lsb_quote</wp:meta_key>
                <wp:meta_value><![CDATA[Hans Hoseløs var klokkerhjelpegutt.  Han forelsket seg i vakre Dyveke.  "Når hun smilte,  gikk det som en varmebølge gjennom hele meg.  Men jeg var ikke den eneste.  Ikke den eneste hun smilte til,  og langt fra den eneste hun fikk beundrende blikk fra."]]></wp:meta_value>
            </wp:postmeta>
            <wp:postmeta>
                <wp:meta_key>_lsb_quote</wp:meta_key>
                <wp:meta_value><![CDATA[lsb_acf_quote]]></wp:meta_value>
            </wp:postmeta>
            <wp:postmeta>
                <wp:meta_key>lsb_supported</wp:meta_key>
                <wp:meta_value><![CDATA[0]]></wp:meta_value>
            </wp:postmeta>
            <wp:postmeta>
                <wp:meta_key>_lsb_supported</wp:meta_key>
                <wp:meta_value><![CDATA[lsb_acf_supported]]></wp:meta_value>
            </wp:postmeta>
            <category domain="lsb_tax_author" nicename="gunnar-staalesen"><![CDATA[Gunnar Staalesen]]></category>
            <category domain="lsb_tax_publisher" nicename="lydbokforlaget"><![CDATA[Lydbokforlaget]]></category>
            <category domain="lsb_tax_illustrator" nicename="inger-k.-giskeødegård"><![CDATA[Inger K. Giskeødegård]]></category>
            <wp:postmeta>
                <wp:meta_key>lsb_look_inside</wp:meta_key>
                <wp:meta_value><![CDATA[CUSTOM_BLA_I_BOKA]]></wp:meta_value>
            </wp:postmeta>
            <wp:postmeta>
                <wp:meta_key>_lsb_look_inside</wp:meta_key>
                <wp:meta_value><![CDATA[lsb_acf_look_inside]]></wp:meta_value>
            </wp:postmeta>
            <category domain="lsb_tax_age" nicename="ungdom"><![CDATA[ungdom]]></category>
            <category domain="lsb_tax_age" nicename="voksne"><![CDATA[voksne]]></category>
            <category domain="lsb_tax_genre" nicename="prosa"><![CDATA[prosa]]></category>
            <category domain="lsb_tax_topic" nicename="kjærlighet"><![CDATA[kjærlighet]]></category>
            <category domain="lsb_tax_topic" nicename="historie"><![CDATA[historie]]></category>
            <category domain="lsb_tax_topic" nicename="samfunn"><![CDATA[samfunn]]></category>
            <category domain="lsb_tax_language" nicename="no_nb"><![CDATA[bokmål]]></category>
            <category domain="lsb_tax_customization" nicename="skjønnlitteratur"><![CDATA[skjønnlitteratur]]></category>
            <category domain="lsb_tax_customization" nicename="lydbok"><![CDATA[lydbok]]></category>
            <wp:postmeta>
                <wp:meta_key>_thumbnail_id</wp:meta_key>
                <wp:meta_value><![CDATA[5424]]></wp:meta_value>
            </wp:postmeta>
        </item>
        <item>
            <title>1323-8 Duen fra Bergen.jpg</title>
            <wp:post_id>5424</wp:post_id>
            <wp:status>inherit</wp:status>
            <wp:post_type>attachment</wp:post_type>
            <wp:attachment_url>https://raw.githubusercontent.com/lesersokerbok/boksok.no-data-utils/master/output-example/images/E5BF9B72FAAA4D818191681E7B942961.jpg</wp:attachment_url>
        </item>
        <item>
            <wp:post_type>lsb_book</wp:post_type>
            <wp:status>publish</wp:status>
            <title>Mysteriet i Nürnberg</title>
            <excerpt:encoded><![CDATA[Året er 1828.  En gutt på 16 år vakler rundt i gatene.  Gutten kan knapt gå,  og han kan bare si noen få ord.  Etter hvert lærer han å snakke,  og kan fortelle sin historie.  ]]></excerpt:encoded>
            <wp:postmeta>
                <wp:meta_key>lsb_isbn</wp:meta_key>
                <wp:meta_value><![CDATA[9788242113603]]></wp:meta_value>
            </wp:postmeta>
            <wp:postmeta>
                <wp:meta_key>_lsb_isbn</wp:meta_key>
                <wp:meta_value><![CDATA[lsb_acf_isbn]]></wp:meta_value>
            </wp:postmeta>
            <wp:postmeta>
                <wp:meta_key>lsb_published_year</wp:meta_key>
                <wp:meta_value><![CDATA[2003]]></wp:meta_value>
            </wp:postmeta>
            <wp:postmeta>
                <wp:meta_key>_lsb_published_year</wp:meta_key>
                <wp:meta_value><![CDATA[lsb_acf_published_year]]></wp:meta_value>
            </wp:postmeta>
            <wp:postmeta>
                <wp:meta_key>lsb_pages</wp:meta_key>
                <wp:meta_value><![CDATA[70]]></wp:meta_value>
            </wp:postmeta>
            <wp:postmeta>
                <wp:meta_key>_lsb_pages</wp:meta_key>
                <wp:meta_value><![CDATA[lsb_acf_pages]]></wp:meta_value>
            </wp:postmeta>
            <wp:postmeta>
                <wp:meta_key>lsb_review</wp:meta_key>
                <wp:meta_value><![CDATA[  <p>Hele livet har han levd innestengt <br />  på et knøttlite rom.<br />  Noen er redde for å bli avslørt<br />  og forsøker å rydde gutten av veien.</p>  <div>&#160;</div>  <div>Denne boka er en del av serien <br />  <strong>Lettlest bok og lyd</strong> fra Lydbokforlaget.  <br />  Boka har både trykt tekst <br />  og en CD der Tone Beate Mostraum leser boka. <br />  Spilletiden på CD-en er 1.19 timer.<br />  Boka har tekst som er lett å lese. <br />  Det går an å følge med på teksten i boka <br />  mens forfatteren leser. </div>  <p>Den trykte boken har bilder <br />  av Jens Kristensen.<br />  </p>  ]]></wp:meta_value>
            </wp:postmeta>
            <wp:postmeta>
                <wp:meta_key>_lsb_review</wp:meta_key>
                <wp:meta_value><![CDATA[lsb_acf_review]]></wp:meta_value>
            </wp:postmeta>
            <wp:postmeta>
                <wp:meta_key>lsb_quote</wp:meta_key>
                <wp:meta_value><![CDATA[Har du ikke hørt historien om Kaspar Hauser?   sa Günther og lo høyt.  Jeg følte meg ganske dum og skyndte meg å si:  Jeg spanderer en kopp kaffe på deg   og kanskje en käsekuchen.  Takk for det, svarte han.   Så får du høre om stakkars Kaspar.]]></wp:meta_value>
            </wp:postmeta>
            <wp:postmeta>
                <wp:meta_key>_lsb_quote</wp:meta_key>
                <wp:meta_value><![CDATA[lsb_acf_quote]]></wp:meta_value>
            </wp:postmeta>
            <wp:postmeta>
                <wp:meta_key>lsb_supported</wp:meta_key>
                <wp:meta_value><![CDATA[0]]></wp:meta_value>
            </wp:postmeta>
            <wp:postmeta>
                <wp:meta_key>_lsb_supported</wp:meta_key>
                <wp:meta_value><![CDATA[lsb_acf_supported]]></wp:meta_value>
            </wp:postmeta>
            <category domain="lsb_tax_author" nicename="anne-b.-ragde"><![CDATA[Anne B. Ragde]]></category>
            <category domain="lsb_tax_publisher" nicename="lydbokforlaget"><![CDATA[Lydbokforlaget]]></category>
            <category domain="lsb_tax_illustrator" nicename="jens-kristensen"><![CDATA[Jens Kristensen]]></category>
            <wp:postmeta>
                <wp:meta_key>lsb_look_inside</wp:meta_key>
                <wp:meta_value><![CDATA[CUSTOM_BLA_I_BOKA]]></wp:meta_value>
            </wp:postmeta>
            <wp:postmeta>
                <wp:meta_key>_lsb_look_inside</wp:meta_key>
                <wp:meta_value><![CDATA[lsb_acf_look_inside]]></wp:meta_value>
            </wp:postmeta>
            <category domain="lsb_tax_age" nicename="ungdom"><![CDATA[ungdom]]></category>
            <category domain="lsb_tax_age" nicename="voksne"><![CDATA[voksne]]></category>
            <category domain="lsb_tax_genre" nicename="prosa"><![CDATA[prosa]]></category>
            <category domain="lsb_tax_topic" nicename="krim"><![CDATA[krim]]></category>
            <category domain="lsb_tax_topic" nicename="spenning"><![CDATA[spenning]]></category>
            <category domain="lsb_tax_language" nicename="no_nb"><![CDATA[bokmål]]></category>
            <category domain="lsb_tax_customization" nicename="skjønnlitteratur"><![CDATA[skjønnlitteratur]]></category>
            <category domain="lsb_tax_customization" nicename="lydbok"><![CDATA[lydbok]]></category>
            <wp:postmeta>
                <wp:meta_key>_thumbnail_id</wp:meta_key>
                <wp:meta_value><![CDATA[5425]]></wp:meta_value>
            </wp:postmeta>
        </item>
        <item>
            <title>1360-2 Mysterien i Nürnberg.jpg</title>
            <wp:post_id>5425</wp:post_id>
            <wp:status>inherit</wp:status>
            <wp:post_type>attachment</wp:post_type>
            <wp:attachment_url>https://raw.githubusercontent.com/lesersokerbok/boksok.no-data-utils/master/output-example/images/B4DA681CD2FE40F886CF539D6FB8A2EF.jpg</wp:attachment_url>
        </item>
        <item>
            <wp:post_type>lsb_book</wp:post_type>
            <wp:status>publish</wp:status>
            <title>Ingen kjenner dagen før solen går ned</title>
            <excerpt:encoded><![CDATA[Kari er arbeidsledig arkitekt.  Hun prøver alt for å skaffe seg jobb.  Da hun får et tilbud om å svindle banken  for 500.000 kroner, slår hun til.  Men ikke alt går etter planen.  ]]></excerpt:encoded>
            <wp:postmeta>
                <wp:meta_key>lsb_isbn</wp:meta_key>
                <wp:meta_value><![CDATA[9788242113146]]></wp:meta_value>
            </wp:postmeta>
            <wp:postmeta>
                <wp:meta_key>_lsb_isbn</wp:meta_key>
                <wp:meta_value><![CDATA[lsb_acf_isbn]]></wp:meta_value>
            </wp:postmeta>
            <wp:postmeta>
                <wp:meta_key>lsb_published_year</wp:meta_key>
                <wp:meta_value><![CDATA[2003]]></wp:meta_value>
            </wp:postmeta>
            <wp:postmeta>
                <wp:meta_key>_lsb_published_year</wp:meta_key>
                <wp:meta_value><![CDATA[lsb_acf_published_year]]></wp:meta_value>
            </wp:postmeta>
            <wp:postmeta>
                <wp:meta_key>lsb_pages</wp:meta_key>
                <wp:meta_value><![CDATA[72]]></wp:meta_value>
            </wp:postmeta>
            <wp:postmeta>
                <wp:meta_key>_lsb_pages</wp:meta_key>
                <wp:meta_value><![CDATA[lsb_acf_pages]]></wp:meta_value>
            </wp:postmeta>
            <wp:postmeta>
                <wp:meta_key>lsb_review</wp:meta_key>
                <wp:meta_value><![CDATA[  <div>Denne boka er en del av serien Lettlest med lyd. </div>  <div>&#160;</div>  <div>Den trykte boka har en CD  <br />  der forfatteren leser boka. <br />  Spilletiden på CD-en er 1.13 timer.<br />  Boka har tekst som er lett å lese. <br />  Det går an å følge med på teksten i boka <br />  mens forfatteren leser. </div>  <div>&#160;</div>  <div>CD-en har musikk av Arne Garvang<br />  og Steinar Larsen.<br />  Arne Garvang er også kjent som musiker, <br />  blant annet fra Tramteateret.</div>  ]]></wp:meta_value>
            </wp:postmeta>
            <wp:postmeta>
                <wp:meta_key>_lsb_review</wp:meta_key>
                <wp:meta_value><![CDATA[lsb_acf_review]]></wp:meta_value>
            </wp:postmeta>
            <wp:postmeta>
                <wp:meta_key>lsb_quote</wp:meta_key>
                <wp:meta_value><![CDATA[Det murret en advarsel i hjernen hennes.  Men hun hadde blitt mer enn god   til å overse sånne advarsler.  Hun var for nysgjerring.   For interessert i folk.  Denne fyren var hun spontant mer enn vanlig interessert i.]]></wp:meta_value>
            </wp:postmeta>
            <wp:postmeta>
                <wp:meta_key>_lsb_quote</wp:meta_key>
                <wp:meta_value><![CDATA[lsb_acf_quote]]></wp:meta_value>
            </wp:postmeta>
            <wp:postmeta>
                <wp:meta_key>lsb_supported</wp:meta_key>
                <wp:meta_value><![CDATA[0]]></wp:meta_value>
            </wp:postmeta>
            <wp:postmeta>
                <wp:meta_key>_lsb_supported</wp:meta_key>
                <wp:meta_value><![CDATA[lsb_acf_supported]]></wp:meta_value>
            </wp:postmeta>
            <category domain="lsb_tax_author" nicename="arne-garvang"><![CDATA[Arne Garvang]]></category>
            <category domain="lsb_tax_publisher" nicename="lydbokforlaget"><![CDATA[Lydbokforlaget]]></category>
            <category domain="lsb_tax_illustrator" nicename="liv-andrea-mosdøl"><![CDATA[Liv Andrea Mosdøl]]></category>
            <wp:postmeta>
                <wp:meta_key>lsb_look_inside</wp:meta_key>
                <wp:meta_value><![CDATA[CUSTOM_BLA_I_BOKA]]></wp:meta_value>
            </wp:postmeta>
            <wp:postmeta>
                <wp:meta_key>_lsb_look_inside</wp:meta_key>
                <wp:meta_value><![CDATA[lsb_acf_look_inside]]></wp:meta_value>
            </wp:postmeta>
            <category domain="lsb_tax_age" nicename="ungdom"><![CDATA[ungdom]]></category>
            <category domain="lsb_tax_age" nicename="voksne"><![CDATA[voksne]]></category>
            <category domain="lsb_tax_genre" nicename="prosa"><![CDATA[prosa]]></category>
            <category domain="lsb_tax_topic" nicename="krim"><![CDATA[krim]]></category>
            <category domain="lsb_tax_topic" nicename="spenning"><![CDATA[spenning]]></category>
            <category domain="lsb_tax_language" nicename="no_nb"><![CDATA[bokmål]]></category>
            <category domain="lsb_tax_customization" nicename="skjønnlitteratur"><![CDATA[skjønnlitteratur]]></category>
            <category domain="lsb_tax_customization" nicename="lydbok"><![CDATA[lydbok]]></category>
            <wp:postmeta>
                <wp:meta_key>_thumbnail_id</wp:meta_key>
                <wp:meta_value><![CDATA[5426]]></wp:meta_value>
            </wp:postmeta>
        </item>
        <item>
            <title>1314-9 Ingen kjenner dagen.jpg</title>
            <wp:post_id>5426</wp:post_id>
            <wp:status>inherit</wp:status>
            <wp:post_type>attachment</wp:post_type>
            <wp:attachment_url>https://raw.githubusercontent.com/lesersokerbok/boksok.no-data-utils/master/output-example/images/15B31E01A7774DB3A58DD2F68AA563A8.jpg</wp:attachment_url>
        </item>
        <item>
            <wp:post_type>lsb_book</wp:post_type>
            <wp:status>publish</wp:status>
            <title>Tre folkeeventyr</title>
            <excerpt:encoded><![CDATA[Tre eventyr med forenklet tekst:   Kjerringa mot strømmen,   Dumme menn og troll til kjerringer   og Herremannsbrura.    ]]></excerpt:encoded>
            <wp:postmeta>
                <wp:meta_key>lsb_isbn</wp:meta_key>
                <wp:meta_value><![CDATA[9788242113795]]></wp:meta_value>
            </wp:postmeta>
            <wp:postmeta>
                <wp:meta_key>_lsb_isbn</wp:meta_key>
                <wp:meta_value><![CDATA[lsb_acf_isbn]]></wp:meta_value>
            </wp:postmeta>
            <wp:postmeta>
                <wp:meta_key>lsb_published_year</wp:meta_key>
                <wp:meta_value><![CDATA[2003]]></wp:meta_value>
            </wp:postmeta>
            <wp:postmeta>
                <wp:meta_key>_lsb_published_year</wp:meta_key>
                <wp:meta_value><![CDATA[lsb_acf_published_year]]></wp:meta_value>
            </wp:postmeta>
            <wp:postmeta>
                <wp:meta_key>lsb_pages</wp:meta_key>
                <wp:meta_value/>
            </wp:postmeta>
            <wp:postmeta>
                <wp:meta_key>_lsb_pages</wp:meta_key>
                <wp:meta_value><![CDATA[lsb_acf_pages]]></wp:meta_value>
            </wp:postmeta>
            <wp:postmeta>
                <wp:meta_key>lsb_review</wp:meta_key>
                <wp:meta_value><![CDATA[  <div><strong>Tre folkeeventyr</strong> har blitt bearbeidet til enkel tekst. </div>  <div>&#160;</div>  <div>Lydboka er lest av Wenche Strømdahl og Arne O. Reitan, <br />  musikken  av Frode Fjellheim. <br />  Spilletid er 26 minutter med moderat lesefart. </div>  ]]></wp:meta_value>
            </wp:postmeta>
            <wp:postmeta>
                <wp:meta_key>_lsb_review</wp:meta_key>
                <wp:meta_value><![CDATA[lsb_acf_review]]></wp:meta_value>
            </wp:postmeta>
            <wp:postmeta>
                <wp:meta_key>lsb_quote</wp:meta_key>
                <wp:meta_value/>
            </wp:postmeta>
            <wp:postmeta>
                <wp:meta_key>_lsb_quote</wp:meta_key>
                <wp:meta_value><![CDATA[lsb_acf_quote]]></wp:meta_value>
            </wp:postmeta>
            <wp:postmeta>
                <wp:meta_key>lsb_supported</wp:meta_key>
                <wp:meta_value><![CDATA[0]]></wp:meta_value>
            </wp:postmeta>
            <wp:postmeta>
                <wp:meta_key>_lsb_supported</wp:meta_key>
                <wp:meta_value><![CDATA[lsb_acf_supported]]></wp:meta_value>
            </wp:postmeta>
            <category domain="lsb_tax_author" nicename="samlet-av-asbjørnsen-og-moe"><![CDATA[Samlet av Asbjørnsen og Moe]]></category>
            <category domain="lsb_tax_publisher" nicename="lydbokforlaget"><![CDATA[Lydbokforlaget]]></category>
            <wp:postmeta>
                <wp:meta_key>lsb_look_inside</wp:meta_key>
                <wp:meta_value><![CDATA[CUSTOM_BLA_I_BOKA]]></wp:meta_value>
            </wp:postmeta>
            <wp:postmeta>
                <wp:meta_key>_lsb_look_inside</wp:meta_key>
                <wp:meta_value><![CDATA[lsb_acf_look_inside]]></wp:meta_value>
            </wp:postmeta>
            <category domain="lsb_tax_age" nicename="voksne"><![CDATA[voksne]]></category>
            <category domain="lsb_tax_age" nicename="ungdom"><![CDATA[ungdom]]></category>
            <category domain="lsb_tax_age" nicename="barn"><![CDATA[barn]]></category>
            <category domain="lsb_tax_genre" nicename="prosa"><![CDATA[prosa]]></category>
            <category domain="lsb_tax_topic" nicename="eventyr"><![CDATA[eventyr]]></category>
            <category domain="lsb_tax_language" nicename="no_nb"><![CDATA[bokmål]]></category>
            <category domain="lsb_tax_customization" nicename="skjønnlitteratur"><![CDATA[skjønnlitteratur]]></category>
            <category domain="lsb_tax_customization" nicename="lydbok"><![CDATA[lydbok]]></category>
            <wp:postmeta>
                <wp:meta_key>_thumbnail_id</wp:meta_key>
                <wp:meta_value><![CDATA[5427]]></wp:meta_value>
            </wp:postmeta>
        </item>
        <item>
            <title>1379-3 Tre folkeeventyr.jpg</title>
            <wp:post_id>5427</wp:post_id>
            <wp:status>inherit</wp:status>
            <wp:post_type>attachment</wp:post_type>
            <wp:attachment_url>https://raw.githubusercontent.com/lesersokerbok/boksok.no-data-utils/master/output-example/images/4CA13A4427E54A14B9606F591A2B8B49.jpg</wp:attachment_url>
        </item>
        <item>
            <wp:post_type>lsb_book</wp:post_type>
            <wp:status>publish</wp:status>
            <title>Sitronlimonaden</title>
            <excerpt:encoded><![CDATA[Mamma og Nasir har flyttet fra Syria til Norge.   Men når mamma vil at de skal reise til Syria   i sommerferien, vil Nasir heller være hjemme   sammen med venner og spille fotball.  ]]></excerpt:encoded>
            <wp:postmeta>
                <wp:meta_key>lsb_isbn</wp:meta_key>
                <wp:meta_value><![CDATA[9788292863169]]></wp:meta_value>
            </wp:postmeta>
            <wp:postmeta>
                <wp:meta_key>_lsb_isbn</wp:meta_key>
                <wp:meta_value><![CDATA[lsb_acf_isbn]]></wp:meta_value>
            </wp:postmeta>
            <wp:postmeta>
                <wp:meta_key>lsb_published_year</wp:meta_key>
                <wp:meta_value><![CDATA[2010]]></wp:meta_value>
            </wp:postmeta>
            <wp:postmeta>
                <wp:meta_key>_lsb_published_year</wp:meta_key>
                <wp:meta_value><![CDATA[lsb_acf_published_year]]></wp:meta_value>
            </wp:postmeta>
            <wp:postmeta>
                <wp:meta_key>lsb_pages</wp:meta_key>
                <wp:meta_value/>
            </wp:postmeta>
            <wp:postmeta>
                <wp:meta_key>_lsb_pages</wp:meta_key>
                <wp:meta_value><![CDATA[lsb_acf_pages]]></wp:meta_value>
            </wp:postmeta>
            <wp:postmeta>
                <wp:meta_key>lsb_review</wp:meta_key>
                <wp:meta_value><![CDATA[  <div>Nasir vil at mamma skal lære norsk. </div>  <div>Mamma vil at Nasir skal lære morsmålet sitt, arabisk. </div>  <div>Men Nasir bare drømmer om fotballskolen. </div>  <div>Han vil ikke sitte inne og gjøre oppgaver </div>  <div>og drikke sitronlimonade. </div>  <div>Selvom mammas sitronlimonade egentlig </div>  <div>er det beste han vet. </div>  <div>Når de reiser til Syria, får han ikke </div>  <div>være sammen med vennene sine i tre lange uker. </div>  <div>Hvordan skal han klare seg uten fotballen </div>  <div>og uten å forstå språket?  </div>  <div>&#160;</div>  <div>Boka handler om at det kan være vanskelig </div>  <div>å tilhøre to kulturer samtidig. </div>  <div>Men den handler også om foreldrekjærlighet</div>  <div>og vennskap. </div>  <div>Og at det går an å føle seg hjemme </div>  <div>selv når man er i et fremmed land.  </div>  <div>&#160;</div>  <div>Boka har enkel tekst </div>  <div>og er fargerikt illustrert av Helena Ohlsson. </div>  <div><strong>Sitronlimonaden</strong> kan leses av alle, </div>  <div>uavhengig av etnisk tilhørighet. </div>  <div>&#160;</div>  <div>Hilde Henriksen er lærer og forfatter. </div>  <div>Hun har mange års erfaring med </div>  <div>minoritetsspråklige i voksenopplæringen. </div>  <div>Illustrasjonene til Helena Ohlsson gir rom for gode samtaler </div>  <div>rundt det å være flerkulturell. </div>  <div>&#160;</div>  ]]></wp:meta_value>
            </wp:postmeta>
            <wp:postmeta>
                <wp:meta_key>_lsb_review</wp:meta_key>
                <wp:meta_value><![CDATA[lsb_acf_review]]></wp:meta_value>
            </wp:postmeta>
            <wp:postmeta>
                <wp:meta_key>lsb_quote</wp:meta_key>
                <wp:meta_value><![CDATA[- Jeg har noe å fortelle deg, sier hun. - Vi skal reise til Syria i sommerferien. Jeg har kjøpt flybilletter i dag.   - Men Mamma, sier Nasir, - jeg vil heller på fotballskolen.   - Jeg vil at du skal treffe familien din. Og jeg vil at du skal se landet v]]></wp:meta_value>
            </wp:postmeta>
            <wp:postmeta>
                <wp:meta_key>_lsb_quote</wp:meta_key>
                <wp:meta_value><![CDATA[lsb_acf_quote]]></wp:meta_value>
            </wp:postmeta>
            <wp:postmeta>
                <wp:meta_key>lsb_supported</wp:meta_key>
                <wp:meta_value><![CDATA[1]]></wp:meta_value>
            </wp:postmeta>
            <wp:postmeta>
                <wp:meta_key>_lsb_supported</wp:meta_key>
                <wp:meta_value><![CDATA[lsb_acf_supported]]></wp:meta_value>
            </wp:postmeta>
            <wp:postmeta>
                <wp:meta_key>lsb_support_cat</wp:meta_key>
                <wp:meta_value><![CDATA[purple]]></wp:meta_value>
            </wp:postmeta>
            <wp:postmeta>
                <wp:meta_key>_lsb_support_cat</wp:meta_key>
                <wp:meta_value><![CDATA[lsb_acf_support_cat]]></wp:meta_value>
            </wp:postmeta>
            <category domain="lsb_tax_author" nicename="hilde-henriksen"><![CDATA[Hilde Henriksen]]></category>
            <category domain="lsb_tax_publisher" nicename="magikon"><![CDATA[Magikon]]></category>
            <category domain="lsb_tax_illustrator" nicename="helena-ohlsson"><![CDATA[Helena Ohlsson]]></category>
            <wp:postmeta>
                <wp:meta_key>lsb_look_inside</wp:meta_key>
                <wp:meta_value><![CDATA[CUSTOM_BLA_I_BOKA]]></wp:meta_value>
            </wp:postmeta>
            <wp:postmeta>
                <wp:meta_key>_lsb_look_inside</wp:meta_key>
                <wp:meta_value><![CDATA[lsb_acf_look_inside]]></wp:meta_value>
            </wp:postmeta>
            <category domain="lsb_tax_age" nicename="voksne"><![CDATA[voksne]]></category>
            <category domain="lsb_tax_age" nicename="ungdom"><![CDATA[ungdom]]></category>
            <category domain="lsb_tax_age" nicename="barn"><![CDATA[barn]]></category>
            <category domain="lsb_tax_genre" nicename="prosa"><![CDATA[prosa]]></category>
            <category domain="lsb_tax_topic" nicename="mennesker-i-mellom"><![CDATA[mennesker i mellom]]></category>
            <category domain="lsb_tax_language" nicename="no_nb"><![CDATA[bokmål]]></category>
            <category domain="lsb_tax_customization" nicename="ny-i-norge"><![CDATA[ny i norge]]></category>
            <category domain="lsb_tax_customization" nicename="mange-bilder"><![CDATA[mange bilder]]></category>
            <wp:postmeta>
                <wp:meta_key>_thumbnail_id</wp:meta_key>
                <wp:meta_value><![CDATA[5428]]></wp:meta_value>
            </wp:postmeta>
        </item>
        <item>
            <title>Sitronlimonaden.jpg</title>
            <wp:post_id>5428</wp:post_id>
            <wp:status>inherit</wp:status>
            <wp:post_type>attachment</wp:post_type>
            <wp:attachment_url>https://raw.githubusercontent.com/lesersokerbok/boksok.no-data-utils/master/output-example/images/9628F489C833450E98D9825FBCE20513.jpg</wp:attachment_url>
        </item>
        <item>
            <wp:post_type>lsb_book</wp:post_type>
            <wp:status>publish</wp:status>
            <title>Brevet frå havet</title>
            <excerpt:encoded><![CDATA[Ein mann får ei flaske i garnet.   I flaska ligg eit brev. ]]></excerpt:encoded>
            <wp:postmeta>
                <wp:meta_key>lsb_isbn</wp:meta_key>
                <wp:meta_value><![CDATA[9788282380096]]></wp:meta_value>
            </wp:postmeta>
            <wp:postmeta>
                <wp:meta_key>_lsb_isbn</wp:meta_key>
                <wp:meta_value><![CDATA[lsb_acf_isbn]]></wp:meta_value>
            </wp:postmeta>
            <wp:postmeta>
                <wp:meta_key>lsb_published_year</wp:meta_key>
                <wp:meta_value><![CDATA[2010]]></wp:meta_value>
            </wp:postmeta>
            <wp:postmeta>
                <wp:meta_key>_lsb_published_year</wp:meta_key>
                <wp:meta_value><![CDATA[lsb_acf_published_year]]></wp:meta_value>
            </wp:postmeta>
            <wp:postmeta>
                <wp:meta_key>lsb_pages</wp:meta_key>
                <wp:meta_value><![CDATA[30]]></wp:meta_value>
            </wp:postmeta>
            <wp:postmeta>
                <wp:meta_key>_lsb_pages</wp:meta_key>
                <wp:meta_value><![CDATA[lsb_acf_pages]]></wp:meta_value>
            </wp:postmeta>
            <wp:postmeta>
                <wp:meta_key>lsb_review</wp:meta_key>
                <wp:meta_value><![CDATA[  <div style="line-height: 142%; margin: 0cm 0cm 0pt;" class="MsoNormal"><span style="line-height: 142%; font-family: ;">Om natten drøymer han at ei prinsesse </span></div>  <div style="line-height: 142%; margin: 0cm 0cm 0pt;" class="MsoNormal"><span style="line-height: 142%; font-family: ;">frå ein holme ute i havet har skrive det mystiske brevet. </span></div>  <div style="line-height: 142%; margin: 0cm 0cm 0pt;" class="MsoNormal"><span style="line-height: 142%; font-family: ;">Men korleis skal han klare å tyde det? </span></div>  <div style="line-height: 142%; margin: 0cm 0cm 0pt;" class="MsoNormal"><span style="line-height: 142%; font-family: ;">&#160;</span><span style="line-height: 142%; font-family: ;">&#160;</span></div>  <div style="line-height: 142%; margin: 0cm 0cm 0pt;" class="MsoNormal"><span style="line-height: 142%; font-family: ;">Mannen dreg på biblioteket </span></div>  <div style="line-height: 142%; margin: 0cm 0cm 0pt;" class="MsoNormal"><span style="line-height: 142%; font-family: ;">på leit etter dei framande bokstavane.</span></div>  <div style="line-height: 142%; margin: 0cm 0cm 0pt;" class="MsoNormal">Men dei var berre i hovudet hans, </div>  <div style="line-height: 142%; margin: 0cm 0cm 0pt;" class="MsoNormal">og skein enda sterkare enn før.</div>  <div style="line-height: 142%; margin: 0cm 0cm 0pt;" class="MsoNormal">&#160;</div>  <div style="line-height: 142%; margin: 0cm 0cm 0pt;" class="MsoNormal">Tilslutt i rein frustrasjon, </div>  <div style="line-height: 142%; margin: 0cm 0cm 0pt;" class="MsoNormal">bestemmer han seg for å sjølv skrive eit brev. </div>  <div style="line-height: 142%; margin: 0cm 0cm 0pt;" class="MsoNormal">Brevet puttar han i flaska og slenger ho på havet. </div>  <div style="line-height: 142%; margin: 0cm 0cm 0pt;" class="MsoNormal">Snart kjem det att eit nytt brev. </div>  <div style="line-height: 142%; margin: 0cm 0cm 0pt;" class="MsoNormal">Men no er ikkje bokstavane så framande lenger...  </div>  <div style="line-height: 142%; margin: 0cm 0cm 0pt;" class="MsoNormal">  </div>  <div style="line-height: 142%; margin: 0cm 0cm 0pt;" class="MsoNormal"><span style="line-height: 142%; font-family: ;">Erna Osland og Akin Duzakin </span></div>  <div style="line-height: 142%; margin: 0cm 0cm 0pt;" class="MsoNormal"><span style="line-height: 142%; font-family: ;">har skapt eit vakkert eventyr </span></div>  <div style="line-height: 142%; margin: 0cm 0cm 0pt;" class="MsoNormal"><span style="line-height: 142%; font-family: ;">om underet det er å begynne å forstå eit nytt språk.  <div style="line-height: 142%; margin: 0cm 0cm 0pt;" class="MsoNormal"><strong>Brevet frå havet</strong> har lite tekst, </div>  <div style="line-height: 142%; margin: 0cm 0cm 0pt;" class="MsoNormal">og er skrive med eit enkelt språk.  </div>  <div style="line-height: 142%; margin: 0cm 0cm 0pt;" class="MsoNormal">&#160;</div>  <div style="line-height: 142%; margin: 0cm 0cm 0pt;" class="MsoNormal">"teksten er enkel å forstå for mer voksne lesere <br />  som er nye i det norske språket, og de vil kunne kjenne seg igjen i og nyte Brevet frå havet."</div>  <div style="line-height: 142%; margin: 0cm 0cm 0pt;" class="MsoNormal">&#160;</div>  <div style="line-height: 142%; margin: 0cm 0cm 0pt;" class="MsoNormal">- Anita M. Celius Lund, Barnebokkritikk, 9. februar 2011 </div></span></div>  ]]></wp:meta_value>
            </wp:postmeta>
            <wp:postmeta>
                <wp:meta_key>_lsb_review</wp:meta_key>
                <wp:meta_value><![CDATA[lsb_acf_review]]></wp:meta_value>
            </wp:postmeta>
            <wp:postmeta>
                <wp:meta_key>lsb_quote</wp:meta_key>
                <wp:meta_value><![CDATA[Ein kveld mannen hadde lagt seg,   banka det på.   Forundra opna han døra.     Der stod flaska.   Med eit brev.     Han skalv så han mest ikkje fekk korken av.   Han skalv og smilte.   For da bokstavane kom til syne,   var dei ikkje framande lenger.   Han kjende dei igjen!   Han kjende dei godt igjen!   Kven var det som hadde komme med dei? ]]></wp:meta_value>
            </wp:postmeta>
            <wp:postmeta>
                <wp:meta_key>_lsb_quote</wp:meta_key>
                <wp:meta_value><![CDATA[lsb_acf_quote]]></wp:meta_value>
            </wp:postmeta>
            <wp:postmeta>
                <wp:meta_key>lsb_supported</wp:meta_key>
                <wp:meta_value><![CDATA[1]]></wp:meta_value>
            </wp:postmeta>
            <wp:postmeta>
                <wp:meta_key>_lsb_supported</wp:meta_key>
                <wp:meta_value><![CDATA[lsb_acf_supported]]></wp:meta_value>
            </wp:postmeta>
            <wp:postmeta>
                <wp:meta_key>lsb_support_cat</wp:meta_key>
                <wp:meta_value><![CDATA[purple]]></wp:meta_value>
            </wp:postmeta>
            <wp:postmeta>
                <wp:meta_key>_lsb_support_cat</wp:meta_key>
                <wp:meta_value><![CDATA[lsb_acf_support_cat]]></wp:meta_value>
            </wp:postmeta>
            <category domain="lsb_tax_author" nicename="erna-osland"><![CDATA[Erna Osland]]></category>
            <category domain="lsb_tax_publisher" nicename="mangschou"><![CDATA[Mangschou]]></category>
            <category domain="lsb_tax_illustrator" nicename="akin-duzakin"><![CDATA[Akin Duzakin]]></category>
            <wp:postmeta>
                <wp:meta_key>lsb_look_inside</wp:meta_key>
                <wp:meta_value><![CDATA[CUSTOM_BLA_I_BOKA]]></wp:meta_value>
            </wp:postmeta>
            <wp:postmeta>
                <wp:meta_key>_lsb_look_inside</wp:meta_key>
                <wp:meta_value><![CDATA[lsb_acf_look_inside]]></wp:meta_value>
            </wp:postmeta>
            <category domain="lsb_tax_age" nicename="barn"><![CDATA[barn]]></category>
            <category domain="lsb_tax_age" nicename="voksne"><![CDATA[voksne]]></category>
            <category domain="lsb_tax_genre" nicename="prosa"><![CDATA[prosa]]></category>
            <category domain="lsb_tax_topic" nicename="eventyr"><![CDATA[eventyr]]></category>
            <category domain="lsb_tax_topic" nicename="kjærlighet"><![CDATA[kjærlighet]]></category>
            <category domain="lsb_tax_language" nicename="no_nn"><![CDATA[nynorsk]]></category>
            <category domain="lsb_tax_customization" nicename="skjønnlitteratur"><![CDATA[skjønnlitteratur]]></category>
            <category domain="lsb_tax_customization" nicename="ny-i-norge"><![CDATA[ny i norge]]></category>
            <category domain="lsb_tax_customization" nicename="mange-bilder"><![CDATA[mange bilder]]></category>
            <wp:postmeta>
                <wp:meta_key>_thumbnail_id</wp:meta_key>
                <wp:meta_value><![CDATA[5429]]></wp:meta_value>
            </wp:postmeta>
        </item>
        <item>
            <title>Midlertidig forside Brevet frå havet.jpg</title>
            <wp:post_id>5429</wp:post_id>
            <wp:status>inherit</wp:status>
            <wp:post_type>attachment</wp:post_type>
            <wp:attachment_url>https://raw.githubusercontent.com/lesersokerbok/boksok.no-data-utils/master/output-example/images/B6912BE390C041E09319129CFE4E2FCF.jpg</wp:attachment_url>
        </item>
        <item>
            <wp:post_type>lsb_book</wp:post_type>
            <wp:status>publish</wp:status>
            <title>Et stort øde landskap</title>
            <excerpt:encoded><![CDATA[Med et klart og presist språk  skriver Kjell Askildsen om   menneskenes livssituasjon  med stor innsikt. ]]></excerpt:encoded>
            <wp:postmeta>
                <wp:meta_key>lsb_isbn</wp:meta_key>
                <wp:meta_value><![CDATA[9788249506767]]></wp:meta_value>
            </wp:postmeta>
            <wp:postmeta>
                <wp:meta_key>_lsb_isbn</wp:meta_key>
                <wp:meta_value><![CDATA[lsb_acf_isbn]]></wp:meta_value>
            </wp:postmeta>
            <wp:postmeta>
                <wp:meta_key>lsb_published_year</wp:meta_key>
                <wp:meta_value><![CDATA[1991/2009 ]]></wp:meta_value>
            </wp:postmeta>
            <wp:postmeta>
                <wp:meta_key>_lsb_published_year</wp:meta_key>
                <wp:meta_value><![CDATA[lsb_acf_published_year]]></wp:meta_value>
            </wp:postmeta>
            <wp:postmeta>
                <wp:meta_key>lsb_pages</wp:meta_key>
                <wp:meta_value><![CDATA[101]]></wp:meta_value>
            </wp:postmeta>
            <wp:postmeta>
                <wp:meta_key>_lsb_pages</wp:meta_key>
                <wp:meta_value><![CDATA[lsb_acf_pages]]></wp:meta_value>
            </wp:postmeta>
            <wp:postmeta>
                <wp:meta_key>lsb_review</wp:meta_key>
                <wp:meta_value><![CDATA[  <div>Novellesamlingen <strong>Et stort øde landskap</strong> </div>  <div>handler om menneskelige relasjoner </div>  <div>mellom bror og søster eller mellom ektefeller. </div>  <div>Men det er egentlig selve <u>avstanden</u> mellom karakterne </div>  <div>som opptar Askildsen mest. </div>  <div>På mesterlig vis skildrer han </div>  <div>individets ensomhet i tilværelsen. </div>  <div>Askildsens sårbare karakterer </div>  <div>holder avstand til hverandre </div>  <div>og føler seg misforstått av omgivelsene.  <div>Mye av dramatikken i novellene ligger i det usagte. </div></div>  <div>&#160;</div>  <div>Novellene har en klar oppbygning </div>  <div>og et begrenset persongalleri. </div>  <div>Askildsen skriver med et enkelt og økonomisk språk, </div>  <div>med få velvalgte ord. </div>  <div>Tekster er svært lesevennlige.  </div>  <div>&#160;</div>  <div>"Askildsen er blitt sammenlignet </div>  <div>med andre lakonikere fra Hemingway til Beckett, </div>  <div>men både med dem og med mer ordrike mestere </div>  <div>deler han en dyp viten om hvordan språk og virkelighet henger sammen … </div>  <div>Språkets egne krefter utnyttes med eksemplarisk økonomi" </div>  <div><span class="source">NIELS BRUNSE, POLITIKEN, Danmark </span></div>  ]]></wp:meta_value>
            </wp:postmeta>
            <wp:postmeta>
                <wp:meta_key>_lsb_review</wp:meta_key>
                <wp:meta_value><![CDATA[lsb_acf_review]]></wp:meta_value>
            </wp:postmeta>
            <wp:postmeta>
                <wp:meta_key>lsb_quote</wp:meta_key>
                <wp:meta_value><![CDATA[Etter en stund ble det helt stille i huset. Øynene gled igjen av seg selv, og jeg så det store, øde landskapet, det som det gjør vondt å se, det som er altfor øde og altfor stort, det er på en måte både inni meg og utenfor meg. Jeg åpnet øynene slik at det kunne bli borte, men jeg var så trett, de gled igjen av seg selv. Det skyldtes nok pillene. Jeg er ikke redd, sa jeg høyt, bare for å si noe. Jeg sa det flere ganger. Så husker jeg ikke mer. ]]></wp:meta_value>
            </wp:postmeta>
            <wp:postmeta>
                <wp:meta_key>_lsb_quote</wp:meta_key>
                <wp:meta_value><![CDATA[lsb_acf_quote]]></wp:meta_value>
            </wp:postmeta>
            <wp:postmeta>
                <wp:meta_key>lsb_supported</wp:meta_key>
                <wp:meta_value><![CDATA[0]]></wp:meta_value>
            </wp:postmeta>
            <wp:postmeta>
                <wp:meta_key>_lsb_supported</wp:meta_key>
                <wp:meta_value><![CDATA[lsb_acf_supported]]></wp:meta_value>
            </wp:postmeta>
            <category domain="lsb_tax_author" nicename="kjell-askildsen"><![CDATA[Kjell Askildsen]]></category>
            <category domain="lsb_tax_publisher" nicename="oktober"><![CDATA[Oktober]]></category>
            <wp:postmeta>
                <wp:meta_key>lsb_look_inside</wp:meta_key>
                <wp:meta_value><![CDATA[CUSTOM_BLA_I_BOKA]]></wp:meta_value>
            </wp:postmeta>
            <wp:postmeta>
                <wp:meta_key>_lsb_look_inside</wp:meta_key>
                <wp:meta_value><![CDATA[lsb_acf_look_inside]]></wp:meta_value>
            </wp:postmeta>
            <category domain="lsb_tax_age" nicename="voksne"><![CDATA[voksne]]></category>
            <category domain="lsb_tax_genre" nicename="prosa"><![CDATA[prosa]]></category>
            <category domain="lsb_tax_topic" nicename="kjærlighet"><![CDATA[kjærlighet]]></category>
            <category domain="lsb_tax_topic" nicename="mennesker-i-mellom"><![CDATA[mennesker i mellom]]></category>
            <category domain="lsb_tax_language" nicename="no_nb"><![CDATA[bokmål]]></category>
            <category domain="lsb_tax_customization" nicename="skjønnlitteratur"><![CDATA[skjønnlitteratur]]></category>
            <wp:postmeta>
                <wp:meta_key>_thumbnail_id</wp:meta_key>
                <wp:meta_value><![CDATA[5430]]></wp:meta_value>
            </wp:postmeta>
        </item>
        <item>
            <title>et stort øde landskap.jpg</title>
            <wp:post_id>5430</wp:post_id>
            <wp:status>inherit</wp:status>
            <wp:post_type>attachment</wp:post_type>
            <wp:attachment_url>https://raw.githubusercontent.com/lesersokerbok/boksok.no-data-utils/master/output-example/images/E9BB74CB0B274203BEA37A7213D96EA1.jpg</wp:attachment_url>
        </item>
        <item>
            <wp:post_type>lsb_book</wp:post_type>
            <wp:status>publish</wp:status>
            <title>Den lille røde høna og hvetekornene</title>
            <excerpt:encoded><![CDATA[Tospråklige billedbok om den lille røde høna   som finner noen hvetekorn.   Men da hun spør katten, hunden og gåsa om hjelp,   er de alle opptatt med noe annet.   Hva skal hun gjøre? ]]></excerpt:encoded>
            <wp:postmeta>
                <wp:meta_key>lsb_isbn</wp:meta_key>
                <wp:meta_value><![CDATA[8292664181 (kurdisk/norsk)]]></wp:meta_value>
            </wp:postmeta>
            <wp:postmeta>
                <wp:meta_key>_lsb_isbn</wp:meta_key>
                <wp:meta_value><![CDATA[lsb_acf_isbn]]></wp:meta_value>
            </wp:postmeta>
            <wp:postmeta>
                <wp:meta_key>lsb_published_year</wp:meta_key>
                <wp:meta_value><![CDATA[2005]]></wp:meta_value>
            </wp:postmeta>
            <wp:postmeta>
                <wp:meta_key>_lsb_published_year</wp:meta_key>
                <wp:meta_value><![CDATA[lsb_acf_published_year]]></wp:meta_value>
            </wp:postmeta>
            <wp:postmeta>
                <wp:meta_key>lsb_pages</wp:meta_key>
                <wp:meta_value><![CDATA[upag.]]></wp:meta_value>
            </wp:postmeta>
            <wp:postmeta>
                <wp:meta_key>_lsb_pages</wp:meta_key>
                <wp:meta_value><![CDATA[lsb_acf_pages]]></wp:meta_value>
            </wp:postmeta>
            <wp:postmeta>
                <wp:meta_key>lsb_review</wp:meta_key>
                <wp:meta_value><![CDATA[  <div>Så den lille røde høna dyrker hveten, </div>  <div>skjærer den, bringer den til mølla, </div>  <div>helt alene. </div>  <div>Og når brødet er bakt, </div>  <div>har plutselig dyrene tid til å hjelpe til </div>  <div>med å spise det. </div>  <div>Men får de lov? </div>  <div>&#160;</div>  <div>Boka har enkel tekst, </div>  <div>men kontrasten er litt dårlig noen steder. </div>  <div>Bakerst er det en ordliste. </div>  <p>&#160;</p>  <p><strong>Den lille røde høna</strong> kan fås </p>  <div>i fem forskjellige tospråklige utgaver: </div>  <div>Norsk sammen med: </div>  <div>arabisk, kurdisk, persisk, somali og urdu. </div>  <div>Boka er også tilgjengelig på en rekke andre språk</div>  <div>sammen med engelsk. </div>  <div>&#160;</div>  <div><strong>Den lille røde høna</strong> er et samarbeid </div>  <div>mellom det flerspråklige bibliotek (DFB) </div>  <div>og det engelske forlaget Mantra Lingua. </div>  <div>Den kan brukes i norskopplæring, for å trene morsmål </div>  <div>og som lesestimulering for både små og store.</div>  <div>&#160;</div>  <div>  <div>I Boksøk har vi valgt ut de enkleste bøkene i denne serien.</div></div>  <div>Flere bøker i serien finner du hos DFB. </div>  <div>For utlån eller kjøp av bøkene, se lenkene til høyre.     </div>  ]]></wp:meta_value>
            </wp:postmeta>
            <wp:postmeta>
                <wp:meta_key>_lsb_review</wp:meta_key>
                <wp:meta_value><![CDATA[lsb_acf_review]]></wp:meta_value>
            </wp:postmeta>
            <wp:postmeta>
                <wp:meta_key>lsb_quote</wp:meta_key>
                <wp:meta_value><![CDATA[Neste morgen ropte den lille røde høna til de andre dyrene:   "Vil noen hjelpe meg å bringe hveten til mølla?"  "Ikke jeg, " sa katten, "jeg er for opptatt."  "Ikke jeg," sa hunden, "jeg er for opptatt."  "Ikke jeg," sa gåsa, "jeg er for opptatt."    "Da får jeg gå helt alene, " sa den lille røde høna.   Hun dro den fulle kjerra hele veien til mølla. ]]></wp:meta_value>
            </wp:postmeta>
            <wp:postmeta>
                <wp:meta_key>_lsb_quote</wp:meta_key>
                <wp:meta_value><![CDATA[lsb_acf_quote]]></wp:meta_value>
            </wp:postmeta>
            <wp:postmeta>
                <wp:meta_key>lsb_supported</wp:meta_key>
                <wp:meta_value><![CDATA[0]]></wp:meta_value>
            </wp:postmeta>
            <wp:postmeta>
                <wp:meta_key>_lsb_supported</wp:meta_key>
                <wp:meta_value><![CDATA[lsb_acf_supported]]></wp:meta_value>
            </wp:postmeta>
            <category domain="lsb_tax_author" nicename="l.r.hen"><![CDATA[L.R.Hen]]></category>
            <category domain="lsb_tax_publisher" nicename="mantra-lingua/deichmanske-bibliotek---ntb"><![CDATA[Mantra Lingua/Deichmanske bibliotek - NTB]]></category>
            <category domain="lsb_tax_illustrator" nicename="jago"><![CDATA[Jago]]></category>
            <category domain="lsb_tax_translator" nicename="anwar-soltani-(kurdisk),-nina-stenbro-(norsk)"><![CDATA[Anwar Soltani (kurdisk), Nina Stenbro (norsk)]]></category>
            <wp:postmeta>
                <wp:meta_key>lsb_look_inside</wp:meta_key>
                <wp:meta_value><![CDATA[CUSTOM_BLA_I_BOKA]]></wp:meta_value>
            </wp:postmeta>
            <wp:postmeta>
                <wp:meta_key>_lsb_look_inside</wp:meta_key>
                <wp:meta_value><![CDATA[lsb_acf_look_inside]]></wp:meta_value>
            </wp:postmeta>
            <category domain="lsb_tax_age" nicename="barn"><![CDATA[barn]]></category>
            <category domain="lsb_tax_genre" nicename="prosa"><![CDATA[prosa]]></category>
            <category domain="lsb_tax_topic" nicename="eventyr"><![CDATA[eventyr]]></category>
            <category domain="lsb_tax_language" nicename="no_nb"><![CDATA[bokmål]]></category>
            <category domain="lsb_tax_customization" nicename="ny-i-norge"><![CDATA[ny i norge]]></category>
            <category domain="lsb_tax_customization" nicename="mange-bilder"><![CDATA[mange bilder]]></category>
            <wp:postmeta>
                <wp:meta_key>_thumbnail_id</wp:meta_key>
                <wp:meta_value><![CDATA[5431]]></wp:meta_value>
            </wp:postmeta>
        </item>
        <item>
            <title>den lille røde høna.jpg</title>
            <wp:post_id>5431</wp:post_id>
            <wp:status>inherit</wp:status>
            <wp:post_type>attachment</wp:post_type>
            <wp:attachment_url>https://raw.githubusercontent.com/lesersokerbok/boksok.no-data-utils/master/output-example/images/099B5B4AC96E4999A5D2E39623C4F382.jpg</wp:attachment_url>
        </item>
        <item>
            <wp:post_type>lsb_book</wp:post_type>
            <wp:status>publish</wp:status>
            <title>Tål mine tics, takk! </title>
            <excerpt:encoded><![CDATA[Hva er egentlig tics?   Og hva har tics med Tourettes syndrom (TS) å gjøre?   I denne lettfattelige håndboka   får du svar på det meste om TS. ]]></excerpt:encoded>
            <wp:postmeta>
                <wp:meta_key>lsb_isbn</wp:meta_key>
                <wp:meta_value><![CDATA[9788299737555]]></wp:meta_value>
            </wp:postmeta>
            <wp:postmeta>
                <wp:meta_key>_lsb_isbn</wp:meta_key>
                <wp:meta_value><![CDATA[lsb_acf_isbn]]></wp:meta_value>
            </wp:postmeta>
            <wp:postmeta>
                <wp:meta_key>lsb_published_year</wp:meta_key>
                <wp:meta_value><![CDATA[2010]]></wp:meta_value>
            </wp:postmeta>
            <wp:postmeta>
                <wp:meta_key>_lsb_published_year</wp:meta_key>
                <wp:meta_value><![CDATA[lsb_acf_published_year]]></wp:meta_value>
            </wp:postmeta>
            <wp:postmeta>
                <wp:meta_key>lsb_pages</wp:meta_key>
                <wp:meta_value><![CDATA[98]]></wp:meta_value>
            </wp:postmeta>
            <wp:postmeta>
                <wp:meta_key>_lsb_pages</wp:meta_key>
                <wp:meta_value><![CDATA[lsb_acf_pages]]></wp:meta_value>
            </wp:postmeta>
            <wp:postmeta>
                <wp:meta_key>lsb_review</wp:meta_key>
                <wp:meta_value><![CDATA[  <div>Kan man klare seg bra selv om man har TS?</div>  <div>Hvordan er det å ha TS på skolen? </div>  <div>Hva hjelper personer med TS i det daglige? </div>  <div>Hva bør andre vite om TS? </div>  <div>&#160;</div>  <div>Gjennom samtaler med ungdom som har diagnosen</div>  <div>får man en enkel - og tidvis morsom innføring </div>  <div>i hvordan det er å leve med TS. </div>  <div>Forfatteren gir også enkle strategier </div>  <div>til hvordan man kan redusere tics. </div>  <div>&#160;</div>  <div>Boka kan leses av den som har diagnosen selv, </div>  <div>men også venner, slektninger, </div>  <div>lærere og andre fagpersoner vil ha utbytte av den. </div>  <div>Den forutsetter ingen forkunnskaper. </div>  <div>&#160;</div>  <div><strong>Tål mine tics, takk!</strong> er skrevet med enkel tekst, </div>  <div>og det er lett å følge boka, </div>  <div>selv om man har konsentrasjonsvansker. </div>  <div>Man kan fint lese kapitlene i den rekkefølgen man vil. </div>  <div>&#160;</div>  <div>De treffende og humoristiske illustrasjonene </div>  <div>er laget av André Jensen. </div>  <div>Han sto også bak tegningene i boka </div>  <div><strong>Ti tanker i hue - og ingen på papiret.</strong> </div>  <div>Denne boka er også skrevet av Lisbeth Iglum Rønhovde. </div>  <div>&#160;</div>  <div>  <div><strong>Tål mine tics, takk!</strong> er blitt mottatt med begeistring </div>  <div>hos ungdom som selv har diagnosene TS og ADHD. </div>  <div>  <div>Den viste seg å være både overkommelig å lese, </div></div>  <div>og "tar lesegruppen på alvor </div>  <div>uten å formidle ovenfra og ned".</div>  <div>Bilder og tekst utgjør omtrent like mye plass i boka, </div>  <div>slik at det er lettere å komme seg gjennom den.  </div></div>  <div>&#160;</div>  <div>  <div>Lisbeth Iglum Rønhovde er <br />  en av dem som vet mest om barn og ungdom </div>  <div>med ADHD og Tourette syndrom. <br />  Hun har også skrevet <br />  <strong>Kan de ikke bare ta seg sammen <br />  </strong>som handler om barn og unge med <br />  disse diagnosene.  </div>  <div>&#160;</div> </div>  <div>&#160;</div>  ]]></wp:meta_value>
            </wp:postmeta>
            <wp:postmeta>
                <wp:meta_key>_lsb_review</wp:meta_key>
                <wp:meta_value><![CDATA[lsb_acf_review]]></wp:meta_value>
            </wp:postmeta>
            <wp:postmeta>
                <wp:meta_key>lsb_quote</wp:meta_key>
                <wp:meta_value><![CDATA[Malin 13 sier:   Jeg glemmer ord enda det er helt  vanlige og lette ord. Noen ganger er  det akkurat som om jeg ikke kan si  ordet.     Jeg vet hva jeg skal si, men det er bare   ikke mulig å få det ut. Jeg har en liten  bok hvor jeg skriver ned ord.   Å lese ord går bedre enn å bare si dem.     Kenneth 15 sier:   I timer med nok å gjøre, har jeg lite  tics. Er det lite å gjøre, knekker jeg i   fingrene, plystrer rett ut i lufta  eller prater om alt og ingenting.     Ole V. 20 sier:   På dager uten aktivitet er jeg som   en brusflaske som noen har ristet.]]></wp:meta_value>
            </wp:postmeta>
            <wp:postmeta>
                <wp:meta_key>_lsb_quote</wp:meta_key>
                <wp:meta_value><![CDATA[lsb_acf_quote]]></wp:meta_value>
            </wp:postmeta>
            <wp:postmeta>
                <wp:meta_key>lsb_supported</wp:meta_key>
                <wp:meta_value><![CDATA[1]]></wp:meta_value>
            </wp:postmeta>
            <wp:postmeta>
                <wp:meta_key>_lsb_supported</wp:meta_key>
                <wp:meta_value><![CDATA[lsb_acf_supported]]></wp:meta_value>
            </wp:postmeta>
            <wp:postmeta>
                <wp:meta_key>lsb_support_cat</wp:meta_key>
                <wp:meta_value><![CDATA[purple]]></wp:meta_value>
            </wp:postmeta>
            <wp:postmeta>
                <wp:meta_key>_lsb_support_cat</wp:meta_key>
                <wp:meta_value><![CDATA[lsb_acf_support_cat]]></wp:meta_value>
            </wp:postmeta>
            <category domain="lsb_tax_author" nicename="lisbeth-iglum-rønhovde"><![CDATA[Lisbeth Iglum Rønhovde]]></category>
            <category domain="lsb_tax_publisher" nicename="infoliten-"><![CDATA[Infoliten ]]></category>
            <category domain="lsb_tax_illustrator" nicename="andré-jensen"><![CDATA[André Jensen]]></category>
            <wp:postmeta>
                <wp:meta_key>lsb_look_inside</wp:meta_key>
                <wp:meta_value><![CDATA[CUSTOM_BLA_I_BOKA]]></wp:meta_value>
            </wp:postmeta>
            <wp:postmeta>
                <wp:meta_key>_lsb_look_inside</wp:meta_key>
                <wp:meta_value><![CDATA[lsb_acf_look_inside]]></wp:meta_value>
            </wp:postmeta>
            <category domain="lsb_tax_age" nicename="ungdom"><![CDATA[ungdom]]></category>
            <category domain="lsb_tax_age" nicename="voksne"><![CDATA[voksne]]></category>
            <category domain="lsb_tax_genre" nicename="faglitteratur"><![CDATA[faglitteratur]]></category>
            <category domain="lsb_tax_topic" nicename="mat"><![CDATA[mat]]></category>
            <category domain="lsb_tax_topic" nicename="helse"><![CDATA[helse]]></category>
            <category domain="lsb_tax_language" nicename="no_nb"><![CDATA[bokmål]]></category>
            <category domain="lsb_tax_customization" nicename="faglitteratur"><![CDATA[faglitteratur]]></category>
            <category domain="lsb_tax_customization" nicename="mange-bilder"><![CDATA[mange bilder]]></category>
            <wp:postmeta>
                <wp:meta_key>_thumbnail_id</wp:meta_key>
                <wp:meta_value><![CDATA[5432]]></wp:meta_value>
            </wp:postmeta>
        </item>
        <item>
            <title>tål mine tics, takk.jpg</title>
            <wp:post_id>5432</wp:post_id>
            <wp:status>inherit</wp:status>
            <wp:post_type>attachment</wp:post_type>
            <wp:attachment_url>https://raw.githubusercontent.com/lesersokerbok/boksok.no-data-utils/master/output-example/images/EECFD63152564BB0A9AC1240D0EF5D3B.jpg</wp:attachment_url>
        </item>
        <item>
            <wp:post_type>lsb_book</wp:post_type>
            <wp:status>publish</wp:status>
            <title>Jakob og Neikob</title>
            <excerpt:encoded><![CDATA[Punktskrift og følebokutgave av den populære barneboka. ]]></excerpt:encoded>
            <wp:postmeta>
                <wp:meta_key>lsb_isbn</wp:meta_key>
                <wp:meta_value/>
            </wp:postmeta>
            <wp:postmeta>
                <wp:meta_key>_lsb_isbn</wp:meta_key>
                <wp:meta_value><![CDATA[lsb_acf_isbn]]></wp:meta_value>
            </wp:postmeta>
            <wp:postmeta>
                <wp:meta_key>lsb_published_year</wp:meta_key>
                <wp:meta_value><![CDATA[2010]]></wp:meta_value>
            </wp:postmeta>
            <wp:postmeta>
                <wp:meta_key>_lsb_published_year</wp:meta_key>
                <wp:meta_value><![CDATA[lsb_acf_published_year]]></wp:meta_value>
            </wp:postmeta>
            <wp:postmeta>
                <wp:meta_key>lsb_pages</wp:meta_key>
                <wp:meta_value><![CDATA[36]]></wp:meta_value>
            </wp:postmeta>
            <wp:postmeta>
                <wp:meta_key>_lsb_pages</wp:meta_key>
                <wp:meta_value><![CDATA[lsb_acf_pages]]></wp:meta_value>
            </wp:postmeta>
            <wp:postmeta>
                <wp:meta_key>lsb_review</wp:meta_key>
                <wp:meta_value><![CDATA[  <div>Boka er ei tilrettelegging av <strong>Jakob og Neikob</strong> av Kari Stai </div>  <div>som kom ut på Samlaget i 2008. </div>  <div>&#160;</div>  <div>Dette er ei humoristisk forteljing </div>  <div>om to vener som bur saman. </div>  <div>Jakob seier alltid ja og Neikob seier alltid nei. </div>  <div>Teksten er i punktskrift </div>  <div>og trykte bokstavar med forstørra skrift. </div>  <div>Illustrasjonane er i relieff-teknikk. </div>  <div>&#160;</div>  <div>Denne utgåva er kopiert frå originalversjonen </div>  <div>som vart gitt ut på Det Norske Samlaget i 2008.</div>  <div>Punktskriftutgåva er kun tilgjengeleg for utlån </div>  <div>for dei med lånerett frå NLB </div>  <div>(Norsk lyd- og blindeskriftbibliotek). </div>  ]]></wp:meta_value>
            </wp:postmeta>
            <wp:postmeta>
                <wp:meta_key>_lsb_review</wp:meta_key>
                <wp:meta_value><![CDATA[lsb_acf_review]]></wp:meta_value>
            </wp:postmeta>
            <wp:postmeta>
                <wp:meta_key>lsb_quote</wp:meta_key>
                <wp:meta_value><![CDATA[Dette er Jakob og Neikob.   Dei bur saman i eit hus på ein bakketopp.   Jakob og Neikob er gode venner  sjølv om dei er veldig  forskjellige.   Jakob seier JA til alt,   og Neikob seier NEI til alt.   ]]></wp:meta_value>
            </wp:postmeta>
            <wp:postmeta>
                <wp:meta_key>_lsb_quote</wp:meta_key>
                <wp:meta_value><![CDATA[lsb_acf_quote]]></wp:meta_value>
            </wp:postmeta>
            <wp:postmeta>
                <wp:meta_key>lsb_supported</wp:meta_key>
                <wp:meta_value><![CDATA[0]]></wp:meta_value>
            </wp:postmeta>
            <wp:postmeta>
                <wp:meta_key>_lsb_supported</wp:meta_key>
                <wp:meta_value><![CDATA[lsb_acf_supported]]></wp:meta_value>
            </wp:postmeta>
            <category domain="lsb_tax_author" nicename="kari-stai"><![CDATA[Kari Stai]]></category>
            <category domain="lsb_tax_publisher" nicename="samlaget/nlb"><![CDATA[Samlaget/NLB]]></category>
            <category domain="lsb_tax_illustrator" nicename="eva-p.-eriksson-(relieffbilder)"><![CDATA[Eva P. Eriksson (relieffbilder)]]></category>
            <wp:postmeta>
                <wp:meta_key>lsb_look_inside</wp:meta_key>
                <wp:meta_value><![CDATA[CUSTOM_BLA_I_BOKA]]></wp:meta_value>
            </wp:postmeta>
            <wp:postmeta>
                <wp:meta_key>_lsb_look_inside</wp:meta_key>
                <wp:meta_value><![CDATA[lsb_acf_look_inside]]></wp:meta_value>
            </wp:postmeta>
            <category domain="lsb_tax_age" nicename="barn"><![CDATA[barn]]></category>
            <category domain="lsb_tax_genre" nicename="prosa"><![CDATA[prosa]]></category>
            <category domain="lsb_tax_language" nicename="no_nn"><![CDATA[nynorsk]]></category>
            <category domain="lsb_tax_customization" nicename="punktskrift"><![CDATA[punktskrift]]></category>
            <category domain="lsb_tax_customization" nicename="følebilder"><![CDATA[følebilder]]></category>
            <category domain="lsb_tax_customization" nicename="mange-bilder"><![CDATA[mange bilder]]></category>
            <wp:postmeta>
                <wp:meta_key>_thumbnail_id</wp:meta_key>
                <wp:meta_value><![CDATA[5433]]></wp:meta_value>
            </wp:postmeta>
        </item>
        <item>
            <title>jakob og neikob.jpg</title>
            <wp:post_id>5433</wp:post_id>
            <wp:status>inherit</wp:status>
            <wp:post_type>attachment</wp:post_type>
            <wp:attachment_url>https://raw.githubusercontent.com/lesersokerbok/boksok.no-data-utils/master/output-example/images/F1451E672B74444488DE2DA30BF6A35B.jpg</wp:attachment_url>
        </item>
        <item>
            <wp:post_type>lsb_book</wp:post_type>
            <wp:status>publish</wp:status>
            <title>Spøkelseshuset</title>
            <excerpt:encoded><![CDATA[En liten heksejente flytter inn    i et stort gammelt hus med spøkelser   som hun blir kvitt på en lur måte.   ]]></excerpt:encoded>
            <wp:postmeta>
                <wp:meta_key>lsb_isbn</wp:meta_key>
                <wp:meta_value/>
            </wp:postmeta>
            <wp:postmeta>
                <wp:meta_key>_lsb_isbn</wp:meta_key>
                <wp:meta_value><![CDATA[lsb_acf_isbn]]></wp:meta_value>
            </wp:postmeta>
            <wp:postmeta>
                <wp:meta_key>lsb_published_year</wp:meta_key>
                <wp:meta_value><![CDATA[2010]]></wp:meta_value>
            </wp:postmeta>
            <wp:postmeta>
                <wp:meta_key>_lsb_published_year</wp:meta_key>
                <wp:meta_value><![CDATA[lsb_acf_published_year]]></wp:meta_value>
            </wp:postmeta>
            <wp:postmeta>
                <wp:meta_key>lsb_pages</wp:meta_key>
                <wp:meta_value><![CDATA[24]]></wp:meta_value>
            </wp:postmeta>
            <wp:postmeta>
                <wp:meta_key>_lsb_pages</wp:meta_key>
                <wp:meta_value><![CDATA[lsb_acf_pages]]></wp:meta_value>
            </wp:postmeta>
            <wp:postmeta>
                <wp:meta_key>lsb_review</wp:meta_key>
                <wp:meta_value><![CDATA[  <div>Boka baserer seg på en original billedbok </div>  <div>og har punktskrift og store typer. </div>  <div>Teksten er enkel. </div>  <div>De originale bildene </div>  <div>er tilrettelagt for blinde med relieffteknikk. </div>  <div>I tillegg til hvitt og sort </div>  <div>er det brukt bare en farge i boka, sterk orange. </div>  <div>&#160;</div>  <div><strong>Spøkelseshuset</strong> er kopiert fra originalutgaven</div>  <div>som ble gitt ut på Omnipax i 2009. </div>  <div>Denne utgaven er et samarbeid </div>  <div>mellom NLB (Norsk lyd- og blindeskriftbibliotek) </div>  <div>og Eva Eriksson Design AB. </div>  <div>  <div>Boka er kun tilgjengelig for utlån </div>  <div>for de med lånerett frå NLB </div>  <div>(Norsk lyd- og blindeskriftbibliotek). </div></div>  <div>&#160;</div>  <div>&#160;</div>  ]]></wp:meta_value>
            </wp:postmeta>
            <wp:postmeta>
                <wp:meta_key>_lsb_review</wp:meta_key>
                <wp:meta_value><![CDATA[lsb_acf_review]]></wp:meta_value>
            </wp:postmeta>
            <wp:postmeta>
                <wp:meta_key>lsb_quote</wp:meta_key>
                <wp:meta_value><![CDATA[Huset var fint, det, det var bare en  ting som var litt dumt.   Huset var fullt av...  ...spøkelser!     Men jenta var ikke noen vanlig jente.   Hun var ei heks!     Hun var kjempegod til å fange   spøkelser.   "Det var kult,", sa hun.   "Håper det er flere her!"]]></wp:meta_value>
            </wp:postmeta>
            <wp:postmeta>
                <wp:meta_key>_lsb_quote</wp:meta_key>
                <wp:meta_value><![CDATA[lsb_acf_quote]]></wp:meta_value>
            </wp:postmeta>
            <wp:postmeta>
                <wp:meta_key>lsb_supported</wp:meta_key>
                <wp:meta_value><![CDATA[0]]></wp:meta_value>
            </wp:postmeta>
            <wp:postmeta>
                <wp:meta_key>_lsb_supported</wp:meta_key>
                <wp:meta_value><![CDATA[lsb_acf_supported]]></wp:meta_value>
            </wp:postmeta>
            <category domain="lsb_tax_author" nicename="kazuno-kohara"><![CDATA[Kazuno Kohara]]></category>
            <category domain="lsb_tax_publisher" nicename="nlb/omnipax"><![CDATA[NLB/Omnipax]]></category>
            <category domain="lsb_tax_illustrator" nicename="eva-p.eriksson-(relieffbilder)"><![CDATA[Eva P.Eriksson (relieffbilder)]]></category>
            <wp:postmeta>
                <wp:meta_key>lsb_look_inside</wp:meta_key>
                <wp:meta_value><![CDATA[CUSTOM_BLA_I_BOKA]]></wp:meta_value>
            </wp:postmeta>
            <wp:postmeta>
                <wp:meta_key>_lsb_look_inside</wp:meta_key>
                <wp:meta_value><![CDATA[lsb_acf_look_inside]]></wp:meta_value>
            </wp:postmeta>
            <category domain="lsb_tax_age" nicename="barn"><![CDATA[barn]]></category>
            <category domain="lsb_tax_genre" nicename="prosa"><![CDATA[prosa]]></category>
            <category domain="lsb_tax_topic" nicename="eventyr"><![CDATA[eventyr]]></category>
            <category domain="lsb_tax_language" nicename="no_nb"><![CDATA[bokmål]]></category>
            <category domain="lsb_tax_customization" nicename="punktskrift"><![CDATA[punktskrift]]></category>
            <category domain="lsb_tax_customization" nicename="følebilder"><![CDATA[følebilder]]></category>
            <category domain="lsb_tax_customization" nicename="mange-bilder"><![CDATA[mange bilder]]></category>
            <wp:postmeta>
                <wp:meta_key>_thumbnail_id</wp:meta_key>
                <wp:meta_value><![CDATA[5434]]></wp:meta_value>
            </wp:postmeta>
        </item>
        <item>
            <title>spøkelseshuset.jpg</title>
            <wp:post_id>5434</wp:post_id>
            <wp:status>inherit</wp:status>
            <wp:post_type>attachment</wp:post_type>
            <wp:attachment_url>https://raw.githubusercontent.com/lesersokerbok/boksok.no-data-utils/master/output-example/images/7D12E2C5046548B0AE94D6A658C42550.jpg</wp:attachment_url>
        </item>
        <item>
            <wp:post_type>lsb_book</wp:post_type>
            <wp:status>publish</wp:status>
            <title>God natt, Albert Åberg</title>
            <excerpt:encoded><![CDATA[Den kjente klassikeren om Albert Åberg som punktskrift- og følebok. ]]></excerpt:encoded>
            <wp:postmeta>
                <wp:meta_key>lsb_isbn</wp:meta_key>
                <wp:meta_value/>
            </wp:postmeta>
            <wp:postmeta>
                <wp:meta_key>_lsb_isbn</wp:meta_key>
                <wp:meta_value><![CDATA[lsb_acf_isbn]]></wp:meta_value>
            </wp:postmeta>
            <wp:postmeta>
                <wp:meta_key>lsb_published_year</wp:meta_key>
                <wp:meta_value><![CDATA[2010]]></wp:meta_value>
            </wp:postmeta>
            <wp:postmeta>
                <wp:meta_key>_lsb_published_year</wp:meta_key>
                <wp:meta_value><![CDATA[lsb_acf_published_year]]></wp:meta_value>
            </wp:postmeta>
            <wp:postmeta>
                <wp:meta_key>lsb_pages</wp:meta_key>
                <wp:meta_value><![CDATA[22]]></wp:meta_value>
            </wp:postmeta>
            <wp:postmeta>
                <wp:meta_key>_lsb_pages</wp:meta_key>
                <wp:meta_value><![CDATA[lsb_acf_pages]]></wp:meta_value>
            </wp:postmeta>
            <wp:postmeta>
                <wp:meta_key>lsb_review</wp:meta_key>
                <wp:meta_value><![CDATA[  <div>Albert Åberg skal legge seg. </div>  <div>Men han vil ikke sove. </div>  <div>Heldigvis har Albert en snill pappa. </div>  <div>Nesten litt <u>for</u> snill noen ganger.. </div>  <div>&#160;</div>  <div>Den kjente barnebokklassikeren </div>  <div>forteller om en situasjon som burde være kjent i de fleste hjem.</div>  <div>&#160;</div>  <div>Bildene er forenklet i forhold til originalen. </div>  <div>Tekst både i punktskrift og vanlige typer med noe forstørret skrift. </div>  <div>&#160;</div>  <div>  <div><strong>God natt, Albert Åberg </strong>er kopiert fra originalutgaven</div>  <div>som ble gitt ut på Cappelen Damm i 2009. </div>  <div>Denne utgaven er et samarbeid </div>  <div>mellom NLB (Norsk lyd- og blindeskriftbibliotek) </div>  <div>og TPB.</div>  <div>&#160;</div>  <div>  <div>Boka er kun tilgjengelig for utlån </div>  <div>for de med lånerett fra NLB </div>  <div>(Norsk lyd- og blindeskriftbibliotek). </div></div>  <div>&#160;</div></div>  ]]></wp:meta_value>
            </wp:postmeta>
            <wp:postmeta>
                <wp:meta_key>_lsb_review</wp:meta_key>
                <wp:meta_value><![CDATA[lsb_acf_review]]></wp:meta_value>
            </wp:postmeta>
            <wp:postmeta>
                <wp:meta_key>lsb_quote</wp:meta_key>
                <wp:meta_value><![CDATA[Han må tisse også.  "Pappa!" roper Albert.   "Jeg må tisse."  Pappa kommer.   Han har hentet potten på badet.   Det varer en stund.   Så tisser Albert en bitte,   liten dråpe.   "Sov nå, lille Albert," ber pappa  når han går.   Men Albert sovner ikke likevel.   Han ligger og tenker på klesskapet.   Kanskje er det en stor, vill løve   der inne? ]]></wp:meta_value>
            </wp:postmeta>
            <wp:postmeta>
                <wp:meta_key>_lsb_quote</wp:meta_key>
                <wp:meta_value><![CDATA[lsb_acf_quote]]></wp:meta_value>
            </wp:postmeta>
            <wp:postmeta>
                <wp:meta_key>lsb_supported</wp:meta_key>
                <wp:meta_value><![CDATA[0]]></wp:meta_value>
            </wp:postmeta>
            <wp:postmeta>
                <wp:meta_key>_lsb_supported</wp:meta_key>
                <wp:meta_value><![CDATA[lsb_acf_supported]]></wp:meta_value>
            </wp:postmeta>
            <category domain="lsb_tax_author" nicename="gunilla-bergström"><![CDATA[Gunilla Bergström]]></category>
            <category domain="lsb_tax_publisher" nicename="nlb/tpb"><![CDATA[NLB/TPB]]></category>
            <category domain="lsb_tax_illustrator" nicename="carina-søe-knudsen-(relieffbilder)"><![CDATA[Carina Søe-Knudsen (relieffbilder)]]></category>
            <category domain="lsb_tax_translator" nicename="tor-åge-bringsværd"><![CDATA[Tor-Åge Bringsværd]]></category>
            <wp:postmeta>
                <wp:meta_key>lsb_look_inside</wp:meta_key>
                <wp:meta_value><![CDATA[CUSTOM_BLA_I_BOKA]]></wp:meta_value>
            </wp:postmeta>
            <wp:postmeta>
                <wp:meta_key>_lsb_look_inside</wp:meta_key>
                <wp:meta_value><![CDATA[lsb_acf_look_inside]]></wp:meta_value>
            </wp:postmeta>
            <category domain="lsb_tax_age" nicename="barn"><![CDATA[barn]]></category>
            <category domain="lsb_tax_genre" nicename="prosa"><![CDATA[prosa]]></category>
            <category domain="lsb_tax_language" nicename="no_nb"><![CDATA[bokmål]]></category>
            <category domain="lsb_tax_customization" nicename="punktskrift"><![CDATA[punktskrift]]></category>
            <category domain="lsb_tax_customization" nicename="følebilder"><![CDATA[følebilder]]></category>
            <category domain="lsb_tax_customization" nicename="mange-bilder"><![CDATA[mange bilder]]></category>
            <wp:postmeta>
                <wp:meta_key>_thumbnail_id</wp:meta_key>
                <wp:meta_value><![CDATA[5435]]></wp:meta_value>
            </wp:postmeta>
        </item>
        <item>
            <title>albert åberg.jpg</title>
            <wp:post_id>5435</wp:post_id>
            <wp:status>inherit</wp:status>
            <wp:post_type>attachment</wp:post_type>
            <wp:attachment_url>https://raw.githubusercontent.com/lesersokerbok/boksok.no-data-utils/master/output-example/images/8B49F78AC4BA4CB9ADAF1525FE997A57.jpg</wp:attachment_url>
        </item>
        <item>
            <wp:post_type>lsb_book</wp:post_type>
            <wp:status>publish</wp:status>
            <title>Den forelska frosken</title>
            <excerpt:encoded><![CDATA[Frosken kjenner seg så rar.   Hjartet slår så fort,   og han hadde gått omkring som i ørske heile veka.   Kva var det som gjekk av han? ]]></excerpt:encoded>
            <wp:postmeta>
                <wp:meta_key>lsb_isbn</wp:meta_key>
                <wp:meta_value><![CDATA[9788216088517]]></wp:meta_value>
            </wp:postmeta>
            <wp:postmeta>
                <wp:meta_key>_lsb_isbn</wp:meta_key>
                <wp:meta_value><![CDATA[lsb_acf_isbn]]></wp:meta_value>
            </wp:postmeta>
            <wp:postmeta>
                <wp:meta_key>lsb_published_year</wp:meta_key>
                <wp:meta_value><![CDATA[2009]]></wp:meta_value>
            </wp:postmeta>
            <wp:postmeta>
                <wp:meta_key>_lsb_published_year</wp:meta_key>
                <wp:meta_value><![CDATA[lsb_acf_published_year]]></wp:meta_value>
            </wp:postmeta>
            <wp:postmeta>
                <wp:meta_key>lsb_pages</wp:meta_key>
                <wp:meta_value><![CDATA[30]]></wp:meta_value>
            </wp:postmeta>
            <wp:postmeta>
                <wp:meta_key>_lsb_pages</wp:meta_key>
                <wp:meta_value><![CDATA[lsb_acf_pages]]></wp:meta_value>
            </wp:postmeta>
            <wp:postmeta>
                <wp:meta_key>lsb_review</wp:meta_key>
                <wp:meta_value><![CDATA[  <div>  <div>Kan det ha noko med den kvite anda å gjere? </div>Og er det mogleg for ein grøn frosk og ei kvit and å vere kjærastar? </div>  <div>&#160;</div>  <div>Punktskrift- og følebileteutgåve av ein </div>  <div>nederlandsk barnebok. </div>  <div>  <div><strong>Den forelska frosken </strong>er kopiert frå originalutgåva</div>  <div>som vart gitt ut på Det Norske Samlaget i 1989. </div>  <div>&#160;</div>  <div>Denne utgåva er eit samarbeid </div>  <div>mellom NLB (Norsk lyd- og blindeskriftbibliotek) </div>  <div>og TPB. </div>  <div>&#160;</div>  <div>  <div>Boka er kun tilgjengeleg for utlån </div>  <div>for dei med lånerett frå NLB </div>  <div>(Norsk lyd- og blindeskriftbibliotek). </div></div>  <div>&#160;</div></div>  ]]></wp:meta_value>
            </wp:postmeta>
            <wp:postmeta>
                <wp:meta_key>_lsb_review</wp:meta_key>
                <wp:meta_value><![CDATA[lsb_acf_review]]></wp:meta_value>
            </wp:postmeta>
            <wp:postmeta>
                <wp:meta_key>lsb_quote</wp:meta_key>
                <wp:meta_value><![CDATA[Haren tok ei stor bok ned frå  bokhylla si og bladde i den.   "Aha!" sa han.   "Høyr her: Hjartebank...  skiftevis varm og kald...  det tyder på at du er forelska!"  "Forelska?" sa frosken overraska.   "Jippi! Eg er forelska!"  Han vart så glad at han   gjorde eit kjempehopp  ut av døra og rett til vêrs. ]]></wp:meta_value>
            </wp:postmeta>
            <wp:postmeta>
                <wp:meta_key>_lsb_quote</wp:meta_key>
                <wp:meta_value><![CDATA[lsb_acf_quote]]></wp:meta_value>
            </wp:postmeta>
            <wp:postmeta>
                <wp:meta_key>lsb_supported</wp:meta_key>
                <wp:meta_value><![CDATA[0]]></wp:meta_value>
            </wp:postmeta>
            <wp:postmeta>
                <wp:meta_key>_lsb_supported</wp:meta_key>
                <wp:meta_value><![CDATA[lsb_acf_supported]]></wp:meta_value>
            </wp:postmeta>
            <category domain="lsb_tax_author" nicename="max-velthuijs"><![CDATA[Max Velthuijs]]></category>
            <category domain="lsb_tax_publisher" nicename="nlb/samlaget"><![CDATA[NLB/Samlaget]]></category>
            <category domain="lsb_tax_illustrator" nicename="maria-beskow-(relieffbilder)"><![CDATA[Maria Beskow (relieffbilder)]]></category>
            <wp:postmeta>
                <wp:meta_key>lsb_look_inside</wp:meta_key>
                <wp:meta_value><![CDATA[CUSTOM_BLA_I_BOKA]]></wp:meta_value>
            </wp:postmeta>
            <wp:postmeta>
                <wp:meta_key>_lsb_look_inside</wp:meta_key>
                <wp:meta_value><![CDATA[lsb_acf_look_inside]]></wp:meta_value>
            </wp:postmeta>
            <category domain="lsb_tax_age" nicename="barn"><![CDATA[barn]]></category>
            <category domain="lsb_tax_genre" nicename="prosa"><![CDATA[prosa]]></category>
            <category domain="lsb_tax_topic" nicename="eventyr"><![CDATA[eventyr]]></category>
            <category domain="lsb_tax_language" nicename="no_nn"><![CDATA[nynorsk]]></category>
            <category domain="lsb_tax_customization" nicename="punktskrift"><![CDATA[punktskrift]]></category>
            <category domain="lsb_tax_customization" nicename="følebilder"><![CDATA[følebilder]]></category>
            <category domain="lsb_tax_customization" nicename="mange-bilder"><![CDATA[mange bilder]]></category>
            <wp:postmeta>
                <wp:meta_key>_thumbnail_id</wp:meta_key>
                <wp:meta_value><![CDATA[5436]]></wp:meta_value>
            </wp:postmeta>
        </item>
        <item>
            <title>den forelska frosken.jpg</title>
            <wp:post_id>5436</wp:post_id>
            <wp:status>inherit</wp:status>
            <wp:post_type>attachment</wp:post_type>
            <wp:attachment_url>https://raw.githubusercontent.com/lesersokerbok/boksok.no-data-utils/master/output-example/images/6B7B7721B4324C84BCAC81AD4DE472C9.jpg</wp:attachment_url>
        </item>
        <item>
            <wp:post_type>lsb_book</wp:post_type>
            <wp:status>publish</wp:status>
            <title>HÆ?</title>
            <excerpt:encoded><![CDATA[EKSTRABOK i Leseklubben høsten 2013:     Morsom gjettebok med bilder av kikkehull   der man ser utsnitt av forskjellige gjenstander.   Gjett hva som skjuler seg bak! ]]></excerpt:encoded>
            <wp:postmeta>
                <wp:meta_key>lsb_isbn</wp:meta_key>
                <wp:meta_value><![CDATA[9788202334109]]></wp:meta_value>
            </wp:postmeta>
            <wp:postmeta>
                <wp:meta_key>_lsb_isbn</wp:meta_key>
                <wp:meta_value><![CDATA[lsb_acf_isbn]]></wp:meta_value>
            </wp:postmeta>
            <wp:postmeta>
                <wp:meta_key>lsb_published_year</wp:meta_key>
                <wp:meta_value><![CDATA[2010]]></wp:meta_value>
            </wp:postmeta>
            <wp:postmeta>
                <wp:meta_key>_lsb_published_year</wp:meta_key>
                <wp:meta_value><![CDATA[lsb_acf_published_year]]></wp:meta_value>
            </wp:postmeta>
            <wp:postmeta>
                <wp:meta_key>lsb_pages</wp:meta_key>
                <wp:meta_value><![CDATA[upag.]]></wp:meta_value>
            </wp:postmeta>
            <wp:postmeta>
                <wp:meta_key>_lsb_pages</wp:meta_key>
                <wp:meta_value><![CDATA[lsb_acf_pages]]></wp:meta_value>
            </wp:postmeta>
            <wp:postmeta>
                <wp:meta_key>lsb_review</wp:meta_key>
                <wp:meta_value><![CDATA[  <div>Bli med Kjell og Ingrid på jakt etter hull!</div>  <div>Hva skjuler seg bak hullene i gjerdet, </div>  <div>eller bak hullene i stikkontakten? </div>  <div>Klarer du å gjette hva som er ned i sluket, </div>  <div>i vaskemaskinen eller hva som er bak nøkkelhullene? </div>  <div>&#160;</div>  <div>Er det en hamster som har bursdag, </div>  <div>en gris som hviler, </div>  <div>en pinne som skal i seng, </div>  <div>eller kanskje en fornøyd pizza? </div>  <div>&#160;</div>  <div>Gjett svaret og se løsningen på neste side. </div>  <div>Se om det var det du trodde det var, </div>  <div>eller kanskje det var noe helt annet? </div>  <div>I tillegg til svarene er det morsomme kommentarer til bildene. </div>  <div>&#160;</div>  <div>Hovedmålgruppen er unge og voksne med utviklingshemming</div>  <div>som kan lese boka sammen i små grupper. </div>  <div>Forfatteren Anna Fiske har lang erfaring med formidling </div>  <div>til mennesker med kognitive vansker. </div>  <div>Særlig er <strong>Følelsesbiblioteket</strong> </div>  <div>populær blant disse leserne.   </div>  ]]></wp:meta_value>
            </wp:postmeta>
            <wp:postmeta>
                <wp:meta_key>_lsb_review</wp:meta_key>
                <wp:meta_value><![CDATA[lsb_acf_review]]></wp:meta_value>
            </wp:postmeta>
            <wp:postmeta>
                <wp:meta_key>lsb_quote</wp:meta_key>
                <wp:meta_value/>
            </wp:postmeta>
            <wp:postmeta>
                <wp:meta_key>_lsb_quote</wp:meta_key>
                <wp:meta_value><![CDATA[lsb_acf_quote]]></wp:meta_value>
            </wp:postmeta>
            <wp:postmeta>
                <wp:meta_key>lsb_supported</wp:meta_key>
                <wp:meta_value><![CDATA[1]]></wp:meta_value>
            </wp:postmeta>
            <wp:postmeta>
                <wp:meta_key>_lsb_supported</wp:meta_key>
                <wp:meta_value><![CDATA[lsb_acf_supported]]></wp:meta_value>
            </wp:postmeta>
            <wp:postmeta>
                <wp:meta_key>lsb_support_cat</wp:meta_key>
                <wp:meta_value><![CDATA[green]]></wp:meta_value>
            </wp:postmeta>
            <wp:postmeta>
                <wp:meta_key>_lsb_support_cat</wp:meta_key>
                <wp:meta_value><![CDATA[lsb_acf_support_cat]]></wp:meta_value>
            </wp:postmeta>
            <category domain="lsb_tax_author" nicename="anna-fiske"><![CDATA[Anna Fiske]]></category>
            <category domain="lsb_tax_publisher" nicename="cappelen-damm"><![CDATA[Cappelen Damm]]></category>
            <category domain="lsb_tax_illustrator" nicename="anna-fiske"><![CDATA[Anna Fiske]]></category>
            <wp:postmeta>
                <wp:meta_key>lsb_look_inside</wp:meta_key>
                <wp:meta_value><![CDATA[CUSTOM_BLA_I_BOKA]]></wp:meta_value>
            </wp:postmeta>
            <wp:postmeta>
                <wp:meta_key>_lsb_look_inside</wp:meta_key>
                <wp:meta_value><![CDATA[lsb_acf_look_inside]]></wp:meta_value>
            </wp:postmeta>
            <category domain="lsb_tax_age" nicename="ungdom"><![CDATA[ungdom]]></category>
            <category domain="lsb_tax_age" nicename="voksne"><![CDATA[voksne]]></category>
            <category domain="lsb_tax_topic" nicename="annet"><![CDATA[annet]]></category>
            <category domain="lsb_tax_language" nicename="no_nb"><![CDATA[bokmål]]></category>
            <category domain="lsb_tax_customization" nicename="utviklingshemmede"><![CDATA[utviklingshemmede]]></category>
            <category domain="lsb_tax_customization" nicename="mange-bilder"><![CDATA[mange bilder]]></category>
            <wp:postmeta>
                <wp:meta_key>_thumbnail_id</wp:meta_key>
                <wp:meta_value><![CDATA[5437]]></wp:meta_value>
            </wp:postmeta>
        </item>
        <item>
            <title>Hæ.jpg</title>
            <wp:post_id>5437</wp:post_id>
            <wp:status>inherit</wp:status>
            <wp:post_type>attachment</wp:post_type>
            <wp:attachment_url>https://raw.githubusercontent.com/lesersokerbok/boksok.no-data-utils/master/output-example/images/61BF275997E6455182CFAEBAF906971D.jpg</wp:attachment_url>
        </item>
        <item>
            <wp:post_type>lsb_book</wp:post_type>
            <wp:status>publish</wp:status>
            <title>Svart fugl</title>
            <excerpt:encoded><![CDATA[Søstera til Eli Holm er forsvunne.   Eli nektar å tru at ho berre har gått frivillig.   Noko må ha skjedd. ]]></excerpt:encoded>
            <wp:postmeta>
                <wp:meta_key>lsb_isbn</wp:meta_key>
                <wp:meta_value><![CDATA[9788280980243]]></wp:meta_value>
            </wp:postmeta>
            <wp:postmeta>
                <wp:meta_key>_lsb_isbn</wp:meta_key>
                <wp:meta_value><![CDATA[lsb_acf_isbn]]></wp:meta_value>
            </wp:postmeta>
            <wp:postmeta>
                <wp:meta_key>lsb_published_year</wp:meta_key>
                <wp:meta_value><![CDATA[2010]]></wp:meta_value>
            </wp:postmeta>
            <wp:postmeta>
                <wp:meta_key>_lsb_published_year</wp:meta_key>
                <wp:meta_value><![CDATA[lsb_acf_published_year]]></wp:meta_value>
            </wp:postmeta>
            <wp:postmeta>
                <wp:meta_key>lsb_pages</wp:meta_key>
                <wp:meta_value><![CDATA[71]]></wp:meta_value>
            </wp:postmeta>
            <wp:postmeta>
                <wp:meta_key>_lsb_pages</wp:meta_key>
                <wp:meta_value><![CDATA[lsb_acf_pages]]></wp:meta_value>
            </wp:postmeta>
            <wp:postmeta>
                <wp:meta_key>lsb_review</wp:meta_key>
                <wp:meta_value><![CDATA[  <div>Eli dreg til Vestlandet for å prøve å finne ut </div>  <div>kva som har hendt med Ruth. </div>  <div>Søstera høyrer til i eit lukka samfunn</div>  <div>der tausheten rår. </div>  <div>&#160;</div>  <div>Ruth er sterkt religiøs</div>  <div>og er aktiv i kyrkja med søndagsskule og barnekor. </div>  <div>Ho er ikke typen til berre å gå. </div>  <div>Og kva er det med Guro, </div>  <div>dottera til Ruth? </div>  <div>Kva handlar tenåringsopprøret hennar </div>  <div>eigentleg om? </div>  <div>&#160;</div>  <div>Eli avdekker at familien til Ruth </div>  <div>og bygdesamfunnet har mange løyndommar. </div>  <div>&#160;</div>  <div><strong>Svart fugl</strong> er ei urovekkjande historie med enkel tekst. </div>  <div>Bente Bratlund har utgitt til saman 49 bøker </div>  <div>i ulike sjangrar.  </div>  <div>&#160;</div>  <div>&#160;</div>  ]]></wp:meta_value>
            </wp:postmeta>
            <wp:postmeta>
                <wp:meta_key>_lsb_review</wp:meta_key>
                <wp:meta_value><![CDATA[lsb_acf_review]]></wp:meta_value>
            </wp:postmeta>
            <wp:postmeta>
                <wp:meta_key>lsb_quote</wp:meta_key>
                <wp:meta_value><![CDATA[Ein politibetjent kjem innom dagen etter.   Han er venn av familien.   Også han høyrer til kyrkjelyden.   Eli Holm får ei kjensle av at alle i denne bygda er   knytte til denne uløyselege brorskapen.   Politimannen, ein tettbygd, alvorleg mann,   seier at det ikkje er så mykje dei kan gjera.   Etterlysing er send ut.   Dei skal ha ny søking om ettermiddagen.   Men sidan ingen veit kor dei skal leita,   blir det ei søking i blinde.     Eli Holm lyttar og har same mistru til denne  mannen som til alle andre.   Dei som helst synest å vilja leggja alt i Guds hender,   i staden for sjølve å bretta opp ermane og gjera noko. ]]></wp:meta_value>
            </wp:postmeta>
            <wp:postmeta>
                <wp:meta_key>_lsb_quote</wp:meta_key>
                <wp:meta_value><![CDATA[lsb_acf_quote]]></wp:meta_value>
            </wp:postmeta>
            <wp:postmeta>
                <wp:meta_key>lsb_supported</wp:meta_key>
                <wp:meta_value><![CDATA[1]]></wp:meta_value>
            </wp:postmeta>
            <wp:postmeta>
                <wp:meta_key>_lsb_supported</wp:meta_key>
                <wp:meta_value><![CDATA[lsb_acf_supported]]></wp:meta_value>
            </wp:postmeta>
            <wp:postmeta>
                <wp:meta_key>lsb_support_cat</wp:meta_key>
                <wp:meta_value><![CDATA[purple]]></wp:meta_value>
            </wp:postmeta>
            <wp:postmeta>
                <wp:meta_key>_lsb_support_cat</wp:meta_key>
                <wp:meta_value><![CDATA[lsb_acf_support_cat]]></wp:meta_value>
            </wp:postmeta>
            <category domain="lsb_tax_author" nicename="bente-bratlund"><![CDATA[Bente Bratlund]]></category>
            <category domain="lsb_tax_publisher" nicename="lettlest"><![CDATA[Lettlest]]></category>
            <wp:postmeta>
                <wp:meta_key>lsb_look_inside</wp:meta_key>
                <wp:meta_value><![CDATA[CUSTOM_BLA_I_BOKA]]></wp:meta_value>
            </wp:postmeta>
            <wp:postmeta>
                <wp:meta_key>_lsb_look_inside</wp:meta_key>
                <wp:meta_value><![CDATA[lsb_acf_look_inside]]></wp:meta_value>
            </wp:postmeta>
            <category domain="lsb_tax_age" nicename="voksne"><![CDATA[voksne]]></category>
            <category domain="lsb_tax_genre" nicename="prosa"><![CDATA[prosa]]></category>
            <category domain="lsb_tax_topic" nicename="krim"><![CDATA[krim]]></category>
            <category domain="lsb_tax_topic" nicename="spenning"><![CDATA[spenning]]></category>
            <category domain="lsb_tax_language" nicename="no_nn"><![CDATA[nynorsk]]></category>
            <category domain="lsb_tax_customization" nicename="skjønnlitteratur"><![CDATA[skjønnlitteratur]]></category>
            <wp:postmeta>
                <wp:meta_key>_thumbnail_id</wp:meta_key>
                <wp:meta_value><![CDATA[5438]]></wp:meta_value>
            </wp:postmeta>
        </item>
        <item>
            <title>svart fugl.jpg</title>
            <wp:post_id>5438</wp:post_id>
            <wp:status>inherit</wp:status>
            <wp:post_type>attachment</wp:post_type>
            <wp:attachment_url>https://raw.githubusercontent.com/lesersokerbok/boksok.no-data-utils/master/output-example/images/1D75E7A7996440739FD7FB78900990AC.jpg</wp:attachment_url>
        </item>
        <item>
            <wp:post_type>lsb_book</wp:post_type>
            <wp:status>publish</wp:status>
            <title>Dagene styrter avsted som ville hester over alle hauger</title>
            <excerpt:encoded><![CDATA[Diktene til Charles Bukowski   er ofte ubehagelige og vulgære.   Men det finnes også gløtt av både humor   og varme i all elendigheten. ]]></excerpt:encoded>
            <wp:postmeta>
                <wp:meta_key>lsb_isbn</wp:meta_key>
                <wp:meta_value><![CDATA[8205124361]]></wp:meta_value>
            </wp:postmeta>
            <wp:postmeta>
                <wp:meta_key>_lsb_isbn</wp:meta_key>
                <wp:meta_value><![CDATA[lsb_acf_isbn]]></wp:meta_value>
            </wp:postmeta>
            <wp:postmeta>
                <wp:meta_key>lsb_published_year</wp:meta_key>
                <wp:meta_value><![CDATA[1980]]></wp:meta_value>
            </wp:postmeta>
            <wp:postmeta>
                <wp:meta_key>_lsb_published_year</wp:meta_key>
                <wp:meta_value><![CDATA[lsb_acf_published_year]]></wp:meta_value>
            </wp:postmeta>
            <wp:postmeta>
                <wp:meta_key>lsb_pages</wp:meta_key>
                <wp:meta_value><![CDATA[103]]></wp:meta_value>
            </wp:postmeta>
            <wp:postmeta>
                <wp:meta_key>_lsb_pages</wp:meta_key>
                <wp:meta_value><![CDATA[lsb_acf_pages]]></wp:meta_value>
            </wp:postmeta>
            <wp:postmeta>
                <wp:meta_key>lsb_review</wp:meta_key>
                <wp:meta_value><![CDATA[  <div>Mange leser Bukowski som et uttrykk for mannlig sjåvinisme</div>  <div>og en destruktiv innstilling til livet. </div>  <div>Oversetteren av denne diktsamlingen, </div>  <div>Olav Angell, forsvarer Bukowskis særegne kraftfulle diktning</div>  <div>og mener å kunne spore en dikter </div>  <div>som forsøker å uttrykke fortvilelse og aggresjon </div>  <div>som et rop om hjelp. </div>  <div>Og midt i alt dette kan diktene også leses </div>  <div>som et ønske om å oppleve kjærlighet og nærhet - </div>  <div>men også kameratskap.  </div>  <div>&#160;</div>  <div>Charles Bukowski (1920-1994) ble født i Køln, </div>  <div>men utvandret til USA og til Los Angeles da han var tre år. </div>  <div>I løpet av et langt liv med mye fyll og rot</div>  <div>produserte han en lang rekke romaner, noveller og dikt. </div>  <div>Jean-Paul Sartre og Jean Genet kalte ham for </div>  <div>"Amerikas største dikter". </div>  <div>&#160;</div>  <div>Bukowski har et klart, direkte språk, som er lett å lese. </div>  <div>Mange av diktene i samlingen<strong>&#160;</strong></div>  <div><strong>Dagene styrter avsted som ville hester over alle hauger</strong></div>  <div>er små prosastykker.  </div>  <div>Denne utgaven er gitt ut i serien <strong>Gyldendals serie for gjendiktninger</strong>. </div>  ]]></wp:meta_value>
            </wp:postmeta>
            <wp:postmeta>
                <wp:meta_key>_lsb_review</wp:meta_key>
                <wp:meta_value><![CDATA[lsb_acf_review]]></wp:meta_value>
            </wp:postmeta>
            <wp:postmeta>
                <wp:meta_key>lsb_quote</wp:meta_key>
                <wp:meta_value><![CDATA[Neste dag snakka jeg til henne på veddeløps-  banen, og jeg vant 112 daler utenom tips og inngangs-  penger, og jeg kikka hele tiden bakover da jeg kjørte  hjem igjen, feite tider, men så lo jeg, drit og dra,   de visste at det bare var småpoteter jeg hadde tatt inn,   jeg kunne føle meg trygg, jeg skulle ha meldt fra til   purken, men når en mann først er død er det lite purken  kan gjøre for å vekke ham til live igjen.     (fra "en natt med Mozart")]]></wp:meta_value>
            </wp:postmeta>
            <wp:postmeta>
                <wp:meta_key>_lsb_quote</wp:meta_key>
                <wp:meta_value><![CDATA[lsb_acf_quote]]></wp:meta_value>
            </wp:postmeta>
            <wp:postmeta>
                <wp:meta_key>lsb_supported</wp:meta_key>
                <wp:meta_value><![CDATA[0]]></wp:meta_value>
            </wp:postmeta>
            <wp:postmeta>
                <wp:meta_key>_lsb_supported</wp:meta_key>
                <wp:meta_value><![CDATA[lsb_acf_supported]]></wp:meta_value>
            </wp:postmeta>
            <category domain="lsb_tax_author" nicename="charles-bukowski"><![CDATA[Charles Bukowski]]></category>
            <category domain="lsb_tax_publisher" nicename="gyldendal-"><![CDATA[Gyldendal ]]></category>
            <category domain="lsb_tax_translator" nicename="olav-angell-(gjendiktning)"><![CDATA[Olav Angell (gjendiktning)]]></category>
            <wp:postmeta>
                <wp:meta_key>lsb_look_inside</wp:meta_key>
                <wp:meta_value><![CDATA[CUSTOM_BLA_I_BOKA]]></wp:meta_value>
            </wp:postmeta>
            <wp:postmeta>
                <wp:meta_key>_lsb_look_inside</wp:meta_key>
                <wp:meta_value><![CDATA[lsb_acf_look_inside]]></wp:meta_value>
            </wp:postmeta>
            <category domain="lsb_tax_age" nicename="voksne"><![CDATA[voksne]]></category>
            <category domain="lsb_tax_genre" nicename="dikt"><![CDATA[dikt]]></category>
            <category domain="lsb_tax_topic" nicename="mennesker-i-mellom"><![CDATA[mennesker i mellom]]></category>
            <category domain="lsb_tax_language" nicename="no_nb"><![CDATA[bokmål]]></category>
            <category domain="lsb_tax_customization" nicename="skjønnlitteratur"><![CDATA[skjønnlitteratur]]></category>
            <wp:postmeta>
                <wp:meta_key>_thumbnail_id</wp:meta_key>
                <wp:meta_value><![CDATA[5439]]></wp:meta_value>
            </wp:postmeta>
        </item>
        <item>
            <title>og dagene styrter.jpg</title>
            <wp:post_id>5439</wp:post_id>
            <wp:status>inherit</wp:status>
            <wp:post_type>attachment</wp:post_type>
            <wp:attachment_url>https://raw.githubusercontent.com/lesersokerbok/boksok.no-data-utils/master/output-example/images/0694ACC4F407467CB07A289059FABFEF.jpg</wp:attachment_url>
        </item>
        <item>
            <wp:post_type>lsb_book</wp:post_type>
            <wp:status>publish</wp:status>
            <title>Overleve. En beretning fra Kambodsjas mørke år</title>
            <excerpt:encoded><![CDATA[Sivun Pens gripende fortelling om  hvordan han overlevde Røde Khmers   terrorregime.  ]]></excerpt:encoded>
            <wp:postmeta>
                <wp:meta_key>lsb_isbn</wp:meta_key>
                <wp:meta_value><![CDATA[9788202319052]]></wp:meta_value>
            </wp:postmeta>
            <wp:postmeta>
                <wp:meta_key>_lsb_isbn</wp:meta_key>
                <wp:meta_value><![CDATA[lsb_acf_isbn]]></wp:meta_value>
            </wp:postmeta>
            <wp:postmeta>
                <wp:meta_key>lsb_published_year</wp:meta_key>
                <wp:meta_value><![CDATA[2010]]></wp:meta_value>
            </wp:postmeta>
            <wp:postmeta>
                <wp:meta_key>_lsb_published_year</wp:meta_key>
                <wp:meta_value><![CDATA[lsb_acf_published_year]]></wp:meta_value>
            </wp:postmeta>
            <wp:postmeta>
                <wp:meta_key>lsb_pages</wp:meta_key>
                <wp:meta_value><![CDATA[266]]></wp:meta_value>
            </wp:postmeta>
            <wp:postmeta>
                <wp:meta_key>_lsb_pages</wp:meta_key>
                <wp:meta_value><![CDATA[lsb_acf_pages]]></wp:meta_value>
            </wp:postmeta>
            <wp:postmeta>
                <wp:meta_key>lsb_review</wp:meta_key>
                <wp:meta_value><![CDATA[  <div>Sivun Pen var 23 år gammel </div>  <div>da Røde Khmer inntok hovedstaden </div>  <div>Phnom Penh i 1975. </div>  <div>&#160;</div>  <div>På utrolig vis, gjennom kunnskap</div>  <div>og vennskap, overlevde han </div>  <div>både slavearbeid og flukt fra</div>  <div>de brutale opprørssoldatene. </div>  <div>&#160;</div>  <div>Sivun Pen bor i dag i Norge</div>  <div>sammen med sin familie. </div>  <div>Han har fortalt sin historie til Marit Bromark. </div>  <div>Hun er både journalist, </div>  <div>litteraturkritiker og oversetter.  </div>  <div>&#160;</div>  <div><strong>Overleve</strong> er skrevet i en muntlig, fortellende stil</div>  <div>med korte setninger. </div>  <div>Til tross for et komplekst innhold, er den lett å lese. </div>  <div>Boken har vært utprøvd på lesere med dysleksi. </div>  <div>De korte kapitlene har egne overskrifter </div>  <div>slik at det er lettere å følge handlingen.  </div>  <div>  <div>Det er likevel en lang bok, og sideoppsettet er tett. </div></div>  <div>&#160;</div>  ]]></wp:meta_value>
            </wp:postmeta>
            <wp:postmeta>
                <wp:meta_key>_lsb_review</wp:meta_key>
                <wp:meta_value><![CDATA[lsb_acf_review]]></wp:meta_value>
            </wp:postmeta>
            <wp:postmeta>
                <wp:meta_key>lsb_quote</wp:meta_key>
                <wp:meta_value><![CDATA[Hoveddøren gikk opp med et brak, og flere soldater kom løpende inn i lobbyen. De så ut som om de kom fra en annen verden. De hadde ikke sko på føttene, klærne deres var slitte og fillete. De hadde svarte bukser og skjorter, og en møkkete krama rundt halsen. De var tenåringer.   "Gå ut!" ropte en av dem. "Dere har jobbet for amerikanerne, dere er ingenting annet enn svikefulle, amerikanske marionetter. Forlat kontoret med en gang! Ikke ta med dere noe, ikke si noe, bare gå ut!"  Ingen av oss våget protestere. Vi gikk lydig ut på gaten mens maskingeværene pekte på oss. Noen fikk beskjed om å gå vestover, noen fikk beskjed om å gå mot øst. ]]></wp:meta_value>
            </wp:postmeta>
            <wp:postmeta>
                <wp:meta_key>_lsb_quote</wp:meta_key>
                <wp:meta_value><![CDATA[lsb_acf_quote]]></wp:meta_value>
            </wp:postmeta>
            <wp:postmeta>
                <wp:meta_key>lsb_supported</wp:meta_key>
                <wp:meta_value><![CDATA[0]]></wp:meta_value>
            </wp:postmeta>
            <wp:postmeta>
                <wp:meta_key>_lsb_supported</wp:meta_key>
                <wp:meta_value><![CDATA[lsb_acf_supported]]></wp:meta_value>
            </wp:postmeta>
            <category domain="lsb_tax_author" nicename="marit-o.-bromark-og-sivun-pen"><![CDATA[Marit O. Bromark og Sivun Pen]]></category>
            <category domain="lsb_tax_publisher" nicename="cappelendamm"><![CDATA[CappelenDamm]]></category>
            <wp:postmeta>
                <wp:meta_key>lsb_look_inside</wp:meta_key>
                <wp:meta_value><![CDATA[CUSTOM_BLA_I_BOKA]]></wp:meta_value>
            </wp:postmeta>
            <wp:postmeta>
                <wp:meta_key>_lsb_look_inside</wp:meta_key>
                <wp:meta_value><![CDATA[lsb_acf_look_inside]]></wp:meta_value>
            </wp:postmeta>
            <category domain="lsb_tax_age" nicename="voksne"><![CDATA[voksne]]></category>
            <category domain="lsb_tax_topic" nicename="historie"><![CDATA[historie]]></category>
            <category domain="lsb_tax_topic" nicename="samfunn"><![CDATA[samfunn]]></category>
            <category domain="lsb_tax_language" nicename="no_nb"><![CDATA[bokmål]]></category>
            <category domain="lsb_tax_customization" nicename="faglitteratur"><![CDATA[faglitteratur]]></category>
            <wp:postmeta>
                <wp:meta_key>_thumbnail_id</wp:meta_key>
                <wp:meta_value><![CDATA[5440]]></wp:meta_value>
            </wp:postmeta>
        </item>
        <item>
            <title>Overleve.jpg</title>
            <wp:post_id>5440</wp:post_id>
            <wp:status>inherit</wp:status>
            <wp:post_type>attachment</wp:post_type>
            <wp:attachment_url>https://raw.githubusercontent.com/lesersokerbok/boksok.no-data-utils/master/output-example/images/90E0090B5CD148F2B4AEBA49AC79F590.jpg</wp:attachment_url>
        </item>
        <item>
            <wp:post_type>lsb_book</wp:post_type>
            <wp:status>publish</wp:status>
            <title>Den virvlende hijab</title>
            <excerpt:encoded><![CDATA[Tospråklig billedbok om en liten jente   som leker med morens hijab.]]></excerpt:encoded>
            <wp:postmeta>
                <wp:meta_key>lsb_isbn</wp:meta_key>
                <wp:meta_value><![CDATA[8292664157 (norsk/urdu)]]></wp:meta_value>
            </wp:postmeta>
            <wp:postmeta>
                <wp:meta_key>_lsb_isbn</wp:meta_key>
                <wp:meta_value><![CDATA[lsb_acf_isbn]]></wp:meta_value>
            </wp:postmeta>
            <wp:postmeta>
                <wp:meta_key>lsb_published_year</wp:meta_key>
                <wp:meta_value><![CDATA[2005]]></wp:meta_value>
            </wp:postmeta>
            <wp:postmeta>
                <wp:meta_key>_lsb_published_year</wp:meta_key>
                <wp:meta_value><![CDATA[lsb_acf_published_year]]></wp:meta_value>
            </wp:postmeta>
            <wp:postmeta>
                <wp:meta_key>lsb_pages</wp:meta_key>
                <wp:meta_value><![CDATA[upag. ]]></wp:meta_value>
            </wp:postmeta>
            <wp:postmeta>
                <wp:meta_key>_lsb_pages</wp:meta_key>
                <wp:meta_value><![CDATA[lsb_acf_pages]]></wp:meta_value>
            </wp:postmeta>
            <wp:postmeta>
                <wp:meta_key>lsb_review</wp:meta_key>
                <wp:meta_value><![CDATA[  <div>Bli med jenta inn i en spennende fantasiverden. </div>  <div>Med hijaben blir hun en modig krigerdronning, </div>  <div>en eventyrlysten nomade i ørkenen og en vakker brud.</div>  <div>&#160;</div>  <div>Boka har enkel tekst </div>  <div>og en stor lesbar font.  </div>  <div><strong>&#160;</strong></div>  <div><strong>Den virvlende hijab</strong> er et samarbeid </div>  <div>mellom det flerspråklige bibliotek (DFB) </div>  <div>og det engelske forlaget Mantra Lingua. </div>  <div>Den kan brukes i norskopplæring, for å trene morsmål </div>  <div>og som lesestimulering for både små og store.</div>  <div>Boka kan fås i fem forskjellige tospråklige utgaver</div>  <div>med norsk tekst sammen med arabisk, kurdisk, persisk, somali og urdu. </div>  <div>&#160;</div>  <div>  <div>I Boksøk har vi valgt ut de enkleste bøkene i denne serien.</div></div>  <div>Flere bøker i serien finner du hos DFB. </div>  <div>For utlån eller kjøp av bøkene, se lenkene til høyre.     </div>  ]]></wp:meta_value>
            </wp:postmeta>
            <wp:postmeta>
                <wp:meta_key>_lsb_review</wp:meta_key>
                <wp:meta_value><![CDATA[lsb_acf_review]]></wp:meta_value>
            </wp:postmeta>
            <wp:postmeta>
                <wp:meta_key>lsb_quote</wp:meta_key>
                <wp:meta_value><![CDATA[Mammas hijab er sort   og myk og stor,   en festning som jeg kan gjemme meg i!    Et skipsseil som blafrer i luften,   et koseteppe når hun ikke er der.   ]]></wp:meta_value>
            </wp:postmeta>
            <wp:postmeta>
                <wp:meta_key>_lsb_quote</wp:meta_key>
                <wp:meta_value><![CDATA[lsb_acf_quote]]></wp:meta_value>
            </wp:postmeta>
            <wp:postmeta>
                <wp:meta_key>lsb_supported</wp:meta_key>
                <wp:meta_value><![CDATA[0]]></wp:meta_value>
            </wp:postmeta>
            <wp:postmeta>
                <wp:meta_key>_lsb_supported</wp:meta_key>
                <wp:meta_value><![CDATA[lsb_acf_supported]]></wp:meta_value>
            </wp:postmeta>
            <category domain="lsb_tax_author" nicename="na&apos;ima-bint-robert"><![CDATA[Na'ima bint Robert]]></category>
            <category domain="lsb_tax_publisher" nicename="mantra-lingua/deichmanske-bibliotek"><![CDATA[Mantra Lingua/Deichmanske bibliotek]]></category>
            <category domain="lsb_tax_illustrator" nicename="nilesh-mistry"><![CDATA[Nilesh Mistry]]></category>
            <category domain="lsb_tax_translator" nicename="camilla-christensen-og-nina-stenbro-(norsk)-qamar-zamai-(urdu)"><![CDATA[Camilla Christensen og Nina Stenbro (norsk) Qamar Zamai (urdu)]]></category>
            <wp:postmeta>
                <wp:meta_key>lsb_look_inside</wp:meta_key>
                <wp:meta_value><![CDATA[CUSTOM_BLA_I_BOKA]]></wp:meta_value>
            </wp:postmeta>
            <wp:postmeta>
                <wp:meta_key>_lsb_look_inside</wp:meta_key>
                <wp:meta_value><![CDATA[lsb_acf_look_inside]]></wp:meta_value>
            </wp:postmeta>
            <category domain="lsb_tax_age" nicename="voksne"><![CDATA[voksne]]></category>
            <category domain="lsb_tax_age" nicename="ungdom"><![CDATA[ungdom]]></category>
            <category domain="lsb_tax_age" nicename="barn"><![CDATA[barn]]></category>
            <category domain="lsb_tax_genre" nicename="prosa"><![CDATA[prosa]]></category>
            <category domain="lsb_tax_topic" nicename="eventyr"><![CDATA[eventyr]]></category>
            <category domain="lsb_tax_language" nicename="no_nb"><![CDATA[bokmål]]></category>
            <category domain="lsb_tax_customization" nicename="ny-i-norge"><![CDATA[ny i norge]]></category>
            <category domain="lsb_tax_customization" nicename="mange-bilder"><![CDATA[mange bilder]]></category>
            <wp:postmeta>
                <wp:meta_key>_thumbnail_id</wp:meta_key>
                <wp:meta_value><![CDATA[5441]]></wp:meta_value>
            </wp:postmeta>
        </item>
        <item>
            <title>den virvlende hijab.jpg</title>
            <wp:post_id>5441</wp:post_id>
            <wp:status>inherit</wp:status>
            <wp:post_type>attachment</wp:post_type>
            <wp:attachment_url>https://raw.githubusercontent.com/lesersokerbok/boksok.no-data-utils/master/output-example/images/6F89FA5D44534A96BF5BFB1DCB783557.jpg</wp:attachment_url>
        </item>
        <item>
            <wp:post_type>lsb_book</wp:post_type>
            <wp:status>publish</wp:status>
            <title>Beowulf</title>
            <excerpt:encoded><![CDATA[Tospråklig billedbok med den klassiske fortellingen om  Beowulfs kamp mot den fryktelige Grendel.  ]]></excerpt:encoded>
            <wp:postmeta>
                <wp:meta_key>lsb_isbn</wp:meta_key>
                <wp:meta_value><![CDATA[9781844445578 (arabisk/norsk)]]></wp:meta_value>
            </wp:postmeta>
            <wp:postmeta>
                <wp:meta_key>_lsb_isbn</wp:meta_key>
                <wp:meta_value><![CDATA[lsb_acf_isbn]]></wp:meta_value>
            </wp:postmeta>
            <wp:postmeta>
                <wp:meta_key>lsb_published_year</wp:meta_key>
                <wp:meta_value><![CDATA[2004]]></wp:meta_value>
            </wp:postmeta>
            <wp:postmeta>
                <wp:meta_key>_lsb_published_year</wp:meta_key>
                <wp:meta_value><![CDATA[lsb_acf_published_year]]></wp:meta_value>
            </wp:postmeta>
            <wp:postmeta>
                <wp:meta_key>lsb_pages</wp:meta_key>
                <wp:meta_value><![CDATA[upag. ]]></wp:meta_value>
            </wp:postmeta>
            <wp:postmeta>
                <wp:meta_key>_lsb_pages</wp:meta_key>
                <wp:meta_value><![CDATA[lsb_acf_pages]]></wp:meta_value>
            </wp:postmeta>
            <wp:postmeta>
                <wp:meta_key>lsb_review</wp:meta_key>
                <wp:meta_value><![CDATA[  <div>Grendel - en gang et menneske, </div>  <div>men nå en blodtørstig skapning</div>  <div>holder til i sumpene. </div>  <div>  <div>I tolv lange vintre herjer Grendel i kongeriket Danmark</div>  <div>og dreper alle han kommer over. </div>  <div>Tilslutt fikk Beowulf høre </div>  <div>om de onde gjerningene. </div>  <div>Beowulf er den mektigste krigeren blant gøterne. </div>  <div>Han tar opp kampen mot Grendel. </div>  <div>Men det skal vise seg at </div>  <div>en annen - og enda verre skapning </div>  <div>også må bekjempes.. </div>  <div>&#160;</div>  <div>  <div><strong>Beowulf</strong> er et samarbeid </div>  <div>mellom det flerspråklige bibliotek (DFB) </div>  <div>og det engelske forlaget Mantra Lingua. </div>  <div>Dette er en tilrettelagt utgave av </div>  <div>den klassiske anglosaksiske fortellingen. </div>  <div>Den kan brukes i norskopplæring, for å trene morsmål </div>  <div>og som lesestimulering for både små og store.</div>  <div>Boka kan fås i fem forskjellige tospråklige utgaver</div>  <div>med norsk tekst sammen med arabisk, kurdisk, persisk, somali og urdu. </div>  <div>&#160;</div>  <div>Beowulf har ganske enkel tekst, </div>  <div>men kontrasten til bakgrunnen er litt dårlig enkelte steder. </div>  <div>&#160;</div>  <div>  <div>I Boksøk har vi valgt ut de enkleste bøkene i denne serien.</div></div>  <div>Flere bøker i serien finner du hos DFB. </div>  <div>For utlån eller kjøp av bøkene, se lenkene til høyre.     </div></div>  <div>&#160;</div>  <div>&#160;</div></div>  <div>&#160;</div>  ]]></wp:meta_value>
            </wp:postmeta>
            <wp:postmeta>
                <wp:meta_key>_lsb_review</wp:meta_key>
                <wp:meta_value><![CDATA[lsb_acf_review]]></wp:meta_value>
            </wp:postmeta>
            <wp:postmeta>
                <wp:meta_key>lsb_quote</wp:meta_key>
                <wp:meta_value><![CDATA[I tolv lange vintre fortsatte Grendel å herje og drepe alle som kom nær Heorot. Mange modige klansmenn prøvde å kjempe mot Grendel, men rustningene deres var ubrukelige mot den onde skapningen. Historiene om de fryktelige ugjerningene til Grendel ble spredt vidt og bredt. Til slutt nådde de Beowulf, den mektigste og edleste kriger blant sitt folk. Han sverget på at han skulle drepe det onde monsteret. ]]></wp:meta_value>
            </wp:postmeta>
            <wp:postmeta>
                <wp:meta_key>_lsb_quote</wp:meta_key>
                <wp:meta_value><![CDATA[lsb_acf_quote]]></wp:meta_value>
            </wp:postmeta>
            <wp:postmeta>
                <wp:meta_key>lsb_supported</wp:meta_key>
                <wp:meta_value><![CDATA[0]]></wp:meta_value>
            </wp:postmeta>
            <wp:postmeta>
                <wp:meta_key>_lsb_supported</wp:meta_key>
                <wp:meta_value><![CDATA[lsb_acf_supported]]></wp:meta_value>
            </wp:postmeta>
            <category domain="lsb_tax_author" nicename="henriette-barkow-(tilrettelagt-utgave)"><![CDATA[Henriette Barkow (tilrettelagt utgave)]]></category>
            <category domain="lsb_tax_publisher" nicename="mantra-lingua/deichmanske-bibliotek--"><![CDATA[Mantra Lingua/Deichmanske bibliotek  ]]></category>
            <category domain="lsb_tax_illustrator" nicename="alan-brown"><![CDATA[Alan Brown]]></category>
            <category domain="lsb_tax_translator" nicename="dr-sajida-fawzi-(arabisk),-camilla-christensen-og-nina-stenbro-(norsk)-"><![CDATA[Dr Sajida Fawzi (arabisk), Camilla Christensen og Nina Stenbro (norsk) ]]></category>
            <wp:postmeta>
                <wp:meta_key>lsb_look_inside</wp:meta_key>
                <wp:meta_value><![CDATA[CUSTOM_BLA_I_BOKA]]></wp:meta_value>
            </wp:postmeta>
            <wp:postmeta>
                <wp:meta_key>_lsb_look_inside</wp:meta_key>
                <wp:meta_value><![CDATA[lsb_acf_look_inside]]></wp:meta_value>
            </wp:postmeta>
            <category domain="lsb_tax_age" nicename="ungdom"><![CDATA[ungdom]]></category>
            <category domain="lsb_tax_age" nicename="voksne"><![CDATA[voksne]]></category>
            <category domain="lsb_tax_genre" nicename="prosa"><![CDATA[prosa]]></category>
            <category domain="lsb_tax_topic" nicename="krim"><![CDATA[krim]]></category>
            <category domain="lsb_tax_topic" nicename="spenning"><![CDATA[spenning]]></category>
            <category domain="lsb_tax_topic" nicename="eventyr"><![CDATA[eventyr]]></category>
            <category domain="lsb_tax_language" nicename="no_nb"><![CDATA[bokmål]]></category>
            <category domain="lsb_tax_customization" nicename="ny-i-norge"><![CDATA[ny i norge]]></category>
            <category domain="lsb_tax_customization" nicename="mange-bilder"><![CDATA[mange bilder]]></category>
            <wp:postmeta>
                <wp:meta_key>_thumbnail_id</wp:meta_key>
                <wp:meta_value><![CDATA[5442]]></wp:meta_value>
            </wp:postmeta>
        </item>
        <item>
            <title>beowulf.jpg</title>
            <wp:post_id>5442</wp:post_id>
            <wp:status>inherit</wp:status>
            <wp:post_type>attachment</wp:post_type>
            <wp:attachment_url>https://raw.githubusercontent.com/lesersokerbok/boksok.no-data-utils/master/output-example/images/8D2A2F692A554B8D94F119D53889C2D9.jpg</wp:attachment_url>
        </item>
        <item>
            <wp:post_type>lsb_book</wp:post_type>
            <wp:status>publish</wp:status>
            <title>Fra barn til ungdom i bilder og ord</title>
            <excerpt:encoded><![CDATA[Hvordan er det å være i overgangsfasen fra barn til ungdom?   Elever i syvende klasse deler sine tanker og følelser   gjennom bilder og ord. ]]></excerpt:encoded>
            <wp:postmeta>
                <wp:meta_key>lsb_isbn</wp:meta_key>
                <wp:meta_value><![CDATA[9788299848404]]></wp:meta_value>
            </wp:postmeta>
            <wp:postmeta>
                <wp:meta_key>_lsb_isbn</wp:meta_key>
                <wp:meta_value><![CDATA[lsb_acf_isbn]]></wp:meta_value>
            </wp:postmeta>
            <wp:postmeta>
                <wp:meta_key>lsb_published_year</wp:meta_key>
                <wp:meta_value><![CDATA[2010]]></wp:meta_value>
            </wp:postmeta>
            <wp:postmeta>
                <wp:meta_key>_lsb_published_year</wp:meta_key>
                <wp:meta_value><![CDATA[lsb_acf_published_year]]></wp:meta_value>
            </wp:postmeta>
            <wp:postmeta>
                <wp:meta_key>lsb_pages</wp:meta_key>
                <wp:meta_value/>
            </wp:postmeta>
            <wp:postmeta>
                <wp:meta_key>_lsb_pages</wp:meta_key>
                <wp:meta_value><![CDATA[lsb_acf_pages]]></wp:meta_value>
            </wp:postmeta>
            <wp:postmeta>
                <wp:meta_key>lsb_review</wp:meta_key>
                <wp:meta_value><![CDATA[  <div>En samling med malerier og sitater </div>  <div>der over 80 elever formidler viktige temaer.   </div>  <div>Les blant annet om vennskap, mobbing, </div>  <div>forelskelse, tilhørighet, </div>  <div>kroppslige forandringer, rus, </div>  <div>og om fremtiden. </div>  <div>&#160;</div>  <div>Språket er enkelt, </div>  <div>og det er en stor, god font. </div>  <div>Det er store fargerike illustrasjoner</div>  <div>til hvert sitat. </div>  <div>Boken egner seg godt som </div>  <div>samtalebok mellom voksne og barn.  </div>  <div>Den vil også være nyttig for de som jobber med ungdom. </div>  <div>&#160;</div>  <div><strong>Fra barn til ungdom i bilder og ord</strong></div>  <div>er laget i samarbeid med Sentrum skole i Horten, </div>  <div>Horten bibliotek, organisasjonen "Voksne for Barn"</div>  <div>og "Verdensdagen for psykisk helse". </div>  <div>&#160;</div>  <div>Boken koster kr 199,- + frakt </div>  <div>og kan bestilles hos Linn Olafsen </div>  <div>på epost <a href="mailto:linn@trodukan.no">linn@trodukan.no</a> eller på telefon 90 64 21 14.  </div>  <div>&#160;</div>  <div>&#160;</div>  ]]></wp:meta_value>
            </wp:postmeta>
            <wp:postmeta>
                <wp:meta_key>_lsb_review</wp:meta_key>
                <wp:meta_value><![CDATA[lsb_acf_review]]></wp:meta_value>
            </wp:postmeta>
            <wp:postmeta>
                <wp:meta_key>lsb_quote</wp:meta_key>
                <wp:meta_value><![CDATA[Det er litt morsomt å bli stor.  Jeg tenker at det er spennende å bli en ungdom.   Det jeg liker er at man blir større.     Jeg krangler mye med mamma.   Grunnen er at det er så mange forandringer.   Jeg liker ikke forandringer. Det er skummelt. ]]></wp:meta_value>
            </wp:postmeta>
            <wp:postmeta>
                <wp:meta_key>_lsb_quote</wp:meta_key>
                <wp:meta_value><![CDATA[lsb_acf_quote]]></wp:meta_value>
            </wp:postmeta>
            <wp:postmeta>
                <wp:meta_key>lsb_supported</wp:meta_key>
                <wp:meta_value><![CDATA[0]]></wp:meta_value>
            </wp:postmeta>
            <wp:postmeta>
                <wp:meta_key>_lsb_supported</wp:meta_key>
                <wp:meta_value><![CDATA[lsb_acf_supported]]></wp:meta_value>
            </wp:postmeta>
            <category domain="lsb_tax_author" nicename="linn-olafsen-(prosjektansvarlig)"><![CDATA[Linn Olafsen (prosjektansvarlig)]]></category>
            <category domain="lsb_tax_publisher" nicename="tro-du-kan---linn-olafsen"><![CDATA[Tro du kan - Linn Olafsen]]></category>
            <wp:postmeta>
                <wp:meta_key>lsb_look_inside</wp:meta_key>
                <wp:meta_value><![CDATA[CUSTOM_BLA_I_BOKA]]></wp:meta_value>
            </wp:postmeta>
            <wp:postmeta>
                <wp:meta_key>_lsb_look_inside</wp:meta_key>
                <wp:meta_value><![CDATA[lsb_acf_look_inside]]></wp:meta_value>
            </wp:postmeta>
            <category domain="lsb_tax_age" nicename="voksne"><![CDATA[voksne]]></category>
            <category domain="lsb_tax_age" nicename="ungdom"><![CDATA[ungdom]]></category>
            <category domain="lsb_tax_age" nicename="barn"><![CDATA[barn]]></category>
            <category domain="lsb_tax_topic" nicename="mennesker-i-mellom"><![CDATA[mennesker i mellom]]></category>
            <category domain="lsb_tax_language" nicename="no_nb"><![CDATA[bokmål]]></category>
            <category domain="lsb_tax_customization" nicename="storskrift"><![CDATA[storskrift]]></category>
            <category domain="lsb_tax_customization" nicename="faglitteratur"><![CDATA[faglitteratur]]></category>
            <category domain="lsb_tax_customization" nicename="mange-bilder"><![CDATA[mange bilder]]></category>
            <wp:postmeta>
                <wp:meta_key>_thumbnail_id</wp:meta_key>
                <wp:meta_value><![CDATA[5443]]></wp:meta_value>
            </wp:postmeta>
        </item>
        <item>
            <title>fra barn til ungdom.jpg</title>
            <wp:post_id>5443</wp:post_id>
            <wp:status>inherit</wp:status>
            <wp:post_type>attachment</wp:post_type>
            <wp:attachment_url>https://raw.githubusercontent.com/lesersokerbok/boksok.no-data-utils/master/output-example/images/F6048E0042D3417D8373DE7DA7DDCA17.jpg</wp:attachment_url>
        </item>
        <item>
            <wp:post_type>lsb_book</wp:post_type>
            <wp:status>publish</wp:status>
            <title>Så godt! </title>
            <excerpt:encoded><![CDATA[Kokebok trinn for trinn.   Vanlige bøker er for vanskelige for mange lesere.   Dette er en praktisk og lettlest kokebok med enkle og sunne matretter.   ]]></excerpt:encoded>
            <wp:postmeta>
                <wp:meta_key>lsb_isbn</wp:meta_key>
                <wp:meta_value><![CDATA[9788215022734]]></wp:meta_value>
            </wp:postmeta>
            <wp:postmeta>
                <wp:meta_key>_lsb_isbn</wp:meta_key>
                <wp:meta_value><![CDATA[lsb_acf_isbn]]></wp:meta_value>
            </wp:postmeta>
            <wp:postmeta>
                <wp:meta_key>lsb_published_year</wp:meta_key>
                <wp:meta_value><![CDATA[2013]]></wp:meta_value>
            </wp:postmeta>
            <wp:postmeta>
                <wp:meta_key>_lsb_published_year</wp:meta_key>
                <wp:meta_value><![CDATA[lsb_acf_published_year]]></wp:meta_value>
            </wp:postmeta>
            <wp:postmeta>
                <wp:meta_key>lsb_pages</wp:meta_key>
                <wp:meta_value><![CDATA[207]]></wp:meta_value>
            </wp:postmeta>
            <wp:postmeta>
                <wp:meta_key>_lsb_pages</wp:meta_key>
                <wp:meta_value><![CDATA[lsb_acf_pages]]></wp:meta_value>
            </wp:postmeta>
            <wp:postmeta>
                <wp:meta_key>lsb_review</wp:meta_key>
                <wp:meta_value><![CDATA[  <div><strong>Så godt!</strong> inneholder sunne og enkle oppskrifter. </div>  <div>Oppskriftene blir presentert trinnvis </div>  <div>med tydelige bilder og enkle forklaringer. </div>  <div>Her kan du lett se hvordan du skal koke, </div>  <div>kutte og rense grønnsaker. &#160;</div>  <div>Boka er ryddig inndelt&#160;etter emne </div>  <div>- salater, supper, pasta, fisk, kjøtt, desserter og bakst. &#160;</div>  <div>  <div>Fine fargebilder viser hvilke ingredienser </div>  <div>du trenger på forhånd, slik at det&#160;blir lett </div>  <div>å finne produktene igjen når du er i butikken. </div>Tegnsymboler og&#160;uttrykk blir godt forklart innledningsvis. </div>  <div>&#160;</div>  <div>Dette er en flott kokebok som&#160;passer for alle, </div>  <div>også for de med kognitive vansker.</div>  <div>&#160;</div>  <div>Boka ble av Grafill kåret til </div>  <div>Årets beste tilrettelagte bok i 2011. </div>  <div>&#160;</div>  <div>&#160;</div>  ]]></wp:meta_value>
            </wp:postmeta>
            <wp:postmeta>
                <wp:meta_key>_lsb_review</wp:meta_key>
                <wp:meta_value><![CDATA[lsb_acf_review]]></wp:meta_value>
            </wp:postmeta>
            <wp:postmeta>
                <wp:meta_key>lsb_quote</wp:meta_key>
                <wp:meta_value><![CDATA[Hvordan koke poteter og gulrøtter?  Du trenger:   6 poteter  4 gulrøtter  1 ts salt  vann    Finn fram:  Kjele  Teskje  Gaffel    Beregn 2-3 poteter   per person.  Beregn 1-2 gulrøtter  per person.     Vi bruker seltin.   Du kan bruke et annet salt.     1. Vask poteter og gulrøtter. Del store poteter og gulrøtter.   2. Legg potetene i en kjele.   Hell over vann slik at det dekker potetene.   Ha i 1 ts salt. Kok opp. Kok på lav varme i 15 minutter.   3. Legg gulrøttene i kjelen.   Kok videre i 10 minutter.   Koketid kan variere. Kjenn med en gaffel   om potetene er myke tvers gjennom.   Hell av vannet. ]]></wp:meta_value>
            </wp:postmeta>
            <wp:postmeta>
                <wp:meta_key>_lsb_quote</wp:meta_key>
                <wp:meta_value><![CDATA[lsb_acf_quote]]></wp:meta_value>
            </wp:postmeta>
            <wp:postmeta>
                <wp:meta_key>lsb_supported</wp:meta_key>
                <wp:meta_value><![CDATA[0]]></wp:meta_value>
            </wp:postmeta>
            <wp:postmeta>
                <wp:meta_key>_lsb_supported</wp:meta_key>
                <wp:meta_value><![CDATA[lsb_acf_supported]]></wp:meta_value>
            </wp:postmeta>
            <category domain="lsb_tax_author" nicename="anne-gro-innstrand-og-sølvi-linde"><![CDATA[Anne Gro Innstrand og Sølvi Linde]]></category>
            <category domain="lsb_tax_publisher" nicename="universitetsforlaget"><![CDATA[Universitetsforlaget]]></category>
            <category domain="lsb_tax_illustrator" nicename="pål-hoff"><![CDATA[Pål Hoff]]></category>
            <wp:postmeta>
                <wp:meta_key>lsb_look_inside</wp:meta_key>
                <wp:meta_value><![CDATA[CUSTOM_BLA_I_BOKA]]></wp:meta_value>
            </wp:postmeta>
            <wp:postmeta>
                <wp:meta_key>_lsb_look_inside</wp:meta_key>
                <wp:meta_value><![CDATA[lsb_acf_look_inside]]></wp:meta_value>
            </wp:postmeta>
            <category domain="lsb_tax_age" nicename="voksne"><![CDATA[voksne]]></category>
            <category domain="lsb_tax_genre" nicename="faglitteratur"><![CDATA[faglitteratur]]></category>
            <category domain="lsb_tax_topic" nicename="mat"><![CDATA[mat]]></category>
            <category domain="lsb_tax_topic" nicename="helse"><![CDATA[helse]]></category>
            <category domain="lsb_tax_language" nicename="no_nb"><![CDATA[bokmål]]></category>
            <category domain="lsb_tax_customization" nicename="faglitteratur"><![CDATA[faglitteratur]]></category>
            <category domain="lsb_tax_customization" nicename="mange-bilder"><![CDATA[mange bilder]]></category>
            <wp:postmeta>
                <wp:meta_key>_thumbnail_id</wp:meta_key>
                <wp:meta_value><![CDATA[5444]]></wp:meta_value>
            </wp:postmeta>
        </item>
        <item>
            <title>Så godt.jpg</title>
            <wp:post_id>5444</wp:post_id>
            <wp:status>inherit</wp:status>
            <wp:post_type>attachment</wp:post_type>
            <wp:attachment_url>https://raw.githubusercontent.com/lesersokerbok/boksok.no-data-utils/master/output-example/images/F4177966E1C44B63ADA3E78AEA3DFC30.jpg</wp:attachment_url>
        </item>
        <item>
            <wp:post_type>lsb_book</wp:post_type>
            <wp:status>publish</wp:status>
            <title>Vanæret</title>
            <excerpt:encoded><![CDATA[Sterk selvbiografi om en pakistansk kvinne   som ble dømt og utsatt for en gruppevoldtekt.   ]]></excerpt:encoded>
            <wp:postmeta>
                <wp:meta_key>lsb_isbn</wp:meta_key>
                <wp:meta_value><![CDATA[9788279004493]]></wp:meta_value>
            </wp:postmeta>
            <wp:postmeta>
                <wp:meta_key>_lsb_isbn</wp:meta_key>
                <wp:meta_value><![CDATA[lsb_acf_isbn]]></wp:meta_value>
            </wp:postmeta>
            <wp:postmeta>
                <wp:meta_key>lsb_published_year</wp:meta_key>
                <wp:meta_value><![CDATA[2010]]></wp:meta_value>
            </wp:postmeta>
            <wp:postmeta>
                <wp:meta_key>_lsb_published_year</wp:meta_key>
                <wp:meta_value><![CDATA[lsb_acf_published_year]]></wp:meta_value>
            </wp:postmeta>
            <wp:postmeta>
                <wp:meta_key>lsb_pages</wp:meta_key>
                <wp:meta_value><![CDATA[205]]></wp:meta_value>
            </wp:postmeta>
            <wp:postmeta>
                <wp:meta_key>_lsb_pages</wp:meta_key>
                <wp:meta_value><![CDATA[lsb_acf_pages]]></wp:meta_value>
            </wp:postmeta>
            <wp:postmeta>
                <wp:meta_key>lsb_review</wp:meta_key>
                <wp:meta_value><![CDATA[  <div>I juni 2002 ble Mukhtar Mai voldtatt</div>  <div>av fire menn i Mastoi-klanen. </div>  <div>Hun ble dømt for noe som hennes yngre bror</div>  <div>angivelig skulle ha gjort. </div>  <div>Den grusomme handlingen ble fullbyrdet</div>  <div>med over hundre mennesker til stede.</div>  <div>&#160;</div>  <div>Mukhtar Mai var analfabet og </div>  <div>hadde ingen rettigheter som kvinne. </div>  <div>Likevel lot hun seg ikke knekke. </div>  <div>I boka prøver hun å forklare hvordan </div>  <div>samfunnet i Punjab er,  </div>  <div>og hvordan hun greide å reise seg igjen. </div>  <div>Mai har nå stiftet en barneskole </div>  <div>i landsbyen der hun bor</div>  <div>og har blitt en forkjemper </div>  <div>for kvinner og utdanning i Pakistan. </div>  <div>&#160;</div>  <div>I 2005 ble hun kåret til "Årets kvinne" i USA,</div>  <div>og hun har fått internasjonal anerkjennelse.  </div>  <div>&#160;</div>  <div><strong>Vanæret</strong> er en sterk bok</div>  <div>om en modig kvinne. </div>  <div>Mais stemme er tydelig, </div>  <div>og språket er muntlig og enkelt å lese. </div>  <div>Vanskelige ord og begreper blir godt forklart.  </div>  <div>Boka har en stor og god font. </div>  ]]></wp:meta_value>
            </wp:postmeta>
            <wp:postmeta>
                <wp:meta_key>_lsb_review</wp:meta_key>
                <wp:meta_value><![CDATA[lsb_acf_review]]></wp:meta_value>
            </wp:postmeta>
            <wp:postmeta>
                <wp:meta_key>lsb_quote</wp:meta_key>
                <wp:meta_value><![CDATA[Jeg, Mukhtaran Bibi, eldste datter av min far Ghulam Farid, mistet bevisstheten om meg selv, men aldri skal jeg glemme ansiktene til de bøllene. For dem er en kvinne bare en gjenstand, for besittelse, for ære eller for hevn. De ekter henne eller voldtar henne alt etter sin oppfatning av klanens stolthet. De vet at en kvinne som er blitt ydmyket på den måten ikke har annet å gjøre enn å ta livet av seg. De trenger ikke engang bruke våpnene sine. Voldtekten dreper henne. Voldtekten er det endelige våpenet. Den tjener til å ydmyke den andre klanen for godt. ]]></wp:meta_value>
            </wp:postmeta>
            <wp:postmeta>
                <wp:meta_key>_lsb_quote</wp:meta_key>
                <wp:meta_value><![CDATA[lsb_acf_quote]]></wp:meta_value>
            </wp:postmeta>
            <wp:postmeta>
                <wp:meta_key>lsb_supported</wp:meta_key>
                <wp:meta_value><![CDATA[0]]></wp:meta_value>
            </wp:postmeta>
            <wp:postmeta>
                <wp:meta_key>_lsb_supported</wp:meta_key>
                <wp:meta_value><![CDATA[lsb_acf_supported]]></wp:meta_value>
            </wp:postmeta>
            <category domain="lsb_tax_author" nicename="mukhtar-mai"><![CDATA[Mukhtar Mai]]></category>
            <category domain="lsb_tax_publisher" nicename="pantagruel"><![CDATA[Pantagruel]]></category>
            <category domain="lsb_tax_translator" nicename="anne-elligers"><![CDATA[Anne Elligers]]></category>
            <wp:postmeta>
                <wp:meta_key>lsb_look_inside</wp:meta_key>
                <wp:meta_value><![CDATA[CUSTOM_BLA_I_BOKA]]></wp:meta_value>
            </wp:postmeta>
            <wp:postmeta>
                <wp:meta_key>_lsb_look_inside</wp:meta_key>
                <wp:meta_value><![CDATA[lsb_acf_look_inside]]></wp:meta_value>
            </wp:postmeta>
            <category domain="lsb_tax_age" nicename="voksne"><![CDATA[voksne]]></category>
            <category domain="lsb_tax_topic" nicename="historie"><![CDATA[historie]]></category>
            <category domain="lsb_tax_topic" nicename="samfunn"><![CDATA[samfunn]]></category>
            <category domain="lsb_tax_topic" nicename="mennesker-i-mellom"><![CDATA[mennesker i mellom]]></category>
            <category domain="lsb_tax_language" nicename="no_nb"><![CDATA[bokmål]]></category>
            <category domain="lsb_tax_customization" nicename="faglitteratur"><![CDATA[faglitteratur]]></category>
            <wp:postmeta>
                <wp:meta_key>_thumbnail_id</wp:meta_key>
                <wp:meta_value><![CDATA[5445]]></wp:meta_value>
            </wp:postmeta>
        </item>
        <item>
            <title>Vanæret.jpg</title>
            <wp:post_id>5445</wp:post_id>
            <wp:status>inherit</wp:status>
            <wp:post_type>attachment</wp:post_type>
            <wp:attachment_url>https://raw.githubusercontent.com/lesersokerbok/boksok.no-data-utils/master/output-example/images/9E3826AEBF6449B6A3AA7DAE3F99E2EB.jpg</wp:attachment_url>
        </item>
        <item>
            <wp:post_type>lsb_book</wp:post_type>
            <wp:status>publish</wp:status>
            <title>Kjære deg min kjære</title>
            <excerpt:encoded><![CDATA[Levi Henriksens dikt forteller mye om det å være far, ektefelle - og medmenneske.  ]]></excerpt:encoded>
            <wp:postmeta>
                <wp:meta_key>lsb_isbn</wp:meta_key>
                <wp:meta_value><![CDATA[9788205405479]]></wp:meta_value>
            </wp:postmeta>
            <wp:postmeta>
                <wp:meta_key>_lsb_isbn</wp:meta_key>
                <wp:meta_value><![CDATA[lsb_acf_isbn]]></wp:meta_value>
            </wp:postmeta>
            <wp:postmeta>
                <wp:meta_key>lsb_published_year</wp:meta_key>
                <wp:meta_value><![CDATA[2010]]></wp:meta_value>
            </wp:postmeta>
            <wp:postmeta>
                <wp:meta_key>_lsb_published_year</wp:meta_key>
                <wp:meta_value><![CDATA[lsb_acf_published_year]]></wp:meta_value>
            </wp:postmeta>
            <wp:postmeta>
                <wp:meta_key>lsb_pages</wp:meta_key>
                <wp:meta_value><![CDATA[53]]></wp:meta_value>
            </wp:postmeta>
            <wp:postmeta>
                <wp:meta_key>_lsb_pages</wp:meta_key>
                <wp:meta_value><![CDATA[lsb_acf_pages]]></wp:meta_value>
            </wp:postmeta>
            <wp:postmeta>
                <wp:meta_key>lsb_review</wp:meta_key>
                <wp:meta_value><![CDATA[  <div><strong>Kjære deg min kjære</strong> er en hyllest til familielivet, </div>  <div>parforholdet, og til kjærligheten. </div>  <div>&#160;</div>  <div>Levi Henriksen skildrer varsomt om det å være far</div>  <div>- fra de to blå strekene vises på graviditetstesten</div>  <div>og fram til barnets fødsel. </div>  <div>Men også om tiden som går så fort, </div>  <div>om barnet som vokser opp </div>  <div>og som har sin siste dag i barnehagen.  </div>  <div>&#160;</div>  <div>Noen av diktene har en "country"-atmosfære </div>  <div>med en del sangreferanser </div>  <div>til blant annet Johnny Cash.  </div>  <div>&#160;</div>  <div>  <div>Diktene er skrevet som fortellende prosatekster,</div>  <div>der hvert dikt framstår nesten som en liten novelle. </div>  <div>Språket er stort sett enkelt.  </div>  <div>&#160;</div></div>  <div>Levi Henriksen (f. 1964) har en lang produksjon bak seg</div>  <div>av noveller og romaner. </div>  <div>Flere av bøkene hans finner du i Boksøk. </div>  <div>Dette er forfatterens første lyrikksamling. </div>  ]]></wp:meta_value>
            </wp:postmeta>
            <wp:postmeta>
                <wp:meta_key>_lsb_review</wp:meta_key>
                <wp:meta_value><![CDATA[lsb_acf_review]]></wp:meta_value>
            </wp:postmeta>
            <wp:postmeta>
                <wp:meta_key>lsb_quote</wp:meta_key>
                <wp:meta_value><![CDATA[STEINALDER    Hva gjør vi nå? sa du.  Jeg tror ikke jeg svarte,  veit ikke om det var fordi jeg ikke visste hva jeg skulle si  eller fordi jeg plutselig helt manglet bokstaver.  Men jeg husker hvordan jeg følte meg.  Det var akkurat som den gangen mamma skulle på misjonsmøte  og satte igjen en hjemmelaget pizza til pappa og meg.  Vi ble bare stående og se på den  visste ikke om ovnen skulle forvarmes  eller hvilken rist vi skulle bruke.  Visste ikke hvor mange grader som skulle til  for at osten skulle smelte  og bunnen bli sprø.  Slik følte jeg meg den første dagen vi bar babybagen inn  satte den ned på den slitte parketten  i den gamle husmannsstua vi leide  og så ble vi bare sittende der  som to steinaldermennesker rundt det første bålet.  Siden har vi fortsatt å spørre hverandre:  Hva gjør vi nå?   ]]></wp:meta_value>
            </wp:postmeta>
            <wp:postmeta>
                <wp:meta_key>_lsb_quote</wp:meta_key>
                <wp:meta_value><![CDATA[lsb_acf_quote]]></wp:meta_value>
            </wp:postmeta>
            <wp:postmeta>
                <wp:meta_key>lsb_supported</wp:meta_key>
                <wp:meta_value><![CDATA[0]]></wp:meta_value>
            </wp:postmeta>
            <wp:postmeta>
                <wp:meta_key>_lsb_supported</wp:meta_key>
                <wp:meta_value><![CDATA[lsb_acf_supported]]></wp:meta_value>
            </wp:postmeta>
            <category domain="lsb_tax_author" nicename="levi-henriksen"><![CDATA[Levi Henriksen]]></category>
            <category domain="lsb_tax_publisher" nicename="gyldendal"><![CDATA[Gyldendal]]></category>
            <wp:postmeta>
                <wp:meta_key>lsb_look_inside</wp:meta_key>
                <wp:meta_value><![CDATA[CUSTOM_BLA_I_BOKA]]></wp:meta_value>
            </wp:postmeta>
            <wp:postmeta>
                <wp:meta_key>_lsb_look_inside</wp:meta_key>
                <wp:meta_value><![CDATA[lsb_acf_look_inside]]></wp:meta_value>
            </wp:postmeta>
            <category domain="lsb_tax_age" nicename="voksne"><![CDATA[voksne]]></category>
            <category domain="lsb_tax_genre" nicename="dikt"><![CDATA[dikt]]></category>
            <category domain="lsb_tax_topic" nicename="kjærlighet"><![CDATA[kjærlighet]]></category>
            <category domain="lsb_tax_topic" nicename="mennesker-i-mellom"><![CDATA[mennesker i mellom]]></category>
            <category domain="lsb_tax_language" nicename="no_nb"><![CDATA[bokmål]]></category>
            <category domain="lsb_tax_customization" nicename="skjønnlitteratur"><![CDATA[skjønnlitteratur]]></category>
            <wp:postmeta>
                <wp:meta_key>_thumbnail_id</wp:meta_key>
                <wp:meta_value><![CDATA[5446]]></wp:meta_value>
            </wp:postmeta>
        </item>
        <item>
            <title>Kjaere-deg-min-kjaere.jpg</title>
            <wp:post_id>5446</wp:post_id>
            <wp:status>inherit</wp:status>
            <wp:post_type>attachment</wp:post_type>
            <wp:attachment_url>https://raw.githubusercontent.com/lesersokerbok/boksok.no-data-utils/master/output-example/images/11FB31211C2C44DAA94C32EC2E03B68B.jpg</wp:attachment_url>
        </item>
        <item>
            <wp:post_type>lsb_book</wp:post_type>
            <wp:status>publish</wp:status>
            <title>Mamma vet ikke hva som er deilig</title>
            <excerpt:encoded><![CDATA[Episodisk roman om en familie sett gjennom barnets øyne. ]]></excerpt:encoded>
            <wp:postmeta>
                <wp:meta_key>lsb_isbn</wp:meta_key>
                <wp:meta_value><![CDATA[9788249507399]]></wp:meta_value>
            </wp:postmeta>
            <wp:postmeta>
                <wp:meta_key>_lsb_isbn</wp:meta_key>
                <wp:meta_value><![CDATA[lsb_acf_isbn]]></wp:meta_value>
            </wp:postmeta>
            <wp:postmeta>
                <wp:meta_key>lsb_published_year</wp:meta_key>
                <wp:meta_value><![CDATA[2010]]></wp:meta_value>
            </wp:postmeta>
            <wp:postmeta>
                <wp:meta_key>_lsb_published_year</wp:meta_key>
                <wp:meta_value><![CDATA[lsb_acf_published_year]]></wp:meta_value>
            </wp:postmeta>
            <wp:postmeta>
                <wp:meta_key>lsb_pages</wp:meta_key>
                <wp:meta_value><![CDATA[135]]></wp:meta_value>
            </wp:postmeta>
            <wp:postmeta>
                <wp:meta_key>_lsb_pages</wp:meta_key>
                <wp:meta_value><![CDATA[lsb_acf_pages]]></wp:meta_value>
            </wp:postmeta>
            <wp:postmeta>
                <wp:meta_key>lsb_review</wp:meta_key>
                <wp:meta_value><![CDATA[  <div>Boken er fortalt gjennom små, korte episoder</div>  <div>fra hverdagslivet til den lille familien. </div>  <div>Leseren får høre om skiturer, lek i hagen, klatring i trær, </div>  <div>men også mer trivielle gjøremål som morgenstell og bading. </div>  <div>&#160;</div>  <div>Alle strever med å nå fram til hverandre, </div>  <div>og å være betydningsfulle for hverandre.  </div>  <div>I møtene mellom karakterene </div>  <div>oppstår det ofte uventede situasjoner. </div>  <div>Grensene mellom nærhet og distanse</div>  <div>kommer ut av kontroll. </div>  <div>Pappa kan si ting som gjør </div>  <div>at mamma må forlate rommet. </div>  <div>Mamma kan plutselig lukke seg </div>  <div>og skyve barnet vekk. </div>  <div>De korte scenene rommer </div>  <div>mye hverdagsdramatikk, </div>  <div>og er presist skildret fra et barns perspektiv.  </div>  <div>&#160;</div>  <div>Nabojenta spiller også en sentral rolle </div>  <div>der barnas lek utvikler seg ofte </div>  <div>på en grotesk måte.  </div>  <div>&#160;</div>  <div>Språket er enkelt og konsist, </div>  <div>og det er korte setninger. </div>  <div>Den episodiske formen </div>  <div>er likevel litt springende enkelte steder,</div>  <div>slik at handlingen kan være litt vanskelig å følge.  </div>  <div>&#160;</div>  <div>Dette er debutromanen til Ina Åsheim (f. 1975). </div>  <div>Hun er billedkunstner. </div>  ]]></wp:meta_value>
            </wp:postmeta>
            <wp:postmeta>
                <wp:meta_key>_lsb_review</wp:meta_key>
                <wp:meta_value><![CDATA[lsb_acf_review]]></wp:meta_value>
            </wp:postmeta>
            <wp:postmeta>
                <wp:meta_key>lsb_quote</wp:meta_key>
                <wp:meta_value><![CDATA[Greinene er grønne under snøen. Pappa lager  skispor. Jeg går på ski rett bak pappa. Jeg sier høyt at jeg   vil gå bak ham. Mamma kommer opp på siden.   - Jeg skal smøre deg. Hun tar meg i armen. Jeg kaster  hodet bakover.   Pappa går. Jeg roper. Mamma smører.   Jeg er langt bak pappa. Jeg roper at han skal vente.   Han stopper og går igjen.   - Ja, jeg skal vente, sier han, - men ikke hyl.   Stemmen hans går opp mot slutten. Han beveger  skiene på stedet. Jeg roper. Jeg snubler og ramler.   Jeg har kladder under skiene.   Jeg løper på kladdeskiene for å ta igjen pappa.   Når jeg kommer fram til ham bøyer han seg ned til   meg.   - Du ødelegger turen når du hyler.   - Vi kan ikke gå langt på dette føret, sier mamma.   - Vi har akkurat kommet ut, sier pappa. ]]></wp:meta_value>
            </wp:postmeta>
            <wp:postmeta>
                <wp:meta_key>_lsb_quote</wp:meta_key>
                <wp:meta_value><![CDATA[lsb_acf_quote]]></wp:meta_value>
            </wp:postmeta>
            <wp:postmeta>
                <wp:meta_key>lsb_supported</wp:meta_key>
                <wp:meta_value><![CDATA[0]]></wp:meta_value>
            </wp:postmeta>
            <wp:postmeta>
                <wp:meta_key>_lsb_supported</wp:meta_key>
                <wp:meta_value><![CDATA[lsb_acf_supported]]></wp:meta_value>
            </wp:postmeta>
            <category domain="lsb_tax_author" nicename="ina-åsheim"><![CDATA[Ina Åsheim]]></category>
            <category domain="lsb_tax_publisher" nicename="oktober"><![CDATA[Oktober]]></category>
            <wp:postmeta>
                <wp:meta_key>lsb_look_inside</wp:meta_key>
                <wp:meta_value><![CDATA[CUSTOM_BLA_I_BOKA]]></wp:meta_value>
            </wp:postmeta>
            <wp:postmeta>
                <wp:meta_key>_lsb_look_inside</wp:meta_key>
                <wp:meta_value><![CDATA[lsb_acf_look_inside]]></wp:meta_value>
            </wp:postmeta>
            <category domain="lsb_tax_age" nicename="voksne"><![CDATA[voksne]]></category>
            <category domain="lsb_tax_genre" nicename="prosa"><![CDATA[prosa]]></category>
            <category domain="lsb_tax_topic" nicename="mennesker-i-mellom"><![CDATA[mennesker i mellom]]></category>
            <category domain="lsb_tax_language" nicename="no_nb"><![CDATA[bokmål]]></category>
            <category domain="lsb_tax_customization" nicename="skjønnlitteratur"><![CDATA[skjønnlitteratur]]></category>
            <wp:postmeta>
                <wp:meta_key>_thumbnail_id</wp:meta_key>
                <wp:meta_value><![CDATA[5447]]></wp:meta_value>
            </wp:postmeta>
        </item>
        <item>
            <title>mamma vet ikke hva som er deilig.jpg</title>
            <wp:post_id>5447</wp:post_id>
            <wp:status>inherit</wp:status>
            <wp:post_type>attachment</wp:post_type>
            <wp:attachment_url>https://raw.githubusercontent.com/lesersokerbok/boksok.no-data-utils/master/output-example/images/85B63470213D4742ABE8E96564BF6C6C.jpg</wp:attachment_url>
        </item>
        <item>
            <wp:post_type>lsb_book</wp:post_type>
            <wp:status>publish</wp:status>
            <title>Feit. Mitt liv som tjukkas</title>
            <excerpt:encoded><![CDATA[Dette er Kristian Fjellanger si forteljing  om skammen ved å vere den feite mannen.   Om at det berre er kjerringar som slankar seg.   Og at sjølv om heimegymapparata knekk   og svolten gneg innforjævlig,   så er det mogleg å nå det store målet:  Å bli en vellykka slank mann.  Og få pult.]]></excerpt:encoded>
            <wp:postmeta>
                <wp:meta_key>lsb_isbn</wp:meta_key>
                <wp:meta_value><![CDATA[9788292866207]]></wp:meta_value>
            </wp:postmeta>
            <wp:postmeta>
                <wp:meta_key>_lsb_isbn</wp:meta_key>
                <wp:meta_value><![CDATA[lsb_acf_isbn]]></wp:meta_value>
            </wp:postmeta>
            <wp:postmeta>
                <wp:meta_key>lsb_published_year</wp:meta_key>
                <wp:meta_value><![CDATA[2010]]></wp:meta_value>
            </wp:postmeta>
            <wp:postmeta>
                <wp:meta_key>_lsb_published_year</wp:meta_key>
                <wp:meta_value><![CDATA[lsb_acf_published_year]]></wp:meta_value>
            </wp:postmeta>
            <wp:postmeta>
                <wp:meta_key>lsb_pages</wp:meta_key>
                <wp:meta_value><![CDATA[175]]></wp:meta_value>
            </wp:postmeta>
            <wp:postmeta>
                <wp:meta_key>_lsb_pages</wp:meta_key>
                <wp:meta_value><![CDATA[lsb_acf_pages]]></wp:meta_value>
            </wp:postmeta>
            <wp:postmeta>
                <wp:meta_key>lsb_review</wp:meta_key>
                <wp:meta_value><![CDATA[  <div>Ei ærleg, uredd og humoristisk forteljing </div>  <div>om forfattarens veg frå sjukeleg overvekt til normalvekt. </div>  <div>Eit innblikk i korleis det er å vere så feit </div>  <div>at folk glor og kviskrer. </div>  <div>Enkelte kjem med nedsettande og sårande kommentarer. </div>  <div>&#160;</div>  <div>Fjellanger fortel korleis han kjempa mot skam og velmeinte råd </div>  <div>for å få den kroppen han ønskte seg. </div>  <div>Om alle spørsmåla han undra seg over. </div>  <div>Nokre av dei spurde han politikare om svaret på. </div>  <div>&#160;</div>  <div>Det er ei lita bok med korte kapitlar og setningar. </div>  <div>Språket er enkelt. </div>  <div>Boka passar godt for uvande lesarar.  <br />  </div>  ]]></wp:meta_value>
            </wp:postmeta>
            <wp:postmeta>
                <wp:meta_key>_lsb_review</wp:meta_key>
                <wp:meta_value><![CDATA[lsb_acf_review]]></wp:meta_value>
            </wp:postmeta>
            <wp:postmeta>
                <wp:meta_key>lsb_quote</wp:meta_key>
                <wp:meta_value><![CDATA[Eg er heilt jævla våt på ryggen. Eg ser meg sjølv i spegelen. Feitare enn eg var for nokre minutt sidan.   Eg er svolten. Så inn helvete svolten. Eg er aldri på gata. Aldri om eg skal bli sett gåande gatelangs tyggande på noko. Hadde eg ete på ein sjokolade, hadde dei tenkt: "Feite svinet, et sjokolade og blir enda feitare." Et eg et eple, vil dei tenke: "Stakkars jævel, prøver å slanke seg, men er ein så feit er det jo berre en operasjon som kan hjelpe."    A lagsgutar på rekke og rad. Slanke og lukkelege, med vakre koner og sjarmerande born. Eg er rasande på A-lagsguten fordi han er så forbanna lukkeleg, og rasande på meg sjølv fordi eg gjerne skulle ha vore A-lagsgut.  ]]></wp:meta_value>
            </wp:postmeta>
            <wp:postmeta>
                <wp:meta_key>_lsb_quote</wp:meta_key>
                <wp:meta_value><![CDATA[lsb_acf_quote]]></wp:meta_value>
            </wp:postmeta>
            <wp:postmeta>
                <wp:meta_key>lsb_supported</wp:meta_key>
                <wp:meta_value><![CDATA[0]]></wp:meta_value>
            </wp:postmeta>
            <wp:postmeta>
                <wp:meta_key>_lsb_supported</wp:meta_key>
                <wp:meta_value><![CDATA[lsb_acf_supported]]></wp:meta_value>
            </wp:postmeta>
            <category domain="lsb_tax_author" nicename="kristan-fjellanger"><![CDATA[Kristan Fjellanger]]></category>
            <category domain="lsb_tax_publisher" nicename="manifest"><![CDATA[Manifest]]></category>
            <wp:postmeta>
                <wp:meta_key>lsb_look_inside</wp:meta_key>
                <wp:meta_value><![CDATA[CUSTOM_BLA_I_BOKA]]></wp:meta_value>
            </wp:postmeta>
            <wp:postmeta>
                <wp:meta_key>_lsb_look_inside</wp:meta_key>
                <wp:meta_value><![CDATA[lsb_acf_look_inside]]></wp:meta_value>
            </wp:postmeta>
            <category domain="lsb_tax_age" nicename="voksne"><![CDATA[voksne]]></category>
            <category domain="lsb_tax_topic" nicename="mat"><![CDATA[mat]]></category>
            <category domain="lsb_tax_topic" nicename="helse"><![CDATA[helse]]></category>
            <category domain="lsb_tax_topic" nicename="sport"><![CDATA[sport]]></category>
            <category domain="lsb_tax_topic" nicename="mennesker-i-mellom"><![CDATA[mennesker i mellom]]></category>
            <category domain="lsb_tax_language" nicename="no_nn"><![CDATA[nynorsk]]></category>
            <category domain="lsb_tax_customization" nicename="faglitteratur"><![CDATA[faglitteratur]]></category>
            <wp:postmeta>
                <wp:meta_key>_thumbnail_id</wp:meta_key>
                <wp:meta_value><![CDATA[5448]]></wp:meta_value>
            </wp:postmeta>
        </item>
        <item>
            <title>feit.jpg</title>
            <wp:post_id>5448</wp:post_id>
            <wp:status>inherit</wp:status>
            <wp:post_type>attachment</wp:post_type>
            <wp:attachment_url>https://raw.githubusercontent.com/lesersokerbok/boksok.no-data-utils/master/output-example/images/6E79BCC75CAA484DB7D4EFB26384F35E.jpg</wp:attachment_url>
        </item>
        <item>
            <wp:post_type>lsb_book</wp:post_type>
            <wp:status>publish</wp:status>
            <title>Jeg bor rett nede i gata</title>
            <excerpt:encoded><![CDATA[Hvorfor ender noen med å bo på gata?   Hva gjør det umulig å fortjene det alle trenger - et hjem?   Det forstår du om du leser denne kloke   og varme biografien om Gunnar.]]></excerpt:encoded>
            <wp:postmeta>
                <wp:meta_key>lsb_isbn</wp:meta_key>
                <wp:meta_value><![CDATA[9788279004448]]></wp:meta_value>
            </wp:postmeta>
            <wp:postmeta>
                <wp:meta_key>_lsb_isbn</wp:meta_key>
                <wp:meta_value><![CDATA[lsb_acf_isbn]]></wp:meta_value>
            </wp:postmeta>
            <wp:postmeta>
                <wp:meta_key>lsb_published_year</wp:meta_key>
                <wp:meta_value><![CDATA[2010]]></wp:meta_value>
            </wp:postmeta>
            <wp:postmeta>
                <wp:meta_key>_lsb_published_year</wp:meta_key>
                <wp:meta_value><![CDATA[lsb_acf_published_year]]></wp:meta_value>
            </wp:postmeta>
            <wp:postmeta>
                <wp:meta_key>lsb_pages</wp:meta_key>
                <wp:meta_value><![CDATA[240]]></wp:meta_value>
            </wp:postmeta>
            <wp:postmeta>
                <wp:meta_key>_lsb_pages</wp:meta_key>
                <wp:meta_value><![CDATA[lsb_acf_pages]]></wp:meta_value>
            </wp:postmeta>
            <wp:postmeta>
                <wp:meta_key>lsb_review</wp:meta_key>
                <wp:meta_value><![CDATA[  <div>En forfatter spurte Gunnar om hun kunne få skrive <br />  ei bok om livet hans. Gunnar sa ja, selv om han <br />  alltid har skjult at han er hjemløs, <br />  "Jeg ønsker å få politikerne til å forstå at de må slutte <br />  å klumpe rusmisbrukere sammen i bofellesskap. <br />  Det går ikke, da tar festen aldri slutt."<br />  <br />  I boka forteller han sin historie til forfatteren. <br />  Men boka handler også om hva forfatteren tenker <br />  etterhvert som hun blir kjent med Gunnar: <br />  "Løgnerens ulykke er ikke at ingen tror på ham, <br />  men at han selv ikke tør tro på noen."<br />  <br />  Teksten i boka er lettlest, og oppsettet er luftig.</div>  ]]></wp:meta_value>
            </wp:postmeta>
            <wp:postmeta>
                <wp:meta_key>_lsb_review</wp:meta_key>
                <wp:meta_value><![CDATA[lsb_acf_review]]></wp:meta_value>
            </wp:postmeta>
            <wp:postmeta>
                <wp:meta_key>lsb_quote</wp:meta_key>
                <wp:meta_value><![CDATA[Du holder igjen noe, som jeg ikke vet hva er, og det uroer meg, tenker jeg. Er det sant at du klarte å slutte å bruke stoff den gangen - eller holder du på ennå? Er det derfor du blir borte i perioder?    Slike spørsmål fotfølger alltid dem som har knyttet seg til og blitt glad i en rusmisbruker. Frykten for at det som sies, ikke er sant likevel, suger seg fast. ]]></wp:meta_value>
            </wp:postmeta>
            <wp:postmeta>
                <wp:meta_key>_lsb_quote</wp:meta_key>
                <wp:meta_value><![CDATA[lsb_acf_quote]]></wp:meta_value>
            </wp:postmeta>
            <wp:postmeta>
                <wp:meta_key>lsb_supported</wp:meta_key>
                <wp:meta_value><![CDATA[0]]></wp:meta_value>
            </wp:postmeta>
            <wp:postmeta>
                <wp:meta_key>_lsb_supported</wp:meta_key>
                <wp:meta_value><![CDATA[lsb_acf_supported]]></wp:meta_value>
            </wp:postmeta>
            <category domain="lsb_tax_author" nicename="siri-walen-simensen"><![CDATA[Siri Walen Simensen]]></category>
            <category domain="lsb_tax_publisher" nicename="pantagruel"><![CDATA[Pantagruel]]></category>
            <wp:postmeta>
                <wp:meta_key>lsb_look_inside</wp:meta_key>
                <wp:meta_value><![CDATA[CUSTOM_BLA_I_BOKA]]></wp:meta_value>
            </wp:postmeta>
            <wp:postmeta>
                <wp:meta_key>_lsb_look_inside</wp:meta_key>
                <wp:meta_value><![CDATA[lsb_acf_look_inside]]></wp:meta_value>
            </wp:postmeta>
            <category domain="lsb_tax_age" nicename="voksne"><![CDATA[voksne]]></category>
            <category domain="lsb_tax_topic" nicename="historie"><![CDATA[historie]]></category>
            <category domain="lsb_tax_topic" nicename="samfunn"><![CDATA[samfunn]]></category>
            <category domain="lsb_tax_topic" nicename="mennesker-i-mellom"><![CDATA[mennesker i mellom]]></category>
            <category domain="lsb_tax_language" nicename="no_nb"><![CDATA[bokmål]]></category>
            <category domain="lsb_tax_customization" nicename="faglitteratur"><![CDATA[faglitteratur]]></category>
            <wp:postmeta>
                <wp:meta_key>_thumbnail_id</wp:meta_key>
                <wp:meta_value><![CDATA[5449]]></wp:meta_value>
            </wp:postmeta>
        </item>
        <item>
            <title>jeg bor rett ned i gata.jpg</title>
            <wp:post_id>5449</wp:post_id>
            <wp:status>inherit</wp:status>
            <wp:post_type>attachment</wp:post_type>
            <wp:attachment_url>https://raw.githubusercontent.com/lesersokerbok/boksok.no-data-utils/master/output-example/images/A021DCE14D44462AA6363682EFC17B13.jpg</wp:attachment_url>
        </item>
        <item>
            <wp:post_type>lsb_book</wp:post_type>
            <wp:status>publish</wp:status>
            <title>Kaffe, karamell og vaniljesaus</title>
            <excerpt:encoded><![CDATA[Faisal kom til Norge som ung, enslig somalier i 1998.   Her traff han norske Liv Toril som han nå er lykkelig gift med.   Deres historie er preget av mange fordommer   fra det norske samfunnet. ]]></excerpt:encoded>
            <wp:postmeta>
                <wp:meta_key>lsb_isbn</wp:meta_key>
                <wp:meta_value><![CDATA[9788278950647]]></wp:meta_value>
            </wp:postmeta>
            <wp:postmeta>
                <wp:meta_key>_lsb_isbn</wp:meta_key>
                <wp:meta_value><![CDATA[lsb_acf_isbn]]></wp:meta_value>
            </wp:postmeta>
            <wp:postmeta>
                <wp:meta_key>lsb_published_year</wp:meta_key>
                <wp:meta_value><![CDATA[2010]]></wp:meta_value>
            </wp:postmeta>
            <wp:postmeta>
                <wp:meta_key>_lsb_published_year</wp:meta_key>
                <wp:meta_value><![CDATA[lsb_acf_published_year]]></wp:meta_value>
            </wp:postmeta>
            <wp:postmeta>
                <wp:meta_key>lsb_pages</wp:meta_key>
                <wp:meta_value><![CDATA[159]]></wp:meta_value>
            </wp:postmeta>
            <wp:postmeta>
                <wp:meta_key>_lsb_pages</wp:meta_key>
                <wp:meta_value><![CDATA[lsb_acf_pages]]></wp:meta_value>
            </wp:postmeta>
            <wp:postmeta>
                <wp:meta_key>lsb_review</wp:meta_key>
                <wp:meta_value><![CDATA[  <div>Faisal og hans familie ble nødt til å flykte </div>  <div>fra Somalia til Kenya på 1990-tallet. </div>  <div>Men etterhvert som strømmen av flyktninger vokser, </div>  <div>blir livet vanskelig for Faisal. </div>  <div>Han arbeidet for Røde Kors, </div>  <div>og flere somaliere fikk problemer </div>  <div>på grunn av deres tilknytning </div>  <div>til internasjonale hjelpeorganisasjoner. </div>  <div>&#160;</div>  <div>Faisal reiser til Norge</div>  <div>og får plass på asylmottaket i Setesdalen. </div>  <div>Der blir han godt tatt imot. </div>  <div>&#160;</div>  <div>Liv Toril jobber som lærer </div>  <div>på voksenopplæringen i Kristiansand. </div>  <div>En dag får hun problemer med sykkelen sin </div>  <div>og får hjelp av Faisal. </div>  <div>Hun blir fascinert av den positive og interesserte mannen. </div>  <div>&#160;</div>  <div>Liv Toril og Faisal er nå gift og har en sønn. </div>  <div>Livet deres har vært mye preget </div>  <div>av skepsis og fordommer fra omgivelsene. </div>  <div>Samtidig har Faisal giftet seg inn </div>  <div>i en raus og varm svigerfamilie. </div>  <div>Deres historie er ført i pennen av </div>  <div>Liv Torils søster, Hilde Eskild. </div>  <div>  <div>&#160;</div>  <div>Faisal er et levende bevis </div>  <div>på at det går an å bli godt integrert </div>  <div>i det norske samfunnet, </div>  <div>til tross for en traumatisk oppvekst i hjemlandet. </div>  <div>&#160;</div></div>  <div>Boka har et relativt enkelt språk, </div>  <div>og korte kapitler. </div>  <div>Det er noen tidshopp i historien </div>  <div>som kan være forvirrende for utrente lesere. </div>  <div>Liv Torils tanker er gjengitt med kursiv. </div>  <div>Bakerst i boka finnes en ordliste med </div>  <div>forklaringer til somaliske ord og begreper brukt i teksten.  </div>  ]]></wp:meta_value>
            </wp:postmeta>
            <wp:postmeta>
                <wp:meta_key>_lsb_review</wp:meta_key>
                <wp:meta_value><![CDATA[lsb_acf_review]]></wp:meta_value>
            </wp:postmeta>
            <wp:postmeta>
                <wp:meta_key>lsb_quote</wp:meta_key>
                <wp:meta_value><![CDATA[- Oi! roper Elias og kikker ned i gryta med grå havregrøt.  - Denne grøten har hudfarge! Liv Toril kikker oppi gryta sammen med ham og synes ikke dette er en særlig frisk hudfarge. Hun tenker på hver gang hun skulle tegne hud som liten og brukte en slags ]]></wp:meta_value>
            </wp:postmeta>
            <wp:postmeta>
                <wp:meta_key>_lsb_quote</wp:meta_key>
                <wp:meta_value><![CDATA[lsb_acf_quote]]></wp:meta_value>
            </wp:postmeta>
            <wp:postmeta>
                <wp:meta_key>lsb_supported</wp:meta_key>
                <wp:meta_value><![CDATA[0]]></wp:meta_value>
            </wp:postmeta>
            <wp:postmeta>
                <wp:meta_key>_lsb_supported</wp:meta_key>
                <wp:meta_value><![CDATA[lsb_acf_supported]]></wp:meta_value>
            </wp:postmeta>
            <category domain="lsb_tax_author" nicename="hilde-eskild"><![CDATA[Hilde Eskild]]></category>
            <category domain="lsb_tax_publisher" nicename="ganesa"><![CDATA[Ganesa]]></category>
            <wp:postmeta>
                <wp:meta_key>lsb_look_inside</wp:meta_key>
                <wp:meta_value><![CDATA[CUSTOM_BLA_I_BOKA]]></wp:meta_value>
            </wp:postmeta>
            <wp:postmeta>
                <wp:meta_key>_lsb_look_inside</wp:meta_key>
                <wp:meta_value><![CDATA[lsb_acf_look_inside]]></wp:meta_value>
            </wp:postmeta>
            <category domain="lsb_tax_age" nicename="voksne"><![CDATA[voksne]]></category>
            <category domain="lsb_tax_topic" nicename="mennesker-i-mellom"><![CDATA[mennesker i mellom]]></category>
            <category domain="lsb_tax_language" nicename="no_nb"><![CDATA[bokmål]]></category>
            <category domain="lsb_tax_customization" nicename="faglitteratur"><![CDATA[faglitteratur]]></category>
            <wp:postmeta>
                <wp:meta_key>_thumbnail_id</wp:meta_key>
                <wp:meta_value><![CDATA[5450]]></wp:meta_value>
            </wp:postmeta>
        </item>
        <item>
            <title>kaffe, karamell og vaniljesaus.jpg</title>
            <wp:post_id>5450</wp:post_id>
            <wp:status>inherit</wp:status>
            <wp:post_type>attachment</wp:post_type>
            <wp:attachment_url>https://raw.githubusercontent.com/lesersokerbok/boksok.no-data-utils/master/output-example/images/B1248A3B6BE6400BA7D2D20AA00DD6CF.jpg</wp:attachment_url>
        </item>
        <item>
            <wp:post_type>lsb_book</wp:post_type>
            <wp:status>publish</wp:status>
            <title>Blokk</title>
            <excerpt:encoded><![CDATA[Tegneserie om livet i en blokk. ]]></excerpt:encoded>
            <wp:postmeta>
                <wp:meta_key>lsb_isbn</wp:meta_key>
                <wp:meta_value><![CDATA[9788292226308]]></wp:meta_value>
            </wp:postmeta>
            <wp:postmeta>
                <wp:meta_key>_lsb_isbn</wp:meta_key>
                <wp:meta_value><![CDATA[lsb_acf_isbn]]></wp:meta_value>
            </wp:postmeta>
            <wp:postmeta>
                <wp:meta_key>lsb_published_year</wp:meta_key>
                <wp:meta_value><![CDATA[2010]]></wp:meta_value>
            </wp:postmeta>
            <wp:postmeta>
                <wp:meta_key>_lsb_published_year</wp:meta_key>
                <wp:meta_value><![CDATA[lsb_acf_published_year]]></wp:meta_value>
            </wp:postmeta>
            <wp:postmeta>
                <wp:meta_key>lsb_pages</wp:meta_key>
                <wp:meta_value><![CDATA[upag. ]]></wp:meta_value>
            </wp:postmeta>
            <wp:postmeta>
                <wp:meta_key>_lsb_pages</wp:meta_key>
                <wp:meta_value><![CDATA[lsb_acf_pages]]></wp:meta_value>
            </wp:postmeta>
            <wp:postmeta>
                <wp:meta_key>lsb_review</wp:meta_key>
                <wp:meta_value><![CDATA[  <div><strong>Blokk</strong> skildrer forskjellige </div>  <div>menneskerskjebner i en boligblokk. </div>  <div>Ensomhet og fremmedgjøring er sentrale temaer. </div>  <div>&#160;</div>  <div>Andrew Page er kjent for sin blanding av </div>  <div>burlesk humor, svart surrealisme og vill fantasi. </div>  <div>&#160;</div>  <div>Boka har veldig lite tekst, </div>  <div>og det er lett å følge handlingen i bildene. </div>  ]]></wp:meta_value>
            </wp:postmeta>
            <wp:postmeta>
                <wp:meta_key>_lsb_review</wp:meta_key>
                <wp:meta_value><![CDATA[lsb_acf_review]]></wp:meta_value>
            </wp:postmeta>
            <wp:postmeta>
                <wp:meta_key>lsb_quote</wp:meta_key>
                <wp:meta_value/>
            </wp:postmeta>
            <wp:postmeta>
                <wp:meta_key>_lsb_quote</wp:meta_key>
                <wp:meta_value><![CDATA[lsb_acf_quote]]></wp:meta_value>
            </wp:postmeta>
            <wp:postmeta>
                <wp:meta_key>lsb_supported</wp:meta_key>
                <wp:meta_value><![CDATA[0]]></wp:meta_value>
            </wp:postmeta>
            <wp:postmeta>
                <wp:meta_key>_lsb_supported</wp:meta_key>
                <wp:meta_value><![CDATA[lsb_acf_supported]]></wp:meta_value>
            </wp:postmeta>
            <category domain="lsb_tax_author" nicename="andrew-page"><![CDATA[Andrew Page]]></category>
            <category domain="lsb_tax_publisher" nicename="jippi-"><![CDATA[Jippi ]]></category>
            <category domain="lsb_tax_illustrator" nicename="andrew-page"><![CDATA[Andrew Page]]></category>
            <wp:postmeta>
                <wp:meta_key>lsb_look_inside</wp:meta_key>
                <wp:meta_value><![CDATA[CUSTOM_BLA_I_BOKA]]></wp:meta_value>
            </wp:postmeta>
            <wp:postmeta>
                <wp:meta_key>_lsb_look_inside</wp:meta_key>
                <wp:meta_value><![CDATA[lsb_acf_look_inside]]></wp:meta_value>
            </wp:postmeta>
            <category domain="lsb_tax_age" nicename="voksne"><![CDATA[voksne]]></category>
            <category domain="lsb_tax_genre" nicename="prosa"><![CDATA[prosa]]></category>
            <category domain="lsb_tax_topic" nicename="humor"><![CDATA[humor]]></category>
            <category domain="lsb_tax_topic" nicename="mennesker-i-mellom"><![CDATA[mennesker i mellom]]></category>
            <category domain="lsb_tax_language" nicename="no_nb"><![CDATA[bokmål]]></category>
            <category domain="lsb_tax_customization" nicename="bilder"><![CDATA[bilder]]></category>
            <category domain="lsb_tax_customization" nicename="mange-bilder"><![CDATA[mange bilder]]></category>
            <wp:postmeta>
                <wp:meta_key>_thumbnail_id</wp:meta_key>
                <wp:meta_value><![CDATA[5451]]></wp:meta_value>
            </wp:postmeta>
        </item>
        <item>
            <title>Blokk.jpg</title>
            <wp:post_id>5451</wp:post_id>
            <wp:status>inherit</wp:status>
            <wp:post_type>attachment</wp:post_type>
            <wp:attachment_url>https://raw.githubusercontent.com/lesersokerbok/boksok.no-data-utils/master/output-example/images/63A1C707E8E94B6197FF699BD52CD149.jpg</wp:attachment_url>
        </item>
        <item>
            <wp:post_type>lsb_book</wp:post_type>
            <wp:status>publish</wp:status>
            <title>Stormkyss</title>
            <excerpt:encoded><![CDATA[Selma deler hus med kjærasten Vilde.   Ein dag flyttar Ane også inn.   Bestemor til Selma kjem på sjukehus med hjarteinfarkt.   Selma og mor hennar er bekymra for henne.   Så ein dag forsvinn mora.]]></excerpt:encoded>
            <wp:postmeta>
                <wp:meta_key>lsb_isbn</wp:meta_key>
                <wp:meta_value><![CDATA[9788249508051]]></wp:meta_value>
            </wp:postmeta>
            <wp:postmeta>
                <wp:meta_key>_lsb_isbn</wp:meta_key>
                <wp:meta_value><![CDATA[lsb_acf_isbn]]></wp:meta_value>
            </wp:postmeta>
            <wp:postmeta>
                <wp:meta_key>lsb_published_year</wp:meta_key>
                <wp:meta_value><![CDATA[2010]]></wp:meta_value>
            </wp:postmeta>
            <wp:postmeta>
                <wp:meta_key>_lsb_published_year</wp:meta_key>
                <wp:meta_value><![CDATA[lsb_acf_published_year]]></wp:meta_value>
            </wp:postmeta>
            <wp:postmeta>
                <wp:meta_key>lsb_pages</wp:meta_key>
                <wp:meta_value><![CDATA[140]]></wp:meta_value>
            </wp:postmeta>
            <wp:postmeta>
                <wp:meta_key>_lsb_pages</wp:meta_key>
                <wp:meta_value><![CDATA[lsb_acf_pages]]></wp:meta_value>
            </wp:postmeta>
            <wp:postmeta>
                <wp:meta_key>lsb_review</wp:meta_key>
                <wp:meta_value><![CDATA[  <div>Selma reiser for å leita etter henne. </div>  <div>Medan ho er i det tomme huset til mor si, </div>  <div>låser ei ukjend kvinne seg inn. </div>  <div>&#160;</div>  <div><strong>Stormkyss</strong> handlar om mødre og døtre, </div>  <div>kjærleik og oppbrot, </div>  <div>om å dra eller bli verande. </div>  <div>&#160;</div>  <div>Språket er enkelt, </div>  <div>og det er korte kapitlar </div>  <div>med knappe skildringar. </div>  <div>Det er få karakterar. </div>  <div>Stilen kan vere uvan for nokre lesarar, </div>  <div>da det er lite handling, </div>  <div>og nokre scener</div>  <div>er litt vanskelege å forstå. </div>  ]]></wp:meta_value>
            </wp:postmeta>
            <wp:postmeta>
                <wp:meta_key>_lsb_review</wp:meta_key>
                <wp:meta_value><![CDATA[lsb_acf_review]]></wp:meta_value>
            </wp:postmeta>
            <wp:postmeta>
                <wp:meta_key>lsb_quote</wp:meta_key>
                <wp:meta_value><![CDATA[Mor er vekke. Eg står opp tidleg for å gå på jobb, gøymar meg først under dyna når vekkarklokka ringer, krøllar meg inntil Vilde, andletet inn mot skuldra hennar. Ho søv og held meg, ho søv vidare når eg smyg meg ut. Alt går fort og som vanleg. Før eg tek på meg ytterjakka, går eg opp trappa for å sjekka om mor har vakna. Døra inn til rommet står open, det ligg ingen i senga. ]]></wp:meta_value>
            </wp:postmeta>
            <wp:postmeta>
                <wp:meta_key>_lsb_quote</wp:meta_key>
                <wp:meta_value><![CDATA[lsb_acf_quote]]></wp:meta_value>
            </wp:postmeta>
            <wp:postmeta>
                <wp:meta_key>lsb_supported</wp:meta_key>
                <wp:meta_value><![CDATA[0]]></wp:meta_value>
            </wp:postmeta>
            <wp:postmeta>
                <wp:meta_key>_lsb_supported</wp:meta_key>
                <wp:meta_value><![CDATA[lsb_acf_supported]]></wp:meta_value>
            </wp:postmeta>
            <category domain="lsb_tax_author" nicename="ingrid-z.-aanestad"><![CDATA[Ingrid Z. Aanestad]]></category>
            <category domain="lsb_tax_publisher" nicename="oktober"><![CDATA[Oktober]]></category>
            <wp:postmeta>
                <wp:meta_key>lsb_look_inside</wp:meta_key>
                <wp:meta_value><![CDATA[CUSTOM_BLA_I_BOKA]]></wp:meta_value>
            </wp:postmeta>
            <wp:postmeta>
                <wp:meta_key>_lsb_look_inside</wp:meta_key>
                <wp:meta_value><![CDATA[lsb_acf_look_inside]]></wp:meta_value>
            </wp:postmeta>
            <category domain="lsb_tax_age" nicename="voksne"><![CDATA[voksne]]></category>
            <category domain="lsb_tax_genre" nicename="prosa"><![CDATA[prosa]]></category>
            <category domain="lsb_tax_topic" nicename="kjærlighet"><![CDATA[kjærlighet]]></category>
            <category domain="lsb_tax_topic" nicename="mennesker-i-mellom"><![CDATA[mennesker i mellom]]></category>
            <category domain="lsb_tax_language" nicename="no_nn"><![CDATA[nynorsk]]></category>
            <category domain="lsb_tax_customization" nicename="skjønnlitteratur"><![CDATA[skjønnlitteratur]]></category>
            <wp:postmeta>
                <wp:meta_key>_thumbnail_id</wp:meta_key>
                <wp:meta_value><![CDATA[5452]]></wp:meta_value>
            </wp:postmeta>
        </item>
        <item>
            <title>Stormkyss.jpg</title>
            <wp:post_id>5452</wp:post_id>
            <wp:status>inherit</wp:status>
            <wp:post_type>attachment</wp:post_type>
            <wp:attachment_url>https://raw.githubusercontent.com/lesersokerbok/boksok.no-data-utils/master/output-example/images/2EB20D9077084EA9BDAEC18EE93CF472.jpg</wp:attachment_url>
        </item>
        <item>
            <wp:post_type>lsb_book</wp:post_type>
            <wp:status>publish</wp:status>
            <title>Julia og Leon</title>
            <excerpt:encoded><![CDATA[Julia er 17 år og reiser til Oslo for å gå på skole.   Men i stedet for å gå på skolen leser hun   kjærlighetsromaner og reiselitteratur.   Snart blir hun rastløs og reiser ut i Europa.   I Amsterdam treffer hun Leon. ]]></excerpt:encoded>
            <wp:postmeta>
                <wp:meta_key>lsb_isbn</wp:meta_key>
                <wp:meta_value><![CDATA[9788205400528]]></wp:meta_value>
            </wp:postmeta>
            <wp:postmeta>
                <wp:meta_key>_lsb_isbn</wp:meta_key>
                <wp:meta_value><![CDATA[lsb_acf_isbn]]></wp:meta_value>
            </wp:postmeta>
            <wp:postmeta>
                <wp:meta_key>lsb_published_year</wp:meta_key>
                <wp:meta_value><![CDATA[2010]]></wp:meta_value>
            </wp:postmeta>
            <wp:postmeta>
                <wp:meta_key>_lsb_published_year</wp:meta_key>
                <wp:meta_value><![CDATA[lsb_acf_published_year]]></wp:meta_value>
            </wp:postmeta>
            <wp:postmeta>
                <wp:meta_key>lsb_pages</wp:meta_key>
                <wp:meta_value><![CDATA[165]]></wp:meta_value>
            </wp:postmeta>
            <wp:postmeta>
                <wp:meta_key>_lsb_pages</wp:meta_key>
                <wp:meta_value><![CDATA[lsb_acf_pages]]></wp:meta_value>
            </wp:postmeta>
            <wp:postmeta>
                <wp:meta_key>lsb_review</wp:meta_key>
                <wp:meta_value><![CDATA[  <div>Etter et kort møte, drar hun videre til Barcelona. </div>  <div>Der får hun jobb på en café. </div>  <div>Men Julia greier ikke glemme Leon, </div>  <div>og etterhvert reiser hun tilbake til Amsterdam.</div>  <div>Der innleder de et intenst kjærlighetsforhold. </div>  <div>&#160;</div>  <div>Forfatteren Majken van Bruggen forteller historien </div>  <div>i et enkelt og nakent språk. </div>  <div>Hun dveler lite ved detaljer,</div>  <div>og har en knapp, distansert stil. </div>  <div>&#160;</div>  <div>Majken van Bruggen debuterte som forfatter i 2008. </div>  <div>Dette er hennes andre bok.  </div>  <div>&#160;</div>  ]]></wp:meta_value>
            </wp:postmeta>
            <wp:postmeta>
                <wp:meta_key>_lsb_review</wp:meta_key>
                <wp:meta_value><![CDATA[lsb_acf_review]]></wp:meta_value>
            </wp:postmeta>
            <wp:postmeta>
                <wp:meta_key>lsb_quote</wp:meta_key>
                <wp:meta_value><![CDATA[Jeg ligger på armen til Leon, tett inntil ham. Ute  begynner det å lysne.   "Hvorfor har du ikke kjæreste?" spør jeg.   "Jeg kan ikke ha en kjæreste når jeg har reist så mye."  "Men vil ha en kjæreste nå?"  "Har du tenkt å bli her?"  Jeg blir rød i kinnene. "Nei," svarer jeg.   "Det kunne vært hyggelig," sier Leon.   Jeg rister på hodet. "Jeg må dra," sier jeg.   "Det er synd," sier Leon. "Jeg liker deg."  Jeg får lyst til å si at jeg blir, at jeg ikke reiser, men det er noe som holder meg igjen, og jeg vet ikke hvordan jeg skal si det, så jeg fortsette bare å riste på hodet. ]]></wp:meta_value>
            </wp:postmeta>
            <wp:postmeta>
                <wp:meta_key>_lsb_quote</wp:meta_key>
                <wp:meta_value><![CDATA[lsb_acf_quote]]></wp:meta_value>
            </wp:postmeta>
            <wp:postmeta>
                <wp:meta_key>lsb_supported</wp:meta_key>
                <wp:meta_value><![CDATA[0]]></wp:meta_value>
            </wp:postmeta>
            <wp:postmeta>
                <wp:meta_key>_lsb_supported</wp:meta_key>
                <wp:meta_value><![CDATA[lsb_acf_supported]]></wp:meta_value>
            </wp:postmeta>
            <category domain="lsb_tax_author" nicename="majken-van-bruggen"><![CDATA[Majken van Bruggen]]></category>
            <category domain="lsb_tax_publisher" nicename="kolon"><![CDATA[Kolon]]></category>
            <wp:postmeta>
                <wp:meta_key>lsb_look_inside</wp:meta_key>
                <wp:meta_value><![CDATA[CUSTOM_BLA_I_BOKA]]></wp:meta_value>
            </wp:postmeta>
            <wp:postmeta>
                <wp:meta_key>_lsb_look_inside</wp:meta_key>
                <wp:meta_value><![CDATA[lsb_acf_look_inside]]></wp:meta_value>
            </wp:postmeta>
            <category domain="lsb_tax_age" nicename="voksne"><![CDATA[voksne]]></category>
            <category domain="lsb_tax_genre" nicename="prosa"><![CDATA[prosa]]></category>
            <category domain="lsb_tax_topic" nicename="kjærlighet"><![CDATA[kjærlighet]]></category>
            <category domain="lsb_tax_topic" nicename="mennesker-i-mellom"><![CDATA[mennesker i mellom]]></category>
            <category domain="lsb_tax_language" nicename="no_nb"><![CDATA[bokmål]]></category>
            <category domain="lsb_tax_customization" nicename="skjønnlitteratur"><![CDATA[skjønnlitteratur]]></category>
        </item>
        <item>
            <wp:post_type>lsb_book</wp:post_type>
            <wp:status>publish</wp:status>
            <title>Kameliadamen </title>
            <excerpt:encoded><![CDATA[Den populære klassikeren - nå i storskriftutgave!]]></excerpt:encoded>
            <wp:postmeta>
                <wp:meta_key>lsb_isbn</wp:meta_key>
                <wp:meta_value><![CDATA[9788282683807]]></wp:meta_value>
            </wp:postmeta>
            <wp:postmeta>
                <wp:meta_key>_lsb_isbn</wp:meta_key>
                <wp:meta_value><![CDATA[lsb_acf_isbn]]></wp:meta_value>
            </wp:postmeta>
            <wp:postmeta>
                <wp:meta_key>lsb_published_year</wp:meta_key>
                <wp:meta_value><![CDATA[2011]]></wp:meta_value>
            </wp:postmeta>
            <wp:postmeta>
                <wp:meta_key>_lsb_published_year</wp:meta_key>
                <wp:meta_value><![CDATA[lsb_acf_published_year]]></wp:meta_value>
            </wp:postmeta>
            <wp:postmeta>
                <wp:meta_key>lsb_pages</wp:meta_key>
                <wp:meta_value><![CDATA[284]]></wp:meta_value>
            </wp:postmeta>
            <wp:postmeta>
                <wp:meta_key>_lsb_pages</wp:meta_key>
                <wp:meta_value><![CDATA[lsb_acf_pages]]></wp:meta_value>
            </wp:postmeta>
            <wp:postmeta>
                <wp:meta_key>lsb_review</wp:meta_key>
                <wp:meta_value><![CDATA[<span lang="NO-BOK">  <div align="left"><strong>Kameliadamen</strong> er et av tidenes store romantiske ikoner. </div>  <div align="left">Boka handler om den vakre kurtisanen Marguerite </div>  <div align="left">som lever et dekadent luksusliv i Paris, betalt av rike menn. </div>  <div align="left">Det eneste som er forbudt er ekte følelser. </div>  <div align="left">Men så forelsker hun seg i den unge Armand, </div>  <div align="left">men deres kjærlighet lar seg vanskelig forene med Marguerites liv som kurtisane. </div>  <div align="left">Romanen er inspirert av Marie Duplessis. </div>  <div align="left">Hun var en kurtisane som var Dumas’ elskerinne. </div>  <div align="left">Duplessis døde av tuberkulose i 1847, bare 23 år gammel. </div>  <div align="left">&#160;</div>  <div align="left">Denne versjonen med storskrift gjør </div>  <div align="left"><strong>Kameliadamen</strong> tilgjengelig for synssvake lesere.  </div>  <div align="left">&#160;</div>  <div align="left"><strong>Kameliadamen</strong> er forfatterens mest kjente verk, </div>  <div align="left">og er blant annet opphav til Verdi-operaen La Traviata. </div>  <div align="left">Alexandre Dumas d.y. var sønn av den franske  forfatteren </div>  <div align="left">Alexandre Dumas d.e. som er mest kjent for bøkene</div>  <div align="left"><strong>Greven av Monte Cristo</strong> og <strong>De tre musketerer</strong>. </div>  <div align="left">&#160;</div>  <div align="left"><br />  </div></span>  ]]></wp:meta_value>
            </wp:postmeta>
            <wp:postmeta>
                <wp:meta_key>_lsb_review</wp:meta_key>
                <wp:meta_value><![CDATA[lsb_acf_review]]></wp:meta_value>
            </wp:postmeta>
            <wp:postmeta>
                <wp:meta_key>lsb_quote</wp:meta_key>
                <wp:meta_value><![CDATA[Marguerite var en vakker kvinne, men om kvinner av hennes sort vekker oppmerksomhet i live, er det noe ganske annet når de dør. De er som soler som går ned slik de en gang sto opp, ubemerket og uten å vekke interesse. Dør de unge, får alle elskerne deres vite det samtidig, for i Paris er elskerne til en kjent kurtisane som oftest nære venner, alle sammen. De prater litt om henne, og så går livet videre som om ingenting har skjedd, og ingen feller tårer for hennes skyld. ]]></wp:meta_value>
            </wp:postmeta>
            <wp:postmeta>
                <wp:meta_key>_lsb_quote</wp:meta_key>
                <wp:meta_value><![CDATA[lsb_acf_quote]]></wp:meta_value>
            </wp:postmeta>
            <wp:postmeta>
                <wp:meta_key>lsb_supported</wp:meta_key>
                <wp:meta_value><![CDATA[1]]></wp:meta_value>
            </wp:postmeta>
            <wp:postmeta>
                <wp:meta_key>_lsb_supported</wp:meta_key>
                <wp:meta_value><![CDATA[lsb_acf_supported]]></wp:meta_value>
            </wp:postmeta>
            <wp:postmeta>
                <wp:meta_key>lsb_support_cat</wp:meta_key>
                <wp:meta_value><![CDATA[yellow]]></wp:meta_value>
            </wp:postmeta>
            <wp:postmeta>
                <wp:meta_key>_lsb_support_cat</wp:meta_key>
                <wp:meta_value><![CDATA[lsb_acf_support_cat]]></wp:meta_value>
            </wp:postmeta>
            <category domain="lsb_tax_author" nicename="alexandre-dumas-d.y."><![CDATA[Alexandre Dumas d.y.]]></category>
            <category domain="lsb_tax_publisher" nicename="aller-media"><![CDATA[Aller Media]]></category>
            <category domain="lsb_tax_translator" nicename="ann-magritt-sævold"><![CDATA[Ann-Magritt Sævold]]></category>
            <wp:postmeta>
                <wp:meta_key>lsb_look_inside</wp:meta_key>
                <wp:meta_value><![CDATA[CUSTOM_BLA_I_BOKA]]></wp:meta_value>
            </wp:postmeta>
            <wp:postmeta>
                <wp:meta_key>_lsb_look_inside</wp:meta_key>
                <wp:meta_value><![CDATA[lsb_acf_look_inside]]></wp:meta_value>
            </wp:postmeta>
            <category domain="lsb_tax_age" nicename="voksne"><![CDATA[voksne]]></category>
            <category domain="lsb_tax_genre" nicename="prosa"><![CDATA[prosa]]></category>
            <category domain="lsb_tax_topic" nicename="kjærlighet"><![CDATA[kjærlighet]]></category>
            <category domain="lsb_tax_language" nicename="no_nb"><![CDATA[bokmål]]></category>
            <category domain="lsb_tax_customization" nicename="storskrift"><![CDATA[storskrift]]></category>
            <wp:postmeta>
                <wp:meta_key>_thumbnail_id</wp:meta_key>
                <wp:meta_value><![CDATA[5454]]></wp:meta_value>
            </wp:postmeta>
        </item>
        <item>
            <title>Front_kameliadamen.jpg</title>
            <wp:post_id>5454</wp:post_id>
            <wp:status>inherit</wp:status>
            <wp:post_type>attachment</wp:post_type>
            <wp:attachment_url>https://raw.githubusercontent.com/lesersokerbok/boksok.no-data-utils/master/output-example/images/DF4D84A305BE4C9FA591DE2EACE2CACD.jpg</wp:attachment_url>
        </item>
        <item>
            <wp:post_type>lsb_book</wp:post_type>
            <wp:status>publish</wp:status>
            <title>Ulvehunden </title>
            <excerpt:encoded><![CDATA[Den populære klassikeren - nå i storskriftutgave! ]]></excerpt:encoded>
            <wp:postmeta>
                <wp:meta_key>lsb_isbn</wp:meta_key>
                <wp:meta_value><![CDATA[9788282683814]]></wp:meta_value>
            </wp:postmeta>
            <wp:postmeta>
                <wp:meta_key>_lsb_isbn</wp:meta_key>
                <wp:meta_value><![CDATA[lsb_acf_isbn]]></wp:meta_value>
            </wp:postmeta>
            <wp:postmeta>
                <wp:meta_key>lsb_published_year</wp:meta_key>
                <wp:meta_value><![CDATA[2011]]></wp:meta_value>
            </wp:postmeta>
            <wp:postmeta>
                <wp:meta_key>_lsb_published_year</wp:meta_key>
                <wp:meta_value><![CDATA[lsb_acf_published_year]]></wp:meta_value>
            </wp:postmeta>
            <wp:postmeta>
                <wp:meta_key>lsb_pages</wp:meta_key>
                <wp:meta_value><![CDATA[282]]></wp:meta_value>
            </wp:postmeta>
            <wp:postmeta>
                <wp:meta_key>_lsb_pages</wp:meta_key>
                <wp:meta_value><![CDATA[lsb_acf_pages]]></wp:meta_value>
            </wp:postmeta>
            <wp:postmeta>
                <wp:meta_key>lsb_review</wp:meta_key>
                <wp:meta_value><![CDATA[  <div>Hvittann er halvt ulv, og halvt hund. </div>  <div>Han ble født i villmarken i Canada </div>  <div>og tas til fange av indiansek pelsjegere. </div>  <div>De temmer og kuer ham. </div>  <div>Hvittann vokser opp </div>  <div>som en sky og mannevond hund, </div>  <div>som alle frykter. </div>  <div>Men det er først når han får en ny herre, </div>  <div>at han opplever kjærlighet og forståelse for første gang. </div>  <div>&#160;</div>  <div>  <div align="left">Denne versjonen med storskrift gjør </div>  <div align="left"><strong>Ulvehunden </strong>tilgjengelig for synssvake lesere.  </div>  <div align="left">&#160;</div>  <div align="left">Amerikanske Jack London (1876-1916) </div>  <div align="left">er mest kjent for <strong>Ulvehunden</strong> (1906) og <strong>Når villdyret våkner</strong> (1903). </div>  <div align="left"><strong>Ulvehunden</strong> ble gitt ut på norsk for første gang i 1957. </div></div>  ]]></wp:meta_value>
            </wp:postmeta>
            <wp:postmeta>
                <wp:meta_key>_lsb_review</wp:meta_key>
                <wp:meta_value><![CDATA[lsb_acf_review]]></wp:meta_value>
            </wp:postmeta>
            <wp:postmeta>
                <wp:meta_key>lsb_quote</wp:meta_key>
                <wp:meta_value><![CDATA[Utpå høsten, da dagene ble kortere og luften fikk et drag av frost, fikk Hvittann en sjanse til å rømme. I flere dager hadde det vært stor ståhei i leiren. Sommerleiren ble rigget ned, og stammen, med stort og smått, gjorde seg klar for å legge ut på høstjakten. Hvittann fulgte årvåkent med på alt som skjedde, og da teltene ble tatt ned og kanoene lastet, forsto han hva som foregikk. De første kanoene var allerede på vei nedover elven, og noen var forsvunnet. ]]></wp:meta_value>
            </wp:postmeta>
            <wp:postmeta>
                <wp:meta_key>_lsb_quote</wp:meta_key>
                <wp:meta_value><![CDATA[lsb_acf_quote]]></wp:meta_value>
            </wp:postmeta>
            <wp:postmeta>
                <wp:meta_key>lsb_supported</wp:meta_key>
                <wp:meta_value><![CDATA[1]]></wp:meta_value>
            </wp:postmeta>
            <wp:postmeta>
                <wp:meta_key>_lsb_supported</wp:meta_key>
                <wp:meta_value><![CDATA[lsb_acf_supported]]></wp:meta_value>
            </wp:postmeta>
            <wp:postmeta>
                <wp:meta_key>lsb_support_cat</wp:meta_key>
                <wp:meta_value><![CDATA[yellow]]></wp:meta_value>
            </wp:postmeta>
            <wp:postmeta>
                <wp:meta_key>_lsb_support_cat</wp:meta_key>
                <wp:meta_value><![CDATA[lsb_acf_support_cat]]></wp:meta_value>
            </wp:postmeta>
            <category domain="lsb_tax_author" nicename="jack-london"><![CDATA[Jack London]]></category>
            <category domain="lsb_tax_publisher" nicename="aller-media"><![CDATA[Aller Media]]></category>
            <category domain="lsb_tax_translator" nicename="ann-magritt-sævold"><![CDATA[Ann-Magritt Sævold]]></category>
            <wp:postmeta>
                <wp:meta_key>lsb_look_inside</wp:meta_key>
                <wp:meta_value><![CDATA[CUSTOM_BLA_I_BOKA]]></wp:meta_value>
            </wp:postmeta>
            <wp:postmeta>
                <wp:meta_key>_lsb_look_inside</wp:meta_key>
                <wp:meta_value><![CDATA[lsb_acf_look_inside]]></wp:meta_value>
            </wp:postmeta>
            <category domain="lsb_tax_age" nicename="voksne"><![CDATA[voksne]]></category>
            <category domain="lsb_tax_genre" nicename="prosa"><![CDATA[prosa]]></category>
            <category domain="lsb_tax_topic" nicename="historie"><![CDATA[historie]]></category>
            <category domain="lsb_tax_topic" nicename="samfunn"><![CDATA[samfunn]]></category>
            <category domain="lsb_tax_topic" nicename="natur"><![CDATA[natur]]></category>
            <category domain="lsb_tax_language" nicename="no_nb"><![CDATA[bokmål]]></category>
            <category domain="lsb_tax_customization" nicename="storskrift"><![CDATA[storskrift]]></category>
            <wp:postmeta>
                <wp:meta_key>_thumbnail_id</wp:meta_key>
                <wp:meta_value><![CDATA[5455]]></wp:meta_value>
            </wp:postmeta>
        </item>
        <item>
            <title>Front_Ulvehunden.jpg</title>
            <wp:post_id>5455</wp:post_id>
            <wp:status>inherit</wp:status>
            <wp:post_type>attachment</wp:post_type>
            <wp:attachment_url>https://raw.githubusercontent.com/lesersokerbok/boksok.no-data-utils/master/output-example/images/29C9824127374E208685DD69C82C00D3.jpg</wp:attachment_url>
        </item>
        <item>
            <wp:post_type>lsb_book</wp:post_type>
            <wp:status>publish</wp:status>
            <title>Ingen skal høre hvor stille det er </title>
            <excerpt:encoded><![CDATA[Vakker og sår barndomsskildring om en psykisk syk mor. ]]></excerpt:encoded>
            <wp:postmeta>
                <wp:meta_key>lsb_isbn</wp:meta_key>
                <wp:meta_value><![CDATA[9788202334529]]></wp:meta_value>
            </wp:postmeta>
            <wp:postmeta>
                <wp:meta_key>_lsb_isbn</wp:meta_key>
                <wp:meta_value><![CDATA[lsb_acf_isbn]]></wp:meta_value>
            </wp:postmeta>
            <wp:postmeta>
                <wp:meta_key>lsb_published_year</wp:meta_key>
                <wp:meta_value><![CDATA[2010]]></wp:meta_value>
            </wp:postmeta>
            <wp:postmeta>
                <wp:meta_key>_lsb_published_year</wp:meta_key>
                <wp:meta_value><![CDATA[lsb_acf_published_year]]></wp:meta_value>
            </wp:postmeta>
            <wp:postmeta>
                <wp:meta_key>lsb_pages</wp:meta_key>
                <wp:meta_value><![CDATA[136]]></wp:meta_value>
            </wp:postmeta>
            <wp:postmeta>
                <wp:meta_key>_lsb_pages</wp:meta_key>
                <wp:meta_value><![CDATA[lsb_acf_pages]]></wp:meta_value>
            </wp:postmeta>
            <wp:postmeta>
                <wp:meta_key>lsb_review</wp:meta_key>
                <wp:meta_value><![CDATA[  <div>Som barn må Hanna forholde seg til sin mors</div>  <div>stadig skiftende sinnstilstander:  </div>  <div>Den viltre Kråka, </div>  <div>som hun kan ha hemmeligheter sammen med,</div>  <div>men som lett kan bli sint - </div>  <div>den tause og kalde Nattfugl,</div>  <div>som fyller huset med stillhet og mørke, </div>  <div>og mamma - som hun liker aller best, </div>  <div>mamma som har rolig stemme, </div>  <div>og som elsker å sitte ved dreieskiven, </div>  <div>eller å være ute i skogen. </div>  <div>&#160;</div>  <div>Hanna er et presset barn, </div>  <div>som plages </div>  <div>i forholdet til venninner. </div>  <div>Men som velger å holde problemene for seg selv, </div>  <div>for å ikke bry moren. </div>  <div>For ellers blir det illsinte telefoner til skolen</div>  <div>og en masse oppstyr. </div>  <div>&#160;</div>  <div>Gjennom romanen veksler to stemmer. </div>  <div>Leseren møter både Hanna som barn </div>  <div>og som voksen. </div>  <div>Da kommer hun tilbake til barndomshjemmet </div>  <div>etter morens død. </div>  <div>En nagende tvil voksen fram i henne, </div>  <div>og hun tvinger seg til å ta et oppgjør med faren. </div>  <div>&#160;</div>  <div>Med et klart, presist og enkelt språk</div>  <div>skilder Benedicte Meyer Kroneberg (f. 1972) </div>  <div>en mors pyskiske sykdom sett med barneøyne. </div>  <div>Det er noen lange setninger,  </div>  <div>men teksten er formidlet på en lett tilgjengelig måte </div>  <div>med få vanskelige ord. </div>  <div>&#160;</div>  <div>Dette er forfatterens debutroman. </div>  <div><strong>Ingen skal høre hvor stille det er</strong></div>  <div>er nominert til Sørlandets litteraturpris 2011. </div>  ]]></wp:meta_value>
            </wp:postmeta>
            <wp:postmeta>
                <wp:meta_key>_lsb_review</wp:meta_key>
                <wp:meta_value><![CDATA[lsb_acf_review]]></wp:meta_value>
            </wp:postmeta>
            <wp:postmeta>
                <wp:meta_key>lsb_quote</wp:meta_key>
                <wp:meta_value><![CDATA[Om morgenen er det stille i huset når jeg våkner, så   Kråka har nok sovnet til slutt, og hun har glemt å   vekke meg, så jeg må bare ta på meg klærne og løpe   uten frokost og uten matpakke, for skolen begynner   om ti minutter. Hele veien til skolen tenker jeg: Når jeg   kommer hjem, må jeg ringe, det er ikke bra å snakke med   seg selv om natten, om natten skal vi sove og ikke   snakke, og vi skal stå opp i god tid så vi kan spise frokost  og lage matpakke og ta på rene klær, ikke den skitne buksa  fra i går, med flekken jeg prøver å skjule  med hånden når jeg sitter i klasserommet. I dag må   ringe, tenker jeg. ]]></wp:meta_value>
            </wp:postmeta>
            <wp:postmeta>
                <wp:meta_key>_lsb_quote</wp:meta_key>
                <wp:meta_value><![CDATA[lsb_acf_quote]]></wp:meta_value>
            </wp:postmeta>
            <wp:postmeta>
                <wp:meta_key>lsb_supported</wp:meta_key>
                <wp:meta_value><![CDATA[0]]></wp:meta_value>
            </wp:postmeta>
            <wp:postmeta>
                <wp:meta_key>_lsb_supported</wp:meta_key>
                <wp:meta_value><![CDATA[lsb_acf_supported]]></wp:meta_value>
            </wp:postmeta>
            <category domain="lsb_tax_author" nicename="benedicte-meyer-kroneberg"><![CDATA[Benedicte Meyer Kroneberg]]></category>
            <category domain="lsb_tax_publisher" nicename="cappelen-damm"><![CDATA[Cappelen Damm]]></category>
            <wp:postmeta>
                <wp:meta_key>lsb_look_inside</wp:meta_key>
                <wp:meta_value><![CDATA[CUSTOM_BLA_I_BOKA]]></wp:meta_value>
            </wp:postmeta>
            <wp:postmeta>
                <wp:meta_key>_lsb_look_inside</wp:meta_key>
                <wp:meta_value><![CDATA[lsb_acf_look_inside]]></wp:meta_value>
            </wp:postmeta>
            <category domain="lsb_tax_age" nicename="voksne"><![CDATA[voksne]]></category>
            <category domain="lsb_tax_genre" nicename="prosa"><![CDATA[prosa]]></category>
            <category domain="lsb_tax_topic" nicename="mennesker-i-mellom"><![CDATA[mennesker i mellom]]></category>
            <category domain="lsb_tax_language" nicename="no_nb"><![CDATA[bokmål]]></category>
            <category domain="lsb_tax_customization" nicename="skjønnlitteratur"><![CDATA[skjønnlitteratur]]></category>
            <wp:postmeta>
                <wp:meta_key>_thumbnail_id</wp:meta_key>
                <wp:meta_value><![CDATA[5456]]></wp:meta_value>
            </wp:postmeta>
        </item>
        <item>
            <title>ingen skal høre hvor stille det er.jpg</title>
            <wp:post_id>5456</wp:post_id>
            <wp:status>inherit</wp:status>
            <wp:post_type>attachment</wp:post_type>
            <wp:attachment_url>https://raw.githubusercontent.com/lesersokerbok/boksok.no-data-utils/master/output-example/images/E077A2B8B2F446A2B9B55B22A75BCA20.jpg</wp:attachment_url>
        </item>
        <item>
            <wp:post_type>lsb_book</wp:post_type>
            <wp:status>publish</wp:status>
            <title>Med egne øyne</title>
            <excerpt:encoded><![CDATA[Den prisbelønte forfatteren Arne Svingen   og debutanten Christoffer Grav   har laget en annerledes kjærlighetsroman   om å se verden på en ny måte.   ]]></excerpt:encoded>
            <wp:postmeta>
                <wp:meta_key>lsb_isbn</wp:meta_key>
                <wp:meta_value><![CDATA[9788202330989]]></wp:meta_value>
            </wp:postmeta>
            <wp:postmeta>
                <wp:meta_key>_lsb_isbn</wp:meta_key>
                <wp:meta_value><![CDATA[lsb_acf_isbn]]></wp:meta_value>
            </wp:postmeta>
            <wp:postmeta>
                <wp:meta_key>lsb_published_year</wp:meta_key>
                <wp:meta_value><![CDATA[2010]]></wp:meta_value>
            </wp:postmeta>
            <wp:postmeta>
                <wp:meta_key>_lsb_published_year</wp:meta_key>
                <wp:meta_value><![CDATA[lsb_acf_published_year]]></wp:meta_value>
            </wp:postmeta>
            <wp:postmeta>
                <wp:meta_key>lsb_pages</wp:meta_key>
                <wp:meta_value/>
            </wp:postmeta>
            <wp:postmeta>
                <wp:meta_key>_lsb_pages</wp:meta_key>
                <wp:meta_value><![CDATA[lsb_acf_pages]]></wp:meta_value>
            </wp:postmeta>
            <wp:postmeta>
                <wp:meta_key>lsb_review</wp:meta_key>
                <wp:meta_value><![CDATA[  <div>En grafisk roman om rockestjernen Jim <br />  som er på høyden av sin artistkarriere, <br />  men som likevel savner noe. <br />  Jim er lei alt presset fra media og fans, <br />  og tar en time-out der han reiser langt, langt bort. <br />  Vekk fra alt.</div>  <div><br />  Så møter han den vakre, rødhårede Lise. <br />  Og for første gang blir ikke Jim gjenkjent. <br />  For en befrielse! <br />  Forklaringen er enkel; hun er blind. <br />  Og dermed ser Jim en gyllen anledning <br />  til å gi seg ut som en helt vanlig ung gutt, </div>  <div>uten stjernestatus. <br />  Men å lyve for en jente </div>  <div>som du er forelsket i, fører til trøbbel... <br />  </div>  <div>Svingens enkle tekst suppleres og utfylles godt</div>  <div>med Gravs sikre strek i bildene. </div>  <div>&#160;</div>  <div>Det er mest dialog i boka, </div>  <div>som kan være litt vanskelig å følge enkelte steder. </div>  <div>Noen brå hopp i tid kan være forvirrende </div>  <div>for enkelte lesere.   </div>  <div>&#160;</div>  <div>Christoffer Grav vant sølv </div>  <div>for <strong>Med egne øyne</strong> i kategorien </div>  <div>beste barne- og ungdomsroman</div>  <div>i Årets vakreste bøker 2011. </div>  ]]></wp:meta_value>
            </wp:postmeta>
            <wp:postmeta>
                <wp:meta_key>_lsb_review</wp:meta_key>
                <wp:meta_value><![CDATA[lsb_acf_review]]></wp:meta_value>
            </wp:postmeta>
            <wp:postmeta>
                <wp:meta_key>lsb_quote</wp:meta_key>
                <wp:meta_value><![CDATA[- Går det bra?   - Fint. Og du?  - Jeg liker å rusle langs stranda. Det er så fredelig her.   Ingen som plager meg.   - Som plager deg? Det var vel du som kom etter meg.   Vi passerte hverandre i sted, ikke sant?   - Vi gjorde visst det. Nå vet jeg hvorda]]></wp:meta_value>
            </wp:postmeta>
            <wp:postmeta>
                <wp:meta_key>_lsb_quote</wp:meta_key>
                <wp:meta_value><![CDATA[lsb_acf_quote]]></wp:meta_value>
            </wp:postmeta>
            <wp:postmeta>
                <wp:meta_key>lsb_supported</wp:meta_key>
                <wp:meta_value><![CDATA[0]]></wp:meta_value>
            </wp:postmeta>
            <wp:postmeta>
                <wp:meta_key>_lsb_supported</wp:meta_key>
                <wp:meta_value><![CDATA[lsb_acf_supported]]></wp:meta_value>
            </wp:postmeta>
            <category domain="lsb_tax_author" nicename="arne-svingen"><![CDATA[Arne Svingen]]></category>
            <category domain="lsb_tax_publisher" nicename="cappelen-damm"><![CDATA[Cappelen Damm]]></category>
            <category domain="lsb_tax_illustrator" nicename="christoffer-grav"><![CDATA[Christoffer Grav]]></category>
            <wp:postmeta>
                <wp:meta_key>lsb_look_inside</wp:meta_key>
                <wp:meta_value><![CDATA[CUSTOM_BLA_I_BOKA]]></wp:meta_value>
            </wp:postmeta>
            <wp:postmeta>
                <wp:meta_key>_lsb_look_inside</wp:meta_key>
                <wp:meta_value><![CDATA[lsb_acf_look_inside]]></wp:meta_value>
            </wp:postmeta>
            <category domain="lsb_tax_age" nicename="ungdom"><![CDATA[ungdom]]></category>
            <category domain="lsb_tax_genre" nicename="prosa"><![CDATA[prosa]]></category>
            <category domain="lsb_tax_topic" nicename="kjærlighet"><![CDATA[kjærlighet]]></category>
            <category domain="lsb_tax_language" nicename="no_nb"><![CDATA[bokmål]]></category>
            <category domain="lsb_tax_customization" nicename="skjønnlitteratur"><![CDATA[skjønnlitteratur]]></category>
            <category domain="lsb_tax_customization" nicename="mange-bilder"><![CDATA[mange bilder]]></category>
            <wp:postmeta>
                <wp:meta_key>_thumbnail_id</wp:meta_key>
                <wp:meta_value><![CDATA[5457]]></wp:meta_value>
            </wp:postmeta>
        </item>
        <item>
            <title>med egne øyne.jpg</title>
            <wp:post_id>5457</wp:post_id>
            <wp:status>inherit</wp:status>
            <wp:post_type>attachment</wp:post_type>
            <wp:attachment_url>https://raw.githubusercontent.com/lesersokerbok/boksok.no-data-utils/master/output-example/images/E71CCD8148B944B5870251D53B5341C2.jpg</wp:attachment_url>
        </item>
        <item>
            <wp:post_type>lsb_book</wp:post_type>
            <wp:status>publish</wp:status>
            <title>Orgien og andre fortellinger</title>
            <excerpt:encoded><![CDATA[Debutanten Nina Lykke skriver om relasjoner   mellom kvinner, og om søstre og ektefeller,   og om det å sitte fast i mønstre   som de ikke kommer seg ut av. ]]></excerpt:encoded>
            <wp:postmeta>
                <wp:meta_key>lsb_isbn</wp:meta_key>
                <wp:meta_value><![CDATA[9788249507726]]></wp:meta_value>
            </wp:postmeta>
            <wp:postmeta>
                <wp:meta_key>_lsb_isbn</wp:meta_key>
                <wp:meta_value><![CDATA[lsb_acf_isbn]]></wp:meta_value>
            </wp:postmeta>
            <wp:postmeta>
                <wp:meta_key>lsb_published_year</wp:meta_key>
                <wp:meta_value><![CDATA[2010]]></wp:meta_value>
            </wp:postmeta>
            <wp:postmeta>
                <wp:meta_key>_lsb_published_year</wp:meta_key>
                <wp:meta_value><![CDATA[lsb_acf_published_year]]></wp:meta_value>
            </wp:postmeta>
            <wp:postmeta>
                <wp:meta_key>lsb_pages</wp:meta_key>
                <wp:meta_value><![CDATA[173]]></wp:meta_value>
            </wp:postmeta>
            <wp:postmeta>
                <wp:meta_key>_lsb_pages</wp:meta_key>
                <wp:meta_value><![CDATA[lsb_acf_pages]]></wp:meta_value>
            </wp:postmeta>
            <wp:postmeta>
                <wp:meta_key>lsb_review</wp:meta_key>
                <wp:meta_value><![CDATA[  <div>Novellesamlingen skildrer gjenkjennelige situasjoner</div>  <div>i en hverdag som ofte oppleves som uutholdelig. </div>  <div>Nina Lykke skildrer tragikomiske hendelser</div>  <div>der karakterene sliter og famler i relasjonene til hverandre. </div>  <div>&#160;</div>  <div>I "Skål for kokken" er det middelaldrende kvinner </div>  <div>med et bittert syn på livet, </div>  <div>og med anstrengte forhold til venninner. </div>  <div>I novellen "Arne", møter vi en skilt, desperat femtiåring</div>  <div>med hettegenser som har en kjæreste på tjueåtte, </div>  <div>og som stadig opplever at han ikke passer inn.  </div>  <div>Den tragikomiske novellen "Pang, du er død"</div>  <div>viser singellivets mange utfordringer,</div>  <div>der det fryktede ordet "desperat" </div>  <div>setter i gang en lang rekke hendelser. </div>  <div>&#160;</div>  <div>Nina Lykke (f. 1965) har en skarp penn, </div>  <div>og skriver med sarkasme og med treffende replikker. </div>  <div>Hun har et klart og presist språk </div>  <div>og bruker få vanskelige ord. </div>  <div>Det er lett å følge handlingen i de korte novellene. </div>  <div>De fleste av dem er realistiske, </div>  <div>med unntak av tittelnovellen "Orgien" </div>  <div>som har et mer surrealistisk preg.  </div>  <div>&#160;</div>  ]]></wp:meta_value>
            </wp:postmeta>
            <wp:postmeta>
                <wp:meta_key>_lsb_review</wp:meta_key>
                <wp:meta_value><![CDATA[lsb_acf_review]]></wp:meta_value>
            </wp:postmeta>
            <wp:postmeta>
                <wp:meta_key>lsb_quote</wp:meta_key>
                <wp:meta_value><![CDATA[Etter hvert begynte de å snakke sammen alle fire.   Kari fortalte noen av historiene sine, mange av dem var   forholdsvis nye, så hun trodde ikke Eline og Erik hadde  hørt dem før. Alle lo, og Kari begynte å føle seg litt  bedre. Å herregud, var den bare halv elleve? De kunne  ikke dra før halv tolv. Dro man før halv tolv var det   mislykket, det visste alle. Men hvis noen hadde kikket  inn av vinduene på dem nå, der de to parene satt rundt  bordet, ville de ikke tenkt på dette som mislykket. Det   ville sett helt normalt og vanlig ut. ]]></wp:meta_value>
            </wp:postmeta>
            <wp:postmeta>
                <wp:meta_key>_lsb_quote</wp:meta_key>
                <wp:meta_value><![CDATA[lsb_acf_quote]]></wp:meta_value>
            </wp:postmeta>
            <wp:postmeta>
                <wp:meta_key>lsb_supported</wp:meta_key>
                <wp:meta_value><![CDATA[0]]></wp:meta_value>
            </wp:postmeta>
            <wp:postmeta>
                <wp:meta_key>_lsb_supported</wp:meta_key>
                <wp:meta_value><![CDATA[lsb_acf_supported]]></wp:meta_value>
            </wp:postmeta>
            <category domain="lsb_tax_author" nicename="nina-lykke"><![CDATA[Nina Lykke]]></category>
            <category domain="lsb_tax_publisher" nicename="oktober"><![CDATA[Oktober]]></category>
            <wp:postmeta>
                <wp:meta_key>lsb_look_inside</wp:meta_key>
                <wp:meta_value><![CDATA[CUSTOM_BLA_I_BOKA]]></wp:meta_value>
            </wp:postmeta>
            <wp:postmeta>
                <wp:meta_key>_lsb_look_inside</wp:meta_key>
                <wp:meta_value><![CDATA[lsb_acf_look_inside]]></wp:meta_value>
            </wp:postmeta>
            <category domain="lsb_tax_age" nicename="voksne"><![CDATA[voksne]]></category>
            <category domain="lsb_tax_genre" nicename="prosa"><![CDATA[prosa]]></category>
            <category domain="lsb_tax_topic" nicename="mennesker-i-mellom"><![CDATA[mennesker i mellom]]></category>
            <category domain="lsb_tax_language" nicename="no_nb"><![CDATA[bokmål]]></category>
            <category domain="lsb_tax_customization" nicename="skjønnlitteratur"><![CDATA[skjønnlitteratur]]></category>
            <wp:postmeta>
                <wp:meta_key>_thumbnail_id</wp:meta_key>
                <wp:meta_value><![CDATA[5458]]></wp:meta_value>
            </wp:postmeta>
        </item>
        <item>
            <title>orgien.jpg</title>
            <wp:post_id>5458</wp:post_id>
            <wp:status>inherit</wp:status>
            <wp:post_type>attachment</wp:post_type>
            <wp:attachment_url>https://raw.githubusercontent.com/lesersokerbok/boksok.no-data-utils/master/output-example/images/B839736BA114402AA6CFA95D160E4F22.jpg</wp:attachment_url>
        </item>
        <item>
            <wp:post_type>lsb_book</wp:post_type>
            <wp:status>publish</wp:status>
            <title>Den yngste</title>
            <excerpt:encoded><![CDATA[Korte dikt om søsken og familie.  ]]></excerpt:encoded>
            <wp:postmeta>
                <wp:meta_key>lsb_isbn</wp:meta_key>
                <wp:meta_value><![CDATA[9788205398139]]></wp:meta_value>
            </wp:postmeta>
            <wp:postmeta>
                <wp:meta_key>_lsb_isbn</wp:meta_key>
                <wp:meta_value><![CDATA[lsb_acf_isbn]]></wp:meta_value>
            </wp:postmeta>
            <wp:postmeta>
                <wp:meta_key>lsb_published_year</wp:meta_key>
                <wp:meta_value><![CDATA[2010]]></wp:meta_value>
            </wp:postmeta>
            <wp:postmeta>
                <wp:meta_key>_lsb_published_year</wp:meta_key>
                <wp:meta_value><![CDATA[lsb_acf_published_year]]></wp:meta_value>
            </wp:postmeta>
            <wp:postmeta>
                <wp:meta_key>lsb_pages</wp:meta_key>
                <wp:meta_value><![CDATA[45]]></wp:meta_value>
            </wp:postmeta>
            <wp:postmeta>
                <wp:meta_key>_lsb_pages</wp:meta_key>
                <wp:meta_value><![CDATA[lsb_acf_pages]]></wp:meta_value>
            </wp:postmeta>
            <wp:postmeta>
                <wp:meta_key>lsb_review</wp:meta_key>
                <wp:meta_value><![CDATA[  <div>Gjennom boka er vi med lillesøster i en større familie. </div>  <div>Hun forteller om kjærlighet til sine søstre,</div>  <div>og nærhet til sine brødre,</div>  <div>men også om løsrivelse.</div>  <div>&#160;</div>  <div>  <div>Gjenom korte dikt forteller hun sin historie.</div>  <div>Hun viser oss sin plass i familien.</div>  <div>Diktene er korte og lette å kjenne seg igjen i. </div></div>  <div>&#160;</div>  ]]></wp:meta_value>
            </wp:postmeta>
            <wp:postmeta>
                <wp:meta_key>_lsb_review</wp:meta_key>
                <wp:meta_value><![CDATA[lsb_acf_review]]></wp:meta_value>
            </wp:postmeta>
            <wp:postmeta>
                <wp:meta_key>lsb_quote</wp:meta_key>
                <wp:meta_value><![CDATA[Min søster tar meg med i svømmehallen.   Hun lærer meg å holde puste under vann.   Min søster holder pusten så lenge at badevakten tror hun drukner.   Badevakten følger min søster og meg hjem.   Han går uten lue, og det våte håret hans fryser til is.  ]]></wp:meta_value>
            </wp:postmeta>
            <wp:postmeta>
                <wp:meta_key>_lsb_quote</wp:meta_key>
                <wp:meta_value><![CDATA[lsb_acf_quote]]></wp:meta_value>
            </wp:postmeta>
            <wp:postmeta>
                <wp:meta_key>lsb_supported</wp:meta_key>
                <wp:meta_value><![CDATA[0]]></wp:meta_value>
            </wp:postmeta>
            <wp:postmeta>
                <wp:meta_key>_lsb_supported</wp:meta_key>
                <wp:meta_value><![CDATA[lsb_acf_supported]]></wp:meta_value>
            </wp:postmeta>
            <category domain="lsb_tax_author" nicename="ingvill-solberg"><![CDATA[Ingvill Solberg]]></category>
            <category domain="lsb_tax_publisher" nicename="gyldendal"><![CDATA[Gyldendal]]></category>
            <wp:postmeta>
                <wp:meta_key>lsb_look_inside</wp:meta_key>
                <wp:meta_value><![CDATA[CUSTOM_BLA_I_BOKA]]></wp:meta_value>
            </wp:postmeta>
            <wp:postmeta>
                <wp:meta_key>_lsb_look_inside</wp:meta_key>
                <wp:meta_value><![CDATA[lsb_acf_look_inside]]></wp:meta_value>
            </wp:postmeta>
            <category domain="lsb_tax_age" nicename="voksne"><![CDATA[voksne]]></category>
            <category domain="lsb_tax_genre" nicename="dikt"><![CDATA[dikt]]></category>
            <category domain="lsb_tax_topic" nicename="mennesker-i-mellom"><![CDATA[mennesker i mellom]]></category>
            <category domain="lsb_tax_language" nicename="no_nb"><![CDATA[bokmål]]></category>
            <category domain="lsb_tax_customization" nicename="skjønnlitteratur"><![CDATA[skjønnlitteratur]]></category>
            <wp:postmeta>
                <wp:meta_key>_thumbnail_id</wp:meta_key>
                <wp:meta_value><![CDATA[5459]]></wp:meta_value>
            </wp:postmeta>
        </item>
        <item>
            <title>Den yngste.jpg</title>
            <wp:post_id>5459</wp:post_id>
            <wp:status>inherit</wp:status>
            <wp:post_type>attachment</wp:post_type>
            <wp:attachment_url>https://raw.githubusercontent.com/lesersokerbok/boksok.no-data-utils/master/output-example/images/1C7FB2DAFD79496DA4FB5B69C108344F.jpg</wp:attachment_url>
        </item>
        <item>
            <wp:post_type>lsb_book</wp:post_type>
            <wp:status>publish</wp:status>
            <title>Ivar Nimme</title>
            <excerpt:encoded><![CDATA[Morosam og spanande roman om ein sta grisebonde!]]></excerpt:encoded>
            <wp:postmeta>
                <wp:meta_key>lsb_isbn</wp:meta_key>
                <wp:meta_value><![CDATA[9788248909873]]></wp:meta_value>
            </wp:postmeta>
            <wp:postmeta>
                <wp:meta_key>_lsb_isbn</wp:meta_key>
                <wp:meta_value><![CDATA[lsb_acf_isbn]]></wp:meta_value>
            </wp:postmeta>
            <wp:postmeta>
                <wp:meta_key>lsb_published_year</wp:meta_key>
                <wp:meta_value><![CDATA[2010]]></wp:meta_value>
            </wp:postmeta>
            <wp:postmeta>
                <wp:meta_key>_lsb_published_year</wp:meta_key>
                <wp:meta_value><![CDATA[lsb_acf_published_year]]></wp:meta_value>
            </wp:postmeta>
            <wp:postmeta>
                <wp:meta_key>lsb_pages</wp:meta_key>
                <wp:meta_value><![CDATA[238]]></wp:meta_value>
            </wp:postmeta>
            <wp:postmeta>
                <wp:meta_key>_lsb_pages</wp:meta_key>
                <wp:meta_value><![CDATA[lsb_acf_pages]]></wp:meta_value>
            </wp:postmeta>
            <wp:postmeta>
                <wp:meta_key>lsb_review</wp:meta_key>
                <wp:meta_value><![CDATA[  <div>Ivar Nimme er ein grisebonde på Vestlandet, </div>  <div>som har tatt over garden etter far sin. </div>  <div>Han har 400 grisar, som han tek godt vare på. </div>  <div>Ein dag står  kommuneveterinæren på døra </div>  <div>og vil at Ivar skal driva etter EU-direktiver. </div>  <div>I staden for å føya seg tek Ivar opp kampenmot byråkratane, </div>  <div>og finn ut at det er mørke krefter </div>  <div>som styrer både kommune og fylke. </div>  <div>Han får med seg kameratane sine, og går på krigsstien! </div>  <div>&#160;</div>  <div>  <div>Dette er den fyrste romanen til Arne Hjeltnes. </div>  <div>Han skriv kort og konsist, </div>  <div>med den kjende humoren som ein raud tråd gjennom boka. </div></div>  ]]></wp:meta_value>
            </wp:postmeta>
            <wp:postmeta>
                <wp:meta_key>_lsb_review</wp:meta_key>
                <wp:meta_value><![CDATA[lsb_acf_review]]></wp:meta_value>
            </wp:postmeta>
            <wp:postmeta>
                <wp:meta_key>lsb_quote</wp:meta_key>
                <wp:meta_value><![CDATA[Dei hadde eigen indianar på Nimme. På stølen, som låg eit par timars raske gonge inn i dalen og opp på fjellet, budde det ein ekte indianar. Han kalla seg for Will Chawue. Han var ikkje barnefødd indianar. Han var sjøvlærd. Will heitte eigentleg William van der Zoup og var nederlendar. Av grunnar få fekk vita, hadde han mønstra av heile sitt nederlandske opphav og gjort krav på å verta godteken som amerikansk indianar.]]></wp:meta_value>
            </wp:postmeta>
            <wp:postmeta>
                <wp:meta_key>_lsb_quote</wp:meta_key>
                <wp:meta_value><![CDATA[lsb_acf_quote]]></wp:meta_value>
            </wp:postmeta>
            <wp:postmeta>
                <wp:meta_key>lsb_supported</wp:meta_key>
                <wp:meta_value><![CDATA[0]]></wp:meta_value>
            </wp:postmeta>
            <wp:postmeta>
                <wp:meta_key>_lsb_supported</wp:meta_key>
                <wp:meta_value><![CDATA[lsb_acf_supported]]></wp:meta_value>
            </wp:postmeta>
            <category domain="lsb_tax_author" nicename="arne-hjeltnes"><![CDATA[Arne Hjeltnes]]></category>
            <category domain="lsb_tax_publisher" nicename="kagge"><![CDATA[Kagge]]></category>
            <wp:postmeta>
                <wp:meta_key>lsb_look_inside</wp:meta_key>
                <wp:meta_value><![CDATA[CUSTOM_BLA_I_BOKA]]></wp:meta_value>
            </wp:postmeta>
            <wp:postmeta>
                <wp:meta_key>_lsb_look_inside</wp:meta_key>
                <wp:meta_value><![CDATA[lsb_acf_look_inside]]></wp:meta_value>
            </wp:postmeta>
            <category domain="lsb_tax_age" nicename="voksne"><![CDATA[voksne]]></category>
            <category domain="lsb_tax_genre" nicename="prosa"><![CDATA[prosa]]></category>
            <category domain="lsb_tax_topic" nicename="krim"><![CDATA[krim]]></category>
            <category domain="lsb_tax_topic" nicename="spenning"><![CDATA[spenning]]></category>
            <category domain="lsb_tax_topic" nicename="historie"><![CDATA[historie]]></category>
            <category domain="lsb_tax_topic" nicename="samfunn"><![CDATA[samfunn]]></category>
            <category domain="lsb_tax_language" nicename="no_nn"><![CDATA[nynorsk]]></category>
            <category domain="lsb_tax_customization" nicename="skjønnlitteratur"><![CDATA[skjønnlitteratur]]></category>
            <wp:postmeta>
                <wp:meta_key>_thumbnail_id</wp:meta_key>
                <wp:meta_value><![CDATA[5460]]></wp:meta_value>
            </wp:postmeta>
        </item>
        <item>
            <title>Ivar_Nimme_forside.jpg</title>
            <wp:post_id>5460</wp:post_id>
            <wp:status>inherit</wp:status>
            <wp:post_type>attachment</wp:post_type>
            <wp:attachment_url>https://raw.githubusercontent.com/lesersokerbok/boksok.no-data-utils/master/output-example/images/B1D88B3185804B8FA40E811FF5FB57B9.jpg</wp:attachment_url>
        </item>
        <item>
            <wp:post_type>lsb_book</wp:post_type>
            <wp:status>publish</wp:status>
            <title>Du er her igjen og alt er forandra</title>
            <excerpt:encoded><![CDATA[Underfundige og morosame korte forteljingar  som er fine til høgtlesing. ]]></excerpt:encoded>
            <wp:postmeta>
                <wp:meta_key>lsb_isbn</wp:meta_key>
                <wp:meta_value><![CDATA[9788252178104]]></wp:meta_value>
            </wp:postmeta>
            <wp:postmeta>
                <wp:meta_key>_lsb_isbn</wp:meta_key>
                <wp:meta_value><![CDATA[lsb_acf_isbn]]></wp:meta_value>
            </wp:postmeta>
            <wp:postmeta>
                <wp:meta_key>lsb_published_year</wp:meta_key>
                <wp:meta_value><![CDATA[2011]]></wp:meta_value>
            </wp:postmeta>
            <wp:postmeta>
                <wp:meta_key>_lsb_published_year</wp:meta_key>
                <wp:meta_value><![CDATA[lsb_acf_published_year]]></wp:meta_value>
            </wp:postmeta>
            <wp:postmeta>
                <wp:meta_key>lsb_pages</wp:meta_key>
                <wp:meta_value><![CDATA[97]]></wp:meta_value>
            </wp:postmeta>
            <wp:postmeta>
                <wp:meta_key>_lsb_pages</wp:meta_key>
                <wp:meta_value><![CDATA[lsb_acf_pages]]></wp:meta_value>
            </wp:postmeta>
            <wp:postmeta>
                <wp:meta_key>lsb_review</wp:meta_key>
                <wp:meta_value><![CDATA[  <div>Ein forsmådd mann, ein livsnytar, ein sokneprest, <br />  ein (potensiell) øksemordar, </div>  <div>ein som kan drepe med blikket, og ein fyllekøyrar. </div>  <div>Desse er blant personene vi møter i denne korta boka. </div>  <div>&#160;</div>  <div>Felles for dei er at dei opplever at livet plutseleg har endra seg. </div>  <div>Anten det dreier seg om eit kjærleiksforhald er gått i stykker,</div>  <div>eller oppbrudd frå ein plass.  </div>  <div>&#160;</div>  <div>Sortland skriv med mykje absurd humor.  </div>  <div>Han lèt òg forteljingane endre seg med årstidene. </div>  <div>Det er mange overraskande vendingar undervegs.  </div>  <div>Ofte kan den siste setningen vere avgjerande. </div>  <div>&#160;</div>  <div>Forfattaren beherskar godt det korte formatet, </div>  <div>språket er knapt og presist, linjene få, <br />  og det unødvendige er skrelt bort. </div>  <div>Likevel sitter dei korte tekstene i lenge etter at dei er lese.  </div>  <div>&#160;</div>  <div>&#160;</div>  ]]></wp:meta_value>
            </wp:postmeta>
            <wp:postmeta>
                <wp:meta_key>_lsb_review</wp:meta_key>
                <wp:meta_value><![CDATA[lsb_acf_review]]></wp:meta_value>
            </wp:postmeta>
            <wp:postmeta>
                <wp:meta_key>lsb_quote</wp:meta_key>
                <wp:meta_value><![CDATA[Miranda ringte meg og fortalde at ho aldri ville sjå  meg igjen. Eg var på veg til stasjonen for å hente ho då   telefonen ringte. Den helgeturen ho hadde hatt til Bergen,   kom til å bli utvida, sa ho.   - Kanskje for alltid!   Eg satt i bilden og fekk lyst til å rope i røyret at eg  skulle ta meg saman viss det var det det stod på, men   så kom eg på at eg hadde tatt meg saman meir enn   godt var i det siste. Eg hadde endåtil stroke dongeri-  buksene mine for å gjere eit ekstra godt inntrykk. ]]></wp:meta_value>
            </wp:postmeta>
            <wp:postmeta>
                <wp:meta_key>_lsb_quote</wp:meta_key>
                <wp:meta_value><![CDATA[lsb_acf_quote]]></wp:meta_value>
            </wp:postmeta>
            <wp:postmeta>
                <wp:meta_key>lsb_supported</wp:meta_key>
                <wp:meta_value><![CDATA[0]]></wp:meta_value>
            </wp:postmeta>
            <wp:postmeta>
                <wp:meta_key>_lsb_supported</wp:meta_key>
                <wp:meta_value><![CDATA[lsb_acf_supported]]></wp:meta_value>
            </wp:postmeta>
            <category domain="lsb_tax_author" nicename="gaute-m.-sortland"><![CDATA[Gaute M. Sortland]]></category>
            <category domain="lsb_tax_publisher" nicename="samlaget"><![CDATA[Samlaget]]></category>
            <wp:postmeta>
                <wp:meta_key>lsb_look_inside</wp:meta_key>
                <wp:meta_value><![CDATA[CUSTOM_BLA_I_BOKA]]></wp:meta_value>
            </wp:postmeta>
            <wp:postmeta>
                <wp:meta_key>_lsb_look_inside</wp:meta_key>
                <wp:meta_value><![CDATA[lsb_acf_look_inside]]></wp:meta_value>
            </wp:postmeta>
            <category domain="lsb_tax_age" nicename="voksne"><![CDATA[voksne]]></category>
            <category domain="lsb_tax_genre" nicename="prosa"><![CDATA[prosa]]></category>
            <category domain="lsb_tax_topic" nicename="humor"><![CDATA[humor]]></category>
            <category domain="lsb_tax_topic" nicename="mennesker-i-mellom"><![CDATA[mennesker i mellom]]></category>
            <category domain="lsb_tax_language" nicename="no_nn"><![CDATA[nynorsk]]></category>
            <category domain="lsb_tax_customization" nicename="skjønnlitteratur"><![CDATA[skjønnlitteratur]]></category>
            <wp:postmeta>
                <wp:meta_key>_thumbnail_id</wp:meta_key>
                <wp:meta_value><![CDATA[5461]]></wp:meta_value>
            </wp:postmeta>
        </item>
        <item>
            <title>du er her igjen og alt er forandra.jpg</title>
            <wp:post_id>5461</wp:post_id>
            <wp:status>inherit</wp:status>
            <wp:post_type>attachment</wp:post_type>
            <wp:attachment_url>https://raw.githubusercontent.com/lesersokerbok/boksok.no-data-utils/master/output-example/images/1F89EE38DBE945B3B5E708C5BFD3D161.jpg</wp:attachment_url>
        </item>
        <item>
            <wp:post_type>lsb_book</wp:post_type>
            <wp:status>publish</wp:status>
            <title>Erfaring og forsvinning</title>
            <excerpt:encoded><![CDATA[Musikalske og muntlig dikt om å være en far   og om å være en sønn,   om den mexikanske morfaren som også skrev dikt,   og om kunst og politikk og tilhørighet.]]></excerpt:encoded>
            <wp:postmeta>
                <wp:meta_key>lsb_isbn</wp:meta_key>
                <wp:meta_value><![CDATA[9788249506279]]></wp:meta_value>
            </wp:postmeta>
            <wp:postmeta>
                <wp:meta_key>_lsb_isbn</wp:meta_key>
                <wp:meta_value><![CDATA[lsb_acf_isbn]]></wp:meta_value>
            </wp:postmeta>
            <wp:postmeta>
                <wp:meta_key>lsb_published_year</wp:meta_key>
                <wp:meta_value><![CDATA[2010]]></wp:meta_value>
            </wp:postmeta>
            <wp:postmeta>
                <wp:meta_key>_lsb_published_year</wp:meta_key>
                <wp:meta_value><![CDATA[lsb_acf_published_year]]></wp:meta_value>
            </wp:postmeta>
            <wp:postmeta>
                <wp:meta_key>lsb_pages</wp:meta_key>
                <wp:meta_value><![CDATA[64]]></wp:meta_value>
            </wp:postmeta>
            <wp:postmeta>
                <wp:meta_key>_lsb_pages</wp:meta_key>
                <wp:meta_value><![CDATA[lsb_acf_pages]]></wp:meta_value>
            </wp:postmeta>
            <wp:postmeta>
                <wp:meta_key>lsb_review</wp:meta_key>
                <wp:meta_value><![CDATA[  <div>Dette er forfatterens trettende diktsamling. </div>  <div>Han leker og boltrer seg med språket, </div>  <div>og har poetiske refleksjoner om <br />  blant annet trær, blomster og fugler.  </div>  <div>Mange av diktene har en alvorlig bunnklang. </div>  <div>&#160;</div>  <div>Noen av de lengste diktene kan være vanskelige å lese</div>  <div>fordi de er tettskrevne og mangler tegnsetting. </div>  <div>Det er likevel en god rytme i tekstene </div>  <div>som gjør dem overkommelige selv for utrente diktlesere. </div>  <div>&#160;</div>  <div>Torgeir Rebolledo Pedersen (f. 1949) debuterte i 1983. </div>  <div>Han har skrevet dramatikk, korverk og kabareter, </div>  <div>og er også en populær og prisbelønt slam-poet. </div>  <div>&#160;</div>  ]]></wp:meta_value>
            </wp:postmeta>
            <wp:postmeta>
                <wp:meta_key>_lsb_review</wp:meta_key>
                <wp:meta_value><![CDATA[lsb_acf_review]]></wp:meta_value>
            </wp:postmeta>
            <wp:postmeta>
                <wp:meta_key>lsb_quote</wp:meta_key>
                <wp:meta_value><![CDATA[TALE SØLV, TIE GULL    intet er så bløtt som gull  intet lar seg smelte om så villig    intet lar seg stemple lettere  i troskap som i utroskap    gull er hva en holden mann  gir sin husholderske    for å tie om dem   overfor sin kone    vil hun ha gull så får hun gull  tiegull    (..) ]]></wp:meta_value>
            </wp:postmeta>
            <wp:postmeta>
                <wp:meta_key>_lsb_quote</wp:meta_key>
                <wp:meta_value><![CDATA[lsb_acf_quote]]></wp:meta_value>
            </wp:postmeta>
            <wp:postmeta>
                <wp:meta_key>lsb_supported</wp:meta_key>
                <wp:meta_value><![CDATA[0]]></wp:meta_value>
            </wp:postmeta>
            <wp:postmeta>
                <wp:meta_key>_lsb_supported</wp:meta_key>
                <wp:meta_value><![CDATA[lsb_acf_supported]]></wp:meta_value>
            </wp:postmeta>
            <category domain="lsb_tax_author" nicename="torgeir-rebolledo-pedersen"><![CDATA[Torgeir Rebolledo Pedersen]]></category>
            <category domain="lsb_tax_publisher" nicename="oktober-"><![CDATA[Oktober ]]></category>
            <wp:postmeta>
                <wp:meta_key>lsb_look_inside</wp:meta_key>
                <wp:meta_value><![CDATA[CUSTOM_BLA_I_BOKA]]></wp:meta_value>
            </wp:postmeta>
            <wp:postmeta>
                <wp:meta_key>_lsb_look_inside</wp:meta_key>
                <wp:meta_value><![CDATA[lsb_acf_look_inside]]></wp:meta_value>
            </wp:postmeta>
            <category domain="lsb_tax_age" nicename="voksne"><![CDATA[voksne]]></category>
            <category domain="lsb_tax_genre" nicename="dikt"><![CDATA[dikt]]></category>
            <category domain="lsb_tax_topic" nicename="mennesker-i-mellom"><![CDATA[mennesker i mellom]]></category>
            <category domain="lsb_tax_language" nicename="no_nb"><![CDATA[bokmål]]></category>
            <category domain="lsb_tax_customization" nicename="skjønnlitteratur"><![CDATA[skjønnlitteratur]]></category>
            <wp:postmeta>
                <wp:meta_key>_thumbnail_id</wp:meta_key>
                <wp:meta_value><![CDATA[5462]]></wp:meta_value>
            </wp:postmeta>
        </item>
        <item>
            <title>erfaring og forsvinnig.jpg</title>
            <wp:post_id>5462</wp:post_id>
            <wp:status>inherit</wp:status>
            <wp:post_type>attachment</wp:post_type>
            <wp:attachment_url>https://raw.githubusercontent.com/lesersokerbok/boksok.no-data-utils/master/output-example/images/B62D7FFA327A484880745095AD0C4F80.jpg</wp:attachment_url>
        </item>
        <item>
            <wp:post_type>lsb_book</wp:post_type>
            <wp:status>publish</wp:status>
            <title>Det som eingong var</title>
            <excerpt:encoded><![CDATA[Live klargjer barndomsheimen for sal.   Ho tek oss med tilbake til ulike episodar som var med på å forme dagane,   dei lette og gode minna, men også det som gjorde livet utrygt.]]></excerpt:encoded>
            <wp:postmeta>
                <wp:meta_key>lsb_isbn</wp:meta_key>
                <wp:meta_value><![CDATA[9788252175677]]></wp:meta_value>
            </wp:postmeta>
            <wp:postmeta>
                <wp:meta_key>_lsb_isbn</wp:meta_key>
                <wp:meta_value><![CDATA[lsb_acf_isbn]]></wp:meta_value>
            </wp:postmeta>
            <wp:postmeta>
                <wp:meta_key>lsb_published_year</wp:meta_key>
                <wp:meta_value><![CDATA[2010]]></wp:meta_value>
            </wp:postmeta>
            <wp:postmeta>
                <wp:meta_key>_lsb_published_year</wp:meta_key>
                <wp:meta_value><![CDATA[lsb_acf_published_year]]></wp:meta_value>
            </wp:postmeta>
            <wp:postmeta>
                <wp:meta_key>lsb_pages</wp:meta_key>
                <wp:meta_value><![CDATA[210]]></wp:meta_value>
            </wp:postmeta>
            <wp:postmeta>
                <wp:meta_key>_lsb_pages</wp:meta_key>
                <wp:meta_value><![CDATA[lsb_acf_pages]]></wp:meta_value>
            </wp:postmeta>
            <wp:postmeta>
                <wp:meta_key>lsb_review</wp:meta_key>
                <wp:meta_value><![CDATA[  <div>Boka skildrar ein oppvekst med ein psykisk sjuk forelder, </div>  <div>og korleis dette pregar resten av familien. </div>  <div>Vi får óg innsyn i eit bygdesamfunn på 60-talet, fortalt på ein lett og humoristisk måte. </div>  <div>&#160;</div>  <div>Språket i boka er enkelt, </div>  <div>men nokre av setningene er lange. </div>  <div>Kapitla er korte, </div>  <div>og hoppa i tid er fint markert med ulike fontar.  <br />  </div>  ]]></wp:meta_value>
            </wp:postmeta>
            <wp:postmeta>
                <wp:meta_key>_lsb_review</wp:meta_key>
                <wp:meta_value><![CDATA[lsb_acf_review]]></wp:meta_value>
            </wp:postmeta>
            <wp:postmeta>
                <wp:meta_key>lsb_quote</wp:meta_key>
                <wp:meta_value><![CDATA[Det viktigaste far har lært på kurset, er at han kvar morgon og kveld skal sitja åleine i eit mørkt rom ein halv time. Han har fått eit hemmeleg ord som han skal tenkje på. Det er det som heiter å meditere. Kjøkkenet er det einaste oppvarma rommet som er ledig til slikt. Men dersom han blir forstyrra, må han begynne på nytt. Kanskje fører det til at heile kurset blir bortkasta og han ikkje blir friskare. Det er problematisk for den som ofte har ærend ned om kveldane.]]></wp:meta_value>
            </wp:postmeta>
            <wp:postmeta>
                <wp:meta_key>_lsb_quote</wp:meta_key>
                <wp:meta_value><![CDATA[lsb_acf_quote]]></wp:meta_value>
            </wp:postmeta>
            <wp:postmeta>
                <wp:meta_key>lsb_supported</wp:meta_key>
                <wp:meta_value><![CDATA[0]]></wp:meta_value>
            </wp:postmeta>
            <wp:postmeta>
                <wp:meta_key>_lsb_supported</wp:meta_key>
                <wp:meta_value><![CDATA[lsb_acf_supported]]></wp:meta_value>
            </wp:postmeta>
            <category domain="lsb_tax_author" nicename="magnhild-bruheim"><![CDATA[Magnhild Bruheim]]></category>
            <category domain="lsb_tax_publisher" nicename="samlaget"><![CDATA[Samlaget]]></category>
            <wp:postmeta>
                <wp:meta_key>lsb_look_inside</wp:meta_key>
                <wp:meta_value><![CDATA[CUSTOM_BLA_I_BOKA]]></wp:meta_value>
            </wp:postmeta>
            <wp:postmeta>
                <wp:meta_key>_lsb_look_inside</wp:meta_key>
                <wp:meta_value><![CDATA[lsb_acf_look_inside]]></wp:meta_value>
            </wp:postmeta>
            <category domain="lsb_tax_age" nicename="voksne"><![CDATA[voksne]]></category>
            <category domain="lsb_tax_genre" nicename="prosa"><![CDATA[prosa]]></category>
            <category domain="lsb_tax_topic" nicename="historie"><![CDATA[historie]]></category>
            <category domain="lsb_tax_topic" nicename="samfunn"><![CDATA[samfunn]]></category>
            <category domain="lsb_tax_topic" nicename="mennesker-i-mellom"><![CDATA[mennesker i mellom]]></category>
            <category domain="lsb_tax_language" nicename="no_nn"><![CDATA[nynorsk]]></category>
            <category domain="lsb_tax_customization" nicename="skjønnlitteratur"><![CDATA[skjønnlitteratur]]></category>
            <wp:postmeta>
                <wp:meta_key>_thumbnail_id</wp:meta_key>
                <wp:meta_value><![CDATA[5463]]></wp:meta_value>
            </wp:postmeta>
        </item>
        <item>
            <title>det som ein gong var.jpg</title>
            <wp:post_id>5463</wp:post_id>
            <wp:status>inherit</wp:status>
            <wp:post_type>attachment</wp:post_type>
            <wp:attachment_url>https://raw.githubusercontent.com/lesersokerbok/boksok.no-data-utils/master/output-example/images/986C860094D7452BA36C16271221E288.jpg</wp:attachment_url>
        </item>
        <item>
            <wp:post_type>lsb_book</wp:post_type>
            <wp:status>publish</wp:status>
            <title>Den krokete kanalen</title>
            <excerpt:encoded><![CDATA[Spennende bildefortelling om en mystisk skatt   som flere kriminelle er på jakt etter.   Handlingen utspiller seg i Amsterdams krokete gater og kanaler.   ]]></excerpt:encoded>
            <wp:postmeta>
                <wp:meta_key>lsb_isbn</wp:meta_key>
                <wp:meta_value><![CDATA[9788292226322]]></wp:meta_value>
            </wp:postmeta>
            <wp:postmeta>
                <wp:meta_key>_lsb_isbn</wp:meta_key>
                <wp:meta_value><![CDATA[lsb_acf_isbn]]></wp:meta_value>
            </wp:postmeta>
            <wp:postmeta>
                <wp:meta_key>lsb_published_year</wp:meta_key>
                <wp:meta_value><![CDATA[2010]]></wp:meta_value>
            </wp:postmeta>
            <wp:postmeta>
                <wp:meta_key>_lsb_published_year</wp:meta_key>
                <wp:meta_value><![CDATA[lsb_acf_published_year]]></wp:meta_value>
            </wp:postmeta>
            <wp:postmeta>
                <wp:meta_key>lsb_pages</wp:meta_key>
                <wp:meta_value/>
            </wp:postmeta>
            <wp:postmeta>
                <wp:meta_key>_lsb_pages</wp:meta_key>
                <wp:meta_value><![CDATA[lsb_acf_pages]]></wp:meta_value>
            </wp:postmeta>
            <wp:postmeta>
                <wp:meta_key>lsb_review</wp:meta_key>
                <wp:meta_value><![CDATA[  <div>Det utvikler seg til å bli en blodig kamp mellom liv og død. </div>  <div>Hvem når skatten først? </div>  <div>Og hva slags rolle har de mystiske kattene som rusler omkring i de mørke gatene? </div>  <div>&#160;</div>  <div>Det er god driv i handlingen </div>  <div>som fenger helt fram til den overraskende slutten. </div>  <div>&#160;</div>  <div>Historien er uten tekst, </div>  <div>og vil egne seg best for lesere som er vant til å lese bildefortellinger. </div>  <div>Handlingen foregår i løpet av noen mørke nattetimer, </div>  <div>og naturlig nok er bildene tegnet med ulike blåfarger.  </div>  <div>Kontrasten kan være litt dårlig i enkelte ruter.  </div>  <div>&#160;</div>  <div>Norsk-amerikanske Max Estes har også laget <strong>Den krokete kniv</strong> som kom i 2009.  </div>  <div>I denne oppfølgeren leker han nok en gang med krimsjangerens virkemidler. </div>  <div>&#160;</div>  ]]></wp:meta_value>
            </wp:postmeta>
            <wp:postmeta>
                <wp:meta_key>_lsb_review</wp:meta_key>
                <wp:meta_value><![CDATA[lsb_acf_review]]></wp:meta_value>
            </wp:postmeta>
            <wp:postmeta>
                <wp:meta_key>lsb_quote</wp:meta_key>
                <wp:meta_value/>
            </wp:postmeta>
            <wp:postmeta>
                <wp:meta_key>_lsb_quote</wp:meta_key>
                <wp:meta_value><![CDATA[lsb_acf_quote]]></wp:meta_value>
            </wp:postmeta>
            <wp:postmeta>
                <wp:meta_key>lsb_supported</wp:meta_key>
                <wp:meta_value><![CDATA[0]]></wp:meta_value>
            </wp:postmeta>
            <wp:postmeta>
                <wp:meta_key>_lsb_supported</wp:meta_key>
                <wp:meta_value><![CDATA[lsb_acf_supported]]></wp:meta_value>
            </wp:postmeta>
            <category domain="lsb_tax_author" nicename="max-estes"><![CDATA[Max Estes]]></category>
            <category domain="lsb_tax_publisher" nicename="jippi"><![CDATA[Jippi]]></category>
            <category domain="lsb_tax_illustrator" nicename="max-estes"><![CDATA[Max Estes]]></category>
            <wp:postmeta>
                <wp:meta_key>lsb_look_inside</wp:meta_key>
                <wp:meta_value><![CDATA[CUSTOM_BLA_I_BOKA]]></wp:meta_value>
            </wp:postmeta>
            <wp:postmeta>
                <wp:meta_key>_lsb_look_inside</wp:meta_key>
                <wp:meta_value><![CDATA[lsb_acf_look_inside]]></wp:meta_value>
            </wp:postmeta>
            <category domain="lsb_tax_age" nicename="voksne"><![CDATA[voksne]]></category>
            <category domain="lsb_tax_topic" nicename="krim"><![CDATA[krim]]></category>
            <category domain="lsb_tax_topic" nicename="spenning"><![CDATA[spenning]]></category>
            <category domain="lsb_tax_customization" nicename="bilder"><![CDATA[bilder]]></category>
            <wp:postmeta>
                <wp:meta_key>_thumbnail_id</wp:meta_key>
                <wp:meta_value><![CDATA[5464]]></wp:meta_value>
            </wp:postmeta>
        </item>
        <item>
            <title>DenKroketeKanalen</title>
            <wp:post_id>5464</wp:post_id>
            <wp:status>inherit</wp:status>
            <wp:post_type>attachment</wp:post_type>
            <wp:attachment_url>https://raw.githubusercontent.com/lesersokerbok/boksok.no-data-utils/master/output-example/images/F458DCB0E03D42488BF79159331AE07D.jpg</wp:attachment_url>
        </item>
        <item>
            <wp:post_type>lsb_book</wp:post_type>
            <wp:status>publish</wp:status>
            <title>Zits - En liten bok om hormoner</title>
            <excerpt:encoded><![CDATA[Tegneserie om en ung mann   som bor hjemme hos mor og far.   En stripe på hver side. Et genialt format.]]></excerpt:encoded>
            <wp:postmeta>
                <wp:meta_key>lsb_isbn</wp:meta_key>
                <wp:meta_value><![CDATA[9788242944917]]></wp:meta_value>
            </wp:postmeta>
            <wp:postmeta>
                <wp:meta_key>_lsb_isbn</wp:meta_key>
                <wp:meta_value><![CDATA[lsb_acf_isbn]]></wp:meta_value>
            </wp:postmeta>
            <wp:postmeta>
                <wp:meta_key>lsb_published_year</wp:meta_key>
                <wp:meta_value><![CDATA[2011]]></wp:meta_value>
            </wp:postmeta>
            <wp:postmeta>
                <wp:meta_key>_lsb_published_year</wp:meta_key>
                <wp:meta_value><![CDATA[lsb_acf_published_year]]></wp:meta_value>
            </wp:postmeta>
            <wp:postmeta>
                <wp:meta_key>lsb_pages</wp:meta_key>
                <wp:meta_value><![CDATA[48]]></wp:meta_value>
            </wp:postmeta>
            <wp:postmeta>
                <wp:meta_key>_lsb_pages</wp:meta_key>
                <wp:meta_value><![CDATA[lsb_acf_pages]]></wp:meta_value>
            </wp:postmeta>
            <wp:postmeta>
                <wp:meta_key>lsb_review</wp:meta_key>
                <wp:meta_value><![CDATA[  <div>Hormonene har skylden for mye ugagn, klinsj og trøbbel. </div>  <div>Det får vi mange eksempler på i denne boka. </div>  <div>Hovedpersonen er tenåringen Jeremy. </div>  <div>Han er kjæreste med Sara, spiller i band, </div>  <div>snakker mye i mobilen, </div>  <div>spiser enorme mengder mat, </div>  <div>gjør ikke lekser og er ellers nådeløs mot far og mor. </div>  <div>&#160;</div>  <div><strong>Zits</strong> er en amerikansk tegneserie. </div>  <div>Stripene er enkelt fortalt, </div>  <div>og de treffer godt også her i Norge. </div>  <div>Tenåringer er ganske like uansett hvor de kommer fra.<br />  </div>  ]]></wp:meta_value>
            </wp:postmeta>
            <wp:postmeta>
                <wp:meta_key>_lsb_review</wp:meta_key>
                <wp:meta_value><![CDATA[lsb_acf_review]]></wp:meta_value>
            </wp:postmeta>
            <wp:postmeta>
                <wp:meta_key>lsb_quote</wp:meta_key>
                <wp:meta_value><![CDATA[Mor: -  Hvorfor lytter du ikke når du vet at jeg snakker til deg?  Jeremy: - Hvorfor snakker du til meg når du vet at jeg ikke lytter?]]></wp:meta_value>
            </wp:postmeta>
            <wp:postmeta>
                <wp:meta_key>_lsb_quote</wp:meta_key>
                <wp:meta_value><![CDATA[lsb_acf_quote]]></wp:meta_value>
            </wp:postmeta>
            <wp:postmeta>
                <wp:meta_key>lsb_supported</wp:meta_key>
                <wp:meta_value><![CDATA[0]]></wp:meta_value>
            </wp:postmeta>
            <wp:postmeta>
                <wp:meta_key>_lsb_supported</wp:meta_key>
                <wp:meta_value><![CDATA[lsb_acf_supported]]></wp:meta_value>
            </wp:postmeta>
            <category domain="lsb_tax_author" nicename="jerry-scott"><![CDATA[Jerry Scott]]></category>
            <category domain="lsb_tax_publisher" nicename="egmont-serieforlaget"><![CDATA[Egmont serieforlaget]]></category>
            <category domain="lsb_tax_illustrator" nicename="jim-borgman"><![CDATA[Jim Borgman]]></category>
            <category domain="lsb_tax_translator" nicename="jon-lydersen"><![CDATA[Jon Lydersen]]></category>
            <wp:postmeta>
                <wp:meta_key>lsb_look_inside</wp:meta_key>
                <wp:meta_value><![CDATA[CUSTOM_BLA_I_BOKA]]></wp:meta_value>
            </wp:postmeta>
            <wp:postmeta>
                <wp:meta_key>_lsb_look_inside</wp:meta_key>
                <wp:meta_value><![CDATA[lsb_acf_look_inside]]></wp:meta_value>
            </wp:postmeta>
            <category domain="lsb_tax_age" nicename="ungdom"><![CDATA[ungdom]]></category>
            <category domain="lsb_tax_age" nicename="voksne"><![CDATA[voksne]]></category>
            <category domain="lsb_tax_genre" nicename="prosa"><![CDATA[prosa]]></category>
            <category domain="lsb_tax_topic" nicename="humor"><![CDATA[humor]]></category>
            <category domain="lsb_tax_topic" nicename="mennesker-i-mellom"><![CDATA[mennesker i mellom]]></category>
            <category domain="lsb_tax_language" nicename="no_nb"><![CDATA[bokmål]]></category>
            <category domain="lsb_tax_customization" nicename="bilder"><![CDATA[bilder]]></category>
            <category domain="lsb_tax_customization" nicename="mange-bilder"><![CDATA[mange bilder]]></category>
            <wp:postmeta>
                <wp:meta_key>_thumbnail_id</wp:meta_key>
                <wp:meta_value><![CDATA[5465]]></wp:meta_value>
            </wp:postmeta>
        </item>
        <item>
            <title>Zits.jpg</title>
            <wp:post_id>5465</wp:post_id>
            <wp:status>inherit</wp:status>
            <wp:post_type>attachment</wp:post_type>
            <wp:attachment_url>https://raw.githubusercontent.com/lesersokerbok/boksok.no-data-utils/master/output-example/images/F7F7FC11A4614E7787E1419D6A76B25E.jpg</wp:attachment_url>
        </item>
        <item>
            <wp:post_type>lsb_book</wp:post_type>
            <wp:status>publish</wp:status>
            <title>Varulvene i Montpellier</title>
            <excerpt:encoded><![CDATA[En skikkelig varulvfortelling fra en av Norges fremste serieskapere.   ]]></excerpt:encoded>
            <wp:postmeta>
                <wp:meta_key>lsb_isbn</wp:meta_key>
                <wp:meta_value><![CDATA[9788292863121]]></wp:meta_value>
            </wp:postmeta>
            <wp:postmeta>
                <wp:meta_key>_lsb_isbn</wp:meta_key>
                <wp:meta_value><![CDATA[lsb_acf_isbn]]></wp:meta_value>
            </wp:postmeta>
            <wp:postmeta>
                <wp:meta_key>lsb_published_year</wp:meta_key>
                <wp:meta_value><![CDATA[2010]]></wp:meta_value>
            </wp:postmeta>
            <wp:postmeta>
                <wp:meta_key>_lsb_published_year</wp:meta_key>
                <wp:meta_value><![CDATA[lsb_acf_published_year]]></wp:meta_value>
            </wp:postmeta>
            <wp:postmeta>
                <wp:meta_key>lsb_pages</wp:meta_key>
                <wp:meta_value/>
            </wp:postmeta>
            <wp:postmeta>
                <wp:meta_key>_lsb_pages</wp:meta_key>
                <wp:meta_value><![CDATA[lsb_acf_pages]]></wp:meta_value>
            </wp:postmeta>
            <wp:postmeta>
                <wp:meta_key>lsb_review</wp:meta_key>
                <wp:meta_value><![CDATA[  <div>I den franske byen Montpellier bor juveltyven Sven. </div>  <div>Når han går på tyvetokt om natten, </div>  <div>kler han seg ut som varulv </div>  <div>for å skremme dem som eventuelt tar ham på fersk gjerning. </div>  <div>Det går bra helt til han blir oppdaget av ekte varulver. </div>  <div>De liker ikke at at de har fått </div>  <div>en konkurrent på deres jaktmarker. </div>  <div>Varulvene prøver å sette Sven ut av spill. </div>  <div>&#160;</div>  <div>I kjent stil leker Jason med referanser </div>  <div>fra film og annen populærkultur. </div>  <div>Samtidig forener han spenning, surrealisme, </div>  <div>humor, romantikk og alvor i én og samme fortelling.</div>  ]]></wp:meta_value>
            </wp:postmeta>
            <wp:postmeta>
                <wp:meta_key>_lsb_review</wp:meta_key>
                <wp:meta_value><![CDATA[lsb_acf_review]]></wp:meta_value>
            </wp:postmeta>
            <wp:postmeta>
                <wp:meta_key>lsb_quote</wp:meta_key>
                <wp:meta_value/>
            </wp:postmeta>
            <wp:postmeta>
                <wp:meta_key>_lsb_quote</wp:meta_key>
                <wp:meta_value><![CDATA[lsb_acf_quote]]></wp:meta_value>
            </wp:postmeta>
            <wp:postmeta>
                <wp:meta_key>lsb_supported</wp:meta_key>
                <wp:meta_value><![CDATA[0]]></wp:meta_value>
            </wp:postmeta>
            <wp:postmeta>
                <wp:meta_key>_lsb_supported</wp:meta_key>
                <wp:meta_value><![CDATA[lsb_acf_supported]]></wp:meta_value>
            </wp:postmeta>
            <category domain="lsb_tax_author" nicename="jason"><![CDATA[Jason]]></category>
            <category domain="lsb_tax_publisher" nicename="magikon"><![CDATA[Magikon]]></category>
            <wp:postmeta>
                <wp:meta_key>lsb_look_inside</wp:meta_key>
                <wp:meta_value><![CDATA[CUSTOM_BLA_I_BOKA]]></wp:meta_value>
            </wp:postmeta>
            <wp:postmeta>
                <wp:meta_key>_lsb_look_inside</wp:meta_key>
                <wp:meta_value><![CDATA[lsb_acf_look_inside]]></wp:meta_value>
            </wp:postmeta>
            <category domain="lsb_tax_age" nicename="voksne"><![CDATA[voksne]]></category>
            <category domain="lsb_tax_topic" nicename="krim"><![CDATA[krim]]></category>
            <category domain="lsb_tax_topic" nicename="spenning"><![CDATA[spenning]]></category>
            <category domain="lsb_tax_topic" nicename="humor"><![CDATA[humor]]></category>
            <category domain="lsb_tax_language" nicename="no_nb"><![CDATA[bokmål]]></category>
            <category domain="lsb_tax_customization" nicename="bilder"><![CDATA[bilder]]></category>
            <category domain="lsb_tax_customization" nicename="mange-bilder"><![CDATA[mange bilder]]></category>
            <wp:postmeta>
                <wp:meta_key>_thumbnail_id</wp:meta_key>
                <wp:meta_value><![CDATA[5466]]></wp:meta_value>
            </wp:postmeta>
        </item>
        <item>
            <title>varulvene i montpellier.jpg</title>
            <wp:post_id>5466</wp:post_id>
            <wp:status>inherit</wp:status>
            <wp:post_type>attachment</wp:post_type>
            <wp:attachment_url>https://raw.githubusercontent.com/lesersokerbok/boksok.no-data-utils/master/output-example/images/37FBBF55286845BEB44B566CACE75578.jpg</wp:attachment_url>
        </item>
        <item>
            <wp:post_type>lsb_book</wp:post_type>
            <wp:status>publish</wp:status>
            <title>Jon Hjørnevik samlar seg. Ti tunge år med dikt for nasjonen</title>
            <excerpt:encoded><![CDATA[Alle fire diktsamlingar i ei større bok. ]]></excerpt:encoded>
            <wp:postmeta>
                <wp:meta_key>lsb_isbn</wp:meta_key>
                <wp:meta_value><![CDATA[9788252178685]]></wp:meta_value>
            </wp:postmeta>
            <wp:postmeta>
                <wp:meta_key>_lsb_isbn</wp:meta_key>
                <wp:meta_value><![CDATA[lsb_acf_isbn]]></wp:meta_value>
            </wp:postmeta>
            <wp:postmeta>
                <wp:meta_key>lsb_published_year</wp:meta_key>
                <wp:meta_value><![CDATA[2010]]></wp:meta_value>
            </wp:postmeta>
            <wp:postmeta>
                <wp:meta_key>_lsb_published_year</wp:meta_key>
                <wp:meta_value><![CDATA[lsb_acf_published_year]]></wp:meta_value>
            </wp:postmeta>
            <wp:postmeta>
                <wp:meta_key>lsb_pages</wp:meta_key>
                <wp:meta_value/>
            </wp:postmeta>
            <wp:postmeta>
                <wp:meta_key>_lsb_pages</wp:meta_key>
                <wp:meta_value><![CDATA[lsb_acf_pages]]></wp:meta_value>
            </wp:postmeta>
            <wp:postmeta>
                <wp:meta_key>lsb_review</wp:meta_key>
                <wp:meta_value><![CDATA[  <div>Som eit forsøk ved å gjere alle til lags, </div>  <div>har Hjørnevik testa ut alle slags tema i lyrikken sin. </div>  <div>Målet er at alle skal finne eit einaste dikt dei likar. </div>  <div>&#160;</div>  <div>Her er mykje å velje mellom: "NM i blomsterdekor",</div>  <div>boksing i "Mitt møte med Tyson", </div>  <div>kunst i "Maling og søling gjennom hundrevis av år", </div>  <div>fotball i " Eg tar på ein kompis".</div>  <div>kjærleik i "Min brasilianske flamme", </div>  <div>og sjølvsagt dikt om slekt og familie, by- og bygdeliv, </div>  <div>oppvekst og samfunnskritikk. </div>  <div>&#160;</div>  <div>Hjørnevik konkluderar med at dikt splittar nasjonen, </div>  <div>og at det er vanskeleg å finne dikt som både talar byen og avkrokane si stemme. </div>  <div>&#160;</div>  <div>Dei fire diktbøkene heiter: </div>  <div><strong>I ein sofa frå Korea</strong></div>  <div><strong>Den vanskelege andreboka</strong></div>  <div><strong>Shortsen til far min</strong></div>  <div><strong>Mor mi står i glaset</strong></div>  <div>&#160;</div>  <div>Berre dei to sistnemnde finn du i Boksøk, </div>  <div>men vi anbefaler alle fire. </div>  ]]></wp:meta_value>
            </wp:postmeta>
            <wp:postmeta>
                <wp:meta_key>_lsb_review</wp:meta_key>
                <wp:meta_value><![CDATA[lsb_acf_review]]></wp:meta_value>
            </wp:postmeta>
            <wp:postmeta>
                <wp:meta_key>lsb_quote</wp:meta_key>
                <wp:meta_value><![CDATA[Leveregel     Det var mor sitt prinsipp,   ho hevdar det no,   at slett ingen mann  kom i buksa på ho.     Men far smiler lurt,   i sanningas spegel,   eit unnatak stadfestar  alltid ein regel. ]]></wp:meta_value>
            </wp:postmeta>
            <wp:postmeta>
                <wp:meta_key>_lsb_quote</wp:meta_key>
                <wp:meta_value><![CDATA[lsb_acf_quote]]></wp:meta_value>
            </wp:postmeta>
            <wp:postmeta>
                <wp:meta_key>lsb_supported</wp:meta_key>
                <wp:meta_value><![CDATA[0]]></wp:meta_value>
            </wp:postmeta>
            <wp:postmeta>
                <wp:meta_key>_lsb_supported</wp:meta_key>
                <wp:meta_value><![CDATA[lsb_acf_supported]]></wp:meta_value>
            </wp:postmeta>
            <category domain="lsb_tax_author" nicename="jon-hjørnevik"><![CDATA[Jon Hjørnevik]]></category>
            <category domain="lsb_tax_publisher" nicename="samlaget"><![CDATA[Samlaget]]></category>
            <wp:postmeta>
                <wp:meta_key>lsb_look_inside</wp:meta_key>
                <wp:meta_value><![CDATA[CUSTOM_BLA_I_BOKA]]></wp:meta_value>
            </wp:postmeta>
            <wp:postmeta>
                <wp:meta_key>_lsb_look_inside</wp:meta_key>
                <wp:meta_value><![CDATA[lsb_acf_look_inside]]></wp:meta_value>
            </wp:postmeta>
            <category domain="lsb_tax_age" nicename="voksne"><![CDATA[voksne]]></category>
            <category domain="lsb_tax_genre" nicename="dikt"><![CDATA[dikt]]></category>
            <category domain="lsb_tax_topic" nicename="humor"><![CDATA[humor]]></category>
            <category domain="lsb_tax_language" nicename="no_nn"><![CDATA[nynorsk]]></category>
            <category domain="lsb_tax_customization" nicename="skjønnlitteratur"><![CDATA[skjønnlitteratur]]></category>
            <wp:postmeta>
                <wp:meta_key>_thumbnail_id</wp:meta_key>
                <wp:meta_value><![CDATA[5467]]></wp:meta_value>
            </wp:postmeta>
        </item>
        <item>
            <title>hjørnevik samlar seg.jpg</title>
            <wp:post_id>5467</wp:post_id>
            <wp:status>inherit</wp:status>
            <wp:post_type>attachment</wp:post_type>
            <wp:attachment_url>https://raw.githubusercontent.com/lesersokerbok/boksok.no-data-utils/master/output-example/images/034966F937784272BDAB7811D2626DA8.jpg</wp:attachment_url>
        </item>
        <item>
            <wp:post_type>lsb_book</wp:post_type>
            <wp:status>publish</wp:status>
            <title>Ord for hav</title>
            <excerpt:encoded><![CDATA[Rått og brutalt om en far som blir tvunget   til å ta et ansvar for sitt barn.     ]]></excerpt:encoded>
            <wp:postmeta>
                <wp:meta_key>lsb_isbn</wp:meta_key>
                <wp:meta_value><![CDATA[9788249508518]]></wp:meta_value>
            </wp:postmeta>
            <wp:postmeta>
                <wp:meta_key>_lsb_isbn</wp:meta_key>
                <wp:meta_value><![CDATA[lsb_acf_isbn]]></wp:meta_value>
            </wp:postmeta>
            <wp:postmeta>
                <wp:meta_key>lsb_published_year</wp:meta_key>
                <wp:meta_value><![CDATA[2011]]></wp:meta_value>
            </wp:postmeta>
            <wp:postmeta>
                <wp:meta_key>_lsb_published_year</wp:meta_key>
                <wp:meta_value><![CDATA[lsb_acf_published_year]]></wp:meta_value>
            </wp:postmeta>
            <wp:postmeta>
                <wp:meta_key>lsb_pages</wp:meta_key>
                <wp:meta_value><![CDATA[212]]></wp:meta_value>
            </wp:postmeta>
            <wp:postmeta>
                <wp:meta_key>_lsb_pages</wp:meta_key>
                <wp:meta_value><![CDATA[lsb_acf_pages]]></wp:meta_value>
            </wp:postmeta>
            <wp:postmeta>
                <wp:meta_key>lsb_review</wp:meta_key>
                <wp:meta_value><![CDATA[  <div>Jimmy er en amoralsk og aggressiv vekter </div>  <div>med et mørkt syn på verden. </div>  <div>Han har en 14 år gammel sønn, Fredrik, </div>  <div>som han ikke har sett på flere år. </div>  <div>En dag kommer politiet på døra. </div>  <div>De har med seg Fredrik. </div>  <div>Moren, som er narkoman, har forsvunnet, </div>  <div>og mormoren har havnet på sykehus. </div>  <div>&#160;</div>  <div>Boka har stor skrift, korte kapitler og enkel tekst. </div>  <div>&#160;</div>  <div><strong>Ord for hav</strong> vant Leser søker boks manuskonkurranse </div>  <div>“Den lille romanen om de store spørsmålene” i 2010.</div>  <div>&#160;</div>  <div>&#160;</div>  ]]></wp:meta_value>
            </wp:postmeta>
            <wp:postmeta>
                <wp:meta_key>_lsb_review</wp:meta_key>
                <wp:meta_value><![CDATA[lsb_acf_review]]></wp:meta_value>
            </wp:postmeta>
            <wp:postmeta>
                <wp:meta_key>lsb_quote</wp:meta_key>
                <wp:meta_value><![CDATA[Det er bare én måte å si det på.   - Sara er død, sier jeg.     Jeg sier det lavt.   Jeg sier det langsomt.   Fredrik setter seg i sofaen.   Han krøller beina under seg.   Han gråter ikke.   Jeg vet ikke om han vil gråte.     - Hvor? spør ha.   - Hvem? spør jeg.   Han sier Sara.   Han sier ikke mamma.   - Elva, sier jeg.   Fossen.     Jeg setter meg ved siden av ham.  - Hater du meg? spør jeg.   - Hater du meg tilbake da? spør han.   Jeg sier at jeg vet ikke.   Jeg sier det er bedre å være hatet  enn glemt. ]]></wp:meta_value>
            </wp:postmeta>
            <wp:postmeta>
                <wp:meta_key>_lsb_quote</wp:meta_key>
                <wp:meta_value><![CDATA[lsb_acf_quote]]></wp:meta_value>
            </wp:postmeta>
            <wp:postmeta>
                <wp:meta_key>lsb_supported</wp:meta_key>
                <wp:meta_value><![CDATA[1]]></wp:meta_value>
            </wp:postmeta>
            <wp:postmeta>
                <wp:meta_key>_lsb_supported</wp:meta_key>
                <wp:meta_value><![CDATA[lsb_acf_supported]]></wp:meta_value>
            </wp:postmeta>
            <wp:postmeta>
                <wp:meta_key>lsb_support_cat</wp:meta_key>
                <wp:meta_value><![CDATA[yellow]]></wp:meta_value>
            </wp:postmeta>
            <wp:postmeta>
                <wp:meta_key>_lsb_support_cat</wp:meta_key>
                <wp:meta_value><![CDATA[lsb_acf_support_cat]]></wp:meta_value>
            </wp:postmeta>
            <category domain="lsb_tax_author" nicename="morten-øen"><![CDATA[Morten Øen]]></category>
            <category domain="lsb_tax_publisher" nicename="oktober"><![CDATA[Oktober]]></category>
            <wp:postmeta>
                <wp:meta_key>lsb_look_inside</wp:meta_key>
                <wp:meta_value><![CDATA[CUSTOM_BLA_I_BOKA]]></wp:meta_value>
            </wp:postmeta>
            <wp:postmeta>
                <wp:meta_key>_lsb_look_inside</wp:meta_key>
                <wp:meta_value><![CDATA[lsb_acf_look_inside]]></wp:meta_value>
            </wp:postmeta>
            <category domain="lsb_tax_age" nicename="voksne"><![CDATA[voksne]]></category>
            <category domain="lsb_tax_genre" nicename="prosa"><![CDATA[prosa]]></category>
            <category domain="lsb_tax_topic" nicename="mennesker-i-mellom"><![CDATA[mennesker i mellom]]></category>
            <category domain="lsb_tax_language" nicename="no_nb"><![CDATA[bokmål]]></category>
            <category domain="lsb_tax_customization" nicename="storskrift"><![CDATA[storskrift]]></category>
            <category domain="lsb_tax_customization" nicename="skjønnlitteratur"><![CDATA[skjønnlitteratur]]></category>
            <wp:postmeta>
                <wp:meta_key>_thumbnail_id</wp:meta_key>
                <wp:meta_value><![CDATA[5468]]></wp:meta_value>
            </wp:postmeta>
        </item>
        <item>
            <title>ord for hav web.jpg</title>
            <wp:post_id>5468</wp:post_id>
            <wp:status>inherit</wp:status>
            <wp:post_type>attachment</wp:post_type>
            <wp:attachment_url>https://raw.githubusercontent.com/lesersokerbok/boksok.no-data-utils/master/output-example/images/7D942F0449CE4FEDA32051A0EC268B20.jpg</wp:attachment_url>
        </item>
        <item>
            <wp:post_type>lsb_book</wp:post_type>
            <wp:status>publish</wp:status>
            <title>Hijabhistorier</title>
            <excerpt:encoded><![CDATA[Antologi med personlige historier om et tøystykke som vi ikke greier å stille oss likegyldige til.  ]]></excerpt:encoded>
            <wp:postmeta>
                <wp:meta_key>lsb_isbn</wp:meta_key>
                <wp:meta_value><![CDATA[9788202310806]]></wp:meta_value>
            </wp:postmeta>
            <wp:postmeta>
                <wp:meta_key>_lsb_isbn</wp:meta_key>
                <wp:meta_value><![CDATA[lsb_acf_isbn]]></wp:meta_value>
            </wp:postmeta>
            <wp:postmeta>
                <wp:meta_key>lsb_published_year</wp:meta_key>
                <wp:meta_value><![CDATA[2011]]></wp:meta_value>
            </wp:postmeta>
            <wp:postmeta>
                <wp:meta_key>_lsb_published_year</wp:meta_key>
                <wp:meta_value><![CDATA[lsb_acf_published_year]]></wp:meta_value>
            </wp:postmeta>
            <wp:postmeta>
                <wp:meta_key>lsb_pages</wp:meta_key>
                <wp:meta_value><![CDATA[107]]></wp:meta_value>
            </wp:postmeta>
            <wp:postmeta>
                <wp:meta_key>_lsb_pages</wp:meta_key>
                <wp:meta_value><![CDATA[lsb_acf_pages]]></wp:meta_value>
            </wp:postmeta>
            <wp:postmeta>
                <wp:meta_key>lsb_review</wp:meta_key>
                <wp:meta_value><![CDATA[  <div>Hvorfor velger noen å gå med hijab? </div>  <div>Hvorfor velger andre å ta den av? </div>  <div>I denne boka forteller muslimske kvinner i Norge om sine egne erfaringer.  </div>  <div>&#160;</div>  <div>Les blant annet historien om </div>  <div>kvinnen som kom til Norge på syttitallet; </div>  <div>om hun som mistet jobben fordi hun brukte hijab; </div>  <div>om hun som valgte å slutte å bruke hijab; </div>  <div>og verdens første hijab-moteblogger. </div>  <div>&#160;</div>  <div>Boken er lett tilgjengelig skrevet </div>  <div>i et muntlig språk. </div>  <div>&#160;</div>  <div>&#160;</div>  ]]></wp:meta_value>
            </wp:postmeta>
            <wp:postmeta>
                <wp:meta_key>_lsb_review</wp:meta_key>
                <wp:meta_value><![CDATA[lsb_acf_review]]></wp:meta_value>
            </wp:postmeta>
            <wp:postmeta>
                <wp:meta_key>lsb_quote</wp:meta_key>
                <wp:meta_value><![CDATA[Å bruke hijab er ikke den letteste oppgave når du  vet det ikke er normalt eller akseptabelt i samfunnet  du vokser opp. Det kan være både vanskelig   og utfordrende å være annerledes i samfunnet. Da  jeg først tenkte på å bruke hijab, så visste jeg derfor   at det ikke kom til å bli lett. Jeg vil gjerne understreke  at jeg ikke ble tvunget til å bruke hijab. Jeg kunne velge selv,   og jeg var sikker på én ting: Hvis jeg skulle begynne med den,   så skulle det være for alltid. Hvis ikke så ville jeg ikke bruke den i det   hele tatt.   ]]></wp:meta_value>
            </wp:postmeta>
            <wp:postmeta>
                <wp:meta_key>_lsb_quote</wp:meta_key>
                <wp:meta_value><![CDATA[lsb_acf_quote]]></wp:meta_value>
            </wp:postmeta>
            <wp:postmeta>
                <wp:meta_key>lsb_supported</wp:meta_key>
                <wp:meta_value><![CDATA[0]]></wp:meta_value>
            </wp:postmeta>
            <wp:postmeta>
                <wp:meta_key>_lsb_supported</wp:meta_key>
                <wp:meta_value><![CDATA[lsb_acf_supported]]></wp:meta_value>
            </wp:postmeta>
            <category domain="lsb_tax_author" nicename="(antologi)"><![CDATA[(antologi)]]></category>
            <category domain="lsb_tax_publisher" nicename="cappelen-damm"><![CDATA[Cappelen Damm]]></category>
            <wp:postmeta>
                <wp:meta_key>lsb_look_inside</wp:meta_key>
                <wp:meta_value><![CDATA[CUSTOM_BLA_I_BOKA]]></wp:meta_value>
            </wp:postmeta>
            <wp:postmeta>
                <wp:meta_key>_lsb_look_inside</wp:meta_key>
                <wp:meta_value><![CDATA[lsb_acf_look_inside]]></wp:meta_value>
            </wp:postmeta>
            <category domain="lsb_tax_age" nicename="voksne"><![CDATA[voksne]]></category>
            <category domain="lsb_tax_genre" nicename="faglitteratur"><![CDATA[faglitteratur]]></category>
            <category domain="lsb_tax_topic" nicename="historie"><![CDATA[historie]]></category>
            <category domain="lsb_tax_topic" nicename="samfunn"><![CDATA[samfunn]]></category>
            <category domain="lsb_tax_topic" nicename="mennesker-i-mellom"><![CDATA[mennesker i mellom]]></category>
            <category domain="lsb_tax_language" nicename="no_nb"><![CDATA[bokmål]]></category>
            <category domain="lsb_tax_customization" nicename="faglitteratur"><![CDATA[faglitteratur]]></category>
            <wp:postmeta>
                <wp:meta_key>_thumbnail_id</wp:meta_key>
                <wp:meta_value><![CDATA[5469]]></wp:meta_value>
            </wp:postmeta>
        </item>
        <item>
            <title>Hijabhistorier.jpg</title>
            <wp:post_id>5469</wp:post_id>
            <wp:status>inherit</wp:status>
            <wp:post_type>attachment</wp:post_type>
            <wp:attachment_url>https://raw.githubusercontent.com/lesersokerbok/boksok.no-data-utils/master/output-example/images/5BD6B4AA42244A5CA5894D266DEC6487.jpg</wp:attachment_url>
        </item>
        <item>
            <wp:post_type>lsb_book</wp:post_type>
            <wp:status>publish</wp:status>
            <title>Pondus - En liten bok om sjekking</title>
            <excerpt:encoded><![CDATA[45 historier om hvordan det ikke bør gjøres. Boka ser på Jokkes sjekkehistorie de siste 14 åra. Det er ikke pent, men veldig morsomt.]]></excerpt:encoded>
            <wp:postmeta>
                <wp:meta_key>lsb_isbn</wp:meta_key>
                <wp:meta_value><![CDATA[9788242944344]]></wp:meta_value>
            </wp:postmeta>
            <wp:postmeta>
                <wp:meta_key>_lsb_isbn</wp:meta_key>
                <wp:meta_value><![CDATA[lsb_acf_isbn]]></wp:meta_value>
            </wp:postmeta>
            <wp:postmeta>
                <wp:meta_key>lsb_published_year</wp:meta_key>
                <wp:meta_value><![CDATA[2011]]></wp:meta_value>
            </wp:postmeta>
            <wp:postmeta>
                <wp:meta_key>_lsb_published_year</wp:meta_key>
                <wp:meta_value><![CDATA[lsb_acf_published_year]]></wp:meta_value>
            </wp:postmeta>
            <wp:postmeta>
                <wp:meta_key>lsb_pages</wp:meta_key>
                <wp:meta_value><![CDATA[46]]></wp:meta_value>
            </wp:postmeta>
            <wp:postmeta>
                <wp:meta_key>_lsb_pages</wp:meta_key>
                <wp:meta_value><![CDATA[lsb_acf_pages]]></wp:meta_value>
            </wp:postmeta>
            <wp:postmeta>
                <wp:meta_key>lsb_review</wp:meta_key>
                <wp:meta_value><![CDATA[  <div>Selv om vi er glade for at Jokke <br />  har funnet tilbake til sin Camilla, <br />  så kommer vi til å savne hans <br />  desperate forsøk på å sjekke damer. <br />  I denne lille boka om sjekking <br />  får vi gjensyn med noen av forsøkene til Jokke.  <br />  Pondus er en hjelpeløs tilskuer, <br />  selv om han prøver å hjelpe så godt han kan.</div>  <div>&#160;</div>  <div>Denne lille boka har et genialt format med en stripe på hver side. <br />  Den er lett å forstå selv om skriften kan variere i stilen.  <br />  </div>  ]]></wp:meta_value>
            </wp:postmeta>
            <wp:postmeta>
                <wp:meta_key>_lsb_review</wp:meta_key>
                <wp:meta_value><![CDATA[lsb_acf_review]]></wp:meta_value>
            </wp:postmeta>
            <wp:postmeta>
                <wp:meta_key>lsb_quote</wp:meta_key>
                <wp:meta_value><![CDATA[Jokke: - Scorer jeg ikke i kveld så legger jeg opp!  Pondus: - Lover du?]]></wp:meta_value>
            </wp:postmeta>
            <wp:postmeta>
                <wp:meta_key>_lsb_quote</wp:meta_key>
                <wp:meta_value><![CDATA[lsb_acf_quote]]></wp:meta_value>
            </wp:postmeta>
            <wp:postmeta>
                <wp:meta_key>lsb_supported</wp:meta_key>
                <wp:meta_value><![CDATA[0]]></wp:meta_value>
            </wp:postmeta>
            <wp:postmeta>
                <wp:meta_key>_lsb_supported</wp:meta_key>
                <wp:meta_value><![CDATA[lsb_acf_supported]]></wp:meta_value>
            </wp:postmeta>
            <category domain="lsb_tax_author" nicename="frode-øverli"><![CDATA[Frode Øverli]]></category>
            <category domain="lsb_tax_publisher" nicename="egmont-serieforlaget"><![CDATA[Egmont serieforlaget]]></category>
            <category domain="lsb_tax_illustrator" nicename="frode-øverli"><![CDATA[Frode Øverli]]></category>
            <wp:postmeta>
                <wp:meta_key>lsb_look_inside</wp:meta_key>
                <wp:meta_value><![CDATA[CUSTOM_BLA_I_BOKA]]></wp:meta_value>
            </wp:postmeta>
            <wp:postmeta>
                <wp:meta_key>_lsb_look_inside</wp:meta_key>
                <wp:meta_value><![CDATA[lsb_acf_look_inside]]></wp:meta_value>
            </wp:postmeta>
            <category domain="lsb_tax_age" nicename="ungdom"><![CDATA[ungdom]]></category>
            <category domain="lsb_tax_age" nicename="voksne"><![CDATA[voksne]]></category>
            <category domain="lsb_tax_topic" nicename="humor"><![CDATA[humor]]></category>
            <category domain="lsb_tax_topic" nicename="mennesker-i-mellom"><![CDATA[mennesker i mellom]]></category>
            <category domain="lsb_tax_language" nicename="no_nb"><![CDATA[bokmål]]></category>
            <category domain="lsb_tax_customization" nicename="bilder"><![CDATA[bilder]]></category>
            <category domain="lsb_tax_customization" nicename="mange-bilder"><![CDATA[mange bilder]]></category>
            <wp:postmeta>
                <wp:meta_key>_thumbnail_id</wp:meta_key>
                <wp:meta_value><![CDATA[5470]]></wp:meta_value>
            </wp:postmeta>
        </item>
        <item>
            <title>pondus_en_liten_bok_om_sjekking-13684953-frntl.jpg</title>
            <wp:post_id>5470</wp:post_id>
            <wp:status>inherit</wp:status>
            <wp:post_type>attachment</wp:post_type>
            <wp:attachment_url>https://raw.githubusercontent.com/lesersokerbok/boksok.no-data-utils/master/output-example/images/B99AED9024F847E28341F9487AF840CD.jpg</wp:attachment_url>
        </item>
        <item>
            <wp:post_type>lsb_book</wp:post_type>
            <wp:status>publish</wp:status>
            <title>Døden i Baugen</title>
            <excerpt:encoded><![CDATA[Fotballaget i Baugen har rykket opp til 1. divisjon.   Det første året i den nest øverste divisjonen  blir dramatisk for den lille feriebygda i Østfold.]]></excerpt:encoded>
            <wp:postmeta>
                <wp:meta_key>lsb_isbn</wp:meta_key>
                <wp:meta_value><![CDATA[9788249507214]]></wp:meta_value>
            </wp:postmeta>
            <wp:postmeta>
                <wp:meta_key>_lsb_isbn</wp:meta_key>
                <wp:meta_value><![CDATA[lsb_acf_isbn]]></wp:meta_value>
            </wp:postmeta>
            <wp:postmeta>
                <wp:meta_key>lsb_published_year</wp:meta_key>
                <wp:meta_value><![CDATA[2010]]></wp:meta_value>
            </wp:postmeta>
            <wp:postmeta>
                <wp:meta_key>_lsb_published_year</wp:meta_key>
                <wp:meta_value><![CDATA[lsb_acf_published_year]]></wp:meta_value>
            </wp:postmeta>
            <wp:postmeta>
                <wp:meta_key>lsb_pages</wp:meta_key>
                <wp:meta_value><![CDATA[207]]></wp:meta_value>
            </wp:postmeta>
            <wp:postmeta>
                <wp:meta_key>_lsb_pages</wp:meta_key>
                <wp:meta_value><![CDATA[lsb_acf_pages]]></wp:meta_value>
            </wp:postmeta>
            <wp:postmeta>
                <wp:meta_key>lsb_review</wp:meta_key>
                <wp:meta_value><![CDATA[  <div>Vilhelm Thygesen er blitt 72 år gammel. </div>  <div>Han har blitt pensjonist og praktisererer ikke som advokat lenger.</div>  <div>Hans gamle venn finansmannen Bernie Levin har kjøpt seg inn Baugen IL. </div>  <div>Laget rykket overraskende opp i Adecco-ligaen i 2008-sesongen . </div>  <div>Pengefolk har skaffet den lille klubben en suksessrik trener og flere nye spillere. </div>  <div>Seint en kveld blir en av klubbens toppspillere funnet druknet i Ytre Oslofjord. </div>  <div>Thygesen klarer ikke å la være å snuse i saken. </div>  <div>Politiets etterforskning står i stampe, </div>  <div>og trener Arvid Engebretsen ber om Thygesens hjelp.</div>  <div>&#160;</div>  <div>Det er lett å følge persongalleriet og historien i denne krimboka. </div>  <div>&#160;</div>  <div>Jon Michelet (f. 1944) har skrevet en rekke bøker om Thygesen. </div>  <div>Flere har blitt dramatisert for NRK. </div>  ]]></wp:meta_value>
            </wp:postmeta>
            <wp:postmeta>
                <wp:meta_key>_lsb_review</wp:meta_key>
                <wp:meta_value><![CDATA[lsb_acf_review]]></wp:meta_value>
            </wp:postmeta>
            <wp:postmeta>
                <wp:meta_key>lsb_quote</wp:meta_key>
                <wp:meta_value><![CDATA[Et par av spillerne løper mot ambulansen.  De veiver med armene for å vise ambulansesjåføren at han må kjøre ut på moloen.  Den gule bilen svinger ut på moloen. Ambulansepersonalet stormer ut. De er tre personer, to menn og en kvinne. Kvinnen plasserer en flat pakke, som må være en hjertestarter, på Jorginhos bryst. Den ene av mennene står parat med noe som ser ut til å være en oksygenmaske, som kanskje skal presses mot Jorginhos blåfiolette lepper.  "Er det håp, tror du" hvisker Thygesen andpustent til Levin.  "Det ser ikke sånn ut," hvisker Levin tilbake. "Det ser ut som om løpet er kjørt for ham, for Jorge Miguel da Silva."]]></wp:meta_value>
            </wp:postmeta>
            <wp:postmeta>
                <wp:meta_key>_lsb_quote</wp:meta_key>
                <wp:meta_value><![CDATA[lsb_acf_quote]]></wp:meta_value>
            </wp:postmeta>
            <wp:postmeta>
                <wp:meta_key>lsb_supported</wp:meta_key>
                <wp:meta_value><![CDATA[0]]></wp:meta_value>
            </wp:postmeta>
            <wp:postmeta>
                <wp:meta_key>_lsb_supported</wp:meta_key>
                <wp:meta_value><![CDATA[lsb_acf_supported]]></wp:meta_value>
            </wp:postmeta>
            <category domain="lsb_tax_author" nicename="jon-michelet"><![CDATA[Jon Michelet]]></category>
            <category domain="lsb_tax_publisher" nicename="oktober"><![CDATA[Oktober]]></category>
            <wp:postmeta>
                <wp:meta_key>lsb_look_inside</wp:meta_key>
                <wp:meta_value><![CDATA[CUSTOM_BLA_I_BOKA]]></wp:meta_value>
            </wp:postmeta>
            <wp:postmeta>
                <wp:meta_key>_lsb_look_inside</wp:meta_key>
                <wp:meta_value><![CDATA[lsb_acf_look_inside]]></wp:meta_value>
            </wp:postmeta>
            <category domain="lsb_tax_age" nicename="voksne"><![CDATA[voksne]]></category>
            <category domain="lsb_tax_genre" nicename="prosa"><![CDATA[prosa]]></category>
            <category domain="lsb_tax_topic" nicename="krim"><![CDATA[krim]]></category>
            <category domain="lsb_tax_topic" nicename="spenning"><![CDATA[spenning]]></category>
            <category domain="lsb_tax_language" nicename="no_nb"><![CDATA[bokmål]]></category>
            <category domain="lsb_tax_customization" nicename="skjønnlitteratur"><![CDATA[skjønnlitteratur]]></category>
            <wp:postmeta>
                <wp:meta_key>_thumbnail_id</wp:meta_key>
                <wp:meta_value><![CDATA[5471]]></wp:meta_value>
            </wp:postmeta>
        </item>
        <item>
            <title>Døden i Baugen.jpg</title>
            <wp:post_id>5471</wp:post_id>
            <wp:status>inherit</wp:status>
            <wp:post_type>attachment</wp:post_type>
            <wp:attachment_url>https://raw.githubusercontent.com/lesersokerbok/boksok.no-data-utils/master/output-example/images/04F6B0D3C87D4DBD832AAB8F79AD0A0B.jpg</wp:attachment_url>
        </item>
        <item>
            <wp:post_type>lsb_book</wp:post_type>
            <wp:status>publish</wp:status>
            <title>Kom i form med Yngvar</title>
            <excerpt:encoded><![CDATA[Dette er boka for deg som aldri har klart å komme i gang med trening - eller halde fram med det. Alt du treng, er denne boka, ein penn og eit par joggesko!  ]]></excerpt:encoded>
            <wp:postmeta>
                <wp:meta_key>lsb_isbn</wp:meta_key>
                <wp:meta_value><![CDATA[9788203239397]]></wp:meta_value>
            </wp:postmeta>
            <wp:postmeta>
                <wp:meta_key>_lsb_isbn</wp:meta_key>
                <wp:meta_value><![CDATA[lsb_acf_isbn]]></wp:meta_value>
            </wp:postmeta>
            <wp:postmeta>
                <wp:meta_key>lsb_published_year</wp:meta_key>
                <wp:meta_value><![CDATA[2011]]></wp:meta_value>
            </wp:postmeta>
            <wp:postmeta>
                <wp:meta_key>_lsb_published_year</wp:meta_key>
                <wp:meta_value><![CDATA[lsb_acf_published_year]]></wp:meta_value>
            </wp:postmeta>
            <wp:postmeta>
                <wp:meta_key>lsb_pages</wp:meta_key>
                <wp:meta_value><![CDATA[168]]></wp:meta_value>
            </wp:postmeta>
            <wp:postmeta>
                <wp:meta_key>_lsb_pages</wp:meta_key>
                <wp:meta_value><![CDATA[lsb_acf_pages]]></wp:meta_value>
            </wp:postmeta>
            <wp:postmeta>
                <wp:meta_key>lsb_review</wp:meta_key>
                <wp:meta_value><![CDATA[  <div><strong>Kom i form med Yngvar</strong> kan lesast og brukast av folk <br />  som er heilt uvande med å trene, og heilt uvande med å lese. </div>  <div><br />  Det er ikkje ei tung fagbok, <br />  men ei praktisk og motiverande bok. </div>  <div>Språket er enkelt, <br />  og boka er satt med ein font som er god å lese. <br />  Det er mykje&#160;luft på sidane og mange bilete. </div>  <div>Bruk av bilete gjer det óg lett å forstå <br />  korleis&#160;ein&#160;skal utføre øvingane, </div>  <div>noko som gjer liten risiko for skadar. </div>  <div>Sjølv for ein erfaren mosjonist kan dette være ei bok <br />  som gjer økt motivasjon og fleire ideer til variasjon i treninga. </div>  <div>&#160;</div>  <div>Mesteparten av&#160;teksten er på bokmål, men nokre kapittel er på nynorsk. <br />  </div>  ]]></wp:meta_value>
            </wp:postmeta>
            <wp:postmeta>
                <wp:meta_key>_lsb_review</wp:meta_key>
                <wp:meta_value><![CDATA[lsb_acf_review]]></wp:meta_value>
            </wp:postmeta>
            <wp:postmeta>
                <wp:meta_key>lsb_quote</wp:meta_key>
                <wp:meta_value><![CDATA[Det fins millionar av øvingar, treningsopplegg og treningsutstyr som lovar deg betre helse og ein sunnare kropp. Men kva skal du velje og korleis kjem du i gang? Der stoppar mange - og det er derfor eg har laga denne boka. Dette er mi løysing på korleis du skal komme i form. Eg veit at den funkar.    Her får du enkle og nøyaktige skildringar av korleis treninga skal utførast. Arenaen kan du sjølv bestemme - anten du føretrekkjer å trene heime, utandørs eller på treningssenteret ditt. Alt du treng, er eit par joggesko og ein lovnad ovenfor deg sjølv om at du verkelig vil dette. ]]></wp:meta_value>
            </wp:postmeta>
            <wp:postmeta>
                <wp:meta_key>_lsb_quote</wp:meta_key>
                <wp:meta_value><![CDATA[lsb_acf_quote]]></wp:meta_value>
            </wp:postmeta>
            <wp:postmeta>
                <wp:meta_key>lsb_supported</wp:meta_key>
                <wp:meta_value><![CDATA[0]]></wp:meta_value>
            </wp:postmeta>
            <wp:postmeta>
                <wp:meta_key>_lsb_supported</wp:meta_key>
                <wp:meta_value><![CDATA[lsb_acf_supported]]></wp:meta_value>
            </wp:postmeta>
            <category domain="lsb_tax_author" nicename="yngvar-andersen-og-liv-loftesnes"><![CDATA[Yngvar Andersen og Liv Loftesnes]]></category>
            <category domain="lsb_tax_publisher" nicename="aschehoug"><![CDATA[Aschehoug]]></category>
            <category domain="lsb_tax_illustrator" nicename="morten-brun"><![CDATA[Morten Brun]]></category>
            <wp:postmeta>
                <wp:meta_key>lsb_look_inside</wp:meta_key>
                <wp:meta_value><![CDATA[CUSTOM_BLA_I_BOKA]]></wp:meta_value>
            </wp:postmeta>
            <wp:postmeta>
                <wp:meta_key>_lsb_look_inside</wp:meta_key>
                <wp:meta_value><![CDATA[lsb_acf_look_inside]]></wp:meta_value>
            </wp:postmeta>
            <category domain="lsb_tax_age" nicename="voksne"><![CDATA[voksne]]></category>
            <category domain="lsb_tax_genre" nicename="faglitteratur"><![CDATA[faglitteratur]]></category>
            <category domain="lsb_tax_topic" nicename="mat"><![CDATA[mat]]></category>
            <category domain="lsb_tax_topic" nicename="helse"><![CDATA[helse]]></category>
            <category domain="lsb_tax_topic" nicename="sport"><![CDATA[sport]]></category>
            <category domain="lsb_tax_language" nicename="no_nb"><![CDATA[bokmål]]></category>
            <category domain="lsb_tax_language" nicename="no_nn"><![CDATA[nynorsk]]></category>
            <category domain="lsb_tax_customization" nicename="faglitteratur"><![CDATA[faglitteratur]]></category>
            <category domain="lsb_tax_customization" nicename="mange-bilder"><![CDATA[mange bilder]]></category>
            <wp:postmeta>
                <wp:meta_key>_thumbnail_id</wp:meta_key>
                <wp:meta_value><![CDATA[5472]]></wp:meta_value>
            </wp:postmeta>
        </item>
        <item>
            <title>Kom i form med Yngvar.jpg</title>
            <wp:post_id>5472</wp:post_id>
            <wp:status>inherit</wp:status>
            <wp:post_type>attachment</wp:post_type>
            <wp:attachment_url>https://raw.githubusercontent.com/lesersokerbok/boksok.no-data-utils/master/output-example/images/1BB611EE30F64AB2B0260FA4D9045ABC.jpg</wp:attachment_url>
        </item>
        <item>
            <wp:post_type>lsb_book</wp:post_type>
            <wp:status>publish</wp:status>
            <title>Meg og en kritthvit T-skjorte uten trykk på</title>
            <excerpt:encoded><![CDATA[Aksel er ny i klassen og velger ut Anne til å drive et bedriftsprosjekt sammen med ham.   En nokså mislykket bedrift.   Sammen lanserer de en rekke mer eller mindre  vellykkede forretningsideer.]]></excerpt:encoded>
            <wp:postmeta>
                <wp:meta_key>lsb_isbn</wp:meta_key>
                <wp:meta_value><![CDATA[9788253034096]]></wp:meta_value>
            </wp:postmeta>
            <wp:postmeta>
                <wp:meta_key>_lsb_isbn</wp:meta_key>
                <wp:meta_value><![CDATA[lsb_acf_isbn]]></wp:meta_value>
            </wp:postmeta>
            <wp:postmeta>
                <wp:meta_key>lsb_published_year</wp:meta_key>
                <wp:meta_value><![CDATA[2011]]></wp:meta_value>
            </wp:postmeta>
            <wp:postmeta>
                <wp:meta_key>_lsb_published_year</wp:meta_key>
                <wp:meta_value><![CDATA[lsb_acf_published_year]]></wp:meta_value>
            </wp:postmeta>
            <wp:postmeta>
                <wp:meta_key>lsb_pages</wp:meta_key>
                <wp:meta_value><![CDATA[93]]></wp:meta_value>
            </wp:postmeta>
            <wp:postmeta>
                <wp:meta_key>_lsb_pages</wp:meta_key>
                <wp:meta_value><![CDATA[lsb_acf_pages]]></wp:meta_value>
            </wp:postmeta>
            <wp:postmeta>
                <wp:meta_key>lsb_review</wp:meta_key>
                <wp:meta_value><![CDATA[  <div>Snart henger Anne og Aksel sammen som erteris</div>  <div>og all ledig tid går med til prosjeket. </div>  <div>Målet er å bli millionærer. </div>  <div>&#160;</div>  <div>Men etterhvert begynner Aksel å trekke seg unna, </div>  <div>og blir borte i perioder. </div>  <div>Denne forandringen er forvirrende for Anne. </div>  <div>Hvor godt kjenner hun egentlig sin nye bedriftspartner? </div>  <div>Og er hun innerst inne helt ærlig mot seg selv? </div>  <div>&#160;</div>  <div>Dette er en annerledes ungdomsroman</div>  <div>der teksten er skrevet som kortprosa</div>  <div>med tre ulike nivåer. </div>  <div>Det er ulike fonter på de ulike nivåene. </div>  <div>Handlingen er lett å følge <br />  selvom det er ulike tidsforløp på tekstnivåene. </div>  <div>&#160;</div>  <div><strong>Meg og en kritthvit t-skjorte uten trykk på</strong> <br />  er blitt anmeldt av Morten Haugen i Aftenposten 11. mai 2011 : </div>  <div>&#160;</div>  <div><strong>"Ettertankens kjærlighetshistorie</strong></div>  <div>Han som kom og endret  alt. </div>  <div>Aksel er ny i klassen. Åpen, energisk og impulsiv. </div>  <div>Han vervet den solide, "kjedelige" Anne til et vidløftig samarbeid: finne den perfekte forretningsideen og bli styrtrike før de er 25. </div>  <div>Boken har to tidsplan: hennes skildring av året de hadde sammen, og avsnitt med hennes tanker i nåtid. <br />  </div>  <div>Stemningen veksler mellom en Mr. Bean-aktig tragikomikk etter hvert som forretningsideene faller i grus, </div>  <div>og Annes voksende forståelse av at Aksel ble innhentet av uhelbredelig sykdom. Kombinasjonen høres umulig ut, men Evensen har lykkes å få mye fin, sår varme ut av oppvåkning, erkjennelse, feiling og savn. </div>  <div>Anne ble kjæreste med Håvard, uten å finne ro. Det uutalte, store spørsmålet er hva hun og Aksel kunne hatt sammen. <br />  </div>  <div>&#160;</div>  <div>Evensen (36) er kulturarbeider i Odda, og har gått på barnebokinstituttets forfatterutdanning[sic.]. </div>  <div>Fortellinger om "han/henne som brått kom inn i livet mitt og forandret alt", er en kjent sjanger. Evensens versjon har fått en fin glød."</div>  <div>&#160;</div>  ]]></wp:meta_value>
            </wp:postmeta>
            <wp:postmeta>
                <wp:meta_key>_lsb_review</wp:meta_key>
                <wp:meta_value><![CDATA[lsb_acf_review]]></wp:meta_value>
            </wp:postmeta>
            <wp:postmeta>
                <wp:meta_key>lsb_quote</wp:meta_key>
                <wp:meta_value><![CDATA[Vi hadde ikke så mye til felles, egentlig, Aksel og jeg,   annet enn den sterke interessen for å finne ut hva som   var potensielt innbringende økonomisk. En interesse  jeg ikke ante at jeg hadde - før Aksel. Til å være   såpass forskjellige, tilbrakte vi mye tid sammen. Det  ble ganske mange timer det året. Den ene virkelig  gode ideen viste seg jo å sitte et stykke lenger inne   enn vi hadde håpet på.   ]]></wp:meta_value>
            </wp:postmeta>
            <wp:postmeta>
                <wp:meta_key>_lsb_quote</wp:meta_key>
                <wp:meta_value><![CDATA[lsb_acf_quote]]></wp:meta_value>
            </wp:postmeta>
            <wp:postmeta>
                <wp:meta_key>lsb_supported</wp:meta_key>
                <wp:meta_value><![CDATA[1]]></wp:meta_value>
            </wp:postmeta>
            <wp:postmeta>
                <wp:meta_key>_lsb_supported</wp:meta_key>
                <wp:meta_value><![CDATA[lsb_acf_supported]]></wp:meta_value>
            </wp:postmeta>
            <wp:postmeta>
                <wp:meta_key>lsb_support_cat</wp:meta_key>
                <wp:meta_value><![CDATA[purple]]></wp:meta_value>
            </wp:postmeta>
            <wp:postmeta>
                <wp:meta_key>_lsb_support_cat</wp:meta_key>
                <wp:meta_value><![CDATA[lsb_acf_support_cat]]></wp:meta_value>
            </wp:postmeta>
            <category domain="lsb_tax_author" nicename="liv-eirill-evensen"><![CDATA[Liv Eirill Evensen]]></category>
            <category domain="lsb_tax_publisher" nicename="omnipax"><![CDATA[Omnipax]]></category>
            <wp:postmeta>
                <wp:meta_key>lsb_look_inside</wp:meta_key>
                <wp:meta_value><![CDATA[CUSTOM_BLA_I_BOKA]]></wp:meta_value>
            </wp:postmeta>
            <wp:postmeta>
                <wp:meta_key>_lsb_look_inside</wp:meta_key>
                <wp:meta_value><![CDATA[lsb_acf_look_inside]]></wp:meta_value>
            </wp:postmeta>
            <category domain="lsb_tax_age" nicename="ungdom"><![CDATA[ungdom]]></category>
            <category domain="lsb_tax_genre" nicename="prosa"><![CDATA[prosa]]></category>
            <category domain="lsb_tax_topic" nicename="mennesker-i-mellom"><![CDATA[mennesker i mellom]]></category>
            <category domain="lsb_tax_language" nicename="no_nb"><![CDATA[bokmål]]></category>
            <category domain="lsb_tax_customization" nicename="skjønnlitteratur"><![CDATA[skjønnlitteratur]]></category>
            <wp:postmeta>
                <wp:meta_key>_thumbnail_id</wp:meta_key>
                <wp:meta_value><![CDATA[5473]]></wp:meta_value>
            </wp:postmeta>
        </item>
        <item>
            <title>Meg og en kritthvit t-skjorte uten trykk på.jpg</title>
            <wp:post_id>5473</wp:post_id>
            <wp:status>inherit</wp:status>
            <wp:post_type>attachment</wp:post_type>
            <wp:attachment_url>https://raw.githubusercontent.com/lesersokerbok/boksok.no-data-utils/master/output-example/images/DB10D7A7B1DF45BCA27144F2F767C940.jpg</wp:attachment_url>
        </item>
        <item>
            <wp:post_type>lsb_book</wp:post_type>
            <wp:status>publish</wp:status>
            <title>Vilja og bokstavene som krøller seg</title>
            <excerpt:encoded><![CDATA[Vilja gruer seg til å begynne i 3. klasse.   Hun skal få en ny lærer.   Vilja gruer seg til at læreren   skal oppdage at hun ikke kan lese. ]]></excerpt:encoded>
            <wp:postmeta>
                <wp:meta_key>lsb_isbn</wp:meta_key>
                <wp:meta_value><![CDATA[9788252001440]]></wp:meta_value>
            </wp:postmeta>
            <wp:postmeta>
                <wp:meta_key>_lsb_isbn</wp:meta_key>
                <wp:meta_value><![CDATA[lsb_acf_isbn]]></wp:meta_value>
            </wp:postmeta>
            <wp:postmeta>
                <wp:meta_key>lsb_published_year</wp:meta_key>
                <wp:meta_value><![CDATA[2011]]></wp:meta_value>
            </wp:postmeta>
            <wp:postmeta>
                <wp:meta_key>_lsb_published_year</wp:meta_key>
                <wp:meta_value><![CDATA[lsb_acf_published_year]]></wp:meta_value>
            </wp:postmeta>
            <wp:postmeta>
                <wp:meta_key>lsb_pages</wp:meta_key>
                <wp:meta_value><![CDATA[57]]></wp:meta_value>
            </wp:postmeta>
            <wp:postmeta>
                <wp:meta_key>_lsb_pages</wp:meta_key>
                <wp:meta_value><![CDATA[lsb_acf_pages]]></wp:meta_value>
            </wp:postmeta>
            <wp:postmeta>
                <wp:meta_key>lsb_review</wp:meta_key>
                <wp:meta_value><![CDATA[  <div>På fotballbanen er Vilja suveren. </div>  <div>Hun er kaptein på laget. </div>  <div>Men i klasserommet er det vanskelig. </div>  <div>Det er så slitsomt når bokstavene krøller seg</div>  <div>og spretter fram, hulter til bulter. </div>  <div>&#160;</div>  <div>Men den nye læreren til Vilja <br />  har en hemmelighet. <br />  Kan det være at han forstår henne </div>  <div>litt bedre enn hun tror? </div>  <div>&#160;</div>  <div>En søt og litt sår historie om et viktig tema. </div>  <div>Boka formidler hvordan barn <br />  kan oppleve å ha lese- og skrivevansker. </div>  <div>Fortellingen beskriver også godt <br />  hvordan en kan jobbe med slike utfordringer. </div>  <div>&#160;</div>  <div><strong>Vilja og bokstavene som krøller seg</strong></div>  <div>har tydelige, fargeillustrasjoner laget av Kari Sortland. </div>  <div>Bildene utfyller teksten godt, <br />  og gjør boka enklere å lese og forstå. </div>  <div>&#160;</div>  <div>"Hvis du sliter med å lese: Her er en bok<br />  som forteller det akkurat som det er!<br />  Den er til og med lettlest!"(fra forordet)</div>  <div>&#160;</div>  <div>- Marianne Grønner</div>  <div>Generalsekretær i Dysleksi Norge</div>  <div>- Åsne Midtbø Aas</div>  <div>Pedagog i Dysleksi Norge</div>  <div>&#160;</div>  <div>"Mitt håp er at humoren kommer fram, <br />  og at mange barn som strever med bokstavene, <br />  vil kjenne seg igjen og får lyst til å jobbe som Vilja", forteller forfatteren. <br />  "Jeg har arbeidet i skolen i over 40 år <br />  og sett hvordan dyslektikere og andre har strevd der. <br />  Dette er en gruppe som har sittet <br />  og sittet og sittet på skolebenken og brukt viskelær. <br />  De har trengt lengre tid og ekstra hjelp, <br />  men mange ganger har det vært vanskelig <br />  å få denne hjelpen. <br />  Med Vilja-boka vil jeg fokusere <br />  på at mange lærere kan hjelpe, <br />  mange hjemme kan hjelpe, <br />  og pc-en og ulike dataprogram kan hjelpe, sier Moen.<br />  "Selv har jeg som dramalærer hatt utetimer <br />  og fått lekt bokstavene inn. <br />  Da har elevene laget bokstaver med kroppen, <br />  pinner, steiner og skjell, forteller Moen <br />  – og slike aktiviteter får også Vilja og klassen hennes prøve seg på.<br />  </div>  ]]></wp:meta_value>
            </wp:postmeta>
            <wp:postmeta>
                <wp:meta_key>_lsb_review</wp:meta_key>
                <wp:meta_value><![CDATA[lsb_acf_review]]></wp:meta_value>
            </wp:postmeta>
            <wp:postmeta>
                <wp:meta_key>lsb_quote</wp:meta_key>
                <wp:meta_value><![CDATA[Morfar setter seg på sengekanten.   - Hva sa den nye læreren? spør Vilja.   - Vet han at jeg ikke kan lese?  Har noen sladret?  - Det var jeg som fortalte deg, svarer morfar.   - Jeg fortalte om bokstavene som danser for deg.   Han smiler lurt.   - Hva sa han da? Ble han forskrekket? Ble han sur?  Vlja er spent.   Morfar kikker ut av vinduet. Månen er full i kveld.   Den smiler og seiler stolt over himmelen.   - Nei, læreren ble verken forskrekket eller sur.   "Det skal vi nok ordne", sa han.   "Jeg gleder meg til å snakke med Vilja," sa han også. ]]></wp:meta_value>
            </wp:postmeta>
            <wp:postmeta>
                <wp:meta_key>_lsb_quote</wp:meta_key>
                <wp:meta_value><![CDATA[lsb_acf_quote]]></wp:meta_value>
            </wp:postmeta>
            <wp:postmeta>
                <wp:meta_key>lsb_supported</wp:meta_key>
                <wp:meta_value><![CDATA[1]]></wp:meta_value>
            </wp:postmeta>
            <wp:postmeta>
                <wp:meta_key>_lsb_supported</wp:meta_key>
                <wp:meta_value><![CDATA[lsb_acf_supported]]></wp:meta_value>
            </wp:postmeta>
            <wp:postmeta>
                <wp:meta_key>lsb_support_cat</wp:meta_key>
                <wp:meta_value><![CDATA[purple]]></wp:meta_value>
            </wp:postmeta>
            <wp:postmeta>
                <wp:meta_key>_lsb_support_cat</wp:meta_key>
                <wp:meta_value><![CDATA[lsb_acf_support_cat]]></wp:meta_value>
            </wp:postmeta>
            <category domain="lsb_tax_author" nicename="torhild-moen"><![CDATA[Torhild Moen]]></category>
            <category domain="lsb_tax_publisher" nicename="lunde"><![CDATA[Lunde]]></category>
            <category domain="lsb_tax_illustrator" nicename="kari-sortland"><![CDATA[Kari Sortland]]></category>
            <wp:postmeta>
                <wp:meta_key>lsb_look_inside</wp:meta_key>
                <wp:meta_value><![CDATA[CUSTOM_BLA_I_BOKA]]></wp:meta_value>
            </wp:postmeta>
            <wp:postmeta>
                <wp:meta_key>_lsb_look_inside</wp:meta_key>
                <wp:meta_value><![CDATA[lsb_acf_look_inside]]></wp:meta_value>
            </wp:postmeta>
            <category domain="lsb_tax_age" nicename="barn"><![CDATA[barn]]></category>
            <category domain="lsb_tax_genre" nicename="prosa"><![CDATA[prosa]]></category>
            <category domain="lsb_tax_topic" nicename="mennesker-i-mellom"><![CDATA[mennesker i mellom]]></category>
            <category domain="lsb_tax_language" nicename="no_nb"><![CDATA[bokmål]]></category>
            <category domain="lsb_tax_customization" nicename="skjønnlitteratur"><![CDATA[skjønnlitteratur]]></category>
            <category domain="lsb_tax_customization" nicename="mange-bilder"><![CDATA[mange bilder]]></category>
            <wp:postmeta>
                <wp:meta_key>_thumbnail_id</wp:meta_key>
                <wp:meta_value><![CDATA[5474]]></wp:meta_value>
            </wp:postmeta>
        </item>
        <item>
            <title>vilja_og_bokstavene.jpg</title>
            <wp:post_id>5474</wp:post_id>
            <wp:status>inherit</wp:status>
            <wp:post_type>attachment</wp:post_type>
            <wp:attachment_url>https://raw.githubusercontent.com/lesersokerbok/boksok.no-data-utils/master/output-example/images/FFE8C5B669F741AF9FD0339CB57C99C7.jpg</wp:attachment_url>
        </item>
        <item>
            <wp:post_type>lsb_book</wp:post_type>
            <wp:status>publish</wp:status>
            <title>Det er en bok!</title>
            <excerpt:encoded><![CDATA[Bli kjent med en leseglad ape,   et datakyndig esel og en bedrevitende mus  som forklarer på en morsom og underfundig måte   hva en bok faktisk er. ]]></excerpt:encoded>
            <wp:postmeta>
                <wp:meta_key>lsb_isbn</wp:meta_key>
                <wp:meta_value><![CDATA[9788203253157]]></wp:meta_value>
            </wp:postmeta>
            <wp:postmeta>
                <wp:meta_key>_lsb_isbn</wp:meta_key>
                <wp:meta_value><![CDATA[lsb_acf_isbn]]></wp:meta_value>
            </wp:postmeta>
            <wp:postmeta>
                <wp:meta_key>lsb_published_year</wp:meta_key>
                <wp:meta_value><![CDATA[2010]]></wp:meta_value>
            </wp:postmeta>
            <wp:postmeta>
                <wp:meta_key>_lsb_published_year</wp:meta_key>
                <wp:meta_value><![CDATA[lsb_acf_published_year]]></wp:meta_value>
            </wp:postmeta>
            <wp:postmeta>
                <wp:meta_key>lsb_pages</wp:meta_key>
                <wp:meta_value/>
            </wp:postmeta>
            <wp:postmeta>
                <wp:meta_key>_lsb_pages</wp:meta_key>
                <wp:meta_value><![CDATA[lsb_acf_pages]]></wp:meta_value>
            </wp:postmeta>
            <wp:postmeta>
                <wp:meta_key>lsb_review</wp:meta_key>
                <wp:meta_value><![CDATA[  <div>En bok om bøker for vår digitale tidsalder. </div>  <div>&#160;</div>  <div>Bildeboka er enkelt skrevet. </div>  <div>Lane Smith har skrevet og illustrert en rekke barnebøker. </div>  <div>Dette er den første som er blitt oversatt til norsk. </div>  ]]></wp:meta_value>
            </wp:postmeta>
            <wp:postmeta>
                <wp:meta_key>_lsb_review</wp:meta_key>
                <wp:meta_value><![CDATA[lsb_acf_review]]></wp:meta_value>
            </wp:postmeta>
            <wp:postmeta>
                <wp:meta_key>lsb_quote</wp:meta_key>
                <wp:meta_value><![CDATA[Hva er det for noe?  Det er en bok.     Hvordan skroller du nedover?   Jeg skroller ikke.   Jeg blar.   Det er en bok.     Blogger du med den?  Nei, det er en bok. ]]></wp:meta_value>
            </wp:postmeta>
            <wp:postmeta>
                <wp:meta_key>_lsb_quote</wp:meta_key>
                <wp:meta_value><![CDATA[lsb_acf_quote]]></wp:meta_value>
            </wp:postmeta>
            <wp:postmeta>
                <wp:meta_key>lsb_supported</wp:meta_key>
                <wp:meta_value><![CDATA[0]]></wp:meta_value>
            </wp:postmeta>
            <wp:postmeta>
                <wp:meta_key>_lsb_supported</wp:meta_key>
                <wp:meta_value><![CDATA[lsb_acf_supported]]></wp:meta_value>
            </wp:postmeta>
            <category domain="lsb_tax_author" nicename="lane-smith"><![CDATA[Lane Smith]]></category>
            <category domain="lsb_tax_publisher" nicename="aschehoug"><![CDATA[Aschehoug]]></category>
            <category domain="lsb_tax_illustrator" nicename="lane-smith"><![CDATA[Lane Smith]]></category>
            <category domain="lsb_tax_translator" nicename="camilla-eikeland-sundnes"><![CDATA[Camilla Eikeland Sundnes]]></category>
            <wp:postmeta>
                <wp:meta_key>lsb_look_inside</wp:meta_key>
                <wp:meta_value><![CDATA[CUSTOM_BLA_I_BOKA]]></wp:meta_value>
            </wp:postmeta>
            <wp:postmeta>
                <wp:meta_key>_lsb_look_inside</wp:meta_key>
                <wp:meta_value><![CDATA[lsb_acf_look_inside]]></wp:meta_value>
            </wp:postmeta>
            <category domain="lsb_tax_age" nicename="barn"><![CDATA[barn]]></category>
            <category domain="lsb_tax_age" nicename="voksne"><![CDATA[voksne]]></category>
            <category domain="lsb_tax_genre" nicename="prosa"><![CDATA[prosa]]></category>
            <category domain="lsb_tax_topic" nicename="mennesker-i-mellom"><![CDATA[mennesker i mellom]]></category>
            <category domain="lsb_tax_language" nicename="no_nb"><![CDATA[bokmål]]></category>
            <category domain="lsb_tax_customization" nicename="bilder"><![CDATA[bilder]]></category>
            <category domain="lsb_tax_customization" nicename="mange-bilder"><![CDATA[mange bilder]]></category>
            <wp:postmeta>
                <wp:meta_key>_thumbnail_id</wp:meta_key>
                <wp:meta_value><![CDATA[5475]]></wp:meta_value>
            </wp:postmeta>
        </item>
        <item>
            <title>det er en bok.jpg</title>
            <wp:post_id>5475</wp:post_id>
            <wp:status>inherit</wp:status>
            <wp:post_type>attachment</wp:post_type>
            <wp:attachment_url>https://raw.githubusercontent.com/lesersokerbok/boksok.no-data-utils/master/output-example/images/79A2431CD29C45F0A0C36742D9170EA7.jpg</wp:attachment_url>
        </item>
        <item>
            <wp:post_type>lsb_book</wp:post_type>
            <wp:status>publish</wp:status>
            <title>Nattbordboka</title>
            <excerpt:encoded><![CDATA[Fôr for underbevisstheten i novelleform   som passer å lese før man skal legge seg. ]]></excerpt:encoded>
            <wp:postmeta>
                <wp:meta_key>lsb_isbn</wp:meta_key>
                <wp:meta_value><![CDATA[9788281790681]]></wp:meta_value>
            </wp:postmeta>
            <wp:postmeta>
                <wp:meta_key>_lsb_isbn</wp:meta_key>
                <wp:meta_value><![CDATA[lsb_acf_isbn]]></wp:meta_value>
            </wp:postmeta>
            <wp:postmeta>
                <wp:meta_key>lsb_published_year</wp:meta_key>
                <wp:meta_value><![CDATA[2010]]></wp:meta_value>
            </wp:postmeta>
            <wp:postmeta>
                <wp:meta_key>_lsb_published_year</wp:meta_key>
                <wp:meta_value><![CDATA[lsb_acf_published_year]]></wp:meta_value>
            </wp:postmeta>
            <wp:postmeta>
                <wp:meta_key>lsb_pages</wp:meta_key>
                <wp:meta_value><![CDATA[193]]></wp:meta_value>
            </wp:postmeta>
            <wp:postmeta>
                <wp:meta_key>_lsb_pages</wp:meta_key>
                <wp:meta_value><![CDATA[lsb_acf_pages]]></wp:meta_value>
            </wp:postmeta>
            <wp:postmeta>
                <wp:meta_key>lsb_review</wp:meta_key>
                <wp:meta_value><![CDATA[  <div>Noveller av kjente forfattere som Kjell Askildsen, </div>  <div>Øystein Lønn, Bjarte Breiteig, Nina Lykke og Ebba Haslund. </div>  <div>En samling med historier og visdomsord til inspirasjon og ettertanke. </div>  <div>&#160;</div>  <div>Novellene er korte og tilgjengelig skrevet.</div>  <div>  <div>Flere av forfatterne er representert i Boksøk fra før. </div> </div>  ]]></wp:meta_value>
            </wp:postmeta>
            <wp:postmeta>
                <wp:meta_key>_lsb_review</wp:meta_key>
                <wp:meta_value><![CDATA[lsb_acf_review]]></wp:meta_value>
            </wp:postmeta>
            <wp:postmeta>
                <wp:meta_key>lsb_quote</wp:meta_key>
                <wp:meta_value><![CDATA[Iver er ferdig med det huslige. Han skifter til arbeids-  tøy. Hun var nøye med sånt, Jorunn. Rundt livet  knyter han et av hennes forklær med store lommer. De  er fine å ha redskapen i når han arbeider. Sola står høyt  nå. Gul varme på stien. Trær og busker gror tett rundt   skjulet. Det er kjølig der inne. Verktøyet henger i pinlig  orden på veggen. Han finner frem det han trenger - en   skrape og en god fil. Iver støtter opp den gamle, ge-  brekkelige stigen med en stein ved hvert ben og trår  forsiktig på trinnene. Han er frisk og spenstig, men han  tar ingen sjanser. Det er langt til folk. Faller han ned,   blir han vel liggende til reven tar ham. Iver skraper.   Jernet piper. Småfugl skremmes fra fuglebrettet.     Fra Annenhver fredag av Unni Hellesøe Kittelsen]]></wp:meta_value>
            </wp:postmeta>
            <wp:postmeta>
                <wp:meta_key>_lsb_quote</wp:meta_key>
                <wp:meta_value><![CDATA[lsb_acf_quote]]></wp:meta_value>
            </wp:postmeta>
            <wp:postmeta>
                <wp:meta_key>lsb_supported</wp:meta_key>
                <wp:meta_value><![CDATA[0]]></wp:meta_value>
            </wp:postmeta>
            <wp:postmeta>
                <wp:meta_key>_lsb_supported</wp:meta_key>
                <wp:meta_value><![CDATA[lsb_acf_supported]]></wp:meta_value>
            </wp:postmeta>
            <category domain="lsb_tax_author" nicename="øyvind-asbjørnsen-(red.)"><![CDATA[Øyvind Asbjørnsen (red.)]]></category>
            <category domain="lsb_tax_publisher" nicename="fritt-forlag"><![CDATA[Fritt forlag]]></category>
            <wp:postmeta>
                <wp:meta_key>lsb_look_inside</wp:meta_key>
                <wp:meta_value><![CDATA[CUSTOM_BLA_I_BOKA]]></wp:meta_value>
            </wp:postmeta>
            <wp:postmeta>
                <wp:meta_key>_lsb_look_inside</wp:meta_key>
                <wp:meta_value><![CDATA[lsb_acf_look_inside]]></wp:meta_value>
            </wp:postmeta>
            <category domain="lsb_tax_age" nicename="voksne"><![CDATA[voksne]]></category>
            <category domain="lsb_tax_genre" nicename="prosa"><![CDATA[prosa]]></category>
            <category domain="lsb_tax_topic" nicename="mennesker-i-mellom"><![CDATA[mennesker i mellom]]></category>
            <category domain="lsb_tax_language" nicename="no_nb"><![CDATA[bokmål]]></category>
            <category domain="lsb_tax_customization" nicename="skjønnlitteratur"><![CDATA[skjønnlitteratur]]></category>
            <wp:postmeta>
                <wp:meta_key>_thumbnail_id</wp:meta_key>
                <wp:meta_value><![CDATA[5476]]></wp:meta_value>
            </wp:postmeta>
        </item>
        <item>
            <title>NattbordBoka.jpg</title>
            <wp:post_id>5476</wp:post_id>
            <wp:status>inherit</wp:status>
            <wp:post_type>attachment</wp:post_type>
            <wp:attachment_url>https://raw.githubusercontent.com/lesersokerbok/boksok.no-data-utils/master/output-example/images/50A685C7293345A4B3C4EEF78A6C1E52.jpg</wp:attachment_url>
        </item>
        <item>
            <wp:post_type>lsb_book</wp:post_type>
            <wp:status>publish</wp:status>
            <title>Freddy</title>
            <excerpt:encoded><![CDATA[Freddys tatoveringer er kunstverk.   Folk står i kø for å se kroppen hans  og damer besvimer   Freddy var en stjerne som alle elsket.   En dag blir en styrtrik kunstsamler   interessert i Freddys tatoveringer. ]]></excerpt:encoded>
            <wp:postmeta>
                <wp:meta_key>lsb_isbn</wp:meta_key>
                <wp:meta_value><![CDATA[9788282380140]]></wp:meta_value>
            </wp:postmeta>
            <wp:postmeta>
                <wp:meta_key>_lsb_isbn</wp:meta_key>
                <wp:meta_value><![CDATA[lsb_acf_isbn]]></wp:meta_value>
            </wp:postmeta>
            <wp:postmeta>
                <wp:meta_key>lsb_published_year</wp:meta_key>
                <wp:meta_value><![CDATA[2011]]></wp:meta_value>
            </wp:postmeta>
            <wp:postmeta>
                <wp:meta_key>_lsb_published_year</wp:meta_key>
                <wp:meta_value><![CDATA[lsb_acf_published_year]]></wp:meta_value>
            </wp:postmeta>
            <wp:postmeta>
                <wp:meta_key>lsb_pages</wp:meta_key>
                <wp:meta_value/>
            </wp:postmeta>
            <wp:postmeta>
                <wp:meta_key>_lsb_pages</wp:meta_key>
                <wp:meta_value><![CDATA[lsb_acf_pages]]></wp:meta_value>
            </wp:postmeta>
            <wp:postmeta>
                <wp:meta_key>lsb_review</wp:meta_key>
                <wp:meta_value><![CDATA[  <div>Kunstsamleren gir Freddy ti millioner kroner <br />  og gratis cola hele livet. </div>  <div>Freddy blir plassert i et digert hvelv<br />  sammen med verdenskjente kunstverk. </div>  <div>&#160;</div>  <div>Nå er han langt unna de beundrende blikkene<br />  og applausen som han er vant til. </div>  <div>Freddy forsøker å kjøpe seg tilbake, </div>  <div>men får klar beskjed om at markedsverdien hans <br />  er steget til det dobbelte. </div>  <div>&#160;</div>  <div>Tilslutt finner Freddy en desperat utvei. </div>  <div>&#160;</div>  <div>Underfundig billedbok for alle aldre<br />  om kunstverkets status <br />  som en estetisk gjenstand og et investeringsobjekt.  </div>  <div>&#160;</div>  <div>Marvin Halleraker har både tydelig og enkel tekst, </div>  <div>og har gode og klare tegninger. <br />  Flere mesterverk fra kunsthistorien er gjentatt på bildene. </div>  <div>Dette er ingen typisk billedbok for barn, <br />  men anbefales heller for eldre lesere.   </div>  <div>&#160;</div>  <div>&#160;</div>  ]]></wp:meta_value>
            </wp:postmeta>
            <wp:postmeta>
                <wp:meta_key>_lsb_review</wp:meta_key>
                <wp:meta_value><![CDATA[lsb_acf_review]]></wp:meta_value>
            </wp:postmeta>
            <wp:postmeta>
                <wp:meta_key>lsb_quote</wp:meta_key>
                <wp:meta_value><![CDATA[En dag kom kunstsamleren likevel en snartur innom  villaen sin. Freddy ba om å få snakke med ham.   - Jeg vil gjerne kjøpe meg tilbake, sa han.   - No problem, sa kunstsamleren. - Men det koster.   Prisindeksen på kunstmarkedet har steget. Du er nå  verd 20 millioner kroner.     Men Freddy hadde bare 10 millioner, en colaautomat,   en bunke underbukser og en flaske flekkfjerningsmiddel  fra produsenten som aldri hadde gitt opp å få en avtale  med ham.   ]]></wp:meta_value>
            </wp:postmeta>
            <wp:postmeta>
                <wp:meta_key>_lsb_quote</wp:meta_key>
                <wp:meta_value><![CDATA[lsb_acf_quote]]></wp:meta_value>
            </wp:postmeta>
            <wp:postmeta>
                <wp:meta_key>lsb_supported</wp:meta_key>
                <wp:meta_value><![CDATA[0]]></wp:meta_value>
            </wp:postmeta>
            <wp:postmeta>
                <wp:meta_key>_lsb_supported</wp:meta_key>
                <wp:meta_value><![CDATA[lsb_acf_supported]]></wp:meta_value>
            </wp:postmeta>
            <category domain="lsb_tax_author" nicename="marvin-halleraker"><![CDATA[Marvin Halleraker]]></category>
            <category domain="lsb_tax_publisher" nicename="mangschou"><![CDATA[Mangschou]]></category>
            <category domain="lsb_tax_illustrator" nicename="marvin-halleraker"><![CDATA[Marvin Halleraker]]></category>
            <wp:postmeta>
                <wp:meta_key>lsb_look_inside</wp:meta_key>
                <wp:meta_value><![CDATA[CUSTOM_BLA_I_BOKA]]></wp:meta_value>
            </wp:postmeta>
            <wp:postmeta>
                <wp:meta_key>_lsb_look_inside</wp:meta_key>
                <wp:meta_value><![CDATA[lsb_acf_look_inside]]></wp:meta_value>
            </wp:postmeta>
            <category domain="lsb_tax_age" nicename="voksne"><![CDATA[voksne]]></category>
            <category domain="lsb_tax_genre" nicename="prosa"><![CDATA[prosa]]></category>
            <category domain="lsb_tax_topic" nicename="mennesker-i-mellom"><![CDATA[mennesker i mellom]]></category>
            <category domain="lsb_tax_language" nicename="no_nb"><![CDATA[bokmål]]></category>
            <category domain="lsb_tax_customization" nicename="bilder"><![CDATA[bilder]]></category>
            <category domain="lsb_tax_customization" nicename="mange-bilder"><![CDATA[mange bilder]]></category>
            <wp:postmeta>
                <wp:meta_key>_thumbnail_id</wp:meta_key>
                <wp:meta_value><![CDATA[5477]]></wp:meta_value>
            </wp:postmeta>
        </item>
        <item>
            <title>freddy.jpg</title>
            <wp:post_id>5477</wp:post_id>
            <wp:status>inherit</wp:status>
            <wp:post_type>attachment</wp:post_type>
            <wp:attachment_url>https://raw.githubusercontent.com/lesersokerbok/boksok.no-data-utils/master/output-example/images/B4EA83AD7E944591B2D6368BE7B1FFFE.jpg</wp:attachment_url>
        </item>
        <item>
            <wp:post_type>lsb_book</wp:post_type>
            <wp:status>publish</wp:status>
            <title>Stemmen som forsvant</title>
            <excerpt:encoded><![CDATA[Hva gjør du når stemmen svikter helt? ]]></excerpt:encoded>
            <wp:postmeta>
                <wp:meta_key>lsb_isbn</wp:meta_key>
                <wp:meta_value><![CDATA[9788202345365]]></wp:meta_value>
            </wp:postmeta>
            <wp:postmeta>
                <wp:meta_key>_lsb_isbn</wp:meta_key>
                <wp:meta_value><![CDATA[lsb_acf_isbn]]></wp:meta_value>
            </wp:postmeta>
            <wp:postmeta>
                <wp:meta_key>lsb_published_year</wp:meta_key>
                <wp:meta_value><![CDATA[2011]]></wp:meta_value>
            </wp:postmeta>
            <wp:postmeta>
                <wp:meta_key>_lsb_published_year</wp:meta_key>
                <wp:meta_value><![CDATA[lsb_acf_published_year]]></wp:meta_value>
            </wp:postmeta>
            <wp:postmeta>
                <wp:meta_key>lsb_pages</wp:meta_key>
                <wp:meta_value/>
            </wp:postmeta>
            <wp:postmeta>
                <wp:meta_key>_lsb_pages</wp:meta_key>
                <wp:meta_value><![CDATA[lsb_acf_pages]]></wp:meta_value>
            </wp:postmeta>
            <wp:postmeta>
                <wp:meta_key>lsb_review</wp:meta_key>
                <wp:meta_value><![CDATA[<span lang="EN">  <div align="left">Petter har utviklingshemming, <br />  og bor alene i en leilighet. <br />  Han skal reise bort, <br />  og det skal nesten alle han kjenner også. <br />  Dessuten skal Helene også være med. </div>  <div align="left">Tenk om de blir kjærester på turen? </div>  <div align="left">&#160;</div>  <div align="left">Men dagen før Petter skal reise, <br />  blir han syk og mister stemmen. <br />  Siden alle tror han er på ferie <br />  er det ingen som stikker innom. <br />  Og han har ikke krefter til å gå ut, <br />  eller stemme til å ringe noen. </div>  <div align="left">&#160;</div>  <div align="left">Ny utgave av boka som kom ut for første gang i 2002. </div>  <div align="left">Denne utgaven er illustrert av Malgorzata Piotrowska</div>  <div align="left">og er støttet av Leser søker bok. </div>  <div align="left">&#160;</div></span>  ]]></wp:meta_value>
            </wp:postmeta>
            <wp:postmeta>
                <wp:meta_key>_lsb_review</wp:meta_key>
                <wp:meta_value><![CDATA[lsb_acf_review]]></wp:meta_value>
            </wp:postmeta>
            <wp:postmeta>
                <wp:meta_key>lsb_quote</wp:meta_key>
                <wp:meta_value><![CDATA[-Hallo, er det noen der? spør Lisa.  - Ja, svarer Petter,   men nå blir stemmen bare et lite pip.   - Hallo, hallo, sier Lisa mange ganger.   Til slutt legger hun på røret.     Petter står og ser fortvilet på telefonen  før han legger på.   - Jeg kan ikke]]></wp:meta_value>
            </wp:postmeta>
            <wp:postmeta>
                <wp:meta_key>_lsb_quote</wp:meta_key>
                <wp:meta_value><![CDATA[lsb_acf_quote]]></wp:meta_value>
            </wp:postmeta>
            <wp:postmeta>
                <wp:meta_key>lsb_supported</wp:meta_key>
                <wp:meta_value><![CDATA[1]]></wp:meta_value>
            </wp:postmeta>
            <wp:postmeta>
                <wp:meta_key>_lsb_supported</wp:meta_key>
                <wp:meta_value><![CDATA[lsb_acf_supported]]></wp:meta_value>
            </wp:postmeta>
            <wp:postmeta>
                <wp:meta_key>lsb_support_cat</wp:meta_key>
                <wp:meta_value><![CDATA[green]]></wp:meta_value>
            </wp:postmeta>
            <wp:postmeta>
                <wp:meta_key>_lsb_support_cat</wp:meta_key>
                <wp:meta_value><![CDATA[lsb_acf_support_cat]]></wp:meta_value>
            </wp:postmeta>
            <category domain="lsb_tax_author" nicename="liv-r.-lykkenborg"><![CDATA[Liv R. Lykkenborg]]></category>
            <category domain="lsb_tax_publisher" nicename="cappelen-damm"><![CDATA[Cappelen Damm]]></category>
            <category domain="lsb_tax_illustrator" nicename="malgorzata-piotrowska"><![CDATA[Malgorzata Piotrowska]]></category>
            <wp:postmeta>
                <wp:meta_key>lsb_look_inside</wp:meta_key>
                <wp:meta_value><![CDATA[CUSTOM_BLA_I_BOKA]]></wp:meta_value>
            </wp:postmeta>
            <wp:postmeta>
                <wp:meta_key>_lsb_look_inside</wp:meta_key>
                <wp:meta_value><![CDATA[lsb_acf_look_inside]]></wp:meta_value>
            </wp:postmeta>
            <category domain="lsb_tax_age" nicename="ungdom"><![CDATA[ungdom]]></category>
            <category domain="lsb_tax_age" nicename="voksne"><![CDATA[voksne]]></category>
            <category domain="lsb_tax_genre" nicename="prosa"><![CDATA[prosa]]></category>
            <category domain="lsb_tax_topic" nicename="mennesker-i-mellom"><![CDATA[mennesker i mellom]]></category>
            <category domain="lsb_tax_language" nicename="no_nb"><![CDATA[bokmål]]></category>
            <category domain="lsb_tax_customization" nicename="utviklingshemmede"><![CDATA[utviklingshemmede]]></category>
            <category domain="lsb_tax_customization" nicename="mange-bilder"><![CDATA[mange bilder]]></category>
            <wp:postmeta>
                <wp:meta_key>_thumbnail_id</wp:meta_key>
                <wp:meta_value><![CDATA[5478]]></wp:meta_value>
            </wp:postmeta>
        </item>
        <item>
            <title>Stemmen som forsvant.jpg</title>
            <wp:post_id>5478</wp:post_id>
            <wp:status>inherit</wp:status>
            <wp:post_type>attachment</wp:post_type>
            <wp:attachment_url>https://raw.githubusercontent.com/lesersokerbok/boksok.no-data-utils/master/output-example/images/D12544FD181A426E8716691789C9A31F.jpg</wp:attachment_url>
        </item>
        <item>
            <wp:post_type>lsb_book</wp:post_type>
            <wp:status>publish</wp:status>
            <title>Nest best</title>
            <excerpt:encoded><![CDATA[Martin går i sjuende klasse.   Han elsker idrett.  En dag kommer ei ny jente i klassen   og alt forandres for Martin.  ]]></excerpt:encoded>
            <wp:postmeta>
                <wp:meta_key>lsb_isbn</wp:meta_key>
                <wp:meta_value><![CDATA[9788280980038]]></wp:meta_value>
            </wp:postmeta>
            <wp:postmeta>
                <wp:meta_key>_lsb_isbn</wp:meta_key>
                <wp:meta_value><![CDATA[lsb_acf_isbn]]></wp:meta_value>
            </wp:postmeta>
            <wp:postmeta>
                <wp:meta_key>lsb_published_year</wp:meta_key>
                <wp:meta_value><![CDATA[2003]]></wp:meta_value>
            </wp:postmeta>
            <wp:postmeta>
                <wp:meta_key>_lsb_published_year</wp:meta_key>
                <wp:meta_value><![CDATA[lsb_acf_published_year]]></wp:meta_value>
            </wp:postmeta>
            <wp:postmeta>
                <wp:meta_key>lsb_pages</wp:meta_key>
                <wp:meta_value><![CDATA[80]]></wp:meta_value>
            </wp:postmeta>
            <wp:postmeta>
                <wp:meta_key>_lsb_pages</wp:meta_key>
                <wp:meta_value><![CDATA[lsb_acf_pages]]></wp:meta_value>
            </wp:postmeta>
            <wp:postmeta>
                <wp:meta_key>lsb_review</wp:meta_key>
                <wp:meta_value><![CDATA[  <div><strong>Nest best</strong> er en bok om saker og ting <br />  som ikke alltid er som du tror.<br />  Noen ganger må du forandre dine meninger <br />  om deg selv og andre.</div>  <div>&#160;</div>  <div>Boken er støttet av Læringssenteret <br />  i forbindelse med utvikling og produksjon <br />  av multifunksjonelle læremidler <br />  i samfunnskunnskap og norsk. <br />  Den kan brukes av flere klassetrinn, <br />  og har gutter som en viktig målgruppe.<br />  <!--FORLAGSTEKST SLUTT--><br />  <br />  </div>  ]]></wp:meta_value>
            </wp:postmeta>
            <wp:postmeta>
                <wp:meta_key>_lsb_review</wp:meta_key>
                <wp:meta_value><![CDATA[lsb_acf_review]]></wp:meta_value>
            </wp:postmeta>
            <wp:postmeta>
                <wp:meta_key>lsb_quote</wp:meta_key>
                <wp:meta_value><![CDATA[Han stanset ved broen og så ned i vannet.  Vårsola hadde smeltet det meste av isen.  En tynn, smal isskorpe lå fortsatt igjen  langs kantene.  Han sparket en stein ned i elva  før han fortsatte hjemover.  Ryggsekken kjentes tung.  Mye tyngre enn den hadde vært i sjetteklassen  ]]></wp:meta_value>
            </wp:postmeta>
            <wp:postmeta>
                <wp:meta_key>_lsb_quote</wp:meta_key>
                <wp:meta_value><![CDATA[lsb_acf_quote]]></wp:meta_value>
            </wp:postmeta>
            <wp:postmeta>
                <wp:meta_key>lsb_supported</wp:meta_key>
                <wp:meta_value><![CDATA[0]]></wp:meta_value>
            </wp:postmeta>
            <wp:postmeta>
                <wp:meta_key>_lsb_supported</wp:meta_key>
                <wp:meta_value><![CDATA[lsb_acf_supported]]></wp:meta_value>
            </wp:postmeta>
            <category domain="lsb_tax_author" nicename="ingvar-svensson"><![CDATA[Ingvar Svensson]]></category>
            <category domain="lsb_tax_publisher" nicename="lettlest"><![CDATA[Lettlest]]></category>
            <category domain="lsb_tax_illustrator" nicename="matilda-carlsson"><![CDATA[Matilda Carlsson]]></category>
            <category domain="lsb_tax_translator" nicename="bjørn-rudborg"><![CDATA[Bjørn Rudborg]]></category>
            <wp:postmeta>
                <wp:meta_key>lsb_look_inside</wp:meta_key>
                <wp:meta_value><![CDATA[CUSTOM_BLA_I_BOKA]]></wp:meta_value>
            </wp:postmeta>
            <wp:postmeta>
                <wp:meta_key>_lsb_look_inside</wp:meta_key>
                <wp:meta_value><![CDATA[lsb_acf_look_inside]]></wp:meta_value>
            </wp:postmeta>
            <category domain="lsb_tax_age" nicename="ungdom"><![CDATA[ungdom]]></category>
            <category domain="lsb_tax_genre" nicename="prosa"><![CDATA[prosa]]></category>
            <category domain="lsb_tax_topic" nicename="kjærlighet"><![CDATA[kjærlighet]]></category>
            <category domain="lsb_tax_topic" nicename="mennesker-i-mellom"><![CDATA[mennesker i mellom]]></category>
            <category domain="lsb_tax_topic" nicename="sport"><![CDATA[sport]]></category>
            <category domain="lsb_tax_language" nicename="no_nb"><![CDATA[bokmål]]></category>
            <category domain="lsb_tax_customization" nicename="skjønnlitteratur"><![CDATA[skjønnlitteratur]]></category>
            <wp:postmeta>
                <wp:meta_key>_thumbnail_id</wp:meta_key>
                <wp:meta_value><![CDATA[5479]]></wp:meta_value>
            </wp:postmeta>
        </item>
        <item>
            <title>Nest best  omslag lite.jpg</title>
            <wp:post_id>5479</wp:post_id>
            <wp:status>inherit</wp:status>
            <wp:post_type>attachment</wp:post_type>
            <wp:attachment_url>https://raw.githubusercontent.com/lesersokerbok/boksok.no-data-utils/master/output-example/images/4B8C4BC794044530A6D113E468D76925.jpg</wp:attachment_url>
        </item>
        <item>
            <wp:post_type>lsb_book</wp:post_type>
            <wp:status>publish</wp:status>
            <title>Du går feil vei</title>
            <excerpt:encoded><![CDATA[Dr. Frankenstein flytter inn   i vårt hverdagsliv, og skaper et monster.  Monsteret må prøve å overleve.    ]]></excerpt:encoded>
            <wp:postmeta>
                <wp:meta_key>lsb_isbn</wp:meta_key>
                <wp:meta_value><![CDATA[9788250950986]]></wp:meta_value>
            </wp:postmeta>
            <wp:postmeta>
                <wp:meta_key>_lsb_isbn</wp:meta_key>
                <wp:meta_value><![CDATA[lsb_acf_isbn]]></wp:meta_value>
            </wp:postmeta>
            <wp:postmeta>
                <wp:meta_key>lsb_published_year</wp:meta_key>
                <wp:meta_value><![CDATA[2004]]></wp:meta_value>
            </wp:postmeta>
            <wp:postmeta>
                <wp:meta_key>_lsb_published_year</wp:meta_key>
                <wp:meta_value><![CDATA[lsb_acf_published_year]]></wp:meta_value>
            </wp:postmeta>
            <wp:postmeta>
                <wp:meta_key>lsb_pages</wp:meta_key>
                <wp:meta_value><![CDATA[upag. ]]></wp:meta_value>
            </wp:postmeta>
            <wp:postmeta>
                <wp:meta_key>_lsb_pages</wp:meta_key>
                <wp:meta_value><![CDATA[lsb_acf_pages]]></wp:meta_value>
            </wp:postmeta>
            <wp:postmeta>
                <wp:meta_key>lsb_review</wp:meta_key>
                <wp:meta_value><![CDATA[  <div>Det er lite tekst i boken,<br />  men Jason får likevel sagt mye. </div>  <div>&#160;</div>  <p>John Arne "Jason" Sæterøy er født i 1965,<br />  og kommer fra Molde.<br />  Han er den av Norges serietegnere<br />  som er aller best kjent i utlandet.<br />  Han har vunnet flere priser,<br />  blant annet i Frankrike, Norge og Sverige,<br />  og har flere ganger vært nominert<br />  til den amerikanske Eisner-prisen.<br />  </p>  ]]></wp:meta_value>
            </wp:postmeta>
            <wp:postmeta>
                <wp:meta_key>_lsb_review</wp:meta_key>
                <wp:meta_value><![CDATA[lsb_acf_review]]></wp:meta_value>
            </wp:postmeta>
            <wp:postmeta>
                <wp:meta_key>lsb_quote</wp:meta_key>
                <wp:meta_value/>
            </wp:postmeta>
            <wp:postmeta>
                <wp:meta_key>_lsb_quote</wp:meta_key>
                <wp:meta_value><![CDATA[lsb_acf_quote]]></wp:meta_value>
            </wp:postmeta>
            <wp:postmeta>
                <wp:meta_key>lsb_supported</wp:meta_key>
                <wp:meta_value><![CDATA[0]]></wp:meta_value>
            </wp:postmeta>
            <wp:postmeta>
                <wp:meta_key>_lsb_supported</wp:meta_key>
                <wp:meta_value><![CDATA[lsb_acf_supported]]></wp:meta_value>
            </wp:postmeta>
            <category domain="lsb_tax_author" nicename="jason"><![CDATA[Jason]]></category>
            <category domain="lsb_tax_publisher" nicename="schibsted"><![CDATA[Schibsted]]></category>
            <category domain="lsb_tax_illustrator" nicename="jason"><![CDATA[Jason]]></category>
            <wp:postmeta>
                <wp:meta_key>lsb_look_inside</wp:meta_key>
                <wp:meta_value><![CDATA[CUSTOM_BLA_I_BOKA]]></wp:meta_value>
            </wp:postmeta>
            <wp:postmeta>
                <wp:meta_key>_lsb_look_inside</wp:meta_key>
                <wp:meta_value><![CDATA[lsb_acf_look_inside]]></wp:meta_value>
            </wp:postmeta>
            <category domain="lsb_tax_age" nicename="voksne"><![CDATA[voksne]]></category>
            <category domain="lsb_tax_topic" nicename="mennesker-i-mellom"><![CDATA[mennesker i mellom]]></category>
            <category domain="lsb_tax_language" nicename="no_nb"><![CDATA[bokmål]]></category>
            <category domain="lsb_tax_customization" nicename="bilder"><![CDATA[bilder]]></category>
            <category domain="lsb_tax_customization" nicename="mange-bilder"><![CDATA[mange bilder]]></category>
        </item>
        <item>
            <wp:post_type>lsb_book</wp:post_type>
            <wp:status>publish</wp:status>
            <title>Historien om en mor</title>
            <excerpt:encoded><![CDATA[Tegneserien er basert på H. C. Andersens eventyr   om den fattige moren som mister sin eneste sønn.   Hun ofrer øyne, blod og hår   for å få sønnen igjen av Døden,   men forgjeves.     ]]></excerpt:encoded>
            <wp:postmeta>
                <wp:meta_key>lsb_isbn</wp:meta_key>
                <wp:meta_value><![CDATA[9788242924537]]></wp:meta_value>
            </wp:postmeta>
            <wp:postmeta>
                <wp:meta_key>_lsb_isbn</wp:meta_key>
                <wp:meta_value><![CDATA[lsb_acf_isbn]]></wp:meta_value>
            </wp:postmeta>
            <wp:postmeta>
                <wp:meta_key>lsb_published_year</wp:meta_key>
                <wp:meta_value><![CDATA[2004]]></wp:meta_value>
            </wp:postmeta>
            <wp:postmeta>
                <wp:meta_key>_lsb_published_year</wp:meta_key>
                <wp:meta_value><![CDATA[lsb_acf_published_year]]></wp:meta_value>
            </wp:postmeta>
            <wp:postmeta>
                <wp:meta_key>lsb_pages</wp:meta_key>
                <wp:meta_value><![CDATA[upag. ]]></wp:meta_value>
            </wp:postmeta>
            <wp:postmeta>
                <wp:meta_key>_lsb_pages</wp:meta_key>
                <wp:meta_value><![CDATA[lsb_acf_pages]]></wp:meta_value>
            </wp:postmeta>
            <wp:postmeta>
                <wp:meta_key>lsb_review</wp:meta_key>
                <wp:meta_value><![CDATA[  <p>Madsens vakre bilder viser klart </p>  <p>de tragiske og dypt menneskelige følelsene </p>  <p>som kommer frem når et barn dør. </p>  <p>&#160;</p>  <p>Kunstneren Peter Madsen er født i Århus i 1958 </p>  <p>og er blant annet kjent for tegneseriene <strong>Valhall</strong> </p>  <p>og <strong>Menneskesønnen</strong>. </p>  <p>Han har vunnet en rekke priser for tegneseriene sine. </p>  <p>For <strong>Menneskesønnen</strong> fikk han den norske Sproing-prisen.<br />  </p>  ]]></wp:meta_value>
            </wp:postmeta>
            <wp:postmeta>
                <wp:meta_key>_lsb_review</wp:meta_key>
                <wp:meta_value><![CDATA[lsb_acf_review]]></wp:meta_value>
            </wp:postmeta>
            <wp:postmeta>
                <wp:meta_key>lsb_quote</wp:meta_key>
                <wp:meta_value/>
            </wp:postmeta>
            <wp:postmeta>
                <wp:meta_key>_lsb_quote</wp:meta_key>
                <wp:meta_value><![CDATA[lsb_acf_quote]]></wp:meta_value>
            </wp:postmeta>
            <wp:postmeta>
                <wp:meta_key>lsb_supported</wp:meta_key>
                <wp:meta_value><![CDATA[0]]></wp:meta_value>
            </wp:postmeta>
            <wp:postmeta>
                <wp:meta_key>_lsb_supported</wp:meta_key>
                <wp:meta_value><![CDATA[lsb_acf_supported]]></wp:meta_value>
            </wp:postmeta>
            <category domain="lsb_tax_author" nicename="peter-madsen"><![CDATA[Peter Madsen]]></category>
            <category domain="lsb_tax_publisher" nicename="egmont-serieforlaget"><![CDATA[Egmont serieforlaget]]></category>
            <category domain="lsb_tax_illustrator" nicename="peter-madsen"><![CDATA[Peter Madsen]]></category>
            <category domain="lsb_tax_translator" nicename="sissel-bøe"><![CDATA[Sissel Bøe]]></category>
            <wp:postmeta>
                <wp:meta_key>lsb_look_inside</wp:meta_key>
                <wp:meta_value><![CDATA[CUSTOM_BLA_I_BOKA]]></wp:meta_value>
            </wp:postmeta>
            <wp:postmeta>
                <wp:meta_key>_lsb_look_inside</wp:meta_key>
                <wp:meta_value><![CDATA[lsb_acf_look_inside]]></wp:meta_value>
            </wp:postmeta>
            <category domain="lsb_tax_age" nicename="voksne"><![CDATA[voksne]]></category>
            <category domain="lsb_tax_topic" nicename="mennesker-i-mellom"><![CDATA[mennesker i mellom]]></category>
            <category domain="lsb_tax_language" nicename="no_nb"><![CDATA[bokmål]]></category>
            <category domain="lsb_tax_customization" nicename="bilder"><![CDATA[bilder]]></category>
            <category domain="lsb_tax_customization" nicename="mange-bilder"><![CDATA[mange bilder]]></category>
        </item>
        <item>
            <wp:post_type>lsb_book</wp:post_type>
            <wp:status>publish</wp:status>
            <title>Kors på halsen – 75 fakta fra hele verden</title>
            <excerpt:encoded><![CDATA[Tegneserien "Fakta fra verden" er full av løgn.   På hver side får vi forklart et tema,  på en ny og uventet måte.  Selv om dette er en forvrengt sannhet,  er det likevel noe som minner om vår verden.   ]]></excerpt:encoded>
            <wp:postmeta>
                <wp:meta_key>lsb_isbn</wp:meta_key>
                <wp:meta_value><![CDATA[9788292226070]]></wp:meta_value>
            </wp:postmeta>
            <wp:postmeta>
                <wp:meta_key>_lsb_isbn</wp:meta_key>
                <wp:meta_value><![CDATA[lsb_acf_isbn]]></wp:meta_value>
            </wp:postmeta>
            <wp:postmeta>
                <wp:meta_key>lsb_published_year</wp:meta_key>
                <wp:meta_value><![CDATA[2004]]></wp:meta_value>
            </wp:postmeta>
            <wp:postmeta>
                <wp:meta_key>_lsb_published_year</wp:meta_key>
                <wp:meta_value><![CDATA[lsb_acf_published_year]]></wp:meta_value>
            </wp:postmeta>
            <wp:postmeta>
                <wp:meta_key>lsb_pages</wp:meta_key>
                <wp:meta_value><![CDATA[96]]></wp:meta_value>
            </wp:postmeta>
            <wp:postmeta>
                <wp:meta_key>_lsb_pages</wp:meta_key>
                <wp:meta_value><![CDATA[lsb_acf_pages]]></wp:meta_value>
            </wp:postmeta>
            <wp:postmeta>
                <wp:meta_key>lsb_review</wp:meta_key>
                <wp:meta_value><![CDATA[  <p>Karstein Volle bor i Finland. </p>  <p>I 2004 vant han Dagbladets serie-konkurranse. </p>  <p>Dette er den første samlingen med <strong>Fakta fra verden.</strong></p>  ]]></wp:meta_value>
            </wp:postmeta>
            <wp:postmeta>
                <wp:meta_key>_lsb_review</wp:meta_key>
                <wp:meta_value><![CDATA[lsb_acf_review]]></wp:meta_value>
            </wp:postmeta>
            <wp:postmeta>
                <wp:meta_key>lsb_quote</wp:meta_key>
                <wp:meta_value/>
            </wp:postmeta>
            <wp:postmeta>
                <wp:meta_key>_lsb_quote</wp:meta_key>
                <wp:meta_value><![CDATA[lsb_acf_quote]]></wp:meta_value>
            </wp:postmeta>
            <wp:postmeta>
                <wp:meta_key>lsb_supported</wp:meta_key>
                <wp:meta_value><![CDATA[0]]></wp:meta_value>
            </wp:postmeta>
            <wp:postmeta>
                <wp:meta_key>_lsb_supported</wp:meta_key>
                <wp:meta_value><![CDATA[lsb_acf_supported]]></wp:meta_value>
            </wp:postmeta>
            <category domain="lsb_tax_author" nicename="karstein-volle"><![CDATA[Karstein Volle]]></category>
            <category domain="lsb_tax_publisher" nicename="jippi-forlag"><![CDATA[Jippi forlag]]></category>
            <category domain="lsb_tax_illustrator" nicename="karstein-volle"><![CDATA[Karstein Volle]]></category>
            <wp:postmeta>
                <wp:meta_key>lsb_look_inside</wp:meta_key>
                <wp:meta_value><![CDATA[CUSTOM_BLA_I_BOKA]]></wp:meta_value>
            </wp:postmeta>
            <wp:postmeta>
                <wp:meta_key>_lsb_look_inside</wp:meta_key>
                <wp:meta_value><![CDATA[lsb_acf_look_inside]]></wp:meta_value>
            </wp:postmeta>
            <category domain="lsb_tax_age" nicename="voksne"><![CDATA[voksne]]></category>
            <category domain="lsb_tax_topic" nicename="humor"><![CDATA[humor]]></category>
            <category domain="lsb_tax_language" nicename="no_nb"><![CDATA[bokmål]]></category>
            <category domain="lsb_tax_customization" nicename="bilder"><![CDATA[bilder]]></category>
            <category domain="lsb_tax_customization" nicename="mange-bilder"><![CDATA[mange bilder]]></category>
            <wp:postmeta>
                <wp:meta_key>_thumbnail_id</wp:meta_key>
                <wp:meta_value><![CDATA[5482]]></wp:meta_value>
            </wp:postmeta>
        </item>
        <item>
            <title>kors på halsen.jpg</title>
            <wp:post_id>5482</wp:post_id>
            <wp:status>inherit</wp:status>
            <wp:post_type>attachment</wp:post_type>
            <wp:attachment_url>https://raw.githubusercontent.com/lesersokerbok/boksok.no-data-utils/master/output-example/images/79938DF701D54D9EA368C268AACAFA2B.jpg</wp:attachment_url>
        </item>
        <item>
            <wp:post_type>lsb_book</wp:post_type>
            <wp:status>publish</wp:status>
            <title>Nemi - enhjørninger og avsagd hagle. Bok 1</title>
            <excerpt:encoded><![CDATA[Tegneserien Nemi handler først og fremst om Nemi.   Hun er goth-jenta med stor appell.   Gutta blir forelska i henne,   og jenter vil ha henne til bestevenninne.   ]]></excerpt:encoded>
            <wp:postmeta>
                <wp:meta_key>lsb_isbn</wp:meta_key>
                <wp:meta_value><![CDATA[9788242924711]]></wp:meta_value>
            </wp:postmeta>
            <wp:postmeta>
                <wp:meta_key>_lsb_isbn</wp:meta_key>
                <wp:meta_value><![CDATA[lsb_acf_isbn]]></wp:meta_value>
            </wp:postmeta>
            <wp:postmeta>
                <wp:meta_key>lsb_published_year</wp:meta_key>
                <wp:meta_value><![CDATA[2004]]></wp:meta_value>
            </wp:postmeta>
            <wp:postmeta>
                <wp:meta_key>_lsb_published_year</wp:meta_key>
                <wp:meta_value><![CDATA[lsb_acf_published_year]]></wp:meta_value>
            </wp:postmeta>
            <wp:postmeta>
                <wp:meta_key>lsb_pages</wp:meta_key>
                <wp:meta_value><![CDATA[160]]></wp:meta_value>
            </wp:postmeta>
            <wp:postmeta>
                <wp:meta_key>_lsb_pages</wp:meta_key>
                <wp:meta_value><![CDATA[lsb_acf_pages]]></wp:meta_value>
            </wp:postmeta>
            <wp:postmeta>
                <wp:meta_key>lsb_review</wp:meta_key>
                <wp:meta_value><![CDATA[  <div>I denne første samleboka <br />  får du lese de aller første stripene på nytt, <br />  og se hvordan serien utviklet seg over tid. <br />  Seriene står i rekkefølge fra 1997 til 2000. </div>  <div>&#160;</div>  <div>Lise Myhre er født i 1978 <br />  og er en av våre mest elskede serieskapere. <br />  Hun har holdt på med tegneserier siden 1996, <br />  men Nemi er forløpig hennes eneste faste serie-figur. <br />  Myhre har vunnet Dagbladets tegneseriepris for serien, <br />  og Nemi går fast i flere aviser her til lands.</div>  <p>&#160;</p>  ]]></wp:meta_value>
            </wp:postmeta>
            <wp:postmeta>
                <wp:meta_key>_lsb_review</wp:meta_key>
                <wp:meta_value><![CDATA[lsb_acf_review]]></wp:meta_value>
            </wp:postmeta>
            <wp:postmeta>
                <wp:meta_key>lsb_quote</wp:meta_key>
                <wp:meta_value/>
            </wp:postmeta>
            <wp:postmeta>
                <wp:meta_key>_lsb_quote</wp:meta_key>
                <wp:meta_value><![CDATA[lsb_acf_quote]]></wp:meta_value>
            </wp:postmeta>
            <wp:postmeta>
                <wp:meta_key>lsb_supported</wp:meta_key>
                <wp:meta_value><![CDATA[0]]></wp:meta_value>
            </wp:postmeta>
            <wp:postmeta>
                <wp:meta_key>_lsb_supported</wp:meta_key>
                <wp:meta_value><![CDATA[lsb_acf_supported]]></wp:meta_value>
            </wp:postmeta>
            <category domain="lsb_tax_author" nicename="lise-(forfatterens-fulle-navn-er-lise-myhre)"><![CDATA[Lise (forfatterens fulle navn er Lise Myhre)]]></category>
            <category domain="lsb_tax_publisher" nicename="egmont-serieforlaget"><![CDATA[Egmont serieforlaget]]></category>
            <category domain="lsb_tax_illustrator" nicename="lise"><![CDATA[Lise]]></category>
            <wp:postmeta>
                <wp:meta_key>lsb_look_inside</wp:meta_key>
                <wp:meta_value><![CDATA[CUSTOM_BLA_I_BOKA]]></wp:meta_value>
            </wp:postmeta>
            <wp:postmeta>
                <wp:meta_key>_lsb_look_inside</wp:meta_key>
                <wp:meta_value><![CDATA[lsb_acf_look_inside]]></wp:meta_value>
            </wp:postmeta>
            <category domain="lsb_tax_age" nicename="voksne"><![CDATA[voksne]]></category>
            <category domain="lsb_tax_topic" nicename="humor"><![CDATA[humor]]></category>
            <category domain="lsb_tax_topic" nicename="mennesker-i-mellom"><![CDATA[mennesker i mellom]]></category>
            <category domain="lsb_tax_language" nicename="no_nb"><![CDATA[bokmål]]></category>
            <category domain="lsb_tax_customization" nicename="bilder"><![CDATA[bilder]]></category>
            <category domain="lsb_tax_customization" nicename="mange-bilder"><![CDATA[mange bilder]]></category>
        </item>
        <item>
            <wp:post_type>lsb_book</wp:post_type>
            <wp:status>publish</wp:status>
            <title>Olaf G.</title>
            <excerpt:encoded><![CDATA[Fiske og Kverneland drar til Tyskland   for å hylle sitt store forbilde,   den avdøde tegneren Olaf Gulbransson.    ]]></excerpt:encoded>
            <wp:postmeta>
                <wp:meta_key>lsb_isbn</wp:meta_key>
                <wp:meta_value><![CDATA[9788291187488]]></wp:meta_value>
            </wp:postmeta>
            <wp:postmeta>
                <wp:meta_key>_lsb_isbn</wp:meta_key>
                <wp:meta_value><![CDATA[lsb_acf_isbn]]></wp:meta_value>
            </wp:postmeta>
            <wp:postmeta>
                <wp:meta_key>lsb_published_year</wp:meta_key>
                <wp:meta_value><![CDATA[2004]]></wp:meta_value>
            </wp:postmeta>
            <wp:postmeta>
                <wp:meta_key>_lsb_published_year</wp:meta_key>
                <wp:meta_value><![CDATA[lsb_acf_published_year]]></wp:meta_value>
            </wp:postmeta>
            <wp:postmeta>
                <wp:meta_key>lsb_pages</wp:meta_key>
                <wp:meta_value><![CDATA[183]]></wp:meta_value>
            </wp:postmeta>
            <wp:postmeta>
                <wp:meta_key>_lsb_pages</wp:meta_key>
                <wp:meta_value><![CDATA[lsb_acf_pages]]></wp:meta_value>
            </wp:postmeta>
            <wp:postmeta>
                <wp:meta_key>lsb_review</wp:meta_key>
                <wp:meta_value><![CDATA[  <div>Resultatet er en tegnet roman <br />  som er en blanding av biografi, <br />  hyllest og roadmovie. </div>  <div>&#160;</div>  <div>Stilen i boken er helt original.</div>  <div>Den bærer preg av en salig blanding </div>  <div>av Fiskes, Kvernelands </div>  <div>og Olaf Gulbranssons tegninger.</div>  <div>En morsom og lærerik tegneserie. </div>  <div>&#160;</div>  <div>Serieskaper Lars Fiske er kjent <br />  for sine album om den mislykkede poeten Matja. <br />  Steffen Kverneland er kjent for å snu opp-ned <br />  på klassikerne. Sammen har de laget flere bøker. </div>  <div>Teksten er for det meste tydelig skrevet,<br />  med unntak av noen møter med tyskere<br />  som "snakker" i gotisk skrift.<br />  Kvernelands karakter snakker dialekt,<br />  og av og til snakker gutta tysk.</div>  <div>&#160;</div>  <div><strong>Olaf G.</strong> er rost av kritikere og har vunnet flere priser:</div>  <div>Sproing-prisen for beste norske serie 2004,<br />  Visuelt 2005: Gull illustrasjon for skjønnlitteratur<br />  Årets vakreste bøker 2005: Gull åpen klasse/illustrasjon og Gull skjønnlitteratur/voksenlitteratur, <br />  og Urhunden, for beste oversatte tegneserie til svensk.<br />  <br />  </div>  ]]></wp:meta_value>
            </wp:postmeta>
            <wp:postmeta>
                <wp:meta_key>_lsb_review</wp:meta_key>
                <wp:meta_value><![CDATA[lsb_acf_review]]></wp:meta_value>
            </wp:postmeta>
            <wp:postmeta>
                <wp:meta_key>lsb_quote</wp:meta_key>
                <wp:meta_value><![CDATA[ME E FRA SAMMA LAND SOM OLAF GULBRANSSON.  - OLAF GULBRANSSON. HAN KJENTE JEG GODT.  - ÅJAAA?!    - HAN PLEIDE Å GÅ NAKEN MED ET LITE FORKLE. DER ARSCH IM FREI! HA HA HA  - MED RÆVÅ UTE, JA!  - DA VI VAR SMÅ VAR DET ET STORT PLANKEGJERDE RUNDT SCHERERHOF. DER PLEIDE VI Å STÅ OG KIKKE OVER ...    ]]></wp:meta_value>
            </wp:postmeta>
            <wp:postmeta>
                <wp:meta_key>_lsb_quote</wp:meta_key>
                <wp:meta_value><![CDATA[lsb_acf_quote]]></wp:meta_value>
            </wp:postmeta>
            <wp:postmeta>
                <wp:meta_key>lsb_supported</wp:meta_key>
                <wp:meta_value><![CDATA[0]]></wp:meta_value>
            </wp:postmeta>
            <wp:postmeta>
                <wp:meta_key>_lsb_supported</wp:meta_key>
                <wp:meta_value><![CDATA[lsb_acf_supported]]></wp:meta_value>
            </wp:postmeta>
            <category domain="lsb_tax_author" nicename="lars-fiske-og-steffen-kverneland"><![CDATA[Lars Fiske og Steffen Kverneland]]></category>
            <category domain="lsb_tax_publisher" nicename="no-comprendo-press"><![CDATA[No Comprendo Press]]></category>
            <category domain="lsb_tax_illustrator" nicename="lars-fiske-og-steffen-kvernelang"><![CDATA[Lars Fiske og Steffen Kvernelang]]></category>
            <wp:postmeta>
                <wp:meta_key>lsb_look_inside</wp:meta_key>
                <wp:meta_value><![CDATA[CUSTOM_BLA_I_BOKA]]></wp:meta_value>
            </wp:postmeta>
            <wp:postmeta>
                <wp:meta_key>_lsb_look_inside</wp:meta_key>
                <wp:meta_value><![CDATA[lsb_acf_look_inside]]></wp:meta_value>
            </wp:postmeta>
            <category domain="lsb_tax_age" nicename="voksne"><![CDATA[voksne]]></category>
            <category domain="lsb_tax_topic" nicename="humor"><![CDATA[humor]]></category>
            <category domain="lsb_tax_language" nicename="no_nb"><![CDATA[bokmål]]></category>
            <category domain="lsb_tax_customization" nicename="bilder"><![CDATA[bilder]]></category>
            <category domain="lsb_tax_customization" nicename="mange-bilder"><![CDATA[mange bilder]]></category>
        </item>
        <item>
            <wp:post_type>lsb_book</wp:post_type>
            <wp:status>publish</wp:status>
            <title>Saynab</title>
            <excerpt:encoded><![CDATA[Hele livet har Saynab slåss.   Med ungdomsgjenger. Med nynazister. Med imamer.  For vennene. For seg selv. For det hun tror på.  Saynabs historie er fortalt med hennes egne ord.  ]]></excerpt:encoded>
            <wp:postmeta>
                <wp:meta_key>lsb_isbn</wp:meta_key>
                <wp:meta_value><![CDATA[9788203247651]]></wp:meta_value>
            </wp:postmeta>
            <wp:postmeta>
                <wp:meta_key>_lsb_isbn</wp:meta_key>
                <wp:meta_value><![CDATA[lsb_acf_isbn]]></wp:meta_value>
            </wp:postmeta>
            <wp:postmeta>
                <wp:meta_key>lsb_published_year</wp:meta_key>
                <wp:meta_value><![CDATA[2006]]></wp:meta_value>
            </wp:postmeta>
            <wp:postmeta>
                <wp:meta_key>_lsb_published_year</wp:meta_key>
                <wp:meta_value><![CDATA[lsb_acf_published_year]]></wp:meta_value>
            </wp:postmeta>
            <wp:postmeta>
                <wp:meta_key>lsb_pages</wp:meta_key>
                <wp:meta_value><![CDATA[168]]></wp:meta_value>
            </wp:postmeta>
            <wp:postmeta>
                <wp:meta_key>_lsb_pages</wp:meta_key>
                <wp:meta_value><![CDATA[lsb_acf_pages]]></wp:meta_value>
            </wp:postmeta>
            <wp:postmeta>
                <wp:meta_key>lsb_review</wp:meta_key>
                <wp:meta_value><![CDATA[  <p>Boka har god linjeavstand, men </p>  <p>teksten er ikke blant de aller enkleste.</p>  <p>Vi tar boka med fordi den gir innsyn</p>  <p>i den somaliske kulturen,</p>  <p>og fordi den er populær blant flerspråklig ungdom.    <br />  </p>  ]]></wp:meta_value>
            </wp:postmeta>
            <wp:postmeta>
                <wp:meta_key>_lsb_review</wp:meta_key>
                <wp:meta_value><![CDATA[lsb_acf_review]]></wp:meta_value>
            </wp:postmeta>
            <wp:postmeta>
                <wp:meta_key>lsb_quote</wp:meta_key>
                <wp:meta_value><![CDATA[Den første gangen jeg var hjemme hos Spagetti, spurte  jeg om hun var omskåret. Dette er et vanlig samtaleemne   blant somaliske jenter, for uansett hvor forskjellige vi var,   så hadde vi en felles historie, den svære dama   som satte seg oppå deg og begynte å skjære.   Alle smertene etterpå, alle problemene, med mensen,   med å tisse, andre jenter tisset i noen sekunder,   vi ble sittende i ti minutter.  ]]></wp:meta_value>
            </wp:postmeta>
            <wp:postmeta>
                <wp:meta_key>_lsb_quote</wp:meta_key>
                <wp:meta_value><![CDATA[lsb_acf_quote]]></wp:meta_value>
            </wp:postmeta>
            <wp:postmeta>
                <wp:meta_key>lsb_supported</wp:meta_key>
                <wp:meta_value><![CDATA[0]]></wp:meta_value>
            </wp:postmeta>
            <wp:postmeta>
                <wp:meta_key>_lsb_supported</wp:meta_key>
                <wp:meta_value><![CDATA[lsb_acf_supported]]></wp:meta_value>
            </wp:postmeta>
            <category domain="lsb_tax_author" nicename="saynab-mohamud-og-eva-norderhaug"><![CDATA[Saynab Mohamud og Eva Norderhaug]]></category>
            <category domain="lsb_tax_publisher" nicename="aschehoug"><![CDATA[Aschehoug]]></category>
            <wp:postmeta>
                <wp:meta_key>lsb_look_inside</wp:meta_key>
                <wp:meta_value><![CDATA[CUSTOM_BLA_I_BOKA]]></wp:meta_value>
            </wp:postmeta>
            <wp:postmeta>
                <wp:meta_key>_lsb_look_inside</wp:meta_key>
                <wp:meta_value><![CDATA[lsb_acf_look_inside]]></wp:meta_value>
            </wp:postmeta>
            <category domain="lsb_tax_age" nicename="ungdom"><![CDATA[ungdom]]></category>
            <category domain="lsb_tax_genre" nicename="faglitteratur"><![CDATA[faglitteratur]]></category>
            <category domain="lsb_tax_topic" nicename="historie"><![CDATA[historie]]></category>
            <category domain="lsb_tax_topic" nicename="samfunn"><![CDATA[samfunn]]></category>
            <category domain="lsb_tax_language" nicename="no_nb"><![CDATA[bokmål]]></category>
            <category domain="lsb_tax_customization" nicename="faglitteratur"><![CDATA[faglitteratur]]></category>
            <wp:postmeta>
                <wp:meta_key>_thumbnail_id</wp:meta_key>
                <wp:meta_value><![CDATA[5485]]></wp:meta_value>
            </wp:postmeta>
        </item>
        <item>
            <title>Saynab.gif</title>
            <wp:post_id>5485</wp:post_id>
            <wp:status>inherit</wp:status>
            <wp:post_type>attachment</wp:post_type>
            <wp:attachment_url>https://raw.githubusercontent.com/lesersokerbok/boksok.no-data-utils/master/output-example/images/2D62CD555BD74D7FA173A7B7B53E9EFF.gif</wp:attachment_url>
        </item>
        <item>
            <wp:post_type>lsb_book</wp:post_type>
            <wp:status>publish</wp:status>
            <title>Den store Ronny Haugland-boka</title>
            <excerpt:encoded><![CDATA[Denne boka inneholder det beste   av Ronny Haugelands mange tegneserier.   Her finner vi den utviklingshemmede anda Downs Duck,   Haugelands selvbiografiske serier   og stripene hans fra Quart-festivalen. ]]></excerpt:encoded>
            <wp:postmeta>
                <wp:meta_key>lsb_isbn</wp:meta_key>
                <wp:meta_value><![CDATA[9788292226056]]></wp:meta_value>
            </wp:postmeta>
            <wp:postmeta>
                <wp:meta_key>_lsb_isbn</wp:meta_key>
                <wp:meta_value><![CDATA[lsb_acf_isbn]]></wp:meta_value>
            </wp:postmeta>
            <wp:postmeta>
                <wp:meta_key>lsb_published_year</wp:meta_key>
                <wp:meta_value><![CDATA[2003]]></wp:meta_value>
            </wp:postmeta>
            <wp:postmeta>
                <wp:meta_key>_lsb_published_year</wp:meta_key>
                <wp:meta_value><![CDATA[lsb_acf_published_year]]></wp:meta_value>
            </wp:postmeta>
            <wp:postmeta>
                <wp:meta_key>lsb_pages</wp:meta_key>
                <wp:meta_value/>
            </wp:postmeta>
            <wp:postmeta>
                <wp:meta_key>_lsb_pages</wp:meta_key>
                <wp:meta_value><![CDATA[lsb_acf_pages]]></wp:meta_value>
            </wp:postmeta>
            <wp:postmeta>
                <wp:meta_key>lsb_review</wp:meta_key>
                <wp:meta_value><![CDATA[  <div>Sørlendingen Ronny Haugeland <br />  var på nittitallet en tydelig penn <br />  i det norske seriemiljøet. <br />  I dag jobber han i Kristiansand.</div>  <div>&#160;</div>  <p>Tegningene er morsomme og <br />  i sort hvitt. <br />  Noen steder er skriften <br />  liten og vanskelig å tyde.<br />  </p>  ]]></wp:meta_value>
            </wp:postmeta>
            <wp:postmeta>
                <wp:meta_key>_lsb_review</wp:meta_key>
                <wp:meta_value><![CDATA[lsb_acf_review]]></wp:meta_value>
            </wp:postmeta>
            <wp:postmeta>
                <wp:meta_key>lsb_quote</wp:meta_key>
                <wp:meta_value/>
            </wp:postmeta>
            <wp:postmeta>
                <wp:meta_key>_lsb_quote</wp:meta_key>
                <wp:meta_value><![CDATA[lsb_acf_quote]]></wp:meta_value>
            </wp:postmeta>
            <wp:postmeta>
                <wp:meta_key>lsb_supported</wp:meta_key>
                <wp:meta_value><![CDATA[0]]></wp:meta_value>
            </wp:postmeta>
            <wp:postmeta>
                <wp:meta_key>_lsb_supported</wp:meta_key>
                <wp:meta_value><![CDATA[lsb_acf_supported]]></wp:meta_value>
            </wp:postmeta>
            <category domain="lsb_tax_author" nicename="ronny-haugeland"><![CDATA[Ronny Haugeland]]></category>
            <category domain="lsb_tax_publisher" nicename="jippi-forlag"><![CDATA[Jippi forlag]]></category>
            <category domain="lsb_tax_illustrator" nicename="ronny-haugeland"><![CDATA[Ronny Haugeland]]></category>
            <wp:postmeta>
                <wp:meta_key>lsb_look_inside</wp:meta_key>
                <wp:meta_value><![CDATA[CUSTOM_BLA_I_BOKA]]></wp:meta_value>
            </wp:postmeta>
            <wp:postmeta>
                <wp:meta_key>_lsb_look_inside</wp:meta_key>
                <wp:meta_value><![CDATA[lsb_acf_look_inside]]></wp:meta_value>
            </wp:postmeta>
            <category domain="lsb_tax_age" nicename="voksne"><![CDATA[voksne]]></category>
            <category domain="lsb_tax_topic" nicename="humor"><![CDATA[humor]]></category>
            <category domain="lsb_tax_language" nicename="no_nb"><![CDATA[bokmål]]></category>
            <category domain="lsb_tax_customization" nicename="bilder"><![CDATA[bilder]]></category>
            <category domain="lsb_tax_customization" nicename="mange-bilder"><![CDATA[mange bilder]]></category>
        </item>
        <item>
            <wp:post_type>lsb_book</wp:post_type>
            <wp:status>publish</wp:status>
            <title>Hemmeligheter kan være farlige</title>
            <excerpt:encoded><![CDATA[Titti og Johan begynner å lure på   om den andre har mange skjulte hemmeligheter.   Samtidig begynner det å skje mye rart i bygda.  ]]></excerpt:encoded>
            <wp:postmeta>
                <wp:meta_key>lsb_isbn</wp:meta_key>
                <wp:meta_value><![CDATA[9788280980007]]></wp:meta_value>
            </wp:postmeta>
            <wp:postmeta>
                <wp:meta_key>_lsb_isbn</wp:meta_key>
                <wp:meta_value><![CDATA[lsb_acf_isbn]]></wp:meta_value>
            </wp:postmeta>
            <wp:postmeta>
                <wp:meta_key>lsb_published_year</wp:meta_key>
                <wp:meta_value><![CDATA[2003]]></wp:meta_value>
            </wp:postmeta>
            <wp:postmeta>
                <wp:meta_key>_lsb_published_year</wp:meta_key>
                <wp:meta_value><![CDATA[lsb_acf_published_year]]></wp:meta_value>
            </wp:postmeta>
            <wp:postmeta>
                <wp:meta_key>lsb_pages</wp:meta_key>
                <wp:meta_value><![CDATA[87]]></wp:meta_value>
            </wp:postmeta>
            <wp:postmeta>
                <wp:meta_key>_lsb_pages</wp:meta_key>
                <wp:meta_value><![CDATA[lsb_acf_pages]]></wp:meta_value>
            </wp:postmeta>
            <wp:postmeta>
                <wp:meta_key>lsb_review</wp:meta_key>
                <wp:meta_value><![CDATA[  <div>Noen eldre mennesker blir ranet. <br />  Titti og Johan får dessuten en ny nabo. <br />  Og hunden deres forsvinner i skogen ...</div>  <div>&#160;</div>  <div>Helena Segander er en etablert krimforfatter i Sverige. <br />  Dette er hennes første bok med enkel tekst.<br />  </div>  ]]></wp:meta_value>
            </wp:postmeta>
            <wp:postmeta>
                <wp:meta_key>_lsb_review</wp:meta_key>
                <wp:meta_value><![CDATA[lsb_acf_review]]></wp:meta_value>
            </wp:postmeta>
            <wp:postmeta>
                <wp:meta_key>lsb_quote</wp:meta_key>
                <wp:meta_value/>
            </wp:postmeta>
            <wp:postmeta>
                <wp:meta_key>_lsb_quote</wp:meta_key>
                <wp:meta_value><![CDATA[lsb_acf_quote]]></wp:meta_value>
            </wp:postmeta>
            <wp:postmeta>
                <wp:meta_key>lsb_supported</wp:meta_key>
                <wp:meta_value><![CDATA[0]]></wp:meta_value>
            </wp:postmeta>
            <wp:postmeta>
                <wp:meta_key>_lsb_supported</wp:meta_key>
                <wp:meta_value><![CDATA[lsb_acf_supported]]></wp:meta_value>
            </wp:postmeta>
            <category domain="lsb_tax_author" nicename="helena-sigander"><![CDATA[Helena Sigander]]></category>
            <category domain="lsb_tax_publisher" nicename="lettlest-"><![CDATA[Lettlest ]]></category>
            <category domain="lsb_tax_translator" nicename="bjørn-rudborg"><![CDATA[Bjørn Rudborg]]></category>
            <wp:postmeta>
                <wp:meta_key>lsb_look_inside</wp:meta_key>
                <wp:meta_value><![CDATA[CUSTOM_BLA_I_BOKA]]></wp:meta_value>
            </wp:postmeta>
            <wp:postmeta>
                <wp:meta_key>_lsb_look_inside</wp:meta_key>
                <wp:meta_value><![CDATA[lsb_acf_look_inside]]></wp:meta_value>
            </wp:postmeta>
            <category domain="lsb_tax_age" nicename="voksne"><![CDATA[voksne]]></category>
            <category domain="lsb_tax_genre" nicename="prosa"><![CDATA[prosa]]></category>
            <category domain="lsb_tax_topic" nicename="krim"><![CDATA[krim]]></category>
            <category domain="lsb_tax_topic" nicename="spenning"><![CDATA[spenning]]></category>
            <category domain="lsb_tax_language" nicename="no_nb"><![CDATA[bokmål]]></category>
            <category domain="lsb_tax_customization" nicename="skjønnlitteratur"><![CDATA[skjønnlitteratur]]></category>
            <wp:postmeta>
                <wp:meta_key>_thumbnail_id</wp:meta_key>
                <wp:meta_value><![CDATA[5487]]></wp:meta_value>
            </wp:postmeta>
        </item>
        <item>
            <title>Hemmeligheter2.jpg</title>
            <wp:post_id>5487</wp:post_id>
            <wp:status>inherit</wp:status>
            <wp:post_type>attachment</wp:post_type>
            <wp:attachment_url>https://raw.githubusercontent.com/lesersokerbok/boksok.no-data-utils/master/output-example/images/79DCAFEA2F294BB88331F657483BE56C.jpg</wp:attachment_url>
        </item>
        <item>
            <wp:post_type>lsb_book</wp:post_type>
            <wp:status>publish</wp:status>
            <title>Si meg en ting</title>
            <excerpt:encoded><![CDATA[Den triste fuglemannen blir forelsket.   Men det går som vanlig ikke helt   som han skulle ønske.   ]]></excerpt:encoded>
            <wp:postmeta>
                <wp:meta_key>lsb_isbn</wp:meta_key>
                <wp:meta_value><![CDATA[9788292226049]]></wp:meta_value>
            </wp:postmeta>
            <wp:postmeta>
                <wp:meta_key>_lsb_isbn</wp:meta_key>
                <wp:meta_value><![CDATA[lsb_acf_isbn]]></wp:meta_value>
            </wp:postmeta>
            <wp:postmeta>
                <wp:meta_key>lsb_published_year</wp:meta_key>
                <wp:meta_value><![CDATA[2003]]></wp:meta_value>
            </wp:postmeta>
            <wp:postmeta>
                <wp:meta_key>_lsb_published_year</wp:meta_key>
                <wp:meta_value><![CDATA[lsb_acf_published_year]]></wp:meta_value>
            </wp:postmeta>
            <wp:postmeta>
                <wp:meta_key>lsb_pages</wp:meta_key>
                <wp:meta_value><![CDATA[upag.]]></wp:meta_value>
            </wp:postmeta>
            <wp:postmeta>
                <wp:meta_key>_lsb_pages</wp:meta_key>
                <wp:meta_value><![CDATA[lsb_acf_pages]]></wp:meta_value>
            </wp:postmeta>
            <wp:postmeta>
                <wp:meta_key>lsb_review</wp:meta_key>
                <wp:meta_value><![CDATA[  <div>Fuglemannen er en kjent figur <br />  i tegneseriene til Jason. </div>  <div><br />  Det er umulig å ikke bli glad i ham <br />  og bli litt trist når han blir lei seg. </div>  <p>John Arne "Jason" Sæterøy er født i 1965,<br />  og kommer fra Molde.<br />  Han er den av Norges serietegnere<br />  som er aller best kjent i utlandet.<br />  Han har vunnet flere priser,<br />  blant annet i Frankrike, Norge og Sverige,<br />  og har flere ganger vært nominert<br />  til den amerikanske Eisner-prisen.<br />  </p>  ]]></wp:meta_value>
            </wp:postmeta>
            <wp:postmeta>
                <wp:meta_key>_lsb_review</wp:meta_key>
                <wp:meta_value><![CDATA[lsb_acf_review]]></wp:meta_value>
            </wp:postmeta>
            <wp:postmeta>
                <wp:meta_key>lsb_quote</wp:meta_key>
                <wp:meta_value/>
            </wp:postmeta>
            <wp:postmeta>
                <wp:meta_key>_lsb_quote</wp:meta_key>
                <wp:meta_value><![CDATA[lsb_acf_quote]]></wp:meta_value>
            </wp:postmeta>
            <wp:postmeta>
                <wp:meta_key>lsb_supported</wp:meta_key>
                <wp:meta_value><![CDATA[0]]></wp:meta_value>
            </wp:postmeta>
            <wp:postmeta>
                <wp:meta_key>_lsb_supported</wp:meta_key>
                <wp:meta_value><![CDATA[lsb_acf_supported]]></wp:meta_value>
            </wp:postmeta>
            <category domain="lsb_tax_author" nicename="jason"><![CDATA[Jason]]></category>
            <category domain="lsb_tax_publisher" nicename="jippi"><![CDATA[Jippi]]></category>
            <category domain="lsb_tax_illustrator" nicename="jason"><![CDATA[Jason]]></category>
            <wp:postmeta>
                <wp:meta_key>lsb_look_inside</wp:meta_key>
                <wp:meta_value><![CDATA[CUSTOM_BLA_I_BOKA]]></wp:meta_value>
            </wp:postmeta>
            <wp:postmeta>
                <wp:meta_key>_lsb_look_inside</wp:meta_key>
                <wp:meta_value><![CDATA[lsb_acf_look_inside]]></wp:meta_value>
            </wp:postmeta>
            <category domain="lsb_tax_age" nicename="voksne"><![CDATA[voksne]]></category>
            <category domain="lsb_tax_topic" nicename="krim"><![CDATA[krim]]></category>
            <category domain="lsb_tax_topic" nicename="spenning"><![CDATA[spenning]]></category>
            <category domain="lsb_tax_language" nicename="no_nb"><![CDATA[bokmål]]></category>
            <category domain="lsb_tax_customization" nicename="bilder"><![CDATA[bilder]]></category>
            <category domain="lsb_tax_customization" nicename="mange-bilder"><![CDATA[mange bilder]]></category>
        </item>
        <item>
            <wp:post_type>lsb_book</wp:post_type>
            <wp:status>publish</wp:status>
            <title>Du er ein luring, Finn Bjølseth</title>
            <excerpt:encoded><![CDATA[Denne boka som samlar   dei beste historiane om Finn.   Vi får vere med Finn på internett-chat,   som barnevakt og som turist i storbyen.   ]]></excerpt:encoded>
            <wp:postmeta>
                <wp:meta_key>lsb_isbn</wp:meta_key>
                <wp:meta_value><![CDATA[9788292226032]]></wp:meta_value>
            </wp:postmeta>
            <wp:postmeta>
                <wp:meta_key>_lsb_isbn</wp:meta_key>
                <wp:meta_value><![CDATA[lsb_acf_isbn]]></wp:meta_value>
            </wp:postmeta>
            <wp:postmeta>
                <wp:meta_key>lsb_published_year</wp:meta_key>
                <wp:meta_value><![CDATA[2002]]></wp:meta_value>
            </wp:postmeta>
            <wp:postmeta>
                <wp:meta_key>_lsb_published_year</wp:meta_key>
                <wp:meta_value><![CDATA[lsb_acf_published_year]]></wp:meta_value>
            </wp:postmeta>
            <wp:postmeta>
                <wp:meta_key>lsb_pages</wp:meta_key>
                <wp:meta_value><![CDATA[upag. ]]></wp:meta_value>
            </wp:postmeta>
            <wp:postmeta>
                <wp:meta_key>_lsb_pages</wp:meta_key>
                <wp:meta_value><![CDATA[lsb_acf_pages]]></wp:meta_value>
            </wp:postmeta>
            <wp:postmeta>
                <wp:meta_key>lsb_review</wp:meta_key>
                <wp:meta_value><![CDATA[  <div>Kvardagshistoriane om informatikk-<br />  studenten Finn Bjølseth </div>  <div>er for fyrste gong samla. </div>  <div>&#160;</div>  <div>Jens K. Styve er illustratør <br />  og har vore med i Jippi forlag <br />  sida nittitallet. <br />  Han skriv seriane sine på nynorsk. <br />  Forutan karakteren Finn <br />  har han teikna stripeseriar, <br />  og illustrert den kritikerroste seria<br />  "Torsken Bell Air".<br />  </div>  ]]></wp:meta_value>
            </wp:postmeta>
            <wp:postmeta>
                <wp:meta_key>_lsb_review</wp:meta_key>
                <wp:meta_value><![CDATA[lsb_acf_review]]></wp:meta_value>
            </wp:postmeta>
            <wp:postmeta>
                <wp:meta_key>lsb_quote</wp:meta_key>
                <wp:meta_value><![CDATA[Ligg du her heilt aleine, Finn?   - No!? Korleis gjekk det med date´n   din i gårkveld?  - Hm? Å ... Det ... gjekk ganske   bra, faktisk!   - Fortell!   - Fortell?  ]]></wp:meta_value>
            </wp:postmeta>
            <wp:postmeta>
                <wp:meta_key>_lsb_quote</wp:meta_key>
                <wp:meta_value><![CDATA[lsb_acf_quote]]></wp:meta_value>
            </wp:postmeta>
            <wp:postmeta>
                <wp:meta_key>lsb_supported</wp:meta_key>
                <wp:meta_value><![CDATA[0]]></wp:meta_value>
            </wp:postmeta>
            <wp:postmeta>
                <wp:meta_key>_lsb_supported</wp:meta_key>
                <wp:meta_value><![CDATA[lsb_acf_supported]]></wp:meta_value>
            </wp:postmeta>
            <category domain="lsb_tax_author" nicename="jens-k.-styve"><![CDATA[Jens K. Styve]]></category>
            <category domain="lsb_tax_publisher" nicename="jippi"><![CDATA[Jippi]]></category>
            <category domain="lsb_tax_illustrator" nicename="jens-k.-styve"><![CDATA[Jens K. Styve]]></category>
            <wp:postmeta>
                <wp:meta_key>lsb_look_inside</wp:meta_key>
                <wp:meta_value><![CDATA[CUSTOM_BLA_I_BOKA]]></wp:meta_value>
            </wp:postmeta>
            <wp:postmeta>
                <wp:meta_key>_lsb_look_inside</wp:meta_key>
                <wp:meta_value><![CDATA[lsb_acf_look_inside]]></wp:meta_value>
            </wp:postmeta>
            <category domain="lsb_tax_age" nicename="voksne"><![CDATA[voksne]]></category>
            <category domain="lsb_tax_topic" nicename="humor"><![CDATA[humor]]></category>
            <category domain="lsb_tax_language" nicename="no_nn"><![CDATA[nynorsk]]></category>
            <category domain="lsb_tax_customization" nicename="bilder"><![CDATA[bilder]]></category>
            <category domain="lsb_tax_customization" nicename="mange-bilder"><![CDATA[mange bilder]]></category>
        </item>
        <item>
            <wp:post_type>lsb_book</wp:post_type>
            <wp:status>publish</wp:status>
            <title>Grimsborken</title>
            <excerpt:encoded><![CDATA[Hvilken hest har sin make i helvete?   Den som eier Grimsborken   kan redde prinsesser fra troll   og jevne fjell med jorda,  men for å vinne prinsessens hjerte,   kreves mer enn kraft og styrke alene.  ]]></excerpt:encoded>
            <wp:postmeta>
                <wp:meta_key>lsb_isbn</wp:meta_key>
                <wp:meta_value><![CDATA[9788291315058]]></wp:meta_value>
            </wp:postmeta>
            <wp:postmeta>
                <wp:meta_key>_lsb_isbn</wp:meta_key>
                <wp:meta_value><![CDATA[lsb_acf_isbn]]></wp:meta_value>
            </wp:postmeta>
            <wp:postmeta>
                <wp:meta_key>lsb_published_year</wp:meta_key>
                <wp:meta_value><![CDATA[2002]]></wp:meta_value>
            </wp:postmeta>
            <wp:postmeta>
                <wp:meta_key>_lsb_published_year</wp:meta_key>
                <wp:meta_value><![CDATA[lsb_acf_published_year]]></wp:meta_value>
            </wp:postmeta>
            <wp:postmeta>
                <wp:meta_key>lsb_pages</wp:meta_key>
                <wp:meta_value><![CDATA[31]]></wp:meta_value>
            </wp:postmeta>
            <wp:postmeta>
                <wp:meta_key>_lsb_pages</wp:meta_key>
                <wp:meta_value><![CDATA[lsb_acf_pages]]></wp:meta_value>
            </wp:postmeta>
            <wp:postmeta>
                <wp:meta_key>lsb_review</wp:meta_key>
                <wp:meta_value><![CDATA[  <div>Tegneserie for unge og voksne <br />  med et sprelsk og kraftig uttrykk i strek og språk.<br />  Boka er støttet av Norsk kulturfond.</div>  <div>&#160;</div>  <p>Bjørn Ousland er en av Norges <br />  mest allsidige serieskapere. <br />  Han har tegnet alt fra klassiske vikingserier <br />  til humorstripene om lathansene Siggen og Piggen. </p>  <p><strong>Grimsborken</strong> er en del av en serie<br />  med eventyr fritt fortalt etter Asbjørnsen og Moe.<br />  </p>  ]]></wp:meta_value>
            </wp:postmeta>
            <wp:postmeta>
                <wp:meta_key>_lsb_review</wp:meta_key>
                <wp:meta_value><![CDATA[lsb_acf_review]]></wp:meta_value>
            </wp:postmeta>
            <wp:postmeta>
                <wp:meta_key>lsb_quote</wp:meta_key>
                <wp:meta_value><![CDATA[HER HAR DU DATTERA DI, KONGE.   DU FÅR BEGYNNE MED BRYLLUPSFORBEREDELSENE!    KLART DET SKAL BLI BRYLLUP, GUTT! OG DET MED DET SAMME!    JENTA MI!    BRYLLUP?    HVA ER DETTE SNAKKET OM GIFTERMÅL?  ]]></wp:meta_value>
            </wp:postmeta>
            <wp:postmeta>
                <wp:meta_key>_lsb_quote</wp:meta_key>
                <wp:meta_value><![CDATA[lsb_acf_quote]]></wp:meta_value>
            </wp:postmeta>
            <wp:postmeta>
                <wp:meta_key>lsb_supported</wp:meta_key>
                <wp:meta_value><![CDATA[0]]></wp:meta_value>
            </wp:postmeta>
            <wp:postmeta>
                <wp:meta_key>_lsb_supported</wp:meta_key>
                <wp:meta_value><![CDATA[lsb_acf_supported]]></wp:meta_value>
            </wp:postmeta>
            <category domain="lsb_tax_author" nicename="bjørn-ousland"><![CDATA[Bjørn Ousland]]></category>
            <category domain="lsb_tax_publisher" nicename="jippi"><![CDATA[Jippi]]></category>
            <category domain="lsb_tax_illustrator" nicename="bjørn-ousland"><![CDATA[Bjørn Ousland]]></category>
            <wp:postmeta>
                <wp:meta_key>lsb_look_inside</wp:meta_key>
                <wp:meta_value><![CDATA[CUSTOM_BLA_I_BOKA]]></wp:meta_value>
            </wp:postmeta>
            <wp:postmeta>
                <wp:meta_key>_lsb_look_inside</wp:meta_key>
                <wp:meta_value><![CDATA[lsb_acf_look_inside]]></wp:meta_value>
            </wp:postmeta>
            <category domain="lsb_tax_age" nicename="voksne"><![CDATA[voksne]]></category>
            <category domain="lsb_tax_topic" nicename="eventyr"><![CDATA[eventyr]]></category>
            <category domain="lsb_tax_language" nicename="no_nb"><![CDATA[bokmål]]></category>
            <category domain="lsb_tax_customization" nicename="bilder"><![CDATA[bilder]]></category>
            <category domain="lsb_tax_customization" nicename="mange-bilder"><![CDATA[mange bilder]]></category>
        </item>
        <item>
            <wp:post_type>lsb_book</wp:post_type>
            <wp:status>publish</wp:status>
            <title>Kasper og pinneleken</title>
            <excerpt:encoded><![CDATA[Kasper er den store, flinke hunden til Pelle.   Han elsker å løpe og hente pinner.   Når barna går til stranda for å leke,   hender det noe som gjør at   Kasper får bruk for kunstene sine på alvor. ]]></excerpt:encoded>
            <wp:postmeta>
                <wp:meta_key>lsb_isbn</wp:meta_key>
                <wp:meta_value><![CDATA[9788253034065]]></wp:meta_value>
            </wp:postmeta>
            <wp:postmeta>
                <wp:meta_key>_lsb_isbn</wp:meta_key>
                <wp:meta_value><![CDATA[lsb_acf_isbn]]></wp:meta_value>
            </wp:postmeta>
            <wp:postmeta>
                <wp:meta_key>lsb_published_year</wp:meta_key>
                <wp:meta_value><![CDATA[2011]]></wp:meta_value>
            </wp:postmeta>
            <wp:postmeta>
                <wp:meta_key>_lsb_published_year</wp:meta_key>
                <wp:meta_value><![CDATA[lsb_acf_published_year]]></wp:meta_value>
            </wp:postmeta>
            <wp:postmeta>
                <wp:meta_key>lsb_pages</wp:meta_key>
                <wp:meta_value><![CDATA[upag. ]]></wp:meta_value>
            </wp:postmeta>
            <wp:postmeta>
                <wp:meta_key>_lsb_pages</wp:meta_key>
                <wp:meta_value><![CDATA[lsb_acf_pages]]></wp:meta_value>
            </wp:postmeta>
            <wp:postmeta>
                <wp:meta_key>lsb_review</wp:meta_key>
                <wp:meta_value><![CDATA[  <div>Serien <strong>Dyrevennene</strong> er i samme format <br />  som den populære bøkene om Aksel og Omar i Solgata. </div>  <div>&#160;</div>  <div>Teksten er satt i versaler, </div>  <div>og er enkel å lese. </div>  <div>Ofte dreier bøkene seg om et dilemma, </div>  <div>eller et problem som må løses. </div>  <div>&#160;</div>  <div>I Boksøk presenterer vi et par titler i denne serien, <br />  men alle bøker kan trygt anbefales. </div>  <div>&#160;</div>  <div>&#160;</div>  ]]></wp:meta_value>
            </wp:postmeta>
            <wp:postmeta>
                <wp:meta_key>_lsb_review</wp:meta_key>
                <wp:meta_value><![CDATA[lsb_acf_review]]></wp:meta_value>
            </wp:postmeta>
            <wp:postmeta>
                <wp:meta_key>lsb_quote</wp:meta_key>
                <wp:meta_value><![CDATA[DA DE KOMMER NED TIL SJØEN,   SPRINGER KASPER RETT NED TIL VANNET.     HAN HOPPER UTI.    DA KASPER KOMMER OPP,   RISTER HAN SEG   SÅ SPRUTEN STÅR TIL ALLE KANTER.     PELLE KASTER EN PINNE.   KASPER ER KJEMPEFLINK TIL Å FANGE PINNER. ]]></wp:meta_value>
            </wp:postmeta>
            <wp:postmeta>
                <wp:meta_key>_lsb_quote</wp:meta_key>
                <wp:meta_value><![CDATA[lsb_acf_quote]]></wp:meta_value>
            </wp:postmeta>
            <wp:postmeta>
                <wp:meta_key>lsb_supported</wp:meta_key>
                <wp:meta_value><![CDATA[0]]></wp:meta_value>
            </wp:postmeta>
            <wp:postmeta>
                <wp:meta_key>_lsb_supported</wp:meta_key>
                <wp:meta_value><![CDATA[lsb_acf_supported]]></wp:meta_value>
            </wp:postmeta>
            <category domain="lsb_tax_author" nicename="margareta-nordqvist"><![CDATA[Margareta Nordqvist]]></category>
            <category domain="lsb_tax_publisher" nicename="omnipax"><![CDATA[Omnipax]]></category>
            <category domain="lsb_tax_illustrator" nicename="margareta-nordqvist"><![CDATA[Margareta Nordqvist]]></category>
            <category domain="lsb_tax_translator" nicename="anne-horn"><![CDATA[Anne Horn]]></category>
            <wp:postmeta>
                <wp:meta_key>lsb_look_inside</wp:meta_key>
                <wp:meta_value><![CDATA[CUSTOM_BLA_I_BOKA]]></wp:meta_value>
            </wp:postmeta>
            <wp:postmeta>
                <wp:meta_key>_lsb_look_inside</wp:meta_key>
                <wp:meta_value><![CDATA[lsb_acf_look_inside]]></wp:meta_value>
            </wp:postmeta>
            <category domain="lsb_tax_age" nicename="barn"><![CDATA[barn]]></category>
            <category domain="lsb_tax_genre" nicename="prosa"><![CDATA[prosa]]></category>
            <category domain="lsb_tax_topic" nicename="mennesker-i-mellom"><![CDATA[mennesker i mellom]]></category>
            <category domain="lsb_tax_language" nicename="no_nb"><![CDATA[bokmål]]></category>
            <category domain="lsb_tax_customization" nicename="skjønnlitteratur"><![CDATA[skjønnlitteratur]]></category>
            <category domain="lsb_tax_customization" nicename="mange-bilder"><![CDATA[mange bilder]]></category>
            <wp:postmeta>
                <wp:meta_key>_thumbnail_id</wp:meta_key>
                <wp:meta_value><![CDATA[5491]]></wp:meta_value>
            </wp:postmeta>
        </item>
        <item>
            <title>Kasper og pinneleken.jpg</title>
            <wp:post_id>5491</wp:post_id>
            <wp:status>inherit</wp:status>
            <wp:post_type>attachment</wp:post_type>
            <wp:attachment_url>https://raw.githubusercontent.com/lesersokerbok/boksok.no-data-utils/master/output-example/images/FB40BC15B3B84D9F9119FEC5C3BAA300.jpg</wp:attachment_url>
        </item>
        <item>
            <wp:post_type>lsb_book</wp:post_type>
            <wp:status>publish</wp:status>
            <title>Kåre Kanin og hinderløypa</title>
            <excerpt:encoded><![CDATA[Kåre, kaninen til Lasse, vil ikke være med å hoppe i hinderløypa.   Barna prøver alt de kan for å få han med,   men Kåre finner sin egen vei. ]]></excerpt:encoded>
            <wp:postmeta>
                <wp:meta_key>lsb_isbn</wp:meta_key>
                <wp:meta_value><![CDATA[9788253034034]]></wp:meta_value>
            </wp:postmeta>
            <wp:postmeta>
                <wp:meta_key>_lsb_isbn</wp:meta_key>
                <wp:meta_value><![CDATA[lsb_acf_isbn]]></wp:meta_value>
            </wp:postmeta>
            <wp:postmeta>
                <wp:meta_key>lsb_published_year</wp:meta_key>
                <wp:meta_value><![CDATA[2011]]></wp:meta_value>
            </wp:postmeta>
            <wp:postmeta>
                <wp:meta_key>_lsb_published_year</wp:meta_key>
                <wp:meta_value><![CDATA[lsb_acf_published_year]]></wp:meta_value>
            </wp:postmeta>
            <wp:postmeta>
                <wp:meta_key>lsb_pages</wp:meta_key>
                <wp:meta_value/>
            </wp:postmeta>
            <wp:postmeta>
                <wp:meta_key>_lsb_pages</wp:meta_key>
                <wp:meta_value><![CDATA[lsb_acf_pages]]></wp:meta_value>
            </wp:postmeta>
            <wp:postmeta>
                <wp:meta_key>lsb_review</wp:meta_key>
                <wp:meta_value><![CDATA[  <div>Serien <strong>Dyrevennene</strong> er i samme format <br />  som den populære bøkene om Aksel og Omar i Solgata. </div>  <div>&#160;</div>  <div>Teksten er satt i versaler, </div>  <div>og er enkel å lese. </div>  <div>Ofte dreier bøkene seg om et dilemma, </div>  <div>eller et problem som må løses. </div>  <div>&#160;</div>  <div>I Boksøk presenterer vi et par titler i denne serien, <br />  men alle bøker kan trygt anbefales. </div>  ]]></wp:meta_value>
            </wp:postmeta>
            <wp:postmeta>
                <wp:meta_key>_lsb_review</wp:meta_key>
                <wp:meta_value><![CDATA[lsb_acf_review]]></wp:meta_value>
            </wp:postmeta>
            <wp:postmeta>
                <wp:meta_key>lsb_quote</wp:meta_key>
                <wp:meta_value><![CDATA[HVA DRIVER DERE MED?  SPØR ELLA.     "VI PRØVER Å LÆRE KÅRE Å HOPPE.   MEN HAN ER HÅPLØS."    "BELLA KAN HOPPE VELDIG HØYT.   VI KAN LÆRE DERE," SIER ELLA.     "HM?  LURER PÅ OM DET GÅR."]]></wp:meta_value>
            </wp:postmeta>
            <wp:postmeta>
                <wp:meta_key>_lsb_quote</wp:meta_key>
                <wp:meta_value><![CDATA[lsb_acf_quote]]></wp:meta_value>
            </wp:postmeta>
            <wp:postmeta>
                <wp:meta_key>lsb_supported</wp:meta_key>
                <wp:meta_value><![CDATA[0]]></wp:meta_value>
            </wp:postmeta>
            <wp:postmeta>
                <wp:meta_key>_lsb_supported</wp:meta_key>
                <wp:meta_value><![CDATA[lsb_acf_supported]]></wp:meta_value>
            </wp:postmeta>
            <category domain="lsb_tax_author" nicename="margareta-nordqvist"><![CDATA[Margareta Nordqvist]]></category>
            <category domain="lsb_tax_publisher" nicename="anne-horn"><![CDATA[Anne Horn]]></category>
            <category domain="lsb_tax_illustrator" nicename="margareta-nordqvist"><![CDATA[Margareta Nordqvist]]></category>
            <wp:postmeta>
                <wp:meta_key>lsb_look_inside</wp:meta_key>
                <wp:meta_value><![CDATA[CUSTOM_BLA_I_BOKA]]></wp:meta_value>
            </wp:postmeta>
            <wp:postmeta>
                <wp:meta_key>_lsb_look_inside</wp:meta_key>
                <wp:meta_value><![CDATA[lsb_acf_look_inside]]></wp:meta_value>
            </wp:postmeta>
            <category domain="lsb_tax_age" nicename="barn"><![CDATA[barn]]></category>
            <category domain="lsb_tax_genre" nicename="prosa"><![CDATA[prosa]]></category>
            <category domain="lsb_tax_topic" nicename="mennesker-i-mellom"><![CDATA[mennesker i mellom]]></category>
            <category domain="lsb_tax_language" nicename="no_nb"><![CDATA[bokmål]]></category>
            <category domain="lsb_tax_customization" nicename="skjønnlitteratur"><![CDATA[skjønnlitteratur]]></category>
            <category domain="lsb_tax_customization" nicename="mange-bilder"><![CDATA[mange bilder]]></category>
            <wp:postmeta>
                <wp:meta_key>_thumbnail_id</wp:meta_key>
                <wp:meta_value><![CDATA[5492]]></wp:meta_value>
            </wp:postmeta>
        </item>
        <item>
            <title>Kåre Kanin.jpg</title>
            <wp:post_id>5492</wp:post_id>
            <wp:status>inherit</wp:status>
            <wp:post_type>attachment</wp:post_type>
            <wp:attachment_url>https://raw.githubusercontent.com/lesersokerbok/boksok.no-data-utils/master/output-example/images/F63C3242100A4EBD83C35F99E22F6722.jpg</wp:attachment_url>
        </item>
        <item>
            <wp:post_type>lsb_book</wp:post_type>
            <wp:status>publish</wp:status>
            <title>Søvn og døgnrytme</title>
            <excerpt:encoded><![CDATA[Lettfattelig og oversiktelig innføring   i de vanligste temaene    knyttet til søvn og endringer av døgnrytme.  ]]></excerpt:encoded>
            <wp:postmeta>
                <wp:meta_key>lsb_isbn</wp:meta_key>
                <wp:meta_value><![CDATA[9788202358426]]></wp:meta_value>
            </wp:postmeta>
            <wp:postmeta>
                <wp:meta_key>_lsb_isbn</wp:meta_key>
                <wp:meta_value><![CDATA[lsb_acf_isbn]]></wp:meta_value>
            </wp:postmeta>
            <wp:postmeta>
                <wp:meta_key>lsb_published_year</wp:meta_key>
                <wp:meta_value><![CDATA[2011]]></wp:meta_value>
            </wp:postmeta>
            <wp:postmeta>
                <wp:meta_key>_lsb_published_year</wp:meta_key>
                <wp:meta_value><![CDATA[lsb_acf_published_year]]></wp:meta_value>
            </wp:postmeta>
            <wp:postmeta>
                <wp:meta_key>lsb_pages</wp:meta_key>
                <wp:meta_value><![CDATA[99]]></wp:meta_value>
            </wp:postmeta>
            <wp:postmeta>
                <wp:meta_key>_lsb_pages</wp:meta_key>
                <wp:meta_value><![CDATA[lsb_acf_pages]]></wp:meta_value>
            </wp:postmeta>
            <wp:postmeta>
                <wp:meta_key>lsb_review</wp:meta_key>
                <wp:meta_value><![CDATA[  <div>Hva er søvn? </div>  <div>Er mangel på søvn farlig? </div>  <div>Finnes det egentlig A- og B-mennesker? </div>  <div>Hvordan behandles døgnrytmeforstyrrelser? </div>  <div>&#160;</div>  <div>I <strong>Søvn og døgnrytme</strong> blir de vanligste spørsmålene <br />  forklart og besvart av legene og søvnforskerne Skard Heier og Wolland<br />  </div>  <div>&#160;</div>  <div>Boka har stikkord i margen </div>  <div>og er lett å finne fram i. </div>  <div>Flere kapitler avsluttes med en oppsummerende del. </div>  <div>Boka inneholder også en praktisk del <br />  med spørsmål og svar.  </div>  <div>Fremmedord blir godt forklart underveis, </div>  <div>eller i ordlista bakerst. <br />   </div>  ]]></wp:meta_value>
            </wp:postmeta>
            <wp:postmeta>
                <wp:meta_key>_lsb_review</wp:meta_key>
                <wp:meta_value><![CDATA[lsb_acf_review]]></wp:meta_value>
            </wp:postmeta>
            <wp:postmeta>
                <wp:meta_key>lsb_quote</wp:meta_key>
                <wp:meta_value><![CDATA[REM søvn    Etter ca 90 minutters søvn, hvor man har gjennomgått  stadium 1 til 3, skifter søvnen brått til et mønster med   rask aktivitet i hjernebarken. Aktiviteten ligner den ak-  tiviteten man har i våken tilstand. Dette søvnstadiet  kalles REM søvn. ]]></wp:meta_value>
            </wp:postmeta>
            <wp:postmeta>
                <wp:meta_key>_lsb_quote</wp:meta_key>
                <wp:meta_value><![CDATA[lsb_acf_quote]]></wp:meta_value>
            </wp:postmeta>
            <wp:postmeta>
                <wp:meta_key>lsb_supported</wp:meta_key>
                <wp:meta_value><![CDATA[0]]></wp:meta_value>
            </wp:postmeta>
            <wp:postmeta>
                <wp:meta_key>_lsb_supported</wp:meta_key>
                <wp:meta_value><![CDATA[lsb_acf_supported]]></wp:meta_value>
            </wp:postmeta>
            <category domain="lsb_tax_author" nicename="mona-skard-heier-og-anne-m.-wolland"><![CDATA[Mona Skard Heier og Anne M. Wolland]]></category>
            <category domain="lsb_tax_publisher" nicename="cappelen-damm"><![CDATA[Cappelen Damm]]></category>
            <category domain="lsb_tax_illustrator" nicename="mona-skard-heier"><![CDATA[Mona Skard Heier]]></category>
            <wp:postmeta>
                <wp:meta_key>lsb_look_inside</wp:meta_key>
                <wp:meta_value><![CDATA[CUSTOM_BLA_I_BOKA]]></wp:meta_value>
            </wp:postmeta>
            <wp:postmeta>
                <wp:meta_key>_lsb_look_inside</wp:meta_key>
                <wp:meta_value><![CDATA[lsb_acf_look_inside]]></wp:meta_value>
            </wp:postmeta>
            <category domain="lsb_tax_age" nicename="voksne"><![CDATA[voksne]]></category>
            <category domain="lsb_tax_genre" nicename="faglitteratur"><![CDATA[faglitteratur]]></category>
            <category domain="lsb_tax_topic" nicename="mat"><![CDATA[mat]]></category>
            <category domain="lsb_tax_topic" nicename="helse"><![CDATA[helse]]></category>
            <category domain="lsb_tax_language" nicename="no_nb"><![CDATA[bokmål]]></category>
            <category domain="lsb_tax_customization" nicename="faglitteratur"><![CDATA[faglitteratur]]></category>
            <wp:postmeta>
                <wp:meta_key>_thumbnail_id</wp:meta_key>
                <wp:meta_value><![CDATA[5493]]></wp:meta_value>
            </wp:postmeta>
        </item>
        <item>
            <title>Sovn og dognrytme.jpg</title>
            <wp:post_id>5493</wp:post_id>
            <wp:status>inherit</wp:status>
            <wp:post_type>attachment</wp:post_type>
            <wp:attachment_url>https://raw.githubusercontent.com/lesersokerbok/boksok.no-data-utils/master/output-example/images/25BCB18A23EF4C0AA8FFA2D714441D7A.jpg</wp:attachment_url>
        </item>
        <item>
            <wp:post_type>lsb_book</wp:post_type>
            <wp:status>publish</wp:status>
            <title>Drillos verdensatlas</title>
            <excerpt:encoded><![CDATA[Det er bare én ting Drillo vet mer om enn fotball. Geografi!   Hendig bok med praktisk informasjon om alle verdens land. ]]></excerpt:encoded>
            <wp:postmeta>
                <wp:meta_key>lsb_isbn</wp:meta_key>
                <wp:meta_value/>
            </wp:postmeta>
            <wp:postmeta>
                <wp:meta_key>_lsb_isbn</wp:meta_key>
                <wp:meta_value><![CDATA[lsb_acf_isbn]]></wp:meta_value>
            </wp:postmeta>
            <wp:postmeta>
                <wp:meta_key>lsb_published_year</wp:meta_key>
                <wp:meta_value/>
            </wp:postmeta>
            <wp:postmeta>
                <wp:meta_key>_lsb_published_year</wp:meta_key>
                <wp:meta_value><![CDATA[lsb_acf_published_year]]></wp:meta_value>
            </wp:postmeta>
            <wp:postmeta>
                <wp:meta_key>lsb_pages</wp:meta_key>
                <wp:meta_value/>
            </wp:postmeta>
            <wp:postmeta>
                <wp:meta_key>_lsb_pages</wp:meta_key>
                <wp:meta_value><![CDATA[lsb_acf_pages]]></wp:meta_value>
            </wp:postmeta>
            <wp:postmeta>
                <wp:meta_key>lsb_review</wp:meta_key>
                <wp:meta_value><![CDATA[  <div>Faktabok med kortfattet informasjon om religion, byer, </div>  <div>folketall, språk, myntenhet og mye mer. </div>  <div>Boka er rikt illustrert med kart og flagg. </div>  <div>&#160;</div>  <div>Til hvert land eller stat er det faktabokser <br />  med interessante og underfundige tilleggsopplysninger.  </div>  <div>Visste du for eksempel at innbyggerne på Salomonøyene <br />  ikke har TV fordi de mener det er skadelig for deres kultur? </div>  <div>Og på øyene Saint Vincent er det bare 724 km vei, </div>  <div>men hele fire flyplasser! </div>  <div>Du kan også lese om at det stadig arrangeres <br />  gullgraverkonkurranser i finsk Lappland,  <br />  og om hva du bør huske på<br />  når du går inn i en mongolsk jurt. </div>  <div>&#160;</div>  <div>Bakerst i boka finnes lister over de største fjell, <br />  øyer og innsjøene i Norge og ellers i verden. </div>  <div>Og du kan også teste deg selv <br />  i Drillos ganske vanskelige geografiquiz! <br />  </div>  <div>&#160;</div>  <div>Selvom boka har liten format og liten font, <br />  er oppsettet ryddig og lett tilgjengelig. </div>  <div>&#160;</div>  ]]></wp:meta_value>
            </wp:postmeta>
            <wp:postmeta>
                <wp:meta_key>_lsb_review</wp:meta_key>
                <wp:meta_value><![CDATA[lsb_acf_review]]></wp:meta_value>
            </wp:postmeta>
            <wp:postmeta>
                <wp:meta_key>lsb_quote</wp:meta_key>
                <wp:meta_value/>
            </wp:postmeta>
            <wp:postmeta>
                <wp:meta_key>_lsb_quote</wp:meta_key>
                <wp:meta_value><![CDATA[lsb_acf_quote]]></wp:meta_value>
            </wp:postmeta>
            <wp:postmeta>
                <wp:meta_key>lsb_supported</wp:meta_key>
                <wp:meta_value><![CDATA[0]]></wp:meta_value>
            </wp:postmeta>
            <wp:postmeta>
                <wp:meta_key>_lsb_supported</wp:meta_key>
                <wp:meta_value><![CDATA[lsb_acf_supported]]></wp:meta_value>
            </wp:postmeta>
            <wp:postmeta>
                <wp:meta_key>lsb_look_inside</wp:meta_key>
                <wp:meta_value><![CDATA[CUSTOM_BLA_I_BOKA]]></wp:meta_value>
            </wp:postmeta>
            <wp:postmeta>
                <wp:meta_key>_lsb_look_inside</wp:meta_key>
                <wp:meta_value><![CDATA[lsb_acf_look_inside]]></wp:meta_value>
            </wp:postmeta>
            <category domain="lsb_tax_customization" nicename="faglitteratur"><![CDATA[faglitteratur]]></category>
            <wp:postmeta>
                <wp:meta_key>_thumbnail_id</wp:meta_key>
                <wp:meta_value><![CDATA[5494]]></wp:meta_value>
            </wp:postmeta>
        </item>
        <item>
            <title>Drillos verdensatlas.jpg</title>
            <wp:post_id>5494</wp:post_id>
            <wp:status>inherit</wp:status>
            <wp:post_type>attachment</wp:post_type>
            <wp:attachment_url>https://raw.githubusercontent.com/lesersokerbok/boksok.no-data-utils/master/output-example/images/DAB8D5F7F7974CB3BFB75535B9352625.jpg</wp:attachment_url>
        </item>
        <item>
            <wp:post_type>lsb_book</wp:post_type>
            <wp:status>publish</wp:status>
            <title>Johannes Jensen opplever et mirakel</title>
            <excerpt:encoded><![CDATA[En dag forstår Johannes Jensen   at Frida har en hemmelighet.   Men Frida vil ikke fortelle hva det er.   Etterhvert skjønner han at   hemmeligheten er inni Fridas mage. ]]></excerpt:encoded>
            <wp:postmeta>
                <wp:meta_key>lsb_isbn</wp:meta_key>
                <wp:meta_value><![CDATA[9788202290887]]></wp:meta_value>
            </wp:postmeta>
            <wp:postmeta>
                <wp:meta_key>_lsb_isbn</wp:meta_key>
                <wp:meta_value><![CDATA[lsb_acf_isbn]]></wp:meta_value>
            </wp:postmeta>
            <wp:postmeta>
                <wp:meta_key>lsb_published_year</wp:meta_key>
                <wp:meta_value><![CDATA[2009]]></wp:meta_value>
            </wp:postmeta>
            <wp:postmeta>
                <wp:meta_key>_lsb_published_year</wp:meta_key>
                <wp:meta_value><![CDATA[lsb_acf_published_year]]></wp:meta_value>
            </wp:postmeta>
            <wp:postmeta>
                <wp:meta_key>lsb_pages</wp:meta_key>
                <wp:meta_value/>
            </wp:postmeta>
            <wp:postmeta>
                <wp:meta_key>_lsb_pages</wp:meta_key>
                <wp:meta_value><![CDATA[lsb_acf_pages]]></wp:meta_value>
            </wp:postmeta>
            <wp:postmeta>
                <wp:meta_key>lsb_review</wp:meta_key>
                <wp:meta_value><![CDATA[  <div>Herlig billedbok om krokodillen Johannes Jensen<br />  som skal bli far for første gang. </div>  <div>&#160;</div>  <div>Både tekst og innhold er enkelt formidlet,<br />  og Torill Kove har laget gode og tydelige tegninger. </div>  <div>&#160;</div>  <div>Henrik Hovland har skrevet to andre bøker om Johannes Jensen: </div>  <div><strong><a href="http://www.bokkilden.no/SamboWeb/produkt.do?produktId=129538&amp;rom=MP">Johannes Jensen føler seg annerledes (2003)</a></strong> og<br />  <strong><a href="http://www.bokkilden.no/SamboWeb/produkt.do?produktId=1489321&amp;rom=MP">Johannes Jensen og kjærligheten (2005). </a></strong></div>  <div>Bøkene er velegnet for alle aldre og ulike målgrupper.   <br />  De er også populære blant de som er nye i Norge <br />  og for lesere med kognitive vansker.  </div>  ]]></wp:meta_value>
            </wp:postmeta>
            <wp:postmeta>
                <wp:meta_key>_lsb_review</wp:meta_key>
                <wp:meta_value><![CDATA[lsb_acf_review]]></wp:meta_value>
            </wp:postmeta>
            <wp:postmeta>
                <wp:meta_key>lsb_quote</wp:meta_key>
                <wp:meta_value><![CDATA[- Men hva gjør babyen inne i magen? spør Johannes Jensen.   - Babyen vokser slik babyer gjør, forklarer Frida. - Når den er helt ferdig med øyne og nese og bitte små føtter, og alt det en baby skal ha, så kommer den ut.   - Det er jo fantastisk, sier Joha]]></wp:meta_value>
            </wp:postmeta>
            <wp:postmeta>
                <wp:meta_key>_lsb_quote</wp:meta_key>
                <wp:meta_value><![CDATA[lsb_acf_quote]]></wp:meta_value>
            </wp:postmeta>
            <wp:postmeta>
                <wp:meta_key>lsb_supported</wp:meta_key>
                <wp:meta_value><![CDATA[0]]></wp:meta_value>
            </wp:postmeta>
            <wp:postmeta>
                <wp:meta_key>_lsb_supported</wp:meta_key>
                <wp:meta_value><![CDATA[lsb_acf_supported]]></wp:meta_value>
            </wp:postmeta>
            <category domain="lsb_tax_author" nicename="henrik-hovland"><![CDATA[Henrik Hovland]]></category>
            <category domain="lsb_tax_publisher" nicename="cappelen-damm"><![CDATA[Cappelen Damm]]></category>
            <category domain="lsb_tax_illustrator" nicename="torill-kove"><![CDATA[Torill Kove]]></category>
            <wp:postmeta>
                <wp:meta_key>lsb_look_inside</wp:meta_key>
                <wp:meta_value><![CDATA[CUSTOM_BLA_I_BOKA]]></wp:meta_value>
            </wp:postmeta>
            <wp:postmeta>
                <wp:meta_key>_lsb_look_inside</wp:meta_key>
                <wp:meta_value><![CDATA[lsb_acf_look_inside]]></wp:meta_value>
            </wp:postmeta>
            <category domain="lsb_tax_age" nicename="barn"><![CDATA[barn]]></category>
            <category domain="lsb_tax_age" nicename="ungdom"><![CDATA[ungdom]]></category>
            <category domain="lsb_tax_age" nicename="voksne"><![CDATA[voksne]]></category>
            <category domain="lsb_tax_genre" nicename="prosa"><![CDATA[prosa]]></category>
            <category domain="lsb_tax_topic" nicename="kjærlighet"><![CDATA[kjærlighet]]></category>
            <category domain="lsb_tax_topic" nicename="mennesker-i-mellom"><![CDATA[mennesker i mellom]]></category>
            <category domain="lsb_tax_language" nicename="no_nb"><![CDATA[bokmål]]></category>
            <category domain="lsb_tax_customization" nicename="bilder"><![CDATA[bilder]]></category>
            <category domain="lsb_tax_customization" nicename="mange-bilder"><![CDATA[mange bilder]]></category>
            <wp:postmeta>
                <wp:meta_key>_thumbnail_id</wp:meta_key>
                <wp:meta_value><![CDATA[5495]]></wp:meta_value>
            </wp:postmeta>
        </item>
        <item>
            <title>JohannesJensenOpplever.jpg</title>
            <wp:post_id>5495</wp:post_id>
            <wp:status>inherit</wp:status>
            <wp:post_type>attachment</wp:post_type>
            <wp:attachment_url>https://raw.githubusercontent.com/lesersokerbok/boksok.no-data-utils/master/output-example/images/FD1794520E3B4184926BC4FD5AC7BA1D.jpg</wp:attachment_url>
        </item>
        <item>
            <wp:post_type>lsb_book</wp:post_type>
            <wp:status>publish</wp:status>
            <title>Fakta fra Verden. Ti kniver i hjertet</title>
            <excerpt:encoded><![CDATA[Fjerde bok fra Karstein Volle nye dokumenterte,   men dog ikke alt for kjente fakta fra verden.   Denne gangen er resultatet en håndbok   for bedre overlevelse i denne verden som vi alle lever i.  ]]></excerpt:encoded>
            <wp:postmeta>
                <wp:meta_key>lsb_isbn</wp:meta_key>
                <wp:meta_value><![CDATA[9788292226247]]></wp:meta_value>
            </wp:postmeta>
            <wp:postmeta>
                <wp:meta_key>_lsb_isbn</wp:meta_key>
                <wp:meta_value><![CDATA[lsb_acf_isbn]]></wp:meta_value>
            </wp:postmeta>
            <wp:postmeta>
                <wp:meta_key>lsb_published_year</wp:meta_key>
                <wp:meta_value><![CDATA[2008]]></wp:meta_value>
            </wp:postmeta>
            <wp:postmeta>
                <wp:meta_key>_lsb_published_year</wp:meta_key>
                <wp:meta_value><![CDATA[lsb_acf_published_year]]></wp:meta_value>
            </wp:postmeta>
            <wp:postmeta>
                <wp:meta_key>lsb_pages</wp:meta_key>
                <wp:meta_value/>
            </wp:postmeta>
            <wp:postmeta>
                <wp:meta_key>_lsb_pages</wp:meta_key>
                <wp:meta_value><![CDATA[lsb_acf_pages]]></wp:meta_value>
            </wp:postmeta>
            <wp:postmeta>
                <wp:meta_key>lsb_review</wp:meta_key>
                <wp:meta_value><![CDATA[  <div>Tegneserien <strong>Fakta fra verden </strong>er full av løgn. <br />  På hver side får vi forklart et tema, <br />  på en ny og uventet måte. <br />  Selv om dette er en forvrengt sannhet, <br />  er det likevel noe som minner om vår verden. </div>  <div>&#160;</div>  <div>I <strong>Ti kniver i hjertet</strong> lærer vi blant annet at </div>  <div>havørner er feige og klossete, </div>  <div>at tegneserien ble oppfunnet i 1875 av Thomas Alva Edison, </div>  <div>og dessuten hva som er ingrediensene i influensavaksine. </div>  <div>&#160;</div>  <div>Karstein Volle bor i Finland.<br />  I 2004 vant han Dagbladets serie-konkurranse.<br />  I 2007 ble han tildelt diplom i Grafill sin Årets vakreste bøker- konkurranse <br />  for samlingen <strong>Med Hånden på Hjertet. </strong></div>  <p>&#160;</p>  ]]></wp:meta_value>
            </wp:postmeta>
            <wp:postmeta>
                <wp:meta_key>_lsb_review</wp:meta_key>
                <wp:meta_value><![CDATA[lsb_acf_review]]></wp:meta_value>
            </wp:postmeta>
            <wp:postmeta>
                <wp:meta_key>lsb_quote</wp:meta_key>
                <wp:meta_value/>
            </wp:postmeta>
            <wp:postmeta>
                <wp:meta_key>_lsb_quote</wp:meta_key>
                <wp:meta_value><![CDATA[lsb_acf_quote]]></wp:meta_value>
            </wp:postmeta>
            <wp:postmeta>
                <wp:meta_key>lsb_supported</wp:meta_key>
                <wp:meta_value><![CDATA[0]]></wp:meta_value>
            </wp:postmeta>
            <wp:postmeta>
                <wp:meta_key>_lsb_supported</wp:meta_key>
                <wp:meta_value><![CDATA[lsb_acf_supported]]></wp:meta_value>
            </wp:postmeta>
            <category domain="lsb_tax_author" nicename="karstein-volle"><![CDATA[Karstein Volle]]></category>
            <category domain="lsb_tax_publisher" nicename="jippi"><![CDATA[Jippi]]></category>
            <wp:postmeta>
                <wp:meta_key>lsb_look_inside</wp:meta_key>
                <wp:meta_value><![CDATA[CUSTOM_BLA_I_BOKA]]></wp:meta_value>
            </wp:postmeta>
            <wp:postmeta>
                <wp:meta_key>_lsb_look_inside</wp:meta_key>
                <wp:meta_value><![CDATA[lsb_acf_look_inside]]></wp:meta_value>
            </wp:postmeta>
            <category domain="lsb_tax_age" nicename="voksne"><![CDATA[voksne]]></category>
            <category domain="lsb_tax_topic" nicename="humor"><![CDATA[humor]]></category>
            <category domain="lsb_tax_language" nicename="no_nb"><![CDATA[bokmål]]></category>
            <category domain="lsb_tax_customization" nicename="bilder"><![CDATA[bilder]]></category>
            <category domain="lsb_tax_customization" nicename="mange-bilder"><![CDATA[mange bilder]]></category>
            <wp:postmeta>
                <wp:meta_key>_thumbnail_id</wp:meta_key>
                <wp:meta_value><![CDATA[5496]]></wp:meta_value>
            </wp:postmeta>
        </item>
        <item>
            <title>ti kniver i hjertet.jpg</title>
            <wp:post_id>5496</wp:post_id>
            <wp:status>inherit</wp:status>
            <wp:post_type>attachment</wp:post_type>
            <wp:attachment_url>https://raw.githubusercontent.com/lesersokerbok/boksok.no-data-utils/master/output-example/images/CBBCFD48A84E40789D6B6A72A4566A96.jpg</wp:attachment_url>
        </item>
        <item>
            <wp:post_type>lsb_book</wp:post_type>
            <wp:status>publish</wp:status>
            <title>Den andre mammaen</title>
            <excerpt:encoded><![CDATA[Shirin og lillesøster Nina skal på tur med barnehagen.   De skal til havet.   Mamma skal også være med.   Men mamma snakker ikke så bra norsk.   Det blir en helt annerledes utflukt. ]]></excerpt:encoded>
            <wp:postmeta>
                <wp:meta_key>lsb_isbn</wp:meta_key>
                <wp:meta_value><![CDATA[9788205388079]]></wp:meta_value>
            </wp:postmeta>
            <wp:postmeta>
                <wp:meta_key>_lsb_isbn</wp:meta_key>
                <wp:meta_value><![CDATA[lsb_acf_isbn]]></wp:meta_value>
            </wp:postmeta>
            <wp:postmeta>
                <wp:meta_key>lsb_published_year</wp:meta_key>
                <wp:meta_value><![CDATA[2007]]></wp:meta_value>
            </wp:postmeta>
            <wp:postmeta>
                <wp:meta_key>_lsb_published_year</wp:meta_key>
                <wp:meta_value><![CDATA[lsb_acf_published_year]]></wp:meta_value>
            </wp:postmeta>
            <wp:postmeta>
                <wp:meta_key>lsb_pages</wp:meta_key>
                <wp:meta_value/>
            </wp:postmeta>
            <wp:postmeta>
                <wp:meta_key>_lsb_pages</wp:meta_key>
                <wp:meta_value><![CDATA[lsb_acf_pages]]></wp:meta_value>
            </wp:postmeta>
            <wp:postmeta>
                <wp:meta_key>lsb_review</wp:meta_key>
                <wp:meta_value><![CDATA[  <div>Samtidig blir det en tur til noe annet. </div>  <div>For under utflukten viser mamma nye sider ved seg selv. </div>  <div>&#160;</div>  <div>Frodig og varm billedbok <br />  om språkproblemer og usikkerhet</div>  <div>som forvandles til fargesprakende fantasi<br />  og handlekraft. </div>  <div>&#160;</div>  <div>Boka er enkelt skrevet</div>  <div>og passer godt til samlesing mellom foreldre og barn. <br />   </div>  <div>&#160;</div>  <div>&#160;</div>  ]]></wp:meta_value>
            </wp:postmeta>
            <wp:postmeta>
                <wp:meta_key>_lsb_review</wp:meta_key>
                <wp:meta_value><![CDATA[lsb_acf_review]]></wp:meta_value>
            </wp:postmeta>
            <wp:postmeta>
                <wp:meta_key>lsb_quote</wp:meta_key>
                <wp:meta_value><![CDATA[Vi står på busstasjonen og venter.   Bussen skulle gå klokka ni, sier mamma,   det sto på lappen.   Klokka er fem på ni og det er ingen andre barn her.     "Du har lest feil som vanlig!" sier jeg.   Jeg er sint og skuffet.   Jeg vil på tur, jeg har gledet meg.   "Ja, jeg skjønner ikke..." sier mamma. ]]></wp:meta_value>
            </wp:postmeta>
            <wp:postmeta>
                <wp:meta_key>_lsb_quote</wp:meta_key>
                <wp:meta_value><![CDATA[lsb_acf_quote]]></wp:meta_value>
            </wp:postmeta>
            <wp:postmeta>
                <wp:meta_key>lsb_supported</wp:meta_key>
                <wp:meta_value><![CDATA[0]]></wp:meta_value>
            </wp:postmeta>
            <wp:postmeta>
                <wp:meta_key>_lsb_supported</wp:meta_key>
                <wp:meta_value><![CDATA[lsb_acf_supported]]></wp:meta_value>
            </wp:postmeta>
            <category domain="lsb_tax_author" nicename="viveka-sjögren"><![CDATA[Viveka Sjögren]]></category>
            <category domain="lsb_tax_publisher" nicename="gyldendal"><![CDATA[Gyldendal]]></category>
            <category domain="lsb_tax_illustrator" nicename="viveka-sjögren"><![CDATA[Viveka Sjögren]]></category>
            <category domain="lsb_tax_translator" nicename="kjersti-scheen"><![CDATA[Kjersti Scheen]]></category>
            <wp:postmeta>
                <wp:meta_key>lsb_look_inside</wp:meta_key>
                <wp:meta_value><![CDATA[CUSTOM_BLA_I_BOKA]]></wp:meta_value>
            </wp:postmeta>
            <wp:postmeta>
                <wp:meta_key>_lsb_look_inside</wp:meta_key>
                <wp:meta_value><![CDATA[lsb_acf_look_inside]]></wp:meta_value>
            </wp:postmeta>
            <category domain="lsb_tax_age" nicename="barn"><![CDATA[barn]]></category>
            <category domain="lsb_tax_age" nicename="voksne"><![CDATA[voksne]]></category>
            <category domain="lsb_tax_genre" nicename="prosa"><![CDATA[prosa]]></category>
            <category domain="lsb_tax_topic" nicename="mennesker-i-mellom"><![CDATA[mennesker i mellom]]></category>
            <category domain="lsb_tax_language" nicename="no_nb"><![CDATA[bokmål]]></category>
            <category domain="lsb_tax_customization" nicename="bilder"><![CDATA[bilder]]></category>
            <category domain="lsb_tax_customization" nicename="ny-i-norge"><![CDATA[ny i norge]]></category>
            <category domain="lsb_tax_customization" nicename="mange-bilder"><![CDATA[mange bilder]]></category>
            <wp:postmeta>
                <wp:meta_key>_thumbnail_id</wp:meta_key>
                <wp:meta_value><![CDATA[5497]]></wp:meta_value>
            </wp:postmeta>
        </item>
        <item>
            <title>Den-andre-mammaen.jpg</title>
            <wp:post_id>5497</wp:post_id>
            <wp:status>inherit</wp:status>
            <wp:post_type>attachment</wp:post_type>
            <wp:attachment_url>https://raw.githubusercontent.com/lesersokerbok/boksok.no-data-utils/master/output-example/images/4777A5A18FB24546BBBAC1CEA01E6AF2.jpg</wp:attachment_url>
        </item>
        <item>
            <wp:post_type>lsb_book</wp:post_type>
            <wp:status>publish</wp:status>
            <title>Den bortkomne tingen</title>
            <excerpt:encoded><![CDATA[Shaun Tan regnes som en av verdens fremste barnebokillustratører.   I denne fantastiske billedboka finner en gutt   en stor rød tingest på stranda.   Den virker så bortkommen, syns gutten.   Han bestemmer seg for å finne ut hvor den hører hjemme.   ]]></excerpt:encoded>
            <wp:postmeta>
                <wp:meta_key>lsb_isbn</wp:meta_key>
                <wp:meta_value><![CDATA[9788202361211]]></wp:meta_value>
            </wp:postmeta>
            <wp:postmeta>
                <wp:meta_key>_lsb_isbn</wp:meta_key>
                <wp:meta_value><![CDATA[lsb_acf_isbn]]></wp:meta_value>
            </wp:postmeta>
            <wp:postmeta>
                <wp:meta_key>lsb_published_year</wp:meta_key>
                <wp:meta_value><![CDATA[2011]]></wp:meta_value>
            </wp:postmeta>
            <wp:postmeta>
                <wp:meta_key>_lsb_published_year</wp:meta_key>
                <wp:meta_value><![CDATA[lsb_acf_published_year]]></wp:meta_value>
            </wp:postmeta>
            <wp:postmeta>
                <wp:meta_key>lsb_pages</wp:meta_key>
                <wp:meta_value/>
            </wp:postmeta>
            <wp:postmeta>
                <wp:meta_key>_lsb_pages</wp:meta_key>
                <wp:meta_value><![CDATA[lsb_acf_pages]]></wp:meta_value>
            </wp:postmeta>
            <wp:postmeta>
                <wp:meta_key>lsb_review</wp:meta_key>
                <wp:meta_value><![CDATA[  <div>Overalt er det høye grå bygninger, </div>  <div>byråkrati og dystre, ansiktsløse mennesker. </div>  <div>Ingen er interessert i den røde tingesten. </div>  <div>&#160;</div>  <div>Kan han finne et sted <br />  hvor den bortkomne tingen hører hjemme? </div>  <div>Hvor passer den inn? </div>  <div>&#160;</div>  <div>Teksten er enkel, <br />  men den har mange nivåer.  <br />  Det er et stort tolkningsrom. </div>  <div>Boka passer for alle aldre, </div>  <div>fra ca 7 år og oppover. <br />  </div>  <div>Shaun Tan vant Oscar </div>  <div>for kortfilmen "The Lost Thing"</div>  <div>som er basert på denne boka. </div>  ]]></wp:meta_value>
            </wp:postmeta>
            <wp:postmeta>
                <wp:meta_key>_lsb_review</wp:meta_key>
                <wp:meta_value><![CDATA[lsb_acf_review]]></wp:meta_value>
            </wp:postmeta>
            <wp:postmeta>
                <wp:meta_key>lsb_quote</wp:meta_key>
                <wp:meta_value><![CDATA[Jeg må ha glodd på den en stund, for den så virkelig snål ut - sånn passe trist og bortkommen, liksom. Ingen andre hadde visst lagt merke til at den var der. De var vel for opptatt med å drive med det folk pleier å gjøre på stranden. ]]></wp:meta_value>
            </wp:postmeta>
            <wp:postmeta>
                <wp:meta_key>_lsb_quote</wp:meta_key>
                <wp:meta_value><![CDATA[lsb_acf_quote]]></wp:meta_value>
            </wp:postmeta>
            <wp:postmeta>
                <wp:meta_key>lsb_supported</wp:meta_key>
                <wp:meta_value><![CDATA[0]]></wp:meta_value>
            </wp:postmeta>
            <wp:postmeta>
                <wp:meta_key>_lsb_supported</wp:meta_key>
                <wp:meta_value><![CDATA[lsb_acf_supported]]></wp:meta_value>
            </wp:postmeta>
            <category domain="lsb_tax_author" nicename="shaun-tan"><![CDATA[Shaun Tan]]></category>
            <category domain="lsb_tax_publisher" nicename="cappelen-damm"><![CDATA[Cappelen Damm]]></category>
            <category domain="lsb_tax_illustrator" nicename="shaun-tan"><![CDATA[Shaun Tan]]></category>
            <category domain="lsb_tax_translator" nicename="geir-uthaug"><![CDATA[Geir Uthaug]]></category>
            <wp:postmeta>
                <wp:meta_key>lsb_look_inside</wp:meta_key>
                <wp:meta_value><![CDATA[CUSTOM_BLA_I_BOKA]]></wp:meta_value>
            </wp:postmeta>
            <wp:postmeta>
                <wp:meta_key>_lsb_look_inside</wp:meta_key>
                <wp:meta_value><![CDATA[lsb_acf_look_inside]]></wp:meta_value>
            </wp:postmeta>
            <category domain="lsb_tax_age" nicename="barn"><![CDATA[barn]]></category>
            <category domain="lsb_tax_age" nicename="voksne"><![CDATA[voksne]]></category>
            <category domain="lsb_tax_age" nicename="ungdom"><![CDATA[ungdom]]></category>
            <category domain="lsb_tax_genre" nicename="prosa"><![CDATA[prosa]]></category>
            <category domain="lsb_tax_topic" nicename="mennesker-i-mellom"><![CDATA[mennesker i mellom]]></category>
            <category domain="lsb_tax_language" nicename="no_nb"><![CDATA[bokmål]]></category>
            <category domain="lsb_tax_customization" nicename="bilder"><![CDATA[bilder]]></category>
            <category domain="lsb_tax_customization" nicename="mange-bilder"><![CDATA[mange bilder]]></category>
            <wp:postmeta>
                <wp:meta_key>_thumbnail_id</wp:meta_key>
                <wp:meta_value><![CDATA[5498]]></wp:meta_value>
            </wp:postmeta>
        </item>
        <item>
            <title>DenBortkomneTingen.jpg</title>
            <wp:post_id>5498</wp:post_id>
            <wp:status>inherit</wp:status>
            <wp:post_type>attachment</wp:post_type>
            <wp:attachment_url>https://raw.githubusercontent.com/lesersokerbok/boksok.no-data-utils/master/output-example/images/383E03AF75C042279A20C1B4E0135DC1.jpg</wp:attachment_url>
        </item>
        <item>
            <wp:post_type>lsb_book</wp:post_type>
            <wp:status>publish</wp:status>
            <title>Kurt IV</title>
            <excerpt:encoded><![CDATA[Denne boka inneholder de fire første historiene som er skrevet om Kurt.   Og om den på en måte ganske vanlige,   men på en annen måte ganske uvanlige familien hans.  ]]></excerpt:encoded>
            <wp:postmeta>
                <wp:meta_key>lsb_isbn</wp:meta_key>
                <wp:meta_value><![CDATA[9788202309114]]></wp:meta_value>
            </wp:postmeta>
            <wp:postmeta>
                <wp:meta_key>_lsb_isbn</wp:meta_key>
                <wp:meta_value><![CDATA[lsb_acf_isbn]]></wp:meta_value>
            </wp:postmeta>
            <wp:postmeta>
                <wp:meta_key>lsb_published_year</wp:meta_key>
                <wp:meta_value><![CDATA[2009]]></wp:meta_value>
            </wp:postmeta>
            <wp:postmeta>
                <wp:meta_key>_lsb_published_year</wp:meta_key>
                <wp:meta_value><![CDATA[lsb_acf_published_year]]></wp:meta_value>
            </wp:postmeta>
            <wp:postmeta>
                <wp:meta_key>lsb_pages</wp:meta_key>
                <wp:meta_value><![CDATA[345]]></wp:meta_value>
            </wp:postmeta>
            <wp:postmeta>
                <wp:meta_key>_lsb_pages</wp:meta_key>
                <wp:meta_value><![CDATA[lsb_acf_pages]]></wp:meta_value>
            </wp:postmeta>
            <wp:postmeta>
                <wp:meta_key>lsb_review</wp:meta_key>
                <wp:meta_value><![CDATA[  <div>Kurt er truckfører. </div>  <div>Han har en fin gul truck som han er fryktelig stolt av<br />  og som han vasker hver eneste søndag. </div>  <div>Noen ganger er Kurt grei, </div>  <div>og noen ganger er han ugrei. </div>  <div>Kurt har dessuten bart, <br />  og en søt kone og tre rare barn. </div>  <div>&#160;</div>  <div>I denne samleboka finner du fire fortellinger om Kurt: </div>  <div><a href="http://www.bokkilden.no/SamboWeb/produkt.do?produktId=66428&amp;rom=MP">Fisken</a></div>  <div><a href="http://www.bokkilden.no/SamboWeb/produkt.do?produktId=116095&amp;rom=MP">Kurt blir grusom</a></div>  <div><a href="http://www.bokkilden.no/SamboWeb/produkt.do?produktId=102634&amp;rom=MP">Kurt quo vadis? </a></div>  <div><a href="http://www.bokkilden.no/SamboWeb/produkt.do?produktId=129791&amp;rom=MP">Kurt koker hodet</a></div>  <div>Du kan også kjøpe/låne bøkene hver for seg. </div>  <div>&#160;</div>  <div>De humoristiske og underfundige </div>  <div>bøkene om Kurt har enkel tekst</div>  <div>og er i utgangspunktet rettet mot yngre lesere. </div>  <div>Men de har etterhvert blitt populære for alle aldersgrupper, </div>  <div>og har fått kultstatus blant ungdom og voksne. </div>  <div>Kurt-bøkene egner seg også godt for minoritetsspråklige. </div>  ]]></wp:meta_value>
            </wp:postmeta>
            <wp:postmeta>
                <wp:meta_key>_lsb_review</wp:meta_key>
                <wp:meta_value><![CDATA[lsb_acf_review]]></wp:meta_value>
            </wp:postmeta>
            <wp:postmeta>
                <wp:meta_key>lsb_quote</wp:meta_key>
                <wp:meta_value><![CDATA[Mens de kjører, sitter Bud på fanget til Kurt   og later som om det er han som kjører.   Bud liker å sitte slik.   Han er stolt av trucken til pappaen sin.  Kurt ser på klokken. Han er bestandig sent ute.   Hvor gammel er du egentlig? spør Kurt.   Jeg er vel et par-tre år, sier Bud.   Jaså, er det såpass? sier Kurt.   Da kan vi kanskje begynne å   tenke på om du snart er stor nok til å komme  deg til barnehagen på egen hånd.   Kanskje det, sier Bud. ]]></wp:meta_value>
            </wp:postmeta>
            <wp:postmeta>
                <wp:meta_key>_lsb_quote</wp:meta_key>
                <wp:meta_value><![CDATA[lsb_acf_quote]]></wp:meta_value>
            </wp:postmeta>
            <wp:postmeta>
                <wp:meta_key>lsb_supported</wp:meta_key>
                <wp:meta_value><![CDATA[0]]></wp:meta_value>
            </wp:postmeta>
            <wp:postmeta>
                <wp:meta_key>_lsb_supported</wp:meta_key>
                <wp:meta_value><![CDATA[lsb_acf_supported]]></wp:meta_value>
            </wp:postmeta>
            <category domain="lsb_tax_author" nicename="erlend-loe"><![CDATA[Erlend Loe]]></category>
            <category domain="lsb_tax_publisher" nicename="cappelen-damm"><![CDATA[Cappelen Damm]]></category>
            <category domain="lsb_tax_illustrator" nicename="kim-hiorthøy"><![CDATA[Kim Hiorthøy]]></category>
            <wp:postmeta>
                <wp:meta_key>lsb_look_inside</wp:meta_key>
                <wp:meta_value><![CDATA[CUSTOM_BLA_I_BOKA]]></wp:meta_value>
            </wp:postmeta>
            <wp:postmeta>
                <wp:meta_key>_lsb_look_inside</wp:meta_key>
                <wp:meta_value><![CDATA[lsb_acf_look_inside]]></wp:meta_value>
            </wp:postmeta>
            <category domain="lsb_tax_age" nicename="voksne"><![CDATA[voksne]]></category>
            <category domain="lsb_tax_age" nicename="ungdom"><![CDATA[ungdom]]></category>
            <category domain="lsb_tax_age" nicename="barn"><![CDATA[barn]]></category>
            <category domain="lsb_tax_genre" nicename="prosa"><![CDATA[prosa]]></category>
            <category domain="lsb_tax_topic" nicename="humor"><![CDATA[humor]]></category>
            <category domain="lsb_tax_topic" nicename="mennesker-i-mellom"><![CDATA[mennesker i mellom]]></category>
            <category domain="lsb_tax_language" nicename="no_nb"><![CDATA[bokmål]]></category>
            <category domain="lsb_tax_customization" nicename="skjønnlitteratur"><![CDATA[skjønnlitteratur]]></category>
            <category domain="lsb_tax_customization" nicename="ny-i-norge"><![CDATA[ny i norge]]></category>
            <category domain="lsb_tax_customization" nicename="mange-bilder"><![CDATA[mange bilder]]></category>
            <wp:postmeta>
                <wp:meta_key>_thumbnail_id</wp:meta_key>
                <wp:meta_value><![CDATA[5499]]></wp:meta_value>
            </wp:postmeta>
        </item>
        <item>
            <title>Kurt IV.jpg</title>
            <wp:post_id>5499</wp:post_id>
            <wp:status>inherit</wp:status>
            <wp:post_type>attachment</wp:post_type>
            <wp:attachment_url>https://raw.githubusercontent.com/lesersokerbok/boksok.no-data-utils/master/output-example/images/9B55379ACB964D66B715D141EDAB511E.jpg</wp:attachment_url>
        </item>
        <item>
            <wp:post_type>lsb_book</wp:post_type>
            <wp:status>publish</wp:status>
            <title>Sjef i eget hus</title>
            <excerpt:encoded><![CDATA[Møt ni forskjellige mennesker   som alle bor i egen bolig. ]]></excerpt:encoded>
            <wp:postmeta>
                <wp:meta_key>lsb_isbn</wp:meta_key>
                <wp:meta_value><![CDATA[9788299133289]]></wp:meta_value>
            </wp:postmeta>
            <wp:postmeta>
                <wp:meta_key>_lsb_isbn</wp:meta_key>
                <wp:meta_value><![CDATA[lsb_acf_isbn]]></wp:meta_value>
            </wp:postmeta>
            <wp:postmeta>
                <wp:meta_key>lsb_published_year</wp:meta_key>
                <wp:meta_value><![CDATA[2009]]></wp:meta_value>
            </wp:postmeta>
            <wp:postmeta>
                <wp:meta_key>_lsb_published_year</wp:meta_key>
                <wp:meta_value><![CDATA[lsb_acf_published_year]]></wp:meta_value>
            </wp:postmeta>
            <wp:postmeta>
                <wp:meta_key>lsb_pages</wp:meta_key>
                <wp:meta_value><![CDATA[91]]></wp:meta_value>
            </wp:postmeta>
            <wp:postmeta>
                <wp:meta_key>_lsb_pages</wp:meta_key>
                <wp:meta_value><![CDATA[lsb_acf_pages]]></wp:meta_value>
            </wp:postmeta>
            <wp:postmeta>
                <wp:meta_key>lsb_review</wp:meta_key>
                <wp:meta_value><![CDATA[  <div>Målet er at mennesker med utviklingshemming </div>  <div>skal kunne bo i eget hjem. </div>  <div>Likevel er det mange som ikke gjør det. </div>  <div>Hvorfor er det slik? </div>  <div>&#160;</div>  <div>I boka <strong>Sjef i eget hus</strong> forteller </div>  <div>ni mennesker med utviklinghemming </div>  <div>hvordan de har skaffet seg eget bolig. </div>  <div>Alle ni er forskjellige.</div>  <div>Noen har kjøpt en leilighet, </div>  <div>andre har bygget hus. </div>  <div>  <div>  <div>Vi får vite hvordan de fikk tak i boligen </div>  <div>og hvordan de har det der nå. </div></div></div>  <div>Felles for dem alle er at de eier boligen sin selv </div>  <div>og at det er de som bestemmer over den. </div>  <div>Gjennom dem får vi se at det nytter å kjempe </div>  <div>mot fordommer. </div>  <div>&#160;</div>  <div>Boka har enkel tekst og korte kapitler. </div>  <div>Hver side har fotografier av </div>  <div>menneskene og boligene. </div>  <div>&#160;</div>  <div><strong>Sjef i eget hus</strong> er en forenklet versjon av boka </div>  <div><strong>Ni mennesker med utviklingshemmig viser </strong></div>  <div><strong>VEIEN FRAM TIL EGEN BOLIG</strong>. </div>  <div>Boka er støttet av <strong>Husbanken</strong> </div>  <div>og gitt ut av <strong>Norsk forbund for utviklingshemmede</strong>. </div>  <div>  <div>&#160;</div>  <div>&#160;</div></div>  ]]></wp:meta_value>
            </wp:postmeta>
            <wp:postmeta>
                <wp:meta_key>_lsb_review</wp:meta_key>
                <wp:meta_value><![CDATA[lsb_acf_review]]></wp:meta_value>
            </wp:postmeta>
            <wp:postmeta>
                <wp:meta_key>lsb_quote</wp:meta_key>
                <wp:meta_value><![CDATA[Andreas var med på alt som hadde med huset å gjøre.   Han var med på byggemøtene.   Han valgte ut farger og tekstiler og andre ting han trengte,   og han fikk oppfylt sin store drøm om et blått kjøkken. ]]></wp:meta_value>
            </wp:postmeta>
            <wp:postmeta>
                <wp:meta_key>_lsb_quote</wp:meta_key>
                <wp:meta_value><![CDATA[lsb_acf_quote]]></wp:meta_value>
            </wp:postmeta>
            <wp:postmeta>
                <wp:meta_key>lsb_supported</wp:meta_key>
                <wp:meta_value><![CDATA[0]]></wp:meta_value>
            </wp:postmeta>
            <wp:postmeta>
                <wp:meta_key>_lsb_supported</wp:meta_key>
                <wp:meta_value><![CDATA[lsb_acf_supported]]></wp:meta_value>
            </wp:postmeta>
            <category domain="lsb_tax_author" nicename="bitten-munthe-kaas-og-lillian-g.-rasmussen"><![CDATA[Bitten Munthe-Kaas og Lillian G. Rasmussen]]></category>
            <category domain="lsb_tax_publisher" nicename="norsk-forbund-for-utviklingshemmede"><![CDATA[Norsk forbund for utviklingshemmede]]></category>
            <category domain="lsb_tax_translator" nicename="bearbeidet-og-tilrettelagt-av-inger-johanna-hoftun-og-sissel-hofgaard-swensen"><![CDATA[Bearbeidet og tilrettelagt av Inger Johanna Hoftun og Sissel Hofgaard Swensen]]></category>
            <wp:postmeta>
                <wp:meta_key>lsb_look_inside</wp:meta_key>
                <wp:meta_value><![CDATA[CUSTOM_BLA_I_BOKA]]></wp:meta_value>
            </wp:postmeta>
            <wp:postmeta>
                <wp:meta_key>_lsb_look_inside</wp:meta_key>
                <wp:meta_value><![CDATA[lsb_acf_look_inside]]></wp:meta_value>
            </wp:postmeta>
            <category domain="lsb_tax_age" nicename="voksne"><![CDATA[voksne]]></category>
            <category domain="lsb_tax_genre" nicename="faglitteratur"><![CDATA[faglitteratur]]></category>
            <category domain="lsb_tax_topic" nicename="hus"><![CDATA[hus]]></category>
            <category domain="lsb_tax_topic" nicename="hjem"><![CDATA[hjem]]></category>
            <category domain="lsb_tax_topic" nicename="hage"><![CDATA[hage]]></category>
            <category domain="lsb_tax_language" nicename="no_nb"><![CDATA[bokmål]]></category>
            <category domain="lsb_tax_customization" nicename="utviklingshemmede"><![CDATA[utviklingshemmede]]></category>
        </item>
        <item>
            <wp:post_type>lsb_book</wp:post_type>
            <wp:status>publish</wp:status>
            <title>Sjalusi</title>
            <excerpt:encoded><![CDATA[Litt sjalusi er greit.   For mye sjalusi kan være vondt.   Sjalusi er en varm og humoristisk   billedbok om det å være sjalu.   ]]></excerpt:encoded>
            <wp:postmeta>
                <wp:meta_key>lsb_isbn</wp:meta_key>
                <wp:meta_value><![CDATA[9788256016969]]></wp:meta_value>
            </wp:postmeta>
            <wp:postmeta>
                <wp:meta_key>_lsb_isbn</wp:meta_key>
                <wp:meta_value><![CDATA[lsb_acf_isbn]]></wp:meta_value>
            </wp:postmeta>
            <wp:postmeta>
                <wp:meta_key>lsb_published_year</wp:meta_key>
                <wp:meta_value><![CDATA[2011]]></wp:meta_value>
            </wp:postmeta>
            <wp:postmeta>
                <wp:meta_key>_lsb_published_year</wp:meta_key>
                <wp:meta_value><![CDATA[lsb_acf_published_year]]></wp:meta_value>
            </wp:postmeta>
            <wp:postmeta>
                <wp:meta_key>lsb_pages</wp:meta_key>
                <wp:meta_value/>
            </wp:postmeta>
            <wp:postmeta>
                <wp:meta_key>_lsb_pages</wp:meta_key>
                <wp:meta_value><![CDATA[lsb_acf_pages]]></wp:meta_value>
            </wp:postmeta>
            <wp:postmeta>
                <wp:meta_key>lsb_review</wp:meta_key>
                <wp:meta_value><![CDATA[  <div>Hvordan kjennes det å være sjalu? </div>  <div>Hva kan en gjøre for å overvinne den følelsen? </div>  <div><strong>&#160;</strong></div>  <div><strong>Sjalusi </strong>er femte bok i Følelsesbiblioteket. <br />  De tre andre er <strong>Sjenanse</strong>, <strong>Sinne, Redd</strong> og <br />  <strong>Forelskelse.</strong><br />  Bøkene har flotte fargebilder <br />  og få ord. </div>  <div>&#160;</div>  <div>Disse bøkene er fine både for <br />  barn og ungdom som vil ha enkel tekst<br />  og for voksne som trenger enkelt innhold.</div>  <div>&#160;</div>  <div>  <div><strong>Følelsesbiblioteket</strong> har vært brukt </div>  <div>i et studieopplegg ved NFU (Norsk forbund for utviklingshemmede). </div>  <div>Gruppen hadde stort utbytte av bøkene. </div>  <div>De viste seg å være velegnet </div>  <div>også til de som ikke kan lese selv. </div>  <div>Det ble mange fine samtaler </div>  <div>og erfaringsutvekslinger rundt bøkene. </div>  <div>&#160;</div>Bøkene passer både for barn og voksne <br />  som liker at få ord forteller mye.  </div>  <div>&#160;</div>  <div>Bildene gir også rom for utdyping, </div>  <div>slik at for eksempel folk i norskopplæring </div>  <div>kan øve seg med å fylle inn "tomrommene" med norske ord.  </div>  <div>&#160;</div>  <div>  <div>Serien har også vært brukt i et lese- og skriveprosjekt </div>  <div>ved Rosenhof VO i Oslo. </div>  <div>Bøkene egnet seg godt til språktrening. </div>  <div>Elevene snakket om det de hadde lest </div>  <div>og skrev tekster om følelser.   </div></div>  <div style="padding-bottom: 0px; padding-left: 0px; padding-right: 0px; font-size: 95%; font-weight: bold; padding-top: 0px;">DET ER IKKE FARLIG Å BLI REDD <br />  </div>  ]]></wp:meta_value>
            </wp:postmeta>
            <wp:postmeta>
                <wp:meta_key>_lsb_review</wp:meta_key>
                <wp:meta_value><![CDATA[lsb_acf_review]]></wp:meta_value>
            </wp:postmeta>
            <wp:postmeta>
                <wp:meta_key>lsb_quote</wp:meta_key>
                <wp:meta_value><![CDATA[IKKE LA SINNET TA OVERHÅND   NÅR DU BLIR SJALU    VENT LITT OG SNAKK OM DET]]></wp:meta_value>
            </wp:postmeta>
            <wp:postmeta>
                <wp:meta_key>_lsb_quote</wp:meta_key>
                <wp:meta_value><![CDATA[lsb_acf_quote]]></wp:meta_value>
            </wp:postmeta>
            <wp:postmeta>
                <wp:meta_key>lsb_supported</wp:meta_key>
                <wp:meta_value><![CDATA[1]]></wp:meta_value>
            </wp:postmeta>
            <wp:postmeta>
                <wp:meta_key>_lsb_supported</wp:meta_key>
                <wp:meta_value><![CDATA[lsb_acf_supported]]></wp:meta_value>
            </wp:postmeta>
            <wp:postmeta>
                <wp:meta_key>lsb_support_cat</wp:meta_key>
                <wp:meta_value><![CDATA[purple]]></wp:meta_value>
            </wp:postmeta>
            <wp:postmeta>
                <wp:meta_key>_lsb_support_cat</wp:meta_key>
                <wp:meta_value><![CDATA[lsb_acf_support_cat]]></wp:meta_value>
            </wp:postmeta>
            <category domain="lsb_tax_author" nicename="anna-fiske"><![CDATA[Anna Fiske]]></category>
            <category domain="lsb_tax_publisher" nicename="solum"><![CDATA[Solum]]></category>
            <category domain="lsb_tax_illustrator" nicename="anna-fiske"><![CDATA[Anna Fiske]]></category>
            <wp:postmeta>
                <wp:meta_key>lsb_look_inside</wp:meta_key>
                <wp:meta_value><![CDATA[CUSTOM_BLA_I_BOKA]]></wp:meta_value>
            </wp:postmeta>
            <wp:postmeta>
                <wp:meta_key>_lsb_look_inside</wp:meta_key>
                <wp:meta_value><![CDATA[lsb_acf_look_inside]]></wp:meta_value>
            </wp:postmeta>
            <category domain="lsb_tax_age" nicename="barn"><![CDATA[barn]]></category>
            <category domain="lsb_tax_age" nicename="voksne"><![CDATA[voksne]]></category>
            <category domain="lsb_tax_age" nicename="ungdom"><![CDATA[ungdom]]></category>
            <category domain="lsb_tax_topic" nicename="humor"><![CDATA[humor]]></category>
            <category domain="lsb_tax_language" nicename="no_nb"><![CDATA[bokmål]]></category>
            <category domain="lsb_tax_customization" nicename="bilder"><![CDATA[bilder]]></category>
            <category domain="lsb_tax_customization" nicename="ny-i-norge"><![CDATA[ny i norge]]></category>
            <category domain="lsb_tax_customization" nicename="mange-bilder"><![CDATA[mange bilder]]></category>
            <wp:postmeta>
                <wp:meta_key>_thumbnail_id</wp:meta_key>
                <wp:meta_value><![CDATA[5501]]></wp:meta_value>
            </wp:postmeta>
        </item>
        <item>
            <title>Sjalusi.jpg</title>
            <wp:post_id>5501</wp:post_id>
            <wp:status>inherit</wp:status>
            <wp:post_type>attachment</wp:post_type>
            <wp:attachment_url>https://raw.githubusercontent.com/lesersokerbok/boksok.no-data-utils/master/output-example/images/05A889D1C8324B149B753B93C1A9DA40.jpg</wp:attachment_url>
        </item>
        <item>
            <wp:post_type>lsb_book</wp:post_type>
            <wp:status>publish</wp:status>
            <title>Blant løver i Afrika</title>
            <excerpt:encoded><![CDATA[Bli med på safari!   Naturfotografen Albert W. Owesen  tilbragte 20 vintre i Øst-Afrika  for å bli kjent med ville dyr og måten de lever på. ]]></excerpt:encoded>
            <wp:postmeta>
                <wp:meta_key>lsb_isbn</wp:meta_key>
                <wp:meta_value><![CDATA[9788293087038]]></wp:meta_value>
            </wp:postmeta>
            <wp:postmeta>
                <wp:meta_key>_lsb_isbn</wp:meta_key>
                <wp:meta_value><![CDATA[lsb_acf_isbn]]></wp:meta_value>
            </wp:postmeta>
            <wp:postmeta>
                <wp:meta_key>lsb_published_year</wp:meta_key>
                <wp:meta_value><![CDATA[2011]]></wp:meta_value>
            </wp:postmeta>
            <wp:postmeta>
                <wp:meta_key>_lsb_published_year</wp:meta_key>
                <wp:meta_value><![CDATA[lsb_acf_published_year]]></wp:meta_value>
            </wp:postmeta>
            <wp:postmeta>
                <wp:meta_key>lsb_pages</wp:meta_key>
                <wp:meta_value><![CDATA[96]]></wp:meta_value>
            </wp:postmeta>
            <wp:postmeta>
                <wp:meta_key>_lsb_pages</wp:meta_key>
                <wp:meta_value><![CDATA[lsb_acf_pages]]></wp:meta_value>
            </wp:postmeta>
            <wp:postmeta>
                <wp:meta_key>lsb_review</wp:meta_key>
                <wp:meta_value><![CDATA[  <div>Et rungende løvebrøl signaliserer at jakten begynner. </div>  <div>Sjiraffene er urolige. </div>  <div>&#160;</div>  <div>Owesen visste at jaktdyrene er mest aktive om natten. </div>  <div>Men turistene har ikke lov til å være ute etter kl. 19. </div>  <div>Owesen fikk derfor egen tillatelse <br />  til å følge vaktene som jaget snikskytterne. </div>  <div>&#160;</div>  <div>Boka viser fantastiske naturbilder<br />  fra Owesens mangfoldige opplevelser med løvene.</div>  <div>Med enkel tekst skildrer fotografen</div>  <div>dagliglivet til løvene, <br />  gjennom lek, parring, familieliv og jakt. </div>  <div>Du kan også lese om hans nervepirrende natt <br />  i telt blant løver. </div>  <div>&#160;</div>  <div>Albert W. Owesen var kjent for sine filmer, <br />  fotografier og tekster. </div>  <div>Han lagde filmen <a href="http://no.wikipedia.org/wiki/Villmarken_kaller"><strong>Villmarken kaller</strong> </a>(1964), <br />  den første helaftens fargefilm om ville dyr i Norge. </div>  <div>For filmen fikk han prisen <strong>Sølvklumpen</strong>. </div>  <div>&#160;</div>  <div>Da Owesen var 90 år, ble han tildelt Rovdyrprisen for 2007. </div>  <div>Denne boka utgjør en del av Owesens materiale, </div>  <div>og han stilte strenge krav til utgivelsens kvalitet. </div>  <div>&#160;</div>  <div>Owesen døde 93 år gammel i 2010 etter flere års sykdom.   </div>  ]]></wp:meta_value>
            </wp:postmeta>
            <wp:postmeta>
                <wp:meta_key>_lsb_review</wp:meta_key>
                <wp:meta_value><![CDATA[lsb_acf_review]]></wp:meta_value>
            </wp:postmeta>
            <wp:postmeta>
                <wp:meta_key>lsb_quote</wp:meta_key>
                <wp:meta_value><![CDATA[I flere dager leter vi  etter en løveflokk  vi kan fotografere om natten.   En kveld ser vi en flokk fyr  som ligger i dyp søvn.   Magene virker tomme.   Det lover godt for jakt til natten.   En eldre hannløve ligger  som vanlig for seg selv.   En mild vind får hårene   i den store manken  til å vifte om hodet hans.   Han slikker den digre labben sin  og vasker øynene,   omtrent som vår egen huskatt. ]]></wp:meta_value>
            </wp:postmeta>
            <wp:postmeta>
                <wp:meta_key>_lsb_quote</wp:meta_key>
                <wp:meta_value><![CDATA[lsb_acf_quote]]></wp:meta_value>
            </wp:postmeta>
            <wp:postmeta>
                <wp:meta_key>lsb_supported</wp:meta_key>
                <wp:meta_value><![CDATA[1]]></wp:meta_value>
            </wp:postmeta>
            <wp:postmeta>
                <wp:meta_key>_lsb_supported</wp:meta_key>
                <wp:meta_value><![CDATA[lsb_acf_supported]]></wp:meta_value>
            </wp:postmeta>
            <wp:postmeta>
                <wp:meta_key>lsb_support_cat</wp:meta_key>
                <wp:meta_value><![CDATA[purple]]></wp:meta_value>
            </wp:postmeta>
            <wp:postmeta>
                <wp:meta_key>_lsb_support_cat</wp:meta_key>
                <wp:meta_value><![CDATA[lsb_acf_support_cat]]></wp:meta_value>
            </wp:postmeta>
            <category domain="lsb_tax_author" nicename="albert-w.-owesen-og-ane-grethe-owesen-"><![CDATA[Albert W. Owesen og Ane-Grethe Owesen ]]></category>
            <category domain="lsb_tax_publisher" nicename="reise-&amp;-kultur"><![CDATA[Reise & Kultur]]></category>
            <category domain="lsb_tax_illustrator" nicename="albert-w.-owesen-(foto)"><![CDATA[Albert W. Owesen (foto)]]></category>
            <wp:postmeta>
                <wp:meta_key>lsb_look_inside</wp:meta_key>
                <wp:meta_value><![CDATA[CUSTOM_BLA_I_BOKA]]></wp:meta_value>
            </wp:postmeta>
            <wp:postmeta>
                <wp:meta_key>_lsb_look_inside</wp:meta_key>
                <wp:meta_value><![CDATA[lsb_acf_look_inside]]></wp:meta_value>
            </wp:postmeta>
            <category domain="lsb_tax_age" nicename="voksne"><![CDATA[voksne]]></category>
            <category domain="lsb_tax_language" nicename="no_nb"><![CDATA[bokmål]]></category>
            <category domain="lsb_tax_customization" nicename="faglitteratur"><![CDATA[faglitteratur]]></category>
            <category domain="lsb_tax_customization" nicename="mange-bilder"><![CDATA[mange bilder]]></category>
            <wp:postmeta>
                <wp:meta_key>_thumbnail_id</wp:meta_key>
                <wp:meta_value><![CDATA[5502]]></wp:meta_value>
            </wp:postmeta>
        </item>
        <item>
            <title>Blant løver i Afrika.jpg</title>
            <wp:post_id>5502</wp:post_id>
            <wp:status>inherit</wp:status>
            <wp:post_type>attachment</wp:post_type>
            <wp:attachment_url>https://raw.githubusercontent.com/lesersokerbok/boksok.no-data-utils/master/output-example/images/557F0CF91636430A808BA89148ED0812.jpg</wp:attachment_url>
        </item>
        <item>
            <wp:post_type>lsb_book</wp:post_type>
            <wp:status>publish</wp:status>
            <title>Broren</title>
            <excerpt:encoded><![CDATA[Stilsikkert om to brødre som har svært forskjellige forhold til sin gamle mor.]]></excerpt:encoded>
            <wp:postmeta>
                <wp:meta_key>lsb_isbn</wp:meta_key>
                <wp:meta_value><![CDATA[9788203350993]]></wp:meta_value>
            </wp:postmeta>
            <wp:postmeta>
                <wp:meta_key>_lsb_isbn</wp:meta_key>
                <wp:meta_value><![CDATA[lsb_acf_isbn]]></wp:meta_value>
            </wp:postmeta>
            <wp:postmeta>
                <wp:meta_key>lsb_published_year</wp:meta_key>
                <wp:meta_value><![CDATA[2011]]></wp:meta_value>
            </wp:postmeta>
            <wp:postmeta>
                <wp:meta_key>_lsb_published_year</wp:meta_key>
                <wp:meta_value><![CDATA[lsb_acf_published_year]]></wp:meta_value>
            </wp:postmeta>
            <wp:postmeta>
                <wp:meta_key>lsb_pages</wp:meta_key>
                <wp:meta_value><![CDATA[64]]></wp:meta_value>
            </wp:postmeta>
            <wp:postmeta>
                <wp:meta_key>_lsb_pages</wp:meta_key>
                <wp:meta_value><![CDATA[lsb_acf_pages]]></wp:meta_value>
            </wp:postmeta>
            <wp:postmeta>
                <wp:meta_key>lsb_review</wp:meta_key>
                <wp:meta_value><![CDATA[  <div>Må en mor være like glad i alle sine barn? <br />  Og vil søsken hele livet kjempe seg imellom om mors oppmerksomhet?<br />  <br />  <strong>Broren</strong> handler om to svært forskjellige brødre: </div>  <div>Den ene tar imot, den andre gir. <br />  Det handler om ansvar og rettferdighet, <br />  fortiede følelser og om en stille sjalusi. </div>  <div><br />  Sidsel Mørck skriver med stor innlevelse og livserfaring, </div>  <div>og viser hvordan barndommens uløste konflikter<br />  kan sette varige spor. </div>  <div>&#160;</div>  <div>Boka er skrevet med enkel tekst. </div>  <div><strong>Broren</strong> egner seg godt for uvante lesere, <br />  og for voksne som kan en del norsk, </div>  <div>men som ellers synes at vanlige norske bøker<br />  er for vanskelige å lese. </div>  ]]></wp:meta_value>
            </wp:postmeta>
            <wp:postmeta>
                <wp:meta_key>_lsb_review</wp:meta_key>
                <wp:meta_value><![CDATA[lsb_acf_review]]></wp:meta_value>
            </wp:postmeta>
            <wp:postmeta>
                <wp:meta_key>lsb_quote</wp:meta_key>
                <wp:meta_value><![CDATA[En sjelden gang besøkte vi mor samtidig,   Martin og jeg. Det kunne være i julen  eller på en fødselsdag eller en 17. mai.   Etter måltidet skjedde alltid det samme:  Mor og Martin satte seg med portvinen.   Jeg kan se dem for meg under stålampen,   det skinte i mors mørke hår og Martins lyse.   Det var noe mykt og harmonisk over de to  som satt der og pratet og nippet til vinen.  Jeg ante ikke hva de snakket om.   Selv var jeg mest opptatt med det praktiske.   Skifte en lås, feste en list, bytte en sikring,   det var alltid noe mor trengte hjelp til. ]]></wp:meta_value>
            </wp:postmeta>
            <wp:postmeta>
                <wp:meta_key>_lsb_quote</wp:meta_key>
                <wp:meta_value><![CDATA[lsb_acf_quote]]></wp:meta_value>
            </wp:postmeta>
            <wp:postmeta>
                <wp:meta_key>lsb_supported</wp:meta_key>
                <wp:meta_value><![CDATA[1]]></wp:meta_value>
            </wp:postmeta>
            <wp:postmeta>
                <wp:meta_key>_lsb_supported</wp:meta_key>
                <wp:meta_value><![CDATA[lsb_acf_supported]]></wp:meta_value>
            </wp:postmeta>
            <wp:postmeta>
                <wp:meta_key>lsb_support_cat</wp:meta_key>
                <wp:meta_value><![CDATA[purple]]></wp:meta_value>
            </wp:postmeta>
            <wp:postmeta>
                <wp:meta_key>_lsb_support_cat</wp:meta_key>
                <wp:meta_value><![CDATA[lsb_acf_support_cat]]></wp:meta_value>
            </wp:postmeta>
            <category domain="lsb_tax_author" nicename="sidsel-mørck"><![CDATA[Sidsel Mørck]]></category>
            <category domain="lsb_tax_publisher" nicename="aschehoug"><![CDATA[Aschehoug]]></category>
            <wp:postmeta>
                <wp:meta_key>lsb_look_inside</wp:meta_key>
                <wp:meta_value><![CDATA[CUSTOM_BLA_I_BOKA]]></wp:meta_value>
            </wp:postmeta>
            <wp:postmeta>
                <wp:meta_key>_lsb_look_inside</wp:meta_key>
                <wp:meta_value><![CDATA[lsb_acf_look_inside]]></wp:meta_value>
            </wp:postmeta>
            <category domain="lsb_tax_age" nicename="voksne"><![CDATA[voksne]]></category>
            <category domain="lsb_tax_genre" nicename="prosa"><![CDATA[prosa]]></category>
            <category domain="lsb_tax_topic" nicename="mennesker-i-mellom"><![CDATA[mennesker i mellom]]></category>
            <category domain="lsb_tax_language" nicename="no_nb"><![CDATA[bokmål]]></category>
            <category domain="lsb_tax_customization" nicename="skjønnlitteratur"><![CDATA[skjønnlitteratur]]></category>
            <category domain="lsb_tax_customization" nicename="ny-i-norge"><![CDATA[ny i norge]]></category>
            <wp:postmeta>
                <wp:meta_key>_thumbnail_id</wp:meta_key>
                <wp:meta_value><![CDATA[5503]]></wp:meta_value>
            </wp:postmeta>
        </item>
        <item>
            <title>broren.jpg</title>
            <wp:post_id>5503</wp:post_id>
            <wp:status>inherit</wp:status>
            <wp:post_type>attachment</wp:post_type>
            <wp:attachment_url>https://raw.githubusercontent.com/lesersokerbok/boksok.no-data-utils/master/output-example/images/B7C2442D5A414F35BF56679BA390971C.jpg</wp:attachment_url>
        </item>
        <item>
            <wp:post_type>lsb_book</wp:post_type>
            <wp:status>publish</wp:status>
            <title>Kurtby</title>
            <excerpt:encoded><![CDATA[Kurt - nå som misjonær!   En satirisk fremstilling av av Knutby-saken. ]]></excerpt:encoded>
            <wp:postmeta>
                <wp:meta_key>lsb_isbn</wp:meta_key>
                <wp:meta_value><![CDATA[978822289331]]></wp:meta_value>
            </wp:postmeta>
            <wp:postmeta>
                <wp:meta_key>_lsb_isbn</wp:meta_key>
                <wp:meta_value><![CDATA[lsb_acf_isbn]]></wp:meta_value>
            </wp:postmeta>
            <wp:postmeta>
                <wp:meta_key>lsb_published_year</wp:meta_key>
                <wp:meta_value><![CDATA[2008]]></wp:meta_value>
            </wp:postmeta>
            <wp:postmeta>
                <wp:meta_key>_lsb_published_year</wp:meta_key>
                <wp:meta_value><![CDATA[lsb_acf_published_year]]></wp:meta_value>
            </wp:postmeta>
            <wp:postmeta>
                <wp:meta_key>lsb_pages</wp:meta_key>
                <wp:meta_value><![CDATA[111]]></wp:meta_value>
            </wp:postmeta>
            <wp:postmeta>
                <wp:meta_key>_lsb_pages</wp:meta_key>
                <wp:meta_value><![CDATA[lsb_acf_pages]]></wp:meta_value>
            </wp:postmeta>
            <wp:postmeta>
                <wp:meta_key>lsb_review</wp:meta_key>
                <wp:meta_value><![CDATA[  <div>Kurt og familien er på vei til Mummidalen. </div>  <div>Men en ulykke underveis <br />  tvinger dem til et ufrivillig opphold<br />  i et lite samfunn som heter Kurtby. </div>  <div>Der møter de Kirsti Brud<br />  og de andre medlemmene av Pingpong-kirken. <br />  Pastoren deres har blitt arrestert, <br />  og de trenger en ny. </div>  <div>Og slik går det til at Kurt blir pastor<br />  og havner på Jesus-kjøret<br />  og går helt bananas. </div>  <div>&#160;</div>  <div>Herlig, sprudlende satire over Knutby-saken. <br />  Budskapet og satiren er tydelig, <br />  og vil være lett tilgjengelig for uvante lesere. </div>  <div>  <div>Boka inneholder noen dialektpartier<br />  som kan være vanskelige. </div>  <div>&#160;</div></div>  <div>I likhet med de andre Kurt-bøkene, <br />  har også denne barnebokformat, <br />  men <strong>Kurtby</strong> passer bedre for voksne lesere. </div>  <div>Bøkene om Kurt har etterhvert fått kult-status<br />  blant ungdom og voksne. </div>  <div>&#160;</div>  ]]></wp:meta_value>
            </wp:postmeta>
            <wp:postmeta>
                <wp:meta_key>_lsb_review</wp:meta_key>
                <wp:meta_value><![CDATA[lsb_acf_review]]></wp:meta_value>
            </wp:postmeta>
            <wp:postmeta>
                <wp:meta_key>lsb_quote</wp:meta_key>
                <wp:meta_value><![CDATA[Hei sveis, sier Kurt. Jeg heter  Kurt og er vanligvis en lystig  fyr, men nå har vi vært på elva i   lang tid og vi har ikke mat og vi   ble nesten tatt av ulver. Og dette  er familien min. Vi er sant å si   døden nær hele gjengen.     Dama som ropte til Kurt tar  et skritt ut av flokken. Hun går  rundt Kurt og studerer ham nøye.   Hva het du, sa du? spør hun.   Kurt, sier Kurt.   Et mirakel! roper hun. Vi har  blitt hørt! Kurt har kommet til Kurtby! Miskunn!  ]]></wp:meta_value>
            </wp:postmeta>
            <wp:postmeta>
                <wp:meta_key>_lsb_quote</wp:meta_key>
                <wp:meta_value><![CDATA[lsb_acf_quote]]></wp:meta_value>
            </wp:postmeta>
            <wp:postmeta>
                <wp:meta_key>lsb_supported</wp:meta_key>
                <wp:meta_value><![CDATA[0]]></wp:meta_value>
            </wp:postmeta>
            <wp:postmeta>
                <wp:meta_key>_lsb_supported</wp:meta_key>
                <wp:meta_value><![CDATA[lsb_acf_supported]]></wp:meta_value>
            </wp:postmeta>
            <category domain="lsb_tax_author" nicename="erlend-loe"><![CDATA[Erlend Loe]]></category>
            <category domain="lsb_tax_publisher" nicename="cappelen-damm"><![CDATA[Cappelen Damm]]></category>
            <category domain="lsb_tax_illustrator" nicename="kim-hiorthøy"><![CDATA[Kim Hiorthøy]]></category>
            <wp:postmeta>
                <wp:meta_key>lsb_look_inside</wp:meta_key>
                <wp:meta_value><![CDATA[CUSTOM_BLA_I_BOKA]]></wp:meta_value>
            </wp:postmeta>
            <wp:postmeta>
                <wp:meta_key>_lsb_look_inside</wp:meta_key>
                <wp:meta_value><![CDATA[lsb_acf_look_inside]]></wp:meta_value>
            </wp:postmeta>
            <category domain="lsb_tax_age" nicename="ungdom"><![CDATA[ungdom]]></category>
            <category domain="lsb_tax_age" nicename="voksne"><![CDATA[voksne]]></category>
            <category domain="lsb_tax_genre" nicename="prosa"><![CDATA[prosa]]></category>
            <category domain="lsb_tax_topic" nicename="humor"><![CDATA[humor]]></category>
            <category domain="lsb_tax_language" nicename="no_nb"><![CDATA[bokmål]]></category>
            <category domain="lsb_tax_customization" nicename="skjønnlitteratur"><![CDATA[skjønnlitteratur]]></category>
            <category domain="lsb_tax_customization" nicename="mange-bilder"><![CDATA[mange bilder]]></category>
            <wp:postmeta>
                <wp:meta_key>_thumbnail_id</wp:meta_key>
                <wp:meta_value><![CDATA[5504]]></wp:meta_value>
            </wp:postmeta>
        </item>
        <item>
            <title>kurtby.jpg</title>
            <wp:post_id>5504</wp:post_id>
            <wp:status>inherit</wp:status>
            <wp:post_type>attachment</wp:post_type>
            <wp:attachment_url>https://raw.githubusercontent.com/lesersokerbok/boksok.no-data-utils/master/output-example/images/58BE685A5CF4482593423EC7D3C736E1.jpg</wp:attachment_url>
        </item>
        <item>
            <wp:post_type>lsb_book</wp:post_type>
            <wp:status>publish</wp:status>
            <title>Tørst</title>
            <excerpt:encoded><![CDATA[Kristin og Verena vokser opp sammen i Nord-Norge.   Etter videregående skilles deres veier,   og de havner etterhvert begge i Oslo.   Begge har drømmer og lengsler om å bli noe stort.   ]]></excerpt:encoded>
            <wp:postmeta>
                <wp:meta_key>lsb_isbn</wp:meta_key>
                <wp:meta_value><![CDATA[9788202365073]]></wp:meta_value>
            </wp:postmeta>
            <wp:postmeta>
                <wp:meta_key>_lsb_isbn</wp:meta_key>
                <wp:meta_value><![CDATA[lsb_acf_isbn]]></wp:meta_value>
            </wp:postmeta>
            <wp:postmeta>
                <wp:meta_key>lsb_published_year</wp:meta_key>
                <wp:meta_value><![CDATA[2011]]></wp:meta_value>
            </wp:postmeta>
            <wp:postmeta>
                <wp:meta_key>_lsb_published_year</wp:meta_key>
                <wp:meta_value><![CDATA[lsb_acf_published_year]]></wp:meta_value>
            </wp:postmeta>
            <wp:postmeta>
                <wp:meta_key>lsb_pages</wp:meta_key>
                <wp:meta_value><![CDATA[308]]></wp:meta_value>
            </wp:postmeta>
            <wp:postmeta>
                <wp:meta_key>_lsb_pages</wp:meta_key>
                <wp:meta_value><![CDATA[lsb_acf_pages]]></wp:meta_value>
            </wp:postmeta>
            <wp:postmeta>
                <wp:meta_key>lsb_review</wp:meta_key>
                <wp:meta_value><![CDATA[  <div>Utad er Verena en fremadstormende skuespiller<br />  med en kropp som folk beundrer. </div>  <div>Kristin er den usikre, <br />  nølende skribenten, <br />  redd for å ta spranget som forfatter.  </div>  <div>Men så inntreffer katastrofen, <br />  og de innser at begge er avhengig<br />  av  hverandre på hver sin måte<br />  for å lykkes. </div>  <div>&#160;</div>  <div><strong>Tørst</strong> er en roman <br />  om kvinneskjebner, <br />  om vennskap og kjærlighet, <br />  om kunstnerambisjoner og om seksualiteten.</div>  <div>Og om å være tørste på livet <br />  - selv om man får mange slag i trynet på veien. </div>  <div>&#160;</div>  <div>Selvom boka har drøyt 300 sider, <br />  velger vi likevel å ta den med i Boksøk. <br />  Ellisiv Lindkvists særegne stil<br />  er korte kapitler og setninger <br />  og enkelt og presist språk. <br />  Boka vil derfor være overkommelig<br />  også for uvante lesere. <br />  De korte kapitlene driver handlingen lett framover<br />  og gjør boka lettlest. <br />  </div>  ]]></wp:meta_value>
            </wp:postmeta>
            <wp:postmeta>
                <wp:meta_key>_lsb_review</wp:meta_key>
                <wp:meta_value><![CDATA[lsb_acf_review]]></wp:meta_value>
            </wp:postmeta>
            <wp:postmeta>
                <wp:meta_key>lsb_quote</wp:meta_key>
                <wp:meta_value><![CDATA[Verena ringer Kristin. Kristin kommer hver gang.  Det er noe trygt med Kristin. Hun er utenom de  andre miljøene. Hun er ikke med ut når hun er   skuespiller-Verena, suverene Verena. Verena kan   være svak sammen med Kristin. Kristin og hun har  noe annet. Verena tar Sobril eller sovemedisin eller  begge deler. Verena våkner på badegolvet. Hun er  svett. Hun er redd. Hun ringer Kristin. Kristin hiver  på seg klær - løper ned trappene - får tak i drosje  og kommer til Verena. Kristin holder rundt Verena  hele natten. ]]></wp:meta_value>
            </wp:postmeta>
            <wp:postmeta>
                <wp:meta_key>_lsb_quote</wp:meta_key>
                <wp:meta_value><![CDATA[lsb_acf_quote]]></wp:meta_value>
            </wp:postmeta>
            <wp:postmeta>
                <wp:meta_key>lsb_supported</wp:meta_key>
                <wp:meta_value><![CDATA[0]]></wp:meta_value>
            </wp:postmeta>
            <wp:postmeta>
                <wp:meta_key>_lsb_supported</wp:meta_key>
                <wp:meta_value><![CDATA[lsb_acf_supported]]></wp:meta_value>
            </wp:postmeta>
            <category domain="lsb_tax_author" nicename="ellisiv-lindkvist"><![CDATA[Ellisiv Lindkvist]]></category>
            <category domain="lsb_tax_publisher" nicename="cappelen-damm"><![CDATA[Cappelen Damm]]></category>
            <wp:postmeta>
                <wp:meta_key>lsb_look_inside</wp:meta_key>
                <wp:meta_value><![CDATA[CUSTOM_BLA_I_BOKA]]></wp:meta_value>
            </wp:postmeta>
            <wp:postmeta>
                <wp:meta_key>_lsb_look_inside</wp:meta_key>
                <wp:meta_value><![CDATA[lsb_acf_look_inside]]></wp:meta_value>
            </wp:postmeta>
            <category domain="lsb_tax_age" nicename="voksne"><![CDATA[voksne]]></category>
            <category domain="lsb_tax_genre" nicename="prosa"><![CDATA[prosa]]></category>
            <category domain="lsb_tax_topic" nicename="kjærlighet"><![CDATA[kjærlighet]]></category>
            <category domain="lsb_tax_topic" nicename="mennesker-i-mellom"><![CDATA[mennesker i mellom]]></category>
            <category domain="lsb_tax_language" nicename="no_nb"><![CDATA[bokmål]]></category>
            <category domain="lsb_tax_customization" nicename="skjønnlitteratur"><![CDATA[skjønnlitteratur]]></category>
            <wp:postmeta>
                <wp:meta_key>_thumbnail_id</wp:meta_key>
                <wp:meta_value><![CDATA[5505]]></wp:meta_value>
            </wp:postmeta>
        </item>
        <item>
            <title>Tørst.jpg</title>
            <wp:post_id>5505</wp:post_id>
            <wp:status>inherit</wp:status>
            <wp:post_type>attachment</wp:post_type>
            <wp:attachment_url>https://raw.githubusercontent.com/lesersokerbok/boksok.no-data-utils/master/output-example/images/9EAC6691A9DB4D028628FB90BBBACB35.jpg</wp:attachment_url>
        </item>
        <item>
            <wp:post_type>lsb_book</wp:post_type>
            <wp:status>publish</wp:status>
            <title>Talent for lykke</title>
            <excerpt:encoded><![CDATA[Ny samling med korte fortellinger fra Ari Behn. ]]></excerpt:encoded>
            <wp:postmeta>
                <wp:meta_key>lsb_isbn</wp:meta_key>
                <wp:meta_value><![CDATA[9788205419063]]></wp:meta_value>
            </wp:postmeta>
            <wp:postmeta>
                <wp:meta_key>_lsb_isbn</wp:meta_key>
                <wp:meta_value><![CDATA[lsb_acf_isbn]]></wp:meta_value>
            </wp:postmeta>
            <wp:postmeta>
                <wp:meta_key>lsb_published_year</wp:meta_key>
                <wp:meta_value><![CDATA[2011]]></wp:meta_value>
            </wp:postmeta>
            <wp:postmeta>
                <wp:meta_key>_lsb_published_year</wp:meta_key>
                <wp:meta_value><![CDATA[lsb_acf_published_year]]></wp:meta_value>
            </wp:postmeta>
            <wp:postmeta>
                <wp:meta_key>lsb_pages</wp:meta_key>
                <wp:meta_value><![CDATA[93]]></wp:meta_value>
            </wp:postmeta>
            <wp:postmeta>
                <wp:meta_key>_lsb_pages</wp:meta_key>
                <wp:meta_value><![CDATA[lsb_acf_pages]]></wp:meta_value>
            </wp:postmeta>
            <wp:postmeta>
                <wp:meta_key>lsb_review</wp:meta_key>
                <wp:meta_value><![CDATA[  <div>Ari Behn tar opp igjen det samme korte formatet <br />  som i debutsamlingen <strong>Trist som faen. </strong></div>  <div>&#160;</div>  <div>Selvom novellene er ordknappe, <br />  - den korteste teksten har bare ni linjer, <br />  kretser de omkring store temaer som <br />  fødsel og død, samliv, sex og reise.  </div>  <div>Behn har selv sagt at han er inspirert <br />  av novellemesteren Ernest Hemingway. </div>  <div>&#160;</div>  <div>Språket er enkelt, <br />  men den knappe formen <br />  gjør at leseren ofte må fylle inn tomrommene selv.  <br />  Ofte må man lese tekstene flere ganger <br />  for å se sammenhengene.  <br />  <strong>&#160;</strong></div>  ]]></wp:meta_value>
            </wp:postmeta>
            <wp:postmeta>
                <wp:meta_key>_lsb_review</wp:meta_key>
                <wp:meta_value><![CDATA[lsb_acf_review]]></wp:meta_value>
            </wp:postmeta>
            <wp:postmeta>
                <wp:meta_key>lsb_quote</wp:meta_key>
                <wp:meta_value><![CDATA[Han kom tidligere hjem fra jobben enn han pleide og   dyttet kona til side, uten å oppdage noe mistenkelig på   soverommet eller i klesskapet. Han mente likevel å være   sikker i sin sak, anklagde henne høylytt for utroskap.   Hilde sa han oppførte seg urimelig og han svarte henne  med å pakke tingene sine, kaste seg i bilen og spinne av  gårde. Sønnen deres var på plass i barnehagen og han  kjørte forbi uten å ta farvel. Ti minutter senere passerte  han skolen hvor døtrene gikk i andre og fjerde klasse.   Hva skulle han si? Etter to timers kjøring passerte han   grensa og kom inn i Sverige. Hilde sa hun elsket ham,   uten at han trodde henne. Det var fryktelig, han trengte  stadig dypere inn i Sverige. I et veikryss skar han over  på rødt lys og braste inn i en bil. ]]></wp:meta_value>
            </wp:postmeta>
            <wp:postmeta>
                <wp:meta_key>_lsb_quote</wp:meta_key>
                <wp:meta_value><![CDATA[lsb_acf_quote]]></wp:meta_value>
            </wp:postmeta>
            <wp:postmeta>
                <wp:meta_key>lsb_supported</wp:meta_key>
                <wp:meta_value><![CDATA[0]]></wp:meta_value>
            </wp:postmeta>
            <wp:postmeta>
                <wp:meta_key>_lsb_supported</wp:meta_key>
                <wp:meta_value><![CDATA[lsb_acf_supported]]></wp:meta_value>
            </wp:postmeta>
            <category domain="lsb_tax_author" nicename="ari-behn"><![CDATA[Ari Behn]]></category>
            <category domain="lsb_tax_publisher" nicename="kolon"><![CDATA[Kolon]]></category>
            <wp:postmeta>
                <wp:meta_key>lsb_look_inside</wp:meta_key>
                <wp:meta_value><![CDATA[CUSTOM_BLA_I_BOKA]]></wp:meta_value>
            </wp:postmeta>
            <wp:postmeta>
                <wp:meta_key>_lsb_look_inside</wp:meta_key>
                <wp:meta_value><![CDATA[lsb_acf_look_inside]]></wp:meta_value>
            </wp:postmeta>
            <category domain="lsb_tax_age" nicename="voksne"><![CDATA[voksne]]></category>
            <category domain="lsb_tax_genre" nicename="prosa"><![CDATA[prosa]]></category>
            <category domain="lsb_tax_topic" nicename="kjærlighet"><![CDATA[kjærlighet]]></category>
            <category domain="lsb_tax_topic" nicename="mennesker-i-mellom"><![CDATA[mennesker i mellom]]></category>
            <category domain="lsb_tax_language" nicename="no_nb"><![CDATA[bokmål]]></category>
            <category domain="lsb_tax_customization" nicename="skjønnlitteratur"><![CDATA[skjønnlitteratur]]></category>
            <wp:postmeta>
                <wp:meta_key>_thumbnail_id</wp:meta_key>
                <wp:meta_value><![CDATA[5506]]></wp:meta_value>
            </wp:postmeta>
        </item>
        <item>
            <title>TalentforLykke.jpg</title>
            <wp:post_id>5506</wp:post_id>
            <wp:status>inherit</wp:status>
            <wp:post_type>attachment</wp:post_type>
            <wp:attachment_url>https://raw.githubusercontent.com/lesersokerbok/boksok.no-data-utils/master/output-example/images/6AFC64DDBD2C474A82F388A6A8A05404.jpg</wp:attachment_url>
        </item>
        <item>
            <wp:post_type>lsb_book</wp:post_type>
            <wp:status>publish</wp:status>
            <title>Mannen</title>
            <excerpt:encoded><![CDATA[Menneskets beste venn!   Dette er en bok for deg som allerede har en mann,   eller har tenkt å skaffe en.   ]]></excerpt:encoded>
            <wp:postmeta>
                <wp:meta_key>lsb_isbn</wp:meta_key>
                <wp:meta_value><![CDATA[9788248911050]]></wp:meta_value>
            </wp:postmeta>
            <wp:postmeta>
                <wp:meta_key>_lsb_isbn</wp:meta_key>
                <wp:meta_value><![CDATA[lsb_acf_isbn]]></wp:meta_value>
            </wp:postmeta>
            <wp:postmeta>
                <wp:meta_key>lsb_published_year</wp:meta_key>
                <wp:meta_value><![CDATA[2011]]></wp:meta_value>
            </wp:postmeta>
            <wp:postmeta>
                <wp:meta_key>_lsb_published_year</wp:meta_key>
                <wp:meta_value><![CDATA[lsb_acf_published_year]]></wp:meta_value>
            </wp:postmeta>
            <wp:postmeta>
                <wp:meta_key>lsb_pages</wp:meta_key>
                <wp:meta_value/>
            </wp:postmeta>
            <wp:postmeta>
                <wp:meta_key>_lsb_pages</wp:meta_key>
                <wp:meta_value><![CDATA[lsb_acf_pages]]></wp:meta_value>
            </wp:postmeta>
            <wp:postmeta>
                <wp:meta_key>lsb_review</wp:meta_key>
                <wp:meta_value><![CDATA[  <div>Etter å ha vært nærmest utrydningstruet på 70-tallet, <br />  har mannen igjen kommet til heder og verdighet, <br />  og fler og fler skaffer seg en mann! </div>  <div>&#160;</div>  <div>Men hvordan skal man stelle mannen? </div>  <div>Hva slags fôr skal mannen ha? </div>  <div>Hva er den beste måten å kommunisere med en mann? </div>  <div>&#160;</div>  <div>Boka inneholder humoristiske råd og tips<br />  om hvordan du kan gjøre mannen din til en lykkelig mann! </div>  <div>&#160;</div>  <div><strong>Mannen</strong> har stor, tydelig font<br />  og er skrevet med et lettfattelig språk. </div>  <p>&#160;</p>  <p>Karine Haaland er tegneserietegner<br />  og har en lang produksjon bak seg. </p>  <div>&#160;</div>  ]]></wp:meta_value>
            </wp:postmeta>
            <wp:postmeta>
                <wp:meta_key>_lsb_review</wp:meta_key>
                <wp:meta_value><![CDATA[lsb_acf_review]]></wp:meta_value>
            </wp:postmeta>
            <wp:postmeta>
                <wp:meta_key>lsb_quote</wp:meta_key>
                <wp:meta_value><![CDATA[Enkle beskjeder  Skal du få mannen til å utføre enkle oppgaver, bør du  ikke gi den flere beskjeder på en gang. Da blir den bare  forvirret og ulykkelig. Gi heller en og en beskjed. Ros den  straks den har utført oppgaven.     Skjenn ikke på mannen om den misforstår. Prøv heller  om igjen til den klarer det. ]]></wp:meta_value>
            </wp:postmeta>
            <wp:postmeta>
                <wp:meta_key>_lsb_quote</wp:meta_key>
                <wp:meta_value><![CDATA[lsb_acf_quote]]></wp:meta_value>
            </wp:postmeta>
            <wp:postmeta>
                <wp:meta_key>lsb_supported</wp:meta_key>
                <wp:meta_value><![CDATA[0]]></wp:meta_value>
            </wp:postmeta>
            <wp:postmeta>
                <wp:meta_key>_lsb_supported</wp:meta_key>
                <wp:meta_value><![CDATA[lsb_acf_supported]]></wp:meta_value>
            </wp:postmeta>
            <category domain="lsb_tax_author" nicename="karine-haaland"><![CDATA[Karine Haaland]]></category>
            <category domain="lsb_tax_publisher" nicename="kagge"><![CDATA[Kagge]]></category>
            <category domain="lsb_tax_illustrator" nicename="karine-haaland"><![CDATA[Karine Haaland]]></category>
            <wp:postmeta>
                <wp:meta_key>lsb_look_inside</wp:meta_key>
                <wp:meta_value><![CDATA[CUSTOM_BLA_I_BOKA]]></wp:meta_value>
            </wp:postmeta>
            <wp:postmeta>
                <wp:meta_key>_lsb_look_inside</wp:meta_key>
                <wp:meta_value><![CDATA[lsb_acf_look_inside]]></wp:meta_value>
            </wp:postmeta>
            <category domain="lsb_tax_age" nicename="voksne"><![CDATA[voksne]]></category>
            <category domain="lsb_tax_topic" nicename="humor"><![CDATA[humor]]></category>
            <category domain="lsb_tax_language" nicename="no_nb"><![CDATA[bokmål]]></category>
            <category domain="lsb_tax_customization" nicename="bilder"><![CDATA[bilder]]></category>
            <category domain="lsb_tax_customization" nicename="mange-bilder"><![CDATA[mange bilder]]></category>
            <wp:postmeta>
                <wp:meta_key>_thumbnail_id</wp:meta_key>
                <wp:meta_value><![CDATA[5507]]></wp:meta_value>
            </wp:postmeta>
        </item>
        <item>
            <title>Mannen.jpg</title>
            <wp:post_id>5507</wp:post_id>
            <wp:status>inherit</wp:status>
            <wp:post_type>attachment</wp:post_type>
            <wp:attachment_url>https://raw.githubusercontent.com/lesersokerbok/boksok.no-data-utils/master/output-example/images/2E110C0CC822416BAD41223391287AFB.jpg</wp:attachment_url>
        </item>
        <item>
            <wp:post_type>lsb_book</wp:post_type>
            <wp:status>publish</wp:status>
            <title>Drageløperen</title>
            <excerpt:encoded><![CDATA[Tegnet versjon av den uforglemmelige historien  om kameratene Amir og Hassan!  ]]></excerpt:encoded>
            <wp:postmeta>
                <wp:meta_key>lsb_isbn</wp:meta_key>
                <wp:meta_value><![CDATA[9788251655217]]></wp:meta_value>
            </wp:postmeta>
            <wp:postmeta>
                <wp:meta_key>_lsb_isbn</wp:meta_key>
                <wp:meta_value><![CDATA[lsb_acf_isbn]]></wp:meta_value>
            </wp:postmeta>
            <wp:postmeta>
                <wp:meta_key>lsb_published_year</wp:meta_key>
                <wp:meta_value><![CDATA[2011]]></wp:meta_value>
            </wp:postmeta>
            <wp:postmeta>
                <wp:meta_key>_lsb_published_year</wp:meta_key>
                <wp:meta_value><![CDATA[lsb_acf_published_year]]></wp:meta_value>
            </wp:postmeta>
            <wp:postmeta>
                <wp:meta_key>lsb_pages</wp:meta_key>
                <wp:meta_value><![CDATA[132]]></wp:meta_value>
            </wp:postmeta>
            <wp:postmeta>
                <wp:meta_key>_lsb_pages</wp:meta_key>
                <wp:meta_value><![CDATA[lsb_acf_pages]]></wp:meta_value>
            </wp:postmeta>
            <wp:postmeta>
                <wp:meta_key>lsb_review</wp:meta_key>
                <wp:meta_value><![CDATA[  <div><strong>Drageløperen</strong> handler om vennskapet <br />  mellom tolv år gamle Amir<br />  og tjenersønnen Hassan. </div>  <div>Under den store drageturneringen, <br />  skjer det noe som forferdelig, </div>  <div>som gjør at guttene mister kontakten med hverandre. </div>  <div>&#160;</div>  <div>Og da sovjeterne invaderer Afghanistan, <br />  flykter Amir og faren til USA. <br />  Vil Amir få sjansen til å forsone seg med kameraten? </div>  <div>&#160;</div>  <div>Romanen <strong>Drageløperen</strong> er solgt over <br />  350 000 eksemplarer bare i Norge. </div>  <div>  <div>Nå kan den gripende bestselgeren <br />  til Khaled Hosseini få nye lesere.  </div>  <div>&#160;</div>  <div>Teksten i denne utgaven er enkel, </div>  <div>og det er en fin og tydelig font. <br />  Tidshopp er tydelig markert; <br />  og det er lett å følge handlingen</div>  <div>gjennom de gode illustrasjonene. </div></div>  <div>&#160;</div>  ]]></wp:meta_value>
            </wp:postmeta>
            <wp:postmeta>
                <wp:meta_key>_lsb_review</wp:meta_key>
                <wp:meta_value><![CDATA[lsb_acf_review]]></wp:meta_value>
            </wp:postmeta>
            <wp:postmeta>
                <wp:meta_key>lsb_quote</wp:meta_key>
                <wp:meta_value><![CDATA[- HA-HA! DU GREIDE DET! DU  VANT, AMIR AGHA!     - NEI, HASSAN. VI VANT!  VI VANT SAMMEN!     - HASSAN... VI...    - JEG VET DET. VI SKAL FEIRE SENERE...  JEG SKAL LPET OG HENTE DEN BLÅ DRAGEN  TIL DEG!     - HASSAN! KOM TILBAKE MED DEN!    - FOR DEG, TUS]]></wp:meta_value>
            </wp:postmeta>
            <wp:postmeta>
                <wp:meta_key>_lsb_quote</wp:meta_key>
                <wp:meta_value><![CDATA[lsb_acf_quote]]></wp:meta_value>
            </wp:postmeta>
            <wp:postmeta>
                <wp:meta_key>lsb_supported</wp:meta_key>
                <wp:meta_value><![CDATA[0]]></wp:meta_value>
            </wp:postmeta>
            <wp:postmeta>
                <wp:meta_key>_lsb_supported</wp:meta_key>
                <wp:meta_value><![CDATA[lsb_acf_supported]]></wp:meta_value>
            </wp:postmeta>
            <category domain="lsb_tax_author" nicename="khaled-hosseini"><![CDATA[Khaled Hosseini]]></category>
            <category domain="lsb_tax_publisher" nicename="schibsted"><![CDATA[Schibsted]]></category>
            <category domain="lsb_tax_illustrator" nicename="fabio-celoni-og-mirka-andolfo"><![CDATA[Fabio Celoni og Mirka Andolfo]]></category>
            <category domain="lsb_tax_translator" nicename="nina-haugdahl-og-elisabet-w.-middelthon"><![CDATA[Nina Haugdahl og Elisabet W. Middelthon]]></category>
            <wp:postmeta>
                <wp:meta_key>lsb_look_inside</wp:meta_key>
                <wp:meta_value><![CDATA[CUSTOM_BLA_I_BOKA]]></wp:meta_value>
            </wp:postmeta>
            <wp:postmeta>
                <wp:meta_key>_lsb_look_inside</wp:meta_key>
                <wp:meta_value><![CDATA[lsb_acf_look_inside]]></wp:meta_value>
            </wp:postmeta>
            <category domain="lsb_tax_age" nicename="ungdom"><![CDATA[ungdom]]></category>
            <category domain="lsb_tax_age" nicename="voksne"><![CDATA[voksne]]></category>
            <category domain="lsb_tax_genre" nicename="prosa"><![CDATA[prosa]]></category>
            <category domain="lsb_tax_topic" nicename="kjærlighet"><![CDATA[kjærlighet]]></category>
            <category domain="lsb_tax_topic" nicename="mennesker-i-mellom"><![CDATA[mennesker i mellom]]></category>
            <category domain="lsb_tax_language" nicename="no_nb"><![CDATA[bokmål]]></category>
            <category domain="lsb_tax_customization" nicename="bilder"><![CDATA[bilder]]></category>
            <category domain="lsb_tax_customization" nicename="mange-bilder"><![CDATA[mange bilder]]></category>
            <wp:postmeta>
                <wp:meta_key>_thumbnail_id</wp:meta_key>
                <wp:meta_value><![CDATA[5508]]></wp:meta_value>
            </wp:postmeta>
        </item>
        <item>
            <title>Drageloperen tegnet.jpg</title>
            <wp:post_id>5508</wp:post_id>
            <wp:status>inherit</wp:status>
            <wp:post_type>attachment</wp:post_type>
            <wp:attachment_url>https://raw.githubusercontent.com/lesersokerbok/boksok.no-data-utils/master/output-example/images/DF3EA69329A040C0B0E5D90E525A764E.jpg</wp:attachment_url>
        </item>
        <item>
            <wp:post_type>lsb_book</wp:post_type>
            <wp:status>publish</wp:status>
            <title>Snakketøyet</title>
            <excerpt:encoded><![CDATA[Enkle lesestykker som passer for voksne som skal lære norsk. ]]></excerpt:encoded>
            <wp:postmeta>
                <wp:meta_key>lsb_isbn</wp:meta_key>
                <wp:meta_value><![CDATA[9788278580172]]></wp:meta_value>
            </wp:postmeta>
            <wp:postmeta>
                <wp:meta_key>_lsb_isbn</wp:meta_key>
                <wp:meta_value><![CDATA[lsb_acf_isbn]]></wp:meta_value>
            </wp:postmeta>
            <wp:postmeta>
                <wp:meta_key>lsb_published_year</wp:meta_key>
                <wp:meta_value><![CDATA[1999]]></wp:meta_value>
            </wp:postmeta>
            <wp:postmeta>
                <wp:meta_key>_lsb_published_year</wp:meta_key>
                <wp:meta_value><![CDATA[lsb_acf_published_year]]></wp:meta_value>
            </wp:postmeta>
            <wp:postmeta>
                <wp:meta_key>lsb_pages</wp:meta_key>
                <wp:meta_value><![CDATA[87]]></wp:meta_value>
            </wp:postmeta>
            <wp:postmeta>
                <wp:meta_key>_lsb_pages</wp:meta_key>
                <wp:meta_value><![CDATA[lsb_acf_pages]]></wp:meta_value>
            </wp:postmeta>
            <wp:postmeta>
                <wp:meta_key>lsb_review</wp:meta_key>
                <wp:meta_value><![CDATA[  <div>Dikt og korte tekster samlet <br />  med tanke på lese- og språktrening<br />  for voksne innvandrere. </div>  <div>&#160;</div>  <div>Tekstene er skrevet av kjente <br />  norske forfattere som Inger Hagerup, </div>  <div>Rudolf Nilsen og Wera Sæther, <br />  og det er også en rekke <br />  fortellinger fra andre land. </div>  <div>&#160;</div>  <div>Boka gir et godt utgangspunkt for<br />  diskusjon og samtale. </div>  ]]></wp:meta_value>
            </wp:postmeta>
            <wp:postmeta>
                <wp:meta_key>_lsb_review</wp:meta_key>
                <wp:meta_value><![CDATA[lsb_acf_review]]></wp:meta_value>
            </wp:postmeta>
            <wp:postmeta>
                <wp:meta_key>lsb_quote</wp:meta_key>
                <wp:meta_value><![CDATA[Hodja-historie    En dag drev Hodja og reparerte  taket. En mann kom og banket  på døra, og Hodja bøyde seg utover  taket og spurte hva han ville.   "Kom ned, så skal jeg si det" svarte  mannen. Hodja lot arbeidet  ligge og klatret ned. "For   Allahs skyld, vil du gi litt penger  til en fattig stakkar?" spurte mannen.     "Vel," svarte Hodja: "bli med opp   på taket." Da de var kommet opp,   sa Hodja: "Svaret er nei."  Da sa den fattige mannen forvirret:  "Men Hodja, er du blitt helt sprø?   Hvorfor måtte du dra meg helt opp på taket  bare for å si nei?"  Hodja svarte rolig: "Hvorfor måtte du   rope meg ned fra taket bare for   å spørre meg?"]]></wp:meta_value>
            </wp:postmeta>
            <wp:postmeta>
                <wp:meta_key>_lsb_quote</wp:meta_key>
                <wp:meta_value><![CDATA[lsb_acf_quote]]></wp:meta_value>
            </wp:postmeta>
            <wp:postmeta>
                <wp:meta_key>lsb_supported</wp:meta_key>
                <wp:meta_value><![CDATA[0]]></wp:meta_value>
            </wp:postmeta>
            <wp:postmeta>
                <wp:meta_key>_lsb_supported</wp:meta_key>
                <wp:meta_value><![CDATA[lsb_acf_supported]]></wp:meta_value>
            </wp:postmeta>
            <category domain="lsb_tax_author" nicename="ingvil-falch-og-marit-hallen-(red.)"><![CDATA[Ingvil Falch og Marit Hallen (red.)]]></category>
            <category domain="lsb_tax_publisher" nicename="almater"><![CDATA[Almater]]></category>
            <category domain="lsb_tax_illustrator" nicename="berit-akse"><![CDATA[Berit Akse]]></category>
            <wp:postmeta>
                <wp:meta_key>lsb_look_inside</wp:meta_key>
                <wp:meta_value><![CDATA[CUSTOM_BLA_I_BOKA]]></wp:meta_value>
            </wp:postmeta>
            <wp:postmeta>
                <wp:meta_key>_lsb_look_inside</wp:meta_key>
                <wp:meta_value><![CDATA[lsb_acf_look_inside]]></wp:meta_value>
            </wp:postmeta>
            <category domain="lsb_tax_age" nicename="ungdom"><![CDATA[ungdom]]></category>
            <category domain="lsb_tax_age" nicename="voksne"><![CDATA[voksne]]></category>
            <category domain="lsb_tax_genre" nicename="prosa"><![CDATA[prosa]]></category>
            <category domain="lsb_tax_topic" nicename="eventyr"><![CDATA[eventyr]]></category>
            <category domain="lsb_tax_topic" nicename="mennesker-i-mellom"><![CDATA[mennesker i mellom]]></category>
            <category domain="lsb_tax_language" nicename="no_nb"><![CDATA[bokmål]]></category>
            <category domain="lsb_tax_customization" nicename="ny-i-norge"><![CDATA[ny i norge]]></category>
            <category domain="lsb_tax_customization" nicename="mange-bilder"><![CDATA[mange bilder]]></category>
            <wp:postmeta>
                <wp:meta_key>_thumbnail_id</wp:meta_key>
                <wp:meta_value><![CDATA[5509]]></wp:meta_value>
            </wp:postmeta>
        </item>
        <item>
            <title>Snakketøyet.jpeg</title>
            <wp:post_id>5509</wp:post_id>
            <wp:status>inherit</wp:status>
            <wp:post_type>attachment</wp:post_type>
            <wp:attachment_url>https://raw.githubusercontent.com/lesersokerbok/boksok.no-data-utils/master/output-example/images/A85F47DCDAC140F7BDE9CBD217C1771D.jpeg</wp:attachment_url>
        </item>
        <item>
            <wp:post_type>lsb_book</wp:post_type>
            <wp:status>publish</wp:status>
            <title>Bebe</title>
            <excerpt:encoded><![CDATA[Bebe og Sara er bestevenninner.   Men innst inne er Bebe sjalu på Sara.   Det er Sara som alltid er så perfekt.   Det er også Sara som blir valt til å gå på kurs med Daniel.  Korleis kan Bebe finne styrke til å tru på seg sjølv? ]]></excerpt:encoded>
            <wp:postmeta>
                <wp:meta_key>lsb_isbn</wp:meta_key>
                <wp:meta_value><![CDATA[9788282380300]]></wp:meta_value>
            </wp:postmeta>
            <wp:postmeta>
                <wp:meta_key>_lsb_isbn</wp:meta_key>
                <wp:meta_value><![CDATA[lsb_acf_isbn]]></wp:meta_value>
            </wp:postmeta>
            <wp:postmeta>
                <wp:meta_key>lsb_published_year</wp:meta_key>
                <wp:meta_value><![CDATA[2011]]></wp:meta_value>
            </wp:postmeta>
            <wp:postmeta>
                <wp:meta_key>_lsb_published_year</wp:meta_key>
                <wp:meta_value><![CDATA[lsb_acf_published_year]]></wp:meta_value>
            </wp:postmeta>
            <wp:postmeta>
                <wp:meta_key>lsb_pages</wp:meta_key>
                <wp:meta_value><![CDATA[62]]></wp:meta_value>
            </wp:postmeta>
            <wp:postmeta>
                <wp:meta_key>_lsb_pages</wp:meta_key>
                <wp:meta_value><![CDATA[lsb_acf_pages]]></wp:meta_value>
            </wp:postmeta>
            <wp:postmeta>
                <wp:meta_key>lsb_review</wp:meta_key>
                <wp:meta_value><![CDATA[  <div>På skulen er Sara så flink. <br />  Mens Bebe slit med lesinga. <br />  Det veit læraren godt, <br />  men likevel gjer han narr av henne når ho les høgt. </div>  <div>&#160;</div>  <div>Kloke, gamle fru Almdal gjer Bebe nokre gode råd. <br />  Og Bebe skal få kjenne <br />  at det gjer utruleg godt å få seie i frå. </div>  <div>&#160;</div>  <div>Bente Bratlund skriv tett på kjenslene. </div>  <div>Ho skriv om eit kvardagsleg og vanleg<br />  problem for mange jenter. </div>  <div>Teksten er enkel og presis. </div>  <div>&#160;</div>  <div>Forfattaren har skrive <br />  ei lang rekkje gode, engasjerande <br />  og lettleste bøker for ungdom.</div>  <div>Fleire er støtta av Leser søker bok. </div>  <div>&#160;</div>  ]]></wp:meta_value>
            </wp:postmeta>
            <wp:postmeta>
                <wp:meta_key>_lsb_review</wp:meta_key>
                <wp:meta_value><![CDATA[lsb_acf_review]]></wp:meta_value>
            </wp:postmeta>
            <wp:postmeta>
                <wp:meta_key>lsb_quote</wp:meta_key>
                <wp:meta_value><![CDATA[Ute pissregnar det.   Vi står pressa saman under uvêrsskuret i alle friminutta.   Eg står ved sida av Sara. Sara som berre er søt og blid.   Ho snakkar om kurset ho skal på. Ho er så ivrig.  Eg prøver å ta meg saman, men eg er svart inni meg.   Rart det ikkje kjem røyk ut av kjeften min.   Merkar ikkje Sara nokon ting?   Eg seier nesten ikkje eit ord. ]]></wp:meta_value>
            </wp:postmeta>
            <wp:postmeta>
                <wp:meta_key>_lsb_quote</wp:meta_key>
                <wp:meta_value><![CDATA[lsb_acf_quote]]></wp:meta_value>
            </wp:postmeta>
            <wp:postmeta>
                <wp:meta_key>lsb_supported</wp:meta_key>
                <wp:meta_value><![CDATA[1]]></wp:meta_value>
            </wp:postmeta>
            <wp:postmeta>
                <wp:meta_key>_lsb_supported</wp:meta_key>
                <wp:meta_value><![CDATA[lsb_acf_supported]]></wp:meta_value>
            </wp:postmeta>
            <wp:postmeta>
                <wp:meta_key>lsb_support_cat</wp:meta_key>
                <wp:meta_value><![CDATA[purple]]></wp:meta_value>
            </wp:postmeta>
            <wp:postmeta>
                <wp:meta_key>_lsb_support_cat</wp:meta_key>
                <wp:meta_value><![CDATA[lsb_acf_support_cat]]></wp:meta_value>
            </wp:postmeta>
            <category domain="lsb_tax_author" nicename="bente-bratlund"><![CDATA[Bente Bratlund]]></category>
            <category domain="lsb_tax_publisher" nicename="mangschou"><![CDATA[Mangschou]]></category>
            <wp:postmeta>
                <wp:meta_key>lsb_look_inside</wp:meta_key>
                <wp:meta_value><![CDATA[CUSTOM_BLA_I_BOKA]]></wp:meta_value>
            </wp:postmeta>
            <wp:postmeta>
                <wp:meta_key>_lsb_look_inside</wp:meta_key>
                <wp:meta_value><![CDATA[lsb_acf_look_inside]]></wp:meta_value>
            </wp:postmeta>
            <category domain="lsb_tax_age" nicename="ungdom"><![CDATA[ungdom]]></category>
            <category domain="lsb_tax_genre" nicename="prosa"><![CDATA[prosa]]></category>
            <category domain="lsb_tax_topic" nicename="mennesker-i-mellom"><![CDATA[mennesker i mellom]]></category>
            <category domain="lsb_tax_language" nicename="no_nn"><![CDATA[nynorsk]]></category>
            <category domain="lsb_tax_customization" nicename="skjønnlitteratur"><![CDATA[skjønnlitteratur]]></category>
            <wp:postmeta>
                <wp:meta_key>_thumbnail_id</wp:meta_key>
                <wp:meta_value><![CDATA[5510]]></wp:meta_value>
            </wp:postmeta>
        </item>
        <item>
            <title>Bebe.jpg</title>
            <wp:post_id>5510</wp:post_id>
            <wp:status>inherit</wp:status>
            <wp:post_type>attachment</wp:post_type>
            <wp:attachment_url>https://raw.githubusercontent.com/lesersokerbok/boksok.no-data-utils/master/output-example/images/530FD67BDE12477E869E225B61E56AE7.jpg</wp:attachment_url>
        </item>
        <item>
            <wp:post_type>lsb_book</wp:post_type>
            <wp:status>publish</wp:status>
            <title>Psyko</title>
            <excerpt:encoded><![CDATA[Først forsvant Jenny.   Så forsvant Pia.   Men det er ikke nødvendigvis som du tror.   Det er lett å misforstå. ]]></excerpt:encoded>
            <wp:postmeta>
                <wp:meta_key>lsb_isbn</wp:meta_key>
                <wp:meta_value><![CDATA[9788282380379]]></wp:meta_value>
            </wp:postmeta>
            <wp:postmeta>
                <wp:meta_key>_lsb_isbn</wp:meta_key>
                <wp:meta_value><![CDATA[lsb_acf_isbn]]></wp:meta_value>
            </wp:postmeta>
            <wp:postmeta>
                <wp:meta_key>lsb_published_year</wp:meta_key>
                <wp:meta_value><![CDATA[2011]]></wp:meta_value>
            </wp:postmeta>
            <wp:postmeta>
                <wp:meta_key>_lsb_published_year</wp:meta_key>
                <wp:meta_value><![CDATA[lsb_acf_published_year]]></wp:meta_value>
            </wp:postmeta>
            <wp:postmeta>
                <wp:meta_key>lsb_pages</wp:meta_key>
                <wp:meta_value><![CDATA[59]]></wp:meta_value>
            </wp:postmeta>
            <wp:postmeta>
                <wp:meta_key>_lsb_pages</wp:meta_key>
                <wp:meta_value><![CDATA[lsb_acf_pages]]></wp:meta_value>
            </wp:postmeta>
            <wp:postmeta>
                <wp:meta_key>lsb_review</wp:meta_key>
                <wp:meta_value><![CDATA[  <div>Jeg har prøvd å få Pia til å forstå. <br />  Men hun bare trakk seg unna. <br />  Dette var nok bare en test.<br />  Pia ville nok bare være sikker. </div>  <div>&#160;</div>  <div>Jeg tok utfordringen på strak arm. <br />  Lette etter en hemmelig beskjed fra henne. <br />  Jeg hadde en ting i tankene: <br />  Jeg måtte finne Pia! </div>  <div>&#160;</div>  <div><strong>Psyko</strong> er spennende og enkelt fortalt <br />  om et forstyrret sinn<br />  og møtet med to venninner<br />  som ikke vil ha noe med ham å gjøre. </div>  <div>&#160;</div>  <div>Widar Aspeli har skrevet en lang rekke<br />  bøker for barn og ungdom. <br />  Han holder jevnlig skrivekurs <br />  for både barn og lærere. </div>  <div>&#160;</div>  <p><strong>Psyko</strong> utkommer i serien <strong>Skumring</strong>, <br />  en helt ny serie med spenningsbøker for ungdom. <br />  Bøkene har enkel tekst<br />  og passer for ungdom som har lest lite.    <br />   <br />  </p>  ]]></wp:meta_value>
            </wp:postmeta>
            <wp:postmeta>
                <wp:meta_key>_lsb_review</wp:meta_key>
                <wp:meta_value><![CDATA[lsb_acf_review]]></wp:meta_value>
            </wp:postmeta>
            <wp:postmeta>
                <wp:meta_key>lsb_quote</wp:meta_key>
                <wp:meta_value><![CDATA[Kniven ligger godt i hånda.   Papir er som hud.   Lett å snitte. Enkelt å åpne.   Likevel legger jeg kniven ned.   Griper pennen.  Det er tid for å fortelle.   Kanskje du vil forstå?     Men jeg vil du skal vite at   dette ikke er begynnelsen.   Nå, når du leser dette,   er kanskje alt over.     For sju dager siden   bråvåknet jeg og visste  at noe var galt. ]]></wp:meta_value>
            </wp:postmeta>
            <wp:postmeta>
                <wp:meta_key>_lsb_quote</wp:meta_key>
                <wp:meta_value><![CDATA[lsb_acf_quote]]></wp:meta_value>
            </wp:postmeta>
            <wp:postmeta>
                <wp:meta_key>lsb_supported</wp:meta_key>
                <wp:meta_value><![CDATA[1]]></wp:meta_value>
            </wp:postmeta>
            <wp:postmeta>
                <wp:meta_key>_lsb_supported</wp:meta_key>
                <wp:meta_value><![CDATA[lsb_acf_supported]]></wp:meta_value>
            </wp:postmeta>
            <wp:postmeta>
                <wp:meta_key>lsb_support_cat</wp:meta_key>
                <wp:meta_value><![CDATA[purple]]></wp:meta_value>
            </wp:postmeta>
            <wp:postmeta>
                <wp:meta_key>_lsb_support_cat</wp:meta_key>
                <wp:meta_value><![CDATA[lsb_acf_support_cat]]></wp:meta_value>
            </wp:postmeta>
            <category domain="lsb_tax_author" nicename="widar-aspeli"><![CDATA[Widar Aspeli]]></category>
            <category domain="lsb_tax_publisher" nicename="mangschou"><![CDATA[Mangschou]]></category>
            <wp:postmeta>
                <wp:meta_key>lsb_look_inside</wp:meta_key>
                <wp:meta_value><![CDATA[CUSTOM_BLA_I_BOKA]]></wp:meta_value>
            </wp:postmeta>
            <wp:postmeta>
                <wp:meta_key>_lsb_look_inside</wp:meta_key>
                <wp:meta_value><![CDATA[lsb_acf_look_inside]]></wp:meta_value>
            </wp:postmeta>
            <category domain="lsb_tax_age" nicename="ungdom"><![CDATA[ungdom]]></category>
            <category domain="lsb_tax_genre" nicename="prosa"><![CDATA[prosa]]></category>
            <category domain="lsb_tax_topic" nicename="krim"><![CDATA[krim]]></category>
            <category domain="lsb_tax_topic" nicename="spenning"><![CDATA[spenning]]></category>
            <category domain="lsb_tax_language" nicename="no_nb"><![CDATA[bokmål]]></category>
            <category domain="lsb_tax_customization" nicename="skjønnlitteratur"><![CDATA[skjønnlitteratur]]></category>
            <wp:postmeta>
                <wp:meta_key>_thumbnail_id</wp:meta_key>
                <wp:meta_value><![CDATA[5511]]></wp:meta_value>
            </wp:postmeta>
        </item>
        <item>
            <title>Psyko.jpg</title>
            <wp:post_id>5511</wp:post_id>
            <wp:status>inherit</wp:status>
            <wp:post_type>attachment</wp:post_type>
            <wp:attachment_url>https://raw.githubusercontent.com/lesersokerbok/boksok.no-data-utils/master/output-example/images/5F58D6B7CE8C4C5F857BFEEA12E06542.jpg</wp:attachment_url>
        </item>
        <item>
            <wp:post_type>lsb_book</wp:post_type>
            <wp:status>publish</wp:status>
            <title>Gamer</title>
            <excerpt:encoded><![CDATA[En venneflokk blir oppslukt av et nytt PC-spill,   War of Faluza.   Det dreier seg om store pengepremier,   lagånd og kameratskap. ]]></excerpt:encoded>
            <wp:postmeta>
                <wp:meta_key>lsb_isbn</wp:meta_key>
                <wp:meta_value><![CDATA[9788282380386]]></wp:meta_value>
            </wp:postmeta>
            <wp:postmeta>
                <wp:meta_key>_lsb_isbn</wp:meta_key>
                <wp:meta_value><![CDATA[lsb_acf_isbn]]></wp:meta_value>
            </wp:postmeta>
            <wp:postmeta>
                <wp:meta_key>lsb_published_year</wp:meta_key>
                <wp:meta_value><![CDATA[2011]]></wp:meta_value>
            </wp:postmeta>
            <wp:postmeta>
                <wp:meta_key>_lsb_published_year</wp:meta_key>
                <wp:meta_value><![CDATA[lsb_acf_published_year]]></wp:meta_value>
            </wp:postmeta>
            <wp:postmeta>
                <wp:meta_key>lsb_pages</wp:meta_key>
                <wp:meta_value><![CDATA[137]]></wp:meta_value>
            </wp:postmeta>
            <wp:postmeta>
                <wp:meta_key>_lsb_pages</wp:meta_key>
                <wp:meta_value><![CDATA[lsb_acf_pages]]></wp:meta_value>
            </wp:postmeta>
            <wp:postmeta>
                <wp:meta_key>lsb_review</wp:meta_key>
                <wp:meta_value><![CDATA[  <p>Kameratene danner et guild<br />  sammen med den erfarne spilleren Will. <br />  Snart blir vennskapet satt på harde prøver. </p>  <p>Men så begynner det å skje <br />  merkelige ting utenfor spillet også….<br />   <br />  <strong>Gamer</strong> er en lettlest og tøff spenningsbok <br />  for ungdom om online-dataspill, hacking og nettbruk. </p>  <p>Forfatteren Tor Arve Røssland skriver troverdig <br />  og stilsikkert om et tema som opptar mange unge i dag.  <br />  Han har en lang produksjon bak seg med bøker <br />  for alle aldersgrupper, <br />  og har en stor forkjærlighet for film og dataspill.   <br />   </p>  <p><strong>Gamer </strong>utkommer i serien <strong>Skumring</strong>, <br />  en helt ny serie med spenningsbøker for ungdom. <br />  Bøkene har enkel tekst<br />  og passer for ungdom som har lest lite.    <br />   <br />  </p>  ]]></wp:meta_value>
            </wp:postmeta>
            <wp:postmeta>
                <wp:meta_key>_lsb_review</wp:meta_key>
                <wp:meta_value><![CDATA[lsb_acf_review]]></wp:meta_value>
            </wp:postmeta>
            <wp:postmeta>
                <wp:meta_key>lsb_quote</wp:meta_key>
                <wp:meta_value><![CDATA[- Jeg er Will, sier han.   - Har du tid noen timer fremover?    Kikker på klokken.   Burde egentlig legge meg.   Greit nok å sitte oppe noen netter. Rett etter release.   Det er noe annet å gjøre det hver natt.     - Jeg vet om noen oppdrag som får deg ra]]></wp:meta_value>
            </wp:postmeta>
            <wp:postmeta>
                <wp:meta_key>_lsb_quote</wp:meta_key>
                <wp:meta_value><![CDATA[lsb_acf_quote]]></wp:meta_value>
            </wp:postmeta>
            <wp:postmeta>
                <wp:meta_key>lsb_supported</wp:meta_key>
                <wp:meta_value><![CDATA[1]]></wp:meta_value>
            </wp:postmeta>
            <wp:postmeta>
                <wp:meta_key>_lsb_supported</wp:meta_key>
                <wp:meta_value><![CDATA[lsb_acf_supported]]></wp:meta_value>
            </wp:postmeta>
            <wp:postmeta>
                <wp:meta_key>lsb_support_cat</wp:meta_key>
                <wp:meta_value><![CDATA[purple]]></wp:meta_value>
            </wp:postmeta>
            <wp:postmeta>
                <wp:meta_key>_lsb_support_cat</wp:meta_key>
                <wp:meta_value><![CDATA[lsb_acf_support_cat]]></wp:meta_value>
            </wp:postmeta>
            <category domain="lsb_tax_author" nicename="tor-arve-røssland"><![CDATA[Tor Arve Røssland]]></category>
            <category domain="lsb_tax_publisher" nicename="mangschou"><![CDATA[Mangschou]]></category>
            <wp:postmeta>
                <wp:meta_key>lsb_look_inside</wp:meta_key>
                <wp:meta_value><![CDATA[CUSTOM_BLA_I_BOKA]]></wp:meta_value>
            </wp:postmeta>
            <wp:postmeta>
                <wp:meta_key>_lsb_look_inside</wp:meta_key>
                <wp:meta_value><![CDATA[lsb_acf_look_inside]]></wp:meta_value>
            </wp:postmeta>
            <category domain="lsb_tax_age" nicename="ungdom"><![CDATA[ungdom]]></category>
            <category domain="lsb_tax_genre" nicename="prosa"><![CDATA[prosa]]></category>
            <category domain="lsb_tax_topic" nicename="krim"><![CDATA[krim]]></category>
            <category domain="lsb_tax_topic" nicename="spenning"><![CDATA[spenning]]></category>
            <category domain="lsb_tax_language" nicename="no_nb"><![CDATA[bokmål]]></category>
            <category domain="lsb_tax_customization" nicename="skjønnlitteratur"><![CDATA[skjønnlitteratur]]></category>
            <wp:postmeta>
                <wp:meta_key>_thumbnail_id</wp:meta_key>
                <wp:meta_value><![CDATA[5512]]></wp:meta_value>
            </wp:postmeta>
        </item>
        <item>
            <title>Gamer.jpg</title>
            <wp:post_id>5512</wp:post_id>
            <wp:status>inherit</wp:status>
            <wp:post_type>attachment</wp:post_type>
            <wp:attachment_url>https://raw.githubusercontent.com/lesersokerbok/boksok.no-data-utils/master/output-example/images/0F0141C7ED7F4D618E39758917CFF7A6.jpg</wp:attachment_url>
        </item>
        <item>
            <wp:post_type>lsb_book</wp:post_type>
            <wp:status>publish</wp:status>
            <title>Det røde treet</title>
            <excerpt:encoded><![CDATA[Av og til begynner dagen   uten noe å glede seg til,   er åpningslinjen i "Det røde treet".   Men vi kan absolutt glede oss  til nok en perle fra Shaun Tan. ]]></excerpt:encoded>
            <wp:postmeta>
                <wp:meta_key>lsb_isbn</wp:meta_key>
                <wp:meta_value><![CDATA[9788202325978]]></wp:meta_value>
            </wp:postmeta>
            <wp:postmeta>
                <wp:meta_key>_lsb_isbn</wp:meta_key>
                <wp:meta_value><![CDATA[lsb_acf_isbn]]></wp:meta_value>
            </wp:postmeta>
            <wp:postmeta>
                <wp:meta_key>lsb_published_year</wp:meta_key>
                <wp:meta_value><![CDATA[2010]]></wp:meta_value>
            </wp:postmeta>
            <wp:postmeta>
                <wp:meta_key>_lsb_published_year</wp:meta_key>
                <wp:meta_value><![CDATA[lsb_acf_published_year]]></wp:meta_value>
            </wp:postmeta>
            <wp:postmeta>
                <wp:meta_key>lsb_pages</wp:meta_key>
                <wp:meta_value><![CDATA[upag. ]]></wp:meta_value>
            </wp:postmeta>
            <wp:postmeta>
                <wp:meta_key>_lsb_pages</wp:meta_key>
                <wp:meta_value><![CDATA[lsb_acf_pages]]></wp:meta_value>
            </wp:postmeta>
            <wp:postmeta>
                <wp:meta_key>lsb_review</wp:meta_key>
                <wp:meta_value><![CDATA[  <div>Selv når alt ser mørkt ut, <br />  kan alt kan forandre seg<br />  hvis man bare er åpen for det. </div>  <div>&#160;</div>  <div>Et av kjennetegnene til Shaun Tans <br />  prisbelønte billedbøker er alle detaljene. </div>  <div>Tan er opptatt av at man skal oppleve<br />  de hverdagslige tingene på nytt, </div>  <div>og se dem med friske øyne, <br />  slik at man får øye på alt <br />  det fantastiske som omgir oss. </div>  <div>&#160;</div>  <div>Det er lite tekst i <strong>Det røde treet. </strong><br />  Skrifttypen kan være litt vanskelig <br />  å lese enkelte steder. </div>  <div>Boka passer for alle aldersgrupper, </div>  <div>fra ca 7 år og oppover. </div>  ]]></wp:meta_value>
            </wp:postmeta>
            <wp:postmeta>
                <wp:meta_key>_lsb_review</wp:meta_key>
                <wp:meta_value><![CDATA[lsb_acf_review]]></wp:meta_value>
            </wp:postmeta>
            <wp:postmeta>
                <wp:meta_key>lsb_quote</wp:meta_key>
                <wp:meta_value><![CDATA[av og til begynner dagen   uten noe å glede seg til    og det som begynte dårlig   fortsette enda verre    mørket overvelder deg     ingen forstår deg]]></wp:meta_value>
            </wp:postmeta>
            <wp:postmeta>
                <wp:meta_key>_lsb_quote</wp:meta_key>
                <wp:meta_value><![CDATA[lsb_acf_quote]]></wp:meta_value>
            </wp:postmeta>
            <wp:postmeta>
                <wp:meta_key>lsb_supported</wp:meta_key>
                <wp:meta_value><![CDATA[0]]></wp:meta_value>
            </wp:postmeta>
            <wp:postmeta>
                <wp:meta_key>_lsb_supported</wp:meta_key>
                <wp:meta_value><![CDATA[lsb_acf_supported]]></wp:meta_value>
            </wp:postmeta>
            <category domain="lsb_tax_author" nicename="shaun-tan"><![CDATA[Shaun Tan]]></category>
            <category domain="lsb_tax_publisher" nicename="cappelen-damm"><![CDATA[Cappelen Damm]]></category>
            <category domain="lsb_tax_illustrator" nicename="shaun-tan"><![CDATA[Shaun Tan]]></category>
            <category domain="lsb_tax_translator" nicename="geir-uthaug"><![CDATA[Geir Uthaug]]></category>
            <wp:postmeta>
                <wp:meta_key>lsb_look_inside</wp:meta_key>
                <wp:meta_value><![CDATA[CUSTOM_BLA_I_BOKA]]></wp:meta_value>
            </wp:postmeta>
            <wp:postmeta>
                <wp:meta_key>_lsb_look_inside</wp:meta_key>
                <wp:meta_value><![CDATA[lsb_acf_look_inside]]></wp:meta_value>
            </wp:postmeta>
            <category domain="lsb_tax_age" nicename="voksne"><![CDATA[voksne]]></category>
            <category domain="lsb_tax_age" nicename="ungdom"><![CDATA[ungdom]]></category>
            <category domain="lsb_tax_age" nicename="barn"><![CDATA[barn]]></category>
            <category domain="lsb_tax_genre" nicename="prosa"><![CDATA[prosa]]></category>
            <category domain="lsb_tax_topic" nicename="mennesker-i-mellom"><![CDATA[mennesker i mellom]]></category>
            <category domain="lsb_tax_language" nicename="no_nb"><![CDATA[bokmål]]></category>
            <category domain="lsb_tax_customization" nicename="bilder"><![CDATA[bilder]]></category>
            <category domain="lsb_tax_customization" nicename="mange-bilder"><![CDATA[mange bilder]]></category>
            <wp:postmeta>
                <wp:meta_key>_thumbnail_id</wp:meta_key>
                <wp:meta_value><![CDATA[5513]]></wp:meta_value>
            </wp:postmeta>
        </item>
        <item>
            <title>Det røde treet.jpg</title>
            <wp:post_id>5513</wp:post_id>
            <wp:status>inherit</wp:status>
            <wp:post_type>attachment</wp:post_type>
            <wp:attachment_url>https://raw.githubusercontent.com/lesersokerbok/boksok.no-data-utils/master/output-example/images/77512A43D14E45A78D90A608117C8080.jpg</wp:attachment_url>
        </item>
        <item>
            <wp:post_type>lsb_book</wp:post_type>
            <wp:status>publish</wp:status>
            <title>Kjerringrokk</title>
            <excerpt:encoded><![CDATA[Samlingen inneholder dikt skrevet   på den japanske diktformen haiku.   Hvert dikt har tre korte verselinjer  og formidler korte glimt av en skiftende tid.    ]]></excerpt:encoded>
            <wp:postmeta>
                <wp:meta_key>lsb_isbn</wp:meta_key>
                <wp:meta_value><![CDATA[9788274191334]]></wp:meta_value>
            </wp:postmeta>
            <wp:postmeta>
                <wp:meta_key>_lsb_isbn</wp:meta_key>
                <wp:meta_value><![CDATA[lsb_acf_isbn]]></wp:meta_value>
            </wp:postmeta>
            <wp:postmeta>
                <wp:meta_key>lsb_published_year</wp:meta_key>
                <wp:meta_value><![CDATA[2010]]></wp:meta_value>
            </wp:postmeta>
            <wp:postmeta>
                <wp:meta_key>_lsb_published_year</wp:meta_key>
                <wp:meta_value><![CDATA[lsb_acf_published_year]]></wp:meta_value>
            </wp:postmeta>
            <wp:postmeta>
                <wp:meta_key>lsb_pages</wp:meta_key>
                <wp:meta_value><![CDATA[64]]></wp:meta_value>
            </wp:postmeta>
            <wp:postmeta>
                <wp:meta_key>_lsb_pages</wp:meta_key>
                <wp:meta_value><![CDATA[lsb_acf_pages]]></wp:meta_value>
            </wp:postmeta>
            <wp:postmeta>
                <wp:meta_key>lsb_review</wp:meta_key>
                <wp:meta_value><![CDATA[  <div>Haikudikt omhandler møte mellom natur og menneske. </div>  <div><strong>Kjerringrokk</strong> skildrer hvordan naturen <br />  forandres med årstidene. </div>  <div>&#160;</div>  <div>Det er en fin rytme i teksten, </div>  <div>og forfatteren beskriver klare bilder<br />  slik at boka blir tilgjengelig<br />  også for lesere som er uvant med haikudikt.  </div>  <div>&#160;</div>  <div>Forordet i boka kan være vanskelig å lese. </div>  <div>&#160;</div>  <div>Haiku er opprinnelig en japansk tradisjon, <br />  som har spredt seg til alle buddhistiske land. </div>  <div>Med <strong>Kjerringrokk</strong> ønsker Berit Østbye <br />  å gjøre norske lesere <br />  bedre kjent med denne diktformen. </div>  <div>&#160;</div>  ]]></wp:meta_value>
            </wp:postmeta>
            <wp:postmeta>
                <wp:meta_key>_lsb_review</wp:meta_key>
                <wp:meta_value><![CDATA[lsb_acf_review]]></wp:meta_value>
            </wp:postmeta>
            <wp:postmeta>
                <wp:meta_key>lsb_quote</wp:meta_key>
                <wp:meta_value><![CDATA[Hvem tar tiden  i det lange løpet  vi kaller livet    Tid  drivende skyer  stillhet]]></wp:meta_value>
            </wp:postmeta>
            <wp:postmeta>
                <wp:meta_key>_lsb_quote</wp:meta_key>
                <wp:meta_value><![CDATA[lsb_acf_quote]]></wp:meta_value>
            </wp:postmeta>
            <wp:postmeta>
                <wp:meta_key>lsb_supported</wp:meta_key>
                <wp:meta_value><![CDATA[0]]></wp:meta_value>
            </wp:postmeta>
            <wp:postmeta>
                <wp:meta_key>_lsb_supported</wp:meta_key>
                <wp:meta_value><![CDATA[lsb_acf_supported]]></wp:meta_value>
            </wp:postmeta>
            <category domain="lsb_tax_author" nicename="berit-østbye"><![CDATA[Berit Østbye]]></category>
            <category domain="lsb_tax_publisher" nicename="emilia"><![CDATA[Emilia]]></category>
            <wp:postmeta>
                <wp:meta_key>lsb_look_inside</wp:meta_key>
                <wp:meta_value><![CDATA[CUSTOM_BLA_I_BOKA]]></wp:meta_value>
            </wp:postmeta>
            <wp:postmeta>
                <wp:meta_key>_lsb_look_inside</wp:meta_key>
                <wp:meta_value><![CDATA[lsb_acf_look_inside]]></wp:meta_value>
            </wp:postmeta>
            <category domain="lsb_tax_age" nicename="voksne"><![CDATA[voksne]]></category>
            <category domain="lsb_tax_genre" nicename="dikt"><![CDATA[dikt]]></category>
            <category domain="lsb_tax_topic" nicename="mennesker-i-mellom"><![CDATA[mennesker i mellom]]></category>
            <category domain="lsb_tax_topic" nicename="natur"><![CDATA[natur]]></category>
            <category domain="lsb_tax_language" nicename="no_nb"><![CDATA[bokmål]]></category>
            <category domain="lsb_tax_customization" nicename="skjønnlitteratur"><![CDATA[skjønnlitteratur]]></category>
            <wp:postmeta>
                <wp:meta_key>_thumbnail_id</wp:meta_key>
                <wp:meta_value><![CDATA[5514]]></wp:meta_value>
            </wp:postmeta>
        </item>
        <item>
            <title>kjerringrokk.jpeg</title>
            <wp:post_id>5514</wp:post_id>
            <wp:status>inherit</wp:status>
            <wp:post_type>attachment</wp:post_type>
            <wp:attachment_url>https://raw.githubusercontent.com/lesersokerbok/boksok.no-data-utils/master/output-example/images/2B797CDADF0D4CA2A1A07328078468B0.jpeg</wp:attachment_url>
        </item>
        <item>
            <wp:post_type>lsb_book</wp:post_type>
            <wp:status>publish</wp:status>
            <title>Camorraland</title>
            <excerpt:encoded><![CDATA[Skremmende og brutalt om Camorra  som er Italias største mafiaorganiasjon.  ]]></excerpt:encoded>
            <wp:postmeta>
                <wp:meta_key>lsb_isbn</wp:meta_key>
                <wp:meta_value><![CDATA[9788202316228]]></wp:meta_value>
            </wp:postmeta>
            <wp:postmeta>
                <wp:meta_key>_lsb_isbn</wp:meta_key>
                <wp:meta_value><![CDATA[lsb_acf_isbn]]></wp:meta_value>
            </wp:postmeta>
            <wp:postmeta>
                <wp:meta_key>lsb_published_year</wp:meta_key>
                <wp:meta_value><![CDATA[2010]]></wp:meta_value>
            </wp:postmeta>
            <wp:postmeta>
                <wp:meta_key>_lsb_published_year</wp:meta_key>
                <wp:meta_value><![CDATA[lsb_acf_published_year]]></wp:meta_value>
            </wp:postmeta>
            <wp:postmeta>
                <wp:meta_key>lsb_pages</wp:meta_key>
                <wp:meta_value><![CDATA[217]]></wp:meta_value>
            </wp:postmeta>
            <wp:postmeta>
                <wp:meta_key>_lsb_pages</wp:meta_key>
                <wp:meta_value><![CDATA[lsb_acf_pages]]></wp:meta_value>
            </wp:postmeta>
            <wp:postmeta>
                <wp:meta_key>lsb_review</wp:meta_key>
                <wp:meta_value><![CDATA[  <div>Camorra er overalt, <br />  og er et system som infiltrerer alt og alle i samfunnet. </div>  <div>Som en ondartet kreftsvulst det er umulig å bli kvitt. </div>  <div>&#160;</div>  <div>Forfatteren har møtt  <br />  camorister, drapstruede journalister, </div>  <div>politimenn og korrupte politikere. <br />  De gir alle et nærgående bilde<br />  av hvordan mafiaorganisasjonen opererer. </div>  <div><br />  Kapitlene er relativt korte, <br />  og tar for seg et møte om gangen. </div>  <div>Dette gjør boka lettere tilgjengelig, <br />  og den kan også leses stykkevis.  <br />  Språket er enkelt, <br />  men det er noen vanskelige og sammensatte ord. <br />  Italienske uttrykk blir forklart i teksten. </div>  <div>Fonten er litt liten. </div>  <div>&#160;</div>  <div>Den norsk-italienske forfatteren<br />  Mariangela Cacace har bodd flere år i Napoli.  <br />  Hun har inngående kjennskap til <br />  samfunnet og mentaliteten <br />  både i Norge og i Italia.  </div>  ]]></wp:meta_value>
            </wp:postmeta>
            <wp:postmeta>
                <wp:meta_key>_lsb_review</wp:meta_key>
                <wp:meta_value><![CDATA[lsb_acf_review]]></wp:meta_value>
            </wp:postmeta>
            <wp:postmeta>
                <wp:meta_key>lsb_quote</wp:meta_key>
                <wp:meta_value><![CDATA[- Der er bossen! Luca nikker mot en liten mann med mørke, markerte trekk og arrogant mine. Han står sammen med et par andre menn og røyker og prater. Luca senker farten på scooteren og bøyer hodet i en ærbødig hilsen. Jeg gjør det samme. Tør ikke annet. B]]></wp:meta_value>
            </wp:postmeta>
            <wp:postmeta>
                <wp:meta_key>_lsb_quote</wp:meta_key>
                <wp:meta_value><![CDATA[lsb_acf_quote]]></wp:meta_value>
            </wp:postmeta>
            <wp:postmeta>
                <wp:meta_key>lsb_supported</wp:meta_key>
                <wp:meta_value><![CDATA[0]]></wp:meta_value>
            </wp:postmeta>
            <wp:postmeta>
                <wp:meta_key>_lsb_supported</wp:meta_key>
                <wp:meta_value><![CDATA[lsb_acf_supported]]></wp:meta_value>
            </wp:postmeta>
            <category domain="lsb_tax_author" nicename="mariangela-cacace"><![CDATA[Mariangela Cacace]]></category>
            <category domain="lsb_tax_publisher" nicename="cappelen-damm"><![CDATA[Cappelen Damm]]></category>
            <wp:postmeta>
                <wp:meta_key>lsb_look_inside</wp:meta_key>
                <wp:meta_value><![CDATA[CUSTOM_BLA_I_BOKA]]></wp:meta_value>
            </wp:postmeta>
            <wp:postmeta>
                <wp:meta_key>_lsb_look_inside</wp:meta_key>
                <wp:meta_value><![CDATA[lsb_acf_look_inside]]></wp:meta_value>
            </wp:postmeta>
            <category domain="lsb_tax_age" nicename="voksne"><![CDATA[voksne]]></category>
            <category domain="lsb_tax_topic" nicename="historie"><![CDATA[historie]]></category>
            <category domain="lsb_tax_topic" nicename="samfunn"><![CDATA[samfunn]]></category>
            <category domain="lsb_tax_language" nicename="no_nb"><![CDATA[bokmål]]></category>
            <category domain="lsb_tax_customization" nicename="faglitteratur"><![CDATA[faglitteratur]]></category>
            <wp:postmeta>
                <wp:meta_key>_thumbnail_id</wp:meta_key>
                <wp:meta_value><![CDATA[5515]]></wp:meta_value>
            </wp:postmeta>
        </item>
        <item>
            <title>Camorraland.jpg</title>
            <wp:post_id>5515</wp:post_id>
            <wp:status>inherit</wp:status>
            <wp:post_type>attachment</wp:post_type>
            <wp:attachment_url>https://raw.githubusercontent.com/lesersokerbok/boksok.no-data-utils/master/output-example/images/0F8FD98DEF1F40E0BED38CB56024AF21.jpg</wp:attachment_url>
        </item>
        <item>
            <wp:post_type>lsb_book</wp:post_type>
            <wp:status>publish</wp:status>
            <title>Juletre til Afrika</title>
            <excerpt:encoded><![CDATA[Alle grantre må vekk! Dei må bort så fort som mulig sjølv om ingen i Afrika vil ha juletre.     ]]></excerpt:encoded>
            <wp:postmeta>
                <wp:meta_key>lsb_isbn</wp:meta_key>
                <wp:meta_value><![CDATA[9788203350368]]></wp:meta_value>
            </wp:postmeta>
            <wp:postmeta>
                <wp:meta_key>_lsb_isbn</wp:meta_key>
                <wp:meta_value><![CDATA[lsb_acf_isbn]]></wp:meta_value>
            </wp:postmeta>
            <wp:postmeta>
                <wp:meta_key>lsb_published_year</wp:meta_key>
                <wp:meta_value><![CDATA[2011]]></wp:meta_value>
            </wp:postmeta>
            <wp:postmeta>
                <wp:meta_key>_lsb_published_year</wp:meta_key>
                <wp:meta_value><![CDATA[lsb_acf_published_year]]></wp:meta_value>
            </wp:postmeta>
            <wp:postmeta>
                <wp:meta_key>lsb_pages</wp:meta_key>
                <wp:meta_value><![CDATA[328]]></wp:meta_value>
            </wp:postmeta>
            <wp:postmeta>
                <wp:meta_key>_lsb_pages</wp:meta_key>
                <wp:meta_value><![CDATA[lsb_acf_pages]]></wp:meta_value>
            </wp:postmeta>
            <wp:postmeta>
                <wp:meta_key>lsb_review</wp:meta_key>
                <wp:meta_value><![CDATA[  <div> Ikkje tru at dette er ei juleforteljing. </div>  <div>Dette er ei historie om ei bygd på Vestlandet </div>  <div>der ordføraren vil ha bort alle grantrea. </div>  <div>Sånn får Helge høve komme tilbake til bygda si. </div>  <div>Han får jobbe med Pavel. </div>  <div>Dei byrjar med å fjerne grantrea på ei øy i kommunen. </div>  <div>Der oppdagar Helge og Pavel løyndomar. </div>  <div>Dei må ta affære.  </div>  <div>&#160;</div>  <div>Historia er fortalt med korte kapittel </div>  <div>som er små historier i seg sjølv. </div>  <div>Det gjør det til ei fin bok </div>  <div>sjølv om du berre leser litt om gongen.&#160;</div>  <div>&#160;</div>  <div>Svein Tarald Framnes (f. 1986) er frå Fitjar, </div>  <div>ei lita bygd på Vestlandet. </div>  <div>"Juletre til Afrika" er den første boka hans. <br />  </div>  <div>&#160;</div>  <div>&#160;</div>  ]]></wp:meta_value>
            </wp:postmeta>
            <wp:postmeta>
                <wp:meta_key>_lsb_review</wp:meta_key>
                <wp:meta_value><![CDATA[lsb_acf_review]]></wp:meta_value>
            </wp:postmeta>
            <wp:postmeta>
                <wp:meta_key>lsb_quote</wp:meta_key>
                <wp:meta_value><![CDATA[Heime att kopla eg av med ein kopp kakao og ein ny porsjon vaflar. Eg likte ikkje heilt tanken på kor enkle desse vaflane var å lage. Det kom til å bli ein stygg uvane. Men om eg fyrst skulle bli feit, var nok vaflar og kakao den gildaste måten å gjere det på.]]></wp:meta_value>
            </wp:postmeta>
            <wp:postmeta>
                <wp:meta_key>_lsb_quote</wp:meta_key>
                <wp:meta_value><![CDATA[lsb_acf_quote]]></wp:meta_value>
            </wp:postmeta>
            <wp:postmeta>
                <wp:meta_key>lsb_supported</wp:meta_key>
                <wp:meta_value><![CDATA[0]]></wp:meta_value>
            </wp:postmeta>
            <wp:postmeta>
                <wp:meta_key>_lsb_supported</wp:meta_key>
                <wp:meta_value><![CDATA[lsb_acf_supported]]></wp:meta_value>
            </wp:postmeta>
            <category domain="lsb_tax_author" nicename="svein-tharald-framnes"><![CDATA[Svein Tharald Framnes]]></category>
            <category domain="lsb_tax_publisher" nicename="aschehoug"><![CDATA[Aschehoug]]></category>
            <wp:postmeta>
                <wp:meta_key>lsb_look_inside</wp:meta_key>
                <wp:meta_value><![CDATA[CUSTOM_BLA_I_BOKA]]></wp:meta_value>
            </wp:postmeta>
            <wp:postmeta>
                <wp:meta_key>_lsb_look_inside</wp:meta_key>
                <wp:meta_value><![CDATA[lsb_acf_look_inside]]></wp:meta_value>
            </wp:postmeta>
            <category domain="lsb_tax_age" nicename="voksne"><![CDATA[voksne]]></category>
            <category domain="lsb_tax_genre" nicename="prosa"><![CDATA[prosa]]></category>
            <category domain="lsb_tax_language" nicename="no_nn"><![CDATA[nynorsk]]></category>
            <category domain="lsb_tax_customization" nicename="skjønnlitteratur"><![CDATA[skjønnlitteratur]]></category>
            <wp:postmeta>
                <wp:meta_key>_thumbnail_id</wp:meta_key>
                <wp:meta_value><![CDATA[5516]]></wp:meta_value>
            </wp:postmeta>
        </item>
        <item>
            <title>Juletre til Afrika av Svein Tarald Framnes.jpg</title>
            <wp:post_id>5516</wp:post_id>
            <wp:status>inherit</wp:status>
            <wp:post_type>attachment</wp:post_type>
            <wp:attachment_url>https://raw.githubusercontent.com/lesersokerbok/boksok.no-data-utils/master/output-example/images/909CC139A5344CF1862B36613B613BDA.jpg</wp:attachment_url>
        </item>
        <item>
            <wp:post_type>lsb_book</wp:post_type>
            <wp:status>publish</wp:status>
            <title>Apefjes</title>
            <excerpt:encoded><![CDATA[Apefjes er en spennende historie om Martin.   Den er både tegneserie og en roman i ett. ]]></excerpt:encoded>
            <wp:postmeta>
                <wp:meta_key>lsb_isbn</wp:meta_key>
                <wp:meta_value><![CDATA[9788202339333]]></wp:meta_value>
            </wp:postmeta>
            <wp:postmeta>
                <wp:meta_key>_lsb_isbn</wp:meta_key>
                <wp:meta_value><![CDATA[lsb_acf_isbn]]></wp:meta_value>
            </wp:postmeta>
            <wp:postmeta>
                <wp:meta_key>lsb_published_year</wp:meta_key>
                <wp:meta_value><![CDATA[2011]]></wp:meta_value>
            </wp:postmeta>
            <wp:postmeta>
                <wp:meta_key>_lsb_published_year</wp:meta_key>
                <wp:meta_value><![CDATA[lsb_acf_published_year]]></wp:meta_value>
            </wp:postmeta>
            <wp:postmeta>
                <wp:meta_key>lsb_pages</wp:meta_key>
                <wp:meta_value><![CDATA[246]]></wp:meta_value>
            </wp:postmeta>
            <wp:postmeta>
                <wp:meta_key>_lsb_pages</wp:meta_key>
                <wp:meta_value><![CDATA[lsb_acf_pages]]></wp:meta_value>
            </wp:postmeta>
            <wp:postmeta>
                <wp:meta_key>lsb_review</wp:meta_key>
                <wp:meta_value><![CDATA[  <div>Martin er på enda et nytt sted.&#160;</div>  <div>Han må begynne på enda en ny skole.&#160;</div>  <div>Men denne gangen har han noe nytt:&#160;</div>  <div>Farens gamle minidiskspiller.&#160;</div>  <div>Den inneholder ikke bare de låtene faren likte å høre på.&#160;</div>  <div>Minidiskspilleren har nemlig et spor til&#160;</div>  <div>etter spor 99. Hva er det Martin hører på opptaket?&#160;</div>  <div>Hva er det som har skjedd i fortiden,<br />  </div>  <div>som gjør at han og moren stadig må flytte?&#160; <br />  <br />  Apefjes har både tegninger og tekst.&#160;</div>  <div>Delene med tekst er ganske lett å lese&#160;</div>  <div>til tross for noen vanskelige ord.&#160;</div>  <div>Tegneserien er tydelig og med en font&#160;</div>  <div>som er lett å lese.&#160; <br />  </div>  <div>&#160;</div>  ]]></wp:meta_value>
            </wp:postmeta>
            <wp:postmeta>
                <wp:meta_key>_lsb_review</wp:meta_key>
                <wp:meta_value><![CDATA[lsb_acf_review]]></wp:meta_value>
            </wp:postmeta>
            <wp:postmeta>
                <wp:meta_key>lsb_quote</wp:meta_key>
                <wp:meta_value><![CDATA[Muttern stirret på meg.   Jeg vet ikke hva du snakker om, sa hun.   Stemmene, sa jeg.   Hvilke stemmer?   Du hørte ikke på hele båndet, sa jeg.   Jeg hadde spolt fram til dit jeg visste de kom, og nå trykket   jeg på play. ]]></wp:meta_value>
            </wp:postmeta>
            <wp:postmeta>
                <wp:meta_key>_lsb_quote</wp:meta_key>
                <wp:meta_value><![CDATA[lsb_acf_quote]]></wp:meta_value>
            </wp:postmeta>
            <wp:postmeta>
                <wp:meta_key>lsb_supported</wp:meta_key>
                <wp:meta_value><![CDATA[1]]></wp:meta_value>
            </wp:postmeta>
            <wp:postmeta>
                <wp:meta_key>_lsb_supported</wp:meta_key>
                <wp:meta_value><![CDATA[lsb_acf_supported]]></wp:meta_value>
            </wp:postmeta>
            <wp:postmeta>
                <wp:meta_key>lsb_support_cat</wp:meta_key>
                <wp:meta_value><![CDATA[purple]]></wp:meta_value>
            </wp:postmeta>
            <wp:postmeta>
                <wp:meta_key>_lsb_support_cat</wp:meta_key>
                <wp:meta_value><![CDATA[lsb_acf_support_cat]]></wp:meta_value>
            </wp:postmeta>
            <category domain="lsb_tax_author" nicename="tor-erling-naas"><![CDATA[Tor Erling Naas]]></category>
            <category domain="lsb_tax_publisher" nicename="cappelen-damm"><![CDATA[Cappelen Damm]]></category>
            <category domain="lsb_tax_illustrator" nicename="sigbjørn-lilleeng"><![CDATA[Sigbjørn Lilleeng]]></category>
            <wp:postmeta>
                <wp:meta_key>lsb_look_inside</wp:meta_key>
                <wp:meta_value><![CDATA[CUSTOM_BLA_I_BOKA]]></wp:meta_value>
            </wp:postmeta>
            <wp:postmeta>
                <wp:meta_key>_lsb_look_inside</wp:meta_key>
                <wp:meta_value><![CDATA[lsb_acf_look_inside]]></wp:meta_value>
            </wp:postmeta>
            <category domain="lsb_tax_age" nicename="ungdom"><![CDATA[ungdom]]></category>
            <category domain="lsb_tax_age" nicename="voksne"><![CDATA[voksne]]></category>
            <category domain="lsb_tax_genre" nicename="prosa"><![CDATA[prosa]]></category>
            <category domain="lsb_tax_topic" nicename="krim"><![CDATA[krim]]></category>
            <category domain="lsb_tax_topic" nicename="spenning"><![CDATA[spenning]]></category>
            <category domain="lsb_tax_topic" nicename="eventyr"><![CDATA[eventyr]]></category>
            <category domain="lsb_tax_language" nicename="no_nb"><![CDATA[bokmål]]></category>
            <category domain="lsb_tax_customization" nicename="skjønnlitteratur"><![CDATA[skjønnlitteratur]]></category>
            <category domain="lsb_tax_customization" nicename="bilder"><![CDATA[bilder]]></category>
            <category domain="lsb_tax_customization" nicename="mange-bilder"><![CDATA[mange bilder]]></category>
            <wp:postmeta>
                <wp:meta_key>_thumbnail_id</wp:meta_key>
                <wp:meta_value><![CDATA[5517]]></wp:meta_value>
            </wp:postmeta>
        </item>
        <item>
            <title>Apefjes.JPG</title>
            <wp:post_id>5517</wp:post_id>
            <wp:status>inherit</wp:status>
            <wp:post_type>attachment</wp:post_type>
            <wp:attachment_url>https://raw.githubusercontent.com/lesersokerbok/boksok.no-data-utils/master/output-example/images/01647A36AFFC4115AB8A07B00BD25EB9.JPG</wp:attachment_url>
        </item>
        <item>
            <wp:post_type>lsb_book</wp:post_type>
            <wp:status>publish</wp:status>
            <title>Fallteknikk</title>
            <excerpt:encoded><![CDATA[Fallteknikk er en tegneserieroman om det å være nesten voksen, og samtidig føle seg veldig liten.]]></excerpt:encoded>
            <wp:postmeta>
                <wp:meta_key>lsb_isbn</wp:meta_key>
                <wp:meta_value><![CDATA[9788202329150]]></wp:meta_value>
            </wp:postmeta>
            <wp:postmeta>
                <wp:meta_key>_lsb_isbn</wp:meta_key>
                <wp:meta_value><![CDATA[lsb_acf_isbn]]></wp:meta_value>
            </wp:postmeta>
            <wp:postmeta>
                <wp:meta_key>lsb_published_year</wp:meta_key>
                <wp:meta_value><![CDATA[2011]]></wp:meta_value>
            </wp:postmeta>
            <wp:postmeta>
                <wp:meta_key>_lsb_published_year</wp:meta_key>
                <wp:meta_value><![CDATA[lsb_acf_published_year]]></wp:meta_value>
            </wp:postmeta>
            <wp:postmeta>
                <wp:meta_key>lsb_pages</wp:meta_key>
                <wp:meta_value><![CDATA[231]]></wp:meta_value>
            </wp:postmeta>
            <wp:postmeta>
                <wp:meta_key>_lsb_pages</wp:meta_key>
                <wp:meta_value><![CDATA[lsb_acf_pages]]></wp:meta_value>
            </wp:postmeta>
            <wp:postmeta>
                <wp:meta_key>lsb_review</wp:meta_key>
                <wp:meta_value><![CDATA[  <div>Rakel flytter på hybel for å gå siste året på videregående.&#160;</div>  <div>Sammen med bestevenninna Ingrid spiller hun i band</div>  <div>og begynner på kampsport. <br />  Plutselig tar livet en vending hun ikke klarer å ta inn over seg.<br />  </div>  <div>&#160;</div>  <div>Fallteknikk er en tegneserieroman <br />  om vennskap og ensomhet.</div>  <div>Den handler om å være nesten voksen&#160;</div>  <div>og plutselig altfor liten. Og om å gå på trynet,</div>  <div>men likevel lande på beina.</div>  <div>Tegningene er enkle og tydelige,</div>  <div>men fonten kan av og til være venskelig å lese.</div>  <div>Teksten er for det meste enkel,&#160;</div>  <div>men innimellom dukker det opp utdrag fra leksikon.</div>  <div>&#160;</div>  <div>Inga H. Sætre (f. 1978) er utdannet animatør. <br />  Hun er kjent for tegneserien om Møkkajentene <br />  og debuterte med boka Unbrakomonsteret - IKEA om natten <br />  sammen med Ingvild Rishøi. <br />  </div>  <div>&#160;<br />  </div>  ]]></wp:meta_value>
            </wp:postmeta>
            <wp:postmeta>
                <wp:meta_key>_lsb_review</wp:meta_key>
                <wp:meta_value><![CDATA[lsb_acf_review]]></wp:meta_value>
            </wp:postmeta>
            <wp:postmeta>
                <wp:meta_key>lsb_quote</wp:meta_key>
                <wp:meta_value><![CDATA[Rakel: - Du veit sånne folk ... (...)  - som er så frika,  - Ring i nesa og ditt og datt.  - ... Men går rundt med et sånt surt fjes. Skeptiske til alt.     Ingrid: - Ja jeg vet!  Egentlig er de bare berter de óg!    Rakel; - Jeg skal aldri få meg noen stil!!  ]]></wp:meta_value>
            </wp:postmeta>
            <wp:postmeta>
                <wp:meta_key>_lsb_quote</wp:meta_key>
                <wp:meta_value><![CDATA[lsb_acf_quote]]></wp:meta_value>
            </wp:postmeta>
            <wp:postmeta>
                <wp:meta_key>lsb_supported</wp:meta_key>
                <wp:meta_value><![CDATA[0]]></wp:meta_value>
            </wp:postmeta>
            <wp:postmeta>
                <wp:meta_key>_lsb_supported</wp:meta_key>
                <wp:meta_value><![CDATA[lsb_acf_supported]]></wp:meta_value>
            </wp:postmeta>
            <category domain="lsb_tax_author" nicename="inga-h.-sætre"><![CDATA[Inga H. Sætre]]></category>
            <category domain="lsb_tax_publisher" nicename="cappelen-damm"><![CDATA[Cappelen Damm]]></category>
            <category domain="lsb_tax_illustrator" nicename="inga-h.-sætre"><![CDATA[Inga H. Sætre]]></category>
            <wp:postmeta>
                <wp:meta_key>lsb_look_inside</wp:meta_key>
                <wp:meta_value><![CDATA[CUSTOM_BLA_I_BOKA]]></wp:meta_value>
            </wp:postmeta>
            <wp:postmeta>
                <wp:meta_key>_lsb_look_inside</wp:meta_key>
                <wp:meta_value><![CDATA[lsb_acf_look_inside]]></wp:meta_value>
            </wp:postmeta>
            <category domain="lsb_tax_age" nicename="ungdom"><![CDATA[ungdom]]></category>
            <category domain="lsb_tax_age" nicename="voksne"><![CDATA[voksne]]></category>
            <category domain="lsb_tax_genre" nicename="prosa"><![CDATA[prosa]]></category>
            <category domain="lsb_tax_topic" nicename="kjærlighet"><![CDATA[kjærlighet]]></category>
            <category domain="lsb_tax_topic" nicename="mennesker-i-mellom"><![CDATA[mennesker i mellom]]></category>
            <category domain="lsb_tax_language" nicename="no_nb"><![CDATA[bokmål]]></category>
            <category domain="lsb_tax_customization" nicename="bilder"><![CDATA[bilder]]></category>
            <category domain="lsb_tax_customization" nicename="mange-bilder"><![CDATA[mange bilder]]></category>
            <wp:postmeta>
                <wp:meta_key>_thumbnail_id</wp:meta_key>
                <wp:meta_value><![CDATA[5518]]></wp:meta_value>
            </wp:postmeta>
        </item>
        <item>
            <title>Satre_Fallteknikk.jpg</title>
            <wp:post_id>5518</wp:post_id>
            <wp:status>inherit</wp:status>
            <wp:post_type>attachment</wp:post_type>
            <wp:attachment_url>https://raw.githubusercontent.com/lesersokerbok/boksok.no-data-utils/master/output-example/images/55DAF90B68074CD6935BF98953851DD9.jpg</wp:attachment_url>
        </item>
        <item>
            <wp:post_type>lsb_book</wp:post_type>
            <wp:status>publish</wp:status>
            <title>Vivaldi</title>
            <excerpt:encoded><![CDATA[Vivaldi er ei poetisk og vakker bok om mobbing.]]></excerpt:encoded>
            <wp:postmeta>
                <wp:meta_key>lsb_isbn</wp:meta_key>
                <wp:meta_value><![CDATA[9788292863237]]></wp:meta_value>
            </wp:postmeta>
            <wp:postmeta>
                <wp:meta_key>_lsb_isbn</wp:meta_key>
                <wp:meta_value><![CDATA[lsb_acf_isbn]]></wp:meta_value>
            </wp:postmeta>
            <wp:postmeta>
                <wp:meta_key>lsb_published_year</wp:meta_key>
                <wp:meta_value><![CDATA[2011]]></wp:meta_value>
            </wp:postmeta>
            <wp:postmeta>
                <wp:meta_key>_lsb_published_year</wp:meta_key>
                <wp:meta_value><![CDATA[lsb_acf_published_year]]></wp:meta_value>
            </wp:postmeta>
            <wp:postmeta>
                <wp:meta_key>lsb_pages</wp:meta_key>
                <wp:meta_value/>
            </wp:postmeta>
            <wp:postmeta>
                <wp:meta_key>_lsb_pages</wp:meta_key>
                <wp:meta_value><![CDATA[lsb_acf_pages]]></wp:meta_value>
            </wp:postmeta>
            <wp:postmeta>
                <wp:meta_key>lsb_review</wp:meta_key>
                <wp:meta_value><![CDATA[  <div> <span style="color: rgb(0, 0, 0); font-family: Verdana, sans-serif; font-size: 11px; line-height: normal; text-align: -webkit-auto; background-color: rgb(255, 255, 255);"></span></div>  <div>Tyra er ei jente som ikkje har det bra på skulen.&#160;</div>  <div>Der har ho slutta å snakke,&#160;</div>  <div>men dei andre snakkar&#160;<strong>om</strong>&#160;henne.&#160;</div>  <div>Dei sparkar henne, og dei ser på henne&#160;</div>  <div>med Krympeblikket. Då blir Tyra veldig liten.&#160;</div>  <div>&#160;</div>  <div>Heime har Tyra det bra. Ho danser og speler piano.</div>  <div>Ein dag får hun ein kattunge.&#160;</div>  <div>Noko endrer seg, ho er ikkje berre Tyra lenger.&#160;</div>  <div>Ho er Tyra og katten.&#160;</div>  <div>Boka skildrer korleis Tyra opplever ein vond kvardag,&#160;</div>  <div>og korleis ho kanskje kan jobbe seg ut av det vonde.&#160;</div>  <div>&#160;</div>  <div>Dette er en bildebok om mobbing&#160;<br />  som høver best for ungdom og vaksne.</div>  <div>Teksten er enkel, men djup.&#160;</div>  <div>Boka kan også vere fin å lese saman </div>  <div>med større barn.Tekst og bilete står fint til kvarandre,</div>  <div>men av og til er det dårlig kontrast mellom skrift og bakgrunn.</div>  <div>&#160;</div>  <div>Forfattar <strong>Helge Torvund</strong> er kjend og kjær,</div>  <div>særleg som poet. Han har også skrive </div>  <div>barneboka <strong>Fantasiblikket</strong>,</div>  <div>som handlar om bokstaver som krøller seg.&#160;</div>    <div><span style="color: rgb(0, 0, 0); font-family: Verdana, sans-serif; font-size: 11px; line-height: normal; text-align: -webkit-auto; background-color: rgb(255, 255, 255);"></span></div>  ]]></wp:meta_value>
            </wp:postmeta>
            <wp:postmeta>
                <wp:meta_key>_lsb_review</wp:meta_key>
                <wp:meta_value><![CDATA[lsb_acf_review]]></wp:meta_value>
            </wp:postmeta>
            <wp:postmeta>
                <wp:meta_key>lsb_quote</wp:meta_key>
                <wp:meta_value><![CDATA[Når ho skal gå opp og spissa  blyanten, står det ei klynge  jenter og ser på bileta i ei bok.  Då ho nærmar seg, er det som   om ein lydlaus alarm har gått:  Alle trekker seg bort frå henne.  Alle unngår å koma borti henne.  Tyra ser, men skjønar ikkje.  Ser det gong på gong.  Men skjønar aldri.]]></wp:meta_value>
            </wp:postmeta>
            <wp:postmeta>
                <wp:meta_key>_lsb_quote</wp:meta_key>
                <wp:meta_value><![CDATA[lsb_acf_quote]]></wp:meta_value>
            </wp:postmeta>
            <wp:postmeta>
                <wp:meta_key>lsb_supported</wp:meta_key>
                <wp:meta_value><![CDATA[1]]></wp:meta_value>
            </wp:postmeta>
            <wp:postmeta>
                <wp:meta_key>_lsb_supported</wp:meta_key>
                <wp:meta_value><![CDATA[lsb_acf_supported]]></wp:meta_value>
            </wp:postmeta>
            <wp:postmeta>
                <wp:meta_key>lsb_support_cat</wp:meta_key>
                <wp:meta_value><![CDATA[purple]]></wp:meta_value>
            </wp:postmeta>
            <wp:postmeta>
                <wp:meta_key>_lsb_support_cat</wp:meta_key>
                <wp:meta_value><![CDATA[lsb_acf_support_cat]]></wp:meta_value>
            </wp:postmeta>
            <category domain="lsb_tax_author" nicename="helge-torvund"><![CDATA[Helge Torvund]]></category>
            <category domain="lsb_tax_publisher" nicename="magikon"><![CDATA[Magikon]]></category>
            <category domain="lsb_tax_illustrator" nicename="mari-kanstad-johnsen"><![CDATA[Mari Kanstad Johnsen]]></category>
            <wp:postmeta>
                <wp:meta_key>lsb_look_inside</wp:meta_key>
                <wp:meta_value><![CDATA[CUSTOM_BLA_I_BOKA]]></wp:meta_value>
            </wp:postmeta>
            <wp:postmeta>
                <wp:meta_key>_lsb_look_inside</wp:meta_key>
                <wp:meta_value><![CDATA[lsb_acf_look_inside]]></wp:meta_value>
            </wp:postmeta>
            <category domain="lsb_tax_age" nicename="ungdom"><![CDATA[ungdom]]></category>
            <category domain="lsb_tax_age" nicename="voksne"><![CDATA[voksne]]></category>
            <category domain="lsb_tax_genre" nicename="prosa"><![CDATA[prosa]]></category>
            <category domain="lsb_tax_topic" nicename="mennesker-i-mellom"><![CDATA[mennesker i mellom]]></category>
            <category domain="lsb_tax_language" nicename="no_nn"><![CDATA[nynorsk]]></category>
            <category domain="lsb_tax_customization" nicename="skjønnlitteratur"><![CDATA[skjønnlitteratur]]></category>
            <category domain="lsb_tax_customization" nicename="mange-bilder"><![CDATA[mange bilder]]></category>
            <wp:postmeta>
                <wp:meta_key>_thumbnail_id</wp:meta_key>
                <wp:meta_value><![CDATA[5519]]></wp:meta_value>
            </wp:postmeta>
        </item>
        <item>
            <title>Vivaldi forside.png</title>
            <wp:post_id>5519</wp:post_id>
            <wp:status>inherit</wp:status>
            <wp:post_type>attachment</wp:post_type>
            <wp:attachment_url>https://raw.githubusercontent.com/lesersokerbok/boksok.no-data-utils/master/output-example/images/88F946DF7688467093D1E839800F5B01.png</wp:attachment_url>
        </item>
        <item>
            <wp:post_type>lsb_book</wp:post_type>
            <wp:status>publish</wp:status>
            <title>Finne deg der inne og hente deg ut</title>
            <excerpt:encoded><![CDATA[En sår og sterk diktsamling   om en søster   som ikke kommer seg ut. ]]></excerpt:encoded>
            <wp:postmeta>
                <wp:meta_key>lsb_isbn</wp:meta_key>
                <wp:meta_value><![CDATA[9788249508419]]></wp:meta_value>
            </wp:postmeta>
            <wp:postmeta>
                <wp:meta_key>_lsb_isbn</wp:meta_key>
                <wp:meta_value><![CDATA[lsb_acf_isbn]]></wp:meta_value>
            </wp:postmeta>
            <wp:postmeta>
                <wp:meta_key>lsb_published_year</wp:meta_key>
                <wp:meta_value><![CDATA[2011]]></wp:meta_value>
            </wp:postmeta>
            <wp:postmeta>
                <wp:meta_key>_lsb_published_year</wp:meta_key>
                <wp:meta_value><![CDATA[lsb_acf_published_year]]></wp:meta_value>
            </wp:postmeta>
            <wp:postmeta>
                <wp:meta_key>lsb_pages</wp:meta_key>
                <wp:meta_value><![CDATA[61]]></wp:meta_value>
            </wp:postmeta>
            <wp:postmeta>
                <wp:meta_key>_lsb_pages</wp:meta_key>
                <wp:meta_value><![CDATA[lsb_acf_pages]]></wp:meta_value>
            </wp:postmeta>
            <wp:postmeta>
                <wp:meta_key>lsb_review</wp:meta_key>
                <wp:meta_value><![CDATA[  <div>En dag blir søsteren liggende i senga. </div>  <div><strong>Lina Undrum Mariussen</strong> skriver </div>  <div>vakkert og sårbart </div>  <div>om hvordan det er å ha en syk søster. </div>  <div>&#160;</div>  <div>Diktene er fortellende og stort sett </div>  <div>lette å lese. </div>  <div>Noen av diktene har lange setninger</div>  <div>og uvante bilder.  </div>  <div>&#160;</div>  <div><strong>Lina Undrum Mariusssen</strong> kommer fra </div>  <div>Elverum. <strong>Finne deg der inne og </strong></div>  <div><strong>hente deg u</strong>t er hennes første diktsamling. </div>  <div>&#160;</div>  ]]></wp:meta_value>
            </wp:postmeta>
            <wp:postmeta>
                <wp:meta_key>_lsb_review</wp:meta_key>
                <wp:meta_value><![CDATA[lsb_acf_review]]></wp:meta_value>
            </wp:postmeta>
            <wp:postmeta>
                <wp:meta_key>lsb_quote</wp:meta_key>
                <wp:meta_value><![CDATA[dagen smalner   og du er blitt lettere å bære   hvor lite kan du egentlig veie   før det haster å redde deg ut]]></wp:meta_value>
            </wp:postmeta>
            <wp:postmeta>
                <wp:meta_key>_lsb_quote</wp:meta_key>
                <wp:meta_value><![CDATA[lsb_acf_quote]]></wp:meta_value>
            </wp:postmeta>
            <wp:postmeta>
                <wp:meta_key>lsb_supported</wp:meta_key>
                <wp:meta_value><![CDATA[0]]></wp:meta_value>
            </wp:postmeta>
            <wp:postmeta>
                <wp:meta_key>_lsb_supported</wp:meta_key>
                <wp:meta_value><![CDATA[lsb_acf_supported]]></wp:meta_value>
            </wp:postmeta>
            <category domain="lsb_tax_author" nicename="lina-undrum-mariussen"><![CDATA[Lina Undrum Mariussen]]></category>
            <category domain="lsb_tax_publisher" nicename="oktober"><![CDATA[Oktober]]></category>
            <wp:postmeta>
                <wp:meta_key>lsb_look_inside</wp:meta_key>
                <wp:meta_value><![CDATA[CUSTOM_BLA_I_BOKA]]></wp:meta_value>
            </wp:postmeta>
            <wp:postmeta>
                <wp:meta_key>_lsb_look_inside</wp:meta_key>
                <wp:meta_value><![CDATA[lsb_acf_look_inside]]></wp:meta_value>
            </wp:postmeta>
            <category domain="lsb_tax_age" nicename="voksne"><![CDATA[voksne]]></category>
            <category domain="lsb_tax_genre" nicename="dikt"><![CDATA[dikt]]></category>
            <category domain="lsb_tax_topic" nicename="mennesker-i-mellom"><![CDATA[mennesker i mellom]]></category>
            <category domain="lsb_tax_language" nicename="no_nb"><![CDATA[bokmål]]></category>
            <category domain="lsb_tax_customization" nicename="skjønnlitteratur"><![CDATA[skjønnlitteratur]]></category>
            <wp:postmeta>
                <wp:meta_key>_thumbnail_id</wp:meta_key>
                <wp:meta_value><![CDATA[5520]]></wp:meta_value>
            </wp:postmeta>
        </item>
        <item>
            <title>Finne deg der inne.jpg</title>
            <wp:post_id>5520</wp:post_id>
            <wp:status>inherit</wp:status>
            <wp:post_type>attachment</wp:post_type>
            <wp:attachment_url>https://raw.githubusercontent.com/lesersokerbok/boksok.no-data-utils/master/output-example/images/4A2600EAF72E46F7936970AD511F9909.jpg</wp:attachment_url>
        </item>
        <item>
            <wp:post_type>lsb_book</wp:post_type>
            <wp:status>publish</wp:status>
            <title>Phenomena Azur bok 1</title>
            <excerpt:encoded><![CDATA[Første bok i en ny serie fra Phenomena.]]></excerpt:encoded>
            <wp:postmeta>
                <wp:meta_key>lsb_isbn</wp:meta_key>
                <wp:meta_value><![CDATA[9788205408807]]></wp:meta_value>
            </wp:postmeta>
            <wp:postmeta>
                <wp:meta_key>_lsb_isbn</wp:meta_key>
                <wp:meta_value><![CDATA[lsb_acf_isbn]]></wp:meta_value>
            </wp:postmeta>
            <wp:postmeta>
                <wp:meta_key>lsb_published_year</wp:meta_key>
                <wp:meta_value><![CDATA[2011]]></wp:meta_value>
            </wp:postmeta>
            <wp:postmeta>
                <wp:meta_key>_lsb_published_year</wp:meta_key>
                <wp:meta_value><![CDATA[lsb_acf_published_year]]></wp:meta_value>
            </wp:postmeta>
            <wp:postmeta>
                <wp:meta_key>lsb_pages</wp:meta_key>
                <wp:meta_value><![CDATA[50]]></wp:meta_value>
            </wp:postmeta>
            <wp:postmeta>
                <wp:meta_key>_lsb_pages</wp:meta_key>
                <wp:meta_value><![CDATA[lsb_acf_pages]]></wp:meta_value>
            </wp:postmeta>
            <wp:postmeta>
                <wp:meta_key>lsb_review</wp:meta_key>
                <wp:meta_value><![CDATA[  <div>Azur og broren Ezau svømmer inn </div>  <div>i den forbudte byen Azrantis.  <br />  Byen er forlatt og har rast sammen.</div>  <div>Den voktes av statuen Ciberos, <br />  som holder Krakens septer i hånda.<br />   Ezau lokker Azur til å ta septeret, <br />  men er det Ezau som lurer ham?<br />  Og hva gjør Azur når Ciberos til ha tilbake septeret?</div>  <div>&#160;</div>  <div>Boka er kort og har mange bilder.&#160;</div>  <div>Historien er spennende og driver leseren fremover.&#160;</div>  <div>Noen av setningene er lange,</div>  <div>og av og til er det vanskelige ord fra universet Phenomena.</div>  <div>&#160;</div>  <div>Ruben Eliassen er en av de mest kjente <br />  fantasy-forfatterne i Norge. Han har også skrevet <br />  serien om <strong>Phenomena</strong> og tre bøker om <strong>Mare</strong>. <br />  </div>  ]]></wp:meta_value>
            </wp:postmeta>
            <wp:postmeta>
                <wp:meta_key>_lsb_review</wp:meta_key>
                <wp:meta_value><![CDATA[lsb_acf_review]]></wp:meta_value>
            </wp:postmeta>
            <wp:postmeta>
                <wp:meta_key>lsb_quote</wp:meta_key>
                <wp:meta_value><![CDATA[- Er det ikke fantastisk? sa Ezau og  smilte.  - Mer uhyggelig, svarte Azur som   husket historiene de gamle fortalte om  Vujudz, de levende døde, og Kraken  som holdt til i byen.  - Det er bare overtro, beroliget Ezau,  som skjønte hva Azur tenkte på. - ]]></wp:meta_value>
            </wp:postmeta>
            <wp:postmeta>
                <wp:meta_key>_lsb_quote</wp:meta_key>
                <wp:meta_value><![CDATA[lsb_acf_quote]]></wp:meta_value>
            </wp:postmeta>
            <wp:postmeta>
                <wp:meta_key>lsb_supported</wp:meta_key>
                <wp:meta_value><![CDATA[0]]></wp:meta_value>
            </wp:postmeta>
            <wp:postmeta>
                <wp:meta_key>_lsb_supported</wp:meta_key>
                <wp:meta_value><![CDATA[lsb_acf_supported]]></wp:meta_value>
            </wp:postmeta>
            <category domain="lsb_tax_author" nicename="ruben-eliassen"><![CDATA[Ruben Eliassen]]></category>
            <category domain="lsb_tax_publisher" nicename="gyldendal"><![CDATA[Gyldendal]]></category>
            <category domain="lsb_tax_illustrator" nicename="øystein-runde"><![CDATA[Øystein Runde]]></category>
            <wp:postmeta>
                <wp:meta_key>lsb_look_inside</wp:meta_key>
                <wp:meta_value><![CDATA[CUSTOM_BLA_I_BOKA]]></wp:meta_value>
            </wp:postmeta>
            <wp:postmeta>
                <wp:meta_key>_lsb_look_inside</wp:meta_key>
                <wp:meta_value><![CDATA[lsb_acf_look_inside]]></wp:meta_value>
            </wp:postmeta>
            <category domain="lsb_tax_age" nicename="ungdom"><![CDATA[ungdom]]></category>
            <category domain="lsb_tax_genre" nicename="prosa"><![CDATA[prosa]]></category>
            <category domain="lsb_tax_topic" nicename="krim"><![CDATA[krim]]></category>
            <category domain="lsb_tax_topic" nicename="spenning"><![CDATA[spenning]]></category>
            <category domain="lsb_tax_topic" nicename="eventyr"><![CDATA[eventyr]]></category>
            <category domain="lsb_tax_language" nicename="no_nb"><![CDATA[bokmål]]></category>
            <category domain="lsb_tax_customization" nicename="skjønnlitteratur"><![CDATA[skjønnlitteratur]]></category>
            <category domain="lsb_tax_customization" nicename="mange-bilder"><![CDATA[mange bilder]]></category>
            <wp:postmeta>
                <wp:meta_key>_thumbnail_id</wp:meta_key>
                <wp:meta_value><![CDATA[5521]]></wp:meta_value>
            </wp:postmeta>
        </item>
        <item>
            <title>Azur-bok-1-krakens-septer_hd_image.jpg</title>
            <wp:post_id>5521</wp:post_id>
            <wp:status>inherit</wp:status>
            <wp:post_type>attachment</wp:post_type>
            <wp:attachment_url>https://raw.githubusercontent.com/lesersokerbok/boksok.no-data-utils/master/output-example/images/24AC09FAEE9D4E6AA3A14F13F26D7D54.jpg</wp:attachment_url>
        </item>
        <item>
            <wp:post_type>lsb_book</wp:post_type>
            <wp:status>publish</wp:status>
            <title>Fjorden</title>
            <excerpt:encoded><![CDATA[Når faren dør tenker sønnen tilbake   på reisen som forandret forholdet   mellom de to. ]]></excerpt:encoded>
            <wp:postmeta>
                <wp:meta_key>lsb_isbn</wp:meta_key>
                <wp:meta_value><![CDATA[9788203350351]]></wp:meta_value>
            </wp:postmeta>
            <wp:postmeta>
                <wp:meta_key>_lsb_isbn</wp:meta_key>
                <wp:meta_value><![CDATA[lsb_acf_isbn]]></wp:meta_value>
            </wp:postmeta>
            <wp:postmeta>
                <wp:meta_key>lsb_published_year</wp:meta_key>
                <wp:meta_value><![CDATA[2011]]></wp:meta_value>
            </wp:postmeta>
            <wp:postmeta>
                <wp:meta_key>_lsb_published_year</wp:meta_key>
                <wp:meta_value><![CDATA[lsb_acf_published_year]]></wp:meta_value>
            </wp:postmeta>
            <wp:postmeta>
                <wp:meta_key>lsb_pages</wp:meta_key>
                <wp:meta_value><![CDATA[235]]></wp:meta_value>
            </wp:postmeta>
            <wp:postmeta>
                <wp:meta_key>_lsb_pages</wp:meta_key>
                <wp:meta_value><![CDATA[lsb_acf_pages]]></wp:meta_value>
            </wp:postmeta>
            <wp:postmeta>
                <wp:meta_key>lsb_review</wp:meta_key>
                <wp:meta_value><![CDATA[  <div>Sønnen var åtte år gammel </div>  <div>da han og faren reiste hjem langs </div>  <div>Hardangerfjorden i en liten, </div>  <div>brun trebåt. </div>  <div>Reisen med faren preget gutten </div>  <div>resten av livet. </div>  <div>&#160;</div>  <div><strong>Fjorden</strong> er en sår bok </div>  <div>om forholdet mellom far og sønn. </div>  <div>Teksten har en del lange setninger, </div>  <div>men handlingen er langsom, </div>  <div>og mye av innholdet gjentar seg. </div>  <div>Teksten er trykket i stor font. </div>  <div>Det er ganske mye luft i oppsettet, </div>  <div>bortsett fra de siste ti sidene, </div>  <div>som er skrevet ganske tett. </div>  <div>&#160;</div>  <div><strong>Lars Ove Seljestad </strong>kommer fra </div>  <div>Hardanger. Han debuterte i 2005 </div>  <div>med boka <strong>Blind</strong>, som han fikk </div>  <div>veldig god kritikk for. Han har også </div>  <div>gitt ut essaysamlinga <strong>Bastard</strong> (2006) </div>  <div>og romanen <strong>Frægd</strong> (2009).</div>  <div>&#160;</div>  ]]></wp:meta_value>
            </wp:postmeta>
            <wp:postmeta>
                <wp:meta_key>_lsb_review</wp:meta_key>
                <wp:meta_value><![CDATA[lsb_acf_review]]></wp:meta_value>
            </wp:postmeta>
            <wp:postmeta>
                <wp:meta_key>lsb_quote</wp:meta_key>
                <wp:meta_value><![CDATA[   Vi må til land. Det er for mye sjø. Vi må gå inn   og venta til det roar seg, roper han til meg. Vi kan   ikkje gå over Samlen i dette vêret.      Far er så annleis. Eg får ikkje riktig tak på kva det   er. Han ropar til meg med høg hard stemme som   om han er sint på meg, som om eg har gjort noe   galt, som om eg har gjort han noe. Men det har eg   ikkje.  ]]></wp:meta_value>
            </wp:postmeta>
            <wp:postmeta>
                <wp:meta_key>_lsb_quote</wp:meta_key>
                <wp:meta_value><![CDATA[lsb_acf_quote]]></wp:meta_value>
            </wp:postmeta>
            <wp:postmeta>
                <wp:meta_key>lsb_supported</wp:meta_key>
                <wp:meta_value><![CDATA[0]]></wp:meta_value>
            </wp:postmeta>
            <wp:postmeta>
                <wp:meta_key>_lsb_supported</wp:meta_key>
                <wp:meta_value><![CDATA[lsb_acf_supported]]></wp:meta_value>
            </wp:postmeta>
            <category domain="lsb_tax_author" nicename="lars-ove-seljestad"><![CDATA[Lars Ove Seljestad]]></category>
            <category domain="lsb_tax_publisher" nicename="aschehoug"><![CDATA[Aschehoug]]></category>
            <wp:postmeta>
                <wp:meta_key>lsb_look_inside</wp:meta_key>
                <wp:meta_value><![CDATA[CUSTOM_BLA_I_BOKA]]></wp:meta_value>
            </wp:postmeta>
            <wp:postmeta>
                <wp:meta_key>_lsb_look_inside</wp:meta_key>
                <wp:meta_value><![CDATA[lsb_acf_look_inside]]></wp:meta_value>
            </wp:postmeta>
            <category domain="lsb_tax_age" nicename="voksne"><![CDATA[voksne]]></category>
            <category domain="lsb_tax_genre" nicename="prosa"><![CDATA[prosa]]></category>
            <category domain="lsb_tax_topic" nicename="mennesker-i-mellom"><![CDATA[mennesker i mellom]]></category>
            <category domain="lsb_tax_language" nicename="no_nn"><![CDATA[nynorsk]]></category>
            <category domain="lsb_tax_customization" nicename="skjønnlitteratur"><![CDATA[skjønnlitteratur]]></category>
            <wp:postmeta>
                <wp:meta_key>_thumbnail_id</wp:meta_key>
                <wp:meta_value><![CDATA[5522]]></wp:meta_value>
            </wp:postmeta>
        </item>
        <item>
            <title>Fjorden.jpg</title>
            <wp:post_id>5522</wp:post_id>
            <wp:status>inherit</wp:status>
            <wp:post_type>attachment</wp:post_type>
            <wp:attachment_url>https://raw.githubusercontent.com/lesersokerbok/boksok.no-data-utils/master/output-example/images/AECFA70F5B10435A82630E99955F9F25.jpg</wp:attachment_url>
        </item>
        <item>
            <wp:post_type>lsb_book</wp:post_type>
            <wp:status>publish</wp:status>
            <title>Norsk fotballhår</title>
            <excerpt:encoded><![CDATA[Denne boka viser    at norske fotballspillere er opptatt av hår.   Men moten har endret seg. ]]></excerpt:encoded>
            <wp:postmeta>
                <wp:meta_key>lsb_isbn</wp:meta_key>
                <wp:meta_value><![CDATA[9788251635035]]></wp:meta_value>
            </wp:postmeta>
            <wp:postmeta>
                <wp:meta_key>_lsb_isbn</wp:meta_key>
                <wp:meta_value><![CDATA[lsb_acf_isbn]]></wp:meta_value>
            </wp:postmeta>
            <wp:postmeta>
                <wp:meta_key>lsb_published_year</wp:meta_key>
                <wp:meta_value><![CDATA[2009]]></wp:meta_value>
            </wp:postmeta>
            <wp:postmeta>
                <wp:meta_key>_lsb_published_year</wp:meta_key>
                <wp:meta_value><![CDATA[lsb_acf_published_year]]></wp:meta_value>
            </wp:postmeta>
            <wp:postmeta>
                <wp:meta_key>lsb_pages</wp:meta_key>
                <wp:meta_value/>
            </wp:postmeta>
            <wp:postmeta>
                <wp:meta_key>_lsb_pages</wp:meta_key>
                <wp:meta_value><![CDATA[lsb_acf_pages]]></wp:meta_value>
            </wp:postmeta>
            <wp:postmeta>
                <wp:meta_key>lsb_review</wp:meta_key>
                <wp:meta_value><![CDATA[  <div><strong>Norsk fotballhår</strong> er full av hår.</div>  <div>Gjennom historien har norske fotballspillere</div>  <div>hatt mange rare hårsveiser. </div>  <div>Boka har bilder av lag og spillere </div>  <div>som viser fram hårmoten. </div>  <div>Det er til å le seg skakk av. &#160;</div>  <div>&#160; &#160;</div>  <div>Boka har mange bilder </div>  <div>og lite tekst. </div>  <div>Bildene viser mange flotte hårmoter </div>  <div>fra tiden før krigen og frem til i dag.&#160;</div>  <div>Sammen gjør teksten og bildene&#160;</div>  <div>at man trekker på smilebåndet.&#160;</div>  <div><br />  </div>  <div><strong>Jon Hjørnevik</strong>&#160;har skrevet mange&#160;</div>  <div>morsomme dikt. &#160;</div>  <div><strong>Atle Nielsen</strong>&#160;kommenterer&#160;</div>  <div>til daglig sport&#160;på <a class="mw-redirect" title="TV2" href="http://no.wikipedia.org/wiki/TV2">TV2</a>.&#160;</div>  ]]></wp:meta_value>
            </wp:postmeta>
            <wp:postmeta>
                <wp:meta_key>_lsb_review</wp:meta_key>
                <wp:meta_value><![CDATA[lsb_acf_review]]></wp:meta_value>
            </wp:postmeta>
            <wp:postmeta>
                <wp:meta_key>lsb_quote</wp:meta_key>
                <wp:meta_value><![CDATA[Arne Brustads sveis står som et lysende eksempel på fenomenet   «tidlig etterkrigshår». Helten (bakerst t.h.) fra bronselaget i 1936 og   VM-laget i `38 hadde en stor karriere, også etter okkupasjonen. Her   utsnitt fra lagbilde før cupfinalen mot Fredrikstad på Ullevaal i 1946.  Både sveisen og resultatet var pent.        ]]></wp:meta_value>
            </wp:postmeta>
            <wp:postmeta>
                <wp:meta_key>_lsb_quote</wp:meta_key>
                <wp:meta_value><![CDATA[lsb_acf_quote]]></wp:meta_value>
            </wp:postmeta>
            <wp:postmeta>
                <wp:meta_key>lsb_supported</wp:meta_key>
                <wp:meta_value><![CDATA[0]]></wp:meta_value>
            </wp:postmeta>
            <wp:postmeta>
                <wp:meta_key>_lsb_supported</wp:meta_key>
                <wp:meta_value><![CDATA[lsb_acf_supported]]></wp:meta_value>
            </wp:postmeta>
            <category domain="lsb_tax_author" nicename="jon-hjørenveik-og-atle-nilsen"><![CDATA[Jon Hjørenveik og Atle Nilsen]]></category>
            <category domain="lsb_tax_publisher" nicename="schibsted"><![CDATA[Schibsted]]></category>
            <wp:postmeta>
                <wp:meta_key>lsb_look_inside</wp:meta_key>
                <wp:meta_value><![CDATA[CUSTOM_BLA_I_BOKA]]></wp:meta_value>
            </wp:postmeta>
            <wp:postmeta>
                <wp:meta_key>_lsb_look_inside</wp:meta_key>
                <wp:meta_value><![CDATA[lsb_acf_look_inside]]></wp:meta_value>
            </wp:postmeta>
            <category domain="lsb_tax_age" nicename="ungdom"><![CDATA[ungdom]]></category>
            <category domain="lsb_tax_age" nicename="voksne"><![CDATA[voksne]]></category>
            <category domain="lsb_tax_genre" nicename="faglitteratur"><![CDATA[faglitteratur]]></category>
            <category domain="lsb_tax_topic" nicename="humor"><![CDATA[humor]]></category>
            <category domain="lsb_tax_topic" nicename="sport"><![CDATA[sport]]></category>
            <category domain="lsb_tax_language" nicename="no_nb"><![CDATA[bokmål]]></category>
            <category domain="lsb_tax_customization" nicename="faglitteratur"><![CDATA[faglitteratur]]></category>
            <category domain="lsb_tax_customization" nicename="bilder"><![CDATA[bilder]]></category>
            <category domain="lsb_tax_customization" nicename="mange-bilder"><![CDATA[mange bilder]]></category>
            <wp:postmeta>
                <wp:meta_key>_thumbnail_id</wp:meta_key>
                <wp:meta_value><![CDATA[5523]]></wp:meta_value>
            </wp:postmeta>
        </item>
        <item>
            <title>Norsk fotballhår.jpg</title>
            <wp:post_id>5523</wp:post_id>
            <wp:status>inherit</wp:status>
            <wp:post_type>attachment</wp:post_type>
            <wp:attachment_url>https://raw.githubusercontent.com/lesersokerbok/boksok.no-data-utils/master/output-example/images/297FD382813A4F5C991B9EC124F13482.jpg</wp:attachment_url>
        </item>
        <item>
            <wp:post_type>lsb_book</wp:post_type>
            <wp:status>publish</wp:status>
            <title>Ingen som røyker hopper strikk</title>
            <excerpt:encoded><![CDATA[Morsom bok om det øyeblikket da man slutter å være barn   og begynner å være voksen.]]></excerpt:encoded>
            <wp:postmeta>
                <wp:meta_key>lsb_isbn</wp:meta_key>
                <wp:meta_value><![CDATA[9788202308797]]></wp:meta_value>
            </wp:postmeta>
            <wp:postmeta>
                <wp:meta_key>_lsb_isbn</wp:meta_key>
                <wp:meta_value><![CDATA[lsb_acf_isbn]]></wp:meta_value>
            </wp:postmeta>
            <wp:postmeta>
                <wp:meta_key>lsb_published_year</wp:meta_key>
                <wp:meta_value><![CDATA[2009]]></wp:meta_value>
            </wp:postmeta>
            <wp:postmeta>
                <wp:meta_key>_lsb_published_year</wp:meta_key>
                <wp:meta_value><![CDATA[lsb_acf_published_year]]></wp:meta_value>
            </wp:postmeta>
            <wp:postmeta>
                <wp:meta_key>lsb_pages</wp:meta_key>
                <wp:meta_value><![CDATA[123]]></wp:meta_value>
            </wp:postmeta>
            <wp:postmeta>
                <wp:meta_key>_lsb_pages</wp:meta_key>
                <wp:meta_value><![CDATA[lsb_acf_pages]]></wp:meta_value>
            </wp:postmeta>
            <wp:postmeta>
                <wp:meta_key>lsb_review</wp:meta_key>
                <wp:meta_value><![CDATA[  <div>Året er 1980. Billie vokser opp på Rykkinn i Bærum.</div>  <div>Rundt henne stemmer folk Høyre,</div>  <div>og kler seg i pastell og perler. <br />  </div>  <div>Selv bor hun sammen med en mor som er kommunist,</div>  <div>og en bror som har hanekam.<br />  Dette er fortellingen om Billies vei fra å være barn,</div>  <div>til å bli ungdom og senere voksen. </div>  <div>Alt begynner den dagen hun tenner sin første røyk.<br />  <br />  <strong>Ingen som røyker hopper strikk</strong> er skrevet om ungdom.</div>  <div>Samtidig blir alt skrevet fra et voksent ståsted,</div>  <div>mange år senere. Derfor egner denne boka seg <br />  minst like godt for alle som har vært ungdom, </div>  <div>men ikke er det lenger. </div>  <div>  Teksten er enkel og morsom, med mye dialog.</div>  <div>Boka har korte linjer og mye luft på sidene. <strong><br />  <br />  Linde Hagerup</strong> (født 1968) var selv ungdom på 80-tallet.<br />  Hun har skrevet flere bøker for vokne og barn,</div>  <div>og vært medredaktør for bladet Vagant. <br />  </div>  <div>Dette er den første av tre bøker om Billie. <br />  </div>  ]]></wp:meta_value>
            </wp:postmeta>
            <wp:postmeta>
                <wp:meta_key>_lsb_review</wp:meta_key>
                <wp:meta_value><![CDATA[lsb_acf_review]]></wp:meta_value>
            </wp:postmeta>
            <wp:postmeta>
                <wp:meta_key>lsb_quote</wp:meta_key>
                <wp:meta_value><![CDATA[- Jenta mi, jeg kjenner deg. Hva så dere på?  Jeg stønna. På veggen bak henne hang portrettet av  bestefar med en pipe i kjeften. Jeg så på ham, og lurte  på hva han ville gjort. Men det hadde blitt for seint  å spørre bestefar om noe som helst, og dessut]]></wp:meta_value>
            </wp:postmeta>
            <wp:postmeta>
                <wp:meta_key>_lsb_quote</wp:meta_key>
                <wp:meta_value><![CDATA[lsb_acf_quote]]></wp:meta_value>
            </wp:postmeta>
            <wp:postmeta>
                <wp:meta_key>lsb_supported</wp:meta_key>
                <wp:meta_value><![CDATA[0]]></wp:meta_value>
            </wp:postmeta>
            <wp:postmeta>
                <wp:meta_key>_lsb_supported</wp:meta_key>
                <wp:meta_value><![CDATA[lsb_acf_supported]]></wp:meta_value>
            </wp:postmeta>
            <category domain="lsb_tax_author" nicename="linde-hagerup"><![CDATA[Linde Hagerup]]></category>
            <category domain="lsb_tax_publisher" nicename="cappelen-damm"><![CDATA[Cappelen Damm]]></category>
            <wp:postmeta>
                <wp:meta_key>lsb_look_inside</wp:meta_key>
                <wp:meta_value><![CDATA[CUSTOM_BLA_I_BOKA]]></wp:meta_value>
            </wp:postmeta>
            <wp:postmeta>
                <wp:meta_key>_lsb_look_inside</wp:meta_key>
                <wp:meta_value><![CDATA[lsb_acf_look_inside]]></wp:meta_value>
            </wp:postmeta>
            <category domain="lsb_tax_age" nicename="ungdom"><![CDATA[ungdom]]></category>
            <category domain="lsb_tax_age" nicename="voksne"><![CDATA[voksne]]></category>
            <category domain="lsb_tax_genre" nicename="prosa"><![CDATA[prosa]]></category>
            <category domain="lsb_tax_topic" nicename="humor"><![CDATA[humor]]></category>
            <category domain="lsb_tax_topic" nicename="mennesker-i-mellom"><![CDATA[mennesker i mellom]]></category>
            <category domain="lsb_tax_language" nicename="no_nb"><![CDATA[bokmål]]></category>
            <category domain="lsb_tax_customization" nicename="skjønnlitteratur"><![CDATA[skjønnlitteratur]]></category>
            <wp:postmeta>
                <wp:meta_key>_thumbnail_id</wp:meta_key>
                <wp:meta_value><![CDATA[5524]]></wp:meta_value>
            </wp:postmeta>
        </item>
        <item>
            <title>Hagerup_IngenSomRoykerHopper.jpg</title>
            <wp:post_id>5524</wp:post_id>
            <wp:status>inherit</wp:status>
            <wp:post_type>attachment</wp:post_type>
            <wp:attachment_url>https://raw.githubusercontent.com/lesersokerbok/boksok.no-data-utils/master/output-example/images/BF9B34B6F5974CAFBC248A0CF6007364.jpg</wp:attachment_url>
        </item>
        <item>
            <wp:post_type>lsb_book</wp:post_type>
            <wp:status>publish</wp:status>
            <title>Verdens beste pappa</title>
            <excerpt:encoded><![CDATA[Veien til familiens gjerte går gjennom kjøkkenet.  En fengende kokebok for pappa.]]></excerpt:encoded>
            <wp:postmeta>
                <wp:meta_key>lsb_isbn</wp:meta_key>
                <wp:meta_value><![CDATA[9788248910961]]></wp:meta_value>
            </wp:postmeta>
            <wp:postmeta>
                <wp:meta_key>_lsb_isbn</wp:meta_key>
                <wp:meta_value><![CDATA[lsb_acf_isbn]]></wp:meta_value>
            </wp:postmeta>
            <wp:postmeta>
                <wp:meta_key>lsb_published_year</wp:meta_key>
                <wp:meta_value><![CDATA[2011]]></wp:meta_value>
            </wp:postmeta>
            <wp:postmeta>
                <wp:meta_key>_lsb_published_year</wp:meta_key>
                <wp:meta_value><![CDATA[lsb_acf_published_year]]></wp:meta_value>
            </wp:postmeta>
            <wp:postmeta>
                <wp:meta_key>lsb_pages</wp:meta_key>
                <wp:meta_value><![CDATA[144]]></wp:meta_value>
            </wp:postmeta>
            <wp:postmeta>
                <wp:meta_key>_lsb_pages</wp:meta_key>
                <wp:meta_value><![CDATA[lsb_acf_pages]]></wp:meta_value>
            </wp:postmeta>
            <wp:postmeta>
                <wp:meta_key>lsb_review</wp:meta_key>
                <wp:meta_value><![CDATA[  <div>For den som vil være verdens beste pappa,</div>  <div>er dette viktig å vite:<br />  Nesten alt mor gjør,</div>  <div>kan far gjøre like godt.</div>  <div>Bare litt annerledes. Og på sin egen måte. <br />  Slik er det på jobben, og slik er det hjemme.</div>  <div>- Og på kjøkkenet.<br />  Selv pappaer som ikke leser kokebøker på sengen<br />  kan koke hverdagsmat som metter store og små. <br />  <br />  Denne kokeboka har tydelig oppsett<br />  med symboler for hvert punkt i oppskriften.<br />  Det er noen lange setninger og ord,</div>  <div>men stilen er lett og ledig.<br />  Tips, vitser og historier krydrer teksten,</div>  <div>uten å bryte leseflyten.</div>  <div>&#160;</div>  <div>Per Asbjørn Risnes jr. er skribent og pappa.</div>  <div>Han har tidligere gitt ut to bøker<br />  om det å bli verdens beste pappa og bestefar.<br />  </div>  ]]></wp:meta_value>
            </wp:postmeta>
            <wp:postmeta>
                <wp:meta_key>_lsb_review</wp:meta_key>
                <wp:meta_value><![CDATA[lsb_acf_review]]></wp:meta_value>
            </wp:postmeta>
            <wp:postmeta>
                <wp:meta_key>lsb_quote</wp:meta_key>
                <wp:meta_value><![CDATA[Det første du må huske på når du er familiens kokk, er at  gjestene dine er litt utenom det vanlige. De består av barn,   og moren til dine barn.    Mange mødre er som Michelin-inspektører, inkvisisjonen  og Fedon Lindberg i ett. De vet hvor allting er, hvilke vitaminer  barna trenger akkurat i dag, og hvordan en rett bør være  sammensatt. Kanskje vet hun også hvorfor det hadde vært  bedre med noe helt annet enn det du har tenkt å servere.    Alt dette kan du glatt velge å overse. Den som har   kapteinsbindet, er kaptein. Den som har kokkeluen på, er   chef, med stor C. Du kan sende hvem som helst på benken,  hvis du vil.    De andre gjestene, barna, hører til en helt annen rase   enn voksne. De er som dyr. Ville dyr.]]></wp:meta_value>
            </wp:postmeta>
            <wp:postmeta>
                <wp:meta_key>_lsb_quote</wp:meta_key>
                <wp:meta_value><![CDATA[lsb_acf_quote]]></wp:meta_value>
            </wp:postmeta>
            <wp:postmeta>
                <wp:meta_key>lsb_supported</wp:meta_key>
                <wp:meta_value><![CDATA[0]]></wp:meta_value>
            </wp:postmeta>
            <wp:postmeta>
                <wp:meta_key>_lsb_supported</wp:meta_key>
                <wp:meta_value><![CDATA[lsb_acf_supported]]></wp:meta_value>
            </wp:postmeta>
            <category domain="lsb_tax_author" nicename="per-asbjørn-risnes-jr."><![CDATA[Per Asbjørn Risnes jr.]]></category>
            <category domain="lsb_tax_publisher" nicename="kagge"><![CDATA[Kagge]]></category>
            <wp:postmeta>
                <wp:meta_key>lsb_look_inside</wp:meta_key>
                <wp:meta_value><![CDATA[CUSTOM_BLA_I_BOKA]]></wp:meta_value>
            </wp:postmeta>
            <wp:postmeta>
                <wp:meta_key>_lsb_look_inside</wp:meta_key>
                <wp:meta_value><![CDATA[lsb_acf_look_inside]]></wp:meta_value>
            </wp:postmeta>
            <category domain="lsb_tax_age" nicename="voksne"><![CDATA[voksne]]></category>
            <category domain="lsb_tax_genre" nicename="faglitteratur"><![CDATA[faglitteratur]]></category>
            <category domain="lsb_tax_genre" nicename="dokumentar"><![CDATA[dokumentar]]></category>
            <category domain="lsb_tax_genre" nicename="fakta"><![CDATA[fakta]]></category>
            <category domain="lsb_tax_topic" nicename="mat"><![CDATA[mat]]></category>
            <category domain="lsb_tax_topic" nicename="helse"><![CDATA[helse]]></category>
            <category domain="lsb_tax_language" nicename="no_nb"><![CDATA[bokmål]]></category>
            <category domain="lsb_tax_customization" nicename="faglitteratur"><![CDATA[faglitteratur]]></category>
            <wp:postmeta>
                <wp:meta_key>_thumbnail_id</wp:meta_key>
                <wp:meta_value><![CDATA[5525]]></wp:meta_value>
            </wp:postmeta>
        </item>
        <item>
            <title>org_verdens_beste_pappa.jpg</title>
            <wp:post_id>5525</wp:post_id>
            <wp:status>inherit</wp:status>
            <wp:post_type>attachment</wp:post_type>
            <wp:attachment_url>https://raw.githubusercontent.com/lesersokerbok/boksok.no-data-utils/master/output-example/images/EA9AC5751AA24C8D9A4E64408297FECF.jpg</wp:attachment_url>
        </item>
        <item>
            <wp:post_type>lsb_book</wp:post_type>
            <wp:status>publish</wp:status>
            <title>Etterpå varer så lenge</title>
            <excerpt:encoded><![CDATA[Nær bok om å savne noen.]]></excerpt:encoded>
            <wp:postmeta>
                <wp:meta_key>lsb_isbn</wp:meta_key>
                <wp:meta_value><![CDATA[9788203253980]]></wp:meta_value>
            </wp:postmeta>
            <wp:postmeta>
                <wp:meta_key>_lsb_isbn</wp:meta_key>
                <wp:meta_value><![CDATA[lsb_acf_isbn]]></wp:meta_value>
            </wp:postmeta>
            <wp:postmeta>
                <wp:meta_key>lsb_published_year</wp:meta_key>
                <wp:meta_value><![CDATA[2011]]></wp:meta_value>
            </wp:postmeta>
            <wp:postmeta>
                <wp:meta_key>_lsb_published_year</wp:meta_key>
                <wp:meta_value><![CDATA[lsb_acf_published_year]]></wp:meta_value>
            </wp:postmeta>
            <wp:postmeta>
                <wp:meta_key>lsb_pages</wp:meta_key>
                <wp:meta_value><![CDATA[121]]></wp:meta_value>
            </wp:postmeta>
            <wp:postmeta>
                <wp:meta_key>_lsb_pages</wp:meta_key>
                <wp:meta_value><![CDATA[lsb_acf_pages]]></wp:meta_value>
            </wp:postmeta>
            <wp:postmeta>
                <wp:meta_key>lsb_review</wp:meta_key>
                <wp:meta_value><![CDATA[  <div class="ingress">Stella er død. Hun har vært død </div>  <div class="ingress">i tjueto dager og tjueto netter. <br />  Benny klarer ikke flere dager uten Stella. <br />  En   dag begynner det ei ny jente i klassen. <br />  Flinke, pene Sara som får alle til å   le. </div>  <div class="ingress">Klassen kan ikke la være å elske henne. </div>  <div class="ingress">Bare ikke Benny. Hun skal  aldri </div>  <div class="ingress">la henne ta plassen til Stella. Aldri. </div>  <div class="ingress"><strong>&#160;</strong></div>  <div class="ingress">Språket i boka er enkelt og det er mye dialog.</div>  <div class="ingress">Det kunne vært mer luft på sidene, </div>  <div class="ingress">og på et par steder er det tekst på engelsk.&#160; <br />  </div>  <div class="ingress"><strong>&#160;</strong></div>  <div class="ingress"><strong>Etterpå varer så lenge</strong> har fått Kritikerprisen </div>  <div class="ingress">for beste barne- og ungdomsbok.&#160;<br />  </div>  <div class="ingress">Den er en fri fortsettelse av boka<strong> Stella</strong> fra 2004.</div>  <div class="ingress">Karin Kinge Lindboe ga ut sin første bok i 1992, </div>  <div class="ingress">og siden har hun gitt ut mange bøker for barn og ungdom. <br />  </div>  ]]></wp:meta_value>
            </wp:postmeta>
            <wp:postmeta>
                <wp:meta_key>_lsb_review</wp:meta_key>
                <wp:meta_value><![CDATA[lsb_acf_review]]></wp:meta_value>
            </wp:postmeta>
            <wp:postmeta>
                <wp:meta_key>lsb_quote</wp:meta_key>
                <wp:meta_value><![CDATA[Jeg skal begrave øredobben hennes også. Hun skal få  den igjen. Langt ned i jorda.   - Ikke forsvinn du også, sier Janne, så lavt at jeg tror   jeg har tenkt det selv.   Forsvinne? Jeg bare er.   I tjueto dager og tjueto netter.  - Kanskje jeg vil forsvinne, svarer jeg. Like lavt.   Janne sier ikke mer. Kanskje jeg har tenkt det. Sagt   det inni hodet mitt.        Så går vi til skolen, Janne og jeg. I en uke har han  gått ved siden av meg, ventet ved postkassa vår. Det er  første gang han sier noe. Jeg ser nedover beina mine, på   føttene. De går og går. Kikker på Jannes føtter. De går og   går de også. Underlige føtter, ved siden av hverandre, på  vei mot skoleporten. Alt er som før. Bare snøen ble borte  sammen med Stella.]]></wp:meta_value>
            </wp:postmeta>
            <wp:postmeta>
                <wp:meta_key>_lsb_quote</wp:meta_key>
                <wp:meta_value><![CDATA[lsb_acf_quote]]></wp:meta_value>
            </wp:postmeta>
            <wp:postmeta>
                <wp:meta_key>lsb_supported</wp:meta_key>
                <wp:meta_value><![CDATA[0]]></wp:meta_value>
            </wp:postmeta>
            <wp:postmeta>
                <wp:meta_key>_lsb_supported</wp:meta_key>
                <wp:meta_value><![CDATA[lsb_acf_supported]]></wp:meta_value>
            </wp:postmeta>
            <category domain="lsb_tax_author" nicename="karin-kinge-lindboe"><![CDATA[Karin Kinge Lindboe]]></category>
            <category domain="lsb_tax_publisher" nicename="aschehoug"><![CDATA[Aschehoug]]></category>
            <wp:postmeta>
                <wp:meta_key>lsb_look_inside</wp:meta_key>
                <wp:meta_value><![CDATA[CUSTOM_BLA_I_BOKA]]></wp:meta_value>
            </wp:postmeta>
            <wp:postmeta>
                <wp:meta_key>_lsb_look_inside</wp:meta_key>
                <wp:meta_value><![CDATA[lsb_acf_look_inside]]></wp:meta_value>
            </wp:postmeta>
            <category domain="lsb_tax_age" nicename="ungdom"><![CDATA[ungdom]]></category>
            <category domain="lsb_tax_genre" nicename="prosa"><![CDATA[prosa]]></category>
            <category domain="lsb_tax_topic" nicename="mennesker-i-mellom"><![CDATA[mennesker i mellom]]></category>
            <category domain="lsb_tax_language" nicename="no_nb"><![CDATA[bokmål]]></category>
            <category domain="lsb_tax_customization" nicename="skjønnlitteratur"><![CDATA[skjønnlitteratur]]></category>
            <wp:postmeta>
                <wp:meta_key>_thumbnail_id</wp:meta_key>
                <wp:meta_value><![CDATA[5526]]></wp:meta_value>
            </wp:postmeta>
        </item>
        <item>
            <title>Etterpå varer så lenge.jpg</title>
            <wp:post_id>5526</wp:post_id>
            <wp:status>inherit</wp:status>
            <wp:post_type>attachment</wp:post_type>
            <wp:attachment_url>https://raw.githubusercontent.com/lesersokerbok/boksok.no-data-utils/master/output-example/images/8922E032F9404DFFA2BB57204BC8628B.jpg</wp:attachment_url>
        </item>
        <item>
            <wp:post_type>lsb_book</wp:post_type>
            <wp:status>publish</wp:status>
            <title>Phenomena Azur bok 2</title>
            <excerpt:encoded><![CDATA[Andre bok i serien om havmannen Azur, en av skikkelsene i Phenomena-universet.]]></excerpt:encoded>
            <wp:postmeta>
                <wp:meta_key>lsb_isbn</wp:meta_key>
                <wp:meta_value><![CDATA[9788205408791]]></wp:meta_value>
            </wp:postmeta>
            <wp:postmeta>
                <wp:meta_key>_lsb_isbn</wp:meta_key>
                <wp:meta_value><![CDATA[lsb_acf_isbn]]></wp:meta_value>
            </wp:postmeta>
            <wp:postmeta>
                <wp:meta_key>lsb_published_year</wp:meta_key>
                <wp:meta_value><![CDATA[2011]]></wp:meta_value>
            </wp:postmeta>
            <wp:postmeta>
                <wp:meta_key>_lsb_published_year</wp:meta_key>
                <wp:meta_value><![CDATA[lsb_acf_published_year]]></wp:meta_value>
            </wp:postmeta>
            <wp:postmeta>
                <wp:meta_key>lsb_pages</wp:meta_key>
                <wp:meta_value><![CDATA[41]]></wp:meta_value>
            </wp:postmeta>
            <wp:postmeta>
                <wp:meta_key>_lsb_pages</wp:meta_key>
                <wp:meta_value><![CDATA[lsb_acf_pages]]></wp:meta_value>
            </wp:postmeta>
            <wp:postmeta>
                <wp:meta_key>lsb_review</wp:meta_key>
                <wp:meta_value><![CDATA[  <div>Azur har tatt Krakens septer,</div>  <div>og han angrer. Nå er både Kraken </div>  <div>og septerets vokter, Ciberios, </div>  <div>ute etter ham. Fortsatt vet han ikke </div>  <div>om han virkelig er den utvalgte.</div>  <div>Hvor kan han finne svar?</div>  <div>Hvor kan han gjemme seg?</div>  <div>Nede i dypet, der de tusen sjeler vandrer fritt?</div>  <div>&#160;</div>  <div>Boka er kort og har mange bilder.&#160;</div>  <div>Historien er spennende og driver leseren fremover.&#160;</div>  <div>Noen av setningene er lange,</div>  <div>og av og til er det vanskelige ord fra universet Phenomena.</div>  <div>&#160;</div>  Ruben Eliassen er en av de mest kjente <br />  fantasy-forfatterne i Norge. Han har også skrevet <br />  serien om <strong>Phenomena</strong> og tre bøker om <strong>Mare</strong>.  ]]></wp:meta_value>
            </wp:postmeta>
            <wp:postmeta>
                <wp:meta_key>_lsb_review</wp:meta_key>
                <wp:meta_value><![CDATA[lsb_acf_review]]></wp:meta_value>
            </wp:postmeta>
            <wp:postmeta>
                <wp:meta_key>lsb_quote</wp:meta_key>
                <wp:meta_value><![CDATA[En skygge vokste fram og la sandbunnen i mørke.   Azur stoppet opp.   Skyggen formet seg som et enormt vesen, og  konturene av skikkelsen skalv i vannet, som på et  øyeblikk ble kaldt og dødt.   Azur kjente at han ble kald av skjekk. Var dette Kraken?    - Du har noe som er mitt!  Skyggens stemme var lav og insisterende.  - Jeg mente det ikke, hvisket Azur og holdt fram  septeret.  Skyggen svarte ikke, ble bare hengede som en mørk  uværssky over ham. ]]></wp:meta_value>
            </wp:postmeta>
            <wp:postmeta>
                <wp:meta_key>_lsb_quote</wp:meta_key>
                <wp:meta_value><![CDATA[lsb_acf_quote]]></wp:meta_value>
            </wp:postmeta>
            <wp:postmeta>
                <wp:meta_key>lsb_supported</wp:meta_key>
                <wp:meta_value><![CDATA[0]]></wp:meta_value>
            </wp:postmeta>
            <wp:postmeta>
                <wp:meta_key>_lsb_supported</wp:meta_key>
                <wp:meta_value><![CDATA[lsb_acf_supported]]></wp:meta_value>
            </wp:postmeta>
            <category domain="lsb_tax_author" nicename="ruben-eliassen"><![CDATA[Ruben Eliassen]]></category>
            <category domain="lsb_tax_publisher" nicename="gyldendal"><![CDATA[Gyldendal]]></category>
            <category domain="lsb_tax_illustrator" nicename="øystein-runde"><![CDATA[Øystein Runde]]></category>
            <wp:postmeta>
                <wp:meta_key>lsb_look_inside</wp:meta_key>
                <wp:meta_value><![CDATA[CUSTOM_BLA_I_BOKA]]></wp:meta_value>
            </wp:postmeta>
            <wp:postmeta>
                <wp:meta_key>_lsb_look_inside</wp:meta_key>
                <wp:meta_value><![CDATA[lsb_acf_look_inside]]></wp:meta_value>
            </wp:postmeta>
            <category domain="lsb_tax_age" nicename="ungdom"><![CDATA[ungdom]]></category>
            <category domain="lsb_tax_genre" nicename="prosa"><![CDATA[prosa]]></category>
            <category domain="lsb_tax_topic" nicename="krim"><![CDATA[krim]]></category>
            <category domain="lsb_tax_topic" nicename="spenning"><![CDATA[spenning]]></category>
            <category domain="lsb_tax_topic" nicename="eventyr"><![CDATA[eventyr]]></category>
            <category domain="lsb_tax_language" nicename="no_nb"><![CDATA[bokmål]]></category>
            <category domain="lsb_tax_customization" nicename="skjønnlitteratur"><![CDATA[skjønnlitteratur]]></category>
            <category domain="lsb_tax_customization" nicename="mange-bilder"><![CDATA[mange bilder]]></category>
            <wp:postmeta>
                <wp:meta_key>_thumbnail_id</wp:meta_key>
                <wp:meta_value><![CDATA[5527]]></wp:meta_value>
            </wp:postmeta>
        </item>
        <item>
            <title>Azur-bok-2_hd_image.jpg</title>
            <wp:post_id>5527</wp:post_id>
            <wp:status>inherit</wp:status>
            <wp:post_type>attachment</wp:post_type>
            <wp:attachment_url>https://raw.githubusercontent.com/lesersokerbok/boksok.no-data-utils/master/output-example/images/A5E73D627E084FC9A9C690FDAFB6C438.jpg</wp:attachment_url>
        </item>
        <item>
            <wp:post_type>lsb_book</wp:post_type>
            <wp:status>publish</wp:status>
            <title>Barndommens leker</title>
            <excerpt:encoded><![CDATA[Reis tilbake til lekekassa da du var barn.]]></excerpt:encoded>
            <wp:postmeta>
                <wp:meta_key>lsb_isbn</wp:meta_key>
                <wp:meta_value><![CDATA[9788282110808]]></wp:meta_value>
            </wp:postmeta>
            <wp:postmeta>
                <wp:meta_key>_lsb_isbn</wp:meta_key>
                <wp:meta_value><![CDATA[lsb_acf_isbn]]></wp:meta_value>
            </wp:postmeta>
            <wp:postmeta>
                <wp:meta_key>lsb_published_year</wp:meta_key>
                <wp:meta_value><![CDATA[2009]]></wp:meta_value>
            </wp:postmeta>
            <wp:postmeta>
                <wp:meta_key>_lsb_published_year</wp:meta_key>
                <wp:meta_value><![CDATA[lsb_acf_published_year]]></wp:meta_value>
            </wp:postmeta>
            <wp:postmeta>
                <wp:meta_key>lsb_pages</wp:meta_key>
                <wp:meta_value><![CDATA[144]]></wp:meta_value>
            </wp:postmeta>
            <wp:postmeta>
                <wp:meta_key>_lsb_pages</wp:meta_key>
                <wp:meta_value><![CDATA[lsb_acf_pages]]></wp:meta_value>
            </wp:postmeta>
            <wp:postmeta>
                <wp:meta_key>lsb_review</wp:meta_key>
                <wp:meta_value><![CDATA[  <div>Husker du den blå kofferten full av matchbox-biler?</div>  <div>Var favoritten din i Transformers-universet Optimus Prime?</div>  <div>Savner du Tjorvendokka di?<br />  <br />  </div>  <div><strong>Barndommens leker</strong> er en minnebok</div>  <div>over barndommens leker og interesser.</div>  <div>Med tekst, bilder og sitater tar den for seg</div>  <div>blant annet barnerommet, leker, spill,&#160;</div>  <div>lekebutikken, samlemani og ulike farsotter.</div>  <div>For den nostalgiske eller den glemske,</div>  <div>kan boka hente frem minner om barnelek<br />  </div>  <div>fra etterkrigstid til åttitallet.&#160; <br />  <br />  Denne boka er en ekte myldrebok.</div>  <div>Selv om den kan virke uoversiktlig,</div>  <div>kan den leses fra oppslag til oppslag</div>  <div>og på kryss og tvers. </div>Teksten er ikke alltid enkel, men mange  <div>av ordene vil være kjente.</div>  <div>  <div>Ofte trenger man ikke å lese teksten heller,</div>  <div>for mye av innholdet ligger i bildene.&#160; <br />  </div></div>  <div>Sitatene gir en muntlig stil. <br />  Teksten er satt i spalter, men det er løs høyremarg. <br />  Boka egner seg ikke så godt for de som ser dårlig,</div>  <div>men den er flott å lese sammen.&#160; <br />  </div>  ]]></wp:meta_value>
            </wp:postmeta>
            <wp:postmeta>
                <wp:meta_key>_lsb_review</wp:meta_key>
                <wp:meta_value><![CDATA[lsb_acf_review]]></wp:meta_value>
            </wp:postmeta>
            <wp:postmeta>
                <wp:meta_key>lsb_quote</wp:meta_key>
                <wp:meta_value><![CDATA[Når det regnet ute, eller på vinterstid, gikk vi  ofte i skuffene og dro frem spillene våre. Det  fine var at mange av spillene var velkjente for  de fleste - for spillene var like gamle som   kulturene. Inntil utpå 40-tallet spilte vi kort,  Yatzy og Ludo. I tillegg ble det lagt en mengde  puslespill. De første puslespillene ble laget av  kart og solgt for første gang allerede i 1797 fra  butikken til John Spilsbury i London. Senere  fikk vi imidlertid flere puslespillmotiver å  velge mellom. Mange av de mest kjente og  kjære var med fine bilder av hester og katter,  båter og biler.]]></wp:meta_value>
            </wp:postmeta>
            <wp:postmeta>
                <wp:meta_key>_lsb_quote</wp:meta_key>
                <wp:meta_value><![CDATA[lsb_acf_quote]]></wp:meta_value>
            </wp:postmeta>
            <wp:postmeta>
                <wp:meta_key>lsb_supported</wp:meta_key>
                <wp:meta_value><![CDATA[0]]></wp:meta_value>
            </wp:postmeta>
            <wp:postmeta>
                <wp:meta_key>_lsb_supported</wp:meta_key>
                <wp:meta_value><![CDATA[lsb_acf_supported]]></wp:meta_value>
            </wp:postmeta>
            <category domain="lsb_tax_author" nicename="hedda-lloyd-rønnevig-(red.)"><![CDATA[Hedda Lloyd-Rønnevig (red.)]]></category>
            <category domain="lsb_tax_publisher" nicename="vega"><![CDATA[Vega]]></category>
            <wp:postmeta>
                <wp:meta_key>lsb_look_inside</wp:meta_key>
                <wp:meta_value><![CDATA[CUSTOM_BLA_I_BOKA]]></wp:meta_value>
            </wp:postmeta>
            <wp:postmeta>
                <wp:meta_key>_lsb_look_inside</wp:meta_key>
                <wp:meta_value><![CDATA[lsb_acf_look_inside]]></wp:meta_value>
            </wp:postmeta>
            <category domain="lsb_tax_age" nicename="voksne"><![CDATA[voksne]]></category>
            <category domain="lsb_tax_topic" nicename="historie"><![CDATA[historie]]></category>
            <category domain="lsb_tax_topic" nicename="samfunn"><![CDATA[samfunn]]></category>
            <category domain="lsb_tax_language" nicename="no_nb"><![CDATA[bokmål]]></category>
            <category domain="lsb_tax_customization" nicename="faglitteratur"><![CDATA[faglitteratur]]></category>
            <category domain="lsb_tax_customization" nicename="mange-bilder"><![CDATA[mange bilder]]></category>
            <wp:postmeta>
                <wp:meta_key>_thumbnail_id</wp:meta_key>
                <wp:meta_value><![CDATA[5528]]></wp:meta_value>
            </wp:postmeta>
        </item>
        <item>
            <title>Barndommens leker.jpg</title>
            <wp:post_id>5528</wp:post_id>
            <wp:status>inherit</wp:status>
            <wp:post_type>attachment</wp:post_type>
            <wp:attachment_url>https://raw.githubusercontent.com/lesersokerbok/boksok.no-data-utils/master/output-example/images/C2279C54EBE04539AF265128F30F28E6.jpg</wp:attachment_url>
        </item>
        <item>
            <wp:post_type>lsb_book</wp:post_type>
            <wp:status>publish</wp:status>
            <title>Phenomena Azur bok 3</title>
            <excerpt:encoded><![CDATA[Tredje bok i serien om havmannen Azur, en av skikkelsene i Phenomena-universet.]]></excerpt:encoded>
            <wp:postmeta>
                <wp:meta_key>lsb_isbn</wp:meta_key>
                <wp:meta_value><![CDATA[9788205408784]]></wp:meta_value>
            </wp:postmeta>
            <wp:postmeta>
                <wp:meta_key>_lsb_isbn</wp:meta_key>
                <wp:meta_value><![CDATA[lsb_acf_isbn]]></wp:meta_value>
            </wp:postmeta>
            <wp:postmeta>
                <wp:meta_key>lsb_published_year</wp:meta_key>
                <wp:meta_value><![CDATA[2011]]></wp:meta_value>
            </wp:postmeta>
            <wp:postmeta>
                <wp:meta_key>_lsb_published_year</wp:meta_key>
                <wp:meta_value><![CDATA[lsb_acf_published_year]]></wp:meta_value>
            </wp:postmeta>
            <wp:postmeta>
                <wp:meta_key>lsb_pages</wp:meta_key>
                <wp:meta_value><![CDATA[41]]></wp:meta_value>
            </wp:postmeta>
            <wp:postmeta>
                <wp:meta_key>_lsb_pages</wp:meta_key>
                <wp:meta_value><![CDATA[lsb_acf_pages]]></wp:meta_value>
            </wp:postmeta>
            <wp:postmeta>
                <wp:meta_key>lsb_review</wp:meta_key>
                <wp:meta_value><![CDATA[  <div>Azur er fanget i munnen til en enorm</div>  <div>steinbauta kalt Leviticuz.</div>  <div>Han har fortsatt Krakens septer med seg,</div>  <div>og både Kraken og Ciberios etter seg.</div>  <div>Hvordan skal han bli kvitt septerets forbannelse?</div>  <div>Og vil han egentlig være den utvalgte?</div>  <div>&#160;</div>  <div>Boka er kort og har mange bilder.&#160;</div>  <div>Historien er spennende og driver leseren fremover.&#160;</div>  <div>Noen av setningene er lange,</div>  <div>og av og til er det vanskelige ord fra universet Phenomena.</div>  <div>&#160;</div>  Ruben Eliassen er en av de mest kjente <br />  fantasy-forfatterne i Norge. Han har også skrevet <br />  serien om <strong>Phenomena</strong> og tre bøker om <strong>Mare</strong>.  ]]></wp:meta_value>
            </wp:postmeta>
            <wp:postmeta>
                <wp:meta_key>_lsb_review</wp:meta_key>
                <wp:meta_value><![CDATA[lsb_acf_review]]></wp:meta_value>
            </wp:postmeta>
            <wp:postmeta>
                <wp:meta_key>lsb_quote</wp:meta_key>
                <wp:meta_value><![CDATA[Azur tumlet nedover den svarte sjakten mens han skrek  av redsel.    Han famlet fortvilt etter noe å gripe tak i, men veggen  var glatt og sleip og han falt fortere og fortere.  De lysende sjelene fulgte etter ham nedover som  talløse ansikter og hender.  Leviticuz hadde sagt at han skulle hjelpe ham, men for  alt Azur visste, hadde bautaen lurt ham og overgitt ham  til Kraken.]]></wp:meta_value>
            </wp:postmeta>
            <wp:postmeta>
                <wp:meta_key>_lsb_quote</wp:meta_key>
                <wp:meta_value><![CDATA[lsb_acf_quote]]></wp:meta_value>
            </wp:postmeta>
            <wp:postmeta>
                <wp:meta_key>lsb_supported</wp:meta_key>
                <wp:meta_value><![CDATA[0]]></wp:meta_value>
            </wp:postmeta>
            <wp:postmeta>
                <wp:meta_key>_lsb_supported</wp:meta_key>
                <wp:meta_value><![CDATA[lsb_acf_supported]]></wp:meta_value>
            </wp:postmeta>
            <category domain="lsb_tax_author" nicename="ruben-eliassen"><![CDATA[Ruben Eliassen]]></category>
            <category domain="lsb_tax_publisher" nicename="gyldendal"><![CDATA[Gyldendal]]></category>
            <category domain="lsb_tax_illustrator" nicename="øystein-runde"><![CDATA[Øystein Runde]]></category>
            <wp:postmeta>
                <wp:meta_key>lsb_look_inside</wp:meta_key>
                <wp:meta_value><![CDATA[CUSTOM_BLA_I_BOKA]]></wp:meta_value>
            </wp:postmeta>
            <wp:postmeta>
                <wp:meta_key>_lsb_look_inside</wp:meta_key>
                <wp:meta_value><![CDATA[lsb_acf_look_inside]]></wp:meta_value>
            </wp:postmeta>
            <category domain="lsb_tax_age" nicename="ungdom"><![CDATA[ungdom]]></category>
            <category domain="lsb_tax_genre" nicename="prosa"><![CDATA[prosa]]></category>
            <category domain="lsb_tax_topic" nicename="krim"><![CDATA[krim]]></category>
            <category domain="lsb_tax_topic" nicename="spenning"><![CDATA[spenning]]></category>
            <category domain="lsb_tax_topic" nicename="eventyr"><![CDATA[eventyr]]></category>
            <category domain="lsb_tax_language" nicename="no_nb"><![CDATA[bokmål]]></category>
            <category domain="lsb_tax_customization" nicename="skjønnlitteratur"><![CDATA[skjønnlitteratur]]></category>
            <category domain="lsb_tax_customization" nicename="mange-bilder"><![CDATA[mange bilder]]></category>
            <wp:postmeta>
                <wp:meta_key>_thumbnail_id</wp:meta_key>
                <wp:meta_value><![CDATA[5529]]></wp:meta_value>
            </wp:postmeta>
        </item>
        <item>
            <title>Azur-bok-3_productimage.jpg</title>
            <wp:post_id>5529</wp:post_id>
            <wp:status>inherit</wp:status>
            <wp:post_type>attachment</wp:post_type>
            <wp:attachment_url>https://raw.githubusercontent.com/lesersokerbok/boksok.no-data-utils/master/output-example/images/81422859444745C999B79ACE9FEC95D5.jpg</wp:attachment_url>
        </item>
        <item>
            <wp:post_type>lsb_book</wp:post_type>
            <wp:status>publish</wp:status>
            <title>The Hummingbird Bakery: Kakedager</title>
            <excerpt:encoded><![CDATA[Fristende bok med lekre kaker.]]></excerpt:encoded>
            <wp:postmeta>
                <wp:meta_key>lsb_isbn</wp:meta_key>
                <wp:meta_value><![CDATA[9788203390128]]></wp:meta_value>
            </wp:postmeta>
            <wp:postmeta>
                <wp:meta_key>_lsb_isbn</wp:meta_key>
                <wp:meta_value><![CDATA[lsb_acf_isbn]]></wp:meta_value>
            </wp:postmeta>
            <wp:postmeta>
                <wp:meta_key>lsb_published_year</wp:meta_key>
                <wp:meta_value><![CDATA[2012]]></wp:meta_value>
            </wp:postmeta>
            <wp:postmeta>
                <wp:meta_key>_lsb_published_year</wp:meta_key>
                <wp:meta_value><![CDATA[lsb_acf_published_year]]></wp:meta_value>
            </wp:postmeta>
            <wp:postmeta>
                <wp:meta_key>lsb_pages</wp:meta_key>
                <wp:meta_value><![CDATA[255]]></wp:meta_value>
            </wp:postmeta>
            <wp:postmeta>
                <wp:meta_key>_lsb_pages</wp:meta_key>
                <wp:meta_value><![CDATA[lsb_acf_pages]]></wp:meta_value>
            </wp:postmeta>
            <wp:postmeta>
                <wp:meta_key>lsb_review</wp:meta_key>
                <wp:meta_value><![CDATA[  <div>I denne inspirerende bakeboka finner du </div>  <div>over 100 oppskrifter fra et av Storbrittanias </div>  <div>best kjente bakerier.<br />  Boka har oppskrifter på muffins, cookies,</div>  <div>whoopie pies, formkaker og ostekaker,</div>  <div>med lekre fargebilder.</div>  <div>Bakerst i boka finner du tips og steg-for-steg-forklaringer</div>  <div>til hvordan du kan pynte kakene. </div>  <div>Noen dager er bare skapt for kake!<br />  </div>  <div>&#160;</div>  <div>Hver oppskrift har trinnvise forklaringer</div>  <div>og bilde av den ferdige kaka.</div>  <div>Boka er luftig, fonten er god,</div>  <div>og det er stort sett god kontrast.<br />  Setningene kan være lange, men ikke vanskelige.</div>  <div>&#160;<br />  </div>  ]]></wp:meta_value>
            </wp:postmeta>
            <wp:postmeta>
                <wp:meta_key>_lsb_review</wp:meta_key>
                <wp:meta_value><![CDATA[lsb_acf_review]]></wp:meta_value>
            </wp:postmeta>
            <wp:postmeta>
                <wp:meta_key>lsb_quote</wp:meta_key>
                <wp:meta_value><![CDATA[Når det gjelder å pynte Hummingbird-kakene dine, er  muligheten uendelige. Du kan gjøre det enkelt, eller leke deg  med forskjellige former og temaer. De fleste av oppskriftene i  denne boken har forslag til hvordan du kan pynte kakene, men   det kan jo hende du har egne ideer. Du kan også plukke  litt fra forskjellige oppskrifter alt etter hva slags setting de  skal serveres i. Det selges et stort utvalg av pynt i forskjellige   butikker, men du kan også lage noe selv. Her er noen forlag   og tips som kan gjøre kakene dine ekstra flotte. ]]></wp:meta_value>
            </wp:postmeta>
            <wp:postmeta>
                <wp:meta_key>_lsb_quote</wp:meta_key>
                <wp:meta_value><![CDATA[lsb_acf_quote]]></wp:meta_value>
            </wp:postmeta>
            <wp:postmeta>
                <wp:meta_key>lsb_supported</wp:meta_key>
                <wp:meta_value><![CDATA[0]]></wp:meta_value>
            </wp:postmeta>
            <wp:postmeta>
                <wp:meta_key>_lsb_supported</wp:meta_key>
                <wp:meta_value><![CDATA[lsb_acf_supported]]></wp:meta_value>
            </wp:postmeta>
            <category domain="lsb_tax_author" nicename="tarek-malouf-og-hummingbird-bakerne"><![CDATA[Tarek Malouf og Hummingbird-bakerne]]></category>
            <category domain="lsb_tax_publisher" nicename="aschehoug"><![CDATA[Aschehoug]]></category>
            <category domain="lsb_tax_illustrator" nicename="kate-whitaker"><![CDATA[Kate Whitaker]]></category>
            <category domain="lsb_tax_translator" nicename="jonas-bjarkøy"><![CDATA[Jonas Bjarkøy]]></category>
            <wp:postmeta>
                <wp:meta_key>lsb_look_inside</wp:meta_key>
                <wp:meta_value><![CDATA[CUSTOM_BLA_I_BOKA]]></wp:meta_value>
            </wp:postmeta>
            <wp:postmeta>
                <wp:meta_key>_lsb_look_inside</wp:meta_key>
                <wp:meta_value><![CDATA[lsb_acf_look_inside]]></wp:meta_value>
            </wp:postmeta>
            <category domain="lsb_tax_age" nicename="ungdom"><![CDATA[ungdom]]></category>
            <category domain="lsb_tax_age" nicename="voksne"><![CDATA[voksne]]></category>
            <category domain="lsb_tax_genre" nicename="dokumentar"><![CDATA[dokumentar]]></category>
            <category domain="lsb_tax_genre" nicename="fakta"><![CDATA[fakta]]></category>
            <category domain="lsb_tax_genre" nicename="andre-sjangre"><![CDATA[andre sjangre]]></category>
            <category domain="lsb_tax_topic" nicename="mat"><![CDATA[mat]]></category>
            <category domain="lsb_tax_topic" nicename="helse"><![CDATA[helse]]></category>
            <category domain="lsb_tax_language" nicename="no_nb"><![CDATA[bokmål]]></category>
            <category domain="lsb_tax_customization" nicename="faglitteratur"><![CDATA[faglitteratur]]></category>
            <category domain="lsb_tax_customization" nicename="mange-bilder"><![CDATA[mange bilder]]></category>
            <wp:postmeta>
                <wp:meta_key>_thumbnail_id</wp:meta_key>
                <wp:meta_value><![CDATA[5530]]></wp:meta_value>
            </wp:postmeta>
        </item>
        <item>
            <title>Kakedager.jpg</title>
            <wp:post_id>5530</wp:post_id>
            <wp:status>inherit</wp:status>
            <wp:post_type>attachment</wp:post_type>
            <wp:attachment_url>https://raw.githubusercontent.com/lesersokerbok/boksok.no-data-utils/master/output-example/images/887C2225EEFD4A4F9BA725F0AC7ACE61.jpg</wp:attachment_url>
        </item>
        <item>
            <wp:post_type>lsb_book</wp:post_type>
            <wp:status>publish</wp:status>
            <title>Ketsjup er ålreit</title>
            <excerpt:encoded><![CDATA[Kari Jaquessons enkle knep for sunnere hverdagsmat]]></excerpt:encoded>
            <wp:postmeta>
                <wp:meta_key>lsb_isbn</wp:meta_key>
                <wp:meta_value><![CDATA[9788202308582]]></wp:meta_value>
            </wp:postmeta>
            <wp:postmeta>
                <wp:meta_key>_lsb_isbn</wp:meta_key>
                <wp:meta_value><![CDATA[lsb_acf_isbn]]></wp:meta_value>
            </wp:postmeta>
            <wp:postmeta>
                <wp:meta_key>lsb_published_year</wp:meta_key>
                <wp:meta_value><![CDATA[2009]]></wp:meta_value>
            </wp:postmeta>
            <wp:postmeta>
                <wp:meta_key>_lsb_published_year</wp:meta_key>
                <wp:meta_value><![CDATA[lsb_acf_published_year]]></wp:meta_value>
            </wp:postmeta>
            <wp:postmeta>
                <wp:meta_key>lsb_pages</wp:meta_key>
                <wp:meta_value><![CDATA[125]]></wp:meta_value>
            </wp:postmeta>
            <wp:postmeta>
                <wp:meta_key>_lsb_pages</wp:meta_key>
                <wp:meta_value><![CDATA[lsb_acf_pages]]></wp:meta_value>
            </wp:postmeta>
            <wp:postmeta>
                <wp:meta_key>lsb_review</wp:meta_key>
                <wp:meta_value><![CDATA[  <div><strong>Ketsjup er ålreit</strong> er en kokebok</div>  <div>som vil vise deg hvordan du kan lage</div>  <div>sunn og god mat på kort tid.&#160;</div>  <div>Kari Jaquesson brenner for å gjøre</div>  <div>Norge stadig sunnere,</div>  <div>og her foreslår hun lure løsninger</div>  <div>for alle som har det travelt.&#160;</div>  <div>&#160;</div>  <div>Forordet i boka er ikke alltid enkelt,</div>  <div>verken i oppsett eller tekst.</div>  <div>Resten av boka er oversiktlig og lett.</div>  <div>&#160;</div>  <div>Kari Jaquesson er et kjent fjes fra TV.</div>  <div>Hun har vært med på programmer som</div>  <div><strong>God morgen, Norge</strong>,<strong> Tjukkholmen</strong>, <strong>Slankekrigen</strong> </div>  <div>og <strong>Et lettere liv</strong>. Hun har også gitt ut flere bøker </div>  <div>og trenings-DVD-er. </div>  ]]></wp:meta_value>
            </wp:postmeta>
            <wp:postmeta>
                <wp:meta_key>_lsb_review</wp:meta_key>
                <wp:meta_value><![CDATA[lsb_acf_review]]></wp:meta_value>
            </wp:postmeta>
            <wp:postmeta>
                <wp:meta_key>lsb_quote</wp:meta_key>
                <wp:meta_value><![CDATA[Formiddagsmaten er viktig. Når foreldre klager til  meg over at barna kaster matpakken sin (selv om det  er færre som gjør det enn man kanskje tror), spør jeg  hva de pleier å få i matpakken. Når man har fått to  skiver kneipp med gulost og brunost hver dag i noen  år, skjønner jeg godt at man kan gå lei. Det er verdt  å investere litt i maten barna får med seg. I tillegg  trenger barna å lære hvorfor de skal spise den maten  de får med hjemmefra, og ikke minst - la dem få lov  til å være med på å bestemme.]]></wp:meta_value>
            </wp:postmeta>
            <wp:postmeta>
                <wp:meta_key>_lsb_quote</wp:meta_key>
                <wp:meta_value><![CDATA[lsb_acf_quote]]></wp:meta_value>
            </wp:postmeta>
            <wp:postmeta>
                <wp:meta_key>lsb_supported</wp:meta_key>
                <wp:meta_value><![CDATA[0]]></wp:meta_value>
            </wp:postmeta>
            <wp:postmeta>
                <wp:meta_key>_lsb_supported</wp:meta_key>
                <wp:meta_value><![CDATA[lsb_acf_supported]]></wp:meta_value>
            </wp:postmeta>
            <category domain="lsb_tax_author" nicename="kari-jaquesson"><![CDATA[Kari Jaquesson]]></category>
            <category domain="lsb_tax_publisher" nicename="cappelen-damm"><![CDATA[Cappelen Damm]]></category>
            <category domain="lsb_tax_illustrator" nicename="nicolas-tourrenc"><![CDATA[Nicolas Tourrenc]]></category>
            <wp:postmeta>
                <wp:meta_key>lsb_look_inside</wp:meta_key>
                <wp:meta_value><![CDATA[CUSTOM_BLA_I_BOKA]]></wp:meta_value>
            </wp:postmeta>
            <wp:postmeta>
                <wp:meta_key>_lsb_look_inside</wp:meta_key>
                <wp:meta_value><![CDATA[lsb_acf_look_inside]]></wp:meta_value>
            </wp:postmeta>
            <category domain="lsb_tax_age" nicename="voksne"><![CDATA[voksne]]></category>
            <category domain="lsb_tax_genre" nicename="faglitteratur"><![CDATA[faglitteratur]]></category>
            <category domain="lsb_tax_topic" nicename="mat"><![CDATA[mat]]></category>
            <category domain="lsb_tax_topic" nicename="helse"><![CDATA[helse]]></category>
            <category domain="lsb_tax_language" nicename="no_nb"><![CDATA[bokmål]]></category>
            <category domain="lsb_tax_customization" nicename="faglitteratur"><![CDATA[faglitteratur]]></category>
            <category domain="lsb_tax_customization" nicename="mange-bilder"><![CDATA[mange bilder]]></category>
            <wp:postmeta>
                <wp:meta_key>_thumbnail_id</wp:meta_key>
                <wp:meta_value><![CDATA[5531]]></wp:meta_value>
            </wp:postmeta>
        </item>
        <item>
            <title>Jaquesson_KetsjupErAlreit.jpg</title>
            <wp:post_id>5531</wp:post_id>
            <wp:status>inherit</wp:status>
            <wp:post_type>attachment</wp:post_type>
            <wp:attachment_url>https://raw.githubusercontent.com/lesersokerbok/boksok.no-data-utils/master/output-example/images/6E232A3422F8492DBFFE05C39D4A960E.jpg</wp:attachment_url>
        </item>
        <item>
            <wp:post_type>lsb_book</wp:post_type>
            <wp:status>publish</wp:status>
            <title>The tour of the United States of USA</title>
            <excerpt:encoded><![CDATA[Da Hurra Torpedo dro på turne til USA for andre gang,   ble fotograf L-P Lorentz med for å ta bilder.  Resultatet ble denne flotte bildeboka.         ]]></excerpt:encoded>
            <wp:postmeta>
                <wp:meta_key>lsb_isbn</wp:meta_key>
                <wp:meta_value><![CDATA[9788203352157]]></wp:meta_value>
            </wp:postmeta>
            <wp:postmeta>
                <wp:meta_key>_lsb_isbn</wp:meta_key>
                <wp:meta_value><![CDATA[lsb_acf_isbn]]></wp:meta_value>
            </wp:postmeta>
            <wp:postmeta>
                <wp:meta_key>lsb_published_year</wp:meta_key>
                <wp:meta_value><![CDATA[2012]]></wp:meta_value>
            </wp:postmeta>
            <wp:postmeta>
                <wp:meta_key>_lsb_published_year</wp:meta_key>
                <wp:meta_value><![CDATA[lsb_acf_published_year]]></wp:meta_value>
            </wp:postmeta>
            <wp:postmeta>
                <wp:meta_key>lsb_pages</wp:meta_key>
                <wp:meta_value><![CDATA[110]]></wp:meta_value>
            </wp:postmeta>
            <wp:postmeta>
                <wp:meta_key>_lsb_pages</wp:meta_key>
                <wp:meta_value><![CDATA[lsb_acf_pages]]></wp:meta_value>
            </wp:postmeta>
            <wp:postmeta>
                <wp:meta_key>lsb_review</wp:meta_key>
                <wp:meta_value><![CDATA[  <div> Hurra Torpedo spiller på gamle komfyrer, kjøleskap og vaskemaskiner.</div>  <div>Musikk er ikke lett å beskrive med ord, </div>  <div>så da gjør det seg godt med mange bilder. </div>  <div>Bildene tar oss fra Norge til store deler av USA. <br />  <br />  </div>  <div>Gutta i orkesteret har skrevet noen korte tekster. </div>  <div>Tekstene er om stedene Hurra Torpedo hadde konserter. </div>  <div>Vi får vite om hvor hardt arbeid det er å være på turné. </div>  <div>Vi må advare om at det er noen bilder med synlige rumpesprekker.<br />  <br />  Tekstene i boka er korte,</div>  <div>og det er ikke så mange av dem.<br />  Språket er ikke alltid enkelt,</div>  <div>men det er mye bilder. <br />  </div>  <div><br />  Hurra Torpedo ble startet i 1993.</div>  <div>Bandet består av Egil Hegerberg,</div>  <div>Aslag Guttormsgaard og Kristopher Schau. <br />  </div>  ]]></wp:meta_value>
            </wp:postmeta>
            <wp:postmeta>
                <wp:meta_key>_lsb_review</wp:meta_key>
                <wp:meta_value><![CDATA[lsb_acf_review]]></wp:meta_value>
            </wp:postmeta>
            <wp:postmeta>
                <wp:meta_key>lsb_quote</wp:meta_key>
                <wp:meta_value><![CDATA[GRAND CANYON, 22.06.06  Selv for oss som har vært i både Rondane og på Vestlandet   var Grand Canyon en opplevelse.   Ja, selv våre egne canyons baki buksa bleknet   i forhold til dette storslåtte panoramaet.  ]]></wp:meta_value>
            </wp:postmeta>
            <wp:postmeta>
                <wp:meta_key>_lsb_quote</wp:meta_key>
                <wp:meta_value><![CDATA[lsb_acf_quote]]></wp:meta_value>
            </wp:postmeta>
            <wp:postmeta>
                <wp:meta_key>lsb_supported</wp:meta_key>
                <wp:meta_value><![CDATA[0]]></wp:meta_value>
            </wp:postmeta>
            <wp:postmeta>
                <wp:meta_key>_lsb_supported</wp:meta_key>
                <wp:meta_value><![CDATA[lsb_acf_supported]]></wp:meta_value>
            </wp:postmeta>
            <category domain="lsb_tax_author" nicename="hurra-torpedo,-egil-hegerberg,-aslag-guttormsgaard-og-kristopher-schau"><![CDATA[Hurra Torpedo, Egil Hegerberg, Aslag Guttormsgaard og Kristopher Schau]]></category>
            <category domain="lsb_tax_publisher" nicename="aschehoug"><![CDATA[Aschehoug]]></category>
            <category domain="lsb_tax_illustrator" nicename="l-p-lorentz"><![CDATA[L-P Lorentz]]></category>
            <wp:postmeta>
                <wp:meta_key>lsb_look_inside</wp:meta_key>
                <wp:meta_value><![CDATA[CUSTOM_BLA_I_BOKA]]></wp:meta_value>
            </wp:postmeta>
            <wp:postmeta>
                <wp:meta_key>_lsb_look_inside</wp:meta_key>
                <wp:meta_value><![CDATA[lsb_acf_look_inside]]></wp:meta_value>
            </wp:postmeta>
            <category domain="lsb_tax_age" nicename="voksne"><![CDATA[voksne]]></category>
            <category domain="lsb_tax_topic" nicename="humor"><![CDATA[humor]]></category>
            <category domain="lsb_tax_topic" nicename="historie"><![CDATA[historie]]></category>
            <category domain="lsb_tax_topic" nicename="samfunn"><![CDATA[samfunn]]></category>
            <category domain="lsb_tax_topic" nicename="mennesker-i-mellom"><![CDATA[mennesker i mellom]]></category>
            <category domain="lsb_tax_language" nicename="no_nb"><![CDATA[bokmål]]></category>
            <category domain="lsb_tax_customization" nicename="faglitteratur"><![CDATA[faglitteratur]]></category>
            <category domain="lsb_tax_customization" nicename="bilder"><![CDATA[bilder]]></category>
            <category domain="lsb_tax_customization" nicename="mange-bilder"><![CDATA[mange bilder]]></category>
        </item>
        <item>
            <wp:post_type>lsb_book</wp:post_type>
            <wp:status>publish</wp:status>
            <title>Sov for helvete</title>
            <excerpt:encoded><![CDATA[En liten, morsom bok for foreldre som lever i den virkelige verden.  ]]></excerpt:encoded>
            <wp:postmeta>
                <wp:meta_key>lsb_isbn</wp:meta_key>
                <wp:meta_value><![CDATA[9788202368920]]></wp:meta_value>
            </wp:postmeta>
            <wp:postmeta>
                <wp:meta_key>_lsb_isbn</wp:meta_key>
                <wp:meta_value><![CDATA[lsb_acf_isbn]]></wp:meta_value>
            </wp:postmeta>
            <wp:postmeta>
                <wp:meta_key>lsb_published_year</wp:meta_key>
                <wp:meta_value><![CDATA[2011]]></wp:meta_value>
            </wp:postmeta>
            <wp:postmeta>
                <wp:meta_key>_lsb_published_year</wp:meta_key>
                <wp:meta_value><![CDATA[lsb_acf_published_year]]></wp:meta_value>
            </wp:postmeta>
            <wp:postmeta>
                <wp:meta_key>lsb_pages</wp:meta_key>
                <wp:meta_value/>
            </wp:postmeta>
            <wp:postmeta>
                <wp:meta_key>_lsb_pages</wp:meta_key>
                <wp:meta_value><![CDATA[lsb_acf_pages]]></wp:meta_value>
            </wp:postmeta>
            <wp:postmeta>
                <wp:meta_key>lsb_review</wp:meta_key>
                <wp:meta_value><![CDATA[  <div>Virkelige barn sovner ikke </div>  <div>av et par rim om søte kattunger.  </div>  <div>Det er sjelden nok å synge nattasang og så gå ut av rommet.</div>  <div>Denne ufine, men varme og ærlige bildeboka<br />  tar foreldres kamp for å få barna til å sove helt på kornet.</div>  <div>Sov, for helvete er en morsom og gjenkjennelig bok </div>  <div>for nye, gamle og kommende foreldre.</div>  <div>Du bør antakelig ikke lese den for dine barn.</div>  <div>&#160;</div>  <div>Boka har korte, morsomme tekster&#160;</div>  <div>og bilder på hvert oppslag.</div>  <div>&#160;</div>  <div>Forfatter Adam Mansbach er fra USA. <br />  Han har vunnet flere priser for bøkene sine, <br />  og hatt noveller og essay på trykk i blant annet <br />  The New York Times. Datteren hans, Vivien, er tre år. <br />  Boka er oversatt av Erlend Loe.<br />  </div>  ]]></wp:meta_value>
            </wp:postmeta>
            <wp:postmeta>
                <wp:meta_key>_lsb_review</wp:meta_key>
                <wp:meta_value><![CDATA[lsb_acf_review]]></wp:meta_value>
            </wp:postmeta>
            <wp:postmeta>
                <wp:meta_key>lsb_quote</wp:meta_key>
                <wp:meta_value><![CDATA[Ørnenes flukt har tatt pause.   Det samme har dyrs jakt og rov.  Du er ikke tørst. Det er piss. Ikke lyv.  Legg deg, for helvete. Sov]]></wp:meta_value>
            </wp:postmeta>
            <wp:postmeta>
                <wp:meta_key>_lsb_quote</wp:meta_key>
                <wp:meta_value><![CDATA[lsb_acf_quote]]></wp:meta_value>
            </wp:postmeta>
            <wp:postmeta>
                <wp:meta_key>lsb_supported</wp:meta_key>
                <wp:meta_value><![CDATA[0]]></wp:meta_value>
            </wp:postmeta>
            <wp:postmeta>
                <wp:meta_key>_lsb_supported</wp:meta_key>
                <wp:meta_value><![CDATA[lsb_acf_supported]]></wp:meta_value>
            </wp:postmeta>
            <category domain="lsb_tax_author" nicename="adam-mansbach"><![CDATA[Adam Mansbach]]></category>
            <category domain="lsb_tax_publisher" nicename="cappelen-damm"><![CDATA[Cappelen Damm]]></category>
            <category domain="lsb_tax_illustrator" nicename="ricardo-cortés"><![CDATA[Ricardo Cortés]]></category>
            <category domain="lsb_tax_translator" nicename="erlend-loe"><![CDATA[Erlend Loe]]></category>
            <wp:postmeta>
                <wp:meta_key>lsb_look_inside</wp:meta_key>
                <wp:meta_value><![CDATA[CUSTOM_BLA_I_BOKA]]></wp:meta_value>
            </wp:postmeta>
            <wp:postmeta>
                <wp:meta_key>_lsb_look_inside</wp:meta_key>
                <wp:meta_value><![CDATA[lsb_acf_look_inside]]></wp:meta_value>
            </wp:postmeta>
            <category domain="lsb_tax_age" nicename="voksne"><![CDATA[voksne]]></category>
            <category domain="lsb_tax_genre" nicename="prosa"><![CDATA[prosa]]></category>
            <category domain="lsb_tax_topic" nicename="humor"><![CDATA[humor]]></category>
            <category domain="lsb_tax_topic" nicename="kjærlighet"><![CDATA[kjærlighet]]></category>
            <category domain="lsb_tax_topic" nicename="mennesker-i-mellom"><![CDATA[mennesker i mellom]]></category>
            <category domain="lsb_tax_language" nicename="no_nb"><![CDATA[bokmål]]></category>
            <category domain="lsb_tax_customization" nicename="skjønnlitteratur"><![CDATA[skjønnlitteratur]]></category>
            <category domain="lsb_tax_customization" nicename="bilder"><![CDATA[bilder]]></category>
            <category domain="lsb_tax_customization" nicename="mange-bilder"><![CDATA[mange bilder]]></category>
        </item>
        <item>
            <wp:post_type>lsb_book</wp:post_type>
            <wp:status>publish</wp:status>
            <title>Den nye Julie </title>
            <excerpt:encoded><![CDATA[Julie kjeder seg. Aldri skjer det   noe spennende i livet hennes! ]]></excerpt:encoded>
            <wp:postmeta>
                <wp:meta_key>lsb_isbn</wp:meta_key>
                <wp:meta_value><![CDATA[9788281040403]]></wp:meta_value>
            </wp:postmeta>
            <wp:postmeta>
                <wp:meta_key>_lsb_isbn</wp:meta_key>
                <wp:meta_value><![CDATA[lsb_acf_isbn]]></wp:meta_value>
            </wp:postmeta>
            <wp:postmeta>
                <wp:meta_key>lsb_published_year</wp:meta_key>
                <wp:meta_value><![CDATA[2012]]></wp:meta_value>
            </wp:postmeta>
            <wp:postmeta>
                <wp:meta_key>_lsb_published_year</wp:meta_key>
                <wp:meta_value><![CDATA[lsb_acf_published_year]]></wp:meta_value>
            </wp:postmeta>
            <wp:postmeta>
                <wp:meta_key>lsb_pages</wp:meta_key>
                <wp:meta_value><![CDATA[96]]></wp:meta_value>
            </wp:postmeta>
            <wp:postmeta>
                <wp:meta_key>_lsb_pages</wp:meta_key>
                <wp:meta_value><![CDATA[lsb_acf_pages]]></wp:meta_value>
            </wp:postmeta>
            <wp:postmeta>
                <wp:meta_key>lsb_review</wp:meta_key>
                <wp:meta_value><![CDATA[  <div style="margin: 0cm 0cm 0pt;" class="MsoNormal">  <div style="margin: 0cm 0cm 0pt;" class="MsoNormal"><font color="#000000" face="Verdana">  <div style="margin: 0cm 0cm 0pt;" class="MsoNormal"><font color="#000000" face="Verdana">Julie bestemmer seg for å bli ny. </font></div>  <div style="margin: 0cm 0cm 0pt;" class="MsoNormal"><font color="#000000" face="Verdana">I stedet for å dra på jobben som hun pleier,</font></div>  <div style="margin: 0cm 0cm 0pt;" class="MsoNormal"><font color="#000000" face="Verdana">drar hun til kjøpesenteret. </font></div>  <div style="margin: 0cm 0cm 0pt;" class="MsoNormal"><font color="#000000" face="Verdana">Hun drømmer om å bli en annen</font></div>  <div style="margin: 0cm 0cm 0pt;" class="MsoNormal"><font color="#000000" face="Verdana">og kaster alle de gamle klærne sine. </font></div>  <div style="margin: 0cm 0cm 0pt;" class="MsoNormal"><font color="#000000" face="Verdana">Heldigvis skjønner Julie </font></div>  <div style="margin: 0cm 0cm 0pt;" class="MsoNormal"><font color="#000000" face="Verdana">at det er best å være seg selv! </font></div>  <div style="margin: 0cm 0cm 0pt;" class="MsoNormal"><font color="#000000" face="Verdana">&#160;</font></div>  <div style="margin: 0cm 0cm 0pt;" class="MsoNormal"><font color="#000000" face="Verdana">Boka er den tredje i serien om Julie. </font></div>  <div style="margin: 0cm 0cm 0pt;" class="MsoNormal"><font color="#000000" face="Verdana"><strong>Johanne Emilie Andersen</strong> har både </font></div>  <div style="margin: 0cm 0cm 0pt;" class="MsoNormal"><font color="#000000" face="Verdana">skrevet og illustrert Julie-bøkene.</font></div></font></div><span style="line-height: 115%; font-family: ;"><font color="#000000">&#160;</font></span></div>  ]]></wp:meta_value>
            </wp:postmeta>
            <wp:postmeta>
                <wp:meta_key>_lsb_review</wp:meta_key>
                <wp:meta_value><![CDATA[lsb_acf_review]]></wp:meta_value>
            </wp:postmeta>
            <wp:postmeta>
                <wp:meta_key>lsb_quote</wp:meta_key>
                <wp:meta_value><![CDATA[I prøverommet henger hun alle klærne pent   utenpå hverandre:   Kule, stilige, sporty barske og elegante   klær.   Julie vil bli ny.   - Men hvem skal hun egentlig bli? ]]></wp:meta_value>
            </wp:postmeta>
            <wp:postmeta>
                <wp:meta_key>_lsb_quote</wp:meta_key>
                <wp:meta_value><![CDATA[lsb_acf_quote]]></wp:meta_value>
            </wp:postmeta>
            <wp:postmeta>
                <wp:meta_key>lsb_supported</wp:meta_key>
                <wp:meta_value><![CDATA[1]]></wp:meta_value>
            </wp:postmeta>
            <wp:postmeta>
                <wp:meta_key>_lsb_supported</wp:meta_key>
                <wp:meta_value><![CDATA[lsb_acf_supported]]></wp:meta_value>
            </wp:postmeta>
            <wp:postmeta>
                <wp:meta_key>lsb_support_cat</wp:meta_key>
                <wp:meta_value><![CDATA[green]]></wp:meta_value>
            </wp:postmeta>
            <wp:postmeta>
                <wp:meta_key>_lsb_support_cat</wp:meta_key>
                <wp:meta_value><![CDATA[lsb_acf_support_cat]]></wp:meta_value>
            </wp:postmeta>
            <category domain="lsb_tax_author" nicename="johanne-emilie-andersen-"><![CDATA[Johanne Emilie Andersen ]]></category>
            <category domain="lsb_tax_publisher" nicename="orkana"><![CDATA[Orkana]]></category>
            <category domain="lsb_tax_illustrator" nicename="johanne-emilie-andersen-"><![CDATA[Johanne Emilie Andersen ]]></category>
            <wp:postmeta>
                <wp:meta_key>lsb_look_inside</wp:meta_key>
                <wp:meta_value><![CDATA[CUSTOM_BLA_I_BOKA]]></wp:meta_value>
            </wp:postmeta>
            <wp:postmeta>
                <wp:meta_key>_lsb_look_inside</wp:meta_key>
                <wp:meta_value><![CDATA[lsb_acf_look_inside]]></wp:meta_value>
            </wp:postmeta>
            <category domain="lsb_tax_age" nicename="ungdom"><![CDATA[ungdom]]></category>
            <category domain="lsb_tax_age" nicename="voksne"><![CDATA[voksne]]></category>
            <category domain="lsb_tax_genre" nicename="prosa"><![CDATA[prosa]]></category>
            <category domain="lsb_tax_language" nicename="no_nb"><![CDATA[bokmål]]></category>
            <category domain="lsb_tax_customization" nicename="utviklingshemmede"><![CDATA[utviklingshemmede]]></category>
            <category domain="lsb_tax_customization" nicename="mange-bilder"><![CDATA[mange bilder]]></category>
            <wp:postmeta>
                <wp:meta_key>_thumbnail_id</wp:meta_key>
                <wp:meta_value><![CDATA[5534]]></wp:meta_value>
            </wp:postmeta>
        </item>
        <item>
            <title>Den nye Julie - 2</title>
            <wp:post_id>5534</wp:post_id>
            <wp:status>inherit</wp:status>
            <wp:post_type>attachment</wp:post_type>
            <wp:attachment_url>https://raw.githubusercontent.com/lesersokerbok/boksok.no-data-utils/master/output-example/images/757D6D98ACA54B7385BEF6D63F3A3884.jpg</wp:attachment_url>
        </item>
        <item>
            <wp:post_type>lsb_book</wp:post_type>
            <wp:status>publish</wp:status>
            <title>Mat på tur</title>
            <excerpt:encoded><![CDATA[God mat smaker godt på tur.   I denne boka får du mange forslag   til mat du kan lage på din neste tur.   Alle rettene er lette å lage og lette bære. ]]></excerpt:encoded>
            <wp:postmeta>
                <wp:meta_key>lsb_isbn</wp:meta_key>
                <wp:meta_value><![CDATA[9788291769837]]></wp:meta_value>
            </wp:postmeta>
            <wp:postmeta>
                <wp:meta_key>_lsb_isbn</wp:meta_key>
                <wp:meta_value><![CDATA[lsb_acf_isbn]]></wp:meta_value>
            </wp:postmeta>
            <wp:postmeta>
                <wp:meta_key>lsb_published_year</wp:meta_key>
                <wp:meta_value><![CDATA[1999]]></wp:meta_value>
            </wp:postmeta>
            <wp:postmeta>
                <wp:meta_key>_lsb_published_year</wp:meta_key>
                <wp:meta_value><![CDATA[lsb_acf_published_year]]></wp:meta_value>
            </wp:postmeta>
            <wp:postmeta>
                <wp:meta_key>lsb_pages</wp:meta_key>
                <wp:meta_value><![CDATA[159]]></wp:meta_value>
            </wp:postmeta>
            <wp:postmeta>
                <wp:meta_key>_lsb_pages</wp:meta_key>
                <wp:meta_value><![CDATA[lsb_acf_pages]]></wp:meta_value>
            </wp:postmeta>
            <wp:postmeta>
                <wp:meta_key>lsb_review</wp:meta_key>
                <wp:meta_value><![CDATA[<span lang="NO-BOK">  <p dir="ltr" align="left">Liker du å kose deg på tur?</p>  <p dir="ltr" align="left">Da er dette boka for deg. </p>  <div dir="ltr" align="left">Mat på tur innholder </div>  <div dir="ltr" align="left">mange god oppskrifter og turtips.</div>  <div dir="ltr" align="left">Rettene er gode og passer for </div>  <div dir="ltr" align="left">alle slags turer. </div>  <div dir="ltr" align="left">Her finner du mat som er </div>  <div dir="ltr" align="left">lett å lage og lett å bære. </div>  <p dir="ltr" align="left">&#160;</p>  <div dir="ltr" align="left">Oppskriftene er oversiktlige </div>  <div dir="ltr" align="left">og lette å følge. Noen sider har tekst på bilde </div>  <div dir="ltr" align="left">som kan gjøre at teksten er litt vanskelig å se.</div>  <div dir="ltr" align="left">Boka inneholder flotte bilder fra skog og fjell. </div>  <div dir="ltr" align="left">&#160;</div>  <div dir="ltr" align="left">Erling Kagge kanskje mest kjent som eventyrer.</div>  <div dir="ltr" align="left">Han var sammen med Børge Ousland den første til </div>  <div dir="ltr" align="left">å gå til nordpolen uten hjelp utenfra.</div>  <div dir="ltr" align="left">Han var den første til å gå alene til sørpolen. </div>  <div dir="ltr" align="left">Da han nådde toppene av mount everest var han den første til å nå "tre poler". </div>  <div dir="ltr" align="left">&#160;</div></span>  ]]></wp:meta_value>
            </wp:postmeta>
            <wp:postmeta>
                <wp:meta_key>_lsb_review</wp:meta_key>
                <wp:meta_value><![CDATA[lsb_acf_review]]></wp:meta_value>
            </wp:postmeta>
            <wp:postmeta>
                <wp:meta_key>lsb_quote</wp:meta_key>
                <wp:meta_value><![CDATA[Kok potene og skrell dem.  Mos potene.  Bland melkepulveret med 1 dl vann og varm opp.  Rør noen klatter smør i de moste potene og hell den varme melken over.   Rør til mosen blir jevn.  Når potene er ferdig, steker du kjøttet raskt i litt smør i stekepannen over sterk varme.   Server med tyttebærsyltetøy. ]]></wp:meta_value>
            </wp:postmeta>
            <wp:postmeta>
                <wp:meta_key>_lsb_quote</wp:meta_key>
                <wp:meta_value><![CDATA[lsb_acf_quote]]></wp:meta_value>
            </wp:postmeta>
            <wp:postmeta>
                <wp:meta_key>lsb_supported</wp:meta_key>
                <wp:meta_value><![CDATA[0]]></wp:meta_value>
            </wp:postmeta>
            <wp:postmeta>
                <wp:meta_key>_lsb_supported</wp:meta_key>
                <wp:meta_value><![CDATA[lsb_acf_supported]]></wp:meta_value>
            </wp:postmeta>
            <category domain="lsb_tax_author" nicename="erling-kagge"><![CDATA[Erling Kagge]]></category>
            <category domain="lsb_tax_publisher" nicename="kagge-forlag"><![CDATA[Kagge forlag]]></category>
            <wp:postmeta>
                <wp:meta_key>lsb_look_inside</wp:meta_key>
                <wp:meta_value><![CDATA[CUSTOM_BLA_I_BOKA]]></wp:meta_value>
            </wp:postmeta>
            <wp:postmeta>
                <wp:meta_key>_lsb_look_inside</wp:meta_key>
                <wp:meta_value><![CDATA[lsb_acf_look_inside]]></wp:meta_value>
            </wp:postmeta>
            <category domain="lsb_tax_age" nicename="voksne"><![CDATA[voksne]]></category>
            <category domain="lsb_tax_genre" nicename="faglitteratur"><![CDATA[faglitteratur]]></category>
            <category domain="lsb_tax_topic" nicename="mat"><![CDATA[mat]]></category>
            <category domain="lsb_tax_topic" nicename="helse"><![CDATA[helse]]></category>
            <category domain="lsb_tax_language" nicename="no_nb"><![CDATA[bokmål]]></category>
            <category domain="lsb_tax_customization" nicename="faglitteratur"><![CDATA[faglitteratur]]></category>
            <category domain="lsb_tax_customization" nicename="mange-bilder"><![CDATA[mange bilder]]></category>
            <wp:postmeta>
                <wp:meta_key>_thumbnail_id</wp:meta_key>
                <wp:meta_value><![CDATA[5535]]></wp:meta_value>
            </wp:postmeta>
        </item>
        <item>
            <title>Mat på tur.jpg</title>
            <wp:post_id>5535</wp:post_id>
            <wp:status>inherit</wp:status>
            <wp:post_type>attachment</wp:post_type>
            <wp:attachment_url>https://raw.githubusercontent.com/lesersokerbok/boksok.no-data-utils/master/output-example/images/A34492DC39104A0892BCCCEF5B7B45FB.jpg</wp:attachment_url>
        </item>
        <item>
            <wp:post_type>lsb_book</wp:post_type>
            <wp:status>publish</wp:status>
            <title>Generator</title>
            <excerpt:encoded><![CDATA[Spennende og smågrotesk tegneserie om en kynisk industri.]]></excerpt:encoded>
            <wp:postmeta>
                <wp:meta_key>lsb_isbn</wp:meta_key>
                <wp:meta_value><![CDATA[9788292226216]]></wp:meta_value>
            </wp:postmeta>
            <wp:postmeta>
                <wp:meta_key>_lsb_isbn</wp:meta_key>
                <wp:meta_value><![CDATA[lsb_acf_isbn]]></wp:meta_value>
            </wp:postmeta>
            <wp:postmeta>
                <wp:meta_key>lsb_published_year</wp:meta_key>
                <wp:meta_value><![CDATA[2012]]></wp:meta_value>
            </wp:postmeta>
            <wp:postmeta>
                <wp:meta_key>_lsb_published_year</wp:meta_key>
                <wp:meta_value><![CDATA[lsb_acf_published_year]]></wp:meta_value>
            </wp:postmeta>
            <wp:postmeta>
                <wp:meta_key>lsb_pages</wp:meta_key>
                <wp:meta_value/>
            </wp:postmeta>
            <wp:postmeta>
                <wp:meta_key>_lsb_pages</wp:meta_key>
                <wp:meta_value><![CDATA[lsb_acf_pages]]></wp:meta_value>
            </wp:postmeta>
            <wp:postmeta>
                <wp:meta_key>lsb_review</wp:meta_key>
                <wp:meta_value><![CDATA[  <div>Birk jobber som tekniker på Gina Z,</div>  <div>Nebelgrads største og mest beryktede fabrikk.</div>  <div>Han driter i dama si. Han driter i hvordan det ser ut hos ham. <br />  Fritida si bruker han på et tak utenfor leiligheten</div>  <div>til den lekre resepsjonisten Lina.</div>  <div>Der håper han å ta bilder av henne mens hun kler av seg. <br />  </div>  <div>Alt i alt, er vår helt en ganske usympatisk slask.  </div>  <div>Men plutselig havner han i trøbbel. <br />  <br />  Sjangeren på denne serien er dels drama, dels action,</div>  <div>dels komedie og dels science fiction.</div>  <div>Den egner seg best for voksne og unge voksne.</div>  <div>Språket er stort sett enkelt, men røft.</div>  <div>Tegningene er enkle å følge, og litt groteske i stilen.</div>  <div>&#160;</div>  <div>Sigbjørn Lilleeng er født i Hønefoss i 1983. <br />  Han er best kjent for serien Nebelgrad Blues,&#160; </div>  <div>og for serieromanen Apefjes. <br />  </div>  ]]></wp:meta_value>
            </wp:postmeta>
            <wp:postmeta>
                <wp:meta_key>_lsb_review</wp:meta_key>
                <wp:meta_value><![CDATA[lsb_acf_review]]></wp:meta_value>
            </wp:postmeta>
            <wp:postmeta>
                <wp:meta_key>lsb_quote</wp:meta_key>
                <wp:meta_value><![CDATA[- DU KØDDER! LÅ DU NAKEN UTEAFOR DØRA HENNES?  - HAHAHA! DRØYT! OG JÆVLIG MORO!    - JA, DET ER LATTERLIG FESTLIG    - HEHEHEHE  MEN UANSETT. DET ER GANSKE DRØYT, DA. BARE FORDI DERE KRANGLER LITT PÅ JOBB, LIKSOM?    - NÆ, VI HAR VÆRT I TRYNET PÅ HVERANDR]]></wp:meta_value>
            </wp:postmeta>
            <wp:postmeta>
                <wp:meta_key>_lsb_quote</wp:meta_key>
                <wp:meta_value><![CDATA[lsb_acf_quote]]></wp:meta_value>
            </wp:postmeta>
            <wp:postmeta>
                <wp:meta_key>lsb_supported</wp:meta_key>
                <wp:meta_value><![CDATA[0]]></wp:meta_value>
            </wp:postmeta>
            <wp:postmeta>
                <wp:meta_key>_lsb_supported</wp:meta_key>
                <wp:meta_value><![CDATA[lsb_acf_supported]]></wp:meta_value>
            </wp:postmeta>
            <category domain="lsb_tax_author" nicename="sigbjørn-lilleeng"><![CDATA[Sigbjørn Lilleeng]]></category>
            <category domain="lsb_tax_publisher" nicename="jippi-"><![CDATA[Jippi ]]></category>
            <category domain="lsb_tax_illustrator" nicename="sigbjørn-lilleeng"><![CDATA[Sigbjørn Lilleeng]]></category>
            <wp:postmeta>
                <wp:meta_key>lsb_look_inside</wp:meta_key>
                <wp:meta_value><![CDATA[CUSTOM_BLA_I_BOKA]]></wp:meta_value>
            </wp:postmeta>
            <wp:postmeta>
                <wp:meta_key>_lsb_look_inside</wp:meta_key>
                <wp:meta_value><![CDATA[lsb_acf_look_inside]]></wp:meta_value>
            </wp:postmeta>
            <category domain="lsb_tax_age" nicename="ungdom"><![CDATA[ungdom]]></category>
            <category domain="lsb_tax_age" nicename="voksne"><![CDATA[voksne]]></category>
            <category domain="lsb_tax_genre" nicename="prosa"><![CDATA[prosa]]></category>
            <category domain="lsb_tax_topic" nicename="krim"><![CDATA[krim]]></category>
            <category domain="lsb_tax_topic" nicename="spenning"><![CDATA[spenning]]></category>
            <category domain="lsb_tax_language" nicename="no_nb"><![CDATA[bokmål]]></category>
            <category domain="lsb_tax_customization" nicename="skjønnlitteratur"><![CDATA[skjønnlitteratur]]></category>
            <category domain="lsb_tax_customization" nicename="bilder"><![CDATA[bilder]]></category>
            <category domain="lsb_tax_customization" nicename="mange-bilder"><![CDATA[mange bilder]]></category>
            <wp:postmeta>
                <wp:meta_key>_thumbnail_id</wp:meta_key>
                <wp:meta_value><![CDATA[5536]]></wp:meta_value>
            </wp:postmeta>
        </item>
        <item>
            <title>Generator.jpg</title>
            <wp:post_id>5536</wp:post_id>
            <wp:status>inherit</wp:status>
            <wp:post_type>attachment</wp:post_type>
            <wp:attachment_url>https://raw.githubusercontent.com/lesersokerbok/boksok.no-data-utils/master/output-example/images/1FC130A292994DB9BE1163DD16A4C38D.jpg</wp:attachment_url>
        </item>
        <item>
            <wp:post_type>lsb_book</wp:post_type>
            <wp:status>publish</wp:status>
            <title>Stuene i marka</title>
            <excerpt:encoded><![CDATA[Bli kjent med stuene i marka rundt Oslo.   I boka kan du lese om dem alle, et kapittel for hver stue.   Her får du noen morsomme historier og litt fakta.  ]]></excerpt:encoded>
            <wp:postmeta>
                <wp:meta_key>lsb_isbn</wp:meta_key>
                <wp:meta_value><![CDATA[9788251627078]]></wp:meta_value>
            </wp:postmeta>
            <wp:postmeta>
                <wp:meta_key>_lsb_isbn</wp:meta_key>
                <wp:meta_value><![CDATA[lsb_acf_isbn]]></wp:meta_value>
            </wp:postmeta>
            <wp:postmeta>
                <wp:meta_key>lsb_published_year</wp:meta_key>
                <wp:meta_value><![CDATA[2009]]></wp:meta_value>
            </wp:postmeta>
            <wp:postmeta>
                <wp:meta_key>_lsb_published_year</wp:meta_key>
                <wp:meta_value><![CDATA[lsb_acf_published_year]]></wp:meta_value>
            </wp:postmeta>
            <wp:postmeta>
                <wp:meta_key>lsb_pages</wp:meta_key>
                <wp:meta_value><![CDATA[155]]></wp:meta_value>
            </wp:postmeta>
            <wp:postmeta>
                <wp:meta_key>_lsb_pages</wp:meta_key>
                <wp:meta_value><![CDATA[lsb_acf_pages]]></wp:meta_value>
            </wp:postmeta>
            <wp:postmeta>
                <wp:meta_key>lsb_review</wp:meta_key>
                <wp:meta_value><![CDATA[  <div><span style="font-weight: bold;">Stuene i marka</span> er en flott turbok.</div>  <div>Den gir mange gode forslag til din neste tur. </div>  <div>Her får du noen morsomme historier og litt fakta.  </div>  <div>Hver stue har noe å spise, <br />  og her finner du oversikt over hvor de gode bollene er. </div>  <div>I hvert kapittel er det kart og forklaring av veien til stuene. </div>  <div>&#160;</div>  <div>Erling Ulstrup<strong>&#160;</strong>er født 1947. </div>  <div>Han&#160;vokst opp i&#160;Oslo og har&#160;brukt marka hele livet.&#160;&#160;</div>  <div><span style="font-weight: bold;">Stuene i marka</span> er hans første bok.</div>  ]]></wp:meta_value>
            </wp:postmeta>
            <wp:postmeta>
                <wp:meta_key>_lsb_review</wp:meta_key>
                <wp:meta_value><![CDATA[lsb_acf_review]]></wp:meta_value>
            </wp:postmeta>
            <wp:postmeta>
                <wp:meta_key>lsb_quote</wp:meta_key>
                <wp:meta_value><![CDATA[Det var i de årene dikteren Kjell Aukrust bodde på Lambertseter og tok mange turer til denne stua.   Etter eget utsagn fikk han ideen til Solan Gundersens arbeidssted mens han hørte sangen fra sagbladet her på Rustasaga. ]]></wp:meta_value>
            </wp:postmeta>
            <wp:postmeta>
                <wp:meta_key>_lsb_quote</wp:meta_key>
                <wp:meta_value><![CDATA[lsb_acf_quote]]></wp:meta_value>
            </wp:postmeta>
            <wp:postmeta>
                <wp:meta_key>lsb_supported</wp:meta_key>
                <wp:meta_value><![CDATA[0]]></wp:meta_value>
            </wp:postmeta>
            <wp:postmeta>
                <wp:meta_key>_lsb_supported</wp:meta_key>
                <wp:meta_value><![CDATA[lsb_acf_supported]]></wp:meta_value>
            </wp:postmeta>
            <category domain="lsb_tax_author" nicename="erling-ulstup"><![CDATA[Erling Ulstup]]></category>
            <category domain="lsb_tax_publisher" nicename="schibsted-forlag"><![CDATA[Schibsted forlag]]></category>
            <wp:postmeta>
                <wp:meta_key>lsb_look_inside</wp:meta_key>
                <wp:meta_value><![CDATA[CUSTOM_BLA_I_BOKA]]></wp:meta_value>
            </wp:postmeta>
            <wp:postmeta>
                <wp:meta_key>_lsb_look_inside</wp:meta_key>
                <wp:meta_value><![CDATA[lsb_acf_look_inside]]></wp:meta_value>
            </wp:postmeta>
            <category domain="lsb_tax_age" nicename="voksne"><![CDATA[voksne]]></category>
            <category domain="lsb_tax_genre" nicename="faglitteratur"><![CDATA[faglitteratur]]></category>
            <category domain="lsb_tax_topic" nicename="natur"><![CDATA[natur]]></category>
            <category domain="lsb_tax_topic" nicename="mat"><![CDATA[mat]]></category>
            <category domain="lsb_tax_topic" nicename="helse"><![CDATA[helse]]></category>
            <category domain="lsb_tax_topic" nicename="historie"><![CDATA[historie]]></category>
            <category domain="lsb_tax_topic" nicename="samfunn"><![CDATA[samfunn]]></category>
            <category domain="lsb_tax_topic" nicename="sport"><![CDATA[sport]]></category>
            <category domain="lsb_tax_language" nicename="no_nb"><![CDATA[bokmål]]></category>
            <category domain="lsb_tax_customization" nicename="faglitteratur"><![CDATA[faglitteratur]]></category>
            <category domain="lsb_tax_customization" nicename="mange-bilder"><![CDATA[mange bilder]]></category>
            <wp:postmeta>
                <wp:meta_key>_thumbnail_id</wp:meta_key>
                <wp:meta_value><![CDATA[5537]]></wp:meta_value>
            </wp:postmeta>
        </item>
        <item>
            <title>stuene i marka.jpg</title>
            <wp:post_id>5537</wp:post_id>
            <wp:status>inherit</wp:status>
            <wp:post_type>attachment</wp:post_type>
            <wp:attachment_url>https://raw.githubusercontent.com/lesersokerbok/boksok.no-data-utils/master/output-example/images/D6B6CBEEA45A4CBEA82F65D19ABE1BC9.jpg</wp:attachment_url>
        </item>
        <item>
            <wp:post_type>lsb_book</wp:post_type>
            <wp:status>publish</wp:status>
            <title>Respekt</title>
            <excerpt:encoded><![CDATA[Kim og Zapper er brødre. De følger gatas harde regler.  Enten viser du respekt, eller så fighter du ...]]></excerpt:encoded>
            <wp:postmeta>
                <wp:meta_key>lsb_isbn</wp:meta_key>
                <wp:meta_value><![CDATA[9788282380447]]></wp:meta_value>
            </wp:postmeta>
            <wp:postmeta>
                <wp:meta_key>_lsb_isbn</wp:meta_key>
                <wp:meta_value><![CDATA[lsb_acf_isbn]]></wp:meta_value>
            </wp:postmeta>
            <wp:postmeta>
                <wp:meta_key>lsb_published_year</wp:meta_key>
                <wp:meta_value><![CDATA[2012]]></wp:meta_value>
            </wp:postmeta>
            <wp:postmeta>
                <wp:meta_key>_lsb_published_year</wp:meta_key>
                <wp:meta_value><![CDATA[lsb_acf_published_year]]></wp:meta_value>
            </wp:postmeta>
            <wp:postmeta>
                <wp:meta_key>lsb_pages</wp:meta_key>
                <wp:meta_value><![CDATA[71]]></wp:meta_value>
            </wp:postmeta>
            <wp:postmeta>
                <wp:meta_key>_lsb_pages</wp:meta_key>
                <wp:meta_value><![CDATA[lsb_acf_pages]]></wp:meta_value>
            </wp:postmeta>
            <wp:postmeta>
                <wp:meta_key>lsb_review</wp:meta_key>
                <wp:meta_value><![CDATA[  <div>Kim våkner og kjenner at noe seriøs shit skal skje.</div>  <div>Han er ikke typen som skjelver på henda,&#160;</div>  <div>men i dag skjelver han på henda.</div>  <div>Han og broren Zapper leder et lite crew,</div>  <div>de har noen gater de eier.</div>  <div>Men nå har han erta på seg sjefen,</div>  <div>han som heter Bignose.</div>  <div>&#160;</div>  <div>Teksten i denne boka er skrevet som en rap-tekst.</div>  <div>Nærmere bestemt, en rap-tekst av Notorious B.I.G.</div>  <div>Den har rim og rytme og en del slang.</div>  <div>&#160;</div>  <div>Jon Ewo har skrevet over 80 bøker for barn, ungdom og voksne,</div>  <div>både fagbøker og skjønnlitteratur.</div>  <div>Han har skrevet flere spenningsbøker med enkel tekst,</div>  <div>og denne hører til Skumring-serien.</div>  <div>Skumring er korte, spennende bøker fra skyggesida. <br />  </div>  <div>&#160;<br />  </div>  ]]></wp:meta_value>
            </wp:postmeta>
            <wp:postmeta>
                <wp:meta_key>_lsb_review</wp:meta_key>
                <wp:meta_value><![CDATA[lsb_acf_review]]></wp:meta_value>
            </wp:postmeta>
            <wp:postmeta>
                <wp:meta_key>lsb_quote</wp:meta_key>
                <wp:meta_value><![CDATA[Jeg klaga, og han jaga setningene rundt.  Vridde på ord og var skikelig stor.  Sa at både sølvtøy og andre godsaker var hans,  fordi han beskytta oss mot snuten.  Mot Rahman, mot enhver peanøtt  som ikke kunne holde truten eller gønnern i beiltet.  Uten ham hadde vi ikke noe eget sted å være.    Jeg klagde mer. Lagde litt krøll.  Lagde litt bøljer, det fikk følger.  Mitt crew fighta med hans crew.  Men sånt går ikke i lengden.  Krig er dårlig for businessen.  Derfor har vi blitt enige om å ringe for å avtale en prat.  Det er den praten vi skal ha i dag.]]></wp:meta_value>
            </wp:postmeta>
            <wp:postmeta>
                <wp:meta_key>_lsb_quote</wp:meta_key>
                <wp:meta_value><![CDATA[lsb_acf_quote]]></wp:meta_value>
            </wp:postmeta>
            <wp:postmeta>
                <wp:meta_key>lsb_supported</wp:meta_key>
                <wp:meta_value><![CDATA[1]]></wp:meta_value>
            </wp:postmeta>
            <wp:postmeta>
                <wp:meta_key>_lsb_supported</wp:meta_key>
                <wp:meta_value><![CDATA[lsb_acf_supported]]></wp:meta_value>
            </wp:postmeta>
            <wp:postmeta>
                <wp:meta_key>lsb_support_cat</wp:meta_key>
                <wp:meta_value><![CDATA[purple]]></wp:meta_value>
            </wp:postmeta>
            <wp:postmeta>
                <wp:meta_key>_lsb_support_cat</wp:meta_key>
                <wp:meta_value><![CDATA[lsb_acf_support_cat]]></wp:meta_value>
            </wp:postmeta>
            <category domain="lsb_tax_author" nicename="jon-ewo"><![CDATA[Jon Ewo]]></category>
            <category domain="lsb_tax_publisher" nicename="mangschou"><![CDATA[Mangschou]]></category>
            <wp:postmeta>
                <wp:meta_key>lsb_look_inside</wp:meta_key>
                <wp:meta_value><![CDATA[CUSTOM_BLA_I_BOKA]]></wp:meta_value>
            </wp:postmeta>
            <wp:postmeta>
                <wp:meta_key>_lsb_look_inside</wp:meta_key>
                <wp:meta_value><![CDATA[lsb_acf_look_inside]]></wp:meta_value>
            </wp:postmeta>
            <category domain="lsb_tax_age" nicename="ungdom"><![CDATA[ungdom]]></category>
            <category domain="lsb_tax_genre" nicename="prosa"><![CDATA[prosa]]></category>
            <category domain="lsb_tax_topic" nicename="krim"><![CDATA[krim]]></category>
            <category domain="lsb_tax_topic" nicename="spenning"><![CDATA[spenning]]></category>
            <category domain="lsb_tax_language" nicename="no_nb"><![CDATA[bokmål]]></category>
            <category domain="lsb_tax_customization" nicename="skjønnlitteratur"><![CDATA[skjønnlitteratur]]></category>
            <wp:postmeta>
                <wp:meta_key>_thumbnail_id</wp:meta_key>
                <wp:meta_value><![CDATA[5538]]></wp:meta_value>
            </wp:postmeta>
        </item>
        <item>
            <title>Respekt.jpg</title>
            <wp:post_id>5538</wp:post_id>
            <wp:status>inherit</wp:status>
            <wp:post_type>attachment</wp:post_type>
            <wp:attachment_url>https://raw.githubusercontent.com/lesersokerbok/boksok.no-data-utils/master/output-example/images/1C074DC18C084CBE87CEA75E685E89C2.jpg</wp:attachment_url>
        </item>
        <item>
            <wp:post_type>lsb_book</wp:post_type>
            <wp:status>publish</wp:status>
            <title>Aya fra Yopougon</title>
            <excerpt:encoded><![CDATA[Tegneserien AYA handler om ungdom   i Elfenbenskysten på 1970-tallet.   ]]></excerpt:encoded>
            <wp:postmeta>
                <wp:meta_key>lsb_isbn</wp:meta_key>
                <wp:meta_value><![CDATA[9788292796115]]></wp:meta_value>
            </wp:postmeta>
            <wp:postmeta>
                <wp:meta_key>_lsb_isbn</wp:meta_key>
                <wp:meta_value><![CDATA[lsb_acf_isbn]]></wp:meta_value>
            </wp:postmeta>
            <wp:postmeta>
                <wp:meta_key>lsb_published_year</wp:meta_key>
                <wp:meta_value><![CDATA[2012]]></wp:meta_value>
            </wp:postmeta>
            <wp:postmeta>
                <wp:meta_key>_lsb_published_year</wp:meta_key>
                <wp:meta_value><![CDATA[lsb_acf_published_year]]></wp:meta_value>
            </wp:postmeta>
            <wp:postmeta>
                <wp:meta_key>lsb_pages</wp:meta_key>
                <wp:meta_value><![CDATA[351]]></wp:meta_value>
            </wp:postmeta>
            <wp:postmeta>
                <wp:meta_key>_lsb_pages</wp:meta_key>
                <wp:meta_value><![CDATA[lsb_acf_pages]]></wp:meta_value>
            </wp:postmeta>
            <wp:postmeta>
                <wp:meta_key>lsb_review</wp:meta_key>
                <wp:meta_value><![CDATA[  <div>Aya og venninnene hennes bor i </div>  <div>arbeiderstrøket Yopougon i Abidjan. </div>  <div>Aya vil bli lege, men venninnene hennes </div>  <div>er mer opptatt av å feste og danse. </div>  <div>De later som de lever i en såpeopera, </div>  <div>og kaller byen sin for Yop City. </div>  <div>Men en dag blir en av jentene gravid, </div>  <div>og livet blir snudd på hodet. </div>  <div>&#160;</div>  <div><strong>Aya fra Yopougon</strong> er en tegnet&#160;roman. </div>  <div>Tegningene er lette å forstå</div>  <div>og teksten lett å lese. </div>  <div>Jentene bruker&#160;en del slang, </div>  <div>men det er lett å forstå&#160;hva de mener.</div>  <div>&#160;</div>  <div>Forfatteren <strong>Marguerite Abouet</strong> er født </div>  <div>i Elfenbenskysten. Hun flyttet til Paris </div>  <div>da hun var 16 år, og har bodd der siden. </div>  <div>Hun har skrevet flere bøker, men </div>  <div><strong>Aya fra Yopougon</strong> er hennes første tegnede roman. </div>  <div>Sammen med&#160;illustratøren <strong>Clément Oubereie</strong> </div>  <div>vant hun prisen for beste debutant </div>  <div>ved den internasjonale tegneseriefestivalen </div>  <div>i Angoulème. &#160;</div>  ]]></wp:meta_value>
            </wp:postmeta>
            <wp:postmeta>
                <wp:meta_key>_lsb_review</wp:meta_key>
                <wp:meta_value><![CDATA[lsb_acf_review]]></wp:meta_value>
            </wp:postmeta>
            <wp:postmeta>
                <wp:meta_key>lsb_quote</wp:meta_key>
                <wp:meta_value><![CDATA[- Aahh! Søster! Du er vakker som en   kakaobønne som tørker i sola!   - Hva i all verden mener du med det?   - Hei! Jeg digger deg!   - Ikke plan meg! Hvorfor er guttene her   i Yopougon så innmari usiviliserte? ]]></wp:meta_value>
            </wp:postmeta>
            <wp:postmeta>
                <wp:meta_key>_lsb_quote</wp:meta_key>
                <wp:meta_value><![CDATA[lsb_acf_quote]]></wp:meta_value>
            </wp:postmeta>
            <wp:postmeta>
                <wp:meta_key>lsb_supported</wp:meta_key>
                <wp:meta_value><![CDATA[0]]></wp:meta_value>
            </wp:postmeta>
            <wp:postmeta>
                <wp:meta_key>_lsb_supported</wp:meta_key>
                <wp:meta_value><![CDATA[lsb_acf_supported]]></wp:meta_value>
            </wp:postmeta>
            <category domain="lsb_tax_author" nicename="marguerite-abouet"><![CDATA[Marguerite Abouet]]></category>
            <category domain="lsb_tax_publisher" nicename="minuskel-"><![CDATA[Minuskel ]]></category>
            <category domain="lsb_tax_illustrator" nicename="clément-oubrerie"><![CDATA[Clément Oubrerie]]></category>
            <category domain="lsb_tax_translator" nicename="alexander-leborg"><![CDATA[Alexander Leborg]]></category>
            <wp:postmeta>
                <wp:meta_key>lsb_look_inside</wp:meta_key>
                <wp:meta_value><![CDATA[CUSTOM_BLA_I_BOKA]]></wp:meta_value>
            </wp:postmeta>
            <wp:postmeta>
                <wp:meta_key>_lsb_look_inside</wp:meta_key>
                <wp:meta_value><![CDATA[lsb_acf_look_inside]]></wp:meta_value>
            </wp:postmeta>
            <category domain="lsb_tax_age" nicename="ungdom"><![CDATA[ungdom]]></category>
            <category domain="lsb_tax_age" nicename="voksne"><![CDATA[voksne]]></category>
            <category domain="lsb_tax_genre" nicename="prosa"><![CDATA[prosa]]></category>
            <category domain="lsb_tax_topic" nicename="kjærlighet"><![CDATA[kjærlighet]]></category>
            <category domain="lsb_tax_topic" nicename="historie"><![CDATA[historie]]></category>
            <category domain="lsb_tax_topic" nicename="samfunn"><![CDATA[samfunn]]></category>
            <category domain="lsb_tax_topic" nicename="humor"><![CDATA[humor]]></category>
            <category domain="lsb_tax_language" nicename="no_nb"><![CDATA[bokmål]]></category>
            <category domain="lsb_tax_customization" nicename="skjønnlitteratur"><![CDATA[skjønnlitteratur]]></category>
            <category domain="lsb_tax_customization" nicename="bilder"><![CDATA[bilder]]></category>
            <category domain="lsb_tax_customization" nicename="mange-bilder"><![CDATA[mange bilder]]></category>
            <wp:postmeta>
                <wp:meta_key>_thumbnail_id</wp:meta_key>
                <wp:meta_value><![CDATA[5539]]></wp:meta_value>
            </wp:postmeta>
        </item>
        <item>
            <title>Aya.jpg</title>
            <wp:post_id>5539</wp:post_id>
            <wp:status>inherit</wp:status>
            <wp:post_type>attachment</wp:post_type>
            <wp:attachment_url>https://raw.githubusercontent.com/lesersokerbok/boksok.no-data-utils/master/output-example/images/341757694E4B47BCBBC20112A92C11A8.jpg</wp:attachment_url>
        </item>
        <item>
            <wp:post_type>lsb_book</wp:post_type>
            <wp:status>publish</wp:status>
            <title>Naturligvis. Norske interiører</title>
            <excerpt:encoded><![CDATA[En stor bok som er god å bla i.  Den er full av ideér og mange gode  bilder.]]></excerpt:encoded>
            <wp:postmeta>
                <wp:meta_key>lsb_isbn</wp:meta_key>
                <wp:meta_value><![CDATA[9788281881129]]></wp:meta_value>
            </wp:postmeta>
            <wp:postmeta>
                <wp:meta_key>_lsb_isbn</wp:meta_key>
                <wp:meta_value><![CDATA[lsb_acf_isbn]]></wp:meta_value>
            </wp:postmeta>
            <wp:postmeta>
                <wp:meta_key>lsb_published_year</wp:meta_key>
                <wp:meta_value><![CDATA[2011]]></wp:meta_value>
            </wp:postmeta>
            <wp:postmeta>
                <wp:meta_key>_lsb_published_year</wp:meta_key>
                <wp:meta_value><![CDATA[lsb_acf_published_year]]></wp:meta_value>
            </wp:postmeta>
            <wp:postmeta>
                <wp:meta_key>lsb_pages</wp:meta_key>
                <wp:meta_value><![CDATA[272]]></wp:meta_value>
            </wp:postmeta>
            <wp:postmeta>
                <wp:meta_key>_lsb_pages</wp:meta_key>
                <wp:meta_value><![CDATA[lsb_acf_pages]]></wp:meta_value>
            </wp:postmeta>
            <wp:postmeta>
                <wp:meta_key>lsb_review</wp:meta_key>
                <wp:meta_value><![CDATA[  <div><strong>Naturligvis </strong>viser oss 13 forskjellige interiører.</div>  <div>Det er korte beskrivelser av interiørene og valgene bak.&#160; </div>  <div>Bildene viser eksempler på godt nordisk interiør.</div>  <div><br />  </div>  <div>Boka har store oppslag med vakre fotografier.</div>  <div>Det er lite tekst, men mye inspirasjon.<br />  <br />  Forfatteren Kirsten Visdal er interiørkonsulent. </div>  <div>Bilden er tatt av Nina Dreyer Hensley og Jim Hensley.<br />  Sammen har de laget en bok som er en fryd for øyet.<br />  </div>  ]]></wp:meta_value>
            </wp:postmeta>
            <wp:postmeta>
                <wp:meta_key>_lsb_review</wp:meta_key>
                <wp:meta_value><![CDATA[lsb_acf_review]]></wp:meta_value>
            </wp:postmeta>
            <wp:postmeta>
                <wp:meta_key>lsb_quote</wp:meta_key>
                <wp:meta_value><![CDATA[Så sant været tilsier det, bruker familien mest mulig tid utendørs. Det er rikelig med plass på svabergene. De enkle utemøblene står spredt rundt omkring og tilbyr en plass i sola eller i skyggen bak en knaus.]]></wp:meta_value>
            </wp:postmeta>
            <wp:postmeta>
                <wp:meta_key>_lsb_quote</wp:meta_key>
                <wp:meta_value><![CDATA[lsb_acf_quote]]></wp:meta_value>
            </wp:postmeta>
            <wp:postmeta>
                <wp:meta_key>lsb_supported</wp:meta_key>
                <wp:meta_value><![CDATA[0]]></wp:meta_value>
            </wp:postmeta>
            <wp:postmeta>
                <wp:meta_key>_lsb_supported</wp:meta_key>
                <wp:meta_value><![CDATA[lsb_acf_supported]]></wp:meta_value>
            </wp:postmeta>
            <category domain="lsb_tax_author" nicename="kristen-visdal"><![CDATA[Kristen Visdal]]></category>
            <category domain="lsb_tax_publisher" nicename="versal"><![CDATA[Versal]]></category>
            <category domain="lsb_tax_illustrator" nicename="nina-dreyer-hensley-og-jim-hensley"><![CDATA[Nina Dreyer Hensley og Jim Hensley]]></category>
            <wp:postmeta>
                <wp:meta_key>lsb_look_inside</wp:meta_key>
                <wp:meta_value><![CDATA[CUSTOM_BLA_I_BOKA]]></wp:meta_value>
            </wp:postmeta>
            <wp:postmeta>
                <wp:meta_key>_lsb_look_inside</wp:meta_key>
                <wp:meta_value><![CDATA[lsb_acf_look_inside]]></wp:meta_value>
            </wp:postmeta>
            <category domain="lsb_tax_age" nicename="voksne"><![CDATA[voksne]]></category>
            <category domain="lsb_tax_genre" nicename="faglitteratur"><![CDATA[faglitteratur]]></category>
            <category domain="lsb_tax_topic" nicename="hus"><![CDATA[hus]]></category>
            <category domain="lsb_tax_topic" nicename="hjem"><![CDATA[hjem]]></category>
            <category domain="lsb_tax_topic" nicename="hage"><![CDATA[hage]]></category>
            <category domain="lsb_tax_language" nicename="no_nb"><![CDATA[bokmål]]></category>
            <category domain="lsb_tax_customization" nicename="faglitteratur"><![CDATA[faglitteratur]]></category>
            <category domain="lsb_tax_customization" nicename="mange-bilder"><![CDATA[mange bilder]]></category>
            <wp:postmeta>
                <wp:meta_key>_thumbnail_id</wp:meta_key>
                <wp:meta_value><![CDATA[5540]]></wp:meta_value>
            </wp:postmeta>
        </item>
        <item>
            <title>Naturligvis_versalbilde.jpg</title>
            <wp:post_id>5540</wp:post_id>
            <wp:status>inherit</wp:status>
            <wp:post_type>attachment</wp:post_type>
            <wp:attachment_url>https://raw.githubusercontent.com/lesersokerbok/boksok.no-data-utils/master/output-example/images/975984F320254CF5AAB2AA1753B8345E.jpg</wp:attachment_url>
        </item>
        <item>
            <wp:post_type>lsb_book</wp:post_type>
            <wp:status>publish</wp:status>
            <title>Det krokete sporet</title>
            <excerpt:encoded><![CDATA[Et tog kjører i natten.   I ei lomme ligger det en diamant.  En bjørn krysser et spor.]]></excerpt:encoded>
            <wp:postmeta>
                <wp:meta_key>lsb_isbn</wp:meta_key>
                <wp:meta_value><![CDATA[9788292226377]]></wp:meta_value>
            </wp:postmeta>
            <wp:postmeta>
                <wp:meta_key>_lsb_isbn</wp:meta_key>
                <wp:meta_value><![CDATA[lsb_acf_isbn]]></wp:meta_value>
            </wp:postmeta>
            <wp:postmeta>
                <wp:meta_key>lsb_published_year</wp:meta_key>
                <wp:meta_value><![CDATA[2012]]></wp:meta_value>
            </wp:postmeta>
            <wp:postmeta>
                <wp:meta_key>_lsb_published_year</wp:meta_key>
                <wp:meta_value><![CDATA[lsb_acf_published_year]]></wp:meta_value>
            </wp:postmeta>
            <wp:postmeta>
                <wp:meta_key>lsb_pages</wp:meta_key>
                <wp:meta_value/>
            </wp:postmeta>
            <wp:postmeta>
                <wp:meta_key>_lsb_pages</wp:meta_key>
                <wp:meta_value><![CDATA[lsb_acf_pages]]></wp:meta_value>
            </wp:postmeta>
            <wp:postmeta>
                <wp:meta_key>lsb_review</wp:meta_key>
                <wp:meta_value><![CDATA[  <div> Slik er rammene for denne krimmen uten ord.</div>  <div>Går det an å fortelle om drap,<br />  tyveri og sabotasje bare gjennom bilder?<br />  <br />  Max Estes har en vakker, mørk og renskåren stil.<br />  Tegningene passer for alle med interesse for kunst.<br />  Historien er ganske grei å følge, selv uten ord.<br />  Det kan være en fordel å ha lest andre tegneserier,<br />  selv om rutene er tydelig markerte<br />  og følger hverandre på en logisk måte.<br />  <br />  <span style="font-weight: bold;">Max Estes</span> er amerikaner, men bor i Norge.<br />  Dette er den tredje av de krokete bøkene.<br />  De andre heter <span style="font-weight: bold;">Den krokete kniv</span> <br />  og <span style="font-weight: bold;">Den krokete kanalen</span>.<br />  </div>  ]]></wp:meta_value>
            </wp:postmeta>
            <wp:postmeta>
                <wp:meta_key>_lsb_review</wp:meta_key>
                <wp:meta_value><![CDATA[lsb_acf_review]]></wp:meta_value>
            </wp:postmeta>
            <wp:postmeta>
                <wp:meta_key>lsb_quote</wp:meta_key>
                <wp:meta_value/>
            </wp:postmeta>
            <wp:postmeta>
                <wp:meta_key>_lsb_quote</wp:meta_key>
                <wp:meta_value><![CDATA[lsb_acf_quote]]></wp:meta_value>
            </wp:postmeta>
            <wp:postmeta>
                <wp:meta_key>lsb_supported</wp:meta_key>
                <wp:meta_value><![CDATA[0]]></wp:meta_value>
            </wp:postmeta>
            <wp:postmeta>
                <wp:meta_key>_lsb_supported</wp:meta_key>
                <wp:meta_value><![CDATA[lsb_acf_supported]]></wp:meta_value>
            </wp:postmeta>
            <category domain="lsb_tax_author" nicename="max-estes"><![CDATA[Max Estes]]></category>
            <category domain="lsb_tax_publisher" nicename="jippi-"><![CDATA[Jippi ]]></category>
            <category domain="lsb_tax_illustrator" nicename="max-estes"><![CDATA[Max Estes]]></category>
            <wp:postmeta>
                <wp:meta_key>lsb_look_inside</wp:meta_key>
                <wp:meta_value><![CDATA[CUSTOM_BLA_I_BOKA]]></wp:meta_value>
            </wp:postmeta>
            <wp:postmeta>
                <wp:meta_key>_lsb_look_inside</wp:meta_key>
                <wp:meta_value><![CDATA[lsb_acf_look_inside]]></wp:meta_value>
            </wp:postmeta>
            <category domain="lsb_tax_age" nicename="ungdom"><![CDATA[ungdom]]></category>
            <category domain="lsb_tax_age" nicename="voksne"><![CDATA[voksne]]></category>
            <category domain="lsb_tax_genre" nicename="prosa"><![CDATA[prosa]]></category>
            <category domain="lsb_tax_language" nicename="no_nb"><![CDATA[bokmål]]></category>
            <category domain="lsb_tax_customization" nicename="bilder"><![CDATA[bilder]]></category>
            <category domain="lsb_tax_customization" nicename="mange-bilder"><![CDATA[mange bilder]]></category>
            <wp:postmeta>
                <wp:meta_key>_thumbnail_id</wp:meta_key>
                <wp:meta_value><![CDATA[5541]]></wp:meta_value>
            </wp:postmeta>
        </item>
        <item>
            <title>Det krokete sporet 1.jpg</title>
            <wp:post_id>5541</wp:post_id>
            <wp:status>inherit</wp:status>
            <wp:post_type>attachment</wp:post_type>
            <wp:attachment_url>https://raw.githubusercontent.com/lesersokerbok/boksok.no-data-utils/master/output-example/images/31DB9934A08741ECA636850C12B87A86.jpg</wp:attachment_url>
        </item>
        <item>
            <wp:post_type>lsb_book</wp:post_type>
            <wp:status>publish</wp:status>
            <title>Simons katt krysser gjerdet</title>
            <excerpt:encoded><![CDATA[Simons katt er tilbake!   Denne gangen drar han ut   på eventyr. ]]></excerpt:encoded>
            <wp:postmeta>
                <wp:meta_key>lsb_isbn</wp:meta_key>
                <wp:meta_value><![CDATA[9788292605639]]></wp:meta_value>
            </wp:postmeta>
            <wp:postmeta>
                <wp:meta_key>_lsb_isbn</wp:meta_key>
                <wp:meta_value><![CDATA[lsb_acf_isbn]]></wp:meta_value>
            </wp:postmeta>
            <wp:postmeta>
                <wp:meta_key>lsb_published_year</wp:meta_key>
                <wp:meta_value><![CDATA[2011]]></wp:meta_value>
            </wp:postmeta>
            <wp:postmeta>
                <wp:meta_key>_lsb_published_year</wp:meta_key>
                <wp:meta_value><![CDATA[lsb_acf_published_year]]></wp:meta_value>
            </wp:postmeta>
            <wp:postmeta>
                <wp:meta_key>lsb_pages</wp:meta_key>
                <wp:meta_value><![CDATA[upag]]></wp:meta_value>
            </wp:postmeta>
            <wp:postmeta>
                <wp:meta_key>_lsb_pages</wp:meta_key>
                <wp:meta_value><![CDATA[lsb_acf_pages]]></wp:meta_value>
            </wp:postmeta>
            <wp:postmeta>
                <wp:meta_key>lsb_review</wp:meta_key>
                <wp:meta_value><![CDATA[  <div>Simon vil vaske katten sin. </div>  <div>Da rømmer katten! </div>  <div>Utenfor gjerdet opplever katten </div>  <div>mye rart, morsomt og skummelt. </div>  <div>&#160;</div>  <div>Denne boka har ingen tekst. </div>  <div>Alt fortelles gjennom enkle, </div>  <div>morsomme tegninger.  </div>  <div>Tegningene er i sort/hvitt. </div>  <div>&#160;</div>  <div>Katten er tegnet av </div>  <div>Simon Tofield. </div>  <div>Han har også laget en annen bok </div>  <div>som heter <strong>Simons katt</strong>. </div>  <div>På nettsiden <a href="http://www.simonscat.com">www.simonscat.com</a></div>  <div>kan du se små filmer om katten. </div>  <div>&#160;</div>  ]]></wp:meta_value>
            </wp:postmeta>
            <wp:postmeta>
                <wp:meta_key>_lsb_review</wp:meta_key>
                <wp:meta_value><![CDATA[lsb_acf_review]]></wp:meta_value>
            </wp:postmeta>
            <wp:postmeta>
                <wp:meta_key>lsb_quote</wp:meta_key>
                <wp:meta_value/>
            </wp:postmeta>
            <wp:postmeta>
                <wp:meta_key>_lsb_quote</wp:meta_key>
                <wp:meta_value><![CDATA[lsb_acf_quote]]></wp:meta_value>
            </wp:postmeta>
            <wp:postmeta>
                <wp:meta_key>lsb_supported</wp:meta_key>
                <wp:meta_value><![CDATA[0]]></wp:meta_value>
            </wp:postmeta>
            <wp:postmeta>
                <wp:meta_key>_lsb_supported</wp:meta_key>
                <wp:meta_value><![CDATA[lsb_acf_supported]]></wp:meta_value>
            </wp:postmeta>
            <category domain="lsb_tax_publisher" nicename="lille-måne"><![CDATA[Lille måne]]></category>
            <category domain="lsb_tax_illustrator" nicename="simon-tofield"><![CDATA[Simon Tofield]]></category>
            <wp:postmeta>
                <wp:meta_key>lsb_look_inside</wp:meta_key>
                <wp:meta_value><![CDATA[CUSTOM_BLA_I_BOKA]]></wp:meta_value>
            </wp:postmeta>
            <wp:postmeta>
                <wp:meta_key>_lsb_look_inside</wp:meta_key>
                <wp:meta_value><![CDATA[lsb_acf_look_inside]]></wp:meta_value>
            </wp:postmeta>
            <category domain="lsb_tax_age" nicename="ungdom"><![CDATA[ungdom]]></category>
            <category domain="lsb_tax_age" nicename="voksne"><![CDATA[voksne]]></category>
            <category domain="lsb_tax_topic" nicename="humor"><![CDATA[humor]]></category>
            <category domain="lsb_tax_customization" nicename="bilder"><![CDATA[bilder]]></category>
            <category domain="lsb_tax_customization" nicename="mange-bilder"><![CDATA[mange bilder]]></category>
            <wp:postmeta>
                <wp:meta_key>_thumbnail_id</wp:meta_key>
                <wp:meta_value><![CDATA[5542]]></wp:meta_value>
            </wp:postmeta>
        </item>
        <item>
            <title>Simons katt krysser gjerdet.jpg</title>
            <wp:post_id>5542</wp:post_id>
            <wp:status>inherit</wp:status>
            <wp:post_type>attachment</wp:post_type>
            <wp:attachment_url>https://raw.githubusercontent.com/lesersokerbok/boksok.no-data-utils/master/output-example/images/651687389AA247AC9288D1F5F231C240.jpg</wp:attachment_url>
        </item>
        <item>
            <wp:post_type>lsb_book</wp:post_type>
            <wp:status>publish</wp:status>
            <title>Nyfødte foreldres ABC</title>
            <excerpt:encoded><![CDATA[Dette en morsom ordbok   for alle som har opplevd   å få livet snudd på hodet   av et lite, nyfødt barn. ]]></excerpt:encoded>
            <wp:postmeta>
                <wp:meta_key>lsb_isbn</wp:meta_key>
                <wp:meta_value><![CDATA[9788205405509]]></wp:meta_value>
            </wp:postmeta>
            <wp:postmeta>
                <wp:meta_key>_lsb_isbn</wp:meta_key>
                <wp:meta_value><![CDATA[lsb_acf_isbn]]></wp:meta_value>
            </wp:postmeta>
            <wp:postmeta>
                <wp:meta_key>lsb_published_year</wp:meta_key>
                <wp:meta_value><![CDATA[2010]]></wp:meta_value>
            </wp:postmeta>
            <wp:postmeta>
                <wp:meta_key>_lsb_published_year</wp:meta_key>
                <wp:meta_value><![CDATA[lsb_acf_published_year]]></wp:meta_value>
            </wp:postmeta>
            <wp:postmeta>
                <wp:meta_key>lsb_pages</wp:meta_key>
                <wp:meta_value><![CDATA[30]]></wp:meta_value>
            </wp:postmeta>
            <wp:postmeta>
                <wp:meta_key>_lsb_pages</wp:meta_key>
                <wp:meta_value><![CDATA[lsb_acf_pages]]></wp:meta_value>
            </wp:postmeta>
            <wp:postmeta>
                <wp:meta_key>lsb_review</wp:meta_key>
                <wp:meta_value><![CDATA[  <div>Å få barn kan føles </div>  <div>som å måtte lære alfabetet på nytt. </div>  <div>I denne boka får du nye ord </div>  <div>for hver bokstav. </div>  <div>Boka kan vekke både latter </div>  <div>og gjenkjennelse. </div>  <div>&#160;</div>  <div><strong>Nyfødte foreldres ABC</strong> har </div>  <div>morsomme tegninger og få ord. </div>  <div>Noen av ordne er vanskelige, </div>  <div>men det er lett å forstå innholdet </div>  <div>ved å se på tegningene. </div>  <div>&#160;</div>  <div><strong>Ingri Egeberg</strong> har både </div>  <div>skrevet og illustrert. </div>  ]]></wp:meta_value>
            </wp:postmeta>
            <wp:postmeta>
                <wp:meta_key>_lsb_review</wp:meta_key>
                <wp:meta_value><![CDATA[lsb_acf_review]]></wp:meta_value>
            </wp:postmeta>
            <wp:postmeta>
                <wp:meta_key>lsb_quote</wp:meta_key>
                <wp:meta_value><![CDATA[K for kolikk (vi sier ikke mer)   L for lykke   M for mamma   N for nattinatt]]></wp:meta_value>
            </wp:postmeta>
            <wp:postmeta>
                <wp:meta_key>_lsb_quote</wp:meta_key>
                <wp:meta_value><![CDATA[lsb_acf_quote]]></wp:meta_value>
            </wp:postmeta>
            <wp:postmeta>
                <wp:meta_key>lsb_supported</wp:meta_key>
                <wp:meta_value><![CDATA[0]]></wp:meta_value>
            </wp:postmeta>
            <wp:postmeta>
                <wp:meta_key>_lsb_supported</wp:meta_key>
                <wp:meta_value><![CDATA[lsb_acf_supported]]></wp:meta_value>
            </wp:postmeta>
            <category domain="lsb_tax_author" nicename="ingri-egeberg"><![CDATA[Ingri Egeberg]]></category>
            <category domain="lsb_tax_publisher" nicename="gyldendal"><![CDATA[Gyldendal]]></category>
            <category domain="lsb_tax_illustrator" nicename="ingri-egeberg"><![CDATA[Ingri Egeberg]]></category>
            <wp:postmeta>
                <wp:meta_key>lsb_look_inside</wp:meta_key>
                <wp:meta_value><![CDATA[CUSTOM_BLA_I_BOKA]]></wp:meta_value>
            </wp:postmeta>
            <wp:postmeta>
                <wp:meta_key>_lsb_look_inside</wp:meta_key>
                <wp:meta_value><![CDATA[lsb_acf_look_inside]]></wp:meta_value>
            </wp:postmeta>
            <category domain="lsb_tax_age" nicename="voksne"><![CDATA[voksne]]></category>
            <category domain="lsb_tax_topic" nicename="mennesker-i-mellom"><![CDATA[mennesker i mellom]]></category>
            <category domain="lsb_tax_language" nicename="no_nb"><![CDATA[bokmål]]></category>
            <category domain="lsb_tax_customization" nicename="skjønnlitteratur"><![CDATA[skjønnlitteratur]]></category>
            <category domain="lsb_tax_customization" nicename="ny-i-norge"><![CDATA[ny i norge]]></category>
            <category domain="lsb_tax_customization" nicename="mange-bilder"><![CDATA[mange bilder]]></category>
            <wp:postmeta>
                <wp:meta_key>_thumbnail_id</wp:meta_key>
                <wp:meta_value><![CDATA[5543]]></wp:meta_value>
            </wp:postmeta>
        </item>
        <item>
            <title>Nyfoedte-foreldres-ABC.jpg</title>
            <wp:post_id>5543</wp:post_id>
            <wp:status>inherit</wp:status>
            <wp:post_type>attachment</wp:post_type>
            <wp:attachment_url>https://raw.githubusercontent.com/lesersokerbok/boksok.no-data-utils/master/output-example/images/5F7912434A134B678D0ECB981A25FA0A.jpg</wp:attachment_url>
        </item>
        <item>
            <wp:post_type>lsb_book</wp:post_type>
            <wp:status>publish</wp:status>
            <title>Simons katt</title>
            <excerpt:encoded><![CDATA[Simons katt er en bok   helt uten tekst, men med   mange morsomme bilder. ]]></excerpt:encoded>
            <wp:postmeta>
                <wp:meta_key>lsb_isbn</wp:meta_key>
                <wp:meta_value><![CDATA[9788292605431]]></wp:meta_value>
            </wp:postmeta>
            <wp:postmeta>
                <wp:meta_key>_lsb_isbn</wp:meta_key>
                <wp:meta_value><![CDATA[lsb_acf_isbn]]></wp:meta_value>
            </wp:postmeta>
            <wp:postmeta>
                <wp:meta_key>lsb_published_year</wp:meta_key>
                <wp:meta_value><![CDATA[2009]]></wp:meta_value>
            </wp:postmeta>
            <wp:postmeta>
                <wp:meta_key>_lsb_published_year</wp:meta_key>
                <wp:meta_value><![CDATA[lsb_acf_published_year]]></wp:meta_value>
            </wp:postmeta>
            <wp:postmeta>
                <wp:meta_key>lsb_pages</wp:meta_key>
                <wp:meta_value><![CDATA[upag]]></wp:meta_value>
            </wp:postmeta>
            <wp:postmeta>
                <wp:meta_key>_lsb_pages</wp:meta_key>
                <wp:meta_value><![CDATA[lsb_acf_pages]]></wp:meta_value>
            </wp:postmeta>
            <wp:postmeta>
                <wp:meta_key>lsb_review</wp:meta_key>
                <wp:meta_value><![CDATA[  <div>Gjennom tegningene blir vi kjent </div>  <div>med katten til Simon </div>  <div>og alt det rare han finner på.&#160;&#160;</div>  <div>Dette er en morsom bok </div>  <div>for alle som elsker katter </div>  <div>- og for alle andre! </div>  <div>&#160;</div>  <div>Tegningene i boka er enkle </div>  <div>og&#160;i sort/hvitt. Boka kan leses </div>  <div>litt av gangen. </div>  <div>&#160;</div>  <div><strong>Simons katt</strong> er tegnet av </div>  <div><strong>Simon Tofield</strong>. Han har en egen </div>  <div>nettside der du kan se&#160;små filmer på</div>  <div><a href="http://www.simonscat.com">www.simonscat.com</a> </div>  ]]></wp:meta_value>
            </wp:postmeta>
            <wp:postmeta>
                <wp:meta_key>_lsb_review</wp:meta_key>
                <wp:meta_value><![CDATA[lsb_acf_review]]></wp:meta_value>
            </wp:postmeta>
            <wp:postmeta>
                <wp:meta_key>lsb_quote</wp:meta_key>
                <wp:meta_value/>
            </wp:postmeta>
            <wp:postmeta>
                <wp:meta_key>_lsb_quote</wp:meta_key>
                <wp:meta_value><![CDATA[lsb_acf_quote]]></wp:meta_value>
            </wp:postmeta>
            <wp:postmeta>
                <wp:meta_key>lsb_supported</wp:meta_key>
                <wp:meta_value><![CDATA[0]]></wp:meta_value>
            </wp:postmeta>
            <wp:postmeta>
                <wp:meta_key>_lsb_supported</wp:meta_key>
                <wp:meta_value><![CDATA[lsb_acf_supported]]></wp:meta_value>
            </wp:postmeta>
            <category domain="lsb_tax_publisher" nicename="lille-måne"><![CDATA[Lille måne]]></category>
            <category domain="lsb_tax_illustrator" nicename="simon-tofield-"><![CDATA[Simon Tofield ]]></category>
            <wp:postmeta>
                <wp:meta_key>lsb_look_inside</wp:meta_key>
                <wp:meta_value><![CDATA[CUSTOM_BLA_I_BOKA]]></wp:meta_value>
            </wp:postmeta>
            <wp:postmeta>
                <wp:meta_key>_lsb_look_inside</wp:meta_key>
                <wp:meta_value><![CDATA[lsb_acf_look_inside]]></wp:meta_value>
            </wp:postmeta>
            <category domain="lsb_tax_age" nicename="ungdom"><![CDATA[ungdom]]></category>
            <category domain="lsb_tax_age" nicename="voksne"><![CDATA[voksne]]></category>
            <category domain="lsb_tax_topic" nicename="humor"><![CDATA[humor]]></category>
            <category domain="lsb_tax_customization" nicename="bilder"><![CDATA[bilder]]></category>
            <category domain="lsb_tax_customization" nicename="mange-bilder"><![CDATA[mange bilder]]></category>
            <wp:postmeta>
                <wp:meta_key>_thumbnail_id</wp:meta_key>
                <wp:meta_value><![CDATA[5544]]></wp:meta_value>
            </wp:postmeta>
        </item>
        <item>
            <title>Simons katt.jpg</title>
            <wp:post_id>5544</wp:post_id>
            <wp:status>inherit</wp:status>
            <wp:post_type>attachment</wp:post_type>
            <wp:attachment_url>https://raw.githubusercontent.com/lesersokerbok/boksok.no-data-utils/master/output-example/images/3D22080A27A54422BDBAC53905748E8E.jpg</wp:attachment_url>
        </item>
        <item>
            <wp:post_type>lsb_book</wp:post_type>
            <wp:status>publish</wp:status>
            <title>Det første steget til en sprekere kropp</title>
            <excerpt:encoded><![CDATA[10 minutter med trening  er mye mer enn ingenting,  mener Kari Jaquesson.  I denne boken viser hun frem øvelser  som kan gjøres mellom hverdagens kjas og mas. ]]></excerpt:encoded>
            <wp:postmeta>
                <wp:meta_key>lsb_isbn</wp:meta_key>
                <wp:meta_value><![CDATA[9788202377328]]></wp:meta_value>
            </wp:postmeta>
            <wp:postmeta>
                <wp:meta_key>_lsb_isbn</wp:meta_key>
                <wp:meta_value><![CDATA[lsb_acf_isbn]]></wp:meta_value>
            </wp:postmeta>
            <wp:postmeta>
                <wp:meta_key>lsb_published_year</wp:meta_key>
                <wp:meta_value><![CDATA[2012]]></wp:meta_value>
            </wp:postmeta>
            <wp:postmeta>
                <wp:meta_key>_lsb_published_year</wp:meta_key>
                <wp:meta_value><![CDATA[lsb_acf_published_year]]></wp:meta_value>
            </wp:postmeta>
            <wp:postmeta>
                <wp:meta_key>lsb_pages</wp:meta_key>
                <wp:meta_value><![CDATA[128]]></wp:meta_value>
            </wp:postmeta>
            <wp:postmeta>
                <wp:meta_key>_lsb_pages</wp:meta_key>
                <wp:meta_value><![CDATA[lsb_acf_pages]]></wp:meta_value>
            </wp:postmeta>
            <wp:postmeta>
                <wp:meta_key>lsb_review</wp:meta_key>
                <wp:meta_value><![CDATA[  <div style="padding: 0px 0px 20px;">  <div>10 minutter av gangen, <br />  på vei mot et bedre liv.<br />  </div>  <div>&#160;</div>  <div>Øvelsene er enkelt forklart<br />  med tekst og bilder.</div>  <p>Teksten er nokså enkel, <br />  og boka har lite tekst og mange bilder.<br />  Fonten kunne vært større (8,5 punkt),<br />  </p>  <div>  og teksten har noen lange ord.</div>  <div>&#160;</div>  <div>  <div>Kari Jaquesson er et kjent fjes fra TV.</div>  <div>Hun har vært med på programmer som</div>  <div><strong>God morgen, Norge</strong>,<strong> Tjukkholmen</strong>, <strong>Slankekrigen</strong> </div>  <div>og <strong>Et lettere liv</strong>. Hun har også gitt ut flere bøker </div>  <div>og trenings-DVD-er. </div>&#160;</div></div>  ]]></wp:meta_value>
            </wp:postmeta>
            <wp:postmeta>
                <wp:meta_key>_lsb_review</wp:meta_key>
                <wp:meta_value><![CDATA[lsb_acf_review]]></wp:meta_value>
            </wp:postmeta>
            <wp:postmeta>
                <wp:meta_key>lsb_quote</wp:meta_key>
                <wp:meta_value><![CDATA[Søtsuget melder seg når du egentlig trenger mat. Tre timer etter  lunsj er det tid for snacks! Spiser du sunne ting, får du alt du  trenger for en ny giv. Sjokolade og wienerbrød gjør deg bare  slapp. Slipp heller fargene til, og kjenn deg våken og opplagt!  Velg med fargeskrinet - rene, sunne saker fra naturen som gjør  kroppen sterk, sprek og full av energi.]]></wp:meta_value>
            </wp:postmeta>
            <wp:postmeta>
                <wp:meta_key>_lsb_quote</wp:meta_key>
                <wp:meta_value><![CDATA[lsb_acf_quote]]></wp:meta_value>
            </wp:postmeta>
            <wp:postmeta>
                <wp:meta_key>lsb_supported</wp:meta_key>
                <wp:meta_value><![CDATA[0]]></wp:meta_value>
            </wp:postmeta>
            <wp:postmeta>
                <wp:meta_key>_lsb_supported</wp:meta_key>
                <wp:meta_value><![CDATA[lsb_acf_supported]]></wp:meta_value>
            </wp:postmeta>
            <category domain="lsb_tax_author" nicename="kari-jaquesson"><![CDATA[Kari Jaquesson]]></category>
            <category domain="lsb_tax_publisher" nicename="cappelen-damm"><![CDATA[Cappelen Damm]]></category>
            <category domain="lsb_tax_illustrator" nicename="nicolas-tourrenc"><![CDATA[Nicolas Tourrenc]]></category>
            <wp:postmeta>
                <wp:meta_key>lsb_look_inside</wp:meta_key>
                <wp:meta_value><![CDATA[CUSTOM_BLA_I_BOKA]]></wp:meta_value>
            </wp:postmeta>
            <wp:postmeta>
                <wp:meta_key>_lsb_look_inside</wp:meta_key>
                <wp:meta_value><![CDATA[lsb_acf_look_inside]]></wp:meta_value>
            </wp:postmeta>
            <category domain="lsb_tax_age" nicename="voksne"><![CDATA[voksne]]></category>
            <category domain="lsb_tax_genre" nicename="dokumentar"><![CDATA[dokumentar]]></category>
            <category domain="lsb_tax_genre" nicename="fakta"><![CDATA[fakta]]></category>
            <category domain="lsb_tax_genre" nicename="faglitteratur"><![CDATA[faglitteratur]]></category>
            <category domain="lsb_tax_topic" nicename="sport"><![CDATA[sport]]></category>
            <category domain="lsb_tax_language" nicename="no_nb"><![CDATA[bokmål]]></category>
            <category domain="lsb_tax_customization" nicename="faglitteratur"><![CDATA[faglitteratur]]></category>
            <category domain="lsb_tax_customization" nicename="mange-bilder"><![CDATA[mange bilder]]></category>
            <wp:postmeta>
                <wp:meta_key>_thumbnail_id</wp:meta_key>
                <wp:meta_value><![CDATA[5545]]></wp:meta_value>
            </wp:postmeta>
        </item>
        <item>
            <title>det-forste-steget_forside.jpg</title>
            <wp:post_id>5545</wp:post_id>
            <wp:status>inherit</wp:status>
            <wp:post_type>attachment</wp:post_type>
            <wp:attachment_url>https://raw.githubusercontent.com/lesersokerbok/boksok.no-data-utils/master/output-example/images/401F3CCDEC0E4D90AF7B8ABE0DEBE75E.jpg</wp:attachment_url>
        </item>
        <item>
            <wp:post_type>lsb_book</wp:post_type>
            <wp:status>publish</wp:status>
            <title>Brødre i blodet</title>
            <excerpt:encoded><![CDATA[Emil Johansen har vært i krig  for Norge i Afghanistan.   I denne boka forteller han   åpent og ærlig om det han opplevde. ]]></excerpt:encoded>
            <wp:postmeta>
                <wp:meta_key>lsb_isbn</wp:meta_key>
                <wp:meta_value><![CDATA[9788248911807]]></wp:meta_value>
            </wp:postmeta>
            <wp:postmeta>
                <wp:meta_key>_lsb_isbn</wp:meta_key>
                <wp:meta_value><![CDATA[lsb_acf_isbn]]></wp:meta_value>
            </wp:postmeta>
            <wp:postmeta>
                <wp:meta_key>lsb_published_year</wp:meta_key>
                <wp:meta_value><![CDATA[2011]]></wp:meta_value>
            </wp:postmeta>
            <wp:postmeta>
                <wp:meta_key>_lsb_published_year</wp:meta_key>
                <wp:meta_value><![CDATA[lsb_acf_published_year]]></wp:meta_value>
            </wp:postmeta>
            <wp:postmeta>
                <wp:meta_key>lsb_pages</wp:meta_key>
                <wp:meta_value><![CDATA[216]]></wp:meta_value>
            </wp:postmeta>
            <wp:postmeta>
                <wp:meta_key>_lsb_pages</wp:meta_key>
                <wp:meta_value><![CDATA[lsb_acf_pages]]></wp:meta_value>
            </wp:postmeta>
            <wp:postmeta>
                <wp:meta_key>lsb_review</wp:meta_key>
                <wp:meta_value><![CDATA[  <div>I Afghanistan opplevde han kamper </div>  <div>og angrep. Han opplevde også </div>  <div>triste tap av norske kamerater. </div>  <div>Men midt i det vonde opplevde </div>  <div>han også samhold og sterke møter </div>  <div>med sivilie afganere. </div>  <div>Dette er en viktig bok for alle som vil </div>  <div>vite mer om Norges rolle i </div>  <div>Afghanistan. </div>  <div>&#160;</div>  <div>Boka er spennende og har </div>  <div>ganske lett språk. Noen steder </div>  <div>er avsnittene ganske tette, </div>  <div>andre steder i boka er de mer luftige. </div>  <div>Boka har to innslag med</div>  <div>fargebilder fra Afghanistan. </div>  <div>Begreper og faguttrykk forklares </div>  <div>bakerst i boka. </div>  <div>&#160;</div>  <div><strong>Emil Johansen</strong> er offiser. </div>  <div>Han har vært i Afghanistan i </div>  <div>flere perioder. </div>  ]]></wp:meta_value>
            </wp:postmeta>
            <wp:postmeta>
                <wp:meta_key>_lsb_review</wp:meta_key>
                <wp:meta_value><![CDATA[lsb_acf_review]]></wp:meta_value>
            </wp:postmeta>
            <wp:postmeta>
                <wp:meta_key>lsb_quote</wp:meta_key>
                <wp:meta_value><![CDATA[Nede ved bombestedet jobbet gutta så fort de kunne. Umid-  delbart etter smellet hadde Andreas og Stian begynt å klarere   området rundt vognen for bomber. Begge blødde fra hodet og   var sterkt rystet av trykket fra eksplosjonen. Det skjedde mens   resten av styrken begynte å ta opp kampen med opprørerne.  ]]></wp:meta_value>
            </wp:postmeta>
            <wp:postmeta>
                <wp:meta_key>_lsb_quote</wp:meta_key>
                <wp:meta_value><![CDATA[lsb_acf_quote]]></wp:meta_value>
            </wp:postmeta>
            <wp:postmeta>
                <wp:meta_key>lsb_supported</wp:meta_key>
                <wp:meta_value><![CDATA[0]]></wp:meta_value>
            </wp:postmeta>
            <wp:postmeta>
                <wp:meta_key>_lsb_supported</wp:meta_key>
                <wp:meta_value><![CDATA[lsb_acf_supported]]></wp:meta_value>
            </wp:postmeta>
            <category domain="lsb_tax_author" nicename="emil-johansen-"><![CDATA[Emil Johansen ]]></category>
            <category domain="lsb_tax_publisher" nicename="kagge"><![CDATA[Kagge]]></category>
            <category domain="lsb_tax_illustrator" nicename="forsvaret"><![CDATA[Forsvaret]]></category>
            <wp:postmeta>
                <wp:meta_key>lsb_look_inside</wp:meta_key>
                <wp:meta_value><![CDATA[CUSTOM_BLA_I_BOKA]]></wp:meta_value>
            </wp:postmeta>
            <wp:postmeta>
                <wp:meta_key>_lsb_look_inside</wp:meta_key>
                <wp:meta_value><![CDATA[lsb_acf_look_inside]]></wp:meta_value>
            </wp:postmeta>
            <category domain="lsb_tax_age" nicename="voksne"><![CDATA[voksne]]></category>
            <category domain="lsb_tax_topic" nicename="historie"><![CDATA[historie]]></category>
            <category domain="lsb_tax_topic" nicename="samfunn"><![CDATA[samfunn]]></category>
            <category domain="lsb_tax_language" nicename="no_nb"><![CDATA[bokmål]]></category>
            <category domain="lsb_tax_customization" nicename="faglitteratur"><![CDATA[faglitteratur]]></category>
            <wp:postmeta>
                <wp:meta_key>_thumbnail_id</wp:meta_key>
                <wp:meta_value><![CDATA[5546]]></wp:meta_value>
            </wp:postmeta>
        </item>
        <item>
            <title>brodre i blodet.jpg</title>
            <wp:post_id>5546</wp:post_id>
            <wp:status>inherit</wp:status>
            <wp:post_type>attachment</wp:post_type>
            <wp:attachment_url>https://raw.githubusercontent.com/lesersokerbok/boksok.no-data-utils/master/output-example/images/7DA8E75B62244A4BBCAB11E9AC5610E9.jpg</wp:attachment_url>
        </item>
        <item>
            <wp:post_type>lsb_book</wp:post_type>
            <wp:status>publish</wp:status>
            <title>Det skal merkes at de gråter</title>
            <excerpt:encoded><![CDATA[Hva tenker somalske   kvinner og menn som bor   i Norge om likestilling? ]]></excerpt:encoded>
            <wp:postmeta>
                <wp:meta_key>lsb_isbn</wp:meta_key>
                <wp:meta_value><![CDATA[9788203198953]]></wp:meta_value>
            </wp:postmeta>
            <wp:postmeta>
                <wp:meta_key>_lsb_isbn</wp:meta_key>
                <wp:meta_value><![CDATA[lsb_acf_isbn]]></wp:meta_value>
            </wp:postmeta>
            <wp:postmeta>
                <wp:meta_key>lsb_published_year</wp:meta_key>
                <wp:meta_value><![CDATA[2011]]></wp:meta_value>
            </wp:postmeta>
            <wp:postmeta>
                <wp:meta_key>_lsb_published_year</wp:meta_key>
                <wp:meta_value><![CDATA[lsb_acf_published_year]]></wp:meta_value>
            </wp:postmeta>
            <wp:postmeta>
                <wp:meta_key>lsb_pages</wp:meta_key>
                <wp:meta_value><![CDATA[114]]></wp:meta_value>
            </wp:postmeta>
            <wp:postmeta>
                <wp:meta_key>_lsb_pages</wp:meta_key>
                <wp:meta_value><![CDATA[lsb_acf_pages]]></wp:meta_value>
            </wp:postmeta>
            <wp:postmeta>
                <wp:meta_key>lsb_review</wp:meta_key>
                <wp:meta_value><![CDATA[  <div>I denne boka gir <strong>Amal Aden </strong></div>  <div>et&#160;portrettert av ulike</div>  <div>somaliere i Norge. </div>  <div>Hun har intervjuet både </div>  <div>kvinner og menn. </div>  <div>Gjennom boka møter vi </div>  <div>mange&#160;kvinner som </div>  <div>ikke får de samme mulighetene </div>  <div>som sine brødre og ektemenn. &#160;</div>  <div>&#160;</div>  <div>Boka har et muntlig og lett språk. </div>  <div>Noen avsnitt er vanskelige. </div>  <div>Oppsettet er luftig og boka har </div>  <div>korte kapitler. </div>  <div>&#160;</div>  <div><strong>Amal Aden</strong> er norsk-somalsk </div>  <div>skribent, rådgiver og tolk. </div>  <div>Hun ble født i Nord-Somailia </div>  <div>i 1983 og kom til Norge i 1996. </div>  <div>Da hadde hun levd som gatebarn </div>  <div>i Somalia i sju år, og kunne ikke </div>  <div>lese og skrive. Nå har hun skrevet </div>  <div>tre bøker og holder mange foredrag. </div>  ]]></wp:meta_value>
            </wp:postmeta>
            <wp:postmeta>
                <wp:meta_key>_lsb_review</wp:meta_key>
                <wp:meta_value><![CDATA[lsb_acf_review]]></wp:meta_value>
            </wp:postmeta>
            <wp:postmeta>
                <wp:meta_key>lsb_quote</wp:meta_key>
                <wp:meta_value><![CDATA[Hun er født i Jemen, er 35 år gammel, og har bodd   ti år i Norge. Mannen hun er gift med, har tre andre   koner; de bor i England. Nora er den siste han giftet seg   med, hun er også den yngste. Mannen er sjelden hjemme   og hun oppdrar barna alene. Nora forteller at de gan-  gene mannen er hjemme, blir hun slått, men at hun   fortjener det siden hun ikke er like flink som de andre   konene hans. ]]></wp:meta_value>
            </wp:postmeta>
            <wp:postmeta>
                <wp:meta_key>_lsb_quote</wp:meta_key>
                <wp:meta_value><![CDATA[lsb_acf_quote]]></wp:meta_value>
            </wp:postmeta>
            <wp:postmeta>
                <wp:meta_key>lsb_supported</wp:meta_key>
                <wp:meta_value><![CDATA[0]]></wp:meta_value>
            </wp:postmeta>
            <wp:postmeta>
                <wp:meta_key>_lsb_supported</wp:meta_key>
                <wp:meta_value><![CDATA[lsb_acf_supported]]></wp:meta_value>
            </wp:postmeta>
            <category domain="lsb_tax_author" nicename="amal-aden"><![CDATA[Amal Aden]]></category>
            <category domain="lsb_tax_publisher" nicename="aschehoug-"><![CDATA[Aschehoug ]]></category>
            <wp:postmeta>
                <wp:meta_key>lsb_look_inside</wp:meta_key>
                <wp:meta_value><![CDATA[CUSTOM_BLA_I_BOKA]]></wp:meta_value>
            </wp:postmeta>
            <wp:postmeta>
                <wp:meta_key>_lsb_look_inside</wp:meta_key>
                <wp:meta_value><![CDATA[lsb_acf_look_inside]]></wp:meta_value>
            </wp:postmeta>
            <category domain="lsb_tax_age" nicename="voksne"><![CDATA[voksne]]></category>
            <category domain="lsb_tax_topic" nicename="historie"><![CDATA[historie]]></category>
            <category domain="lsb_tax_topic" nicename="samfunn"><![CDATA[samfunn]]></category>
            <category domain="lsb_tax_language" nicename="no_nb"><![CDATA[bokmål]]></category>
            <category domain="lsb_tax_customization" nicename="faglitteratur"><![CDATA[faglitteratur]]></category>
            <wp:postmeta>
                <wp:meta_key>_thumbnail_id</wp:meta_key>
                <wp:meta_value><![CDATA[5547]]></wp:meta_value>
            </wp:postmeta>
        </item>
        <item>
            <title>det skal merkes.jpg</title>
            <wp:post_id>5547</wp:post_id>
            <wp:status>inherit</wp:status>
            <wp:post_type>attachment</wp:post_type>
            <wp:attachment_url>https://raw.githubusercontent.com/lesersokerbok/boksok.no-data-utils/master/output-example/images/731A078FE1C249138007F52827B04165.jpg</wp:attachment_url>
        </item>
        <item>
            <wp:post_type>lsb_book</wp:post_type>
            <wp:status>publish</wp:status>
            <title>Høsten</title>
            <excerpt:encoded><![CDATA[En mystisk sykdom har rammet det meste av livet på jorden.   Nanna og lillesøsteren Fride har levd store deler av livet sitt i en bunker under jorden.  Nå holder de snart ikke ut lenger]]></excerpt:encoded>
            <wp:postmeta>
                <wp:meta_key>lsb_isbn</wp:meta_key>
                <wp:meta_value><![CDATA[9788202363390]]></wp:meta_value>
            </wp:postmeta>
            <wp:postmeta>
                <wp:meta_key>_lsb_isbn</wp:meta_key>
                <wp:meta_value><![CDATA[lsb_acf_isbn]]></wp:meta_value>
            </wp:postmeta>
            <wp:postmeta>
                <wp:meta_key>lsb_published_year</wp:meta_key>
                <wp:meta_value><![CDATA[2011]]></wp:meta_value>
            </wp:postmeta>
            <wp:postmeta>
                <wp:meta_key>_lsb_published_year</wp:meta_key>
                <wp:meta_value><![CDATA[lsb_acf_published_year]]></wp:meta_value>
            </wp:postmeta>
            <wp:postmeta>
                <wp:meta_key>lsb_pages</wp:meta_key>
                <wp:meta_value><![CDATA[265]]></wp:meta_value>
            </wp:postmeta>
            <wp:postmeta>
                <wp:meta_key>_lsb_pages</wp:meta_key>
                <wp:meta_value><![CDATA[lsb_acf_pages]]></wp:meta_value>
            </wp:postmeta>
            <wp:postmeta>
                <wp:meta_key>lsb_review</wp:meta_key>
                <wp:meta_value><![CDATA[  <h5>  <p style="margin-bottom: 0.0001pt; line-height: 16.5pt; background-color: white;"><span style="font-size: 13.5pt;">En dag får faren av sykdommen,<br />  og jentene må forlate bunkeren <br />  og dra til byen de bodde i før.<br />  Der håper de å finne medisin.<br />  <strong>  Høsten</strong>&#160;er først og fremst en bok <br />  om livet og kjærligheten.<br />  Selv når det nesten ikke er liv, er det håp.&#160;<br />  En sterk og varm fortelling <br />  som passer både for ungdom og voksne.<br />  &#160;<br />  Boka er ganske lang, og sidene kan være litt tette.<br />  Språket er enkelt, og mye dialog&#160;gjør<br />  at det likevel blir&#160;en del luft på sidene.<br />  &#160;<br />  Jan Henrik Nielsen (født 1974) er oppvokst i Kristiansand.<br />  <strong>  Høsten</strong>&#160;er hans første bok.<br />  Boka vant NBUs debutantpris "Trollkrittet"<br />  og ble nominert til Uprisen 2011.  <font face="Arial, sans-serif">  <o:p></o:p></font></span></p></h5>  ]]></wp:meta_value>
            </wp:postmeta>
            <wp:postmeta>
                <wp:meta_key>_lsb_review</wp:meta_key>
                <wp:meta_value><![CDATA[lsb_acf_review]]></wp:meta_value>
            </wp:postmeta>
            <wp:postmeta>
                <wp:meta_key>lsb_quote</wp:meta_key>
                <wp:meta_value><![CDATA[- Tenk at vi er ute, Fride, hvisker Nanna. - Hvordan  rar føler du deg?  - Jeg vet ikke helt. Luften er så rar og det er så stort.  Det er som om jeg holder på å falle. Er det sånn det skal  føles å være ute? Spør Fride.  - Nei. Du er bare ikke vant til å]]></wp:meta_value>
            </wp:postmeta>
            <wp:postmeta>
                <wp:meta_key>_lsb_quote</wp:meta_key>
                <wp:meta_value><![CDATA[lsb_acf_quote]]></wp:meta_value>
            </wp:postmeta>
            <wp:postmeta>
                <wp:meta_key>lsb_supported</wp:meta_key>
                <wp:meta_value><![CDATA[0]]></wp:meta_value>
            </wp:postmeta>
            <wp:postmeta>
                <wp:meta_key>_lsb_supported</wp:meta_key>
                <wp:meta_value><![CDATA[lsb_acf_supported]]></wp:meta_value>
            </wp:postmeta>
            <category domain="lsb_tax_author" nicename="jan-henrik-nielsen"><![CDATA[Jan Henrik Nielsen]]></category>
            <category domain="lsb_tax_publisher" nicename="cappelen-damm"><![CDATA[Cappelen Damm]]></category>
            <wp:postmeta>
                <wp:meta_key>lsb_look_inside</wp:meta_key>
                <wp:meta_value><![CDATA[CUSTOM_BLA_I_BOKA]]></wp:meta_value>
            </wp:postmeta>
            <wp:postmeta>
                <wp:meta_key>_lsb_look_inside</wp:meta_key>
                <wp:meta_value><![CDATA[lsb_acf_look_inside]]></wp:meta_value>
            </wp:postmeta>
            <category domain="lsb_tax_age" nicename="ungdom"><![CDATA[ungdom]]></category>
            <category domain="lsb_tax_age" nicename="voksne"><![CDATA[voksne]]></category>
            <category domain="lsb_tax_genre" nicename="prosa"><![CDATA[prosa]]></category>
            <category domain="lsb_tax_topic" nicename="historie"><![CDATA[historie]]></category>
            <category domain="lsb_tax_topic" nicename="samfunn"><![CDATA[samfunn]]></category>
            <category domain="lsb_tax_topic" nicename="mennesker-i-mellom"><![CDATA[mennesker i mellom]]></category>
            <category domain="lsb_tax_language" nicename="no_nb"><![CDATA[bokmål]]></category>
            <category domain="lsb_tax_customization" nicename="skjønnlitteratur"><![CDATA[skjønnlitteratur]]></category>
            <wp:postmeta>
                <wp:meta_key>_thumbnail_id</wp:meta_key>
                <wp:meta_value><![CDATA[5548]]></wp:meta_value>
            </wp:postmeta>
        </item>
        <item>
            <title>Hosten_forside.jpg</title>
            <wp:post_id>5548</wp:post_id>
            <wp:status>inherit</wp:status>
            <wp:post_type>attachment</wp:post_type>
            <wp:attachment_url>https://raw.githubusercontent.com/lesersokerbok/boksok.no-data-utils/master/output-example/images/0C56C990F43C4480AE662D9B7D6E527F.jpg</wp:attachment_url>
        </item>
        <item>
            <wp:post_type>lsb_book</wp:post_type>
            <wp:status>publish</wp:status>
            <title>Det spørs</title>
            <excerpt:encoded><![CDATA[Det spørs er en vakker bildebok   som får deg til å tenke. ]]></excerpt:encoded>
            <wp:postmeta>
                <wp:meta_key>lsb_isbn</wp:meta_key>
                <wp:meta_value><![CDATA[9788203254789]]></wp:meta_value>
            </wp:postmeta>
            <wp:postmeta>
                <wp:meta_key>_lsb_isbn</wp:meta_key>
                <wp:meta_value><![CDATA[lsb_acf_isbn]]></wp:meta_value>
            </wp:postmeta>
            <wp:postmeta>
                <wp:meta_key>lsb_published_year</wp:meta_key>
                <wp:meta_value><![CDATA[2012]]></wp:meta_value>
            </wp:postmeta>
            <wp:postmeta>
                <wp:meta_key>_lsb_published_year</wp:meta_key>
                <wp:meta_value><![CDATA[lsb_acf_published_year]]></wp:meta_value>
            </wp:postmeta>
            <wp:postmeta>
                <wp:meta_key>lsb_pages</wp:meta_key>
                <wp:meta_value><![CDATA[69]]></wp:meta_value>
            </wp:postmeta>
            <wp:postmeta>
                <wp:meta_key>_lsb_pages</wp:meta_key>
                <wp:meta_value><![CDATA[lsb_acf_pages]]></wp:meta_value>
            </wp:postmeta>
            <wp:postmeta>
                <wp:meta_key>lsb_review</wp:meta_key>
                <wp:meta_value><![CDATA[  <div>Denne boka går det an&#160; </div>  <div>å lese på flere måter. </div>  <div>Bildene forteller en sår </div>  <div>og fin historie om </div>  <div>å miste noen. </div>  <div>Teksten løfter blikket&#160;ved å stille </div>  <div>undrende&#160;spørsmål om livet.</div>  <div>&#160;</div>  <div>Boka har lite tekst&#160;på hver side.</div>  <div>Bildene er vakre&#160;og tydelige.</div>  <div>&#160;</div>  <div><strong>Jostein Gaarder</strong> har skrevet </div>  <div>mange bøker for ungdom og voksne. </div>  <div>Han er opptatt av filosofi og av å undre seg. </div>  <div><strong>Akin Düzakin</strong> har illustrert flere bøker. </div>  <div>Han har en var og vakker strek. </div>  ]]></wp:meta_value>
            </wp:postmeta>
            <wp:postmeta>
                <wp:meta_key>_lsb_review</wp:meta_key>
                <wp:meta_value><![CDATA[lsb_acf_review]]></wp:meta_value>
            </wp:postmeta>
            <wp:postmeta>
                <wp:meta_key>lsb_quote</wp:meta_key>
                <wp:meta_value><![CDATA[Hva er tid? Er det som har skjedd   borte for bestandig? ]]></wp:meta_value>
            </wp:postmeta>
            <wp:postmeta>
                <wp:meta_key>_lsb_quote</wp:meta_key>
                <wp:meta_value><![CDATA[lsb_acf_quote]]></wp:meta_value>
            </wp:postmeta>
            <wp:postmeta>
                <wp:meta_key>lsb_supported</wp:meta_key>
                <wp:meta_value><![CDATA[0]]></wp:meta_value>
            </wp:postmeta>
            <wp:postmeta>
                <wp:meta_key>_lsb_supported</wp:meta_key>
                <wp:meta_value><![CDATA[lsb_acf_supported]]></wp:meta_value>
            </wp:postmeta>
            <category domain="lsb_tax_author" nicename="jostein-gaarder"><![CDATA[Jostein Gaarder]]></category>
            <category domain="lsb_tax_publisher" nicename="aschehoug"><![CDATA[Aschehoug]]></category>
            <category domain="lsb_tax_illustrator" nicename="akin-düzakin"><![CDATA[Akin Düzakin]]></category>
            <wp:postmeta>
                <wp:meta_key>lsb_look_inside</wp:meta_key>
                <wp:meta_value><![CDATA[CUSTOM_BLA_I_BOKA]]></wp:meta_value>
            </wp:postmeta>
            <wp:postmeta>
                <wp:meta_key>_lsb_look_inside</wp:meta_key>
                <wp:meta_value><![CDATA[lsb_acf_look_inside]]></wp:meta_value>
            </wp:postmeta>
            <category domain="lsb_tax_age" nicename="voksne"><![CDATA[voksne]]></category>
            <category domain="lsb_tax_topic" nicename="mennesker-i-mellom"><![CDATA[mennesker i mellom]]></category>
            <category domain="lsb_tax_language" nicename="no_nb"><![CDATA[bokmål]]></category>
            <category domain="lsb_tax_customization" nicename="skjønnlitteratur"><![CDATA[skjønnlitteratur]]></category>
            <category domain="lsb_tax_customization" nicename="mange-bilder"><![CDATA[mange bilder]]></category>
            <wp:postmeta>
                <wp:meta_key>_thumbnail_id</wp:meta_key>
                <wp:meta_value><![CDATA[5549]]></wp:meta_value>
            </wp:postmeta>
        </item>
        <item>
            <title>det spors.jpg</title>
            <wp:post_id>5549</wp:post_id>
            <wp:status>inherit</wp:status>
            <wp:post_type>attachment</wp:post_type>
            <wp:attachment_url>https://raw.githubusercontent.com/lesersokerbok/boksok.no-data-utils/master/output-example/images/6F2130252BA2481188D64498DEBE69F5.jpg</wp:attachment_url>
        </item>
        <item>
            <wp:post_type>lsb_book</wp:post_type>
            <wp:status>publish</wp:status>
            <title>Saiko</title>
            <excerpt:encoded><![CDATA[Spennande bok om sommaren som ikkje vart som forventa.]]></excerpt:encoded>
            <wp:postmeta>
                <wp:meta_key>lsb_isbn</wp:meta_key>
                <wp:meta_value><![CDATA[9788252178425]]></wp:meta_value>
            </wp:postmeta>
            <wp:postmeta>
                <wp:meta_key>_lsb_isbn</wp:meta_key>
                <wp:meta_value><![CDATA[lsb_acf_isbn]]></wp:meta_value>
            </wp:postmeta>
            <wp:postmeta>
                <wp:meta_key>lsb_published_year</wp:meta_key>
                <wp:meta_value><![CDATA[2011]]></wp:meta_value>
            </wp:postmeta>
            <wp:postmeta>
                <wp:meta_key>_lsb_published_year</wp:meta_key>
                <wp:meta_value><![CDATA[lsb_acf_published_year]]></wp:meta_value>
            </wp:postmeta>
            <wp:postmeta>
                <wp:meta_key>lsb_pages</wp:meta_key>
                <wp:meta_value><![CDATA[111]]></wp:meta_value>
            </wp:postmeta>
            <wp:postmeta>
                <wp:meta_key>_lsb_pages</wp:meta_key>
                <wp:meta_value><![CDATA[lsb_acf_pages]]></wp:meta_value>
            </wp:postmeta>
            <wp:postmeta>
                <wp:meta_key>lsb_review</wp:meta_key>
                <wp:meta_value><![CDATA[  <div>Det er denne sommaren </div>  <div>alt det gode må skje. </div>  <div>Simon og Ella møtest under greinene</div>  <div>på heggen, alt er søtt </div>  <div>og det blir nestan eit kyss. </div>  <div>Men så kjem Steinar, </div>  <div>eller Saiko som dei kallar ham.</div>  <div>Kvifor kallar dei han Saiko? </div>  <div>&#160;</div>  <div><strong>Saiko</strong> er ei lettlest bok for ungdom. </div>  <div>Verda blir sett med augo til ei </div>  <div>15 år gamal jente. Kapitla er korte, </div>  <div>og språket flyt lett. </div>  <div>&#160;</div>  <div><strong>Linn T. Sunne</strong> har skrive </div>  <div>ei rekkje bøker for barn og unge. </div>  <div>Ho fekk Brageprisen i 2007 </div>  <div>for romanen <strong>Happy</strong>.</div>  <div>  <div class="aboutbookreviewtext">&#160;</div></div>  ]]></wp:meta_value>
            </wp:postmeta>
            <wp:postmeta>
                <wp:meta_key>_lsb_review</wp:meta_key>
                <wp:meta_value><![CDATA[lsb_acf_review]]></wp:meta_value>
            </wp:postmeta>
            <wp:postmeta>
                <wp:meta_key>lsb_quote</wp:meta_key>
                <wp:meta_value><![CDATA[– Eg lurer på om du vil vere på ein måte … saman med meg.   Vere med meg, men utan … kjærastegreier …  Dette er verkeleg far out. Saiko.   Vil Steinar ha meg som liksomkjæraste? Tilbehør i bilen?]]></wp:meta_value>
            </wp:postmeta>
            <wp:postmeta>
                <wp:meta_key>_lsb_quote</wp:meta_key>
                <wp:meta_value><![CDATA[lsb_acf_quote]]></wp:meta_value>
            </wp:postmeta>
            <wp:postmeta>
                <wp:meta_key>lsb_supported</wp:meta_key>
                <wp:meta_value><![CDATA[0]]></wp:meta_value>
            </wp:postmeta>
            <wp:postmeta>
                <wp:meta_key>_lsb_supported</wp:meta_key>
                <wp:meta_value><![CDATA[lsb_acf_supported]]></wp:meta_value>
            </wp:postmeta>
            <category domain="lsb_tax_author" nicename="linn-t.-sunne"><![CDATA[Linn T. Sunne]]></category>
            <category domain="lsb_tax_publisher" nicename="samlaget"><![CDATA[Samlaget]]></category>
            <wp:postmeta>
                <wp:meta_key>lsb_look_inside</wp:meta_key>
                <wp:meta_value><![CDATA[CUSTOM_BLA_I_BOKA]]></wp:meta_value>
            </wp:postmeta>
            <wp:postmeta>
                <wp:meta_key>_lsb_look_inside</wp:meta_key>
                <wp:meta_value><![CDATA[lsb_acf_look_inside]]></wp:meta_value>
            </wp:postmeta>
            <category domain="lsb_tax_age" nicename="ungdom"><![CDATA[ungdom]]></category>
            <category domain="lsb_tax_genre" nicename="prosa"><![CDATA[prosa]]></category>
            <category domain="lsb_tax_language" nicename="no_nn"><![CDATA[nynorsk]]></category>
            <category domain="lsb_tax_customization" nicename="skjønnlitteratur"><![CDATA[skjønnlitteratur]]></category>
            <wp:postmeta>
                <wp:meta_key>_thumbnail_id</wp:meta_key>
                <wp:meta_value><![CDATA[5550]]></wp:meta_value>
            </wp:postmeta>
        </item>
        <item>
            <title>saiko.jpg</title>
            <wp:post_id>5550</wp:post_id>
            <wp:status>inherit</wp:status>
            <wp:post_type>attachment</wp:post_type>
            <wp:attachment_url>https://raw.githubusercontent.com/lesersokerbok/boksok.no-data-utils/master/output-example/images/6C738F8DA18548DCAF2184B87C883E30.jpg</wp:attachment_url>
        </item>
        <item>
            <wp:post_type>lsb_book</wp:post_type>
            <wp:status>publish</wp:status>
            <title>Bandet mitt spiller ikke progrock</title>
            <excerpt:encoded><![CDATA[Er det noe alle veit, så er det   at man aldri skal rote med noen i eget band.  ]]></excerpt:encoded>
            <wp:postmeta>
                <wp:meta_key>lsb_isbn</wp:meta_key>
                <wp:meta_value><![CDATA[9788253034713]]></wp:meta_value>
            </wp:postmeta>
            <wp:postmeta>
                <wp:meta_key>_lsb_isbn</wp:meta_key>
                <wp:meta_value><![CDATA[lsb_acf_isbn]]></wp:meta_value>
            </wp:postmeta>
            <wp:postmeta>
                <wp:meta_key>lsb_published_year</wp:meta_key>
                <wp:meta_value><![CDATA[2012]]></wp:meta_value>
            </wp:postmeta>
            <wp:postmeta>
                <wp:meta_key>_lsb_published_year</wp:meta_key>
                <wp:meta_value><![CDATA[lsb_acf_published_year]]></wp:meta_value>
            </wp:postmeta>
            <wp:postmeta>
                <wp:meta_key>lsb_pages</wp:meta_key>
                <wp:meta_value><![CDATA[94]]></wp:meta_value>
            </wp:postmeta>
            <wp:postmeta>
                <wp:meta_key>_lsb_pages</wp:meta_key>
                <wp:meta_value><![CDATA[lsb_acf_pages]]></wp:meta_value>
            </wp:postmeta>
            <wp:postmeta>
                <wp:meta_key>lsb_review</wp:meta_key>
                <wp:meta_value><![CDATA[  <div>Helle sliter litt med å finne riktig hylle.</div>  <div>Fingrene hennes er fulle av gnagsår,</div>  <div>hun spiller bass.&#160;</div>  <div>Hjemme har mora fått ny kjæreste.</div>  <div>Rørleggeren Gunnar prøver altfor hardt.</div>  <div>Det kommer ikke til funke.&#160;</div>  <div>Hun blir med i et band med bare gutter,</div>  <div>kanskje det er veien å gå?</div>  <div>&#160;</div>  <div>Bandet mitt spiller ikke progrock </div>  <div>handler om å finne seg sjøl,</div>  <div>og stå trygt i egne Converse.</div>  <div>Den har enkelt språk</div>  <div>og bilder på hvert oppslag.&#160;</div>  <div>&#160;</div>  <div>Liv Eirill Evensen ga ut sin første bok i 2011.</div>  <div>For <strong>Meg og en kritthvit T-skjorte uten trykk på</strong></div>  <div>fikk hun KKDs debutantpris.&#160;</div>  <div>Boka er illustrert av Ronja Berge, <br />  som blant annet er kjent for serier i Nemi.&#160;</div>  ]]></wp:meta_value>
            </wp:postmeta>
            <wp:postmeta>
                <wp:meta_key>_lsb_review</wp:meta_key>
                <wp:meta_value><![CDATA[lsb_acf_review]]></wp:meta_value>
            </wp:postmeta>
            <wp:postmeta>
                <wp:meta_key>lsb_quote</wp:meta_key>
                <wp:meta_value><![CDATA[Jeg svetter. Tørker hendene på buksa. Svelger. Tar sats.  - Jeg spiller helst sammen med dere.  Tenker at det blir teit å stå her med et bassriff helt  alene, som en tulling med manglende impulskontroll.  Jeg ler, og det låter som en kvekkende and, men jeg må  ta mot til meg, det er nå det gjelder.  - Har dere noe rock? Punk? 'God save the queen'?  - Vi spiller mest progrock, altså, men den kan vi  sikkert fikse.  Progrock, tenker jeg, og får lyst til å fnise igjen. Så  typisk gutteband. Lattermildheten går heldigvis over,  idet vi begynner å lete etter akkordene til ulike låter.  ]]></wp:meta_value>
            </wp:postmeta>
            <wp:postmeta>
                <wp:meta_key>_lsb_quote</wp:meta_key>
                <wp:meta_value><![CDATA[lsb_acf_quote]]></wp:meta_value>
            </wp:postmeta>
            <wp:postmeta>
                <wp:meta_key>lsb_supported</wp:meta_key>
                <wp:meta_value><![CDATA[0]]></wp:meta_value>
            </wp:postmeta>
            <wp:postmeta>
                <wp:meta_key>_lsb_supported</wp:meta_key>
                <wp:meta_value><![CDATA[lsb_acf_supported]]></wp:meta_value>
            </wp:postmeta>
            <category domain="lsb_tax_author" nicename="liv-eirill-evensen"><![CDATA[Liv Eirill Evensen]]></category>
            <category domain="lsb_tax_publisher" nicename="omnipax"><![CDATA[Omnipax]]></category>
            <category domain="lsb_tax_illustrator" nicename="ronja-berge"><![CDATA[Ronja Berge]]></category>
            <wp:postmeta>
                <wp:meta_key>lsb_look_inside</wp:meta_key>
                <wp:meta_value><![CDATA[CUSTOM_BLA_I_BOKA]]></wp:meta_value>
            </wp:postmeta>
            <wp:postmeta>
                <wp:meta_key>_lsb_look_inside</wp:meta_key>
                <wp:meta_value><![CDATA[lsb_acf_look_inside]]></wp:meta_value>
            </wp:postmeta>
            <category domain="lsb_tax_age" nicename="ungdom"><![CDATA[ungdom]]></category>
            <category domain="lsb_tax_genre" nicename="prosa"><![CDATA[prosa]]></category>
            <category domain="lsb_tax_topic" nicename="kjærlighet"><![CDATA[kjærlighet]]></category>
            <category domain="lsb_tax_language" nicename="no_nb"><![CDATA[bokmål]]></category>
            <category domain="lsb_tax_customization" nicename="skjønnlitteratur"><![CDATA[skjønnlitteratur]]></category>
            <category domain="lsb_tax_customization" nicename="mange-bilder"><![CDATA[mange bilder]]></category>
            <wp:postmeta>
                <wp:meta_key>_thumbnail_id</wp:meta_key>
                <wp:meta_value><![CDATA[5551]]></wp:meta_value>
            </wp:postmeta>
        </item>
        <item>
            <title>VisBildeServlet.jpg</title>
            <wp:post_id>5551</wp:post_id>
            <wp:status>inherit</wp:status>
            <wp:post_type>attachment</wp:post_type>
            <wp:attachment_url>https://raw.githubusercontent.com/lesersokerbok/boksok.no-data-utils/master/output-example/images/5F114B3C649A4402A57EB344B9B6F8E4.jpg</wp:attachment_url>
        </item>
        <item>
            <wp:post_type>lsb_book</wp:post_type>
            <wp:status>publish</wp:status>
            <title>Bergen-Kirkenes: Servert på serviett</title>
            <excerpt:encoded><![CDATA[Iben Sandemose lar seg fascinere av Hurtigruten.]]></excerpt:encoded>
            <wp:postmeta>
                <wp:meta_key>lsb_isbn</wp:meta_key>
                <wp:meta_value><![CDATA[9788202366841]]></wp:meta_value>
            </wp:postmeta>
            <wp:postmeta>
                <wp:meta_key>_lsb_isbn</wp:meta_key>
                <wp:meta_value><![CDATA[lsb_acf_isbn]]></wp:meta_value>
            </wp:postmeta>
            <wp:postmeta>
                <wp:meta_key>lsb_published_year</wp:meta_key>
                <wp:meta_value><![CDATA[2012]]></wp:meta_value>
            </wp:postmeta>
            <wp:postmeta>
                <wp:meta_key>_lsb_published_year</wp:meta_key>
                <wp:meta_value><![CDATA[lsb_acf_published_year]]></wp:meta_value>
            </wp:postmeta>
            <wp:postmeta>
                <wp:meta_key>lsb_pages</wp:meta_key>
                <wp:meta_value/>
            </wp:postmeta>
            <wp:postmeta>
                <wp:meta_key>_lsb_pages</wp:meta_key>
                <wp:meta_value><![CDATA[lsb_acf_pages]]></wp:meta_value>
            </wp:postmeta>
            <wp:postmeta>
                <wp:meta_key>lsb_review</wp:meta_key>
                <wp:meta_value><![CDATA[  <div><span style="line-height: 19px; background-color: rgb(255,255,255); font-family: Tahoma, Arial, Verdana, Geneva, Helvetica, sans-serif; color: rgb(52,52,52); font-size: 12px;">Nå har forfatteren tegnet og skrevet </span></div>  <div><span style="line-height: 19px; background-color: rgb(255,255,255); font-family: Tahoma, Arial, Verdana, Geneva, Helvetica, sans-serif; color: rgb(52,52,52); font-size: 12px;">en søt liten bok om sin reise med Hurtigruten.</span></div>  <div><span style="line-height: 19px; background-color: rgb(255,255,255); font-family: Tahoma, Arial, Verdana, Geneva, Helvetica, sans-serif; color: rgb(52,52,52); font-size: 12px;">Alt er med: naturen og landskapet, skipet, </span></div>  <div><span style="line-height: 19px; background-color: rgb(255,255,255); font-family: Tahoma, Arial, Verdana, Geneva, Helvetica, sans-serif; color: rgb(52,52,52); font-size: 12px;">passasjerene og havnene. </span></div>  <div><span style="line-height: 19px; background-color: rgb(255,255,255); font-family: Tahoma, Arial, Verdana, Geneva, Helvetica, sans-serif; color: rgb(52,52,52); font-size: 12px;">Hun skildrer små, pussige bilder og minner </span></div>  <div><span style="line-height: 19px; background-color: rgb(255,255,255); font-family: Tahoma, Arial, Verdana, Geneva, Helvetica, sans-serif; color: rgb(52,52,52); font-size: 12px;">med godhet, varme og særegen humor. </span></div>  <div><span style="line-height: 19px; background-color: rgb(255,255,255); font-family: Tahoma, Arial, Verdana, Geneva, Helvetica, sans-serif; color: rgb(52,52,52); font-size: 12px;">I tillegg til tekstene og tegningene</span></div>  <div><span style="line-height: 19px; background-color: rgb(255,255,255); font-family: Tahoma, Arial, Verdana, Geneva, Helvetica, sans-serif; color: rgb(52,52,52); font-size: 12px;">inneholder boken en et “ibensk” kart </span></div>  <div><span style="line-height: 19px; background-color: rgb(255,255,255); font-family: Tahoma, Arial, Verdana, Geneva, Helvetica, sans-serif; color: rgb(52,52,52); font-size: 12px;">med oversikt over alle havnene.</span></div>  <div><span style="line-height: 19px; background-color: rgb(255,255,255); font-family: Tahoma, Arial, Verdana, Geneva, Helvetica, sans-serif; color: rgb(52,52,52); font-size: 12px;">&#160;</span></div>  <div><span style="line-height: 19px; background-color: rgb(255,255,255); font-family: Tahoma, Arial, Verdana, Geneva, Helvetica, sans-serif; color: rgb(52,52,52); font-size: 12px;">Boka består av små kåserier,</span></div>  <div><span style="line-height: 19px; background-color: rgb(255,255,255); font-family: Tahoma, Arial, Verdana, Geneva, Helvetica, sans-serif; color: rgb(52,52,52); font-size: 12px;">krydret med små tegninger i typisk stil.</span></div>  <div><span style="line-height: 19px; background-color: rgb(255,255,255); font-family: Tahoma, Arial, Verdana, Geneva, Helvetica, sans-serif; color: rgb(52,52,52); font-size: 12px;">&#160;</span></div>  <div><span style="line-height: 19px; background-color: rgb(255,255,255); font-family: Tahoma, Arial, Verdana, Geneva, Helvetica, sans-serif; color: rgb(52,52,52); font-size: 12px;"><strong>Iben Sandemose</strong> er forfatter og tegner. </span></div>  <div><span style="line-height: 19px; background-color: rgb(255,255,255); font-family: Tahoma, Arial, Verdana, Geneva, Helvetica, sans-serif; color: rgb(52,52,52); font-size: 12px;">Hun har gitt ut en mengde bøker, </span></div>  <div><span style="line-height: 19px; background-color: rgb(255,255,255); font-family: Tahoma, Arial, Verdana, Geneva, Helvetica, sans-serif; color: rgb(52,52,52); font-size: 12px;">blant annet</span><span style="line-height: 19px; background-color: rgb(255,255,255); font-family: Tahoma, Arial, Verdana, Geneva, Helvetica, sans-serif; color: rgb(52,52,52); font-size: 12px;"> om oppveksten på Smestad.</span></div>  <div><span style="line-height: 19px; background-color: rgb(255,255,255); font-family: Tahoma, Arial, Verdana, Geneva, Helvetica, sans-serif; color: rgb(52,52,52); font-size: 12px;">Hun har fått Oslo bys kunstnerpris </span></div>  <div><span style="line-height: 19px; background-color: rgb(255,255,255); font-family: Tahoma, Arial, Verdana, Geneva, Helvetica, sans-serif; color: rgb(52,52,52); font-size: 12px;">og Teskjekjerringprisen.</span></div>  ]]></wp:meta_value>
            </wp:postmeta>
            <wp:postmeta>
                <wp:meta_key>_lsb_review</wp:meta_key>
                <wp:meta_value><![CDATA[lsb_acf_review]]></wp:meta_value>
            </wp:postmeta>
            <wp:postmeta>
                <wp:meta_key>lsb_quote</wp:meta_key>
                <wp:meta_value><![CDATA[Frokosten vekket meg. Den berømte frokosten, flere  dekk under kahytten, grep etter meg, trakk meg inn  i den bitte lille dusjen med skrått gulv og vannstråler  i kulingkast og lokket meg ned til hvit damask og  svimlende mange valg. Jeg satt ved mitt eget bord og med  eget vindu. En voldsom fjellvegg gled forbi, delt i to av en  dyp kløft.]]></wp:meta_value>
            </wp:postmeta>
            <wp:postmeta>
                <wp:meta_key>_lsb_quote</wp:meta_key>
                <wp:meta_value><![CDATA[lsb_acf_quote]]></wp:meta_value>
            </wp:postmeta>
            <wp:postmeta>
                <wp:meta_key>lsb_supported</wp:meta_key>
                <wp:meta_value><![CDATA[0]]></wp:meta_value>
            </wp:postmeta>
            <wp:postmeta>
                <wp:meta_key>_lsb_supported</wp:meta_key>
                <wp:meta_value><![CDATA[lsb_acf_supported]]></wp:meta_value>
            </wp:postmeta>
            <category domain="lsb_tax_author" nicename="iben-sandemose"><![CDATA[Iben Sandemose]]></category>
            <category domain="lsb_tax_publisher" nicename="cappelen-damm"><![CDATA[Cappelen Damm]]></category>
            <category domain="lsb_tax_illustrator" nicename="iben-sandemose"><![CDATA[Iben Sandemose]]></category>
            <wp:postmeta>
                <wp:meta_key>lsb_look_inside</wp:meta_key>
                <wp:meta_value><![CDATA[CUSTOM_BLA_I_BOKA]]></wp:meta_value>
            </wp:postmeta>
            <wp:postmeta>
                <wp:meta_key>_lsb_look_inside</wp:meta_key>
                <wp:meta_value><![CDATA[lsb_acf_look_inside]]></wp:meta_value>
            </wp:postmeta>
            <category domain="lsb_tax_age" nicename="voksne"><![CDATA[voksne]]></category>
            <category domain="lsb_tax_topic" nicename="annet"><![CDATA[annet]]></category>
            <category domain="lsb_tax_topic" nicename="natur"><![CDATA[natur]]></category>
            <category domain="lsb_tax_language" nicename="no_nb"><![CDATA[bokmål]]></category>
            <category domain="lsb_tax_customization" nicename="skjønnlitteratur"><![CDATA[skjønnlitteratur]]></category>
            <category domain="lsb_tax_customization" nicename="bilder"><![CDATA[bilder]]></category>
            <category domain="lsb_tax_customization" nicename="mange-bilder"><![CDATA[mange bilder]]></category>
            <wp:postmeta>
                <wp:meta_key>_thumbnail_id</wp:meta_key>
                <wp:meta_value><![CDATA[5552]]></wp:meta_value>
            </wp:postmeta>
        </item>
        <item>
            <title>Sandemose_Hurtigruten (1).jpg</title>
            <wp:post_id>5552</wp:post_id>
            <wp:status>inherit</wp:status>
            <wp:post_type>attachment</wp:post_type>
            <wp:attachment_url>https://raw.githubusercontent.com/lesersokerbok/boksok.no-data-utils/master/output-example/images/B999F7644B9846A0A9C8213F3917DD45.jpg</wp:attachment_url>
        </item>
        <item>
            <wp:post_type>lsb_book</wp:post_type>
            <wp:status>publish</wp:status>
            <title>Lune masker. Nostalgisk småstrikk</title>
            <excerpt:encoded><![CDATA[Små og enkle strikketøy, vist i norsk natur.]]></excerpt:encoded>
            <wp:postmeta>
                <wp:meta_key>lsb_isbn</wp:meta_key>
                <wp:meta_value><![CDATA[9788251661997]]></wp:meta_value>
            </wp:postmeta>
            <wp:postmeta>
                <wp:meta_key>_lsb_isbn</wp:meta_key>
                <wp:meta_value><![CDATA[lsb_acf_isbn]]></wp:meta_value>
            </wp:postmeta>
            <wp:postmeta>
                <wp:meta_key>lsb_published_year</wp:meta_key>
                <wp:meta_value><![CDATA[2011]]></wp:meta_value>
            </wp:postmeta>
            <wp:postmeta>
                <wp:meta_key>_lsb_published_year</wp:meta_key>
                <wp:meta_value><![CDATA[lsb_acf_published_year]]></wp:meta_value>
            </wp:postmeta>
            <wp:postmeta>
                <wp:meta_key>lsb_pages</wp:meta_key>
                <wp:meta_value><![CDATA[124]]></wp:meta_value>
            </wp:postmeta>
            <wp:postmeta>
                <wp:meta_key>_lsb_pages</wp:meta_key>
                <wp:meta_value><![CDATA[lsb_acf_pages]]></wp:meta_value>
            </wp:postmeta>
            <wp:postmeta>
                <wp:meta_key>lsb_review</wp:meta_key>
                <wp:meta_value><![CDATA[  <div>I denne boka finner du enkle prosjekter</div>  <div>i strikking og toving.</div>  <div>Du finner blant annet halstørkle, tøfler, lappeteppe,</div>  <div>grytekluter, strømper og luer. </div>  <div>Forfatter <strong>Trine Angelsen</strong> har latt seg inspirere</div>  <div>av klær fra 1850-tallets Kjerringøy.</div>  <div>Kjerringøy er en halvøy ytterst mot Vestfjorden i Nordland.</div>  <div>I gamle dager var dette et sted for handel og liv.</div>  <div>Alle bildene er tatt i vakker Nordlandsk natur.</div>  <div>&#160;</div>  <div>Denne boka har lite tekst og mange bilder.</div>  <div>Boka har en liten strikkeskole</div>  <div>og forklaringer på forkortelsene som er brukt i oppskriftene.</div>  <div>Oppskriftene er enkle og tydelig forklart.</div>  <div>De burde egne seg for nybegynnere.</div>  <div>&#160;</div>  <div>Dessverre mangler forordet forklaring </div>  <div>på et par av forkortelsene som er brukt i boka.</div>  <div>Noe grunnleggende teknikk mangler også,</div>  <div>som for eksempel hvordan man fester tråder.</div>  <div>Derfor kan det være lurt å ha </div>  <div>en erfaren strikker i nærheten</div>  <div>om man ikke kan strikke noe særlig selv.</div>  <div>&#160;</div>  <div><strong>Trine Angelsen</strong> er en norsk forfatter fra Kabelvåg.</div>  <div>Hun er kjent for bokserien Havets datter,</div>  <div>som har solgt i mer enn 2,3 millioner eksemplarer. </div>  <div>Dette er hennes første strikkebok.</div>  ]]></wp:meta_value>
            </wp:postmeta>
            <wp:postmeta>
                <wp:meta_key>_lsb_review</wp:meta_key>
                <wp:meta_value><![CDATA[lsb_acf_review]]></wp:meta_value>
            </wp:postmeta>
            <wp:postmeta>
                <wp:meta_key>lsb_quote</wp:meta_key>
                <wp:meta_value><![CDATA[Grovtausenes sjal    Både grovtauser og andre kvinner som arbeidet ute, hadde et strikket sjal som de   la over skuldrene slik at det gikk i kryss over brystet. Til slutt knyttet de det fast på  ryggen. Denne oppskriften er enkel, og du kan bruke det garnet og pinnenummeret  du måtte ønske. Størrelsen på sjalet bestemmer du selv. Strikk gjerne et stort sjal som  du riktig kan svøpe deg inn i.]]></wp:meta_value>
            </wp:postmeta>
            <wp:postmeta>
                <wp:meta_key>_lsb_quote</wp:meta_key>
                <wp:meta_value><![CDATA[lsb_acf_quote]]></wp:meta_value>
            </wp:postmeta>
            <wp:postmeta>
                <wp:meta_key>lsb_supported</wp:meta_key>
                <wp:meta_value><![CDATA[0]]></wp:meta_value>
            </wp:postmeta>
            <wp:postmeta>
                <wp:meta_key>_lsb_supported</wp:meta_key>
                <wp:meta_value><![CDATA[lsb_acf_supported]]></wp:meta_value>
            </wp:postmeta>
            <category domain="lsb_tax_author" nicename="trine-angelsen"><![CDATA[Trine Angelsen]]></category>
            <category domain="lsb_tax_publisher" nicename="schibsted"><![CDATA[Schibsted]]></category>
            <category domain="lsb_tax_illustrator" nicename="aina-klingenberg"><![CDATA[Aina Klingenberg]]></category>
            <wp:postmeta>
                <wp:meta_key>lsb_look_inside</wp:meta_key>
                <wp:meta_value><![CDATA[CUSTOM_BLA_I_BOKA]]></wp:meta_value>
            </wp:postmeta>
            <wp:postmeta>
                <wp:meta_key>_lsb_look_inside</wp:meta_key>
                <wp:meta_value><![CDATA[lsb_acf_look_inside]]></wp:meta_value>
            </wp:postmeta>
            <category domain="lsb_tax_age" nicename="voksne"><![CDATA[voksne]]></category>
            <category domain="lsb_tax_genre" nicename="faglitteratur"><![CDATA[faglitteratur]]></category>
            <category domain="lsb_tax_topic" nicename="annet"><![CDATA[annet]]></category>
            <category domain="lsb_tax_language" nicename="no_nb"><![CDATA[bokmål]]></category>
            <category domain="lsb_tax_customization" nicename="faglitteratur"><![CDATA[faglitteratur]]></category>
            <category domain="lsb_tax_customization" nicename="mange-bilder"><![CDATA[mange bilder]]></category>
            <wp:postmeta>
                <wp:meta_key>_thumbnail_id</wp:meta_key>
                <wp:meta_value><![CDATA[5553]]></wp:meta_value>
            </wp:postmeta>
        </item>
        <item>
            <title>LuneMaskerOmslagKatalog2011.jpg</title>
            <wp:post_id>5553</wp:post_id>
            <wp:status>inherit</wp:status>
            <wp:post_type>attachment</wp:post_type>
            <wp:attachment_url>https://raw.githubusercontent.com/lesersokerbok/boksok.no-data-utils/master/output-example/images/88791982A3254ECEB42F930A128877B0.jpg</wp:attachment_url>
        </item>
        <item>
            <wp:post_type>lsb_book</wp:post_type>
            <wp:status>publish</wp:status>
            <title>Antarktis</title>
            <excerpt:encoded><![CDATA[I denne boka kan vi bli med Cecilie Skog på tur over Antarktis.   ]]></excerpt:encoded>
            <wp:postmeta>
                <wp:meta_key>lsb_isbn</wp:meta_key>
                <wp:meta_value><![CDATA[9788205414846]]></wp:meta_value>
            </wp:postmeta>
            <wp:postmeta>
                <wp:meta_key>_lsb_isbn</wp:meta_key>
                <wp:meta_value><![CDATA[lsb_acf_isbn]]></wp:meta_value>
            </wp:postmeta>
            <wp:postmeta>
                <wp:meta_key>lsb_published_year</wp:meta_key>
                <wp:meta_value><![CDATA[2011]]></wp:meta_value>
            </wp:postmeta>
            <wp:postmeta>
                <wp:meta_key>_lsb_published_year</wp:meta_key>
                <wp:meta_value><![CDATA[lsb_acf_published_year]]></wp:meta_value>
            </wp:postmeta>
            <wp:postmeta>
                <wp:meta_key>lsb_pages</wp:meta_key>
                <wp:meta_value><![CDATA[192]]></wp:meta_value>
            </wp:postmeta>
            <wp:postmeta>
                <wp:meta_key>_lsb_pages</wp:meta_key>
                <wp:meta_value><![CDATA[lsb_acf_pages]]></wp:meta_value>
            </wp:postmeta>
            <wp:postmeta>
                <wp:meta_key>lsb_review</wp:meta_key>
                <wp:meta_value><![CDATA[  <div>Det tar 71 dager å gå de 1800 kilometerene.&#160;</div>  <div>Boka er ikke bare en bok om en lang og hard skitur,</div>  <div>men også en historie om å takle sorg.&#160;</div>  <div>&#160;</div>  <div>Det er spennende å følge den lange turen fra dag til dag.</div>  <div>Det er sterkt å gå over dette kontinentet fra kyst til kyst </div>  <div>uten hjelp av hunder eller seil og uten etterforsyninger.</div>  <div>Det har ingen gjort før Skog og kameraten Ryan Waters. </div>  <div>&#160;</div>  <div>Hver dag er et eget kapittel som starter med hvor de er og </div>  <div>hvor langt de har gått.<br />  </div>  <div>Underveis finner Skog roen og tankene går til hennes aller kjæreste.  </div>  <div>Hun var vitne til at ektemannen Rolf Bae ble tatt av isras og døde</div>  <div> på en ekspedisjon til fjellet K2 i 2008.</div>  <div>&#160;</div>  <div><strong>Cecilie Skog</strong> har vært på verdens poler, </div>  <div>de høyeste fjell og er en stor eventyrer. </div>  <div>&#160;<br />  </div>  <div>&#160;</div>  <div>&#160;</div>  <div>&#160;</div>  ]]></wp:meta_value>
            </wp:postmeta>
            <wp:postmeta>
                <wp:meta_key>_lsb_review</wp:meta_key>
                <wp:meta_value><![CDATA[lsb_acf_review]]></wp:meta_value>
            </wp:postmeta>
            <wp:postmeta>
                <wp:meta_key>lsb_quote</wp:meta_key>
                <wp:meta_value><![CDATA[Har litt vondt i den nederste delen av korsryggen,   men lilletåa har det veldig fint.  Ute blåser det mer nå. Her sitter jeg med fleecepose og varm kakao,   kunne ikke hatt det bedre.]]></wp:meta_value>
            </wp:postmeta>
            <wp:postmeta>
                <wp:meta_key>_lsb_quote</wp:meta_key>
                <wp:meta_value><![CDATA[lsb_acf_quote]]></wp:meta_value>
            </wp:postmeta>
            <wp:postmeta>
                <wp:meta_key>lsb_supported</wp:meta_key>
                <wp:meta_value><![CDATA[0]]></wp:meta_value>
            </wp:postmeta>
            <wp:postmeta>
                <wp:meta_key>_lsb_supported</wp:meta_key>
                <wp:meta_value><![CDATA[lsb_acf_supported]]></wp:meta_value>
            </wp:postmeta>
            <category domain="lsb_tax_author" nicename="cecilie-skog"><![CDATA[Cecilie Skog]]></category>
            <category domain="lsb_tax_publisher" nicename="gyldendal"><![CDATA[Gyldendal]]></category>
            <category domain="lsb_tax_illustrator" nicename="cecilie-skog-og-ryan-waters"><![CDATA[Cecilie Skog og Ryan Waters]]></category>
            <wp:postmeta>
                <wp:meta_key>lsb_look_inside</wp:meta_key>
                <wp:meta_value><![CDATA[CUSTOM_BLA_I_BOKA]]></wp:meta_value>
            </wp:postmeta>
            <wp:postmeta>
                <wp:meta_key>_lsb_look_inside</wp:meta_key>
                <wp:meta_value><![CDATA[lsb_acf_look_inside]]></wp:meta_value>
            </wp:postmeta>
            <category domain="lsb_tax_age" nicename="voksne"><![CDATA[voksne]]></category>
            <category domain="lsb_tax_topic" nicename="kjærlighet"><![CDATA[kjærlighet]]></category>
            <category domain="lsb_tax_topic" nicename="natur"><![CDATA[natur]]></category>
            <category domain="lsb_tax_language" nicename="no_nb"><![CDATA[bokmål]]></category>
            <category domain="lsb_tax_customization" nicename="faglitteratur"><![CDATA[faglitteratur]]></category>
            <category domain="lsb_tax_customization" nicename="mange-bilder"><![CDATA[mange bilder]]></category>
            <wp:postmeta>
                <wp:meta_key>_thumbnail_id</wp:meta_key>
                <wp:meta_value><![CDATA[5554]]></wp:meta_value>
            </wp:postmeta>
        </item>
        <item>
            <title>Antarktis_hd_image.jpg</title>
            <wp:post_id>5554</wp:post_id>
            <wp:status>inherit</wp:status>
            <wp:post_type>attachment</wp:post_type>
            <wp:attachment_url>https://raw.githubusercontent.com/lesersokerbok/boksok.no-data-utils/master/output-example/images/267D3E3A4E7C46A18F089F80145C6FE5.jpg</wp:attachment_url>
        </item>
        <item>
            <wp:post_type>lsb_book</wp:post_type>
            <wp:status>publish</wp:status>
            <title>Dødsreisen</title>
            <excerpt:encoded><![CDATA[Toras skjebnetråd er spunnet og Odin er nådeløs. Nå er tiden kommet for å hente det som er hans.]]></excerpt:encoded>
            <wp:postmeta>
                <wp:meta_key>lsb_isbn</wp:meta_key>
                <wp:meta_value><![CDATA[9788205409590]]></wp:meta_value>
            </wp:postmeta>
            <wp:postmeta>
                <wp:meta_key>_lsb_isbn</wp:meta_key>
                <wp:meta_value><![CDATA[lsb_acf_isbn]]></wp:meta_value>
            </wp:postmeta>
            <wp:postmeta>
                <wp:meta_key>lsb_published_year</wp:meta_key>
                <wp:meta_value><![CDATA[2011]]></wp:meta_value>
            </wp:postmeta>
            <wp:postmeta>
                <wp:meta_key>_lsb_published_year</wp:meta_key>
                <wp:meta_value><![CDATA[lsb_acf_published_year]]></wp:meta_value>
            </wp:postmeta>
            <wp:postmeta>
                <wp:meta_key>lsb_pages</wp:meta_key>
                <wp:meta_value><![CDATA[118]]></wp:meta_value>
            </wp:postmeta>
            <wp:postmeta>
                <wp:meta_key>_lsb_pages</wp:meta_key>
                <wp:meta_value><![CDATA[lsb_acf_pages]]></wp:meta_value>
            </wp:postmeta>
            <wp:postmeta>
                <wp:meta_key>lsb_review</wp:meta_key>
                <wp:meta_value><![CDATA[  <div>Det er julemorgen og ungjenta Tora</div>  <div>ser det alle frykter:&#160;</div>  <div>Dødshesten rir på tunet hjemme.</div>  <div>Når dødshesten kommer, </div>  <div>skal noen dø. Det vet alle.</div>  <div>Men hvem skal dø?</div>  <div>Er det Tora? Er det broren, Trym?</div>  <div>Er det foreldrene, som alltid oppfører seg</div>  <div>merkelig i julen?</div>  <div>Tora går ut i natten for å få svar</div>  <div>hos Helke, trollalven i tjernet.</div>  <div>&#160;</div>  <div>Boka er satt i vikingtid og utfordrer grensene </div>  <div>mellom virkelighet og mytologi. &#160;</div>  <div>Det er korte kapitler, korte setninger og et enkelt språk.</div>  <div>Tora er 16 år, og leserne bør ikke være mye yngre.</div>  <div>Det foregår en del grusomheter i boka.</div>  <div>&#160;</div>  <div>Catarina Cattaneo er norsk-italiensk forfatter.&#160;</div>  ]]></wp:meta_value>
            </wp:postmeta>
            <wp:postmeta>
                <wp:meta_key>_lsb_review</wp:meta_key>
                <wp:meta_value><![CDATA[lsb_acf_review]]></wp:meta_value>
            </wp:postmeta>
            <wp:postmeta>
                <wp:meta_key>lsb_quote</wp:meta_key>
                <wp:meta_value><![CDATA[Den er muskuløs og vakker. Grå, med lang, hvit   man og hale. Og tre svarte, stirrende øyne. Hesten står  lenge og ser på henne. Så reiser den seg på bakbeina og  vrinsker. Den snur seg bort fra henne og galopperer  rundt brønnen, før den setter av gårde inn i skogen og  forsvinner. Tora tar seg til brystet.  Hun har bare hørt om én hest med tre øyne.  Dødshesten.  Den viser seg bare når noen skal dø.]]></wp:meta_value>
            </wp:postmeta>
            <wp:postmeta>
                <wp:meta_key>_lsb_quote</wp:meta_key>
                <wp:meta_value><![CDATA[lsb_acf_quote]]></wp:meta_value>
            </wp:postmeta>
            <wp:postmeta>
                <wp:meta_key>lsb_supported</wp:meta_key>
                <wp:meta_value><![CDATA[0]]></wp:meta_value>
            </wp:postmeta>
            <wp:postmeta>
                <wp:meta_key>_lsb_supported</wp:meta_key>
                <wp:meta_value><![CDATA[lsb_acf_supported]]></wp:meta_value>
            </wp:postmeta>
            <category domain="lsb_tax_author" nicename="caterina-cattaneo"><![CDATA[Caterina Cattaneo]]></category>
            <category domain="lsb_tax_publisher" nicename="gyldendal"><![CDATA[Gyldendal]]></category>
            <wp:postmeta>
                <wp:meta_key>lsb_look_inside</wp:meta_key>
                <wp:meta_value><![CDATA[CUSTOM_BLA_I_BOKA]]></wp:meta_value>
            </wp:postmeta>
            <wp:postmeta>
                <wp:meta_key>_lsb_look_inside</wp:meta_key>
                <wp:meta_value><![CDATA[lsb_acf_look_inside]]></wp:meta_value>
            </wp:postmeta>
            <category domain="lsb_tax_age" nicename="ungdom"><![CDATA[ungdom]]></category>
            <category domain="lsb_tax_genre" nicename="prosa"><![CDATA[prosa]]></category>
            <category domain="lsb_tax_topic" nicename="krim"><![CDATA[krim]]></category>
            <category domain="lsb_tax_topic" nicename="spenning"><![CDATA[spenning]]></category>
            <category domain="lsb_tax_topic" nicename="historie"><![CDATA[historie]]></category>
            <category domain="lsb_tax_topic" nicename="samfunn"><![CDATA[samfunn]]></category>
            <category domain="lsb_tax_language" nicename="no_nb"><![CDATA[bokmål]]></category>
            <category domain="lsb_tax_customization" nicename="skjønnlitteratur"><![CDATA[skjønnlitteratur]]></category>
            <wp:postmeta>
                <wp:meta_key>_thumbnail_id</wp:meta_key>
                <wp:meta_value><![CDATA[5555]]></wp:meta_value>
            </wp:postmeta>
        </item>
        <item>
            <title>Doedsreisen_hd_image.jpg</title>
            <wp:post_id>5555</wp:post_id>
            <wp:status>inherit</wp:status>
            <wp:post_type>attachment</wp:post_type>
            <wp:attachment_url>https://raw.githubusercontent.com/lesersokerbok/boksok.no-data-utils/master/output-example/images/BDBF80D02AF24A3F81B49C90B8EF965A.jpg</wp:attachment_url>
        </item>
        <item>
            <wp:post_type>lsb_book</wp:post_type>
            <wp:status>publish</wp:status>
            <title>Spøkelsene på Frostøy</title>
            <excerpt:encoded><![CDATA[Hva gjør du når du finner ut at hele familien din er spøkelser?]]></excerpt:encoded>
            <wp:postmeta>
                <wp:meta_key>lsb_isbn</wp:meta_key>
                <wp:meta_value><![CDATA[9788203253492]]></wp:meta_value>
            </wp:postmeta>
            <wp:postmeta>
                <wp:meta_key>_lsb_isbn</wp:meta_key>
                <wp:meta_value><![CDATA[lsb_acf_isbn]]></wp:meta_value>
            </wp:postmeta>
            <wp:postmeta>
                <wp:meta_key>lsb_published_year</wp:meta_key>
                <wp:meta_value><![CDATA[2011]]></wp:meta_value>
            </wp:postmeta>
            <wp:postmeta>
                <wp:meta_key>_lsb_published_year</wp:meta_key>
                <wp:meta_value><![CDATA[lsb_acf_published_year]]></wp:meta_value>
            </wp:postmeta>
            <wp:postmeta>
                <wp:meta_key>lsb_pages</wp:meta_key>
                <wp:meta_value/>
            </wp:postmeta>
            <wp:postmeta>
                <wp:meta_key>_lsb_pages</wp:meta_key>
                <wp:meta_value><![CDATA[lsb_acf_pages]]></wp:meta_value>
            </wp:postmeta>
            <wp:postmeta>
                <wp:meta_key>lsb_review</wp:meta_key>
                <wp:meta_value><![CDATA[  <div>En dag oppdager Jens en forferdelig hemmelighet.</div>  <div>Det var ikke bare faren hans som døde</div>  <div>i den ulykken for ti år siden. </div>  <div>Den rare moren hans er faktisk et spøkelse.</div>  <div>Men hun er alt han har. Eller er hun det?</div>  <div>Andre mer skremmende spøkelser </div>  <div>kommer ut av skogen og kaller på ham.</div>  <div>Hva vil de ham?</div>  <div>&#160;</div>  <div>Denne boka har korte setninger og enkelt språk.</div>  <div>Sidene har mye luft. &#160;</div>  <div>&#160;</div>  <div><strong>Hilde Hagerup</strong> er forfatter av mange bøker </div>  <div>for barn, ungdom og voksne. Hun har også skrevet </div>  <div><strong>Jeg elsker deg</strong>, som er støttet av Leser søker bok.&#160;</div>  <div>Dette er første bok i serien om spøkelsene på Frostøy.&#160;</div>  ]]></wp:meta_value>
            </wp:postmeta>
            <wp:postmeta>
                <wp:meta_key>_lsb_review</wp:meta_key>
                <wp:meta_value><![CDATA[lsb_acf_review]]></wp:meta_value>
            </wp:postmeta>
            <wp:postmeta>
                <wp:meta_key>lsb_quote</wp:meta_key>
                <wp:meta_value><![CDATA[Bak huset vårt, på den andre siden av hagen, lå skogen.  Den var stor. Den var mørk.  Av og til kom det lyder derifra. Lyder jeg prøvde å ikke tenke på.]]></wp:meta_value>
            </wp:postmeta>
            <wp:postmeta>
                <wp:meta_key>_lsb_quote</wp:meta_key>
                <wp:meta_value><![CDATA[lsb_acf_quote]]></wp:meta_value>
            </wp:postmeta>
            <wp:postmeta>
                <wp:meta_key>lsb_supported</wp:meta_key>
                <wp:meta_value><![CDATA[0]]></wp:meta_value>
            </wp:postmeta>
            <wp:postmeta>
                <wp:meta_key>_lsb_supported</wp:meta_key>
                <wp:meta_value><![CDATA[lsb_acf_supported]]></wp:meta_value>
            </wp:postmeta>
            <category domain="lsb_tax_author" nicename="hilde-hagerup"><![CDATA[Hilde Hagerup]]></category>
            <category domain="lsb_tax_publisher" nicename="aschehoug"><![CDATA[Aschehoug]]></category>
            <wp:postmeta>
                <wp:meta_key>lsb_look_inside</wp:meta_key>
                <wp:meta_value><![CDATA[CUSTOM_BLA_I_BOKA]]></wp:meta_value>
            </wp:postmeta>
            <wp:postmeta>
                <wp:meta_key>_lsb_look_inside</wp:meta_key>
                <wp:meta_value><![CDATA[lsb_acf_look_inside]]></wp:meta_value>
            </wp:postmeta>
            <category domain="lsb_tax_age" nicename="ungdom"><![CDATA[ungdom]]></category>
            <category domain="lsb_tax_genre" nicename="prosa"><![CDATA[prosa]]></category>
            <category domain="lsb_tax_topic" nicename="krim"><![CDATA[krim]]></category>
            <category domain="lsb_tax_topic" nicename="spenning"><![CDATA[spenning]]></category>
            <category domain="lsb_tax_language" nicename="no_nb"><![CDATA[bokmål]]></category>
            <category domain="lsb_tax_customization" nicename="skjønnlitteratur"><![CDATA[skjønnlitteratur]]></category>
            <wp:postmeta>
                <wp:meta_key>_thumbnail_id</wp:meta_key>
                <wp:meta_value><![CDATA[5556]]></wp:meta_value>
            </wp:postmeta>
        </item>
        <item>
            <title>Spokelsene.jpg</title>
            <wp:post_id>5556</wp:post_id>
            <wp:status>inherit</wp:status>
            <wp:post_type>attachment</wp:post_type>
            <wp:attachment_url>https://raw.githubusercontent.com/lesersokerbok/boksok.no-data-utils/master/output-example/images/25E6C65C52C94831A8FD861A34E36EDF.jpg</wp:attachment_url>
        </item>
        <item>
            <wp:post_type>lsb_book</wp:post_type>
            <wp:status>publish</wp:status>
            <title>Tretten</title>
            <excerpt:encoded><![CDATA[Kan en mor hate sitt barn?  En vond og vakker fortelling om barndom.]]></excerpt:encoded>
            <wp:postmeta>
                <wp:meta_key>lsb_isbn</wp:meta_key>
                <wp:meta_value><![CDATA[9788282051002]]></wp:meta_value>
            </wp:postmeta>
            <wp:postmeta>
                <wp:meta_key>_lsb_isbn</wp:meta_key>
                <wp:meta_value><![CDATA[lsb_acf_isbn]]></wp:meta_value>
            </wp:postmeta>
            <wp:postmeta>
                <wp:meta_key>lsb_published_year</wp:meta_key>
                <wp:meta_value><![CDATA[2010]]></wp:meta_value>
            </wp:postmeta>
            <wp:postmeta>
                <wp:meta_key>_lsb_published_year</wp:meta_key>
                <wp:meta_value><![CDATA[lsb_acf_published_year]]></wp:meta_value>
            </wp:postmeta>
            <wp:postmeta>
                <wp:meta_key>lsb_pages</wp:meta_key>
                <wp:meta_value><![CDATA[163]]></wp:meta_value>
            </wp:postmeta>
            <wp:postmeta>
                <wp:meta_key>_lsb_pages</wp:meta_key>
                <wp:meta_value><![CDATA[lsb_acf_pages]]></wp:meta_value>
            </wp:postmeta>
            <wp:postmeta>
                <wp:meta_key>lsb_review</wp:meta_key>
                <wp:meta_value><![CDATA[  <div>Mia Berner (1923-2009) kledte seg i rødt fra topp til tå.</div>  <div>Hun var en bauta i norsk kulturliv</div>  <div>gjennom mange, mange år.</div>  <div>Hun har skrevet romaner, fagbøker og artikler.<br />  &#160;</div>  <div>Da hun visste at hun skulle dø,</div>  <div>skrev hun denne boken,</div>  <div>som handler om hennes oppvekst.</div>  <div>Hun skildrer rikdom og klasseforskjeller</div>  <div>og en mor som slett ikke er varm og kjærlig.&#160;</div>  <div>&#160;</div>  <div>Boka har 16 små kapitler.</div>  <div>Den er gitt ut etter forfatterens død.&#160;</div>  ]]></wp:meta_value>
            </wp:postmeta>
            <wp:postmeta>
                <wp:meta_key>_lsb_review</wp:meta_key>
                <wp:meta_value><![CDATA[lsb_acf_review]]></wp:meta_value>
            </wp:postmeta>
            <wp:postmeta>
                <wp:meta_key>lsb_quote</wp:meta_key>
                <wp:meta_value><![CDATA[- Mia har ikke vært snill. Hun skal ikke ha noe selskap, og ingen presanger.   Så, adjø, da, småpiker. -Det passer kanskje bedre neste år,  legger mor til før hun snur seg for å gå inn igjen.   Det spørs, rekker jeg å tenke, om de tør ta den sjansen da.  ]]></wp:meta_value>
            </wp:postmeta>
            <wp:postmeta>
                <wp:meta_key>_lsb_quote</wp:meta_key>
                <wp:meta_value><![CDATA[lsb_acf_quote]]></wp:meta_value>
            </wp:postmeta>
            <wp:postmeta>
                <wp:meta_key>lsb_supported</wp:meta_key>
                <wp:meta_value><![CDATA[0]]></wp:meta_value>
            </wp:postmeta>
            <wp:postmeta>
                <wp:meta_key>_lsb_supported</wp:meta_key>
                <wp:meta_value><![CDATA[lsb_acf_supported]]></wp:meta_value>
            </wp:postmeta>
            <category domain="lsb_tax_author" nicename="mia-berner"><![CDATA[Mia Berner]]></category>
            <category domain="lsb_tax_publisher" nicename="juritzen"><![CDATA[Juritzen]]></category>
            <wp:postmeta>
                <wp:meta_key>lsb_look_inside</wp:meta_key>
                <wp:meta_value><![CDATA[CUSTOM_BLA_I_BOKA]]></wp:meta_value>
            </wp:postmeta>
            <wp:postmeta>
                <wp:meta_key>_lsb_look_inside</wp:meta_key>
                <wp:meta_value><![CDATA[lsb_acf_look_inside]]></wp:meta_value>
            </wp:postmeta>
            <category domain="lsb_tax_age" nicename="voksne"><![CDATA[voksne]]></category>
            <category domain="lsb_tax_topic" nicename="mennesker-i-mellom"><![CDATA[mennesker i mellom]]></category>
            <category domain="lsb_tax_language" nicename="no_nb"><![CDATA[bokmål]]></category>
            <category domain="lsb_tax_customization" nicename="faglitteratur"><![CDATA[faglitteratur]]></category>
            <wp:postmeta>
                <wp:meta_key>_thumbnail_id</wp:meta_key>
                <wp:meta_value><![CDATA[5557]]></wp:meta_value>
            </wp:postmeta>
        </item>
        <item>
            <title>Trettenforside.jpg</title>
            <wp:post_id>5557</wp:post_id>
            <wp:status>inherit</wp:status>
            <wp:post_type>attachment</wp:post_type>
            <wp:attachment_url>https://raw.githubusercontent.com/lesersokerbok/boksok.no-data-utils/master/output-example/images/698E7FA4DD104301B657ACDC76E3F10B.jpg</wp:attachment_url>
        </item>
        <item>
            <wp:post_type>lsb_book</wp:post_type>
            <wp:status>publish</wp:status>
            <title>Jenta som lette etter stillhet</title>
            <excerpt:encoded><![CDATA[Magdalena Mørk hater bråk, men livet hennes er fylt av det.  Hvor kan hun finne litt stillhet?]]></excerpt:encoded>
            <wp:postmeta>
                <wp:meta_key>lsb_isbn</wp:meta_key>
                <wp:meta_value><![CDATA[9788203254758]]></wp:meta_value>
            </wp:postmeta>
            <wp:postmeta>
                <wp:meta_key>_lsb_isbn</wp:meta_key>
                <wp:meta_value><![CDATA[lsb_acf_isbn]]></wp:meta_value>
            </wp:postmeta>
            <wp:postmeta>
                <wp:meta_key>lsb_published_year</wp:meta_key>
                <wp:meta_value><![CDATA[2012]]></wp:meta_value>
            </wp:postmeta>
            <wp:postmeta>
                <wp:meta_key>_lsb_published_year</wp:meta_key>
                <wp:meta_value><![CDATA[lsb_acf_published_year]]></wp:meta_value>
            </wp:postmeta>
            <wp:postmeta>
                <wp:meta_key>lsb_pages</wp:meta_key>
                <wp:meta_value><![CDATA[95]]></wp:meta_value>
            </wp:postmeta>
            <wp:postmeta>
                <wp:meta_key>_lsb_pages</wp:meta_key>
                <wp:meta_value><![CDATA[lsb_acf_pages]]></wp:meta_value>
            </wp:postmeta>
            <wp:postmeta>
                <wp:meta_key>lsb_review</wp:meta_key>
                <wp:meta_value><![CDATA[  <div>En dag får hun bare nok.</div>  <div>Hun stiller seg opp midt på gata,</div>  <div>midt i bråket, og brøler at alle skal være stille.</div>  <div>Da er det at Damen med Pressboret</div>  <div>finner henne og tar henne med hjem.</div>  <div>Kan Magdalena finne stillheten </div>  <div>sammen med klassens mest bråkete gutt?</div>  <div>Kan hun finne stillheten </div>  <div>om hun reiser avgårde i luftballong?</div>  <div>&#160;</div>  <div>Gjennom et enkelt og rytmisk språk,</div>  <div>lar Klaus Hagerup oss tenke på bråk og ro.</div>  <div>Boka kan leses rett frem, eller som en fabel.</div>  <div>Hver linje står stort sett for seg,</div>  <div>og det er mye luft på sidene.</div>  <div>&#160;</div>  <div><strong>Klaus Hagerup</strong> er en kjent forfatter for barn og ungdom.</div>  <div>Han er kanskje best kjent for bøkene om Markus.</div>  ]]></wp:meta_value>
            </wp:postmeta>
            <wp:postmeta>
                <wp:meta_key>_lsb_review</wp:meta_key>
                <wp:meta_value><![CDATA[lsb_acf_review]]></wp:meta_value>
            </wp:postmeta>
            <wp:postmeta>
                <wp:meta_key>lsb_quote</wp:meta_key>
                <wp:meta_value><![CDATA[Da hun kom ut på gata, så hun Damen med Pressboret.    Boret var stort og damen var liten. Hun boret hull  i fortauet.    Hun klamret seg fast til boret.  Hele kroppen hennes ristet.    Magdalena gikk helt bort til henne.    Damen med Pressboret smilte. Som om hun var glad.     Som om hun elsket lyden hun laget.    Magdalena kjente at hun ble sint.    Sintere enn hun noen gang hadde vært.     Det begynte å koke inne i henne.    Hun bøyde seg frem til aksiktet hennes var tett inntil  ansiktet til Damen med Pressboret.    Så brølte hun.    - Stille!!!!!]]></wp:meta_value>
            </wp:postmeta>
            <wp:postmeta>
                <wp:meta_key>_lsb_quote</wp:meta_key>
                <wp:meta_value><![CDATA[lsb_acf_quote]]></wp:meta_value>
            </wp:postmeta>
            <wp:postmeta>
                <wp:meta_key>lsb_supported</wp:meta_key>
                <wp:meta_value><![CDATA[1]]></wp:meta_value>
            </wp:postmeta>
            <wp:postmeta>
                <wp:meta_key>_lsb_supported</wp:meta_key>
                <wp:meta_value><![CDATA[lsb_acf_supported]]></wp:meta_value>
            </wp:postmeta>
            <wp:postmeta>
                <wp:meta_key>lsb_support_cat</wp:meta_key>
                <wp:meta_value><![CDATA[purple]]></wp:meta_value>
            </wp:postmeta>
            <wp:postmeta>
                <wp:meta_key>_lsb_support_cat</wp:meta_key>
                <wp:meta_value><![CDATA[lsb_acf_support_cat]]></wp:meta_value>
            </wp:postmeta>
            <category domain="lsb_tax_author" nicename="klaus-hagerup"><![CDATA[Klaus Hagerup]]></category>
            <category domain="lsb_tax_publisher" nicename="aschehoug"><![CDATA[Aschehoug]]></category>
            <wp:postmeta>
                <wp:meta_key>lsb_look_inside</wp:meta_key>
                <wp:meta_value><![CDATA[CUSTOM_BLA_I_BOKA]]></wp:meta_value>
            </wp:postmeta>
            <wp:postmeta>
                <wp:meta_key>_lsb_look_inside</wp:meta_key>
                <wp:meta_value><![CDATA[lsb_acf_look_inside]]></wp:meta_value>
            </wp:postmeta>
            <category domain="lsb_tax_age" nicename="barn"><![CDATA[barn]]></category>
            <category domain="lsb_tax_age" nicename="ungdom"><![CDATA[ungdom]]></category>
            <category domain="lsb_tax_genre" nicename="prosa"><![CDATA[prosa]]></category>
            <category domain="lsb_tax_topic" nicename="eventyr"><![CDATA[eventyr]]></category>
            <category domain="lsb_tax_topic" nicename="mennesker-i-mellom"><![CDATA[mennesker i mellom]]></category>
            <category domain="lsb_tax_language" nicename="no_nb"><![CDATA[bokmål]]></category>
            <category domain="lsb_tax_customization" nicename="skjønnlitteratur"><![CDATA[skjønnlitteratur]]></category>
            <wp:postmeta>
                <wp:meta_key>_thumbnail_id</wp:meta_key>
                <wp:meta_value><![CDATA[5558]]></wp:meta_value>
            </wp:postmeta>
        </item>
        <item>
            <title>jenta som lette.jpg</title>
            <wp:post_id>5558</wp:post_id>
            <wp:status>inherit</wp:status>
            <wp:post_type>attachment</wp:post_type>
            <wp:attachment_url>https://raw.githubusercontent.com/lesersokerbok/boksok.no-data-utils/master/output-example/images/9081A74D029B4B5C8C07C325C84F767A.jpg</wp:attachment_url>
        </item>
        <item>
            <wp:post_type>lsb_book</wp:post_type>
            <wp:status>publish</wp:status>
            <title>Rent – så enkelt!</title>
            <excerpt:encoded><![CDATA[Rent – så enkelt er boka som viser hvor lett det kan være å holde det rent. ]]></excerpt:encoded>
            <wp:postmeta>
                <wp:meta_key>lsb_isbn</wp:meta_key>
                <wp:meta_value><![CDATA[9788258406058]]></wp:meta_value>
            </wp:postmeta>
            <wp:postmeta>
                <wp:meta_key>_lsb_isbn</wp:meta_key>
                <wp:meta_value><![CDATA[lsb_acf_isbn]]></wp:meta_value>
            </wp:postmeta>
            <wp:postmeta>
                <wp:meta_key>lsb_published_year</wp:meta_key>
                <wp:meta_value><![CDATA[2012]]></wp:meta_value>
            </wp:postmeta>
            <wp:postmeta>
                <wp:meta_key>_lsb_published_year</wp:meta_key>
                <wp:meta_value><![CDATA[lsb_acf_published_year]]></wp:meta_value>
            </wp:postmeta>
            <wp:postmeta>
                <wp:meta_key>lsb_pages</wp:meta_key>
                <wp:meta_value><![CDATA[133]]></wp:meta_value>
            </wp:postmeta>
            <wp:postmeta>
                <wp:meta_key>_lsb_pages</wp:meta_key>
                <wp:meta_value><![CDATA[lsb_acf_pages]]></wp:meta_value>
            </wp:postmeta>
            <wp:postmeta>
                <wp:meta_key>lsb_review</wp:meta_key>
                <wp:meta_value><![CDATA[  <div>Boka gir korte og gode råd til rengjøringen.</div>  <div>Her får du tips til vaskemiddel og utstyr.</div>  <div>Du får en god forklaring på hvordan du gjør rent på ulike steder i huset.</div>  <div>Boka gir deg også god samvittighet hvis du ikke glad i å vaske.</div>  <div>Du kan nemlig lære deg triks som holder det enklere rent.</div>  <div>&#160;</div>  <div>Rent - så enkelt! tar for seg renholdet rom for rom.</div>  <div>Til hvert rom er det forklart hvordan du kan</div>  <div>&#160; &#160; - holde rent (som vil si å holde det rent og ryddig)</div>  <div>&#160; &#160; - gjøre rent (som vil si å rengjøre litt mer systematisk)</div>  <div>&#160; &#160; - utføre av og til rengjøring (det betyr: rengjøring sjelden eller aldri)</div>  <div>Til hvert rom finner du en oversikt over nødvendig utstyr </div>  <div>og beskrivelser av noen metoder.</div>  <div>Metodene som beskrives i et rom, kan også brukes i andre rom.&#160;</div>  <div><br />  </div>  <div>Boka har enkel tekst og er svært oversiktlig.</div>  <div>Mange bilder og symboler gjør det lett å forstå teksten. &#160;</div>  <div>Den kan bestilles i bokhandel eller på Yrkeslitteraturs nettsider, <a href="http://yrkeslitteratur.no/nb/node/2357">her</a>.</div>  <div>&#160;</div>  <div>Else Liv Hagesæther er ekspert i rengjøring.</div>  <div>Hun har jobbet mange år i bransjen, med renhold og opplæring.</div>  <div>Kanskje kjenner du henne fra blader, tv eller radio?&#160;</div>  ]]></wp:meta_value>
            </wp:postmeta>
            <wp:postmeta>
                <wp:meta_key>_lsb_review</wp:meta_key>
                <wp:meta_value><![CDATA[lsb_acf_review]]></wp:meta_value>
            </wp:postmeta>
            <wp:postmeta>
                <wp:meta_key>lsb_quote</wp:meta_key>
                <wp:meta_value><![CDATA[Slik holder du rent på kjøkkenet:  - tørk opp søl på bord, benker og gulv straks noen har sølt  - fei opp smuler og rusk fra gulvet når du oppdager det    TIPS: Det skal være enkelt å holde rent.  Da trenger du feiekost og feiebrett lett tilgjengelig.  Det enkleste er om kost og brett kan stå på kjøkkenet.  Søl tørker du opp med tørkepapir eller en fuktig klut.]]></wp:meta_value>
            </wp:postmeta>
            <wp:postmeta>
                <wp:meta_key>_lsb_quote</wp:meta_key>
                <wp:meta_value><![CDATA[lsb_acf_quote]]></wp:meta_value>
            </wp:postmeta>
            <wp:postmeta>
                <wp:meta_key>lsb_supported</wp:meta_key>
                <wp:meta_value><![CDATA[1]]></wp:meta_value>
            </wp:postmeta>
            <wp:postmeta>
                <wp:meta_key>_lsb_supported</wp:meta_key>
                <wp:meta_value><![CDATA[lsb_acf_supported]]></wp:meta_value>
            </wp:postmeta>
            <wp:postmeta>
                <wp:meta_key>lsb_support_cat</wp:meta_key>
                <wp:meta_value><![CDATA[purple]]></wp:meta_value>
            </wp:postmeta>
            <wp:postmeta>
                <wp:meta_key>_lsb_support_cat</wp:meta_key>
                <wp:meta_value><![CDATA[lsb_acf_support_cat]]></wp:meta_value>
            </wp:postmeta>
            <category domain="lsb_tax_author" nicename="else-liv-hagesæther"><![CDATA[Else Liv Hagesæther]]></category>
            <category domain="lsb_tax_publisher" nicename="yrkeslitteratur"><![CDATA[Yrkeslitteratur]]></category>
            <wp:postmeta>
                <wp:meta_key>lsb_look_inside</wp:meta_key>
                <wp:meta_value><![CDATA[CUSTOM_BLA_I_BOKA]]></wp:meta_value>
            </wp:postmeta>
            <wp:postmeta>
                <wp:meta_key>_lsb_look_inside</wp:meta_key>
                <wp:meta_value><![CDATA[lsb_acf_look_inside]]></wp:meta_value>
            </wp:postmeta>
            <category domain="lsb_tax_age" nicename="voksne"><![CDATA[voksne]]></category>
            <category domain="lsb_tax_genre" nicename="faglitteratur"><![CDATA[faglitteratur]]></category>
            <category domain="lsb_tax_topic" nicename="hus"><![CDATA[hus]]></category>
            <category domain="lsb_tax_topic" nicename="hjem"><![CDATA[hjem]]></category>
            <category domain="lsb_tax_topic" nicename="hage"><![CDATA[hage]]></category>
            <category domain="lsb_tax_language" nicename="no_nb"><![CDATA[bokmål]]></category>
            <category domain="lsb_tax_customization" nicename="faglitteratur"><![CDATA[faglitteratur]]></category>
            <category domain="lsb_tax_customization" nicename="mange-bilder"><![CDATA[mange bilder]]></category>
            <wp:postmeta>
                <wp:meta_key>_thumbnail_id</wp:meta_key>
                <wp:meta_value><![CDATA[5559]]></wp:meta_value>
            </wp:postmeta>
        </item>
        <item>
            <title>Rent så enkelt.jpg</title>
            <wp:post_id>5559</wp:post_id>
            <wp:status>inherit</wp:status>
            <wp:post_type>attachment</wp:post_type>
            <wp:attachment_url>https://raw.githubusercontent.com/lesersokerbok/boksok.no-data-utils/master/output-example/images/4D0BAC03EC9F41049214664F8C801C1E.jpg</wp:attachment_url>
        </item>
        <item>
            <wp:post_type>lsb_book</wp:post_type>
            <wp:status>publish</wp:status>
            <title>Sorg</title>
            <excerpt:encoded><![CDATA[Sorgen kan vare lenge.  Minnene varer hele livet.    Noen ganger kan du være glad selv om du sørger.   Det finnes mange måter å kjenne sorg på. ]]></excerpt:encoded>
            <wp:postmeta>
                <wp:meta_key>lsb_isbn</wp:meta_key>
                <wp:meta_value><![CDATA[9788256017256]]></wp:meta_value>
            </wp:postmeta>
            <wp:postmeta>
                <wp:meta_key>_lsb_isbn</wp:meta_key>
                <wp:meta_value><![CDATA[lsb_acf_isbn]]></wp:meta_value>
            </wp:postmeta>
            <wp:postmeta>
                <wp:meta_key>lsb_published_year</wp:meta_key>
                <wp:meta_value><![CDATA[2012]]></wp:meta_value>
            </wp:postmeta>
            <wp:postmeta>
                <wp:meta_key>_lsb_published_year</wp:meta_key>
                <wp:meta_value><![CDATA[lsb_acf_published_year]]></wp:meta_value>
            </wp:postmeta>
            <wp:postmeta>
                <wp:meta_key>lsb_pages</wp:meta_key>
                <wp:meta_value><![CDATA[24]]></wp:meta_value>
            </wp:postmeta>
            <wp:postmeta>
                <wp:meta_key>_lsb_pages</wp:meta_key>
                <wp:meta_value><![CDATA[lsb_acf_pages]]></wp:meta_value>
            </wp:postmeta>
            <wp:postmeta>
                <wp:meta_key>lsb_review</wp:meta_key>
                <wp:meta_value><![CDATA[  <div><strong>Sorg </strong>er sjette&#160;bok i  Følelsesbiblioteket. <br />  De fem andre er <strong>Sjenanse</strong>, <strong>Sinne, Redd</strong>, <br />  <strong>Forelskelse og Sjalusi.</strong><br />  Bøkene har flotte fargebilder <br />  og få ord. </div>  <div>&#160;</div>  <div>Disse  bøkene er fine både for <br />  barn og ungdom som vil ha enkel tekst<br />  og for voksne som trenger enkelt innhold.</div>  <div>&#160;</div>  <div><strong>Følelsesbiblioteket</strong> har vært brukt </div>  <div>i et  studieopplegg av <br />  Norsk forbund for utviklingshemmede (NFU).<br />  Gruppen hadde stort utbytte av bøkene. </div>  <div>De&#160;viste  seg å være&#160;velegnet </div>  <div>også til  de som ikke kan lese selv. </div>  <div>Det ble  mange fine samtaler </div>  <div>og  erfaringsutvekslinger rundt bøkene. </div>  <div>&#160;</div>  <div>Bøkene&#160;passer  både for barn og voksne <br />  som liker at få ord forteller mye.&#160; </div>  <div>&#160;</div>  <div>Bildene  gir rom for utdyping.</div>  <div>Slik passer de godt for folk som skal lære norsk.</div>  <div>De kan fylle inn&#160;"tomrommene" med norske ord. &#160;</div>  <div>&#160;</div>  <div>Serien  har også vært brukt i et lese- og skriveprosjekt </div>  <div>ved  Rosenhof VO i Oslo. </div>  <div>Bøkene  egnet seg godt til språktrening. </div>  <div>Elevene  snakket om det de&#160;hadde lest&#160;</div>  <div>og  skrev&#160;tekster om følelser. &#160;&#160;</div> <br />    ]]></wp:meta_value>
            </wp:postmeta>
            <wp:postmeta>
                <wp:meta_key>_lsb_review</wp:meta_key>
                <wp:meta_value><![CDATA[lsb_acf_review]]></wp:meta_value>
            </wp:postmeta>
            <wp:postmeta>
                <wp:meta_key>lsb_quote</wp:meta_key>
                <wp:meta_value><![CDATA[DU KAN GÅ INN  OG UT AV SORGEN]]></wp:meta_value>
            </wp:postmeta>
            <wp:postmeta>
                <wp:meta_key>_lsb_quote</wp:meta_key>
                <wp:meta_value><![CDATA[lsb_acf_quote]]></wp:meta_value>
            </wp:postmeta>
            <wp:postmeta>
                <wp:meta_key>lsb_supported</wp:meta_key>
                <wp:meta_value><![CDATA[1]]></wp:meta_value>
            </wp:postmeta>
            <wp:postmeta>
                <wp:meta_key>_lsb_supported</wp:meta_key>
                <wp:meta_value><![CDATA[lsb_acf_supported]]></wp:meta_value>
            </wp:postmeta>
            <wp:postmeta>
                <wp:meta_key>lsb_support_cat</wp:meta_key>
                <wp:meta_value><![CDATA[green]]></wp:meta_value>
            </wp:postmeta>
            <wp:postmeta>
                <wp:meta_key>_lsb_support_cat</wp:meta_key>
                <wp:meta_value><![CDATA[lsb_acf_support_cat]]></wp:meta_value>
            </wp:postmeta>
            <category domain="lsb_tax_author" nicename="anna-fiske"><![CDATA[Anna Fiske]]></category>
            <category domain="lsb_tax_publisher" nicename="solum-"><![CDATA[Solum ]]></category>
            <wp:postmeta>
                <wp:meta_key>lsb_look_inside</wp:meta_key>
                <wp:meta_value><![CDATA[CUSTOM_BLA_I_BOKA]]></wp:meta_value>
            </wp:postmeta>
            <wp:postmeta>
                <wp:meta_key>_lsb_look_inside</wp:meta_key>
                <wp:meta_value><![CDATA[lsb_acf_look_inside]]></wp:meta_value>
            </wp:postmeta>
            <category domain="lsb_tax_age" nicename="barn"><![CDATA[barn]]></category>
            <category domain="lsb_tax_age" nicename="voksne"><![CDATA[voksne]]></category>
            <category domain="lsb_tax_age" nicename="ungdom"><![CDATA[ungdom]]></category>
            <category domain="lsb_tax_genre" nicename="faglitteratur"><![CDATA[faglitteratur]]></category>
            <category domain="lsb_tax_topic" nicename="mennesker-i-mellom"><![CDATA[mennesker i mellom]]></category>
            <category domain="lsb_tax_language" nicename="no_nb"><![CDATA[bokmål]]></category>
            <category domain="lsb_tax_customization" nicename="bilder"><![CDATA[bilder]]></category>
            <category domain="lsb_tax_customization" nicename="utviklingshemmede"><![CDATA[utviklingshemmede]]></category>
            <category domain="lsb_tax_customization" nicename="mange-bilder"><![CDATA[mange bilder]]></category>
            <wp:postmeta>
                <wp:meta_key>_thumbnail_id</wp:meta_key>
                <wp:meta_value><![CDATA[5560]]></wp:meta_value>
            </wp:postmeta>
        </item>
        <item>
            <title>sorg.jpg</title>
            <wp:post_id>5560</wp:post_id>
            <wp:status>inherit</wp:status>
            <wp:post_type>attachment</wp:post_type>
            <wp:attachment_url>https://raw.githubusercontent.com/lesersokerbok/boksok.no-data-utils/master/output-example/images/702D6195EA7845F7BEA57ACA6A990101.jpg</wp:attachment_url>
        </item>
        <item>
            <wp:post_type>lsb_book</wp:post_type>
            <wp:status>publish</wp:status>
            <title>Engel i Paris</title>
            <excerpt:encoded><![CDATA[Alexander L. Kielland var 29 år gammel   da han forlot kone og barn og dro til Paris   for å skrive. I Paris er han hele tiden i tvil   om seg selv. Likvel ble tiden i Paris starten   for en av de viktigste forfatterne i Norge.]]></excerpt:encoded>
            <wp:postmeta>
                <wp:meta_key>lsb_isbn</wp:meta_key>
                <wp:meta_value><![CDATA[9788281401327]]></wp:meta_value>
            </wp:postmeta>
            <wp:postmeta>
                <wp:meta_key>_lsb_isbn</wp:meta_key>
                <wp:meta_value><![CDATA[lsb_acf_isbn]]></wp:meta_value>
            </wp:postmeta>
            <wp:postmeta>
                <wp:meta_key>lsb_published_year</wp:meta_key>
                <wp:meta_value><![CDATA[2012]]></wp:meta_value>
            </wp:postmeta>
            <wp:postmeta>
                <wp:meta_key>_lsb_published_year</wp:meta_key>
                <wp:meta_value><![CDATA[lsb_acf_published_year]]></wp:meta_value>
            </wp:postmeta>
            <wp:postmeta>
                <wp:meta_key>lsb_pages</wp:meta_key>
                <wp:meta_value><![CDATA[144]]></wp:meta_value>
            </wp:postmeta>
            <wp:postmeta>
                <wp:meta_key>_lsb_pages</wp:meta_key>
                <wp:meta_value><![CDATA[lsb_acf_pages]]></wp:meta_value>
            </wp:postmeta>
            <wp:postmeta>
                <wp:meta_key>lsb_review</wp:meta_key>
                <wp:meta_value><![CDATA[  <div>I boka <strong>Engel i Paris</strong> får vi </div>  <div>være med Alexander til Paris.<br />  Vi får lese hva han skrev </div>  <div>og hva han fylte dagene med. <br />  Alexanders oppleveser i Paris </div>  <div>er fortalt på en levende måte. </div>  <div>&#160;</div>  <div><strong>Engel i Paris</strong> er en lettlest fortelling </div>  <div>om mannen Alexander L. Kielland. </div>  <div>Hele tiden er han i tvil om seg selv. </div>  <div>Vil han klare å bli forfatter?  </div><br />  <strong>Elin Husebø</strong> er litteraturviter og har vært <br />  lærer i norsk for flerspråklige. <br />  Hun har også studert ved Skrivekunstakademiet<br />  og Forfatterstudiet i Tromsø. <br />  Elin ga ut boka <strong>Alexander L. Kielland. Fire noveller</strong> i 2008.<br />  <br />  ]]></wp:meta_value>
            </wp:postmeta>
            <wp:postmeta>
                <wp:meta_key>_lsb_review</wp:meta_key>
                <wp:meta_value><![CDATA[lsb_acf_review]]></wp:meta_value>
            </wp:postmeta>
            <wp:postmeta>
                <wp:meta_key>lsb_quote</wp:meta_key>
                <wp:meta_value><![CDATA[Han ser for seg den grønne skriveboken   som ligger klar på hotellrommet.      Tiden går så fort, og han har så mye han skal skrive!      Nå som skrivingen er godt i gang,   er han redd for at skrivelysten skal forsvinne.   Han er redd for at skrivingen skal stanse   like plutselig som den startet. ]]></wp:meta_value>
            </wp:postmeta>
            <wp:postmeta>
                <wp:meta_key>_lsb_quote</wp:meta_key>
                <wp:meta_value><![CDATA[lsb_acf_quote]]></wp:meta_value>
            </wp:postmeta>
            <wp:postmeta>
                <wp:meta_key>lsb_supported</wp:meta_key>
                <wp:meta_value><![CDATA[1]]></wp:meta_value>
            </wp:postmeta>
            <wp:postmeta>
                <wp:meta_key>_lsb_supported</wp:meta_key>
                <wp:meta_value><![CDATA[lsb_acf_supported]]></wp:meta_value>
            </wp:postmeta>
            <wp:postmeta>
                <wp:meta_key>lsb_support_cat</wp:meta_key>
                <wp:meta_value><![CDATA[purple]]></wp:meta_value>
            </wp:postmeta>
            <wp:postmeta>
                <wp:meta_key>_lsb_support_cat</wp:meta_key>
                <wp:meta_value><![CDATA[lsb_acf_support_cat]]></wp:meta_value>
            </wp:postmeta>
            <category domain="lsb_tax_author" nicename="elin-husebø"><![CDATA[Elin Husebø]]></category>
            <category domain="lsb_tax_publisher" nicename="wigestrand"><![CDATA[Wigestrand]]></category>
            <wp:postmeta>
                <wp:meta_key>lsb_look_inside</wp:meta_key>
                <wp:meta_value><![CDATA[CUSTOM_BLA_I_BOKA]]></wp:meta_value>
            </wp:postmeta>
            <wp:postmeta>
                <wp:meta_key>_lsb_look_inside</wp:meta_key>
                <wp:meta_value><![CDATA[lsb_acf_look_inside]]></wp:meta_value>
            </wp:postmeta>
            <category domain="lsb_tax_age" nicename="voksne"><![CDATA[voksne]]></category>
            <category domain="lsb_tax_genre" nicename="prosa"><![CDATA[prosa]]></category>
            <category domain="lsb_tax_genre" nicename="dokumentar"><![CDATA[dokumentar]]></category>
            <category domain="lsb_tax_genre" nicename="fakta"><![CDATA[fakta]]></category>
            <category domain="lsb_tax_topic" nicename="historie"><![CDATA[historie]]></category>
            <category domain="lsb_tax_topic" nicename="samfunn"><![CDATA[samfunn]]></category>
            <category domain="lsb_tax_topic" nicename="mennesker-i-mellom"><![CDATA[mennesker i mellom]]></category>
            <category domain="lsb_tax_language" nicename="no_nb"><![CDATA[bokmål]]></category>
            <category domain="lsb_tax_customization" nicename="skjønnlitteratur"><![CDATA[skjønnlitteratur]]></category>
            <wp:postmeta>
                <wp:meta_key>_thumbnail_id</wp:meta_key>
                <wp:meta_value><![CDATA[5561]]></wp:meta_value>
            </wp:postmeta>
        </item>
        <item>
            <title>Engel i Paris.jpg</title>
            <wp:post_id>5561</wp:post_id>
            <wp:status>inherit</wp:status>
            <wp:post_type>attachment</wp:post_type>
            <wp:attachment_url>https://raw.githubusercontent.com/lesersokerbok/boksok.no-data-utils/master/output-example/images/76521ABA1BC74938B375C7EE427226F0.jpg</wp:attachment_url>
        </item>
        <item>
            <wp:post_type>lsb_book</wp:post_type>
            <wp:status>publish</wp:status>
            <title>Zofies verden - En liten bok om menn</title>
            <excerpt:encoded><![CDATA[Mennene i Zofies verden er ikke som alle andre menn...     Heldigvis!]]></excerpt:encoded>
            <wp:postmeta>
                <wp:meta_key>lsb_isbn</wp:meta_key>
                <wp:meta_value><![CDATA[9788242942562]]></wp:meta_value>
            </wp:postmeta>
            <wp:postmeta>
                <wp:meta_key>_lsb_isbn</wp:meta_key>
                <wp:meta_value><![CDATA[lsb_acf_isbn]]></wp:meta_value>
            </wp:postmeta>
            <wp:postmeta>
                <wp:meta_key>lsb_published_year</wp:meta_key>
                <wp:meta_value><![CDATA[2009]]></wp:meta_value>
            </wp:postmeta>
            <wp:postmeta>
                <wp:meta_key>_lsb_published_year</wp:meta_key>
                <wp:meta_value><![CDATA[lsb_acf_published_year]]></wp:meta_value>
            </wp:postmeta>
            <wp:postmeta>
                <wp:meta_key>lsb_pages</wp:meta_key>
                <wp:meta_value/>
            </wp:postmeta>
            <wp:postmeta>
                <wp:meta_key>_lsb_pages</wp:meta_key>
                <wp:meta_value><![CDATA[lsb_acf_pages]]></wp:meta_value>
            </wp:postmeta>
            <wp:postmeta>
                <wp:meta_key>lsb_review</wp:meta_key>
                <wp:meta_value><![CDATA[ <span lang="NO-BOK">  <div dir="ltr" align="left">Her går mann i solnedgang.<br />  Rumpe-Finn klager over stussen sin, </div>  <div dir="ltr" align="left">mens andre menn diskuterer veskemote. <br />  </div>  <div dir="ltr" align="left">&#160;</div>  <div dir="ltr" align="left">Grethe Nestor og Norunn Blichfeldt Schjerven har hatt <br />  stor suksess med sin pop-art-inspirerte stripeserie. <br />  Den går fast i både Dagbladet og Pondus-bladet. <br />  I denne lille boken blir vi bedre kjent med mennene i Zofies verden. <br />  Dette er moro for begge kjønn.</div></span>  ]]></wp:meta_value>
            </wp:postmeta>
            <wp:postmeta>
                <wp:meta_key>_lsb_review</wp:meta_key>
                <wp:meta_value><![CDATA[lsb_acf_review]]></wp:meta_value>
            </wp:postmeta>
            <wp:postmeta>
                <wp:meta_key>lsb_quote</wp:meta_key>
                <wp:meta_value><![CDATA[- Se på denne kroppen her! Else og jeg her vært igjennom fire graviditeter. Ser i hvert fall ikke ut som jeg er firebarnsfar.]]></wp:meta_value>
            </wp:postmeta>
            <wp:postmeta>
                <wp:meta_key>_lsb_quote</wp:meta_key>
                <wp:meta_value><![CDATA[lsb_acf_quote]]></wp:meta_value>
            </wp:postmeta>
            <wp:postmeta>
                <wp:meta_key>lsb_supported</wp:meta_key>
                <wp:meta_value><![CDATA[0]]></wp:meta_value>
            </wp:postmeta>
            <wp:postmeta>
                <wp:meta_key>_lsb_supported</wp:meta_key>
                <wp:meta_value><![CDATA[lsb_acf_supported]]></wp:meta_value>
            </wp:postmeta>
            <category domain="lsb_tax_author" nicename="grethe-nestor-og-norunn-schjerven-"><![CDATA[Grethe Nestor og Norunn Schjerven ]]></category>
            <category domain="lsb_tax_publisher" nicename="egmont-"><![CDATA[Egmont ]]></category>
            <category domain="lsb_tax_illustrator" nicename="null-"><![CDATA[NULL ]]></category>
            <category domain="lsb_tax_translator" nicename="null-"><![CDATA[NULL ]]></category>
            <wp:postmeta>
                <wp:meta_key>lsb_look_inside</wp:meta_key>
                <wp:meta_value><![CDATA[CUSTOM_BLA_I_BOKA]]></wp:meta_value>
            </wp:postmeta>
            <wp:postmeta>
                <wp:meta_key>_lsb_look_inside</wp:meta_key>
                <wp:meta_value><![CDATA[lsb_acf_look_inside]]></wp:meta_value>
            </wp:postmeta>
            <category domain="lsb_tax_age" nicename="voksne"><![CDATA[voksne]]></category>
            <category domain="lsb_tax_topic" nicename="humor"><![CDATA[humor]]></category>
            <category domain="lsb_tax_topic" nicename="mennesker-i-mellom"><![CDATA[mennesker i mellom]]></category>
            <category domain="lsb_tax_language" nicename="no_nb"><![CDATA[bokmål]]></category>
            <category domain="lsb_tax_customization" nicename="skjønnlitteratur"><![CDATA[skjønnlitteratur]]></category>
            <category domain="lsb_tax_customization" nicename="mange-bilder"><![CDATA[mange bilder]]></category>
            <wp:postmeta>
                <wp:meta_key>_thumbnail_id</wp:meta_key>
                <wp:meta_value><![CDATA[5562]]></wp:meta_value>
            </wp:postmeta>
        </item>
        <item>
            <title>zofies-verden.jpg</title>
            <wp:post_id>5562</wp:post_id>
            <wp:status>inherit</wp:status>
            <wp:post_type>attachment</wp:post_type>
            <wp:attachment_url>https://raw.githubusercontent.com/lesersokerbok/boksok.no-data-utils/master/output-example/images/BF2C1B0CD99341778ECF03AC046594AC.jpg</wp:attachment_url>
        </item>
        <item>
            <wp:post_type>lsb_book</wp:post_type>
            <wp:status>publish</wp:status>
            <title>Din vakre jævel</title>
            <excerpt:encoded><![CDATA[En brutal bok om forelskelse og forbrytelse.]]></excerpt:encoded>
            <wp:postmeta>
                <wp:meta_key>lsb_isbn</wp:meta_key>
                <wp:meta_value><![CDATA[9788205425958]]></wp:meta_value>
            </wp:postmeta>
            <wp:postmeta>
                <wp:meta_key>_lsb_isbn</wp:meta_key>
                <wp:meta_value><![CDATA[lsb_acf_isbn]]></wp:meta_value>
            </wp:postmeta>
            <wp:postmeta>
                <wp:meta_key>lsb_published_year</wp:meta_key>
                <wp:meta_value><![CDATA[2012]]></wp:meta_value>
            </wp:postmeta>
            <wp:postmeta>
                <wp:meta_key>_lsb_published_year</wp:meta_key>
                <wp:meta_value><![CDATA[lsb_acf_published_year]]></wp:meta_value>
            </wp:postmeta>
            <wp:postmeta>
                <wp:meta_key>lsb_pages</wp:meta_key>
                <wp:meta_value><![CDATA[218]]></wp:meta_value>
            </wp:postmeta>
            <wp:postmeta>
                <wp:meta_key>_lsb_pages</wp:meta_key>
                <wp:meta_value><![CDATA[lsb_acf_pages]]></wp:meta_value>
            </wp:postmeta>
            <wp:postmeta>
                <wp:meta_key>lsb_review</wp:meta_key>
                <wp:meta_value><![CDATA[  <div>Robin og kameratene Navid og Martin raner Hedvig.&#160;</div>  <div>Robin og Navid blir ferska og må møte Hedvig til megling. <br />  &#160;</div>  <div>Boka veksler mellom å fortelle historien til Robin og Hedvig.</div>  <div>De blir kjent med hverandre. </div>  <div>De blir veldig godt kjent med hverandre.</div>  <div>Det blir tøft for begge to. </div>  <div>&#160;</div>  <div>Boka har korte kapitler </div>  <div>og stemmene til Robin og Hedvig er tydelige.</div>  ]]></wp:meta_value>
            </wp:postmeta>
            <wp:postmeta>
                <wp:meta_key>_lsb_review</wp:meta_key>
                <wp:meta_value><![CDATA[lsb_acf_review]]></wp:meta_value>
            </wp:postmeta>
            <wp:postmeta>
                <wp:meta_key>lsb_quote</wp:meta_key>
                <wp:meta_value><![CDATA[Hedvig: Megling. Jeg står med brevet i hånden. Nå har jeg jobbet så hardt for å glemme de tre drittsekkene, og så må jeg møte dem igjen ansikt til anskikt. Robin: Det er likevel noe som ikke stemmer her. Alle har hele tida snakka om ranet og den seksuelle trakasseringa, men ingen har nevnt noe om besøket mitt. Ikke at jeg kan så mye om juss og sånn, men det burde minst være like ille som et ran? Innbrudd og trusler er jo ganske heavy saker._x000D_]]></wp:meta_value>
            </wp:postmeta>
            <wp:postmeta>
                <wp:meta_key>_lsb_quote</wp:meta_key>
                <wp:meta_value><![CDATA[lsb_acf_quote]]></wp:meta_value>
            </wp:postmeta>
            <wp:postmeta>
                <wp:meta_key>lsb_supported</wp:meta_key>
                <wp:meta_value><![CDATA[0]]></wp:meta_value>
            </wp:postmeta>
            <wp:postmeta>
                <wp:meta_key>_lsb_supported</wp:meta_key>
                <wp:meta_value><![CDATA[lsb_acf_supported]]></wp:meta_value>
            </wp:postmeta>
            <category domain="lsb_tax_author" nicename="arne-svingen-og-helene-uri-"><![CDATA[Arne Svingen og Helene Uri ]]></category>
            <category domain="lsb_tax_publisher" nicename="gyldendal-"><![CDATA[Gyldendal ]]></category>
            <category domain="lsb_tax_illustrator" nicename="null-"><![CDATA[NULL ]]></category>
            <wp:postmeta>
                <wp:meta_key>lsb_look_inside</wp:meta_key>
                <wp:meta_value><![CDATA[CUSTOM_BLA_I_BOKA]]></wp:meta_value>
            </wp:postmeta>
            <wp:postmeta>
                <wp:meta_key>_lsb_look_inside</wp:meta_key>
                <wp:meta_value><![CDATA[lsb_acf_look_inside]]></wp:meta_value>
            </wp:postmeta>
            <category domain="lsb_tax_age" nicename="ungdom"><![CDATA[ungdom]]></category>
            <category domain="lsb_tax_genre" nicename="prosa"><![CDATA[prosa]]></category>
            <category domain="lsb_tax_topic" nicename="kjærlighet"><![CDATA[kjærlighet]]></category>
            <category domain="lsb_tax_topic" nicename="krim"><![CDATA[krim]]></category>
            <category domain="lsb_tax_topic" nicename="spenning"><![CDATA[spenning]]></category>
            <category domain="lsb_tax_topic" nicename="mennesker-i-mellom"><![CDATA[mennesker i mellom]]></category>
            <category domain="lsb_tax_language" nicename="no_nb"><![CDATA[bokmål]]></category>
            <category domain="lsb_tax_customization" nicename="skjønnlitteratur"><![CDATA[skjønnlitteratur]]></category>
            <wp:postmeta>
                <wp:meta_key>_thumbnail_id</wp:meta_key>
                <wp:meta_value><![CDATA[5563]]></wp:meta_value>
            </wp:postmeta>
        </item>
        <item>
            <title>Din-vakre-jaevel_hd_image.jpg</title>
            <wp:post_id>5563</wp:post_id>
            <wp:status>inherit</wp:status>
            <wp:post_type>attachment</wp:post_type>
            <wp:attachment_url>https://raw.githubusercontent.com/lesersokerbok/boksok.no-data-utils/master/output-example/images/1F548665EC934B25B67FE2EFE2DC7AFE.jpg</wp:attachment_url>
        </item>
        <item>
            <wp:post_type>lsb_book</wp:post_type>
            <wp:status>publish</wp:status>
            <title>Fortellingen om Barcelona</title>
            <excerpt:encoded><![CDATA[Dan Eggen skriver om hva som gjør fotballklubben Barcelona til mye mer enn en klubb. Han har spilt mot dem som fotballspiller i Spania.]]></excerpt:encoded>
            <wp:postmeta>
                <wp:meta_key>lsb_isbn</wp:meta_key>
                <wp:meta_value><![CDATA[9788248911456]]></wp:meta_value>
            </wp:postmeta>
            <wp:postmeta>
                <wp:meta_key>_lsb_isbn</wp:meta_key>
                <wp:meta_value><![CDATA[lsb_acf_isbn]]></wp:meta_value>
            </wp:postmeta>
            <wp:postmeta>
                <wp:meta_key>lsb_published_year</wp:meta_key>
                <wp:meta_value><![CDATA[2012]]></wp:meta_value>
            </wp:postmeta>
            <wp:postmeta>
                <wp:meta_key>_lsb_published_year</wp:meta_key>
                <wp:meta_value><![CDATA[lsb_acf_published_year]]></wp:meta_value>
            </wp:postmeta>
            <wp:postmeta>
                <wp:meta_key>lsb_pages</wp:meta_key>
                <wp:meta_value><![CDATA[126]]></wp:meta_value>
            </wp:postmeta>
            <wp:postmeta>
                <wp:meta_key>_lsb_pages</wp:meta_key>
                <wp:meta_value><![CDATA[lsb_acf_pages]]></wp:meta_value>
            </wp:postmeta>
            <wp:postmeta>
                <wp:meta_key>lsb_review</wp:meta_key>
                <wp:meta_value><![CDATA[  <div>Med fortellingen om Barcelona får du vite mye om klubben på kort tid.</div>  <div>Du får innføring i historien rundt klubben, </div>  <div>med vanskelige tider og mektig motstand.</div>  <div>Du får vite hvorfor Barcelona har blitt så store. <br />  </div>  <div>De viktigste spillerne er selvfølgelig med.<br />  <div>Boka tar også for seg utfordringer som kan komme i framtida.<br />  </div><br />  Det er mye informasjon som er skrevet på en grei og direkte måte. </div>  <div>Dan Eggen har spilt mot Barcelona og deler erfaringer fra disse møtene.</div>  <div>Han har hatt en lang karriere innen fotball, har spilt 25 kamper </div>  <div>og skåra to mål for Norges landslag.<br />  </div>  <div>Nå trener han KFUM Oslo som spiller i 2. divisjon.  </div>  <div>&#160;</div>  <div><br />  </div>  ]]></wp:meta_value>
            </wp:postmeta>
            <wp:postmeta>
                <wp:meta_key>_lsb_review</wp:meta_key>
                <wp:meta_value><![CDATA[lsb_acf_review]]></wp:meta_value>
            </wp:postmeta>
            <wp:postmeta>
                <wp:meta_key>lsb_quote</wp:meta_key>
                <wp:meta_value><![CDATA[På La Maisa Trodde Fàbregas og de andre guttene at Messi var stum den første tiden. Han var så sjenert at han ikke sa noe som helst. Det kan ikke ha vært lett for ham i begynnelsen. Men beina til Messi talte fra første stund sitt tydelige språk.]]></wp:meta_value>
            </wp:postmeta>
            <wp:postmeta>
                <wp:meta_key>_lsb_quote</wp:meta_key>
                <wp:meta_value><![CDATA[lsb_acf_quote]]></wp:meta_value>
            </wp:postmeta>
            <wp:postmeta>
                <wp:meta_key>lsb_supported</wp:meta_key>
                <wp:meta_value><![CDATA[1]]></wp:meta_value>
            </wp:postmeta>
            <wp:postmeta>
                <wp:meta_key>_lsb_supported</wp:meta_key>
                <wp:meta_value><![CDATA[lsb_acf_supported]]></wp:meta_value>
            </wp:postmeta>
            <wp:postmeta>
                <wp:meta_key>lsb_support_cat</wp:meta_key>
                <wp:meta_value><![CDATA[purple]]></wp:meta_value>
            </wp:postmeta>
            <wp:postmeta>
                <wp:meta_key>_lsb_support_cat</wp:meta_key>
                <wp:meta_value><![CDATA[lsb_acf_support_cat]]></wp:meta_value>
            </wp:postmeta>
            <category domain="lsb_tax_author" nicename="dan-eggen"><![CDATA[Dan Eggen]]></category>
            <category domain="lsb_tax_publisher" nicename="kagge-"><![CDATA[Kagge ]]></category>
            <category domain="lsb_tax_illustrator" nicename="null-"><![CDATA[NULL ]]></category>
            <category domain="lsb_tax_translator" nicename="null-"><![CDATA[NULL ]]></category>
            <wp:postmeta>
                <wp:meta_key>lsb_look_inside</wp:meta_key>
                <wp:meta_value><![CDATA[CUSTOM_BLA_I_BOKA]]></wp:meta_value>
            </wp:postmeta>
            <wp:postmeta>
                <wp:meta_key>_lsb_look_inside</wp:meta_key>
                <wp:meta_value><![CDATA[lsb_acf_look_inside]]></wp:meta_value>
            </wp:postmeta>
            <category domain="lsb_tax_age" nicename="ungdom"><![CDATA[ungdom]]></category>
            <category domain="lsb_tax_age" nicename="voksne"><![CDATA[voksne]]></category>
            <category domain="lsb_tax_topic" nicename="sport"><![CDATA[sport]]></category>
            <category domain="lsb_tax_language" nicename="no_nb"><![CDATA[bokmål]]></category>
            <category domain="lsb_tax_customization" nicename="faglitteratur"><![CDATA[faglitteratur]]></category>
            <wp:postmeta>
                <wp:meta_key>_thumbnail_id</wp:meta_key>
                <wp:meta_value><![CDATA[5564]]></wp:meta_value>
            </wp:postmeta>
        </item>
        <item>
            <title>org_Kagge_Fortellingen_Barcelona_forside.jpg</title>
            <wp:post_id>5564</wp:post_id>
            <wp:status>inherit</wp:status>
            <wp:post_type>attachment</wp:post_type>
            <wp:attachment_url>https://raw.githubusercontent.com/lesersokerbok/boksok.no-data-utils/master/output-example/images/8C44619719AD43CEB8427A666318DB48.jpg</wp:attachment_url>
        </item>
        <item>
            <wp:post_type>lsb_book</wp:post_type>
            <wp:status>publish</wp:status>
            <title>Hullet </title>
            <excerpt:encoded><![CDATA[Hullet er en bok med et hull i midten. Det fysiske hullet i boka er med på å drive historien framover.]]></excerpt:encoded>
            <wp:postmeta>
                <wp:meta_key>lsb_isbn</wp:meta_key>
                <wp:meta_value><![CDATA[9788202375768]]></wp:meta_value>
            </wp:postmeta>
            <wp:postmeta>
                <wp:meta_key>_lsb_isbn</wp:meta_key>
                <wp:meta_value><![CDATA[lsb_acf_isbn]]></wp:meta_value>
            </wp:postmeta>
            <wp:postmeta>
                <wp:meta_key>lsb_published_year</wp:meta_key>
                <wp:meta_value><![CDATA[2012]]></wp:meta_value>
            </wp:postmeta>
            <wp:postmeta>
                <wp:meta_key>_lsb_published_year</wp:meta_key>
                <wp:meta_value><![CDATA[lsb_acf_published_year]]></wp:meta_value>
            </wp:postmeta>
            <wp:postmeta>
                <wp:meta_key>lsb_pages</wp:meta_key>
                <wp:meta_value><![CDATA[upag ]]></wp:meta_value>
            </wp:postmeta>
            <wp:postmeta>
                <wp:meta_key>_lsb_pages</wp:meta_key>
                <wp:meta_value><![CDATA[lsb_acf_pages]]></wp:meta_value>
            </wp:postmeta>
            <wp:postmeta>
                <wp:meta_key>lsb_review</wp:meta_key>
                <wp:meta_value><![CDATA[  <div>En mann flytter inn i en ny leilighet. </div>  <div>Han begynner å pakke ut av eskene sine. </div>  <div>Plutselig oppdager han et hull. </div>  <div>Og hullet flytter på seg. </div>  <div>Hva slags hull er dette?  </div>  <div>&#160;</div>  <div>Boka <strong>Hullet</strong> lager en spennende </div>  <div>kobling mellom den fysiske boka </div>  <div>og historien som fortelles inni boka. </div>  <div>Historien fortelles først og fremst </div>  <div>ved hjelp av tegninger </div>  <div>og ved hjelp av hullet </div>  <div>i midten av boka. </div>  <div>&#160;</div>  <div>Øyvind Torseter har laget flere bøker </div>  <div>med mange tegninger og lite tekst. </div>  <div>Han har en morsom </div>  <div>og gjenkjennelig strek. Bøkene hans </div>  <div>får leseren til å tenke og undre seg. </div>  ]]></wp:meta_value>
            </wp:postmeta>
            <wp:postmeta>
                <wp:meta_key>_lsb_review</wp:meta_key>
                <wp:meta_value><![CDATA[lsb_acf_review]]></wp:meta_value>
            </wp:postmeta>
            <wp:postmeta>
                <wp:meta_key>lsb_quote</wp:meta_key>
                <wp:meta_value><![CDATA[... Ja, hallo ... jeg har funnet et hull ... i leiligheten min ... ja ... nei ... det flytter på seg ... ja ... kan dere komme hit og se på ... nei ... neivel ... ta det med bort til dere? Hvordan ... Hallo? _x000D_]]></wp:meta_value>
            </wp:postmeta>
            <wp:postmeta>
                <wp:meta_key>_lsb_quote</wp:meta_key>
                <wp:meta_value><![CDATA[lsb_acf_quote]]></wp:meta_value>
            </wp:postmeta>
            <wp:postmeta>
                <wp:meta_key>lsb_supported</wp:meta_key>
                <wp:meta_value><![CDATA[0]]></wp:meta_value>
            </wp:postmeta>
            <wp:postmeta>
                <wp:meta_key>_lsb_supported</wp:meta_key>
                <wp:meta_value><![CDATA[lsb_acf_supported]]></wp:meta_value>
            </wp:postmeta>
            <category domain="lsb_tax_author" nicename="øyvind-torseter-"><![CDATA[Øyvind Torseter ]]></category>
            <category domain="lsb_tax_publisher" nicename="cappenen-damm-"><![CDATA[Cappenen Damm ]]></category>
            <category domain="lsb_tax_illustrator" nicename="øyvind-torseter"><![CDATA[Øyvind Torseter]]></category>
            <category domain="lsb_tax_translator" nicename="null-"><![CDATA[NULL ]]></category>
            <wp:postmeta>
                <wp:meta_key>lsb_look_inside</wp:meta_key>
                <wp:meta_value><![CDATA[CUSTOM_BLA_I_BOKA]]></wp:meta_value>
            </wp:postmeta>
            <wp:postmeta>
                <wp:meta_key>_lsb_look_inside</wp:meta_key>
                <wp:meta_value><![CDATA[lsb_acf_look_inside]]></wp:meta_value>
            </wp:postmeta>
            <category domain="lsb_tax_age" nicename="voksne"><![CDATA[voksne]]></category>
            <category domain="lsb_tax_genre" nicename="prosa"><![CDATA[prosa]]></category>
            <category domain="lsb_tax_topic" nicename="humor"><![CDATA[humor]]></category>
            <category domain="lsb_tax_language" nicename="no_nb"><![CDATA[bokmål]]></category>
            <category domain="lsb_tax_customization" nicename="skjønnlitteratur"><![CDATA[skjønnlitteratur]]></category>
            <category domain="lsb_tax_customization" nicename="bilder"><![CDATA[bilder]]></category>
            <category domain="lsb_tax_customization" nicename="mange-bilder"><![CDATA[mange bilder]]></category>
            <wp:postmeta>
                <wp:meta_key>_thumbnail_id</wp:meta_key>
                <wp:meta_value><![CDATA[5565]]></wp:meta_value>
            </wp:postmeta>
        </item>
        <item>
            <title>Torseter_Hullet.jpg</title>
            <wp:post_id>5565</wp:post_id>
            <wp:status>inherit</wp:status>
            <wp:post_type>attachment</wp:post_type>
            <wp:attachment_url>https://raw.githubusercontent.com/lesersokerbok/boksok.no-data-utils/master/output-example/images/D8562EEDCA8D424183DED29A2178BEFD.jpg</wp:attachment_url>
        </item>
        <item>
            <wp:post_type>lsb_book</wp:post_type>
            <wp:status>publish</wp:status>
            <title>Hockeysveis fører til dårlige rim</title>
            <excerpt:encoded><![CDATA[En gjennomført tøysete bok om de viktige tingene i livet: Hockeysveis, rim, glad musikk og kjærlighet.]]></excerpt:encoded>
            <wp:postmeta>
                <wp:meta_key>lsb_isbn</wp:meta_key>
                <wp:meta_value><![CDATA[9788202376338]]></wp:meta_value>
            </wp:postmeta>
            <wp:postmeta>
                <wp:meta_key>_lsb_isbn</wp:meta_key>
                <wp:meta_value><![CDATA[lsb_acf_isbn]]></wp:meta_value>
            </wp:postmeta>
            <wp:postmeta>
                <wp:meta_key>lsb_published_year</wp:meta_key>
                <wp:meta_value><![CDATA[2012]]></wp:meta_value>
            </wp:postmeta>
            <wp:postmeta>
                <wp:meta_key>_lsb_published_year</wp:meta_key>
                <wp:meta_value><![CDATA[lsb_acf_published_year]]></wp:meta_value>
            </wp:postmeta>
            <wp:postmeta>
                <wp:meta_key>lsb_pages</wp:meta_key>
                <wp:meta_value><![CDATA[126]]></wp:meta_value>
            </wp:postmeta>
            <wp:postmeta>
                <wp:meta_key>_lsb_pages</wp:meta_key>
                <wp:meta_value><![CDATA[lsb_acf_pages]]></wp:meta_value>
            </wp:postmeta>
            <wp:postmeta>
                <wp:meta_key>lsb_review</wp:meta_key>
                <wp:meta_value><![CDATA[  <div>Lazze er litt av en sjarmør.</div>  <div>Med rim og hockeysveiser til all slags bruk, </div>  <div>har han folket i den vesle byen i sin hule hånd.</div>  <div>Alle elsker Lazze. Alle unntatt Fru Holm.</div>  <div>Hun hater Lazze. Hun hater hockeysveis, </div>  <div>hun hater Lasse Stefanz og hun hater rim.</div>  <div>Hvorfor det, egentlig?</div>  <div>Hva var det egentlig som skjedde?</div>  <div>&#160;</div>  <div>Med absurd humor og et spennende mysterium</div>  <div>lokkes leseren med i denne boka.&#160;</div>  <div>Språket er enkelt, med mye rim, </div>  <div>men også noe rim på svensk.</div>  <div>Boka har fast linjedeling og det er noe kursiv i den.&#160;</div>  <div>&#160;</div>  <div>Siv Wyller er født i 1974.</div>  <div><strong>Hockeysveis fører til dårlige rim</strong></div>  <div>er hennes første bok.&#160;</div>  ]]></wp:meta_value>
            </wp:postmeta>
            <wp:postmeta>
                <wp:meta_key>_lsb_review</wp:meta_key>
                <wp:meta_value><![CDATA[lsb_acf_review]]></wp:meta_value>
            </wp:postmeta>
            <wp:postmeta>
                <wp:meta_key>lsb_quote</wp:meta_key>
                <wp:meta_value><![CDATA[Lazze tenker ofte at for ham er ingenting umulig. Ingen- ting er umulig for en som vil at alle skal være lykkelige. Og han gjør folk lykkelige. Med hockeysveis. Med gode rim og glad musikk. Derfor liker han seg selv svært godt. Han må innrømme at han faktisk er helt perfekt. Helt perfekt til tross for det alle vet. Det alle vet? Ja, i den lille byen vet alle at Lazze kan bli fryktelig nervøs til tider. Nervøs? Ja. Nervøs. Det er ganske vanlig å være nervøs. Men Lazzes store problem er at rimene han lager forandrer seg når han blir det. De forandrer seg fra vakre til stygge. Fra søte til ekle. Fra å handle om liv til å handle om død. Fra kjærlighet til hat.]]></wp:meta_value>
            </wp:postmeta>
            <wp:postmeta>
                <wp:meta_key>_lsb_quote</wp:meta_key>
                <wp:meta_value><![CDATA[lsb_acf_quote]]></wp:meta_value>
            </wp:postmeta>
            <wp:postmeta>
                <wp:meta_key>lsb_supported</wp:meta_key>
                <wp:meta_value><![CDATA[0]]></wp:meta_value>
            </wp:postmeta>
            <wp:postmeta>
                <wp:meta_key>_lsb_supported</wp:meta_key>
                <wp:meta_value><![CDATA[lsb_acf_supported]]></wp:meta_value>
            </wp:postmeta>
            <category domain="lsb_tax_author" nicename="siv-wyller"><![CDATA[Siv Wyller]]></category>
            <category domain="lsb_tax_publisher" nicename="cappelen-damm-"><![CDATA[Cappelen Damm ]]></category>
            <category domain="lsb_tax_illustrator" nicename="rune-markhus-"><![CDATA[Rune Markhus ]]></category>
            <category domain="lsb_tax_translator" nicename="null-"><![CDATA[NULL ]]></category>
            <wp:postmeta>
                <wp:meta_key>lsb_look_inside</wp:meta_key>
                <wp:meta_value><![CDATA[CUSTOM_BLA_I_BOKA]]></wp:meta_value>
            </wp:postmeta>
            <wp:postmeta>
                <wp:meta_key>_lsb_look_inside</wp:meta_key>
                <wp:meta_value><![CDATA[lsb_acf_look_inside]]></wp:meta_value>
            </wp:postmeta>
            <category domain="lsb_tax_age" nicename="ungdom"><![CDATA[ungdom]]></category>
            <category domain="lsb_tax_topic" nicename="humor"><![CDATA[humor]]></category>
            <category domain="lsb_tax_topic" nicename="kjærlighet"><![CDATA[kjærlighet]]></category>
            <category domain="lsb_tax_customization" nicename="skjønnlitteratur"><![CDATA[skjønnlitteratur]]></category>
            <category domain="lsb_tax_customization" nicename="bilder"><![CDATA[bilder]]></category>
            <category domain="lsb_tax_customization" nicename="mange-bilder"><![CDATA[mange bilder]]></category>
            <wp:postmeta>
                <wp:meta_key>_thumbnail_id</wp:meta_key>
                <wp:meta_value><![CDATA[5566]]></wp:meta_value>
            </wp:postmeta>
        </item>
        <item>
            <title>Wyller_HockeysveisForerTil.jpg</title>
            <wp:post_id>5566</wp:post_id>
            <wp:status>inherit</wp:status>
            <wp:post_type>attachment</wp:post_type>
            <wp:attachment_url>https://raw.githubusercontent.com/lesersokerbok/boksok.no-data-utils/master/output-example/images/9596E1544BB5483196E50BB5E7A93108.jpg</wp:attachment_url>
        </item>
        <item>
            <wp:post_type>lsb_book</wp:post_type>
            <wp:status>publish</wp:status>
            <title>DEN STØRSTE FORM HAR INGEN KONTUR</title>
            <excerpt:encoded><![CDATA[Kunstbok med håndtrykte bilder og tekst i punktskrift.]]></excerpt:encoded>
            <wp:postmeta>
                <wp:meta_key>lsb_isbn</wp:meta_key>
                <wp:meta_value/>
            </wp:postmeta>
            <wp:postmeta>
                <wp:meta_key>_lsb_isbn</wp:meta_key>
                <wp:meta_value><![CDATA[lsb_acf_isbn]]></wp:meta_value>
            </wp:postmeta>
            <wp:postmeta>
                <wp:meta_key>lsb_published_year</wp:meta_key>
                <wp:meta_value><![CDATA[2012]]></wp:meta_value>
            </wp:postmeta>
            <wp:postmeta>
                <wp:meta_key>_lsb_published_year</wp:meta_key>
                <wp:meta_value><![CDATA[lsb_acf_published_year]]></wp:meta_value>
            </wp:postmeta>
            <wp:postmeta>
                <wp:meta_key>lsb_pages</wp:meta_key>
                <wp:meta_value/>
            </wp:postmeta>
            <wp:postmeta>
                <wp:meta_key>_lsb_pages</wp:meta_key>
                <wp:meta_value><![CDATA[lsb_acf_pages]]></wp:meta_value>
            </wp:postmeta>
            <wp:postmeta>
                <wp:meta_key>lsb_review</wp:meta_key>
                <wp:meta_value><![CDATA[  <div>  <div>Dette er en unik, håndlaget kunstbok</div>  <div>med taktile bilder i relieff.</div>  <div>Med hendene kan du</div>  <div>utforske forholdet mellom form, sans og innhold.</div>  <div>&#160;</div>  <div>Boken består av 7 bilder, samt novellen </div>  <div>"Om vitenskapens nøyaktighet" av Jorge Luis Borges. </div>  <div>Teksten må leses med hendene.</div>  <div><br />  </div>  <div>Formatet på boka er 29 x 32 cm og den fins i</div>  <div>et opplag på 35.&#160;</div>  <div>&#160;</div>  <div>Boka kan kjøpes hos kunstneren Randi Strand.</div>  <div>Kontakt henne på e-post randi@randistrand.no eller telefon 913 22 406.</div></div>  <div><br />  </div>  ]]></wp:meta_value>
            </wp:postmeta>
            <wp:postmeta>
                <wp:meta_key>_lsb_review</wp:meta_key>
                <wp:meta_value><![CDATA[lsb_acf_review]]></wp:meta_value>
            </wp:postmeta>
            <wp:postmeta>
                <wp:meta_key>lsb_quote</wp:meta_key>
                <wp:meta_value/>
            </wp:postmeta>
            <wp:postmeta>
                <wp:meta_key>_lsb_quote</wp:meta_key>
                <wp:meta_value><![CDATA[lsb_acf_quote]]></wp:meta_value>
            </wp:postmeta>
            <wp:postmeta>
                <wp:meta_key>lsb_supported</wp:meta_key>
                <wp:meta_value><![CDATA[0]]></wp:meta_value>
            </wp:postmeta>
            <wp:postmeta>
                <wp:meta_key>_lsb_supported</wp:meta_key>
                <wp:meta_value><![CDATA[lsb_acf_supported]]></wp:meta_value>
            </wp:postmeta>
            <category domain="lsb_tax_author" nicename="randi-annie-strand-"><![CDATA[Randi Annie Strand ]]></category>
            <category domain="lsb_tax_illustrator" nicename="randi-annie-strand-"><![CDATA[Randi Annie Strand ]]></category>
            <wp:postmeta>
                <wp:meta_key>lsb_look_inside</wp:meta_key>
                <wp:meta_value><![CDATA[CUSTOM_BLA_I_BOKA]]></wp:meta_value>
            </wp:postmeta>
            <wp:postmeta>
                <wp:meta_key>_lsb_look_inside</wp:meta_key>
                <wp:meta_value><![CDATA[lsb_acf_look_inside]]></wp:meta_value>
            </wp:postmeta>
            <category domain="lsb_tax_age" nicename="voksne"><![CDATA[voksne]]></category>
            <category domain="lsb_tax_genre" nicename="prosa"><![CDATA[prosa]]></category>
            <category domain="lsb_tax_customization" nicename="punktskrift"><![CDATA[punktskrift]]></category>
            <category domain="lsb_tax_customization" nicename="følebilder"><![CDATA[følebilder]]></category>
            <category domain="lsb_tax_customization" nicename="mange-bilder"><![CDATA[mange bilder]]></category>
            <wp:postmeta>
                <wp:meta_key>_thumbnail_id</wp:meta_key>
                <wp:meta_value><![CDATA[5567]]></wp:meta_value>
            </wp:postmeta>
        </item>
        <item>
            <title>RisværfjordenLSB.jpg</title>
            <wp:post_id>5567</wp:post_id>
            <wp:status>inherit</wp:status>
            <wp:post_type>attachment</wp:post_type>
            <wp:attachment_url>https://raw.githubusercontent.com/lesersokerbok/boksok.no-data-utils/master/output-example/images/2E5B4E8FA08D4EEE94AF40CE1F19611B.jpg</wp:attachment_url>
        </item>
        <item>
            <wp:post_type>lsb_book</wp:post_type>
            <wp:status>publish</wp:status>
            <title>Pangea </title>
            <excerpt:encoded><![CDATA[Opplev kunst med hendene.]]></excerpt:encoded>
            <wp:postmeta>
                <wp:meta_key>lsb_isbn</wp:meta_key>
                <wp:meta_value/>
            </wp:postmeta>
            <wp:postmeta>
                <wp:meta_key>_lsb_isbn</wp:meta_key>
                <wp:meta_value><![CDATA[lsb_acf_isbn]]></wp:meta_value>
            </wp:postmeta>
            <wp:postmeta>
                <wp:meta_key>lsb_published_year</wp:meta_key>
                <wp:meta_value><![CDATA[2012]]></wp:meta_value>
            </wp:postmeta>
            <wp:postmeta>
                <wp:meta_key>_lsb_published_year</wp:meta_key>
                <wp:meta_value><![CDATA[lsb_acf_published_year]]></wp:meta_value>
            </wp:postmeta>
            <wp:postmeta>
                <wp:meta_key>lsb_pages</wp:meta_key>
                <wp:meta_value/>
            </wp:postmeta>
            <wp:postmeta>
                <wp:meta_key>_lsb_pages</wp:meta_key>
                <wp:meta_value><![CDATA[lsb_acf_pages]]></wp:meta_value>
            </wp:postmeta>
            <wp:postmeta>
                <wp:meta_key>lsb_review</wp:meta_key>
                <wp:meta_value><![CDATA[  <div>  <div>Dette er en unik, håndlaget bok&#160;</div>  <div>med taktile bilder i relieff.</div>  <div>Pangea er superkontinentet</div>  <div>som fantes for 250 millioner år siden,</div>  <div>før kontinentene vi kjenner i dag slet seg løs.</div>  <div>Med hendene kan du</div>  <div>utforske forholdet mellom form, sans og innhold.</div>  <div><br />  </div>  <div>Boka har svært lite trykt tekst,</div>  <div>her må teksten leses med hendene.</div>  <div>Bildene er ulike fra bok til bok.</div>  <div>Formatet på boka er 12 x15 cm</div>  <div>og den finnes i et opplag på 50.</div>  <div><br />  </div>  <div>Boka kan kjøpes hos kunstneren Randi Strand.</div>  <div>Kontakt henne på e-post randi@randistrand.no eller telefon 913 22 406.</div></div>  ]]></wp:meta_value>
            </wp:postmeta>
            <wp:postmeta>
                <wp:meta_key>_lsb_review</wp:meta_key>
                <wp:meta_value><![CDATA[lsb_acf_review]]></wp:meta_value>
            </wp:postmeta>
            <wp:postmeta>
                <wp:meta_key>lsb_quote</wp:meta_key>
                <wp:meta_value/>
            </wp:postmeta>
            <wp:postmeta>
                <wp:meta_key>_lsb_quote</wp:meta_key>
                <wp:meta_value><![CDATA[lsb_acf_quote]]></wp:meta_value>
            </wp:postmeta>
            <wp:postmeta>
                <wp:meta_key>lsb_supported</wp:meta_key>
                <wp:meta_value><![CDATA[0]]></wp:meta_value>
            </wp:postmeta>
            <wp:postmeta>
                <wp:meta_key>_lsb_supported</wp:meta_key>
                <wp:meta_value><![CDATA[lsb_acf_supported]]></wp:meta_value>
            </wp:postmeta>
            <category domain="lsb_tax_author" nicename="randi-annie-strand-"><![CDATA[Randi Annie Strand ]]></category>
            <category domain="lsb_tax_illustrator" nicename="randi-annie-strand-"><![CDATA[Randi Annie Strand ]]></category>
            <wp:postmeta>
                <wp:meta_key>lsb_look_inside</wp:meta_key>
                <wp:meta_value><![CDATA[CUSTOM_BLA_I_BOKA]]></wp:meta_value>
            </wp:postmeta>
            <wp:postmeta>
                <wp:meta_key>_lsb_look_inside</wp:meta_key>
                <wp:meta_value><![CDATA[lsb_acf_look_inside]]></wp:meta_value>
            </wp:postmeta>
            <category domain="lsb_tax_age" nicename="voksne"><![CDATA[voksne]]></category>
            <category domain="lsb_tax_customization" nicename="punktskrift"><![CDATA[punktskrift]]></category>
            <category domain="lsb_tax_customization" nicename="følebilder"><![CDATA[følebilder]]></category>
            <category domain="lsb_tax_customization" nicename="mange-bilder"><![CDATA[mange bilder]]></category>
            <wp:postmeta>
                <wp:meta_key>_thumbnail_id</wp:meta_key>
                <wp:meta_value><![CDATA[5568]]></wp:meta_value>
            </wp:postmeta>
        </item>
        <item>
            <title>LSB-2-Otterøya.jpg</title>
            <wp:post_id>5568</wp:post_id>
            <wp:status>inherit</wp:status>
            <wp:post_type>attachment</wp:post_type>
            <wp:attachment_url>https://raw.githubusercontent.com/lesersokerbok/boksok.no-data-utils/master/output-example/images/A1DE2F66159341FC80364A4C4AF007EB.jpg</wp:attachment_url>
        </item>
        <item>
            <wp:post_type>lsb_book</wp:post_type>
            <wp:status>publish</wp:status>
            <title>Máilmmi árggimus áhkku</title>
            <excerpt:encoded><![CDATA[Livccet go jáhkkán ahte dát áhkku lea árgi? Juo, son lea árgi.]]></excerpt:encoded>
            <wp:postmeta>
                <wp:meta_key>lsb_isbn</wp:meta_key>
                <wp:meta_value><![CDATA[9788276012033]]></wp:meta_value>
            </wp:postmeta>
            <wp:postmeta>
                <wp:meta_key>_lsb_isbn</wp:meta_key>
                <wp:meta_value><![CDATA[lsb_acf_isbn]]></wp:meta_value>
            </wp:postmeta>
            <wp:postmeta>
                <wp:meta_key>lsb_published_year</wp:meta_key>
                <wp:meta_value><![CDATA[2012]]></wp:meta_value>
            </wp:postmeta>
            <wp:postmeta>
                <wp:meta_key>_lsb_published_year</wp:meta_key>
                <wp:meta_value><![CDATA[lsb_acf_published_year]]></wp:meta_value>
            </wp:postmeta>
            <wp:postmeta>
                <wp:meta_key>lsb_pages</wp:meta_key>
                <wp:meta_value><![CDATA[47]]></wp:meta_value>
            </wp:postmeta>
            <wp:postmeta>
                <wp:meta_key>_lsb_pages</wp:meta_key>
                <wp:meta_value><![CDATA[lsb_acf_pages]]></wp:meta_value>
            </wp:postmeta>
            <wp:postmeta>
                <wp:meta_key>lsb_review</wp:meta_key>
                <wp:meta_value><![CDATA[  <div>Son lea duohtavuodas </div>  <div>máilmmi árggimus áhkku. </div>  <div>&#160;</div>  <div>Dát lea girji, man lea álki lohkat. </div>  <div>&#160;</div>  <div>Verdens reddeste bestemor </div>  <div>handler om en dame som er så redd, </div>  <div>så redd. Alle lyder virker skremmende. </div>  <div>Heldigvis har hun en nabo </div>  <div>som prøver å hjelpe henne så godt han kan. </div>  ]]></wp:meta_value>
            </wp:postmeta>
            <wp:postmeta>
                <wp:meta_key>_lsb_review</wp:meta_key>
                <wp:meta_value><![CDATA[lsb_acf_review]]></wp:meta_value>
            </wp:postmeta>
            <wp:postmeta>
                <wp:meta_key>lsb_quote</wp:meta_key>
                <wp:meta_value><![CDATA[- I-in ... in, savkalii áhkku. - Olgun lea juoga mii dearpá seaidnái. Soaitá leat eatnanvuolás. Surgat man issoras!]]></wp:meta_value>
            </wp:postmeta>
            <wp:postmeta>
                <wp:meta_key>_lsb_quote</wp:meta_key>
                <wp:meta_value><![CDATA[lsb_acf_quote]]></wp:meta_value>
            </wp:postmeta>
            <wp:postmeta>
                <wp:meta_key>lsb_supported</wp:meta_key>
                <wp:meta_value><![CDATA[1]]></wp:meta_value>
            </wp:postmeta>
            <wp:postmeta>
                <wp:meta_key>_lsb_supported</wp:meta_key>
                <wp:meta_value><![CDATA[lsb_acf_supported]]></wp:meta_value>
            </wp:postmeta>
            <wp:postmeta>
                <wp:meta_key>lsb_support_cat</wp:meta_key>
                <wp:meta_value><![CDATA[purple]]></wp:meta_value>
            </wp:postmeta>
            <wp:postmeta>
                <wp:meta_key>_lsb_support_cat</wp:meta_key>
                <wp:meta_value><![CDATA[lsb_acf_support_cat]]></wp:meta_value>
            </wp:postmeta>
            <category domain="lsb_tax_author" nicename="elle-márjá-vars-"><![CDATA[Elle Márjá Vars ]]></category>
            <category domain="lsb_tax_publisher" nicename="idut-"><![CDATA[Idut ]]></category>
            <category domain="lsb_tax_illustrator" nicename="elle-márjá-vars"><![CDATA[Elle Márjá Vars]]></category>
            <category domain="lsb_tax_translator" nicename="null-"><![CDATA[NULL ]]></category>
            <wp:postmeta>
                <wp:meta_key>lsb_look_inside</wp:meta_key>
                <wp:meta_value><![CDATA[CUSTOM_BLA_I_BOKA]]></wp:meta_value>
            </wp:postmeta>
            <wp:postmeta>
                <wp:meta_key>_lsb_look_inside</wp:meta_key>
                <wp:meta_value><![CDATA[lsb_acf_look_inside]]></wp:meta_value>
            </wp:postmeta>
            <category domain="lsb_tax_age" nicename="barn"><![CDATA[barn]]></category>
            <category domain="lsb_tax_age" nicename="ungdom"><![CDATA[ungdom]]></category>
            <category domain="lsb_tax_genre" nicename="prosa"><![CDATA[prosa]]></category>
            <category domain="lsb_tax_topic" nicename="mennesker-i-mellom"><![CDATA[mennesker i mellom]]></category>
            <category domain="lsb_tax_language" nicename="no_sme"><![CDATA[nordsamisk]]></category>
            <category domain="lsb_tax_customization" nicename="skjønnlitteratur"><![CDATA[skjønnlitteratur]]></category>
            <category domain="lsb_tax_customization" nicename="mange-bilder"><![CDATA[mange bilder]]></category>
            <wp:postmeta>
                <wp:meta_key>_thumbnail_id</wp:meta_key>
                <wp:meta_value><![CDATA[5569]]></wp:meta_value>
            </wp:postmeta>
        </item>
        <item>
            <title>Mailmmi arggimus ahkku.jpg</title>
            <wp:post_id>5569</wp:post_id>
            <wp:status>inherit</wp:status>
            <wp:post_type>attachment</wp:post_type>
            <wp:attachment_url>https://raw.githubusercontent.com/lesersokerbok/boksok.no-data-utils/master/output-example/images/40997F01EF734A39A8975C1778DC2AC3.jpg</wp:attachment_url>
        </item>
        <item>
            <wp:post_type>lsb_book</wp:post_type>
            <wp:status>publish</wp:status>
            <title>Tre små eventyr </title>
            <excerpt:encoded><![CDATA[Fortalt av Signe Torp med tekst og tegn (NMT). Tre små eventyr er en nydelig bok med tegnstøtte og illustrasjoner.]]></excerpt:encoded>
            <wp:postmeta>
                <wp:meta_key>lsb_isbn</wp:meta_key>
                <wp:meta_value><![CDATA[9788253035734]]></wp:meta_value>
            </wp:postmeta>
            <wp:postmeta>
                <wp:meta_key>_lsb_isbn</wp:meta_key>
                <wp:meta_value><![CDATA[lsb_acf_isbn]]></wp:meta_value>
            </wp:postmeta>
            <wp:postmeta>
                <wp:meta_key>lsb_published_year</wp:meta_key>
                <wp:meta_value><![CDATA[2013]]></wp:meta_value>
            </wp:postmeta>
            <wp:postmeta>
                <wp:meta_key>_lsb_published_year</wp:meta_key>
                <wp:meta_value><![CDATA[lsb_acf_published_year]]></wp:meta_value>
            </wp:postmeta>
            <wp:postmeta>
                <wp:meta_key>lsb_pages</wp:meta_key>
                <wp:meta_value><![CDATA[upag ]]></wp:meta_value>
            </wp:postmeta>
            <wp:postmeta>
                <wp:meta_key>_lsb_pages</wp:meta_key>
                <wp:meta_value><![CDATA[lsb_acf_pages]]></wp:meta_value>
            </wp:postmeta>
            <wp:postmeta>
                <wp:meta_key>lsb_review</wp:meta_key>
                <wp:meta_value><![CDATA[  <div>I boka fortelles de tre kjente eventyrene</div>  <div><strong>Geitekillingen som kunne telle til ti</strong>, </div>  <div><strong>De tre bukkene bruse som skulle til seters </strong></div>  <div><strong>og gjøre seg fete</strong> og <strong>Gullhår og de tre bjørnene</strong>. </div>  <div>&#160;</div>  <div>Alle eventyrene fortelles med både tekst og tegn. </div>  <div>Tegnene brukes som støtte til norsk talespråk</div>  <div>og passer godt for barn med hørselshemming. </div>  <div>&#160;</div>  <div>Boka inneholder en grunndig brukerveiledning</div>  <div>og den er nydelig illustrert med morsomme, </div>  <div>fargerike illustrasjoner. </div>  <div>&#160;</div>  <div><strong>Signe Torp</strong> er illustratør. Hun har tidligere </div>  <div>utgitt "NMT-Sangboka" i samarbeid med </div>  <div>Hørselshemmedes Landsforbund. </div>  <div><br />  </div>  ]]></wp:meta_value>
            </wp:postmeta>
            <wp:postmeta>
                <wp:meta_key>_lsb_review</wp:meta_key>
                <wp:meta_value><![CDATA[lsb_acf_review]]></wp:meta_value>
            </wp:postmeta>
            <wp:postmeta>
                <wp:meta_key>lsb_quote</wp:meta_key>
                <wp:meta_value><![CDATA[Skal jeg telle deg også?" "Hvis det ikke gjør vondt, så," sa kalven. "Det gjør det vel ikke. Stå stille, så skal jeg telle deg."]]></wp:meta_value>
            </wp:postmeta>
            <wp:postmeta>
                <wp:meta_key>_lsb_quote</wp:meta_key>
                <wp:meta_value><![CDATA[lsb_acf_quote]]></wp:meta_value>
            </wp:postmeta>
            <wp:postmeta>
                <wp:meta_key>lsb_supported</wp:meta_key>
                <wp:meta_value><![CDATA[1]]></wp:meta_value>
            </wp:postmeta>
            <wp:postmeta>
                <wp:meta_key>_lsb_supported</wp:meta_key>
                <wp:meta_value><![CDATA[lsb_acf_supported]]></wp:meta_value>
            </wp:postmeta>
            <wp:postmeta>
                <wp:meta_key>lsb_support_cat</wp:meta_key>
                <wp:meta_value><![CDATA[red]]></wp:meta_value>
            </wp:postmeta>
            <wp:postmeta>
                <wp:meta_key>_lsb_support_cat</wp:meta_key>
                <wp:meta_value><![CDATA[lsb_acf_support_cat]]></wp:meta_value>
            </wp:postmeta>
            <category domain="lsb_tax_author" nicename="signe-torp-"><![CDATA[Signe Torp ]]></category>
            <category domain="lsb_tax_publisher" nicename="omnipax"><![CDATA[Omnipax]]></category>
            <category domain="lsb_tax_illustrator" nicename="signe-torp-"><![CDATA[Signe Torp ]]></category>
            <category domain="lsb_tax_translator" nicename="null-"><![CDATA[NULL ]]></category>
            <wp:postmeta>
                <wp:meta_key>lsb_look_inside</wp:meta_key>
                <wp:meta_value><![CDATA[CUSTOM_BLA_I_BOKA]]></wp:meta_value>
            </wp:postmeta>
            <wp:postmeta>
                <wp:meta_key>_lsb_look_inside</wp:meta_key>
                <wp:meta_value><![CDATA[lsb_acf_look_inside]]></wp:meta_value>
            </wp:postmeta>
            <category domain="lsb_tax_age" nicename="barn"><![CDATA[barn]]></category>
            <category domain="lsb_tax_genre" nicename="eventyr"><![CDATA[eventyr]]></category>
            <category domain="lsb_tax_language" nicename="no_nb"><![CDATA[bokmål]]></category>
            <category domain="lsb_tax_customization" nicename="tegn-til-tale"><![CDATA[tegn til tale]]></category>
            <category domain="lsb_tax_customization" nicename="nmt"><![CDATA[nmt]]></category>
            <category domain="lsb_tax_customization" nicename="mange-bilder"><![CDATA[mange bilder]]></category>
            <wp:postmeta>
                <wp:meta_key>_thumbnail_id</wp:meta_key>
                <wp:meta_value><![CDATA[5570]]></wp:meta_value>
            </wp:postmeta>
        </item>
        <item>
            <title>Tre små eventyr.jpg</title>
            <wp:post_id>5570</wp:post_id>
            <wp:status>inherit</wp:status>
            <wp:post_type>attachment</wp:post_type>
            <wp:attachment_url>https://raw.githubusercontent.com/lesersokerbok/boksok.no-data-utils/master/output-example/images/3F25006E181C491B950C0B9CF50C94C2.jpg</wp:attachment_url>
        </item>
        <item>
            <wp:post_type>lsb_book</wp:post_type>
            <wp:status>publish</wp:status>
            <title>Nødinngang</title>
            <excerpt:encoded><![CDATA[Julie har trygge og gode planer for høsten.   Hadde det ikke vært for uroen i magen.   ]]></excerpt:encoded>
            <wp:postmeta>
                <wp:meta_key>lsb_isbn</wp:meta_key>
                <wp:meta_value><![CDATA[9788202359980]]></wp:meta_value>
            </wp:postmeta>
            <wp:postmeta>
                <wp:meta_key>_lsb_isbn</wp:meta_key>
                <wp:meta_value><![CDATA[lsb_acf_isbn]]></wp:meta_value>
            </wp:postmeta>
            <wp:postmeta>
                <wp:meta_key>lsb_published_year</wp:meta_key>
                <wp:meta_value><![CDATA[2011]]></wp:meta_value>
            </wp:postmeta>
            <wp:postmeta>
                <wp:meta_key>_lsb_published_year</wp:meta_key>
                <wp:meta_value><![CDATA[lsb_acf_published_year]]></wp:meta_value>
            </wp:postmeta>
            <wp:postmeta>
                <wp:meta_key>lsb_pages</wp:meta_key>
                <wp:meta_value><![CDATA[125]]></wp:meta_value>
            </wp:postmeta>
            <wp:postmeta>
                <wp:meta_key>_lsb_pages</wp:meta_key>
                <wp:meta_value><![CDATA[lsb_acf_pages]]></wp:meta_value>
            </wp:postmeta>
            <wp:postmeta>
                <wp:meta_key>lsb_review</wp:meta_key>
                <wp:meta_value><![CDATA[  <div>Videregående er over. </div>  <div>Til høsten skal&#160;Julie flytte </div>  <div>sammen med kjæresten Martin. </div>  <div>Begge to skal studere juss. </div>  <div>Alt virker perfekt. </div>  <div>&#160;</div>  <div>Men Julie er urolig. </div>  <div>Hun drar til London for å jobbe </div>  <div>på restaurant med venninnen Ida. </div>  <div>I London viser det seg </div>  <div>at de ikke&#160;skal jobbe&#160;på&#160;restaurant, </div>  <div>men i&#160;en geisha-klubb. </div>  <div>Sommeren blir annerledes </div>  <div>enn Julie hadde tenkt seg.</div>  <div>&#160;</div>  <div><strong>Nødinngang</strong> har et enkelt språk </div>  <div>og korte kapitler. </div>  <div>Historien er spennende og </div>  <div>karakterene er tydelige. </div>  <div>Innimellom er dialogen på enkel engelsk. </div>  <div>&#160;</div>  <div><strong>Charlotte Glaser Munch</strong> er født i 1972</div>  <div>og har skrevet flere romaner for ungdom. </div>  <div><strong>Nødinngang</strong> er ikke en selvbiografisk bok, </div>  <div>men Charlotte har jobbet på geisha-klubb </div>  <div>i London. </div>  <div>&#160;</div>  <div>&#160;</div>  <div>&#160;</div>  <div>&#160;</div>  <div>&#160;</div>  <div>&#160;</div>  ]]></wp:meta_value>
            </wp:postmeta>
            <wp:postmeta>
                <wp:meta_key>_lsb_review</wp:meta_key>
                <wp:meta_value><![CDATA[lsb_acf_review]]></wp:meta_value>
            </wp:postmeta>
            <wp:postmeta>
                <wp:meta_key>lsb_quote</wp:meta_key>
                <wp:meta_value><![CDATA[Klokken er kvart over to og jeg burde sove. Om tre da-  ger kommer Martin, og jeg er nødt til å snu døgnryt-  men så den stemmer bedre overens med hans. ]]></wp:meta_value>
            </wp:postmeta>
            <wp:postmeta>
                <wp:meta_key>_lsb_quote</wp:meta_key>
                <wp:meta_value><![CDATA[lsb_acf_quote]]></wp:meta_value>
            </wp:postmeta>
            <wp:postmeta>
                <wp:meta_key>lsb_supported</wp:meta_key>
                <wp:meta_value><![CDATA[0]]></wp:meta_value>
            </wp:postmeta>
            <wp:postmeta>
                <wp:meta_key>_lsb_supported</wp:meta_key>
                <wp:meta_value><![CDATA[lsb_acf_supported]]></wp:meta_value>
            </wp:postmeta>
            <category domain="lsb_tax_author" nicename="charlotte-glaser-munch-"><![CDATA[Charlotte Glaser Munch ]]></category>
            <category domain="lsb_tax_publisher" nicename="cappelen-damm"><![CDATA[Cappelen Damm]]></category>
            <wp:postmeta>
                <wp:meta_key>lsb_look_inside</wp:meta_key>
                <wp:meta_value><![CDATA[CUSTOM_BLA_I_BOKA]]></wp:meta_value>
            </wp:postmeta>
            <wp:postmeta>
                <wp:meta_key>_lsb_look_inside</wp:meta_key>
                <wp:meta_value><![CDATA[lsb_acf_look_inside]]></wp:meta_value>
            </wp:postmeta>
            <category domain="lsb_tax_age" nicename="ungdom"><![CDATA[ungdom]]></category>
            <category domain="lsb_tax_genre" nicename="prosa"><![CDATA[prosa]]></category>
            <category domain="lsb_tax_topic" nicename="kjærlighet"><![CDATA[kjærlighet]]></category>
            <category domain="lsb_tax_language" nicename="no_nb"><![CDATA[bokmål]]></category>
            <category domain="lsb_tax_customization" nicename="skjønnlitteratur"><![CDATA[skjønnlitteratur]]></category>
            <wp:postmeta>
                <wp:meta_key>_thumbnail_id</wp:meta_key>
                <wp:meta_value><![CDATA[5571]]></wp:meta_value>
            </wp:postmeta>
        </item>
        <item>
            <title>Nødinngang</title>
            <wp:post_id>5571</wp:post_id>
            <wp:status>inherit</wp:status>
            <wp:post_type>attachment</wp:post_type>
            <wp:attachment_url>https://raw.githubusercontent.com/lesersokerbok/boksok.no-data-utils/master/output-example/images/7265B6818CF44F6B982E7118F0E0277E.jpg</wp:attachment_url>
        </item>
        <item>
            <wp:post_type>lsb_book</wp:post_type>
            <wp:status>publish</wp:status>
            <title>Det fine som flyter forbi </title>
            <excerpt:encoded><![CDATA[14 år gamle Jamie bor i London   - på feil side av elva.   Ingenting skjer her, tenker Jamie,   men det er ikke sant. ]]></excerpt:encoded>
            <wp:postmeta>
                <wp:meta_key>lsb_isbn</wp:meta_key>
                <wp:meta_value><![CDATA[9788251657655]]></wp:meta_value>
            </wp:postmeta>
            <wp:postmeta>
                <wp:meta_key>_lsb_isbn</wp:meta_key>
                <wp:meta_value><![CDATA[lsb_acf_isbn]]></wp:meta_value>
            </wp:postmeta>
            <wp:postmeta>
                <wp:meta_key>lsb_published_year</wp:meta_key>
                <wp:meta_value><![CDATA[2012]]></wp:meta_value>
            </wp:postmeta>
            <wp:postmeta>
                <wp:meta_key>_lsb_published_year</wp:meta_key>
                <wp:meta_value><![CDATA[lsb_acf_published_year]]></wp:meta_value>
            </wp:postmeta>
            <wp:postmeta>
                <wp:meta_key>lsb_pages</wp:meta_key>
                <wp:meta_value><![CDATA[187]]></wp:meta_value>
            </wp:postmeta>
            <wp:postmeta>
                <wp:meta_key>_lsb_pages</wp:meta_key>
                <wp:meta_value><![CDATA[lsb_acf_pages]]></wp:meta_value>
            </wp:postmeta>
            <wp:postmeta>
                <wp:meta_key>lsb_review</wp:meta_key>
                <wp:meta_value><![CDATA[  <div>Sommeren er varm og dirrende. </div>  <div>Moren til Jamie jobber. </div>  <div>Jamie henger rundt, tegner skisser, </div>  <div>prater med naboene.</div>  <div>Sakte, men sikkert blir han kjent med </div>  <div>menneskene han har rundt seg. </div>  <div>Snart står Jamie ovenfor voksne </div>  <div>og dramatiske valg. </div>  <div>&#160;</div>  <div><strong>Det fine som flyter forbi</strong> </div>  <div>er en vakker og sår bok om </div>  <div>et London mange av oss ikke kjenner. </div>  <div>Boka består av mange korte kapitler, og </div>  <div>språket er enkelt med korte setninger. </div>  <div>&#160;</div>  <div><strong>Ida Løkås</strong> (f. 1985) vant </div>  <div>Schibsted Forlags romankonkurranse i 2011. </div>  <div>Resultatet er denne boka. </div>  <div>&#160;</div>  <div>&#160;</div>  ]]></wp:meta_value>
            </wp:postmeta>
            <wp:postmeta>
                <wp:meta_key>_lsb_review</wp:meta_key>
                <wp:meta_value><![CDATA[lsb_acf_review]]></wp:meta_value>
            </wp:postmeta>
            <wp:postmeta>
                <wp:meta_key>lsb_quote</wp:meta_key>
                <wp:meta_value><![CDATA[Det er et portrett. Bare hodet, halsen og litt   av genseren er synlig. Øynene er sperret opp, de   blunker ikke litt engang. Jeg husker pappas øyne,   og det gjør meg trist.   "Jeg blunker i alle fall ikke," sier jeg. "Du var  heldig, siden jeg bare lot deg ta ett bilde."   "Noen ganger trenger du bare ett," svarer Mr.  Allen. ]]></wp:meta_value>
            </wp:postmeta>
            <wp:postmeta>
                <wp:meta_key>_lsb_quote</wp:meta_key>
                <wp:meta_value><![CDATA[lsb_acf_quote]]></wp:meta_value>
            </wp:postmeta>
            <wp:postmeta>
                <wp:meta_key>lsb_supported</wp:meta_key>
                <wp:meta_value><![CDATA[0]]></wp:meta_value>
            </wp:postmeta>
            <wp:postmeta>
                <wp:meta_key>_lsb_supported</wp:meta_key>
                <wp:meta_value><![CDATA[lsb_acf_supported]]></wp:meta_value>
            </wp:postmeta>
            <category domain="lsb_tax_author" nicename="ida-løkås"><![CDATA[Ida Løkås]]></category>
            <category domain="lsb_tax_publisher" nicename="schibsted"><![CDATA[Schibsted]]></category>
            <wp:postmeta>
                <wp:meta_key>lsb_look_inside</wp:meta_key>
                <wp:meta_value><![CDATA[CUSTOM_BLA_I_BOKA]]></wp:meta_value>
            </wp:postmeta>
            <wp:postmeta>
                <wp:meta_key>_lsb_look_inside</wp:meta_key>
                <wp:meta_value><![CDATA[lsb_acf_look_inside]]></wp:meta_value>
            </wp:postmeta>
            <category domain="lsb_tax_age" nicename="voksne"><![CDATA[voksne]]></category>
            <category domain="lsb_tax_genre" nicename="prosa"><![CDATA[prosa]]></category>
            <category domain="lsb_tax_language" nicename="no_nb"><![CDATA[bokmål]]></category>
            <category domain="lsb_tax_customization" nicename="skjønnlitteratur"><![CDATA[skjønnlitteratur]]></category>
            <wp:postmeta>
                <wp:meta_key>_thumbnail_id</wp:meta_key>
                <wp:meta_value><![CDATA[5572]]></wp:meta_value>
            </wp:postmeta>
        </item>
        <item>
            <title>Det fine som flyter forbi</title>
            <wp:post_id>5572</wp:post_id>
            <wp:status>inherit</wp:status>
            <wp:post_type>attachment</wp:post_type>
            <wp:attachment_url>https://raw.githubusercontent.com/lesersokerbok/boksok.no-data-utils/master/output-example/images/B6A65E5D6CAA4E5DBCD0D26FFA78BA05.jpg</wp:attachment_url>
        </item>
        <item>
            <wp:post_type>lsb_book</wp:post_type>
            <wp:status>publish</wp:status>
            <title>Utvalgt</title>
            <excerpt:encoded><![CDATA[I Bibelen finnes sterke historier   om mange ulike mennesker.   I denne boka får du høre noen av dem   på en enkel og annerledes måte. ]]></excerpt:encoded>
            <wp:postmeta>
                <wp:meta_key>lsb_isbn</wp:meta_key>
                <wp:meta_value><![CDATA[9788254312063]]></wp:meta_value>
            </wp:postmeta>
            <wp:postmeta>
                <wp:meta_key>_lsb_isbn</wp:meta_key>
                <wp:meta_value><![CDATA[lsb_acf_isbn]]></wp:meta_value>
            </wp:postmeta>
            <wp:postmeta>
                <wp:meta_key>lsb_published_year</wp:meta_key>
                <wp:meta_value><![CDATA[2012]]></wp:meta_value>
            </wp:postmeta>
            <wp:postmeta>
                <wp:meta_key>_lsb_published_year</wp:meta_key>
                <wp:meta_value><![CDATA[lsb_acf_published_year]]></wp:meta_value>
            </wp:postmeta>
            <wp:postmeta>
                <wp:meta_key>lsb_pages</wp:meta_key>
                <wp:meta_value><![CDATA[94]]></wp:meta_value>
            </wp:postmeta>
            <wp:postmeta>
                <wp:meta_key>_lsb_pages</wp:meta_key>
                <wp:meta_value><![CDATA[lsb_acf_pages]]></wp:meta_value>
            </wp:postmeta>
            <wp:postmeta>
                <wp:meta_key>lsb_review</wp:meta_key>
                <wp:meta_value><![CDATA[  <div><strong>Helga Samset</strong> er forteller. </div>  <div>I denne boka forteller hun </div>  <div>om menneskene i Bibelen. </div>  <div>Vi får høre historiene deres </div>  <div>på en annen måte enn før, </div>  <div>nært, sårt, sterkt og  </div>  <div>tankevekkende. </div>  <div>&#160;</div>  <div><strong>Ellen Lande Gossner</strong></div>  <div>er fotograf og illustratør. </div>  <div>I denne boka viser hun fram </div>  <div>fotografier som speiler</div>  <div>fortellingene på en egen måte. </div>  <div>&#160;</div>  <div>Tekstene finnes også som lyd, </div>  <div>lest inn av <strong>Helga Samset</strong>. </div>  ]]></wp:meta_value>
            </wp:postmeta>
            <wp:postmeta>
                <wp:meta_key>_lsb_review</wp:meta_key>
                <wp:meta_value><![CDATA[lsb_acf_review]]></wp:meta_value>
            </wp:postmeta>
            <wp:postmeta>
                <wp:meta_key>lsb_quote</wp:meta_key>
                <wp:meta_value><![CDATA[En tidlig morgen gikk Jonatan forbi farens kammers.   Da hørte han at David sang der inne. Han stanset. Snart holdt han   pusten, åndeløst lyttende. Det var så vakkert. Hver tone var fylt   av sorg og lengsel. Brått følte Jonatan at han ikke lenger var alene.   "David", hvisket tjenerne. "Gjetergutten, sønn av Isai." ]]></wp:meta_value>
            </wp:postmeta>
            <wp:postmeta>
                <wp:meta_key>_lsb_quote</wp:meta_key>
                <wp:meta_value><![CDATA[lsb_acf_quote]]></wp:meta_value>
            </wp:postmeta>
            <wp:postmeta>
                <wp:meta_key>lsb_supported</wp:meta_key>
                <wp:meta_value><![CDATA[0]]></wp:meta_value>
            </wp:postmeta>
            <wp:postmeta>
                <wp:meta_key>_lsb_supported</wp:meta_key>
                <wp:meta_value><![CDATA[lsb_acf_supported]]></wp:meta_value>
            </wp:postmeta>
            <category domain="lsb_tax_author" nicename="helga-samset"><![CDATA[Helga Samset]]></category>
            <category domain="lsb_tax_publisher" nicename="verbum-"><![CDATA[Verbum ]]></category>
            <category domain="lsb_tax_illustrator" nicename="ellen-lande-gossner"><![CDATA[Ellen Lande Gossner]]></category>
            <wp:postmeta>
                <wp:meta_key>lsb_look_inside</wp:meta_key>
                <wp:meta_value><![CDATA[CUSTOM_BLA_I_BOKA]]></wp:meta_value>
            </wp:postmeta>
            <wp:postmeta>
                <wp:meta_key>_lsb_look_inside</wp:meta_key>
                <wp:meta_value><![CDATA[lsb_acf_look_inside]]></wp:meta_value>
            </wp:postmeta>
            <category domain="lsb_tax_age" nicename="voksne"><![CDATA[voksne]]></category>
            <category domain="lsb_tax_genre" nicename="prosa"><![CDATA[prosa]]></category>
            <category domain="lsb_tax_topic" nicename="historie"><![CDATA[historie]]></category>
            <category domain="lsb_tax_topic" nicename="samfunn"><![CDATA[samfunn]]></category>
            <category domain="lsb_tax_language" nicename="no_nb"><![CDATA[bokmål]]></category>
            <category domain="lsb_tax_customization" nicename="skjønnlitteratur"><![CDATA[skjønnlitteratur]]></category>
            <wp:postmeta>
                <wp:meta_key>_thumbnail_id</wp:meta_key>
                <wp:meta_value><![CDATA[5573]]></wp:meta_value>
            </wp:postmeta>
        </item>
        <item>
            <title>Utvalgt</title>
            <wp:post_id>5573</wp:post_id>
            <wp:status>inherit</wp:status>
            <wp:post_type>attachment</wp:post_type>
            <wp:attachment_url>https://raw.githubusercontent.com/lesersokerbok/boksok.no-data-utils/master/output-example/images/039AA23685F24C769C2C9F0DD0F25B73.jpg</wp:attachment_url>
        </item>
        <item>
            <wp:post_type>lsb_book</wp:post_type>
            <wp:status>publish</wp:status>
            <title>En pingles dagbok</title>
            <excerpt:encoded><![CDATA[Greg er en pingle.   En dag skal han bli berømt,  men inntil da må han gå på skolen   med en rekke duster. ]]></excerpt:encoded>
            <wp:postmeta>
                <wp:meta_key>lsb_isbn</wp:meta_key>
                <wp:meta_value><![CDATA[9788205409934]]></wp:meta_value>
            </wp:postmeta>
            <wp:postmeta>
                <wp:meta_key>_lsb_isbn</wp:meta_key>
                <wp:meta_value><![CDATA[lsb_acf_isbn]]></wp:meta_value>
            </wp:postmeta>
            <wp:postmeta>
                <wp:meta_key>lsb_published_year</wp:meta_key>
                <wp:meta_value><![CDATA[2009]]></wp:meta_value>
            </wp:postmeta>
            <wp:postmeta>
                <wp:meta_key>_lsb_published_year</wp:meta_key>
                <wp:meta_value><![CDATA[lsb_acf_published_year]]></wp:meta_value>
            </wp:postmeta>
            <wp:postmeta>
                <wp:meta_key>lsb_pages</wp:meta_key>
                <wp:meta_value><![CDATA[223]]></wp:meta_value>
            </wp:postmeta>
            <wp:postmeta>
                <wp:meta_key>_lsb_pages</wp:meta_key>
                <wp:meta_value><![CDATA[lsb_acf_pages]]></wp:meta_value>
            </wp:postmeta>
            <wp:postmeta>
                <wp:meta_key>lsb_review</wp:meta_key>
                <wp:meta_value><![CDATA[  <div>Det stinker å være liten. </div>  <div>Ingen vet dette bedre enn </div>  <div>Greg Heffley. </div>  <div>For å holde ut begynner Greg </div>  <div>å skrive ned det som skjer ham. </div>  <div>I tillegg tegner han små bilder</div>  <div>av det som skjer. </div>  <div>Resultatet er en morsom </div>  <div>og spennende bok. &#160;</div>  <div>&#160;</div>  <div>Boka er skrevet for hånd</div>  <div>med en håndskrift som er </div>  <div>lett å lese. Arkene har linjer</div>  <div>slik at det er lettere å finne igjen </div>  <div>neste linje mens du leser. </div>  <div>&#160;</div>  <div>Dette er den første boka </div>  <div>om Greg Heffley. </div>  <div>Senere har det kommer ut flere </div>  <div>dagbøker. </div>  <div>&#160;</div>  <div><strong>Jeff Kinney</strong>&#160;er&#160;spillutvikler </div>  <div>og designer.&#160;</div>  <div>Han bor i Massachusetts, USA </div>  <div>og har blitt verdensberømt </div>  <div>for bøkene om Pinglen Greg.</div>  <div>&#160;</div>  <div>&#160;</div>  <div>&#160;</div>  ]]></wp:meta_value>
            </wp:postmeta>
            <wp:postmeta>
                <wp:meta_key>_lsb_review</wp:meta_key>
                <wp:meta_value><![CDATA[lsb_acf_review]]></wp:meta_value>
            </wp:postmeta>
            <wp:postmeta>
                <wp:meta_key>lsb_quote</wp:meta_key>
                <wp:meta_value><![CDATA[I kveld skrek fattern til meg i omtrent ti minutter,   men så tror jeg han heller ville ligge i sengen   enn å stå der på rommet mitt i bare underbuksa. ]]></wp:meta_value>
            </wp:postmeta>
            <wp:postmeta>
                <wp:meta_key>_lsb_quote</wp:meta_key>
                <wp:meta_value><![CDATA[lsb_acf_quote]]></wp:meta_value>
            </wp:postmeta>
            <wp:postmeta>
                <wp:meta_key>lsb_supported</wp:meta_key>
                <wp:meta_value><![CDATA[0]]></wp:meta_value>
            </wp:postmeta>
            <wp:postmeta>
                <wp:meta_key>_lsb_supported</wp:meta_key>
                <wp:meta_value><![CDATA[lsb_acf_supported]]></wp:meta_value>
            </wp:postmeta>
            <category domain="lsb_tax_author" nicename="jeff-kinney-"><![CDATA[Jeff Kinney ]]></category>
            <category domain="lsb_tax_publisher" nicename="gyldendal-"><![CDATA[Gyldendal ]]></category>
            <category domain="lsb_tax_illustrator" nicename="jeff-kinney-"><![CDATA[Jeff Kinney ]]></category>
            <category domain="lsb_tax_translator" nicename="isak-rogde"><![CDATA[Isak Rogde]]></category>
            <wp:postmeta>
                <wp:meta_key>lsb_look_inside</wp:meta_key>
                <wp:meta_value><![CDATA[CUSTOM_BLA_I_BOKA]]></wp:meta_value>
            </wp:postmeta>
            <wp:postmeta>
                <wp:meta_key>_lsb_look_inside</wp:meta_key>
                <wp:meta_value><![CDATA[lsb_acf_look_inside]]></wp:meta_value>
            </wp:postmeta>
            <category domain="lsb_tax_age" nicename="ungdom"><![CDATA[ungdom]]></category>
            <category domain="lsb_tax_genre" nicename="prosa"><![CDATA[prosa]]></category>
            <category domain="lsb_tax_topic" nicename="humor"><![CDATA[humor]]></category>
            <category domain="lsb_tax_language" nicename="no_nb"><![CDATA[bokmål]]></category>
            <category domain="lsb_tax_customization" nicename="skjønnlitteratur"><![CDATA[skjønnlitteratur]]></category>
            <category domain="lsb_tax_customization" nicename="mange-bilder"><![CDATA[mange bilder]]></category>
            <wp:postmeta>
                <wp:meta_key>_thumbnail_id</wp:meta_key>
                <wp:meta_value><![CDATA[5574]]></wp:meta_value>
            </wp:postmeta>
        </item>
        <item>
            <title>En-pingles-dagbok-1.jpg</title>
            <wp:post_id>5574</wp:post_id>
            <wp:status>inherit</wp:status>
            <wp:post_type>attachment</wp:post_type>
            <wp:attachment_url>https://raw.githubusercontent.com/lesersokerbok/boksok.no-data-utils/master/output-example/images/A168A86453B14E268373E3214BA201DB.jpg</wp:attachment_url>
        </item>
        <item>
            <wp:post_type>lsb_book</wp:post_type>
            <wp:status>publish</wp:status>
            <title>Duste-dagboka</title>
            <excerpt:encoded><![CDATA[Nikki er ikke akkurat   den mest populære jenta på skolen.  I dagboka si skriver hun ned   morsomme og fæle hendelser. ]]></excerpt:encoded>
            <wp:postmeta>
                <wp:meta_key>lsb_isbn</wp:meta_key>
                <wp:meta_value><![CDATA[9788248912606]]></wp:meta_value>
            </wp:postmeta>
            <wp:postmeta>
                <wp:meta_key>_lsb_isbn</wp:meta_key>
                <wp:meta_value><![CDATA[lsb_acf_isbn]]></wp:meta_value>
            </wp:postmeta>
            <wp:postmeta>
                <wp:meta_key>lsb_published_year</wp:meta_key>
                <wp:meta_value><![CDATA[2012]]></wp:meta_value>
            </wp:postmeta>
            <wp:postmeta>
                <wp:meta_key>_lsb_published_year</wp:meta_key>
                <wp:meta_value><![CDATA[lsb_acf_published_year]]></wp:meta_value>
            </wp:postmeta>
            <wp:postmeta>
                <wp:meta_key>lsb_pages</wp:meta_key>
                <wp:meta_value><![CDATA[282]]></wp:meta_value>
            </wp:postmeta>
            <wp:postmeta>
                <wp:meta_key>_lsb_pages</wp:meta_key>
                <wp:meta_value><![CDATA[lsb_acf_pages]]></wp:meta_value>
            </wp:postmeta>
            <wp:postmeta>
                <wp:meta_key>lsb_review</wp:meta_key>
                <wp:meta_value><![CDATA[  <div>Nikki&#160;tegner også. </div>  <div>Dagboka er full av </div>  <div>morsomme tegninger </div>  <div>av det som skjer. </div>  <div>Det er ikke moro å være </div>  <div>upopulær. Heldigvis </div>  <div>går det bedre etterhvert. </div>  <div>&#160;</div>  <div>Dette er den første </div>  <div>boka i serien Duste-dagboka. </div>  <div>&#160;</div>  <div>Rachel Renée Russell </div>  <div>er fra Michigan i USA. </div>  <div>Hun har to døtre </div>  <div>som begge hjelper henne </div>  <div>med <strong>Duste-dagboka</strong>. </div>  <div>&#160;</div>  <div>&#160;</div>  ]]></wp:meta_value>
            </wp:postmeta>
            <wp:postmeta>
                <wp:meta_key>_lsb_review</wp:meta_key>
                <wp:meta_value><![CDATA[lsb_acf_review]]></wp:meta_value>
            </wp:postmeta>
            <wp:postmeta>
                <wp:meta_key>lsb_quote</wp:meta_key>
                <wp:meta_value><![CDATA[Plutselig smalnet blikket til MacKenzie og hun   stirret på meg som om jeg var noe ekkelt som satt   fast under skoen hennes.   "Din IDIOT!" hveste hun. "Hva er det du DRIVER   med?!" ]]></wp:meta_value>
            </wp:postmeta>
            <wp:postmeta>
                <wp:meta_key>_lsb_quote</wp:meta_key>
                <wp:meta_value><![CDATA[lsb_acf_quote]]></wp:meta_value>
            </wp:postmeta>
            <wp:postmeta>
                <wp:meta_key>lsb_supported</wp:meta_key>
                <wp:meta_value><![CDATA[0]]></wp:meta_value>
            </wp:postmeta>
            <wp:postmeta>
                <wp:meta_key>_lsb_supported</wp:meta_key>
                <wp:meta_value><![CDATA[lsb_acf_supported]]></wp:meta_value>
            </wp:postmeta>
            <category domain="lsb_tax_author" nicename="rachel-renée-russell-"><![CDATA[Rachel Renée Russell ]]></category>
            <category domain="lsb_tax_publisher" nicename="kagge-"><![CDATA[Kagge ]]></category>
            <category domain="lsb_tax_illustrator" nicename="rachel-renée-russell"><![CDATA[Rachel Renée Russell]]></category>
            <category domain="lsb_tax_translator" nicename="vera-micaelsen-"><![CDATA[Vera Micaelsen ]]></category>
            <wp:postmeta>
                <wp:meta_key>lsb_look_inside</wp:meta_key>
                <wp:meta_value><![CDATA[CUSTOM_BLA_I_BOKA]]></wp:meta_value>
            </wp:postmeta>
            <wp:postmeta>
                <wp:meta_key>_lsb_look_inside</wp:meta_key>
                <wp:meta_value><![CDATA[lsb_acf_look_inside]]></wp:meta_value>
            </wp:postmeta>
            <category domain="lsb_tax_age" nicename="ungdom"><![CDATA[ungdom]]></category>
            <category domain="lsb_tax_genre" nicename="prosa"><![CDATA[prosa]]></category>
            <category domain="lsb_tax_topic" nicename="humor"><![CDATA[humor]]></category>
            <category domain="lsb_tax_language" nicename="no_nb"><![CDATA[bokmål]]></category>
            <category domain="lsb_tax_customization" nicename="skjønnlitteratur"><![CDATA[skjønnlitteratur]]></category>
            <category domain="lsb_tax_customization" nicename="mange-bilder"><![CDATA[mange bilder]]></category>
            <wp:postmeta>
                <wp:meta_key>_thumbnail_id</wp:meta_key>
                <wp:meta_value><![CDATA[5575]]></wp:meta_value>
            </wp:postmeta>
        </item>
        <item>
            <title>Dustedagboka 1.png</title>
            <wp:post_id>5575</wp:post_id>
            <wp:status>inherit</wp:status>
            <wp:post_type>attachment</wp:post_type>
            <wp:attachment_url>https://raw.githubusercontent.com/lesersokerbok/boksok.no-data-utils/master/output-example/images/D1BE2B89AA75464C90F498EF9F37A530.png</wp:attachment_url>
        </item>
        <item>
            <wp:post_type>lsb_book</wp:post_type>
            <wp:status>publish</wp:status>
            <title>Uka etter</title>
            <excerpt:encoded><![CDATA[22. november 1963 blir   den amerikanske presidenten   John F. Kennedy skutt i Dallas, Texas.   12 år gamle Arne bor i utkanten av Oslo.   Denne boka handler om Arnes liv   i uka etter drapet på USAs president. ]]></excerpt:encoded>
            <wp:postmeta>
                <wp:meta_key>lsb_isbn</wp:meta_key>
                <wp:meta_value><![CDATA[9788202380434]]></wp:meta_value>
            </wp:postmeta>
            <wp:postmeta>
                <wp:meta_key>_lsb_isbn</wp:meta_key>
                <wp:meta_value><![CDATA[lsb_acf_isbn]]></wp:meta_value>
            </wp:postmeta>
            <wp:postmeta>
                <wp:meta_key>lsb_published_year</wp:meta_key>
                <wp:meta_value><![CDATA[2012]]></wp:meta_value>
            </wp:postmeta>
            <wp:postmeta>
                <wp:meta_key>_lsb_published_year</wp:meta_key>
                <wp:meta_value><![CDATA[lsb_acf_published_year]]></wp:meta_value>
            </wp:postmeta>
            <wp:postmeta>
                <wp:meta_key>lsb_pages</wp:meta_key>
                <wp:meta_value><![CDATA[116]]></wp:meta_value>
            </wp:postmeta>
            <wp:postmeta>
                <wp:meta_key>_lsb_pages</wp:meta_key>
                <wp:meta_value><![CDATA[lsb_acf_pages]]></wp:meta_value>
            </wp:postmeta>
            <wp:postmeta>
                <wp:meta_key>lsb_review</wp:meta_key>
                <wp:meta_value><![CDATA[  <div>Arne bor sammen med mor og far </div>  <div>i en blokkleilighet. </div>  <div>Han hører og ser de voksnes reaksjoner. </div>  <div>Samtidig er Arne opptatt med sitt. </div>  <div>Med skolen, snøen, kameraten Kjell, </div>  <div>og jenter. Arne lurer: Hva er det riktig</div>  <div>å føle? Er det greit å ha det gøy? </div>  <div>Kan han være opptatt av jenter, </div>  <div>selv om hele verden sørger? </div>  <div>&#160;</div>  <div><strong>Uka etter</strong> er en roman for alle aldre. </div>  <div>Språket er vart og enkelt. </div>  <div>Voksne kan kjenne seg igjen </div>  <div>i hvordan det var å være </div>  <div>et barn på vei til å bli voksen. </div>  <div>&#160;</div>  <div><strong>Stein Erik Lunde</strong> er født i 1953 </div>  <div>og bor på Nøtterøy. </div>  <div>Han har gitt ut flere bøker </div>  <div>både til barn og voksne. </div>  <div>&#160;</div>  ]]></wp:meta_value>
            </wp:postmeta>
            <wp:postmeta>
                <wp:meta_key>_lsb_review</wp:meta_key>
                <wp:meta_value><![CDATA[lsb_acf_review]]></wp:meta_value>
            </wp:postmeta>
            <wp:postmeta>
                <wp:meta_key>lsb_quote</wp:meta_key>
                <wp:meta_value><![CDATA[- Og du kommer ikke til å stjele igjen?   - Nei.   - Fint.   - Helt sikkert ikke, sa Arne.   Så ble det ikke sagt mer. Det var som om far  lot det bli en pause slik at det som Arne hadde  lovt, skulle bli sant. Men så sa han plutselig:   - Synes du det er]]></wp:meta_value>
            </wp:postmeta>
            <wp:postmeta>
                <wp:meta_key>_lsb_quote</wp:meta_key>
                <wp:meta_value><![CDATA[lsb_acf_quote]]></wp:meta_value>
            </wp:postmeta>
            <wp:postmeta>
                <wp:meta_key>lsb_supported</wp:meta_key>
                <wp:meta_value><![CDATA[0]]></wp:meta_value>
            </wp:postmeta>
            <wp:postmeta>
                <wp:meta_key>_lsb_supported</wp:meta_key>
                <wp:meta_value><![CDATA[lsb_acf_supported]]></wp:meta_value>
            </wp:postmeta>
            <category domain="lsb_tax_author" nicename="stein-erik-lunde"><![CDATA[Stein Erik Lunde]]></category>
            <category domain="lsb_tax_publisher" nicename="cappelen-damm"><![CDATA[Cappelen Damm]]></category>
            <wp:postmeta>
                <wp:meta_key>lsb_look_inside</wp:meta_key>
                <wp:meta_value><![CDATA[CUSTOM_BLA_I_BOKA]]></wp:meta_value>
            </wp:postmeta>
            <wp:postmeta>
                <wp:meta_key>_lsb_look_inside</wp:meta_key>
                <wp:meta_value><![CDATA[lsb_acf_look_inside]]></wp:meta_value>
            </wp:postmeta>
            <category domain="lsb_tax_age" nicename="voksne"><![CDATA[voksne]]></category>
            <category domain="lsb_tax_genre" nicename="prosa"><![CDATA[prosa]]></category>
            <category domain="lsb_tax_topic" nicename="historie"><![CDATA[historie]]></category>
            <category domain="lsb_tax_topic" nicename="samfunn"><![CDATA[samfunn]]></category>
            <category domain="lsb_tax_language" nicename="no_nb"><![CDATA[bokmål]]></category>
            <category domain="lsb_tax_customization" nicename="skjønnlitteratur"><![CDATA[skjønnlitteratur]]></category>
            <wp:postmeta>
                <wp:meta_key>_thumbnail_id</wp:meta_key>
                <wp:meta_value><![CDATA[5576]]></wp:meta_value>
            </wp:postmeta>
        </item>
        <item>
            <title>UkaEtter.jpg</title>
            <wp:post_id>5576</wp:post_id>
            <wp:status>inherit</wp:status>
            <wp:post_type>attachment</wp:post_type>
            <wp:attachment_url>https://raw.githubusercontent.com/lesersokerbok/boksok.no-data-utils/master/output-example/images/3784B02BB0DE429D9F713795EF4F62A7.jpg</wp:attachment_url>
        </item>
        <item>
            <wp:post_type>lsb_book</wp:post_type>
            <wp:status>publish</wp:status>
            <title>Neste gang blir alt riktig </title>
            <excerpt:encoded><![CDATA[Marit vokser opp på bygda.   Nå er Marit voksen   og har flyttet til byen.   Men barndommen og bygda   slipper ikke helt tak. ]]></excerpt:encoded>
            <wp:postmeta>
                <wp:meta_key>lsb_isbn</wp:meta_key>
                <wp:meta_value><![CDATA[9788292226438]]></wp:meta_value>
            </wp:postmeta>
            <wp:postmeta>
                <wp:meta_key>_lsb_isbn</wp:meta_key>
                <wp:meta_value><![CDATA[lsb_acf_isbn]]></wp:meta_value>
            </wp:postmeta>
            <wp:postmeta>
                <wp:meta_key>lsb_published_year</wp:meta_key>
                <wp:meta_value><![CDATA[2012]]></wp:meta_value>
            </wp:postmeta>
            <wp:postmeta>
                <wp:meta_key>_lsb_published_year</wp:meta_key>
                <wp:meta_value><![CDATA[lsb_acf_published_year]]></wp:meta_value>
            </wp:postmeta>
            <wp:postmeta>
                <wp:meta_key>lsb_pages</wp:meta_key>
                <wp:meta_value><![CDATA[101]]></wp:meta_value>
            </wp:postmeta>
            <wp:postmeta>
                <wp:meta_key>_lsb_pages</wp:meta_key>
                <wp:meta_value><![CDATA[lsb_acf_pages]]></wp:meta_value>
            </wp:postmeta>
            <wp:postmeta>
                <wp:meta_key>lsb_review</wp:meta_key>
                <wp:meta_value><![CDATA[  <div><strong>Neste gang blir alt riktig</strong> </div>  <div>er en tegnet roman. </div>  <div>Den berører vanskelige </div>  <div>temaer som tilhørighet, </div>  <div>familie og kjærlighet </div>  <div>på en enkel og varm måte. </div>  <div>&#160;</div>  <div>Tegningene er visuelle </div>  <div>og tydelige, og skriften </div>  <div>i snakkeboblene er tydelig&#160;&#160;</div>  <div>og lett å lese. </div>  <div>&#160;</div>  <div>Lene Ask er født i 1974. </div>  <div>Hun er fotograf og illustratør</div>  <div>og har gitt ut både </div>  <div>tegneserier og barnebøker. </div>  <div>Hun vant Kulturdepartementets&#160;</div>  <div>Tegneseriepris 2012 for </div>  <div><strong>Neste gang blir alt riktig</strong>. </div>  <div>&#160;</div>  <div>&#160;</div>  <div>  <div dir="ltr" id="mw-content-text" lang="nb" class="mw-content-ltr">  <p>&#160;</p></div></div>  ]]></wp:meta_value>
            </wp:postmeta>
            <wp:postmeta>
                <wp:meta_key>_lsb_review</wp:meta_key>
                <wp:meta_value><![CDATA[lsb_acf_review]]></wp:meta_value>
            </wp:postmeta>
            <wp:postmeta>
                <wp:meta_key>lsb_quote</wp:meta_key>
                <wp:meta_value><![CDATA[- Jeg skal iallefall   ikke sitte i himlen   sammen med mor. Da  velger jeg heller   evige pinsler sam-  men med deg.   - Er det så galt?   - Jeg hater henne.   Eller ...   Jo, jeg gjør   faktisk det.   - Men ... har   hun gjort   deg noe?   - Nei, hun ha]]></wp:meta_value>
            </wp:postmeta>
            <wp:postmeta>
                <wp:meta_key>_lsb_quote</wp:meta_key>
                <wp:meta_value><![CDATA[lsb_acf_quote]]></wp:meta_value>
            </wp:postmeta>
            <wp:postmeta>
                <wp:meta_key>lsb_supported</wp:meta_key>
                <wp:meta_value><![CDATA[0]]></wp:meta_value>
            </wp:postmeta>
            <wp:postmeta>
                <wp:meta_key>_lsb_supported</wp:meta_key>
                <wp:meta_value><![CDATA[lsb_acf_supported]]></wp:meta_value>
            </wp:postmeta>
            <category domain="lsb_tax_author" nicename="lene-ask"><![CDATA[Lene Ask]]></category>
            <category domain="lsb_tax_publisher" nicename="jippi"><![CDATA[Jippi]]></category>
            <category domain="lsb_tax_illustrator" nicename="lene-ask-"><![CDATA[Lene Ask ]]></category>
            <wp:postmeta>
                <wp:meta_key>lsb_look_inside</wp:meta_key>
                <wp:meta_value><![CDATA[CUSTOM_BLA_I_BOKA]]></wp:meta_value>
            </wp:postmeta>
            <wp:postmeta>
                <wp:meta_key>_lsb_look_inside</wp:meta_key>
                <wp:meta_value><![CDATA[lsb_acf_look_inside]]></wp:meta_value>
            </wp:postmeta>
            <category domain="lsb_tax_age" nicename="voksne"><![CDATA[voksne]]></category>
            <category domain="lsb_tax_genre" nicename="prosa"><![CDATA[prosa]]></category>
            <category domain="lsb_tax_language" nicename="no_nb"><![CDATA[bokmål]]></category>
            <category domain="lsb_tax_customization" nicename="skjønnlitteratur"><![CDATA[skjønnlitteratur]]></category>
            <category domain="lsb_tax_customization" nicename="bilder"><![CDATA[bilder]]></category>
            <category domain="lsb_tax_customization" nicename="mange-bilder"><![CDATA[mange bilder]]></category>
            <wp:postmeta>
                <wp:meta_key>_thumbnail_id</wp:meta_key>
                <wp:meta_value><![CDATA[5577]]></wp:meta_value>
            </wp:postmeta>
        </item>
        <item>
            <title>neste gang blir alt riktig.jpg</title>
            <wp:post_id>5577</wp:post_id>
            <wp:status>inherit</wp:status>
            <wp:post_type>attachment</wp:post_type>
            <wp:attachment_url>https://raw.githubusercontent.com/lesersokerbok/boksok.no-data-utils/master/output-example/images/42F72084AA154784AD8DB8DD1802F2EC.jpg</wp:attachment_url>
        </item>
        <item>
            <wp:post_type>lsb_book</wp:post_type>
            <wp:status>publish</wp:status>
            <title>Iskremfabrikken</title>
            <excerpt:encoded><![CDATA[Brødrene Jan og Eyvind Hellstrøm vokste opp  på iskremfabrikken Frisk-O-Go i Moss.  Der fikk de lidenskap for iskrem.]]></excerpt:encoded>
            <wp:postmeta>
                <wp:meta_key>lsb_isbn</wp:meta_key>
                <wp:meta_value><![CDATA[9788203239007]]></wp:meta_value>
            </wp:postmeta>
            <wp:postmeta>
                <wp:meta_key>_lsb_isbn</wp:meta_key>
                <wp:meta_value><![CDATA[lsb_acf_isbn]]></wp:meta_value>
            </wp:postmeta>
            <wp:postmeta>
                <wp:meta_key>lsb_published_year</wp:meta_key>
                <wp:meta_value><![CDATA[2011]]></wp:meta_value>
            </wp:postmeta>
            <wp:postmeta>
                <wp:meta_key>_lsb_published_year</wp:meta_key>
                <wp:meta_value><![CDATA[lsb_acf_published_year]]></wp:meta_value>
            </wp:postmeta>
            <wp:postmeta>
                <wp:meta_key>lsb_pages</wp:meta_key>
                <wp:meta_value><![CDATA[241]]></wp:meta_value>
            </wp:postmeta>
            <wp:postmeta>
                <wp:meta_key>_lsb_pages</wp:meta_key>
                <wp:meta_value><![CDATA[lsb_acf_pages]]></wp:meta_value>
            </wp:postmeta>
            <wp:postmeta>
                <wp:meta_key>lsb_review</wp:meta_key>
                <wp:meta_value><![CDATA[  <div>Dette er en kokebok for andre som liker is,</div>  <div>og som vil lage sin egen.</div>  <div>Lær å lage iskrem fra bunnen av,</div>  <div>med naturlige råvarer.</div>  <div>Dette er en lekker bok, på alle måter.</div>  <div>Her er en innføring i teknikk og ingredienser,</div>  <div>godt forklart med bilder.&#160;</div>  <div>&#160;</div>  <div>Oppskriftene er enkle å følge</div>  <div>og oppsettet er rent og tydelig.</div>  <div>Boka har mange inspirerende bilder,</div>  <div>og lite tekst, men av og til noen avanserte ord.</div>  <div>&#160;</div>  <div>Eyvind Hellstrøm er nok Norges best kjente kokk,</div>  <div>kjent fra TV og egne kokebøker. </div>  <div>Broren Jan Hellstrøm er utdannet på BI, </div>  <div>og har mat som sin store hobby.&#160;</div>  ]]></wp:meta_value>
            </wp:postmeta>
            <wp:postmeta>
                <wp:meta_key>_lsb_review</wp:meta_key>
                <wp:meta_value><![CDATA[lsb_acf_review]]></wp:meta_value>
            </wp:postmeta>
            <wp:postmeta>
                <wp:meta_key>lsb_quote</wp:meta_key>
                <wp:meta_value><![CDATA[Vi hadde alltid dårlig tid om sommeren. Friluftslivet begrenset seg til raske båtturer fra båthavna i Fiske til nærmeste holme utenfor Moss, Revlingen. Det gjaldt å få mest mulig sol på kroppen i løpet av turen. Solkrem var for pyser. Vi ble aldri brune, men vi flassa mye. Vi forble magre, bleike og frosne. Vi hadde aldri tid til å dra på båttur når varmen forbarmet seg over Værlebukta. Det ble ofte litt hustrige turer mellom slagene.       Det var vår jobb å produsere iskrembasisen, den såkalte satsen. Deretter overlot vi fyllingen av iskrem som skulle bli til kroneis og pinneis, til damene.  ]]></wp:meta_value>
            </wp:postmeta>
            <wp:postmeta>
                <wp:meta_key>_lsb_quote</wp:meta_key>
                <wp:meta_value><![CDATA[lsb_acf_quote]]></wp:meta_value>
            </wp:postmeta>
            <wp:postmeta>
                <wp:meta_key>lsb_supported</wp:meta_key>
                <wp:meta_value><![CDATA[0]]></wp:meta_value>
            </wp:postmeta>
            <wp:postmeta>
                <wp:meta_key>_lsb_supported</wp:meta_key>
                <wp:meta_value><![CDATA[lsb_acf_supported]]></wp:meta_value>
            </wp:postmeta>
            <category domain="lsb_tax_author" nicename="jan-og-eyvind-hellstrøm"><![CDATA[Jan og Eyvind Hellstrøm]]></category>
            <category domain="lsb_tax_publisher" nicename="aschehoug"><![CDATA[Aschehoug]]></category>
            <category domain="lsb_tax_illustrator" nicename="paul-paiewonsky"><![CDATA[Paul Paiewonsky]]></category>
            <wp:postmeta>
                <wp:meta_key>lsb_look_inside</wp:meta_key>
                <wp:meta_value><![CDATA[CUSTOM_BLA_I_BOKA]]></wp:meta_value>
            </wp:postmeta>
            <wp:postmeta>
                <wp:meta_key>_lsb_look_inside</wp:meta_key>
                <wp:meta_value><![CDATA[lsb_acf_look_inside]]></wp:meta_value>
            </wp:postmeta>
            <category domain="lsb_tax_age" nicename="voksne"><![CDATA[voksne]]></category>
            <category domain="lsb_tax_genre" nicename="faglitteratur"><![CDATA[faglitteratur]]></category>
            <category domain="lsb_tax_topic" nicename="mat"><![CDATA[mat]]></category>
            <category domain="lsb_tax_topic" nicename="helse"><![CDATA[helse]]></category>
            <category domain="lsb_tax_language" nicename="no_nb"><![CDATA[bokmål]]></category>
            <category domain="lsb_tax_customization" nicename="faglitteratur"><![CDATA[faglitteratur]]></category>
            <category domain="lsb_tax_customization" nicename="mange-bilder"><![CDATA[mange bilder]]></category>
            <wp:postmeta>
                <wp:meta_key>_thumbnail_id</wp:meta_key>
                <wp:meta_value><![CDATA[5578]]></wp:meta_value>
            </wp:postmeta>
        </item>
        <item>
            <title>iskremfabrikken.jpg</title>
            <wp:post_id>5578</wp:post_id>
            <wp:status>inherit</wp:status>
            <wp:post_type>attachment</wp:post_type>
            <wp:attachment_url>https://raw.githubusercontent.com/lesersokerbok/boksok.no-data-utils/master/output-example/images/6AB439A1A1EF48068CE0C293A9FFDBBD.jpg</wp:attachment_url>
        </item>
        <item>
            <wp:post_type>lsb_book</wp:post_type>
            <wp:status>publish</wp:status>
            <title>FAST JOBB ABC</title>
            <excerpt:encoded><![CDATA[Mange av de som ikke har fast jobb har krav på det.  Denne boka forteller hvordan du kan gå frem   for å få fast jobb.  Her kan du også lese hva loven sier og hva de politiske partiene mener. ]]></excerpt:encoded>
            <wp:postmeta>
                <wp:meta_key>lsb_isbn</wp:meta_key>
                <wp:meta_value><![CDATA[9788292866498]]></wp:meta_value>
            </wp:postmeta>
            <wp:postmeta>
                <wp:meta_key>_lsb_isbn</wp:meta_key>
                <wp:meta_value><![CDATA[lsb_acf_isbn]]></wp:meta_value>
            </wp:postmeta>
            <wp:postmeta>
                <wp:meta_key>lsb_published_year</wp:meta_key>
                <wp:meta_value/>
            </wp:postmeta>
            <wp:postmeta>
                <wp:meta_key>_lsb_published_year</wp:meta_key>
                <wp:meta_value><![CDATA[lsb_acf_published_year]]></wp:meta_value>
            </wp:postmeta>
            <wp:postmeta>
                <wp:meta_key>lsb_pages</wp:meta_key>
                <wp:meta_value><![CDATA[31]]></wp:meta_value>
            </wp:postmeta>
            <wp:postmeta>
                <wp:meta_key>_lsb_pages</wp:meta_key>
                <wp:meta_value><![CDATA[lsb_acf_pages]]></wp:meta_value>
            </wp:postmeta>
            <wp:postmeta>
                <wp:meta_key>lsb_review</wp:meta_key>
                <wp:meta_value><![CDATA[  <div>Sairung Enerud jobbet i flere år som renholder </div>  <div>på ulovlige midlertidige kontrakter.&#160;</div>  <div>Hun tok opp kampen mot arbeidsgiver og vant. </div>  <div>I dag jobber hun 100% i fast stilling.</div>  <div>Les om hennes og mange andres historie </div>  <div>i denne lille, men viktige boka.&#160; </div>  <div>&#160;</div>  <div><strong>Fast jobb ABC</strong> er kort, </div>  <div>men forteller mye på få sider.</div>  <div>&#160;</div>  <div>  <div>Manifest er et forlag som hører til </div>  <div>på venstresida i norsk politikk. </div>  <div>De vil utgi tekster som er viktige for samfunnet.&#160;</div>  <div>De tror på bøker som vil noe. </div>  <div>Derfor lager de bøker til folkelig opplysning.</div></div>  ]]></wp:meta_value>
            </wp:postmeta>
            <wp:postmeta>
                <wp:meta_key>_lsb_review</wp:meta_key>
                <wp:meta_value><![CDATA[lsb_acf_review]]></wp:meta_value>
            </wp:postmeta>
            <wp:postmeta>
                <wp:meta_key>lsb_quote</wp:meta_key>
                <wp:meta_value><![CDATA[- Jeg ble syk en dag på jobben,   og måtte gå hjem. Sjefen min sa at   jeg bare fikk betalt for de timene   jeg jobbet. Men jeg snakket med   fagforeninga, som sa jeg at jeg hadde   rett på sykepenger. Slike ting er   det ikke tvil om når du har fast jobb]]></wp:meta_value>
            </wp:postmeta>
            <wp:postmeta>
                <wp:meta_key>_lsb_quote</wp:meta_key>
                <wp:meta_value><![CDATA[lsb_acf_quote]]></wp:meta_value>
            </wp:postmeta>
            <wp:postmeta>
                <wp:meta_key>lsb_supported</wp:meta_key>
                <wp:meta_value><![CDATA[0]]></wp:meta_value>
            </wp:postmeta>
            <wp:postmeta>
                <wp:meta_key>_lsb_supported</wp:meta_key>
                <wp:meta_value><![CDATA[lsb_acf_supported]]></wp:meta_value>
            </wp:postmeta>
            <category domain="lsb_tax_author" nicename="lene-svenning"><![CDATA[Lene Svenning]]></category>
            <category domain="lsb_tax_publisher" nicename="manifest"><![CDATA[Manifest]]></category>
            <wp:postmeta>
                <wp:meta_key>lsb_look_inside</wp:meta_key>
                <wp:meta_value><![CDATA[CUSTOM_BLA_I_BOKA]]></wp:meta_value>
            </wp:postmeta>
            <wp:postmeta>
                <wp:meta_key>_lsb_look_inside</wp:meta_key>
                <wp:meta_value><![CDATA[lsb_acf_look_inside]]></wp:meta_value>
            </wp:postmeta>
            <category domain="lsb_tax_age" nicename="voksne"><![CDATA[voksne]]></category>
            <category domain="lsb_tax_genre" nicename="faglitteratur"><![CDATA[faglitteratur]]></category>
            <category domain="lsb_tax_topic" nicename="historie"><![CDATA[historie]]></category>
            <category domain="lsb_tax_topic" nicename="samfunn"><![CDATA[samfunn]]></category>
            <category domain="lsb_tax_language" nicename="no_nb"><![CDATA[bokmål]]></category>
            <category domain="lsb_tax_customization" nicename="faglitteratur"><![CDATA[faglitteratur]]></category>
            <category domain="lsb_tax_customization" nicename="ny-i-norge"><![CDATA[ny i norge]]></category>
            <wp:postmeta>
                <wp:meta_key>_thumbnail_id</wp:meta_key>
                <wp:meta_value><![CDATA[5579]]></wp:meta_value>
            </wp:postmeta>
        </item>
        <item>
            <title>FastjobbABC_forside_liten.jpg</title>
            <wp:post_id>5579</wp:post_id>
            <wp:status>inherit</wp:status>
            <wp:post_type>attachment</wp:post_type>
            <wp:attachment_url>https://raw.githubusercontent.com/lesersokerbok/boksok.no-data-utils/master/output-example/images/DDA96A65E7214049BA11AA417A712CB6.jpg</wp:attachment_url>
        </item>
        <item>
            <wp:post_type>lsb_book</wp:post_type>
            <wp:status>publish</wp:status>
            <title>SY OM MED JENNY SKAVLAN</title>
            <excerpt:encoded><![CDATA[Visste du at klesskapet ditt og loftet til bestemor er skattekamre?  I denne boka får du enkle og praktiske tips   til hvordan gamle klær kan bli nye og trendy. ]]></excerpt:encoded>
            <wp:postmeta>
                <wp:meta_key>lsb_isbn</wp:meta_key>
                <wp:meta_value><![CDATA[9788203390715]]></wp:meta_value>
            </wp:postmeta>
            <wp:postmeta>
                <wp:meta_key>_lsb_isbn</wp:meta_key>
                <wp:meta_value><![CDATA[lsb_acf_isbn]]></wp:meta_value>
            </wp:postmeta>
            <wp:postmeta>
                <wp:meta_key>lsb_published_year</wp:meta_key>
                <wp:meta_value><![CDATA[2013]]></wp:meta_value>
            </wp:postmeta>
            <wp:postmeta>
                <wp:meta_key>_lsb_published_year</wp:meta_key>
                <wp:meta_value><![CDATA[lsb_acf_published_year]]></wp:meta_value>
            </wp:postmeta>
            <wp:postmeta>
                <wp:meta_key>lsb_pages</wp:meta_key>
                <wp:meta_value/>
            </wp:postmeta>
            <wp:postmeta>
                <wp:meta_key>_lsb_pages</wp:meta_key>
                <wp:meta_value><![CDATA[lsb_acf_pages]]></wp:meta_value>
            </wp:postmeta>
            <wp:postmeta>
                <wp:meta_key>lsb_review</wp:meta_key>
                <wp:meta_value><![CDATA[  <div>Men noen perler og nål og tråd </div>  <div>kan den gamle kjolen bli til et frekt skjørt.</div>  <div>I denne boka får du tipsene </div>  <div>til hvordan du raskt og enkelt kan fornye garderoben.</div>  <div>&#160;</div>  <div>I kapitlene skjorten, shortsen, skjørtet, </div>  <div>underkjoler og korsett og gammelt nytt får du </div>  <div>enkle og praktiske tips. </div>  <div>&#160;</div>  <div>Bildene og teksten sammen gjør det lett </div>  <div>å forstå hvordan du går frem.&#160;</div>  <div>Noen steder i boka er det dårlig kontrast</div>  <div>mellom tekst og bakgrunn, men teksten er lett å lese.&#160; </div>  <div>&#160;</div>  <div>Jenny Skavlan er kanskje mest kjent som skuespiller. </div>  <div>Dette er hennes første bok, men mote er noe hun kan.<br />  Hun har studert mote og design </div>  <div>og hun har vokst opp med en mor lagde kostymer.&#160;</div>  <div>  Med denne bakgrunnen har Jenny </div>  <div>et stort engasjement for gjenbruk og klær. &#160;&#160;</div>  ]]></wp:meta_value>
            </wp:postmeta>
            <wp:postmeta>
                <wp:meta_key>_lsb_review</wp:meta_key>
                <wp:meta_value><![CDATA[lsb_acf_review]]></wp:meta_value>
            </wp:postmeta>
            <wp:postmeta>
                <wp:meta_key>lsb_quote</wp:meta_key>
                <wp:meta_value><![CDATA[Slik gjør du:    1.   Lag en knute på enden av tråden.    2.  Stikk nålen gjennom stoffet, opp fra undersiden.    3.   Tre på perlen og stikk nålen ned gjennom stoffet, opp igjen og tre på en ny perle.    4.   Fortesett slik til du har brodert på de perlene du ønsker.     5.  Husk å feste tråden skikkelig så den ikke løsner og perlene faller av. ]]></wp:meta_value>
            </wp:postmeta>
            <wp:postmeta>
                <wp:meta_key>_lsb_quote</wp:meta_key>
                <wp:meta_value><![CDATA[lsb_acf_quote]]></wp:meta_value>
            </wp:postmeta>
            <wp:postmeta>
                <wp:meta_key>lsb_supported</wp:meta_key>
                <wp:meta_value><![CDATA[0]]></wp:meta_value>
            </wp:postmeta>
            <wp:postmeta>
                <wp:meta_key>_lsb_supported</wp:meta_key>
                <wp:meta_value><![CDATA[lsb_acf_supported]]></wp:meta_value>
            </wp:postmeta>
            <category domain="lsb_tax_author" nicename="jenny-skavlan-og-tone-skårdal-tobiasson"><![CDATA[Jenny Skavlan og Tone Skårdal Tobiasson]]></category>
            <category domain="lsb_tax_publisher" nicename="aschehoug"><![CDATA[Aschehoug]]></category>
            <category domain="lsb_tax_illustrator" nicename="jenny-skavlan-og-solveig-selj-(foto)"><![CDATA[Jenny Skavlan og Solveig Selj (foto)]]></category>
            <wp:postmeta>
                <wp:meta_key>lsb_look_inside</wp:meta_key>
                <wp:meta_value><![CDATA[CUSTOM_BLA_I_BOKA]]></wp:meta_value>
            </wp:postmeta>
            <wp:postmeta>
                <wp:meta_key>_lsb_look_inside</wp:meta_key>
                <wp:meta_value><![CDATA[lsb_acf_look_inside]]></wp:meta_value>
            </wp:postmeta>
            <category domain="lsb_tax_age" nicename="ungdom"><![CDATA[ungdom]]></category>
            <category domain="lsb_tax_age" nicename="voksne"><![CDATA[voksne]]></category>
            <category domain="lsb_tax_genre" nicename="faglitteratur"><![CDATA[faglitteratur]]></category>
            <category domain="lsb_tax_topic" nicename="annet"><![CDATA[annet]]></category>
            <category domain="lsb_tax_language" nicename="no_nb"><![CDATA[bokmål]]></category>
            <category domain="lsb_tax_customization" nicename="faglitteratur"><![CDATA[faglitteratur]]></category>
            <category domain="lsb_tax_customization" nicename="mange-bilder"><![CDATA[mange bilder]]></category>
            <wp:postmeta>
                <wp:meta_key>_thumbnail_id</wp:meta_key>
                <wp:meta_value><![CDATA[5580]]></wp:meta_value>
            </wp:postmeta>
        </item>
        <item>
            <title>sy-om-med-jenny-skavlan.jpg</title>
            <wp:post_id>5580</wp:post_id>
            <wp:status>inherit</wp:status>
            <wp:post_type>attachment</wp:post_type>
            <wp:attachment_url>https://raw.githubusercontent.com/lesersokerbok/boksok.no-data-utils/master/output-example/images/41B69D059DD84481830ED014A3BA83E1.jpg</wp:attachment_url>
        </item>
        <item>
            <wp:post_type>lsb_book</wp:post_type>
            <wp:status>publish</wp:status>
            <title>Elefanten i rommet</title>
            <excerpt:encoded><![CDATA[Intens bok om det å være alene  om noe som føles for stort.]]></excerpt:encoded>
            <wp:postmeta>
                <wp:meta_key>lsb_isbn</wp:meta_key>
                <wp:meta_value><![CDATA[9788253036151]]></wp:meta_value>
            </wp:postmeta>
            <wp:postmeta>
                <wp:meta_key>_lsb_isbn</wp:meta_key>
                <wp:meta_value><![CDATA[lsb_acf_isbn]]></wp:meta_value>
            </wp:postmeta>
            <wp:postmeta>
                <wp:meta_key>lsb_published_year</wp:meta_key>
                <wp:meta_value><![CDATA[2013]]></wp:meta_value>
            </wp:postmeta>
            <wp:postmeta>
                <wp:meta_key>_lsb_published_year</wp:meta_key>
                <wp:meta_value><![CDATA[lsb_acf_published_year]]></wp:meta_value>
            </wp:postmeta>
            <wp:postmeta>
                <wp:meta_key>lsb_pages</wp:meta_key>
                <wp:meta_value><![CDATA[96]]></wp:meta_value>
            </wp:postmeta>
            <wp:postmeta>
                <wp:meta_key>_lsb_pages</wp:meta_key>
                <wp:meta_value><![CDATA[lsb_acf_pages]]></wp:meta_value>
            </wp:postmeta>
            <wp:postmeta>
                <wp:meta_key>lsb_review</wp:meta_key>
                <wp:meta_value><![CDATA[  <div>Kaia er 14 år og skammer seg.</div>  <div>Hun skammer seg over seg selv.</div>  <div>Hun skammer seg over familien.</div>  <div>De er ikke som alle andre. </div>  <div>De er annerledes.</div>  <div>Men det er hemmelig,</div>  <div>det går det ikke an å snakke om.</div>  <div>&#160;</div>  <div>En dag kommer Isabell </div>  <div>inn i livet til Kaia.&#160;</div>  <div>Hadde ikke Isabell vært der,</div>  <div>hadde Kaia vært helt alene.</div>  <div>Kanskje hadde det vært lettere?</div>  <div>&#160;</div>  <div><strong>Elefanten i rommet</strong> handler om vennskap,</div>  <div>ensomhet og foreldre som drikker.</div>  <div>Teksten er svært enkel,</div>  <div>men effektiv og nyansert.</div>  <div>&#160;</div>  <div><strong>Kari Saanum</strong> er født i 1959.</div>  <div>Hun skriver bøker og teater,</div>  <div>og reiser med Den kulturelle skolesekken.&#160;</div>  ]]></wp:meta_value>
            </wp:postmeta>
            <wp:postmeta>
                <wp:meta_key>_lsb_review</wp:meta_key>
                <wp:meta_value><![CDATA[lsb_acf_review]]></wp:meta_value>
            </wp:postmeta>
            <wp:postmeta>
                <wp:meta_key>lsb_quote</wp:meta_key>
                <wp:meta_value><![CDATA[Sånn ble Kaia kjent med Isabell:    En dag kom hun bare bort og spurte  om Kaia ville bli med henne hjem.  Uten at hun kjente Kaia.  Det hadde aldri Kaia turt.  Å spørre en hun ikke kjente.    Men sånn er Isabell.  Hun bare spør  hvem som helst   om hva som helst.  Isabell tør alt.  Hun er ikke redd for noen  eller noe,  virker det som.]]></wp:meta_value>
            </wp:postmeta>
            <wp:postmeta>
                <wp:meta_key>_lsb_quote</wp:meta_key>
                <wp:meta_value><![CDATA[lsb_acf_quote]]></wp:meta_value>
            </wp:postmeta>
            <wp:postmeta>
                <wp:meta_key>lsb_supported</wp:meta_key>
                <wp:meta_value><![CDATA[1]]></wp:meta_value>
            </wp:postmeta>
            <wp:postmeta>
                <wp:meta_key>_lsb_supported</wp:meta_key>
                <wp:meta_value><![CDATA[lsb_acf_supported]]></wp:meta_value>
            </wp:postmeta>
            <wp:postmeta>
                <wp:meta_key>lsb_support_cat</wp:meta_key>
                <wp:meta_value><![CDATA[purple]]></wp:meta_value>
            </wp:postmeta>
            <wp:postmeta>
                <wp:meta_key>_lsb_support_cat</wp:meta_key>
                <wp:meta_value><![CDATA[lsb_acf_support_cat]]></wp:meta_value>
            </wp:postmeta>
            <category domain="lsb_tax_author" nicename="kari-saanum"><![CDATA[Kari Saanum]]></category>
            <category domain="lsb_tax_publisher" nicename="omnipax"><![CDATA[Omnipax]]></category>
            <wp:postmeta>
                <wp:meta_key>lsb_look_inside</wp:meta_key>
                <wp:meta_value><![CDATA[CUSTOM_BLA_I_BOKA]]></wp:meta_value>
            </wp:postmeta>
            <wp:postmeta>
                <wp:meta_key>_lsb_look_inside</wp:meta_key>
                <wp:meta_value><![CDATA[lsb_acf_look_inside]]></wp:meta_value>
            </wp:postmeta>
            <category domain="lsb_tax_age" nicename="ungdom"><![CDATA[ungdom]]></category>
            <category domain="lsb_tax_topic" nicename="mennesker-i-mellom"><![CDATA[mennesker i mellom]]></category>
            <category domain="lsb_tax_language" nicename="no_nb"><![CDATA[bokmål]]></category>
            <category domain="lsb_tax_customization" nicename="skjønnlitteratur"><![CDATA[skjønnlitteratur]]></category>
            <wp:postmeta>
                <wp:meta_key>_thumbnail_id</wp:meta_key>
                <wp:meta_value><![CDATA[5581]]></wp:meta_value>
            </wp:postmeta>
        </item>
        <item>
            <title>elefanten i rommet.jpg</title>
            <wp:post_id>5581</wp:post_id>
            <wp:status>inherit</wp:status>
            <wp:post_type>attachment</wp:post_type>
            <wp:attachment_url>https://raw.githubusercontent.com/lesersokerbok/boksok.no-data-utils/master/output-example/images/D59315D9CD0649B9A7550AC1B0A0591A.jpg</wp:attachment_url>
        </item>
        <item>
            <wp:post_type>lsb_book</wp:post_type>
            <wp:status>publish</wp:status>
            <title>Kongen din</title>
            <excerpt:encoded><![CDATA[Twitreren @KongenDin har gitt ut bok.]]></excerpt:encoded>
            <wp:postmeta>
                <wp:meta_key>lsb_isbn</wp:meta_key>
                <wp:meta_value><![CDATA[9788202391713]]></wp:meta_value>
            </wp:postmeta>
            <wp:postmeta>
                <wp:meta_key>_lsb_isbn</wp:meta_key>
                <wp:meta_value><![CDATA[lsb_acf_isbn]]></wp:meta_value>
            </wp:postmeta>
            <wp:postmeta>
                <wp:meta_key>lsb_published_year</wp:meta_key>
                <wp:meta_value><![CDATA[2012]]></wp:meta_value>
            </wp:postmeta>
            <wp:postmeta>
                <wp:meta_key>_lsb_published_year</wp:meta_key>
                <wp:meta_value><![CDATA[lsb_acf_published_year]]></wp:meta_value>
            </wp:postmeta>
            <wp:postmeta>
                <wp:meta_key>lsb_pages</wp:meta_key>
                <wp:meta_value/>
            </wp:postmeta>
            <wp:postmeta>
                <wp:meta_key>_lsb_pages</wp:meta_key>
                <wp:meta_value><![CDATA[lsb_acf_pages]]></wp:meta_value>
            </wp:postmeta>
            <wp:postmeta>
                <wp:meta_key>lsb_review</wp:meta_key>
                <wp:meta_value><![CDATA[  <div> Bli kjent med Harald Rex på privaten,</div>  <div>gjennom en kikk i dagboka hans.</div>  <div>Hva syns han egentlig om å sitte i statsråd?</div>  <div>Hva tenker han på </div>  <div>når han vinker til barnetoget på 17. mai?</div>  <div>Hvilken fiskerett liker han best?&#160;</div>  <div>&#160;</div>  <div>På Twitter fins det mange kontoer</div>  <div>som ikke er det de gir seg ut for å være.</div>  <div>@KongenDin er absolutt den mest populære</div>  <div>her i Norge.</div>  <div>&#160;</div>  <div>@KongenDin er laget av </div>  <div>Odd-Magnus Williamson og Sindre Goksøyr.&#160;</div>  ]]></wp:meta_value>
            </wp:postmeta>
            <wp:postmeta>
                <wp:meta_key>_lsb_review</wp:meta_key>
                <wp:meta_value><![CDATA[lsb_acf_review]]></wp:meta_value>
            </wp:postmeta>
            <wp:postmeta>
                <wp:meta_key>lsb_quote</wp:meta_key>
                <wp:meta_value><![CDATA[BANANFLUER   SMAKER IKKE  SÅ GODT SOM  NAVNET  ANTYDER.]]></wp:meta_value>
            </wp:postmeta>
            <wp:postmeta>
                <wp:meta_key>_lsb_quote</wp:meta_key>
                <wp:meta_value><![CDATA[lsb_acf_quote]]></wp:meta_value>
            </wp:postmeta>
            <wp:postmeta>
                <wp:meta_key>lsb_supported</wp:meta_key>
                <wp:meta_value><![CDATA[0]]></wp:meta_value>
            </wp:postmeta>
            <wp:postmeta>
                <wp:meta_key>_lsb_supported</wp:meta_key>
                <wp:meta_value><![CDATA[lsb_acf_supported]]></wp:meta_value>
            </wp:postmeta>
            <category domain="lsb_tax_author" nicename="harald-rex-(alias-odd-magnus-williamson)"><![CDATA[Harald Rex (alias Odd-Magnus Williamson)]]></category>
            <category domain="lsb_tax_publisher" nicename="cappelen-damm"><![CDATA[Cappelen Damm]]></category>
            <category domain="lsb_tax_illustrator" nicename="sindre-goksøyr"><![CDATA[Sindre Goksøyr]]></category>
            <wp:postmeta>
                <wp:meta_key>lsb_look_inside</wp:meta_key>
                <wp:meta_value><![CDATA[CUSTOM_BLA_I_BOKA]]></wp:meta_value>
            </wp:postmeta>
            <wp:postmeta>
                <wp:meta_key>_lsb_look_inside</wp:meta_key>
                <wp:meta_value><![CDATA[lsb_acf_look_inside]]></wp:meta_value>
            </wp:postmeta>
            <category domain="lsb_tax_age" nicename="ungdom"><![CDATA[ungdom]]></category>
            <category domain="lsb_tax_age" nicename="voksne"><![CDATA[voksne]]></category>
            <category domain="lsb_tax_genre" nicename="prosa"><![CDATA[prosa]]></category>
            <category domain="lsb_tax_topic" nicename="humor"><![CDATA[humor]]></category>
            <category domain="lsb_tax_language" nicename="no_nb"><![CDATA[bokmål]]></category>
            <category domain="lsb_tax_customization" nicename="bilder"><![CDATA[bilder]]></category>
            <category domain="lsb_tax_customization" nicename="mange-bilder"><![CDATA[mange bilder]]></category>
            <wp:postmeta>
                <wp:meta_key>_thumbnail_id</wp:meta_key>
                <wp:meta_value><![CDATA[5582]]></wp:meta_value>
            </wp:postmeta>
        </item>
        <item>
            <title>Williamson_KongenDin.jpg</title>
            <wp:post_id>5582</wp:post_id>
            <wp:status>inherit</wp:status>
            <wp:post_type>attachment</wp:post_type>
            <wp:attachment_url>https://raw.githubusercontent.com/lesersokerbok/boksok.no-data-utils/master/output-example/images/B2135F12181D431BAEAAA248DE0C4A4C.jpg</wp:attachment_url>
        </item>
        <item>
            <wp:post_type>lsb_book</wp:post_type>
            <wp:status>publish</wp:status>
            <title>Rekrutten</title>
            <excerpt:encoded><![CDATA[Ein dag stoppar alle offisielle spor etter James.  Han finst ikkje lenger. No er han rekrutt for CHERUB.   ]]></excerpt:encoded>
            <wp:postmeta>
                <wp:meta_key>lsb_isbn</wp:meta_key>
                <wp:meta_value><![CDATA[9788252180237]]></wp:meta_value>
            </wp:postmeta>
            <wp:postmeta>
                <wp:meta_key>_lsb_isbn</wp:meta_key>
                <wp:meta_value><![CDATA[lsb_acf_isbn]]></wp:meta_value>
            </wp:postmeta>
            <wp:postmeta>
                <wp:meta_key>lsb_published_year</wp:meta_key>
                <wp:meta_value><![CDATA[2012]]></wp:meta_value>
            </wp:postmeta>
            <wp:postmeta>
                <wp:meta_key>_lsb_published_year</wp:meta_key>
                <wp:meta_value><![CDATA[lsb_acf_published_year]]></wp:meta_value>
            </wp:postmeta>
            <wp:postmeta>
                <wp:meta_key>lsb_pages</wp:meta_key>
                <wp:meta_value/>
            </wp:postmeta>
            <wp:postmeta>
                <wp:meta_key>_lsb_pages</wp:meta_key>
                <wp:meta_value><![CDATA[lsb_acf_pages]]></wp:meta_value>
            </wp:postmeta>
            <wp:postmeta>
                <wp:meta_key>lsb_review</wp:meta_key>
                <wp:meta_value><![CDATA[  <div>James Adams er 12 år </div>  <div>og kjem på barneheim etter at mora døyr.</div>  <div>Han er typen til å slå først og tenke etterpå,</div>  <div>og han får raskt tvilsamme venar. </div>  <div>Då han blir arrestert for tjuveri,</div>  <div>tar livet hans ei ny vending.</div>  <div>Han blir rekruttert som spion,</div>  <div>i den hemmelege organisasjonen CHERUB.</div>  <div>&#160;</div>  <div>CHERUB-agentar er mellom ti og sytten år gamle.</div>  <div>Dei kan bevege seg fritt uten at vaksne</div>  <div>får mistanke til dei, og få tak i opplysningar</div>  <div>som sender kriminelle og terroristar i fengsel.</div>  <div>&#160;</div>  <div><strong>Rekrutten</strong> er ein grafisk roman</div>  <div>med ei klassisk agent-historie.</div>  <div>Her er spenning på&#160;kvar side, </div>  <div>og lesaren blir nøydd til å finne </div>  <div>ut korleis dette skal ende.</div>  <div>&#160;</div>  <div>Dette er ei teikna utgåve av den første boka </div>  <div>i&#160;serien Cherub. Forfattaren <strong>Robert Muchamore</strong></div>  <div>jobba som etterforsker fram til bøkene hans </div>  <div>blei bestseljarar.</div>  ]]></wp:meta_value>
            </wp:postmeta>
            <wp:postmeta>
                <wp:meta_key>_lsb_review</wp:meta_key>
                <wp:meta_value><![CDATA[lsb_acf_review]]></wp:meta_value>
            </wp:postmeta>
            <wp:postmeta>
                <wp:meta_key>lsb_quote</wp:meta_key>
                <wp:meta_value><![CDATA[- Velkommen til   CHERUB, James.  Eg er doktor Terrence   McAfferty, leiaren her.  Alle kallar meg Mac.   Finn deg ein stol.    - Eg veit  det høyrest   dumt ut, men ...  korleis kom eg hit?  - Personen som kom  med deg, stakk ei  sprøyte inn i armen på d]]></wp:meta_value>
            </wp:postmeta>
            <wp:postmeta>
                <wp:meta_key>_lsb_quote</wp:meta_key>
                <wp:meta_value><![CDATA[lsb_acf_quote]]></wp:meta_value>
            </wp:postmeta>
            <wp:postmeta>
                <wp:meta_key>lsb_supported</wp:meta_key>
                <wp:meta_value><![CDATA[0]]></wp:meta_value>
            </wp:postmeta>
            <wp:postmeta>
                <wp:meta_key>_lsb_supported</wp:meta_key>
                <wp:meta_value><![CDATA[lsb_acf_supported]]></wp:meta_value>
            </wp:postmeta>
            <category domain="lsb_tax_author" nicename="robert-muchamore-og-ian-edgington"><![CDATA[Robert Muchamore og Ian Edgington]]></category>
            <category domain="lsb_tax_publisher" nicename="samlaget"><![CDATA[Samlaget]]></category>
            <category domain="lsb_tax_illustrator" nicename="john-aggs"><![CDATA[John Aggs]]></category>
            <category domain="lsb_tax_translator" nicename="øystein-rosse"><![CDATA[Øystein Rosse]]></category>
            <wp:postmeta>
                <wp:meta_key>lsb_look_inside</wp:meta_key>
                <wp:meta_value><![CDATA[CUSTOM_BLA_I_BOKA]]></wp:meta_value>
            </wp:postmeta>
            <wp:postmeta>
                <wp:meta_key>_lsb_look_inside</wp:meta_key>
                <wp:meta_value><![CDATA[lsb_acf_look_inside]]></wp:meta_value>
            </wp:postmeta>
            <category domain="lsb_tax_age" nicename="ungdom"><![CDATA[ungdom]]></category>
            <category domain="lsb_tax_genre" nicename="prosa"><![CDATA[prosa]]></category>
            <category domain="lsb_tax_topic" nicename="krim"><![CDATA[krim]]></category>
            <category domain="lsb_tax_topic" nicename="spenning"><![CDATA[spenning]]></category>
            <category domain="lsb_tax_language" nicename="no_nn"><![CDATA[nynorsk]]></category>
            <category domain="lsb_tax_customization" nicename="skjønnlitteratur"><![CDATA[skjønnlitteratur]]></category>
            <category domain="lsb_tax_customization" nicename="bilder"><![CDATA[bilder]]></category>
            <category domain="lsb_tax_customization" nicename="mange-bilder"><![CDATA[mange bilder]]></category>
            <wp:postmeta>
                <wp:meta_key>_thumbnail_id</wp:meta_key>
                <wp:meta_value><![CDATA[5583]]></wp:meta_value>
            </wp:postmeta>
        </item>
        <item>
            <title>Rekrutten.jpg</title>
            <wp:post_id>5583</wp:post_id>
            <wp:status>inherit</wp:status>
            <wp:post_type>attachment</wp:post_type>
            <wp:attachment_url>https://raw.githubusercontent.com/lesersokerbok/boksok.no-data-utils/master/output-example/images/C5ECB1AE66894180938612AF93019B91.jpg</wp:attachment_url>
        </item>
        <item>
            <wp:post_type>lsb_book</wp:post_type>
            <wp:status>publish</wp:status>
            <title>Da jeg døde - kampen for et nytt liv</title>
            <excerpt:encoded><![CDATA[Slaget tok livet mitt slik jeg kjente det.  Og jeg vet ennå ikke hva som kommer i stedet.]]></excerpt:encoded>
            <wp:postmeta>
                <wp:meta_key>lsb_isbn</wp:meta_key>
                <wp:meta_value><![CDATA[9788253035352]]></wp:meta_value>
            </wp:postmeta>
            <wp:postmeta>
                <wp:meta_key>_lsb_isbn</wp:meta_key>
                <wp:meta_value><![CDATA[lsb_acf_isbn]]></wp:meta_value>
            </wp:postmeta>
            <wp:postmeta>
                <wp:meta_key>lsb_published_year</wp:meta_key>
                <wp:meta_value><![CDATA[2012]]></wp:meta_value>
            </wp:postmeta>
            <wp:postmeta>
                <wp:meta_key>_lsb_published_year</wp:meta_key>
                <wp:meta_value><![CDATA[lsb_acf_published_year]]></wp:meta_value>
            </wp:postmeta>
            <wp:postmeta>
                <wp:meta_key>lsb_pages</wp:meta_key>
                <wp:meta_value><![CDATA[184]]></wp:meta_value>
            </wp:postmeta>
            <wp:postmeta>
                <wp:meta_key>_lsb_pages</wp:meta_key>
                <wp:meta_value><![CDATA[lsb_acf_pages]]></wp:meta_value>
            </wp:postmeta>
            <wp:postmeta>
                <wp:meta_key>lsb_review</wp:meta_key>
                <wp:meta_value><![CDATA[  <div>Sommeren 2009 får Ane V. Håbjørg&#160;</div>  <div>hjerneblødning, 43 år gammel. </div>  <div>I samme øyeblikk slutter livet hennes å være</div>  <div>slik det alltid hadde vært.</div>  <div>Dette er hennes fortelling om sorgen</div>  <div>over å ha mistet den hun var</div>  <div>og om kampen for å komme tilbake.</div>  <div>I boka skildrer hun oppturer og nedturer</div>  <div>og det sterke samholdet med mannen,</div>  <div>barna og familien.</div>  <div>&#160;</div>  <div>En sterk, personlig og klok bok</div>  <div>om det å måtte gå gjennom en endring.</div>  <div>Boka har korte kapitler og korte setninger,</div>  <div>men noen lange ord.</div>  <div>Illustrasjonene i boka er vakre</div>  <div>og gir leseren innsikt.</div>  <div>&#160;</div>  <div><strong>Ane V. Håbjørg</strong> er født i 1966. </div>  <div>Hun er journalist, kommentator </div>  <div>og forlagsredaktør. </div>  <div>Dette er hennes første bok. &#160;</div>  ]]></wp:meta_value>
            </wp:postmeta>
            <wp:postmeta>
                <wp:meta_key>_lsb_review</wp:meta_key>
                <wp:meta_value><![CDATA[lsb_acf_review]]></wp:meta_value>
            </wp:postmeta>
            <wp:postmeta>
                <wp:meta_key>lsb_quote</wp:meta_key>
                <wp:meta_value><![CDATA[Jeg har ikke lenger tro på muskler og begrenset tro på vilje - det være seg egen eller andres. Med det at noen tror på deg og din fremgang hjelper. Du vet best. Og kroppen vil bli frisk eller så frisk som mulig. Men den må få overkommelige utfordringer.       Derfor føner jeg meg i øret mens jeg sier alfabetet eller teller høyt. Jeg klapper og koordinerer. Tøyer og bøyer i yogaklasser. Snurrer rundt med lukkede øyne, går regelmessig til synspedagog og tygger på pinner. Stimulerer ansiktet med strøm og massasje. Alt jeg kan komme på av utfordringer, bortsett fra å stå på hodet og uten at det tar rotta på humøret.       Jeg er som en baby. Det er ingen vits i å prøve å gå før man kan krabbe. Man er klar når man er klar. Man gråter så lenge man gråter. Og man ler så snart man kan.]]></wp:meta_value>
            </wp:postmeta>
            <wp:postmeta>
                <wp:meta_key>_lsb_quote</wp:meta_key>
                <wp:meta_value><![CDATA[lsb_acf_quote]]></wp:meta_value>
            </wp:postmeta>
            <wp:postmeta>
                <wp:meta_key>lsb_supported</wp:meta_key>
                <wp:meta_value><![CDATA[0]]></wp:meta_value>
            </wp:postmeta>
            <wp:postmeta>
                <wp:meta_key>_lsb_supported</wp:meta_key>
                <wp:meta_value><![CDATA[lsb_acf_supported]]></wp:meta_value>
            </wp:postmeta>
            <category domain="lsb_tax_author" nicename="ane-v.-håbjørg"><![CDATA[Ane V. Håbjørg]]></category>
            <category domain="lsb_tax_publisher" nicename="pax"><![CDATA[Pax]]></category>
            <category domain="lsb_tax_illustrator" nicename="sidsel-paaske,-carl-størmer,-vg"><![CDATA[Sidsel Paaske, Carl Størmer, VG]]></category>
            <wp:postmeta>
                <wp:meta_key>lsb_look_inside</wp:meta_key>
                <wp:meta_value><![CDATA[CUSTOM_BLA_I_BOKA]]></wp:meta_value>
            </wp:postmeta>
            <wp:postmeta>
                <wp:meta_key>_lsb_look_inside</wp:meta_key>
                <wp:meta_value><![CDATA[lsb_acf_look_inside]]></wp:meta_value>
            </wp:postmeta>
            <category domain="lsb_tax_age" nicename="voksne"><![CDATA[voksne]]></category>
            <category domain="lsb_tax_topic" nicename="mat"><![CDATA[mat]]></category>
            <category domain="lsb_tax_topic" nicename="helse"><![CDATA[helse]]></category>
            <category domain="lsb_tax_topic" nicename="mennesker-i-mellom"><![CDATA[mennesker i mellom]]></category>
            <category domain="lsb_tax_language" nicename="no_nb"><![CDATA[bokmål]]></category>
            <category domain="lsb_tax_customization" nicename="faglitteratur"><![CDATA[faglitteratur]]></category>
            <wp:postmeta>
                <wp:meta_key>_thumbnail_id</wp:meta_key>
                <wp:meta_value><![CDATA[5584]]></wp:meta_value>
            </wp:postmeta>
        </item>
        <item>
            <title>Da jeg døde.jpg</title>
            <wp:post_id>5584</wp:post_id>
            <wp:status>inherit</wp:status>
            <wp:post_type>attachment</wp:post_type>
            <wp:attachment_url>https://raw.githubusercontent.com/lesersokerbok/boksok.no-data-utils/master/output-example/images/CAD11159F9BE407C8D387A06BABDC3F1.jpg</wp:attachment_url>
        </item>
        <item>
            <wp:post_type>lsb_book</wp:post_type>
            <wp:status>publish</wp:status>
            <title>Storesøster Astrid</title>
            <excerpt:encoded><![CDATA[Storesøster Astrid har Downs syndrom   og vokser opp i ei lita bygd etter krigen.  Lillesøster Norunn forteller hennes historie.]]></excerpt:encoded>
            <wp:postmeta>
                <wp:meta_key>lsb_isbn</wp:meta_key>
                <wp:meta_value><![CDATA[9788243005662]]></wp:meta_value>
            </wp:postmeta>
            <wp:postmeta>
                <wp:meta_key>_lsb_isbn</wp:meta_key>
                <wp:meta_value><![CDATA[lsb_acf_isbn]]></wp:meta_value>
            </wp:postmeta>
            <wp:postmeta>
                <wp:meta_key>lsb_published_year</wp:meta_key>
                <wp:meta_value><![CDATA[2011]]></wp:meta_value>
            </wp:postmeta>
            <wp:postmeta>
                <wp:meta_key>_lsb_published_year</wp:meta_key>
                <wp:meta_value><![CDATA[lsb_acf_published_year]]></wp:meta_value>
            </wp:postmeta>
            <wp:postmeta>
                <wp:meta_key>lsb_pages</wp:meta_key>
                <wp:meta_value><![CDATA[126]]></wp:meta_value>
            </wp:postmeta>
            <wp:postmeta>
                <wp:meta_key>_lsb_pages</wp:meta_key>
                <wp:meta_value><![CDATA[lsb_acf_pages]]></wp:meta_value>
            </wp:postmeta>
            <wp:postmeta>
                <wp:meta_key>lsb_review</wp:meta_key>
                <wp:meta_value><![CDATA[  <div>  Denne boka handler om hvordan vi ser på  </div>  <div>mennesker som er annerledes.  </div>  <div>Norunn var syv år da andre barn </div>  <div>sa til henne  at søsteren hennes var "syk",  </div>  <div>da hun skjønte at hun var annerledes.  </div>  <div>Hun hadde sett på henne </div>  <div>med beundring og stolthet frem til da.</div>  <div>Nå kjente hun et behov for å beskytte sin storesøster.  </div>  <div>Med varme og ærlighet skildrer hun </div>  <div>  søsterens oppvekst og voksne liv.  </div>  <div>Vi får innsyn i familielivet,  </div>  <div>og livet på Helgeseter hjem og skole.&#160;</div>  <div>&#160;</div>  <div>Astrids historie er en bit av vår nære fortid,  </div>  <div>men i denne historien finner vi også kimen  til </div>  <div>politiske diskusjoner som pågår i dag.&#160;</div>  <div>Tonen i boka er personlig, varm og ærlig.  </div>  <div>Teksten er enkel, men det er en del lange setninger.  </div>  <div>&#160;</div>  <div><strong>Norunn Amundsen </strong>er lillesøster  </div>  <div>og psykiatrisk sykepleier.  </div>  <div>Hun har erfaring fra administrasjon, </div>  <div>kognitiv terapi og  omsorg for demente.  </div>  <div>Dette er hennes første bok.&#160;</div>  ]]></wp:meta_value>
            </wp:postmeta>
            <wp:postmeta>
                <wp:meta_key>_lsb_review</wp:meta_key>
                <wp:meta_value><![CDATA[lsb_acf_review]]></wp:meta_value>
            </wp:postmeta>
            <wp:postmeta>
                <wp:meta_key>lsb_quote</wp:meta_key>
                <wp:meta_value><![CDATA[Nå kjenner vi avviket som Downs syndrom, men på den tiden ble slike barn omtalt som åndsvake, evneveike, idioter, byttinger eller unormale. Og folk hadde like negative holdninger til disse barna som det ordene, eller diagnosene de bruke, formidler til oss. På den tiden visste man ikke årsaken til at noen barn ble født slik.       Det var nok derfor det ble diktet opp så mange grunner til at en familie fikk et slikt barn. Folk lette etter forklaringer, og når de fant en, valgte de å tro på den.]]></wp:meta_value>
            </wp:postmeta>
            <wp:postmeta>
                <wp:meta_key>_lsb_quote</wp:meta_key>
                <wp:meta_value><![CDATA[lsb_acf_quote]]></wp:meta_value>
            </wp:postmeta>
            <wp:postmeta>
                <wp:meta_key>lsb_supported</wp:meta_key>
                <wp:meta_value><![CDATA[0]]></wp:meta_value>
            </wp:postmeta>
            <wp:postmeta>
                <wp:meta_key>_lsb_supported</wp:meta_key>
                <wp:meta_value><![CDATA[lsb_acf_supported]]></wp:meta_value>
            </wp:postmeta>
            <category domain="lsb_tax_author" nicename="norunn-amundsen"><![CDATA[Norunn Amundsen]]></category>
            <category domain="lsb_tax_publisher" nicename="spartacus"><![CDATA[Spartacus]]></category>
            <wp:postmeta>
                <wp:meta_key>lsb_look_inside</wp:meta_key>
                <wp:meta_value><![CDATA[CUSTOM_BLA_I_BOKA]]></wp:meta_value>
            </wp:postmeta>
            <wp:postmeta>
                <wp:meta_key>_lsb_look_inside</wp:meta_key>
                <wp:meta_value><![CDATA[lsb_acf_look_inside]]></wp:meta_value>
            </wp:postmeta>
            <category domain="lsb_tax_age" nicename="voksne"><![CDATA[voksne]]></category>
            <category domain="lsb_tax_topic" nicename="historie"><![CDATA[historie]]></category>
            <category domain="lsb_tax_topic" nicename="samfunn"><![CDATA[samfunn]]></category>
            <category domain="lsb_tax_topic" nicename="mat"><![CDATA[mat]]></category>
            <category domain="lsb_tax_topic" nicename="helse"><![CDATA[helse]]></category>
            <category domain="lsb_tax_topic" nicename="mennesker-i-mellom"><![CDATA[mennesker i mellom]]></category>
            <category domain="lsb_tax_language" nicename="no_nb"><![CDATA[bokmål]]></category>
            <category domain="lsb_tax_customization" nicename="faglitteratur"><![CDATA[faglitteratur]]></category>
            <wp:postmeta>
                <wp:meta_key>_thumbnail_id</wp:meta_key>
                <wp:meta_value><![CDATA[5585]]></wp:meta_value>
            </wp:postmeta>
        </item>
        <item>
            <title>storesoster astrid.jpg</title>
            <wp:post_id>5585</wp:post_id>
            <wp:status>inherit</wp:status>
            <wp:post_type>attachment</wp:post_type>
            <wp:attachment_url>https://raw.githubusercontent.com/lesersokerbok/boksok.no-data-utils/master/output-example/images/4869A212BAE34B949DC4EB555103DBFC.jpg</wp:attachment_url>
        </item>
        <item>
            <wp:post_type>lsb_book</wp:post_type>
            <wp:status>publish</wp:status>
            <title>Apefjes 2: Ulvehjerte</title>
            <excerpt:encoded><![CDATA[Apefjesene dukker opp igjen.  Noen vet hvor Martin skjuler seg.]]></excerpt:encoded>
            <wp:postmeta>
                <wp:meta_key>lsb_isbn</wp:meta_key>
                <wp:meta_value><![CDATA[9788202378196]]></wp:meta_value>
            </wp:postmeta>
            <wp:postmeta>
                <wp:meta_key>_lsb_isbn</wp:meta_key>
                <wp:meta_value><![CDATA[lsb_acf_isbn]]></wp:meta_value>
            </wp:postmeta>
            <wp:postmeta>
                <wp:meta_key>lsb_published_year</wp:meta_key>
                <wp:meta_value><![CDATA[2013]]></wp:meta_value>
            </wp:postmeta>
            <wp:postmeta>
                <wp:meta_key>_lsb_published_year</wp:meta_key>
                <wp:meta_value><![CDATA[lsb_acf_published_year]]></wp:meta_value>
            </wp:postmeta>
            <wp:postmeta>
                <wp:meta_key>lsb_pages</wp:meta_key>
                <wp:meta_value><![CDATA[232]]></wp:meta_value>
            </wp:postmeta>
            <wp:postmeta>
                <wp:meta_key>_lsb_pages</wp:meta_key>
                <wp:meta_value><![CDATA[lsb_acf_pages]]></wp:meta_value>
            </wp:postmeta>
            <wp:postmeta>
                <wp:meta_key>lsb_review</wp:meta_key>
                <wp:meta_value><![CDATA[  <div>Martin har sluttet å tagge.</div>  <div>Bare en og annen flekk </div>  <div>av et apefjes står igjen.&#160;</div>  <div>Bare noen få personer vet</div>  <div>at det var Martin som skjulte seg </div>  <div>bak apemasken.</div>  <div>Nå har han gått i dekning.</div>  <div>Her vil ikke de som jakter, finne ham. &#160;</div>  <div>Martin må lære seg å glemme,</div>  <div>og bli glemt.</div>  <div>&#160;</div>  <div>Hva gjør han når apefjesene dukker opp igjen?</div>  <div>Noen lager ulvespor i snøen.</div>  <div>Noen er på sporet av ham.</div>  <div>&#160;</div>  <div><strong>Ulvehjerte</strong> tar opp tråden&#160;</div>  <div>etter den nådeløst spennende slutten&#160;</div>  <div>på <strong>Apefjes</strong> fra 2011.&#160;</div>  <div>Bøkene om Apefjes er ikke romaner.</div>  <div>De er ikke tegneserier heller.</div>  <div>De er begge deler!</div>  <div>&#160;</div>  <div><strong>Tor Erling Naas</strong> er bedre kjent som <strong>Tor Ærlig</strong>,</div>  <div>en av våre aller fremste serieskapere.</div>  <div>Han har gitt ut en rekke gode tegneserieromaner</div>  <div>for både ungdom og voksne.&#160;</div>  <div>Her har han vært forfatter,</div>  <div>og overlatt tegninga til den lovende tegneren</div>  <div>og serieskaperen <strong>Sigbjørn Lilleeng</strong>.</div>  <div>Lilleeng er også kjent fra serier som <strong>Nebelgrad Blues</strong></div>  <div>og <strong>Generator</strong>.&#160;</div>  ]]></wp:meta_value>
            </wp:postmeta>
            <wp:postmeta>
                <wp:meta_key>_lsb_review</wp:meta_key>
                <wp:meta_value><![CDATA[lsb_acf_review]]></wp:meta_value>
            </wp:postmeta>
            <wp:postmeta>
                <wp:meta_key>lsb_quote</wp:meta_key>
                <wp:meta_value><![CDATA[Apefjes er død.  Det er best sånn. Monstre passer best på film og i tegneserier.  De bør holde seg unna gatene.   Alle vil ha en rein by. Ikke en sånn by der idioter klatrer rundt og  sprayer ned veggene.   Med tagger. Eller piecer.  Eller apefjes.    Han er død, men jeg lever.  Mora mi, Maria, lever, og jeg, Martin Josefsson.   Vi skal leve videre.  For det er ingen som leiter etter Martin Josefsson.]]></wp:meta_value>
            </wp:postmeta>
            <wp:postmeta>
                <wp:meta_key>_lsb_quote</wp:meta_key>
                <wp:meta_value><![CDATA[lsb_acf_quote]]></wp:meta_value>
            </wp:postmeta>
            <wp:postmeta>
                <wp:meta_key>lsb_supported</wp:meta_key>
                <wp:meta_value><![CDATA[1]]></wp:meta_value>
            </wp:postmeta>
            <wp:postmeta>
                <wp:meta_key>_lsb_supported</wp:meta_key>
                <wp:meta_value><![CDATA[lsb_acf_supported]]></wp:meta_value>
            </wp:postmeta>
            <wp:postmeta>
                <wp:meta_key>lsb_support_cat</wp:meta_key>
                <wp:meta_value><![CDATA[purple]]></wp:meta_value>
            </wp:postmeta>
            <wp:postmeta>
                <wp:meta_key>_lsb_support_cat</wp:meta_key>
                <wp:meta_value><![CDATA[lsb_acf_support_cat]]></wp:meta_value>
            </wp:postmeta>
            <category domain="lsb_tax_author" nicename="tor-erling-naas"><![CDATA[Tor Erling Naas]]></category>
            <category domain="lsb_tax_publisher" nicename="cappelen-damm"><![CDATA[Cappelen Damm]]></category>
            <category domain="lsb_tax_illustrator" nicename="sigbjørn-lilleeng"><![CDATA[Sigbjørn Lilleeng]]></category>
            <wp:postmeta>
                <wp:meta_key>lsb_look_inside</wp:meta_key>
                <wp:meta_value><![CDATA[CUSTOM_BLA_I_BOKA]]></wp:meta_value>
            </wp:postmeta>
            <wp:postmeta>
                <wp:meta_key>_lsb_look_inside</wp:meta_key>
                <wp:meta_value><![CDATA[lsb_acf_look_inside]]></wp:meta_value>
            </wp:postmeta>
            <category domain="lsb_tax_age" nicename="ungdom"><![CDATA[ungdom]]></category>
            <category domain="lsb_tax_age" nicename="voksne"><![CDATA[voksne]]></category>
            <category domain="lsb_tax_genre" nicename="prosa"><![CDATA[prosa]]></category>
            <category domain="lsb_tax_topic" nicename="krim"><![CDATA[krim]]></category>
            <category domain="lsb_tax_topic" nicename="spenning"><![CDATA[spenning]]></category>
            <category domain="lsb_tax_language" nicename="no_nb"><![CDATA[bokmål]]></category>
            <category domain="lsb_tax_customization" nicename="skjønnlitteratur"><![CDATA[skjønnlitteratur]]></category>
            <category domain="lsb_tax_customization" nicename="bilder"><![CDATA[bilder]]></category>
            <category domain="lsb_tax_customization" nicename="mange-bilder"><![CDATA[mange bilder]]></category>
            <wp:postmeta>
                <wp:meta_key>_thumbnail_id</wp:meta_key>
                <wp:meta_value><![CDATA[5586]]></wp:meta_value>
            </wp:postmeta>
        </item>
        <item>
            <title>Naas_Ulvehjerte.jpg</title>
            <wp:post_id>5586</wp:post_id>
            <wp:status>inherit</wp:status>
            <wp:post_type>attachment</wp:post_type>
            <wp:attachment_url>https://raw.githubusercontent.com/lesersokerbok/boksok.no-data-utils/master/output-example/images/5F791BD5C28F4E1D8A657F0AA42F2537.jpg</wp:attachment_url>
        </item>
        <item>
            <wp:post_type>lsb_book</wp:post_type>
            <wp:status>publish</wp:status>
            <title>Jeg er stolt av deg!</title>
            <excerpt:encoded><![CDATA[Ben Furmann gir deg praktiske teknikker  for å oppdra barnet ditt.]]></excerpt:encoded>
            <wp:postmeta>
                <wp:meta_key>lsb_isbn</wp:meta_key>
                <wp:meta_value><![CDATA[9788205426641]]></wp:meta_value>
            </wp:postmeta>
            <wp:postmeta>
                <wp:meta_key>_lsb_isbn</wp:meta_key>
                <wp:meta_value><![CDATA[lsb_acf_isbn]]></wp:meta_value>
            </wp:postmeta>
            <wp:postmeta>
                <wp:meta_key>lsb_published_year</wp:meta_key>
                <wp:meta_value><![CDATA[2012]]></wp:meta_value>
            </wp:postmeta>
            <wp:postmeta>
                <wp:meta_key>_lsb_published_year</wp:meta_key>
                <wp:meta_value><![CDATA[lsb_acf_published_year]]></wp:meta_value>
            </wp:postmeta>
            <wp:postmeta>
                <wp:meta_key>lsb_pages</wp:meta_key>
                <wp:meta_value><![CDATA[119]]></wp:meta_value>
            </wp:postmeta>
            <wp:postmeta>
                <wp:meta_key>_lsb_pages</wp:meta_key>
                <wp:meta_value><![CDATA[lsb_acf_pages]]></wp:meta_value>
            </wp:postmeta>
            <wp:postmeta>
                <wp:meta_key>lsb_review</wp:meta_key>
                <wp:meta_value><![CDATA[  <div>Boka tar særlig for seg fem temaer:</div>  <div>- Hvordan rose og oppmuntre barnet?</div>  <div>- Hvordan få barnet til å høre etter?</div>  <div>- Hvordan samarbeide med andre voksne?</div>  <div>- Hvordan hjelpe barnet med å overvinne </div>  <div>problemer og vansker?&#160;</div>  <div>- Hvordan respondere når barnet gjør noe galt?`</div>  <div>&#160;</div>  <div><strong>Jeg er stolt av deg! </strong>er skrevet for alle voksne som oppdrar</div>  <div>eller er med på å oppdra barn.</div>  <div>Språket i boka er enkelt, men med noen faguttrykk.&#160;</div>  <div>Rådene er konkrete og lettfattelige,</div>  <div>og vist med tydelige eksempler.</div>  <div>&#160;</div>  <div><strong>Ben Furman</strong> er en finsk psykiater</div>  <div>som arbeider spesielt med </div>  <div>å finne løsninger i terapien.&#160;</div>  ]]></wp:meta_value>
            </wp:postmeta>
            <wp:postmeta>
                <wp:meta_key>_lsb_review</wp:meta_key>
                <wp:meta_value><![CDATA[lsb_acf_review]]></wp:meta_value>
            </wp:postmeta>
            <wp:postmeta>
                <wp:meta_key>lsb_quote</wp:meta_key>
                <wp:meta_value><![CDATA[Hensikten med å rose barnet er til sjuende og sist å fremkalle stolthet over noe de har gjort, sagt eller tenkt. Når man er stolt av noe man har gjort, får man lyst til å gjøre det flere ganger.       Ros i form av spørsmål er ofte bedre egnet enn direkte ros til å skape stolthet hos barnet. Her roser ikke den voksne barnet direkte, men fremkaller stolthet ved å vise interesse og stille spørsmål om det han eller hun har fått til.    Mor til barnet:  Så flott du har fargelagt tegningen. Det er ikke alle som gjør det så bra. Hvordan får du det til?]]></wp:meta_value>
            </wp:postmeta>
            <wp:postmeta>
                <wp:meta_key>_lsb_quote</wp:meta_key>
                <wp:meta_value><![CDATA[lsb_acf_quote]]></wp:meta_value>
            </wp:postmeta>
            <wp:postmeta>
                <wp:meta_key>lsb_supported</wp:meta_key>
                <wp:meta_value><![CDATA[0]]></wp:meta_value>
            </wp:postmeta>
            <wp:postmeta>
                <wp:meta_key>_lsb_supported</wp:meta_key>
                <wp:meta_value><![CDATA[lsb_acf_supported]]></wp:meta_value>
            </wp:postmeta>
            <category domain="lsb_tax_author" nicename="ben-furmann"><![CDATA[Ben Furmann]]></category>
            <category domain="lsb_tax_publisher" nicename="gyldendal"><![CDATA[Gyldendal]]></category>
            <category domain="lsb_tax_illustrator" nicename="kristin-berg-johnsen"><![CDATA[Kristin Berg Johnsen]]></category>
            <category domain="lsb_tax_translator" nicename="ane-sjøbu"><![CDATA[Ane Sjøbu]]></category>
            <wp:postmeta>
                <wp:meta_key>lsb_look_inside</wp:meta_key>
                <wp:meta_value><![CDATA[CUSTOM_BLA_I_BOKA]]></wp:meta_value>
            </wp:postmeta>
            <wp:postmeta>
                <wp:meta_key>_lsb_look_inside</wp:meta_key>
                <wp:meta_value><![CDATA[lsb_acf_look_inside]]></wp:meta_value>
            </wp:postmeta>
            <category domain="lsb_tax_age" nicename="voksne"><![CDATA[voksne]]></category>
            <category domain="lsb_tax_genre" nicename="faglitteratur"><![CDATA[faglitteratur]]></category>
            <category domain="lsb_tax_topic" nicename="mennesker-i-mellom"><![CDATA[mennesker i mellom]]></category>
            <category domain="lsb_tax_language" nicename="no_nb"><![CDATA[bokmål]]></category>
            <category domain="lsb_tax_customization" nicename="faglitteratur"><![CDATA[faglitteratur]]></category>
            <wp:postmeta>
                <wp:meta_key>_thumbnail_id</wp:meta_key>
                <wp:meta_value><![CDATA[5587]]></wp:meta_value>
            </wp:postmeta>
        </item>
        <item>
            <title>Jeg-er-stolt-av-deg_hd_image.jpg</title>
            <wp:post_id>5587</wp:post_id>
            <wp:status>inherit</wp:status>
            <wp:post_type>attachment</wp:post_type>
            <wp:attachment_url>https://raw.githubusercontent.com/lesersokerbok/boksok.no-data-utils/master/output-example/images/F0A8052953894454A3B7F05F121E614F.jpg</wp:attachment_url>
        </item>
        <item>
            <wp:post_type>lsb_book</wp:post_type>
            <wp:status>publish</wp:status>
            <title>Pauls jul</title>
            <excerpt:encoded><![CDATA[Paul Løwe deler enkle, vakre tips   til julepynt, innpakning og mat.]]></excerpt:encoded>
            <wp:postmeta>
                <wp:meta_key>lsb_isbn</wp:meta_key>
                <wp:meta_value><![CDATA[9788281881235]]></wp:meta_value>
            </wp:postmeta>
            <wp:postmeta>
                <wp:meta_key>_lsb_isbn</wp:meta_key>
                <wp:meta_value><![CDATA[lsb_acf_isbn]]></wp:meta_value>
            </wp:postmeta>
            <wp:postmeta>
                <wp:meta_key>lsb_published_year</wp:meta_key>
                <wp:meta_value><![CDATA[2012]]></wp:meta_value>
            </wp:postmeta>
            <wp:postmeta>
                <wp:meta_key>_lsb_published_year</wp:meta_key>
                <wp:meta_value><![CDATA[lsb_acf_published_year]]></wp:meta_value>
            </wp:postmeta>
            <wp:postmeta>
                <wp:meta_key>lsb_pages</wp:meta_key>
                <wp:meta_value><![CDATA[240]]></wp:meta_value>
            </wp:postmeta>
            <wp:postmeta>
                <wp:meta_key>_lsb_pages</wp:meta_key>
                <wp:meta_value><![CDATA[lsb_acf_pages]]></wp:meta_value>
            </wp:postmeta>
            <wp:postmeta>
                <wp:meta_key>lsb_review</wp:meta_key>
                <wp:meta_value><![CDATA[  <div>Paul Løwe er en ekte juleromantiker.</div>  <div>I denne boka viser han frem julepynt,</div>  <div>gaver og mat på en måte du ikke har sett før.</div>  <div>Alt er enkelt å få til hjemme,</div>  <div>og krever ikke mye utstyr.</div>  <div>Resultatet ser likevel imponerende ut.</div>  <div>Noen av oppskriftene er klassiske</div>  <div>- men med en vri.</div>  <div>&#160;</div>  <div>Alle oppskriftene er enkelt forklart,</div>  <div>og illustrert med lekre, store fotografier.</div>  <div>Noen steder er det litt dårlig kontrast</div>  <div>mellom tekst og bilde.&#160;</div>  <div>&#160;</div>  <div><strong>Paul Løwe</strong> er født og oppvokst </div>  <div>i en matglad familie i Oslo.</div>  <div>Han har i mange år jobbet med</div>  <div>å style mat og interiør for kjente blader.</div>  <div>De siste syv årene har han bodd i New York.&#160;</div>  <div><br />  </div>  ]]></wp:meta_value>
            </wp:postmeta>
            <wp:postmeta>
                <wp:meta_key>_lsb_review</wp:meta_key>
                <wp:meta_value><![CDATA[lsb_acf_review]]></wp:meta_value>
            </wp:postmeta>
            <wp:postmeta>
                <wp:meta_key>lsb_quote</wp:meta_key>
                <wp:meta_value><![CDATA[Jeg prøver så godt jeg kan å holde en del tradisjoner ved like,  det er ikke alltid like lett, men en tradisjon bør ikke brytes.  Jeg setter alltid av en kveld for å pakke inn gaver og skrive  kort. Julemusikk på full guffe - jeg er en hund etter ameri-  kansk julemusikk fra 50- og 60-tallet - et tonn av papir og  bånd og en stor mugge med et eller annet med alkohol i.]]></wp:meta_value>
            </wp:postmeta>
            <wp:postmeta>
                <wp:meta_key>_lsb_quote</wp:meta_key>
                <wp:meta_value><![CDATA[lsb_acf_quote]]></wp:meta_value>
            </wp:postmeta>
            <wp:postmeta>
                <wp:meta_key>lsb_supported</wp:meta_key>
                <wp:meta_value><![CDATA[0]]></wp:meta_value>
            </wp:postmeta>
            <wp:postmeta>
                <wp:meta_key>_lsb_supported</wp:meta_key>
                <wp:meta_value><![CDATA[lsb_acf_supported]]></wp:meta_value>
            </wp:postmeta>
            <category domain="lsb_tax_author" nicename="paul-løwe"><![CDATA[Paul Løwe]]></category>
            <category domain="lsb_tax_publisher" nicename="versal"><![CDATA[Versal]]></category>
            <category domain="lsb_tax_illustrator" nicename="alexandra-grablewski"><![CDATA[Alexandra Grablewski]]></category>
            <wp:postmeta>
                <wp:meta_key>lsb_look_inside</wp:meta_key>
                <wp:meta_value><![CDATA[CUSTOM_BLA_I_BOKA]]></wp:meta_value>
            </wp:postmeta>
            <wp:postmeta>
                <wp:meta_key>_lsb_look_inside</wp:meta_key>
                <wp:meta_value><![CDATA[lsb_acf_look_inside]]></wp:meta_value>
            </wp:postmeta>
            <category domain="lsb_tax_age" nicename="ungdom"><![CDATA[ungdom]]></category>
            <category domain="lsb_tax_age" nicename="voksne"><![CDATA[voksne]]></category>
            <category domain="lsb_tax_topic" nicename="hus"><![CDATA[hus]]></category>
            <category domain="lsb_tax_topic" nicename="hjem"><![CDATA[hjem]]></category>
            <category domain="lsb_tax_topic" nicename="hage"><![CDATA[hage]]></category>
            <category domain="lsb_tax_language" nicename="no_nb"><![CDATA[bokmål]]></category>
            <category domain="lsb_tax_customization" nicename="faglitteratur"><![CDATA[faglitteratur]]></category>
            <category domain="lsb_tax_customization" nicename="mange-bilder"><![CDATA[mange bilder]]></category>
            <wp:postmeta>
                <wp:meta_key>_thumbnail_id</wp:meta_key>
                <wp:meta_value><![CDATA[5588]]></wp:meta_value>
            </wp:postmeta>
        </item>
        <item>
            <title>Pauls-jul_versalbilde.jpg</title>
            <wp:post_id>5588</wp:post_id>
            <wp:status>inherit</wp:status>
            <wp:post_type>attachment</wp:post_type>
            <wp:attachment_url>https://raw.githubusercontent.com/lesersokerbok/boksok.no-data-utils/master/output-example/images/65804C95BB3E4FCC97742E18C72A83B7.jpg</wp:attachment_url>
        </item>
        <item>
            <wp:post_type>lsb_book</wp:post_type>
            <wp:status>publish</wp:status>
            <title>Blå blondie</title>
            <excerpt:encoded><![CDATA[Katti og Pernille er slike venninner du sikkert har sett.  Dei er sånne som heng saman støtt og kan seie alt til kvarandre.  Ingen kan kome mellom dei. Ingen!    Eller?]]></excerpt:encoded>
            <wp:postmeta>
                <wp:meta_key>lsb_isbn</wp:meta_key>
                <wp:meta_value><![CDATA[9788252172737]]></wp:meta_value>
            </wp:postmeta>
            <wp:postmeta>
                <wp:meta_key>_lsb_isbn</wp:meta_key>
                <wp:meta_value><![CDATA[lsb_acf_isbn]]></wp:meta_value>
            </wp:postmeta>
            <wp:postmeta>
                <wp:meta_key>lsb_published_year</wp:meta_key>
                <wp:meta_value><![CDATA[2008]]></wp:meta_value>
            </wp:postmeta>
            <wp:postmeta>
                <wp:meta_key>_lsb_published_year</wp:meta_key>
                <wp:meta_value><![CDATA[lsb_acf_published_year]]></wp:meta_value>
            </wp:postmeta>
            <wp:postmeta>
                <wp:meta_key>lsb_pages</wp:meta_key>
                <wp:meta_value><![CDATA[62]]></wp:meta_value>
            </wp:postmeta>
            <wp:postmeta>
                <wp:meta_key>_lsb_pages</wp:meta_key>
                <wp:meta_value><![CDATA[lsb_acf_pages]]></wp:meta_value>
            </wp:postmeta>
            <wp:postmeta>
                <wp:meta_key>lsb_review</wp:meta_key>
                <wp:meta_value><![CDATA[  <div>Blå blondie handlar om venskap,<br />  fest, fleire gutar </div>  <div>og ei søster som kanskje skal døy.</div>  <div>&#160;</div>  <div>Boka er lettlest og har mykje luft </div>  <div>på kvar side. Avsnitta er  korte og lette å følgje.<br />  To stader er det hopp i tid, </div>  <div>men dei er tydelige markerte</div>  <div>og skapar ikkje forvirring i historia. </div>  <div>&#160;</div>  <div><strong>Linn T. Sunne</strong> har gitt ut fleire ungdomsbøker </div>  <div>både på nynorsk  og bokmål.<br />  I 2007 vann ho Brageprisen </div>  <div>for barne- og ungdomsbøker </div>  <div>for boka <strong>Happy</strong>.</div> <br />    ]]></wp:meta_value>
            </wp:postmeta>
            <wp:postmeta>
                <wp:meta_key>_lsb_review</wp:meta_key>
                <wp:meta_value><![CDATA[lsb_acf_review]]></wp:meta_value>
            </wp:postmeta>
            <wp:postmeta>
                <wp:meta_key>lsb_quote</wp:meta_key>
                <wp:meta_value><![CDATA[Fingrane våre har funne kvarandre, hjertet mitt har  flytta seg ut i venstre hand og ligg der og dunker og   skjelv.    Vi ser over til stranda, folk kjem og går, men går   mest. Det er ettermiddag, kanskje kveld allereie?  ]]></wp:meta_value>
            </wp:postmeta>
            <wp:postmeta>
                <wp:meta_key>_lsb_quote</wp:meta_key>
                <wp:meta_value><![CDATA[lsb_acf_quote]]></wp:meta_value>
            </wp:postmeta>
            <wp:postmeta>
                <wp:meta_key>lsb_supported</wp:meta_key>
                <wp:meta_value><![CDATA[0]]></wp:meta_value>
            </wp:postmeta>
            <wp:postmeta>
                <wp:meta_key>_lsb_supported</wp:meta_key>
                <wp:meta_value><![CDATA[lsb_acf_supported]]></wp:meta_value>
            </wp:postmeta>
            <category domain="lsb_tax_author" nicename="linn-t.-sunne"><![CDATA[Linn T. Sunne]]></category>
            <category domain="lsb_tax_publisher" nicename="samlaget"><![CDATA[Samlaget]]></category>
            <wp:postmeta>
                <wp:meta_key>lsb_look_inside</wp:meta_key>
                <wp:meta_value><![CDATA[CUSTOM_BLA_I_BOKA]]></wp:meta_value>
            </wp:postmeta>
            <wp:postmeta>
                <wp:meta_key>_lsb_look_inside</wp:meta_key>
                <wp:meta_value><![CDATA[lsb_acf_look_inside]]></wp:meta_value>
            </wp:postmeta>
            <category domain="lsb_tax_age" nicename="ungdom"><![CDATA[ungdom]]></category>
            <category domain="lsb_tax_genre" nicename="prosa"><![CDATA[prosa]]></category>
            <category domain="lsb_tax_topic" nicename="kjærlighet"><![CDATA[kjærlighet]]></category>
            <category domain="lsb_tax_topic" nicename="mennesker-i-mellom"><![CDATA[mennesker i mellom]]></category>
            <category domain="lsb_tax_language" nicename="no_nn"><![CDATA[nynorsk]]></category>
            <category domain="lsb_tax_customization" nicename="skjønnlitteratur"><![CDATA[skjønnlitteratur]]></category>
            <wp:postmeta>
                <wp:meta_key>_thumbnail_id</wp:meta_key>
                <wp:meta_value><![CDATA[5589]]></wp:meta_value>
            </wp:postmeta>
        </item>
        <item>
            <title>Blå blondie.jpg</title>
            <wp:post_id>5589</wp:post_id>
            <wp:status>inherit</wp:status>
            <wp:post_type>attachment</wp:post_type>
            <wp:attachment_url>https://raw.githubusercontent.com/lesersokerbok/boksok.no-data-utils/master/output-example/images/75C53620BF3542008E3484499BAEAFFC.jpg</wp:attachment_url>
        </item>
        <item>
            <wp:post_type>lsb_book</wp:post_type>
            <wp:status>publish</wp:status>
            <title>Noen roper navnet mitt</title>
            <excerpt:encoded><![CDATA[Livet ligger foran Monica, men hvilken vei skal hun velge?]]></excerpt:encoded>
            <wp:postmeta>
                <wp:meta_key>lsb_isbn</wp:meta_key>
                <wp:meta_value><![CDATA[9788203255052]]></wp:meta_value>
            </wp:postmeta>
            <wp:postmeta>
                <wp:meta_key>_lsb_isbn</wp:meta_key>
                <wp:meta_value><![CDATA[lsb_acf_isbn]]></wp:meta_value>
            </wp:postmeta>
            <wp:postmeta>
                <wp:meta_key>lsb_published_year</wp:meta_key>
                <wp:meta_value><![CDATA[2012]]></wp:meta_value>
            </wp:postmeta>
            <wp:postmeta>
                <wp:meta_key>_lsb_published_year</wp:meta_key>
                <wp:meta_value><![CDATA[lsb_acf_published_year]]></wp:meta_value>
            </wp:postmeta>
            <wp:postmeta>
                <wp:meta_key>lsb_pages</wp:meta_key>
                <wp:meta_value><![CDATA[72]]></wp:meta_value>
            </wp:postmeta>
            <wp:postmeta>
                <wp:meta_key>_lsb_pages</wp:meta_key>
                <wp:meta_value><![CDATA[lsb_acf_pages]]></wp:meta_value>
            </wp:postmeta>
            <wp:postmeta>
                <wp:meta_key>lsb_review</wp:meta_key>
                <wp:meta_value><![CDATA[  <div>Noe er endra i livet hennes, </div>  <div>og Monica trenger å tenke over ting. </div>  <div>Hun har arva en tomt av mora si. </div>  <div>Dit reiser hun. Og hun får lyst til å bli der, </div>  <div>i stedet for å fullføre skolen.&#160;</div>  <div>&#160;</div>  <div>Boka har korte avsnitt og mye luft på siden. </div>  <div>Den er skrevet på bokmål, </div>  <div>med noen ord på dialekt.</div>  <div>&#160;</div>  <div><strong>Eva Jensen</strong> jobber som gjendikter og oversetter. </div>  <div>Hun er en allsidig forfatter som skriver dikt, </div>  <div>noveller, romaner, essays og artikler.&#160;</div>  <div>&#160;</div>  <div>&#160;</div>  <div>&#160;</div>  ]]></wp:meta_value>
            </wp:postmeta>
            <wp:postmeta>
                <wp:meta_key>_lsb_review</wp:meta_key>
                <wp:meta_value><![CDATA[lsb_acf_review]]></wp:meta_value>
            </wp:postmeta>
            <wp:postmeta>
                <wp:meta_key>lsb_quote</wp:meta_key>
                <wp:meta_value><![CDATA[Jeg sveiver. Vannet renner. Bladet på ljåen blir langsomt  blankt. Det tar tid.     Gjør noe ensformig, og du får rydda i hodet. Det er et av  mammas slagord.     Ho har rett, jeg har prøvd det før. Stabla ved. Malt hus.  Skrapt båt. Båret stein.     Men hva er alle hennes kloke ord verd når ho bare forlater  datteren sin?    Mye mindre, kjennes det som.]]></wp:meta_value>
            </wp:postmeta>
            <wp:postmeta>
                <wp:meta_key>_lsb_quote</wp:meta_key>
                <wp:meta_value><![CDATA[lsb_acf_quote]]></wp:meta_value>
            </wp:postmeta>
            <wp:postmeta>
                <wp:meta_key>lsb_supported</wp:meta_key>
                <wp:meta_value><![CDATA[0]]></wp:meta_value>
            </wp:postmeta>
            <wp:postmeta>
                <wp:meta_key>_lsb_supported</wp:meta_key>
                <wp:meta_value><![CDATA[lsb_acf_supported]]></wp:meta_value>
            </wp:postmeta>
            <category domain="lsb_tax_author" nicename="eva-jensen"><![CDATA[Eva Jensen]]></category>
            <category domain="lsb_tax_publisher" nicename="aschehoug"><![CDATA[Aschehoug]]></category>
            <wp:postmeta>
                <wp:meta_key>lsb_look_inside</wp:meta_key>
                <wp:meta_value><![CDATA[CUSTOM_BLA_I_BOKA]]></wp:meta_value>
            </wp:postmeta>
            <wp:postmeta>
                <wp:meta_key>_lsb_look_inside</wp:meta_key>
                <wp:meta_value><![CDATA[lsb_acf_look_inside]]></wp:meta_value>
            </wp:postmeta>
            <category domain="lsb_tax_age" nicename="ungdom"><![CDATA[ungdom]]></category>
            <category domain="lsb_tax_age" nicename="voksne"><![CDATA[voksne]]></category>
            <category domain="lsb_tax_genre" nicename="prosa"><![CDATA[prosa]]></category>
            <category domain="lsb_tax_topic" nicename="kjærlighet"><![CDATA[kjærlighet]]></category>
            <category domain="lsb_tax_topic" nicename="natur"><![CDATA[natur]]></category>
            <category domain="lsb_tax_topic" nicename="mennesker-i-mellom"><![CDATA[mennesker i mellom]]></category>
            <category domain="lsb_tax_language" nicename="no_nb"><![CDATA[bokmål]]></category>
            <category domain="lsb_tax_customization" nicename="skjønnlitteratur"><![CDATA[skjønnlitteratur]]></category>
            <wp:postmeta>
                <wp:meta_key>_thumbnail_id</wp:meta_key>
                <wp:meta_value><![CDATA[5590]]></wp:meta_value>
            </wp:postmeta>
        </item>
        <item>
            <title>Noen roper navnet mitt.jpg</title>
            <wp:post_id>5590</wp:post_id>
            <wp:status>inherit</wp:status>
            <wp:post_type>attachment</wp:post_type>
            <wp:attachment_url>https://raw.githubusercontent.com/lesersokerbok/boksok.no-data-utils/master/output-example/images/708875333FE04E45A00AA2ABBDA83EF6.jpg</wp:attachment_url>
        </item>
        <item>
            <wp:post_type>lsb_book</wp:post_type>
            <wp:status>publish</wp:status>
            <title>Den hemmelege vegen til månen</title>
            <excerpt:encoded><![CDATA[Klara har noko hemmeleg, Knut spring etter.]]></excerpt:encoded>
            <wp:postmeta>
                <wp:meta_key>lsb_isbn</wp:meta_key>
                <wp:meta_value><![CDATA[9788252177428]]></wp:meta_value>
            </wp:postmeta>
            <wp:postmeta>
                <wp:meta_key>_lsb_isbn</wp:meta_key>
                <wp:meta_value><![CDATA[lsb_acf_isbn]]></wp:meta_value>
            </wp:postmeta>
            <wp:postmeta>
                <wp:meta_key>lsb_published_year</wp:meta_key>
                <wp:meta_value><![CDATA[2010]]></wp:meta_value>
            </wp:postmeta>
            <wp:postmeta>
                <wp:meta_key>_lsb_published_year</wp:meta_key>
                <wp:meta_value><![CDATA[lsb_acf_published_year]]></wp:meta_value>
            </wp:postmeta>
            <wp:postmeta>
                <wp:meta_key>lsb_pages</wp:meta_key>
                <wp:meta_value><![CDATA[34]]></wp:meta_value>
            </wp:postmeta>
            <wp:postmeta>
                <wp:meta_key>_lsb_pages</wp:meta_key>
                <wp:meta_value><![CDATA[lsb_acf_pages]]></wp:meta_value>
            </wp:postmeta>
            <wp:postmeta>
                <wp:meta_key>lsb_review</wp:meta_key>
                <wp:meta_value><![CDATA[  <div>Det er sommar, </div>  <div>og alle venene til Knut er på ferie.</div>  <div>Heldigvis dukkar Klara opp.</div>  <div>Ho veit om ein hemmeleg veg til månen. </div>  <div>Knut får vere med.</div>  <div> Reisa blir litt annleis </div>  <div>enn han hadde tenkt seg. </div>  <div>Samstundes akkurat slik den skulle vere.</div>  <div>&#160;</div>  <div>Boka har eit luftig oppsett </div>  <div>og korte setninger. </div>  <div>Ho har enkle ord som brukas fleire gonger.</div>  <div><strong>Den hemmelege vegen til månen</strong> </div>  <div>er ei fin forteljing om to ungar som leiker i lag.&#160;</div>  <div>&#160;</div>  <div>Eivor Vindenes (født 1971) er forfatter og redaktør.</div>  <div>Ho fekk Guro Sandsdalens pris </div>  <div>for si første barnebok, <strong>Alt kan repareras</strong><strong>.</strong>&#160;<span style="background-color: rgb(255, 255, 255); font-size: 13px;">&#160;</span></div>  ]]></wp:meta_value>
            </wp:postmeta>
            <wp:postmeta>
                <wp:meta_key>_lsb_review</wp:meta_key>
                <wp:meta_value><![CDATA[lsb_acf_review]]></wp:meta_value>
            </wp:postmeta>
            <wp:postmeta>
                <wp:meta_key>lsb_quote</wp:meta_key>
                <wp:meta_value><![CDATA[Klara tek fram to tørkle frå lomma,  eit raudruta og eit heilt blått. No kviskrar ho att:  - Den hemmelege vegen til månen er heilt  hemmeleg.  Vi får ikkje eingong sjå når vi går dit.  Ho legg det raudruta tørkleet  over auga på han,  og knyter hardt.  - Ser du noko? spør Klara.]]></wp:meta_value>
            </wp:postmeta>
            <wp:postmeta>
                <wp:meta_key>_lsb_quote</wp:meta_key>
                <wp:meta_value><![CDATA[lsb_acf_quote]]></wp:meta_value>
            </wp:postmeta>
            <wp:postmeta>
                <wp:meta_key>lsb_supported</wp:meta_key>
                <wp:meta_value><![CDATA[0]]></wp:meta_value>
            </wp:postmeta>
            <wp:postmeta>
                <wp:meta_key>_lsb_supported</wp:meta_key>
                <wp:meta_value><![CDATA[lsb_acf_supported]]></wp:meta_value>
            </wp:postmeta>
            <category domain="lsb_tax_author" nicename="eivor-vindenes"><![CDATA[Eivor Vindenes]]></category>
            <category domain="lsb_tax_publisher" nicename="samlaget"><![CDATA[Samlaget]]></category>
            <category domain="lsb_tax_illustrator" nicename="helena-ohlsson"><![CDATA[Helena Ohlsson]]></category>
            <wp:postmeta>
                <wp:meta_key>lsb_look_inside</wp:meta_key>
                <wp:meta_value><![CDATA[CUSTOM_BLA_I_BOKA]]></wp:meta_value>
            </wp:postmeta>
            <wp:postmeta>
                <wp:meta_key>_lsb_look_inside</wp:meta_key>
                <wp:meta_value><![CDATA[lsb_acf_look_inside]]></wp:meta_value>
            </wp:postmeta>
            <category domain="lsb_tax_age" nicename="barn"><![CDATA[barn]]></category>
            <category domain="lsb_tax_genre" nicename="prosa"><![CDATA[prosa]]></category>
            <category domain="lsb_tax_topic" nicename="mennesker-i-mellom"><![CDATA[mennesker i mellom]]></category>
            <category domain="lsb_tax_language" nicename="no_nn"><![CDATA[nynorsk]]></category>
            <category domain="lsb_tax_customization" nicename="skjønnlitteratur"><![CDATA[skjønnlitteratur]]></category>
            <category domain="lsb_tax_customization" nicename="mange-bilder"><![CDATA[mange bilder]]></category>
            <wp:postmeta>
                <wp:meta_key>_thumbnail_id</wp:meta_key>
                <wp:meta_value><![CDATA[5591]]></wp:meta_value>
            </wp:postmeta>
        </item>
        <item>
            <title>den hemmelege vegen.jpg</title>
            <wp:post_id>5591</wp:post_id>
            <wp:status>inherit</wp:status>
            <wp:post_type>attachment</wp:post_type>
            <wp:attachment_url>https://raw.githubusercontent.com/lesersokerbok/boksok.no-data-utils/master/output-example/images/187A79FB14A549A1BFC177C59730D277.jpg</wp:attachment_url>
        </item>
        <item>
            <wp:post_type>lsb_book</wp:post_type>
            <wp:status>publish</wp:status>
            <title>De 100 000 dødes øy</title>
            <excerpt:encoded><![CDATA[Gwenys far forlot henne og moren da han fant en flaske med et skattekart.   Fem år senere finner Gweny et nytt kart   og drar til de 100 000 dødes øy for å lete etter faren.   ]]></excerpt:encoded>
            <wp:postmeta>
                <wp:meta_key>lsb_isbn</wp:meta_key>
                <wp:meta_value><![CDATA[9788292863244]]></wp:meta_value>
            </wp:postmeta>
            <wp:postmeta>
                <wp:meta_key>_lsb_isbn</wp:meta_key>
                <wp:meta_value><![CDATA[lsb_acf_isbn]]></wp:meta_value>
            </wp:postmeta>
            <wp:postmeta>
                <wp:meta_key>lsb_published_year</wp:meta_key>
                <wp:meta_value><![CDATA[2011]]></wp:meta_value>
            </wp:postmeta>
            <wp:postmeta>
                <wp:meta_key>_lsb_published_year</wp:meta_key>
                <wp:meta_value><![CDATA[lsb_acf_published_year]]></wp:meta_value>
            </wp:postmeta>
            <wp:postmeta>
                <wp:meta_key>lsb_pages</wp:meta_key>
                <wp:meta_value/>
            </wp:postmeta>
            <wp:postmeta>
                <wp:meta_key>_lsb_pages</wp:meta_key>
                <wp:meta_value><![CDATA[lsb_acf_pages]]></wp:meta_value>
            </wp:postmeta>
            <wp:postmeta>
                <wp:meta_key>lsb_review</wp:meta_key>
                <wp:meta_value><![CDATA[  <div>Gweny får med seg en gjeng sjørøvere.&#160;</div>  <div>Kartet hun følger tar dem med til en skole for bødler.</div>  <div>Hvordan skal Gweny finne faren sin </div>  <div>uten å bli bli utsatt for skolens elever?<br />  <br />  Tegneserien er laget i en sammenhengende histore. <br />  Noen steder er det hopp i tid og sted, </div>  <div>men ikke mer enn at man greier å henge med. </div>  <div>&#160;</div>  <div>Boka er tegnet av den kjente norske serieskaperen </div>  <div>John Arne Sæterøy, bedre kjent som Jason. <br />  Teksten er skrevet av Fabien Vehlmann<br />  </div>  ]]></wp:meta_value>
            </wp:postmeta>
            <wp:postmeta>
                <wp:meta_key>_lsb_review</wp:meta_key>
                <wp:meta_value><![CDATA[lsb_acf_review]]></wp:meta_value>
            </wp:postmeta>
            <wp:postmeta>
                <wp:meta_key>lsb_quote</wp:meta_key>
                <wp:meta_value><![CDATA[- Tilfellet Tobias, ja.  - Hva skal man si...  - I dag rotet han det helt til med en henrettelse.   Jeg ville ikke likt å være i den dødsdømtes sted.]]></wp:meta_value>
            </wp:postmeta>
            <wp:postmeta>
                <wp:meta_key>_lsb_quote</wp:meta_key>
                <wp:meta_value><![CDATA[lsb_acf_quote]]></wp:meta_value>
            </wp:postmeta>
            <wp:postmeta>
                <wp:meta_key>lsb_supported</wp:meta_key>
                <wp:meta_value><![CDATA[0]]></wp:meta_value>
            </wp:postmeta>
            <wp:postmeta>
                <wp:meta_key>_lsb_supported</wp:meta_key>
                <wp:meta_value><![CDATA[lsb_acf_supported]]></wp:meta_value>
            </wp:postmeta>
            <category domain="lsb_tax_author" nicename="fabien-vehlmann"><![CDATA[Fabien Vehlmann]]></category>
            <category domain="lsb_tax_publisher" nicename="magikon"><![CDATA[Magikon]]></category>
            <category domain="lsb_tax_illustrator" nicename="jason"><![CDATA[Jason]]></category>
            <wp:postmeta>
                <wp:meta_key>lsb_look_inside</wp:meta_key>
                <wp:meta_value><![CDATA[CUSTOM_BLA_I_BOKA]]></wp:meta_value>
            </wp:postmeta>
            <wp:postmeta>
                <wp:meta_key>_lsb_look_inside</wp:meta_key>
                <wp:meta_value><![CDATA[lsb_acf_look_inside]]></wp:meta_value>
            </wp:postmeta>
            <category domain="lsb_tax_age" nicename="ungdom"><![CDATA[ungdom]]></category>
            <category domain="lsb_tax_age" nicename="voksne"><![CDATA[voksne]]></category>
            <category domain="lsb_tax_topic" nicename="humor"><![CDATA[humor]]></category>
            <category domain="lsb_tax_language" nicename="no_nb"><![CDATA[bokmål]]></category>
            <category domain="lsb_tax_customization" nicename="skjønnlitteratur"><![CDATA[skjønnlitteratur]]></category>
            <category domain="lsb_tax_customization" nicename="bilder"><![CDATA[bilder]]></category>
            <category domain="lsb_tax_customization" nicename="mange-bilder"><![CDATA[mange bilder]]></category>
            <wp:postmeta>
                <wp:meta_key>_thumbnail_id</wp:meta_key>
                <wp:meta_value><![CDATA[5592]]></wp:meta_value>
            </wp:postmeta>
        </item>
        <item>
            <title>de 100 000 dødes.jpg</title>
            <wp:post_id>5592</wp:post_id>
            <wp:status>inherit</wp:status>
            <wp:post_type>attachment</wp:post_type>
            <wp:attachment_url>https://raw.githubusercontent.com/lesersokerbok/boksok.no-data-utils/master/output-example/images/F1409FFF092447629B79D3D1C16F3C09.jpg</wp:attachment_url>
        </item>
        <item>
            <wp:post_type>lsb_book</wp:post_type>
            <wp:status>publish</wp:status>
            <title>Eg treng tid til å sakna deg</title>
            <excerpt:encoded><![CDATA[Ei var og vakker samling.   Dikta handlar om sorg og om å sakne ei søster.]]></excerpt:encoded>
            <wp:postmeta>
                <wp:meta_key>lsb_isbn</wp:meta_key>
                <wp:meta_value><![CDATA[9788205422063]]></wp:meta_value>
            </wp:postmeta>
            <wp:postmeta>
                <wp:meta_key>_lsb_isbn</wp:meta_key>
                <wp:meta_value><![CDATA[lsb_acf_isbn]]></wp:meta_value>
            </wp:postmeta>
            <wp:postmeta>
                <wp:meta_key>lsb_published_year</wp:meta_key>
                <wp:meta_value><![CDATA[2012]]></wp:meta_value>
            </wp:postmeta>
            <wp:postmeta>
                <wp:meta_key>_lsb_published_year</wp:meta_key>
                <wp:meta_value><![CDATA[lsb_acf_published_year]]></wp:meta_value>
            </wp:postmeta>
            <wp:postmeta>
                <wp:meta_key>lsb_pages</wp:meta_key>
                <wp:meta_value><![CDATA[80 sider]]></wp:meta_value>
            </wp:postmeta>
            <wp:postmeta>
                <wp:meta_key>_lsb_pages</wp:meta_key>
                <wp:meta_value><![CDATA[lsb_acf_pages]]></wp:meta_value>
            </wp:postmeta>
            <wp:postmeta>
                <wp:meta_key>lsb_review</wp:meta_key>
                <wp:meta_value><![CDATA[  <div style="line-height: 142%; margin: 0cm 0cm 0pt;" class="MsoNormal"><span style="line-height: 142%;">Storesøster forsvinn.&#160;</span></div>  <div style="line-height: 142%; margin: 0cm 0cm 0pt;" class="MsoNormal"><span style="line-height: 142%;">Dikta handlar om </span><span style="line-height: 142%;">kjærleik mellom søsken,</span></div>  <div style="line-height: 142%; margin: 0cm 0cm 0pt;" class="MsoNormal"><span style="line-height: 142%;">om å leve gjennom minnet om sø</span><span style="line-height: 142%;">stera.</span></div>  <div style="line-height: 142%; margin: 0cm 0cm 0pt;" class="MsoNormal"><span style="line-height: 142%;">  <div>Det handlar om tid, </div>  <div>om å oppleve at skillet mellom fortid </div>  <div>og notid forsvinn.</div></span></div>  <div style="line-height: 142%; margin: 0cm 0cm 0pt;" class="MsoNormal"><span style="line-height: 142%;">&#160;</span></div>  <div style="line-height: 142%; margin: 0cm 0cm 0pt;" class="MsoNormal"><span style="line-height: 142%;"><strong>Eg treng tid til å sakna deg </strong></span></div>  <div style="line-height: 142%; margin: 0cm 0cm 0pt;" class="MsoNormal"><span style="line-height: 142%;"><strong></strong>er ei bok med fleire lag<em>. </em></span></div>  <div><span style="line-height: 142%;">Den </span><span style="line-height: 142%;">kan lesast både </span></div>  <div><span style="line-height: 142%;">som ei samling dikt og ei </span><span style="line-height: 142%;" lang="NO-NYN">forteljing</span><span style="line-height: 142%;">.<em>&#160;</em></span></div>  <p><span style="line-height: 142%;"><br />  Charlotte K.Riise er fødd i Ålesund i 1987.  </span></p>  <div style="line-height: 142%; margin: 0cm 0cm 3.75pt;" class="MsoNormal"><strong>Eg treng tid til å sakna deg<br />  </strong><span style="line-height: 142%;">er den første boka hennar.</span></div>  <div style="line-height: 142%; margin: 0cm 0cm 3.75pt;" class="MsoNormal"><span style="line-height: 142%;" lang="NO-NYN">  <p>&#160;</p></span></div>  ]]></wp:meta_value>
            </wp:postmeta>
            <wp:postmeta>
                <wp:meta_key>_lsb_review</wp:meta_key>
                <wp:meta_value><![CDATA[lsb_acf_review]]></wp:meta_value>
            </wp:postmeta>
            <wp:postmeta>
                <wp:meta_key>lsb_quote</wp:meta_key>
                <wp:meta_value><![CDATA[Rommet hennar  tidleg om morgonen.    Skuggen min, sengetøyet, lukta.  Å hugse denne dagen  som alle andre]]></wp:meta_value>
            </wp:postmeta>
            <wp:postmeta>
                <wp:meta_key>_lsb_quote</wp:meta_key>
                <wp:meta_value><![CDATA[lsb_acf_quote]]></wp:meta_value>
            </wp:postmeta>
            <wp:postmeta>
                <wp:meta_key>lsb_supported</wp:meta_key>
                <wp:meta_value><![CDATA[0]]></wp:meta_value>
            </wp:postmeta>
            <wp:postmeta>
                <wp:meta_key>_lsb_supported</wp:meta_key>
                <wp:meta_value><![CDATA[lsb_acf_supported]]></wp:meta_value>
            </wp:postmeta>
            <category domain="lsb_tax_author" nicename="charlotte-riise"><![CDATA[Charlotte Riise]]></category>
            <category domain="lsb_tax_publisher" nicename="gyldendal"><![CDATA[Gyldendal]]></category>
            <wp:postmeta>
                <wp:meta_key>lsb_look_inside</wp:meta_key>
                <wp:meta_value><![CDATA[CUSTOM_BLA_I_BOKA]]></wp:meta_value>
            </wp:postmeta>
            <wp:postmeta>
                <wp:meta_key>_lsb_look_inside</wp:meta_key>
                <wp:meta_value><![CDATA[lsb_acf_look_inside]]></wp:meta_value>
            </wp:postmeta>
            <category domain="lsb_tax_age" nicename="ungdom"><![CDATA[ungdom]]></category>
            <category domain="lsb_tax_age" nicename="voksne"><![CDATA[voksne]]></category>
            <category domain="lsb_tax_genre" nicename="dikt"><![CDATA[dikt]]></category>
            <category domain="lsb_tax_topic" nicename="mennesker-i-mellom"><![CDATA[mennesker i mellom]]></category>
            <category domain="lsb_tax_language" nicename="no_nn"><![CDATA[nynorsk]]></category>
            <category domain="lsb_tax_customization" nicename="skjønnlitteratur"><![CDATA[skjønnlitteratur]]></category>
            <wp:postmeta>
                <wp:meta_key>_thumbnail_id</wp:meta_key>
                <wp:meta_value><![CDATA[5593]]></wp:meta_value>
            </wp:postmeta>
        </item>
        <item>
            <title>Eg-treng-tid-til-aa-sakna-deg_hd_image.jpg</title>
            <wp:post_id>5593</wp:post_id>
            <wp:status>inherit</wp:status>
            <wp:post_type>attachment</wp:post_type>
            <wp:attachment_url>https://raw.githubusercontent.com/lesersokerbok/boksok.no-data-utils/master/output-example/images/70B1FA08350F4F148DF9B9320E1D341C.jpg</wp:attachment_url>
        </item>
        <item>
            <wp:post_type>lsb_book</wp:post_type>
            <wp:status>publish</wp:status>
            <title>Knuter - Trinn for trinn</title>
            <excerpt:encoded><![CDATA[Lær å knyte over 100 knuter   med trinn for trinn-bilder som er enkle å følge.]]></excerpt:encoded>
            <wp:postmeta>
                <wp:meta_key>lsb_isbn</wp:meta_key>
                <wp:meta_value><![CDATA[9788202387655]]></wp:meta_value>
            </wp:postmeta>
            <wp:postmeta>
                <wp:meta_key>_lsb_isbn</wp:meta_key>
                <wp:meta_value><![CDATA[lsb_acf_isbn]]></wp:meta_value>
            </wp:postmeta>
            <wp:postmeta>
                <wp:meta_key>lsb_published_year</wp:meta_key>
                <wp:meta_value><![CDATA[2013]]></wp:meta_value>
            </wp:postmeta>
            <wp:postmeta>
                <wp:meta_key>_lsb_published_year</wp:meta_key>
                <wp:meta_value><![CDATA[lsb_acf_published_year]]></wp:meta_value>
            </wp:postmeta>
            <wp:postmeta>
                <wp:meta_key>lsb_pages</wp:meta_key>
                <wp:meta_value><![CDATA[400]]></wp:meta_value>
            </wp:postmeta>
            <wp:postmeta>
                <wp:meta_key>_lsb_pages</wp:meta_key>
                <wp:meta_value><![CDATA[lsb_acf_pages]]></wp:meta_value>
            </wp:postmeta>
            <wp:postmeta>
                <wp:meta_key>lsb_review</wp:meta_key>
                <wp:meta_value><![CDATA[  <div>Her finner du knuter til all slags bruk. </div>  <div>Om du trenger knuter i dagliglivet,  </div>  <div>til seiling, fisking, camping, klatring </div>  <div>eller pynt, er dette boka for deg.<br />  I denne håndboka får du også hjelp </div>  <div>til å velge tau og tips til bruk </div>  <div>og vedlikehold av tauverk og verktøy.<br />  <br />  Noen av knutene er vanskelige, </div>  <div>men det er vanskelig å se for seg bedre forklaring</div>  <div>enn bildene i denne boka. <br />  De første kapitlene kan være litt vanskelige å forstå </div>  <div>hvis du ikke har grunnleggende kunnskap </div>  <div>om tau og knuter, men resten av boka er lett.</div>  <div><br />  Forfatteren <strong>Des Pawson</strong> er en av de i verden </div>  <div>som kan mest om knuter og tau.&#160;<br />  Han er historiker med tau og knuter som sitt spesialfelt. </div>  <div>Han har skrevet flere bøker om knuter og tau. <br />  <br />  </div> <br />    ]]></wp:meta_value>
            </wp:postmeta>
            <wp:postmeta>
                <wp:meta_key>_lsb_review</wp:meta_key>
                <wp:meta_value><![CDATA[lsb_acf_review]]></wp:meta_value>
            </wp:postmeta>
            <wp:postmeta>
                <wp:meta_key>lsb_quote</wp:meta_key>
                <wp:meta_value/>
            </wp:postmeta>
            <wp:postmeta>
                <wp:meta_key>_lsb_quote</wp:meta_key>
                <wp:meta_value><![CDATA[lsb_acf_quote]]></wp:meta_value>
            </wp:postmeta>
            <wp:postmeta>
                <wp:meta_key>lsb_supported</wp:meta_key>
                <wp:meta_value><![CDATA[0]]></wp:meta_value>
            </wp:postmeta>
            <wp:postmeta>
                <wp:meta_key>_lsb_supported</wp:meta_key>
                <wp:meta_value><![CDATA[lsb_acf_supported]]></wp:meta_value>
            </wp:postmeta>
            <category domain="lsb_tax_author" nicename="des-pawson"><![CDATA[Des Pawson]]></category>
            <category domain="lsb_tax_publisher" nicename="cappelen-damm-faktum"><![CDATA[Cappelen Damm Faktum]]></category>
            <category domain="lsb_tax_translator" nicename="irene-inman-tjørve"><![CDATA[Irene Inman Tjørve]]></category>
            <wp:postmeta>
                <wp:meta_key>lsb_look_inside</wp:meta_key>
                <wp:meta_value><![CDATA[CUSTOM_BLA_I_BOKA]]></wp:meta_value>
            </wp:postmeta>
            <wp:postmeta>
                <wp:meta_key>_lsb_look_inside</wp:meta_key>
                <wp:meta_value><![CDATA[lsb_acf_look_inside]]></wp:meta_value>
            </wp:postmeta>
            <category domain="lsb_tax_age" nicename="ungdom"><![CDATA[ungdom]]></category>
            <category domain="lsb_tax_age" nicename="voksne"><![CDATA[voksne]]></category>
            <category domain="lsb_tax_genre" nicename="faglitteratur"><![CDATA[faglitteratur]]></category>
            <category domain="lsb_tax_language" nicename="no_nb"><![CDATA[bokmål]]></category>
            <category domain="lsb_tax_customization" nicename="faglitteratur"><![CDATA[faglitteratur]]></category>
            <category domain="lsb_tax_customization" nicename="mange-bilder"><![CDATA[mange bilder]]></category>
            <wp:postmeta>
                <wp:meta_key>_thumbnail_id</wp:meta_key>
                <wp:meta_value><![CDATA[5594]]></wp:meta_value>
            </wp:postmeta>
        </item>
        <item>
            <title>Knuter trinn for trinn.jpg</title>
            <wp:post_id>5594</wp:post_id>
            <wp:status>inherit</wp:status>
            <wp:post_type>attachment</wp:post_type>
            <wp:attachment_url>https://raw.githubusercontent.com/lesersokerbok/boksok.no-data-utils/master/output-example/images/261CF3A5553C4F41910B5BAACD35C619.jpg</wp:attachment_url>
        </item>
        <item>
            <wp:post_type>lsb_book</wp:post_type>
            <wp:status>publish</wp:status>
            <title>Dauinger 1: Ute av tiden</title>
            <excerpt:encoded><![CDATA[Noen mennesker kan se de døde.  Det fins folk som reiser rundt for å finne gjenferd  og hjelpe dem over til den andre siden.  Kanskje overgangen mellom liv og død   ikke er helt som du tror?]]></excerpt:encoded>
            <wp:postmeta>
                <wp:meta_key>lsb_isbn</wp:meta_key>
                <wp:meta_value><![CDATA[9788248912057]]></wp:meta_value>
            </wp:postmeta>
            <wp:postmeta>
                <wp:meta_key>_lsb_isbn</wp:meta_key>
                <wp:meta_value><![CDATA[lsb_acf_isbn]]></wp:meta_value>
            </wp:postmeta>
            <wp:postmeta>
                <wp:meta_key>lsb_published_year</wp:meta_key>
                <wp:meta_value><![CDATA[2012]]></wp:meta_value>
            </wp:postmeta>
            <wp:postmeta>
                <wp:meta_key>_lsb_published_year</wp:meta_key>
                <wp:meta_value><![CDATA[lsb_acf_published_year]]></wp:meta_value>
            </wp:postmeta>
            <wp:postmeta>
                <wp:meta_key>lsb_pages</wp:meta_key>
                <wp:meta_value><![CDATA[164]]></wp:meta_value>
            </wp:postmeta>
            <wp:postmeta>
                <wp:meta_key>_lsb_pages</wp:meta_key>
                <wp:meta_value><![CDATA[lsb_acf_pages]]></wp:meta_value>
            </wp:postmeta>
            <wp:postmeta>
                <wp:meta_key>lsb_review</wp:meta_key>
                <wp:meta_value><![CDATA[  <div>Steffen er med faren på jobb rundt om i landet.</div>  <div>Det er ikke så spennende som det høres ut,</div>  <div>han sitter for det meste innelåst i bilen.</div>  <div>En dag trosser han faren</div>  <div>og sniker seg ut for å se seg om.</div>  <div>Slik oppdager han hva faren jobber med,</div>  <div>og vikler seg inn i en gammel mordgåte.</div>  <div>&#160;</div>  <div>Ute av tiden er første bok i serien om<strong> Dauinger</strong>.</div>  <div>Teksten er enkel og spennende,</div>  <div>og leseren drives mot slutten av boka.&#160;</div>  <div><strong>Dauinger</strong> er også blitt tv-serie på NRK.</div>  <div>&#160;</div>  <div><strong>Arne Berggren</strong> er en prisbelønt forfatter,</div>  <div>låtskriver og musiker.</div>  <div>I 1992 fikk han Kritikerprisen for beste</div>  <div>ungdomsbok for <strong>Stillemannen</strong>.&#160;</div>  ]]></wp:meta_value>
            </wp:postmeta>
            <wp:postmeta>
                <wp:meta_key>_lsb_review</wp:meta_key>
                <wp:meta_value><![CDATA[lsb_acf_review]]></wp:meta_value>
            </wp:postmeta>
            <wp:postmeta>
                <wp:meta_key>lsb_quote</wp:meta_key>
                <wp:meta_value><![CDATA[Noen centimeter unna meg, inni bilen, satt et men-  neske og stirret meg rett inn i øynene.       Det var en jente. Eller var det en dukke? Ansiktet  hennes var tomt. Huden hvit, nesten blålig. Øynene  hennes var merkelige. Så smilte hun plutselig, som om  hun visste at jeg var der. Hun formet leppene for å si  noe. Men lyden var vekk. Det var som å zappe rett inn  i et eller annet på tv, uten lyd. Som om noen prøver å   si deg noe, uten å få det til. Likevel forstod jeg hva hun  sa. "Hjelp meg."       Jeg snudde og løp mot døren. Noe virket veldig feil. ]]></wp:meta_value>
            </wp:postmeta>
            <wp:postmeta>
                <wp:meta_key>_lsb_quote</wp:meta_key>
                <wp:meta_value><![CDATA[lsb_acf_quote]]></wp:meta_value>
            </wp:postmeta>
            <wp:postmeta>
                <wp:meta_key>lsb_supported</wp:meta_key>
                <wp:meta_value><![CDATA[0]]></wp:meta_value>
            </wp:postmeta>
            <wp:postmeta>
                <wp:meta_key>_lsb_supported</wp:meta_key>
                <wp:meta_value><![CDATA[lsb_acf_supported]]></wp:meta_value>
            </wp:postmeta>
            <category domain="lsb_tax_author" nicename="arne-berggren"><![CDATA[Arne Berggren]]></category>
            <category domain="lsb_tax_publisher" nicename="kagge"><![CDATA[Kagge]]></category>
            <wp:postmeta>
                <wp:meta_key>lsb_look_inside</wp:meta_key>
                <wp:meta_value><![CDATA[CUSTOM_BLA_I_BOKA]]></wp:meta_value>
            </wp:postmeta>
            <wp:postmeta>
                <wp:meta_key>_lsb_look_inside</wp:meta_key>
                <wp:meta_value><![CDATA[lsb_acf_look_inside]]></wp:meta_value>
            </wp:postmeta>
            <category domain="lsb_tax_age" nicename="ungdom"><![CDATA[ungdom]]></category>
            <category domain="lsb_tax_genre" nicename="prosa"><![CDATA[prosa]]></category>
            <category domain="lsb_tax_topic" nicename="krim"><![CDATA[krim]]></category>
            <category domain="lsb_tax_topic" nicename="spenning"><![CDATA[spenning]]></category>
            <category domain="lsb_tax_topic" nicename="eventyr"><![CDATA[eventyr]]></category>
            <category domain="lsb_tax_language" nicename="no_nb"><![CDATA[bokmål]]></category>
            <category domain="lsb_tax_customization" nicename="skjønnlitteratur"><![CDATA[skjønnlitteratur]]></category>
            <wp:postmeta>
                <wp:meta_key>_thumbnail_id</wp:meta_key>
                <wp:meta_value><![CDATA[5595]]></wp:meta_value>
            </wp:postmeta>
        </item>
        <item>
            <title>Dauinger.jpg</title>
            <wp:post_id>5595</wp:post_id>
            <wp:status>inherit</wp:status>
            <wp:post_type>attachment</wp:post_type>
            <wp:attachment_url>https://raw.githubusercontent.com/lesersokerbok/boksok.no-data-utils/master/output-example/images/B601C897756F43DF864115E13B3D875F.jpg</wp:attachment_url>
        </item>
        <item>
            <wp:post_type>lsb_book</wp:post_type>
            <wp:status>publish</wp:status>
            <title>Vegen heim frå Sarajevo</title>
            <excerpt:encoded><![CDATA[Susi reiser aleine til Sarajevo.]]></excerpt:encoded>
            <wp:postmeta>
                <wp:meta_key>lsb_isbn</wp:meta_key>
                <wp:meta_value><![CDATA[9788252175189]]></wp:meta_value>
            </wp:postmeta>
            <wp:postmeta>
                <wp:meta_key>_lsb_isbn</wp:meta_key>
                <wp:meta_value><![CDATA[lsb_acf_isbn]]></wp:meta_value>
            </wp:postmeta>
            <wp:postmeta>
                <wp:meta_key>lsb_published_year</wp:meta_key>
                <wp:meta_value><![CDATA[2009]]></wp:meta_value>
            </wp:postmeta>
            <wp:postmeta>
                <wp:meta_key>_lsb_published_year</wp:meta_key>
                <wp:meta_value><![CDATA[lsb_acf_published_year]]></wp:meta_value>
            </wp:postmeta>
            <wp:postmeta>
                <wp:meta_key>lsb_pages</wp:meta_key>
                <wp:meta_value><![CDATA[99]]></wp:meta_value>
            </wp:postmeta>
            <wp:postmeta>
                <wp:meta_key>_lsb_pages</wp:meta_key>
                <wp:meta_value><![CDATA[lsb_acf_pages]]></wp:meta_value>
            </wp:postmeta>
            <wp:postmeta>
                <wp:meta_key>lsb_review</wp:meta_key>
                <wp:meta_value><![CDATA[  <div>Ho ville vekk frå alt og alle. Når ho tenkjer tilbake,&#160;</div>  <div>får vi høyre kvifor.</div>  <div>Susi reiser utan plan og med kaotiske tankar. </div>  <div>Medan ho er borte får ho rydda litt i eige hovud.&#160;</div>  <div>Det er ei fin opprydding å vera med på.</div>  <div>&#160;</div>  <div>Boka har mykje luft og korte avsnitt. </div>  <div>Kapitla har talande&#160;namn som fortel kva som skjer. </div>  <div>Til dømes:&#160;<strong>Eg må ha ringt mor mi i fylla</strong> </div>  <div>eller <strong>Når det er natt, byrjar ein å tenkje</strong>.</div>  <div>&#160;</div>  <div>Rønnaug Kleiva (f.1951) har gitt ut </div>  <div>ei rekkje bøker for barn og unge. </div>  <div>I 1997 fekk ho Kritikarprisen for </div>  <div><strong>Ikkje gløym å klappe katten</strong>. </div>  <div>Ho har og vore nominert til UPrisen </div>  <div>for boka <strong>Andre sida av Paris </strong>(2007)<strong>. </strong></div>  <div><strong>Vegen heim frå Sarajevo </strong></div>  <div><strong></strong>er ein fri oppfølgjar til denne.</div>  ]]></wp:meta_value>
            </wp:postmeta>
            <wp:postmeta>
                <wp:meta_key>_lsb_review</wp:meta_key>
                <wp:meta_value><![CDATA[lsb_acf_review]]></wp:meta_value>
            </wp:postmeta>
            <wp:postmeta>
                <wp:meta_key>lsb_quote</wp:meta_key>
                <wp:meta_value><![CDATA[Eg reiste hit fordi det var det eg ville akkurat då. Eg  gjekk inn på nettet og leita etter billettar med det same  eg vakna om morgonen. Eg tenkte: Eg må vekk. Eg laga  meg kaffi. Eg tenkte: Eg tar det første flyet herifrå. Men  til overkomeleg pris. Litt vett i skallen har eg jo.     Eg la igjen ei lapp til mor mi. Eg skreiv at ho ikkje  skulle engste seg, eg stakk ikkje av.]]></wp:meta_value>
            </wp:postmeta>
            <wp:postmeta>
                <wp:meta_key>_lsb_quote</wp:meta_key>
                <wp:meta_value><![CDATA[lsb_acf_quote]]></wp:meta_value>
            </wp:postmeta>
            <wp:postmeta>
                <wp:meta_key>lsb_supported</wp:meta_key>
                <wp:meta_value><![CDATA[0]]></wp:meta_value>
            </wp:postmeta>
            <wp:postmeta>
                <wp:meta_key>_lsb_supported</wp:meta_key>
                <wp:meta_value><![CDATA[lsb_acf_supported]]></wp:meta_value>
            </wp:postmeta>
            <category domain="lsb_tax_author" nicename="rønnaug-kleiva"><![CDATA[Rønnaug Kleiva]]></category>
            <category domain="lsb_tax_publisher" nicename="samlaget"><![CDATA[Samlaget]]></category>
            <wp:postmeta>
                <wp:meta_key>lsb_look_inside</wp:meta_key>
                <wp:meta_value><![CDATA[CUSTOM_BLA_I_BOKA]]></wp:meta_value>
            </wp:postmeta>
            <wp:postmeta>
                <wp:meta_key>_lsb_look_inside</wp:meta_key>
                <wp:meta_value><![CDATA[lsb_acf_look_inside]]></wp:meta_value>
            </wp:postmeta>
            <category domain="lsb_tax_age" nicename="ungdom"><![CDATA[ungdom]]></category>
            <category domain="lsb_tax_age" nicename="voksne"><![CDATA[voksne]]></category>
            <category domain="lsb_tax_genre" nicename="prosa"><![CDATA[prosa]]></category>
            <category domain="lsb_tax_topic" nicename="mennesker-i-mellom"><![CDATA[mennesker i mellom]]></category>
            <category domain="lsb_tax_language" nicename="no_nn"><![CDATA[nynorsk]]></category>
            <category domain="lsb_tax_customization" nicename="skjønnlitteratur"><![CDATA[skjønnlitteratur]]></category>
            <wp:postmeta>
                <wp:meta_key>_thumbnail_id</wp:meta_key>
                <wp:meta_value><![CDATA[5596]]></wp:meta_value>
            </wp:postmeta>
        </item>
        <item>
            <title>vegen heim fra.jpg</title>
            <wp:post_id>5596</wp:post_id>
            <wp:status>inherit</wp:status>
            <wp:post_type>attachment</wp:post_type>
            <wp:attachment_url>https://raw.githubusercontent.com/lesersokerbok/boksok.no-data-utils/master/output-example/images/301FD44642204AE5A04B784629152C87.jpg</wp:attachment_url>
        </item>
        <item>
            <wp:post_type>lsb_book</wp:post_type>
            <wp:status>publish</wp:status>
            <title>Jeg kommer tilbake i kveld</title>
            <excerpt:encoded><![CDATA[Et sted i Tyskland.  En ukjent kvinne banker på døren.  Det har med krigen å gjøre.]]></excerpt:encoded>
            <wp:postmeta>
                <wp:meta_key>lsb_isbn</wp:meta_key>
                <wp:meta_value><![CDATA[9788210051456]]></wp:meta_value>
            </wp:postmeta>
            <wp:postmeta>
                <wp:meta_key>_lsb_isbn</wp:meta_key>
                <wp:meta_value><![CDATA[lsb_acf_isbn]]></wp:meta_value>
            </wp:postmeta>
            <wp:postmeta>
                <wp:meta_key>lsb_published_year</wp:meta_key>
                <wp:meta_value><![CDATA[2012]]></wp:meta_value>
            </wp:postmeta>
            <wp:postmeta>
                <wp:meta_key>_lsb_published_year</wp:meta_key>
                <wp:meta_value><![CDATA[lsb_acf_published_year]]></wp:meta_value>
            </wp:postmeta>
            <wp:postmeta>
                <wp:meta_key>lsb_pages</wp:meta_key>
                <wp:meta_value><![CDATA[85]]></wp:meta_value>
            </wp:postmeta>
            <wp:postmeta>
                <wp:meta_key>_lsb_pages</wp:meta_key>
                <wp:meta_value><![CDATA[lsb_acf_pages]]></wp:meta_value>
            </wp:postmeta>
            <wp:postmeta>
                <wp:meta_key>lsb_review</wp:meta_key>
                <wp:meta_value><![CDATA[  <div>Datteren i huset snakker med</div>  <div>den ukjente kvinnen. Hva vet hun?</div>  <div>Og hva gjorde faren hennes egentlig i Norge?</div>  <div>&#160;</div>  <div>Dette skuespillet handler om det som skjer etter en krig.</div>  <div>Krigen er ikke avsluttet, selv om den er over.</div>  <div>Det som skjedde under krigen</div>  <div>betyr noe for menneskene som var med</div>  <div>i mange, mange år etterpå.</div>  <div>&#160;</div>  <div>Språket i stykket er enkelt, </div>  <div>og det er mye mening i få ord.</div>  <div>Skuespillet er satt opp på en oversiktlig måte,</div>  <div>men instruksene er satt i kursiv.</div>  <div>&#160;</div>  <div><strong>Jeg kommer tilbake i kveld</strong> springer ut fra</div>  <div>Gaute Heivolls roman <strong>Himmelarkivet</strong>,</div>  <div>som kom ut i 2008.&#160;</div>  ]]></wp:meta_value>
            </wp:postmeta>
            <wp:postmeta>
                <wp:meta_key>_lsb_review</wp:meta_key>
                <wp:meta_value><![CDATA[lsb_acf_review]]></wp:meta_value>
            </wp:postmeta>
            <wp:postmeta>
                <wp:meta_key>lsb_quote</wp:meta_key>
                <wp:meta_value><![CDATA[Elfi  (Stanser opp, tar seg sammen.)  Og hvem er du?    Theodora  (Rolig, avklart.)  Jeg ønsker å treffe Kerner.    Elfi  Han snakker aldri med folk han ikke kjenner.    Theodora  Du kjenner ham tydeligvis godt.    Elfi  Han er faren min.    Theodora  (Forbauset, tar seg sammen.)  Du er datteren til Kerner?]]></wp:meta_value>
            </wp:postmeta>
            <wp:postmeta>
                <wp:meta_key>_lsb_quote</wp:meta_key>
                <wp:meta_value><![CDATA[lsb_acf_quote]]></wp:meta_value>
            </wp:postmeta>
            <wp:postmeta>
                <wp:meta_key>lsb_supported</wp:meta_key>
                <wp:meta_value><![CDATA[0]]></wp:meta_value>
            </wp:postmeta>
            <wp:postmeta>
                <wp:meta_key>_lsb_supported</wp:meta_key>
                <wp:meta_value><![CDATA[lsb_acf_supported]]></wp:meta_value>
            </wp:postmeta>
            <category domain="lsb_tax_author" nicename="gaute-heivoll"><![CDATA[Gaute Heivoll]]></category>
            <category domain="lsb_tax_publisher" nicename="tiden"><![CDATA[Tiden]]></category>
            <wp:postmeta>
                <wp:meta_key>lsb_look_inside</wp:meta_key>
                <wp:meta_value><![CDATA[CUSTOM_BLA_I_BOKA]]></wp:meta_value>
            </wp:postmeta>
            <wp:postmeta>
                <wp:meta_key>_lsb_look_inside</wp:meta_key>
                <wp:meta_value><![CDATA[lsb_acf_look_inside]]></wp:meta_value>
            </wp:postmeta>
            <category domain="lsb_tax_age" nicename="voksne"><![CDATA[voksne]]></category>
            <category domain="lsb_tax_topic" nicename="historie"><![CDATA[historie]]></category>
            <category domain="lsb_tax_topic" nicename="samfunn"><![CDATA[samfunn]]></category>
            <category domain="lsb_tax_topic" nicename="mennesker-i-mellom"><![CDATA[mennesker i mellom]]></category>
            <category domain="lsb_tax_language" nicename="no_nb"><![CDATA[bokmål]]></category>
            <category domain="lsb_tax_customization" nicename="skjønnlitteratur"><![CDATA[skjønnlitteratur]]></category>
            <wp:postmeta>
                <wp:meta_key>_thumbnail_id</wp:meta_key>
                <wp:meta_value><![CDATA[5597]]></wp:meta_value>
            </wp:postmeta>
        </item>
        <item>
            <title>jeg kommer tilbake i kveld_RGB.jpg</title>
            <wp:post_id>5597</wp:post_id>
            <wp:status>inherit</wp:status>
            <wp:post_type>attachment</wp:post_type>
            <wp:attachment_url>https://raw.githubusercontent.com/lesersokerbok/boksok.no-data-utils/master/output-example/images/81E8EE2908F14C898709E88B3AC4A67E.jpg</wp:attachment_url>
        </item>
        <item>
            <wp:post_type>lsb_book</wp:post_type>
            <wp:status>publish</wp:status>
            <title>Eremitt</title>
            <excerpt:encoded><![CDATA[En vakker tegneserie  om en gutt som er på ferie hos bestemor.]]></excerpt:encoded>
            <wp:postmeta>
                <wp:meta_key>lsb_isbn</wp:meta_key>
                <wp:meta_value><![CDATA[9788292226445]]></wp:meta_value>
            </wp:postmeta>
            <wp:postmeta>
                <wp:meta_key>_lsb_isbn</wp:meta_key>
                <wp:meta_value><![CDATA[lsb_acf_isbn]]></wp:meta_value>
            </wp:postmeta>
            <wp:postmeta>
                <wp:meta_key>lsb_published_year</wp:meta_key>
                <wp:meta_value><![CDATA[2012]]></wp:meta_value>
            </wp:postmeta>
            <wp:postmeta>
                <wp:meta_key>_lsb_published_year</wp:meta_key>
                <wp:meta_value><![CDATA[lsb_acf_published_year]]></wp:meta_value>
            </wp:postmeta>
            <wp:postmeta>
                <wp:meta_key>lsb_pages</wp:meta_key>
                <wp:meta_value/>
            </wp:postmeta>
            <wp:postmeta>
                <wp:meta_key>_lsb_pages</wp:meta_key>
                <wp:meta_value><![CDATA[lsb_acf_pages]]></wp:meta_value>
            </wp:postmeta>
            <wp:postmeta>
                <wp:meta_key>lsb_review</wp:meta_key>
                <wp:meta_value><![CDATA[  <div>Ferie langt fra folk, ute i fjæra.</div>  <div>Fins det noe kjedeligere?</div>  <div>&#160;</div>  <div>I denne tegneserien får fantasien</div>  <div>lov til å utfolde seg.</div>  <div>Nede i havgapet er det liv</div>  <div>av den typen som bare kan være til</div>  <div>der det fins barn som har mye tid,</div>  <div>og ikke er redde for å bruke den.</div>  <div>&#160;</div>  <div>Dette er en hyllest til kjedelige dager</div>  <div>sammen med bestemor.</div>  <div>Teksten er enkel,</div>  <div>men fonten kan av og til være litt krevende.</div>  <div>Boka passer godt for barn, </div>  <div>og for andre som har vært barn en gang.&#160;</div>  <div>&#160;</div>  <div><strong>Martin Ernstsen</strong> er født i 1982.</div>  <div>Han har gitt ut flere korte tegneserier</div>  <div>på Jippi Forlag.&#160;</div>  ]]></wp:meta_value>
            </wp:postmeta>
            <wp:postmeta>
                <wp:meta_key>_lsb_review</wp:meta_key>
                <wp:meta_value><![CDATA[lsb_acf_review]]></wp:meta_value>
            </wp:postmeta>
            <wp:postmeta>
                <wp:meta_key>lsb_quote</wp:meta_key>
                <wp:meta_value><![CDATA[- BESTEMOR?  - HMM?    - SE HVA   JEG FANT   PÅ LÅVEN.    - FÅ SE. ÅJA, DE DER   HADDE JEG NESTEN   GLEMT.    - DE ER FRA DA FAREN DIN   SKULLE STARTE   ET IMPORT-  FIRMA  - HVA ER DET FOR NOE?    - SAMMEN MED ONKEL ARNE KJØPTE HAN  LEKER I KINA FOR Å SEL]]></wp:meta_value>
            </wp:postmeta>
            <wp:postmeta>
                <wp:meta_key>_lsb_quote</wp:meta_key>
                <wp:meta_value><![CDATA[lsb_acf_quote]]></wp:meta_value>
            </wp:postmeta>
            <wp:postmeta>
                <wp:meta_key>lsb_supported</wp:meta_key>
                <wp:meta_value><![CDATA[0]]></wp:meta_value>
            </wp:postmeta>
            <wp:postmeta>
                <wp:meta_key>_lsb_supported</wp:meta_key>
                <wp:meta_value><![CDATA[lsb_acf_supported]]></wp:meta_value>
            </wp:postmeta>
            <category domain="lsb_tax_author" nicename="martin-ernstsen"><![CDATA[Martin Ernstsen]]></category>
            <category domain="lsb_tax_publisher" nicename="jippi"><![CDATA[Jippi]]></category>
            <category domain="lsb_tax_illustrator" nicename="martin-ernstsen"><![CDATA[Martin Ernstsen]]></category>
            <wp:postmeta>
                <wp:meta_key>lsb_look_inside</wp:meta_key>
                <wp:meta_value><![CDATA[CUSTOM_BLA_I_BOKA]]></wp:meta_value>
            </wp:postmeta>
            <wp:postmeta>
                <wp:meta_key>_lsb_look_inside</wp:meta_key>
                <wp:meta_value><![CDATA[lsb_acf_look_inside]]></wp:meta_value>
            </wp:postmeta>
            <category domain="lsb_tax_age" nicename="barn"><![CDATA[barn]]></category>
            <category domain="lsb_tax_genre" nicename="prosa"><![CDATA[prosa]]></category>
            <category domain="lsb_tax_topic" nicename="eventyr"><![CDATA[eventyr]]></category>
            <category domain="lsb_tax_topic" nicename="mennesker-i-mellom"><![CDATA[mennesker i mellom]]></category>
            <category domain="lsb_tax_language" nicename="no_nb"><![CDATA[bokmål]]></category>
            <category domain="lsb_tax_customization" nicename="skjønnlitteratur"><![CDATA[skjønnlitteratur]]></category>
            <category domain="lsb_tax_customization" nicename="mange-bilder"><![CDATA[mange bilder]]></category>
            <wp:postmeta>
                <wp:meta_key>_thumbnail_id</wp:meta_key>
                <wp:meta_value><![CDATA[5598]]></wp:meta_value>
            </wp:postmeta>
        </item>
        <item>
            <title>Eremitt.jpg</title>
            <wp:post_id>5598</wp:post_id>
            <wp:status>inherit</wp:status>
            <wp:post_type>attachment</wp:post_type>
            <wp:attachment_url>https://raw.githubusercontent.com/lesersokerbok/boksok.no-data-utils/master/output-example/images/3D3533BCA6F94A6C919020EDC961F05F.jpg</wp:attachment_url>
        </item>
        <item>
            <wp:post_type>lsb_book</wp:post_type>
            <wp:status>publish</wp:status>
            <title>Bebe 2: Ingen ting som før </title>
            <excerpt:encoded><![CDATA[Det er skuleball om få dagar.   Bebe og Sara har gledd seg i månader.   Men no gidd plutseleg Sara ingen ting lenger.   Kva går det av Sara? ]]></excerpt:encoded>
            <wp:postmeta>
                <wp:meta_key>lsb_isbn</wp:meta_key>
                <wp:meta_value><![CDATA[9788282380591]]></wp:meta_value>
            </wp:postmeta>
            <wp:postmeta>
                <wp:meta_key>_lsb_isbn</wp:meta_key>
                <wp:meta_value><![CDATA[lsb_acf_isbn]]></wp:meta_value>
            </wp:postmeta>
            <wp:postmeta>
                <wp:meta_key>lsb_published_year</wp:meta_key>
                <wp:meta_value><![CDATA[2012]]></wp:meta_value>
            </wp:postmeta>
            <wp:postmeta>
                <wp:meta_key>_lsb_published_year</wp:meta_key>
                <wp:meta_value><![CDATA[lsb_acf_published_year]]></wp:meta_value>
            </wp:postmeta>
            <wp:postmeta>
                <wp:meta_key>lsb_pages</wp:meta_key>
                <wp:meta_value><![CDATA[49]]></wp:meta_value>
            </wp:postmeta>
            <wp:postmeta>
                <wp:meta_key>_lsb_pages</wp:meta_key>
                <wp:meta_value><![CDATA[lsb_acf_pages]]></wp:meta_value>
            </wp:postmeta>
            <wp:postmeta>
                <wp:meta_key>lsb_review</wp:meta_key>
                <wp:meta_value><![CDATA[  <div>Bebe og Sara har gledd seg saman. </div>  <div>På skuleballet kjem både Tommy og Daniel. </div>  <div>Kvifor vil ikkje Sara på skuleballet? </div>  <div>&#160;</div>  <div>Noko har skjedd med Sara. </div>  <div>Men kva? Sara seier ingen ting. </div>  <div>Kan Bebe vere der </div>  <div>for venninna, også no? </div>  <div>&#160;</div>  <div>I boka <strong>Bebe 2 - Ingen ting som før</strong> </div>  <div>blir du betre kjent med Bebe.</div>  <div>Boka er engasjerande </div>  <div>og lett å lese. </div>  <div>&#160;</div>  <div><strong>Bente Bratlund</strong> har skrive fleire </div>  <div>gode og lettleste bøker for ungdom. </div>  ]]></wp:meta_value>
            </wp:postmeta>
            <wp:postmeta>
                <wp:meta_key>_lsb_review</wp:meta_key>
                <wp:meta_value><![CDATA[lsb_acf_review]]></wp:meta_value>
            </wp:postmeta>
            <wp:postmeta>
                <wp:meta_key>lsb_quote</wp:meta_key>
                <wp:meta_value><![CDATA[- Men ho seier ingen ting, sukkar eg.   - Ver der, så fortel ho nok ein dag. Når tida er der.   Fru Almdal nikkar med seg sjølv.   - Når ho ser at du bryr deg og ikkje blir borte, så vil ho   nok ein dag dela med deg.   Fru Almdal hostar hest.   - Men du ]]></wp:meta_value>
            </wp:postmeta>
            <wp:postmeta>
                <wp:meta_key>_lsb_quote</wp:meta_key>
                <wp:meta_value><![CDATA[lsb_acf_quote]]></wp:meta_value>
            </wp:postmeta>
            <wp:postmeta>
                <wp:meta_key>lsb_supported</wp:meta_key>
                <wp:meta_value><![CDATA[1]]></wp:meta_value>
            </wp:postmeta>
            <wp:postmeta>
                <wp:meta_key>_lsb_supported</wp:meta_key>
                <wp:meta_value><![CDATA[lsb_acf_supported]]></wp:meta_value>
            </wp:postmeta>
            <wp:postmeta>
                <wp:meta_key>lsb_support_cat</wp:meta_key>
                <wp:meta_value><![CDATA[purple]]></wp:meta_value>
            </wp:postmeta>
            <wp:postmeta>
                <wp:meta_key>_lsb_support_cat</wp:meta_key>
                <wp:meta_value><![CDATA[lsb_acf_support_cat]]></wp:meta_value>
            </wp:postmeta>
            <category domain="lsb_tax_author" nicename="bente-bratlund"><![CDATA[Bente Bratlund]]></category>
            <category domain="lsb_tax_publisher" nicename="mangschou-"><![CDATA[Mangschou ]]></category>
            <wp:postmeta>
                <wp:meta_key>lsb_look_inside</wp:meta_key>
                <wp:meta_value><![CDATA[CUSTOM_BLA_I_BOKA]]></wp:meta_value>
            </wp:postmeta>
            <wp:postmeta>
                <wp:meta_key>_lsb_look_inside</wp:meta_key>
                <wp:meta_value><![CDATA[lsb_acf_look_inside]]></wp:meta_value>
            </wp:postmeta>
            <category domain="lsb_tax_age" nicename="ungdom"><![CDATA[ungdom]]></category>
            <category domain="lsb_tax_genre" nicename="prosa"><![CDATA[prosa]]></category>
            <category domain="lsb_tax_topic" nicename="kjærlighet"><![CDATA[kjærlighet]]></category>
            <category domain="lsb_tax_language" nicename="no_nn"><![CDATA[nynorsk]]></category>
            <category domain="lsb_tax_customization" nicename="skjønnlitteratur"><![CDATA[skjønnlitteratur]]></category>
            <wp:postmeta>
                <wp:meta_key>_thumbnail_id</wp:meta_key>
                <wp:meta_value><![CDATA[5599]]></wp:meta_value>
            </wp:postmeta>
        </item>
        <item>
            <title>Bebe 2.jpg</title>
            <wp:post_id>5599</wp:post_id>
            <wp:status>inherit</wp:status>
            <wp:post_type>attachment</wp:post_type>
            <wp:attachment_url>https://raw.githubusercontent.com/lesersokerbok/boksok.no-data-utils/master/output-example/images/974910E791684AC99901678E463B47F9.jpg</wp:attachment_url>
        </item>
        <item>
            <wp:post_type>lsb_book</wp:post_type>
            <wp:status>publish</wp:status>
            <title>Rettsnotater 22.juli-rettssaken, Oslo tinghus 2012</title>
            <excerpt:encoded><![CDATA[Kristopher Schau var tilstede under   rettssaken etter 22.juli.   Han skrev artikler for Morgenbladet. ]]></excerpt:encoded>
            <wp:postmeta>
                <wp:meta_key>lsb_isbn</wp:meta_key>
                <wp:meta_value><![CDATA[9788282550147]]></wp:meta_value>
            </wp:postmeta>
            <wp:postmeta>
                <wp:meta_key>_lsb_isbn</wp:meta_key>
                <wp:meta_value><![CDATA[lsb_acf_isbn]]></wp:meta_value>
            </wp:postmeta>
            <wp:postmeta>
                <wp:meta_key>lsb_published_year</wp:meta_key>
                <wp:meta_value><![CDATA[2012]]></wp:meta_value>
            </wp:postmeta>
            <wp:postmeta>
                <wp:meta_key>_lsb_published_year</wp:meta_key>
                <wp:meta_value><![CDATA[lsb_acf_published_year]]></wp:meta_value>
            </wp:postmeta>
            <wp:postmeta>
                <wp:meta_key>lsb_pages</wp:meta_key>
                <wp:meta_value><![CDATA[108]]></wp:meta_value>
            </wp:postmeta>
            <wp:postmeta>
                <wp:meta_key>_lsb_pages</wp:meta_key>
                <wp:meta_value><![CDATA[lsb_acf_pages]]></wp:meta_value>
            </wp:postmeta>
            <wp:postmeta>
                <wp:meta_key>lsb_review</wp:meta_key>
                <wp:meta_value><![CDATA[  <div>I denne boka er artiklene samlet. </div>  <div>I tillegg inneholder boka </div>  <div>en upublisert artikkel </div>  <div>og kommentarer til artiklene. </div>  <div>&#160;</div>  <div>Artiklene gir et annerledes&#160; </div>  <div>innblikk i det som skjedde </div>  <div>under rettsaken. </div>  <div>Vi skjønner mer av rettssaken </div>  <div>ved å lese boka. Samtidig er </div>  <div>Kristopher Schau personlig. </div>  <div>Han&#160;skriver både om det han </div>  <div>så og hørte i rettsalen </div>  <div>og hva han tenker om det. </div>  <div>&#160;</div>  <div>Språket er ganske lett. </div>  <div>Artiklene er en fin måte </div>  <div>å lese om et vanskelig tema. </div>  <div>&#160;</div>  <div><strong>Kristopher Schau</strong> (f. 1970) </div>  <div>er musiker og forfatter. </div>  <div>Han er kjent fra radio og TV. </div>  ]]></wp:meta_value>
            </wp:postmeta>
            <wp:postmeta>
                <wp:meta_key>_lsb_review</wp:meta_key>
                <wp:meta_value><![CDATA[lsb_acf_review]]></wp:meta_value>
            </wp:postmeta>
            <wp:postmeta>
                <wp:meta_key>lsb_quote</wp:meta_key>
                <wp:meta_value><![CDATA[Sorg er kjærlighet som har blitt hjemløs, sies det.   Den siste uken i tinghuset er det nettopp dette det har   dreid seg om. Uendelige mengder med kjærlighet som   ikke har et sted å gjøre av seg. Som ren observatør har   jeg ingen idé om hvordan jeg best kan håndtere det.   Hvordan skal vi møte noe sånt? ]]></wp:meta_value>
            </wp:postmeta>
            <wp:postmeta>
                <wp:meta_key>_lsb_quote</wp:meta_key>
                <wp:meta_value><![CDATA[lsb_acf_quote]]></wp:meta_value>
            </wp:postmeta>
            <wp:postmeta>
                <wp:meta_key>lsb_supported</wp:meta_key>
                <wp:meta_value><![CDATA[0]]></wp:meta_value>
            </wp:postmeta>
            <wp:postmeta>
                <wp:meta_key>_lsb_supported</wp:meta_key>
                <wp:meta_value><![CDATA[lsb_acf_supported]]></wp:meta_value>
            </wp:postmeta>
            <category domain="lsb_tax_author" nicename="kristopher-schau-"><![CDATA[Kristopher Schau ]]></category>
            <category domain="lsb_tax_publisher" nicename="no-comprendo-press"><![CDATA[No Comprendo Press]]></category>
            <wp:postmeta>
                <wp:meta_key>lsb_look_inside</wp:meta_key>
                <wp:meta_value><![CDATA[CUSTOM_BLA_I_BOKA]]></wp:meta_value>
            </wp:postmeta>
            <wp:postmeta>
                <wp:meta_key>_lsb_look_inside</wp:meta_key>
                <wp:meta_value><![CDATA[lsb_acf_look_inside]]></wp:meta_value>
            </wp:postmeta>
            <category domain="lsb_tax_age" nicename="voksne"><![CDATA[voksne]]></category>
            <category domain="lsb_tax_topic" nicename="historie"><![CDATA[historie]]></category>
            <category domain="lsb_tax_topic" nicename="samfunn"><![CDATA[samfunn]]></category>
            <category domain="lsb_tax_language" nicename="no_nb"><![CDATA[bokmål]]></category>
            <category domain="lsb_tax_customization" nicename="faglitteratur"><![CDATA[faglitteratur]]></category>
            <wp:postmeta>
                <wp:meta_key>_thumbnail_id</wp:meta_key>
                <wp:meta_value><![CDATA[5600]]></wp:meta_value>
            </wp:postmeta>
        </item>
        <item>
            <title>schau_rettsnotater.jpg</title>
            <wp:post_id>5600</wp:post_id>
            <wp:status>inherit</wp:status>
            <wp:post_type>attachment</wp:post_type>
            <wp:attachment_url>https://raw.githubusercontent.com/lesersokerbok/boksok.no-data-utils/master/output-example/images/4028A4F350B54834B4F8FE08D3903BCE.jpg</wp:attachment_url>
        </item>
        <item>
            <wp:post_type>lsb_book</wp:post_type>
            <wp:status>publish</wp:status>
            <title>Syklus</title>
            <excerpt:encoded><![CDATA[Hvordan hadde verden sett ut  om det var menneskene som døde ut  og dinosaurene som overlevde?]]></excerpt:encoded>
            <wp:postmeta>
                <wp:meta_key>lsb_isbn</wp:meta_key>
                <wp:meta_value><![CDATA[977150183260516]]></wp:meta_value>
            </wp:postmeta>
            <wp:postmeta>
                <wp:meta_key>_lsb_isbn</wp:meta_key>
                <wp:meta_value><![CDATA[lsb_acf_isbn]]></wp:meta_value>
            </wp:postmeta>
            <wp:postmeta>
                <wp:meta_key>lsb_published_year</wp:meta_key>
                <wp:meta_value><![CDATA[2012]]></wp:meta_value>
            </wp:postmeta>
            <wp:postmeta>
                <wp:meta_key>_lsb_published_year</wp:meta_key>
                <wp:meta_value><![CDATA[lsb_acf_published_year]]></wp:meta_value>
            </wp:postmeta>
            <wp:postmeta>
                <wp:meta_key>lsb_pages</wp:meta_key>
                <wp:meta_value/>
            </wp:postmeta>
            <wp:postmeta>
                <wp:meta_key>_lsb_pages</wp:meta_key>
                <wp:meta_value><![CDATA[lsb_acf_pages]]></wp:meta_value>
            </wp:postmeta>
            <wp:postmeta>
                <wp:meta_key>lsb_review</wp:meta_key>
                <wp:meta_value><![CDATA[  <div>Syklus forteller jordas historie,</div>  <div>slik den kunne ha blitt.</div>  <div>Boka er helt uten tekst,</div>  <div>alt er fortalt gjennom </div>  <div>slående vakre bilder.</div>  <div>&#160;</div>  <div>Historien er laget av Martin Ernstsen,</div>  <div>og Kilian Eng har laget bildene.&#160;</div>  <div>&#160;</div>  ]]></wp:meta_value>
            </wp:postmeta>
            <wp:postmeta>
                <wp:meta_key>_lsb_review</wp:meta_key>
                <wp:meta_value><![CDATA[lsb_acf_review]]></wp:meta_value>
            </wp:postmeta>
            <wp:postmeta>
                <wp:meta_key>lsb_quote</wp:meta_key>
                <wp:meta_value/>
            </wp:postmeta>
            <wp:postmeta>
                <wp:meta_key>_lsb_quote</wp:meta_key>
                <wp:meta_value><![CDATA[lsb_acf_quote]]></wp:meta_value>
            </wp:postmeta>
            <wp:postmeta>
                <wp:meta_key>lsb_supported</wp:meta_key>
                <wp:meta_value><![CDATA[0]]></wp:meta_value>
            </wp:postmeta>
            <wp:postmeta>
                <wp:meta_key>_lsb_supported</wp:meta_key>
                <wp:meta_value><![CDATA[lsb_acf_supported]]></wp:meta_value>
            </wp:postmeta>
            <category domain="lsb_tax_author" nicename="martin-ernstsen"><![CDATA[Martin Ernstsen]]></category>
            <category domain="lsb_tax_publisher" nicename="jippi"><![CDATA[Jippi]]></category>
            <category domain="lsb_tax_illustrator" nicename="kilian-eng"><![CDATA[Kilian Eng]]></category>
            <wp:postmeta>
                <wp:meta_key>lsb_look_inside</wp:meta_key>
                <wp:meta_value><![CDATA[CUSTOM_BLA_I_BOKA]]></wp:meta_value>
            </wp:postmeta>
            <wp:postmeta>
                <wp:meta_key>_lsb_look_inside</wp:meta_key>
                <wp:meta_value><![CDATA[lsb_acf_look_inside]]></wp:meta_value>
            </wp:postmeta>
            <category domain="lsb_tax_age" nicename="voksne"><![CDATA[voksne]]></category>
            <category domain="lsb_tax_age" nicename="ungdom"><![CDATA[ungdom]]></category>
            <category domain="lsb_tax_age" nicename="barn"><![CDATA[barn]]></category>
            <category domain="lsb_tax_topic" nicename="eventyr"><![CDATA[eventyr]]></category>
            <category domain="lsb_tax_topic" nicename="historie"><![CDATA[historie]]></category>
            <category domain="lsb_tax_topic" nicename="samfunn"><![CDATA[samfunn]]></category>
            <category domain="lsb_tax_customization" nicename="skjønnlitteratur"><![CDATA[skjønnlitteratur]]></category>
            <category domain="lsb_tax_customization" nicename="ny-i-norge"><![CDATA[ny i norge]]></category>
            <category domain="lsb_tax_customization" nicename="mange-bilder"><![CDATA[mange bilder]]></category>
            <wp:postmeta>
                <wp:meta_key>_thumbnail_id</wp:meta_key>
                <wp:meta_value><![CDATA[5601]]></wp:meta_value>
            </wp:postmeta>
        </item>
        <item>
            <title>syklus.jpg</title>
            <wp:post_id>5601</wp:post_id>
            <wp:status>inherit</wp:status>
            <wp:post_type>attachment</wp:post_type>
            <wp:attachment_url>https://raw.githubusercontent.com/lesersokerbok/boksok.no-data-utils/master/output-example/images/42FE6BF8B5854950AFF7A09FC02D7BD7.jpg</wp:attachment_url>
        </item>
        <item>
            <wp:post_type>lsb_book</wp:post_type>
            <wp:status>publish</wp:status>
            <title>Flukta frå rekkehuset</title>
            <excerpt:encoded><![CDATA[Det går an å flukte frå alt,  også rekkehuset.]]></excerpt:encoded>
            <wp:postmeta>
                <wp:meta_key>lsb_isbn</wp:meta_key>
                <wp:meta_value><![CDATA[97882521773433]]></wp:meta_value>
            </wp:postmeta>
            <wp:postmeta>
                <wp:meta_key>_lsb_isbn</wp:meta_key>
                <wp:meta_value><![CDATA[lsb_acf_isbn]]></wp:meta_value>
            </wp:postmeta>
            <wp:postmeta>
                <wp:meta_key>lsb_published_year</wp:meta_key>
                <wp:meta_value><![CDATA[2011]]></wp:meta_value>
            </wp:postmeta>
            <wp:postmeta>
                <wp:meta_key>_lsb_published_year</wp:meta_key>
                <wp:meta_value><![CDATA[lsb_acf_published_year]]></wp:meta_value>
            </wp:postmeta>
            <wp:postmeta>
                <wp:meta_key>lsb_pages</wp:meta_key>
                <wp:meta_value><![CDATA[119]]></wp:meta_value>
            </wp:postmeta>
            <wp:postmeta>
                <wp:meta_key>_lsb_pages</wp:meta_key>
                <wp:meta_value><![CDATA[lsb_acf_pages]]></wp:meta_value>
            </wp:postmeta>
            <wp:postmeta>
                <wp:meta_key>lsb_review</wp:meta_key>
                <wp:meta_value><![CDATA[  <div>Det er eigentlig enkelt å flukte, men ikkje for alle.</div>  <div>Jon Hjørnevik har prøvd å flukte frå det meste her i livet,</div>  <div>mellom anna overbetalte, kjedelege jobbar,</div>  <div>fjerne slektningar som vert for nære,</div>  <div>snille kjærestar som vert for snille,</div>  <div>alt for kåte hundar</div>  <div>og godt isolerte rekkehus. &#160;</div>  <div><span style="background-color: rgb(255, 255, 255);">&#160;</span></div>  <div><span style="background-color: rgb(255, 255, 255);">I denne samlinga artige og upassande dikt</span></div>  <div><span style="background-color: rgb(255, 255, 255);">står rekkehuset som sjølve symbolet</span></div>  <div><span style="background-color: rgb(255, 255, 255);">på etablert liv.</span></div>  <div><span style="background-color: rgb(255, 255, 255);">Kven har ikkje hatt lyst til å flykte frå</span></div>  <div><span style="background-color: rgb(255, 255, 255);">ungar, stasjonsvogn og kjerring?&#160;</span></div>  <div><span style="background-color: rgb(255, 255, 255);">&#160;</span></div>  <div><span style="background-color: rgb(255, 255, 255);">Jon Hjørnevik (f. 1970) er forfattar og komiker frå Voss.</span></div>  <div><span style="background-color: rgb(255, 255, 255);">Dette er den femte diktsamlinga hans.</span></div>  ]]></wp:meta_value>
            </wp:postmeta>
            <wp:postmeta>
                <wp:meta_key>_lsb_review</wp:meta_key>
                <wp:meta_value><![CDATA[lsb_acf_review]]></wp:meta_value>
            </wp:postmeta>
            <wp:postmeta>
                <wp:meta_key>lsb_quote</wp:meta_key>
                <wp:meta_value><![CDATA[BREV TIL DINE BRYST  Eg ser dine bryst,  ein herleg oase,  eit yndig blikkfang,  som fekk meg i ekstase.    Dine frodige bryst  som ein gong var mine,  men då sneipen kom,  ville augene grine.    Sneipen tok over  alt det eg hadde,  dine deilige bryst  eg minnest eg knadde.    Eg slepp ikkje lenger  til med mi lyst,  for vegen er stengt  fram til dine bryst.    No står eg i kø,  eg er annig og ilter,  mens sneipen drikk,  er smørblid og vilter.    Og når sneipen er ferdig,  er mine hender på veg,  men då er brystpumpa di  i vegen for meg.]]></wp:meta_value>
            </wp:postmeta>
            <wp:postmeta>
                <wp:meta_key>_lsb_quote</wp:meta_key>
                <wp:meta_value><![CDATA[lsb_acf_quote]]></wp:meta_value>
            </wp:postmeta>
            <wp:postmeta>
                <wp:meta_key>lsb_supported</wp:meta_key>
                <wp:meta_value><![CDATA[0]]></wp:meta_value>
            </wp:postmeta>
            <wp:postmeta>
                <wp:meta_key>_lsb_supported</wp:meta_key>
                <wp:meta_value><![CDATA[lsb_acf_supported]]></wp:meta_value>
            </wp:postmeta>
            <category domain="lsb_tax_author" nicename="jon-hjørnevik"><![CDATA[Jon Hjørnevik]]></category>
            <category domain="lsb_tax_publisher" nicename="samlaget"><![CDATA[Samlaget]]></category>
            <wp:postmeta>
                <wp:meta_key>lsb_look_inside</wp:meta_key>
                <wp:meta_value><![CDATA[CUSTOM_BLA_I_BOKA]]></wp:meta_value>
            </wp:postmeta>
            <wp:postmeta>
                <wp:meta_key>_lsb_look_inside</wp:meta_key>
                <wp:meta_value><![CDATA[lsb_acf_look_inside]]></wp:meta_value>
            </wp:postmeta>
            <category domain="lsb_tax_age" nicename="voksne"><![CDATA[voksne]]></category>
            <category domain="lsb_tax_genre" nicename="dikt"><![CDATA[dikt]]></category>
            <category domain="lsb_tax_topic" nicename="humor"><![CDATA[humor]]></category>
            <category domain="lsb_tax_language" nicename="no_nn"><![CDATA[nynorsk]]></category>
            <category domain="lsb_tax_customization" nicename="skjønnlitteratur"><![CDATA[skjønnlitteratur]]></category>
            <wp:postmeta>
                <wp:meta_key>_thumbnail_id</wp:meta_key>
                <wp:meta_value><![CDATA[5602]]></wp:meta_value>
            </wp:postmeta>
        </item>
        <item>
            <title>flukta fra rekkehuset.jpg</title>
            <wp:post_id>5602</wp:post_id>
            <wp:status>inherit</wp:status>
            <wp:post_type>attachment</wp:post_type>
            <wp:attachment_url>https://raw.githubusercontent.com/lesersokerbok/boksok.no-data-utils/master/output-example/images/250C3B229B264414A1A843B8F0A5ADC5.jpg</wp:attachment_url>
        </item>
        <item>
            <wp:post_type>lsb_book</wp:post_type>
            <wp:status>publish</wp:status>
            <title>Ingen fridde i Jølster</title>
            <excerpt:encoded><![CDATA[Sigmund Falch har gjort det igjen!  Ingen kan sette tekst til gamle svart-kvitt-foto som han. ]]></excerpt:encoded>
            <wp:postmeta>
                <wp:meta_key>lsb_isbn</wp:meta_key>
                <wp:meta_value><![CDATA[9788251658041]]></wp:meta_value>
            </wp:postmeta>
            <wp:postmeta>
                <wp:meta_key>_lsb_isbn</wp:meta_key>
                <wp:meta_value><![CDATA[lsb_acf_isbn]]></wp:meta_value>
            </wp:postmeta>
            <wp:postmeta>
                <wp:meta_key>lsb_published_year</wp:meta_key>
                <wp:meta_value><![CDATA[2012]]></wp:meta_value>
            </wp:postmeta>
            <wp:postmeta>
                <wp:meta_key>_lsb_published_year</wp:meta_key>
                <wp:meta_value><![CDATA[lsb_acf_published_year]]></wp:meta_value>
            </wp:postmeta>
            <wp:postmeta>
                <wp:meta_key>lsb_pages</wp:meta_key>
                <wp:meta_value><![CDATA[95]]></wp:meta_value>
            </wp:postmeta>
            <wp:postmeta>
                <wp:meta_key>_lsb_pages</wp:meta_key>
                <wp:meta_value><![CDATA[lsb_acf_pages]]></wp:meta_value>
            </wp:postmeta>
            <wp:postmeta>
                <wp:meta_key>lsb_review</wp:meta_key>
                <wp:meta_value><![CDATA[  <div style="background-color: rgb(255, 255, 255);">Denne gongen har forfattaren rota rundt&#160;</div>  <div style="background-color: rgb(255, 255, 255);">i biletearkiva til Norsk Folkemuseum,</div>  <div style="background-color: rgb(255, 255, 255);">med stort hell. &#160;</div>  <div style="background-color: rgb(255, 255, 255);">Her er gamle bilete satt i ny,</div>  <div style="background-color: rgb(255, 255, 255);">og mykje betre samanheng.</div>  <div style="background-color: rgb(255, 255, 255);">Denne boka bør du ikkje smuglese</div>  <div style="background-color: rgb(255, 255, 255);">mens du eigentlig er på møte.&#160;</div>  <div style="background-color: rgb(255, 255, 255);">Gjør deg klar til å le så du griner.</div>  <div style="background-color: rgb(255, 255, 255);">&#160;</div>  <div style="background-color: rgb(255, 255, 255);">  <div><strong>Ingen fridde i Jølster</strong>&#160;har korte enkle, tekstar.</div>  <div>Fonten er litt gamaldags, og kan vere litt vanskeleg å lese.</div>  <div>Den fylgjer same mønster som dei andre bøkene hans,</div>  <div><strong>Redlight Setesdal</strong>, <strong>Dei likar ikkje grovisar i Rotary</strong></div>  <div>og <strong>Ho peika på Ceylon og viste ein pupp</strong>. &#160;</div>  <div><br />  </div></div>  <div style="background-color: rgb(255, 255, 255);"><strong>Sigmund Falch</strong> (f. 1965)</div>  <div style="background-color: rgb(255, 255, 255);">er manusforfattar og regissør</div>  <div style="background-color: rgb(255, 255, 255);">innan TV og radio.</div>  <div style="background-color: rgb(255, 255, 255);">Han står óg bak hundrevis av sketsjar</div>  <div style="background-color: rgb(255, 255, 255);">til "Hallo i uken" på P2.</div>  ]]></wp:meta_value>
            </wp:postmeta>
            <wp:postmeta>
                <wp:meta_key>_lsb_review</wp:meta_key>
                <wp:meta_value><![CDATA[lsb_acf_review]]></wp:meta_value>
            </wp:postmeta>
            <wp:postmeta>
                <wp:meta_key>lsb_quote</wp:meta_key>
                <wp:meta_value><![CDATA[Far var gretten etter nok ein bomtur til Jølster.  Systrene mine var framleis ugifte.]]></wp:meta_value>
            </wp:postmeta>
            <wp:postmeta>
                <wp:meta_key>_lsb_quote</wp:meta_key>
                <wp:meta_value><![CDATA[lsb_acf_quote]]></wp:meta_value>
            </wp:postmeta>
            <wp:postmeta>
                <wp:meta_key>lsb_supported</wp:meta_key>
                <wp:meta_value><![CDATA[0]]></wp:meta_value>
            </wp:postmeta>
            <wp:postmeta>
                <wp:meta_key>_lsb_supported</wp:meta_key>
                <wp:meta_value><![CDATA[lsb_acf_supported]]></wp:meta_value>
            </wp:postmeta>
            <category domain="lsb_tax_author" nicename="sigmund-falch"><![CDATA[Sigmund Falch]]></category>
            <category domain="lsb_tax_publisher" nicename="schibsted"><![CDATA[Schibsted]]></category>
            <wp:postmeta>
                <wp:meta_key>lsb_look_inside</wp:meta_key>
                <wp:meta_value><![CDATA[CUSTOM_BLA_I_BOKA]]></wp:meta_value>
            </wp:postmeta>
            <wp:postmeta>
                <wp:meta_key>_lsb_look_inside</wp:meta_key>
                <wp:meta_value><![CDATA[lsb_acf_look_inside]]></wp:meta_value>
            </wp:postmeta>
            <category domain="lsb_tax_age" nicename="ungdom"><![CDATA[ungdom]]></category>
            <category domain="lsb_tax_age" nicename="voksne"><![CDATA[voksne]]></category>
            <category domain="lsb_tax_topic" nicename="humor"><![CDATA[humor]]></category>
            <category domain="lsb_tax_language" nicename="no_nn"><![CDATA[nynorsk]]></category>
            <category domain="lsb_tax_customization" nicename="skjønnlitteratur"><![CDATA[skjønnlitteratur]]></category>
            <category domain="lsb_tax_customization" nicename="mange-bilder"><![CDATA[mange bilder]]></category>
            <wp:postmeta>
                <wp:meta_key>_thumbnail_id</wp:meta_key>
                <wp:meta_value><![CDATA[5603]]></wp:meta_value>
            </wp:postmeta>
        </item>
        <item>
            <title>Ingen_fridde_i_Jolster_ho_rgb.jpg</title>
            <wp:post_id>5603</wp:post_id>
            <wp:status>inherit</wp:status>
            <wp:post_type>attachment</wp:post_type>
            <wp:attachment_url>https://raw.githubusercontent.com/lesersokerbok/boksok.no-data-utils/master/output-example/images/35EB46C2FC9C4C958FFB11BE9FEC4A4F.jpg</wp:attachment_url>
        </item>
        <item>
            <wp:post_type>lsb_book</wp:post_type>
            <wp:status>publish</wp:status>
            <title>Den store julekakeboka</title>
            <excerpt:encoded><![CDATA[Ingen ting er så koselig som å bake til jul!  I denne boka finner du alle tenkelige kaker  som hører julen til.]]></excerpt:encoded>
            <wp:postmeta>
                <wp:meta_key>lsb_isbn</wp:meta_key>
                <wp:meta_value><![CDATA[9788248912033]]></wp:meta_value>
            </wp:postmeta>
            <wp:postmeta>
                <wp:meta_key>_lsb_isbn</wp:meta_key>
                <wp:meta_value><![CDATA[lsb_acf_isbn]]></wp:meta_value>
            </wp:postmeta>
            <wp:postmeta>
                <wp:meta_key>lsb_published_year</wp:meta_key>
                <wp:meta_value><![CDATA[2012]]></wp:meta_value>
            </wp:postmeta>
            <wp:postmeta>
                <wp:meta_key>_lsb_published_year</wp:meta_key>
                <wp:meta_value><![CDATA[lsb_acf_published_year]]></wp:meta_value>
            </wp:postmeta>
            <wp:postmeta>
                <wp:meta_key>lsb_pages</wp:meta_key>
                <wp:meta_value><![CDATA[124]]></wp:meta_value>
            </wp:postmeta>
            <wp:postmeta>
                <wp:meta_key>_lsb_pages</wp:meta_key>
                <wp:meta_value><![CDATA[lsb_acf_pages]]></wp:meta_value>
            </wp:postmeta>
            <wp:postmeta>
                <wp:meta_key>lsb_review</wp:meta_key>
                <wp:meta_value><![CDATA[  <div>Boka inneholder både tradisjonelle,</div>  <div>norske julekaker som krumkaker,</div>  <div>kransekake, smultringer, serinakaker,</div>  <div>og favoritten pepperkaker.</div>  <div>Om du ønsker å prøve noe nytt,</div>  <div>går det an å prøve seg på </div>  <div>cupcakes og cookies med juletema.</div>  <div>&#160;</div>  <div>Oppskriftene er godt forklart,</div>  <div>og oppsettet er luftig og tydelig.</div>  <div>Alle oppskriftene har fristende bilder.</div>  <div>&#160;</div>  <div><strong>Aase Dotterud</strong> skriver om mat i bladet <strong>Allers</strong>,</div>  <div>og har skrevet mange populære kokebøker.&#160;</div>  ]]></wp:meta_value>
            </wp:postmeta>
            <wp:postmeta>
                <wp:meta_key>_lsb_review</wp:meta_key>
                <wp:meta_value><![CDATA[lsb_acf_review]]></wp:meta_value>
            </wp:postmeta>
            <wp:postmeta>
                <wp:meta_key>lsb_quote</wp:meta_key>
                <wp:meta_value><![CDATA[Pepperkakehus  Et pepperkakehus skaper god julestemning. La gjerne barna  ta del i pyntingen. Start med å lage pepperkakedeig og  la den hvile natten over. Lag mønster til pepperkakehuset,  bak ut delene, stek dem, pynt og sett sammen huset.    Mønster  Alt du trenger til mønsteret er et A4-ark.  Arket skal brettes slik at selve huset blir  kvadratisk og ganske høyt. Bruker du et   mindre ark og samme brettemåte, får du  et mindre hus.]]></wp:meta_value>
            </wp:postmeta>
            <wp:postmeta>
                <wp:meta_key>_lsb_quote</wp:meta_key>
                <wp:meta_value><![CDATA[lsb_acf_quote]]></wp:meta_value>
            </wp:postmeta>
            <wp:postmeta>
                <wp:meta_key>lsb_supported</wp:meta_key>
                <wp:meta_value><![CDATA[0]]></wp:meta_value>
            </wp:postmeta>
            <wp:postmeta>
                <wp:meta_key>_lsb_supported</wp:meta_key>
                <wp:meta_value><![CDATA[lsb_acf_supported]]></wp:meta_value>
            </wp:postmeta>
            <category domain="lsb_tax_author" nicename="aase-dotterud"><![CDATA[Aase Dotterud]]></category>
            <category domain="lsb_tax_publisher" nicename="kagge"><![CDATA[Kagge]]></category>
            <category domain="lsb_tax_illustrator" nicename="synøve-dreyer"><![CDATA[Synøve Dreyer]]></category>
            <wp:postmeta>
                <wp:meta_key>lsb_look_inside</wp:meta_key>
                <wp:meta_value><![CDATA[CUSTOM_BLA_I_BOKA]]></wp:meta_value>
            </wp:postmeta>
            <wp:postmeta>
                <wp:meta_key>_lsb_look_inside</wp:meta_key>
                <wp:meta_value><![CDATA[lsb_acf_look_inside]]></wp:meta_value>
            </wp:postmeta>
            <category domain="lsb_tax_age" nicename="voksne"><![CDATA[voksne]]></category>
            <category domain="lsb_tax_topic" nicename="mat"><![CDATA[mat]]></category>
            <category domain="lsb_tax_topic" nicename="helse"><![CDATA[helse]]></category>
            <category domain="lsb_tax_language" nicename="no_nb"><![CDATA[bokmål]]></category>
            <category domain="lsb_tax_customization" nicename="faglitteratur"><![CDATA[faglitteratur]]></category>
            <category domain="lsb_tax_customization" nicename="mange-bilder"><![CDATA[mange bilder]]></category>
            <wp:postmeta>
                <wp:meta_key>_thumbnail_id</wp:meta_key>
                <wp:meta_value><![CDATA[5604]]></wp:meta_value>
            </wp:postmeta>
        </item>
        <item>
            <title>org_Julekaker_forside_LØVAASRGB.jpg</title>
            <wp:post_id>5604</wp:post_id>
            <wp:status>inherit</wp:status>
            <wp:post_type>attachment</wp:post_type>
            <wp:attachment_url>https://raw.githubusercontent.com/lesersokerbok/boksok.no-data-utils/master/output-example/images/E75D00453E754E999CB0B1D328EAA6F9.jpg</wp:attachment_url>
        </item>
        <item>
            <wp:post_type>lsb_book</wp:post_type>
            <wp:status>publish</wp:status>
            <title>Fuck off I love you</title>
            <excerpt:encoded><![CDATA[Kor mykje kan vi styre liva våre?  Kor mykje berre skjer, same kva val du tar?]]></excerpt:encoded>
            <wp:postmeta>
                <wp:meta_key>lsb_isbn</wp:meta_key>
                <wp:meta_value><![CDATA[9788252181838]]></wp:meta_value>
            </wp:postmeta>
            <wp:postmeta>
                <wp:meta_key>_lsb_isbn</wp:meta_key>
                <wp:meta_value><![CDATA[lsb_acf_isbn]]></wp:meta_value>
            </wp:postmeta>
            <wp:postmeta>
                <wp:meta_key>lsb_published_year</wp:meta_key>
                <wp:meta_value><![CDATA[2012]]></wp:meta_value>
            </wp:postmeta>
            <wp:postmeta>
                <wp:meta_key>_lsb_published_year</wp:meta_key>
                <wp:meta_value><![CDATA[lsb_acf_published_year]]></wp:meta_value>
            </wp:postmeta>
            <wp:postmeta>
                <wp:meta_key>lsb_pages</wp:meta_key>
                <wp:meta_value><![CDATA[160]]></wp:meta_value>
            </wp:postmeta>
            <wp:postmeta>
                <wp:meta_key>_lsb_pages</wp:meta_key>
                <wp:meta_value><![CDATA[lsb_acf_pages]]></wp:meta_value>
            </wp:postmeta>
            <wp:postmeta>
                <wp:meta_key>lsb_review</wp:meta_key>
                <wp:meta_value><![CDATA[  <div>Vemund er ein vanleg 16-åring.&#160;</div>  <div>Han har venner. Han er forelska.</div>  <div>Likevel viklar han seg inn i eit usunt miljø.</div>  <div>Kvifor?&#160;</div>  <div>&#160;</div>  <div>Leiaren i gruppa heiter Two-Face.</div>  <div>Han er litt eldre enn dei andre,</div>  <div>og på same tid både trygg og utrygg.&#160;</div>  <div>Han kastar mynt over alle store val.</div>  <div>På den eine sida av mynten står det "I love you".</div>  <div>Då går det godt.</div>  <div>På den andre sida står det "Fuck off".</div>  <div>Då er det best å skygge banen.</div>  <div>&#160;</div>  <div><strong>Fuck off I love you</strong> er ei sterk</div>  <div>og spennande forteljing om eigne og andres val,</div>  <div>og kva ein kan stå inne for.</div>  <div>Teksten i boka er enkel, med korte setningar </div>  <div>og flest enkle ord. Nokre stader er det lange ord</div>  <div>med mange konsonantar. </div>  <div>Teksten er enklare i starten av boka </div>  <div>enn han er mot slutten,</div>  <div>men då er det også blitt svært spennande!&#160;</div>  <div>&#160;</div>  <div><strong>Lars Mæhle</strong> kjem sjølv frå ei bygd på Vestlandet.</div>  <div>Han har skrive fleire bøker for barn og ungdom.</div>  <div>Den best kjende boka hans er kanskje </div>  <div><strong>Landet under isen</strong>. For den fekk han </div>  <div>Kulturdepartementets litteraturpris, </div>  <div>UPrisen, Fabelprisen og ei nominasjon til Brageprisen.&#160;</div>  ]]></wp:meta_value>
            </wp:postmeta>
            <wp:postmeta>
                <wp:meta_key>_lsb_review</wp:meta_key>
                <wp:meta_value><![CDATA[lsb_acf_review]]></wp:meta_value>
            </wp:postmeta>
            <wp:postmeta>
                <wp:meta_key>lsb_quote</wp:meta_key>
                <wp:meta_value><![CDATA[Like etter sto Two-Face inne på kjellarhybelen.  Det gjekk eit stille sukk gjennom rommet.  Eg veit ikkje korleis eg skal forklare dette. Men Two-  Face hadde oss. Frå første sekund. Det stålaktige blikket  kapsla oss inn.  Vi kjente alle til rykta om Two-Face. Han hadde vore  med og starta treningssenteret for mange herrens år  sidan. Da var han ein av få som dreiv med kampsport i  dalen. Han nådde finalen i NM i kickboksing i sin klasse,  men han ble diskvalifisert og tapte fordi han skalla ned  motstandaren, som måtte til sjukehus og ligge til over-  vaking i mange døgn. Deretter var det ei historie som  involverte doping, Two-Face blei utestengt frå konkur-  ransar i fleire år, og så hadde han skambanka ein fyr på  Pub1, totalt utan grunn.  Dei siste åra hadde han sete inne for det overfallet.]]></wp:meta_value>
            </wp:postmeta>
            <wp:postmeta>
                <wp:meta_key>_lsb_quote</wp:meta_key>
                <wp:meta_value><![CDATA[lsb_acf_quote]]></wp:meta_value>
            </wp:postmeta>
            <wp:postmeta>
                <wp:meta_key>lsb_supported</wp:meta_key>
                <wp:meta_value><![CDATA[0]]></wp:meta_value>
            </wp:postmeta>
            <wp:postmeta>
                <wp:meta_key>_lsb_supported</wp:meta_key>
                <wp:meta_value><![CDATA[lsb_acf_supported]]></wp:meta_value>
            </wp:postmeta>
            <category domain="lsb_tax_author" nicename="lars-mæhle"><![CDATA[Lars Mæhle]]></category>
            <category domain="lsb_tax_publisher" nicename="samlaget"><![CDATA[Samlaget]]></category>
            <wp:postmeta>
                <wp:meta_key>lsb_look_inside</wp:meta_key>
                <wp:meta_value><![CDATA[CUSTOM_BLA_I_BOKA]]></wp:meta_value>
            </wp:postmeta>
            <wp:postmeta>
                <wp:meta_key>_lsb_look_inside</wp:meta_key>
                <wp:meta_value><![CDATA[lsb_acf_look_inside]]></wp:meta_value>
            </wp:postmeta>
            <category domain="lsb_tax_age" nicename="ungdom"><![CDATA[ungdom]]></category>
            <category domain="lsb_tax_genre" nicename="prosa"><![CDATA[prosa]]></category>
            <category domain="lsb_tax_topic" nicename="krim"><![CDATA[krim]]></category>
            <category domain="lsb_tax_topic" nicename="spenning"><![CDATA[spenning]]></category>
            <category domain="lsb_tax_topic" nicename="mennesker-i-mellom"><![CDATA[mennesker i mellom]]></category>
            <category domain="lsb_tax_language" nicename="no_nn"><![CDATA[nynorsk]]></category>
            <category domain="lsb_tax_customization" nicename="skjønnlitteratur"><![CDATA[skjønnlitteratur]]></category>
            <wp:postmeta>
                <wp:meta_key>_thumbnail_id</wp:meta_key>
                <wp:meta_value><![CDATA[5605]]></wp:meta_value>
            </wp:postmeta>
        </item>
        <item>
            <title>fuck off i love you.jpg</title>
            <wp:post_id>5605</wp:post_id>
            <wp:status>inherit</wp:status>
            <wp:post_type>attachment</wp:post_type>
            <wp:attachment_url>https://raw.githubusercontent.com/lesersokerbok/boksok.no-data-utils/master/output-example/images/DAD5C9F372934109832543AC591C890D.jpg</wp:attachment_url>
        </item>
        <item>
            <wp:post_type>lsb_book</wp:post_type>
            <wp:status>publish</wp:status>
            <title>Hellstrøm Jr.</title>
            <excerpt:encoded><![CDATA[Også neste generasjon bør lære seg å lage  og like god mat, mener Eyvind Hellstrøm.]]></excerpt:encoded>
            <wp:postmeta>
                <wp:meta_key>lsb_isbn</wp:meta_key>
                <wp:meta_value><![CDATA[9788203390456]]></wp:meta_value>
            </wp:postmeta>
            <wp:postmeta>
                <wp:meta_key>_lsb_isbn</wp:meta_key>
                <wp:meta_value><![CDATA[lsb_acf_isbn]]></wp:meta_value>
            </wp:postmeta>
            <wp:postmeta>
                <wp:meta_key>lsb_published_year</wp:meta_key>
                <wp:meta_value><![CDATA[2012]]></wp:meta_value>
            </wp:postmeta>
            <wp:postmeta>
                <wp:meta_key>_lsb_published_year</wp:meta_key>
                <wp:meta_value><![CDATA[lsb_acf_published_year]]></wp:meta_value>
            </wp:postmeta>
            <wp:postmeta>
                <wp:meta_key>lsb_pages</wp:meta_key>
                <wp:meta_value><![CDATA[188]]></wp:meta_value>
            </wp:postmeta>
            <wp:postmeta>
                <wp:meta_key>_lsb_pages</wp:meta_key>
                <wp:meta_value><![CDATA[lsb_acf_pages]]></wp:meta_value>
            </wp:postmeta>
            <wp:postmeta>
                <wp:meta_key>lsb_review</wp:meta_key>
                <wp:meta_value><![CDATA[  <div>Eyvind Hellstrøm lærer opp </div>  <div>sitt fadderbarn Elise</div>  <div>i matlaging, råvarer og teknikk.</div>  <div>Her er det oppskrifter på retter </div>  <div>til forskjellige måltider,</div>  <div>som frokost, mat etter skolen, </div>  <div>mat på fredag og grillmat.&#160;</div>  <div>Det er også tips til </div>  <div>hvilken teknikk du kan bruke,</div>  <div>og grundig beskrivelse av </div>  <div>hvordan du går frem.</div>  <div>&#160;</div>  <div>Boka har fine fargebilder</div>  <div>som frister deg til å lage mat.</div>  <div>Den krever at du vet hva </div>  <div>de ulike matvarene heter.</div>  <div>&#160;</div>  <div style="background-color: rgb(255, 255, 255);"><strong>Eyvind Hellstrøm</strong> er nok Norges best kjente kokk,</div>  <div><span style="background-color: rgb(255, 255, 255);">kjent fra TV og egne kokebøker.</span>&#160;</div>  <div><strong>Elise Jacobsen Frigstad</strong> er datter </div>  <div>av kokken Kristin Jacobsen.</div>  <div>Hennes bestefar startet den kjente matbutikken</div>  <div>Jacob's på Holtet.&#160;</div>  ]]></wp:meta_value>
            </wp:postmeta>
            <wp:postmeta>
                <wp:meta_key>_lsb_review</wp:meta_key>
                <wp:meta_value><![CDATA[lsb_acf_review]]></wp:meta_value>
            </wp:postmeta>
            <wp:postmeta>
                <wp:meta_key>lsb_quote</wp:meta_key>
                <wp:meta_value><![CDATA[TIPS  Pass på fingertuppene når du kutter.  Hold ingrediensene med bøyde fingre,  fingertuppene skal vende rett ned-  over. La kniven gli langs fingrene.]]></wp:meta_value>
            </wp:postmeta>
            <wp:postmeta>
                <wp:meta_key>_lsb_quote</wp:meta_key>
                <wp:meta_value><![CDATA[lsb_acf_quote]]></wp:meta_value>
            </wp:postmeta>
            <wp:postmeta>
                <wp:meta_key>lsb_supported</wp:meta_key>
                <wp:meta_value><![CDATA[0]]></wp:meta_value>
            </wp:postmeta>
            <wp:postmeta>
                <wp:meta_key>_lsb_supported</wp:meta_key>
                <wp:meta_value><![CDATA[lsb_acf_supported]]></wp:meta_value>
            </wp:postmeta>
            <category domain="lsb_tax_author" nicename="eyvind-hellstrøm"><![CDATA[Eyvind Hellstrøm]]></category>
            <category domain="lsb_tax_publisher" nicename="aschehoug"><![CDATA[Aschehoug]]></category>
            <category domain="lsb_tax_illustrator" nicename="stian-broch"><![CDATA[Stian Broch]]></category>
            <wp:postmeta>
                <wp:meta_key>lsb_look_inside</wp:meta_key>
                <wp:meta_value><![CDATA[CUSTOM_BLA_I_BOKA]]></wp:meta_value>
            </wp:postmeta>
            <wp:postmeta>
                <wp:meta_key>_lsb_look_inside</wp:meta_key>
                <wp:meta_value><![CDATA[lsb_acf_look_inside]]></wp:meta_value>
            </wp:postmeta>
            <category domain="lsb_tax_age" nicename="ungdom"><![CDATA[ungdom]]></category>
            <category domain="lsb_tax_age" nicename="voksne"><![CDATA[voksne]]></category>
            <category domain="lsb_tax_topic" nicename="mat"><![CDATA[mat]]></category>
            <category domain="lsb_tax_topic" nicename="helse"><![CDATA[helse]]></category>
            <category domain="lsb_tax_language" nicename="no_nb"><![CDATA[bokmål]]></category>
            <category domain="lsb_tax_customization" nicename="faglitteratur"><![CDATA[faglitteratur]]></category>
            <category domain="lsb_tax_customization" nicename="mange-bilder"><![CDATA[mange bilder]]></category>
            <wp:postmeta>
                <wp:meta_key>_thumbnail_id</wp:meta_key>
                <wp:meta_value><![CDATA[5606]]></wp:meta_value>
            </wp:postmeta>
        </item>
        <item>
            <title>Hellstrom JR.jpg</title>
            <wp:post_id>5606</wp:post_id>
            <wp:status>inherit</wp:status>
            <wp:post_type>attachment</wp:post_type>
            <wp:attachment_url>https://raw.githubusercontent.com/lesersokerbok/boksok.no-data-utils/master/output-example/images/47A2923B667947CB876EEBADB35CCA26.jpg</wp:attachment_url>
        </item>
        <item>
            <wp:post_type>lsb_book</wp:post_type>
            <wp:status>publish</wp:status>
            <title>Under Manhattan - en reise til New Yorks indre</title>
            <excerpt:encoded><![CDATA[Du trenger ikke å vasse i kloakken   under New York for å finne deg selv.  Det har Erling Kagge gjort for deg.]]></excerpt:encoded>
            <wp:postmeta>
                <wp:meta_key>lsb_isbn</wp:meta_key>
                <wp:meta_value><![CDATA[9788248909989]]></wp:meta_value>
            </wp:postmeta>
            <wp:postmeta>
                <wp:meta_key>_lsb_isbn</wp:meta_key>
                <wp:meta_value><![CDATA[lsb_acf_isbn]]></wp:meta_value>
            </wp:postmeta>
            <wp:postmeta>
                <wp:meta_key>lsb_published_year</wp:meta_key>
                <wp:meta_value><![CDATA[2012]]></wp:meta_value>
            </wp:postmeta>
            <wp:postmeta>
                <wp:meta_key>_lsb_published_year</wp:meta_key>
                <wp:meta_value><![CDATA[lsb_acf_published_year]]></wp:meta_value>
            </wp:postmeta>
            <wp:postmeta>
                <wp:meta_key>lsb_pages</wp:meta_key>
                <wp:meta_value><![CDATA[205]]></wp:meta_value>
            </wp:postmeta>
            <wp:postmeta>
                <wp:meta_key>_lsb_pages</wp:meta_key>
                <wp:meta_value><![CDATA[lsb_acf_pages]]></wp:meta_value>
            </wp:postmeta>
            <wp:postmeta>
                <wp:meta_key>lsb_review</wp:meta_key>
                <wp:meta_value><![CDATA[  <div>Erling Kagge har reist på en rar tur til New York.&#160;</div>  <div>Han har gått under jorda og vandret fra Bronx til Atlanterhavet.&#160;</div>  <div>Han gikk i kloakken og i forskjelllige i tunneler. </div>  <div>Steve Duncan var med på alle turene.</div>  <div>Sammen møtte de mange artige folk og&#160;</div>  <div>opplevde mye spennende. <br />  </div>  <div>&#160;</div>  <div>Erling Kagge tenker mye under bakken.</div>  <div>Og han deler tankene med oss lesere. <br />  </div>  <div>Det er tanker om å leve og om å ha det godt.</div>  <div>Det er lett å bli glad av å lese denne boken.<br />  <br />  Erling Kagge er en kjent polfarer og forlegger.<br />  </div>  ]]></wp:meta_value>
            </wp:postmeta>
            <wp:postmeta>
                <wp:meta_key>_lsb_review</wp:meta_key>
                <wp:meta_value><![CDATA[lsb_acf_review]]></wp:meta_value>
            </wp:postmeta>
            <wp:postmeta>
                <wp:meta_key>lsb_quote</wp:meta_key>
                <wp:meta_value><![CDATA[Jeg gikk like bak Alan da han plutselig skled og falt på ryggen. Han ble søkkvåt. Det var en liten dåp for deg, tenkte jeg. Jeg kjente ham jo ikke og lurte på om han ville angre på at han hadde blitt med, nå som han var dekket av kloakk.]]></wp:meta_value>
            </wp:postmeta>
            <wp:postmeta>
                <wp:meta_key>_lsb_quote</wp:meta_key>
                <wp:meta_value><![CDATA[lsb_acf_quote]]></wp:meta_value>
            </wp:postmeta>
            <wp:postmeta>
                <wp:meta_key>lsb_supported</wp:meta_key>
                <wp:meta_value><![CDATA[0]]></wp:meta_value>
            </wp:postmeta>
            <wp:postmeta>
                <wp:meta_key>_lsb_supported</wp:meta_key>
                <wp:meta_value><![CDATA[lsb_acf_supported]]></wp:meta_value>
            </wp:postmeta>
            <category domain="lsb_tax_author" nicename="erling-kagge"><![CDATA[Erling Kagge]]></category>
            <category domain="lsb_tax_publisher" nicename="kagge"><![CDATA[Kagge]]></category>
            <wp:postmeta>
                <wp:meta_key>lsb_look_inside</wp:meta_key>
                <wp:meta_value><![CDATA[CUSTOM_BLA_I_BOKA]]></wp:meta_value>
            </wp:postmeta>
            <wp:postmeta>
                <wp:meta_key>_lsb_look_inside</wp:meta_key>
                <wp:meta_value><![CDATA[lsb_acf_look_inside]]></wp:meta_value>
            </wp:postmeta>
            <category domain="lsb_tax_age" nicename="voksne"><![CDATA[voksne]]></category>
            <category domain="lsb_tax_topic" nicename="eventyr"><![CDATA[eventyr]]></category>
            <category domain="lsb_tax_topic" nicename="historie"><![CDATA[historie]]></category>
            <category domain="lsb_tax_topic" nicename="samfunn"><![CDATA[samfunn]]></category>
            <category domain="lsb_tax_topic" nicename="mennesker-i-mellom"><![CDATA[mennesker i mellom]]></category>
            <category domain="lsb_tax_language" nicename="no_nb"><![CDATA[bokmål]]></category>
            <category domain="lsb_tax_customization" nicename="faglitteratur"><![CDATA[faglitteratur]]></category>
            <wp:postmeta>
                <wp:meta_key>_thumbnail_id</wp:meta_key>
                <wp:meta_value><![CDATA[5607]]></wp:meta_value>
            </wp:postmeta>
        </item>
        <item>
            <title>org_E_KAGGE_UNDER_MANHATTAN.jpg</title>
            <wp:post_id>5607</wp:post_id>
            <wp:status>inherit</wp:status>
            <wp:post_type>attachment</wp:post_type>
            <wp:attachment_url>https://raw.githubusercontent.com/lesersokerbok/boksok.no-data-utils/master/output-example/images/01F4C6D78DB74B64B9EB5BE926CEBAD8.jpg</wp:attachment_url>
        </item>
        <item>
            <wp:post_type>lsb_book</wp:post_type>
            <wp:status>publish</wp:status>
            <title>Nattgjengar</title>
            <excerpt:encoded><![CDATA[Ei bok om håp og lengsel etter ein tapt son.]]></excerpt:encoded>
            <wp:postmeta>
                <wp:meta_key>lsb_isbn</wp:meta_key>
                <wp:meta_value><![CDATA[9788202346737]]></wp:meta_value>
            </wp:postmeta>
            <wp:postmeta>
                <wp:meta_key>_lsb_isbn</wp:meta_key>
                <wp:meta_value><![CDATA[lsb_acf_isbn]]></wp:meta_value>
            </wp:postmeta>
            <wp:postmeta>
                <wp:meta_key>lsb_published_year</wp:meta_key>
                <wp:meta_value><![CDATA[2012]]></wp:meta_value>
            </wp:postmeta>
            <wp:postmeta>
                <wp:meta_key>_lsb_published_year</wp:meta_key>
                <wp:meta_value><![CDATA[lsb_acf_published_year]]></wp:meta_value>
            </wp:postmeta>
            <wp:postmeta>
                <wp:meta_key>lsb_pages</wp:meta_key>
                <wp:meta_value><![CDATA[173]]></wp:meta_value>
            </wp:postmeta>
            <wp:postmeta>
                <wp:meta_key>_lsb_pages</wp:meta_key>
                <wp:meta_value><![CDATA[lsb_acf_pages]]></wp:meta_value>
            </wp:postmeta>
            <wp:postmeta>
                <wp:meta_key>lsb_review</wp:meta_key>
                <wp:meta_value><![CDATA[  <div>Axel blei borte for seks år sia.  </div>  <div>Han berre forsvann. &#160;<br />  </div>  <div>Då var han fjorten år gamal.</div>  <div>Mor og far er att i eit stort hus. </div>  <div>Dei heiter Ellie og Lars.</div>  <div>Ellie lengtar framleis etter Axel, </div>  <div>og ringer til telefonen hans kvar dag.</div>  <div>Ei forandring tving seg fram.</div>  <div>&#160;</div>  <div>  Boka har korte men intense kapittel.</div>  <div>Språket får fram kor hardt Ellie held på håpet.</div>  <div>&#160;</div>  <div>Forfattaren <strong>Siri M. Kvamme</strong> kom i 2008 med romanen </div>  <div><strong>Vinterhjerte</strong>. Den handlar om å miste et barn. <br />  </div>  ]]></wp:meta_value>
            </wp:postmeta>
            <wp:postmeta>
                <wp:meta_key>_lsb_review</wp:meta_key>
                <wp:meta_value><![CDATA[lsb_acf_review]]></wp:meta_value>
            </wp:postmeta>
            <wp:postmeta>
                <wp:meta_key>lsb_quote</wp:meta_key>
                <wp:meta_value><![CDATA[Så stilt det er. Som å vere åleine i verda. Eg skyv opp verandadøra, sjølv om sola skin frå blå himmel, er det friskt. Huda nuppar seg under den tynne kjolen. Eg lener meg inntil dørkarmen, ser på telefonen. Ikkje noko svar. Eg ringer. Let det ringe. Høyrer det tomme signalet. Så slår svararen seg på. Stemma til Aksel som seier dei same orda, som eg har høyrt så mange gongar.]]></wp:meta_value>
            </wp:postmeta>
            <wp:postmeta>
                <wp:meta_key>_lsb_quote</wp:meta_key>
                <wp:meta_value><![CDATA[lsb_acf_quote]]></wp:meta_value>
            </wp:postmeta>
            <wp:postmeta>
                <wp:meta_key>lsb_supported</wp:meta_key>
                <wp:meta_value><![CDATA[0]]></wp:meta_value>
            </wp:postmeta>
            <wp:postmeta>
                <wp:meta_key>_lsb_supported</wp:meta_key>
                <wp:meta_value><![CDATA[lsb_acf_supported]]></wp:meta_value>
            </wp:postmeta>
            <category domain="lsb_tax_author" nicename="siri-m.-kvamme"><![CDATA[Siri M. Kvamme]]></category>
            <category domain="lsb_tax_publisher" nicename="cappelen-damm"><![CDATA[Cappelen Damm]]></category>
            <wp:postmeta>
                <wp:meta_key>lsb_look_inside</wp:meta_key>
                <wp:meta_value><![CDATA[CUSTOM_BLA_I_BOKA]]></wp:meta_value>
            </wp:postmeta>
            <wp:postmeta>
                <wp:meta_key>_lsb_look_inside</wp:meta_key>
                <wp:meta_value><![CDATA[lsb_acf_look_inside]]></wp:meta_value>
            </wp:postmeta>
            <category domain="lsb_tax_age" nicename="voksne"><![CDATA[voksne]]></category>
            <category domain="lsb_tax_genre" nicename="prosa"><![CDATA[prosa]]></category>
            <category domain="lsb_tax_topic" nicename="kjærlighet"><![CDATA[kjærlighet]]></category>
            <category domain="lsb_tax_topic" nicename="mennesker-i-mellom"><![CDATA[mennesker i mellom]]></category>
            <category domain="lsb_tax_language" nicename="no_nn"><![CDATA[nynorsk]]></category>
            <category domain="lsb_tax_customization" nicename="skjønnlitteratur"><![CDATA[skjønnlitteratur]]></category>
            <wp:postmeta>
                <wp:meta_key>_thumbnail_id</wp:meta_key>
                <wp:meta_value><![CDATA[5608]]></wp:meta_value>
            </wp:postmeta>
        </item>
        <item>
            <title>Kvamme_Nattgjengar.jpg</title>
            <wp:post_id>5608</wp:post_id>
            <wp:status>inherit</wp:status>
            <wp:post_type>attachment</wp:post_type>
            <wp:attachment_url>https://raw.githubusercontent.com/lesersokerbok/boksok.no-data-utils/master/output-example/images/3AE04B2CB6DC45FF9077015B4B03D139.jpg</wp:attachment_url>
        </item>
        <item>
            <wp:post_type>lsb_book</wp:post_type>
            <wp:status>publish</wp:status>
            <title>Uteligger</title>
            <excerpt:encoded><![CDATA[Sosialarbeideren Ole Martin Holte ble uteligger en stund   for å få svar på spørsmålet:   Hvordan er det å leve aller nederst?]]></excerpt:encoded>
            <wp:postmeta>
                <wp:meta_key>lsb_isbn</wp:meta_key>
                <wp:meta_value><![CDATA[9788292866467]]></wp:meta_value>
            </wp:postmeta>
            <wp:postmeta>
                <wp:meta_key>_lsb_isbn</wp:meta_key>
                <wp:meta_value><![CDATA[lsb_acf_isbn]]></wp:meta_value>
            </wp:postmeta>
            <wp:postmeta>
                <wp:meta_key>lsb_published_year</wp:meta_key>
                <wp:meta_value><![CDATA[2012]]></wp:meta_value>
            </wp:postmeta>
            <wp:postmeta>
                <wp:meta_key>_lsb_published_year</wp:meta_key>
                <wp:meta_value><![CDATA[lsb_acf_published_year]]></wp:meta_value>
            </wp:postmeta>
            <wp:postmeta>
                <wp:meta_key>lsb_pages</wp:meta_key>
                <wp:meta_value><![CDATA[190]]></wp:meta_value>
            </wp:postmeta>
            <wp:postmeta>
                <wp:meta_key>_lsb_pages</wp:meta_key>
                <wp:meta_value><![CDATA[lsb_acf_pages]]></wp:meta_value>
            </wp:postmeta>
            <wp:postmeta>
                <wp:meta_key>lsb_review</wp:meta_key>
                <wp:meta_value><![CDATA[  <div>Tre somre levde han på gata i Oslo og København. </div>  <div>Uten mobil, PC, Visa-kort, penger, </div>  <div>mat, ekstra klær, sovepose eller toalettsaker.</div>  <div> Boka handler om menneskene han møtte </div>  <div>og tankene han gjorde seg i denne perioden.</div>  <div>&#160;</div>  <div>Forfatteren skriver levende fra en lite kjent verden.</div>  <div> Her får du høre om hvordan mennesker med makt </div>  <div>møter mennesker uten makt.</div>  <div> Rørende historier, og vonde historier. </div>  <div>Hva sier for eksempel vekteren </div>  <div>til gjengen med husløse mennesker på gata? </div>  <div>Og hva gjør politiet i København </div>  <div>når de ser en blodig mann på bakken?</div>  <div> Hvordan får man tak i mat </div>  <div>når man ikke har ei krone?</div>  <div>&#160;</div>  <div>Fortellingene er spennende og interessante </div>  <div>og de vekker mange følelser.</div>  <div> Kanskje kommer du til å se på uteliggere </div>  <div>med nye øyne etter denne leseopplevelsen?</div>  <div> Noen av kapitlene har mye fakta, </div>  <div>og de er litt vanskeligere å lese. </div>  <div>Boka har noen fotnoter.</div>  <div>&#160;</div>  <div><strong>Ole Martin Holte</strong> (f.1971) er utdannet sosionom </div>  <div>og jobber som terapeut. </div>  <div>Han har også skrevet læreboka <strong>På gata </strong>(Pax).</div>  ]]></wp:meta_value>
            </wp:postmeta>
            <wp:postmeta>
                <wp:meta_key>_lsb_review</wp:meta_key>
                <wp:meta_value><![CDATA[lsb_acf_review]]></wp:meta_value>
            </wp:postmeta>
            <wp:postmeta>
                <wp:meta_key>lsb_quote</wp:meta_key>
                <wp:meta_value><![CDATA[Veit du, Ole Martin, at en gang frøys jeg fast i  bakken, i isen.      - Nå tuller du?      - Nei, det er helt sant. Det var vinter, og jeg sto  og venta på Evangeliesenter-bussen, jeg hadde stått så  lenge stille, så da bussen kom, klarte jeg ikke å flytte  på føttene, dem hadde fryst fast i bakken.     - Hadde du sko på, da?     - Jeg gikk barbeint - ekte lassaron, Ole Martin,  ekte lassaron!]]></wp:meta_value>
            </wp:postmeta>
            <wp:postmeta>
                <wp:meta_key>_lsb_quote</wp:meta_key>
                <wp:meta_value><![CDATA[lsb_acf_quote]]></wp:meta_value>
            </wp:postmeta>
            <wp:postmeta>
                <wp:meta_key>lsb_supported</wp:meta_key>
                <wp:meta_value><![CDATA[0]]></wp:meta_value>
            </wp:postmeta>
            <wp:postmeta>
                <wp:meta_key>_lsb_supported</wp:meta_key>
                <wp:meta_value><![CDATA[lsb_acf_supported]]></wp:meta_value>
            </wp:postmeta>
            <category domain="lsb_tax_author" nicename="ole-martin-holte"><![CDATA[Ole Martin Holte]]></category>
            <category domain="lsb_tax_publisher" nicename="manifest"><![CDATA[Manifest]]></category>
            <category domain="lsb_tax_illustrator" nicename="johanne-hjorthol"><![CDATA[Johanne Hjorthol]]></category>
            <wp:postmeta>
                <wp:meta_key>lsb_look_inside</wp:meta_key>
                <wp:meta_value><![CDATA[CUSTOM_BLA_I_BOKA]]></wp:meta_value>
            </wp:postmeta>
            <wp:postmeta>
                <wp:meta_key>_lsb_look_inside</wp:meta_key>
                <wp:meta_value><![CDATA[lsb_acf_look_inside]]></wp:meta_value>
            </wp:postmeta>
            <category domain="lsb_tax_age" nicename="voksne"><![CDATA[voksne]]></category>
            <category domain="lsb_tax_topic" nicename="historie"><![CDATA[historie]]></category>
            <category domain="lsb_tax_topic" nicename="samfunn"><![CDATA[samfunn]]></category>
            <category domain="lsb_tax_topic" nicename="mennesker-i-mellom"><![CDATA[mennesker i mellom]]></category>
            <category domain="lsb_tax_language" nicename="no_nb"><![CDATA[bokmål]]></category>
            <category domain="lsb_tax_customization" nicename="faglitteratur"><![CDATA[faglitteratur]]></category>
            <wp:postmeta>
                <wp:meta_key>_thumbnail_id</wp:meta_key>
                <wp:meta_value><![CDATA[5609]]></wp:meta_value>
            </wp:postmeta>
        </item>
        <item>
            <title>Uteligger_forside_liten-500x500.jpg</title>
            <wp:post_id>5609</wp:post_id>
            <wp:status>inherit</wp:status>
            <wp:post_type>attachment</wp:post_type>
            <wp:attachment_url>https://raw.githubusercontent.com/lesersokerbok/boksok.no-data-utils/master/output-example/images/BC6B7883F32D47518C18EEDE55CAE8EA.jpg</wp:attachment_url>
        </item>
        <item>
            <wp:post_type>lsb_book</wp:post_type>
            <wp:status>publish</wp:status>
            <title>Se Norges blomsterdal</title>
            <excerpt:encoded><![CDATA[Boka for alle som en gang har sunget i kor.]]></excerpt:encoded>
            <wp:postmeta>
                <wp:meta_key>lsb_isbn</wp:meta_key>
                <wp:meta_value><![CDATA[9788282112451]]></wp:meta_value>
            </wp:postmeta>
            <wp:postmeta>
                <wp:meta_key>_lsb_isbn</wp:meta_key>
                <wp:meta_value><![CDATA[lsb_acf_isbn]]></wp:meta_value>
            </wp:postmeta>
            <wp:postmeta>
                <wp:meta_key>lsb_published_year</wp:meta_key>
                <wp:meta_value><![CDATA[2012]]></wp:meta_value>
            </wp:postmeta>
            <wp:postmeta>
                <wp:meta_key>_lsb_published_year</wp:meta_key>
                <wp:meta_value><![CDATA[lsb_acf_published_year]]></wp:meta_value>
            </wp:postmeta>
            <wp:postmeta>
                <wp:meta_key>lsb_pages</wp:meta_key>
                <wp:meta_value><![CDATA[159]]></wp:meta_value>
            </wp:postmeta>
            <wp:postmeta>
                <wp:meta_key>_lsb_pages</wp:meta_key>
                <wp:meta_value><![CDATA[lsb_acf_pages]]></wp:meta_value>
            </wp:postmeta>
            <wp:postmeta>
                <wp:meta_key>lsb_review</wp:meta_key>
                <wp:meta_value><![CDATA[  <div><strong>Ingrid Bjørnov</strong> begynte i kor da hun var ni,</div>  <div>først og fremst for å få den korte,</div>  <div>røde kjolen i krimplin.</div>  <div>Siden har korsangen blitt en del av henne.</div>  <div>I denne ledige, uformelle boka</div>  <div>snakker hun om sin egen erfaring</div>  <div>med å synge i kor, </div>  <div>og om de trekkene som går igjen</div>  <div>hos korsangere flest. </div>  <div>Dette særegne noe, som gjør</div>  <div>at korsangere med langt fremskreden demens</div>  <div>fortsatt husker alle fire vers</div>  <div>av andrestemmen til Se Norges blomsterdal.</div>  <div>&#160;</div>  <div>Dette er ikke en lærebok i korsang.</div>  <div>Her erklærer forfatteren sin kjærlighet</div>  <div>til sangen, til koret og til det å være</div>  <div>en del av noe større enn seg selv.&#160;</div>  <div>&#160;</div>  <div>Boka har en frodig og mimrende stil,</div>  <div>med noen lange, sammensatte ord.</div>  <div>Det er en stor fordel å ha gått i kor,</div>  <div>men spesielle ord blir ofte forklart</div>  <div>etterhvert som de blir brukt,</div>  <div>eller i ordlista bakerst i boka.</div>  <div>&#160;&#160;</div>  <div><strong>Ingrid Bjørnov </strong>er en av Norges mest folkekjære artister.&#160;</div>  <div>Hun er sanger, pianist, låtskriver, forfatter</div>  <div>og programleder på TV.&#160;</div>  ]]></wp:meta_value>
            </wp:postmeta>
            <wp:postmeta>
                <wp:meta_key>_lsb_review</wp:meta_key>
                <wp:meta_value><![CDATA[lsb_acf_review]]></wp:meta_value>
            </wp:postmeta>
            <wp:postmeta>
                <wp:meta_key>lsb_quote</wp:meta_key>
                <wp:meta_value><![CDATA[Tredjestemme, sa dirigenten. Jeg tror du skal synge tredjestemme. Ok, tenkte jeg. Alle må jo starte et sted, og tredje høres helt greit ut. Jeg rykker vel opp etterhvert.    Jeg trodde kor fungerte på samme som fotball, men det viste seg ikke å holde stikk. Jeg sang syv samfulle år i Oppsal skoles pikekor uten tegn til opprykk. Det var heller ingen tegn til sololinjer. Sololinjene gikk enten til Merete, en blond liten sopran som både kunne synge høyt og gå i spagaten, eller til Hannemone, et tohodet sangtroll som hadde stått i koret siden tidenes morgen og derfor hadde hevd på alle solopartier som ikke gikk for høyt for henne.    Det er faktisk mulig å se på et pikekor - lenge før de har begynt å synge - hvor de ulike stemmegruppene står. Førstesopranene er små og spinkle med langt, lyst hår. Andresopranene, eller mezzogruppen, også kjent som dritten i midten, har ingen særlige kjennetegn. Tredjestemmene, eller altene, er som regel mørkere i håret og litt tettere bygget. ]]></wp:meta_value>
            </wp:postmeta>
            <wp:postmeta>
                <wp:meta_key>_lsb_quote</wp:meta_key>
                <wp:meta_value><![CDATA[lsb_acf_quote]]></wp:meta_value>
            </wp:postmeta>
            <wp:postmeta>
                <wp:meta_key>lsb_supported</wp:meta_key>
                <wp:meta_value><![CDATA[0]]></wp:meta_value>
            </wp:postmeta>
            <wp:postmeta>
                <wp:meta_key>_lsb_supported</wp:meta_key>
                <wp:meta_value><![CDATA[lsb_acf_supported]]></wp:meta_value>
            </wp:postmeta>
            <category domain="lsb_tax_author" nicename="ingrid-bjørnov"><![CDATA[Ingrid Bjørnov]]></category>
            <category domain="lsb_tax_publisher" nicename="vega"><![CDATA[Vega]]></category>
            <category domain="lsb_tax_illustrator" nicename="lisa-aisato-o.fl."><![CDATA[Lisa Aisato o.fl.]]></category>
            <wp:postmeta>
                <wp:meta_key>lsb_look_inside</wp:meta_key>
                <wp:meta_value><![CDATA[CUSTOM_BLA_I_BOKA]]></wp:meta_value>
            </wp:postmeta>
            <wp:postmeta>
                <wp:meta_key>_lsb_look_inside</wp:meta_key>
                <wp:meta_value><![CDATA[lsb_acf_look_inside]]></wp:meta_value>
            </wp:postmeta>
            <category domain="lsb_tax_age" nicename="voksne"><![CDATA[voksne]]></category>
            <category domain="lsb_tax_topic" nicename="annet"><![CDATA[annet]]></category>
            <category domain="lsb_tax_language" nicename="no_nb"><![CDATA[bokmål]]></category>
            <category domain="lsb_tax_customization" nicename="faglitteratur"><![CDATA[faglitteratur]]></category>
            <category domain="lsb_tax_customization" nicename="mange-bilder"><![CDATA[mange bilder]]></category>
            <wp:postmeta>
                <wp:meta_key>_thumbnail_id</wp:meta_key>
                <wp:meta_value><![CDATA[5610]]></wp:meta_value>
            </wp:postmeta>
        </item>
        <item>
            <title>SeNorgesBlomsterdalOmslag.jpg</title>
            <wp:post_id>5610</wp:post_id>
            <wp:status>inherit</wp:status>
            <wp:post_type>attachment</wp:post_type>
            <wp:attachment_url>https://raw.githubusercontent.com/lesersokerbok/boksok.no-data-utils/master/output-example/images/9432AF4D122C49829173ADBEBDFE1681.jpg</wp:attachment_url>
        </item>
        <item>
            <wp:post_type>lsb_book</wp:post_type>
            <wp:status>publish</wp:status>
            <title>Den lille boken om de små hagene</title>
            <excerpt:encoded><![CDATA[Nydelige bilder av små hager som gatekunst i store byer.]]></excerpt:encoded>
            <wp:postmeta>
                <wp:meta_key>lsb_isbn</wp:meta_key>
                <wp:meta_value><![CDATA[9788293053163]]></wp:meta_value>
            </wp:postmeta>
            <wp:postmeta>
                <wp:meta_key>_lsb_isbn</wp:meta_key>
                <wp:meta_value><![CDATA[lsb_acf_isbn]]></wp:meta_value>
            </wp:postmeta>
            <wp:postmeta>
                <wp:meta_key>lsb_published_year</wp:meta_key>
                <wp:meta_value><![CDATA[2013]]></wp:meta_value>
            </wp:postmeta>
            <wp:postmeta>
                <wp:meta_key>_lsb_published_year</wp:meta_key>
                <wp:meta_value><![CDATA[lsb_acf_published_year]]></wp:meta_value>
            </wp:postmeta>
            <wp:postmeta>
                <wp:meta_key>lsb_pages</wp:meta_key>
                <wp:meta_value><![CDATA[92]]></wp:meta_value>
            </wp:postmeta>
            <wp:postmeta>
                <wp:meta_key>_lsb_pages</wp:meta_key>
                <wp:meta_value><![CDATA[lsb_acf_pages]]></wp:meta_value>
            </wp:postmeta>
            <wp:postmeta>
                <wp:meta_key>lsb_review</wp:meta_key>
                <wp:meta_value><![CDATA[  <div style="margin: 0cm 0cm 10pt;" class="MsoNormal"><font color="#000000">Ved hjelp av jord, planter og veldige små ting,<br />  </font><span style="color: rgb(0, 0, 0);">lager Steve Wheen&#160;fantastiske hager<br />  </span><span style="color: rgb(0, 0, 0);">midt blant brosteinene.<br />  </span><span style="color: rgb(0, 0, 0);">Hagene får et eget tema, med små ting<br />  </span><span style="color: rgb(0, 0, 0);">som for eksempel mini-TV, mini-stol, <br />  mini-postkasse, mini-biler.</span></div>  <div style="margin: 0cm 0cm 10pt;" class="MsoNormal"><span style="color: rgb(0, 0, 0);"></span><font color="#000000">Dette er&#160;hans lille protest mot alle hullene<br />  </font><span style="color: rgb(0, 0, 0);">han finner i gater og veier,<br />  </span><span style="color: rgb(0, 0, 0);">og han kalles også gerilja-gartner.</span></div>  <div style="margin: 0cm 0cm 10pt;" class="MsoNormal"><span style="color: rgb(0, 0, 0);">Boken har bilder av mange små hager<br />  </span><span style="color: rgb(0, 0, 0);">på fortau og i veier. De fleste bildene er fra London.<br />  </span><font color="#000000">Det er lite tekst inne i boka, kun litt billedtekst. <br />  F</font><font color="#000000">orordet er på to sider og har litt liten skrift.</font></div>  <div style="margin: 0cm 0cm 10pt;" class="MsoNormal"><font color="#000000"><strong>Steve Wheen</strong> er fra Australia, <br />  men bor nå i London, England.<br />  </font><span style="color: rgb(0, 0, 0);">Han blir veldig glad&#160;når folk oppdager hagene hans, <br />  og kanskje stopper opp og tar et bilde.</span></div>  <div style="margin: 0cm 0cm 10pt;" class="MsoNormal">&#160;</div>  <div style="margin: 0cm 0cm 10pt;" class="MsoNormal"><font color="#000000">&#160;</font></div>  <div style="margin: 0cm 0cm 10pt;" class="MsoNormal">&#160;</div>  <div style="margin: 0cm 0cm 10pt;" class="MsoNormal">&#160;</div>  ]]></wp:meta_value>
            </wp:postmeta>
            <wp:postmeta>
                <wp:meta_key>_lsb_review</wp:meta_key>
                <wp:meta_value><![CDATA[lsb_acf_review]]></wp:meta_value>
            </wp:postmeta>
            <wp:postmeta>
                <wp:meta_key>lsb_quote</wp:meta_key>
                <wp:meta_value><![CDATA[Ting laget med kjærlighet er best, enten det er  en genser eller en miniatyrhage.  Denne hagen i Moss Lane ble laget med kjærlighet.]]></wp:meta_value>
            </wp:postmeta>
            <wp:postmeta>
                <wp:meta_key>_lsb_quote</wp:meta_key>
                <wp:meta_value><![CDATA[lsb_acf_quote]]></wp:meta_value>
            </wp:postmeta>
            <wp:postmeta>
                <wp:meta_key>lsb_supported</wp:meta_key>
                <wp:meta_value><![CDATA[0]]></wp:meta_value>
            </wp:postmeta>
            <wp:postmeta>
                <wp:meta_key>_lsb_supported</wp:meta_key>
                <wp:meta_value><![CDATA[lsb_acf_supported]]></wp:meta_value>
            </wp:postmeta>
            <category domain="lsb_tax_author" nicename="steve-wheen"><![CDATA[Steve Wheen]]></category>
            <category domain="lsb_tax_publisher" nicename="kontur-forlag"><![CDATA[Kontur forlag]]></category>
            <category domain="lsb_tax_translator" nicename="nina-ring-aamundsen"><![CDATA[Nina Ring Aamundsen]]></category>
            <wp:postmeta>
                <wp:meta_key>lsb_look_inside</wp:meta_key>
                <wp:meta_value><![CDATA[CUSTOM_BLA_I_BOKA]]></wp:meta_value>
            </wp:postmeta>
            <wp:postmeta>
                <wp:meta_key>_lsb_look_inside</wp:meta_key>
                <wp:meta_value><![CDATA[lsb_acf_look_inside]]></wp:meta_value>
            </wp:postmeta>
            <category domain="lsb_tax_age" nicename="voksne"><![CDATA[voksne]]></category>
            <category domain="lsb_tax_topic" nicename="annet"><![CDATA[annet]]></category>
            <category domain="lsb_tax_language" nicename="no_nb"><![CDATA[bokmål]]></category>
            <category domain="lsb_tax_customization" nicename="faglitteratur"><![CDATA[faglitteratur]]></category>
            <category domain="lsb_tax_customization" nicename="bilder"><![CDATA[bilder]]></category>
            <category domain="lsb_tax_customization" nicename="mange-bilder"><![CDATA[mange bilder]]></category>
            <wp:postmeta>
                <wp:meta_key>_thumbnail_id</wp:meta_key>
                <wp:meta_value><![CDATA[5611]]></wp:meta_value>
            </wp:postmeta>
        </item>
        <item>
            <title>den_lille_boken_om_de_sma_hagene-wheen_steve-22607841-2633905976-frntl.jpg</title>
            <wp:post_id>5611</wp:post_id>
            <wp:status>inherit</wp:status>
            <wp:post_type>attachment</wp:post_type>
            <wp:attachment_url>https://raw.githubusercontent.com/lesersokerbok/boksok.no-data-utils/master/output-example/images/3F4DFEAF0ADD40178CC1C97F6ACEB0BC.jpg</wp:attachment_url>
        </item>
        <item>
            <wp:post_type>lsb_book</wp:post_type>
            <wp:status>publish</wp:status>
            <title>Kom hjem</title>
            <excerpt:encoded><![CDATA[Når du er aleine, må du stole på deg sjøl.]]></excerpt:encoded>
            <wp:postmeta>
                <wp:meta_key>lsb_isbn</wp:meta_key>
                <wp:meta_value><![CDATA[9788210053009]]></wp:meta_value>
            </wp:postmeta>
            <wp:postmeta>
                <wp:meta_key>_lsb_isbn</wp:meta_key>
                <wp:meta_value><![CDATA[lsb_acf_isbn]]></wp:meta_value>
            </wp:postmeta>
            <wp:postmeta>
                <wp:meta_key>lsb_published_year</wp:meta_key>
                <wp:meta_value><![CDATA[2013]]></wp:meta_value>
            </wp:postmeta>
            <wp:postmeta>
                <wp:meta_key>_lsb_published_year</wp:meta_key>
                <wp:meta_value><![CDATA[lsb_acf_published_year]]></wp:meta_value>
            </wp:postmeta>
            <wp:postmeta>
                <wp:meta_key>lsb_pages</wp:meta_key>
                <wp:meta_value><![CDATA[207]]></wp:meta_value>
            </wp:postmeta>
            <wp:postmeta>
                <wp:meta_key>_lsb_pages</wp:meta_key>
                <wp:meta_value><![CDATA[lsb_acf_pages]]></wp:meta_value>
            </wp:postmeta>
            <wp:postmeta>
                <wp:meta_key>lsb_review</wp:meta_key>
                <wp:meta_value><![CDATA[  <div>Lisbeth bor aleine i en liten leilighet,</div>  <div>uten annet selskap enn en katt.</div>  <div>Hun har droppet ut av skolen,</div>  <div>mora har flyttet til Thailand,<br />  søstra har flyttet til Nord-Norge.</div>  <div>Hun jobber som dop-kurér for Svensken,</div>  <div>og baserer mye av livet sitt på å hoppe</div>  <div>når han sier hopp.</div>  <div>Hva gjør hun, når katta blir borte,</div>  <div>og Svensken begynner å rote det til? &#160;</div>  <div><br />  </div>  <div><strong>Kom hjem</strong> er en rå bok om ansvar,</div>  <div>trygghet og om å overleve. </div>  <div>Både språket og innholdet kan være brutalt,</div>  <div>men det er gir et realistisk bilde</div>  <div>av verdenen Lisbeth lever i.</div>  <div>Boka er lettlest, men sitter i lenge etterpå.&#160;</div>  <div>&#160;</div>  <div><strong>Mari Lindbäck</strong> er utdannet fotograf.</div>  <div><strong>Kom hjem</strong> er hennes tredje bok.&#160;</div>  ]]></wp:meta_value>
            </wp:postmeta>
            <wp:postmeta>
                <wp:meta_key>_lsb_review</wp:meta_key>
                <wp:meta_value><![CDATA[lsb_acf_review]]></wp:meta_value>
            </wp:postmeta>
            <wp:postmeta>
                <wp:meta_key>lsb_quote</wp:meta_key>
                <wp:meta_value><![CDATA[Svensken sender meg sms. Han vil at jeg skal komme bort. Han skal ha nøkkelen. Jeg går bort til huset hans. Det tar et kvarter. Det er et enkelt, rødt femtitallshus, bygd rett etter krigen. Det ser ikke ut som om noen har gjort noe særlig med det siden da. Det er gjerde rundt tomta og du må gå gjennom en vindskjev smijernsport for  å komme inn. Selv om jeg sjelden er inne der, veit jeg at det lekker i andre etasje. Det lekker på rommet til dattera hans. Det fortalte han en gang vi satt i bilen og venta på en fyr. Han sa at mora hennes, den jævla hora, hadde sagt at hun ikke får komme dit før han har tetta det.    Han har aldri sagt noe til meg om hvorfor det skar seg med mora til Sunniva. Det han pleier å si, de gangene han sier noe, bortsatt fra det med taklekkasjen og at jentungen hans er god i basketball, og det med bursdagen, er at mora til dattera hans er gæren. Hun er gæren og hun er en jævla fitte og hun er en jævla hore.]]></wp:meta_value>
            </wp:postmeta>
            <wp:postmeta>
                <wp:meta_key>_lsb_quote</wp:meta_key>
                <wp:meta_value><![CDATA[lsb_acf_quote]]></wp:meta_value>
            </wp:postmeta>
            <wp:postmeta>
                <wp:meta_key>lsb_supported</wp:meta_key>
                <wp:meta_value><![CDATA[0]]></wp:meta_value>
            </wp:postmeta>
            <wp:postmeta>
                <wp:meta_key>_lsb_supported</wp:meta_key>
                <wp:meta_value><![CDATA[lsb_acf_supported]]></wp:meta_value>
            </wp:postmeta>
            <category domain="lsb_tax_author" nicename="mari-lindbäck"><![CDATA[Mari Lindbäck]]></category>
            <category domain="lsb_tax_publisher" nicename="tiden"><![CDATA[Tiden]]></category>
            <wp:postmeta>
                <wp:meta_key>lsb_look_inside</wp:meta_key>
                <wp:meta_value><![CDATA[CUSTOM_BLA_I_BOKA]]></wp:meta_value>
            </wp:postmeta>
            <wp:postmeta>
                <wp:meta_key>_lsb_look_inside</wp:meta_key>
                <wp:meta_value><![CDATA[lsb_acf_look_inside]]></wp:meta_value>
            </wp:postmeta>
            <category domain="lsb_tax_age" nicename="voksne"><![CDATA[voksne]]></category>
            <category domain="lsb_tax_topic" nicename="mennesker-i-mellom"><![CDATA[mennesker i mellom]]></category>
            <category domain="lsb_tax_topic" nicename="krim"><![CDATA[krim]]></category>
            <category domain="lsb_tax_topic" nicename="spenning"><![CDATA[spenning]]></category>
            <category domain="lsb_tax_language" nicename="no_nb"><![CDATA[bokmål]]></category>
            <category domain="lsb_tax_customization" nicename="skjønnlitteratur"><![CDATA[skjønnlitteratur]]></category>
            <wp:postmeta>
                <wp:meta_key>_thumbnail_id</wp:meta_key>
                <wp:meta_value><![CDATA[5612]]></wp:meta_value>
            </wp:postmeta>
        </item>
        <item>
            <title>kom hjem.jpg</title>
            <wp:post_id>5612</wp:post_id>
            <wp:status>inherit</wp:status>
            <wp:post_type>attachment</wp:post_type>
            <wp:attachment_url>https://raw.githubusercontent.com/lesersokerbok/boksok.no-data-utils/master/output-example/images/5E4E845D65C042088BFA666AC3F7F4FE.jpg</wp:attachment_url>
        </item>
        <item>
            <wp:post_type>lsb_book</wp:post_type>
            <wp:status>publish</wp:status>
            <title>Hvis jeg var en bok </title>
            <excerpt:encoded><![CDATA[Denne boka er både   veldig enkel og kompleks. ]]></excerpt:encoded>
            <wp:postmeta>
                <wp:meta_key>lsb_isbn</wp:meta_key>
                <wp:meta_value><![CDATA[9788292863374]]></wp:meta_value>
            </wp:postmeta>
            <wp:postmeta>
                <wp:meta_key>_lsb_isbn</wp:meta_key>
                <wp:meta_value><![CDATA[lsb_acf_isbn]]></wp:meta_value>
            </wp:postmeta>
            <wp:postmeta>
                <wp:meta_key>lsb_published_year</wp:meta_key>
                <wp:meta_value><![CDATA[2012]]></wp:meta_value>
            </wp:postmeta>
            <wp:postmeta>
                <wp:meta_key>_lsb_published_year</wp:meta_key>
                <wp:meta_value><![CDATA[lsb_acf_published_year]]></wp:meta_value>
            </wp:postmeta>
            <wp:postmeta>
                <wp:meta_key>lsb_pages</wp:meta_key>
                <wp:meta_value><![CDATA[upag]]></wp:meta_value>
            </wp:postmeta>
            <wp:postmeta>
                <wp:meta_key>_lsb_pages</wp:meta_key>
                <wp:meta_value><![CDATA[lsb_acf_pages]]></wp:meta_value>
            </wp:postmeta>
            <wp:postmeta>
                <wp:meta_key>lsb_review</wp:meta_key>
                <wp:meta_value><![CDATA[  <div>Hver tekst begynner med ordene </div>  <div>"Hvis jeg var en bok ...". </div>  <div>Både teksten og bildene </div>  <div>har en voksen form. </div>  <div>Bildene og teksten </div>  <div>får deg til å tenke. </div>  <div>&#160;</div>  <div>Boka er lett å lese. </div>  <div>Den har tre linjer </div>  <div>på hvert oppslag.</div>  <div>Skriften er tydelig. </div>  <div>Noen av ordene er vanskelige.  </div>  <div>&#160;</div>  <div>Forfatteren og illustratøren </div>  <div>er fra Portugal. </div>  ]]></wp:meta_value>
            </wp:postmeta>
            <wp:postmeta>
                <wp:meta_key>_lsb_review</wp:meta_key>
                <wp:meta_value><![CDATA[lsb_acf_review]]></wp:meta_value>
            </wp:postmeta>
            <wp:postmeta>
                <wp:meta_key>lsb_quote</wp:meta_key>
                <wp:meta_value><![CDATA[Hvis jeg var en bok,   ville jeg først og fremst ønske   å bli lest og å være fri. ]]></wp:meta_value>
            </wp:postmeta>
            <wp:postmeta>
                <wp:meta_key>_lsb_quote</wp:meta_key>
                <wp:meta_value><![CDATA[lsb_acf_quote]]></wp:meta_value>
            </wp:postmeta>
            <wp:postmeta>
                <wp:meta_key>lsb_supported</wp:meta_key>
                <wp:meta_value><![CDATA[0]]></wp:meta_value>
            </wp:postmeta>
            <wp:postmeta>
                <wp:meta_key>_lsb_supported</wp:meta_key>
                <wp:meta_value><![CDATA[lsb_acf_supported]]></wp:meta_value>
            </wp:postmeta>
            <category domain="lsb_tax_author" nicename="josé-jorge-letria"><![CDATA[José Jorge Letria]]></category>
            <category domain="lsb_tax_publisher" nicename="magikon-"><![CDATA[Magikon ]]></category>
            <category domain="lsb_tax_illustrator" nicename="andré-letria-"><![CDATA[André Letria ]]></category>
            <category domain="lsb_tax_translator" nicename="anne-ellingers"><![CDATA[Anne Ellingers]]></category>
            <wp:postmeta>
                <wp:meta_key>lsb_look_inside</wp:meta_key>
                <wp:meta_value><![CDATA[CUSTOM_BLA_I_BOKA]]></wp:meta_value>
            </wp:postmeta>
            <wp:postmeta>
                <wp:meta_key>_lsb_look_inside</wp:meta_key>
                <wp:meta_value><![CDATA[lsb_acf_look_inside]]></wp:meta_value>
            </wp:postmeta>
            <category domain="lsb_tax_age" nicename="voksne"><![CDATA[voksne]]></category>
            <category domain="lsb_tax_genre" nicename="prosa"><![CDATA[prosa]]></category>
            <category domain="lsb_tax_topic" nicename="historie"><![CDATA[historie]]></category>
            <category domain="lsb_tax_topic" nicename="samfunn"><![CDATA[samfunn]]></category>
            <category domain="lsb_tax_language" nicename="no_nb"><![CDATA[bokmål]]></category>
            <category domain="lsb_tax_customization" nicename="skjønnlitteratur"><![CDATA[skjønnlitteratur]]></category>
            <category domain="lsb_tax_customization" nicename="bilder"><![CDATA[bilder]]></category>
            <category domain="lsb_tax_customization" nicename="ny-i-norge"><![CDATA[ny i norge]]></category>
            <category domain="lsb_tax_customization" nicename="mange-bilder"><![CDATA[mange bilder]]></category>
            <wp:postmeta>
                <wp:meta_key>_thumbnail_id</wp:meta_key>
                <wp:meta_value><![CDATA[5613]]></wp:meta_value>
            </wp:postmeta>
        </item>
        <item>
            <title>hvis jeg var.png</title>
            <wp:post_id>5613</wp:post_id>
            <wp:status>inherit</wp:status>
            <wp:post_type>attachment</wp:post_type>
            <wp:attachment_url>https://raw.githubusercontent.com/lesersokerbok/boksok.no-data-utils/master/output-example/images/4FB1EC99A7B24B29B4D7C4C2EAF05AC8.png</wp:attachment_url>
        </item>
        <item>
            <wp:post_type>lsb_book</wp:post_type>
            <wp:status>publish</wp:status>
            <title>Reisen</title>
            <excerpt:encoded><![CDATA[Dette er en enkel bok   med store spørsmål.   Hvem er du   når du må reise   til et helt nytt sted?  ]]></excerpt:encoded>
            <wp:postmeta>
                <wp:meta_key>lsb_isbn</wp:meta_key>
                <wp:meta_value><![CDATA[978828292863367]]></wp:meta_value>
            </wp:postmeta>
            <wp:postmeta>
                <wp:meta_key>_lsb_isbn</wp:meta_key>
                <wp:meta_value><![CDATA[lsb_acf_isbn]]></wp:meta_value>
            </wp:postmeta>
            <wp:postmeta>
                <wp:meta_key>lsb_published_year</wp:meta_key>
                <wp:meta_value><![CDATA[2012]]></wp:meta_value>
            </wp:postmeta>
            <wp:postmeta>
                <wp:meta_key>_lsb_published_year</wp:meta_key>
                <wp:meta_value><![CDATA[lsb_acf_published_year]]></wp:meta_value>
            </wp:postmeta>
            <wp:postmeta>
                <wp:meta_key>lsb_pages</wp:meta_key>
                <wp:meta_value/>
            </wp:postmeta>
            <wp:postmeta>
                <wp:meta_key>_lsb_pages</wp:meta_key>
                <wp:meta_value><![CDATA[lsb_acf_pages]]></wp:meta_value>
            </wp:postmeta>
            <wp:postmeta>
                <wp:meta_key>lsb_review</wp:meta_key>
                <wp:meta_value><![CDATA[  <div>Og hvem er du når du møter andre, </div>  <div>men ikke skjønner hva de sier? </div>  <div>Hvordan skal du finne ut </div>  <div>hvem du er? </div>  <div>&#160;</div>  <div>Teksten er kort og enkel. </div>  <div>Den er skrevet i "du"-form</div>  <div>og henvender seg til leseren. </div>  <div>Teksten har enkle tegninger </div>  <div>som ikke er barnslige. </div>  <div>&#160;</div>  <div>Forfatteren <strong>Veronica Salinas</strong> </div>  <div>har selv reist fra Buenos Aires </div>  <div>til Norge. Hun er dramatiker </div>  <div>og skuespiller. </div>  ]]></wp:meta_value>
            </wp:postmeta>
            <wp:postmeta>
                <wp:meta_key>_lsb_review</wp:meta_key>
                <wp:meta_value><![CDATA[lsb_acf_review]]></wp:meta_value>
            </wp:postmeta>
            <wp:postmeta>
                <wp:meta_key>lsb_quote</wp:meta_key>
                <wp:meta_value><![CDATA[Det kan hende du må reise.    Og at det blåser så mye at du glemmer   hvem du er og hvor du kommer fra.]]></wp:meta_value>
            </wp:postmeta>
            <wp:postmeta>
                <wp:meta_key>_lsb_quote</wp:meta_key>
                <wp:meta_value><![CDATA[lsb_acf_quote]]></wp:meta_value>
            </wp:postmeta>
            <wp:postmeta>
                <wp:meta_key>lsb_supported</wp:meta_key>
                <wp:meta_value><![CDATA[0]]></wp:meta_value>
            </wp:postmeta>
            <wp:postmeta>
                <wp:meta_key>_lsb_supported</wp:meta_key>
                <wp:meta_value><![CDATA[lsb_acf_supported]]></wp:meta_value>
            </wp:postmeta>
            <category domain="lsb_tax_author" nicename="veronica-salinas"><![CDATA[Veronica Salinas]]></category>
            <category domain="lsb_tax_publisher" nicename="magikon"><![CDATA[Magikon]]></category>
            <category domain="lsb_tax_illustrator" nicename="camilla-engman"><![CDATA[Camilla Engman]]></category>
            <wp:postmeta>
                <wp:meta_key>lsb_look_inside</wp:meta_key>
                <wp:meta_value><![CDATA[CUSTOM_BLA_I_BOKA]]></wp:meta_value>
            </wp:postmeta>
            <wp:postmeta>
                <wp:meta_key>_lsb_look_inside</wp:meta_key>
                <wp:meta_value><![CDATA[lsb_acf_look_inside]]></wp:meta_value>
            </wp:postmeta>
            <category domain="lsb_tax_age" nicename="voksne"><![CDATA[voksne]]></category>
            <category domain="lsb_tax_age" nicename="ungdom"><![CDATA[ungdom]]></category>
            <category domain="lsb_tax_age" nicename="barn"><![CDATA[barn]]></category>
            <category domain="lsb_tax_genre" nicename="prosa"><![CDATA[prosa]]></category>
            <category domain="lsb_tax_topic" nicename="mennesker-i-mellom"><![CDATA[mennesker i mellom]]></category>
            <category domain="lsb_tax_language" nicename="no_nb"><![CDATA[bokmål]]></category>
            <category domain="lsb_tax_customization" nicename="bilder"><![CDATA[bilder]]></category>
            <category domain="lsb_tax_customization" nicename="ny-i-norge"><![CDATA[ny i norge]]></category>
            <category domain="lsb_tax_customization" nicename="mange-bilder"><![CDATA[mange bilder]]></category>
            <wp:postmeta>
                <wp:meta_key>_thumbnail_id</wp:meta_key>
                <wp:meta_value><![CDATA[5614]]></wp:meta_value>
            </wp:postmeta>
        </item>
        <item>
            <title>reisen.png</title>
            <wp:post_id>5614</wp:post_id>
            <wp:status>inherit</wp:status>
            <wp:post_type>attachment</wp:post_type>
            <wp:attachment_url>https://raw.githubusercontent.com/lesersokerbok/boksok.no-data-utils/master/output-example/images/D8FE25C267D5487791F9AFE84E02B70D.png</wp:attachment_url>
        </item>
        <item>
            <wp:post_type>lsb_book</wp:post_type>
            <wp:status>publish</wp:status>
            <title>Broren min - om stoffmisbruk, skuffelser og søskenkjærlighet</title>
            <excerpt:encoded><![CDATA[Eline på 20 år vil at storebroren skal slutte med narkotika.   Det ble det en god bok av.]]></excerpt:encoded>
            <wp:postmeta>
                <wp:meta_key>lsb_isbn</wp:meta_key>
                <wp:meta_value/>
            </wp:postmeta>
            <wp:postmeta>
                <wp:meta_key>_lsb_isbn</wp:meta_key>
                <wp:meta_value><![CDATA[lsb_acf_isbn]]></wp:meta_value>
            </wp:postmeta>
            <wp:postmeta>
                <wp:meta_key>lsb_published_year</wp:meta_key>
                <wp:meta_value><![CDATA[2012]]></wp:meta_value>
            </wp:postmeta>
            <wp:postmeta>
                <wp:meta_key>_lsb_published_year</wp:meta_key>
                <wp:meta_value><![CDATA[lsb_acf_published_year]]></wp:meta_value>
            </wp:postmeta>
            <wp:postmeta>
                <wp:meta_key>lsb_pages</wp:meta_key>
                <wp:meta_value><![CDATA[163]]></wp:meta_value>
            </wp:postmeta>
            <wp:postmeta>
                <wp:meta_key>_lsb_pages</wp:meta_key>
                <wp:meta_value><![CDATA[lsb_acf_pages]]></wp:meta_value>
            </wp:postmeta>
            <wp:postmeta>
                <wp:meta_key>lsb_review</wp:meta_key>
                <wp:meta_value><![CDATA[  <div><strong>Eline Johnsen Helldal</strong> skriver nært og direkte </div>  <div>om å ha en bror som er avhengig av rus.</div>  <div>Boka handler om hva det gjør med familien. </div>  <div>Familien er glad i Henrik og vil gjerne være sammen med han. </div>  <div>De gjør det de kan for å leve normalt. </div>  <div>De gjør det de kan for å kose seg. <br />  </div>  <div>De gjør det de kan for å hjelpe.<br />  </div>  <div>&#160;</div>  <div>Elin skriver med et klart og tydelig språk.</div>  <div>Det gjør det lett å lese om det som er vanskelig. </div>  <div>&#160;</div>  <div>Broren skriver også om hvordan han har det.</div>  <div>Det er godt å få lese hans opplevelser også.</div>  <div>Han skriver også direkte, konkret og godt, </div>  <div>Tekstene hans er satt i kursiv så de kan ta litt lenger tid å lese,</div>  <div>men de er verdt den ekstra innsatsen. <br />  </div>  <div>&#160;</div>  <div><strong>Eline Johnsen Helledal</strong> (f. 1991) </div>  <div>vant en konkurranse i A-magasinet i 2010 </div>  <div>for artikkelen «Livet på pause». </div>  <div>Hun skrev en reportasje som handlet om </div>  <div>å leve med en  narkoman bror. </div>  <div>Etter den ble hun spurt om å skrive en bok.</div>  ]]></wp:meta_value>
            </wp:postmeta>
            <wp:postmeta>
                <wp:meta_key>_lsb_review</wp:meta_key>
                <wp:meta_value><![CDATA[lsb_acf_review]]></wp:meta_value>
            </wp:postmeta>
            <wp:postmeta>
                <wp:meta_key>lsb_quote</wp:meta_key>
                <wp:meta_value><![CDATA[24. des. 22.36: Hei. Er lei meg for at jeg ikke kom, har vært litt utafor i det siste og vil ikke spre min negativitet rundt. Så har bare vært for meg selv i dag. Lover å være en bedre bror neste år. Tror og håper jeg kan få fikset opp i  mye året som kommer. Er veldig glad i dere selv om det kanskje ikke alltid virker sånn. Håper dere har hatt en fin kveld. Klem]]></wp:meta_value>
            </wp:postmeta>
            <wp:postmeta>
                <wp:meta_key>_lsb_quote</wp:meta_key>
                <wp:meta_value><![CDATA[lsb_acf_quote]]></wp:meta_value>
            </wp:postmeta>
            <wp:postmeta>
                <wp:meta_key>lsb_supported</wp:meta_key>
                <wp:meta_value><![CDATA[0]]></wp:meta_value>
            </wp:postmeta>
            <wp:postmeta>
                <wp:meta_key>_lsb_supported</wp:meta_key>
                <wp:meta_value><![CDATA[lsb_acf_supported]]></wp:meta_value>
            </wp:postmeta>
            <category domain="lsb_tax_author" nicename="eline-johnsen-helledal"><![CDATA[Eline Johnsen Helledal]]></category>
            <category domain="lsb_tax_publisher" nicename="gyldendal"><![CDATA[Gyldendal]]></category>
            <wp:postmeta>
                <wp:meta_key>lsb_look_inside</wp:meta_key>
                <wp:meta_value><![CDATA[CUSTOM_BLA_I_BOKA]]></wp:meta_value>
            </wp:postmeta>
            <wp:postmeta>
                <wp:meta_key>_lsb_look_inside</wp:meta_key>
                <wp:meta_value><![CDATA[lsb_acf_look_inside]]></wp:meta_value>
            </wp:postmeta>
            <category domain="lsb_tax_age" nicename="ungdom"><![CDATA[ungdom]]></category>
            <category domain="lsb_tax_age" nicename="voksne"><![CDATA[voksne]]></category>
            <category domain="lsb_tax_topic" nicename="historie"><![CDATA[historie]]></category>
            <category domain="lsb_tax_topic" nicename="samfunn"><![CDATA[samfunn]]></category>
            <category domain="lsb_tax_topic" nicename="mennesker-i-mellom"><![CDATA[mennesker i mellom]]></category>
            <category domain="lsb_tax_language" nicename="no_nb"><![CDATA[bokmål]]></category>
            <category domain="lsb_tax_customization" nicename="faglitteratur"><![CDATA[faglitteratur]]></category>
            <wp:postmeta>
                <wp:meta_key>_thumbnail_id</wp:meta_key>
                <wp:meta_value><![CDATA[5615]]></wp:meta_value>
            </wp:postmeta>
        </item>
        <item>
            <title>Broren-min_hd_image.jpg</title>
            <wp:post_id>5615</wp:post_id>
            <wp:status>inherit</wp:status>
            <wp:post_type>attachment</wp:post_type>
            <wp:attachment_url>https://raw.githubusercontent.com/lesersokerbok/boksok.no-data-utils/master/output-example/images/1DC6376C548E4FEDAD09C7DAB953ACA4.jpg</wp:attachment_url>
        </item>
        <item>
            <wp:post_type>lsb_book</wp:post_type>
            <wp:status>publish</wp:status>
            <title>Hjemlandet. Steder som er Norge</title>
            <excerpt:encoded><![CDATA[Fotograf Bård Løken har laget praktfull bok  med fotografier fra Norge. ]]></excerpt:encoded>
            <wp:postmeta>
                <wp:meta_key>lsb_isbn</wp:meta_key>
                <wp:meta_value><![CDATA[9788202340667]]></wp:meta_value>
            </wp:postmeta>
            <wp:postmeta>
                <wp:meta_key>_lsb_isbn</wp:meta_key>
                <wp:meta_value><![CDATA[lsb_acf_isbn]]></wp:meta_value>
            </wp:postmeta>
            <wp:postmeta>
                <wp:meta_key>lsb_published_year</wp:meta_key>
                <wp:meta_value><![CDATA[2012]]></wp:meta_value>
            </wp:postmeta>
            <wp:postmeta>
                <wp:meta_key>_lsb_published_year</wp:meta_key>
                <wp:meta_value><![CDATA[lsb_acf_published_year]]></wp:meta_value>
            </wp:postmeta>
            <wp:postmeta>
                <wp:meta_key>lsb_pages</wp:meta_key>
                <wp:meta_value><![CDATA[219]]></wp:meta_value>
            </wp:postmeta>
            <wp:postmeta>
                <wp:meta_key>_lsb_pages</wp:meta_key>
                <wp:meta_value><![CDATA[lsb_acf_pages]]></wp:meta_value>
            </wp:postmeta>
            <wp:postmeta>
                <wp:meta_key>lsb_review</wp:meta_key>
                <wp:meta_value><![CDATA[  <div>  <div>Løken har reist til nesten hundre steder</div>  <div>i Norge.&#160;Han har&#160;fotografert høye fjell,</div>  <div>flate strender, soloppgang, solnedgang,</div>  <div>nordlys, fine hus, store byer</div>  <div>og små bortgjemte plasser.</div>  <div>Og masse annet.&#160;</div>  <div>&#160;</div>  <div>Løken forteller personlig om bildene </div>  <div>og opplevelsen av stedet.&#160;</div>  <div>Hvert oppslag består av ett bilde&#160;og&#160;en kortere tekst</div>  <div>som sier noe om bildet og stedet&#160;det ble tatt. </div>  <div>Teksten&#160;har korte avsnitt&#160;</div>  <div>og er ganske lett å lese.</div>  <div>&#160;</div>  <div><strong>Bård Løken</strong>&#160;er en av Norges&#160;</div>  <div>mest kjente naturfotografer.&#160;</div>  <div>Han har fotografert natur&#160;og landskap </div>  <div>i over 20 år&#160;og gitt ut mange fotobøker.&#160;&#160;</div><br />  </div>  ]]></wp:meta_value>
            </wp:postmeta>
            <wp:postmeta>
                <wp:meta_key>_lsb_review</wp:meta_key>
                <wp:meta_value><![CDATA[lsb_acf_review]]></wp:meta_value>
            </wp:postmeta>
            <wp:postmeta>
                <wp:meta_key>lsb_quote</wp:meta_key>
                <wp:meta_value><![CDATA[En februarkveld jeg kjører langs Raft-  sundet, danser nordlyset over fjelltoppene på Austvågøya. Neste   morgen rusler jeg i fjæra i snøvær og vind, da det brått blir stille   på vannet og en glipe sollys smetter gjennom skydekket. Lys   av beste kvalitet i et par minutter ... før trollet igjen trekker for   gardinene.]]></wp:meta_value>
            </wp:postmeta>
            <wp:postmeta>
                <wp:meta_key>_lsb_quote</wp:meta_key>
                <wp:meta_value><![CDATA[lsb_acf_quote]]></wp:meta_value>
            </wp:postmeta>
            <wp:postmeta>
                <wp:meta_key>lsb_supported</wp:meta_key>
                <wp:meta_value><![CDATA[0]]></wp:meta_value>
            </wp:postmeta>
            <wp:postmeta>
                <wp:meta_key>_lsb_supported</wp:meta_key>
                <wp:meta_value><![CDATA[lsb_acf_supported]]></wp:meta_value>
            </wp:postmeta>
            <category domain="lsb_tax_author" nicename="bård-løken"><![CDATA[Bård Løken]]></category>
            <category domain="lsb_tax_publisher" nicename="cappelen-damm"><![CDATA[Cappelen Damm]]></category>
            <wp:postmeta>
                <wp:meta_key>lsb_look_inside</wp:meta_key>
                <wp:meta_value><![CDATA[CUSTOM_BLA_I_BOKA]]></wp:meta_value>
            </wp:postmeta>
            <wp:postmeta>
                <wp:meta_key>_lsb_look_inside</wp:meta_key>
                <wp:meta_value><![CDATA[lsb_acf_look_inside]]></wp:meta_value>
            </wp:postmeta>
            <category domain="lsb_tax_age" nicename="voksne"><![CDATA[voksne]]></category>
            <category domain="lsb_tax_topic" nicename="natur"><![CDATA[natur]]></category>
            <category domain="lsb_tax_language" nicename="no_nb"><![CDATA[bokmål]]></category>
            <category domain="lsb_tax_customization" nicename="faglitteratur"><![CDATA[faglitteratur]]></category>
            <category domain="lsb_tax_customization" nicename="bilder"><![CDATA[bilder]]></category>
            <category domain="lsb_tax_customization" nicename="mange-bilder"><![CDATA[mange bilder]]></category>
            <wp:postmeta>
                <wp:meta_key>_thumbnail_id</wp:meta_key>
                <wp:meta_value><![CDATA[5616]]></wp:meta_value>
            </wp:postmeta>
        </item>
        <item>
            <title>Hjemlandet</title>
            <wp:post_id>5616</wp:post_id>
            <wp:status>inherit</wp:status>
            <wp:post_type>attachment</wp:post_type>
            <wp:attachment_url>https://raw.githubusercontent.com/lesersokerbok/boksok.no-data-utils/master/output-example/images/6D2DE9978435499D8D0376CD2CD2CC4E.jpg</wp:attachment_url>
        </item>
        <item>
            <wp:post_type>lsb_book</wp:post_type>
            <wp:status>publish</wp:status>
            <title>Det finnes ingenting mer livsbejaende enn å være mørkeredd</title>
            <excerpt:encoded><![CDATA[Disse novellene er   spennende og underlige. ]]></excerpt:encoded>
            <wp:postmeta>
                <wp:meta_key>lsb_isbn</wp:meta_key>
                <wp:meta_value><![CDATA[9788202380496]]></wp:meta_value>
            </wp:postmeta>
            <wp:postmeta>
                <wp:meta_key>_lsb_isbn</wp:meta_key>
                <wp:meta_value><![CDATA[lsb_acf_isbn]]></wp:meta_value>
            </wp:postmeta>
            <wp:postmeta>
                <wp:meta_key>lsb_published_year</wp:meta_key>
                <wp:meta_value><![CDATA[2012]]></wp:meta_value>
            </wp:postmeta>
            <wp:postmeta>
                <wp:meta_key>_lsb_published_year</wp:meta_key>
                <wp:meta_value><![CDATA[lsb_acf_published_year]]></wp:meta_value>
            </wp:postmeta>
            <wp:postmeta>
                <wp:meta_key>lsb_pages</wp:meta_key>
                <wp:meta_value><![CDATA[154]]></wp:meta_value>
            </wp:postmeta>
            <wp:postmeta>
                <wp:meta_key>_lsb_pages</wp:meta_key>
                <wp:meta_value><![CDATA[lsb_acf_pages]]></wp:meta_value>
            </wp:postmeta>
            <wp:postmeta>
                <wp:meta_key>lsb_review</wp:meta_key>
                <wp:meta_value><![CDATA[  <div>To gutter svømmer i </div>  <div>et svømmebasseng </div>  <div>i en helt tom skole. </div>  <div>En lærer er på tur i skogen&#160;</div>  <div>med klassen sin. </div>  <div>En gutt er på vei hjem </div>  <div>fra en fest. </div>  <div>Felles for alle situasjonene </div>  <div>er at merkelige ting </div>  <div>begynner å skje. &#160;</div>  <div>&#160;</div>  <div>Novellene er drevet fram </div>  <div>av handling. </div>  <div>Språket er ganske enkelt. </div>  <div>&#160;</div>  <div><strong>Stig Beite Løken</strong> (født 1983) </div>  <div>bor i Stavanger. Han har </div>  <div>en master i litteraturvitenskap. </div>  <div>Han er fylkeskontakt for </div>  <div>Bok til alle-bibliotekene&#160; </div>  <div>i Rogaland. </div>  ]]></wp:meta_value>
            </wp:postmeta>
            <wp:postmeta>
                <wp:meta_key>_lsb_review</wp:meta_key>
                <wp:meta_value><![CDATA[lsb_acf_review]]></wp:meta_value>
            </wp:postmeta>
            <wp:postmeta>
                <wp:meta_key>lsb_quote</wp:meta_key>
                <wp:meta_value><![CDATA[  Jeg dykket etter mobilen. Det var så mørkt under   vannet at jeg ikke så noe som helst. Etter å ha dyk-   ket fem meter, hadde jeg fremdeles ikke nådd bun-   nen. Bassenget var dypere enn jeg trodde. Jeg fort-   satte å dykke. Dypere og dypere. Vannet ble kaldere   og kaldere jo lenger ned jeg kom. Til slutt var det så   kaldt at jeg frøs. ]]></wp:meta_value>
            </wp:postmeta>
            <wp:postmeta>
                <wp:meta_key>_lsb_quote</wp:meta_key>
                <wp:meta_value><![CDATA[lsb_acf_quote]]></wp:meta_value>
            </wp:postmeta>
            <wp:postmeta>
                <wp:meta_key>lsb_supported</wp:meta_key>
                <wp:meta_value><![CDATA[0]]></wp:meta_value>
            </wp:postmeta>
            <wp:postmeta>
                <wp:meta_key>_lsb_supported</wp:meta_key>
                <wp:meta_value><![CDATA[lsb_acf_supported]]></wp:meta_value>
            </wp:postmeta>
            <category domain="lsb_tax_author" nicename="stig-beite-løken-"><![CDATA[Stig Beite Løken ]]></category>
            <category domain="lsb_tax_publisher" nicename="cappelen-damm"><![CDATA[Cappelen Damm]]></category>
            <wp:postmeta>
                <wp:meta_key>lsb_look_inside</wp:meta_key>
                <wp:meta_value><![CDATA[CUSTOM_BLA_I_BOKA]]></wp:meta_value>
            </wp:postmeta>
            <wp:postmeta>
                <wp:meta_key>_lsb_look_inside</wp:meta_key>
                <wp:meta_value><![CDATA[lsb_acf_look_inside]]></wp:meta_value>
            </wp:postmeta>
            <category domain="lsb_tax_age" nicename="voksne"><![CDATA[voksne]]></category>
            <category domain="lsb_tax_genre" nicename="prosa"><![CDATA[prosa]]></category>
            <category domain="lsb_tax_language" nicename="no_nb"><![CDATA[bokmål]]></category>
            <category domain="lsb_tax_customization" nicename="skjønnlitteratur"><![CDATA[skjønnlitteratur]]></category>
            <wp:postmeta>
                <wp:meta_key>_thumbnail_id</wp:meta_key>
                <wp:meta_value><![CDATA[5617]]></wp:meta_value>
            </wp:postmeta>
        </item>
        <item>
            <title>Beite Loken_DetFinnesIngentingMer.jpg</title>
            <wp:post_id>5617</wp:post_id>
            <wp:status>inherit</wp:status>
            <wp:post_type>attachment</wp:post_type>
            <wp:attachment_url>https://raw.githubusercontent.com/lesersokerbok/boksok.no-data-utils/master/output-example/images/0CF60943C54445DD842A324D3C7B79FC.jpg</wp:attachment_url>
        </item>
        <item>
            <wp:post_type>lsb_book</wp:post_type>
            <wp:status>publish</wp:status>
            <title>God morgen og god natt</title>
            <excerpt:encoded><![CDATA[Denne diktsamlingen består av   lekne og flotte dikt   om å sove og å våkne. ]]></excerpt:encoded>
            <wp:postmeta>
                <wp:meta_key>lsb_isbn</wp:meta_key>
                <wp:meta_value><![CDATA[9788249511440]]></wp:meta_value>
            </wp:postmeta>
            <wp:postmeta>
                <wp:meta_key>_lsb_isbn</wp:meta_key>
                <wp:meta_value><![CDATA[lsb_acf_isbn]]></wp:meta_value>
            </wp:postmeta>
            <wp:postmeta>
                <wp:meta_key>lsb_published_year</wp:meta_key>
                <wp:meta_value><![CDATA[2012]]></wp:meta_value>
            </wp:postmeta>
            <wp:postmeta>
                <wp:meta_key>_lsb_published_year</wp:meta_key>
                <wp:meta_value><![CDATA[lsb_acf_published_year]]></wp:meta_value>
            </wp:postmeta>
            <wp:postmeta>
                <wp:meta_key>lsb_pages</wp:meta_key>
                <wp:meta_value/>
            </wp:postmeta>
            <wp:postmeta>
                <wp:meta_key>_lsb_pages</wp:meta_key>
                <wp:meta_value><![CDATA[lsb_acf_pages]]></wp:meta_value>
            </wp:postmeta>
            <wp:postmeta>
                <wp:meta_key>lsb_review</wp:meta_key>
                <wp:meta_value><![CDATA[  <div>Diktene er lette å lese, </div>  <div>de er fortellende </div>  <div>og samtidig originale. </div>  <div>De forteller oss noe </div>  <div>gjenkjennelig </div>  <div>og samtidig noe nytt. </div>  <div><strong>God morgen og god natt</strong> </div>  <div>er en diktsamling </div>  <div>å bli glad av, </div>  <div>samtidig som den vekker </div>  <div>undring og nysgjerrighet. </div>  <div>&#160;</div>  <div><strong>Nils-Øivind Haagensen</strong> (f. 1971) </div>  <div>har skrevet seks diktsamlinger, </div>  <div>en roman og en reisebok. </div>  <div>I 2004 fikk han Sult-prisen </div>  <div>for sitt forfatterskap. For samlingen </div>  <div><strong>God morgen </strong><strong>og god natt</strong> </div>  <div>ble Haagensen nominert til </div>  <div>Nordisk råds litteraturpris.&#160;</div>  <div class="view_quote"><br />  </div>  ]]></wp:meta_value>
            </wp:postmeta>
            <wp:postmeta>
                <wp:meta_key>_lsb_review</wp:meta_key>
                <wp:meta_value><![CDATA[lsb_acf_review]]></wp:meta_value>
            </wp:postmeta>
            <wp:postmeta>
                <wp:meta_key>lsb_quote</wp:meta_key>
                <wp:meta_value><![CDATA[ kjære Gud   kjære du   jeg ber om tilgivelse   det er det alle sier    overalt   om å be   be om tilgivelse   vi er en håpløs gjeng   som ikke klarer å oppføre oss   men Gud kan tilgi   og hvordan ber jeg om det   og hvordan gjør du det   hva er det du gir til meg   og oss]]></wp:meta_value>
            </wp:postmeta>
            <wp:postmeta>
                <wp:meta_key>_lsb_quote</wp:meta_key>
                <wp:meta_value><![CDATA[lsb_acf_quote]]></wp:meta_value>
            </wp:postmeta>
            <wp:postmeta>
                <wp:meta_key>lsb_supported</wp:meta_key>
                <wp:meta_value><![CDATA[0]]></wp:meta_value>
            </wp:postmeta>
            <wp:postmeta>
                <wp:meta_key>_lsb_supported</wp:meta_key>
                <wp:meta_value><![CDATA[lsb_acf_supported]]></wp:meta_value>
            </wp:postmeta>
            <category domain="lsb_tax_author" nicename="nils-øivind-haagensen"><![CDATA[Nils-Øivind Haagensen]]></category>
            <category domain="lsb_tax_publisher" nicename="oktober"><![CDATA[Oktober]]></category>
            <wp:postmeta>
                <wp:meta_key>lsb_look_inside</wp:meta_key>
                <wp:meta_value><![CDATA[CUSTOM_BLA_I_BOKA]]></wp:meta_value>
            </wp:postmeta>
            <wp:postmeta>
                <wp:meta_key>_lsb_look_inside</wp:meta_key>
                <wp:meta_value><![CDATA[lsb_acf_look_inside]]></wp:meta_value>
            </wp:postmeta>
            <category domain="lsb_tax_age" nicename="voksne"><![CDATA[voksne]]></category>
            <category domain="lsb_tax_genre" nicename="dikt"><![CDATA[dikt]]></category>
            <category domain="lsb_tax_language" nicename="no_nb"><![CDATA[bokmål]]></category>
            <category domain="lsb_tax_customization" nicename="skjønnlitteratur"><![CDATA[skjønnlitteratur]]></category>
            <wp:postmeta>
                <wp:meta_key>_thumbnail_id</wp:meta_key>
                <wp:meta_value><![CDATA[5618]]></wp:meta_value>
            </wp:postmeta>
        </item>
        <item>
            <title>God morgen og.jpg</title>
            <wp:post_id>5618</wp:post_id>
            <wp:status>inherit</wp:status>
            <wp:post_type>attachment</wp:post_type>
            <wp:attachment_url>https://raw.githubusercontent.com/lesersokerbok/boksok.no-data-utils/master/output-example/images/00DF7BCDB89C4747972EFBACD6A50B14.jpg</wp:attachment_url>
        </item>
        <item>
            <wp:post_type>lsb_book</wp:post_type>
            <wp:status>publish</wp:status>
            <title>123_blogg</title>
            <excerpt:encoded><![CDATA[Kort og godt om å lage blogg.]]></excerpt:encoded>
            <wp:postmeta>
                <wp:meta_key>lsb_isbn</wp:meta_key>
                <wp:meta_value><![CDATA[9788202358433]]></wp:meta_value>
            </wp:postmeta>
            <wp:postmeta>
                <wp:meta_key>_lsb_isbn</wp:meta_key>
                <wp:meta_value><![CDATA[lsb_acf_isbn]]></wp:meta_value>
            </wp:postmeta>
            <wp:postmeta>
                <wp:meta_key>lsb_published_year</wp:meta_key>
                <wp:meta_value><![CDATA[2012]]></wp:meta_value>
            </wp:postmeta>
            <wp:postmeta>
                <wp:meta_key>_lsb_published_year</wp:meta_key>
                <wp:meta_value><![CDATA[lsb_acf_published_year]]></wp:meta_value>
            </wp:postmeta>
            <wp:postmeta>
                <wp:meta_key>lsb_pages</wp:meta_key>
                <wp:meta_value><![CDATA[79]]></wp:meta_value>
            </wp:postmeta>
            <wp:postmeta>
                <wp:meta_key>_lsb_pages</wp:meta_key>
                <wp:meta_value><![CDATA[lsb_acf_pages]]></wp:meta_value>
            </wp:postmeta>
            <wp:postmeta>
                <wp:meta_key>lsb_review</wp:meta_key>
                <wp:meta_value><![CDATA[  <div>Boka forteller deg hva blogg er.  </div>  <div>Du får vite hvordan du lager blogg.</div>  <div>Du får tips om hvordan få lesere til bloggen din.</div>  <div>Det er en enkel og oversiktlig bok</div>  <div> som hjelper deg å lage en god blogg.</div>&#160;<br />  <div><strong>Thomas Moen</strong> har også lagt ut tips </div>  <div>som videoer på YouTube.</div>  <div>  <div>Disse kan du laste ned med hjelp av QR-koder.</div>  <div>Der forteller han mer om å blogge. <br />  </div>  <div>Det er en firkantet mønster som du kan scanne </div></div>  <div>  med en smart-telefon eller et nettbrett. </div>  <div>Disse er plassert ut på flere steder i boka. <br />  </div>  <div>Suverent!</div>  <div>&#160;</div>  <div><strong>  Thomas Moen</strong> er gründer, foredragsholder, rådgiver og blogger. </div>  ]]></wp:meta_value>
            </wp:postmeta>
            <wp:postmeta>
                <wp:meta_key>_lsb_review</wp:meta_key>
                <wp:meta_value><![CDATA[lsb_acf_review]]></wp:meta_value>
            </wp:postmeta>
            <wp:postmeta>
                <wp:meta_key>lsb_quote</wp:meta_key>
                <wp:meta_value><![CDATA[Man velger selv hva man ønsker å fylle en blogg med, det viktigste er at du faktisk har noe på hjertet - og ikke bare blogger for å blogge.]]></wp:meta_value>
            </wp:postmeta>
            <wp:postmeta>
                <wp:meta_key>_lsb_quote</wp:meta_key>
                <wp:meta_value><![CDATA[lsb_acf_quote]]></wp:meta_value>
            </wp:postmeta>
            <wp:postmeta>
                <wp:meta_key>lsb_supported</wp:meta_key>
                <wp:meta_value><![CDATA[0]]></wp:meta_value>
            </wp:postmeta>
            <wp:postmeta>
                <wp:meta_key>_lsb_supported</wp:meta_key>
                <wp:meta_value><![CDATA[lsb_acf_supported]]></wp:meta_value>
            </wp:postmeta>
            <category domain="lsb_tax_author" nicename="thomas-moen"><![CDATA[Thomas Moen]]></category>
            <category domain="lsb_tax_publisher" nicename="cappelen-damm"><![CDATA[Cappelen Damm]]></category>
            <wp:postmeta>
                <wp:meta_key>lsb_look_inside</wp:meta_key>
                <wp:meta_value><![CDATA[CUSTOM_BLA_I_BOKA]]></wp:meta_value>
            </wp:postmeta>
            <wp:postmeta>
                <wp:meta_key>_lsb_look_inside</wp:meta_key>
                <wp:meta_value><![CDATA[lsb_acf_look_inside]]></wp:meta_value>
            </wp:postmeta>
            <category domain="lsb_tax_age" nicename="ungdom"><![CDATA[ungdom]]></category>
            <category domain="lsb_tax_age" nicename="voksne"><![CDATA[voksne]]></category>
            <category domain="lsb_tax_genre" nicename="faglitteratur"><![CDATA[faglitteratur]]></category>
            <category domain="lsb_tax_topic" nicename="historie"><![CDATA[historie]]></category>
            <category domain="lsb_tax_topic" nicename="samfunn"><![CDATA[samfunn]]></category>
            <category domain="lsb_tax_topic" nicename="mennesker-i-mellom"><![CDATA[mennesker i mellom]]></category>
            <category domain="lsb_tax_language" nicename="no_nb"><![CDATA[bokmål]]></category>
            <category domain="lsb_tax_customization" nicename="faglitteratur"><![CDATA[faglitteratur]]></category>
            <wp:postmeta>
                <wp:meta_key>_thumbnail_id</wp:meta_key>
                <wp:meta_value><![CDATA[5619]]></wp:meta_value>
            </wp:postmeta>
        </item>
        <item>
            <title>123Blogg.jpg</title>
            <wp:post_id>5619</wp:post_id>
            <wp:status>inherit</wp:status>
            <wp:post_type>attachment</wp:post_type>
            <wp:attachment_url>https://raw.githubusercontent.com/lesersokerbok/boksok.no-data-utils/master/output-example/images/8A8B5A5F042E4F3A94643F985D90B7FA.jpg</wp:attachment_url>
        </item>
        <item>
            <wp:post_type>lsb_book</wp:post_type>
            <wp:status>publish</wp:status>
            <title>Noia </title>
            <excerpt:encoded><![CDATA[Torpedoen Transit   er på jakt etter   Tom og Kick.   Ikke rart de har noia! ]]></excerpt:encoded>
            <wp:postmeta>
                <wp:meta_key>lsb_isbn</wp:meta_key>
                <wp:meta_value><![CDATA[9788282380621]]></wp:meta_value>
            </wp:postmeta>
            <wp:postmeta>
                <wp:meta_key>_lsb_isbn</wp:meta_key>
                <wp:meta_value><![CDATA[lsb_acf_isbn]]></wp:meta_value>
            </wp:postmeta>
            <wp:postmeta>
                <wp:meta_key>lsb_published_year</wp:meta_key>
                <wp:meta_value><![CDATA[2013]]></wp:meta_value>
            </wp:postmeta>
            <wp:postmeta>
                <wp:meta_key>_lsb_published_year</wp:meta_key>
                <wp:meta_value><![CDATA[lsb_acf_published_year]]></wp:meta_value>
            </wp:postmeta>
            <wp:postmeta>
                <wp:meta_key>lsb_pages</wp:meta_key>
                <wp:meta_value><![CDATA[60]]></wp:meta_value>
            </wp:postmeta>
            <wp:postmeta>
                <wp:meta_key>_lsb_pages</wp:meta_key>
                <wp:meta_value><![CDATA[lsb_acf_pages]]></wp:meta_value>
            </wp:postmeta>
            <wp:postmeta>
                <wp:meta_key>lsb_review</wp:meta_key>
                <wp:meta_value><![CDATA[  <div>Det hele begynner i det </div>  <div>Tom og Kick finner masse </div>  <div>penger i bagasjerommet </div>  <div>til en bil. De bestemmer seg </div>  <div>for å ta med seg alle pengene</div>  <div>og dra. Men snart er de ikke alene. </div>  <div>I bakspeilet ser de en Transit </div>  <div>med sota ruter som følger </div>  <div>etter dem ... </div>  <div>&#160;</div>  <div><strong>Noia</strong> er en tøff og spennende bok </div>  <div>som er lett å lese. </div>  <div>&#160;</div>  <div><strong>Jon Ewo</strong> har skrevet flere </div>  <div>lettleste bøker for ungdom. </div>  <div><strong>Noia</strong> er&#160;en del av serien&#160;<strong>Skumring</strong>, </div>  <div>tøffe og lettleste bøker for ungdom. </div>  <div><strong>Jon Ewo</strong> har&#160;tidligere skrevet </div>  <div>boka <strong>Respekt</strong>&#160;i samme serie. &#160;</div>  ]]></wp:meta_value>
            </wp:postmeta>
            <wp:postmeta>
                <wp:meta_key>_lsb_review</wp:meta_key>
                <wp:meta_value><![CDATA[lsb_acf_review]]></wp:meta_value>
            </wp:postmeta>
            <wp:postmeta>
                <wp:meta_key>lsb_quote</wp:meta_key>
                <wp:meta_value><![CDATA[Jeg klarer å smadre ruta mi før vi treffer vannet.  Idet vi smeller i vannflata, tar jeg et fast grep i Kick.  Jeg kommer meg først ut.  Glass fra ruta skjærer inn i huden,  men det driter jeg i.  Jeg drar Kick etter meg ut av bilen.  Bilen synker som bly.  ]]></wp:meta_value>
            </wp:postmeta>
            <wp:postmeta>
                <wp:meta_key>_lsb_quote</wp:meta_key>
                <wp:meta_value><![CDATA[lsb_acf_quote]]></wp:meta_value>
            </wp:postmeta>
            <wp:postmeta>
                <wp:meta_key>lsb_supported</wp:meta_key>
                <wp:meta_value><![CDATA[1]]></wp:meta_value>
            </wp:postmeta>
            <wp:postmeta>
                <wp:meta_key>_lsb_supported</wp:meta_key>
                <wp:meta_value><![CDATA[lsb_acf_supported]]></wp:meta_value>
            </wp:postmeta>
            <wp:postmeta>
                <wp:meta_key>lsb_support_cat</wp:meta_key>
                <wp:meta_value><![CDATA[purple]]></wp:meta_value>
            </wp:postmeta>
            <wp:postmeta>
                <wp:meta_key>_lsb_support_cat</wp:meta_key>
                <wp:meta_value><![CDATA[lsb_acf_support_cat]]></wp:meta_value>
            </wp:postmeta>
            <category domain="lsb_tax_author" nicename="jon-ewo"><![CDATA[Jon Ewo]]></category>
            <category domain="lsb_tax_publisher" nicename="mangschou"><![CDATA[Mangschou]]></category>
            <wp:postmeta>
                <wp:meta_key>lsb_look_inside</wp:meta_key>
                <wp:meta_value><![CDATA[CUSTOM_BLA_I_BOKA]]></wp:meta_value>
            </wp:postmeta>
            <wp:postmeta>
                <wp:meta_key>_lsb_look_inside</wp:meta_key>
                <wp:meta_value><![CDATA[lsb_acf_look_inside]]></wp:meta_value>
            </wp:postmeta>
            <category domain="lsb_tax_age" nicename="ungdom"><![CDATA[ungdom]]></category>
            <category domain="lsb_tax_age" nicename="voksne"><![CDATA[voksne]]></category>
            <category domain="lsb_tax_genre" nicename="prosa"><![CDATA[prosa]]></category>
            <category domain="lsb_tax_topic" nicename="krim"><![CDATA[krim]]></category>
            <category domain="lsb_tax_topic" nicename="spenning"><![CDATA[spenning]]></category>
            <category domain="lsb_tax_customization" nicename="skjønnlitteratur"><![CDATA[skjønnlitteratur]]></category>
            <wp:postmeta>
                <wp:meta_key>_thumbnail_id</wp:meta_key>
                <wp:meta_value><![CDATA[5620]]></wp:meta_value>
            </wp:postmeta>
        </item>
        <item>
            <title>Noia.jpg</title>
            <wp:post_id>5620</wp:post_id>
            <wp:status>inherit</wp:status>
            <wp:post_type>attachment</wp:post_type>
            <wp:attachment_url>https://raw.githubusercontent.com/lesersokerbok/boksok.no-data-utils/master/output-example/images/4E5C647EC9AC48ADBCE48E672EA7179B.jpg</wp:attachment_url>
        </item>
        <item>
            <wp:post_type>lsb_book</wp:post_type>
            <wp:status>publish</wp:status>
            <title>Ørkensang</title>
            <excerpt:encoded><![CDATA[En arkeolog forelsker seg  i en 4000 år gammel statue.]]></excerpt:encoded>
            <wp:postmeta>
                <wp:meta_key>lsb_isbn</wp:meta_key>
                <wp:meta_value><![CDATA[9788202375751]]></wp:meta_value>
            </wp:postmeta>
            <wp:postmeta>
                <wp:meta_key>_lsb_isbn</wp:meta_key>
                <wp:meta_value><![CDATA[lsb_acf_isbn]]></wp:meta_value>
            </wp:postmeta>
            <wp:postmeta>
                <wp:meta_key>lsb_published_year</wp:meta_key>
                <wp:meta_value><![CDATA[2012]]></wp:meta_value>
            </wp:postmeta>
            <wp:postmeta>
                <wp:meta_key>_lsb_published_year</wp:meta_key>
                <wp:meta_value><![CDATA[lsb_acf_published_year]]></wp:meta_value>
            </wp:postmeta>
            <wp:postmeta>
                <wp:meta_key>lsb_pages</wp:meta_key>
                <wp:meta_value><![CDATA[40]]></wp:meta_value>
            </wp:postmeta>
            <wp:postmeta>
                <wp:meta_key>_lsb_pages</wp:meta_key>
                <wp:meta_value><![CDATA[lsb_acf_pages]]></wp:meta_value>
            </wp:postmeta>
            <wp:postmeta>
                <wp:meta_key>lsb_review</wp:meta_key>
                <wp:meta_value><![CDATA[  <div style="margin: 0cm 0cm 10pt;" class="MsoNormal"><font color="#000000">Under en utgraving i ørkenen <br />  </font><font color="#000000">finner en arkeolog en kvinnelig statue.<br />  </font><font color="#000000">Statuen synger en vakker sang <br />  om kjærlighet&#160;til ham, <br />  og han blir veldig forelsket i henne.<br />  </font><font color="#000000">Han tar&#160;med seg statuen <br />  hjem til museet sitt.<br />  </font><font color="#000000">Der sitter&#160;han hver natt for å høre henne. <br />  Men en dag må han ut på nye utgravinger.<br />  </font><font color="#000000">Statuen savner&#160;han forferdelig.</font></div>  <div style="margin: 0cm 0cm 10pt;" class="MsoNormal"><font color="#000000">Denne boka har mange illustrasjoner <br />  og enkel tekst.</font></div>  <div style="margin: 0cm 0cm 10pt;" class="MsoNormal"><font color="#000000"><strong>Rune Johan Andersson</strong> har både <br />  skrevet teksten og laget bildene. <br />  Han er forfatter, tegner og&#160;illustratør. <br />  Han har illustrert&#160;mange bøker.</font></div>  ]]></wp:meta_value>
            </wp:postmeta>
            <wp:postmeta>
                <wp:meta_key>_lsb_review</wp:meta_key>
                <wp:meta_value><![CDATA[lsb_acf_review]]></wp:meta_value>
            </wp:postmeta>
            <wp:postmeta>
                <wp:meta_key>lsb_quote</wp:meta_key>
                <wp:meta_value><![CDATA[Statuen dreide   hodet mot ham, øynene skinte, og hun åpnet munnen.   Sangen brøt frem på ny, den steg og sank mot ham og   rundt ham i ørkenen denne tredje natten. Ørkenens   sang, kjærlighetssangen. "Jeg elsker henne," hvisket   Arkeologen. "Hun elsker meg. Hun har ventet på meg i   fire tusen år." Sangen fortalte ham alt.]]></wp:meta_value>
            </wp:postmeta>
            <wp:postmeta>
                <wp:meta_key>_lsb_quote</wp:meta_key>
                <wp:meta_value><![CDATA[lsb_acf_quote]]></wp:meta_value>
            </wp:postmeta>
            <wp:postmeta>
                <wp:meta_key>lsb_supported</wp:meta_key>
                <wp:meta_value><![CDATA[0]]></wp:meta_value>
            </wp:postmeta>
            <wp:postmeta>
                <wp:meta_key>_lsb_supported</wp:meta_key>
                <wp:meta_value><![CDATA[lsb_acf_supported]]></wp:meta_value>
            </wp:postmeta>
            <category domain="lsb_tax_author" nicename="rune-johan-andersson"><![CDATA[Rune Johan Andersson]]></category>
            <category domain="lsb_tax_publisher" nicename="cappelen-damm"><![CDATA[Cappelen Damm]]></category>
            <category domain="lsb_tax_illustrator" nicename="rune-johan-andersson"><![CDATA[Rune Johan Andersson]]></category>
            <wp:postmeta>
                <wp:meta_key>lsb_look_inside</wp:meta_key>
                <wp:meta_value><![CDATA[CUSTOM_BLA_I_BOKA]]></wp:meta_value>
            </wp:postmeta>
            <wp:postmeta>
                <wp:meta_key>_lsb_look_inside</wp:meta_key>
                <wp:meta_value><![CDATA[lsb_acf_look_inside]]></wp:meta_value>
            </wp:postmeta>
            <category domain="lsb_tax_age" nicename="voksne"><![CDATA[voksne]]></category>
            <category domain="lsb_tax_age" nicename="ungdom"><![CDATA[ungdom]]></category>
            <category domain="lsb_tax_age" nicename="barn"><![CDATA[barn]]></category>
            <category domain="lsb_tax_topic" nicename="kjærlighet"><![CDATA[kjærlighet]]></category>
            <category domain="lsb_tax_language" nicename="no_nb"><![CDATA[bokmål]]></category>
            <category domain="lsb_tax_customization" nicename="skjønnlitteratur"><![CDATA[skjønnlitteratur]]></category>
            <category domain="lsb_tax_customization" nicename="bilder"><![CDATA[bilder]]></category>
            <category domain="lsb_tax_customization" nicename="mange-bilder"><![CDATA[mange bilder]]></category>
            <wp:postmeta>
                <wp:meta_key>_thumbnail_id</wp:meta_key>
                <wp:meta_value><![CDATA[5621]]></wp:meta_value>
            </wp:postmeta>
        </item>
        <item>
            <title>Andersson_Ørkensang.jpg</title>
            <wp:post_id>5621</wp:post_id>
            <wp:status>inherit</wp:status>
            <wp:post_type>attachment</wp:post_type>
            <wp:attachment_url>https://raw.githubusercontent.com/lesersokerbok/boksok.no-data-utils/master/output-example/images/833FCDD9685B4B79B7C89B00B065D58B.jpg</wp:attachment_url>
        </item>
        <item>
            <wp:post_type>lsb_book</wp:post_type>
            <wp:status>publish</wp:status>
            <title>En dag i historien. 22.juli. </title>
            <excerpt:encoded><![CDATA[Dette er en vakker   og tankevekkende bok   om ungdommene som opplevde   Utøya 2011. ]]></excerpt:encoded>
            <wp:postmeta>
                <wp:meta_key>lsb_isbn</wp:meta_key>
                <wp:meta_value><![CDATA[9788253035413]]></wp:meta_value>
            </wp:postmeta>
            <wp:postmeta>
                <wp:meta_key>_lsb_isbn</wp:meta_key>
                <wp:meta_value><![CDATA[lsb_acf_isbn]]></wp:meta_value>
            </wp:postmeta>
            <wp:postmeta>
                <wp:meta_key>lsb_published_year</wp:meta_key>
                <wp:meta_value><![CDATA[2012]]></wp:meta_value>
            </wp:postmeta>
            <wp:postmeta>
                <wp:meta_key>_lsb_published_year</wp:meta_key>
                <wp:meta_value><![CDATA[lsb_acf_published_year]]></wp:meta_value>
            </wp:postmeta>
            <wp:postmeta>
                <wp:meta_key>lsb_pages</wp:meta_key>
                <wp:meta_value><![CDATA[98]]></wp:meta_value>
            </wp:postmeta>
            <wp:postmeta>
                <wp:meta_key>_lsb_pages</wp:meta_key>
                <wp:meta_value><![CDATA[lsb_acf_pages]]></wp:meta_value>
            </wp:postmeta>
            <wp:postmeta>
                <wp:meta_key>lsb_review</wp:meta_key>
                <wp:meta_value><![CDATA[  <div>Boka har sterke bilder </div>  <div>av ungdommene. </div>  <div>Hver av dem forteller </div>  <div>hva som skjedde 22.juli </div>  <div>og hvordan tida etter 22.juli </div>  <div>har vært. </div>  <div>&#160;</div>  <div><strong>En dag i historien</strong> </div>  <div>er en sterk og viktig bok. </div>  <div>Tekstene er personlige </div>  <div>og tilgjengelige. </div>  <div>Skriftstørrelsen er litt liten. </div>  <div>&#160;</div>  <div><strong>Andrea Gjestvang</strong> (født1981) </div>  <div>er fotograf. Hun har mottatt </div>  <div>flere priser for bildene sine. </div>  <div>&#160;</div>  <div>&#160;</div>  ]]></wp:meta_value>
            </wp:postmeta>
            <wp:postmeta>
                <wp:meta_key>_lsb_review</wp:meta_key>
                <wp:meta_value><![CDATA[lsb_acf_review]]></wp:meta_value>
            </wp:postmeta>
            <wp:postmeta>
                <wp:meta_key>lsb_quote</wp:meta_key>
                <wp:meta_value><![CDATA[  Rett etter at jeg ble skutt på Utøya, forsøkte jeg å holde   meg våken. Jeg sa til meg selv at en dag skal jeg jo dø,   men ikke her og ikke nå. Jeg begynte å rope om hjelp på   arabisk, for jeg trodde plutselig at jeg var tilbake i hjem-  landet mitt Irak. At noe sånt kunne skje i Norge var jo   umulig. Jeg knyttet høyre hånd og forestilte meg at dét   var livet mitt, og at hvis jeg ga slipp, kom jeg til å miste det.  ]]></wp:meta_value>
            </wp:postmeta>
            <wp:postmeta>
                <wp:meta_key>_lsb_quote</wp:meta_key>
                <wp:meta_value><![CDATA[lsb_acf_quote]]></wp:meta_value>
            </wp:postmeta>
            <wp:postmeta>
                <wp:meta_key>lsb_supported</wp:meta_key>
                <wp:meta_value><![CDATA[0]]></wp:meta_value>
            </wp:postmeta>
            <wp:postmeta>
                <wp:meta_key>_lsb_supported</wp:meta_key>
                <wp:meta_value><![CDATA[lsb_acf_supported]]></wp:meta_value>
            </wp:postmeta>
            <category domain="lsb_tax_author" nicename="andrea-gjestvang-"><![CDATA[Andrea Gjestvang ]]></category>
            <category domain="lsb_tax_publisher" nicename="pax-"><![CDATA[Pax ]]></category>
            <category domain="lsb_tax_illustrator" nicename="andrea-gjestvang-"><![CDATA[Andrea Gjestvang ]]></category>
            <wp:postmeta>
                <wp:meta_key>lsb_look_inside</wp:meta_key>
                <wp:meta_value><![CDATA[CUSTOM_BLA_I_BOKA]]></wp:meta_value>
            </wp:postmeta>
            <wp:postmeta>
                <wp:meta_key>_lsb_look_inside</wp:meta_key>
                <wp:meta_value><![CDATA[lsb_acf_look_inside]]></wp:meta_value>
            </wp:postmeta>
            <category domain="lsb_tax_age" nicename="ungdom"><![CDATA[ungdom]]></category>
            <category domain="lsb_tax_age" nicename="voksne"><![CDATA[voksne]]></category>
            <category domain="lsb_tax_topic" nicename="historie"><![CDATA[historie]]></category>
            <category domain="lsb_tax_topic" nicename="samfunn"><![CDATA[samfunn]]></category>
            <category domain="lsb_tax_language" nicename="no_nb"><![CDATA[bokmål]]></category>
            <category domain="lsb_tax_customization" nicename="faglitteratur"><![CDATA[faglitteratur]]></category>
            <category domain="lsb_tax_customization" nicename="mange-bilder"><![CDATA[mange bilder]]></category>
            <wp:postmeta>
                <wp:meta_key>_thumbnail_id</wp:meta_key>
                <wp:meta_value><![CDATA[5622]]></wp:meta_value>
            </wp:postmeta>
        </item>
        <item>
            <title>En dag i historien.jpg</title>
            <wp:post_id>5622</wp:post_id>
            <wp:status>inherit</wp:status>
            <wp:post_type>attachment</wp:post_type>
            <wp:attachment_url>https://raw.githubusercontent.com/lesersokerbok/boksok.no-data-utils/master/output-example/images/C7D608DE411548E5AF5E0FC5CD24B260.jpg</wp:attachment_url>
        </item>
        <item>
            <wp:post_type>lsb_book</wp:post_type>
            <wp:status>publish</wp:status>
            <title>Nattsyn</title>
            <excerpt:encoded><![CDATA[Det er masse handling i denne tegnede romanen.  Nesten ingen ord. Det er ikke nødvendig.  ]]></excerpt:encoded>
            <wp:postmeta>
                <wp:meta_key>lsb_isbn</wp:meta_key>
                <wp:meta_value><![CDATA[9788202390426]]></wp:meta_value>
            </wp:postmeta>
            <wp:postmeta>
                <wp:meta_key>_lsb_isbn</wp:meta_key>
                <wp:meta_value><![CDATA[lsb_acf_isbn]]></wp:meta_value>
            </wp:postmeta>
            <wp:postmeta>
                <wp:meta_key>lsb_published_year</wp:meta_key>
                <wp:meta_value><![CDATA[2012]]></wp:meta_value>
            </wp:postmeta>
            <wp:postmeta>
                <wp:meta_key>_lsb_published_year</wp:meta_key>
                <wp:meta_value><![CDATA[lsb_acf_published_year]]></wp:meta_value>
            </wp:postmeta>
            <wp:postmeta>
                <wp:meta_key>lsb_pages</wp:meta_key>
                <wp:meta_value><![CDATA[72]]></wp:meta_value>
            </wp:postmeta>
            <wp:postmeta>
                <wp:meta_key>_lsb_pages</wp:meta_key>
                <wp:meta_value><![CDATA[lsb_acf_pages]]></wp:meta_value>
            </wp:postmeta>
            <wp:postmeta>
                <wp:meta_key>lsb_review</wp:meta_key>
                <wp:meta_value><![CDATA[  <div><strong>Nattsyn</strong><em> </em>handler om en mann som kjøper en tegneserie </div>  <div>som heter <strong>Nattsyn</strong><em>.</em></div>  <div>Mannen finner en rød amulett </div>  <div>idet han går ut av butikken. </div>  <div>Han plukker opp amuletten.</div>  <div>Det skulle han ikke ha gjort. </div>  <div>&#160;</div>  <div>Nattsyn er en mørk og spennende</div>  <div>historie om en historie.&#160;</div>  <div>Tegningene er tydelige </div>  <div>og handlingen er lett å følge.</div>  <div>&#160;</div>  <div><strong>Max Estes</strong> er en amerikaner bosatt i Norge. <br />  </div>  ]]></wp:meta_value>
            </wp:postmeta>
            <wp:postmeta>
                <wp:meta_key>_lsb_review</wp:meta_key>
                <wp:meta_value><![CDATA[lsb_acf_review]]></wp:meta_value>
            </wp:postmeta>
            <wp:postmeta>
                <wp:meta_key>lsb_quote</wp:meta_key>
                <wp:meta_value><![CDATA[POLITI!  RING POLITIET  STOPP HAM!]]></wp:meta_value>
            </wp:postmeta>
            <wp:postmeta>
                <wp:meta_key>_lsb_quote</wp:meta_key>
                <wp:meta_value><![CDATA[lsb_acf_quote]]></wp:meta_value>
            </wp:postmeta>
            <wp:postmeta>
                <wp:meta_key>lsb_supported</wp:meta_key>
                <wp:meta_value><![CDATA[0]]></wp:meta_value>
            </wp:postmeta>
            <wp:postmeta>
                <wp:meta_key>_lsb_supported</wp:meta_key>
                <wp:meta_value><![CDATA[lsb_acf_supported]]></wp:meta_value>
            </wp:postmeta>
            <category domain="lsb_tax_author" nicename="max-estes"><![CDATA[Max Estes]]></category>
            <category domain="lsb_tax_publisher" nicename="cappelen-damm"><![CDATA[Cappelen Damm]]></category>
            <category domain="lsb_tax_illustrator" nicename="max-estes"><![CDATA[Max Estes]]></category>
            <wp:postmeta>
                <wp:meta_key>lsb_look_inside</wp:meta_key>
                <wp:meta_value><![CDATA[CUSTOM_BLA_I_BOKA]]></wp:meta_value>
            </wp:postmeta>
            <wp:postmeta>
                <wp:meta_key>_lsb_look_inside</wp:meta_key>
                <wp:meta_value><![CDATA[lsb_acf_look_inside]]></wp:meta_value>
            </wp:postmeta>
            <category domain="lsb_tax_age" nicename="ungdom"><![CDATA[ungdom]]></category>
            <category domain="lsb_tax_age" nicename="voksne"><![CDATA[voksne]]></category>
            <category domain="lsb_tax_genre" nicename="prosa"><![CDATA[prosa]]></category>
            <category domain="lsb_tax_topic" nicename="krim"><![CDATA[krim]]></category>
            <category domain="lsb_tax_topic" nicename="spenning"><![CDATA[spenning]]></category>
            <category domain="lsb_tax_language" nicename="no_nb"><![CDATA[bokmål]]></category>
            <category domain="lsb_tax_customization" nicename="bilder"><![CDATA[bilder]]></category>
            <category domain="lsb_tax_customization" nicename="ny-i-norge"><![CDATA[ny i norge]]></category>
            <category domain="lsb_tax_customization" nicename="mange-bilder"><![CDATA[mange bilder]]></category>
            <wp:postmeta>
                <wp:meta_key>_thumbnail_id</wp:meta_key>
                <wp:meta_value><![CDATA[5623]]></wp:meta_value>
            </wp:postmeta>
        </item>
        <item>
            <title>Nattsyn.jpg</title>
            <wp:post_id>5623</wp:post_id>
            <wp:status>inherit</wp:status>
            <wp:post_type>attachment</wp:post_type>
            <wp:attachment_url>https://raw.githubusercontent.com/lesersokerbok/boksok.no-data-utils/master/output-example/images/EFB8AE058BA04D84B4138A8BF7CA1FF0.jpg</wp:attachment_url>
        </item>
        <item>
            <wp:post_type>lsb_book</wp:post_type>
            <wp:status>publish</wp:status>
            <title>Nord-Korea</title>
            <excerpt:encoded><![CDATA[En dramatisk historie om hvordan   mangelen på mat driver en mor   og hennes to døtre på flukt fra Nord-Korea.]]></excerpt:encoded>
            <wp:postmeta>
                <wp:meta_key>lsb_isbn</wp:meta_key>
                <wp:meta_value><![CDATA[9788279005674]]></wp:meta_value>
            </wp:postmeta>
            <wp:postmeta>
                <wp:meta_key>_lsb_isbn</wp:meta_key>
                <wp:meta_value><![CDATA[lsb_acf_isbn]]></wp:meta_value>
            </wp:postmeta>
            <wp:postmeta>
                <wp:meta_key>lsb_published_year</wp:meta_key>
                <wp:meta_value><![CDATA[2012]]></wp:meta_value>
            </wp:postmeta>
            <wp:postmeta>
                <wp:meta_key>_lsb_published_year</wp:meta_key>
                <wp:meta_value><![CDATA[lsb_acf_published_year]]></wp:meta_value>
            </wp:postmeta>
            <wp:postmeta>
                <wp:meta_key>lsb_pages</wp:meta_key>
                <wp:meta_value><![CDATA[225]]></wp:meta_value>
            </wp:postmeta>
            <wp:postmeta>
                <wp:meta_key>_lsb_pages</wp:meta_key>
                <wp:meta_value><![CDATA[lsb_acf_pages]]></wp:meta_value>
            </wp:postmeta>
            <wp:postmeta>
                <wp:meta_key>lsb_review</wp:meta_key>
                <wp:meta_value><![CDATA[  <div>  <div>Når flukten&#160;begynner i&#160;1998</div>  <div>er datteren Eunsun 12 år.</div>  <div>Besteforeldrene&#160;og mange&#160;slektninger</div>  <div>er allerede døde av sult.</div>  <div>Da faren også dør,</div>  <div>bestemmer moren seg</div>  <div>for at de må rømme</div>  <div>til&#160;Kina&#160;for ikke å sulte ihjel.</div>  <div>På veien&#160;blir de&#160;arrestert </div>  <div>og sendt tilbake&#160;til Nord-Korea.</div>  <div>Der havner de i fangeleir,</div>  <div>men&#160;greier å rømme på nytt.</div>  <div>&#160;</div>  <div>I denne boka forteller datteren</div>  <div>Eunsun om den utrolige flukten,</div>  <div>som skulle vare i ni år.&#160;</div>  <div>Boka er lett å lese.</div>  <div>Den&#160;er litt lang, </div>  <div>men leseren blir revet med</div>  <div>i fortellingen til Eunsun.</div>  <div>Den gir et spennende innblikk</div>  <div>i forholdene i et land</div>  <div>vi ikke vet så mye om.&#160;</div>  <div>&#160;</div>  <div>I dag er&#160;<strong>Eunsun Kim</strong> 27 år </div>  <div>og bor i Sør-Korea.</div>  <div>Hun har studert kinesisk språk og kultur </div>  <div>og studerer nå barne- og ungdomspsykologi.</div>  <div>Hun vil gjerne bli barnepsykolog.&#160;&#160;&#160;&#160;&#160;&#160;&#160;&#160;&#160;&#160;&#160;&#160;&#160;.&#160;&#160;</div>  <br />  </div>  ]]></wp:meta_value>
            </wp:postmeta>
            <wp:postmeta>
                <wp:meta_key>_lsb_review</wp:meta_key>
                <wp:meta_value><![CDATA[lsb_acf_review]]></wp:meta_value>
            </wp:postmeta>
            <wp:postmeta>
                <wp:meta_key>lsb_quote</wp:meta_key>
                <wp:meta_value><![CDATA[Det var ikke et opprør   mot regimet. Målet var å finne mat for å unngå at   vi skulle dø som fluer. Jeg var ikke i stand til å   rette et kritisk blikk mot diktaturet til Kim Jong-il,   jeg ville bare spise meg mett.]]></wp:meta_value>
            </wp:postmeta>
            <wp:postmeta>
                <wp:meta_key>_lsb_quote</wp:meta_key>
                <wp:meta_value><![CDATA[lsb_acf_quote]]></wp:meta_value>
            </wp:postmeta>
            <wp:postmeta>
                <wp:meta_key>lsb_supported</wp:meta_key>
                <wp:meta_value><![CDATA[0]]></wp:meta_value>
            </wp:postmeta>
            <wp:postmeta>
                <wp:meta_key>_lsb_supported</wp:meta_key>
                <wp:meta_value><![CDATA[lsb_acf_supported]]></wp:meta_value>
            </wp:postmeta>
            <category domain="lsb_tax_author" nicename="ensun-kim"><![CDATA[Ensun Kim]]></category>
            <category domain="lsb_tax_publisher" nicename="pantagruel"><![CDATA[Pantagruel]]></category>
            <category domain="lsb_tax_translator" nicename="mette-i.-gudevold"><![CDATA[Mette I. Gudevold]]></category>
            <wp:postmeta>
                <wp:meta_key>lsb_look_inside</wp:meta_key>
                <wp:meta_value><![CDATA[CUSTOM_BLA_I_BOKA]]></wp:meta_value>
            </wp:postmeta>
            <wp:postmeta>
                <wp:meta_key>_lsb_look_inside</wp:meta_key>
                <wp:meta_value><![CDATA[lsb_acf_look_inside]]></wp:meta_value>
            </wp:postmeta>
            <category domain="lsb_tax_age" nicename="ungdom"><![CDATA[ungdom]]></category>
            <category domain="lsb_tax_age" nicename="voksne"><![CDATA[voksne]]></category>
            <category domain="lsb_tax_language" nicename="no_nb"><![CDATA[bokmål]]></category>
            <category domain="lsb_tax_customization" nicename="faglitteratur"><![CDATA[faglitteratur]]></category>
            <wp:postmeta>
                <wp:meta_key>_thumbnail_id</wp:meta_key>
                <wp:meta_value><![CDATA[5624]]></wp:meta_value>
            </wp:postmeta>
        </item>
        <item>
            <title>Nord-Korea</title>
            <wp:post_id>5624</wp:post_id>
            <wp:status>inherit</wp:status>
            <wp:post_type>attachment</wp:post_type>
            <wp:attachment_url>https://raw.githubusercontent.com/lesersokerbok/boksok.no-data-utils/master/output-example/images/C3E9D51023A5422C8C18811F1A03A16C.jpg</wp:attachment_url>
        </item>
        <item>
            <wp:post_type>lsb_book</wp:post_type>
            <wp:status>publish</wp:status>
            <title>Helt all right </title>
            <excerpt:encoded><![CDATA[I denne boka finner du   en samling av Odd Børretzens tekster.   ]]></excerpt:encoded>
            <wp:postmeta>
                <wp:meta_key>lsb_isbn</wp:meta_key>
                <wp:meta_value><![CDATA[9788282052689]]></wp:meta_value>
            </wp:postmeta>
            <wp:postmeta>
                <wp:meta_key>_lsb_isbn</wp:meta_key>
                <wp:meta_value><![CDATA[lsb_acf_isbn]]></wp:meta_value>
            </wp:postmeta>
            <wp:postmeta>
                <wp:meta_key>lsb_published_year</wp:meta_key>
                <wp:meta_value><![CDATA[2012]]></wp:meta_value>
            </wp:postmeta>
            <wp:postmeta>
                <wp:meta_key>_lsb_published_year</wp:meta_key>
                <wp:meta_value><![CDATA[lsb_acf_published_year]]></wp:meta_value>
            </wp:postmeta>
            <wp:postmeta>
                <wp:meta_key>lsb_pages</wp:meta_key>
                <wp:meta_value><![CDATA[156]]></wp:meta_value>
            </wp:postmeta>
            <wp:postmeta>
                <wp:meta_key>_lsb_pages</wp:meta_key>
                <wp:meta_value><![CDATA[lsb_acf_pages]]></wp:meta_value>
            </wp:postmeta>
            <wp:postmeta>
                <wp:meta_key>lsb_review</wp:meta_key>
                <wp:meta_value><![CDATA[  <div>Samlinga består både av </div>  <div>sangtekster og andre tekster. </div>  <div>Boka har også fotografier</div>  <div>av Odd Børretzen </div>  <div>og tegninger Odd Børretzen </div>  <div>har tegnet selv.</div>  <div>&#160;</div>  <div>Boka har stor font. </div>  <div>Tekstene er lette å lese.</div>  <div>Noen får deg til å le. </div>  <div>Noen får deg til å tenke. &#160;</div>  <div>&#160;</div>  <div><strong>Odd Børretzen</strong> </div>  <div>var en kjent og kjær </div>  <div>norsk låtskriver og </div>  <div>forfatter. </div>  ]]></wp:meta_value>
            </wp:postmeta>
            <wp:postmeta>
                <wp:meta_key>_lsb_review</wp:meta_key>
                <wp:meta_value><![CDATA[lsb_acf_review]]></wp:meta_value>
            </wp:postmeta>
            <wp:postmeta>
                <wp:meta_key>lsb_quote</wp:meta_key>
                <wp:meta_value><![CDATA[                    Mur   skulle hatt en mur rundt mitt hjerte     en mur rundt alt som er mitt   så jeg kunne sitte i fred i min hage                     og vite          at verden ikke når inn hit   skulle hatt en mur rundt mitt hjerte     en mur rundt alt som er mitt   og vite at verden ikke når inn hit ]]></wp:meta_value>
            </wp:postmeta>
            <wp:postmeta>
                <wp:meta_key>_lsb_quote</wp:meta_key>
                <wp:meta_value><![CDATA[lsb_acf_quote]]></wp:meta_value>
            </wp:postmeta>
            <wp:postmeta>
                <wp:meta_key>lsb_supported</wp:meta_key>
                <wp:meta_value><![CDATA[0]]></wp:meta_value>
            </wp:postmeta>
            <wp:postmeta>
                <wp:meta_key>_lsb_supported</wp:meta_key>
                <wp:meta_value><![CDATA[lsb_acf_supported]]></wp:meta_value>
            </wp:postmeta>
            <category domain="lsb_tax_author" nicename="odd-børretzen-"><![CDATA[Odd Børretzen ]]></category>
            <category domain="lsb_tax_publisher" nicename="juritzen"><![CDATA[Juritzen]]></category>
            <category domain="lsb_tax_illustrator" nicename="odd-børretzen-og-john-andresen-"><![CDATA[Odd Børretzen og John Andresen ]]></category>
            <wp:postmeta>
                <wp:meta_key>lsb_look_inside</wp:meta_key>
                <wp:meta_value><![CDATA[CUSTOM_BLA_I_BOKA]]></wp:meta_value>
            </wp:postmeta>
            <wp:postmeta>
                <wp:meta_key>_lsb_look_inside</wp:meta_key>
                <wp:meta_value><![CDATA[lsb_acf_look_inside]]></wp:meta_value>
            </wp:postmeta>
            <category domain="lsb_tax_age" nicename="ungdom"><![CDATA[ungdom]]></category>
            <category domain="lsb_tax_age" nicename="voksne"><![CDATA[voksne]]></category>
            <category domain="lsb_tax_genre" nicename="prosa"><![CDATA[prosa]]></category>
            <category domain="lsb_tax_topic" nicename="humor"><![CDATA[humor]]></category>
            <category domain="lsb_tax_topic" nicename="mennesker-i-mellom"><![CDATA[mennesker i mellom]]></category>
            <category domain="lsb_tax_language" nicename="no_nb"><![CDATA[bokmål]]></category>
            <category domain="lsb_tax_customization" nicename="skjønnlitteratur"><![CDATA[skjønnlitteratur]]></category>
            <category domain="lsb_tax_customization" nicename="mange-bilder"><![CDATA[mange bilder]]></category>
            <wp:postmeta>
                <wp:meta_key>_thumbnail_id</wp:meta_key>
                <wp:meta_value><![CDATA[5625]]></wp:meta_value>
            </wp:postmeta>
        </item>
        <item>
            <title>Helt-all-right.jpg</title>
            <wp:post_id>5625</wp:post_id>
            <wp:status>inherit</wp:status>
            <wp:post_type>attachment</wp:post_type>
            <wp:attachment_url>https://raw.githubusercontent.com/lesersokerbok/boksok.no-data-utils/master/output-example/images/A8BD3A85867240EBB3ACFAD1AD63EC15.jpg</wp:attachment_url>
        </item>
        <item>
            <wp:post_type>lsb_book</wp:post_type>
            <wp:status>publish</wp:status>
            <title>Blitzregn 02-12. 10 år med Kaizers Orchestra</title>
            <excerpt:encoded><![CDATA[Dette er en flott og ærlig fotobok   om gutta i Kaizers Orchestra. ]]></excerpt:encoded>
            <wp:postmeta>
                <wp:meta_key>lsb_isbn</wp:meta_key>
                <wp:meta_value><![CDATA[9788202391980]]></wp:meta_value>
            </wp:postmeta>
            <wp:postmeta>
                <wp:meta_key>_lsb_isbn</wp:meta_key>
                <wp:meta_value><![CDATA[lsb_acf_isbn]]></wp:meta_value>
            </wp:postmeta>
            <wp:postmeta>
                <wp:meta_key>lsb_published_year</wp:meta_key>
                <wp:meta_value><![CDATA[2012]]></wp:meta_value>
            </wp:postmeta>
            <wp:postmeta>
                <wp:meta_key>_lsb_published_year</wp:meta_key>
                <wp:meta_value><![CDATA[lsb_acf_published_year]]></wp:meta_value>
            </wp:postmeta>
            <wp:postmeta>
                <wp:meta_key>lsb_pages</wp:meta_key>
                <wp:meta_value><![CDATA[204]]></wp:meta_value>
            </wp:postmeta>
            <wp:postmeta>
                <wp:meta_key>_lsb_pages</wp:meta_key>
                <wp:meta_value><![CDATA[lsb_acf_pages]]></wp:meta_value>
            </wp:postmeta>
            <wp:postmeta>
                <wp:meta_key>lsb_review</wp:meta_key>
                <wp:meta_value><![CDATA[  <div>Fotoboka&#160;viser bilder fra&#160;</div>  <div>årene 2002 til 2012. </div>  <div>Den inneholder over&#160;</div>  <div>160 bilder av bandet. </div>  <div>Bildene&#160;er tatt av&#160;</div>  <div>fotograf Paal Audestad </div>  <div>og av Terje Winterstø Røthing, </div>  <div>som også er gitarist i bandet. </div>  <div>Bildene er i sort/hvitt. </div>  <div>De er intense og levende. </div>  <div>Vi får se Kaizers på scenen, </div>  <div>på bakrommet og på veien. </div>  <div>&#160;</div>  <div>Frontfigur og vokalist </div>  <div><strong>Janove Ottesen</strong> har skrevet </div>  <div>et flott forord. <strong>Geir Rakvaag </strong></div>  <div>har skrevet om&#160;musikken. </div>  <div>Han har også skrevet </div>  <div>om fotograf&#160;&#160;<strong>Paal Audestads</strong> </div>  <div>forhold til Kaizers gjennom mange år. &#160;</div>  <div>&#160;</div>  <div>Boka har mest bilder og lite tekst. </div>  <div>Fotografiene&#160;store og fulle av stemning. </div>  <div>Teksten er&#160;ganske lett.&#160;&#160;</div>  <div>&#160;</div>  <div><strong>Paal Audestad</strong> (f.1968) er fotograf. </div>  <div>Han har mottatt flere priser </div>  <div>og har fulgt Kaizers Orchestra i ti år. </div>  <div><strong>Terje Winterstø Røthing</strong> (f.1977) </div>  <div>har vært gitarist i Kaizers Orchestra </div>  <div>siden 2000. Bildene han har tatt av bandet </div>  <div>stilles ut på Galleri Sult i Stavanger. </div>  ]]></wp:meta_value>
            </wp:postmeta>
            <wp:postmeta>
                <wp:meta_key>_lsb_review</wp:meta_key>
                <wp:meta_value><![CDATA[lsb_acf_review]]></wp:meta_value>
            </wp:postmeta>
            <wp:postmeta>
                <wp:meta_key>lsb_quote</wp:meta_key>
                <wp:meta_value><![CDATA[Vi har valgt å gi Paal fullt innsyn i både gode og kjipe dager. Hans dokumentasjon viser dermed alle sidene ved livet på veien og slik vi turnerer. Direkte, ærlig og ekte. Og ekte er best. Det er den samme filosofien i livet og i musikken som i bildene. ]]></wp:meta_value>
            </wp:postmeta>
            <wp:postmeta>
                <wp:meta_key>_lsb_quote</wp:meta_key>
                <wp:meta_value><![CDATA[lsb_acf_quote]]></wp:meta_value>
            </wp:postmeta>
            <wp:postmeta>
                <wp:meta_key>lsb_supported</wp:meta_key>
                <wp:meta_value><![CDATA[0]]></wp:meta_value>
            </wp:postmeta>
            <wp:postmeta>
                <wp:meta_key>_lsb_supported</wp:meta_key>
                <wp:meta_value><![CDATA[lsb_acf_supported]]></wp:meta_value>
            </wp:postmeta>
            <category domain="lsb_tax_author" nicename="paal-audestad-og-terje-winterstø-røthing-"><![CDATA[Paal Audestad og Terje Winterstø Røthing ]]></category>
            <category domain="lsb_tax_publisher" nicename="cappelen-damm"><![CDATA[Cappelen Damm]]></category>
            <category domain="lsb_tax_illustrator" nicename="paal-audestad-og-terje-winterstø-røthing-"><![CDATA[Paal Audestad og Terje Winterstø Røthing ]]></category>
            <wp:postmeta>
                <wp:meta_key>lsb_look_inside</wp:meta_key>
                <wp:meta_value><![CDATA[CUSTOM_BLA_I_BOKA]]></wp:meta_value>
            </wp:postmeta>
            <wp:postmeta>
                <wp:meta_key>_lsb_look_inside</wp:meta_key>
                <wp:meta_value><![CDATA[lsb_acf_look_inside]]></wp:meta_value>
            </wp:postmeta>
            <category domain="lsb_tax_age" nicename="ungdom"><![CDATA[ungdom]]></category>
            <category domain="lsb_tax_age" nicename="voksne"><![CDATA[voksne]]></category>
            <category domain="lsb_tax_topic" nicename="historie"><![CDATA[historie]]></category>
            <category domain="lsb_tax_topic" nicename="samfunn"><![CDATA[samfunn]]></category>
            <category domain="lsb_tax_language" nicename="no_nb"><![CDATA[bokmål]]></category>
            <category domain="lsb_tax_customization" nicename="faglitteratur"><![CDATA[faglitteratur]]></category>
            <category domain="lsb_tax_customization" nicename="mange-bilder"><![CDATA[mange bilder]]></category>
            <wp:postmeta>
                <wp:meta_key>_thumbnail_id</wp:meta_key>
                <wp:meta_value><![CDATA[5626]]></wp:meta_value>
            </wp:postmeta>
        </item>
        <item>
            <title>KO_Blitzregn2.jpg</title>
            <wp:post_id>5626</wp:post_id>
            <wp:status>inherit</wp:status>
            <wp:post_type>attachment</wp:post_type>
            <wp:attachment_url>https://raw.githubusercontent.com/lesersokerbok/boksok.no-data-utils/master/output-example/images/DFDF3411C8A7460D9471CF73B8F7C923.jpg</wp:attachment_url>
        </item>
        <item>
            <wp:post_type>lsb_book</wp:post_type>
            <wp:status>publish</wp:status>
            <title>Kjære miss Nina Simone</title>
            <excerpt:encoded><![CDATA[Simon skjønner etterhvert  at noe forferdelig må har skjedd.]]></excerpt:encoded>
            <wp:postmeta>
                <wp:meta_key>lsb_isbn</wp:meta_key>
                <wp:meta_value><![CDATA[9788202384012]]></wp:meta_value>
            </wp:postmeta>
            <wp:postmeta>
                <wp:meta_key>_lsb_isbn</wp:meta_key>
                <wp:meta_value><![CDATA[lsb_acf_isbn]]></wp:meta_value>
            </wp:postmeta>
            <wp:postmeta>
                <wp:meta_key>lsb_published_year</wp:meta_key>
                <wp:meta_value><![CDATA[2012]]></wp:meta_value>
            </wp:postmeta>
            <wp:postmeta>
                <wp:meta_key>_lsb_published_year</wp:meta_key>
                <wp:meta_value><![CDATA[lsb_acf_published_year]]></wp:meta_value>
            </wp:postmeta>
            <wp:postmeta>
                <wp:meta_key>lsb_pages</wp:meta_key>
                <wp:meta_value><![CDATA[128]]></wp:meta_value>
            </wp:postmeta>
            <wp:postmeta>
                <wp:meta_key>_lsb_pages</wp:meta_key>
                <wp:meta_value><![CDATA[lsb_acf_pages]]></wp:meta_value>
            </wp:postmeta>
            <wp:postmeta>
                <wp:meta_key>lsb_review</wp:meta_key>
                <wp:meta_value><![CDATA[  <div>Simon er 18 år </div>  <div>og jobber i en kiosk.</div>  <div>Han er oppkalt etter moren </div>  <div>og faren sin favorittsanger, Nina Simone.</div>  <div>Det er noe som ikke er bra</div>  <div>mellom moren og faren.</div>  <div>En dag forsvinner moren.</div>  <div>Hva har skjedd?</div>  <div>Simon drar på en togreise </div>  <div>hvor han begynner å skrive et brev </div>  <div>til Nina Simone for å fortelle </div>  <div>hva som har skjedd.</div>  <div>&#160;</div>  <div>Boka er lett å lese. </div>  <div>Den&#160;har&#160;korte avsnitt </div>  <div>og korte kapitler. </div>  <div><span style="line-height: 115%;"><strong>Kjære Miss Nina Simone</strong></span></div>  <div><span style="line-height: 115%;">fikk Riksmålprisen 2012</span></div>  <div>&#160;</div>  <div><strong>Tor Fretheim</strong> (1946) har skrevet</div>  <div>mange bøker for barn og unge lesere</div>  <div>og et par for voksne. </div>  <div>Han har vunnet mange priser for bøkene sine.</div>  <div><br />  </div>  ]]></wp:meta_value>
            </wp:postmeta>
            <wp:postmeta>
                <wp:meta_key>_lsb_review</wp:meta_key>
                <wp:meta_value><![CDATA[lsb_acf_review]]></wp:meta_value>
            </wp:postmeta>
            <wp:postmeta>
                <wp:meta_key>lsb_quote</wp:meta_key>
                <wp:meta_value><![CDATA[De trodde det ikke.  De klarte ikke å forstå at det var sant. Ingen hadde  noen gang kunnet tenke seg at noe slikt skulle skje.  Sånt hender andre steder.  Det var sånt de hadde lest om i aviser eller sett i   nyhetene på TV.  Ingenting ville bli som før.  Noe var forsvunnet.]]></wp:meta_value>
            </wp:postmeta>
            <wp:postmeta>
                <wp:meta_key>_lsb_quote</wp:meta_key>
                <wp:meta_value><![CDATA[lsb_acf_quote]]></wp:meta_value>
            </wp:postmeta>
            <wp:postmeta>
                <wp:meta_key>lsb_supported</wp:meta_key>
                <wp:meta_value><![CDATA[0]]></wp:meta_value>
            </wp:postmeta>
            <wp:postmeta>
                <wp:meta_key>_lsb_supported</wp:meta_key>
                <wp:meta_value><![CDATA[lsb_acf_supported]]></wp:meta_value>
            </wp:postmeta>
            <category domain="lsb_tax_author" nicename="tor-fretheim"><![CDATA[Tor Fretheim]]></category>
            <category domain="lsb_tax_publisher" nicename="cappelen-damm"><![CDATA[Cappelen Damm]]></category>
            <wp:postmeta>
                <wp:meta_key>lsb_look_inside</wp:meta_key>
                <wp:meta_value><![CDATA[CUSTOM_BLA_I_BOKA]]></wp:meta_value>
            </wp:postmeta>
            <wp:postmeta>
                <wp:meta_key>_lsb_look_inside</wp:meta_key>
                <wp:meta_value><![CDATA[lsb_acf_look_inside]]></wp:meta_value>
            </wp:postmeta>
            <category domain="lsb_tax_age" nicename="ungdom"><![CDATA[ungdom]]></category>
            <category domain="lsb_tax_age" nicename="voksne"><![CDATA[voksne]]></category>
            <category domain="lsb_tax_genre" nicename="prosa"><![CDATA[prosa]]></category>
            <category domain="lsb_tax_topic" nicename="mennesker-i-mellom"><![CDATA[mennesker i mellom]]></category>
            <category domain="lsb_tax_language" nicename="no_nb"><![CDATA[bokmål]]></category>
            <category domain="lsb_tax_customization" nicename="skjønnlitteratur"><![CDATA[skjønnlitteratur]]></category>
            <wp:postmeta>
                <wp:meta_key>_thumbnail_id</wp:meta_key>
                <wp:meta_value><![CDATA[5627]]></wp:meta_value>
            </wp:postmeta>
        </item>
        <item>
            <title>Kjære Miss Nina Simone</title>
            <wp:post_id>5627</wp:post_id>
            <wp:status>inherit</wp:status>
            <wp:post_type>attachment</wp:post_type>
            <wp:attachment_url>https://raw.githubusercontent.com/lesersokerbok/boksok.no-data-utils/master/output-example/images/D0D6E65BE8EB4DACA1FDF69876AE103E.jpg</wp:attachment_url>
        </item>
        <item>
            <wp:post_type>lsb_book</wp:post_type>
            <wp:status>publish</wp:status>
            <title>Såntno hakke de i byn</title>
            <excerpt:encoded><![CDATA[Nå har jeg bodd på landet i halvannet år.  Ting er annerledes enn i byen.  En morsom bok om ting man bare finner på bygda.]]></excerpt:encoded>
            <wp:postmeta>
                <wp:meta_key>lsb_isbn</wp:meta_key>
                <wp:meta_value><![CDATA[9788205436220]]></wp:meta_value>
            </wp:postmeta>
            <wp:postmeta>
                <wp:meta_key>_lsb_isbn</wp:meta_key>
                <wp:meta_value><![CDATA[lsb_acf_isbn]]></wp:meta_value>
            </wp:postmeta>
            <wp:postmeta>
                <wp:meta_key>lsb_published_year</wp:meta_key>
                <wp:meta_value><![CDATA[2013]]></wp:meta_value>
            </wp:postmeta>
            <wp:postmeta>
                <wp:meta_key>_lsb_published_year</wp:meta_key>
                <wp:meta_value><![CDATA[lsb_acf_published_year]]></wp:meta_value>
            </wp:postmeta>
            <wp:postmeta>
                <wp:meta_key>lsb_pages</wp:meta_key>
                <wp:meta_value/>
            </wp:postmeta>
            <wp:postmeta>
                <wp:meta_key>_lsb_pages</wp:meta_key>
                <wp:meta_value><![CDATA[lsb_acf_pages]]></wp:meta_value>
            </wp:postmeta>
            <wp:postmeta>
                <wp:meta_key>lsb_review</wp:meta_key>
                <wp:meta_value><![CDATA[  <div>En venn av forfatteren</div>  <div>oppsummerte boka sånn:&#160;</div>  <div>"Du har en evne til å se </div>  <div>det merkverdige i hverdagen, </div>  <div>og det gjør verden til et mye morsommere sted"&#160;</div>  <div>Det var en treffende beskrivelse.</div>  <div>&#160;</div>  <div>Med et kjærlig innflytter-blikk,</div>  <div>kommenterer &#160;forfatteren de små,</div>  <div>rare tingene i hverdagen.</div>  <div>Hvert oppslag har et bilde</div>  <div>og en kort replikk.</div>  <div>Morsomst for oss som er glade i landet!</div>  <div>&#160;</div>  <div><strong>Håkon Forfod Sønneland</strong> (født 1972)</div>  <div>er journalist, fotograf, teatermann og </div>  <div>forfatter. Etter å ha bodd i Oslo i mange år</div>  <div>har han nå flyttet til landet.&#160;</div>  <div><br />  </div>  ]]></wp:meta_value>
            </wp:postmeta>
            <wp:postmeta>
                <wp:meta_key>_lsb_review</wp:meta_key>
                <wp:meta_value><![CDATA[lsb_acf_review]]></wp:meta_value>
            </wp:postmeta>
            <wp:postmeta>
                <wp:meta_key>lsb_quote</wp:meta_key>
                <wp:meta_value><![CDATA[Etter suksessen med ferdigplen  på rull, har utviklingen kommet   til ferdigåker.]]></wp:meta_value>
            </wp:postmeta>
            <wp:postmeta>
                <wp:meta_key>_lsb_quote</wp:meta_key>
                <wp:meta_value><![CDATA[lsb_acf_quote]]></wp:meta_value>
            </wp:postmeta>
            <wp:postmeta>
                <wp:meta_key>lsb_supported</wp:meta_key>
                <wp:meta_value><![CDATA[0]]></wp:meta_value>
            </wp:postmeta>
            <wp:postmeta>
                <wp:meta_key>_lsb_supported</wp:meta_key>
                <wp:meta_value><![CDATA[lsb_acf_supported]]></wp:meta_value>
            </wp:postmeta>
            <category domain="lsb_tax_author" nicename="håkon-forfod-sønneland"><![CDATA[Håkon Forfod Sønneland]]></category>
            <category domain="lsb_tax_publisher" nicename="gyldendal"><![CDATA[Gyldendal]]></category>
            <category domain="lsb_tax_illustrator" nicename="håkon-forfod-sønneland"><![CDATA[Håkon Forfod Sønneland]]></category>
            <wp:postmeta>
                <wp:meta_key>lsb_look_inside</wp:meta_key>
                <wp:meta_value><![CDATA[CUSTOM_BLA_I_BOKA]]></wp:meta_value>
            </wp:postmeta>
            <wp:postmeta>
                <wp:meta_key>_lsb_look_inside</wp:meta_key>
                <wp:meta_value><![CDATA[lsb_acf_look_inside]]></wp:meta_value>
            </wp:postmeta>
            <category domain="lsb_tax_age" nicename="ungdom"><![CDATA[ungdom]]></category>
            <category domain="lsb_tax_age" nicename="voksne"><![CDATA[voksne]]></category>
            <category domain="lsb_tax_genre" nicename="prosa"><![CDATA[prosa]]></category>
            <category domain="lsb_tax_topic" nicename="humor"><![CDATA[humor]]></category>
            <category domain="lsb_tax_language" nicename="no_nb"><![CDATA[bokmål]]></category>
            <category domain="lsb_tax_customization" nicename="skjønnlitteratur"><![CDATA[skjønnlitteratur]]></category>
            <category domain="lsb_tax_customization" nicename="faglitteratur"><![CDATA[faglitteratur]]></category>
            <category domain="lsb_tax_customization" nicename="mange-bilder"><![CDATA[mange bilder]]></category>
            <wp:postmeta>
                <wp:meta_key>_thumbnail_id</wp:meta_key>
                <wp:meta_value><![CDATA[5628]]></wp:meta_value>
            </wp:postmeta>
        </item>
        <item>
            <title>Saantno-hakke-de-i-byn_hd_image.jpg</title>
            <wp:post_id>5628</wp:post_id>
            <wp:status>inherit</wp:status>
            <wp:post_type>attachment</wp:post_type>
            <wp:attachment_url>https://raw.githubusercontent.com/lesersokerbok/boksok.no-data-utils/master/output-example/images/5C8D151410B64112B3874FBE7DF82C3E.jpg</wp:attachment_url>
        </item>
        <item>
            <wp:post_type>lsb_book</wp:post_type>
            <wp:status>publish</wp:status>
            <title>Miraklenes tid</title>
            <excerpt:encoded><![CDATA[Noen ting vet alle. Som at døgnet har 24 timer.  Hva skjer når det ikke er sant lenger?]]></excerpt:encoded>
            <wp:postmeta>
                <wp:meta_key>lsb_isbn</wp:meta_key>
                <wp:meta_value><![CDATA[9788251658447]]></wp:meta_value>
            </wp:postmeta>
            <wp:postmeta>
                <wp:meta_key>_lsb_isbn</wp:meta_key>
                <wp:meta_value><![CDATA[lsb_acf_isbn]]></wp:meta_value>
            </wp:postmeta>
            <wp:postmeta>
                <wp:meta_key>lsb_published_year</wp:meta_key>
                <wp:meta_value><![CDATA[2013]]></wp:meta_value>
            </wp:postmeta>
            <wp:postmeta>
                <wp:meta_key>_lsb_published_year</wp:meta_key>
                <wp:meta_value><![CDATA[lsb_acf_published_year]]></wp:meta_value>
            </wp:postmeta>
            <wp:postmeta>
                <wp:meta_key>lsb_pages</wp:meta_key>
                <wp:meta_value><![CDATA[267]]></wp:meta_value>
            </wp:postmeta>
            <wp:postmeta>
                <wp:meta_key>_lsb_pages</wp:meta_key>
                <wp:meta_value><![CDATA[lsb_acf_pages]]></wp:meta_value>
            </wp:postmeta>
            <wp:postmeta>
                <wp:meta_key>lsb_review</wp:meta_key>
                <wp:meta_value><![CDATA[  <div>Det er en helt morgen i California.</div>  <div>En familie tasser rundt i morgenkåpe</div>  <div>og spiser bagels til frokost.</div>  <div>Så skrur de på nyhetene på TV,</div>  <div>og finner ut at verden aldri vil bli den samme igjen.</div>  <div>Jorda har begynt å rotere saktere.</div>  <div>Fenomenet blir kjent som </div>  <div>"oppbremsingen", og det fører til at</div>  <div>døgnet får stadig flere timer.</div>  <div>&#160;</div>  <div>Snart vil konsekvensene av &#160;</div>  <div>"oppbremsingen" bli synlige </div>  <div>og dramatiske. </div>  <div>Er verden i ferd med å gå under?</div>  <div>Hvordan lever folk med hverandre</div>  <div>i en tid med stor usikkerhet og uro?</div>  <div>Midt i dette forsøker en familie å leve</div>  <div>et vanlig liv med jobb, skole og</div>  <div>vanlige bekymringer.</div>  <div>&#160;</div>  <div>Denne boka har en </div>  <div>uvanlig og gripende historie.</div>  <div>Leseren dras med videre,</div>  <div>for å se hvordan det går med verden.</div>  <div>&#160;</div>  <div>Det er korte kapitler og mange korte setninger,</div>  <div>men også noen lange setninger <br />  og sammensatte ord.</div>  <div>Fonten er god, men oppsettet </div>  <div>kunne vært mer luftig.&#160;</div>  <div>&#160;</div>  <div><strong>Karen Thompson Walker </strong>er redaktør i forlag,</div>  <div>og bor i New York. Dette er hennes første bok.&#160;</div>  ]]></wp:meta_value>
            </wp:postmeta>
            <wp:postmeta>
                <wp:meta_key>_lsb_review</wp:meta_key>
                <wp:meta_value><![CDATA[lsb_acf_review]]></wp:meta_value>
            </wp:postmeta>
            <wp:postmeta>
                <wp:meta_key>lsb_quote</wp:meta_key>
                <wp:meta_value><![CDATA[Vi merket det ikke med en gang. Vi kunne ikke føle det.        Vi kjente den ikke til å begynne med, den ekstra tiden som grodde ut fra den myke overgangen mellom hvert døgn, som en svulst som vokser under huden.       Vi var distrahert av klima og kriger den gangen. Vi var ikke opptatt av jordrotasjonen. Bomber eksploderte kontinuerlig i gatene i fjerne land. Orkaner kom og gikk. Sommeren tok slutt. Et nytt skoleår begynte. Klokkene tikket som vanlig. Sekunder ble til minutter. Minutter ble til timer. Og det var ingenting som tydet på at de timene ikke fremdeles løp sammen til døgn, hvert med den samme, fastsatte lengden som alle mennesker er vant til.        Men det var noen som senere hevdet at de hadde merket katastrofen før alle andre. Det var alle nattarbeiderne - de som jobbet nattskift, de som fylte i hyllene i supermarkedene, og de som losset og lastet skip, sjåførene på store vogntog, eller også var det de som bar på ulike bekymringer: De søvnløse og de plagede og de syke. Disse menneskene var vant til å vente på demringen.]]></wp:meta_value>
            </wp:postmeta>
            <wp:postmeta>
                <wp:meta_key>_lsb_quote</wp:meta_key>
                <wp:meta_value><![CDATA[lsb_acf_quote]]></wp:meta_value>
            </wp:postmeta>
            <wp:postmeta>
                <wp:meta_key>lsb_supported</wp:meta_key>
                <wp:meta_value><![CDATA[0]]></wp:meta_value>
            </wp:postmeta>
            <wp:postmeta>
                <wp:meta_key>_lsb_supported</wp:meta_key>
                <wp:meta_value><![CDATA[lsb_acf_supported]]></wp:meta_value>
            </wp:postmeta>
            <category domain="lsb_tax_author" nicename="karen-thompson-walker"><![CDATA[Karen Thompson Walker]]></category>
            <category domain="lsb_tax_publisher" nicename="schibsted"><![CDATA[Schibsted]]></category>
            <category domain="lsb_tax_translator" nicename="hege-frydenlund"><![CDATA[Hege Frydenlund]]></category>
            <wp:postmeta>
                <wp:meta_key>lsb_look_inside</wp:meta_key>
                <wp:meta_value><![CDATA[CUSTOM_BLA_I_BOKA]]></wp:meta_value>
            </wp:postmeta>
            <wp:postmeta>
                <wp:meta_key>_lsb_look_inside</wp:meta_key>
                <wp:meta_value><![CDATA[lsb_acf_look_inside]]></wp:meta_value>
            </wp:postmeta>
            <category domain="lsb_tax_age" nicename="voksne"><![CDATA[voksne]]></category>
            <category domain="lsb_tax_topic" nicename="historie"><![CDATA[historie]]></category>
            <category domain="lsb_tax_topic" nicename="samfunn"><![CDATA[samfunn]]></category>
            <category domain="lsb_tax_language" nicename="no_nb"><![CDATA[bokmål]]></category>
            <category domain="lsb_tax_customization" nicename="skjønnlitteratur"><![CDATA[skjønnlitteratur]]></category>
            <wp:postmeta>
                <wp:meta_key>_thumbnail_id</wp:meta_key>
                <wp:meta_value><![CDATA[5629]]></wp:meta_value>
            </wp:postmeta>
        </item>
        <item>
            <title>Miraklenes_tid_Karen_Thompson_Walker.jpg</title>
            <wp:post_id>5629</wp:post_id>
            <wp:status>inherit</wp:status>
            <wp:post_type>attachment</wp:post_type>
            <wp:attachment_url>https://raw.githubusercontent.com/lesersokerbok/boksok.no-data-utils/master/output-example/images/D2D0E79D28E140F6BD7735603CAB9AF5.jpg</wp:attachment_url>
        </item>
        <item>
            <wp:post_type>lsb_book</wp:post_type>
            <wp:status>publish</wp:status>
            <title>Hun &amp; han</title>
            <excerpt:encoded><![CDATA[I denne utradisjonelle boka, helt uten tekst,  kan du sette sammen hun og han på nye måter.]]></excerpt:encoded>
            <wp:postmeta>
                <wp:meta_key>lsb_isbn</wp:meta_key>
                <wp:meta_value><![CDATA[9788292863275]]></wp:meta_value>
            </wp:postmeta>
            <wp:postmeta>
                <wp:meta_key>_lsb_isbn</wp:meta_key>
                <wp:meta_value><![CDATA[lsb_acf_isbn]]></wp:meta_value>
            </wp:postmeta>
            <wp:postmeta>
                <wp:meta_key>lsb_published_year</wp:meta_key>
                <wp:meta_value><![CDATA[2011]]></wp:meta_value>
            </wp:postmeta>
            <wp:postmeta>
                <wp:meta_key>_lsb_published_year</wp:meta_key>
                <wp:meta_value><![CDATA[lsb_acf_published_year]]></wp:meta_value>
            </wp:postmeta>
            <wp:postmeta>
                <wp:meta_key>lsb_pages</wp:meta_key>
                <wp:meta_value/>
            </wp:postmeta>
            <wp:postmeta>
                <wp:meta_key>_lsb_pages</wp:meta_key>
                <wp:meta_value><![CDATA[lsb_acf_pages]]></wp:meta_value>
            </wp:postmeta>
            <wp:postmeta>
                <wp:meta_key>lsb_review</wp:meta_key>
                <wp:meta_value><![CDATA[  <div>Boka består av to blokker med bilder.</div>  <div>Øverst er hodene,</div>  <div>nederst er kroppene, </div>  <div>og alle driver med ulike ting.</div>  <div>Noen hoder er menn, noen kvinner.</div>  <div>Noen hoder er gamle, andre er unge,</div>  <div>noen er svarte, rosa, gule.</div>  <div>Noen kropper vanner, noen forsker,</div>  <div>noen jogger, noen triller vogn.</div>  <div>&#160;</div>  <div>Denne boka oppfordrer til lek</div>  <div>med språk, kjønnsroller og identitet.</div>  <div>&#160;</div>  <div><strong>Madalena Matoso</strong> er en illustratør</div>  <div>og forfatter fra Portugal.&#160;</div>  ]]></wp:meta_value>
            </wp:postmeta>
            <wp:postmeta>
                <wp:meta_key>_lsb_review</wp:meta_key>
                <wp:meta_value><![CDATA[lsb_acf_review]]></wp:meta_value>
            </wp:postmeta>
            <wp:postmeta>
                <wp:meta_key>lsb_quote</wp:meta_key>
                <wp:meta_value/>
            </wp:postmeta>
            <wp:postmeta>
                <wp:meta_key>_lsb_quote</wp:meta_key>
                <wp:meta_value><![CDATA[lsb_acf_quote]]></wp:meta_value>
            </wp:postmeta>
            <wp:postmeta>
                <wp:meta_key>lsb_supported</wp:meta_key>
                <wp:meta_value><![CDATA[0]]></wp:meta_value>
            </wp:postmeta>
            <wp:postmeta>
                <wp:meta_key>_lsb_supported</wp:meta_key>
                <wp:meta_value><![CDATA[lsb_acf_supported]]></wp:meta_value>
            </wp:postmeta>
            <category domain="lsb_tax_author" nicename="madalena-matoso"><![CDATA[Madalena Matoso]]></category>
            <category domain="lsb_tax_publisher" nicename="magikon"><![CDATA[Magikon]]></category>
            <category domain="lsb_tax_illustrator" nicename="madalena-matoso"><![CDATA[Madalena Matoso]]></category>
            <wp:postmeta>
                <wp:meta_key>lsb_look_inside</wp:meta_key>
                <wp:meta_value><![CDATA[CUSTOM_BLA_I_BOKA]]></wp:meta_value>
            </wp:postmeta>
            <wp:postmeta>
                <wp:meta_key>_lsb_look_inside</wp:meta_key>
                <wp:meta_value><![CDATA[lsb_acf_look_inside]]></wp:meta_value>
            </wp:postmeta>
            <category domain="lsb_tax_age" nicename="voksne"><![CDATA[voksne]]></category>
            <category domain="lsb_tax_age" nicename="ungdom"><![CDATA[ungdom]]></category>
            <category domain="lsb_tax_age" nicename="barn"><![CDATA[barn]]></category>
            <category domain="lsb_tax_topic" nicename="mennesker-i-mellom"><![CDATA[mennesker i mellom]]></category>
            <category domain="lsb_tax_customization" nicename="bilder"><![CDATA[bilder]]></category>
            <category domain="lsb_tax_customization" nicename="ny-i-norge"><![CDATA[ny i norge]]></category>
            <category domain="lsb_tax_customization" nicename="mange-bilder"><![CDATA[mange bilder]]></category>
            <wp:postmeta>
                <wp:meta_key>_thumbnail_id</wp:meta_key>
                <wp:meta_value><![CDATA[5630]]></wp:meta_value>
            </wp:postmeta>
        </item>
        <item>
            <title>hun_og_han-matoso_madalena-14994964-frnt.jpg</title>
            <wp:post_id>5630</wp:post_id>
            <wp:status>inherit</wp:status>
            <wp:post_type>attachment</wp:post_type>
            <wp:attachment_url>https://raw.githubusercontent.com/lesersokerbok/boksok.no-data-utils/master/output-example/images/C971CF213B204B89B52F447ACC49DB9E.jpg</wp:attachment_url>
        </item>
        <item>
            <wp:post_type>lsb_book</wp:post_type>
            <wp:status>publish</wp:status>
            <title>Teenage boss: Bli sjef over pengene dine</title>
            <excerpt:encoded><![CDATA[Har du lyst til å få mer ut av pengene dine?  Her kan du lære å bli sjef over økonomien din.]]></excerpt:encoded>
            <wp:postmeta>
                <wp:meta_key>lsb_isbn</wp:meta_key>
                <wp:meta_value><![CDATA[9788205432871]]></wp:meta_value>
            </wp:postmeta>
            <wp:postmeta>
                <wp:meta_key>_lsb_isbn</wp:meta_key>
                <wp:meta_value><![CDATA[lsb_acf_isbn]]></wp:meta_value>
            </wp:postmeta>
            <wp:postmeta>
                <wp:meta_key>lsb_published_year</wp:meta_key>
                <wp:meta_value><![CDATA[2013]]></wp:meta_value>
            </wp:postmeta>
            <wp:postmeta>
                <wp:meta_key>_lsb_published_year</wp:meta_key>
                <wp:meta_value><![CDATA[lsb_acf_published_year]]></wp:meta_value>
            </wp:postmeta>
            <wp:postmeta>
                <wp:meta_key>lsb_pages</wp:meta_key>
                <wp:meta_value><![CDATA[112]]></wp:meta_value>
            </wp:postmeta>
            <wp:postmeta>
                <wp:meta_key>_lsb_pages</wp:meta_key>
                <wp:meta_value><![CDATA[lsb_acf_pages]]></wp:meta_value>
            </wp:postmeta>
            <wp:postmeta>
                <wp:meta_key>lsb_review</wp:meta_key>
                <wp:meta_value><![CDATA[  <div>I TV-programmet <strong>Teenage Boss</strong></div>  <div>lærte tenåringer seg å styre penger,</div>  <div>ved å være sjef over hele familiens økonomi </div>  <div>i én måned.</div>  <div>I denne boka møter vi disse tenåringene,</div>  <div>sammen med en grundig innføring</div>  <div>i privatøkonomi. &#160;</div>  <div>&#160;</div>  <div>Språket i boka er lettfattelig og klart.</div>  <div>Forfatteren gjør en god jobb</div>  <div>med å forklare ulike begreper</div>  <div>som er nyttige når du skal planlegge økonomi.</div>  <div>For eksempel hva som er forskjellen på </div>  <div>ulike typer lån, ulike bankkort og utgifter.&#160;</div>  <div>I tillegg gir han konkrete råd til hvordan </div>  <div>du kan få oversikt over økonomien,</div>  <div>og hvordan du setter opp et budsjett,</div>  <div>trinn for trinn.</div>  <div>&#160;</div>  <div>Denne boka anbefales, </div>  <div>særlig for ungdom, men også for voksne</div>  <div>som vil bli pengesmarte på en enkel måte.</div>  <div>Teksten i boka er lett, og det er korte setninger.</div>  <div>Fremmedord blir forklart.</div>  <div>Boka har spalter, og noen steder </div>  <div>er det det litt rotete oppsett.&#160;</div>  <div>&#160;</div>  <div><strong>Lars Karelius Noer </strong>har hatt regi</div>  <div>på noen av programmene i <strong>Teenage Boss</strong>.</div>  <div>Han er NRK-journalist, men mye erfaring</div>  <div>med å skrive enkelt om økonomi.&#160;</div>  ]]></wp:meta_value>
            </wp:postmeta>
            <wp:postmeta>
                <wp:meta_key>_lsb_review</wp:meta_key>
                <wp:meta_value><![CDATA[lsb_acf_review]]></wp:meta_value>
            </wp:postmeta>
            <wp:postmeta>
                <wp:meta_key>lsb_quote</wp:meta_key>
                <wp:meta_value><![CDATA[TRE KONTOER  Det hjelper lite å ha et fint budsjett hvis  du ikke greier å følge med på hva pen-  gene går til.  Hvordan skal du vite om budsjettet må  justeres for at du ikke skal gå tom før  måneden er over?       Du kan bruke nettbanken til å hjelpe  deg med å ha styring, slik at du slipper  å bekymre deg for mye. Første skritt er å  opprette tre ulike kontoer:  1. En regningskonto for regninger  2. En brukskonto for forbruk  3. En sparekonto for sparing]]></wp:meta_value>
            </wp:postmeta>
            <wp:postmeta>
                <wp:meta_key>_lsb_quote</wp:meta_key>
                <wp:meta_value><![CDATA[lsb_acf_quote]]></wp:meta_value>
            </wp:postmeta>
            <wp:postmeta>
                <wp:meta_key>lsb_supported</wp:meta_key>
                <wp:meta_value><![CDATA[0]]></wp:meta_value>
            </wp:postmeta>
            <wp:postmeta>
                <wp:meta_key>_lsb_supported</wp:meta_key>
                <wp:meta_value><![CDATA[lsb_acf_supported]]></wp:meta_value>
            </wp:postmeta>
            <category domain="lsb_tax_author" nicename="lars-karelius-noer"><![CDATA[Lars Karelius Noer]]></category>
            <category domain="lsb_tax_publisher" nicename="gyldendal"><![CDATA[Gyldendal]]></category>
            <wp:postmeta>
                <wp:meta_key>lsb_look_inside</wp:meta_key>
                <wp:meta_value><![CDATA[CUSTOM_BLA_I_BOKA]]></wp:meta_value>
            </wp:postmeta>
            <wp:postmeta>
                <wp:meta_key>_lsb_look_inside</wp:meta_key>
                <wp:meta_value><![CDATA[lsb_acf_look_inside]]></wp:meta_value>
            </wp:postmeta>
            <category domain="lsb_tax_age" nicename="ungdom"><![CDATA[ungdom]]></category>
            <category domain="lsb_tax_age" nicename="voksne"><![CDATA[voksne]]></category>
            <category domain="lsb_tax_genre" nicename="faglitteratur"><![CDATA[faglitteratur]]></category>
            <category domain="lsb_tax_topic" nicename="annet"><![CDATA[annet]]></category>
            <category domain="lsb_tax_language" nicename="no_nb"><![CDATA[bokmål]]></category>
            <category domain="lsb_tax_customization" nicename="faglitteratur"><![CDATA[faglitteratur]]></category>
            <wp:postmeta>
                <wp:meta_key>_thumbnail_id</wp:meta_key>
                <wp:meta_value><![CDATA[5631]]></wp:meta_value>
            </wp:postmeta>
        </item>
        <item>
            <title>Teenage-Boss_hd_image.jpg</title>
            <wp:post_id>5631</wp:post_id>
            <wp:status>inherit</wp:status>
            <wp:post_type>attachment</wp:post_type>
            <wp:attachment_url>https://raw.githubusercontent.com/lesersokerbok/boksok.no-data-utils/master/output-example/images/959CFFB432D048A89888EBAE7B459880.jpg</wp:attachment_url>
        </item>
        <item>
            <wp:post_type>lsb_book</wp:post_type>
            <wp:status>publish</wp:status>
            <title>Bestemors hage</title>
            <excerpt:encoded><![CDATA[Kan du huske de endeløse feriedagene i bestemors hage?  Bli med på en nostalgisk tur i bestemors hage,   full av bilder og beskrivelser gjennom fire årstider.]]></excerpt:encoded>
            <wp:postmeta>
                <wp:meta_key>lsb_isbn</wp:meta_key>
                <wp:meta_value><![CDATA[9788282112765]]></wp:meta_value>
            </wp:postmeta>
            <wp:postmeta>
                <wp:meta_key>_lsb_isbn</wp:meta_key>
                <wp:meta_value><![CDATA[lsb_acf_isbn]]></wp:meta_value>
            </wp:postmeta>
            <wp:postmeta>
                <wp:meta_key>lsb_published_year</wp:meta_key>
                <wp:meta_value><![CDATA[2012]]></wp:meta_value>
            </wp:postmeta>
            <wp:postmeta>
                <wp:meta_key>_lsb_published_year</wp:meta_key>
                <wp:meta_value><![CDATA[lsb_acf_published_year]]></wp:meta_value>
            </wp:postmeta>
            <wp:postmeta>
                <wp:meta_key>lsb_pages</wp:meta_key>
                <wp:meta_value><![CDATA[159]]></wp:meta_value>
            </wp:postmeta>
            <wp:postmeta>
                <wp:meta_key>_lsb_pages</wp:meta_key>
                <wp:meta_value><![CDATA[lsb_acf_pages]]></wp:meta_value>
            </wp:postmeta>
            <wp:postmeta>
                <wp:meta_key>lsb_review</wp:meta_key>
                <wp:meta_value><![CDATA[  <div><span style="background-color: rgb(255, 255, 255);"><strong>Bestemors hage</strong> er en del av barndommen,</span></div>  <div><span style="background-color: rgb(255, 255, 255);"></span><span style="background-color: rgb(255, 255, 255);">en bit av forhistorien til mange av oss.</span></div>  <div><span style="background-color: rgb(255, 255, 255);">I denne boka beskriver forfatteren</span></div>  <div><span style="background-color: rgb(255, 255, 255);">og mange andre sitt forhold til bestemors hage</span></div>  <div><span style="background-color: rgb(255, 255, 255);">og plantene som finnes der. </span></div>  <div><span style="background-color: rgb(255, 255, 255);">Les om blomster og bær,</span></div>  <div><span style="background-color: rgb(255, 255, 255);">arbeid og lek og drøm deg bort i bildene.</span></div>  <div><span style="background-color: rgb(255, 255, 255);">&#160;</span></div>  <div><span style="background-color: rgb(255, 255, 255);">Boka er en god blanding av minner</span></div>  <div><span style="background-color: rgb(255, 255, 255);">og fakta om de ulike plantene.</span></div>  <div><span style="background-color: rgb(255, 255, 255);">Den har mange bilder, </span></div>  <div><span style="background-color: rgb(255, 255, 255);">og egner seg godt til å lese sammen.&#160;</span></div>  <div style="background-color: rgb(255, 255, 255);">&#160;</div>  <div style="background-color: rgb(255, 255, 255);">Boka har et litt rotete oppsett,&#160;<br />  men det gjør ikke så mye,&#160;<br />  for dette er ikke en bok som skal leses&#160;<br />  fra første til siste side.&#160;<br />  Dette er en bok det er morsomt å bla i&#160;<br />  </div>  <div><span style="background-color: rgb(255, 255, 255);">og lese litt her og litt der.</span>&#160;</div>  ]]></wp:meta_value>
            </wp:postmeta>
            <wp:postmeta>
                <wp:meta_key>_lsb_review</wp:meta_key>
                <wp:meta_value><![CDATA[lsb_acf_review]]></wp:meta_value>
            </wp:postmeta>
            <wp:postmeta>
                <wp:meta_key>lsb_quote</wp:meta_key>
                <wp:meta_value><![CDATA[Våren startet inne. Alle mormors vinduskarmer var fylt til trengsel med såkasser, potter og begre med stiklinger og spirer. Det var et salig kaos. Hun samlet frø hele høsten fra egen hage og andres hager, hun fikk tilsendt frø herfra og derfra, og i tillegg kjøpte hun frø. Mormor sådde blomkarse, pralbønner, jomfruen-i-det-grønne, solsikker, mais og mye mer. Vi unga fikk så våre egne frø i potter, men hadde ikke tålmodighet til å vente. Det føltes som en evighet før frøene spirte. Vi gravde forsiktig i pottene for å se om noe var på vei opp. Etter eviglange dager dukket små, grønne hoder opp av jorda, og spede spirer strakte seg sakte, sakte mot lyset og lengtet etter å komme ut. Det gjorde vi unga også. Men det var ikke så mye å finne på der ute. Vi ville jo helst sparke fotball og leke gjemsel eller sisten. Men plenen var bløt, og vi fikk ikke leke der fordi gresset kunne bli ødelagt.]]></wp:meta_value>
            </wp:postmeta>
            <wp:postmeta>
                <wp:meta_key>_lsb_quote</wp:meta_key>
                <wp:meta_value><![CDATA[lsb_acf_quote]]></wp:meta_value>
            </wp:postmeta>
            <wp:postmeta>
                <wp:meta_key>lsb_supported</wp:meta_key>
                <wp:meta_value><![CDATA[0]]></wp:meta_value>
            </wp:postmeta>
            <wp:postmeta>
                <wp:meta_key>_lsb_supported</wp:meta_key>
                <wp:meta_value><![CDATA[lsb_acf_supported]]></wp:meta_value>
            </wp:postmeta>
            <category domain="lsb_tax_author" nicename="kari-vetlesen"><![CDATA[Kari Vetlesen]]></category>
            <category domain="lsb_tax_publisher" nicename="vega"><![CDATA[Vega]]></category>
            <wp:postmeta>
                <wp:meta_key>lsb_look_inside</wp:meta_key>
                <wp:meta_value><![CDATA[CUSTOM_BLA_I_BOKA]]></wp:meta_value>
            </wp:postmeta>
            <wp:postmeta>
                <wp:meta_key>_lsb_look_inside</wp:meta_key>
                <wp:meta_value><![CDATA[lsb_acf_look_inside]]></wp:meta_value>
            </wp:postmeta>
            <category domain="lsb_tax_age" nicename="voksne"><![CDATA[voksne]]></category>
            <category domain="lsb_tax_topic" nicename="hus"><![CDATA[hus]]></category>
            <category domain="lsb_tax_topic" nicename="hjem"><![CDATA[hjem]]></category>
            <category domain="lsb_tax_topic" nicename="hage"><![CDATA[hage]]></category>
            <category domain="lsb_tax_language" nicename="no_nb"><![CDATA[bokmål]]></category>
            <category domain="lsb_tax_customization" nicename="faglitteratur"><![CDATA[faglitteratur]]></category>
            <category domain="lsb_tax_customization" nicename="mange-bilder"><![CDATA[mange bilder]]></category>
            <wp:postmeta>
                <wp:meta_key>_thumbnail_id</wp:meta_key>
                <wp:meta_value><![CDATA[5632]]></wp:meta_value>
            </wp:postmeta>
        </item>
        <item>
            <title>bestemorsHage_forside.jpg</title>
            <wp:post_id>5632</wp:post_id>
            <wp:status>inherit</wp:status>
            <wp:post_type>attachment</wp:post_type>
            <wp:attachment_url>https://raw.githubusercontent.com/lesersokerbok/boksok.no-data-utils/master/output-example/images/885F3A9D7ED044CA9DFEDA68FFD4232D.jpg</wp:attachment_url>
        </item>
        <item>
            <wp:post_type>lsb_book</wp:post_type>
            <wp:status>publish</wp:status>
            <title>Lekestue</title>
            <excerpt:encoded><![CDATA[Hva skjer når voksne menn leker med dokker?  Velkommen til Lekestue   og Christer Torjussens syke univers!]]></excerpt:encoded>
            <wp:postmeta>
                <wp:meta_key>lsb_isbn</wp:meta_key>
                <wp:meta_value><![CDATA[9788282113182]]></wp:meta_value>
            </wp:postmeta>
            <wp:postmeta>
                <wp:meta_key>_lsb_isbn</wp:meta_key>
                <wp:meta_value><![CDATA[lsb_acf_isbn]]></wp:meta_value>
            </wp:postmeta>
            <wp:postmeta>
                <wp:meta_key>lsb_published_year</wp:meta_key>
                <wp:meta_value><![CDATA[2012]]></wp:meta_value>
            </wp:postmeta>
            <wp:postmeta>
                <wp:meta_key>_lsb_published_year</wp:meta_key>
                <wp:meta_value><![CDATA[lsb_acf_published_year]]></wp:meta_value>
            </wp:postmeta>
            <wp:postmeta>
                <wp:meta_key>lsb_pages</wp:meta_key>
                <wp:meta_value><![CDATA[103]]></wp:meta_value>
            </wp:postmeta>
            <wp:postmeta>
                <wp:meta_key>_lsb_pages</wp:meta_key>
                <wp:meta_value><![CDATA[lsb_acf_pages]]></wp:meta_value>
            </wp:postmeta>
            <wp:postmeta>
                <wp:meta_key>lsb_review</wp:meta_key>
                <wp:meta_value><![CDATA[  <div>Denne boka bør aldri vises til små barn.</div>  <div>Hva slags traumer ville de fått, </div>  <div>om de visste at lekene deres egentlig</div>  <div>var fyllesvin, drittsekker og strippere?</div>  <div>Her viser lekene sine sanne jeg,</div>  <div>med ville nachspiel, fleinsopp,</div>  <div>dårlig temperament og utroskap.</div>  <div>Med andre ord, en hysterisk morsom bildebok </div>  <div>- for voksne!</div>  <div>&#160;</div>  <div>Hvert oppslag har ett bilde</div>  <div>og en kort tekst. </div>  <div><br />  </div>  <div>  <div>Christer Torjussen (født 1970) er tekstforfatter</div>  <div>og stand up-komiker.&#160;<strong>Lekestue</strong>&#160;er hans andre bok.</div>  &#160;</div>  ]]></wp:meta_value>
            </wp:postmeta>
            <wp:postmeta>
                <wp:meta_key>_lsb_review</wp:meta_key>
                <wp:meta_value><![CDATA[lsb_acf_review]]></wp:meta_value>
            </wp:postmeta>
            <wp:postmeta>
                <wp:meta_key>lsb_quote</wp:meta_key>
                <wp:meta_value><![CDATA[Etter noen dager tenkte Rocky at Marinella virkelig var flink til å spille død. Men å rulle rundt, det var han fortsatt alene om å kunne.]]></wp:meta_value>
            </wp:postmeta>
            <wp:postmeta>
                <wp:meta_key>_lsb_quote</wp:meta_key>
                <wp:meta_value><![CDATA[lsb_acf_quote]]></wp:meta_value>
            </wp:postmeta>
            <wp:postmeta>
                <wp:meta_key>lsb_supported</wp:meta_key>
                <wp:meta_value><![CDATA[0]]></wp:meta_value>
            </wp:postmeta>
            <wp:postmeta>
                <wp:meta_key>_lsb_supported</wp:meta_key>
                <wp:meta_value><![CDATA[lsb_acf_supported]]></wp:meta_value>
            </wp:postmeta>
            <category domain="lsb_tax_author" nicename="christer-torjussen"><![CDATA[Christer Torjussen]]></category>
            <category domain="lsb_tax_publisher" nicename="vega"><![CDATA[Vega]]></category>
            <category domain="lsb_tax_illustrator" nicename="christer-torjussen"><![CDATA[Christer Torjussen]]></category>
            <wp:postmeta>
                <wp:meta_key>lsb_look_inside</wp:meta_key>
                <wp:meta_value><![CDATA[CUSTOM_BLA_I_BOKA]]></wp:meta_value>
            </wp:postmeta>
            <wp:postmeta>
                <wp:meta_key>_lsb_look_inside</wp:meta_key>
                <wp:meta_value><![CDATA[lsb_acf_look_inside]]></wp:meta_value>
            </wp:postmeta>
            <category domain="lsb_tax_age" nicename="voksne"><![CDATA[voksne]]></category>
            <category domain="lsb_tax_genre" nicename="prosa"><![CDATA[prosa]]></category>
            <category domain="lsb_tax_topic" nicename="humor"><![CDATA[humor]]></category>
            <category domain="lsb_tax_language" nicename="no_nb"><![CDATA[bokmål]]></category>
            <category domain="lsb_tax_customization" nicename="skjønnlitteratur"><![CDATA[skjønnlitteratur]]></category>
            <category domain="lsb_tax_customization" nicename="mange-bilder"><![CDATA[mange bilder]]></category>
            <wp:postmeta>
                <wp:meta_key>_thumbnail_id</wp:meta_key>
                <wp:meta_value><![CDATA[5633]]></wp:meta_value>
            </wp:postmeta>
        </item>
        <item>
            <title>Lekestue_omslag.jpg</title>
            <wp:post_id>5633</wp:post_id>
            <wp:status>inherit</wp:status>
            <wp:post_type>attachment</wp:post_type>
            <wp:attachment_url>https://raw.githubusercontent.com/lesersokerbok/boksok.no-data-utils/master/output-example/images/D1D0EF8064F6419EB7D6ADCDB8784C11.jpg</wp:attachment_url>
        </item>
        <item>
            <wp:post_type>lsb_book</wp:post_type>
            <wp:status>publish</wp:status>
            <title>Tøff pappa</title>
            <excerpt:encoded><![CDATA[Alex Rosén deler sine opplevelser som far  og sine tanker om papparollen.]]></excerpt:encoded>
            <wp:postmeta>
                <wp:meta_key>lsb_isbn</wp:meta_key>
                <wp:meta_value><![CDATA[9788202377977]]></wp:meta_value>
            </wp:postmeta>
            <wp:postmeta>
                <wp:meta_key>_lsb_isbn</wp:meta_key>
                <wp:meta_value><![CDATA[lsb_acf_isbn]]></wp:meta_value>
            </wp:postmeta>
            <wp:postmeta>
                <wp:meta_key>lsb_published_year</wp:meta_key>
                <wp:meta_value><![CDATA[2012]]></wp:meta_value>
            </wp:postmeta>
            <wp:postmeta>
                <wp:meta_key>_lsb_published_year</wp:meta_key>
                <wp:meta_value><![CDATA[lsb_acf_published_year]]></wp:meta_value>
            </wp:postmeta>
            <wp:postmeta>
                <wp:meta_key>lsb_pages</wp:meta_key>
                <wp:meta_value><![CDATA[115]]></wp:meta_value>
            </wp:postmeta>
            <wp:postmeta>
                <wp:meta_key>_lsb_pages</wp:meta_key>
                <wp:meta_value><![CDATA[lsb_acf_pages]]></wp:meta_value>
            </wp:postmeta>
            <wp:postmeta>
                <wp:meta_key>lsb_review</wp:meta_key>
                <wp:meta_value><![CDATA[  <div><strong>Alex Rosén</strong> er ikke bare moromann,</div>  <div>han er også en engasjert far.</div>  <div>I denne boka forteller han om forholdet med barna,</div>  <div>med sine egne foreldre, om tidsklemma,</div>  <div>om barneoppdragelse og små historier fra livet sitt.</div>  <div>Omslaget sier at boka er som Alex selv:</div>  <div>Morsom, alvorlig, klok og litt gal.</div>  <div>Det er en treffende beskrivelse.</div>  <div>&#160;</div>  <div>Teksten i boka er muntlig og ledig,</div>  <div>og det er korte kapitler.&#160;</div>  <div>&#160;</div>  <div><strong>Alex Rosén</strong> er komiker, musiker,</div>  <div>programleder og redaktør.</div>  <div>Han er godt kjent fra norsk TV.&#160;</div>  <div>Boka er skrevet i samarbeid </div>  <div>med <strong>Marianne Blindheim Eriksen</strong>.</div>  ]]></wp:meta_value>
            </wp:postmeta>
            <wp:postmeta>
                <wp:meta_key>_lsb_review</wp:meta_key>
                <wp:meta_value><![CDATA[lsb_acf_review]]></wp:meta_value>
            </wp:postmeta>
            <wp:postmeta>
                <wp:meta_key>lsb_quote</wp:meta_key>
                <wp:meta_value><![CDATA[Er alt arv? filosoferer jeg, mens tankene går tilbake til meg selv som barn. Minnene trenger seg på og forteller meg at jeg har mye å glede meg til. Det har bare så vidt begynt. Haha!       Som toåring klarte jeg å bite meg i tunga. Det ble ikke bare et sår, jeg beit den rett i to! Jeg skulle absolutt klatre over et dekket bord. Midtveis mista jeg balansen, falt oppi jordbærsyltetøyet og deretter ned på gulvet og satte tennene hardt i tunga. Alle rundt bordet satt fjetret med unntak av mor, som allerede var i gang med trøstearbeidet. Men det stoppa jo ikke der.       Som femåring klatra jeg opp i epletreet til bestefar i Åsgårdstrand. Jeg nådde toppen, og hadde en følelse av at jeg kunne fly. Selvfølgelig kunne jeg det! (Hvor kommer denne selvsikkerheten fra?) Jeg tok sats og kasta meg ut. Det viste seg fort at jeg ikke kunne fly, så jeg deisa i bakken fire meter nedenfor. Denne følelsen av uovervinnelighet har fulgt meg siden.]]></wp:meta_value>
            </wp:postmeta>
            <wp:postmeta>
                <wp:meta_key>_lsb_quote</wp:meta_key>
                <wp:meta_value><![CDATA[lsb_acf_quote]]></wp:meta_value>
            </wp:postmeta>
            <wp:postmeta>
                <wp:meta_key>lsb_supported</wp:meta_key>
                <wp:meta_value><![CDATA[0]]></wp:meta_value>
            </wp:postmeta>
            <wp:postmeta>
                <wp:meta_key>_lsb_supported</wp:meta_key>
                <wp:meta_value><![CDATA[lsb_acf_supported]]></wp:meta_value>
            </wp:postmeta>
            <category domain="lsb_tax_author" nicename="alex-rosén"><![CDATA[Alex Rosén]]></category>
            <category domain="lsb_tax_publisher" nicename="cappelen-damm"><![CDATA[Cappelen Damm]]></category>
            <wp:postmeta>
                <wp:meta_key>lsb_look_inside</wp:meta_key>
                <wp:meta_value><![CDATA[CUSTOM_BLA_I_BOKA]]></wp:meta_value>
            </wp:postmeta>
            <wp:postmeta>
                <wp:meta_key>_lsb_look_inside</wp:meta_key>
                <wp:meta_value><![CDATA[lsb_acf_look_inside]]></wp:meta_value>
            </wp:postmeta>
            <category domain="lsb_tax_age" nicename="voksne"><![CDATA[voksne]]></category>
            <category domain="lsb_tax_genre" nicename="faglitteratur"><![CDATA[faglitteratur]]></category>
            <category domain="lsb_tax_topic" nicename="mennesker-i-mellom"><![CDATA[mennesker i mellom]]></category>
            <category domain="lsb_tax_language" nicename="no_nb"><![CDATA[bokmål]]></category>
            <category domain="lsb_tax_customization" nicename="faglitteratur"><![CDATA[faglitteratur]]></category>
            <wp:postmeta>
                <wp:meta_key>_thumbnail_id</wp:meta_key>
                <wp:meta_value><![CDATA[5634]]></wp:meta_value>
            </wp:postmeta>
        </item>
        <item>
            <title>Rosn_ToffPappa.jpg</title>
            <wp:post_id>5634</wp:post_id>
            <wp:status>inherit</wp:status>
            <wp:post_type>attachment</wp:post_type>
            <wp:attachment_url>https://raw.githubusercontent.com/lesersokerbok/boksok.no-data-utils/master/output-example/images/840593F42EA741419A49E0B36949C2CC.jpg</wp:attachment_url>
        </item>
        <item>
            <wp:post_type>lsb_book</wp:post_type>
            <wp:status>publish</wp:status>
            <title>Marius strikkebok - klassikere, historier og nye oppskrifter</title>
            <excerpt:encoded><![CDATA[Den komplette boka om Marius-genseren.  Her er historier, bilder og nye og gamle mønstre.]]></excerpt:encoded>
            <wp:postmeta>
                <wp:meta_key>lsb_isbn</wp:meta_key>
                <wp:meta_value><![CDATA[9788282053006]]></wp:meta_value>
            </wp:postmeta>
            <wp:postmeta>
                <wp:meta_key>_lsb_isbn</wp:meta_key>
                <wp:meta_value><![CDATA[lsb_acf_isbn]]></wp:meta_value>
            </wp:postmeta>
            <wp:postmeta>
                <wp:meta_key>lsb_published_year</wp:meta_key>
                <wp:meta_value><![CDATA[2012]]></wp:meta_value>
            </wp:postmeta>
            <wp:postmeta>
                <wp:meta_key>_lsb_published_year</wp:meta_key>
                <wp:meta_value><![CDATA[lsb_acf_published_year]]></wp:meta_value>
            </wp:postmeta>
            <wp:postmeta>
                <wp:meta_key>lsb_pages</wp:meta_key>
                <wp:meta_value><![CDATA[191]]></wp:meta_value>
            </wp:postmeta>
            <wp:postmeta>
                <wp:meta_key>_lsb_pages</wp:meta_key>
                <wp:meta_value><![CDATA[lsb_acf_pages]]></wp:meta_value>
            </wp:postmeta>
            <wp:postmeta>
                <wp:meta_key>lsb_review</wp:meta_key>
                <wp:meta_value><![CDATA[  <div>Det er liten tvil om at Norge er rammet</div>  <div>av Marius-feber av den alvorlige sorten.</div>  <div>Sjelden har et strikkemønster blitt så populært,</div>  <div>som Unn Søilands mønster fra 50-tallet.</div>  <div>I denne boka kan du lese om hvordan </div>  <div>Marius-genseren ble til, </div>  <div>hvorfor den er så populær,</div>  <div>og hvordan du kan lage din egen.</div>  <div>Boka har 45 oppskrifter på alt fra den</div>  <div>klassiske genseren i forskjellige størrelser,</div>  <div>til skjørt, lue, puff og trekk til vinkartong.</div>  <div>&#160;</div>  <div>I tillegg til en liten guide til teknikker, </div>  <div>montering og vask av ull,</div>  <div>finner du mange bilder av Marius-gensere i bruk.</div>  <div>Bildene er sendt inn av Marius-strikkere </div>  <div>og Marius-elskere over hele landet.&#160;</div>  <div>&#160;</div>  <div>Oppskriftene er lette å skjønne </div>  <div>og oppsettet er tydelig.</div>  <div>Du må kunne strikke fra før av.</div>  <div>&#160;</div>  <div>Marius strikkebok er laget i samarbeid med </div>  <div>Unn Søilands datter Vigdis Augusta Yran Dale </div>  <div>og SandnesGarn.&#160;</div>  ]]></wp:meta_value>
            </wp:postmeta>
            <wp:postmeta>
                <wp:meta_key>_lsb_review</wp:meta_key>
                <wp:meta_value><![CDATA[lsb_acf_review]]></wp:meta_value>
            </wp:postmeta>
            <wp:postmeta>
                <wp:meta_key>lsb_quote</wp:meta_key>
                <wp:meta_value><![CDATA[Kjendiser, glamour, film og ikke minst et usedvanlig gjenkjennelig og fint mønster i våre nasjonalfarger må være grunnen til at Marius-genseren var mønsteret som har blitt det mest populære av utallige norske gensermønstre fra 50-tallet.    Det er solgt over tre millioner strikkeoppskrifter og trolig er det strikket over fem millioner gensere. I dag er Marius-mønsteret ikke bare et historisk ikon, men også topp mote som brukes på sengetøy, pledd, klær, regntøy, refleks, kopper og mye, mye mer. ]]></wp:meta_value>
            </wp:postmeta>
            <wp:postmeta>
                <wp:meta_key>_lsb_quote</wp:meta_key>
                <wp:meta_value><![CDATA[lsb_acf_quote]]></wp:meta_value>
            </wp:postmeta>
            <wp:postmeta>
                <wp:meta_key>lsb_supported</wp:meta_key>
                <wp:meta_value><![CDATA[0]]></wp:meta_value>
            </wp:postmeta>
            <wp:postmeta>
                <wp:meta_key>_lsb_supported</wp:meta_key>
                <wp:meta_value><![CDATA[lsb_acf_supported]]></wp:meta_value>
            </wp:postmeta>
            <category domain="lsb_tax_author" nicename="arve-juritzen-(red.)"><![CDATA[Arve Juritzen (red.)]]></category>
            <category domain="lsb_tax_publisher" nicename="juritzen"><![CDATA[Juritzen]]></category>
            <wp:postmeta>
                <wp:meta_key>lsb_look_inside</wp:meta_key>
                <wp:meta_value><![CDATA[CUSTOM_BLA_I_BOKA]]></wp:meta_value>
            </wp:postmeta>
            <wp:postmeta>
                <wp:meta_key>_lsb_look_inside</wp:meta_key>
                <wp:meta_value><![CDATA[lsb_acf_look_inside]]></wp:meta_value>
            </wp:postmeta>
            <category domain="lsb_tax_age" nicename="voksne"><![CDATA[voksne]]></category>
            <category domain="lsb_tax_genre" nicename="faglitteratur"><![CDATA[faglitteratur]]></category>
            <category domain="lsb_tax_topic" nicename="annet"><![CDATA[annet]]></category>
            <category domain="lsb_tax_language" nicename="no_nb"><![CDATA[bokmål]]></category>
            <category domain="lsb_tax_customization" nicename="faglitteratur"><![CDATA[faglitteratur]]></category>
            <category domain="lsb_tax_customization" nicename="mange-bilder"><![CDATA[mange bilder]]></category>
            <wp:postmeta>
                <wp:meta_key>_thumbnail_id</wp:meta_key>
                <wp:meta_value><![CDATA[5635]]></wp:meta_value>
            </wp:postmeta>
        </item>
        <item>
            <title>Marius.jpg</title>
            <wp:post_id>5635</wp:post_id>
            <wp:status>inherit</wp:status>
            <wp:post_type>attachment</wp:post_type>
            <wp:attachment_url>https://raw.githubusercontent.com/lesersokerbok/boksok.no-data-utils/master/output-example/images/D7836FBBD0994FB7BA584B1B6C61F4F5.jpg</wp:attachment_url>
        </item>
        <item>
            <wp:post_type>lsb_book</wp:post_type>
            <wp:status>publish</wp:status>
            <title>Gravskrifter</title>
            <excerpt:encoded><![CDATA[Det går an å skrive en bok om gravskrifter,  uten at det blir dystert.]]></excerpt:encoded>
            <wp:postmeta>
                <wp:meta_key>lsb_isbn</wp:meta_key>
                <wp:meta_value><![CDATA[9788292400784]]></wp:meta_value>
            </wp:postmeta>
            <wp:postmeta>
                <wp:meta_key>_lsb_isbn</wp:meta_key>
                <wp:meta_value><![CDATA[lsb_acf_isbn]]></wp:meta_value>
            </wp:postmeta>
            <wp:postmeta>
                <wp:meta_key>lsb_published_year</wp:meta_key>
                <wp:meta_value><![CDATA[2012]]></wp:meta_value>
            </wp:postmeta>
            <wp:postmeta>
                <wp:meta_key>_lsb_published_year</wp:meta_key>
                <wp:meta_value><![CDATA[lsb_acf_published_year]]></wp:meta_value>
            </wp:postmeta>
            <wp:postmeta>
                <wp:meta_key>lsb_pages</wp:meta_key>
                <wp:meta_value><![CDATA[152]]></wp:meta_value>
            </wp:postmeta>
            <wp:postmeta>
                <wp:meta_key>_lsb_pages</wp:meta_key>
                <wp:meta_value><![CDATA[lsb_acf_pages]]></wp:meta_value>
            </wp:postmeta>
            <wp:postmeta>
                <wp:meta_key>lsb_review</wp:meta_key>
                <wp:meta_value><![CDATA[  <div>  <div>I dette essayet finnes inskripsjoner fra gravsteiner</div>  <div>på norske kirkegårder i perioden 1800-2011. </div>  <div>Gravskriftene skiller seg tydelig fra hverandre,</div>  <div>selv om de likevel viser respekt, savn og sorg</div>  <div>over den som er død.</div>  <div>Gjennom gravskriftene kan man også se</div>  <div>at samfunnet gradvis endrer seg. &#160;</div>  <div>&#160;</div>  <div><strong>Bjørn M. Moen</strong> (født 1970) </div>  <div>har tidligere gitt ut to gjendiktninger,</div>  <div>og artikler om litteratur.&#160;</div>  <div><strong>Gravskrifter</strong> er hans første egne bok.&#160;</div></div>  ]]></wp:meta_value>
            </wp:postmeta>
            <wp:postmeta>
                <wp:meta_key>_lsb_review</wp:meta_key>
                <wp:meta_value><![CDATA[lsb_acf_review]]></wp:meta_value>
            </wp:postmeta>
            <wp:postmeta>
                <wp:meta_key>lsb_quote</wp:meta_key>
                <wp:meta_value/>
            </wp:postmeta>
            <wp:postmeta>
                <wp:meta_key>_lsb_quote</wp:meta_key>
                <wp:meta_value><![CDATA[lsb_acf_quote]]></wp:meta_value>
            </wp:postmeta>
            <wp:postmeta>
                <wp:meta_key>lsb_supported</wp:meta_key>
                <wp:meta_value><![CDATA[0]]></wp:meta_value>
            </wp:postmeta>
            <wp:postmeta>
                <wp:meta_key>_lsb_supported</wp:meta_key>
                <wp:meta_value><![CDATA[lsb_acf_supported]]></wp:meta_value>
            </wp:postmeta>
            <category domain="lsb_tax_author" nicename="bjørn-m.-moen"><![CDATA[Bjørn M. Moen]]></category>
            <category domain="lsb_tax_publisher" nicename="communicatio"><![CDATA[Communicatio]]></category>
            <wp:postmeta>
                <wp:meta_key>lsb_look_inside</wp:meta_key>
                <wp:meta_value><![CDATA[CUSTOM_BLA_I_BOKA]]></wp:meta_value>
            </wp:postmeta>
            <wp:postmeta>
                <wp:meta_key>_lsb_look_inside</wp:meta_key>
                <wp:meta_value><![CDATA[lsb_acf_look_inside]]></wp:meta_value>
            </wp:postmeta>
            <category domain="lsb_tax_age" nicename="voksne"><![CDATA[voksne]]></category>
            <category domain="lsb_tax_genre" nicename="prosa"><![CDATA[prosa]]></category>
            <category domain="lsb_tax_topic" nicename="historie"><![CDATA[historie]]></category>
            <category domain="lsb_tax_topic" nicename="samfunn"><![CDATA[samfunn]]></category>
            <category domain="lsb_tax_language" nicename="no_nb"><![CDATA[bokmål]]></category>
            <category domain="lsb_tax_customization" nicename="faglitteratur"><![CDATA[faglitteratur]]></category>
            <wp:postmeta>
                <wp:meta_key>_thumbnail_id</wp:meta_key>
                <wp:meta_value><![CDATA[5636]]></wp:meta_value>
            </wp:postmeta>
        </item>
        <item>
            <title>Gravskrifter_nyhet.jpg</title>
            <wp:post_id>5636</wp:post_id>
            <wp:status>inherit</wp:status>
            <wp:post_type>attachment</wp:post_type>
            <wp:attachment_url>https://raw.githubusercontent.com/lesersokerbok/boksok.no-data-utils/master/output-example/images/9E584B4B480F4EB9AC6A11C49495AE69.jpg</wp:attachment_url>
        </item>
        <item>
            <wp:post_type>lsb_book</wp:post_type>
            <wp:status>publish</wp:status>
            <title>Ulvene kommer</title>
            <excerpt:encoded><![CDATA[Ny, spennende bok i serien om spøkelsene på Frostøy!]]></excerpt:encoded>
            <wp:postmeta>
                <wp:meta_key>lsb_isbn</wp:meta_key>
                <wp:meta_value><![CDATA[9788203254765]]></wp:meta_value>
            </wp:postmeta>
            <wp:postmeta>
                <wp:meta_key>_lsb_isbn</wp:meta_key>
                <wp:meta_value><![CDATA[lsb_acf_isbn]]></wp:meta_value>
            </wp:postmeta>
            <wp:postmeta>
                <wp:meta_key>lsb_published_year</wp:meta_key>
                <wp:meta_value><![CDATA[2012]]></wp:meta_value>
            </wp:postmeta>
            <wp:postmeta>
                <wp:meta_key>_lsb_published_year</wp:meta_key>
                <wp:meta_value><![CDATA[lsb_acf_published_year]]></wp:meta_value>
            </wp:postmeta>
            <wp:postmeta>
                <wp:meta_key>lsb_pages</wp:meta_key>
                <wp:meta_value><![CDATA[315]]></wp:meta_value>
            </wp:postmeta>
            <wp:postmeta>
                <wp:meta_key>_lsb_pages</wp:meta_key>
                <wp:meta_value><![CDATA[lsb_acf_pages]]></wp:meta_value>
            </wp:postmeta>
            <wp:postmeta>
                <wp:meta_key>lsb_review</wp:meta_key>
                <wp:meta_value><![CDATA[  <div>Mamma er så redd for at spøkelsene </div>  <div>skal komme tilbake og hevne seg på Jens </div>  <div>at hun vil sende ham til Australia. </div>  <div>Men Jens må tilbake til Blekbo </div>  <div>og redde pappa. Problemet er bare </div>  <div>at noen følger etter ham </div>  <div>gjennom den iskalde Frostøyskogen. </div>  <div>Er det virkelig en ulveflokk? </div>  <div>Og hva vil de med Jens? </div>  <div>&#160;</div>  <div style="background-color: rgb(255, 255, 255);">Denne boka har korte setninger og enkelt språk.</div>  <div style="background-color: rgb(255, 255, 255);">Sidene har mye luft. &#160;</div>  <div style="background-color: rgb(255, 255, 255);">&#160;</div>  <div style="background-color: rgb(255, 255, 255);"><strong>Hilde Hagerup</strong>&#160;er forfatter av mange bøker</div>  <div style="background-color: rgb(255, 255, 255);">for barn, ungdom og voksne. Hun har også skrevet</div>  <div style="background-color: rgb(255, 255, 255);"><strong>Jeg elsker deg</strong>, som er støttet av Leser søker bok.&#160;</div>  <div><span style="background-color: rgb(255, 255, 255);">Dette er andre bok i serien om <strong>Spøkelsene på Frostøy</strong>.&#160;</span>&#160;</div>  ]]></wp:meta_value>
            </wp:postmeta>
            <wp:postmeta>
                <wp:meta_key>_lsb_review</wp:meta_key>
                <wp:meta_value><![CDATA[lsb_acf_review]]></wp:meta_value>
            </wp:postmeta>
            <wp:postmeta>
                <wp:meta_key>lsb_quote</wp:meta_key>
                <wp:meta_value/>
            </wp:postmeta>
            <wp:postmeta>
                <wp:meta_key>_lsb_quote</wp:meta_key>
                <wp:meta_value><![CDATA[lsb_acf_quote]]></wp:meta_value>
            </wp:postmeta>
            <wp:postmeta>
                <wp:meta_key>lsb_supported</wp:meta_key>
                <wp:meta_value><![CDATA[0]]></wp:meta_value>
            </wp:postmeta>
            <wp:postmeta>
                <wp:meta_key>_lsb_supported</wp:meta_key>
                <wp:meta_value><![CDATA[lsb_acf_supported]]></wp:meta_value>
            </wp:postmeta>
            <category domain="lsb_tax_author" nicename="hilde-hagerup"><![CDATA[Hilde Hagerup]]></category>
            <category domain="lsb_tax_publisher" nicename="aschehoug"><![CDATA[Aschehoug]]></category>
            <wp:postmeta>
                <wp:meta_key>lsb_look_inside</wp:meta_key>
                <wp:meta_value><![CDATA[CUSTOM_BLA_I_BOKA]]></wp:meta_value>
            </wp:postmeta>
            <wp:postmeta>
                <wp:meta_key>_lsb_look_inside</wp:meta_key>
                <wp:meta_value><![CDATA[lsb_acf_look_inside]]></wp:meta_value>
            </wp:postmeta>
            <category domain="lsb_tax_age" nicename="ungdom"><![CDATA[ungdom]]></category>
            <category domain="lsb_tax_genre" nicename="prosa"><![CDATA[prosa]]></category>
            <category domain="lsb_tax_topic" nicename="krim"><![CDATA[krim]]></category>
            <category domain="lsb_tax_topic" nicename="spenning"><![CDATA[spenning]]></category>
            <category domain="lsb_tax_language" nicename="no_nb"><![CDATA[bokmål]]></category>
            <category domain="lsb_tax_customization" nicename="skjønnlitteratur"><![CDATA[skjønnlitteratur]]></category>
            <wp:postmeta>
                <wp:meta_key>_thumbnail_id</wp:meta_key>
                <wp:meta_value><![CDATA[5637]]></wp:meta_value>
            </wp:postmeta>
        </item>
        <item>
            <title>Frostoy2.jpg</title>
            <wp:post_id>5637</wp:post_id>
            <wp:status>inherit</wp:status>
            <wp:post_type>attachment</wp:post_type>
            <wp:attachment_url>https://raw.githubusercontent.com/lesersokerbok/boksok.no-data-utils/master/output-example/images/48A6047A15954AFEA700EC1A4604F530.jpg</wp:attachment_url>
        </item>
        <item>
            <wp:post_type>lsb_book</wp:post_type>
            <wp:status>publish</wp:status>
            <title>Ein heilt vanlig fyr</title>
            <excerpt:encoded><![CDATA[Ti år inn i ekteskap nummer to, har kvardagen satt seg.  Så ringer Bernt.]]></excerpt:encoded>
            <wp:postmeta>
                <wp:meta_key>lsb_isbn</wp:meta_key>
                <wp:meta_value><![CDATA[9788202416935]]></wp:meta_value>
            </wp:postmeta>
            <wp:postmeta>
                <wp:meta_key>_lsb_isbn</wp:meta_key>
                <wp:meta_value><![CDATA[lsb_acf_isbn]]></wp:meta_value>
            </wp:postmeta>
            <wp:postmeta>
                <wp:meta_key>lsb_published_year</wp:meta_key>
                <wp:meta_value><![CDATA[2013]]></wp:meta_value>
            </wp:postmeta>
            <wp:postmeta>
                <wp:meta_key>_lsb_published_year</wp:meta_key>
                <wp:meta_value><![CDATA[lsb_acf_published_year]]></wp:meta_value>
            </wp:postmeta>
            <wp:postmeta>
                <wp:meta_key>lsb_pages</wp:meta_key>
                <wp:meta_value><![CDATA[77]]></wp:meta_value>
            </wp:postmeta>
            <wp:postmeta>
                <wp:meta_key>_lsb_pages</wp:meta_key>
                <wp:meta_value><![CDATA[lsb_acf_pages]]></wp:meta_value>
            </wp:postmeta>
            <wp:postmeta>
                <wp:meta_key>lsb_review</wp:meta_key>
                <wp:meta_value><![CDATA[  <div>Bernt er ein slags kamerat frå fortida. </div>  <div>Gjensynet tvingar fram spørsmål </div>  <div>rundt vennskap og kvardag, liv og død. </div>  <div>&#160;</div>  <div><strong>Ein heilt vanleg fyr</strong> er ei poetisk og lita bok </div>  <div>som gir rom for store tankar.</div>  <div>&#160;</div>  <div>Rune Belsvik (født i 1956) er forfattar og dramatikar. </div>  <div>Han har skrive ei rekke bøker for barn og vaksne. </div>  <div>Belsvik har fått fleire prisar, både Kulturdepartementets litteraturpris </div>  <div>(for <strong>Dustefjerten</strong>) og Brageprisen (for <strong>Ein naken gut</strong>).</div>  ]]></wp:meta_value>
            </wp:postmeta>
            <wp:postmeta>
                <wp:meta_key>_lsb_review</wp:meta_key>
                <wp:meta_value><![CDATA[lsb_acf_review]]></wp:meta_value>
            </wp:postmeta>
            <wp:postmeta>
                <wp:meta_key>lsb_quote</wp:meta_key>
                <wp:meta_value><![CDATA[For tretten år sidan blei eg skild.  Det hende eg møtte Bernt på pøbben då.  Han var også nett blitt aleine.  Det var mange som var aleine på pøbben.  Vi hamna på nokre håplause nachspiel.  Eg vakna stundom sjuk av angst.  Det var eit mørkt, kaldt hol  i brystet mitt. Eit svart lite beist låg  og pusta der. Ein innelåst skygge. Ein svolt  etter kjærteikn. Ein hunger etter å bli tatt imot  og tålt. Eg kunne gått ut på gata  og gitt ti tusen kroner for ein klem.  Ja, eg tenkte det. Låg samankrøkt   under dyna og lurte på å gå ut og spørja  dei eg møtte. Men det kunne eg jo ikkje.  Tenk om alle sa nei. Eller verre:  Tenk om nokon sa ja.]]></wp:meta_value>
            </wp:postmeta>
            <wp:postmeta>
                <wp:meta_key>_lsb_quote</wp:meta_key>
                <wp:meta_value><![CDATA[lsb_acf_quote]]></wp:meta_value>
            </wp:postmeta>
            <wp:postmeta>
                <wp:meta_key>lsb_supported</wp:meta_key>
                <wp:meta_value><![CDATA[1]]></wp:meta_value>
            </wp:postmeta>
            <wp:postmeta>
                <wp:meta_key>_lsb_supported</wp:meta_key>
                <wp:meta_value><![CDATA[lsb_acf_supported]]></wp:meta_value>
            </wp:postmeta>
            <wp:postmeta>
                <wp:meta_key>lsb_support_cat</wp:meta_key>
                <wp:meta_value><![CDATA[purple]]></wp:meta_value>
            </wp:postmeta>
            <wp:postmeta>
                <wp:meta_key>_lsb_support_cat</wp:meta_key>
                <wp:meta_value><![CDATA[lsb_acf_support_cat]]></wp:meta_value>
            </wp:postmeta>
            <category domain="lsb_tax_author" nicename="rune-belsvik"><![CDATA[Rune Belsvik]]></category>
            <category domain="lsb_tax_publisher" nicename="cappelen-damm"><![CDATA[Cappelen Damm]]></category>
            <wp:postmeta>
                <wp:meta_key>lsb_look_inside</wp:meta_key>
                <wp:meta_value><![CDATA[CUSTOM_BLA_I_BOKA]]></wp:meta_value>
            </wp:postmeta>
            <wp:postmeta>
                <wp:meta_key>_lsb_look_inside</wp:meta_key>
                <wp:meta_value><![CDATA[lsb_acf_look_inside]]></wp:meta_value>
            </wp:postmeta>
            <category domain="lsb_tax_age" nicename="voksne"><![CDATA[voksne]]></category>
            <category domain="lsb_tax_genre" nicename="prosa"><![CDATA[prosa]]></category>
            <category domain="lsb_tax_topic" nicename="mennesker-i-mellom"><![CDATA[mennesker i mellom]]></category>
            <category domain="lsb_tax_customization" nicename="skjønnlitteratur"><![CDATA[skjønnlitteratur]]></category>
            <wp:postmeta>
                <wp:meta_key>_thumbnail_id</wp:meta_key>
                <wp:meta_value><![CDATA[5638]]></wp:meta_value>
            </wp:postmeta>
        </item>
        <item>
            <title>Belsvik_EinHeiltVanligFyr.jpg</title>
            <wp:post_id>5638</wp:post_id>
            <wp:status>inherit</wp:status>
            <wp:post_type>attachment</wp:post_type>
            <wp:attachment_url>https://raw.githubusercontent.com/lesersokerbok/boksok.no-data-utils/master/output-example/images/B114EB3ABC0A431F8F9A38A71744ED61.jpg</wp:attachment_url>
        </item>
        <item>
            <wp:post_type>lsb_book</wp:post_type>
            <wp:status>publish</wp:status>
            <title>Bebe 3 - Den einaste som veit</title>
            <excerpt:encoded><![CDATA[No veit Bebe korfor Sara brått endra seg og blei stille. ]]></excerpt:encoded>
            <wp:postmeta>
                <wp:meta_key>lsb_isbn</wp:meta_key>
                <wp:meta_value><![CDATA[9788282380614]]></wp:meta_value>
            </wp:postmeta>
            <wp:postmeta>
                <wp:meta_key>_lsb_isbn</wp:meta_key>
                <wp:meta_value><![CDATA[lsb_acf_isbn]]></wp:meta_value>
            </wp:postmeta>
            <wp:postmeta>
                <wp:meta_key>lsb_published_year</wp:meta_key>
                <wp:meta_value><![CDATA[2013]]></wp:meta_value>
            </wp:postmeta>
            <wp:postmeta>
                <wp:meta_key>_lsb_published_year</wp:meta_key>
                <wp:meta_value><![CDATA[lsb_acf_published_year]]></wp:meta_value>
            </wp:postmeta>
            <wp:postmeta>
                <wp:meta_key>lsb_pages</wp:meta_key>
                <wp:meta_value><![CDATA[56]]></wp:meta_value>
            </wp:postmeta>
            <wp:postmeta>
                <wp:meta_key>_lsb_pages</wp:meta_key>
                <wp:meta_value><![CDATA[lsb_acf_pages]]></wp:meta_value>
            </wp:postmeta>
            <wp:postmeta>
                <wp:meta_key>lsb_review</wp:meta_key>
                <wp:meta_value><![CDATA[  <div>Bebe er den einaste som veit om det fryktelege. </div>  <div>Samstundes som venninna lid, </div>  <div>hender gode ting i livet til Bebe. </div>  <div>Korleis skal ein balansere sorg og glede?</div>  <div>&#160;</div>  <div>Den tredje boka om Bebe er spennande, lita og luftig.</div>  <div>&#160;</div>  <div>Bente Bratlund (født i 1952) er forfattar </div>  <div>og har gitt ut ei rekke bøker for barn, ungdom og vaksne.</div>  ]]></wp:meta_value>
            </wp:postmeta>
            <wp:postmeta>
                <wp:meta_key>_lsb_review</wp:meta_key>
                <wp:meta_value><![CDATA[lsb_acf_review]]></wp:meta_value>
            </wp:postmeta>
            <wp:postmeta>
                <wp:meta_key>lsb_quote</wp:meta_key>
                <wp:meta_value><![CDATA[Du må snakke med mor di, seier eg.  Stemma mi skjelv.   - Du er berre nøydd til å snakka med henne no.  Sara snur seg mot meg.   - Eg kan ikkje.  - Du må!  Eg held blikket hennar.  - Eg meiner det, Sara.  Eg er streng i stemma. Det er alvor. Verkeleg alvor.  - Og du må berre ta den testen.  Sara skjelv om munnen.  - Gi meg nokre dagar til, Bebe. Ver så snill.  Ho legg hovudet mot knea. Gøymer andletet sitt.]]></wp:meta_value>
            </wp:postmeta>
            <wp:postmeta>
                <wp:meta_key>_lsb_quote</wp:meta_key>
                <wp:meta_value><![CDATA[lsb_acf_quote]]></wp:meta_value>
            </wp:postmeta>
            <wp:postmeta>
                <wp:meta_key>lsb_supported</wp:meta_key>
                <wp:meta_value><![CDATA[1]]></wp:meta_value>
            </wp:postmeta>
            <wp:postmeta>
                <wp:meta_key>_lsb_supported</wp:meta_key>
                <wp:meta_value><![CDATA[lsb_acf_supported]]></wp:meta_value>
            </wp:postmeta>
            <wp:postmeta>
                <wp:meta_key>lsb_support_cat</wp:meta_key>
                <wp:meta_value><![CDATA[purple]]></wp:meta_value>
            </wp:postmeta>
            <wp:postmeta>
                <wp:meta_key>_lsb_support_cat</wp:meta_key>
                <wp:meta_value><![CDATA[lsb_acf_support_cat]]></wp:meta_value>
            </wp:postmeta>
            <category domain="lsb_tax_author" nicename="bente-bratlund"><![CDATA[Bente Bratlund]]></category>
            <category domain="lsb_tax_publisher" nicename="mangschou"><![CDATA[Mangschou]]></category>
            <wp:postmeta>
                <wp:meta_key>lsb_look_inside</wp:meta_key>
                <wp:meta_value><![CDATA[CUSTOM_BLA_I_BOKA]]></wp:meta_value>
            </wp:postmeta>
            <wp:postmeta>
                <wp:meta_key>_lsb_look_inside</wp:meta_key>
                <wp:meta_value><![CDATA[lsb_acf_look_inside]]></wp:meta_value>
            </wp:postmeta>
            <category domain="lsb_tax_age" nicename="ungdom"><![CDATA[ungdom]]></category>
            <category domain="lsb_tax_genre" nicename="prosa"><![CDATA[prosa]]></category>
            <category domain="lsb_tax_topic" nicename="kjærlighet"><![CDATA[kjærlighet]]></category>
            <category domain="lsb_tax_topic" nicename="mennesker-i-mellom"><![CDATA[mennesker i mellom]]></category>
            <category domain="lsb_tax_customization" nicename="skjønnlitteratur"><![CDATA[skjønnlitteratur]]></category>
            <wp:postmeta>
                <wp:meta_key>_thumbnail_id</wp:meta_key>
                <wp:meta_value><![CDATA[5639]]></wp:meta_value>
            </wp:postmeta>
        </item>
        <item>
            <title>bebe3.jpg</title>
            <wp:post_id>5639</wp:post_id>
            <wp:status>inherit</wp:status>
            <wp:post_type>attachment</wp:post_type>
            <wp:attachment_url>https://raw.githubusercontent.com/lesersokerbok/boksok.no-data-utils/master/output-example/images/8DF1026F555947FD810C62FBD1B70E56.jpg</wp:attachment_url>
        </item>
        <item>
            <wp:post_type>lsb_book</wp:post_type>
            <wp:status>publish</wp:status>
            <title>Du biter ikke </title>
            <excerpt:encoded><![CDATA[Denne boka kan du både   lytte til og lese selv. ]]></excerpt:encoded>
            <wp:postmeta>
                <wp:meta_key>lsb_isbn</wp:meta_key>
                <wp:meta_value><![CDATA[9788242156068]]></wp:meta_value>
            </wp:postmeta>
            <wp:postmeta>
                <wp:meta_key>_lsb_isbn</wp:meta_key>
                <wp:meta_value><![CDATA[lsb_acf_isbn]]></wp:meta_value>
            </wp:postmeta>
            <wp:postmeta>
                <wp:meta_key>lsb_published_year</wp:meta_key>
                <wp:meta_value><![CDATA[2013]]></wp:meta_value>
            </wp:postmeta>
            <wp:postmeta>
                <wp:meta_key>_lsb_published_year</wp:meta_key>
                <wp:meta_value><![CDATA[lsb_acf_published_year]]></wp:meta_value>
            </wp:postmeta>
            <wp:postmeta>
                <wp:meta_key>lsb_pages</wp:meta_key>
                <wp:meta_value><![CDATA[47]]></wp:meta_value>
            </wp:postmeta>
            <wp:postmeta>
                <wp:meta_key>_lsb_pages</wp:meta_key>
                <wp:meta_value><![CDATA[lsb_acf_pages]]></wp:meta_value>
            </wp:postmeta>
            <wp:postmeta>
                <wp:meta_key>lsb_review</wp:meta_key>
                <wp:meta_value><![CDATA[  <div>Magnus gleder seg til </div>  <div>at moren hans skal få seg hund. </div>  <div>Hunden skal hete Labben. </div>  <div>Magnus synes det er vanskelig </div>  <div>å konsentrere seg om jobben </div>  <div>når han tenker på hvor hyggelig </div>  <div>han og Labben skal få det. </div>  <div>Jobben til Magnus er å rydde bort </div>  <div>søppel i parken. </div>  <div>I parken er det mange hunder. </div>  <div>Noen er lydige. Men noen hunder biter. <br />  Tenk om Labben biter? </div>  <div>&#160;</div>  <div><strong>Du biter ikke</strong> skrevet med </div>  <div>enkel tekst og enkelt innhold.</div>  <div>Boka handler om å glede seg til noe </div>  <div>og å grue seg til noe. </div>  <div>Med boka følger en CD. </div>  <div><strong>Espen Klouman Høiner</strong> </div>  <div>leser boka i moderat lesefart.  </div>  ]]></wp:meta_value>
            </wp:postmeta>
            <wp:postmeta>
                <wp:meta_key>_lsb_review</wp:meta_key>
                <wp:meta_value><![CDATA[lsb_acf_review]]></wp:meta_value>
            </wp:postmeta>
            <wp:postmeta>
                <wp:meta_key>lsb_quote</wp:meta_key>
                <wp:meta_value><![CDATA[- I dag skal mamma få en hund, sier jeg   og kjenner at det kribler i magen min.   - Æsj, sier Jonas.   Han tygger med åpen munn.   Det er litt ekkelt å se på.     - Det blir fint med hund, sier jeg. - Jeg gleder meg.   - Jeg liker ikke hunder, sier Jonas]]></wp:meta_value>
            </wp:postmeta>
            <wp:postmeta>
                <wp:meta_key>_lsb_quote</wp:meta_key>
                <wp:meta_value><![CDATA[lsb_acf_quote]]></wp:meta_value>
            </wp:postmeta>
            <wp:postmeta>
                <wp:meta_key>lsb_supported</wp:meta_key>
                <wp:meta_value><![CDATA[1]]></wp:meta_value>
            </wp:postmeta>
            <wp:postmeta>
                <wp:meta_key>_lsb_supported</wp:meta_key>
                <wp:meta_value><![CDATA[lsb_acf_supported]]></wp:meta_value>
            </wp:postmeta>
            <wp:postmeta>
                <wp:meta_key>lsb_support_cat</wp:meta_key>
                <wp:meta_value><![CDATA[green]]></wp:meta_value>
            </wp:postmeta>
            <wp:postmeta>
                <wp:meta_key>_lsb_support_cat</wp:meta_key>
                <wp:meta_value><![CDATA[lsb_acf_support_cat]]></wp:meta_value>
            </wp:postmeta>
            <category domain="lsb_tax_author" nicename="hilde-hagerup-"><![CDATA[Hilde Hagerup ]]></category>
            <category domain="lsb_tax_publisher" nicename="lydbokforlaget"><![CDATA[Lydbokforlaget]]></category>
            <wp:postmeta>
                <wp:meta_key>lsb_look_inside</wp:meta_key>
                <wp:meta_value><![CDATA[CUSTOM_BLA_I_BOKA]]></wp:meta_value>
            </wp:postmeta>
            <wp:postmeta>
                <wp:meta_key>_lsb_look_inside</wp:meta_key>
                <wp:meta_value><![CDATA[lsb_acf_look_inside]]></wp:meta_value>
            </wp:postmeta>
            <category domain="lsb_tax_age" nicename="ungdom"><![CDATA[ungdom]]></category>
            <category domain="lsb_tax_age" nicename="voksne"><![CDATA[voksne]]></category>
            <category domain="lsb_tax_genre" nicename="prosa"><![CDATA[prosa]]></category>
            <category domain="lsb_tax_language" nicename="no_nb"><![CDATA[bokmål]]></category>
            <category domain="lsb_tax_customization" nicename="utviklingshemmede"><![CDATA[utviklingshemmede]]></category>
            <category domain="lsb_tax_customization" nicename="lydbok"><![CDATA[lydbok]]></category>
            <wp:postmeta>
                <wp:meta_key>_thumbnail_id</wp:meta_key>
                <wp:meta_value><![CDATA[5640]]></wp:meta_value>
            </wp:postmeta>
        </item>
        <item>
            <title>Du biter ikke.jpg</title>
            <wp:post_id>5640</wp:post_id>
            <wp:status>inherit</wp:status>
            <wp:post_type>attachment</wp:post_type>
            <wp:attachment_url>https://raw.githubusercontent.com/lesersokerbok/boksok.no-data-utils/master/output-example/images/CB4415E0A5FA4AE4A5F9654D36400E51.jpg</wp:attachment_url>
        </item>
        <item>
            <wp:post_type>lsb_book</wp:post_type>
            <wp:status>publish</wp:status>
            <title>Anna og Solmann</title>
            <excerpt:encoded><![CDATA[Ei bok om livslang forelsking.]]></excerpt:encoded>
            <wp:postmeta>
                <wp:meta_key>lsb_isbn</wp:meta_key>
                <wp:meta_value><![CDATA[9788279591825]]></wp:meta_value>
            </wp:postmeta>
            <wp:postmeta>
                <wp:meta_key>_lsb_isbn</wp:meta_key>
                <wp:meta_value><![CDATA[lsb_acf_isbn]]></wp:meta_value>
            </wp:postmeta>
            <wp:postmeta>
                <wp:meta_key>lsb_published_year</wp:meta_key>
                <wp:meta_value><![CDATA[2013]]></wp:meta_value>
            </wp:postmeta>
            <wp:postmeta>
                <wp:meta_key>_lsb_published_year</wp:meta_key>
                <wp:meta_value><![CDATA[lsb_acf_published_year]]></wp:meta_value>
            </wp:postmeta>
            <wp:postmeta>
                <wp:meta_key>lsb_pages</wp:meta_key>
                <wp:meta_value><![CDATA[88]]></wp:meta_value>
            </wp:postmeta>
            <wp:postmeta>
                <wp:meta_key>_lsb_pages</wp:meta_key>
                <wp:meta_value><![CDATA[lsb_acf_pages]]></wp:meta_value>
            </wp:postmeta>
            <wp:postmeta>
                <wp:meta_key>lsb_review</wp:meta_key>
                <wp:meta_value><![CDATA[  <div>  <div class="ingress">  Solmann og Anna Einebærholm bur i Gulen </div>  <div class="ingress">i Sogn og Fjordane. </div>  <div class="ingress">Dei har kjent kvarandre sidan dei var skolebarn.</div>  <div class="ingress">No er begge  81 år. <br />  </div>  <div class="ingress">For seks år sidan  fekk Anna eit slag. </div>  <div class="ingress">Ho mista mykje av språket og måtte flytte </div>  <div class="ingress">frå huset dei har budd i sia 1962. </div></div>  <div>Først blei Anna liggjande på sjukehus i Førde.</div>  <div> Då Anna kom tilbake til heimbygda måtte  ho bu på institusjon.</div>  <div>I ord og bilde har Osland og Apneseth dokumentert </div>  <div>Anna og Solmanns  strev for å få vere saman.</div>  <div>Boka fortel om  det vedunderlege dei får til i lag </div>  <div>og kva som er viktig for dei og oss  alle. </div>  <div><br />  Språket i boka er tilrettelagt for personar med lesevansker.</div>  <div>Boka er spesielt tiltenkt dei som har hatt slag </div>  <div>og har nedsett lese- og  talefunksjon.&#160; <br />  </div>  <div>&#160;</div>  <div>Erna Osland (f. 1951) er opprinneleg frå Høyanger. </div>  <div>Ho bur no i  Masfjorden. </div>  <div>I 1987 debuterte Osland som forfattar.</div>  <div>Sidan det  har ho skrive ei rekkje bøker </div>  <div>for barn, ungdom og vaksne.  </div>  <div>&#160;</div>  <div>Oddleiv Apneseth (f. 1955) er ein røynd fotograf. </div>  <div>Han har vunne ein rekke prisar for sine bilete. </div>  <div>I 1997 fekk han 2. premie i World  Press Photo, klasse "Art". </div>  <div>I tillegg har han vunne prisen for Årets  bilde i Norge 1994 </div>  <div>samt diverse andre norske presseprisar. </div>  ]]></wp:meta_value>
            </wp:postmeta>
            <wp:postmeta>
                <wp:meta_key>_lsb_review</wp:meta_key>
                <wp:meta_value><![CDATA[lsb_acf_review]]></wp:meta_value>
            </wp:postmeta>
            <wp:postmeta>
                <wp:meta_key>lsb_quote</wp:meta_key>
                <wp:meta_value><![CDATA[Det er berre ein Solmann.  Det er berre ein Solmann i heile landet.  Berre ein i heile verda.  Ein einaste ein som nokon gong har fått namnet Solmann.    Og han er Anna sin.    Mannen til Anna.  Sola til Anna.  Solmann.]]></wp:meta_value>
            </wp:postmeta>
            <wp:postmeta>
                <wp:meta_key>_lsb_quote</wp:meta_key>
                <wp:meta_value><![CDATA[lsb_acf_quote]]></wp:meta_value>
            </wp:postmeta>
            <wp:postmeta>
                <wp:meta_key>lsb_supported</wp:meta_key>
                <wp:meta_value><![CDATA[1]]></wp:meta_value>
            </wp:postmeta>
            <wp:postmeta>
                <wp:meta_key>_lsb_supported</wp:meta_key>
                <wp:meta_value><![CDATA[lsb_acf_supported]]></wp:meta_value>
            </wp:postmeta>
            <wp:postmeta>
                <wp:meta_key>lsb_support_cat</wp:meta_key>
                <wp:meta_value><![CDATA[green]]></wp:meta_value>
            </wp:postmeta>
            <wp:postmeta>
                <wp:meta_key>_lsb_support_cat</wp:meta_key>
                <wp:meta_value><![CDATA[lsb_acf_support_cat]]></wp:meta_value>
            </wp:postmeta>
            <category domain="lsb_tax_author" nicename="erna-osland"><![CDATA[Erna Osland]]></category>
            <category domain="lsb_tax_publisher" nicename="skald"><![CDATA[Skald]]></category>
            <category domain="lsb_tax_illustrator" nicename="oddleiv-apneseth-(foto)"><![CDATA[Oddleiv Apneseth (foto)]]></category>
            <wp:postmeta>
                <wp:meta_key>lsb_look_inside</wp:meta_key>
                <wp:meta_value><![CDATA[CUSTOM_BLA_I_BOKA]]></wp:meta_value>
            </wp:postmeta>
            <wp:postmeta>
                <wp:meta_key>_lsb_look_inside</wp:meta_key>
                <wp:meta_value><![CDATA[lsb_acf_look_inside]]></wp:meta_value>
            </wp:postmeta>
            <category domain="lsb_tax_age" nicename="voksne"><![CDATA[voksne]]></category>
            <category domain="lsb_tax_topic" nicename="mennesker-i-mellom"><![CDATA[mennesker i mellom]]></category>
            <category domain="lsb_tax_topic" nicename="kjærlighet"><![CDATA[kjærlighet]]></category>
            <category domain="lsb_tax_topic" nicename="historie"><![CDATA[historie]]></category>
            <category domain="lsb_tax_topic" nicename="samfunn"><![CDATA[samfunn]]></category>
            <category domain="lsb_tax_language" nicename="no_nn"><![CDATA[nynorsk]]></category>
            <category domain="lsb_tax_customization" nicename="faglitteratur"><![CDATA[faglitteratur]]></category>
            <category domain="lsb_tax_customization" nicename="demente"><![CDATA[demente]]></category>
            <category domain="lsb_tax_customization" nicename="mange-bilder"><![CDATA[mange bilder]]></category>
            <wp:postmeta>
                <wp:meta_key>_thumbnail_id</wp:meta_key>
                <wp:meta_value><![CDATA[5641]]></wp:meta_value>
            </wp:postmeta>
        </item>
        <item>
            <title>Anna og Solmann.jpg</title>
            <wp:post_id>5641</wp:post_id>
            <wp:status>inherit</wp:status>
            <wp:post_type>attachment</wp:post_type>
            <wp:attachment_url>https://raw.githubusercontent.com/lesersokerbok/boksok.no-data-utils/master/output-example/images/0E25E803AF1D48BDB6DF3408EF408D97.jpg</wp:attachment_url>
        </item>
        <item>
            <wp:post_type>lsb_book</wp:post_type>
            <wp:status>publish</wp:status>
            <title>Blade 1: Spille død</title>
            <excerpt:encoded><![CDATA[Blade har laget sitt eget system for å overleve.]]></excerpt:encoded>
            <wp:postmeta>
                <wp:meta_key>lsb_isbn</wp:meta_key>
                <wp:meta_value><![CDATA[9788205416239]]></wp:meta_value>
            </wp:postmeta>
            <wp:postmeta>
                <wp:meta_key>_lsb_isbn</wp:meta_key>
                <wp:meta_value><![CDATA[lsb_acf_isbn]]></wp:meta_value>
            </wp:postmeta>
            <wp:postmeta>
                <wp:meta_key>lsb_published_year</wp:meta_key>
                <wp:meta_value><![CDATA[2011]]></wp:meta_value>
            </wp:postmeta>
            <wp:postmeta>
                <wp:meta_key>_lsb_published_year</wp:meta_key>
                <wp:meta_value><![CDATA[lsb_acf_published_year]]></wp:meta_value>
            </wp:postmeta>
            <wp:postmeta>
                <wp:meta_key>lsb_pages</wp:meta_key>
                <wp:meta_value><![CDATA[152]]></wp:meta_value>
            </wp:postmeta>
            <wp:postmeta>
                <wp:meta_key>_lsb_pages</wp:meta_key>
                <wp:meta_value><![CDATA[lsb_acf_pages]]></wp:meta_value>
            </wp:postmeta>
            <wp:postmeta>
                <wp:meta_key>lsb_review</wp:meta_key>
                <wp:meta_value><![CDATA[  <div>Han er en smart gutt som lever et hardt liv.</div>  <div>Ingen venter hjemme med middag - han har ikke noe hjem.</div>  <div>Likevel klarer han alltid å finne en seng å sove i.</div>  <div>Men Blade må være forsiktig.</div>  <div>Han har fiender, og de mener alvor.</div>  <div>&#160;</div>  <div><strong>Blade1:&#160;Spille død</strong> er første bok </div>  <div>i en serie på åtte bøker. Korte setninger </div>  <div>og mye dialog gjør boka lettlest. </div>  <div>Men det er handlingen </div>  <div>som gjør&#160;den umulig å legge fra seg.</div>  <div>&#160;</div>  <div>Tim Bowler er en av Englands mest anerkjente </div>  <div>forfattere for ungdom. Han har&#160;vunnet mange priser </div>  <div>for bøkene sine.</div>  ]]></wp:meta_value>
            </wp:postmeta>
            <wp:postmeta>
                <wp:meta_key>_lsb_review</wp:meta_key>
                <wp:meta_value><![CDATA[lsb_acf_review]]></wp:meta_value>
            </wp:postmeta>
            <wp:postmeta>
                <wp:meta_key>lsb_quote</wp:meta_key>
                <wp:meta_value><![CDATA[Stillhet.  Jeg kan ikke høre han, men jeg kan merke han.  Han står nederst i trappa og kikker over kanten.  Jeg bare veit at han gjør det. Han står der og kik-  ker for å se om det er noe tegn til at jeg er der. Om  noen sekunderer han helt oppe på loftet, og så fort  han ser at det ikke er noe vindu der, kommer han  til å tenne lyset eller slå på lommelykta.      Og da er jeg ferdig.]]></wp:meta_value>
            </wp:postmeta>
            <wp:postmeta>
                <wp:meta_key>_lsb_quote</wp:meta_key>
                <wp:meta_value><![CDATA[lsb_acf_quote]]></wp:meta_value>
            </wp:postmeta>
            <wp:postmeta>
                <wp:meta_key>lsb_supported</wp:meta_key>
                <wp:meta_value><![CDATA[0]]></wp:meta_value>
            </wp:postmeta>
            <wp:postmeta>
                <wp:meta_key>_lsb_supported</wp:meta_key>
                <wp:meta_value><![CDATA[lsb_acf_supported]]></wp:meta_value>
            </wp:postmeta>
            <category domain="lsb_tax_author" nicename="tim-bowler"><![CDATA[Tim Bowler]]></category>
            <category domain="lsb_tax_publisher" nicename="gyldendal"><![CDATA[Gyldendal]]></category>
            <category domain="lsb_tax_translator" nicename="jørn-roeim"><![CDATA[Jørn Roeim]]></category>
            <wp:postmeta>
                <wp:meta_key>lsb_look_inside</wp:meta_key>
                <wp:meta_value><![CDATA[CUSTOM_BLA_I_BOKA]]></wp:meta_value>
            </wp:postmeta>
            <wp:postmeta>
                <wp:meta_key>_lsb_look_inside</wp:meta_key>
                <wp:meta_value><![CDATA[lsb_acf_look_inside]]></wp:meta_value>
            </wp:postmeta>
            <category domain="lsb_tax_age" nicename="ungdom"><![CDATA[ungdom]]></category>
            <category domain="lsb_tax_genre" nicename="prosa"><![CDATA[prosa]]></category>
            <category domain="lsb_tax_topic" nicename="krim"><![CDATA[krim]]></category>
            <category domain="lsb_tax_topic" nicename="spenning"><![CDATA[spenning]]></category>
            <category domain="lsb_tax_language" nicename="no_nb"><![CDATA[bokmål]]></category>
            <category domain="lsb_tax_customization" nicename="skjønnlitteratur"><![CDATA[skjønnlitteratur]]></category>
            <wp:postmeta>
                <wp:meta_key>_thumbnail_id</wp:meta_key>
                <wp:meta_value><![CDATA[5642]]></wp:meta_value>
            </wp:postmeta>
        </item>
        <item>
            <title>Blade-I-Spille-doed_hd_image.jpg</title>
            <wp:post_id>5642</wp:post_id>
            <wp:status>inherit</wp:status>
            <wp:post_type>attachment</wp:post_type>
            <wp:attachment_url>https://raw.githubusercontent.com/lesersokerbok/boksok.no-data-utils/master/output-example/images/A110DF8BD8CA42EFAC65ED343E3F3F75.jpg</wp:attachment_url>
        </item>
        <item>
            <wp:post_type>lsb_book</wp:post_type>
            <wp:status>publish</wp:status>
            <title>I stormens øye </title>
            <excerpt:encoded><![CDATA[Sherko Bekas var en   kjent kurdisk dikter.   For første gang kommer   en samling av diktene hans   på både norsk og kurdisk. ]]></excerpt:encoded>
            <wp:postmeta>
                <wp:meta_key>lsb_isbn</wp:meta_key>
                <wp:meta_value><![CDATA[9788282650854]]></wp:meta_value>
            </wp:postmeta>
            <wp:postmeta>
                <wp:meta_key>_lsb_isbn</wp:meta_key>
                <wp:meta_value><![CDATA[lsb_acf_isbn]]></wp:meta_value>
            </wp:postmeta>
            <wp:postmeta>
                <wp:meta_key>lsb_published_year</wp:meta_key>
                <wp:meta_value><![CDATA[2013]]></wp:meta_value>
            </wp:postmeta>
            <wp:postmeta>
                <wp:meta_key>_lsb_published_year</wp:meta_key>
                <wp:meta_value><![CDATA[lsb_acf_published_year]]></wp:meta_value>
            </wp:postmeta>
            <wp:postmeta>
                <wp:meta_key>lsb_pages</wp:meta_key>
                <wp:meta_value><![CDATA[111]]></wp:meta_value>
            </wp:postmeta>
            <wp:postmeta>
                <wp:meta_key>_lsb_pages</wp:meta_key>
                <wp:meta_value><![CDATA[lsb_acf_pages]]></wp:meta_value>
            </wp:postmeta>
            <wp:postmeta>
                <wp:meta_key>lsb_review</wp:meta_key>
                <wp:meta_value><![CDATA[  <div><strong>Sherko Bekas</strong> gikk </div>  <div>dessverre bort i august 2013. </div>  <div>Hans&#160;dikt har betydd mye &#160;</div>  <div>for kurdisk diktning. </div>  <div>Diktene hans forsvarer </div>  <div>frihet, menneskerettigheter </div>  <div>og kvinnens rettigheter. </div>  <div>&#160;</div>  <div>Diktene i denne samlingen </div>  <div>er lette å lese. </div>  <div>Det er sterke dikt </div>  <div>som får leseren til å tenke. </div>  <div>&#160;</div>  <div>Diktene i samlingen </div>  <div>kommer både på norsk og kurdisk </div>  <div>side ved side. </div>  <div>Boka er vakkert illustrert av </div>  <div>den kurdiske&#160;illustratøren <strong>Negin Vakily</strong>. </div>  <div>Diktene er gjediktet til norsk av </div>  <div><strong>Essmat Sophie</strong> og <strong>May S. Haraldsen</strong>. </div>  <div>&#160;</div>  <div><strong>Haci Akman</strong> har skrevet </div>  <div>et forord til boka. &#160;</div>  <div><strong>Trude Falch</strong> har skrevet </div>  <div>et fyldig og opplysende </div>  <div>etterord om kurdernes historie, </div>  <div>musikk, litteratur, språk og&#160;situasjon. </div>  <div>&#160;</div>  <div>Boka lanseres i løpet av høsten 2013.</div>  <div>&#160;</div>  <div>&#160;</div>  ]]></wp:meta_value>
            </wp:postmeta>
            <wp:postmeta>
                <wp:meta_key>_lsb_review</wp:meta_key>
                <wp:meta_value><![CDATA[lsb_acf_review]]></wp:meta_value>
            </wp:postmeta>
            <wp:postmeta>
                <wp:meta_key>lsb_quote</wp:meta_key>
                <wp:meta_value><![CDATA[Hvis     Tar de blomstene   fra diktene mine,  dør en årstid.     Tar de min elskede   fra diktene mine,   dør to årstider.     Tar de brødet   fra diktene mine,   dør tre årstider.     Tar de friheten   fra diktene mine,   dør hele året  og jeg og. ]]></wp:meta_value>
            </wp:postmeta>
            <wp:postmeta>
                <wp:meta_key>_lsb_quote</wp:meta_key>
                <wp:meta_value><![CDATA[lsb_acf_quote]]></wp:meta_value>
            </wp:postmeta>
            <wp:postmeta>
                <wp:meta_key>lsb_supported</wp:meta_key>
                <wp:meta_value><![CDATA[1]]></wp:meta_value>
            </wp:postmeta>
            <wp:postmeta>
                <wp:meta_key>_lsb_supported</wp:meta_key>
                <wp:meta_value><![CDATA[lsb_acf_supported]]></wp:meta_value>
            </wp:postmeta>
            <wp:postmeta>
                <wp:meta_key>lsb_support_cat</wp:meta_key>
                <wp:meta_value><![CDATA[purple]]></wp:meta_value>
            </wp:postmeta>
            <wp:postmeta>
                <wp:meta_key>_lsb_support_cat</wp:meta_key>
                <wp:meta_value><![CDATA[lsb_acf_support_cat]]></wp:meta_value>
            </wp:postmeta>
            <category domain="lsb_tax_author" nicename="sherko-bekas"><![CDATA[Sherko Bekas]]></category>
            <category domain="lsb_tax_publisher" nicename="dreyer"><![CDATA[Dreyer]]></category>
            <category domain="lsb_tax_illustrator" nicename="negin-vakily"><![CDATA[Negin Vakily]]></category>
            <category domain="lsb_tax_translator" nicename="essmat-sophie-og-may-s.-haraldsen"><![CDATA[Essmat Sophie og May S. Haraldsen]]></category>
            <wp:postmeta>
                <wp:meta_key>lsb_look_inside</wp:meta_key>
                <wp:meta_value><![CDATA[CUSTOM_BLA_I_BOKA]]></wp:meta_value>
            </wp:postmeta>
            <wp:postmeta>
                <wp:meta_key>_lsb_look_inside</wp:meta_key>
                <wp:meta_value><![CDATA[lsb_acf_look_inside]]></wp:meta_value>
            </wp:postmeta>
            <category domain="lsb_tax_age" nicename="voksne"><![CDATA[voksne]]></category>
            <category domain="lsb_tax_genre" nicename="dikt"><![CDATA[dikt]]></category>
            <category domain="lsb_tax_topic" nicename="historie"><![CDATA[historie]]></category>
            <category domain="lsb_tax_topic" nicename="samfunn"><![CDATA[samfunn]]></category>
            <category domain="lsb_tax_language" nicename="no_nb"><![CDATA[bokmål]]></category>
            <category domain="lsb_tax_customization" nicename="skjønnlitteratur"><![CDATA[skjønnlitteratur]]></category>
            <category domain="lsb_tax_customization" nicename="mange-bilder"><![CDATA[mange bilder]]></category>
            <wp:postmeta>
                <wp:meta_key>_thumbnail_id</wp:meta_key>
                <wp:meta_value><![CDATA[5643]]></wp:meta_value>
            </wp:postmeta>
        </item>
        <item>
            <title>I stormens øye.jpg</title>
            <wp:post_id>5643</wp:post_id>
            <wp:status>inherit</wp:status>
            <wp:post_type>attachment</wp:post_type>
            <wp:attachment_url>https://raw.githubusercontent.com/lesersokerbok/boksok.no-data-utils/master/output-example/images/746FA18144D64900BAF6ED0B8F129D5F.jpg</wp:attachment_url>
        </item>
        <item>
            <wp:post_type>lsb_book</wp:post_type>
            <wp:status>publish</wp:status>
            <title>Flukt</title>
            <excerpt:encoded><![CDATA[Rett under fjellet ligg det eit tomt hus,   som plutseleg ikkje er tomt meir.]]></excerpt:encoded>
            <wp:postmeta>
                <wp:meta_key>lsb_isbn</wp:meta_key>
                <wp:meta_value><![CDATA[9788252182545]]></wp:meta_value>
            </wp:postmeta>
            <wp:postmeta>
                <wp:meta_key>_lsb_isbn</wp:meta_key>
                <wp:meta_value><![CDATA[lsb_acf_isbn]]></wp:meta_value>
            </wp:postmeta>
            <wp:postmeta>
                <wp:meta_key>lsb_published_year</wp:meta_key>
                <wp:meta_value><![CDATA[2013]]></wp:meta_value>
            </wp:postmeta>
            <wp:postmeta>
                <wp:meta_key>_lsb_published_year</wp:meta_key>
                <wp:meta_value><![CDATA[lsb_acf_published_year]]></wp:meta_value>
            </wp:postmeta>
            <wp:postmeta>
                <wp:meta_key>lsb_pages</wp:meta_key>
                <wp:meta_value><![CDATA[96]]></wp:meta_value>
            </wp:postmeta>
            <wp:postmeta>
                <wp:meta_key>_lsb_pages</wp:meta_key>
                <wp:meta_value><![CDATA[lsb_acf_pages]]></wp:meta_value>
            </wp:postmeta>
            <wp:postmeta>
                <wp:meta_key>lsb_review</wp:meta_key>
                <wp:meta_value><![CDATA[  <div>Nokon har flytta inn, men vil ikkje bli sett. </div>  <div>Er det den farlege fangen som er på flukt, </div>  <div> eller kanskje dei rømte  asylbarna?</div>  <div>To nysgjerrige ungar undersøker på eiga hand.</div>  <div>&#160;</div>  <div>Og kva gjer ein når ein oppdagar noko som er hemmeleg? <br />  </div>  <div>&#160;</div>  <div><strong>Flukt</strong> er ei bok med korte linjer</div>  <div>og direkte språk. </div>  <div>Boka har eit fint driv og er lett å lese.<br />  Det er ei spennande bok om å gjere noko som er skummelt</div>  <div>og kan henda ulovleg. <br />  </div>  <div><br />  </div>  <div class="lastbooktitle">  <div><strong>Atle Hansen</strong><span style="font-weight: normal;"> (f. 1954) er  forfattar, musikar og journalist. </span></div>  <div><span style="font-weight: normal;">Han har skrive bøker for både barn og  vaksne. </span></div>  <div><span style="font-weight: normal;">Han har gitt ut fleire plater og fått Vinjeprisen for nynorsk  journalistikk.</span> </div>  <h2></h2></div>  ]]></wp:meta_value>
            </wp:postmeta>
            <wp:postmeta>
                <wp:meta_key>_lsb_review</wp:meta_key>
                <wp:meta_value><![CDATA[lsb_acf_review]]></wp:meta_value>
            </wp:postmeta>
            <wp:postmeta>
                <wp:meta_key>lsb_quote</wp:meta_key>
                <wp:meta_value><![CDATA[Motvillig går eg med på å gjera som Karl seier.  Eg smyg med i mørkret langs berget  bort til huset  og stiller meg bak hjørnet.  Hjarta mitt hamrar i veg,  og pusten går som om eg har sprunge  i motbakke.  Eg har ikkje stått der lenge  før eg høyrer Karl sine bestemte steg mot huset.  ]]></wp:meta_value>
            </wp:postmeta>
            <wp:postmeta>
                <wp:meta_key>_lsb_quote</wp:meta_key>
                <wp:meta_value><![CDATA[lsb_acf_quote]]></wp:meta_value>
            </wp:postmeta>
            <wp:postmeta>
                <wp:meta_key>lsb_supported</wp:meta_key>
                <wp:meta_value><![CDATA[1]]></wp:meta_value>
            </wp:postmeta>
            <wp:postmeta>
                <wp:meta_key>_lsb_supported</wp:meta_key>
                <wp:meta_value><![CDATA[lsb_acf_supported]]></wp:meta_value>
            </wp:postmeta>
            <wp:postmeta>
                <wp:meta_key>lsb_support_cat</wp:meta_key>
                <wp:meta_value><![CDATA[purple]]></wp:meta_value>
            </wp:postmeta>
            <wp:postmeta>
                <wp:meta_key>_lsb_support_cat</wp:meta_key>
                <wp:meta_value><![CDATA[lsb_acf_support_cat]]></wp:meta_value>
            </wp:postmeta>
            <category domain="lsb_tax_author" nicename="atle-hansen"><![CDATA[Atle Hansen]]></category>
            <category domain="lsb_tax_publisher" nicename="samlaget"><![CDATA[Samlaget]]></category>
            <wp:postmeta>
                <wp:meta_key>lsb_look_inside</wp:meta_key>
                <wp:meta_value><![CDATA[CUSTOM_BLA_I_BOKA]]></wp:meta_value>
            </wp:postmeta>
            <wp:postmeta>
                <wp:meta_key>_lsb_look_inside</wp:meta_key>
                <wp:meta_value><![CDATA[lsb_acf_look_inside]]></wp:meta_value>
            </wp:postmeta>
            <category domain="lsb_tax_age" nicename="ungdom"><![CDATA[ungdom]]></category>
            <category domain="lsb_tax_genre" nicename="prosa"><![CDATA[prosa]]></category>
            <category domain="lsb_tax_topic" nicename="krim"><![CDATA[krim]]></category>
            <category domain="lsb_tax_topic" nicename="spenning"><![CDATA[spenning]]></category>
            <category domain="lsb_tax_topic" nicename="historie"><![CDATA[historie]]></category>
            <category domain="lsb_tax_topic" nicename="samfunn"><![CDATA[samfunn]]></category>
            <category domain="lsb_tax_language" nicename="no_nn"><![CDATA[nynorsk]]></category>
            <category domain="lsb_tax_customization" nicename="skjønnlitteratur"><![CDATA[skjønnlitteratur]]></category>
            <wp:postmeta>
                <wp:meta_key>_thumbnail_id</wp:meta_key>
                <wp:meta_value><![CDATA[5644]]></wp:meta_value>
            </wp:postmeta>
        </item>
        <item>
            <title>Flukt.ashx.jpg</title>
            <wp:post_id>5644</wp:post_id>
            <wp:status>inherit</wp:status>
            <wp:post_type>attachment</wp:post_type>
            <wp:attachment_url>https://raw.githubusercontent.com/lesersokerbok/boksok.no-data-utils/master/output-example/images/1D3BF9E78AD74E0AB6C4959F7C61E69C.jpg</wp:attachment_url>
        </item>
        <item>
            <wp:post_type>lsb_book</wp:post_type>
            <wp:status>publish</wp:status>
            <title>Peri og Peti vender om </title>
            <excerpt:encoded><![CDATA[HOVEDBOK i Leseklubben høsten 2013:     Helga Gunerius Eriksen har skrive og sydd denne boka.   Den store, vesle forteljinga om Peri og Peti   er blitt ei perle av ei bildebok.]]></excerpt:encoded>
            <wp:postmeta>
                <wp:meta_key>lsb_isbn</wp:meta_key>
                <wp:meta_value><![CDATA[9788252182699]]></wp:meta_value>
            </wp:postmeta>
            <wp:postmeta>
                <wp:meta_key>_lsb_isbn</wp:meta_key>
                <wp:meta_value><![CDATA[lsb_acf_isbn]]></wp:meta_value>
            </wp:postmeta>
            <wp:postmeta>
                <wp:meta_key>lsb_published_year</wp:meta_key>
                <wp:meta_value><![CDATA[2013]]></wp:meta_value>
            </wp:postmeta>
            <wp:postmeta>
                <wp:meta_key>_lsb_published_year</wp:meta_key>
                <wp:meta_value><![CDATA[lsb_acf_published_year]]></wp:meta_value>
            </wp:postmeta>
            <wp:postmeta>
                <wp:meta_key>lsb_pages</wp:meta_key>
                <wp:meta_value><![CDATA[30]]></wp:meta_value>
            </wp:postmeta>
            <wp:postmeta>
                <wp:meta_key>_lsb_pages</wp:meta_key>
                <wp:meta_value><![CDATA[lsb_acf_pages]]></wp:meta_value>
            </wp:postmeta>
            <wp:postmeta>
                <wp:meta_key>lsb_review</wp:meta_key>
                <wp:meta_value><![CDATA[  <div>Peri og Peti vågar seg ut i verda saman. <br />  Dei høyrer, luktar og ser. <br />  Men plutseleg blir det skummelt. <br />  Då skundar dei seg heim. &#160;</div>  <div>  Peri og Peti vender om <br />  er ei enkel bok med mange bilete <br />  og eit vaksent uttrykk. Bileta er sydd <br />  og sidan fotografert. <br />  Boka er stoffleg og vakker. <br />  </div>  <div>&#160;</div>  <div>Boka høver godt til barn, ungdom, vaksne.</div>  <div>Du treng ikkje lese teksten  for å ha glede av boka. <br />  Boka har store, kjenslevarme bilete<br />  og veldig enkel tekst.<br />  <br />  Helga Gunerius Eriksen er frå Stord og bur i Bergen. </div>  <div>Ho har skrive barn, ungdom og  vaksne i snart 30 år. <br />  </div>  <div>  <div style="text-align: left;">Gunerius Eriksen debuterte i 1986 </div>  <div style="text-align: left;">med biletboka<strong> På stripejakt</strong>. </div>  <div style="text-align: left;">I 1991 fekk ho Kritikarprisen for <strong>Finn Inga!</strong> </div>  <div style="text-align: left;">for beste barne- og ungdomsbok.</div>  <div style="text-align: left;">I 2003 fekk ho Brageprisen for <strong>Flugepapir</strong>,</div>  <div style="text-align: left;">saman med Gry Moursund.<br />  </div></div>  ]]></wp:meta_value>
            </wp:postmeta>
            <wp:postmeta>
                <wp:meta_key>_lsb_review</wp:meta_key>
                <wp:meta_value><![CDATA[lsb_acf_review]]></wp:meta_value>
            </wp:postmeta>
            <wp:postmeta>
                <wp:meta_key>lsb_quote</wp:meta_key>
                <wp:meta_value/>
            </wp:postmeta>
            <wp:postmeta>
                <wp:meta_key>_lsb_quote</wp:meta_key>
                <wp:meta_value><![CDATA[lsb_acf_quote]]></wp:meta_value>
            </wp:postmeta>
            <wp:postmeta>
                <wp:meta_key>lsb_supported</wp:meta_key>
                <wp:meta_value><![CDATA[1]]></wp:meta_value>
            </wp:postmeta>
            <wp:postmeta>
                <wp:meta_key>_lsb_supported</wp:meta_key>
                <wp:meta_value><![CDATA[lsb_acf_supported]]></wp:meta_value>
            </wp:postmeta>
            <wp:postmeta>
                <wp:meta_key>lsb_support_cat</wp:meta_key>
                <wp:meta_value><![CDATA[green]]></wp:meta_value>
            </wp:postmeta>
            <wp:postmeta>
                <wp:meta_key>_lsb_support_cat</wp:meta_key>
                <wp:meta_value><![CDATA[lsb_acf_support_cat]]></wp:meta_value>
            </wp:postmeta>
            <category domain="lsb_tax_author" nicename="helga-gunerius-eriksen"><![CDATA[Helga Gunerius Eriksen]]></category>
            <category domain="lsb_tax_publisher" nicename="samlaget"><![CDATA[Samlaget]]></category>
            <category domain="lsb_tax_illustrator" nicename="helga-gunerius-eriksen"><![CDATA[Helga Gunerius Eriksen]]></category>
            <wp:postmeta>
                <wp:meta_key>lsb_look_inside</wp:meta_key>
                <wp:meta_value><![CDATA[CUSTOM_BLA_I_BOKA]]></wp:meta_value>
            </wp:postmeta>
            <wp:postmeta>
                <wp:meta_key>_lsb_look_inside</wp:meta_key>
                <wp:meta_value><![CDATA[lsb_acf_look_inside]]></wp:meta_value>
            </wp:postmeta>
            <category domain="lsb_tax_age" nicename="voksne"><![CDATA[voksne]]></category>
            <category domain="lsb_tax_age" nicename="ungdom"><![CDATA[ungdom]]></category>
            <category domain="lsb_tax_age" nicename="barn"><![CDATA[barn]]></category>
            <category domain="lsb_tax_genre" nicename="prosa"><![CDATA[prosa]]></category>
            <category domain="lsb_tax_topic" nicename="mennesker-i-mellom"><![CDATA[mennesker i mellom]]></category>
            <category domain="lsb_tax_topic" nicename="krim"><![CDATA[krim]]></category>
            <category domain="lsb_tax_topic" nicename="spenning"><![CDATA[spenning]]></category>
            <category domain="lsb_tax_language" nicename="no_nn"><![CDATA[nynorsk]]></category>
            <category domain="lsb_tax_customization" nicename="utviklingshemmede"><![CDATA[utviklingshemmede]]></category>
            <category domain="lsb_tax_customization" nicename="mange-bilder"><![CDATA[mange bilder]]></category>
            <wp:postmeta>
                <wp:meta_key>_thumbnail_id</wp:meta_key>
                <wp:meta_value><![CDATA[5645]]></wp:meta_value>
            </wp:postmeta>
        </item>
        <item>
            <title>Peri og Peti forside.ashx.jpg</title>
            <wp:post_id>5645</wp:post_id>
            <wp:status>inherit</wp:status>
            <wp:post_type>attachment</wp:post_type>
            <wp:attachment_url>https://raw.githubusercontent.com/lesersokerbok/boksok.no-data-utils/master/output-example/images/7A207501B799490A97A305D5AA831FE1.jpg</wp:attachment_url>
        </item>
        <item>
            <wp:post_type>lsb_book</wp:post_type>
            <wp:status>publish</wp:status>
            <title>Turbo vil bli fotballproff</title>
            <excerpt:encoded><![CDATA[Når Turbo prøver seg i fotball,viser det seg at han er flink!]]></excerpt:encoded>
            <wp:postmeta>
                <wp:meta_key>lsb_isbn</wp:meta_key>
                <wp:meta_value><![CDATA[9788203255281]]></wp:meta_value>
            </wp:postmeta>
            <wp:postmeta>
                <wp:meta_key>_lsb_isbn</wp:meta_key>
                <wp:meta_value><![CDATA[lsb_acf_isbn]]></wp:meta_value>
            </wp:postmeta>
            <wp:postmeta>
                <wp:meta_key>lsb_published_year</wp:meta_key>
                <wp:meta_value><![CDATA[2012]]></wp:meta_value>
            </wp:postmeta>
            <wp:postmeta>
                <wp:meta_key>_lsb_published_year</wp:meta_key>
                <wp:meta_value><![CDATA[lsb_acf_published_year]]></wp:meta_value>
            </wp:postmeta>
            <wp:postmeta>
                <wp:meta_key>lsb_pages</wp:meta_key>
                <wp:meta_value><![CDATA[64]]></wp:meta_value>
            </wp:postmeta>
            <wp:postmeta>
                <wp:meta_key>_lsb_pages</wp:meta_key>
                <wp:meta_value><![CDATA[lsb_acf_pages]]></wp:meta_value>
            </wp:postmeta>
            <wp:postmeta>
                <wp:meta_key>lsb_review</wp:meta_key>
                <wp:meta_value><![CDATA[  <div>Så flink at treneren <br />  på det andre laget vil ha ham. </div>  <div>Hvis&#160;Turbo bytter lag, kan han bli en stjerne.&#160;</div>  <div>Men ikke alle trenere <br />  er så&#160;snille som Robben. </div>  <div>&#160;</div>  <div><strong>Turbo vil bli fotballproff</strong> <br />  er en morsom bok om fotball </div>  <div>og ambisjoner. </div>  <div>&#160;</div>  <div>Med korte avsnitt, stor skrift og mye luft, </div>  <div>er dette en bok som både er </div>  <div>lettlest og underholdende.</div>  <div>&#160;</div>  <div>Ulf Sindt har skrevet mange bøker for barn, </div>  <div>og er særlig kjent for serien om Turbo. </div>  <div>&#160;</div>  ]]></wp:meta_value>
            </wp:postmeta>
            <wp:postmeta>
                <wp:meta_key>_lsb_review</wp:meta_key>
                <wp:meta_value><![CDATA[lsb_acf_review]]></wp:meta_value>
            </wp:postmeta>
            <wp:postmeta>
                <wp:meta_key>lsb_quote</wp:meta_key>
                <wp:meta_value><![CDATA[Det kom mange foreldre for å   heie på oss.  Robben hadde satt opp en plan  slik at alle fikk spille like lenge.  Han ville at jeg skulle spille i  angrep.  - Det passer bra siden du er så  rask, sa han.  - Jeg skal gjøre mitt beste, sa jeg.]]></wp:meta_value>
            </wp:postmeta>
            <wp:postmeta>
                <wp:meta_key>_lsb_quote</wp:meta_key>
                <wp:meta_value><![CDATA[lsb_acf_quote]]></wp:meta_value>
            </wp:postmeta>
            <wp:postmeta>
                <wp:meta_key>lsb_supported</wp:meta_key>
                <wp:meta_value><![CDATA[0]]></wp:meta_value>
            </wp:postmeta>
            <wp:postmeta>
                <wp:meta_key>_lsb_supported</wp:meta_key>
                <wp:meta_value><![CDATA[lsb_acf_supported]]></wp:meta_value>
            </wp:postmeta>
            <category domain="lsb_tax_author" nicename="ulf-sindt"><![CDATA[Ulf Sindt]]></category>
            <category domain="lsb_tax_publisher" nicename="aschehoug"><![CDATA[Aschehoug]]></category>
            <category domain="lsb_tax_illustrator" nicename="gunilla-kvarnstrøm"><![CDATA[Gunilla Kvarnstrøm]]></category>
            <category domain="lsb_tax_translator" nicename="kjersti-velsand"><![CDATA[Kjersti Velsand]]></category>
            <wp:postmeta>
                <wp:meta_key>lsb_look_inside</wp:meta_key>
                <wp:meta_value><![CDATA[CUSTOM_BLA_I_BOKA]]></wp:meta_value>
            </wp:postmeta>
            <wp:postmeta>
                <wp:meta_key>_lsb_look_inside</wp:meta_key>
                <wp:meta_value><![CDATA[lsb_acf_look_inside]]></wp:meta_value>
            </wp:postmeta>
            <category domain="lsb_tax_age" nicename="barn"><![CDATA[barn]]></category>
            <category domain="lsb_tax_genre" nicename="prosa"><![CDATA[prosa]]></category>
            <category domain="lsb_tax_topic" nicename="humor"><![CDATA[humor]]></category>
            <category domain="lsb_tax_topic" nicename="sport"><![CDATA[sport]]></category>
            <category domain="lsb_tax_topic" nicename="mennesker-i-mellom"><![CDATA[mennesker i mellom]]></category>
            <category domain="lsb_tax_language" nicename="no_nb"><![CDATA[bokmål]]></category>
            <category domain="lsb_tax_customization" nicename="skjønnlitteratur"><![CDATA[skjønnlitteratur]]></category>
            <category domain="lsb_tax_customization" nicename="mange-bilder"><![CDATA[mange bilder]]></category>
            <wp:postmeta>
                <wp:meta_key>_thumbnail_id</wp:meta_key>
                <wp:meta_value><![CDATA[5646]]></wp:meta_value>
            </wp:postmeta>
        </item>
        <item>
            <title>9788203255281_Sindt_3.jpg</title>
            <wp:post_id>5646</wp:post_id>
            <wp:status>inherit</wp:status>
            <wp:post_type>attachment</wp:post_type>
            <wp:attachment_url>https://raw.githubusercontent.com/lesersokerbok/boksok.no-data-utils/master/output-example/images/3EC464381E5042AFB5B234598D7763B1.jpg</wp:attachment_url>
        </item>
        <item>
            <wp:post_type>lsb_book</wp:post_type>
            <wp:status>publish</wp:status>
            <title>Berøringsstrofer</title>
            <excerpt:encoded><![CDATA[Berøringsstrofer er ei diktbok   og ei kunstoppleving. ]]></excerpt:encoded>
            <wp:postmeta>
                <wp:meta_key>lsb_isbn</wp:meta_key>
                <wp:meta_value><![CDATA[9788256016983]]></wp:meta_value>
            </wp:postmeta>
            <wp:postmeta>
                <wp:meta_key>_lsb_isbn</wp:meta_key>
                <wp:meta_value><![CDATA[lsb_acf_isbn]]></wp:meta_value>
            </wp:postmeta>
            <wp:postmeta>
                <wp:meta_key>lsb_published_year</wp:meta_key>
                <wp:meta_value><![CDATA[2013]]></wp:meta_value>
            </wp:postmeta>
            <wp:postmeta>
                <wp:meta_key>_lsb_published_year</wp:meta_key>
                <wp:meta_value><![CDATA[lsb_acf_published_year]]></wp:meta_value>
            </wp:postmeta>
            <wp:postmeta>
                <wp:meta_key>lsb_pages</wp:meta_key>
                <wp:meta_value><![CDATA[upag]]></wp:meta_value>
            </wp:postmeta>
            <wp:postmeta>
                <wp:meta_key>_lsb_pages</wp:meta_key>
                <wp:meta_value><![CDATA[lsb_acf_pages]]></wp:meta_value>
            </wp:postmeta>
            <wp:postmeta>
                <wp:meta_key>lsb_review</wp:meta_key>
                <wp:meta_value><![CDATA[<font color="#000000"><span lang="NO-NYN"><span lang="NO-NYN"><font color="#000000"><span lang="NO-NYN"><font color="#000000"><span lang="NO-NYN"><font color="#000000"><span lang="NO-NYN"><font color="#000000"><span lang="NO-NYN"><font color="#000000">  <div style="margin: 0cm 0cm 0pt;" class="MsoNormal">  <div><strong>Berøringsstrofer</strong> er ei bok for fingrane.</div>  <div>Kvar einaste bok er unik.</div>  <div>Dikta er skrive i braille og i vanlig skrift.</div>  <div>Den vanlige skrifta kan også kjennes. </div>  <div>&#160;</div>  <div>Braille og skrift for sjåande står side ved side</div>  <div>og blandast på sida. Lesaren må sjølv</div>  <div>leita seg fram og skape ny samanhang. </div>  <div>I dette høvet er det dei som berre ser</div>  <div>med auga som er hindra i å sjå heilskapen. </div>  <div>&#160;</div>  <div>Dikta i <strong>Berøringsstrofer</strong></div>  <div><strong>&#160;</strong>er skrive av Ivar Orvedal.</div>  <div>Randi Strand har laga bileta i braille.</div>  <div>Ho har også utforma boka. </div>  <div>Randi Strand er ein anerkjent kunstnar</div>  <div>som dei siste åra har jobba mykje med braille.</div>  <div>Ho lagar spennande bilete av punktskrifta.</div>  <div>Slik viser Randi Strand at også braille</div>  <div>kan vere kunst. Ivar Orvedal er forfattar og poet.</div>  <div>Han bor i Sogn og har også jobba som kritikar.             </div><br />  </div></font></span></font></span></font></span></font></span></font></span></span></font>  ]]></wp:meta_value>
            </wp:postmeta>
            <wp:postmeta>
                <wp:meta_key>_lsb_review</wp:meta_key>
                <wp:meta_value><![CDATA[lsb_acf_review]]></wp:meta_value>
            </wp:postmeta>
            <wp:postmeta>
                <wp:meta_key>lsb_quote</wp:meta_key>
                <wp:meta_value><![CDATA[gap; språket   har forlate han    munn; diktet   har forlate han     arr; ingenting   har forlate han ]]></wp:meta_value>
            </wp:postmeta>
            <wp:postmeta>
                <wp:meta_key>_lsb_quote</wp:meta_key>
                <wp:meta_value><![CDATA[lsb_acf_quote]]></wp:meta_value>
            </wp:postmeta>
            <wp:postmeta>
                <wp:meta_key>lsb_supported</wp:meta_key>
                <wp:meta_value><![CDATA[1]]></wp:meta_value>
            </wp:postmeta>
            <wp:postmeta>
                <wp:meta_key>_lsb_supported</wp:meta_key>
                <wp:meta_value><![CDATA[lsb_acf_supported]]></wp:meta_value>
            </wp:postmeta>
            <wp:postmeta>
                <wp:meta_key>lsb_support_cat</wp:meta_key>
                <wp:meta_value><![CDATA[orange]]></wp:meta_value>
            </wp:postmeta>
            <wp:postmeta>
                <wp:meta_key>_lsb_support_cat</wp:meta_key>
                <wp:meta_value><![CDATA[lsb_acf_support_cat]]></wp:meta_value>
            </wp:postmeta>
            <category domain="lsb_tax_author" nicename="ivar-orvedal-og-randi-strand"><![CDATA[Ivar Orvedal og Randi Strand]]></category>
            <category domain="lsb_tax_publisher" nicename="solum-"><![CDATA[Solum ]]></category>
            <wp:postmeta>
                <wp:meta_key>lsb_look_inside</wp:meta_key>
                <wp:meta_value><![CDATA[CUSTOM_BLA_I_BOKA]]></wp:meta_value>
            </wp:postmeta>
            <wp:postmeta>
                <wp:meta_key>_lsb_look_inside</wp:meta_key>
                <wp:meta_value><![CDATA[lsb_acf_look_inside]]></wp:meta_value>
            </wp:postmeta>
            <category domain="lsb_tax_age" nicename="voksne"><![CDATA[voksne]]></category>
            <category domain="lsb_tax_genre" nicename="prosa"><![CDATA[prosa]]></category>
            <category domain="lsb_tax_language" nicename="no_nn"><![CDATA[nynorsk]]></category>
            <category domain="lsb_tax_customization" nicename="punktskrift"><![CDATA[punktskrift]]></category>
            <category domain="lsb_tax_customization" nicename="følebilder"><![CDATA[følebilder]]></category>
            <category domain="lsb_tax_customization" nicename="mange-bilder"><![CDATA[mange bilder]]></category>
            <wp:postmeta>
                <wp:meta_key>_thumbnail_id</wp:meta_key>
                <wp:meta_value><![CDATA[5647]]></wp:meta_value>
            </wp:postmeta>
        </item>
        <item>
            <title>Berøringsstrofer.docx</title>
            <wp:post_id>5647</wp:post_id>
            <wp:status>inherit</wp:status>
            <wp:post_type>attachment</wp:post_type>
            <wp:attachment_url>https://raw.githubusercontent.com/lesersokerbok/boksok.no-data-utils/master/output-example/images/FFF956208B444F76AB568D71F22124B4.jpg</wp:attachment_url>
        </item>
        <item>
            <wp:post_type>lsb_book</wp:post_type>
            <wp:status>publish</wp:status>
            <title>Vintereple</title>
            <excerpt:encoded><![CDATA[Vintereple er ei vakker forteljing   om å gløyma og hugsa,   om å teia og tala   og om det mørke og det vidunderlege. ]]></excerpt:encoded>
            <wp:postmeta>
                <wp:meta_key>lsb_isbn</wp:meta_key>
                <wp:meta_value><![CDATA[9788281401525]]></wp:meta_value>
            </wp:postmeta>
            <wp:postmeta>
                <wp:meta_key>_lsb_isbn</wp:meta_key>
                <wp:meta_value><![CDATA[lsb_acf_isbn]]></wp:meta_value>
            </wp:postmeta>
            <wp:postmeta>
                <wp:meta_key>lsb_published_year</wp:meta_key>
                <wp:meta_value><![CDATA[2013]]></wp:meta_value>
            </wp:postmeta>
            <wp:postmeta>
                <wp:meta_key>_lsb_published_year</wp:meta_key>
                <wp:meta_value><![CDATA[lsb_acf_published_year]]></wp:meta_value>
            </wp:postmeta>
            <wp:postmeta>
                <wp:meta_key>lsb_pages</wp:meta_key>
                <wp:meta_value><![CDATA[62]]></wp:meta_value>
            </wp:postmeta>
            <wp:postmeta>
                <wp:meta_key>_lsb_pages</wp:meta_key>
                <wp:meta_value><![CDATA[lsb_acf_pages]]></wp:meta_value>
            </wp:postmeta>
            <wp:postmeta>
                <wp:meta_key>lsb_review</wp:meta_key>
                <wp:meta_value><![CDATA[  <div>Ein dag finn jenta i forteljinga </div>  <div>ein kasse på loftet etter far sin. </div>  <div>Inne i kassa finn ho ei boge og ein sag. </div>  <div>Korfor gøymde han den på loftet? </div>  <div>Den røde plysjen hadde merke etter alle gongene </div>  <div>nokon hadde gripe etter bogen, etter saga. </div>  <div>&#160;</div>  <div><strong>Vintereple</strong> er ei var og vakker fortjeljing </div>  <div>fortalt gjennom korte tekstar. </div>  <div>Språket er poetisk og samstundes lett. </div>  <div>Det er ei tankevekkande forteljing </div>  <div>med mykje luft. </div>  <div>&#160;</div>  <div><strong>Odveig Klyve</strong> (f.1954) har skrive </div>  <div>ni diktsamlingar, åtte barnebøker, </div>  <div>og har gjendikta fleire utanlandske poetar. </div>  <div>Dikta hennar er omsette til femten språk. </div>  <div>Ho fekk <strong>Ordknappen 2007</strong> for boka </div>  <div><strong>Glad i deg</strong>. </div>  <div>&#160;</div>  <div>&#160;</div>  ]]></wp:meta_value>
            </wp:postmeta>
            <wp:postmeta>
                <wp:meta_key>_lsb_review</wp:meta_key>
                <wp:meta_value><![CDATA[lsb_acf_review]]></wp:meta_value>
            </wp:postmeta>
            <wp:postmeta>
                <wp:meta_key>lsb_quote</wp:meta_key>
                <wp:meta_value><![CDATA[Det var da eg opna den støvete kassen eg   skjøna at dette hadde noko med far å gjera.     På den raude plysjen låg ein boge og ein sag,   eit tynt, blankpussa sagblad. Eg tok det opp,   og bladet skalv i hendene mine som om det   skulle vore levande. ]]></wp:meta_value>
            </wp:postmeta>
            <wp:postmeta>
                <wp:meta_key>_lsb_quote</wp:meta_key>
                <wp:meta_value><![CDATA[lsb_acf_quote]]></wp:meta_value>
            </wp:postmeta>
            <wp:postmeta>
                <wp:meta_key>lsb_supported</wp:meta_key>
                <wp:meta_value><![CDATA[1]]></wp:meta_value>
            </wp:postmeta>
            <wp:postmeta>
                <wp:meta_key>_lsb_supported</wp:meta_key>
                <wp:meta_value><![CDATA[lsb_acf_supported]]></wp:meta_value>
            </wp:postmeta>
            <wp:postmeta>
                <wp:meta_key>lsb_support_cat</wp:meta_key>
                <wp:meta_value><![CDATA[purple]]></wp:meta_value>
            </wp:postmeta>
            <wp:postmeta>
                <wp:meta_key>_lsb_support_cat</wp:meta_key>
                <wp:meta_value><![CDATA[lsb_acf_support_cat]]></wp:meta_value>
            </wp:postmeta>
            <category domain="lsb_tax_author" nicename="odveig-klyve-"><![CDATA[Odveig Klyve ]]></category>
            <category domain="lsb_tax_publisher" nicename="wigestrand"><![CDATA[Wigestrand]]></category>
            <wp:postmeta>
                <wp:meta_key>lsb_look_inside</wp:meta_key>
                <wp:meta_value><![CDATA[CUSTOM_BLA_I_BOKA]]></wp:meta_value>
            </wp:postmeta>
            <wp:postmeta>
                <wp:meta_key>_lsb_look_inside</wp:meta_key>
                <wp:meta_value><![CDATA[lsb_acf_look_inside]]></wp:meta_value>
            </wp:postmeta>
            <category domain="lsb_tax_age" nicename="voksne"><![CDATA[voksne]]></category>
            <category domain="lsb_tax_genre" nicename="prosa"><![CDATA[prosa]]></category>
            <category domain="lsb_tax_language" nicename="no_nn"><![CDATA[nynorsk]]></category>
            <category domain="lsb_tax_customization" nicename="skjønnlitteratur"><![CDATA[skjønnlitteratur]]></category>
            <wp:postmeta>
                <wp:meta_key>_thumbnail_id</wp:meta_key>
                <wp:meta_value><![CDATA[5648]]></wp:meta_value>
            </wp:postmeta>
        </item>
        <item>
            <title>Vintereple.jpg</title>
            <wp:post_id>5648</wp:post_id>
            <wp:status>inherit</wp:status>
            <wp:post_type>attachment</wp:post_type>
            <wp:attachment_url>https://raw.githubusercontent.com/lesersokerbok/boksok.no-data-utils/master/output-example/images/0F50D38DA4D0413DA35053976DC90828.jpg</wp:attachment_url>
        </item>
        <item>
            <wp:post_type>lsb_book</wp:post_type>
            <wp:status>publish</wp:status>
            <title>Helt eventyrlig</title>
            <excerpt:encoded><![CDATA[Den første norske samlingen med eventyr  fra Asbjørnsen og Moe som har enkel tekst.]]></excerpt:encoded>
            <wp:postmeta>
                <wp:meta_key>lsb_isbn</wp:meta_key>
                <wp:meta_value><![CDATA[9788278950814]]></wp:meta_value>
            </wp:postmeta>
            <wp:postmeta>
                <wp:meta_key>_lsb_isbn</wp:meta_key>
                <wp:meta_value><![CDATA[lsb_acf_isbn]]></wp:meta_value>
            </wp:postmeta>
            <wp:postmeta>
                <wp:meta_key>lsb_published_year</wp:meta_key>
                <wp:meta_value><![CDATA[2013]]></wp:meta_value>
            </wp:postmeta>
            <wp:postmeta>
                <wp:meta_key>_lsb_published_year</wp:meta_key>
                <wp:meta_value><![CDATA[lsb_acf_published_year]]></wp:meta_value>
            </wp:postmeta>
            <wp:postmeta>
                <wp:meta_key>lsb_pages</wp:meta_key>
                <wp:meta_value><![CDATA[128]]></wp:meta_value>
            </wp:postmeta>
            <wp:postmeta>
                <wp:meta_key>_lsb_pages</wp:meta_key>
                <wp:meta_value><![CDATA[lsb_acf_pages]]></wp:meta_value>
            </wp:postmeta>
            <wp:postmeta>
                <wp:meta_key>lsb_review</wp:meta_key>
                <wp:meta_value><![CDATA[  <div>Peter Christen Asbjørnsen og Jørgen Moe&#160;<br />  ble født for over 200 år siden.&#160;<br />  De gikk omkring og samlet eventyr i øst og sør i Norge.&#160;<br />  I 1851 ble alle eventyrene samlet i tre bøker.&#160;<br />  I denne boka finner du 27 av dem.</div>    <div>&#160;</div>  <div>«Eventyr lever evig hvis noen forteller dem. </div>Vi håper du finner noen eventyr du liker, <br />  og at du har lyst til å fortelle dem videre» <br />  <div>skriver Hilde Eskild og Benedicte Hambro. </div>  <div>&#160;</div>  <div>Boken er tilrettelagt med enkle tekster. <br />  Språket er lett tilgjengelig for alle. <br />  Setningene er korte, ordvalget ikke vanskelig.<br />  Den samlede lengde på teksten er mye kortere <br />  enn i de originale eventyrene.</div>  <div>&#160;</div>  <div>Eventyrene handler om troll, underjordiske vesener, </div>  <div>mennesker og dyr. Noen er gode og noen er onde. </div>  <div>Noen er dumme, noen er helter. </div>  <div>Noen er ufrivillige morsomme.</div>  <div>&#160;</div>  <div>  <p>Hilde Eskild og Benedicte Hambro arbeider som lærere.<br />  </p>  <div>De har&#160;bred erfaring&#160;som fortellere </div>  <div>og som kursholdere&#160;for barn og voksne.</div>    &#160;</div>      ]]></wp:meta_value>
            </wp:postmeta>
            <wp:postmeta>
                <wp:meta_key>_lsb_review</wp:meta_key>
                <wp:meta_value><![CDATA[lsb_acf_review]]></wp:meta_value>
            </wp:postmeta>
            <wp:postmeta>
                <wp:meta_key>lsb_quote</wp:meta_key>
                <wp:meta_value><![CDATA[Fra God dag, mann. Økseskaft:    - Hvor er din kone?  - Hun ligger på stranden.  Hun har sprukket i begge ender.  Jeg skal snart male henne.    - Hvor er datteren din?  - Hun står på stallen.    Mannen var godt fornøyd.  Han synes han var flink til å svare.  Men lensmannen var rasende. Han ropte:  - Å dra til helvete, din tulling!  - ja, det er ikke langt unna, smilte den gamle til freds.  - Gå et lite stykke opp i bakken, så er du framme.  ]]></wp:meta_value>
            </wp:postmeta>
            <wp:postmeta>
                <wp:meta_key>_lsb_quote</wp:meta_key>
                <wp:meta_value><![CDATA[lsb_acf_quote]]></wp:meta_value>
            </wp:postmeta>
            <wp:postmeta>
                <wp:meta_key>lsb_supported</wp:meta_key>
                <wp:meta_value><![CDATA[1]]></wp:meta_value>
            </wp:postmeta>
            <wp:postmeta>
                <wp:meta_key>_lsb_supported</wp:meta_key>
                <wp:meta_value><![CDATA[lsb_acf_supported]]></wp:meta_value>
            </wp:postmeta>
            <wp:postmeta>
                <wp:meta_key>lsb_support_cat</wp:meta_key>
                <wp:meta_value><![CDATA[purple]]></wp:meta_value>
            </wp:postmeta>
            <wp:postmeta>
                <wp:meta_key>_lsb_support_cat</wp:meta_key>
                <wp:meta_value><![CDATA[lsb_acf_support_cat]]></wp:meta_value>
            </wp:postmeta>
            <category domain="lsb_tax_author" nicename="hilde-eskild-og-benedicte-hambro"><![CDATA[Hilde Eskild og Benedicte Hambro]]></category>
            <category domain="lsb_tax_publisher" nicename="ganesa"><![CDATA[Ganesa]]></category>
            <category domain="lsb_tax_illustrator" nicename="mette-e.-gundersen"><![CDATA[Mette E. Gundersen]]></category>
            <wp:postmeta>
                <wp:meta_key>lsb_look_inside</wp:meta_key>
                <wp:meta_value><![CDATA[CUSTOM_BLA_I_BOKA]]></wp:meta_value>
            </wp:postmeta>
            <wp:postmeta>
                <wp:meta_key>_lsb_look_inside</wp:meta_key>
                <wp:meta_value><![CDATA[lsb_acf_look_inside]]></wp:meta_value>
            </wp:postmeta>
            <category domain="lsb_tax_age" nicename="ungdom"><![CDATA[ungdom]]></category>
            <category domain="lsb_tax_age" nicename="voksne"><![CDATA[voksne]]></category>
            <category domain="lsb_tax_genre" nicename="prosa"><![CDATA[prosa]]></category>
            <category domain="lsb_tax_topic" nicename="eventyr"><![CDATA[eventyr]]></category>
            <category domain="lsb_tax_topic" nicename="humor"><![CDATA[humor]]></category>
            <category domain="lsb_tax_topic" nicename="mennesker-i-mellom"><![CDATA[mennesker i mellom]]></category>
            <category domain="lsb_tax_language" nicename="no_nb"><![CDATA[bokmål]]></category>
            <category domain="lsb_tax_customization" nicename="skjønnlitteratur"><![CDATA[skjønnlitteratur]]></category>
            <category domain="lsb_tax_customization" nicename="ny-i-norge"><![CDATA[ny i norge]]></category>
            <wp:postmeta>
                <wp:meta_key>_thumbnail_id</wp:meta_key>
                <wp:meta_value><![CDATA[5649]]></wp:meta_value>
            </wp:postmeta>
        </item>
        <item>
            <title>helt eventyrlig_g.jpg</title>
            <wp:post_id>5649</wp:post_id>
            <wp:status>inherit</wp:status>
            <wp:post_type>attachment</wp:post_type>
            <wp:attachment_url>https://raw.githubusercontent.com/lesersokerbok/boksok.no-data-utils/master/output-example/images/844E536A7A0648CAB5F7237A8433D4AC.jpg</wp:attachment_url>
        </item>
        <item>
            <wp:post_type>lsb_book</wp:post_type>
            <wp:status>publish</wp:status>
            <title>Å holde pusten</title>
            <excerpt:encoded><![CDATA[Om to søstre som prøver å klare seg selv  med en mor som verken klarer å passe på seg selv  eller på dem.]]></excerpt:encoded>
            <wp:postmeta>
                <wp:meta_key>lsb_isbn</wp:meta_key>
                <wp:meta_value><![CDATA[9788205453746]]></wp:meta_value>
            </wp:postmeta>
            <wp:postmeta>
                <wp:meta_key>_lsb_isbn</wp:meta_key>
                <wp:meta_value><![CDATA[lsb_acf_isbn]]></wp:meta_value>
            </wp:postmeta>
            <wp:postmeta>
                <wp:meta_key>lsb_published_year</wp:meta_key>
                <wp:meta_value><![CDATA[2013]]></wp:meta_value>
            </wp:postmeta>
            <wp:postmeta>
                <wp:meta_key>_lsb_published_year</wp:meta_key>
                <wp:meta_value><![CDATA[lsb_acf_published_year]]></wp:meta_value>
            </wp:postmeta>
            <wp:postmeta>
                <wp:meta_key>lsb_pages</wp:meta_key>
                <wp:meta_value><![CDATA[180]]></wp:meta_value>
            </wp:postmeta>
            <wp:postmeta>
                <wp:meta_key>_lsb_pages</wp:meta_key>
                <wp:meta_value><![CDATA[lsb_acf_pages]]></wp:meta_value>
            </wp:postmeta>
            <wp:postmeta>
                <wp:meta_key>lsb_review</wp:meta_key>
                <wp:meta_value><![CDATA[  <div><strong>Å holde pusten </strong>er en roman om å få besøk fra barnevernet,</div>  <div>om å ha en kjæreste som ligner på en firfisle,</div>  <div>og venner som lever i en annen virkelighet.</div>  <div>Det handler om å ha en mor som er syk,</div>  <div>en far i Kristiansand, en lillesøster som ikke vil på skolen.</div>  <div>Boka<em>&#160;</em>er en historie om en seksten år gammel jente.</div>  <div>Det handler om å være barn, og om å holde på å bli voksen.</div>  <div>Men mest av alt handler det om å holde ut. Holde fast.</div>  <div>Og holde sine egne folk samlet.</div>  <div>&#160;</div>  <div>Boka har lette, korte setninger og korte avsnitt.</div>  <div>Innimellom er det noen lengre avsnitt med&#160;litt hopp i tid.</div>  <div>&#160;</div>  <div>Agate Øksendal Kaupang (født i 1993) er debutant.</div>  <div>Hun har gått på Forfatterstudiet i Bø.</div>  ]]></wp:meta_value>
            </wp:postmeta>
            <wp:postmeta>
                <wp:meta_key>_lsb_review</wp:meta_key>
                <wp:meta_value><![CDATA[lsb_acf_review]]></wp:meta_value>
            </wp:postmeta>
            <wp:postmeta>
                <wp:meta_key>lsb_quote</wp:meta_key>
                <wp:meta_value><![CDATA[Jeg kommer tilbake, legger meg på magen under dyna.  Litt etter står hun ved senga mi igjen. Og hun vet jeg har  et hjerte av bruspulver.  Hun trenger bare stikke tunga borti, så knitrer det  voldsomt før det til slutt smelter.  - Sover du? hvisker hun.  - Ja, sier jeg.  Med et demonstrativt sukk løfter jeg på dyna og gir  henne plass. Hun kryper under til meg. Trekker ut armen  min så den blir vannrett før hun legger hodet på den.  - God natt, sier hun fornøyd.  Munnen hennes lukter søtt av rosa tyggegummi. Jeg  gidder ikke å bli sint fordi hun ikke har pusset tennene.]]></wp:meta_value>
            </wp:postmeta>
            <wp:postmeta>
                <wp:meta_key>_lsb_quote</wp:meta_key>
                <wp:meta_value><![CDATA[lsb_acf_quote]]></wp:meta_value>
            </wp:postmeta>
            <wp:postmeta>
                <wp:meta_key>lsb_supported</wp:meta_key>
                <wp:meta_value><![CDATA[0]]></wp:meta_value>
            </wp:postmeta>
            <wp:postmeta>
                <wp:meta_key>_lsb_supported</wp:meta_key>
                <wp:meta_value><![CDATA[lsb_acf_supported]]></wp:meta_value>
            </wp:postmeta>
            <category domain="lsb_tax_author" nicename="agate-øksendal-kaupang"><![CDATA[Agate Øksendal Kaupang]]></category>
            <category domain="lsb_tax_publisher" nicename="gyldendal"><![CDATA[Gyldendal]]></category>
            <wp:postmeta>
                <wp:meta_key>lsb_look_inside</wp:meta_key>
                <wp:meta_value><![CDATA[CUSTOM_BLA_I_BOKA]]></wp:meta_value>
            </wp:postmeta>
            <wp:postmeta>
                <wp:meta_key>_lsb_look_inside</wp:meta_key>
                <wp:meta_value><![CDATA[lsb_acf_look_inside]]></wp:meta_value>
            </wp:postmeta>
            <category domain="lsb_tax_age" nicename="ungdom"><![CDATA[ungdom]]></category>
            <category domain="lsb_tax_age" nicename="voksne"><![CDATA[voksne]]></category>
            <category domain="lsb_tax_genre" nicename="prosa"><![CDATA[prosa]]></category>
            <category domain="lsb_tax_topic" nicename="mennesker-i-mellom"><![CDATA[mennesker i mellom]]></category>
            <category domain="lsb_tax_language" nicename="no_nb"><![CDATA[bokmål]]></category>
            <category domain="lsb_tax_customization" nicename="skjønnlitteratur"><![CDATA[skjønnlitteratur]]></category>
            <wp:postmeta>
                <wp:meta_key>_thumbnail_id</wp:meta_key>
                <wp:meta_value><![CDATA[5650]]></wp:meta_value>
            </wp:postmeta>
        </item>
        <item>
            <title>AA-holde-pusten_hd_image.jpg</title>
            <wp:post_id>5650</wp:post_id>
            <wp:status>inherit</wp:status>
            <wp:post_type>attachment</wp:post_type>
            <wp:attachment_url>https://raw.githubusercontent.com/lesersokerbok/boksok.no-data-utils/master/output-example/images/420F47F755D341B7A41256D3D079F115.jpg</wp:attachment_url>
        </item>
        <item>
            <wp:post_type>lsb_book</wp:post_type>
            <wp:status>publish</wp:status>
            <title>Hyperpubertet</title>
            <excerpt:encoded><![CDATA[Ellevilt om Camilla som helt plutselig  får pupper som vokser,  og om klassevenninner som legger ut film  om henne på internett.]]></excerpt:encoded>
            <wp:postmeta>
                <wp:meta_key>lsb_isbn</wp:meta_key>
                <wp:meta_value><![CDATA[9788203256240]]></wp:meta_value>
            </wp:postmeta>
            <wp:postmeta>
                <wp:meta_key>_lsb_isbn</wp:meta_key>
                <wp:meta_value><![CDATA[lsb_acf_isbn]]></wp:meta_value>
            </wp:postmeta>
            <wp:postmeta>
                <wp:meta_key>lsb_published_year</wp:meta_key>
                <wp:meta_value><![CDATA[2013]]></wp:meta_value>
            </wp:postmeta>
            <wp:postmeta>
                <wp:meta_key>_lsb_published_year</wp:meta_key>
                <wp:meta_value><![CDATA[lsb_acf_published_year]]></wp:meta_value>
            </wp:postmeta>
            <wp:postmeta>
                <wp:meta_key>lsb_pages</wp:meta_key>
                <wp:meta_value><![CDATA[205]]></wp:meta_value>
            </wp:postmeta>
            <wp:postmeta>
                <wp:meta_key>_lsb_pages</wp:meta_key>
                <wp:meta_value><![CDATA[lsb_acf_pages]]></wp:meta_value>
            </wp:postmeta>
            <wp:postmeta>
                <wp:meta_key>lsb_review</wp:meta_key>
                <wp:meta_value><![CDATA[  <p style="margin: 0cm 0cm 0pt;" class="MsoNormal"></p>  <div><strong>Hyperpubertet</strong>&#160;handler om Camilla, tretten år.</div>  <div>Hun har ikke fått mensen og ikke pupper</div>  <div>og har ikke en eneste god venn.</div>  <div>&#160;</div>  <div>Men en dag havner hun i en grusom hyperpubertet,</div>  <div>som gjør at puppene eser ut som airbager&#160;</div>  <div>hver gang huden kommer i kontakt med varmt vann.</div>  <div>Hun får selvlysende kviser, på ordentlig,</div>  <div>og mensen i senga mens tre jenter fra klassen sitter der.</div>  <div>Og som om ikke det var ille nok,</div>  <div>så filmer de tre jentene alt som skjer med Camilla</div>  <div>og legger det rett ut på nett.</div>  <div>&#160;</div>  <div>Filmene de lager, blir så populære</div>  <div>at faren til hun ene av jentene</div>  <div>sier opp jobben for å hjelpe dem </div>  <div>med å lage en proff blogg.</div>  <div>Så blir Camilla verdensberømt mot sin vilje.</div>  <div>&#160;</div>  <div>En morsom og fartsfylt historie</div>  <div>med korte setninger og mye dialog.&#160;</div>  <div>&#160;</div>  <div>Vera Micaelsen (født 1974) er faglig leder <br />  for Den kulturelle skolesekken.<br />  Hun har gitt ut fire fagbøker for barn og unge, <br />  og en for voksne. Hun oversetter barne- og </div>  <div>ungdomsbøker, er fast spaltist i Aftenposten junior<br />  og har jobbet med og for barn og unge i snart 20 år.&#160;</div>  <br />    ]]></wp:meta_value>
            </wp:postmeta>
            <wp:postmeta>
                <wp:meta_key>_lsb_review</wp:meta_key>
                <wp:meta_value><![CDATA[lsb_acf_review]]></wp:meta_value>
            </wp:postmeta>
            <wp:postmeta>
                <wp:meta_key>lsb_quote</wp:meta_key>
                <wp:meta_value><![CDATA[Åh Camilla! sier Eline plutselig. - Nå må du ikke  bli sint, men vi laget en liten dokumentar av deg.  (...)  - Du var så rar da du lå der, sier Stine og fniser  (...) Med beina rett i været  og sånne stive dukkeøyne. Det var helt creepy. Eline har  tatt noen utrolige kule bilder av deg.  - Har dere? sier jeg og blir nervøs. Jeg kan ikke huske  at vi avtalte at de skulle lage noen film.]]></wp:meta_value>
            </wp:postmeta>
            <wp:postmeta>
                <wp:meta_key>_lsb_quote</wp:meta_key>
                <wp:meta_value><![CDATA[lsb_acf_quote]]></wp:meta_value>
            </wp:postmeta>
            <wp:postmeta>
                <wp:meta_key>lsb_supported</wp:meta_key>
                <wp:meta_value><![CDATA[0]]></wp:meta_value>
            </wp:postmeta>
            <wp:postmeta>
                <wp:meta_key>_lsb_supported</wp:meta_key>
                <wp:meta_value><![CDATA[lsb_acf_supported]]></wp:meta_value>
            </wp:postmeta>
            <category domain="lsb_tax_author" nicename="vera-micaelsen"><![CDATA[Vera Micaelsen]]></category>
            <category domain="lsb_tax_publisher" nicename="aschehoug"><![CDATA[Aschehoug]]></category>
            <wp:postmeta>
                <wp:meta_key>lsb_look_inside</wp:meta_key>
                <wp:meta_value><![CDATA[CUSTOM_BLA_I_BOKA]]></wp:meta_value>
            </wp:postmeta>
            <wp:postmeta>
                <wp:meta_key>_lsb_look_inside</wp:meta_key>
                <wp:meta_value><![CDATA[lsb_acf_look_inside]]></wp:meta_value>
            </wp:postmeta>
            <category domain="lsb_tax_age" nicename="ungdom"><![CDATA[ungdom]]></category>
            <category domain="lsb_tax_genre" nicename="prosa"><![CDATA[prosa]]></category>
            <category domain="lsb_tax_topic" nicename="humor"><![CDATA[humor]]></category>
            <category domain="lsb_tax_language" nicename="no_nb"><![CDATA[bokmål]]></category>
            <category domain="lsb_tax_customization" nicename="skjønnlitteratur"><![CDATA[skjønnlitteratur]]></category>
            <wp:postmeta>
                <wp:meta_key>_thumbnail_id</wp:meta_key>
                <wp:meta_value><![CDATA[5651]]></wp:meta_value>
            </wp:postmeta>
        </item>
        <item>
            <title>Hyperpubertet.jpg</title>
            <wp:post_id>5651</wp:post_id>
            <wp:status>inherit</wp:status>
            <wp:post_type>attachment</wp:post_type>
            <wp:attachment_url>https://raw.githubusercontent.com/lesersokerbok/boksok.no-data-utils/master/output-example/images/3442A8C8A5A4456FA1EABFE78416BEAB.jpg</wp:attachment_url>
        </item>
        <item>
            <wp:post_type>lsb_book</wp:post_type>
            <wp:status>publish</wp:status>
            <title>Ditt røde hår, Unn</title>
            <excerpt:encoded><![CDATA[Dette er en fortelling om   å være usikker, om å stå på egne bein  og om å tørre å slippe andre inn på seg.    ]]></excerpt:encoded>
            <wp:postmeta>
                <wp:meta_key>lsb_isbn</wp:meta_key>
                <wp:meta_value><![CDATA[9788256017423]]></wp:meta_value>
            </wp:postmeta>
            <wp:postmeta>
                <wp:meta_key>_lsb_isbn</wp:meta_key>
                <wp:meta_value><![CDATA[lsb_acf_isbn]]></wp:meta_value>
            </wp:postmeta>
            <wp:postmeta>
                <wp:meta_key>lsb_published_year</wp:meta_key>
                <wp:meta_value><![CDATA[2013]]></wp:meta_value>
            </wp:postmeta>
            <wp:postmeta>
                <wp:meta_key>_lsb_published_year</wp:meta_key>
                <wp:meta_value><![CDATA[lsb_acf_published_year]]></wp:meta_value>
            </wp:postmeta>
            <wp:postmeta>
                <wp:meta_key>lsb_pages</wp:meta_key>
                <wp:meta_value><![CDATA[122]]></wp:meta_value>
            </wp:postmeta>
            <wp:postmeta>
                <wp:meta_key>_lsb_pages</wp:meta_key>
                <wp:meta_value><![CDATA[lsb_acf_pages]]></wp:meta_value>
            </wp:postmeta>
            <wp:postmeta>
                <wp:meta_key>lsb_review</wp:meta_key>
                <wp:meta_value><![CDATA[  <div style="margin: 0cm 0cm 10pt;" class="MsoNormal">  <div>Pia har nettopp blitt student.&#160;</div>  <div>En dag møter hun Unn&#160;på en opplesning.&#160;&#160;</div>  <div>De to jentene drikker vin&#160;</div>  <div>og snakker om det meste.&#160;</div>  <div>Men snart skjønner Pia&#160;</div>  <div>at hun har sterkere følelser&#160;for Unn </div>  <div>enn hun trodde.&#160;</div>  <div>&#160;</div>  <div>Ellisiv Lindkvist&#160;(f.1973)&#160;debuterte </div>  <div>med samlingen&#160;<strong>Alt jeg skriver er sant</strong>,&#160;</div>  <div>som hun fikk svært god kritikk for.&#160;</div>  <div>Hun har også gitt ut romanen&#160;<strong>Tørst</strong>&#160;og&#160;</div>  <div><strong>Jeg er ikke slik</strong> – tre scenetekster.&#160;</div>  <div>Både&#160;<strong>Alt jeg skriver er sant</strong>&#160;og&#160;</div>  <div><strong>Tørst</strong>&#160;er anbefalt i Boksøk.&#160;</div>  <div>Lindkvist skriver også skuespill.</div>  <br />  <font color="#000000"><font face="Calibri">  <div style="margin: 0cm 0cm 10pt;" class="MsoNormal"><font color="#000000"><font face="Calibri">  <p>&#160;</p></font></font></div></font></font></div>  ]]></wp:meta_value>
            </wp:postmeta>
            <wp:postmeta>
                <wp:meta_key>_lsb_review</wp:meta_key>
                <wp:meta_value><![CDATA[lsb_acf_review]]></wp:meta_value>
            </wp:postmeta>
            <wp:postmeta>
                <wp:meta_key>lsb_quote</wp:meta_key>
                <wp:meta_value><![CDATA[Vi er ute sammen. Unn får kontakt med folk.   Hun har det lett sånn. Det virker så lett   å få kontakt med folk når hun gjør det.   Det kommer en mann bort til oss   og begynner å snakke. Jeg hører ikke   hva han spør om.   Jeg må si: - Hva sa du?   Men før jeg rekker det, har Unn svart,   smilt til ham, og bøyd seg nærmere.   Nå snakker de videre sammen.   Som om de kjenner hverandre. ]]></wp:meta_value>
            </wp:postmeta>
            <wp:postmeta>
                <wp:meta_key>_lsb_quote</wp:meta_key>
                <wp:meta_value><![CDATA[lsb_acf_quote]]></wp:meta_value>
            </wp:postmeta>
            <wp:postmeta>
                <wp:meta_key>lsb_supported</wp:meta_key>
                <wp:meta_value><![CDATA[1]]></wp:meta_value>
            </wp:postmeta>
            <wp:postmeta>
                <wp:meta_key>_lsb_supported</wp:meta_key>
                <wp:meta_value><![CDATA[lsb_acf_supported]]></wp:meta_value>
            </wp:postmeta>
            <wp:postmeta>
                <wp:meta_key>lsb_support_cat</wp:meta_key>
                <wp:meta_value><![CDATA[purple]]></wp:meta_value>
            </wp:postmeta>
            <wp:postmeta>
                <wp:meta_key>_lsb_support_cat</wp:meta_key>
                <wp:meta_value><![CDATA[lsb_acf_support_cat]]></wp:meta_value>
            </wp:postmeta>
            <category domain="lsb_tax_author" nicename="ellisiv-lindkvist-"><![CDATA[Ellisiv Lindkvist ]]></category>
            <category domain="lsb_tax_publisher" nicename="solum-"><![CDATA[Solum ]]></category>
            <wp:postmeta>
                <wp:meta_key>lsb_look_inside</wp:meta_key>
                <wp:meta_value><![CDATA[CUSTOM_BLA_I_BOKA]]></wp:meta_value>
            </wp:postmeta>
            <wp:postmeta>
                <wp:meta_key>_lsb_look_inside</wp:meta_key>
                <wp:meta_value><![CDATA[lsb_acf_look_inside]]></wp:meta_value>
            </wp:postmeta>
            <category domain="lsb_tax_age" nicename="voksne"><![CDATA[voksne]]></category>
            <category domain="lsb_tax_genre" nicename="prosa"><![CDATA[prosa]]></category>
            <category domain="lsb_tax_topic" nicename="kjærlighet"><![CDATA[kjærlighet]]></category>
            <category domain="lsb_tax_topic" nicename="mennesker-i-mellom"><![CDATA[mennesker i mellom]]></category>
            <category domain="lsb_tax_language" nicename="no_nb"><![CDATA[bokmål]]></category>
            <category domain="lsb_tax_customization" nicename="skjønnlitteratur"><![CDATA[skjønnlitteratur]]></category>
            <wp:postmeta>
                <wp:meta_key>_thumbnail_id</wp:meta_key>
                <wp:meta_value><![CDATA[5652]]></wp:meta_value>
            </wp:postmeta>
        </item>
        <item>
            <title>Ditt-roede-haar-Unn.jpg</title>
            <wp:post_id>5652</wp:post_id>
            <wp:status>inherit</wp:status>
            <wp:post_type>attachment</wp:post_type>
            <wp:attachment_url>https://raw.githubusercontent.com/lesersokerbok/boksok.no-data-utils/master/output-example/images/5AD0D7132FBA45A2A394B8A23FF105FB.jpg</wp:attachment_url>
        </item>
        <item>
            <wp:post_type>lsb_book</wp:post_type>
            <wp:status>publish</wp:status>
            <title>Sosiale antenner har mange frekvenser</title>
            <excerpt:encoded><![CDATA[Denne boka handler om personer med mild grad av autisme.]]></excerpt:encoded>
            <wp:postmeta>
                <wp:meta_key>lsb_isbn</wp:meta_key>
                <wp:meta_value><![CDATA[9788293245032]]></wp:meta_value>
            </wp:postmeta>
            <wp:postmeta>
                <wp:meta_key>_lsb_isbn</wp:meta_key>
                <wp:meta_value><![CDATA[lsb_acf_isbn]]></wp:meta_value>
            </wp:postmeta>
            <wp:postmeta>
                <wp:meta_key>lsb_published_year</wp:meta_key>
                <wp:meta_value><![CDATA[2013]]></wp:meta_value>
            </wp:postmeta>
            <wp:postmeta>
                <wp:meta_key>_lsb_published_year</wp:meta_key>
                <wp:meta_value><![CDATA[lsb_acf_published_year]]></wp:meta_value>
            </wp:postmeta>
            <wp:postmeta>
                <wp:meta_key>lsb_pages</wp:meta_key>
                <wp:meta_value><![CDATA[96]]></wp:meta_value>
            </wp:postmeta>
            <wp:postmeta>
                <wp:meta_key>_lsb_pages</wp:meta_key>
                <wp:meta_value><![CDATA[lsb_acf_pages]]></wp:meta_value>
            </wp:postmeta>
            <wp:postmeta>
                <wp:meta_key>lsb_review</wp:meta_key>
                <wp:meta_value><![CDATA[  <div>Boka snakker både til en som har diagnosen, </div>  <div>og til de som kjenner en med autisme. </div>  <div>Her får leseren gode og viktige tips. </div>  <div>Et eksempel er blikkontakt: <br />  Når voksne sier "se meg i øynene!"</div>  <div>for å få barn og unge til å høre etter, <br />  er dette vanskelig for en med diagnose i autismespekteret (s.68).</div>  <div>Eller at det er forvirrende hvis andre sier </div>  <div>"her var det mye rot", når de mener </div>  <div>"nå må du hjelpe til med å rydde" (s.72).</div>  <div>Boka&#160;har mange sitater&#160;fra ungdom med autisme. <br />  Det er rørende og lærerikt å lese om deres erfaringer.</div>  <div>&#160;</div>  <div><strong>Sosiale antenner har mange frekvenser</strong> <br />  er en del av serien&#160;<strong>på baklomma</strong>. </div>  <div>Det betyr at den er tynn og myk og smal </div>  <div>og passer inn i en (stor) lomme.</div>  <div>&#160;</div>  <div><strong>Lisbeth Iglum Rønhovde</strong> er spesialpedagog <br />  med lang erfaring. </div>  <div>Hun er en etterspurt kursholder, <br />  og bøkene hennes er mye brukt av pedagoger.</div>  <div><strong>Ellen Ekevik</strong> er spesialpedagog&#160;<br />  og har lang erfaring i å arbeide med autisme.<br />  Hun har skrevet en rekke artikler om temaet. </div>  ]]></wp:meta_value>
            </wp:postmeta>
            <wp:postmeta>
                <wp:meta_key>_lsb_review</wp:meta_key>
                <wp:meta_value><![CDATA[lsb_acf_review]]></wp:meta_value>
            </wp:postmeta>
            <wp:postmeta>
                <wp:meta_key>lsb_quote</wp:meta_key>
                <wp:meta_value><![CDATA[Som besøkende fra en annen planet    Mange med autisme synes   mye av det som skjer i dagliglivet  virker fremmed.    De forstår lite av andre mennesker  og føler selv at de ikke blir forstått.    Noen sier at de føler seg som en alien -   som å komme fra en annen planet.    De synes at de har havnet et sted hvor  språket er helt uten mening  og andres handlinger uten logikk.]]></wp:meta_value>
            </wp:postmeta>
            <wp:postmeta>
                <wp:meta_key>_lsb_quote</wp:meta_key>
                <wp:meta_value><![CDATA[lsb_acf_quote]]></wp:meta_value>
            </wp:postmeta>
            <wp:postmeta>
                <wp:meta_key>lsb_supported</wp:meta_key>
                <wp:meta_value><![CDATA[1]]></wp:meta_value>
            </wp:postmeta>
            <wp:postmeta>
                <wp:meta_key>_lsb_supported</wp:meta_key>
                <wp:meta_value><![CDATA[lsb_acf_supported]]></wp:meta_value>
            </wp:postmeta>
            <wp:postmeta>
                <wp:meta_key>lsb_support_cat</wp:meta_key>
                <wp:meta_value><![CDATA[purple]]></wp:meta_value>
            </wp:postmeta>
            <wp:postmeta>
                <wp:meta_key>_lsb_support_cat</wp:meta_key>
                <wp:meta_value><![CDATA[lsb_acf_support_cat]]></wp:meta_value>
            </wp:postmeta>
            <category domain="lsb_tax_author" nicename="lisbeth-iglum-rønhovde-og-ellen-ekevik"><![CDATA[Lisbeth Iglum Rønhovde og Ellen Ekevik]]></category>
            <category domain="lsb_tax_publisher" nicename="infolitenbok"><![CDATA[InfolitenBOK]]></category>
            <category domain="lsb_tax_illustrator" nicename="foto:-jeanett-antonie-olesen"><![CDATA[Foto: Jeanett Antonie Olesen]]></category>
            <wp:postmeta>
                <wp:meta_key>lsb_look_inside</wp:meta_key>
                <wp:meta_value><![CDATA[CUSTOM_BLA_I_BOKA]]></wp:meta_value>
            </wp:postmeta>
            <wp:postmeta>
                <wp:meta_key>_lsb_look_inside</wp:meta_key>
                <wp:meta_value><![CDATA[lsb_acf_look_inside]]></wp:meta_value>
            </wp:postmeta>
            <category domain="lsb_tax_age" nicename="ungdom"><![CDATA[ungdom]]></category>
            <category domain="lsb_tax_age" nicename="voksne"><![CDATA[voksne]]></category>
            <category domain="lsb_tax_genre" nicename="faglitteratur"><![CDATA[faglitteratur]]></category>
            <category domain="lsb_tax_topic" nicename="mennesker-i-mellom"><![CDATA[mennesker i mellom]]></category>
            <category domain="lsb_tax_language" nicename="no_nb"><![CDATA[bokmål]]></category>
            <category domain="lsb_tax_customization" nicename="faglitteratur"><![CDATA[faglitteratur]]></category>
            <category domain="lsb_tax_customization" nicename="mange-bilder"><![CDATA[mange bilder]]></category>
            <wp:postmeta>
                <wp:meta_key>_thumbnail_id</wp:meta_key>
                <wp:meta_value><![CDATA[5653]]></wp:meta_value>
            </wp:postmeta>
        </item>
        <item>
            <title>antenner.png</title>
            <wp:post_id>5653</wp:post_id>
            <wp:status>inherit</wp:status>
            <wp:post_type>attachment</wp:post_type>
            <wp:attachment_url>https://raw.githubusercontent.com/lesersokerbok/boksok.no-data-utils/master/output-example/images/DF13E603FFAB4AC9816712C8B6148071.png</wp:attachment_url>
        </item>
        <item>
            <wp:post_type>lsb_book</wp:post_type>
            <wp:status>publish</wp:status>
            <title>Rasmus leikar med elden</title>
            <excerpt:encoded><![CDATA[Rasmus hamnar ofte midt i elden.   Det er flaks for han at han har Julia   når han kjem i trøbbel. ]]></excerpt:encoded>
            <wp:postmeta>
                <wp:meta_key>lsb_isbn</wp:meta_key>
                <wp:meta_value><![CDATA[9788293272014]]></wp:meta_value>
            </wp:postmeta>
            <wp:postmeta>
                <wp:meta_key>_lsb_isbn</wp:meta_key>
                <wp:meta_value><![CDATA[lsb_acf_isbn]]></wp:meta_value>
            </wp:postmeta>
            <wp:postmeta>
                <wp:meta_key>lsb_published_year</wp:meta_key>
                <wp:meta_value><![CDATA[2013]]></wp:meta_value>
            </wp:postmeta>
            <wp:postmeta>
                <wp:meta_key>_lsb_published_year</wp:meta_key>
                <wp:meta_value><![CDATA[lsb_acf_published_year]]></wp:meta_value>
            </wp:postmeta>
            <wp:postmeta>
                <wp:meta_key>lsb_pages</wp:meta_key>
                <wp:meta_value><![CDATA[upag]]></wp:meta_value>
            </wp:postmeta>
            <wp:postmeta>
                <wp:meta_key>_lsb_pages</wp:meta_key>
                <wp:meta_value><![CDATA[lsb_acf_pages]]></wp:meta_value>
            </wp:postmeta>
            <wp:postmeta>
                <wp:meta_key>lsb_review</wp:meta_key>
                <wp:meta_value><![CDATA[  <div>Det er ikkje noko ondt i Rasmus. </div>  <div>Men han må alltid rote det til for seg. </div>  <div>No må han byte skule. </div>  <div>Og dessuten skal han til politiet til forhøyr. </div>  <div>Men ingen kjenner Rasmus så godt som Julia</div>  <div>og ho er verkeleg ein god venn. </div>  <div>&#160;</div>  <div>Boka <strong>Rasmus leikar med elden</strong> </div>  <div>vart på eit seminar om lettlestbøker</div>  <div>på Nordens folkhögskola Biskop Arnö. </div>  <div>I kvar gruppe deltok</div>  <div>barne- og ungdomsforfattarar </div>  <div>og illustratørar frå ulike nordiske land. </div>  <div>Boka har seinare vore bearbeidd </div>  <div>av forfattarane i fellesskap. </div>  <div>&#160;</div>  <div><strong>Jan Ove Ulstein</strong>&#160;(født 1944)&#160;er ein norsk</div>  <div>teolog, forfattar og poet. </div>  <div>Han har skrive ei rekke bøker, både </div>  <div>barnebøker, romaner, salmer og dikt. </div>  ]]></wp:meta_value>
            </wp:postmeta>
            <wp:postmeta>
                <wp:meta_key>_lsb_review</wp:meta_key>
                <wp:meta_value><![CDATA[lsb_acf_review]]></wp:meta_value>
            </wp:postmeta>
            <wp:postmeta>
                <wp:meta_key>lsb_quote</wp:meta_key>
                <wp:meta_value><![CDATA[Brått snubla Rasmus i noko.  Men det var berre eit par trekasser.   Dei stod att etter skulen sin loppemarknad.  Det gav Rasmus ein lysande idé.   Han braut laus eit par små fjøler frå ei kasse.   Tok fram kniven  og flisa opp eine enden  så han vart som ein fakkel til å tenne på. ]]></wp:meta_value>
            </wp:postmeta>
            <wp:postmeta>
                <wp:meta_key>_lsb_quote</wp:meta_key>
                <wp:meta_value><![CDATA[lsb_acf_quote]]></wp:meta_value>
            </wp:postmeta>
            <wp:postmeta>
                <wp:meta_key>lsb_supported</wp:meta_key>
                <wp:meta_value><![CDATA[0]]></wp:meta_value>
            </wp:postmeta>
            <wp:postmeta>
                <wp:meta_key>_lsb_supported</wp:meta_key>
                <wp:meta_value><![CDATA[lsb_acf_supported]]></wp:meta_value>
            </wp:postmeta>
            <category domain="lsb_tax_author" nicename="jan-ove-ulstein-"><![CDATA[Jan Ove Ulstein ]]></category>
            <category domain="lsb_tax_publisher" nicename="ura-forlag"><![CDATA[Ura forlag]]></category>
            <category domain="lsb_tax_illustrator" nicename="inger-norberg-"><![CDATA[Inger Norberg ]]></category>
            <wp:postmeta>
                <wp:meta_key>lsb_look_inside</wp:meta_key>
                <wp:meta_value><![CDATA[CUSTOM_BLA_I_BOKA]]></wp:meta_value>
            </wp:postmeta>
            <wp:postmeta>
                <wp:meta_key>_lsb_look_inside</wp:meta_key>
                <wp:meta_value><![CDATA[lsb_acf_look_inside]]></wp:meta_value>
            </wp:postmeta>
            <category domain="lsb_tax_age" nicename="ungdom"><![CDATA[ungdom]]></category>
            <category domain="lsb_tax_genre" nicename="prosa"><![CDATA[prosa]]></category>
            <category domain="lsb_tax_language" nicename="no_nn"><![CDATA[nynorsk]]></category>
            <category domain="lsb_tax_customization" nicename="skjønnlitteratur"><![CDATA[skjønnlitteratur]]></category>
            <wp:postmeta>
                <wp:meta_key>_thumbnail_id</wp:meta_key>
                <wp:meta_value><![CDATA[5654]]></wp:meta_value>
            </wp:postmeta>
        </item>
        <item>
            <title>rasmus.jpg</title>
            <wp:post_id>5654</wp:post_id>
            <wp:status>inherit</wp:status>
            <wp:post_type>attachment</wp:post_type>
            <wp:attachment_url>https://raw.githubusercontent.com/lesersokerbok/boksok.no-data-utils/master/output-example/images/16D083CDA414442ABB7981F26C5C638D.jpg</wp:attachment_url>
        </item>
        <item>
            <wp:post_type>lsb_book</wp:post_type>
            <wp:status>publish</wp:status>
            <title>Korsfarerne 1-3</title>
            <excerpt:encoded><![CDATA[Unge Stefan har reist med familien fra Frankrike for å være med på korstog i Det hellige land. Året er 1186.]]></excerpt:encoded>
            <wp:postmeta>
                <wp:meta_key>lsb_isbn</wp:meta_key>
                <wp:meta_value><![CDATA[9788203255618]]></wp:meta_value>
            </wp:postmeta>
            <wp:postmeta>
                <wp:meta_key>_lsb_isbn</wp:meta_key>
                <wp:meta_value><![CDATA[lsb_acf_isbn]]></wp:meta_value>
            </wp:postmeta>
            <wp:postmeta>
                <wp:meta_key>lsb_published_year</wp:meta_key>
                <wp:meta_value><![CDATA[2013]]></wp:meta_value>
            </wp:postmeta>
            <wp:postmeta>
                <wp:meta_key>_lsb_published_year</wp:meta_key>
                <wp:meta_value><![CDATA[lsb_acf_published_year]]></wp:meta_value>
            </wp:postmeta>
            <wp:postmeta>
                <wp:meta_key>lsb_pages</wp:meta_key>
                <wp:meta_value><![CDATA[72]]></wp:meta_value>
            </wp:postmeta>
            <wp:postmeta>
                <wp:meta_key>_lsb_pages</wp:meta_key>
                <wp:meta_value><![CDATA[lsb_acf_pages]]></wp:meta_value>
            </wp:postmeta>
            <wp:postmeta>
                <wp:meta_key>lsb_review</wp:meta_key>
                <wp:meta_value><![CDATA[  <div>De kristne har hatt kontroll over Jerusalem i snart 100 år.&#160;</div>  <div>Nå vil hærfører Saladin vinne byen tilbake.</div>  <div>På begge sider vokser hærene. </div>  <div>Paven lovet at de som dro til Det hellige land </div>  <div>og kjempet mot muslimene, ville komme til himmelen. </div>  <div>Den store krigen er på trappene.</div>  <div>&#160;</div>  <div>Korsfarerne er spennende og lettlest, </div>  <div>tross&#160;noen uvanlige navn og ord fra middelalderen. </div>  <div>Boka har flotte, kraftfulle&#160;tegninger.</div>  <div>Skriften er stor og luftig.</div>  <div>&#160;</div>  <div>Steffen R. M. Sørum (født 1976) </div>  <div>er forfatter og redaktør i forlag. </div>  <div>Han har skrevet en rekke bøker </div>  <div>for barn, ungdom og voksne.</div>  <div>&#160;</div>  ]]></wp:meta_value>
            </wp:postmeta>
            <wp:postmeta>
                <wp:meta_key>_lsb_review</wp:meta_key>
                <wp:meta_value><![CDATA[lsb_acf_review]]></wp:meta_value>
            </wp:postmeta>
            <wp:postmeta>
                <wp:meta_key>lsb_quote</wp:meta_key>
                <wp:meta_value><![CDATA[Stefan kjenner at han er redd. Han og   Anna holder seg tett ved moren. Det er det  tryggeste.   Er det her de skal være? Skulle de ikke til   Jerusalem? De voksne mumler og snakker forvirret sammen. Stefan lurer på når faren  og alle de andre mennene kommer tilbake?    Endelig dukker Bohemond opp. Nå har han   fått seg en ny hest. Sammen med ham rir det  en gruppe riddere. De er kledd i hvitt og har   røde kors på drakten.]]></wp:meta_value>
            </wp:postmeta>
            <wp:postmeta>
                <wp:meta_key>_lsb_quote</wp:meta_key>
                <wp:meta_value><![CDATA[lsb_acf_quote]]></wp:meta_value>
            </wp:postmeta>
            <wp:postmeta>
                <wp:meta_key>lsb_supported</wp:meta_key>
                <wp:meta_value><![CDATA[0]]></wp:meta_value>
            </wp:postmeta>
            <wp:postmeta>
                <wp:meta_key>_lsb_supported</wp:meta_key>
                <wp:meta_value><![CDATA[lsb_acf_supported]]></wp:meta_value>
            </wp:postmeta>
            <category domain="lsb_tax_author" nicename="steffen-r.-m.--sørum"><![CDATA[Steffen R. M.  Sørum]]></category>
            <category domain="lsb_tax_publisher" nicename="aschehoug"><![CDATA[Aschehoug]]></category>
            <category domain="lsb_tax_illustrator" nicename="elin-maria-bugge"><![CDATA[Elin Maria Bugge]]></category>
            <wp:postmeta>
                <wp:meta_key>lsb_look_inside</wp:meta_key>
                <wp:meta_value><![CDATA[CUSTOM_BLA_I_BOKA]]></wp:meta_value>
            </wp:postmeta>
            <wp:postmeta>
                <wp:meta_key>_lsb_look_inside</wp:meta_key>
                <wp:meta_value><![CDATA[lsb_acf_look_inside]]></wp:meta_value>
            </wp:postmeta>
            <category domain="lsb_tax_age" nicename="ungdom"><![CDATA[ungdom]]></category>
            <category domain="lsb_tax_topic" nicename="krim"><![CDATA[krim]]></category>
            <category domain="lsb_tax_topic" nicename="spenning"><![CDATA[spenning]]></category>
            <category domain="lsb_tax_topic" nicename="historie"><![CDATA[historie]]></category>
            <category domain="lsb_tax_topic" nicename="samfunn"><![CDATA[samfunn]]></category>
            <category domain="lsb_tax_language" nicename="no_nb"><![CDATA[bokmål]]></category>
            <category domain="lsb_tax_customization" nicename="skjønnlitteratur"><![CDATA[skjønnlitteratur]]></category>
            <category domain="lsb_tax_customization" nicename="faglitteratur"><![CDATA[faglitteratur]]></category>
            <category domain="lsb_tax_customization" nicename="mange-bilder"><![CDATA[mange bilder]]></category>
            <wp:postmeta>
                <wp:meta_key>_thumbnail_id</wp:meta_key>
                <wp:meta_value><![CDATA[5655]]></wp:meta_value>
            </wp:postmeta>
        </item>
        <item>
            <title>Korsfarerne_Sorum.jpg</title>
            <wp:post_id>5655</wp:post_id>
            <wp:status>inherit</wp:status>
            <wp:post_type>attachment</wp:post_type>
            <wp:attachment_url>https://raw.githubusercontent.com/lesersokerbok/boksok.no-data-utils/master/output-example/images/260738BC0D1D40B89C20FC64B3BFE24D.jpg</wp:attachment_url>
        </item>
        <item>
            <wp:post_type>lsb_book</wp:post_type>
            <wp:status>publish</wp:status>
            <title>Hvis noen ser meg nå</title>
            <excerpt:encoded><![CDATA[Mona og Vanja er eneggede tvillinger.   De ser like ut, men må skape seg en egen identitet.]]></excerpt:encoded>
            <wp:postmeta>
                <wp:meta_key>lsb_isbn</wp:meta_key>
                <wp:meta_value><![CDATA[9788202423490]]></wp:meta_value>
            </wp:postmeta>
            <wp:postmeta>
                <wp:meta_key>_lsb_isbn</wp:meta_key>
                <wp:meta_value><![CDATA[lsb_acf_isbn]]></wp:meta_value>
            </wp:postmeta>
            <wp:postmeta>
                <wp:meta_key>lsb_published_year</wp:meta_key>
                <wp:meta_value><![CDATA[2013]]></wp:meta_value>
            </wp:postmeta>
            <wp:postmeta>
                <wp:meta_key>_lsb_published_year</wp:meta_key>
                <wp:meta_value><![CDATA[lsb_acf_published_year]]></wp:meta_value>
            </wp:postmeta>
            <wp:postmeta>
                <wp:meta_key>lsb_pages</wp:meta_key>
                <wp:meta_value><![CDATA[240]]></wp:meta_value>
            </wp:postmeta>
            <wp:postmeta>
                <wp:meta_key>_lsb_pages</wp:meta_key>
                <wp:meta_value><![CDATA[lsb_acf_pages]]></wp:meta_value>
            </wp:postmeta>
            <wp:postmeta>
                <wp:meta_key>lsb_review</wp:meta_key>
                <wp:meta_value><![CDATA[  <div>I <strong>Hvis noen ser meg nå</strong> følger vi jentene</div>  <div>i tre viktige halvår i livene deres:<br />  Et halvt år på ungdomsskolen,<br />  det første halve året på hybel,</div>  <div>et halvt år som unge voksne.&#160;</div>  <div>De er sammen, men må likevel finne ut av</div>  <div>livene sine alene.</div>  <div>&#160;</div>  <div><strong>Hvis noen ser meg nå</strong></div>  <div>er en god og engasjerende bok.</div>  <div>Den handler ikke bare om å "finne seg sjæl",</div>  <div>men også å finne seg selv i forhold til andre.</div>  <div>Gjennom Vanjas øyne ser vi to ulike </div>  <div>strategier for å mestre livet,</div>  <div>og to ulike slagsider.</div>  <div><br />  </div>  <div>Boka &#160;har et enkelt og liketil språk,</div>  <div>men noen lange setninger.</div>  <div>&#160;</div>  <div>Benedicte Meyer Kroneberg (født 1972) </div>  <div>har gitt ut tre bøker. Den første boka hennes,</div>  <div><strong>Ingen skal høre hvor stille det er</strong>,</div>  <div>ble kalt årets debutant av Aftenposten i 2010.<br />  Den anbefales også i Boksøk.&#160;</div>  <div>&#160;</div>  ]]></wp:meta_value>
            </wp:postmeta>
            <wp:postmeta>
                <wp:meta_key>_lsb_review</wp:meta_key>
                <wp:meta_value><![CDATA[lsb_acf_review]]></wp:meta_value>
            </wp:postmeta>
            <wp:postmeta>
                <wp:meta_key>lsb_quote</wp:meta_key>
                <wp:meta_value><![CDATA[Av og til er hun så sliten når hun legger seg om kvelden.   Sliten i hver eneste muskel, sliten helt inn til beinet. Da  tenker hun på om hun likevel kunne sluttet. Jeg kunne  gitt meg, tenker hun, Mona kunne flytte inn hit igjen, vi  kunne ligge og prate med nattlampene på og Mona kunne   krype oppi til meg og jeg kunne være som henne; myk,  rund. Men det går ikke, hun blir redd når hun tenker  den tanken, hun forsvinner i den, blir borte. Hvem er hun  da? Hun kan ikke være Mona. Det går ikke, det er   umulig.      Jeg kan ikke være Mona, tenker hun, jeg må være meg,   Vanja. ]]></wp:meta_value>
            </wp:postmeta>
            <wp:postmeta>
                <wp:meta_key>_lsb_quote</wp:meta_key>
                <wp:meta_value><![CDATA[lsb_acf_quote]]></wp:meta_value>
            </wp:postmeta>
            <wp:postmeta>
                <wp:meta_key>lsb_supported</wp:meta_key>
                <wp:meta_value><![CDATA[0]]></wp:meta_value>
            </wp:postmeta>
            <wp:postmeta>
                <wp:meta_key>_lsb_supported</wp:meta_key>
                <wp:meta_value><![CDATA[lsb_acf_supported]]></wp:meta_value>
            </wp:postmeta>
            <category domain="lsb_tax_author" nicename="benedicte-meyer-kroneberg"><![CDATA[Benedicte Meyer Kroneberg]]></category>
            <category domain="lsb_tax_publisher" nicename="cappelen-damm"><![CDATA[Cappelen Damm]]></category>
            <wp:postmeta>
                <wp:meta_key>lsb_look_inside</wp:meta_key>
                <wp:meta_value><![CDATA[CUSTOM_BLA_I_BOKA]]></wp:meta_value>
            </wp:postmeta>
            <wp:postmeta>
                <wp:meta_key>_lsb_look_inside</wp:meta_key>
                <wp:meta_value><![CDATA[lsb_acf_look_inside]]></wp:meta_value>
            </wp:postmeta>
            <category domain="lsb_tax_age" nicename="voksne"><![CDATA[voksne]]></category>
            <category domain="lsb_tax_topic" nicename="mennesker-i-mellom"><![CDATA[mennesker i mellom]]></category>
            <category domain="lsb_tax_language" nicename="no_nb"><![CDATA[bokmål]]></category>
            <category domain="lsb_tax_customization" nicename="skjønnlitteratur"><![CDATA[skjønnlitteratur]]></category>
            <wp:postmeta>
                <wp:meta_key>_thumbnail_id</wp:meta_key>
                <wp:meta_value><![CDATA[5656]]></wp:meta_value>
            </wp:postmeta>
        </item>
        <item>
            <title>Hvis noen ser meg na_423490.jpg</title>
            <wp:post_id>5656</wp:post_id>
            <wp:status>inherit</wp:status>
            <wp:post_type>attachment</wp:post_type>
            <wp:attachment_url>https://raw.githubusercontent.com/lesersokerbok/boksok.no-data-utils/master/output-example/images/01A3BD865BE446288570D8E6516433F6.jpg</wp:attachment_url>
        </item>
        <item>
            <wp:post_type>lsb_book</wp:post_type>
            <wp:status>publish</wp:status>
            <title>KONGEN DIN - BOK 2</title>
            <excerpt:encoded><![CDATA[Twitreren @KongenDin har gitt ut bok nummer to.]]></excerpt:encoded>
            <wp:postmeta>
                <wp:meta_key>lsb_isbn</wp:meta_key>
                <wp:meta_value><![CDATA[9788202424701]]></wp:meta_value>
            </wp:postmeta>
            <wp:postmeta>
                <wp:meta_key>_lsb_isbn</wp:meta_key>
                <wp:meta_value><![CDATA[lsb_acf_isbn]]></wp:meta_value>
            </wp:postmeta>
            <wp:postmeta>
                <wp:meta_key>lsb_published_year</wp:meta_key>
                <wp:meta_value><![CDATA[2013]]></wp:meta_value>
            </wp:postmeta>
            <wp:postmeta>
                <wp:meta_key>_lsb_published_year</wp:meta_key>
                <wp:meta_value><![CDATA[lsb_acf_published_year]]></wp:meta_value>
            </wp:postmeta>
            <wp:postmeta>
                <wp:meta_key>lsb_pages</wp:meta_key>
                <wp:meta_value><![CDATA[144]]></wp:meta_value>
            </wp:postmeta>
            <wp:postmeta>
                <wp:meta_key>_lsb_pages</wp:meta_key>
                <wp:meta_value><![CDATA[lsb_acf_pages]]></wp:meta_value>
            </wp:postmeta>
            <wp:postmeta>
                <wp:meta_key>lsb_review</wp:meta_key>
                <wp:meta_value><![CDATA[  <div style="line-height: 142%; margin: 0cm 0cm 0pt;" class="MsoNormal"><span style="line-height: 142%;">Bli enda bedre kjent med Harald Rex.</span></div>  <div style="line-height: 142%; margin: 0cm 0cm 0pt;" class="MsoNormal"><span style="line-height: 142%;">Hva mener han om sport?</span></div>  <div style="line-height: 142%; margin: 0cm 0cm 0pt;" class="MsoNormal"><span style="line-height: 142%;">Hva liker han å spise?</span></div>  <div style="line-height: 142%; margin: 0cm 0cm 0pt;" class="MsoNormal"><span style="line-height: 142%;">Hvordan synes han det er i Amazonas?</span></div>  <div style="line-height: 142%; margin: 0cm 0cm 0pt;" class="MsoNormal"><span style="line-height: 142%;">Hvordan lager han disco på slottet?</span></div>  <div style="line-height: 142%; margin: 0cm 0cm 0pt;" class="MsoNormal"><span style="line-height: 142%;">Hva drømmer han om?</span></div>  <div style="line-height: 142%; margin: 0cm 0cm 0pt;" class="MsoNormal"><span style="line-height: 142%;">&#160;</span></div>  <div style="line-height: 142%; margin: 0cm 0cm 0pt;" class="MsoNormal"><span style="line-height: 142%;">På Twitter fins det mange kontoer</span></div>  <div style="line-height: 142%; margin: 0cm 0cm 0pt;" class="MsoNormal"><span style="line-height: 142%;">som ikke er det de gir seg ut for å være.</span></div>  <div style="line-height: 142%; margin: 0cm 0cm 0pt;" class="MsoNormal"><span style="line-height: 142%;">@KongenDin er absolutt den mest populære</span></div>  <div style="line-height: 142%; margin: 0cm 0cm 0pt;" class="MsoNormal"><span style="line-height: 142%;">her i Norge.</span></div>  <div style="line-height: 142%; margin: 0cm 0cm 0pt;" class="MsoNormal"><span style="line-height: 142%;">&#160;</span></div>  <div style="line-height: 142%; margin: 0cm 0cm 0pt;" class="MsoNormal"><span style="line-height: 142%;">@KongenDin er laget av</span></div>  <div style="line-height: 142%; margin: 0cm 0cm 0pt;" class="MsoNormal"><span style="line-height: 142%;">Odd-Magnus Williamson </span></div>  <div style="line-height: 142%; margin: 0cm 0cm 0pt;" class="MsoNormal"><span style="line-height: 142%;">og Sindre Wexelsen Goksøyr.  <p>&#160;</p></span></div>  ]]></wp:meta_value>
            </wp:postmeta>
            <wp:postmeta>
                <wp:meta_key>_lsb_review</wp:meta_key>
                <wp:meta_value><![CDATA[lsb_acf_review]]></wp:meta_value>
            </wp:postmeta>
            <wp:postmeta>
                <wp:meta_key>lsb_quote</wp:meta_key>
                <wp:meta_value><![CDATA[DRØMTE AT JEG GIKK  NED I SPAGATEN PÅ  SLOTTSBALKONGEN  PÅ 17. MAI, SLIK  AT DERE BARE SÅ   EN FLOSSHATT  ]]></wp:meta_value>
            </wp:postmeta>
            <wp:postmeta>
                <wp:meta_key>_lsb_quote</wp:meta_key>
                <wp:meta_value><![CDATA[lsb_acf_quote]]></wp:meta_value>
            </wp:postmeta>
            <wp:postmeta>
                <wp:meta_key>lsb_supported</wp:meta_key>
                <wp:meta_value><![CDATA[0]]></wp:meta_value>
            </wp:postmeta>
            <wp:postmeta>
                <wp:meta_key>_lsb_supported</wp:meta_key>
                <wp:meta_value><![CDATA[lsb_acf_supported]]></wp:meta_value>
            </wp:postmeta>
            <category domain="lsb_tax_author" nicename="harald-rex-(alias-odd-magnus-williamson)"><![CDATA[Harald Rex (alias Odd-Magnus Williamson)]]></category>
            <category domain="lsb_tax_publisher" nicename="cappelen-damm"><![CDATA[Cappelen Damm]]></category>
            <category domain="lsb_tax_illustrator" nicename="sindre-wexelsen-goksøyr"><![CDATA[Sindre Wexelsen Goksøyr]]></category>
            <wp:postmeta>
                <wp:meta_key>lsb_look_inside</wp:meta_key>
                <wp:meta_value><![CDATA[CUSTOM_BLA_I_BOKA]]></wp:meta_value>
            </wp:postmeta>
            <wp:postmeta>
                <wp:meta_key>_lsb_look_inside</wp:meta_key>
                <wp:meta_value><![CDATA[lsb_acf_look_inside]]></wp:meta_value>
            </wp:postmeta>
            <category domain="lsb_tax_age" nicename="voksne"><![CDATA[voksne]]></category>
            <category domain="lsb_tax_age" nicename="ungdom"><![CDATA[ungdom]]></category>
            <category domain="lsb_tax_age" nicename="barn"><![CDATA[barn]]></category>
            <category domain="lsb_tax_topic" nicename="humor"><![CDATA[humor]]></category>
            <category domain="lsb_tax_language" nicename="no_nb"><![CDATA[bokmål]]></category>
            <category domain="lsb_tax_customization" nicename="bilder"><![CDATA[bilder]]></category>
            <category domain="lsb_tax_customization" nicename="mange-bilder"><![CDATA[mange bilder]]></category>
            <wp:postmeta>
                <wp:meta_key>_thumbnail_id</wp:meta_key>
                <wp:meta_value><![CDATA[5657]]></wp:meta_value>
            </wp:postmeta>
        </item>
        <item>
            <title>Williamson_KongenDin2.jpg</title>
            <wp:post_id>5657</wp:post_id>
            <wp:status>inherit</wp:status>
            <wp:post_type>attachment</wp:post_type>
            <wp:attachment_url>https://raw.githubusercontent.com/lesersokerbok/boksok.no-data-utils/master/output-example/images/4362EB3D94FC42BC8CC81138B5959730.jpg</wp:attachment_url>
        </item>
        <item>
            <wp:post_type>lsb_book</wp:post_type>
            <wp:status>publish</wp:status>
            <title>Tryllemannen</title>
            <excerpt:encoded><![CDATA[Tryllemannen er en alvorlig bok   om mangel på omsorg, og om overgrep.   Om å føle seg utafor og å vite at den eneste   som virkelig kan gjøre noe for å endre noe, er en sjøl. ]]></excerpt:encoded>
            <wp:postmeta>
                <wp:meta_key>lsb_isbn</wp:meta_key>
                <wp:meta_value><![CDATA[9788205461628]]></wp:meta_value>
            </wp:postmeta>
            <wp:postmeta>
                <wp:meta_key>_lsb_isbn</wp:meta_key>
                <wp:meta_value><![CDATA[lsb_acf_isbn]]></wp:meta_value>
            </wp:postmeta>
            <wp:postmeta>
                <wp:meta_key>lsb_published_year</wp:meta_key>
                <wp:meta_value><![CDATA[2014]]></wp:meta_value>
            </wp:postmeta>
            <wp:postmeta>
                <wp:meta_key>_lsb_published_year</wp:meta_key>
                <wp:meta_value><![CDATA[lsb_acf_published_year]]></wp:meta_value>
            </wp:postmeta>
            <wp:postmeta>
                <wp:meta_key>lsb_pages</wp:meta_key>
                <wp:meta_value><![CDATA[134]]></wp:meta_value>
            </wp:postmeta>
            <wp:postmeta>
                <wp:meta_key>_lsb_pages</wp:meta_key>
                <wp:meta_value><![CDATA[lsb_acf_pages]]></wp:meta_value>
            </wp:postmeta>
            <wp:postmeta>
                <wp:meta_key>lsb_review</wp:meta_key>
                <wp:meta_value><![CDATA[  <div>  <div>Hovedpersonen Otto er helt usynlig for alle på skolen.</div>  <div>Det eneste han vil er å få venner. Å bli sett.</div>  <div>Men den eneste som legger merke til ham </div>  <div>er Tryllemannen.Tryllemannen bor i skogen. </div>  <div>Han lærer Otto å trylle,</div>  <div>men stryker ham også over magen.</div>  <div>Det er ikke greit. Likevel drar Otto tilbake til skogen.&#160;</div>  <div>&#160;</div>  <div>Boka har korte, enkle setninger.</div>  <div>Det er mange avsnitt med mye luft. Korte kapitler.</div>  <div>Stilen er muntlig og det skjer noe hele tida:</div>  <div>Det er vanskelig å legge boka vekk.&#160;</div>  <div>&#160;</div>  <div>Bjørn Ingvaldsen har gitt ut</div>  <div>mer enn 40 bøker i ulike sjangre.</div>  <div>Han skriver både for barn, ungdom og voksne.&#160;</div>  <br />  </div>  ]]></wp:meta_value>
            </wp:postmeta>
            <wp:postmeta>
                <wp:meta_key>_lsb_review</wp:meta_key>
                <wp:meta_value><![CDATA[lsb_acf_review]]></wp:meta_value>
            </wp:postmeta>
            <wp:postmeta>
                <wp:meta_key>lsb_quote</wp:meta_key>
                <wp:meta_value><![CDATA[Skolen var snart slutt, og det var sommer. Vi skulle på tur, avslutningstur, kose oss ute i skogen et sted, et sted ved et tjern, brenne bål. Steke pølser. Jeg fant tomflasker på et sted jeg visste om, et sted der folk pleide å drikke øl. Dem pantet jeg og kjøpte ei pakke pølser for. Og ei flaske brus. Klassen skulle sykle. Jeg kunne si at sykkelen min var ødelagt og at jeg heller ville gå, men da hadde jeg sikkert ikke fått bli med. Derfor sa jeg ikke noe, bare gikk mot skogen og stien inn til tjernet. Ingen la merke til at jeg plutselig var der. Noen hadde syklet fort, noen syklet seint, noen kom sammen med læreren. Jeg bare dukket fram og var med. Så lekte vi og koste oss. Stekte pølser på lange greiner vi stakk inn i bålet. Noen hadde med ketsjup, jeg tok litt, ingen sa at jeg ikke fikk lov. Jeg fikk sikkert lov.]]></wp:meta_value>
            </wp:postmeta>
            <wp:postmeta>
                <wp:meta_key>_lsb_quote</wp:meta_key>
                <wp:meta_value><![CDATA[lsb_acf_quote]]></wp:meta_value>
            </wp:postmeta>
            <wp:postmeta>
                <wp:meta_key>lsb_supported</wp:meta_key>
                <wp:meta_value><![CDATA[0]]></wp:meta_value>
            </wp:postmeta>
            <wp:postmeta>
                <wp:meta_key>_lsb_supported</wp:meta_key>
                <wp:meta_value><![CDATA[lsb_acf_supported]]></wp:meta_value>
            </wp:postmeta>
            <category domain="lsb_tax_author" nicename="bjørn-ingvaldsen"><![CDATA[Bjørn Ingvaldsen]]></category>
            <category domain="lsb_tax_publisher" nicename="gyldendal"><![CDATA[Gyldendal]]></category>
            <wp:postmeta>
                <wp:meta_key>lsb_look_inside</wp:meta_key>
                <wp:meta_value><![CDATA[CUSTOM_BLA_I_BOKA]]></wp:meta_value>
            </wp:postmeta>
            <wp:postmeta>
                <wp:meta_key>_lsb_look_inside</wp:meta_key>
                <wp:meta_value><![CDATA[lsb_acf_look_inside]]></wp:meta_value>
            </wp:postmeta>
            <category domain="lsb_tax_age" nicename="ungdom"><![CDATA[ungdom]]></category>
            <category domain="lsb_tax_age" nicename="voksne"><![CDATA[voksne]]></category>
            <category domain="lsb_tax_genre" nicename="prosa"><![CDATA[prosa]]></category>
            <category domain="lsb_tax_topic" nicename="mennesker-i-mellom"><![CDATA[mennesker i mellom]]></category>
            <category domain="lsb_tax_language" nicename="no_nb"><![CDATA[bokmål]]></category>
            <category domain="lsb_tax_customization" nicename="skjønnlitteratur"><![CDATA[skjønnlitteratur]]></category>
            <wp:postmeta>
                <wp:meta_key>_thumbnail_id</wp:meta_key>
                <wp:meta_value><![CDATA[5658]]></wp:meta_value>
            </wp:postmeta>
        </item>
        <item>
            <title>Tryllemannen_hd_image.jpg</title>
            <wp:post_id>5658</wp:post_id>
            <wp:status>inherit</wp:status>
            <wp:post_type>attachment</wp:post_type>
            <wp:attachment_url>https://raw.githubusercontent.com/lesersokerbok/boksok.no-data-utils/master/output-example/images/3B9A0AF5E57F411493B3CF9C809BEA19.jpg</wp:attachment_url>
        </item>
        <item>
            <wp:post_type>lsb_book</wp:post_type>
            <wp:status>publish</wp:status>
            <title>Frå Ragnar til alle</title>
            <excerpt:encoded><![CDATA[Kvifor ikkje samle e-post   frå Ragnar Hovland og kalle det ei bok?]]></excerpt:encoded>
            <wp:postmeta>
                <wp:meta_key>lsb_isbn</wp:meta_key>
                <wp:meta_value><![CDATA[9788252184129]]></wp:meta_value>
            </wp:postmeta>
            <wp:postmeta>
                <wp:meta_key>_lsb_isbn</wp:meta_key>
                <wp:meta_value><![CDATA[lsb_acf_isbn]]></wp:meta_value>
            </wp:postmeta>
            <wp:postmeta>
                <wp:meta_key>lsb_published_year</wp:meta_key>
                <wp:meta_value><![CDATA[2013]]></wp:meta_value>
            </wp:postmeta>
            <wp:postmeta>
                <wp:meta_key>_lsb_published_year</wp:meta_key>
                <wp:meta_value><![CDATA[lsb_acf_published_year]]></wp:meta_value>
            </wp:postmeta>
            <wp:postmeta>
                <wp:meta_key>lsb_pages</wp:meta_key>
                <wp:meta_value><![CDATA[143]]></wp:meta_value>
            </wp:postmeta>
            <wp:postmeta>
                <wp:meta_key>_lsb_pages</wp:meta_key>
                <wp:meta_value><![CDATA[lsb_acf_pages]]></wp:meta_value>
            </wp:postmeta>
            <wp:postmeta>
                <wp:meta_key>lsb_review</wp:meta_key>
                <wp:meta_value><![CDATA[  <div>  Det er nett det forlaget Samlaget  har gjort: </div>  <div>Mellom 2000 og 2009 sende Hovland </div>  <div>meir eller mindre  viktige e-postar </div>  <div>til alle på Samlaget. Han var på den tida </div>  <div>forlagets litterære  hovudkonsulent, </div>  <div>og hadde truleg behov for å uttrykkja seg. </div>  <div>Som  ein jo gjerne har, når ein er forfattar.</div>  <p>&#160;</p>  <div>E-postformatet er kjend for dei fleste,  </div>  <div>og stort sett er ikkje e-postane lengre </div>  <div>enn at ein orkar å lese dei. </div>  <div>Noko  forvirrande kan det vere at det av og til </div>  <div>dukkar opp ein tråd, og då må ein  lesa </div>  <div>nedanfrå og opp for å skjøna meininga. </div>  <div>Som jo er motsett av vanleg lesing. </div>  <div>Boka  har munnleg språk, </div>  <div>men nokon framandord sprett opp innimellom.&#160;</div>  <p>&#160;</p>  <div>Boka kan nytjast som  eit lite pusterom </div>  <div>frå eigen kvardag. Eller som ei studie </div>  <div>i forlagsverdas  ulike utfordringar. </div>  <div>Ein slags rapport frå  forlagets innside. </div>  <div>Eller som eit innblikk i  Hovlands merkelege hovud. </div>  <div>Eller: Berre for kosens skuld.</div> <br />    <div>Ragnar Hovland er forfattar, dramatikar, omsetjar og musikar. </div>  <div>Han debuterte i 1979&#160;med romanen&#160;<strong>Alltid fleire dagar</strong>. </div>  <div>Hovland skriv for barn, ungdom og vaksne, på&#160;nynorsk.&#160;</div><br />    ]]></wp:meta_value>
            </wp:postmeta>
            <wp:postmeta>
                <wp:meta_key>_lsb_review</wp:meta_key>
                <wp:meta_value><![CDATA[lsb_acf_review]]></wp:meta_value>
            </wp:postmeta>
            <wp:postmeta>
                <wp:meta_key>lsb_quote</wp:meta_key>
                <wp:meta_value><![CDATA[Fra: Ragnar Hovland  Sendt: 4. april 2002 14:15  Til: Det Norske Samlaget  Emne: Kvifor har ingen tenkt på det før?    Eg trur mange frustrasjonar her på forlaget kan unngåast   dersom ein sender ut eit rundskriv til forfattarane   om at dei må skrive betre.   Deretter kan dei sende inn manusa sine.]]></wp:meta_value>
            </wp:postmeta>
            <wp:postmeta>
                <wp:meta_key>_lsb_quote</wp:meta_key>
                <wp:meta_value><![CDATA[lsb_acf_quote]]></wp:meta_value>
            </wp:postmeta>
            <wp:postmeta>
                <wp:meta_key>lsb_supported</wp:meta_key>
                <wp:meta_value><![CDATA[0]]></wp:meta_value>
            </wp:postmeta>
            <wp:postmeta>
                <wp:meta_key>_lsb_supported</wp:meta_key>
                <wp:meta_value><![CDATA[lsb_acf_supported]]></wp:meta_value>
            </wp:postmeta>
            <category domain="lsb_tax_author" nicename="ragnar-hovland"><![CDATA[Ragnar Hovland]]></category>
            <category domain="lsb_tax_publisher" nicename="samlaget"><![CDATA[Samlaget]]></category>
            <wp:postmeta>
                <wp:meta_key>lsb_look_inside</wp:meta_key>
                <wp:meta_value><![CDATA[CUSTOM_BLA_I_BOKA]]></wp:meta_value>
            </wp:postmeta>
            <wp:postmeta>
                <wp:meta_key>_lsb_look_inside</wp:meta_key>
                <wp:meta_value><![CDATA[lsb_acf_look_inside]]></wp:meta_value>
            </wp:postmeta>
            <category domain="lsb_tax_age" nicename="voksne"><![CDATA[voksne]]></category>
            <category domain="lsb_tax_topic" nicename="humor"><![CDATA[humor]]></category>
            <category domain="lsb_tax_language" nicename="no_nn"><![CDATA[nynorsk]]></category>
            <category domain="lsb_tax_customization" nicename="faglitteratur"><![CDATA[faglitteratur]]></category>
            <wp:postmeta>
                <wp:meta_key>_thumbnail_id</wp:meta_key>
                <wp:meta_value><![CDATA[5659]]></wp:meta_value>
            </wp:postmeta>
        </item>
        <item>
            <title>hovland.jpg</title>
            <wp:post_id>5659</wp:post_id>
            <wp:status>inherit</wp:status>
            <wp:post_type>attachment</wp:post_type>
            <wp:attachment_url>https://raw.githubusercontent.com/lesersokerbok/boksok.no-data-utils/master/output-example/images/035882D987C74D0AB072E39657ECEE72.jpg</wp:attachment_url>
        </item>
        <item>
            <wp:post_type>lsb_book</wp:post_type>
            <wp:status>publish</wp:status>
            <title>Kniplinger</title>
            <excerpt:encoded><![CDATA[Vi fødes, vi lever, vi dør.   Dette er en diktsamling om nettopp det. ]]></excerpt:encoded>
            <wp:postmeta>
                <wp:meta_key>lsb_isbn</wp:meta_key>
                <wp:meta_value><![CDATA[9788210053467]]></wp:meta_value>
            </wp:postmeta>
            <wp:postmeta>
                <wp:meta_key>_lsb_isbn</wp:meta_key>
                <wp:meta_value><![CDATA[lsb_acf_isbn]]></wp:meta_value>
            </wp:postmeta>
            <wp:postmeta>
                <wp:meta_key>lsb_published_year</wp:meta_key>
                <wp:meta_value><![CDATA[2013]]></wp:meta_value>
            </wp:postmeta>
            <wp:postmeta>
                <wp:meta_key>_lsb_published_year</wp:meta_key>
                <wp:meta_value><![CDATA[lsb_acf_published_year]]></wp:meta_value>
            </wp:postmeta>
            <wp:postmeta>
                <wp:meta_key>lsb_pages</wp:meta_key>
                <wp:meta_value><![CDATA[72]]></wp:meta_value>
            </wp:postmeta>
            <wp:postmeta>
                <wp:meta_key>_lsb_pages</wp:meta_key>
                <wp:meta_value><![CDATA[lsb_acf_pages]]></wp:meta_value>
            </wp:postmeta>
            <wp:postmeta>
                <wp:meta_key>lsb_review</wp:meta_key>
                <wp:meta_value><![CDATA[  <div>Kniplinger er en fortellende diktsamling </div>  <div>som handler om et par som får sitt første barn. </div>  <div>Den handler om hva det gjør med dem som mor og far. </div>  <div>Den handler om hva det gjør </div>  <div>med jeg-personen i fortellinga, moren til barnet. </div>  <div>Om hvordan et liv formes. </div>  <div>Og om hva man står igjen med når det ender.&#160;</div>  <div>  <div>&#160;</div></div>  <div>  <div>Forfatteren beskriver livet fra begynnelse til slutt. </div>  <div>Søker etter å finne fram til de ordene </div>  <div>vi må bruke for å forstå oss selv. </div>  <div>De ordene som på skolen het nøkkelordene: </div>  <div>«de vi trenger </div>  <div>hvis vi en gang i fremtiden </div>  <div>må gjenfortelle historien.»</div>  <div>&#160;</div>  <div>Diktsamlinga er delt inn i fire deler: </div>  <div>Vi fødes. Vi vokser opp. Vi blir eldre. Vi dør.&#160;</div>  <div>Språket er stort sett enkelt </div>  <div>og diktene er lette å lese, </div>  <div>uten vanskelige språklige bilder. </div>  <div>Noen fremmedord innimellom.&#160;</div>  <div>  <div>&#160;</div>  <div>  <div>Tiril Broch Aakre er født i Oslo og bor i Hakadal.&#160;</div>  <div><strong>Kniplinger</strong>&#160;er hennes første bok.&#160;</div>  <div>Hun jobber som oversetter og konsulent.&#160;</div>&#160;</div>&#160;</div></div>  ]]></wp:meta_value>
            </wp:postmeta>
            <wp:postmeta>
                <wp:meta_key>_lsb_review</wp:meta_key>
                <wp:meta_value><![CDATA[lsb_acf_review]]></wp:meta_value>
            </wp:postmeta>
            <wp:postmeta>
                <wp:meta_key>lsb_quote</wp:meta_key>
                <wp:meta_value><![CDATA[En klokke begynte å tikke da hun ble født  hennes alder  er resten av mitt liv    Hun er to uker gammel  jeg er tom for ord  og melk  jeg løfter opp genseren og viser ham brystene  de er plutselig myke og slunkne  og barnet vårt har begynt å snu seg bort fra dem  En gang i tiden kunne vi begge bli så fortvilet  at vi begynte å le  men ikke nå]]></wp:meta_value>
            </wp:postmeta>
            <wp:postmeta>
                <wp:meta_key>_lsb_quote</wp:meta_key>
                <wp:meta_value><![CDATA[lsb_acf_quote]]></wp:meta_value>
            </wp:postmeta>
            <wp:postmeta>
                <wp:meta_key>lsb_supported</wp:meta_key>
                <wp:meta_value><![CDATA[0]]></wp:meta_value>
            </wp:postmeta>
            <wp:postmeta>
                <wp:meta_key>_lsb_supported</wp:meta_key>
                <wp:meta_value><![CDATA[lsb_acf_supported]]></wp:meta_value>
            </wp:postmeta>
            <category domain="lsb_tax_author" nicename="tiril-broch-aakre"><![CDATA[Tiril Broch Aakre]]></category>
            <category domain="lsb_tax_publisher" nicename="tiden"><![CDATA[Tiden]]></category>
            <wp:postmeta>
                <wp:meta_key>lsb_look_inside</wp:meta_key>
                <wp:meta_value><![CDATA[CUSTOM_BLA_I_BOKA]]></wp:meta_value>
            </wp:postmeta>
            <wp:postmeta>
                <wp:meta_key>_lsb_look_inside</wp:meta_key>
                <wp:meta_value><![CDATA[lsb_acf_look_inside]]></wp:meta_value>
            </wp:postmeta>
            <category domain="lsb_tax_age" nicename="voksne"><![CDATA[voksne]]></category>
            <category domain="lsb_tax_genre" nicename="dikt"><![CDATA[dikt]]></category>
            <category domain="lsb_tax_topic" nicename="mennesker-i-mellom"><![CDATA[mennesker i mellom]]></category>
            <category domain="lsb_tax_language" nicename="no_nb"><![CDATA[bokmål]]></category>
            <category domain="lsb_tax_customization" nicename="skjønnlitteratur"><![CDATA[skjønnlitteratur]]></category>
            <wp:postmeta>
                <wp:meta_key>_thumbnail_id</wp:meta_key>
                <wp:meta_value><![CDATA[5660]]></wp:meta_value>
            </wp:postmeta>
        </item>
        <item>
            <title>kniplinger.jpg</title>
            <wp:post_id>5660</wp:post_id>
            <wp:status>inherit</wp:status>
            <wp:post_type>attachment</wp:post_type>
            <wp:attachment_url>https://raw.githubusercontent.com/lesersokerbok/boksok.no-data-utils/master/output-example/images/ACCD56151DF04F1586F6C821D7B0A725.jpg</wp:attachment_url>
        </item>
        <item>
            <wp:post_type>lsb_book</wp:post_type>
            <wp:status>publish</wp:status>
            <title>Kan jeg finnes i andre formater</title>
            <excerpt:encoded><![CDATA[Hvordan finne ut hvem man er   når det er så mange muligheter å velge mellom?]]></excerpt:encoded>
            <wp:postmeta>
                <wp:meta_key>lsb_isbn</wp:meta_key>
                <wp:meta_value><![CDATA[9788282880299]]></wp:meta_value>
            </wp:postmeta>
            <wp:postmeta>
                <wp:meta_key>_lsb_isbn</wp:meta_key>
                <wp:meta_value><![CDATA[lsb_acf_isbn]]></wp:meta_value>
            </wp:postmeta>
            <wp:postmeta>
                <wp:meta_key>lsb_published_year</wp:meta_key>
                <wp:meta_value><![CDATA[2014]]></wp:meta_value>
            </wp:postmeta>
            <wp:postmeta>
                <wp:meta_key>_lsb_published_year</wp:meta_key>
                <wp:meta_value><![CDATA[lsb_acf_published_year]]></wp:meta_value>
            </wp:postmeta>
            <wp:postmeta>
                <wp:meta_key>lsb_pages</wp:meta_key>
                <wp:meta_value/>
            </wp:postmeta>
            <wp:postmeta>
                <wp:meta_key>_lsb_pages</wp:meta_key>
                <wp:meta_value><![CDATA[lsb_acf_pages]]></wp:meta_value>
            </wp:postmeta>
            <wp:postmeta>
                <wp:meta_key>lsb_review</wp:meta_key>
                <wp:meta_value><![CDATA[  <div><em><strong>Kan jeg finnes i andre formater&#160;</strong></em></div>  <div><em><strong></strong></em>handler om å finne et format å passe inn i. </div>  <div>Å leve livet sitt mellom Facebooks usynlige vegger, </div>  <div>og samtidig "der ute": På asfalten. </div>  <div>Mellom murveggene. Blokkene. Trikkene.&#160;</div>  <div>&#160;</div>  <div>Gjennom store og små øyeblikk får vi møte verdenen </div>  <div>til en ung kvinne med flerkulturell bakgrunn:&#160;</div>  <div>Sammen med bestevenninnen Selma drikker hun billig vin </div>  <div>og prøver å komme inn på et utested uten leg.</div>  <div>Kompisen Daniel imiterer Bruce Willis.</div>  <div>Bestemor kommer hjem fra en tur til Island </div>  <div>med Hekla tatovert på armen.</div>  <div>Bror har barbert hodet og drømmer om å hacke Facebook.</div>  <div>&#160;</div>  <div>Diktene i denne boka har en rytme, en groove </div>  <div>som gjør at de er lette å lese. </div>  <div>Ingen vanskelige språklige bilder, </div>  <div>men noen fremmedord og engelske ord innimellom.&#160;</div>  <div>&#160;</div>  <div>  <div><span class="Apple-style-span">Isabell El-Melhaoui (f. 1993) studerer psykologi.&#160;</span></div>  <div><span class="Apple-style-span"></span><em><strong>Kan jeg finnes i andre formater</strong></em><span class="Apple-style-span"><em><strong>&#160;</strong></em>er hennes første bok.</span></div>&#160;</div>  ]]></wp:meta_value>
            </wp:postmeta>
            <wp:postmeta>
                <wp:meta_key>_lsb_review</wp:meta_key>
                <wp:meta_value><![CDATA[lsb_acf_review]]></wp:meta_value>
            </wp:postmeta>
            <wp:postmeta>
                <wp:meta_key>lsb_quote</wp:meta_key>
                <wp:meta_value><![CDATA[jeg er alene på trikken  legger kinnet mot vindusglasset  en mann sitter på en trapp  aprilsola i ansiktet  han lukker øynene  vil han kalle det steke eller tanne  kanskje han bare farger ansiktet  kanskje jeg burde gå av her  sette meg inntil ham  som om det er helt naturlig   at jeg holder ham med selskap  vi trenger ikke si noe  jeg kan lukke øynene, jeg også]]></wp:meta_value>
            </wp:postmeta>
            <wp:postmeta>
                <wp:meta_key>_lsb_quote</wp:meta_key>
                <wp:meta_value><![CDATA[lsb_acf_quote]]></wp:meta_value>
            </wp:postmeta>
            <wp:postmeta>
                <wp:meta_key>lsb_supported</wp:meta_key>
                <wp:meta_value><![CDATA[0]]></wp:meta_value>
            </wp:postmeta>
            <wp:postmeta>
                <wp:meta_key>_lsb_supported</wp:meta_key>
                <wp:meta_value><![CDATA[lsb_acf_supported]]></wp:meta_value>
            </wp:postmeta>
            <category domain="lsb_tax_author" nicename="isabell-el-melhaoui"><![CDATA[Isabell El-Melhaoui]]></category>
            <category domain="lsb_tax_publisher" nicename="flamme"><![CDATA[Flamme]]></category>
            <wp:postmeta>
                <wp:meta_key>lsb_look_inside</wp:meta_key>
                <wp:meta_value><![CDATA[CUSTOM_BLA_I_BOKA]]></wp:meta_value>
            </wp:postmeta>
            <wp:postmeta>
                <wp:meta_key>_lsb_look_inside</wp:meta_key>
                <wp:meta_value><![CDATA[lsb_acf_look_inside]]></wp:meta_value>
            </wp:postmeta>
            <category domain="lsb_tax_age" nicename="ungdom"><![CDATA[ungdom]]></category>
            <category domain="lsb_tax_age" nicename="voksne"><![CDATA[voksne]]></category>
            <category domain="lsb_tax_genre" nicename="dikt"><![CDATA[dikt]]></category>
            <category domain="lsb_tax_topic" nicename="mennesker-i-mellom"><![CDATA[mennesker i mellom]]></category>
            <category domain="lsb_tax_language" nicename="no_nb"><![CDATA[bokmål]]></category>
            <category domain="lsb_tax_customization" nicename="skjønnlitteratur"><![CDATA[skjønnlitteratur]]></category>
            <wp:postmeta>
                <wp:meta_key>_thumbnail_id</wp:meta_key>
                <wp:meta_value><![CDATA[5661]]></wp:meta_value>
            </wp:postmeta>
        </item>
        <item>
            <title>Kan jeg finnes i andre formater.jpg</title>
            <wp:post_id>5661</wp:post_id>
            <wp:status>inherit</wp:status>
            <wp:post_type>attachment</wp:post_type>
            <wp:attachment_url>https://raw.githubusercontent.com/lesersokerbok/boksok.no-data-utils/master/output-example/images/14192D3F2474437AA1D0002C3ECDC7D3.jpg</wp:attachment_url>
        </item>
        <item>
            <wp:post_type>lsb_book</wp:post_type>
            <wp:status>publish</wp:status>
            <title>Jeg blir heldigvis ikke lagt merke til</title>
            <excerpt:encoded><![CDATA[Når man er ferdig på videregående,   begynner det virkelige liv.   Da begynner livsballen å rulle,   og man kan bestemme hvilken retning den skal trille.   Eller ikke.]]></excerpt:encoded>
            <wp:postmeta>
                <wp:meta_key>lsb_isbn</wp:meta_key>
                <wp:meta_value><![CDATA[9788203256875]]></wp:meta_value>
            </wp:postmeta>
            <wp:postmeta>
                <wp:meta_key>_lsb_isbn</wp:meta_key>
                <wp:meta_value><![CDATA[lsb_acf_isbn]]></wp:meta_value>
            </wp:postmeta>
            <wp:postmeta>
                <wp:meta_key>lsb_published_year</wp:meta_key>
                <wp:meta_value><![CDATA[2014]]></wp:meta_value>
            </wp:postmeta>
            <wp:postmeta>
                <wp:meta_key>_lsb_published_year</wp:meta_key>
                <wp:meta_value><![CDATA[lsb_acf_published_year]]></wp:meta_value>
            </wp:postmeta>
            <wp:postmeta>
                <wp:meta_key>lsb_pages</wp:meta_key>
                <wp:meta_value><![CDATA[191]]></wp:meta_value>
            </wp:postmeta>
            <wp:postmeta>
                <wp:meta_key>_lsb_pages</wp:meta_key>
                <wp:meta_value><![CDATA[lsb_acf_pages]]></wp:meta_value>
            </wp:postmeta>
            <wp:postmeta>
                <wp:meta_key>lsb_review</wp:meta_key>
                <wp:meta_value><![CDATA[  <div>  Hovedpersonen  i <strong>Jeg blir heldigvis ikke lagt merke til</strong>,  </div>  <div>har flytta inn i en skoeske i Oslo for å studere. </div>  <div>Det går dårlig. Hun passer  ikke helt inn, </div>  <div>egentlig noe sted. Så hun gjør noe anna i stedet: </div>  <div>Blir hjemme og  spiser nudler.</div>  <p>&#160;</p>  <div>Dette er en feelgood-roman </div>  <div>om å ikke klare det som forventes. </div>  <div>Hva som skjer når ingenting går som det skal?</div>  <div>&#160;</div>  <div>Boka har mange avsnitt og tydelige kapitler. </div>  <div>Noen av kapitlene er på bare et kort avsnitt, </div>  <div>andre litt lengre. Boka er full av humor, ironi </div>  <div>og skarpe kommentarer, og er lett å lese. </div>  <div>Noen fremmedord og noen faste uttrykk innimellom, </div>  <div>f.eks: "Strek i regninga", "skjegget i postkassa"</div>  <div>&#160;</div>  <div>Liv Marit Weberg (f. 1988) bor i Oslo </div>  <div>og studerer nordisk litteratur. </div>  <div>Hun har gått på Norsk Barnebokinstitutts forfatterskole. </div>  <div><strong>Jeg blir heldigvis ikke lagt merke til</strong><em> </em>er hennes første bok.&#160;</div>  <p>&#160;</p>  ]]></wp:meta_value>
            </wp:postmeta>
            <wp:postmeta>
                <wp:meta_key>_lsb_review</wp:meta_key>
                <wp:meta_value><![CDATA[lsb_acf_review]]></wp:meta_value>
            </wp:postmeta>
            <wp:postmeta>
                <wp:meta_key>lsb_quote</wp:meta_key>
                <wp:meta_value><![CDATA[De fleste av oss blir jo ferdig på skolen en gang. Med skolen mener jeg videregående. Man tror ikke man kommer til å bli ferdig, men man gjør det.              Når man er ferdig på skolen, lærer man mange ting. (Man lærer ikke så mye mens man går der. Men men.) Det er først etter skolen at ballen begynner å rulle. Livsballen, altså.]]></wp:meta_value>
            </wp:postmeta>
            <wp:postmeta>
                <wp:meta_key>_lsb_quote</wp:meta_key>
                <wp:meta_value><![CDATA[lsb_acf_quote]]></wp:meta_value>
            </wp:postmeta>
            <wp:postmeta>
                <wp:meta_key>lsb_supported</wp:meta_key>
                <wp:meta_value><![CDATA[0]]></wp:meta_value>
            </wp:postmeta>
            <wp:postmeta>
                <wp:meta_key>_lsb_supported</wp:meta_key>
                <wp:meta_value><![CDATA[lsb_acf_supported]]></wp:meta_value>
            </wp:postmeta>
            <category domain="lsb_tax_author" nicename="liv-marit-weberg"><![CDATA[Liv Marit Weberg]]></category>
            <category domain="lsb_tax_publisher" nicename="aschehoug"><![CDATA[Aschehoug]]></category>
            <wp:postmeta>
                <wp:meta_key>lsb_look_inside</wp:meta_key>
                <wp:meta_value><![CDATA[CUSTOM_BLA_I_BOKA]]></wp:meta_value>
            </wp:postmeta>
            <wp:postmeta>
                <wp:meta_key>_lsb_look_inside</wp:meta_key>
                <wp:meta_value><![CDATA[lsb_acf_look_inside]]></wp:meta_value>
            </wp:postmeta>
            <category domain="lsb_tax_age" nicename="ungdom"><![CDATA[ungdom]]></category>
            <category domain="lsb_tax_genre" nicename="prosa"><![CDATA[prosa]]></category>
            <category domain="lsb_tax_topic" nicename="mennesker-i-mellom"><![CDATA[mennesker i mellom]]></category>
            <category domain="lsb_tax_topic" nicename="humor"><![CDATA[humor]]></category>
            <category domain="lsb_tax_topic" nicename="kjærlighet"><![CDATA[kjærlighet]]></category>
            <category domain="lsb_tax_language" nicename="no_nb"><![CDATA[bokmål]]></category>
            <category domain="lsb_tax_customization" nicename="skjønnlitteratur"><![CDATA[skjønnlitteratur]]></category>
            <wp:postmeta>
                <wp:meta_key>_thumbnail_id</wp:meta_key>
                <wp:meta_value><![CDATA[5662]]></wp:meta_value>
            </wp:postmeta>
        </item>
        <item>
            <title>Weberg.jpg</title>
            <wp:post_id>5662</wp:post_id>
            <wp:status>inherit</wp:status>
            <wp:post_type>attachment</wp:post_type>
            <wp:attachment_url>https://raw.githubusercontent.com/lesersokerbok/boksok.no-data-utils/master/output-example/images/697F15DF31DC41408230F888B2510679.jpg</wp:attachment_url>
        </item>
        <item>
            <wp:post_type>lsb_book</wp:post_type>
            <wp:status>publish</wp:status>
            <title>Leik med maten!</title>
            <excerpt:encoded><![CDATA[Ei gøyal og leiken bok om frukosten!   Den har morosame bilete,   og syner kreative løysingar som gjør kjedeleg mat   meir spennande. ]]></excerpt:encoded>
            <wp:postmeta>
                <wp:meta_key>lsb_isbn</wp:meta_key>
                <wp:meta_value><![CDATA[9788252183801]]></wp:meta_value>
            </wp:postmeta>
            <wp:postmeta>
                <wp:meta_key>_lsb_isbn</wp:meta_key>
                <wp:meta_value><![CDATA[lsb_acf_isbn]]></wp:meta_value>
            </wp:postmeta>
            <wp:postmeta>
                <wp:meta_key>lsb_published_year</wp:meta_key>
                <wp:meta_value><![CDATA[2013]]></wp:meta_value>
            </wp:postmeta>
            <wp:postmeta>
                <wp:meta_key>_lsb_published_year</wp:meta_key>
                <wp:meta_value><![CDATA[lsb_acf_published_year]]></wp:meta_value>
            </wp:postmeta>
            <wp:postmeta>
                <wp:meta_key>lsb_pages</wp:meta_key>
                <wp:meta_value><![CDATA[159]]></wp:meta_value>
            </wp:postmeta>
            <wp:postmeta>
                <wp:meta_key>_lsb_pages</wp:meta_key>
                <wp:meta_value><![CDATA[lsb_acf_pages]]></wp:meta_value>
            </wp:postmeta>
            <wp:postmeta>
                <wp:meta_key>lsb_review</wp:meta_key>
                <wp:meta_value><![CDATA[  <div>Steg for steg forklarar Ida  Skivenes </div>  <div>korleis ho med enkle knep </div>  <div>leiker meir med maten. </div>  <div>Kvar oppskrift har  sitt eige tema, </div>  <div>eller er inspirert av ordspel. </div>  <div>Her kan du finne brødskive-kopiar  av kjende måleri</div>  <div>og eventyrlege frukoster med Rødhette og ulven, </div>  <div>Gullhår og dei tre bjørnane, </div>  <div>og Snøkvit  og dei sju dvergane. </div>  <div>Du finn også små spalter med fakta og </div>  <div>fiffige kommentarar  til kvart bilete.</div>  <div>  <p>&#160;</p>  <div>Boka får pluss for lite tekst, luft mellom spaltene </div>  <div>og store, fine bilete. </div>  <div>Eit minus er at det dukkar opp nokon framandord innimellom.</div> &#160;</div>  <div>Ida Skivenes (født 1984) går under namnet&#160;</div>  <div><strong>idafrosk</strong> på Instagram.</div>  <div>Der legg ho ofte ut&#160;bilete av kreative frukostar. </div>  <div>Dette er første boka hennar.</div>  ]]></wp:meta_value>
            </wp:postmeta>
            <wp:postmeta>
                <wp:meta_key>_lsb_review</wp:meta_key>
                <wp:meta_value><![CDATA[lsb_acf_review]]></wp:meta_value>
            </wp:postmeta>
            <wp:postmeta>
                <wp:meta_key>lsb_quote</wp:meta_key>
                <wp:meta_value><![CDATA[Som barn fekk du sikkert høyre at du ikkje skulle leike med maten. Eg blei fortalt det same sjølv, men har tydelegvis ikkje tatt det med meg i vaksen alder. Foreldre er kanskje redde for søl, eller at leiken skal ta over for etinga. Det heng nok også i at ein før i tida skulle vere takknemleg berre ein fekk ete; mat var noko alvorleg som ikkje skulle fylle nokon annan funksjon enn å stille svolten. Men treng det vere slik i dag? Kan ikkje leik med maten vere ei hyllest til råvarene og alt det gode naturen gir oss?   ]]></wp:meta_value>
            </wp:postmeta>
            <wp:postmeta>
                <wp:meta_key>_lsb_quote</wp:meta_key>
                <wp:meta_value><![CDATA[lsb_acf_quote]]></wp:meta_value>
            </wp:postmeta>
            <wp:postmeta>
                <wp:meta_key>lsb_supported</wp:meta_key>
                <wp:meta_value><![CDATA[0]]></wp:meta_value>
            </wp:postmeta>
            <wp:postmeta>
                <wp:meta_key>_lsb_supported</wp:meta_key>
                <wp:meta_value><![CDATA[lsb_acf_supported]]></wp:meta_value>
            </wp:postmeta>
            <category domain="lsb_tax_author" nicename="ida-skivenes"><![CDATA[Ida Skivenes]]></category>
            <category domain="lsb_tax_publisher" nicename="samlaget"><![CDATA[Samlaget]]></category>
            <category domain="lsb_tax_illustrator" nicename="ida-skivenes"><![CDATA[Ida Skivenes]]></category>
            <wp:postmeta>
                <wp:meta_key>lsb_look_inside</wp:meta_key>
                <wp:meta_value><![CDATA[CUSTOM_BLA_I_BOKA]]></wp:meta_value>
            </wp:postmeta>
            <wp:postmeta>
                <wp:meta_key>_lsb_look_inside</wp:meta_key>
                <wp:meta_value><![CDATA[lsb_acf_look_inside]]></wp:meta_value>
            </wp:postmeta>
            <category domain="lsb_tax_age" nicename="voksne"><![CDATA[voksne]]></category>
            <category domain="lsb_tax_age" nicename="ungdom"><![CDATA[ungdom]]></category>
            <category domain="lsb_tax_age" nicename="barn"><![CDATA[barn]]></category>
            <category domain="lsb_tax_genre" nicename="faglitteratur"><![CDATA[faglitteratur]]></category>
            <category domain="lsb_tax_topic" nicename="mat"><![CDATA[mat]]></category>
            <category domain="lsb_tax_topic" nicename="helse"><![CDATA[helse]]></category>
            <category domain="lsb_tax_language" nicename="no_nn"><![CDATA[nynorsk]]></category>
            <category domain="lsb_tax_customization" nicename="faglitteratur"><![CDATA[faglitteratur]]></category>
            <category domain="lsb_tax_customization" nicename="mange-bilder"><![CDATA[mange bilder]]></category>
            <wp:postmeta>
                <wp:meta_key>_thumbnail_id</wp:meta_key>
                <wp:meta_value><![CDATA[5663]]></wp:meta_value>
            </wp:postmeta>
        </item>
        <item>
            <title>Skivenes.jpg</title>
            <wp:post_id>5663</wp:post_id>
            <wp:status>inherit</wp:status>
            <wp:post_type>attachment</wp:post_type>
            <wp:attachment_url>https://raw.githubusercontent.com/lesersokerbok/boksok.no-data-utils/master/output-example/images/BCDC1DEDF0E14F229BBD5C5DCED24D75.jpg</wp:attachment_url>
        </item>
        <item>
            <wp:post_type>lsb_book</wp:post_type>
            <wp:status>publish</wp:status>
            <title>Taco på uno, dos, tres!</title>
            <excerpt:encoded><![CDATA[En enkel kokebok for alle som elsker taco!]]></excerpt:encoded>
            <wp:postmeta>
                <wp:meta_key>lsb_isbn</wp:meta_key>
                <wp:meta_value><![CDATA[9788202447335]]></wp:meta_value>
            </wp:postmeta>
            <wp:postmeta>
                <wp:meta_key>_lsb_isbn</wp:meta_key>
                <wp:meta_value><![CDATA[lsb_acf_isbn]]></wp:meta_value>
            </wp:postmeta>
            <wp:postmeta>
                <wp:meta_key>lsb_published_year</wp:meta_key>
                <wp:meta_value><![CDATA[2014]]></wp:meta_value>
            </wp:postmeta>
            <wp:postmeta>
                <wp:meta_key>_lsb_published_year</wp:meta_key>
                <wp:meta_value><![CDATA[lsb_acf_published_year]]></wp:meta_value>
            </wp:postmeta>
            <wp:postmeta>
                <wp:meta_key>lsb_pages</wp:meta_key>
                <wp:meta_value><![CDATA[142]]></wp:meta_value>
            </wp:postmeta>
            <wp:postmeta>
                <wp:meta_key>_lsb_pages</wp:meta_key>
                <wp:meta_value><![CDATA[lsb_acf_pages]]></wp:meta_value>
            </wp:postmeta>
            <wp:postmeta>
                <wp:meta_key>lsb_review</wp:meta_key>
                <wp:meta_value><![CDATA[  <div>The Flying Culinary Circus har laget </div>  <div>en enkel og morsom bok om taco. </div>  <div>Her får du oppskrifter på tortillas, </div>  <div>taco-krydder og salsaer </div>  <div>- og hele 48 oppskrifter på ulike taco-retter.&#160;</div>  <div>&#160;</div>  <div>Boka er lett å orientere seg i </div>  <div>fordi den er delt inn med fargekoder. </div>  <div>Gult står for tortilla. Rødt står for krydder. </div>  <div>Grønt står for salsa. </div>  <div>Brunt står for alle taco-rettene. </div>  <div>Selve oppskriftene har aldri mer enn tre punkter.</div>  <div>Målet for&#160;The Flying Culinary Circus </div>  <div>er at du skal kunne lage hjemmelaget, </div>  <div>smakfull taco på: Uno, dos, tres!</div>  <div>&#160;</div>  <div>The Flying Culinary Circus </div>  <div>er et reisende kokkesirkus </div>  <div>som består av fire matvenner. </div>  <div>De har så langt turnert i 47 ulike land. </div>  <div>Dette er deres tredje bok. </div>  <div>Tidligere har de gitt ut </div>  <div><strong>The Flying Culinary Circus: <br />  Den aller beste, lureste og <br />  mest praktiske kokeboka</strong> (2011), </div>  <div>og <strong>Wow</strong> (2013)</div>  <div>&#160;</div>  <div>&#160;</div>  ]]></wp:meta_value>
            </wp:postmeta>
            <wp:postmeta>
                <wp:meta_key>_lsb_review</wp:meta_key>
                <wp:meta_value><![CDATA[lsb_acf_review]]></wp:meta_value>
            </wp:postmeta>
            <wp:postmeta>
                <wp:meta_key>lsb_quote</wp:meta_key>
                <wp:meta_value><![CDATA[Det er typisk norsk å la ferdigkrydderet og tacoskjellene få følge av jarlsbergost, rømme og kjøttdeig på tallerkenen. I tacoens hjemland, Mexico, skal du lete lenge for å finne slike varianter.]]></wp:meta_value>
            </wp:postmeta>
            <wp:postmeta>
                <wp:meta_key>_lsb_quote</wp:meta_key>
                <wp:meta_value><![CDATA[lsb_acf_quote]]></wp:meta_value>
            </wp:postmeta>
            <wp:postmeta>
                <wp:meta_key>lsb_supported</wp:meta_key>
                <wp:meta_value><![CDATA[0]]></wp:meta_value>
            </wp:postmeta>
            <wp:postmeta>
                <wp:meta_key>_lsb_supported</wp:meta_key>
                <wp:meta_value><![CDATA[lsb_acf_supported]]></wp:meta_value>
            </wp:postmeta>
            <category domain="lsb_tax_author" nicename="the-flying-culinary-circus"><![CDATA[The Flying Culinary Circus]]></category>
            <category domain="lsb_tax_publisher" nicename="cappelen-damm"><![CDATA[Cappelen Damm]]></category>
            <wp:postmeta>
                <wp:meta_key>lsb_look_inside</wp:meta_key>
                <wp:meta_value><![CDATA[CUSTOM_BLA_I_BOKA]]></wp:meta_value>
            </wp:postmeta>
            <wp:postmeta>
                <wp:meta_key>_lsb_look_inside</wp:meta_key>
                <wp:meta_value><![CDATA[lsb_acf_look_inside]]></wp:meta_value>
            </wp:postmeta>
            <category domain="lsb_tax_age" nicename="ungdom"><![CDATA[ungdom]]></category>
            <category domain="lsb_tax_age" nicename="voksne"><![CDATA[voksne]]></category>
            <category domain="lsb_tax_genre" nicename="faglitteratur"><![CDATA[faglitteratur]]></category>
            <category domain="lsb_tax_topic" nicename="mat"><![CDATA[mat]]></category>
            <category domain="lsb_tax_topic" nicename="helse"><![CDATA[helse]]></category>
            <category domain="lsb_tax_language" nicename="no_nb"><![CDATA[bokmål]]></category>
            <category domain="lsb_tax_customization" nicename="faglitteratur"><![CDATA[faglitteratur]]></category>
            <category domain="lsb_tax_customization" nicename="mange-bilder"><![CDATA[mange bilder]]></category>
            <wp:postmeta>
                <wp:meta_key>_thumbnail_id</wp:meta_key>
                <wp:meta_value><![CDATA[5664]]></wp:meta_value>
            </wp:postmeta>
        </item>
        <item>
            <title>Taco_forside.jpg</title>
            <wp:post_id>5664</wp:post_id>
            <wp:status>inherit</wp:status>
            <wp:post_type>attachment</wp:post_type>
            <wp:attachment_url>https://raw.githubusercontent.com/lesersokerbok/boksok.no-data-utils/master/output-example/images/39C4FCF3B28D44B58EEA208F53877C4D.jpg</wp:attachment_url>
        </item>
        <item>
            <wp:post_type>lsb_book</wp:post_type>
            <wp:status>publish</wp:status>
            <title>Se opp for rullestol i motgående kjøreretning</title>
            <excerpt:encoded><![CDATA[Høydepunkter fra Oslo-politiets meldinger på Twitter.]]></excerpt:encoded>
            <wp:postmeta>
                <wp:meta_key>lsb_isbn</wp:meta_key>
                <wp:meta_value><![CDATA[9788248914327]]></wp:meta_value>
            </wp:postmeta>
            <wp:postmeta>
                <wp:meta_key>_lsb_isbn</wp:meta_key>
                <wp:meta_value><![CDATA[lsb_acf_isbn]]></wp:meta_value>
            </wp:postmeta>
            <wp:postmeta>
                <wp:meta_key>lsb_published_year</wp:meta_key>
                <wp:meta_value><![CDATA[2014]]></wp:meta_value>
            </wp:postmeta>
            <wp:postmeta>
                <wp:meta_key>_lsb_published_year</wp:meta_key>
                <wp:meta_value><![CDATA[lsb_acf_published_year]]></wp:meta_value>
            </wp:postmeta>
            <wp:postmeta>
                <wp:meta_key>lsb_pages</wp:meta_key>
                <wp:meta_value><![CDATA[115]]></wp:meta_value>
            </wp:postmeta>
            <wp:postmeta>
                <wp:meta_key>_lsb_pages</wp:meta_key>
                <wp:meta_value><![CDATA[lsb_acf_pages]]></wp:meta_value>
            </wp:postmeta>
            <wp:postmeta>
                <wp:meta_key>lsb_review</wp:meta_key>
                <wp:meta_value><![CDATA[  <div>Over 120 000 mennesker følger Oslo-politiet på Twitter. </div>  <div>Der informerer de om store og </div>  <div>små hendelser i hovedstaden. </div>  <div>De har per dags dato produsert over 16 000 tweets, </div>  <div>og denne boka tar for seg noen av de beste fra 2012 og 2013. </div>  <div>Her får vi se hvordan politiets hverdag arter seg </div>  <div>i konsentrert form: maks 140 tegn per melding.</div>  <div>&#160;</div>  <div>Boka er delt inn i åtte deler: </div>  <div>Onkel politi passer på at alle har det bra</div>  <div>Dumme tyver blir fanget til slutt</div>  <div>Fylla har skylda</div>  <div>Med politiet i gatene</div>  <div>Politiet på hjemmebesøk</div>  <div>Dyr på flukt og andre dyreproblemer</div>  <div>Om nordmenn stekte mindre pizza, ville politiet hatt mindre å gjøre</div>  <div>Politiet på veien for en bedre hovedstad&#160;</div>  <div>&#160;</div>  <div>Hvem ville trodd at politiet, i tillegg til å passe på oss, </div>  <div>faktisk kan være ganske morsomme? </div>  <div>Dette er feel-good i sin aller beste form.</div>  <div>&#160;</div>  <div>&#160;</div>  <div>&#160;</div>  ]]></wp:meta_value>
            </wp:postmeta>
            <wp:postmeta>
                <wp:meta_key>_lsb_review</wp:meta_key>
                <wp:meta_value><![CDATA[lsb_acf_review]]></wp:meta_value>
            </wp:postmeta>
            <wp:postmeta>
                <wp:meta_key>lsb_quote</wp:meta_key>
                <wp:meta_value><![CDATA[11/7/2013 Kl. 04:14:14  Noen sauer ville sjekke om gresset var grønnere på den andre siden, og er nå i området ved Nordberg kirke. Etter en opptelling.....zzzzz    11/7/2013 Kl. 05:57:18  Nordberg: Eier av sauene er nå varslet og vil hente disse. Dette var et ullent oppdrag!]]></wp:meta_value>
            </wp:postmeta>
            <wp:postmeta>
                <wp:meta_key>_lsb_quote</wp:meta_key>
                <wp:meta_value><![CDATA[lsb_acf_quote]]></wp:meta_value>
            </wp:postmeta>
            <wp:postmeta>
                <wp:meta_key>lsb_supported</wp:meta_key>
                <wp:meta_value><![CDATA[0]]></wp:meta_value>
            </wp:postmeta>
            <wp:postmeta>
                <wp:meta_key>_lsb_supported</wp:meta_key>
                <wp:meta_value><![CDATA[lsb_acf_supported]]></wp:meta_value>
            </wp:postmeta>
            <category domain="lsb_tax_author" nicename="oslo-politiet"><![CDATA[Oslo-politiet]]></category>
            <category domain="lsb_tax_publisher" nicename="kagge"><![CDATA[Kagge]]></category>
            <wp:postmeta>
                <wp:meta_key>lsb_look_inside</wp:meta_key>
                <wp:meta_value><![CDATA[CUSTOM_BLA_I_BOKA]]></wp:meta_value>
            </wp:postmeta>
            <wp:postmeta>
                <wp:meta_key>_lsb_look_inside</wp:meta_key>
                <wp:meta_value><![CDATA[lsb_acf_look_inside]]></wp:meta_value>
            </wp:postmeta>
            <category domain="lsb_tax_age" nicename="ungdom"><![CDATA[ungdom]]></category>
            <category domain="lsb_tax_age" nicename="voksne"><![CDATA[voksne]]></category>
            <category domain="lsb_tax_topic" nicename="humor"><![CDATA[humor]]></category>
            <category domain="lsb_tax_topic" nicename="historie"><![CDATA[historie]]></category>
            <category domain="lsb_tax_topic" nicename="samfunn"><![CDATA[samfunn]]></category>
            <category domain="lsb_tax_language" nicename="no_nb"><![CDATA[bokmål]]></category>
            <category domain="lsb_tax_customization" nicename="faglitteratur"><![CDATA[faglitteratur]]></category>
            <wp:postmeta>
                <wp:meta_key>_thumbnail_id</wp:meta_key>
                <wp:meta_value><![CDATA[5665]]></wp:meta_value>
            </wp:postmeta>
        </item>
        <item>
            <title>Twitter.jpg</title>
            <wp:post_id>5665</wp:post_id>
            <wp:status>inherit</wp:status>
            <wp:post_type>attachment</wp:post_type>
            <wp:attachment_url>https://raw.githubusercontent.com/lesersokerbok/boksok.no-data-utils/master/output-example/images/34900EC6EDAC4CEE8B2C714330E2D4FA.jpg</wp:attachment_url>
        </item>
        <item>
            <wp:post_type>lsb_book</wp:post_type>
            <wp:status>publish</wp:status>
            <title>Playback</title>
            <excerpt:encoded><![CDATA[En samling fortellinger om å være utenfor. Om å høre til.   Om å være seg selv. Om å ikke vite hvem det er.]]></excerpt:encoded>
            <wp:postmeta>
                <wp:meta_key>lsb_isbn</wp:meta_key>
                <wp:meta_value><![CDATA[9788253036083]]></wp:meta_value>
            </wp:postmeta>
            <wp:postmeta>
                <wp:meta_key>_lsb_isbn</wp:meta_key>
                <wp:meta_value><![CDATA[lsb_acf_isbn]]></wp:meta_value>
            </wp:postmeta>
            <wp:postmeta>
                <wp:meta_key>lsb_published_year</wp:meta_key>
                <wp:meta_value><![CDATA[2013]]></wp:meta_value>
            </wp:postmeta>
            <wp:postmeta>
                <wp:meta_key>_lsb_published_year</wp:meta_key>
                <wp:meta_value><![CDATA[lsb_acf_published_year]]></wp:meta_value>
            </wp:postmeta>
            <wp:postmeta>
                <wp:meta_key>lsb_pages</wp:meta_key>
                <wp:meta_value><![CDATA[208]]></wp:meta_value>
            </wp:postmeta>
            <wp:postmeta>
                <wp:meta_key>_lsb_pages</wp:meta_key>
                <wp:meta_value><![CDATA[lsb_acf_pages]]></wp:meta_value>
            </wp:postmeta>
            <wp:postmeta>
                <wp:meta_key>lsb_review</wp:meta_key>
                <wp:meta_value><![CDATA[  <div>Playback er en bok med seks fortellinger:</div>  <div>Frostrøyk, vanlig røyk, ulver og ekser</div>  <div>Ezelberg park&#160;</div>  <div>Fra innsiden av buret</div>  <div>Playback</div>  <div>Nedtelling Alma</div>  <div>Mitt liv i 2D&#160;</div>  <div>&#160;</div>  <div>Her får du møte Annika som blir dumpa </div>  <div>av kjæresten Krister på skoletur. </div>  <div>Du møter Ingrid og hennes mor på vei til en park i Tyskland. </div>  <div>- Ikke en hvilken som helst park, en gravlund. </div>  <div>Du møter fuglekikkeren som liker ukompliserte folk best. </div>  <div>Og Martine som akkurat har fått nye fosterforeldre. </div>  <div>Du blir kjent med Alma fra Sverige, </div>  <div>det er ingen av jentene i den norske klassen hennes som liker henne. </div>  <div>Og Silje som mot sin vilje må </div>  <div>være med familien sin til Guatemala for å drive bistand.</div>  <div>&#160;</div>  <div>Språket i boka er enkelt, og hver fortelling er delt inn i små kapitler. </div>  <div>Avsnittene er korte og det er setningene også. </div>  <div>Det er noen sammensatte ord og noen fremmedord innimellom. &#160;</div>  <div>&#160;</div>  <div>Liv Eirill Evensen (f. 1974) er født i Tønsberg og vokst opp i Andebu. </div>  <div><strong>Playback</strong> er hennes tredje bok for ungdom. </div>  <div>Hun har også skrevet <strong>Meg og en kritthvit t-skjorte uten trykk på</strong> (2011), </div>  <div>og <strong>Bandet mitt spiller ikke progrock</strong> (2012).</div>  ]]></wp:meta_value>
            </wp:postmeta>
            <wp:postmeta>
                <wp:meta_key>_lsb_review</wp:meta_key>
                <wp:meta_value><![CDATA[lsb_acf_review]]></wp:meta_value>
            </wp:postmeta>
            <wp:postmeta>
                <wp:meta_key>lsb_quote</wp:meta_key>
                <wp:meta_value><![CDATA[Venter mora di på dere, der borte i Stockholm? utbryter Ann, når blikket blir for direkte, for sterkt til å bære.     Morsan ventar mej et helt annat ställe, svarer Alma. Hun peker opp mot himmelen, trekker på skuldrene, kaster på håret og går i retning av skolen.]]></wp:meta_value>
            </wp:postmeta>
            <wp:postmeta>
                <wp:meta_key>_lsb_quote</wp:meta_key>
                <wp:meta_value><![CDATA[lsb_acf_quote]]></wp:meta_value>
            </wp:postmeta>
            <wp:postmeta>
                <wp:meta_key>lsb_supported</wp:meta_key>
                <wp:meta_value><![CDATA[0]]></wp:meta_value>
            </wp:postmeta>
            <wp:postmeta>
                <wp:meta_key>_lsb_supported</wp:meta_key>
                <wp:meta_value><![CDATA[lsb_acf_supported]]></wp:meta_value>
            </wp:postmeta>
            <category domain="lsb_tax_author" nicename="liv-eirill-evensen"><![CDATA[Liv Eirill Evensen]]></category>
            <category domain="lsb_tax_publisher" nicename="omnipax"><![CDATA[Omnipax]]></category>
            <wp:postmeta>
                <wp:meta_key>lsb_look_inside</wp:meta_key>
                <wp:meta_value><![CDATA[CUSTOM_BLA_I_BOKA]]></wp:meta_value>
            </wp:postmeta>
            <wp:postmeta>
                <wp:meta_key>_lsb_look_inside</wp:meta_key>
                <wp:meta_value><![CDATA[lsb_acf_look_inside]]></wp:meta_value>
            </wp:postmeta>
            <category domain="lsb_tax_age" nicename="ungdom"><![CDATA[ungdom]]></category>
            <category domain="lsb_tax_genre" nicename="prosa"><![CDATA[prosa]]></category>
            <category domain="lsb_tax_topic" nicename="mennesker-i-mellom"><![CDATA[mennesker i mellom]]></category>
            <category domain="lsb_tax_language" nicename="no_nb"><![CDATA[bokmål]]></category>
            <category domain="lsb_tax_customization" nicename="skjønnlitteratur"><![CDATA[skjønnlitteratur]]></category>
            <wp:postmeta>
                <wp:meta_key>_thumbnail_id</wp:meta_key>
                <wp:meta_value><![CDATA[5666]]></wp:meta_value>
            </wp:postmeta>
        </item>
        <item>
            <title>Evensen Playback.jpg</title>
            <wp:post_id>5666</wp:post_id>
            <wp:status>inherit</wp:status>
            <wp:post_type>attachment</wp:post_type>
            <wp:attachment_url>https://raw.githubusercontent.com/lesersokerbok/boksok.no-data-utils/master/output-example/images/8DEC28369B04478E8E44432D0E2DE53C.jpg</wp:attachment_url>
        </item>
        <item>
            <wp:post_type>lsb_book</wp:post_type>
            <wp:status>publish</wp:status>
            <title>Dødtid</title>
            <excerpt:encoded><![CDATA[Karpe Diems biografi med bilder og turnénotater fra 2011-2013.]]></excerpt:encoded>
            <wp:postmeta>
                <wp:meta_key>lsb_isbn</wp:meta_key>
                <wp:meta_value><![CDATA[9788203356261]]></wp:meta_value>
            </wp:postmeta>
            <wp:postmeta>
                <wp:meta_key>_lsb_isbn</wp:meta_key>
                <wp:meta_value><![CDATA[lsb_acf_isbn]]></wp:meta_value>
            </wp:postmeta>
            <wp:postmeta>
                <wp:meta_key>lsb_published_year</wp:meta_key>
                <wp:meta_value><![CDATA[2013]]></wp:meta_value>
            </wp:postmeta>
            <wp:postmeta>
                <wp:meta_key>_lsb_published_year</wp:meta_key>
                <wp:meta_value><![CDATA[lsb_acf_published_year]]></wp:meta_value>
            </wp:postmeta>
            <wp:postmeta>
                <wp:meta_key>lsb_pages</wp:meta_key>
                <wp:meta_value><![CDATA[208]]></wp:meta_value>
            </wp:postmeta>
            <wp:postmeta>
                <wp:meta_key>_lsb_pages</wp:meta_key>
                <wp:meta_value><![CDATA[lsb_acf_pages]]></wp:meta_value>
            </wp:postmeta>
            <wp:postmeta>
                <wp:meta_key>lsb_review</wp:meta_key>
                <wp:meta_value><![CDATA[  <div>Boka består av bilder fra turné og konsert, </div>  <div>og dønn ærlige notater </div>  <div>skrevet av Chirag Rashmikant Patel </div>  <div>og Magdi Omar Ytreeide Abdelmaguid </div>  <div>aka <strong>Karpe Diem</strong>.&#160;</div>  <div>&#160;</div>  <div>Fotografen Michael Ray Vera Cruz Angeles </div>  <div>har fulgt Karpe Diem under hele arbeidet </div>  <div>med albumet <strong>Kors på halsen. Ti kniver i hjertet. </strong></div>  <div><strong>Mor og far i døden.</strong><em> </em></div>  <div><em></em>I boka finner du bilder fra de første rundene </div>  <div>i studio i 2011, til turnéslutt på Rockefeller i oktober 2013.</div>  <div>&#160;</div>  <div>I forordet til <strong>Dødtid</strong> skriver Chirag at han ikke helt vet </div>  <div>hvorfor de har gitt ut denne boka. </div>  <div>Men at de aldri ville ha åpnet seg helt for en journalist, </div>  <div>"aldri latt dagboka vår bli gjenfortalt av noen andre", </div>  <div>og sier videre at det da er bedre å bare gi den ut selv.&#160;</div>  <div>&#160;</div>  <div>Ingen av notatene er lengre enn en dobbeltside. </div>  <div>Det er mye luft i teksten, mange avsnitt </div>  <div>og muntlig, ofte humoristisk språk. </div>  <div>Noe internt rapspråk innimellom,&#160;</div>  <div>og noen sammensatte ord.&#160;</div>  <div>&#160;</div>  <div>Karpe Diem er fra Oslo og rapper på norsk. </div>  <div>De debuterte med EP-en <em><strong>Glasskår </strong></em>i 2004, </div>  <div>og har siden da gitt ut fire album.&#160;</div>  <div><strong>Kors på halsen. Ti kniver i hjertet. </strong></div>  <div><strong>Mor og far i døden. </strong>er deres nyeste album.</div>  <div>&#160;</div>  <div>&#160;</div>  ]]></wp:meta_value>
            </wp:postmeta>
            <wp:postmeta>
                <wp:meta_key>_lsb_review</wp:meta_key>
                <wp:meta_value><![CDATA[lsb_acf_review]]></wp:meta_value>
            </wp:postmeta>
            <wp:postmeta>
                <wp:meta_key>lsb_quote</wp:meta_key>
                <wp:meta_value><![CDATA[ANKLAGE  I Dagbladet står det at jeg er prikk lik Mullah Krekar. I Aftenposten står det at jeg er en fyr som håper på drap på uskyldige mennesker. På Nettavisen står det at jeg er en voldsforherligende drittsekk.  Men det er ikke det kjipeste. Det kjipeste er heller ikke at de kaller meg en kvinneundertrykker. Det kjipeste er ikke at stortingsrepresentanter prøver å få konsertene mine avlyst. Det kjipeste er ikke kommentarfeltet til NRK, der det står at Breivik burde spart to kuler: én til Chirag og én til han andre.    Det kjipeste for meg er at moren min måtte forsvare meg i kantina på jobben sin. På gebrokkent norsk. Det var det som knuste hjertet mitt.  Og det kommer jeg aldri til å tilgi dere for.]]></wp:meta_value>
            </wp:postmeta>
            <wp:postmeta>
                <wp:meta_key>_lsb_quote</wp:meta_key>
                <wp:meta_value><![CDATA[lsb_acf_quote]]></wp:meta_value>
            </wp:postmeta>
            <wp:postmeta>
                <wp:meta_key>lsb_supported</wp:meta_key>
                <wp:meta_value><![CDATA[0]]></wp:meta_value>
            </wp:postmeta>
            <wp:postmeta>
                <wp:meta_key>_lsb_supported</wp:meta_key>
                <wp:meta_value><![CDATA[lsb_acf_supported]]></wp:meta_value>
            </wp:postmeta>
            <category domain="lsb_tax_author" nicename="karpe-diem"><![CDATA[Karpe Diem]]></category>
            <category domain="lsb_tax_publisher" nicename="aschehoug"><![CDATA[Aschehoug]]></category>
            <category domain="lsb_tax_illustrator" nicename="michael-ray-vera-cruz-angeles"><![CDATA[Michael Ray Vera Cruz Angeles]]></category>
            <wp:postmeta>
                <wp:meta_key>lsb_look_inside</wp:meta_key>
                <wp:meta_value><![CDATA[CUSTOM_BLA_I_BOKA]]></wp:meta_value>
            </wp:postmeta>
            <wp:postmeta>
                <wp:meta_key>_lsb_look_inside</wp:meta_key>
                <wp:meta_value><![CDATA[lsb_acf_look_inside]]></wp:meta_value>
            </wp:postmeta>
            <category domain="lsb_tax_age" nicename="ungdom"><![CDATA[ungdom]]></category>
            <category domain="lsb_tax_age" nicename="voksne"><![CDATA[voksne]]></category>
            <category domain="lsb_tax_language" nicename="no_nb"><![CDATA[bokmål]]></category>
            <category domain="lsb_tax_customization" nicename="faglitteratur"><![CDATA[faglitteratur]]></category>
            <category domain="lsb_tax_customization" nicename="mange-bilder"><![CDATA[mange bilder]]></category>
            <wp:postmeta>
                <wp:meta_key>_thumbnail_id</wp:meta_key>
                <wp:meta_value><![CDATA[5667]]></wp:meta_value>
            </wp:postmeta>
        </item>
        <item>
            <title>KarpeDiem.jpg</title>
            <wp:post_id>5667</wp:post_id>
            <wp:status>inherit</wp:status>
            <wp:post_type>attachment</wp:post_type>
            <wp:attachment_url>https://raw.githubusercontent.com/lesersokerbok/boksok.no-data-utils/master/output-example/images/43300A23CEAF4C90ACEDC903D03A5962.jpg</wp:attachment_url>
        </item>
        <item>
            <wp:post_type>lsb_book</wp:post_type>
            <wp:status>publish</wp:status>
            <title>Tegnordboka - se hva jeg sier</title>
            <excerpt:encoded><![CDATA[En tegn til tale-bok med 1900 ord og tegn som små og store trenger.]]></excerpt:encoded>
            <wp:postmeta>
                <wp:meta_key>lsb_isbn</wp:meta_key>
                <wp:meta_value><![CDATA[9788203255014]]></wp:meta_value>
            </wp:postmeta>
            <wp:postmeta>
                <wp:meta_key>_lsb_isbn</wp:meta_key>
                <wp:meta_value><![CDATA[lsb_acf_isbn]]></wp:meta_value>
            </wp:postmeta>
            <wp:postmeta>
                <wp:meta_key>lsb_published_year</wp:meta_key>
                <wp:meta_value><![CDATA[2014]]></wp:meta_value>
            </wp:postmeta>
            <wp:postmeta>
                <wp:meta_key>_lsb_published_year</wp:meta_key>
                <wp:meta_value><![CDATA[lsb_acf_published_year]]></wp:meta_value>
            </wp:postmeta>
            <wp:postmeta>
                <wp:meta_key>lsb_pages</wp:meta_key>
                <wp:meta_value><![CDATA[197]]></wp:meta_value>
            </wp:postmeta>
            <wp:postmeta>
                <wp:meta_key>_lsb_pages</wp:meta_key>
                <wp:meta_value><![CDATA[lsb_acf_pages]]></wp:meta_value>
            </wp:postmeta>
            <wp:postmeta>
                <wp:meta_key>lsb_review</wp:meta_key>
                <wp:meta_value><![CDATA[  <div>Tegn er spennende, morsomt og nyttig.</div>  <div>Du trenger ikke snakke eller høre.</div>  <div>Du ser språket. </div>  <div>Du snakker med hendene.</div>  <div>&#160;</div>  <div>Feilen med de fleste ordbøker er at vanskelige ord </div>  <div>blir forklart med ord, sier Sigrun Nygaard Moriggi, </div>  <div>som har samlet ordene i Tegnordboka.</div>  <div>Det blir ikke ordene her.</div>  <div>Hver side har et tema, som er forklart gjennom bilder</div>  <div>og tegn-til-tale. Slik knyttes språket til dagliglivet.&#160;</div>  <div>Boka er delt inn i kapitler med årstidene,</div>  <div>og har et praktisk register bakerst.&#160;</div>  <div>&#160;</div>  <div>Boka er laget for døve barn og deres venner, </div>  <div>familie og lærere, men den egner seg godt</div>  <div>for alle som er interesserte i tegnspråk.</div>  <div>Tegnene i boka er ment å dekke </div>  <div>det ordforrådet barn trenger før de begynner på skolen.&#160;</div>  <div>&#160;</div>  <div>Ordene i boka er samlet inn av Sigrun Nygaard Moriggi.</div>  <div>Anna Fiske har laget bildene, <br />  Gerd Eng Kielland har tegnet tegnene.&#160;</div>  <div>Bruk gjerne denne boka sammen med <a href="http://www.boksok.no/default.aspx?menu=18&amp;id=261">La hendene snakke</a>!&#160;</div>  <div><br />  </div>  ]]></wp:meta_value>
            </wp:postmeta>
            <wp:postmeta>
                <wp:meta_key>_lsb_review</wp:meta_key>
                <wp:meta_value><![CDATA[lsb_acf_review]]></wp:meta_value>
            </wp:postmeta>
            <wp:postmeta>
                <wp:meta_key>lsb_quote</wp:meta_key>
                <wp:meta_value/>
            </wp:postmeta>
            <wp:postmeta>
                <wp:meta_key>_lsb_quote</wp:meta_key>
                <wp:meta_value><![CDATA[lsb_acf_quote]]></wp:meta_value>
            </wp:postmeta>
            <wp:postmeta>
                <wp:meta_key>lsb_supported</wp:meta_key>
                <wp:meta_value><![CDATA[1]]></wp:meta_value>
            </wp:postmeta>
            <wp:postmeta>
                <wp:meta_key>_lsb_supported</wp:meta_key>
                <wp:meta_value><![CDATA[lsb_acf_supported]]></wp:meta_value>
            </wp:postmeta>
            <wp:postmeta>
                <wp:meta_key>lsb_support_cat</wp:meta_key>
                <wp:meta_value><![CDATA[red]]></wp:meta_value>
            </wp:postmeta>
            <wp:postmeta>
                <wp:meta_key>_lsb_support_cat</wp:meta_key>
                <wp:meta_value><![CDATA[lsb_acf_support_cat]]></wp:meta_value>
            </wp:postmeta>
            <category domain="lsb_tax_author" nicename="sigrun-nygaard-moriggi"><![CDATA[Sigrun Nygaard Moriggi]]></category>
            <category domain="lsb_tax_publisher" nicename="aschehoug"><![CDATA[Aschehoug]]></category>
            <category domain="lsb_tax_illustrator" nicename="anna-fiske-(bilder)-og-gerd-eng-kielland-(tegn)"><![CDATA[Anna Fiske (bilder) og Gerd Eng Kielland (tegn)]]></category>
            <wp:postmeta>
                <wp:meta_key>lsb_look_inside</wp:meta_key>
                <wp:meta_value><![CDATA[CUSTOM_BLA_I_BOKA]]></wp:meta_value>
            </wp:postmeta>
            <wp:postmeta>
                <wp:meta_key>_lsb_look_inside</wp:meta_key>
                <wp:meta_value><![CDATA[lsb_acf_look_inside]]></wp:meta_value>
            </wp:postmeta>
            <category domain="lsb_tax_age" nicename="voksne"><![CDATA[voksne]]></category>
            <category domain="lsb_tax_age" nicename="ungdom"><![CDATA[ungdom]]></category>
            <category domain="lsb_tax_age" nicename="barn"><![CDATA[barn]]></category>
            <category domain="lsb_tax_genre" nicename="faglitteratur"><![CDATA[faglitteratur]]></category>
            <category domain="lsb_tax_topic" nicename="annet"><![CDATA[annet]]></category>
            <category domain="lsb_tax_language" nicename="no_nb"><![CDATA[bokmål]]></category>
            <category domain="lsb_tax_customization" nicename="tegnspråk"><![CDATA[tegnspråk]]></category>
            <category domain="lsb_tax_customization" nicename="mange-bilder"><![CDATA[mange bilder]]></category>
            <wp:postmeta>
                <wp:meta_key>_thumbnail_id</wp:meta_key>
                <wp:meta_value><![CDATA[5668]]></wp:meta_value>
            </wp:postmeta>
        </item>
        <item>
            <title>tegnordboka hoyoppløs.jpg</title>
            <wp:post_id>5668</wp:post_id>
            <wp:status>inherit</wp:status>
            <wp:post_type>attachment</wp:post_type>
            <wp:attachment_url>https://raw.githubusercontent.com/lesersokerbok/boksok.no-data-utils/master/output-example/images/C279F6F469974BC5820187757A983C59.jpg</wp:attachment_url>
        </item>
        <item>
            <wp:post_type>lsb_book</wp:post_type>
            <wp:status>publish</wp:status>
            <title>Jeg var bikkja til Frank</title>
            <excerpt:encoded><![CDATA[Denne diktsamlinga handler om Frank og bikkja hans.   Ikke den egentlig bikkja. Broren.]]></excerpt:encoded>
            <wp:postmeta>
                <wp:meta_key>lsb_isbn</wp:meta_key>
                <wp:meta_value><![CDATA[9788282880268]]></wp:meta_value>
            </wp:postmeta>
            <wp:postmeta>
                <wp:meta_key>_lsb_isbn</wp:meta_key>
                <wp:meta_value><![CDATA[lsb_acf_isbn]]></wp:meta_value>
            </wp:postmeta>
            <wp:postmeta>
                <wp:meta_key>lsb_published_year</wp:meta_key>
                <wp:meta_value><![CDATA[2013]]></wp:meta_value>
            </wp:postmeta>
            <wp:postmeta>
                <wp:meta_key>_lsb_published_year</wp:meta_key>
                <wp:meta_value><![CDATA[lsb_acf_published_year]]></wp:meta_value>
            </wp:postmeta>
            <wp:postmeta>
                <wp:meta_key>lsb_pages</wp:meta_key>
                <wp:meta_value><![CDATA[64]]></wp:meta_value>
            </wp:postmeta>
            <wp:postmeta>
                <wp:meta_key>_lsb_pages</wp:meta_key>
                <wp:meta_value><![CDATA[lsb_acf_pages]]></wp:meta_value>
            </wp:postmeta>
            <wp:postmeta>
                <wp:meta_key>lsb_review</wp:meta_key>
                <wp:meta_value><![CDATA[  <div>  <div>Dette er ikke vanlige dikt.&#160;</div>  <div>De ser ut som vanlige dikt.</div>  <div>Men de handler om noe ganske uvanlig.</div>  <div>De handler om Frank og jeg-personen,<br />  og alt de gjør og alt de ikke gjør.<br />  Mest om det de gjør. </div>  <div>Som å sloss. Eller drikke.</div>  <div>Eller å gjøre ting som ikke er helt lovlige.&#160;</div>  <div>Hvis man har behov for en torpedo, </div>  <div>burde man ta en prat med disse gutta.</div>  <div>&#160;</div>  <div>Diktene er korte og fortellende, </div>  <div>språket er rått og usminka.&#160;&#160;</div>  <div>&#160;</div>  <div>Terje Thorsen (f.1965) debuterte i 2009</div>  <div>med&#160;<strong>Dikt fra ei nonne</strong>,&#160;</div>  <div>som sammen med&#160;<strong>Samtaler med en sauebonde</strong>&#160;</div>  <div>og&#160;<strong>Lensmann fra ni til fem</strong>&#160;utgjør samlingen&#160;LHMR.&#160;&#160;</div>  <br />  </div>  ]]></wp:meta_value>
            </wp:postmeta>
            <wp:postmeta>
                <wp:meta_key>_lsb_review</wp:meta_key>
                <wp:meta_value><![CDATA[lsb_acf_review]]></wp:meta_value>
            </wp:postmeta>
            <wp:postmeta>
                <wp:meta_key>lsb_quote</wp:meta_key>
                <wp:meta_value><![CDATA[Frankebikkja    jeg er bikkja til Frank  ikke helt god,  akkurat som Frank  kan jeg lukte snø  og når jeg finner den  kaster Frank seg ned på alle fire  ved siden av meg  og spyr  skulle nesten tru  han hadde spist gras fra kirkegården]]></wp:meta_value>
            </wp:postmeta>
            <wp:postmeta>
                <wp:meta_key>_lsb_quote</wp:meta_key>
                <wp:meta_value><![CDATA[lsb_acf_quote]]></wp:meta_value>
            </wp:postmeta>
            <wp:postmeta>
                <wp:meta_key>lsb_supported</wp:meta_key>
                <wp:meta_value><![CDATA[0]]></wp:meta_value>
            </wp:postmeta>
            <wp:postmeta>
                <wp:meta_key>_lsb_supported</wp:meta_key>
                <wp:meta_value><![CDATA[lsb_acf_supported]]></wp:meta_value>
            </wp:postmeta>
            <category domain="lsb_tax_author" nicename="terje-thorsen"><![CDATA[Terje Thorsen]]></category>
            <category domain="lsb_tax_publisher" nicename="flamme"><![CDATA[Flamme]]></category>
            <wp:postmeta>
                <wp:meta_key>lsb_look_inside</wp:meta_key>
                <wp:meta_value><![CDATA[CUSTOM_BLA_I_BOKA]]></wp:meta_value>
            </wp:postmeta>
            <wp:postmeta>
                <wp:meta_key>_lsb_look_inside</wp:meta_key>
                <wp:meta_value><![CDATA[lsb_acf_look_inside]]></wp:meta_value>
            </wp:postmeta>
            <category domain="lsb_tax_age" nicename="voksne"><![CDATA[voksne]]></category>
            <category domain="lsb_tax_genre" nicename="dikt"><![CDATA[dikt]]></category>
            <category domain="lsb_tax_topic" nicename="krim"><![CDATA[krim]]></category>
            <category domain="lsb_tax_topic" nicename="spenning"><![CDATA[spenning]]></category>
            <category domain="lsb_tax_language" nicename="no_nb"><![CDATA[bokmål]]></category>
            <category domain="lsb_tax_customization" nicename="skjønnlitteratur"><![CDATA[skjønnlitteratur]]></category>
            <wp:postmeta>
                <wp:meta_key>_thumbnail_id</wp:meta_key>
                <wp:meta_value><![CDATA[5669]]></wp:meta_value>
            </wp:postmeta>
        </item>
        <item>
            <title>Jeg-var-bikkja-til-Frank_300dpi.jpg</title>
            <wp:post_id>5669</wp:post_id>
            <wp:status>inherit</wp:status>
            <wp:post_type>attachment</wp:post_type>
            <wp:attachment_url>https://raw.githubusercontent.com/lesersokerbok/boksok.no-data-utils/master/output-example/images/DEF947AAEA734EDA80EAD1F0226DE81F.jpg</wp:attachment_url>
        </item>
        <item>
            <wp:post_type>lsb_book</wp:post_type>
            <wp:status>publish</wp:status>
            <title>Levande varde i Lom</title>
            <excerpt:encoded><![CDATA[Nok ei latterkule frå Sigmund Falch!]]></excerpt:encoded>
            <wp:postmeta>
                <wp:meta_key>lsb_isbn</wp:meta_key>
                <wp:meta_value><![CDATA[9788251680196]]></wp:meta_value>
            </wp:postmeta>
            <wp:postmeta>
                <wp:meta_key>_lsb_isbn</wp:meta_key>
                <wp:meta_value><![CDATA[lsb_acf_isbn]]></wp:meta_value>
            </wp:postmeta>
            <wp:postmeta>
                <wp:meta_key>lsb_published_year</wp:meta_key>
                <wp:meta_value><![CDATA[2013]]></wp:meta_value>
            </wp:postmeta>
            <wp:postmeta>
                <wp:meta_key>_lsb_published_year</wp:meta_key>
                <wp:meta_value><![CDATA[lsb_acf_published_year]]></wp:meta_value>
            </wp:postmeta>
            <wp:postmeta>
                <wp:meta_key>lsb_pages</wp:meta_key>
                <wp:meta_value><![CDATA[96]]></wp:meta_value>
            </wp:postmeta>
            <wp:postmeta>
                <wp:meta_key>_lsb_pages</wp:meta_key>
                <wp:meta_value><![CDATA[lsb_acf_pages]]></wp:meta_value>
            </wp:postmeta>
            <wp:postmeta>
                <wp:meta_key>lsb_review</wp:meta_key>
                <wp:meta_value><![CDATA[  <div>Forfattaren har nok ein gong dykka djupt </div>  <div>i&#160;arkivet til Nasjonalbiblioteket</div>  <div>og koplar gamle bilete med friske tekstar. </div>  <div>Her kjem&#160;deira&#160;heile og fulle meining endeleg fram! &#160;</div>  <div>Korleis ser folk vanlegvis ut i fjeset,</div>  <div>første gongen dei kjem til Harstad?</div>  <div>Kva koplar øl og trompet saman?</div>  <div>&#160;</div>  <div>  <div><strong>Levande varde i Lom</strong> har korte enkle tekstar,</div>  <div>som passar for folk med absurd humor</div>  <div>og kjærleik til det rare. &#160;</div>  <div>Denne boka held fram i same spor som bøkene</div>  <div><strong>Redlight Setesdal</strong>&#160;og <strong>Dei likar ikkje grovisar i Rotary</strong>. </div></div>  <div>&#160;</div>  <div>Sigmund Falch (f. 1965) </div>  <div>er manusforfattar og regissør</div>  <div>innan TV og radio. </div>  <div>Han står óg bak hundrevis av sketsjar </div>  <div>til "Hallo i uken" på P2. </div>  <div>&#160;</div>  <div>&#160;</div>  ]]></wp:meta_value>
            </wp:postmeta>
            <wp:postmeta>
                <wp:meta_key>_lsb_review</wp:meta_key>
                <wp:meta_value><![CDATA[lsb_acf_review]]></wp:meta_value>
            </wp:postmeta>
            <wp:postmeta>
                <wp:meta_key>lsb_quote</wp:meta_key>
                <wp:meta_value><![CDATA[Robert sleit med mykje her i verda.  Ikkje eingong det å entra ein sovepose  gjekk av seg sjølv.  ]]></wp:meta_value>
            </wp:postmeta>
            <wp:postmeta>
                <wp:meta_key>_lsb_quote</wp:meta_key>
                <wp:meta_value><![CDATA[lsb_acf_quote]]></wp:meta_value>
            </wp:postmeta>
            <wp:postmeta>
                <wp:meta_key>lsb_supported</wp:meta_key>
                <wp:meta_value><![CDATA[0]]></wp:meta_value>
            </wp:postmeta>
            <wp:postmeta>
                <wp:meta_key>_lsb_supported</wp:meta_key>
                <wp:meta_value><![CDATA[lsb_acf_supported]]></wp:meta_value>
            </wp:postmeta>
            <category domain="lsb_tax_author" nicename="sigmund-falch"><![CDATA[Sigmund Falch]]></category>
            <category domain="lsb_tax_publisher" nicename="schibsted"><![CDATA[Schibsted]]></category>
            <wp:postmeta>
                <wp:meta_key>lsb_look_inside</wp:meta_key>
                <wp:meta_value><![CDATA[CUSTOM_BLA_I_BOKA]]></wp:meta_value>
            </wp:postmeta>
            <wp:postmeta>
                <wp:meta_key>_lsb_look_inside</wp:meta_key>
                <wp:meta_value><![CDATA[lsb_acf_look_inside]]></wp:meta_value>
            </wp:postmeta>
            <category domain="lsb_tax_age" nicename="voksne"><![CDATA[voksne]]></category>
            <category domain="lsb_tax_topic" nicename="humor"><![CDATA[humor]]></category>
            <category domain="lsb_tax_language" nicename="no_nn"><![CDATA[nynorsk]]></category>
            <category domain="lsb_tax_customization" nicename="skjønnlitteratur"><![CDATA[skjønnlitteratur]]></category>
            <category domain="lsb_tax_customization" nicename="bilder"><![CDATA[bilder]]></category>
            <category domain="lsb_tax_customization" nicename="mange-bilder"><![CDATA[mange bilder]]></category>
            <wp:postmeta>
                <wp:meta_key>_thumbnail_id</wp:meta_key>
                <wp:meta_value><![CDATA[5670]]></wp:meta_value>
            </wp:postmeta>
        </item>
        <item>
            <title>levande varde.jpg</title>
            <wp:post_id>5670</wp:post_id>
            <wp:status>inherit</wp:status>
            <wp:post_type>attachment</wp:post_type>
            <wp:attachment_url>https://raw.githubusercontent.com/lesersokerbok/boksok.no-data-utils/master/output-example/images/7860F374A68140C483BEA5AF5DC78E47.jpg</wp:attachment_url>
        </item>
        <item>
            <wp:post_type>lsb_book</wp:post_type>
            <wp:status>publish</wp:status>
            <title>Opptegnelser fra Jerusalem</title>
            <excerpt:encoded><![CDATA[Forfatteren bodde et år i Jerusalem   sammen med familien sin.  Gjennom tekst og bilder tegner han opp   et bilde av livet der.]]></excerpt:encoded>
            <wp:postmeta>
                <wp:meta_key>lsb_isbn</wp:meta_key>
                <wp:meta_value><![CDATA[9788203218019]]></wp:meta_value>
            </wp:postmeta>
            <wp:postmeta>
                <wp:meta_key>_lsb_isbn</wp:meta_key>
                <wp:meta_value><![CDATA[lsb_acf_isbn]]></wp:meta_value>
            </wp:postmeta>
            <wp:postmeta>
                <wp:meta_key>lsb_published_year</wp:meta_key>
                <wp:meta_value><![CDATA[2012]]></wp:meta_value>
            </wp:postmeta>
            <wp:postmeta>
                <wp:meta_key>_lsb_published_year</wp:meta_key>
                <wp:meta_value><![CDATA[lsb_acf_published_year]]></wp:meta_value>
            </wp:postmeta>
            <wp:postmeta>
                <wp:meta_key>lsb_pages</wp:meta_key>
                <wp:meta_value><![CDATA[334]]></wp:meta_value>
            </wp:postmeta>
            <wp:postmeta>
                <wp:meta_key>_lsb_pages</wp:meta_key>
                <wp:meta_value><![CDATA[lsb_acf_pages]]></wp:meta_value>
            </wp:postmeta>
            <wp:postmeta>
                <wp:meta_key>lsb_review</wp:meta_key>
                <wp:meta_value><![CDATA[  <div>Kona til serieskaperen <strong>Guy Delisle&#160;</strong></div>  <div>jobber for Leger uten grenser.</div>  <div>Dermed flytter familien på fire</div>  <div>stadig til nye deler av verden,</div>  <div>fordi hun skal på jobb.&#160;</div>  <div>Slik får de innpass i deler av verden</div>  <div>som det kan være vanskelig <br />  å bli kjent med for folk utenfra.</div>  <div>&#160;</div>  <div>Uten å ta stilling til konflikten,</div>  <div>noterer Guy seg hvordan det er</div>  <div>å leve i Jerusalem.</div>  <div>Gjennom det daglige livet, </div>  <div>får vi større innsikt i konflikten</div>  <div>og hvordan krig kan oppleves</div>  <div>for de som er involvert.</div>  <div>&#160;</div>  <div>Boka er ganske tykk,</div>  <div>men den er delt opp i kortere kapitler.</div>  <div>Ukjente ord blir stort sett forklart</div>  <div>i teksten og det er mulig å lese boka</div>  <div>uten å kjenne til forholdene </div>  <div>i Jerusalem på forhånd.&#160;</div>  <div>&#160;</div>  <div><strong>Guy Delisle</strong> er født i Canada i 1966.</div>  <div>Han er serietegner og animatør,</div>  <div>men er best kjent for dagbøkene sine </div>  <div>fra Shenzhen, Pyongyang og Burma.&#160;</div>  ]]></wp:meta_value>
            </wp:postmeta>
            <wp:postmeta>
                <wp:meta_key>_lsb_review</wp:meta_key>
                <wp:meta_value><![CDATA[lsb_acf_review]]></wp:meta_value>
            </wp:postmeta>
            <wp:postmeta>
                <wp:meta_key>lsb_quote</wp:meta_key>
                <wp:meta_value><![CDATA[Å SNAKKE MED EN KORRESPONDENT ER SOM Å SE PÅ NYHETENE, BORTSETT FRA AT MAN KAN AVBRYTE NYHETSANKERET OG STILLE SPØRSMÅL.   - ÅH.  JEG SOM VET SÅ LITE. DET ER SKIKKELIG FLAKS.    - RAMALLAH ER LIKSOM VESTBREDDENS TEL AVIV, SKJØNNER DU.  - HVIS JEG KAN SI DET SÅNN.  - FOLK HAR ET ÅPENT SINN, DE HAR MYE FRIHET.    JEG BENYTTER ANLEDNINGEN NÅ SOM JEG SITTER SAMMEN MED EN JOURNALIST OG EN FRANSK KORRESPONDENT.  - EH ... HVA ER EGENTLIG DE GREIENE MED FORSKJELLIGE SONER?]]></wp:meta_value>
            </wp:postmeta>
            <wp:postmeta>
                <wp:meta_key>_lsb_quote</wp:meta_key>
                <wp:meta_value><![CDATA[lsb_acf_quote]]></wp:meta_value>
            </wp:postmeta>
            <wp:postmeta>
                <wp:meta_key>lsb_supported</wp:meta_key>
                <wp:meta_value><![CDATA[0]]></wp:meta_value>
            </wp:postmeta>
            <wp:postmeta>
                <wp:meta_key>_lsb_supported</wp:meta_key>
                <wp:meta_value><![CDATA[lsb_acf_supported]]></wp:meta_value>
            </wp:postmeta>
            <category domain="lsb_tax_author" nicename="guy-delisle"><![CDATA[Guy Delisle]]></category>
            <category domain="lsb_tax_publisher" nicename="aschehoug"><![CDATA[Aschehoug]]></category>
            <category domain="lsb_tax_illustrator" nicename="guy-delisle"><![CDATA[Guy Delisle]]></category>
            <category domain="lsb_tax_translator" nicename="thomas-lundbo"><![CDATA[Thomas Lundbo]]></category>
            <wp:postmeta>
                <wp:meta_key>lsb_look_inside</wp:meta_key>
                <wp:meta_value><![CDATA[CUSTOM_BLA_I_BOKA]]></wp:meta_value>
            </wp:postmeta>
            <wp:postmeta>
                <wp:meta_key>_lsb_look_inside</wp:meta_key>
                <wp:meta_value><![CDATA[lsb_acf_look_inside]]></wp:meta_value>
            </wp:postmeta>
            <category domain="lsb_tax_age" nicename="voksne"><![CDATA[voksne]]></category>
            <category domain="lsb_tax_topic" nicename="historie"><![CDATA[historie]]></category>
            <category domain="lsb_tax_topic" nicename="samfunn"><![CDATA[samfunn]]></category>
            <category domain="lsb_tax_topic" nicename="mennesker-i-mellom"><![CDATA[mennesker i mellom]]></category>
            <category domain="lsb_tax_language" nicename="no_nb"><![CDATA[bokmål]]></category>
            <category domain="lsb_tax_customization" nicename="bilder"><![CDATA[bilder]]></category>
            <category domain="lsb_tax_customization" nicename="mange-bilder"><![CDATA[mange bilder]]></category>
            <wp:postmeta>
                <wp:meta_key>_thumbnail_id</wp:meta_key>
                <wp:meta_value><![CDATA[5671]]></wp:meta_value>
            </wp:postmeta>
        </item>
        <item>
            <title>opptegnelser fra jerusalem.jpg</title>
            <wp:post_id>5671</wp:post_id>
            <wp:status>inherit</wp:status>
            <wp:post_type>attachment</wp:post_type>
            <wp:attachment_url>https://raw.githubusercontent.com/lesersokerbok/boksok.no-data-utils/master/output-example/images/6D52132A8DF541358C891F26D97906B1.jpg</wp:attachment_url>
        </item>
        <item>
            <wp:post_type>lsb_book</wp:post_type>
            <wp:status>publish</wp:status>
            <title>Vinternoveller</title>
            <excerpt:encoded><![CDATA[Tre noveller om å være så glad i noen at ingenting funker.   Om å ikke få til noe. Om å få til litt likevel. ]]></excerpt:encoded>
            <wp:postmeta>
                <wp:meta_key>lsb_isbn</wp:meta_key>
                <wp:meta_value><![CDATA[9788205461307]]></wp:meta_value>
            </wp:postmeta>
            <wp:postmeta>
                <wp:meta_key>_lsb_isbn</wp:meta_key>
                <wp:meta_value><![CDATA[lsb_acf_isbn]]></wp:meta_value>
            </wp:postmeta>
            <wp:postmeta>
                <wp:meta_key>lsb_published_year</wp:meta_key>
                <wp:meta_value><![CDATA[2014]]></wp:meta_value>
            </wp:postmeta>
            <wp:postmeta>
                <wp:meta_key>_lsb_published_year</wp:meta_key>
                <wp:meta_value><![CDATA[lsb_acf_published_year]]></wp:meta_value>
            </wp:postmeta>
            <wp:postmeta>
                <wp:meta_key>lsb_pages</wp:meta_key>
                <wp:meta_value><![CDATA[129]]></wp:meta_value>
            </wp:postmeta>
            <wp:postmeta>
                <wp:meta_key>_lsb_pages</wp:meta_key>
                <wp:meta_value><![CDATA[lsb_acf_pages]]></wp:meta_value>
            </wp:postmeta>
            <wp:postmeta>
                <wp:meta_key>lsb_review</wp:meta_key>
                <wp:meta_value><![CDATA[  <div><strong>Vi kan ikke hjelpe alle</strong></div>  <div><strong>Riktig Thomas</strong></div>  <div><strong>Søsken</strong></div>  <div>&#160;</div>  <div>Dette er titlene på novellene i Ingvild Rishøis </div>  <div>siste novellesamling <strong>Vinternoveller</strong>. </div>  <div>De handler om Alexa som alltid tisser på seg. </div>  <div>Om faren hennes som bare spiller basket. </div>  <div>Om Thomas som vil gjøre alt riktig, </div>  <div>men alltid har gjort alt feil. </div>  <div>Om å rømme med halvsøsknene sine til et hemmelig sted.</div>  <div>&#160;</div>  <div>Tekstene dirrer av følsom spenning. </div>  <div>Sånn spenning som gjør vondt i kroppen. </div>  <div>Sånn spenning som gjør at man ikke kan legge fra seg boka.</div>  <div>&#160;</div>  <div>Boka er ganske lita og tynn og inneholder mange avsnitt. </div>  <div>Språket er enkelt, men det er noen lange setninger. &#160;</div>  <div>&#160;</div>  <div>Ingvild H. Rishøi (f.1978) debuterte </div>  <div>med novellesamlinga <strong>La stå</strong> i 2007. </div>  <div>I 2011 kom hennes andre novellesamling </div>  <div><strong>Historien om Fru Berg. </strong></div>  <div>Denne ble hun nominert til Brageprisen for.&#160;</div>  ]]></wp:meta_value>
            </wp:postmeta>
            <wp:postmeta>
                <wp:meta_key>_lsb_review</wp:meta_key>
                <wp:meta_value><![CDATA[lsb_acf_review]]></wp:meta_value>
            </wp:postmeta>
            <wp:postmeta>
                <wp:meta_key>lsb_quote</wp:meta_key>
                <wp:meta_value><![CDATA[– Jeg hadde noen småpenger likevel, sier jeg.  Jeg finner lommeboka og åpner glidelåsen. En sirene begynner å ule bak oss, Alexa legger hendene for ørene, så slutter sirena å ule og Alexa tar ned hendene og jeg slipper mynten.   Da ser jeg hva slags mynt det er. Men det er for seint.  Det er en tjuekroning.  Jeg skulle gi en tier.  Nå er det for seint.   Jeg ga bort tjue kroner.  Der ligger de, nederst i pappkoppen hans. Nå kan vi ikke ta bussen, hun må gå med tissebuksa hjem, men hun veit det ikke, så hun bare smiler, og han blunker til henne og sier:  – Tusen takk]]></wp:meta_value>
            </wp:postmeta>
            <wp:postmeta>
                <wp:meta_key>_lsb_quote</wp:meta_key>
                <wp:meta_value><![CDATA[lsb_acf_quote]]></wp:meta_value>
            </wp:postmeta>
            <wp:postmeta>
                <wp:meta_key>lsb_supported</wp:meta_key>
                <wp:meta_value><![CDATA[0]]></wp:meta_value>
            </wp:postmeta>
            <wp:postmeta>
                <wp:meta_key>_lsb_supported</wp:meta_key>
                <wp:meta_value><![CDATA[lsb_acf_supported]]></wp:meta_value>
            </wp:postmeta>
            <category domain="lsb_tax_author" nicename="ingvild-h.-rishøi"><![CDATA[Ingvild H. Rishøi]]></category>
            <category domain="lsb_tax_publisher" nicename="gyldendal"><![CDATA[Gyldendal]]></category>
            <wp:postmeta>
                <wp:meta_key>lsb_look_inside</wp:meta_key>
                <wp:meta_value><![CDATA[CUSTOM_BLA_I_BOKA]]></wp:meta_value>
            </wp:postmeta>
            <wp:postmeta>
                <wp:meta_key>_lsb_look_inside</wp:meta_key>
                <wp:meta_value><![CDATA[lsb_acf_look_inside]]></wp:meta_value>
            </wp:postmeta>
            <category domain="lsb_tax_age" nicename="voksne"><![CDATA[voksne]]></category>
            <category domain="lsb_tax_genre" nicename="prosa"><![CDATA[prosa]]></category>
            <category domain="lsb_tax_topic" nicename="mennesker-i-mellom"><![CDATA[mennesker i mellom]]></category>
            <category domain="lsb_tax_language" nicename="no_nb"><![CDATA[bokmål]]></category>
            <category domain="lsb_tax_customization" nicename="skjønnlitteratur"><![CDATA[skjønnlitteratur]]></category>
            <wp:postmeta>
                <wp:meta_key>_thumbnail_id</wp:meta_key>
                <wp:meta_value><![CDATA[5672]]></wp:meta_value>
            </wp:postmeta>
        </item>
        <item>
            <title>Vinternoveller_hd_image.jpg</title>
            <wp:post_id>5672</wp:post_id>
            <wp:status>inherit</wp:status>
            <wp:post_type>attachment</wp:post_type>
            <wp:attachment_url>https://raw.githubusercontent.com/lesersokerbok/boksok.no-data-utils/master/output-example/images/C934BF8677FE4244A7A00A8209A3FD6B.jpg</wp:attachment_url>
        </item>
        <item>
            <wp:post_type>lsb_book</wp:post_type>
            <wp:status>publish</wp:status>
            <title>På moten</title>
            <excerpt:encoded><![CDATA[Bli med på en reise i norsk mote fra 1950-1980!]]></excerpt:encoded>
            <wp:postmeta>
                <wp:meta_key>lsb_isbn</wp:meta_key>
                <wp:meta_value><![CDATA[9788282113618]]></wp:meta_value>
            </wp:postmeta>
            <wp:postmeta>
                <wp:meta_key>_lsb_isbn</wp:meta_key>
                <wp:meta_value><![CDATA[lsb_acf_isbn]]></wp:meta_value>
            </wp:postmeta>
            <wp:postmeta>
                <wp:meta_key>lsb_published_year</wp:meta_key>
                <wp:meta_value><![CDATA[2013]]></wp:meta_value>
            </wp:postmeta>
            <wp:postmeta>
                <wp:meta_key>_lsb_published_year</wp:meta_key>
                <wp:meta_value><![CDATA[lsb_acf_published_year]]></wp:meta_value>
            </wp:postmeta>
            <wp:postmeta>
                <wp:meta_key>lsb_pages</wp:meta_key>
                <wp:meta_value><![CDATA[135]]></wp:meta_value>
            </wp:postmeta>
            <wp:postmeta>
                <wp:meta_key>_lsb_pages</wp:meta_key>
                <wp:meta_value><![CDATA[lsb_acf_pages]]></wp:meta_value>
            </wp:postmeta>
            <wp:postmeta>
                <wp:meta_key>lsb_review</wp:meta_key>
                <wp:meta_value><![CDATA[  <div> Husker du hvordan moten var i Norge på 50-tallet? <br />  At jentene gikk i skjørt og guttene i bukser? <br />  At alle gikk med kofte. At alt klødde? <br />  Eller at alle måtte ha nylonstrømpene til rockeskjørtet?</div>  <div>&#160;</div>  <div>Var du ung da høyt hår og stilletthæler kom på moten på 60-tallet? <br />  Eller kanskje vokste du opp på 70-tallet, <br />  og kunne velge mellom hippie- eller discostil? <br />  Er du en av dem som gremmes over boblejakkene <br />  og pastellfargene på 80-tallet? </div>  <div>&#160;</div>  <div>Med boka <strong>På moten 50–80-tallet</strong>, <br />  kan du ta en nostalgisk reise tilbake i klesskapet</div>  <div>– eller du kan få et herlig overblikk <br />  over hvordan det sto til på klesfronten på den tida.&#160;</div>  <div>&#160;</div>  <div>Hvis du er opptatt av vintage og stiler, <br />  er dette ei bok som raskt og greit tar for seg&#160;de ulike tiårene. <br />  Her er det lett å finne inspirasjon <br />  til din neste tur til loppemarkedet!</div>  <div>&#160;</div>  <div>Boka har mange bilder og lite tekst, samt korte sitater <br />  fra mennesker som selv vokste opp i de ulike tiårene. &#160;</div>  <div>Denne boka egner seg godt for leseombud.</div>  <div>&#160;</div>  <div>Frøy Lode Wiig er redaktør i Vega forlag <br />  og står bak blant annet<em> <strong>Hjemmet vårt </strong></em>(2011) og&#160;<strong>Barndom : 90-tallet</strong> (2010).</div>  <div>&#160;</div>  <div>&#160;</div>  <div><br />  </div>  ]]></wp:meta_value>
            </wp:postmeta>
            <wp:postmeta>
                <wp:meta_key>_lsb_review</wp:meta_key>
                <wp:meta_value><![CDATA[lsb_acf_review]]></wp:meta_value>
            </wp:postmeta>
            <wp:postmeta>
                <wp:meta_key>lsb_quote</wp:meta_key>
                <wp:meta_value><![CDATA[Målet med denne boken er ikke å gi en omfattende innføring i norsk motehistorie. Det har andre gjort forbilledlig før meg. Mitt ønske er å vise noe av det som var på moten i tiårene etter krigen. ]]></wp:meta_value>
            </wp:postmeta>
            <wp:postmeta>
                <wp:meta_key>_lsb_quote</wp:meta_key>
                <wp:meta_value><![CDATA[lsb_acf_quote]]></wp:meta_value>
            </wp:postmeta>
            <wp:postmeta>
                <wp:meta_key>lsb_supported</wp:meta_key>
                <wp:meta_value><![CDATA[0]]></wp:meta_value>
            </wp:postmeta>
            <wp:postmeta>
                <wp:meta_key>_lsb_supported</wp:meta_key>
                <wp:meta_value><![CDATA[lsb_acf_supported]]></wp:meta_value>
            </wp:postmeta>
            <category domain="lsb_tax_author" nicename="frøy-lode-wiig"><![CDATA[Frøy Lode Wiig]]></category>
            <category domain="lsb_tax_publisher" nicename="vega"><![CDATA[Vega]]></category>
            <wp:postmeta>
                <wp:meta_key>lsb_look_inside</wp:meta_key>
                <wp:meta_value><![CDATA[CUSTOM_BLA_I_BOKA]]></wp:meta_value>
            </wp:postmeta>
            <wp:postmeta>
                <wp:meta_key>_lsb_look_inside</wp:meta_key>
                <wp:meta_value><![CDATA[lsb_acf_look_inside]]></wp:meta_value>
            </wp:postmeta>
            <category domain="lsb_tax_age" nicename="voksne"><![CDATA[voksne]]></category>
            <category domain="lsb_tax_genre" nicename="faglitteratur"><![CDATA[faglitteratur]]></category>
            <category domain="lsb_tax_topic" nicename="historie"><![CDATA[historie]]></category>
            <category domain="lsb_tax_topic" nicename="samfunn"><![CDATA[samfunn]]></category>
            <category domain="lsb_tax_language" nicename="no_nb"><![CDATA[bokmål]]></category>
            <category domain="lsb_tax_customization" nicename="faglitteratur"><![CDATA[faglitteratur]]></category>
            <category domain="lsb_tax_customization" nicename="mange-bilder"><![CDATA[mange bilder]]></category>
            <wp:postmeta>
                <wp:meta_key>_thumbnail_id</wp:meta_key>
                <wp:meta_value><![CDATA[5673]]></wp:meta_value>
            </wp:postmeta>
        </item>
        <item>
            <title>Påmoten.jpg</title>
            <wp:post_id>5673</wp:post_id>
            <wp:status>inherit</wp:status>
            <wp:post_type>attachment</wp:post_type>
            <wp:attachment_url>https://raw.githubusercontent.com/lesersokerbok/boksok.no-data-utils/master/output-example/images/A9F2C6BBCEF14EEDB1BB6282E799B3BF.jpg</wp:attachment_url>
        </item>
        <item>
            <wp:post_type>lsb_book</wp:post_type>
            <wp:status>publish</wp:status>
            <title>Jeg greier det!</title>
            <excerpt:encoded><![CDATA[En bok for alle som vil være aktive sammen med barna sine.]]></excerpt:encoded>
            <wp:postmeta>
                <wp:meta_key>lsb_isbn</wp:meta_key>
                <wp:meta_value><![CDATA[9788248913504]]></wp:meta_value>
            </wp:postmeta>
            <wp:postmeta>
                <wp:meta_key>_lsb_isbn</wp:meta_key>
                <wp:meta_value><![CDATA[lsb_acf_isbn]]></wp:meta_value>
            </wp:postmeta>
            <wp:postmeta>
                <wp:meta_key>lsb_published_year</wp:meta_key>
                <wp:meta_value><![CDATA[2013]]></wp:meta_value>
            </wp:postmeta>
            <wp:postmeta>
                <wp:meta_key>_lsb_published_year</wp:meta_key>
                <wp:meta_value><![CDATA[lsb_acf_published_year]]></wp:meta_value>
            </wp:postmeta>
            <wp:postmeta>
                <wp:meta_key>lsb_pages</wp:meta_key>
                <wp:meta_value><![CDATA[151]]></wp:meta_value>
            </wp:postmeta>
            <wp:postmeta>
                <wp:meta_key>_lsb_pages</wp:meta_key>
                <wp:meta_value><![CDATA[lsb_acf_pages]]></wp:meta_value>
            </wp:postmeta>
            <wp:postmeta>
                <wp:meta_key>lsb_review</wp:meta_key>
                <wp:meta_value><![CDATA[  <div>Her finner du grunnleggende tips til ulike aktiviteter og sport<br />  som du kan gjøre sammen med barna dine. <br />  Boka er delt inn i hovedkategoriene <strong>sommer</strong> og <strong>vinter</strong>, <br />  og underkategoriene er:</div>  <div>&#160;</div>  <div><em>Naturlige bevegelser</em></div>  <div><em>Med ball</em></div>  <div><em>På hjul</em></div>  <div><em>I vann</em></div>  <div><em>Langrenn</em></div>  <div><em>Alpint</em></div>  <div><em>Snowboard</em></div>  <div><em>Skøyter</em></div>  <div><em>&#160;</em></div>  <div>Under hver aktivitet er det listet opp forslag til variasjoner.&#160;</div>  <div>Boka har bilder som viser mange av de forskjellige øvelsene.</div>  <div>&#160;</div>  <div>Kjetil André Aamodt har vunnet flest gull i alpint <br />  gjennom tidene, med ni gull OL og VM.&#160;  <p>Hedda Berntsen er verdensmester i telemark <br />  og har internasjonale medaljer i skicross og alpint.&#160;</p> &#160;</div>  ]]></wp:meta_value>
            </wp:postmeta>
            <wp:postmeta>
                <wp:meta_key>_lsb_review</wp:meta_key>
                <wp:meta_value><![CDATA[lsb_acf_review]]></wp:meta_value>
            </wp:postmeta>
            <wp:postmeta>
                <wp:meta_key>lsb_quote</wp:meta_key>
                <wp:meta_value><![CDATA[Barn liker å leke og trives med å være i aktivitet. Det er ingen grunn til at de bare skal sitte inne og leke passivt med PC eller iPad, de synes det er like gøy å leke ute! Men da trenger de ofte litt hjelp fra oss voksne for å komme i gang.]]></wp:meta_value>
            </wp:postmeta>
            <wp:postmeta>
                <wp:meta_key>_lsb_quote</wp:meta_key>
                <wp:meta_value><![CDATA[lsb_acf_quote]]></wp:meta_value>
            </wp:postmeta>
            <wp:postmeta>
                <wp:meta_key>lsb_supported</wp:meta_key>
                <wp:meta_value><![CDATA[0]]></wp:meta_value>
            </wp:postmeta>
            <wp:postmeta>
                <wp:meta_key>_lsb_supported</wp:meta_key>
                <wp:meta_value><![CDATA[lsb_acf_supported]]></wp:meta_value>
            </wp:postmeta>
            <category domain="lsb_tax_author" nicename="hedda-berntsen-og-kjetil-andré-aamodt"><![CDATA[Hedda Berntsen og Kjetil André Aamodt]]></category>
            <category domain="lsb_tax_publisher" nicename="kagge"><![CDATA[Kagge]]></category>
            <wp:postmeta>
                <wp:meta_key>lsb_look_inside</wp:meta_key>
                <wp:meta_value><![CDATA[CUSTOM_BLA_I_BOKA]]></wp:meta_value>
            </wp:postmeta>
            <wp:postmeta>
                <wp:meta_key>_lsb_look_inside</wp:meta_key>
                <wp:meta_value><![CDATA[lsb_acf_look_inside]]></wp:meta_value>
            </wp:postmeta>
            <category domain="lsb_tax_age" nicename="voksne"><![CDATA[voksne]]></category>
            <category domain="lsb_tax_genre" nicename="faglitteratur"><![CDATA[faglitteratur]]></category>
            <category domain="lsb_tax_topic" nicename="sport"><![CDATA[sport]]></category>
            <category domain="lsb_tax_language" nicename="no_nb"><![CDATA[bokmål]]></category>
            <category domain="lsb_tax_customization" nicename="faglitteratur"><![CDATA[faglitteratur]]></category>
            <category domain="lsb_tax_customization" nicename="mange-bilder"><![CDATA[mange bilder]]></category>
            <wp:postmeta>
                <wp:meta_key>_thumbnail_id</wp:meta_key>
                <wp:meta_value><![CDATA[5674]]></wp:meta_value>
            </wp:postmeta>
        </item>
        <item>
            <title>org_Jeg greier det! STOR.jpg</title>
            <wp:post_id>5674</wp:post_id>
            <wp:status>inherit</wp:status>
            <wp:post_type>attachment</wp:post_type>
            <wp:attachment_url>https://raw.githubusercontent.com/lesersokerbok/boksok.no-data-utils/master/output-example/images/15650DBA227D42939D157E1A01C8BE43.jpg</wp:attachment_url>
        </item>
        <item>
            <wp:post_type>lsb_book</wp:post_type>
            <wp:status>publish</wp:status>
            <title>Bare ukedager</title>
            <excerpt:encoded><![CDATA[En fortelling om å være forelska,   og ikke tenke på noen annen enn den man er forelska i.   Også når man virkelig burde la være.]]></excerpt:encoded>
            <wp:postmeta>
                <wp:meta_key>lsb_isbn</wp:meta_key>
                <wp:meta_value><![CDATA[9788282880381]]></wp:meta_value>
            </wp:postmeta>
            <wp:postmeta>
                <wp:meta_key>_lsb_isbn</wp:meta_key>
                <wp:meta_value><![CDATA[lsb_acf_isbn]]></wp:meta_value>
            </wp:postmeta>
            <wp:postmeta>
                <wp:meta_key>lsb_published_year</wp:meta_key>
                <wp:meta_value><![CDATA[2012]]></wp:meta_value>
            </wp:postmeta>
            <wp:postmeta>
                <wp:meta_key>_lsb_published_year</wp:meta_key>
                <wp:meta_value><![CDATA[lsb_acf_published_year]]></wp:meta_value>
            </wp:postmeta>
            <wp:postmeta>
                <wp:meta_key>lsb_pages</wp:meta_key>
                <wp:meta_value><![CDATA[179]]></wp:meta_value>
            </wp:postmeta>
            <wp:postmeta>
                <wp:meta_key>_lsb_pages</wp:meta_key>
                <wp:meta_value><![CDATA[lsb_acf_pages]]></wp:meta_value>
            </wp:postmeta>
            <wp:postmeta>
                <wp:meta_key>lsb_review</wp:meta_key>
                <wp:meta_value><![CDATA[  <div>Dette er en slags dagbok. Ikke privat eller klein. </div>  <div>Mer som en som får deg til å kjenne <br />  hvordan det er å være forelska. </div>  <div>Man er sinnssyk - det vet de fleste. </div>  <div>I&#160;<strong>Bare ukedager</strong> blir det tydelig. <br />  Hvorfor skal man ikke bli forelska i den fyren <br />  som kommer bort og sier han kan trylle. <br />  Han som sier tallet du tenker på <br />  og gir deg headsetet sitt <br />  og ber deg om å høre på ei låt?</div>  <div>&#160;</div>  <div>Boka er delt inn i måneder og ukedager, <br />  og er en salig blanding av tilbakeblikk, lister, <br />  visjoner for fremtiden, kjærlighetssorg og -glede. <br />  Den viser også hvordan det er å leve nå,<br />  på Oslos hippe og mindre hippe gatehjørner. <br />  Alle som har gått rundt i byen og venta på svar <br />  fra en eller annen som aldri svarer, <br />  vil kunne kjenne seg igjen i denne boka.&#160;</div>  <div>&#160;</div>  <div>Cecilie Aurstad (født 1987) har studert </div>  <div>ved Universitetet i Bergen&#160;og på Westerdals. <br />  <em>Bare ukedager</em>&#160;er den første boka hennes.</div>  ]]></wp:meta_value>
            </wp:postmeta>
            <wp:postmeta>
                <wp:meta_key>_lsb_review</wp:meta_key>
                <wp:meta_value><![CDATA[lsb_acf_review]]></wp:meta_value>
            </wp:postmeta>
            <wp:postmeta>
                <wp:meta_key>lsb_quote</wp:meta_key>
                <wp:meta_value><![CDATA[Jeg ringte deg og du tok ikke telefonen så jeg tenkte du kanskje hadde mista den eller lagt den igjen et sted, kanskje på nach, du ble alltid ubrukelig på nach og la deg i badekaret med klærne på og satt i vinduet og dingla med beina enda det var femten meter ned minst, kanskje mer, ofte var jeg redd for deg, tenkte for meg selv at du var en typisk fyr som ville havne i bakken og så i avisa neste morgen: Gutt (23) falt ned av vindu på fest, døde momentant. Hvis du faller ned, hopper jeg etter.]]></wp:meta_value>
            </wp:postmeta>
            <wp:postmeta>
                <wp:meta_key>_lsb_quote</wp:meta_key>
                <wp:meta_value><![CDATA[lsb_acf_quote]]></wp:meta_value>
            </wp:postmeta>
            <wp:postmeta>
                <wp:meta_key>lsb_supported</wp:meta_key>
                <wp:meta_value><![CDATA[0]]></wp:meta_value>
            </wp:postmeta>
            <wp:postmeta>
                <wp:meta_key>_lsb_supported</wp:meta_key>
                <wp:meta_value><![CDATA[lsb_acf_supported]]></wp:meta_value>
            </wp:postmeta>
            <category domain="lsb_tax_author" nicename="cecilie-aurstad"><![CDATA[Cecilie Aurstad]]></category>
            <category domain="lsb_tax_publisher" nicename="flamme"><![CDATA[Flamme]]></category>
            <wp:postmeta>
                <wp:meta_key>lsb_look_inside</wp:meta_key>
                <wp:meta_value><![CDATA[CUSTOM_BLA_I_BOKA]]></wp:meta_value>
            </wp:postmeta>
            <wp:postmeta>
                <wp:meta_key>_lsb_look_inside</wp:meta_key>
                <wp:meta_value><![CDATA[lsb_acf_look_inside]]></wp:meta_value>
            </wp:postmeta>
            <category domain="lsb_tax_age" nicename="ungdom"><![CDATA[ungdom]]></category>
            <category domain="lsb_tax_age" nicename="voksne"><![CDATA[voksne]]></category>
            <category domain="lsb_tax_genre" nicename="prosa"><![CDATA[prosa]]></category>
            <category domain="lsb_tax_topic" nicename="mennesker-i-mellom"><![CDATA[mennesker i mellom]]></category>
            <category domain="lsb_tax_language" nicename="no_nb"><![CDATA[bokmål]]></category>
            <category domain="lsb_tax_customization" nicename="skjønnlitteratur"><![CDATA[skjønnlitteratur]]></category>
            <wp:postmeta>
                <wp:meta_key>_thumbnail_id</wp:meta_key>
                <wp:meta_value><![CDATA[5675]]></wp:meta_value>
            </wp:postmeta>
        </item>
        <item>
            <title>Bare-ukedager_Pocket_Cover_300dpi.jpg</title>
            <wp:post_id>5675</wp:post_id>
            <wp:status>inherit</wp:status>
            <wp:post_type>attachment</wp:post_type>
            <wp:attachment_url>https://raw.githubusercontent.com/lesersokerbok/boksok.no-data-utils/master/output-example/images/9E9A7AF96D25496686DBCBCAE99D8488.jpg</wp:attachment_url>
        </item>
        <item>
            <wp:post_type>lsb_book</wp:post_type>
            <wp:status>publish</wp:status>
            <title>Verdt å vite </title>
            <excerpt:encoded><![CDATA[Fra grunnskolens pensum i samfunnsfag, historie, geografi, naturfag, fysikk, kjemi og biologi: 1-10. klasse.]]></excerpt:encoded>
            <wp:postmeta>
                <wp:meta_key>lsb_isbn</wp:meta_key>
                <wp:meta_value><![CDATA[9788248912200]]></wp:meta_value>
            </wp:postmeta>
            <wp:postmeta>
                <wp:meta_key>_lsb_isbn</wp:meta_key>
                <wp:meta_value><![CDATA[lsb_acf_isbn]]></wp:meta_value>
            </wp:postmeta>
            <wp:postmeta>
                <wp:meta_key>lsb_published_year</wp:meta_key>
                <wp:meta_value><![CDATA[2013]]></wp:meta_value>
            </wp:postmeta>
            <wp:postmeta>
                <wp:meta_key>_lsb_published_year</wp:meta_key>
                <wp:meta_value><![CDATA[lsb_acf_published_year]]></wp:meta_value>
            </wp:postmeta>
            <wp:postmeta>
                <wp:meta_key>lsb_pages</wp:meta_key>
                <wp:meta_value><![CDATA[264]]></wp:meta_value>
            </wp:postmeta>
            <wp:postmeta>
                <wp:meta_key>_lsb_pages</wp:meta_key>
                <wp:meta_value><![CDATA[lsb_acf_pages]]></wp:meta_value>
            </wp:postmeta>
            <wp:postmeta>
                <wp:meta_key>lsb_review</wp:meta_key>
                <wp:meta_value><![CDATA[  <div>Elevene skal ha et visst nivå <br />  av kunnskap i hvert fag i skolen.&#160;</div>  <div>Grunnskolen følger en læreplan, </div>  <div>og i denne læreplanen finnes det mål for alle fagene. <br />  Det er mulig å tolke læreplanen på ulike måter, <br />  og det er opp til hver enkelt lærer <br />  å vektlegge det de synes er viktig.&#160;</div>  <div>Denne boka gir deg én mulig tolkning <br />  av kompetansemålene i naturfag og samfunnsfag. <br />  En annen lærer enn Håvard Tjora ville kanskje gitt en litt annen tolkning.&#160;</div>  <div>&#160;</div>  <div>Boka er delt inn i to deler: Naturfag og samfunnsfag. </div>  <div>Under naturfag finner du også kompetansemålene til fagene fysikk, kjemi og biologi.</div>  <div>  <div>Under samfunnsfag finner du kompetansemålene til fagene historie og geografi.</div>  <div>&#160;</div>  <div>Det er mange faguttrykk i denne boka, og en god del tekst. <br />  Men den er kjempefin å slå opp i <br />  hvis du sliter med å få oversikt over </div>  <div>det du skal kunne på trinnet ditt. <br />  Eller kanskje det er noen foreldre der ute <br />  som vil lese seg opp på hva barna skal kunne på skolen?</div>  <div>&#160;</div>  <div>Håvard Tjora er utdannet lærer <br />  og har tidligere gitt ut bøkene&#160;<strong>Mattemagi</strong> (2010) </div>  <div>og <strong>Blanke Ark</strong> (2009).&#160;</div>  <div>&#160;</div>  <div>&#160;</div></div>  <div>&#160;</div>  <div>&#160;</div>  ]]></wp:meta_value>
            </wp:postmeta>
            <wp:postmeta>
                <wp:meta_key>_lsb_review</wp:meta_key>
                <wp:meta_value><![CDATA[lsb_acf_review]]></wp:meta_value>
            </wp:postmeta>
            <wp:postmeta>
                <wp:meta_key>lsb_quote</wp:meta_key>
                <wp:meta_value><![CDATA[Jorda er ca. 4.6 milliarder år gammel. De første dyrene som oppsto var encellede dyr som levde i vann, de ble til for nesten fire milliarder år siden. Dyr med skjelett er historisk sett ganske nytt, de første kom for ca. 550 millioner år siden. Det moderne mennesket oppsto for bare 200 000 år siden.]]></wp:meta_value>
            </wp:postmeta>
            <wp:postmeta>
                <wp:meta_key>_lsb_quote</wp:meta_key>
                <wp:meta_value><![CDATA[lsb_acf_quote]]></wp:meta_value>
            </wp:postmeta>
            <wp:postmeta>
                <wp:meta_key>lsb_supported</wp:meta_key>
                <wp:meta_value><![CDATA[0]]></wp:meta_value>
            </wp:postmeta>
            <wp:postmeta>
                <wp:meta_key>_lsb_supported</wp:meta_key>
                <wp:meta_value><![CDATA[lsb_acf_supported]]></wp:meta_value>
            </wp:postmeta>
            <category domain="lsb_tax_author" nicename="håvard-tjora"><![CDATA[Håvard Tjora]]></category>
            <category domain="lsb_tax_publisher" nicename="kagge"><![CDATA[Kagge]]></category>
            <category domain="lsb_tax_illustrator" nicename="geir-florhaug"><![CDATA[Geir Florhaug]]></category>
            <wp:postmeta>
                <wp:meta_key>lsb_look_inside</wp:meta_key>
                <wp:meta_value><![CDATA[CUSTOM_BLA_I_BOKA]]></wp:meta_value>
            </wp:postmeta>
            <wp:postmeta>
                <wp:meta_key>_lsb_look_inside</wp:meta_key>
                <wp:meta_value><![CDATA[lsb_acf_look_inside]]></wp:meta_value>
            </wp:postmeta>
            <category domain="lsb_tax_age" nicename="barn"><![CDATA[barn]]></category>
            <category domain="lsb_tax_age" nicename="ungdom"><![CDATA[ungdom]]></category>
            <category domain="lsb_tax_age" nicename="voksne"><![CDATA[voksne]]></category>
            <category domain="lsb_tax_genre" nicename="faglitteratur"><![CDATA[faglitteratur]]></category>
            <category domain="lsb_tax_topic" nicename="historie"><![CDATA[historie]]></category>
            <category domain="lsb_tax_topic" nicename="samfunn"><![CDATA[samfunn]]></category>
            <category domain="lsb_tax_topic" nicename="natur"><![CDATA[natur]]></category>
            <category domain="lsb_tax_language" nicename="no_nb"><![CDATA[bokmål]]></category>
            <category domain="lsb_tax_customization" nicename="faglitteratur"><![CDATA[faglitteratur]]></category>
            <wp:postmeta>
                <wp:meta_key>_thumbnail_id</wp:meta_key>
                <wp:meta_value><![CDATA[5676]]></wp:meta_value>
            </wp:postmeta>
        </item>
        <item>
            <title>Verdt å vite_STOR.jpg</title>
            <wp:post_id>5676</wp:post_id>
            <wp:status>inherit</wp:status>
            <wp:post_type>attachment</wp:post_type>
            <wp:attachment_url>https://raw.githubusercontent.com/lesersokerbok/boksok.no-data-utils/master/output-example/images/41D05702744D4D228464067C383B910B.jpg</wp:attachment_url>
        </item>
        <item>
            <wp:post_type>lsb_book</wp:post_type>
            <wp:status>publish</wp:status>
            <title>Glade jul</title>
            <excerpt:encoded><![CDATA[Tanker, minner og bilder   om fortidas og nåtidas jul.]]></excerpt:encoded>
            <wp:postmeta>
                <wp:meta_key>lsb_isbn</wp:meta_key>
                <wp:meta_value><![CDATA[9788275476850]]></wp:meta_value>
            </wp:postmeta>
            <wp:postmeta>
                <wp:meta_key>_lsb_isbn</wp:meta_key>
                <wp:meta_value><![CDATA[lsb_acf_isbn]]></wp:meta_value>
            </wp:postmeta>
            <wp:postmeta>
                <wp:meta_key>lsb_published_year</wp:meta_key>
                <wp:meta_value><![CDATA[2013]]></wp:meta_value>
            </wp:postmeta>
            <wp:postmeta>
                <wp:meta_key>_lsb_published_year</wp:meta_key>
                <wp:meta_value><![CDATA[lsb_acf_published_year]]></wp:meta_value>
            </wp:postmeta>
            <wp:postmeta>
                <wp:meta_key>lsb_pages</wp:meta_key>
                <wp:meta_value><![CDATA[93]]></wp:meta_value>
            </wp:postmeta>
            <wp:postmeta>
                <wp:meta_key>_lsb_pages</wp:meta_key>
                <wp:meta_value><![CDATA[lsb_acf_pages]]></wp:meta_value>
            </wp:postmeta>
            <wp:postmeta>
                <wp:meta_key>lsb_review</wp:meta_key>
                <wp:meta_value><![CDATA[  <div><span style="color: rgb(60, 60, 60); font-family: 'Open Sans', Arial, Helvetica, sans-serif; font-size: 12px;" class="Apple-style-span">Rune Johansen tar oss med </span></div>  <div><span style="color: rgb(60, 60, 60); font-family: 'Open Sans', Arial, Helvetica, sans-serif; font-size: 12px;" class="Apple-style-span">på en liten julereise med Glade jul.</span><font class="Apple-style-span" color="#3c3c3c" face="'Open Sans', Arial, Helvetica, sans-serif"><span style="font-size: 12px;" class="Apple-style-span">&#160;</span></font></div>  <div><font class="Apple-style-span" color="#3c3c3c" face="'Open Sans', Arial, Helvetica, sans-serif"><span style="font-size: 12px;" class="Apple-style-span">Boka&#160;</span></font><span style="color: rgb(60, 60, 60); font-family: 'Open Sans', Arial, Helvetica, sans-serif; font-size: 12px;" class="Apple-style-span">har mange bilder, </span></div>  <div><span style="color: rgb(60, 60, 60); font-family: 'Open Sans', Arial, Helvetica, sans-serif; font-size: 12px;" class="Apple-style-span">både fra forfatterens egen barndom, </span></div>  <div><span style="color: rgb(60, 60, 60); font-family: 'Open Sans', Arial, Helvetica, sans-serif; font-size: 12px;" class="Apple-style-span">og fra dagens ulike måter å feire jul på. </span></div>  <div><span style="color: rgb(60, 60, 60); font-family: 'Open Sans', Arial, Helvetica, sans-serif; font-size: 12px;" class="Apple-style-span">&#160;</span></div>  <div><span style="color: rgb(60, 60, 60); font-family: 'Open Sans', Arial, Helvetica, sans-serif; font-size: 12px;" class="Apple-style-span">Johansen skriver små betraktninger </span></div>  <div><span style="color: rgb(60, 60, 60); font-family: 'Open Sans', Arial, Helvetica, sans-serif; font-size: 12px;" class="Apple-style-span">og filosofiske tanker om hva jul er. </span></div>  <div><span style="color: rgb(60, 60, 60); font-family: 'Open Sans', Arial, Helvetica, sans-serif; font-size: 12px;" class="Apple-style-span">En jordnær og lettlest bok.</span></div>  <div><span style="color: rgb(60, 60, 60); font-family: 'Open Sans', Arial, Helvetica, sans-serif; font-size: 12px;" class="Apple-style-span">&#160;</span><span style="color: rgb(60, 60, 60); font-family: 'Open Sans', Arial, Helvetica, sans-serif; font-size: 12px;" class="Apple-style-span">&#160;</span></div>  <div><span style="color: rgb(60, 60, 60); font-family: 'Open Sans', Arial, Helvetica, sans-serif; font-size: 12px;" class="Apple-style-span">  <div>Rune Johansen er født og oppvokst i Bodø. </div>  <div>Johansen debuterte som fotograf </div>  <div>på Høstutstillingen i 1990.</div></span><span style="color: rgb(60, 60, 60); font-family: 'Open Sans', Arial, Helvetica, sans-serif; font-size: 12px;" class="Apple-style-span">Glade jul kom første gang i 2010.</span><span style="color: rgb(60, 60, 60); font-family: 'Open Sans', Arial, Helvetica, sans-serif; font-size: 12px;" class="Apple-style-span">  <div>&#160;</div>  <div>&#160;</div>&#160;</span></div>  ]]></wp:meta_value>
            </wp:postmeta>
            <wp:postmeta>
                <wp:meta_key>_lsb_review</wp:meta_key>
                <wp:meta_value><![CDATA[lsb_acf_review]]></wp:meta_value>
            </wp:postmeta>
            <wp:postmeta>
                <wp:meta_key>lsb_quote</wp:meta_key>
                <wp:meta_value><![CDATA[Det var onkel Johan som var julenisse. Han hadde hatt flere turer i "Gammelfjøsen" og var ikke akkurat helt klar i toppen denne kvelden. Han var utkledd i en lang, svart frakk, med ryggsekk og julenissemaske. Og for å skape stemning hadde han et tent stjerneskudd i handa. Det var da det skjedde. Stjerneskuddet kom borti nisseskjegget og skjegget tok fyr!]]></wp:meta_value>
            </wp:postmeta>
            <wp:postmeta>
                <wp:meta_key>_lsb_quote</wp:meta_key>
                <wp:meta_value><![CDATA[lsb_acf_quote]]></wp:meta_value>
            </wp:postmeta>
            <wp:postmeta>
                <wp:meta_key>lsb_supported</wp:meta_key>
                <wp:meta_value><![CDATA[0]]></wp:meta_value>
            </wp:postmeta>
            <wp:postmeta>
                <wp:meta_key>_lsb_supported</wp:meta_key>
                <wp:meta_value><![CDATA[lsb_acf_supported]]></wp:meta_value>
            </wp:postmeta>
            <category domain="lsb_tax_author" nicename="rune-johansen"><![CDATA[Rune Johansen]]></category>
            <category domain="lsb_tax_publisher" nicename="press"><![CDATA[Press]]></category>
            <category domain="lsb_tax_illustrator" nicename="rune-johansen"><![CDATA[Rune Johansen]]></category>
            <wp:postmeta>
                <wp:meta_key>lsb_look_inside</wp:meta_key>
                <wp:meta_value><![CDATA[CUSTOM_BLA_I_BOKA]]></wp:meta_value>
            </wp:postmeta>
            <wp:postmeta>
                <wp:meta_key>_lsb_look_inside</wp:meta_key>
                <wp:meta_value><![CDATA[lsb_acf_look_inside]]></wp:meta_value>
            </wp:postmeta>
            <category domain="lsb_tax_age" nicename="voksne"><![CDATA[voksne]]></category>
            <category domain="lsb_tax_genre" nicename="prosa"><![CDATA[prosa]]></category>
            <category domain="lsb_tax_topic" nicename="mennesker-i-mellom"><![CDATA[mennesker i mellom]]></category>
            <category domain="lsb_tax_language" nicename="no_nb"><![CDATA[bokmål]]></category>
            <category domain="lsb_tax_customization" nicename="skjønnlitteratur"><![CDATA[skjønnlitteratur]]></category>
            <category domain="lsb_tax_customization" nicename="mange-bilder"><![CDATA[mange bilder]]></category>
        </item>
        <item>
            <wp:post_type>lsb_book</wp:post_type>
            <wp:status>publish</wp:status>
            <title>Pappas prinsesse</title>
            <excerpt:encoded><![CDATA[En historie fra virkeligheten om incest og drap.]]></excerpt:encoded>
            <wp:postmeta>
                <wp:meta_key>lsb_isbn</wp:meta_key>
                <wp:meta_value><![CDATA[9788292526644]]></wp:meta_value>
            </wp:postmeta>
            <wp:postmeta>
                <wp:meta_key>_lsb_isbn</wp:meta_key>
                <wp:meta_value><![CDATA[lsb_acf_isbn]]></wp:meta_value>
            </wp:postmeta>
            <wp:postmeta>
                <wp:meta_key>lsb_published_year</wp:meta_key>
                <wp:meta_value><![CDATA[2012]]></wp:meta_value>
            </wp:postmeta>
            <wp:postmeta>
                <wp:meta_key>_lsb_published_year</wp:meta_key>
                <wp:meta_value><![CDATA[lsb_acf_published_year]]></wp:meta_value>
            </wp:postmeta>
            <wp:postmeta>
                <wp:meta_key>lsb_pages</wp:meta_key>
                <wp:meta_value><![CDATA[238]]></wp:meta_value>
            </wp:postmeta>
            <wp:postmeta>
                <wp:meta_key>_lsb_pages</wp:meta_key>
                <wp:meta_value><![CDATA[lsb_acf_pages]]></wp:meta_value>
            </wp:postmeta>
            <wp:postmeta>
                <wp:meta_key>lsb_review</wp:meta_key>
                <wp:meta_value><![CDATA[  <div>Boka er delt inn i tre deler. </div>  <div>Første del, <em>Inn i mørket</em>, <br />  handler om Sigrid Beates barndom <br />  og overgrepene faren henne utsatte henne for. <br />  Samtidig forteller hun om hva hverdagen handler om nå; <br />  hennes lungesyke sønn, Tobias.&#160;</div>  <div>&#160;</div>  <div>Del to er utdrag fra&#160;Sigrid Beates&#160;dagbøker, <br />  samt brev hun skrev til Tobias og ektemannen, <br />  mens hun satt i fengsel for drapet på faren.</div>  <div>&#160;</div>  <div>Siste del heter<em> Ut av mørket</em> og er en oppsummering </div>  <div>av det som skjedde rett før drapet, og tida etter. </div>  <div>Hvordan hun ble flytta rundt fra fengsel til fengsel, </div>  <div>og på ulike avdelinger. <br />  Hvordan det gikk da hun ble gravid med Mathias. </div>  <div>Den lille familien endte til slutt opp på et familiehjem <br />  der hun kunne sone ferdig dommen <br />  sammen med mann og barn.&#160;</div>  <div>&#160;</div>  <div>Boka har stor skrift og er lett å lese, <br />  selv om det er trist lesning. <br />  Sigrid Beate bruker et muntlig, ukomplisert språk. <br />  Det er mange avsnitt og mye luft i teksten.&#160;</div>  <div>&#160;</div>  <div>&#160;</div>  <div>&#160;</div>  <div>&#160;</div>  <div>&#160;</div>  <div>&#160;</div>  <div>&#160;</div>  ]]></wp:meta_value>
            </wp:postmeta>
            <wp:postmeta>
                <wp:meta_key>_lsb_review</wp:meta_key>
                <wp:meta_value><![CDATA[lsb_acf_review]]></wp:meta_value>
            </wp:postmeta>
            <wp:postmeta>
                <wp:meta_key>lsb_quote</wp:meta_key>
                <wp:meta_value><![CDATA[Jeg kunne gå så langt at jeg forsvarte ham utad hvis noen snakket ufint om ham. For eksempel hvis noen sa at han drakk for mye, eller at han var for mye på travbanen, at han spilte bort så mye penger, ja, da kunne jeg bli sint, korrigere, og si at det ikke stemte selv om det stemte. Ja, selv om jeg hatet ham, så beskyttet jeg ham – utad. ]]></wp:meta_value>
            </wp:postmeta>
            <wp:postmeta>
                <wp:meta_key>_lsb_quote</wp:meta_key>
                <wp:meta_value><![CDATA[lsb_acf_quote]]></wp:meta_value>
            </wp:postmeta>
            <wp:postmeta>
                <wp:meta_key>lsb_supported</wp:meta_key>
                <wp:meta_value><![CDATA[0]]></wp:meta_value>
            </wp:postmeta>
            <wp:postmeta>
                <wp:meta_key>_lsb_supported</wp:meta_key>
                <wp:meta_value><![CDATA[lsb_acf_supported]]></wp:meta_value>
            </wp:postmeta>
            <category domain="lsb_tax_author" nicename="sigrid-beate-edvardsen"><![CDATA[Sigrid Beate Edvardsen]]></category>
            <category domain="lsb_tax_publisher" nicename="publicom"><![CDATA[Publicom]]></category>
            <wp:postmeta>
                <wp:meta_key>lsb_look_inside</wp:meta_key>
                <wp:meta_value><![CDATA[CUSTOM_BLA_I_BOKA]]></wp:meta_value>
            </wp:postmeta>
            <wp:postmeta>
                <wp:meta_key>_lsb_look_inside</wp:meta_key>
                <wp:meta_value><![CDATA[lsb_acf_look_inside]]></wp:meta_value>
            </wp:postmeta>
            <category domain="lsb_tax_age" nicename="voksne"><![CDATA[voksne]]></category>
            <category domain="lsb_tax_topic" nicename="mennesker-i-mellom"><![CDATA[mennesker i mellom]]></category>
            <category domain="lsb_tax_language" nicename="no_nb"><![CDATA[bokmål]]></category>
            <category domain="lsb_tax_customization" nicename="faglitteratur"><![CDATA[faglitteratur]]></category>
        </item>
        <item>
            <wp:post_type>lsb_book</wp:post_type>
            <wp:status>publish</wp:status>
            <title>Jenta</title>
            <excerpt:encoded><![CDATA[Jenta i denne boka har ikke noko namn.   Men ho har mykje anna. Og ho manglar ein heil del.]]></excerpt:encoded>
            <wp:postmeta>
                <wp:meta_key>lsb_isbn</wp:meta_key>
                <wp:meta_value><![CDATA[9788279591894]]></wp:meta_value>
            </wp:postmeta>
            <wp:postmeta>
                <wp:meta_key>_lsb_isbn</wp:meta_key>
                <wp:meta_value><![CDATA[lsb_acf_isbn]]></wp:meta_value>
            </wp:postmeta>
            <wp:postmeta>
                <wp:meta_key>lsb_published_year</wp:meta_key>
                <wp:meta_value><![CDATA[2013]]></wp:meta_value>
            </wp:postmeta>
            <wp:postmeta>
                <wp:meta_key>_lsb_published_year</wp:meta_key>
                <wp:meta_value><![CDATA[lsb_acf_published_year]]></wp:meta_value>
            </wp:postmeta>
            <wp:postmeta>
                <wp:meta_key>lsb_pages</wp:meta_key>
                <wp:meta_value><![CDATA[160]]></wp:meta_value>
            </wp:postmeta>
            <wp:postmeta>
                <wp:meta_key>_lsb_pages</wp:meta_key>
                <wp:meta_value><![CDATA[lsb_acf_pages]]></wp:meta_value>
            </wp:postmeta>
            <wp:postmeta>
                <wp:meta_key>lsb_review</wp:meta_key>
                <wp:meta_value><![CDATA[  <div>Ho er ei tenåringsjente som bur i Aust-Tyskland (DDR), </div>  <div>saman med mor si og veslebror sin. </div>  <div>Far hennar bur saman med dei no og då. </div>  <div>Ein del andre menn er også innom </div>  <div>når mora finn det for godt. </div>  <div>Mora har alltid ein grunn til å vere sint. </div>  <div>Ho blir ikkje mindre sint av å vere full. </div>  <div>Og det er ho ganske ofte.</div>  <div>&#160;</div>  <div><strong>Jenta</strong> prøver å rømme frå tyranniet som omgir henne; </div>  <div>ikkje berre frå familien og skulen, </div>  <div>men også frå den autoritære staten.</div>  <div>&#160;</div>  <div>Boka er ikkje så lang, og det skjer noka heile tida. </div>  <div>Det er ikkje så lett å legge boka ifrå seg </div>  <div>før ein har fått vite korleis det går med jenta.</div>  <div>&#160;</div>  <div>Det er ein del lange setningar, og nokon framandord innimellom. <br />  Av og til er det litt vanskeleg å vete kven forteljaren meiner, <br />  for det er fleire hokjønn her: Jenta, mora, stemora, tanta. &#160;&#160;</div>  <div>&#160;</div>  <div>Angelika Klüssdorf (fødd 1958) budde sjølv i Aust-Tyskland </div>  <div>frå 1961 til ho utvandra til Vest-Tyskland i 1985. <br />  Ho debuterte som forfattar i 1990.</div>  ]]></wp:meta_value>
            </wp:postmeta>
            <wp:postmeta>
                <wp:meta_key>_lsb_review</wp:meta_key>
                <wp:meta_value><![CDATA[lsb_acf_review]]></wp:meta_value>
            </wp:postmeta>
            <wp:postmeta>
                <wp:meta_key>lsb_quote</wp:meta_key>
                <wp:meta_value><![CDATA[Andpusten fortel ho om gode karakterar, kor godt likt ho er på skulen, dei anstrengande fadderskapa ho har teke på seg, og så lenge ho snakkar, trur ho på det sjølv. Ho veit at ho lyg, og likevel finst det rom for sanning i løgnene. Draumar og ønske er ikkje usanne berre fordi dei er draumar og ønske, utan draumar ville ho aldri kunne bu i det vesle huset i skogen, og ho visste verkeleg ikkje nokon grunn til at livet elles skulle ha noka meining.]]></wp:meta_value>
            </wp:postmeta>
            <wp:postmeta>
                <wp:meta_key>_lsb_quote</wp:meta_key>
                <wp:meta_value><![CDATA[lsb_acf_quote]]></wp:meta_value>
            </wp:postmeta>
            <wp:postmeta>
                <wp:meta_key>lsb_supported</wp:meta_key>
                <wp:meta_value><![CDATA[0]]></wp:meta_value>
            </wp:postmeta>
            <wp:postmeta>
                <wp:meta_key>_lsb_supported</wp:meta_key>
                <wp:meta_value><![CDATA[lsb_acf_supported]]></wp:meta_value>
            </wp:postmeta>
            <category domain="lsb_tax_author" nicename="angelika-klüssendorf"><![CDATA[Angelika Klüssendorf]]></category>
            <category domain="lsb_tax_publisher" nicename="skald"><![CDATA[Skald]]></category>
            <category domain="lsb_tax_translator" nicename="øystein-vidnes"><![CDATA[Øystein Vidnes]]></category>
            <wp:postmeta>
                <wp:meta_key>lsb_look_inside</wp:meta_key>
                <wp:meta_value><![CDATA[CUSTOM_BLA_I_BOKA]]></wp:meta_value>
            </wp:postmeta>
            <wp:postmeta>
                <wp:meta_key>_lsb_look_inside</wp:meta_key>
                <wp:meta_value><![CDATA[lsb_acf_look_inside]]></wp:meta_value>
            </wp:postmeta>
            <category domain="lsb_tax_age" nicename="voksne"><![CDATA[voksne]]></category>
            <category domain="lsb_tax_genre" nicename="prosa"><![CDATA[prosa]]></category>
            <category domain="lsb_tax_topic" nicename="historie"><![CDATA[historie]]></category>
            <category domain="lsb_tax_topic" nicename="samfunn"><![CDATA[samfunn]]></category>
            <category domain="lsb_tax_topic" nicename="mennesker-i-mellom"><![CDATA[mennesker i mellom]]></category>
            <category domain="lsb_tax_language" nicename="no_nn"><![CDATA[nynorsk]]></category>
            <category domain="lsb_tax_customization" nicename="skjønnlitteratur"><![CDATA[skjønnlitteratur]]></category>
            <wp:postmeta>
                <wp:meta_key>_thumbnail_id</wp:meta_key>
                <wp:meta_value><![CDATA[5679]]></wp:meta_value>
            </wp:postmeta>
        </item>
        <item>
            <title>Jenta.jpg</title>
            <wp:post_id>5679</wp:post_id>
            <wp:status>inherit</wp:status>
            <wp:post_type>attachment</wp:post_type>
            <wp:attachment_url>https://raw.githubusercontent.com/lesersokerbok/boksok.no-data-utils/master/output-example/images/3BAF5FE8DA954587998B739103EC1CF7.jpg</wp:attachment_url>
        </item>
        <item>
            <wp:post_type>lsb_book</wp:post_type>
            <wp:status>publish</wp:status>
            <title>Rottereir</title>
            <excerpt:encoded><![CDATA[Rotter var Svein og Karos greie.   Men når Kenneth kommer inn i bildet   blir alt snudd på hodet.]]></excerpt:encoded>
            <wp:postmeta>
                <wp:meta_key>lsb_isbn</wp:meta_key>
                <wp:meta_value><![CDATA[9788282380904]]></wp:meta_value>
            </wp:postmeta>
            <wp:postmeta>
                <wp:meta_key>_lsb_isbn</wp:meta_key>
                <wp:meta_value><![CDATA[lsb_acf_isbn]]></wp:meta_value>
            </wp:postmeta>
            <wp:postmeta>
                <wp:meta_key>lsb_published_year</wp:meta_key>
                <wp:meta_value><![CDATA[2014]]></wp:meta_value>
            </wp:postmeta>
            <wp:postmeta>
                <wp:meta_key>_lsb_published_year</wp:meta_key>
                <wp:meta_value><![CDATA[lsb_acf_published_year]]></wp:meta_value>
            </wp:postmeta>
            <wp:postmeta>
                <wp:meta_key>lsb_pages</wp:meta_key>
                <wp:meta_value><![CDATA[109]]></wp:meta_value>
            </wp:postmeta>
            <wp:postmeta>
                <wp:meta_key>_lsb_pages</wp:meta_key>
                <wp:meta_value><![CDATA[lsb_acf_pages]]></wp:meta_value>
            </wp:postmeta>
            <wp:postmeta>
                <wp:meta_key>lsb_review</wp:meta_key>
                <wp:meta_value><![CDATA[  <div>Kenneth lokker Svein i Rottereiret en kveld - </div>  <div>en riveklar rønne med likstank i kjelleren.</div>  <div>Svein finner snart ut</div>  <div> at det ikke bare er rotter i den rønna. </div>  <div>&#160;</div>  <div>En mørk og nervepirrende historie </div>  <div>som gnager seg inn i beinmargen.</div>  <div><br />  </div>  <div>Rottereir utkommer i Skumring-serien,</div>  <div>en serie med spenningsbøker for ungdom.</div>  <div>Bøkene har enkel tekst</div>  <div>og passer for ungdom som har lest lite.&#160;</div>  <div><br />  </div>  <div>Widar Aspeli har skrevet en lang rekke </div>  <div>bøker for barn og ungdom. </div>  <div>Han holder jevnlig skrivekurs </div>  <div>for både barn og lærere.</div>  ]]></wp:meta_value>
            </wp:postmeta>
            <wp:postmeta>
                <wp:meta_key>_lsb_review</wp:meta_key>
                <wp:meta_value><![CDATA[lsb_acf_review]]></wp:meta_value>
            </wp:postmeta>
            <wp:postmeta>
                <wp:meta_key>lsb_quote</wp:meta_key>
                <wp:meta_value><![CDATA[Jeg skrek meg tom.  Tvang meg til å puste rolig.  Var klar til å knuse alt som rørte seg.  Splæsje hver eneste gnager.    Jeg måtte ut herfra.  Pusta. Tok meg sammen.]]></wp:meta_value>
            </wp:postmeta>
            <wp:postmeta>
                <wp:meta_key>_lsb_quote</wp:meta_key>
                <wp:meta_value><![CDATA[lsb_acf_quote]]></wp:meta_value>
            </wp:postmeta>
            <wp:postmeta>
                <wp:meta_key>lsb_supported</wp:meta_key>
                <wp:meta_value><![CDATA[1]]></wp:meta_value>
            </wp:postmeta>
            <wp:postmeta>
                <wp:meta_key>_lsb_supported</wp:meta_key>
                <wp:meta_value><![CDATA[lsb_acf_supported]]></wp:meta_value>
            </wp:postmeta>
            <wp:postmeta>
                <wp:meta_key>lsb_support_cat</wp:meta_key>
                <wp:meta_value><![CDATA[purple]]></wp:meta_value>
            </wp:postmeta>
            <wp:postmeta>
                <wp:meta_key>_lsb_support_cat</wp:meta_key>
                <wp:meta_value><![CDATA[lsb_acf_support_cat]]></wp:meta_value>
            </wp:postmeta>
            <category domain="lsb_tax_author" nicename="widar-aspeli"><![CDATA[Widar Aspeli]]></category>
            <category domain="lsb_tax_publisher" nicename="mangschou"><![CDATA[Mangschou]]></category>
            <wp:postmeta>
                <wp:meta_key>lsb_look_inside</wp:meta_key>
                <wp:meta_value><![CDATA[CUSTOM_BLA_I_BOKA]]></wp:meta_value>
            </wp:postmeta>
            <wp:postmeta>
                <wp:meta_key>_lsb_look_inside</wp:meta_key>
                <wp:meta_value><![CDATA[lsb_acf_look_inside]]></wp:meta_value>
            </wp:postmeta>
            <category domain="lsb_tax_age" nicename="ungdom"><![CDATA[ungdom]]></category>
            <category domain="lsb_tax_genre" nicename="prosa"><![CDATA[prosa]]></category>
            <category domain="lsb_tax_topic" nicename="krim"><![CDATA[krim]]></category>
            <category domain="lsb_tax_topic" nicename="spenning"><![CDATA[spenning]]></category>
            <category domain="lsb_tax_topic" nicename="mennesker-i-mellom"><![CDATA[mennesker i mellom]]></category>
            <category domain="lsb_tax_language" nicename="no_nb"><![CDATA[bokmål]]></category>
            <category domain="lsb_tax_customization" nicename="skjønnlitteratur"><![CDATA[skjønnlitteratur]]></category>
            <wp:postmeta>
                <wp:meta_key>_thumbnail_id</wp:meta_key>
                <wp:meta_value><![CDATA[5680]]></wp:meta_value>
            </wp:postmeta>
        </item>
        <item>
            <title>ROTTEREIR.jpg</title>
            <wp:post_id>5680</wp:post_id>
            <wp:status>inherit</wp:status>
            <wp:post_type>attachment</wp:post_type>
            <wp:attachment_url>https://raw.githubusercontent.com/lesersokerbok/boksok.no-data-utils/master/output-example/images/66F00E5302B14443AAA5180B1C76ADD4.jpg</wp:attachment_url>
        </item>
        <item>
            <wp:post_type>lsb_book</wp:post_type>
            <wp:status>publish</wp:status>
            <title>Finns metode</title>
            <excerpt:encoded><![CDATA[Blomster-Finn deler visdomsord og kjærlighet  til alt som vokser og gror]]></excerpt:encoded>
            <wp:postmeta>
                <wp:meta_key>lsb_isbn</wp:meta_key>
                <wp:meta_value><![CDATA[9788282054522]]></wp:meta_value>
            </wp:postmeta>
            <wp:postmeta>
                <wp:meta_key>_lsb_isbn</wp:meta_key>
                <wp:meta_value><![CDATA[lsb_acf_isbn]]></wp:meta_value>
            </wp:postmeta>
            <wp:postmeta>
                <wp:meta_key>lsb_published_year</wp:meta_key>
                <wp:meta_value><![CDATA[2013]]></wp:meta_value>
            </wp:postmeta>
            <wp:postmeta>
                <wp:meta_key>_lsb_published_year</wp:meta_key>
                <wp:meta_value><![CDATA[lsb_acf_published_year]]></wp:meta_value>
            </wp:postmeta>
            <wp:postmeta>
                <wp:meta_key>lsb_pages</wp:meta_key>
                <wp:meta_value><![CDATA[222]]></wp:meta_value>
            </wp:postmeta>
            <wp:postmeta>
                <wp:meta_key>_lsb_pages</wp:meta_key>
                <wp:meta_value><![CDATA[lsb_acf_pages]]></wp:meta_value>
            </wp:postmeta>
            <wp:postmeta>
                <wp:meta_key>lsb_review</wp:meta_key>
                <wp:meta_value><![CDATA[  <div>Gjennom vakre fotografier</div>  <div>ser vi hvordan Finn steller hagen gjennom året.</div>  <div>Boka gir inspirasjon til å sette sammen egne buketter,</div>  <div>eller pynte til jul, bryllup og fest.</div>  <div>&#160;</div>  <div>Det er lite tekst i boka, <br />  og den kan leses på kryss og tvers.</div>  <div>Noen steder er det brukt font <br />  med litt dårlig kontrast.&#160;</div>  <div>&#160;</div>  <div>  <p>Finn Schjøll er kjent for de fleste <br />  fra God morgen, Norge! på TV2. <br />  Der har han helt siden 1996 <br />  hatt en fast plass med blomster og godt humør.</p>&#160;</div>  ]]></wp:meta_value>
            </wp:postmeta>
            <wp:postmeta>
                <wp:meta_key>_lsb_review</wp:meta_key>
                <wp:meta_value><![CDATA[lsb_acf_review]]></wp:meta_value>
            </wp:postmeta>
            <wp:postmeta>
                <wp:meta_key>lsb_quote</wp:meta_key>
                <wp:meta_value><![CDATA[En morgen da jeg sto foran vinduet og presset nesen mot det kalde glasset, så jeg dem - små spirer som hadde brutt gjennom jordoverflaten. Hjertet mitt gjorde et lite hopp. De som hadde bodd der før oss hadde gitt oss en innflyttingsgave bedre enn noe annen: en tidlig vår. For i det øyeblikket øynene festet seg ved de små, grønne stilkene, visste jeg at vinteren offisielt var over. Våren kommer nemlig først til de som setter løk om høsten.]]></wp:meta_value>
            </wp:postmeta>
            <wp:postmeta>
                <wp:meta_key>_lsb_quote</wp:meta_key>
                <wp:meta_value><![CDATA[lsb_acf_quote]]></wp:meta_value>
            </wp:postmeta>
            <wp:postmeta>
                <wp:meta_key>lsb_supported</wp:meta_key>
                <wp:meta_value><![CDATA[0]]></wp:meta_value>
            </wp:postmeta>
            <wp:postmeta>
                <wp:meta_key>_lsb_supported</wp:meta_key>
                <wp:meta_value><![CDATA[lsb_acf_supported]]></wp:meta_value>
            </wp:postmeta>
            <category domain="lsb_tax_author" nicename="finn-schjøll"><![CDATA[Finn Schjøll]]></category>
            <category domain="lsb_tax_publisher" nicename="juritzen"><![CDATA[Juritzen]]></category>
            <category domain="lsb_tax_illustrator" nicename="stian-broch"><![CDATA[Stian Broch]]></category>
            <wp:postmeta>
                <wp:meta_key>lsb_look_inside</wp:meta_key>
                <wp:meta_value><![CDATA[CUSTOM_BLA_I_BOKA]]></wp:meta_value>
            </wp:postmeta>
            <wp:postmeta>
                <wp:meta_key>_lsb_look_inside</wp:meta_key>
                <wp:meta_value><![CDATA[lsb_acf_look_inside]]></wp:meta_value>
            </wp:postmeta>
            <category domain="lsb_tax_age" nicename="voksne"><![CDATA[voksne]]></category>
            <category domain="lsb_tax_genre" nicename="faglitteratur"><![CDATA[faglitteratur]]></category>
            <category domain="lsb_tax_topic" nicename="hus"><![CDATA[hus]]></category>
            <category domain="lsb_tax_topic" nicename="hjem"><![CDATA[hjem]]></category>
            <category domain="lsb_tax_topic" nicename="hage"><![CDATA[hage]]></category>
            <category domain="lsb_tax_language" nicename="no_nb"><![CDATA[bokmål]]></category>
            <category domain="lsb_tax_customization" nicename="faglitteratur"><![CDATA[faglitteratur]]></category>
            <category domain="lsb_tax_customization" nicename="mange-bilder"><![CDATA[mange bilder]]></category>
            <wp:postmeta>
                <wp:meta_key>_thumbnail_id</wp:meta_key>
                <wp:meta_value><![CDATA[5681]]></wp:meta_value>
            </wp:postmeta>
        </item>
        <item>
            <title>finns-metode.jpg</title>
            <wp:post_id>5681</wp:post_id>
            <wp:status>inherit</wp:status>
            <wp:post_type>attachment</wp:post_type>
            <wp:attachment_url>https://raw.githubusercontent.com/lesersokerbok/boksok.no-data-utils/master/output-example/images/A45F9EAE58354CE0B186729EC97BB006.jpg</wp:attachment_url>
        </item>
        <item>
            <wp:post_type>lsb_book</wp:post_type>
            <wp:status>publish</wp:status>
            <title>Eltefritt brød og himmelske kaker</title>
            <excerpt:encoded><![CDATA[Matblogger Ina-Janine Johnsen deler enkle  og lekre oppskrifter på brød og kaker]]></excerpt:encoded>
            <wp:postmeta>
                <wp:meta_key>lsb_isbn</wp:meta_key>
                <wp:meta_value><![CDATA[9788281881334]]></wp:meta_value>
            </wp:postmeta>
            <wp:postmeta>
                <wp:meta_key>_lsb_isbn</wp:meta_key>
                <wp:meta_value><![CDATA[lsb_acf_isbn]]></wp:meta_value>
            </wp:postmeta>
            <wp:postmeta>
                <wp:meta_key>lsb_published_year</wp:meta_key>
                <wp:meta_value><![CDATA[2013]]></wp:meta_value>
            </wp:postmeta>
            <wp:postmeta>
                <wp:meta_key>_lsb_published_year</wp:meta_key>
                <wp:meta_value><![CDATA[lsb_acf_published_year]]></wp:meta_value>
            </wp:postmeta>
            <wp:postmeta>
                <wp:meta_key>lsb_pages</wp:meta_key>
                <wp:meta_value><![CDATA[200]]></wp:meta_value>
            </wp:postmeta>
            <wp:postmeta>
                <wp:meta_key>_lsb_pages</wp:meta_key>
                <wp:meta_value><![CDATA[lsb_acf_pages]]></wp:meta_value>
            </wp:postmeta>
            <wp:postmeta>
                <wp:meta_key>lsb_review</wp:meta_key>
                <wp:meta_value><![CDATA[  <div>Har du lyst til å bake brød som blir like lekre</div>  <div>som de du kjøper hos bakeren? </div>  <div>Etter mye utprøving på kjøkkenet,</div>  <div>har forfatteren funnet frem til <br />  en mengde oppskrifter på eltefritt brød.</div>  <div>Brødene er enkle å lage,<br />  og ser utrolig proffe ut.</div>  <div>&#160;&#160;</div>  <div>I boka finner du grunnleggende teknikk,</div>  <div>grundige forklaringer</div>  <div>og fristende bilder</div>  <div>av både brød og kaker.</div>  <div>&#160;</div>  <div>Ina-Janine Johnsen driver matbloggen</div>  <div><a href="http://www.matpaabordet.no/">Mat på bordet</a>. Der deler hun </div>  <div>oppskrifter og videoer.&#160;</div>  <div>&#160;</div>  <div>&#160;</div>  ]]></wp:meta_value>
            </wp:postmeta>
            <wp:postmeta>
                <wp:meta_key>_lsb_review</wp:meta_key>
                <wp:meta_value><![CDATA[lsb_acf_review]]></wp:meta_value>
            </wp:postmeta>
            <wp:postmeta>
                <wp:meta_key>lsb_quote</wp:meta_key>
                <wp:meta_value><![CDATA[Eltefritt brød - hva er det?  Eltefritt brød er et brød som ikke trenger elting, enkelt og greit. Jim Lahey (som eier Sullivan Street Bakery i New York) introduserte teknikken for verden via The New York Times i 2006, og det førte til at millioner av mennesker nå har en aha-opplevelse på kjøkkenet. En enkel teknikk resulterer i fantastisk brød med et utseende og smak som kan konkurrere med bakerens.    Teknikk  Brødet lages i flere enkle steg, men tar nesten et døgn fra du rører sammen ingrediensene til du har et brød.    Steg 1  Rør sammen ingrediensene.     Steg 2  Dekk til deigen og la den stå på kjøkkenbenken (den trenger ikke stå lunt) i 12-18 timer.]]></wp:meta_value>
            </wp:postmeta>
            <wp:postmeta>
                <wp:meta_key>_lsb_quote</wp:meta_key>
                <wp:meta_value><![CDATA[lsb_acf_quote]]></wp:meta_value>
            </wp:postmeta>
            <wp:postmeta>
                <wp:meta_key>lsb_supported</wp:meta_key>
                <wp:meta_value><![CDATA[0]]></wp:meta_value>
            </wp:postmeta>
            <wp:postmeta>
                <wp:meta_key>_lsb_supported</wp:meta_key>
                <wp:meta_value><![CDATA[lsb_acf_supported]]></wp:meta_value>
            </wp:postmeta>
            <category domain="lsb_tax_author" nicename="ina-janine-johnsen"><![CDATA[Ina-Janine Johnsen]]></category>
            <category domain="lsb_tax_publisher" nicename="versal"><![CDATA[Versal]]></category>
            <category domain="lsb_tax_illustrator" nicename="ina-janine-johnsen"><![CDATA[Ina-Janine Johnsen]]></category>
            <wp:postmeta>
                <wp:meta_key>lsb_look_inside</wp:meta_key>
                <wp:meta_value><![CDATA[CUSTOM_BLA_I_BOKA]]></wp:meta_value>
            </wp:postmeta>
            <wp:postmeta>
                <wp:meta_key>_lsb_look_inside</wp:meta_key>
                <wp:meta_value><![CDATA[lsb_acf_look_inside]]></wp:meta_value>
            </wp:postmeta>
            <category domain="lsb_tax_age" nicename="voksne"><![CDATA[voksne]]></category>
            <category domain="lsb_tax_genre" nicename="faglitteratur"><![CDATA[faglitteratur]]></category>
            <category domain="lsb_tax_topic" nicename="mat"><![CDATA[mat]]></category>
            <category domain="lsb_tax_topic" nicename="helse"><![CDATA[helse]]></category>
            <category domain="lsb_tax_language" nicename="no_nb"><![CDATA[bokmål]]></category>
            <category domain="lsb_tax_customization" nicename="faglitteratur"><![CDATA[faglitteratur]]></category>
            <category domain="lsb_tax_customization" nicename="mange-bilder"><![CDATA[mange bilder]]></category>
            <wp:postmeta>
                <wp:meta_key>_thumbnail_id</wp:meta_key>
                <wp:meta_value><![CDATA[5682]]></wp:meta_value>
            </wp:postmeta>
        </item>
        <item>
            <title>Eltefritt-broed-og-himmelske-kaker_hd_image.jpg</title>
            <wp:post_id>5682</wp:post_id>
            <wp:status>inherit</wp:status>
            <wp:post_type>attachment</wp:post_type>
            <wp:attachment_url>https://raw.githubusercontent.com/lesersokerbok/boksok.no-data-utils/master/output-example/images/C5BFC194A06A4DC4B1AAE9CC5EACFF97.jpg</wp:attachment_url>
        </item>
        <item>
            <wp:post_type>lsb_book</wp:post_type>
            <wp:status>publish</wp:status>
            <title>Brille</title>
            <excerpt:encoded><![CDATA[Lurer du på om folk flest sover nakne?  Er det greit å si til noen at man elsker dem uten å mene det?  Få svar på disse og flere nyttige spørsmål!]]></excerpt:encoded>
            <wp:postmeta>
                <wp:meta_key>lsb_isbn</wp:meta_key>
                <wp:meta_value><![CDATA[9788205428768]]></wp:meta_value>
            </wp:postmeta>
            <wp:postmeta>
                <wp:meta_key>_lsb_isbn</wp:meta_key>
                <wp:meta_value><![CDATA[lsb_acf_isbn]]></wp:meta_value>
            </wp:postmeta>
            <wp:postmeta>
                <wp:meta_key>lsb_published_year</wp:meta_key>
                <wp:meta_value><![CDATA[2013]]></wp:meta_value>
            </wp:postmeta>
            <wp:postmeta>
                <wp:meta_key>_lsb_published_year</wp:meta_key>
                <wp:meta_value><![CDATA[lsb_acf_published_year]]></wp:meta_value>
            </wp:postmeta>
            <wp:postmeta>
                <wp:meta_key>lsb_pages</wp:meta_key>
                <wp:meta_value><![CDATA[218]]></wp:meta_value>
            </wp:postmeta>
            <wp:postmeta>
                <wp:meta_key>_lsb_pages</wp:meta_key>
                <wp:meta_value><![CDATA[lsb_acf_pages]]></wp:meta_value>
            </wp:postmeta>
            <wp:postmeta>
                <wp:meta_key>lsb_review</wp:meta_key>
                <wp:meta_value><![CDATA[  <div>Om du likte TV-programmet,</div>  <div>  <div>er denne boka noe for deg.</div>  <div>Også boka er full av spennende,</div>  <div>overraskende og av og til tullete</div>  <div>vitenskap og fakta.</div>  <div>&#160;</div>  <div>Her er det norske folk blitt stilt</div>  <div>en rekke viktige og mindre viktige</div>  <div>spørsmål.</div>  <div>For eksempel:</div>  <div>- Hvilken kjent norsk person </div>  <div>tenker du på som en </div>  <div>som kunne ha trivdes på nudiststrand?</div>  <div>- I hvilket politisk parti er det mest greit</div>  <div>med silikon i brystene?</div>  <div>&#160;</div>  <div>Alle resultatene er sirlig stilt opp</div>  <div>i fargekodede grafer,</div>  <div>og oppsummert i en vittig, liten tekst.&#160;</div>  <div>&#160;</div></div>  ]]></wp:meta_value>
            </wp:postmeta>
            <wp:postmeta>
                <wp:meta_key>_lsb_review</wp:meta_key>
                <wp:meta_value><![CDATA[lsb_acf_review]]></wp:meta_value>
            </wp:postmeta>
            <wp:postmeta>
                <wp:meta_key>lsb_quote</wp:meta_key>
                <wp:meta_value><![CDATA[I HVILKET FYLKE SKRYTER FOLK MEST?    Kjære Brille, jeg er fra Vestfold, Nordens Florida, og har hørt at blant østfoldinger så har vi rykte på oss for å skryte en del. Dette er ikke sant, og jeg er bekymret for om østfoldingene har greid å spre dette ryktet til resten av landet. Kunne dere funnet i hvilket fylke nordmenn tenker at folk skryter mest?    Hilsen Bekymret vestfolding    Kjære "Bekymret vestfolding", du kan ta det helt med ro. Det er flest som tenker at folk i Hordaland skryter mest, mens Oslo kommer som nummer to.]]></wp:meta_value>
            </wp:postmeta>
            <wp:postmeta>
                <wp:meta_key>_lsb_quote</wp:meta_key>
                <wp:meta_value><![CDATA[lsb_acf_quote]]></wp:meta_value>
            </wp:postmeta>
            <wp:postmeta>
                <wp:meta_key>lsb_supported</wp:meta_key>
                <wp:meta_value><![CDATA[0]]></wp:meta_value>
            </wp:postmeta>
            <wp:postmeta>
                <wp:meta_key>_lsb_supported</wp:meta_key>
                <wp:meta_value><![CDATA[lsb_acf_supported]]></wp:meta_value>
            </wp:postmeta>
            <category domain="lsb_tax_author" nicename="harald-eia,-ole-martin-ihle-og-nils-brenna"><![CDATA[Harald Eia, Ole-Martin Ihle og Nils Brenna]]></category>
            <category domain="lsb_tax_publisher" nicename="gyldendal"><![CDATA[Gyldendal]]></category>
            <wp:postmeta>
                <wp:meta_key>lsb_look_inside</wp:meta_key>
                <wp:meta_value><![CDATA[CUSTOM_BLA_I_BOKA]]></wp:meta_value>
            </wp:postmeta>
            <wp:postmeta>
                <wp:meta_key>_lsb_look_inside</wp:meta_key>
                <wp:meta_value><![CDATA[lsb_acf_look_inside]]></wp:meta_value>
            </wp:postmeta>
            <category domain="lsb_tax_age" nicename="ungdom"><![CDATA[ungdom]]></category>
            <category domain="lsb_tax_age" nicename="voksne"><![CDATA[voksne]]></category>
            <category domain="lsb_tax_topic" nicename="humor"><![CDATA[humor]]></category>
            <category domain="lsb_tax_topic" nicename="historie"><![CDATA[historie]]></category>
            <category domain="lsb_tax_topic" nicename="samfunn"><![CDATA[samfunn]]></category>
            <category domain="lsb_tax_language" nicename="no_nb"><![CDATA[bokmål]]></category>
            <category domain="lsb_tax_customization" nicename="faglitteratur"><![CDATA[faglitteratur]]></category>
            <wp:postmeta>
                <wp:meta_key>_thumbnail_id</wp:meta_key>
                <wp:meta_value><![CDATA[5683]]></wp:meta_value>
            </wp:postmeta>
        </item>
        <item>
            <title>brille.jpg</title>
            <wp:post_id>5683</wp:post_id>
            <wp:status>inherit</wp:status>
            <wp:post_type>attachment</wp:post_type>
            <wp:attachment_url>https://raw.githubusercontent.com/lesersokerbok/boksok.no-data-utils/master/output-example/images/ABD91BCCC33C42CF88649C89EB1ADDD2.jpg</wp:attachment_url>
        </item>
        <item>
            <wp:post_type>lsb_book</wp:post_type>
            <wp:status>publish</wp:status>
            <title>Du er meg for søvnig </title>
            <excerpt:encoded><![CDATA[Du er meg for søvnig er en   enkel bok om hvor vanskelig det kan være   å finne en plass i verden. ]]></excerpt:encoded>
            <wp:postmeta>
                <wp:meta_key>lsb_isbn</wp:meta_key>
                <wp:meta_value><![CDATA[9788202423308]]></wp:meta_value>
            </wp:postmeta>
            <wp:postmeta>
                <wp:meta_key>_lsb_isbn</wp:meta_key>
                <wp:meta_value><![CDATA[lsb_acf_isbn]]></wp:meta_value>
            </wp:postmeta>
            <wp:postmeta>
                <wp:meta_key>lsb_published_year</wp:meta_key>
                <wp:meta_value><![CDATA[2013]]></wp:meta_value>
            </wp:postmeta>
            <wp:postmeta>
                <wp:meta_key>_lsb_published_year</wp:meta_key>
                <wp:meta_value><![CDATA[lsb_acf_published_year]]></wp:meta_value>
            </wp:postmeta>
            <wp:postmeta>
                <wp:meta_key>lsb_pages</wp:meta_key>
                <wp:meta_value><![CDATA[206]]></wp:meta_value>
            </wp:postmeta>
            <wp:postmeta>
                <wp:meta_key>_lsb_pages</wp:meta_key>
                <wp:meta_value><![CDATA[lsb_acf_pages]]></wp:meta_value>
            </wp:postmeta>
            <wp:postmeta>
                <wp:meta_key>lsb_review</wp:meta_key>
                <wp:meta_value><![CDATA[  <div>Cora har aldri stått opp  <div>  <div>midt på natten for å </div>  <div>ta seg et glass vann.</div></div>Nå skal hun ha barn </div>  <div>med Yngve. </div>  <div>De flytter til et stort, </div>  <div>nedslitt hus på landet. </div>  <div>Men livet blir ikke slik </div>  <div>de hadde planlagt. </div>  <div>Cora må finne ut </div>  <div>hva hun vil. </div>  <div>&#160;</div>  <div><strong>Du er meg for søvning</strong> </div>  <div>  <div>er en bok med korte setninger </div>  <div>og et ganske enkelt språk. </div>  <div>Teksten er langsom </div>  <div>med tid til refleksjoner. </div>  <div>Historien drives fram </div>  <div>av handling og blir ikke kjedelig.</div>  <div>Teksten er tett, men kapitlene </div>  <div>er korte.  </div>  <div>&#160;</div>  <div><strong>Caroline Kaspara Palonen</strong> </div>  <div>debuterte i 2011 </div>  <div>med romanen <strong>Xeroxdager</strong> </div>  <div>som hun fikk gode kritikker for. </div>  <div><strong>Du er meg for søvnig</strong> </div>  <div>er hennes andre bok. </div></div>  ]]></wp:meta_value>
            </wp:postmeta>
            <wp:postmeta>
                <wp:meta_key>_lsb_review</wp:meta_key>
                <wp:meta_value><![CDATA[lsb_acf_review]]></wp:meta_value>
            </wp:postmeta>
            <wp:postmeta>
                <wp:meta_key>lsb_quote</wp:meta_key>
                <wp:meta_value><![CDATA[Jeg har nettopp våkna, og har en følelse av at jeg må gjøre noe viktig i dag. Det er senga som Yngve brukte. Den står   ytterst, og den gjør det vanskelig for meg å stå opp. Jeg   må dra kroppen min over den før jeg kan plassere føt-  tene på gulvet. Den er i veien. Den må bort. ]]></wp:meta_value>
            </wp:postmeta>
            <wp:postmeta>
                <wp:meta_key>_lsb_quote</wp:meta_key>
                <wp:meta_value><![CDATA[lsb_acf_quote]]></wp:meta_value>
            </wp:postmeta>
            <wp:postmeta>
                <wp:meta_key>lsb_supported</wp:meta_key>
                <wp:meta_value><![CDATA[0]]></wp:meta_value>
            </wp:postmeta>
            <wp:postmeta>
                <wp:meta_key>_lsb_supported</wp:meta_key>
                <wp:meta_value><![CDATA[lsb_acf_supported]]></wp:meta_value>
            </wp:postmeta>
            <category domain="lsb_tax_author" nicename="caroline-kaspara-palonen-"><![CDATA[Caroline Kaspara Palonen ]]></category>
            <category domain="lsb_tax_publisher" nicename="cappelen-damm"><![CDATA[Cappelen Damm]]></category>
            <wp:postmeta>
                <wp:meta_key>lsb_look_inside</wp:meta_key>
                <wp:meta_value><![CDATA[CUSTOM_BLA_I_BOKA]]></wp:meta_value>
            </wp:postmeta>
            <wp:postmeta>
                <wp:meta_key>_lsb_look_inside</wp:meta_key>
                <wp:meta_value><![CDATA[lsb_acf_look_inside]]></wp:meta_value>
            </wp:postmeta>
            <category domain="lsb_tax_age" nicename="voksne"><![CDATA[voksne]]></category>
            <category domain="lsb_tax_genre" nicename="prosa"><![CDATA[prosa]]></category>
            <category domain="lsb_tax_topic" nicename="mennesker-i-mellom"><![CDATA[mennesker i mellom]]></category>
            <category domain="lsb_tax_topic" nicename="annet"><![CDATA[annet]]></category>
            <category domain="lsb_tax_language" nicename="no_nb"><![CDATA[bokmål]]></category>
            <category domain="lsb_tax_customization" nicename="skjønnlitteratur"><![CDATA[skjønnlitteratur]]></category>
            <wp:postmeta>
                <wp:meta_key>_thumbnail_id</wp:meta_key>
                <wp:meta_value><![CDATA[5684]]></wp:meta_value>
            </wp:postmeta>
        </item>
        <item>
            <title>Du er meg for søvnig.jpg</title>
            <wp:post_id>5684</wp:post_id>
            <wp:status>inherit</wp:status>
            <wp:post_type>attachment</wp:post_type>
            <wp:attachment_url>https://raw.githubusercontent.com/lesersokerbok/boksok.no-data-utils/master/output-example/images/7087582827F540F0A1CC5FA0BFEE68D2.jpg</wp:attachment_url>
        </item>
        <item>
            <wp:post_type>lsb_book</wp:post_type>
            <wp:status>publish</wp:status>
            <title>Kjersti er ein fiktiv person, helsing Kjersti. </title>
            <excerpt:encoded><![CDATA[Dette er ei sterk og enkel diktbok   om å sjå og bli sett. ]]></excerpt:encoded>
            <wp:postmeta>
                <wp:meta_key>lsb_isbn</wp:meta_key>
                <wp:meta_value><![CDATA[9788282880138]]></wp:meta_value>
            </wp:postmeta>
            <wp:postmeta>
                <wp:meta_key>_lsb_isbn</wp:meta_key>
                <wp:meta_value><![CDATA[lsb_acf_isbn]]></wp:meta_value>
            </wp:postmeta>
            <wp:postmeta>
                <wp:meta_key>lsb_published_year</wp:meta_key>
                <wp:meta_value><![CDATA[2013]]></wp:meta_value>
            </wp:postmeta>
            <wp:postmeta>
                <wp:meta_key>_lsb_published_year</wp:meta_key>
                <wp:meta_value><![CDATA[lsb_acf_published_year]]></wp:meta_value>
            </wp:postmeta>
            <wp:postmeta>
                <wp:meta_key>lsb_pages</wp:meta_key>
                <wp:meta_value><![CDATA[82]]></wp:meta_value>
            </wp:postmeta>
            <wp:postmeta>
                <wp:meta_key>_lsb_pages</wp:meta_key>
                <wp:meta_value><![CDATA[lsb_acf_pages]]></wp:meta_value>
            </wp:postmeta>
            <wp:postmeta>
                <wp:meta_key>lsb_review</wp:meta_key>
                <wp:meta_value><![CDATA[  <div>Det er to ulike Kjersti </div>  <div>allereie på tittelbladet: </div>  <div>den eine sann, </div>  <div>den andre fiktiv. </div>  <div>Møtet dei imellom </div>  <div>skaper vittige og skarpe dikt. </div>  <div>Kva kan ein tru på </div>  <div>av det verda seier om ein? </div>  <div>Og kva kan ein tru på av verda?</div>  <div>&#160;</div>  <div>Dikta er skrive i </div>  <div>eit direkte kvardagsleg språk. </div>  <div>Dei er konkrete og fysiske. </div>  <div>Samstundes skapar dei </div>  <div>ei undring og ei spenning. </div>  <div>&#160;</div>  <div><strong>Kjersti Wøien Håland</strong> (fødd 1988) </div>  <div>kjem frå Høyanger i Sogn og Fjordane.</div>  <div>Ho bur no i Oslo. </div>  <div>&#160;</div>  ]]></wp:meta_value>
            </wp:postmeta>
            <wp:postmeta>
                <wp:meta_key>_lsb_review</wp:meta_key>
                <wp:meta_value><![CDATA[lsb_acf_review]]></wp:meta_value>
            </wp:postmeta>
            <wp:postmeta>
                <wp:meta_key>lsb_quote</wp:meta_key>
                <wp:meta_value><![CDATA[eg er for stolt   til å be deg om å elske meg  så eg ber deg  heller om å brekke av ein del   og elske den]]></wp:meta_value>
            </wp:postmeta>
            <wp:postmeta>
                <wp:meta_key>_lsb_quote</wp:meta_key>
                <wp:meta_value><![CDATA[lsb_acf_quote]]></wp:meta_value>
            </wp:postmeta>
            <wp:postmeta>
                <wp:meta_key>lsb_supported</wp:meta_key>
                <wp:meta_value><![CDATA[0]]></wp:meta_value>
            </wp:postmeta>
            <wp:postmeta>
                <wp:meta_key>_lsb_supported</wp:meta_key>
                <wp:meta_value><![CDATA[lsb_acf_supported]]></wp:meta_value>
            </wp:postmeta>
            <category domain="lsb_tax_author" nicename="kjersti-wøien-håland-"><![CDATA[Kjersti Wøien Håland ]]></category>
            <category domain="lsb_tax_publisher" nicename="flamme-forlag"><![CDATA[Flamme forlag]]></category>
            <wp:postmeta>
                <wp:meta_key>lsb_look_inside</wp:meta_key>
                <wp:meta_value><![CDATA[CUSTOM_BLA_I_BOKA]]></wp:meta_value>
            </wp:postmeta>
            <wp:postmeta>
                <wp:meta_key>_lsb_look_inside</wp:meta_key>
                <wp:meta_value><![CDATA[lsb_acf_look_inside]]></wp:meta_value>
            </wp:postmeta>
            <category domain="lsb_tax_age" nicename="voksne"><![CDATA[voksne]]></category>
            <category domain="lsb_tax_genre" nicename="dikt"><![CDATA[dikt]]></category>
            <category domain="lsb_tax_language" nicename="no_nn"><![CDATA[nynorsk]]></category>
            <category domain="lsb_tax_customization" nicename="skjønnlitteratur"><![CDATA[skjønnlitteratur]]></category>
            <wp:postmeta>
                <wp:meta_key>_thumbnail_id</wp:meta_key>
                <wp:meta_value><![CDATA[5685]]></wp:meta_value>
            </wp:postmeta>
        </item>
        <item>
            <title>kjersti er ein ....jpg</title>
            <wp:post_id>5685</wp:post_id>
            <wp:status>inherit</wp:status>
            <wp:post_type>attachment</wp:post_type>
            <wp:attachment_url>https://raw.githubusercontent.com/lesersokerbok/boksok.no-data-utils/master/output-example/images/D96050C509F74931AA6A2E864E61A23D.jpg</wp:attachment_url>
        </item>
        <item>
            <wp:post_type>lsb_book</wp:post_type>
            <wp:status>publish</wp:status>
            <title>Jeg kommer snart </title>
            <excerpt:encoded><![CDATA[Jeg kommer snart   er en mørk komedie   om orgasme. ]]></excerpt:encoded>
            <wp:postmeta>
                <wp:meta_key>lsb_isbn</wp:meta_key>
                <wp:meta_value><![CDATA[9788282880206]]></wp:meta_value>
            </wp:postmeta>
            <wp:postmeta>
                <wp:meta_key>_lsb_isbn</wp:meta_key>
                <wp:meta_value><![CDATA[lsb_acf_isbn]]></wp:meta_value>
            </wp:postmeta>
            <wp:postmeta>
                <wp:meta_key>lsb_published_year</wp:meta_key>
                <wp:meta_value><![CDATA[2013]]></wp:meta_value>
            </wp:postmeta>
            <wp:postmeta>
                <wp:meta_key>_lsb_published_year</wp:meta_key>
                <wp:meta_value><![CDATA[lsb_acf_published_year]]></wp:meta_value>
            </wp:postmeta>
            <wp:postmeta>
                <wp:meta_key>lsb_pages</wp:meta_key>
                <wp:meta_value><![CDATA[207]]></wp:meta_value>
            </wp:postmeta>
            <wp:postmeta>
                <wp:meta_key>_lsb_pages</wp:meta_key>
                <wp:meta_value><![CDATA[lsb_acf_pages]]></wp:meta_value>
            </wp:postmeta>
            <wp:postmeta>
                <wp:meta_key>lsb_review</wp:meta_key>
                <wp:meta_value><![CDATA[  <div>Julie har&#160;aldri hatt&#160;orgasme. </div>  <div>Hun har&#160;bare latt som. </div>  <div>Og hun har vært god til </div>  <div>å late som.&#160;Men nå&#160;er hun lei.&#160;&#160;</div>  <div>Hun låser seg inne på soverommet </div>  <div>med mat, aviser, babyolje og Mr. Rabbit </div>  <div>– en vibrator med 30 dagers </div>  <div>orgasmegaranti fra Kondomeriet.</div>  <div>&#160;</div>  <div>Mens hun ligger der, </div>  <div>begynner hun å tenke over </div>  <div>sin seksuelle historie.&#160;</div>  <div>Samtidig venter mannen, </div>  <div>den nye au-pairen&#160;og tre barn&#160;</div>  <div>utenfor døren. </div>  <div>Alle lurer på hvorfor Julie ikke </div>  <div>«kommer snart».</div>  <div>&#160;</div>  <div><strong>Jeg kommer snart</strong> </div>  <div>har et ganske enkelt språk. </div>  <div>Boka har en tydelig kronologi</div>  <div>og tydelige avsnitt. </div>  <div>&#160;</div>  <div><strong>Selma Lønning Aarø</strong> (f. 1972) </div>  <div>har skrevet bøker for både voksne og barn.</div>  <div>Hun har skrevet to bøker </div>  <div>med støtte fra Leser søker bok: </div>  <div><strong>Fortvilet kreps '72</strong></div>  <div>og <strong>Vekevis</strong>. </div>  ]]></wp:meta_value>
            </wp:postmeta>
            <wp:postmeta>
                <wp:meta_key>_lsb_review</wp:meta_key>
                <wp:meta_value><![CDATA[lsb_acf_review]]></wp:meta_value>
            </wp:postmeta>
            <wp:postmeta>
                <wp:meta_key>lsb_quote</wp:meta_key>
                <wp:meta_value><![CDATA[Jenta bak disken på Kondomeriet var skremmende ung,   men jeg bestemte meg for å hoppe i det. Slikt opplever   hun sikkert hver dag, sa jeg til meg selv.   - Kan jeg hjelpe deg med noe, kom det på klingende   nordlandsdialekt.   Munnen var stor og smilende, med et par av disse   kunstig svulmende leppene.   - Ja. Jeg har aldri hatt orgasme. Jeg vil ha det nå.   Det ble stille i noen sekunder.   - Oi, sa jenta.   - Ja, sa jeg.   - Men da er det på tide, sa hun og gjenvant litt av selger-  entusiasmen sin. ]]></wp:meta_value>
            </wp:postmeta>
            <wp:postmeta>
                <wp:meta_key>_lsb_quote</wp:meta_key>
                <wp:meta_value><![CDATA[lsb_acf_quote]]></wp:meta_value>
            </wp:postmeta>
            <wp:postmeta>
                <wp:meta_key>lsb_supported</wp:meta_key>
                <wp:meta_value><![CDATA[0]]></wp:meta_value>
            </wp:postmeta>
            <wp:postmeta>
                <wp:meta_key>_lsb_supported</wp:meta_key>
                <wp:meta_value><![CDATA[lsb_acf_supported]]></wp:meta_value>
            </wp:postmeta>
            <category domain="lsb_tax_author" nicename="selma-lønning-aarø"><![CDATA[Selma Lønning Aarø]]></category>
            <category domain="lsb_tax_publisher" nicename="flamme"><![CDATA[Flamme]]></category>
            <wp:postmeta>
                <wp:meta_key>lsb_look_inside</wp:meta_key>
                <wp:meta_value><![CDATA[CUSTOM_BLA_I_BOKA]]></wp:meta_value>
            </wp:postmeta>
            <wp:postmeta>
                <wp:meta_key>_lsb_look_inside</wp:meta_key>
                <wp:meta_value><![CDATA[lsb_acf_look_inside]]></wp:meta_value>
            </wp:postmeta>
            <category domain="lsb_tax_age" nicename="voksne"><![CDATA[voksne]]></category>
            <category domain="lsb_tax_genre" nicename="prosa"><![CDATA[prosa]]></category>
            <category domain="lsb_tax_topic" nicename="kjærlighet"><![CDATA[kjærlighet]]></category>
            <category domain="lsb_tax_topic" nicename="mennesker-i-mellom"><![CDATA[mennesker i mellom]]></category>
            <category domain="lsb_tax_language" nicename="no_nb"><![CDATA[bokmål]]></category>
            <category domain="lsb_tax_customization" nicename="skjønnlitteratur"><![CDATA[skjønnlitteratur]]></category>
            <wp:postmeta>
                <wp:meta_key>_thumbnail_id</wp:meta_key>
                <wp:meta_value><![CDATA[5686]]></wp:meta_value>
            </wp:postmeta>
        </item>
        <item>
            <title>Jeg kommer snart.jpg</title>
            <wp:post_id>5686</wp:post_id>
            <wp:status>inherit</wp:status>
            <wp:post_type>attachment</wp:post_type>
            <wp:attachment_url>https://raw.githubusercontent.com/lesersokerbok/boksok.no-data-utils/master/output-example/images/58CA9A9162E94F5F8D37B35F9F58D02D.jpg</wp:attachment_url>
        </item>
        <item>
            <wp:post_type>lsb_book</wp:post_type>
            <wp:status>publish</wp:status>
            <title>Null</title>
            <excerpt:encoded><![CDATA[Null er en modig og desperat roman   om forsøket på å bli et jeg. ]]></excerpt:encoded>
            <wp:postmeta>
                <wp:meta_key>lsb_isbn</wp:meta_key>
                <wp:meta_value><![CDATA[9788249511174]]></wp:meta_value>
            </wp:postmeta>
            <wp:postmeta>
                <wp:meta_key>_lsb_isbn</wp:meta_key>
                <wp:meta_value><![CDATA[lsb_acf_isbn]]></wp:meta_value>
            </wp:postmeta>
            <wp:postmeta>
                <wp:meta_key>lsb_published_year</wp:meta_key>
                <wp:meta_value><![CDATA[2013]]></wp:meta_value>
            </wp:postmeta>
            <wp:postmeta>
                <wp:meta_key>_lsb_published_year</wp:meta_key>
                <wp:meta_value><![CDATA[lsb_acf_published_year]]></wp:meta_value>
            </wp:postmeta>
            <wp:postmeta>
                <wp:meta_key>lsb_pages</wp:meta_key>
                <wp:meta_value><![CDATA[183]]></wp:meta_value>
            </wp:postmeta>
            <wp:postmeta>
                <wp:meta_key>_lsb_pages</wp:meta_key>
                <wp:meta_value><![CDATA[lsb_acf_pages]]></wp:meta_value>
            </wp:postmeta>
            <wp:postmeta>
                <wp:meta_key>lsb_review</wp:meta_key>
                <wp:meta_value><![CDATA[  <div>Den unge jenta i romanen </div>  <div>har en sterk uro.  </div>  <div>I jakten på et jeg havner hun  </div>  <div>på fylla, i ulike forhold,</div>  <div>i tvungent psykisk helsevern, </div>  <div>blant indianere i Peru </div>  <div>og hos en snill dame som heter Eva. </div>  <div>&#160;</div>  <div><strong>Null</strong> er skrevet med korte setninger </div>  <div>uten punktum. Hver setning får stå </div>  <div>for seg selv. </div>  <div>Teksten har noen vanskelige ord, </div>  <div>men språket er direkte. </div>  <div>&#160;</div>  <div><strong>Gine Cornelia Pedersen</strong> </div>  <div>er født i Oslo i 1986. </div>  <div><strong>Null</strong> er hennes første roman. </div>  <div>Hun vant Tarjei Vesaas debutantpris </div>  <div>2013 for romanen. </div>  ]]></wp:meta_value>
            </wp:postmeta>
            <wp:postmeta>
                <wp:meta_key>_lsb_review</wp:meta_key>
                <wp:meta_value><![CDATA[lsb_acf_review]]></wp:meta_value>
            </wp:postmeta>
            <wp:postmeta>
                <wp:meta_key>lsb_quote</wp:meta_key>
                <wp:meta_value><![CDATA[Det blir natt   Jeg går tur   Leter etter mennesker som heller ikke kan sitte stille   Går ned til Blitz   Tenker at det kanskje er noen som er våkne der   Det er det   Jeg går inn  Jeg går i en nattkjole med en stygg hettegenser over   Det ser ut som om alle har glemt å ta på seg klær her   Jeg ser en gutt i mengden ]]></wp:meta_value>
            </wp:postmeta>
            <wp:postmeta>
                <wp:meta_key>_lsb_quote</wp:meta_key>
                <wp:meta_value><![CDATA[lsb_acf_quote]]></wp:meta_value>
            </wp:postmeta>
            <wp:postmeta>
                <wp:meta_key>lsb_supported</wp:meta_key>
                <wp:meta_value><![CDATA[0]]></wp:meta_value>
            </wp:postmeta>
            <wp:postmeta>
                <wp:meta_key>_lsb_supported</wp:meta_key>
                <wp:meta_value><![CDATA[lsb_acf_supported]]></wp:meta_value>
            </wp:postmeta>
            <category domain="lsb_tax_author" nicename="gine-cornelia-pedersen-"><![CDATA[Gine Cornelia Pedersen ]]></category>
            <category domain="lsb_tax_publisher" nicename="oktober-"><![CDATA[Oktober ]]></category>
            <wp:postmeta>
                <wp:meta_key>lsb_look_inside</wp:meta_key>
                <wp:meta_value><![CDATA[CUSTOM_BLA_I_BOKA]]></wp:meta_value>
            </wp:postmeta>
            <wp:postmeta>
                <wp:meta_key>_lsb_look_inside</wp:meta_key>
                <wp:meta_value><![CDATA[lsb_acf_look_inside]]></wp:meta_value>
            </wp:postmeta>
            <category domain="lsb_tax_age" nicename="voksne"><![CDATA[voksne]]></category>
            <category domain="lsb_tax_genre" nicename="prosa"><![CDATA[prosa]]></category>
            <category domain="lsb_tax_language" nicename="no_nb"><![CDATA[bokmål]]></category>
            <category domain="lsb_tax_customization" nicename="skjønnlitteratur"><![CDATA[skjønnlitteratur]]></category>
            <wp:postmeta>
                <wp:meta_key>_thumbnail_id</wp:meta_key>
                <wp:meta_value><![CDATA[5687]]></wp:meta_value>
            </wp:postmeta>
        </item>
        <item>
            <title>Null.jpg</title>
            <wp:post_id>5687</wp:post_id>
            <wp:status>inherit</wp:status>
            <wp:post_type>attachment</wp:post_type>
            <wp:attachment_url>https://raw.githubusercontent.com/lesersokerbok/boksok.no-data-utils/master/output-example/images/47C1DD1FA7724D389EC3C58AB7134C97.jpg</wp:attachment_url>
        </item>
        <item>
            <wp:post_type>lsb_book</wp:post_type>
            <wp:status>publish</wp:status>
            <title>Det var stille, det snødde </title>
            <excerpt:encoded><![CDATA[Dette er en sterk og var roman   om å miste faren sin. ]]></excerpt:encoded>
            <wp:postmeta>
                <wp:meta_key>lsb_isbn</wp:meta_key>
                <wp:meta_value><![CDATA[9788205455580]]></wp:meta_value>
            </wp:postmeta>
            <wp:postmeta>
                <wp:meta_key>_lsb_isbn</wp:meta_key>
                <wp:meta_value><![CDATA[lsb_acf_isbn]]></wp:meta_value>
            </wp:postmeta>
            <wp:postmeta>
                <wp:meta_key>lsb_published_year</wp:meta_key>
                <wp:meta_value><![CDATA[2013]]></wp:meta_value>
            </wp:postmeta>
            <wp:postmeta>
                <wp:meta_key>_lsb_published_year</wp:meta_key>
                <wp:meta_value><![CDATA[lsb_acf_published_year]]></wp:meta_value>
            </wp:postmeta>
            <wp:postmeta>
                <wp:meta_key>lsb_pages</wp:meta_key>
                <wp:meta_value><![CDATA[187]]></wp:meta_value>
            </wp:postmeta>
            <wp:postmeta>
                <wp:meta_key>_lsb_pages</wp:meta_key>
                <wp:meta_value><![CDATA[lsb_acf_pages]]></wp:meta_value>
            </wp:postmeta>
            <wp:postmeta>
                <wp:meta_key>lsb_review</wp:meta_key>
                <wp:meta_value><![CDATA[  <div>Romanen begynner i det </div>  <div>hun ser&#160;faren sin gjennom vinduet </div>  <div>i huset han har leid </div>  <div>siden han flyttet fra moren. </div>  <div>Hun&#160;skjønner at han er død. </div>  <div>&#160;</div>  <div>I dagene som følger </div>  <div>fylles huset til moren </div>  <div>av tanter, onkler og besteforeldre. </div>  <div>Hun henter&#160;kjæresten sin </div>  <div>på togstasjonen. </div>  <div>Han har med seg blomster, </div>  <div>og det var ikke slik hun hadde tenkt </div>  <div>at han skulle møte familien hennes. </div>  <div><strong>&#160;</strong></div>  <div><strong>Det var stille, det snødde</strong> </div>  <div>er ikke historien om et selvmord, </div>  <div>men om alt det andre.</div>  <div>&#160;</div>  <div>Teksten i denne romanen </div>  <div>er konkret og sanselig. </div>  <div>Språket er stort sett enkelt. </div>  <div>Teksten er ganske tett, </div>  <div>men har en&#160;tydelig og luftig </div>  <div>skrifttype. </div>  <div>&#160;</div>  <div><strong>Mariann Aadland</strong> (født 1981) er fra </div>  <div>Gvarv i Telemark. Hun bor i Oslo.</div>  <div><strong>Det var stille, det snødde</strong> </div>  <div>er hennes første roman. </div>  <div>&#160;</div>  ]]></wp:meta_value>
            </wp:postmeta>
            <wp:postmeta>
                <wp:meta_key>_lsb_review</wp:meta_key>
                <wp:meta_value><![CDATA[lsb_acf_review]]></wp:meta_value>
            </wp:postmeta>
            <wp:postmeta>
                <wp:meta_key>lsb_quote</wp:meta_key>
                <wp:meta_value><![CDATA[Mamma var på soverommet. Hun hadde halve kroppen   inni klesskapet, og det lå stabler av klær på golvet og å   den oppredde dobbeltsenga, som bare hadde én dyne og   én pute. Etter at pappa flytta, hadde mammas seng   sett ut som den tilhørte en tenåring.  ]]></wp:meta_value>
            </wp:postmeta>
            <wp:postmeta>
                <wp:meta_key>_lsb_quote</wp:meta_key>
                <wp:meta_value><![CDATA[lsb_acf_quote]]></wp:meta_value>
            </wp:postmeta>
            <wp:postmeta>
                <wp:meta_key>lsb_supported</wp:meta_key>
                <wp:meta_value><![CDATA[0]]></wp:meta_value>
            </wp:postmeta>
            <wp:postmeta>
                <wp:meta_key>_lsb_supported</wp:meta_key>
                <wp:meta_value><![CDATA[lsb_acf_supported]]></wp:meta_value>
            </wp:postmeta>
            <category domain="lsb_tax_author" nicename="mariann-aaland"><![CDATA[Mariann Aaland]]></category>
            <category domain="lsb_tax_publisher" nicename="gyldendal"><![CDATA[Gyldendal]]></category>
            <wp:postmeta>
                <wp:meta_key>lsb_look_inside</wp:meta_key>
                <wp:meta_value><![CDATA[CUSTOM_BLA_I_BOKA]]></wp:meta_value>
            </wp:postmeta>
            <wp:postmeta>
                <wp:meta_key>_lsb_look_inside</wp:meta_key>
                <wp:meta_value><![CDATA[lsb_acf_look_inside]]></wp:meta_value>
            </wp:postmeta>
            <category domain="lsb_tax_age" nicename="voksne"><![CDATA[voksne]]></category>
            <category domain="lsb_tax_genre" nicename="prosa"><![CDATA[prosa]]></category>
            <category domain="lsb_tax_topic" nicename="mennesker-i-mellom"><![CDATA[mennesker i mellom]]></category>
            <category domain="lsb_tax_language" nicename="no_nb"><![CDATA[bokmål]]></category>
            <category domain="lsb_tax_customization" nicename="skjønnlitteratur"><![CDATA[skjønnlitteratur]]></category>
            <wp:postmeta>
                <wp:meta_key>_thumbnail_id</wp:meta_key>
                <wp:meta_value><![CDATA[5688]]></wp:meta_value>
            </wp:postmeta>
        </item>
        <item>
            <title>Det-var-stille-det-snoedde.jpg</title>
            <wp:post_id>5688</wp:post_id>
            <wp:status>inherit</wp:status>
            <wp:post_type>attachment</wp:post_type>
            <wp:attachment_url>https://raw.githubusercontent.com/lesersokerbok/boksok.no-data-utils/master/output-example/images/1F8C77CFFB0E42E5AD819A7CC99ECB41.jpg</wp:attachment_url>
        </item>
        <item>
            <wp:post_type>lsb_book</wp:post_type>
            <wp:status>publish</wp:status>
            <title>Helioskatastrofen</title>
            <excerpt:encoded><![CDATA[Dette er en brennende,   intens roman   med et korthugd språk. ]]></excerpt:encoded>
            <wp:postmeta>
                <wp:meta_key>lsb_isbn</wp:meta_key>
                <wp:meta_value><![CDATA[9788249511969]]></wp:meta_value>
            </wp:postmeta>
            <wp:postmeta>
                <wp:meta_key>_lsb_isbn</wp:meta_key>
                <wp:meta_value><![CDATA[lsb_acf_isbn]]></wp:meta_value>
            </wp:postmeta>
            <wp:postmeta>
                <wp:meta_key>lsb_published_year</wp:meta_key>
                <wp:meta_value><![CDATA[2014]]></wp:meta_value>
            </wp:postmeta>
            <wp:postmeta>
                <wp:meta_key>_lsb_published_year</wp:meta_key>
                <wp:meta_value><![CDATA[lsb_acf_published_year]]></wp:meta_value>
            </wp:postmeta>
            <wp:postmeta>
                <wp:meta_key>lsb_pages</wp:meta_key>
                <wp:meta_value><![CDATA[127]]></wp:meta_value>
            </wp:postmeta>
            <wp:postmeta>
                <wp:meta_key>_lsb_pages</wp:meta_key>
                <wp:meta_value><![CDATA[lsb_acf_pages]]></wp:meta_value>
            </wp:postmeta>
            <wp:postmeta>
                <wp:meta_key>lsb_review</wp:meta_key>
                <wp:meta_value><![CDATA[  <div>Anna er 12 år når hun blir </div>  <div>født av en far. </div>  <div>Hun blir plassert i et fosterhjem. </div>  <div>Alt i livet hennes er </div>  <div>både kjent og underlig. </div>  <div><strong>&#160;</strong></div>  <div><strong>Helioskatastrofen</strong> er </div>  <div>en moderne Athene-myte. </div>  <div>Vanskelige psykiske tilstander </div>  <div>er skrevet om</div>  <div>på en konkret og sanselig måte. </div>  <div>  <div>Språket i romanen er </div>  <div>intenst og effektivt. </div>  <div>Romanen har korte setninger. </div>  <div>Handlingen er drevet fram </div>  <div>av Annas kamp for seg selv</div>  <div>og savnet etter faren. </div></div>  ]]></wp:meta_value>
            </wp:postmeta>
            <wp:postmeta>
                <wp:meta_key>_lsb_review</wp:meta_key>
                <wp:meta_value><![CDATA[lsb_acf_review]]></wp:meta_value>
            </wp:postmeta>
            <wp:postmeta>
                <wp:meta_key>lsb_quote</wp:meta_key>
                <wp:meta_value><![CDATA[Jeg lukket døra og satte meg på sengen. Trakk opp   genseren og tok fram brevet. Jeg luktet på det. Det luk-  tet varmt papir og sigarett. Jeg var altfor vettskremt til å   åpne det. Jeg trengte ro for å lese, tenkte jeg, og ba hjer-  tet om å slutte å slå meg. ]]></wp:meta_value>
            </wp:postmeta>
            <wp:postmeta>
                <wp:meta_key>_lsb_quote</wp:meta_key>
                <wp:meta_value><![CDATA[lsb_acf_quote]]></wp:meta_value>
            </wp:postmeta>
            <wp:postmeta>
                <wp:meta_key>lsb_supported</wp:meta_key>
                <wp:meta_value><![CDATA[0]]></wp:meta_value>
            </wp:postmeta>
            <wp:postmeta>
                <wp:meta_key>_lsb_supported</wp:meta_key>
                <wp:meta_value><![CDATA[lsb_acf_supported]]></wp:meta_value>
            </wp:postmeta>
            <category domain="lsb_tax_author" nicename="linda-boström-knausgård-"><![CDATA[Linda Boström Knausgård ]]></category>
            <category domain="lsb_tax_publisher" nicename="oktober-"><![CDATA[Oktober ]]></category>
            <category domain="lsb_tax_translator" nicename="monica-aasprong-"><![CDATA[Monica Aasprong ]]></category>
            <wp:postmeta>
                <wp:meta_key>lsb_look_inside</wp:meta_key>
                <wp:meta_value><![CDATA[CUSTOM_BLA_I_BOKA]]></wp:meta_value>
            </wp:postmeta>
            <wp:postmeta>
                <wp:meta_key>_lsb_look_inside</wp:meta_key>
                <wp:meta_value><![CDATA[lsb_acf_look_inside]]></wp:meta_value>
            </wp:postmeta>
            <category domain="lsb_tax_age" nicename="voksne"><![CDATA[voksne]]></category>
            <category domain="lsb_tax_genre" nicename="prosa"><![CDATA[prosa]]></category>
            <category domain="lsb_tax_language" nicename="no_nb"><![CDATA[bokmål]]></category>
            <category domain="lsb_tax_customization" nicename="skjønnlitteratur"><![CDATA[skjønnlitteratur]]></category>
            <wp:postmeta>
                <wp:meta_key>_thumbnail_id</wp:meta_key>
                <wp:meta_value><![CDATA[5689]]></wp:meta_value>
            </wp:postmeta>
        </item>
        <item>
            <title>Helioskatastrofen.jpg</title>
            <wp:post_id>5689</wp:post_id>
            <wp:status>inherit</wp:status>
            <wp:post_type>attachment</wp:post_type>
            <wp:attachment_url>https://raw.githubusercontent.com/lesersokerbok/boksok.no-data-utils/master/output-example/images/98485DCB6BD341B2BF178861CD787383.jpg</wp:attachment_url>
        </item>
        <item>
            <wp:post_type>lsb_book</wp:post_type>
            <wp:status>publish</wp:status>
            <title>Det skulle vere sol, vi skulle reise til Lódz</title>
            <excerpt:encoded><![CDATA[Dette er ein roman om   ein søster som forsvinn,   og om det å vere pårørande.  ]]></excerpt:encoded>
            <wp:postmeta>
                <wp:meta_key>lsb_isbn</wp:meta_key>
                <wp:meta_value><![CDATA[9788252184365]]></wp:meta_value>
            </wp:postmeta>
            <wp:postmeta>
                <wp:meta_key>_lsb_isbn</wp:meta_key>
                <wp:meta_value><![CDATA[lsb_acf_isbn]]></wp:meta_value>
            </wp:postmeta>
            <wp:postmeta>
                <wp:meta_key>lsb_published_year</wp:meta_key>
                <wp:meta_value><![CDATA[2014]]></wp:meta_value>
            </wp:postmeta>
            <wp:postmeta>
                <wp:meta_key>_lsb_published_year</wp:meta_key>
                <wp:meta_value><![CDATA[lsb_acf_published_year]]></wp:meta_value>
            </wp:postmeta>
            <wp:postmeta>
                <wp:meta_key>lsb_pages</wp:meta_key>
                <wp:meta_value><![CDATA[176]]></wp:meta_value>
            </wp:postmeta>
            <wp:postmeta>
                <wp:meta_key>_lsb_pages</wp:meta_key>
                <wp:meta_value><![CDATA[lsb_acf_pages]]></wp:meta_value>
            </wp:postmeta>
            <wp:postmeta>
                <wp:meta_key>lsb_review</wp:meta_key>
                <wp:meta_value><![CDATA[  <div>To søstrer, Jenny og Solrun, </div>  <div>veks opp saman med </div>  <div>mamma og bestefar Olvar. </div>  <div>Dei leikar på stranda og i skogen. </div>  <div>Men noko plagar storesøster Solrun. </div>  <div>Noko som trekk henne ut og vekk. </div>  <div>Inn til dop og plutselege endringar. </div>  <div>Når mora døyr, må Jenny vere sterk, </div>  <div>ta ansvar, vise omsyn. </div>  <div>Men kven skal ha omsyn for Jenny?</div>  <div>&#160;</div>  <div><strong>Det skulle vere sol, vi skulle reise til Lódz</strong></div>  <div>er ein kort og intens roman.</div>  <div>Mellom skildringane av året etter moras død, </div>  <div>får vi&#160;glimt frå&#160;barndommen </div>  <div>og draumen om det som skulle vere.</div>  <div>Boka har korte kapitlar&#160; </div>  <div>og ganske enkel tekst. &#160;</div>  <div>&#160;</div>  <div><strong>Marit Kaldhol</strong> har skrive </div>  <div>mange bøker for vaksne og barn. </div>  <div>Ho&#160;fekk Samlagsprisen i 2001. </div>  <div>I Boksøk finn du fleire bøker </div>  <div>av Marit Kaldhol. </div>  ]]></wp:meta_value>
            </wp:postmeta>
            <wp:postmeta>
                <wp:meta_key>_lsb_review</wp:meta_key>
                <wp:meta_value><![CDATA[lsb_acf_review]]></wp:meta_value>
            </wp:postmeta>
            <wp:postmeta>
                <wp:meta_key>lsb_quote</wp:meta_key>
                <wp:meta_value><![CDATA[Døra small i.   Du var der.   Du var komen inn i gangen.   Noko velta. Du banna.   Eg venta. Ville gi deg tid.   Lytta.   Ein augeblikk heilt stilt. Så roping, skjenning, meir   banning. ]]></wp:meta_value>
            </wp:postmeta>
            <wp:postmeta>
                <wp:meta_key>_lsb_quote</wp:meta_key>
                <wp:meta_value><![CDATA[lsb_acf_quote]]></wp:meta_value>
            </wp:postmeta>
            <wp:postmeta>
                <wp:meta_key>lsb_supported</wp:meta_key>
                <wp:meta_value><![CDATA[0]]></wp:meta_value>
            </wp:postmeta>
            <wp:postmeta>
                <wp:meta_key>_lsb_supported</wp:meta_key>
                <wp:meta_value><![CDATA[lsb_acf_supported]]></wp:meta_value>
            </wp:postmeta>
            <category domain="lsb_tax_author" nicename="marit-kaldhol"><![CDATA[Marit Kaldhol]]></category>
            <category domain="lsb_tax_publisher" nicename="samlaget-"><![CDATA[Samlaget ]]></category>
            <wp:postmeta>
                <wp:meta_key>lsb_look_inside</wp:meta_key>
                <wp:meta_value><![CDATA[CUSTOM_BLA_I_BOKA]]></wp:meta_value>
            </wp:postmeta>
            <wp:postmeta>
                <wp:meta_key>_lsb_look_inside</wp:meta_key>
                <wp:meta_value><![CDATA[lsb_acf_look_inside]]></wp:meta_value>
            </wp:postmeta>
            <category domain="lsb_tax_age" nicename="voksne"><![CDATA[voksne]]></category>
            <category domain="lsb_tax_genre" nicename="prosa"><![CDATA[prosa]]></category>
            <category domain="lsb_tax_language" nicename="no_nn"><![CDATA[nynorsk]]></category>
            <category domain="lsb_tax_customization" nicename="skjønnlitteratur"><![CDATA[skjønnlitteratur]]></category>
            <wp:postmeta>
                <wp:meta_key>_thumbnail_id</wp:meta_key>
                <wp:meta_value><![CDATA[5690]]></wp:meta_value>
            </wp:postmeta>
        </item>
        <item>
            <title>det skulle vere sol.jpg</title>
            <wp:post_id>5690</wp:post_id>
            <wp:status>inherit</wp:status>
            <wp:post_type>attachment</wp:post_type>
            <wp:attachment_url>https://raw.githubusercontent.com/lesersokerbok/boksok.no-data-utils/master/output-example/images/DC7E578196EA4EFFA9F48879697C8EB1.jpg</wp:attachment_url>
        </item>
        <item>
            <wp:post_type>lsb_book</wp:post_type>
            <wp:status>publish</wp:status>
            <title>Blå er den varmeste fargen </title>
            <excerpt:encoded><![CDATA[Dette er en prisbelønnet tegneserie   om lesbisk kjærlighet   og kampen for å akseptere seg selv. ]]></excerpt:encoded>
            <wp:postmeta>
                <wp:meta_key>lsb_isbn</wp:meta_key>
                <wp:meta_value><![CDATA[9788292796214]]></wp:meta_value>
            </wp:postmeta>
            <wp:postmeta>
                <wp:meta_key>_lsb_isbn</wp:meta_key>
                <wp:meta_value><![CDATA[lsb_acf_isbn]]></wp:meta_value>
            </wp:postmeta>
            <wp:postmeta>
                <wp:meta_key>lsb_published_year</wp:meta_key>
                <wp:meta_value><![CDATA[2013]]></wp:meta_value>
            </wp:postmeta>
            <wp:postmeta>
                <wp:meta_key>_lsb_published_year</wp:meta_key>
                <wp:meta_value><![CDATA[lsb_acf_published_year]]></wp:meta_value>
            </wp:postmeta>
            <wp:postmeta>
                <wp:meta_key>lsb_pages</wp:meta_key>
                <wp:meta_value><![CDATA[upag]]></wp:meta_value>
            </wp:postmeta>
            <wp:postmeta>
                <wp:meta_key>_lsb_pages</wp:meta_key>
                <wp:meta_value><![CDATA[lsb_acf_pages]]></wp:meta_value>
            </wp:postmeta>
            <wp:postmeta>
                <wp:meta_key>lsb_review</wp:meta_key>
                <wp:meta_value><![CDATA[  <div>Clémentine er en vanlig tenåring</div>  <div>med familie og venner. </div>  <div>Hun blir sammen med en av </div>  <div>de kjekkeste guttene på skolen. </div>  <div>Men noe er feil. </div>  <div>En kveld blir hun med </div>  <div>sin homofile&#160;venn på byen. </div>  <div>Hun møter Emma, </div>  <div>en selvsikker lesbe med blått hår. </div>  <div>Clémentines verden snus på hodet. </div>  <div>Tør hun være ærlig om</div>  <div>hvem hun er? </div>  <div>&#160;</div>  <div><strong>Blå er den varmeste fargen</strong> </div>  <div>er en sterk fortelling. </div>  <div>Historien fortelles dels gjennom &#160;</div>  <div>Clèmentines&#160;dagbok </div>  <div>og dels gjennom&#160;tilbakeblikk. </div>  <div>Flere deler er helt uten tekst. </div>  <div>En film basert på tegneserien </div>  <div>vant Gullpalmen i Cannes i 2013. </div>  <div>&#160;</div>  <div><strong>Julie Maroh</strong> (f. 1985)&#160;</div>  <div>begynte på&#160;<strong>Blå&#160;er den varmeste fargen</strong>&#160;</div>  <div>da hun var 19 år gammel. </div>  <div>Tegneserien&#160;ble hennes store gjennombrudd </div>  <div>da den kom ut i Frankrike i 2010. </div>  <div>&#160;</div>  ]]></wp:meta_value>
            </wp:postmeta>
            <wp:postmeta>
                <wp:meta_key>_lsb_review</wp:meta_key>
                <wp:meta_value><![CDATA[lsb_acf_review]]></wp:meta_value>
            </wp:postmeta>
            <wp:postmeta>
                <wp:meta_key>lsb_quote</wp:meta_key>
                <wp:meta_value><![CDATA[2.februar 1997  Det var sånn alt begynte. Det var sånn   jeg begynte å leve et hemmelig liv. Det var   bare Valentin som visste noe. Jeg fant på   nye unnskyldninger hele tiden for å kunne   være sammen med Emma.   "Beklager folkens, jeg må besøke bestemoren   min i morgen, så jeg kan ikke bli med på kino."   "Mamma, jeg sover   hos en venninne. Vi skal   pugge til filosofiprøve."   Jeg har med andre ord   løyet en del de siste månedene ... ]]></wp:meta_value>
            </wp:postmeta>
            <wp:postmeta>
                <wp:meta_key>_lsb_quote</wp:meta_key>
                <wp:meta_value><![CDATA[lsb_acf_quote]]></wp:meta_value>
            </wp:postmeta>
            <wp:postmeta>
                <wp:meta_key>lsb_supported</wp:meta_key>
                <wp:meta_value><![CDATA[0]]></wp:meta_value>
            </wp:postmeta>
            <wp:postmeta>
                <wp:meta_key>_lsb_supported</wp:meta_key>
                <wp:meta_value><![CDATA[lsb_acf_supported]]></wp:meta_value>
            </wp:postmeta>
            <category domain="lsb_tax_author" nicename="julie-maroh"><![CDATA[Julie Maroh]]></category>
            <category domain="lsb_tax_translator" nicename="christina-revold-"><![CDATA[Christina Revold ]]></category>
            <wp:postmeta>
                <wp:meta_key>lsb_look_inside</wp:meta_key>
                <wp:meta_value><![CDATA[CUSTOM_BLA_I_BOKA]]></wp:meta_value>
            </wp:postmeta>
            <wp:postmeta>
                <wp:meta_key>_lsb_look_inside</wp:meta_key>
                <wp:meta_value><![CDATA[lsb_acf_look_inside]]></wp:meta_value>
            </wp:postmeta>
            <category domain="lsb_tax_age" nicename="voksne"><![CDATA[voksne]]></category>
            <category domain="lsb_tax_genre" nicename="prosa"><![CDATA[prosa]]></category>
            <category domain="lsb_tax_topic" nicename="kjærlighet"><![CDATA[kjærlighet]]></category>
            <category domain="lsb_tax_language" nicename="no_nb"><![CDATA[bokmål]]></category>
            <category domain="lsb_tax_customization" nicename="skjønnlitteratur"><![CDATA[skjønnlitteratur]]></category>
            <category domain="lsb_tax_customization" nicename="bilder"><![CDATA[bilder]]></category>
            <category domain="lsb_tax_customization" nicename="mange-bilder"><![CDATA[mange bilder]]></category>
            <wp:postmeta>
                <wp:meta_key>_thumbnail_id</wp:meta_key>
                <wp:meta_value><![CDATA[5691]]></wp:meta_value>
            </wp:postmeta>
        </item>
        <item>
            <title>Blå er den varmeste fargen.JPG</title>
            <wp:post_id>5691</wp:post_id>
            <wp:status>inherit</wp:status>
            <wp:post_type>attachment</wp:post_type>
            <wp:attachment_url>https://raw.githubusercontent.com/lesersokerbok/boksok.no-data-utils/master/output-example/images/70366E4147964671B9A20D4365D81112.JPG</wp:attachment_url>
        </item>
        <item>
            <wp:post_type>lsb_book</wp:post_type>
            <wp:status>publish</wp:status>
            <title>Goliat</title>
            <excerpt:encoded><![CDATA[Her får vi lese historia om David og Goliat   fortald frå perspektivet til kjempa. ]]></excerpt:encoded>
            <wp:postmeta>
                <wp:meta_key>lsb_isbn</wp:meta_key>
                <wp:meta_value><![CDATA[9788292796221]]></wp:meta_value>
            </wp:postmeta>
            <wp:postmeta>
                <wp:meta_key>_lsb_isbn</wp:meta_key>
                <wp:meta_value><![CDATA[lsb_acf_isbn]]></wp:meta_value>
            </wp:postmeta>
            <wp:postmeta>
                <wp:meta_key>lsb_published_year</wp:meta_key>
                <wp:meta_value><![CDATA[2013]]></wp:meta_value>
            </wp:postmeta>
            <wp:postmeta>
                <wp:meta_key>_lsb_published_year</wp:meta_key>
                <wp:meta_value><![CDATA[lsb_acf_published_year]]></wp:meta_value>
            </wp:postmeta>
            <wp:postmeta>
                <wp:meta_key>lsb_pages</wp:meta_key>
                <wp:meta_value><![CDATA[upag]]></wp:meta_value>
            </wp:postmeta>
            <wp:postmeta>
                <wp:meta_key>_lsb_pages</wp:meta_key>
                <wp:meta_value><![CDATA[lsb_acf_pages]]></wp:meta_value>
            </wp:postmeta>
            <wp:postmeta>
                <wp:meta_key>lsb_review</wp:meta_key>
                <wp:meta_value><![CDATA[  <div>I denne teikneseria er Goliat </div>  <div>ingen stor krigar. </div>  <div>Han føretrekk å ­arbeide med papyrus</div>  <div>og han hatar å slåst. </div>  <div>Men han ser&#160;flott&#160;ut i rustning. </div>  <div>Saman med skjoldberaren på </div>  <div>ni år beordres han ut. </div>  <div>To gonger&#160;dagleg &#160;</div>  <div>roper han&#160;mot&#160;israelittane: </div>  <div>«Vel ut ein mann og send han ned til meg! </div>  <div>Kan han kjempa med meg </div>  <div>og fella meg, skal vi vera slavane dykkar. </div>  <div>Men vinn eg over han og feller han, </div>  <div>skal de vera våre slavar og tena oss.» </div>  <div>&#160;</div>  <div>Teikneserien har lite tekst. </div>  <div>Bilda er enkle, og samstundes </div>  <div>rik på nyansar og uttrykk. </div>  <div><strong>Goliat</strong> er nominert til <strong>Eisner-prisen</strong></div>  <div>for beste teikneserieroman utgitt i 2012.</div>  <div>&#160;</div>  <div><strong>Tom Gauld</strong> (f. 1976) </div>  <div>voks opp i Skottland. </div>  <div>Han har utgitt fleire teikneseriar </div>  <div>og&#160;teiknar ei stripe i den britiske avisa </div>  <div><strong>The Guardian</strong> kvar veke.</div>  ]]></wp:meta_value>
            </wp:postmeta>
            <wp:postmeta>
                <wp:meta_key>_lsb_review</wp:meta_key>
                <wp:meta_value><![CDATA[lsb_acf_review]]></wp:meta_value>
            </wp:postmeta>
            <wp:postmeta>
                <wp:meta_key>lsb_quote</wp:meta_key>
                <wp:meta_value><![CDATA[KJEM DET TIL   Å KOMME NOKON   FOR Å SLÅST MED  DEG NÅ?   "HÅPAR   IKKJE DET."   "EG HAR EIN   DOLK. EG KAN   HJELPE DEG."   "TAKK."   "OK, EG TRUR VI   KAN GÅ TIL-  BAKE NÅ."   "INGEN KOM."   "NEI." ]]></wp:meta_value>
            </wp:postmeta>
            <wp:postmeta>
                <wp:meta_key>_lsb_quote</wp:meta_key>
                <wp:meta_value><![CDATA[lsb_acf_quote]]></wp:meta_value>
            </wp:postmeta>
            <wp:postmeta>
                <wp:meta_key>lsb_supported</wp:meta_key>
                <wp:meta_value><![CDATA[0]]></wp:meta_value>
            </wp:postmeta>
            <wp:postmeta>
                <wp:meta_key>_lsb_supported</wp:meta_key>
                <wp:meta_value><![CDATA[lsb_acf_supported]]></wp:meta_value>
            </wp:postmeta>
            <category domain="lsb_tax_author" nicename="tom-gauld"><![CDATA[Tom Gauld]]></category>
            <category domain="lsb_tax_publisher" nicename="minuskel"><![CDATA[Minuskel]]></category>
            <category domain="lsb_tax_translator" nicename="margunn-vikingstad"><![CDATA[Margunn Vikingstad]]></category>
            <wp:postmeta>
                <wp:meta_key>lsb_look_inside</wp:meta_key>
                <wp:meta_value><![CDATA[CUSTOM_BLA_I_BOKA]]></wp:meta_value>
            </wp:postmeta>
            <wp:postmeta>
                <wp:meta_key>_lsb_look_inside</wp:meta_key>
                <wp:meta_value><![CDATA[lsb_acf_look_inside]]></wp:meta_value>
            </wp:postmeta>
            <category domain="lsb_tax_age" nicename="voksne"><![CDATA[voksne]]></category>
            <category domain="lsb_tax_language" nicename="no_nn"><![CDATA[nynorsk]]></category>
            <category domain="lsb_tax_customization" nicename="bilder"><![CDATA[bilder]]></category>
            <category domain="lsb_tax_customization" nicename="mange-bilder"><![CDATA[mange bilder]]></category>
            <wp:postmeta>
                <wp:meta_key>_thumbnail_id</wp:meta_key>
                <wp:meta_value><![CDATA[5692]]></wp:meta_value>
            </wp:postmeta>
        </item>
        <item>
            <title>Goliat.jpg</title>
            <wp:post_id>5692</wp:post_id>
            <wp:status>inherit</wp:status>
            <wp:post_type>attachment</wp:post_type>
            <wp:attachment_url>https://raw.githubusercontent.com/lesersokerbok/boksok.no-data-utils/master/output-example/images/DDD28CD4DF8D4D41A40A78206AE67906.jpg</wp:attachment_url>
        </item>
        <item>
            <wp:post_type>lsb_book</wp:post_type>
            <wp:status>publish</wp:status>
            <title>Aya fra Yopougon - sesong 2</title>
            <excerpt:encoded><![CDATA[I denne tegneserien får vi vite mer   om Aya og vennene hennes. ]]></excerpt:encoded>
            <wp:postmeta>
                <wp:meta_key>lsb_isbn</wp:meta_key>
                <wp:meta_value><![CDATA[9788292796238]]></wp:meta_value>
            </wp:postmeta>
            <wp:postmeta>
                <wp:meta_key>_lsb_isbn</wp:meta_key>
                <wp:meta_value><![CDATA[lsb_acf_isbn]]></wp:meta_value>
            </wp:postmeta>
            <wp:postmeta>
                <wp:meta_key>lsb_published_year</wp:meta_key>
                <wp:meta_value><![CDATA[2013]]></wp:meta_value>
            </wp:postmeta>
            <wp:postmeta>
                <wp:meta_key>_lsb_published_year</wp:meta_key>
                <wp:meta_value><![CDATA[lsb_acf_published_year]]></wp:meta_value>
            </wp:postmeta>
            <wp:postmeta>
                <wp:meta_key>lsb_pages</wp:meta_key>
                <wp:meta_value><![CDATA[325]]></wp:meta_value>
            </wp:postmeta>
            <wp:postmeta>
                <wp:meta_key>_lsb_pages</wp:meta_key>
                <wp:meta_value><![CDATA[lsb_acf_pages]]></wp:meta_value>
            </wp:postmeta>
            <wp:postmeta>
                <wp:meta_key>lsb_review</wp:meta_key>
                <wp:meta_value><![CDATA[  <div>Aya har begynt på universitetet</div>  <div>der livet er tøffere enn hun hadde trodd. </div>  <div>Innocent reiser til Paris, </div>  <div>men livet der er ikke så lett </div>  <div>som han trodde. </div>  <div>Moussa har stukket av med </div>  <div>farens penger, og Mamadou </div>  <div>prøver å vinne Adjoua tilbake. </div>  <div>&#160;</div>  <div>I <strong>Sensong 2</strong> får vi resten av historien </div>  <div>om Aya fra Elfenbenskysten</div>  <div>og vennene hennes. </div>  <div>Samlingen er basert på bind </div>  <div>4, 5 og 6 i serien og avslutter historien. </div>  <div>Tegningene er tydelige </div>  <div>og teksten ganske lett å lese. </div>  <div>Bakerst i boka finnes </div>  <div>en oversikt over personene i boka </div>  <div>og hvordan de er i slekt. </div>  <div>&#160;</div>  <div>  <div>Forfatteren <strong>Marguerite Abouet</strong> er født </div>  <div>i Elfenbenskysten. Hun flyttet til Paris </div>  <div>da hun var 16 år, og har bodd der siden. </div>  <div>Hun har skrevet flere bøker, men </div>  <div><strong>Aya fra Yopougon</strong> er hennes </div>  <div>første tegnede roman. </div>  <div>Sammen med illustratøren </div>  <div><strong>Clément Oubereie</strong> </div>  <div>vant hun prisen for beste debutant </div>  <div>ved den internasjonale </div>  <div>tegneseriefestivalen </div>  <div>i Angoulème i 2006.</div></div>  <div>&#160;</div>  ]]></wp:meta_value>
            </wp:postmeta>
            <wp:postmeta>
                <wp:meta_key>_lsb_review</wp:meta_key>
                <wp:meta_value><![CDATA[lsb_acf_review]]></wp:meta_value>
            </wp:postmeta>
            <wp:postmeta>
                <wp:meta_key>lsb_quote</wp:meta_key>
                <wp:meta_value><![CDATA[- Hva var det som fikk deg til endelig    å takke ja til å spise middag, Aya?   - Jeg begynner å kjenne deg.   - Jeg er overrasket over at    faren din lot deg gå ut.   - Ja, jeg tror    han liker deg.   - Jeg er smigret.   - Til tross for sitt gretne    ]]></wp:meta_value>
            </wp:postmeta>
            <wp:postmeta>
                <wp:meta_key>_lsb_quote</wp:meta_key>
                <wp:meta_value><![CDATA[lsb_acf_quote]]></wp:meta_value>
            </wp:postmeta>
            <wp:postmeta>
                <wp:meta_key>lsb_supported</wp:meta_key>
                <wp:meta_value><![CDATA[0]]></wp:meta_value>
            </wp:postmeta>
            <wp:postmeta>
                <wp:meta_key>_lsb_supported</wp:meta_key>
                <wp:meta_value><![CDATA[lsb_acf_supported]]></wp:meta_value>
            </wp:postmeta>
            <category domain="lsb_tax_author" nicename="marguerite-abouet-"><![CDATA[Marguerite Abouet ]]></category>
            <category domain="lsb_tax_publisher" nicename="minuskel-"><![CDATA[Minuskel ]]></category>
            <category domain="lsb_tax_illustrator" nicename="clément-oubrerie-"><![CDATA[Clément Oubrerie ]]></category>
            <category domain="lsb_tax_translator" nicename="alexsander-leborg-"><![CDATA[Alexsander Leborg ]]></category>
            <wp:postmeta>
                <wp:meta_key>lsb_look_inside</wp:meta_key>
                <wp:meta_value><![CDATA[CUSTOM_BLA_I_BOKA]]></wp:meta_value>
            </wp:postmeta>
            <wp:postmeta>
                <wp:meta_key>_lsb_look_inside</wp:meta_key>
                <wp:meta_value><![CDATA[lsb_acf_look_inside]]></wp:meta_value>
            </wp:postmeta>
            <category domain="lsb_tax_age" nicename="voksne"><![CDATA[voksne]]></category>
            <category domain="lsb_tax_language" nicename="no_nb"><![CDATA[bokmål]]></category>
            <category domain="lsb_tax_customization" nicename="skjønnlitteratur"><![CDATA[skjønnlitteratur]]></category>
            <category domain="lsb_tax_customization" nicename="bilder"><![CDATA[bilder]]></category>
            <category domain="lsb_tax_customization" nicename="mange-bilder"><![CDATA[mange bilder]]></category>
            <wp:postmeta>
                <wp:meta_key>_thumbnail_id</wp:meta_key>
                <wp:meta_value><![CDATA[5693]]></wp:meta_value>
            </wp:postmeta>
        </item>
        <item>
            <title>Aya - sesong 2.png</title>
            <wp:post_id>5693</wp:post_id>
            <wp:status>inherit</wp:status>
            <wp:post_type>attachment</wp:post_type>
            <wp:attachment_url>https://raw.githubusercontent.com/lesersokerbok/boksok.no-data-utils/master/output-example/images/065075DF7D554F228FB4C7BD6F673086.png</wp:attachment_url>
        </item>
        <item>
            <wp:post_type>lsb_book</wp:post_type>
            <wp:status>publish</wp:status>
            <title>Smart mamma</title>
            <excerpt:encoded><![CDATA[En bok om trening, kosthold og livsstil under og etter svangerskap.]]></excerpt:encoded>
            <wp:postmeta>
                <wp:meta_key>lsb_isbn</wp:meta_key>
                <wp:meta_value><![CDATA[9788251681438]]></wp:meta_value>
            </wp:postmeta>
            <wp:postmeta>
                <wp:meta_key>_lsb_isbn</wp:meta_key>
                <wp:meta_value><![CDATA[lsb_acf_isbn]]></wp:meta_value>
            </wp:postmeta>
            <wp:postmeta>
                <wp:meta_key>lsb_published_year</wp:meta_key>
                <wp:meta_value><![CDATA[2014]]></wp:meta_value>
            </wp:postmeta>
            <wp:postmeta>
                <wp:meta_key>_lsb_published_year</wp:meta_key>
                <wp:meta_value><![CDATA[lsb_acf_published_year]]></wp:meta_value>
            </wp:postmeta>
            <wp:postmeta>
                <wp:meta_key>lsb_pages</wp:meta_key>
                <wp:meta_value><![CDATA[259]]></wp:meta_value>
            </wp:postmeta>
            <wp:postmeta>
                <wp:meta_key>_lsb_pages</wp:meta_key>
                <wp:meta_value><![CDATA[lsb_acf_pages]]></wp:meta_value>
            </wp:postmeta>
            <wp:postmeta>
                <wp:meta_key>lsb_review</wp:meta_key>
                <wp:meta_value><![CDATA[  <div>Målet med denne boka er å veilede </div>  <div>deg som gravid og nybakt mamma.</div>  <div>Her får du verktøyene du trenger </div>  <div>for å ta smarte og sunne valg. &#160;</div>  <div>&#160;</div>  <div>Første del av boka består&#160;</div>  <div>av ulike treningsprogram </div>  <div>for alle tre trimestrene: </div>  <div>Programmene tar for seg </div>  <div>teknikk, tøying og styrke. </div>  <div>Siste del av boka inneholder </div>  <div>treningsøvelser og program </div>  <div>for hele kroppen i og etter barseltida.</div>  <div>&#160;</div>  <div>Dette er en klok bok som gir deg svar </div>  <div>på alle spørsmål du måtte ha om trening<br />  når du er gravid. </div>  <div>I tillegg får du smarte tips til kosthold, </div>  <div>og enkle, fristende oppskrifter.</div>  <div>&#160;</div>  <div>Helle Bornstein er utdannet </div>  <div>fra Norges Idrettshøgskole. <br />  I 2009 startet hun treningsstudioet <br />  Smart Trening, hvor de arbeider med </div>  <div>trening, kosthold og livsstil. &#160;</div>  ]]></wp:meta_value>
            </wp:postmeta>
            <wp:postmeta>
                <wp:meta_key>_lsb_review</wp:meta_key>
                <wp:meta_value><![CDATA[lsb_acf_review]]></wp:meta_value>
            </wp:postmeta>
            <wp:postmeta>
                <wp:meta_key>lsb_quote</wp:meta_key>
                <wp:meta_value><![CDATA[Kroppen går gjennom en stor fysisk endring i løpet av de ni månedene du er gravid. Kroppsfasongen endres, belastningen på ledd og sener forandres, og i tillegg blir leddene mer bevegelige. Ved å trene styrke vil du kunne forebygge plager og redusere vondter. Ved å vedlikeholde og øke muskelstyrken vil kroppen din tåle den ekstra belastningen bedre.]]></wp:meta_value>
            </wp:postmeta>
            <wp:postmeta>
                <wp:meta_key>_lsb_quote</wp:meta_key>
                <wp:meta_value><![CDATA[lsb_acf_quote]]></wp:meta_value>
            </wp:postmeta>
            <wp:postmeta>
                <wp:meta_key>lsb_supported</wp:meta_key>
                <wp:meta_value><![CDATA[0]]></wp:meta_value>
            </wp:postmeta>
            <wp:postmeta>
                <wp:meta_key>_lsb_supported</wp:meta_key>
                <wp:meta_value><![CDATA[lsb_acf_supported]]></wp:meta_value>
            </wp:postmeta>
            <category domain="lsb_tax_author" nicename="helle-bornstein"><![CDATA[Helle Bornstein]]></category>
            <category domain="lsb_tax_publisher" nicename="schibsted"><![CDATA[Schibsted]]></category>
            <wp:postmeta>
                <wp:meta_key>lsb_look_inside</wp:meta_key>
                <wp:meta_value><![CDATA[CUSTOM_BLA_I_BOKA]]></wp:meta_value>
            </wp:postmeta>
            <wp:postmeta>
                <wp:meta_key>_lsb_look_inside</wp:meta_key>
                <wp:meta_value><![CDATA[lsb_acf_look_inside]]></wp:meta_value>
            </wp:postmeta>
            <category domain="lsb_tax_age" nicename="voksne"><![CDATA[voksne]]></category>
            <category domain="lsb_tax_genre" nicename="faglitteratur"><![CDATA[faglitteratur]]></category>
            <category domain="lsb_tax_topic" nicename="sport"><![CDATA[sport]]></category>
            <category domain="lsb_tax_language" nicename="no_nb"><![CDATA[bokmål]]></category>
            <category domain="lsb_tax_customization" nicename="faglitteratur"><![CDATA[faglitteratur]]></category>
            <category domain="lsb_tax_customization" nicename="mange-bilder"><![CDATA[mange bilder]]></category>
            <wp:postmeta>
                <wp:meta_key>_thumbnail_id</wp:meta_key>
                <wp:meta_value><![CDATA[5694]]></wp:meta_value>
            </wp:postmeta>
        </item>
        <item>
            <title>Smart_mamma_ho.jpg</title>
            <wp:post_id>5694</wp:post_id>
            <wp:status>inherit</wp:status>
            <wp:post_type>attachment</wp:post_type>
            <wp:attachment_url>https://raw.githubusercontent.com/lesersokerbok/boksok.no-data-utils/master/output-example/images/0C5BBD22353847DE888B329C1B6A7307.jpg</wp:attachment_url>
        </item>
        <item>
            <wp:post_type>lsb_book</wp:post_type>
            <wp:status>publish</wp:status>
            <title>Ut på tur</title>
            <excerpt:encoded><![CDATA[Ei bok om hvordan det egentlig er  å være ute på tur.]]></excerpt:encoded>
            <wp:postmeta>
                <wp:meta_key>lsb_isbn</wp:meta_key>
                <wp:meta_value><![CDATA[9788279591924]]></wp:meta_value>
            </wp:postmeta>
            <wp:postmeta>
                <wp:meta_key>_lsb_isbn</wp:meta_key>
                <wp:meta_value><![CDATA[lsb_acf_isbn]]></wp:meta_value>
            </wp:postmeta>
            <wp:postmeta>
                <wp:meta_key>lsb_published_year</wp:meta_key>
                <wp:meta_value><![CDATA[2013]]></wp:meta_value>
            </wp:postmeta>
            <wp:postmeta>
                <wp:meta_key>_lsb_published_year</wp:meta_key>
                <wp:meta_value><![CDATA[lsb_acf_published_year]]></wp:meta_value>
            </wp:postmeta>
            <wp:postmeta>
                <wp:meta_key>lsb_pages</wp:meta_key>
                <wp:meta_value><![CDATA[96]]></wp:meta_value>
            </wp:postmeta>
            <wp:postmeta>
                <wp:meta_key>_lsb_pages</wp:meta_key>
                <wp:meta_value><![CDATA[lsb_acf_pages]]></wp:meta_value>
            </wp:postmeta>
            <wp:postmeta>
                <wp:meta_key>lsb_review</wp:meta_key>
                <wp:meta_value><![CDATA[  <div>Nordmenn flest går på tur.</div>  <div>Lange turer på fjellet.</div>  <div>Korte turer til hytta.</div>  <div>Mye trasking alene</div>  <div>til øde steder uten innlagt vann.</div>  <div>&#160;</div>  <div>I bilde og tekst</div>  <div>formidler denne vesle boka</div>  <div>den <strong>egentlige</strong> opplevelsen </div>  <div>av å gå tur i Norge.</div>  <div>Her er det mulig å kjenne seg igjen</div>  <div>eller møte seg selv i døra.</div>  <div>Og husk: Nå må dere ikke gå så langt</div>  <div>at dere går glipp av påskekrimmen!</div>  <div>&#160;</div>  <div>Kristian Finborud (født 1964)</div>  <div>er kunstner og bor på Voss.</div>  <div>Han har tidligere skrevet </div>  <div>to bøker om de rare folka </div>  <div>som kalles nordmenn. &#160;</div>  <div>&#160;</div>  ]]></wp:meta_value>
            </wp:postmeta>
            <wp:postmeta>
                <wp:meta_key>_lsb_review</wp:meta_key>
                <wp:meta_value><![CDATA[lsb_acf_review]]></wp:meta_value>
            </wp:postmeta>
            <wp:postmeta>
                <wp:meta_key>lsb_quote</wp:meta_key>
                <wp:meta_value><![CDATA[TYPISK NORSK  Det å sitte på en liten hytte i fjellet uten strøm og vann  og prøve å bli venner igjen.]]></wp:meta_value>
            </wp:postmeta>
            <wp:postmeta>
                <wp:meta_key>_lsb_quote</wp:meta_key>
                <wp:meta_value><![CDATA[lsb_acf_quote]]></wp:meta_value>
            </wp:postmeta>
            <wp:postmeta>
                <wp:meta_key>lsb_supported</wp:meta_key>
                <wp:meta_value><![CDATA[0]]></wp:meta_value>
            </wp:postmeta>
            <wp:postmeta>
                <wp:meta_key>_lsb_supported</wp:meta_key>
                <wp:meta_value><![CDATA[lsb_acf_supported]]></wp:meta_value>
            </wp:postmeta>
            <category domain="lsb_tax_author" nicename="kristian-finborud"><![CDATA[Kristian Finborud]]></category>
            <category domain="lsb_tax_publisher" nicename="skald"><![CDATA[Skald]]></category>
            <wp:postmeta>
                <wp:meta_key>lsb_look_inside</wp:meta_key>
                <wp:meta_value><![CDATA[CUSTOM_BLA_I_BOKA]]></wp:meta_value>
            </wp:postmeta>
            <wp:postmeta>
                <wp:meta_key>_lsb_look_inside</wp:meta_key>
                <wp:meta_value><![CDATA[lsb_acf_look_inside]]></wp:meta_value>
            </wp:postmeta>
            <category domain="lsb_tax_age" nicename="voksne"><![CDATA[voksne]]></category>
            <category domain="lsb_tax_genre" nicename="prosa"><![CDATA[prosa]]></category>
            <category domain="lsb_tax_topic" nicename="humor"><![CDATA[humor]]></category>
            <category domain="lsb_tax_language" nicename="no_nb"><![CDATA[bokmål]]></category>
            <category domain="lsb_tax_customization" nicename="skjønnlitteratur"><![CDATA[skjønnlitteratur]]></category>
            <category domain="lsb_tax_customization" nicename="mange-bilder"><![CDATA[mange bilder]]></category>
            <wp:postmeta>
                <wp:meta_key>_thumbnail_id</wp:meta_key>
                <wp:meta_value><![CDATA[5695]]></wp:meta_value>
            </wp:postmeta>
        </item>
        <item>
            <title>ut på tur.jpg</title>
            <wp:post_id>5695</wp:post_id>
            <wp:status>inherit</wp:status>
            <wp:post_type>attachment</wp:post_type>
            <wp:attachment_url>https://raw.githubusercontent.com/lesersokerbok/boksok.no-data-utils/master/output-example/images/E5B6D5A829D64C9D9F5896F80963AC2C.jpg</wp:attachment_url>
        </item>
        <item>
            <wp:post_type>lsb_book</wp:post_type>
            <wp:status>publish</wp:status>
            <title>Statsminister-boka</title>
            <excerpt:encoded><![CDATA[Ei bok for heile folket  også for statsministeren.]]></excerpt:encoded>
            <wp:postmeta>
                <wp:meta_key>lsb_isbn</wp:meta_key>
                <wp:meta_value><![CDATA[9788252185195]]></wp:meta_value>
            </wp:postmeta>
            <wp:postmeta>
                <wp:meta_key>_lsb_isbn</wp:meta_key>
                <wp:meta_value><![CDATA[lsb_acf_isbn]]></wp:meta_value>
            </wp:postmeta>
            <wp:postmeta>
                <wp:meta_key>lsb_published_year</wp:meta_key>
                <wp:meta_value><![CDATA[2014]]></wp:meta_value>
            </wp:postmeta>
            <wp:postmeta>
                <wp:meta_key>_lsb_published_year</wp:meta_key>
                <wp:meta_value><![CDATA[lsb_acf_published_year]]></wp:meta_value>
            </wp:postmeta>
            <wp:postmeta>
                <wp:meta_key>lsb_pages</wp:meta_key>
                <wp:meta_value><![CDATA[47]]></wp:meta_value>
            </wp:postmeta>
            <wp:postmeta>
                <wp:meta_key>_lsb_pages</wp:meta_key>
                <wp:meta_value><![CDATA[lsb_acf_pages]]></wp:meta_value>
            </wp:postmeta>
            <wp:postmeta>
                <wp:meta_key>lsb_review</wp:meta_key>
                <wp:meta_value><![CDATA[  <div>  <div>Møt statsministeren, heilt privat.</div>  <div>Han likar å styre landet,</div>  <div>han likar å vere sint,</div>  <div>men han likar også å drøyme seg bort</div>  <div>med blåklokkene.</div>  <div>&#160;</div>  <div>Vår naive statsminister</div>  <div>liknar litt på deg og meg.</div>  <div>&#160;</div>  <div>Boka er skriven for 45 år sidan,</div>  <div>og var då tenkt for barn.</div>  <div>Det tok si tid å få ho ut,</div>  <div>og på den tida har barna blitt vaksne.</div>  <div>Boka passar difor for alle,</div>  <div>særleg fordi ein sjølv kan sjå for seg</div>  <div>korleis bileta skulle sett ut.</div>  <div>&#160;</div>  <div>Om du likar teikneseria&#160;<strong>Kongen din</strong>,</div>  <div>passar denne artige diktsamlinga godt.</div>  <div>&#160;</div>  <div><strong>Einar Økland </strong>(født 1940)</div>  <div>er ein norsk forfattar </div>  <div>med ein stor produksjon bak seg.</div>  <div>Han har gitt ut nestan 80 bøker </div>  <div>av ulike slag, og vunne fleire&#160;</div>  <div>viktige priser for arbeidet sitt.&#160;</div></div>  ]]></wp:meta_value>
            </wp:postmeta>
            <wp:postmeta>
                <wp:meta_key>_lsb_review</wp:meta_key>
                <wp:meta_value><![CDATA[lsb_acf_review]]></wp:meta_value>
            </wp:postmeta>
            <wp:postmeta>
                <wp:meta_key>lsb_quote</wp:meta_key>
                <wp:meta_value><![CDATA[STATSMINISTEREN HAR EIN UVANE  Statsministeren   som er så flink  til å hugse på nistepakken  og styre det store stortinget  og til å sløkkje lyset  på badet                har ein uvane:    Han går i eplehagen  og rister på alle trea  så alle epla fell ned.]]></wp:meta_value>
            </wp:postmeta>
            <wp:postmeta>
                <wp:meta_key>_lsb_quote</wp:meta_key>
                <wp:meta_value><![CDATA[lsb_acf_quote]]></wp:meta_value>
            </wp:postmeta>
            <wp:postmeta>
                <wp:meta_key>lsb_supported</wp:meta_key>
                <wp:meta_value><![CDATA[1]]></wp:meta_value>
            </wp:postmeta>
            <wp:postmeta>
                <wp:meta_key>_lsb_supported</wp:meta_key>
                <wp:meta_value><![CDATA[lsb_acf_supported]]></wp:meta_value>
            </wp:postmeta>
            <wp:postmeta>
                <wp:meta_key>lsb_support_cat</wp:meta_key>
                <wp:meta_value><![CDATA[purple]]></wp:meta_value>
            </wp:postmeta>
            <wp:postmeta>
                <wp:meta_key>_lsb_support_cat</wp:meta_key>
                <wp:meta_value><![CDATA[lsb_acf_support_cat]]></wp:meta_value>
            </wp:postmeta>
            <category domain="lsb_tax_author" nicename="einar-økland"><![CDATA[Einar Økland]]></category>
            <category domain="lsb_tax_publisher" nicename="samlaget"><![CDATA[Samlaget]]></category>
            <wp:postmeta>
                <wp:meta_key>lsb_look_inside</wp:meta_key>
                <wp:meta_value><![CDATA[CUSTOM_BLA_I_BOKA]]></wp:meta_value>
            </wp:postmeta>
            <wp:postmeta>
                <wp:meta_key>_lsb_look_inside</wp:meta_key>
                <wp:meta_value><![CDATA[lsb_acf_look_inside]]></wp:meta_value>
            </wp:postmeta>
            <category domain="lsb_tax_age" nicename="ungdom"><![CDATA[ungdom]]></category>
            <category domain="lsb_tax_age" nicename="voksne"><![CDATA[voksne]]></category>
            <category domain="lsb_tax_age" nicename="barn"><![CDATA[barn]]></category>
            <category domain="lsb_tax_genre" nicename="dikt"><![CDATA[dikt]]></category>
            <category domain="lsb_tax_topic" nicename="humor"><![CDATA[humor]]></category>
            <category domain="lsb_tax_language" nicename="no_nn"><![CDATA[nynorsk]]></category>
            <category domain="lsb_tax_customization" nicename="skjønnlitteratur"><![CDATA[skjønnlitteratur]]></category>
            <wp:postmeta>
                <wp:meta_key>_thumbnail_id</wp:meta_key>
                <wp:meta_value><![CDATA[5696]]></wp:meta_value>
            </wp:postmeta>
        </item>
        <item>
            <title>STATSMINISTER-BOKA.jpg</title>
            <wp:post_id>5696</wp:post_id>
            <wp:status>inherit</wp:status>
            <wp:post_type>attachment</wp:post_type>
            <wp:attachment_url>https://raw.githubusercontent.com/lesersokerbok/boksok.no-data-utils/master/output-example/images/F426DEDD3215400394872FC00E600C8C.jpg</wp:attachment_url>
        </item>
        <item>
            <wp:post_type>lsb_book</wp:post_type>
            <wp:status>publish</wp:status>
            <title>Heimekontor i gravferda</title>
            <excerpt:encoded><![CDATA[Ingen vil ta ut av oppvaskmaskina.  Det er gjennomført dårleg stemning.]]></excerpt:encoded>
            <wp:postmeta>
                <wp:meta_key>lsb_isbn</wp:meta_key>
                <wp:meta_value><![CDATA[9788252184730]]></wp:meta_value>
            </wp:postmeta>
            <wp:postmeta>
                <wp:meta_key>_lsb_isbn</wp:meta_key>
                <wp:meta_value><![CDATA[lsb_acf_isbn]]></wp:meta_value>
            </wp:postmeta>
            <wp:postmeta>
                <wp:meta_key>lsb_published_year</wp:meta_key>
                <wp:meta_value><![CDATA[2014]]></wp:meta_value>
            </wp:postmeta>
            <wp:postmeta>
                <wp:meta_key>_lsb_published_year</wp:meta_key>
                <wp:meta_value><![CDATA[lsb_acf_published_year]]></wp:meta_value>
            </wp:postmeta>
            <wp:postmeta>
                <wp:meta_key>lsb_pages</wp:meta_key>
                <wp:meta_value><![CDATA[125]]></wp:meta_value>
            </wp:postmeta>
            <wp:postmeta>
                <wp:meta_key>_lsb_pages</wp:meta_key>
                <wp:meta_value><![CDATA[lsb_acf_pages]]></wp:meta_value>
            </wp:postmeta>
            <wp:postmeta>
                <wp:meta_key>lsb_review</wp:meta_key>
                <wp:meta_value><![CDATA[  <div>Det er ikkje lenger noko som funker.</div>  <div>Rørleggaren fortener bank.</div>  <div>Hells Angels vil ikkje komma på besøk. </div>  <div>Oslo held seg stadig på same stad i landet,</div>  <div>alt for langt vekke frå forfattaren.&#160;</div>  <div>Det må jobbast natt og dag,</div>  <div>til og med i gravferda.</div>  <div>&#160;</div>  <div>Dette er ei mørk og bitter,</div>  <div>humoristisk forteljing i diktform.</div>  <div>Kvart dikt har korte avsnitt </div>  <div>og enkelt og godt språk. <br />  Dikta er illustrerte med bilete </div>  <div>av morske folk i pentøy.&#160;</div>  <div>&#160;</div>  <div>Jon Hjørnevik debuterte i 2001</div>  <div>med <strong>I ein sofa frå Korea</strong>.<br />  Fleire av bøkene hans er anbefalt&#160;</div>  <div>i Boksøk.&#160;</div>  <div><br />  </div>  ]]></wp:meta_value>
            </wp:postmeta>
            <wp:postmeta>
                <wp:meta_key>_lsb_review</wp:meta_key>
                <wp:meta_value><![CDATA[lsb_acf_review]]></wp:meta_value>
            </wp:postmeta>
            <wp:postmeta>
                <wp:meta_key>lsb_quote</wp:meta_key>
                <wp:meta_value><![CDATA[Eg hatar frukost på senga  men kona mi elsker slikt.  Eg hater det som pesten,  er det løye eg skriv dikt.]]></wp:meta_value>
            </wp:postmeta>
            <wp:postmeta>
                <wp:meta_key>_lsb_quote</wp:meta_key>
                <wp:meta_value><![CDATA[lsb_acf_quote]]></wp:meta_value>
            </wp:postmeta>
            <wp:postmeta>
                <wp:meta_key>lsb_supported</wp:meta_key>
                <wp:meta_value><![CDATA[0]]></wp:meta_value>
            </wp:postmeta>
            <wp:postmeta>
                <wp:meta_key>_lsb_supported</wp:meta_key>
                <wp:meta_value><![CDATA[lsb_acf_supported]]></wp:meta_value>
            </wp:postmeta>
            <category domain="lsb_tax_author" nicename="jon-hjørnevik"><![CDATA[Jon Hjørnevik]]></category>
            <category domain="lsb_tax_publisher" nicename="samlaget"><![CDATA[Samlaget]]></category>
            <wp:postmeta>
                <wp:meta_key>lsb_look_inside</wp:meta_key>
                <wp:meta_value><![CDATA[CUSTOM_BLA_I_BOKA]]></wp:meta_value>
            </wp:postmeta>
            <wp:postmeta>
                <wp:meta_key>_lsb_look_inside</wp:meta_key>
                <wp:meta_value><![CDATA[lsb_acf_look_inside]]></wp:meta_value>
            </wp:postmeta>
            <category domain="lsb_tax_age" nicename="ungdom"><![CDATA[ungdom]]></category>
            <category domain="lsb_tax_age" nicename="voksne"><![CDATA[voksne]]></category>
            <category domain="lsb_tax_genre" nicename="dikt"><![CDATA[dikt]]></category>
            <category domain="lsb_tax_topic" nicename="humor"><![CDATA[humor]]></category>
            <category domain="lsb_tax_language" nicename="no_nn"><![CDATA[nynorsk]]></category>
            <category domain="lsb_tax_customization" nicename="skjønnlitteratur"><![CDATA[skjønnlitteratur]]></category>
            <wp:postmeta>
                <wp:meta_key>_thumbnail_id</wp:meta_key>
                <wp:meta_value><![CDATA[5697]]></wp:meta_value>
            </wp:postmeta>
        </item>
        <item>
            <title>HEIMEKONTOR I GRAVFERDA.jpg</title>
            <wp:post_id>5697</wp:post_id>
            <wp:status>inherit</wp:status>
            <wp:post_type>attachment</wp:post_type>
            <wp:attachment_url>https://raw.githubusercontent.com/lesersokerbok/boksok.no-data-utils/master/output-example/images/429DADE5B3844CE189C4D0067BFF3B66.jpg</wp:attachment_url>
        </item>
        <item>
            <wp:post_type>lsb_book</wp:post_type>
            <wp:status>publish</wp:status>
            <title>Rocking Tattoos</title>
            <excerpt:encoded><![CDATA[Tatoveringer har alltid vært en viktig del rock'n'roll-stilen.   I denne boka får du se mange gode eksempler på rocka tatoveringer. ]]></excerpt:encoded>
            <wp:postmeta>
                <wp:meta_key>lsb_isbn</wp:meta_key>
                <wp:meta_value><![CDATA[9788293053132]]></wp:meta_value>
            </wp:postmeta>
            <wp:postmeta>
                <wp:meta_key>_lsb_isbn</wp:meta_key>
                <wp:meta_value><![CDATA[lsb_acf_isbn]]></wp:meta_value>
            </wp:postmeta>
            <wp:postmeta>
                <wp:meta_key>lsb_published_year</wp:meta_key>
                <wp:meta_value><![CDATA[2013]]></wp:meta_value>
            </wp:postmeta>
            <wp:postmeta>
                <wp:meta_key>_lsb_published_year</wp:meta_key>
                <wp:meta_value><![CDATA[lsb_acf_published_year]]></wp:meta_value>
            </wp:postmeta>
            <wp:postmeta>
                <wp:meta_key>lsb_pages</wp:meta_key>
                <wp:meta_value><![CDATA[160]]></wp:meta_value>
            </wp:postmeta>
            <wp:postmeta>
                <wp:meta_key>_lsb_pages</wp:meta_key>
                <wp:meta_value><![CDATA[lsb_acf_pages]]></wp:meta_value>
            </wp:postmeta>
            <wp:postmeta>
                <wp:meta_key>lsb_review</wp:meta_key>
                <wp:meta_value><![CDATA[  <div>I denne boka er det mange bilder. </div>  <div>Bildene er portretter av tatoverte mennesker </div>  <div>fra flere land. </div>  <div>&#160;</div>  <div>Det er tatoveringene som står i sentrum, </div>  <div>men teksten setter dem i et historisk perspektiv.&#160;</div>  <div>Teksten er presentert i kolonner, </div>  <div>der en kolonne er på norsk og den andre på engelsk. &#160;<br />  Kapitlene er korte, men setningene kan være litt lange.&#160;</div>  <div>Du kan ha stor glede av denne boka også uten å lese teksten.&#160;</div>  ]]></wp:meta_value>
            </wp:postmeta>
            <wp:postmeta>
                <wp:meta_key>_lsb_review</wp:meta_key>
                <wp:meta_value><![CDATA[lsb_acf_review]]></wp:meta_value>
            </wp:postmeta>
            <wp:postmeta>
                <wp:meta_key>lsb_quote</wp:meta_key>
                <wp:meta_value/>
            </wp:postmeta>
            <wp:postmeta>
                <wp:meta_key>_lsb_quote</wp:meta_key>
                <wp:meta_value><![CDATA[lsb_acf_quote]]></wp:meta_value>
            </wp:postmeta>
            <wp:postmeta>
                <wp:meta_key>lsb_supported</wp:meta_key>
                <wp:meta_value><![CDATA[0]]></wp:meta_value>
            </wp:postmeta>
            <wp:postmeta>
                <wp:meta_key>_lsb_supported</wp:meta_key>
                <wp:meta_value><![CDATA[lsb_acf_supported]]></wp:meta_value>
            </wp:postmeta>
            <category domain="lsb_tax_author" nicename="raymond-mosken"><![CDATA[Raymond Mosken]]></category>
            <category domain="lsb_tax_publisher" nicename="kontur-forlag"><![CDATA[Kontur forlag]]></category>
            <wp:postmeta>
                <wp:meta_key>lsb_look_inside</wp:meta_key>
                <wp:meta_value><![CDATA[CUSTOM_BLA_I_BOKA]]></wp:meta_value>
            </wp:postmeta>
            <wp:postmeta>
                <wp:meta_key>_lsb_look_inside</wp:meta_key>
                <wp:meta_value><![CDATA[lsb_acf_look_inside]]></wp:meta_value>
            </wp:postmeta>
            <category domain="lsb_tax_age" nicename="ungdom"><![CDATA[ungdom]]></category>
            <category domain="lsb_tax_age" nicename="voksne"><![CDATA[voksne]]></category>
            <category domain="lsb_tax_genre" nicename="faglitteratur"><![CDATA[faglitteratur]]></category>
            <category domain="lsb_tax_topic" nicename="historie"><![CDATA[historie]]></category>
            <category domain="lsb_tax_topic" nicename="samfunn"><![CDATA[samfunn]]></category>
            <category domain="lsb_tax_topic" nicename="mennesker-i-mellom"><![CDATA[mennesker i mellom]]></category>
            <category domain="lsb_tax_language" nicename="no_nb"><![CDATA[bokmål]]></category>
            <category domain="lsb_tax_customization" nicename="faglitteratur"><![CDATA[faglitteratur]]></category>
            <category domain="lsb_tax_customization" nicename="mange-bilder"><![CDATA[mange bilder]]></category>
            <wp:postmeta>
                <wp:meta_key>_thumbnail_id</wp:meta_key>
                <wp:meta_value><![CDATA[5698]]></wp:meta_value>
            </wp:postmeta>
        </item>
        <item>
            <title>Rocing tatoos</title>
            <wp:post_id>5698</wp:post_id>
            <wp:status>inherit</wp:status>
            <wp:post_type>attachment</wp:post_type>
            <wp:attachment_url>https://raw.githubusercontent.com/lesersokerbok/boksok.no-data-utils/master/output-example/images/2765A2B8F6604B04A6B346B2DF27E06B.jpg</wp:attachment_url>
        </item>
        <item>
            <wp:post_type>lsb_book</wp:post_type>
            <wp:status>publish</wp:status>
            <title>World of Spycraft: Mientologene</title>
            <excerpt:encoded><![CDATA[Spenning og spion-utstyr  - det må da love bra?]]></excerpt:encoded>
            <wp:postmeta>
                <wp:meta_key>lsb_isbn</wp:meta_key>
                <wp:meta_value><![CDATA[9788202437008]]></wp:meta_value>
            </wp:postmeta>
            <wp:postmeta>
                <wp:meta_key>_lsb_isbn</wp:meta_key>
                <wp:meta_value><![CDATA[lsb_acf_isbn]]></wp:meta_value>
            </wp:postmeta>
            <wp:postmeta>
                <wp:meta_key>lsb_published_year</wp:meta_key>
                <wp:meta_value><![CDATA[2014]]></wp:meta_value>
            </wp:postmeta>
            <wp:postmeta>
                <wp:meta_key>_lsb_published_year</wp:meta_key>
                <wp:meta_value><![CDATA[lsb_acf_published_year]]></wp:meta_value>
            </wp:postmeta>
            <wp:postmeta>
                <wp:meta_key>lsb_pages</wp:meta_key>
                <wp:meta_value><![CDATA[181]]></wp:meta_value>
            </wp:postmeta>
            <wp:postmeta>
                <wp:meta_key>_lsb_pages</wp:meta_key>
                <wp:meta_value><![CDATA[lsb_acf_pages]]></wp:meta_value>
            </wp:postmeta>
            <wp:postmeta>
                <wp:meta_key>lsb_review</wp:meta_key>
                <wp:meta_value><![CDATA[  <div>  <div>Eric fra beste vestkant</div>  <div>og gotheren Live fra Grønland</div>  <div>er et umake par,</div>  <div>men de er likevel bestevenner.&#160;</div>  <div>Faren til Eric driver butikken</div>  <div>World of Spycraft,</div>  <div>og er lidenskapelig opptatt</div>  <div>av alle slags dingser</div>  <div>som kan brukes til å spionere</div>  <div>på folk.</div>  <div><br />  </div>  <div>Litt teknisk hjelp kommer godt med,</div>  <div>når Eric og Live&#160;</div>  <div>kommer i kontakt med en sekt.</div>  <div>"Mientologene" tilbyr renselse</div>  <div>og åndelig frihet</div>  <div>til usikre ungdommer.</div>  <div>Men har de egentlig</div>  <div>edle motiver?</div>  <div><br />  </div></div>  <div>Ikke begynn på denne boka,&#160;</div>  <div>hvis du ikke har tid til å lese den ferdig.&#160;</div>  <div>Spenningen er til å ta og føle på,</div>  <div>men det er også rom for noen store spørsmål.</div>  <div>Språket er ganske enkelt,</div>  <div>og boka driver fremover av handlingen.</div>  <div>En riktig thriller!</div>  <div><br />  </div>  <div><strong>Tom Kristensen</strong> (født 1955)</div>  <div>er best kjent for krimbøker til voksne.</div>  <div>Han har vunnet Riverton-prisen</div>  <div>og er blitt oversatt til flere språk.&#160;</div>  ]]></wp:meta_value>
            </wp:postmeta>
            <wp:postmeta>
                <wp:meta_key>_lsb_review</wp:meta_key>
                <wp:meta_value><![CDATA[lsb_acf_review]]></wp:meta_value>
            </wp:postmeta>
            <wp:postmeta>
                <wp:meta_key>lsb_quote</wp:meta_key>
                <wp:meta_value><![CDATA[På skjermen vistes tre ungdommer som gikk forbi vinduet i det godt opplyste rommet, ei jente og to gutter. Alle så ut til å være på Erics alder eller kanskje litt eldre. De hørte mumlende stemmer, men klarte ikke å oppfange hva som ble sagt. En av guttene ble stående med ryggen til. Deretter hørte de rop, babling og stønning, stønning som i redsel eller ekstase. Så forsvant de vekk fra vinduet og kameraet. Filmingen stanset.       "Det var det jeg hørte!" sa Live mens de begge fortsatt stirret på det siste stillbildet på flatskjermen. "Akkurat sånn stønning."       Så skjedde det noe i vinduet igjen, og filmingen startet. En av guttene hadde reist seg. Bablingen og stønningen fortsatte. Så ... gråt?]]></wp:meta_value>
            </wp:postmeta>
            <wp:postmeta>
                <wp:meta_key>_lsb_quote</wp:meta_key>
                <wp:meta_value><![CDATA[lsb_acf_quote]]></wp:meta_value>
            </wp:postmeta>
            <wp:postmeta>
                <wp:meta_key>lsb_supported</wp:meta_key>
                <wp:meta_value><![CDATA[1]]></wp:meta_value>
            </wp:postmeta>
            <wp:postmeta>
                <wp:meta_key>_lsb_supported</wp:meta_key>
                <wp:meta_value><![CDATA[lsb_acf_supported]]></wp:meta_value>
            </wp:postmeta>
            <wp:postmeta>
                <wp:meta_key>lsb_support_cat</wp:meta_key>
                <wp:meta_value><![CDATA[purple]]></wp:meta_value>
            </wp:postmeta>
            <wp:postmeta>
                <wp:meta_key>_lsb_support_cat</wp:meta_key>
                <wp:meta_value><![CDATA[lsb_acf_support_cat]]></wp:meta_value>
            </wp:postmeta>
            <category domain="lsb_tax_author" nicename="tom-kristensen"><![CDATA[Tom Kristensen]]></category>
            <category domain="lsb_tax_publisher" nicename="cappelen-damm"><![CDATA[Cappelen Damm]]></category>
            <wp:postmeta>
                <wp:meta_key>lsb_look_inside</wp:meta_key>
                <wp:meta_value><![CDATA[CUSTOM_BLA_I_BOKA]]></wp:meta_value>
            </wp:postmeta>
            <wp:postmeta>
                <wp:meta_key>_lsb_look_inside</wp:meta_key>
                <wp:meta_value><![CDATA[lsb_acf_look_inside]]></wp:meta_value>
            </wp:postmeta>
            <category domain="lsb_tax_age" nicename="ungdom"><![CDATA[ungdom]]></category>
            <category domain="lsb_tax_topic" nicename="krim"><![CDATA[krim]]></category>
            <category domain="lsb_tax_topic" nicename="spenning"><![CDATA[spenning]]></category>
            <category domain="lsb_tax_language" nicename="no_nb"><![CDATA[bokmål]]></category>
            <category domain="lsb_tax_customization" nicename="skjønnlitteratur"><![CDATA[skjønnlitteratur]]></category>
            <wp:postmeta>
                <wp:meta_key>_thumbnail_id</wp:meta_key>
                <wp:meta_value><![CDATA[5699]]></wp:meta_value>
            </wp:postmeta>
        </item>
        <item>
            <title>Kristensen_WorldOfSpycraft.jpg</title>
            <wp:post_id>5699</wp:post_id>
            <wp:status>inherit</wp:status>
            <wp:post_type>attachment</wp:post_type>
            <wp:attachment_url>https://raw.githubusercontent.com/lesersokerbok/boksok.no-data-utils/master/output-example/images/9C42BF1B05484CF6BA305F417C445430.jpg</wp:attachment_url>
        </item>
        <item>
            <wp:post_type>lsb_book</wp:post_type>
            <wp:status>publish</wp:status>
            <title>Friedland</title>
            <excerpt:encoded><![CDATA[Liva til far og son Friedland  var mykje lettare før unge og ivrige Tandberg  dukka opp på lensmannskontoret.]]></excerpt:encoded>
            <wp:postmeta>
                <wp:meta_key>lsb_isbn</wp:meta_key>
                <wp:meta_value><![CDATA[9788252182774]]></wp:meta_value>
            </wp:postmeta>
            <wp:postmeta>
                <wp:meta_key>_lsb_isbn</wp:meta_key>
                <wp:meta_value><![CDATA[lsb_acf_isbn]]></wp:meta_value>
            </wp:postmeta>
            <wp:postmeta>
                <wp:meta_key>lsb_published_year</wp:meta_key>
                <wp:meta_value><![CDATA[2013]]></wp:meta_value>
            </wp:postmeta>
            <wp:postmeta>
                <wp:meta_key>_lsb_published_year</wp:meta_key>
                <wp:meta_value><![CDATA[lsb_acf_published_year]]></wp:meta_value>
            </wp:postmeta>
            <wp:postmeta>
                <wp:meta_key>lsb_pages</wp:meta_key>
                <wp:meta_value><![CDATA[208]]></wp:meta_value>
            </wp:postmeta>
            <wp:postmeta>
                <wp:meta_key>_lsb_pages</wp:meta_key>
                <wp:meta_value><![CDATA[lsb_acf_pages]]></wp:meta_value>
            </wp:postmeta>
            <wp:postmeta>
                <wp:meta_key>lsb_review</wp:meta_key>
                <wp:meta_value><![CDATA[  <div>Odd Friedland er litt som Snåsamannen, </div>  <div>berre utan dei gode intensjonane. </div>  <div>Han driv med fjernhealing, energibalansering, </div>  <div>jordstråling og alt mogleg anna som kan kasta av seg. </div>  <div>Sonen Kristoffer tener nesten ingenting, </div>  <div>og gjer endå mindre.</div>  <div>&#160;</div>  <div>I den vesle bygda nordpå </div>  <div>er etterspurnaden etter heimebrent, </div>  <div>narkotika og krekebærsaft stor nok </div>  <div>til å halde liv i fleire generasjonar Friedland.&#160;</div>  <div>Men for å lykkast, må dei klare </div>  <div>å halde seg inne med naboar, </div>  <div>lokale politifolk og andre småskurkar.&#160;</div>  <div>Spørsmålet er om far og son Friedland </div>  <div>har det som skal til. </div>  <div>Kan dei få drahjelp utanfrå, </div>  <div>eller er hunden Laika den einaste dei kan stola på?</div>  <div>&#160;</div>  <div>Denne forteljinga har humor og vald og varme hender,</div>  <div>sett i eit stykke bygde-Norge ein kan kjenne seg att i.</div>  <div>Språket er enkelt og historia er lett å leve seg inn i,</div>  <div>men av og til er det det litt tett oppsett</div>  <div>og lengre setningar. &#160;</div>  <div>&#160;</div>  <div>Jens K. Styve (født 1972) gav ut den første boka si i 2007,</div>  <div><strong>Eg, Ove Kvamme</strong>. <strong>Friedland </strong>er den andre boka hans.</div>  ]]></wp:meta_value>
            </wp:postmeta>
            <wp:postmeta>
                <wp:meta_key>_lsb_review</wp:meta_key>
                <wp:meta_value><![CDATA[lsb_acf_review]]></wp:meta_value>
            </wp:postmeta>
            <wp:postmeta>
                <wp:meta_key>lsb_quote</wp:meta_key>
                <wp:meta_value><![CDATA[Odd rekte fram ispakka, og gamlingen tok imot. Han sette den ved sida av seg i senga, inn mot veggen.  - Du kan opna den, sa guten. - Eg veit kva som er oppi.   Bestefaren såg på Odd. - Kor gamal er han no?  -Snart atten.  Bestefaren opna pakka og tok ut ei blank flaske:  - Snart atten, mumla han. Han skrudde av korken og tynna ut juicen,  fylte glaset heilt til kanten med sprit. Han tømde i seg halve glaset og stønna, heiv litt etter pusten og tok til å hosta.   Odd lo, klappa faren på ryggen.   - Tykje, sa Olav lågt.  - Var det for sterkt?  - Det var sterkt, sa gamlingen. - Ikkje for sterkt. ]]></wp:meta_value>
            </wp:postmeta>
            <wp:postmeta>
                <wp:meta_key>_lsb_quote</wp:meta_key>
                <wp:meta_value><![CDATA[lsb_acf_quote]]></wp:meta_value>
            </wp:postmeta>
            <wp:postmeta>
                <wp:meta_key>lsb_supported</wp:meta_key>
                <wp:meta_value><![CDATA[0]]></wp:meta_value>
            </wp:postmeta>
            <wp:postmeta>
                <wp:meta_key>_lsb_supported</wp:meta_key>
                <wp:meta_value><![CDATA[lsb_acf_supported]]></wp:meta_value>
            </wp:postmeta>
            <category domain="lsb_tax_author" nicename="jens-k.-styve"><![CDATA[Jens K. Styve]]></category>
            <category domain="lsb_tax_publisher" nicename="samlaget"><![CDATA[Samlaget]]></category>
            <wp:postmeta>
                <wp:meta_key>lsb_look_inside</wp:meta_key>
                <wp:meta_value><![CDATA[CUSTOM_BLA_I_BOKA]]></wp:meta_value>
            </wp:postmeta>
            <wp:postmeta>
                <wp:meta_key>_lsb_look_inside</wp:meta_key>
                <wp:meta_value><![CDATA[lsb_acf_look_inside]]></wp:meta_value>
            </wp:postmeta>
            <category domain="lsb_tax_age" nicename="voksne"><![CDATA[voksne]]></category>
            <category domain="lsb_tax_genre" nicename="prosa"><![CDATA[prosa]]></category>
            <category domain="lsb_tax_topic" nicename="humor"><![CDATA[humor]]></category>
            <category domain="lsb_tax_language" nicename="no_nn"><![CDATA[nynorsk]]></category>
            <category domain="lsb_tax_customization" nicename="skjønnlitteratur"><![CDATA[skjønnlitteratur]]></category>
            <wp:postmeta>
                <wp:meta_key>_thumbnail_id</wp:meta_key>
                <wp:meta_value><![CDATA[5700]]></wp:meta_value>
            </wp:postmeta>
        </item>
        <item>
            <title>friedland.jpg</title>
            <wp:post_id>5700</wp:post_id>
            <wp:status>inherit</wp:status>
            <wp:post_type>attachment</wp:post_type>
            <wp:attachment_url>https://raw.githubusercontent.com/lesersokerbok/boksok.no-data-utils/master/output-example/images/3A7AE02A272C4878973E27FFF75672B9.jpg</wp:attachment_url>
        </item>
        <item>
            <wp:post_type>lsb_book</wp:post_type>
            <wp:status>publish</wp:status>
            <title>Etter fødselen - det alle glemte å si</title>
            <excerpt:encoded><![CDATA[Hollywood-Johanna forteller om tiden etter fødselen.  Den er det nemlig ikke så mange som snakker om.]]></excerpt:encoded>
            <wp:postmeta>
                <wp:meta_key>lsb_isbn</wp:meta_key>
                <wp:meta_value><![CDATA[9788202429171]]></wp:meta_value>
            </wp:postmeta>
            <wp:postmeta>
                <wp:meta_key>_lsb_isbn</wp:meta_key>
                <wp:meta_value><![CDATA[lsb_acf_isbn]]></wp:meta_value>
            </wp:postmeta>
            <wp:postmeta>
                <wp:meta_key>lsb_published_year</wp:meta_key>
                <wp:meta_value><![CDATA[2013]]></wp:meta_value>
            </wp:postmeta>
            <wp:postmeta>
                <wp:meta_key>_lsb_published_year</wp:meta_key>
                <wp:meta_value><![CDATA[lsb_acf_published_year]]></wp:meta_value>
            </wp:postmeta>
            <wp:postmeta>
                <wp:meta_key>lsb_pages</wp:meta_key>
                <wp:meta_value><![CDATA[160]]></wp:meta_value>
            </wp:postmeta>
            <wp:postmeta>
                <wp:meta_key>_lsb_pages</wp:meta_key>
                <wp:meta_value><![CDATA[lsb_acf_pages]]></wp:meta_value>
            </wp:postmeta>
            <wp:postmeta>
                <wp:meta_key>lsb_review</wp:meta_key>
                <wp:meta_value><![CDATA[  <div>Har du latt bloggere, eksperter og andre mødre&#160;</div>  <div>lure deg til å tro at livet etter fødselen</div>  <div>bare er lykke, kos og nyvasket bomull?</div>  <div>Denne boka gir deg flere detaljer, </div>  <div>på godt og vondt. &#160;</div>  <div>&#160;</div>  <div><strong>Johanna Grønneberg Mesa</strong> forteller om tiden</div>  <div>etter fødselen på en varm og morsom måte.</div>  <div>Her er det mye for foreldre å kjenne seg igjen i,</div>  <div>og en mulighet til å le av både seg selv og andre.&#160;</div>  <div>&#160;</div>  <div>Språket i boka er enkelt og det er korte setninger.</div>  <div>Det veksler mellom dagboknotater</div>  <div>og brev som forfatteren har skrevet til datteren.</div>  <div>Et av brevene er på engelsk. &#160;</div>  <div>&#160;</div>  <div><strong>Johanna Grønneberg Mesa</strong> er best kjent </div>  <div>fra programmer som "Ja, vi elsker Hollywood"</div>  <div>på TV. <strong>Etter fødselen</strong> er hennes første bok. &#160;</div>  ]]></wp:meta_value>
            </wp:postmeta>
            <wp:postmeta>
                <wp:meta_key>_lsb_review</wp:meta_key>
                <wp:meta_value><![CDATA[lsb_acf_review]]></wp:meta_value>
            </wp:postmeta>
            <wp:postmeta>
                <wp:meta_key>lsb_quote</wp:meta_key>
                <wp:meta_value><![CDATA[Noen ganger tok hun med seg vippestolen med barnet inn på do i håp om å få litt mer tid, men han måtte fortsatt vugges. Min venninne fikk ikke spist og ikke sovet. Hun var et vrak. Til slutt en dag, uten å egentlig planlegge det eller være helt klar over hva hun gjorde, satt hun plutselig på do og spiste brødskive med den lille i vippestolen. Hun hadde hele tiden en fot på vippestolen slik at hun konstant kunne holde den i bevegelse. Der ble hun sittende ganske lenge mens hun fornøyd spiste brødskiven.    For meg var det ufattelig at hun kunne nyte brødskiven på do. Men min venninne sa at det var ikke det det handlet om. Det handlet ikke lenger om hvor man satt, hva man spiste eller hvem som var der. Det handlet om tid. Hun nøt det faktum at hun fikk gjort alt. Effektivitet fikk en helt ny mening. ]]></wp:meta_value>
            </wp:postmeta>
            <wp:postmeta>
                <wp:meta_key>_lsb_quote</wp:meta_key>
                <wp:meta_value><![CDATA[lsb_acf_quote]]></wp:meta_value>
            </wp:postmeta>
            <wp:postmeta>
                <wp:meta_key>lsb_supported</wp:meta_key>
                <wp:meta_value><![CDATA[0]]></wp:meta_value>
            </wp:postmeta>
            <wp:postmeta>
                <wp:meta_key>_lsb_supported</wp:meta_key>
                <wp:meta_value><![CDATA[lsb_acf_supported]]></wp:meta_value>
            </wp:postmeta>
            <category domain="lsb_tax_author" nicename="johanna-grønneberg-mesa"><![CDATA[Johanna Grønneberg Mesa]]></category>
            <category domain="lsb_tax_publisher" nicename="cappelen-damm"><![CDATA[Cappelen Damm]]></category>
            <wp:postmeta>
                <wp:meta_key>lsb_look_inside</wp:meta_key>
                <wp:meta_value><![CDATA[CUSTOM_BLA_I_BOKA]]></wp:meta_value>
            </wp:postmeta>
            <wp:postmeta>
                <wp:meta_key>_lsb_look_inside</wp:meta_key>
                <wp:meta_value><![CDATA[lsb_acf_look_inside]]></wp:meta_value>
            </wp:postmeta>
            <category domain="lsb_tax_age" nicename="voksne"><![CDATA[voksne]]></category>
            <category domain="lsb_tax_genre" nicename="faglitteratur"><![CDATA[faglitteratur]]></category>
            <category domain="lsb_tax_topic" nicename="humor"><![CDATA[humor]]></category>
            <category domain="lsb_tax_topic" nicename="mennesker-i-mellom"><![CDATA[mennesker i mellom]]></category>
            <category domain="lsb_tax_language" nicename="no_nb"><![CDATA[bokmål]]></category>
            <category domain="lsb_tax_customization" nicename="faglitteratur"><![CDATA[faglitteratur]]></category>
            <wp:postmeta>
                <wp:meta_key>_thumbnail_id</wp:meta_key>
                <wp:meta_value><![CDATA[5701]]></wp:meta_value>
            </wp:postmeta>
        </item>
        <item>
            <title>Gronneberg Mesa_EtterFodselen.jpg</title>
            <wp:post_id>5701</wp:post_id>
            <wp:status>inherit</wp:status>
            <wp:post_type>attachment</wp:post_type>
            <wp:attachment_url>https://raw.githubusercontent.com/lesersokerbok/boksok.no-data-utils/master/output-example/images/F77CB2C7F0294B4F9B7B3C478F5D93BF.jpg</wp:attachment_url>
        </item>
        <item>
            <wp:post_type>lsb_book</wp:post_type>
            <wp:status>publish</wp:status>
            <title>Skriv godt</title>
            <excerpt:encoded><![CDATA[En praktisk håndbok i hvordan du skriver godt,  slik at du kan nå målene dine.]]></excerpt:encoded>
            <wp:postmeta>
                <wp:meta_key>lsb_isbn</wp:meta_key>
                <wp:meta_value><![CDATA[9788272015571]]></wp:meta_value>
            </wp:postmeta>
            <wp:postmeta>
                <wp:meta_key>_lsb_isbn</wp:meta_key>
                <wp:meta_value><![CDATA[lsb_acf_isbn]]></wp:meta_value>
            </wp:postmeta>
            <wp:postmeta>
                <wp:meta_key>lsb_published_year</wp:meta_key>
                <wp:meta_value><![CDATA[2013]]></wp:meta_value>
            </wp:postmeta>
            <wp:postmeta>
                <wp:meta_key>_lsb_published_year</wp:meta_key>
                <wp:meta_value><![CDATA[lsb_acf_published_year]]></wp:meta_value>
            </wp:postmeta>
            <wp:postmeta>
                <wp:meta_key>lsb_pages</wp:meta_key>
                <wp:meta_value><![CDATA[184]]></wp:meta_value>
            </wp:postmeta>
            <wp:postmeta>
                <wp:meta_key>_lsb_pages</wp:meta_key>
                <wp:meta_value><![CDATA[lsb_acf_pages]]></wp:meta_value>
            </wp:postmeta>
            <wp:postmeta>
                <wp:meta_key>lsb_review</wp:meta_key>
                <wp:meta_value><![CDATA[  <div>Samfunnet vårt er lagt opp slik</div>  <div>at det er en fordel å kunne skrive godt.</div>  <div>Eposter, CV-er, jobbsøknader, rapporter og minneord,</div>  <div>alt dette må vi skrive fra tid til annen.</div>  <div>Du når lettere frem med budskapet ditt,</div>  <div>dersom du lærer deg noen lure knep.</div>  <div>&#160;</div>  <div><strong>Skriv godt</strong> gir praktiske, matnyttige råd</div>  <div>som kan brukes hver gang du skriver.</div>  <div>Du trenger ikke være noen ekspert på </div>  <div>kommaregler eller grammatikk</div>  <div>for å ha glede av denne boka.</div>  <div>Kapitlene er korte og teksten er direkte og praktisk.</div>  <div>Overskriften forteller hva hvert avsnitt handler om.</div>  <div>&#160;</div>  <div><strong>Lars Aarønæs</strong> er ekspert på gode tekster.</div>  <div>Han skriver språkspalte i journalistenes eget fagblad,</div>  <div>og holder kurs i godt språk for presse og firmaer.&#160;</div>  ]]></wp:meta_value>
            </wp:postmeta>
            <wp:postmeta>
                <wp:meta_key>_lsb_review</wp:meta_key>
                <wp:meta_value><![CDATA[lsb_acf_review]]></wp:meta_value>
            </wp:postmeta>
            <wp:postmeta>
                <wp:meta_key>lsb_quote</wp:meta_key>
                <wp:meta_value><![CDATA[GJØR EPOSTEN BEDRE  Epost kan være alt fra korte meldinger til venner og kjente til noe en avis kan finne på å sitere på forsiden eller en advokat kan finne på å bruke i en rettssak. Dessverre kan både oppslaget i avisa og rettssaken handle om nettopp den lille epostmeldingen som bare én skulle lese.    Eoist er et skriftlig medium. Budskapet du har sendt, forsvinner ikke etter at du har sendt det. Alle meldinger kan bli videresendt til andre. En tommelfingerregel: Spør deg derfor om det du skriver i eposten, vil tåle å bli sendt videre til hvem som helst - avisa inkludert. ]]></wp:meta_value>
            </wp:postmeta>
            <wp:postmeta>
                <wp:meta_key>_lsb_quote</wp:meta_key>
                <wp:meta_value><![CDATA[lsb_acf_quote]]></wp:meta_value>
            </wp:postmeta>
            <wp:postmeta>
                <wp:meta_key>lsb_supported</wp:meta_key>
                <wp:meta_value><![CDATA[0]]></wp:meta_value>
            </wp:postmeta>
            <wp:postmeta>
                <wp:meta_key>_lsb_supported</wp:meta_key>
                <wp:meta_value><![CDATA[lsb_acf_supported]]></wp:meta_value>
            </wp:postmeta>
            <category domain="lsb_tax_author" nicename="lars-aarønæs"><![CDATA[Lars Aarønæs]]></category>
            <category domain="lsb_tax_publisher" nicename="j.m.-stenersens-forlag"><![CDATA[J.M. Stenersens forlag]]></category>
            <wp:postmeta>
                <wp:meta_key>lsb_look_inside</wp:meta_key>
                <wp:meta_value><![CDATA[CUSTOM_BLA_I_BOKA]]></wp:meta_value>
            </wp:postmeta>
            <wp:postmeta>
                <wp:meta_key>_lsb_look_inside</wp:meta_key>
                <wp:meta_value><![CDATA[lsb_acf_look_inside]]></wp:meta_value>
            </wp:postmeta>
            <category domain="lsb_tax_age" nicename="voksne"><![CDATA[voksne]]></category>
            <category domain="lsb_tax_topic" nicename="annet"><![CDATA[annet]]></category>
            <category domain="lsb_tax_language" nicename="no_nb"><![CDATA[bokmål]]></category>
            <category domain="lsb_tax_customization" nicename="faglitteratur"><![CDATA[faglitteratur]]></category>
            <wp:postmeta>
                <wp:meta_key>_thumbnail_id</wp:meta_key>
                <wp:meta_value><![CDATA[5702]]></wp:meta_value>
            </wp:postmeta>
        </item>
        <item>
            <title>skriv godt.jpg</title>
            <wp:post_id>5702</wp:post_id>
            <wp:status>inherit</wp:status>
            <wp:post_type>attachment</wp:post_type>
            <wp:attachment_url>https://raw.githubusercontent.com/lesersokerbok/boksok.no-data-utils/master/output-example/images/4164228EECED497BAD553EB151BAEAB8.jpg</wp:attachment_url>
        </item>
        <item>
            <wp:post_type>lsb_book</wp:post_type>
            <wp:status>publish</wp:status>
            <title>Jakten på Messi</title>
            <excerpt:encoded><![CDATA[Far og sønn Stalsberg er lidenskapelig opptatt av fotball.  Sammen reiser de til Barcelona for å se Messi live.]]></excerpt:encoded>
            <wp:postmeta>
                <wp:meta_key>lsb_isbn</wp:meta_key>
                <wp:meta_value><![CDATA[9788248913559]]></wp:meta_value>
            </wp:postmeta>
            <wp:postmeta>
                <wp:meta_key>_lsb_isbn</wp:meta_key>
                <wp:meta_value><![CDATA[lsb_acf_isbn]]></wp:meta_value>
            </wp:postmeta>
            <wp:postmeta>
                <wp:meta_key>lsb_published_year</wp:meta_key>
                <wp:meta_value><![CDATA[2013]]></wp:meta_value>
            </wp:postmeta>
            <wp:postmeta>
                <wp:meta_key>_lsb_published_year</wp:meta_key>
                <wp:meta_value><![CDATA[lsb_acf_published_year]]></wp:meta_value>
            </wp:postmeta>
            <wp:postmeta>
                <wp:meta_key>lsb_pages</wp:meta_key>
                <wp:meta_value><![CDATA[112]]></wp:meta_value>
            </wp:postmeta>
            <wp:postmeta>
                <wp:meta_key>_lsb_pages</wp:meta_key>
                <wp:meta_value><![CDATA[lsb_acf_pages]]></wp:meta_value>
            </wp:postmeta>
            <wp:postmeta>
                <wp:meta_key>lsb_review</wp:meta_key>
                <wp:meta_value><![CDATA[  <div>Egentlig drømmer de om å treffe Messi,</div>  <div>å prate med ham. Men Messi er kjent</div>  <div>for å være privat av seg.</div>  <div>Et møte med verdens beste fotballspiller</div>  <div>er kanskje for mye å ønske seg.</div>  <div>Men opplevelsen av å se ham spille</div>  <div>og være 12 skritt unna?</div>  <div>Er ikke det også stort?</div>  <div>&#160;</div>  <div><strong>Jakten på Messi </strong>handler om Messi,</div>  <div>men også om Barcelona</div>  <div>og om den store kjærligheten</div>  <div>- for fotball. </div>  <div>&#160;</div>  <div>Teksten er stort sett enkel, og kapitlene er korte.</div>  <div>Boka har bilder og en god del luft.</div>  <div>Noen steder er det lenger setninger </div>  <div>og sammensatte ord.</div>  <div>&#160;</div>  <div><strong>Tom Stalsberg</strong> er journalist i Dagbladet.</div>  <div>Han har skrevet flere bøker og spilt fotball i 3. divisjon.</div>  <div><strong>Ruben Espinoza Stalsberg</strong> er sønnen til Tom.</div>  <div>Han spiller fotball for moro skyld.</div>  <div>Dette er den tredje fotballboka</div>  <div>som far og sønn skriver sammen. &#160;</div>  ]]></wp:meta_value>
            </wp:postmeta>
            <wp:postmeta>
                <wp:meta_key>_lsb_review</wp:meta_key>
                <wp:meta_value><![CDATA[lsb_acf_review]]></wp:meta_value>
            </wp:postmeta>
            <wp:postmeta>
                <wp:meta_key>lsb_quote</wp:meta_key>
                <wp:meta_value><![CDATA[Vi har sett Messi mange ganger via flatskjermen, både i spansk liga og Champions League. Det er imidlertid noe helt annet å sitte på en tribune og få alle de andre impulsene også fra folk rundt deg. Skrik, skrål, sang og bannskap. Og Messi er jo plutselig bare noen meter unna oss da han henter en ball som triller mot dødlinja. Publikum rundt oss roper som besatte at han skal sende dem et blikk. Han har stålkontroll og vipper ballen opp med venstrebeinet.       I det 24. minutt skjer det noe som er verdt å skrive om, selv om det skjedde i mars 2013. Messi og David Villa kombinerer og Villa scorer, 1-0 til Barcelona.        Det nydelig og kjapt samspill. Villa er klinisk i det avgjørende øyeblikket. Barcelona-fansen våkner ordentlig til liv. Ruben og jeg sier ikke så mye til hverandre under en fotballkamp. Det er nok å se og nikke. ]]></wp:meta_value>
            </wp:postmeta>
            <wp:postmeta>
                <wp:meta_key>_lsb_quote</wp:meta_key>
                <wp:meta_value><![CDATA[lsb_acf_quote]]></wp:meta_value>
            </wp:postmeta>
            <wp:postmeta>
                <wp:meta_key>lsb_supported</wp:meta_key>
                <wp:meta_value><![CDATA[0]]></wp:meta_value>
            </wp:postmeta>
            <wp:postmeta>
                <wp:meta_key>_lsb_supported</wp:meta_key>
                <wp:meta_value><![CDATA[lsb_acf_supported]]></wp:meta_value>
            </wp:postmeta>
            <category domain="lsb_tax_author" nicename="tom-stalsberg-og-ruben-espinoza-stalsberg"><![CDATA[Tom Stalsberg og Ruben Espinoza Stalsberg]]></category>
            <category domain="lsb_tax_publisher" nicename="kagge"><![CDATA[Kagge]]></category>
            <wp:postmeta>
                <wp:meta_key>lsb_look_inside</wp:meta_key>
                <wp:meta_value><![CDATA[CUSTOM_BLA_I_BOKA]]></wp:meta_value>
            </wp:postmeta>
            <wp:postmeta>
                <wp:meta_key>_lsb_look_inside</wp:meta_key>
                <wp:meta_value><![CDATA[lsb_acf_look_inside]]></wp:meta_value>
            </wp:postmeta>
            <category domain="lsb_tax_age" nicename="ungdom"><![CDATA[ungdom]]></category>
            <category domain="lsb_tax_age" nicename="voksne"><![CDATA[voksne]]></category>
            <category domain="lsb_tax_genre" nicename="faglitteratur"><![CDATA[faglitteratur]]></category>
            <category domain="lsb_tax_topic" nicename="sport"><![CDATA[sport]]></category>
            <category domain="lsb_tax_language" nicename="no_nb"><![CDATA[bokmål]]></category>
            <category domain="lsb_tax_customization" nicename="faglitteratur"><![CDATA[faglitteratur]]></category>
            <category domain="lsb_tax_customization" nicename="mange-bilder"><![CDATA[mange bilder]]></category>
            <wp:postmeta>
                <wp:meta_key>_thumbnail_id</wp:meta_key>
                <wp:meta_value><![CDATA[5703]]></wp:meta_value>
            </wp:postmeta>
        </item>
        <item>
            <title>Jakten på messi.jpg</title>
            <wp:post_id>5703</wp:post_id>
            <wp:status>inherit</wp:status>
            <wp:post_type>attachment</wp:post_type>
            <wp:attachment_url>https://raw.githubusercontent.com/lesersokerbok/boksok.no-data-utils/master/output-example/images/6A14354E4B1848369C0325C012E52895.jpg</wp:attachment_url>
        </item>
        <item>
            <wp:post_type>lsb_book</wp:post_type>
            <wp:status>publish</wp:status>
            <title>Made in Karasjok</title>
            <excerpt:encoded><![CDATA[Henry Bronken deler dagboka si   fra et halvt år i Karasjok.]]></excerpt:encoded>
            <wp:postmeta>
                <wp:meta_key>lsb_isbn</wp:meta_key>
                <wp:meta_value><![CDATA[9788292226421]]></wp:meta_value>
            </wp:postmeta>
            <wp:postmeta>
                <wp:meta_key>_lsb_isbn</wp:meta_key>
                <wp:meta_value><![CDATA[lsb_acf_isbn]]></wp:meta_value>
            </wp:postmeta>
            <wp:postmeta>
                <wp:meta_key>lsb_published_year</wp:meta_key>
                <wp:meta_value><![CDATA[2013]]></wp:meta_value>
            </wp:postmeta>
            <wp:postmeta>
                <wp:meta_key>_lsb_published_year</wp:meta_key>
                <wp:meta_value><![CDATA[lsb_acf_published_year]]></wp:meta_value>
            </wp:postmeta>
            <wp:postmeta>
                <wp:meta_key>lsb_pages</wp:meta_key>
                <wp:meta_value><![CDATA[133]]></wp:meta_value>
            </wp:postmeta>
            <wp:postmeta>
                <wp:meta_key>_lsb_pages</wp:meta_key>
                <wp:meta_value><![CDATA[lsb_acf_pages]]></wp:meta_value>
            </wp:postmeta>
            <wp:postmeta>
                <wp:meta_key>lsb_review</wp:meta_key>
                <wp:meta_value><![CDATA[  <div>Henry og samboeren Hanna flytter til Karasjok</div>  <div>fordi Hanna skal i turnus som lege der. &#160;</div>  <div>For "legefruen" og serietegneren,</div>  <div>kan dagene bli lange og tomme.</div>  <div>Det er mye tid til å tenke over livet,</div>  <div>kunsten og ymse deler av kroppen&#160;</div>  <div>som vanligvis ikke får så stor plass</div>  <div>i litteraturen.&#160;</div>  <div>&#160;</div>  <div>Fantasivennene Deppedust og Lykketosk</div>  <div>er også med på lasset.</div>  <div>De lever i en mer absurd verden,</div>  <div>og treffer stadig på lokale originaler.&#160;</div>  <div>&#160;</div>  <div>Tegneserien er lett å følge,</div>  <div>og språket er enkelt.</div>  <div>Noen steder er teksten på engelsk,</div>  <div>og de som snakker samisk,</div>  <div>har tekst som er speilvendt.</div>  <div>&#160;</div>  <div><strong>Henry Bronken</strong> er serietegner,</div>  <div>født i 1975.</div>  <div>Han har gitt ut flere serier</div>  <div>på Jippi forlag.&#160;</div>  ]]></wp:meta_value>
            </wp:postmeta>
            <wp:postmeta>
                <wp:meta_key>_lsb_review</wp:meta_key>
                <wp:meta_value><![CDATA[lsb_acf_review]]></wp:meta_value>
            </wp:postmeta>
            <wp:postmeta>
                <wp:meta_key>lsb_quote</wp:meta_key>
                <wp:meta_value><![CDATA[Mandag 22. november 2010    I dag våknet jeg klokka 11:24.  Jeg burde ha stått opp klokka sju  sammen med Hanna.  - Sukk ...    På grunn av ferien ligger jeg to uker  etter med tegningen.  - Sukk ...    Oppvasken har stått siden vi dro.  - Sukk ...    Oppvaskmaskinen må tømmes først.  - Sukk ...    Jeg begynner å synge Jahn Teigen:  - Gi meg  Gi meg  Gi meg en dags pause    Analyse:  Rute 1: Voksen mann klager over  at han kan sove halve dagen  Rute 2: Voksen mann klager over  at han har vært på ferie.  Rute 3/4: Voksen mann klager over  at han har oppvaskmaskin.  Rute 5: Voksen mann vil ha et avbrekk  fra sin hverdag.    Konklusjon: Voksen mann ter seg  som en bortskjemt drittunge.]]></wp:meta_value>
            </wp:postmeta>
            <wp:postmeta>
                <wp:meta_key>_lsb_quote</wp:meta_key>
                <wp:meta_value><![CDATA[lsb_acf_quote]]></wp:meta_value>
            </wp:postmeta>
            <wp:postmeta>
                <wp:meta_key>lsb_supported</wp:meta_key>
                <wp:meta_value><![CDATA[0]]></wp:meta_value>
            </wp:postmeta>
            <wp:postmeta>
                <wp:meta_key>_lsb_supported</wp:meta_key>
                <wp:meta_value><![CDATA[lsb_acf_supported]]></wp:meta_value>
            </wp:postmeta>
            <category domain="lsb_tax_author" nicename="henry-bronken"><![CDATA[Henry Bronken]]></category>
            <category domain="lsb_tax_publisher" nicename="jippi-forlag"><![CDATA[Jippi forlag]]></category>
            <category domain="lsb_tax_illustrator" nicename="henry-bronken"><![CDATA[Henry Bronken]]></category>
            <wp:postmeta>
                <wp:meta_key>lsb_look_inside</wp:meta_key>
                <wp:meta_value><![CDATA[CUSTOM_BLA_I_BOKA]]></wp:meta_value>
            </wp:postmeta>
            <wp:postmeta>
                <wp:meta_key>_lsb_look_inside</wp:meta_key>
                <wp:meta_value><![CDATA[lsb_acf_look_inside]]></wp:meta_value>
            </wp:postmeta>
            <category domain="lsb_tax_age" nicename="voksne"><![CDATA[voksne]]></category>
            <category domain="lsb_tax_genre" nicename="prosa"><![CDATA[prosa]]></category>
            <category domain="lsb_tax_topic" nicename="humor"><![CDATA[humor]]></category>
            <category domain="lsb_tax_topic" nicename="mennesker-i-mellom"><![CDATA[mennesker i mellom]]></category>
            <category domain="lsb_tax_language" nicename="no_nb"><![CDATA[bokmål]]></category>
            <category domain="lsb_tax_customization" nicename="bilder"><![CDATA[bilder]]></category>
            <category domain="lsb_tax_customization" nicename="mange-bilder"><![CDATA[mange bilder]]></category>
            <wp:postmeta>
                <wp:meta_key>_thumbnail_id</wp:meta_key>
                <wp:meta_value><![CDATA[5704]]></wp:meta_value>
            </wp:postmeta>
        </item>
        <item>
            <title>made in karasjok.jpeg</title>
            <wp:post_id>5704</wp:post_id>
            <wp:status>inherit</wp:status>
            <wp:post_type>attachment</wp:post_type>
            <wp:attachment_url>https://raw.githubusercontent.com/lesersokerbok/boksok.no-data-utils/master/output-example/images/97370018EBE84AA8BE90A1C9484318AB.jpeg</wp:attachment_url>
        </item>
        <item>
            <wp:post_type>lsb_book</wp:post_type>
            <wp:status>publish</wp:status>
            <title>Ibsen på en time</title>
            <excerpt:encoded><![CDATA[En kjapp, smart og morsom innføring  i Ibsens liv og virke.]]></excerpt:encoded>
            <wp:postmeta>
                <wp:meta_key>lsb_isbn</wp:meta_key>
                <wp:meta_value><![CDATA[9788251681278]]></wp:meta_value>
            </wp:postmeta>
            <wp:postmeta>
                <wp:meta_key>_lsb_isbn</wp:meta_key>
                <wp:meta_value><![CDATA[lsb_acf_isbn]]></wp:meta_value>
            </wp:postmeta>
            <wp:postmeta>
                <wp:meta_key>lsb_published_year</wp:meta_key>
                <wp:meta_value><![CDATA[2013]]></wp:meta_value>
            </wp:postmeta>
            <wp:postmeta>
                <wp:meta_key>_lsb_published_year</wp:meta_key>
                <wp:meta_value><![CDATA[lsb_acf_published_year]]></wp:meta_value>
            </wp:postmeta>
            <wp:postmeta>
                <wp:meta_key>lsb_pages</wp:meta_key>
                <wp:meta_value/>
            </wp:postmeta>
            <wp:postmeta>
                <wp:meta_key>_lsb_pages</wp:meta_key>
                <wp:meta_value><![CDATA[lsb_acf_pages]]></wp:meta_value>
            </wp:postmeta>
            <wp:postmeta>
                <wp:meta_key>lsb_review</wp:meta_key>
                <wp:meta_value><![CDATA[  <div>Det å få en slags oversikt</div>  <div>over de store forfatterne våre</div>  <div>kan være en tung og kjedelig jobb.</div>  <div>- Eller det kan være kjapt og morsomt.</div>  <div>&#160;</div>  <div>I denne boka får du </div>  <div>en lettbeint kortversjon av Ibsens liv</div>  <div>og skuespillene han ga ut.</div>  <div>Hva leste Ibsen?</div>  <div>Hva kalte han kona si?</div>  <div>Hva skjedde egentlig i</div>  <div>"Et dukkehjem"?</div>  <div>Hva mente Ibsen om kvinner?</div>  <div>&#160;</div>  <div><strong>Ibsen på en time</strong></div>  <div>gir mye informasjon</div>  <div>gjennom lite tekst og gode bilder.</div>  <div>Teksten er morsom og lett å lese,</div>  <div>og det er lett å finne temaer</div>  <div>å lese videre om.&#160;</div>  <div>&#160;</div>  <div><strong>Katarina og Henrik Lange</strong></div>  <div>er begge født i Sverige i 1972.</div>  <div>De har gitt flere populære,</div>  <div>korte bøker om litteratur.</div>  <div>Den best kjente er </div>  <div><strong>80 romaner på en time</strong>.&#160;</div>  ]]></wp:meta_value>
            </wp:postmeta>
            <wp:postmeta>
                <wp:meta_key>_lsb_review</wp:meta_key>
                <wp:meta_value><![CDATA[lsb_acf_review]]></wp:meta_value>
            </wp:postmeta>
            <wp:postmeta>
                <wp:meta_key>lsb_quote</wp:meta_key>
                <wp:meta_value><![CDATA[BRAND  Da den ungen presten Brand  skal gi en døende den siste  nattverd, blir Agnes så   forelsket i ham at hun  dumper kjæresten.    De gifter seg og får barn.  Barnet dør, Agnes dør,  Brands mamma dør, og han  bestemmer seg for at det  skal bygges en ny   kirke.    Brand oppdager at Gud  finnes oppe i fjellet og begir  seg opp dit, men han  omkommer i et snøras.]]></wp:meta_value>
            </wp:postmeta>
            <wp:postmeta>
                <wp:meta_key>_lsb_quote</wp:meta_key>
                <wp:meta_value><![CDATA[lsb_acf_quote]]></wp:meta_value>
            </wp:postmeta>
            <wp:postmeta>
                <wp:meta_key>lsb_supported</wp:meta_key>
                <wp:meta_value><![CDATA[0]]></wp:meta_value>
            </wp:postmeta>
            <wp:postmeta>
                <wp:meta_key>_lsb_supported</wp:meta_key>
                <wp:meta_value><![CDATA[lsb_acf_supported]]></wp:meta_value>
            </wp:postmeta>
            <category domain="lsb_tax_author" nicename="katarina-og-henrik-lange"><![CDATA[Katarina og Henrik Lange]]></category>
            <category domain="lsb_tax_publisher" nicename="schibsted"><![CDATA[Schibsted]]></category>
            <category domain="lsb_tax_translator" nicename="inge-s.-kristiansen"><![CDATA[Inge S. Kristiansen]]></category>
            <wp:postmeta>
                <wp:meta_key>lsb_look_inside</wp:meta_key>
                <wp:meta_value><![CDATA[CUSTOM_BLA_I_BOKA]]></wp:meta_value>
            </wp:postmeta>
            <wp:postmeta>
                <wp:meta_key>_lsb_look_inside</wp:meta_key>
                <wp:meta_value><![CDATA[lsb_acf_look_inside]]></wp:meta_value>
            </wp:postmeta>
            <category domain="lsb_tax_age" nicename="ungdom"><![CDATA[ungdom]]></category>
            <category domain="lsb_tax_age" nicename="voksne"><![CDATA[voksne]]></category>
            <category domain="lsb_tax_genre" nicename="faglitteratur"><![CDATA[faglitteratur]]></category>
            <category domain="lsb_tax_topic" nicename="humor"><![CDATA[humor]]></category>
            <category domain="lsb_tax_topic" nicename="historie"><![CDATA[historie]]></category>
            <category domain="lsb_tax_topic" nicename="samfunn"><![CDATA[samfunn]]></category>
            <category domain="lsb_tax_language" nicename="no_nb"><![CDATA[bokmål]]></category>
            <category domain="lsb_tax_customization" nicename="bilder"><![CDATA[bilder]]></category>
            <category domain="lsb_tax_customization" nicename="mange-bilder"><![CDATA[mange bilder]]></category>
            <wp:postmeta>
                <wp:meta_key>_thumbnail_id</wp:meta_key>
                <wp:meta_value><![CDATA[5705]]></wp:meta_value>
            </wp:postmeta>
        </item>
        <item>
            <title>Ibsen_pa_en_time_ho.jpg</title>
            <wp:post_id>5705</wp:post_id>
            <wp:status>inherit</wp:status>
            <wp:post_type>attachment</wp:post_type>
            <wp:attachment_url>https://raw.githubusercontent.com/lesersokerbok/boksok.no-data-utils/master/output-example/images/5F7713F39405480EB1256C8A7E96A847.jpg</wp:attachment_url>
        </item>
        <item>
            <wp:post_type>lsb_book</wp:post_type>
            <wp:status>publish</wp:status>
            <title>Gruppa</title>
            <excerpt:encoded><![CDATA[Mari, Per, Grete, Steinar, Siv og Ari,  En gang i uka treffes de til gruppeterapi.]]></excerpt:encoded>
            <wp:postmeta>
                <wp:meta_key>lsb_isbn</wp:meta_key>
                <wp:meta_value><![CDATA[9788282550352]]></wp:meta_value>
            </wp:postmeta>
            <wp:postmeta>
                <wp:meta_key>_lsb_isbn</wp:meta_key>
                <wp:meta_value><![CDATA[lsb_acf_isbn]]></wp:meta_value>
            </wp:postmeta>
            <wp:postmeta>
                <wp:meta_key>lsb_published_year</wp:meta_key>
                <wp:meta_value><![CDATA[2014]]></wp:meta_value>
            </wp:postmeta>
            <wp:postmeta>
                <wp:meta_key>_lsb_published_year</wp:meta_key>
                <wp:meta_value><![CDATA[lsb_acf_published_year]]></wp:meta_value>
            </wp:postmeta>
            <wp:postmeta>
                <wp:meta_key>lsb_pages</wp:meta_key>
                <wp:meta_value/>
            </wp:postmeta>
            <wp:postmeta>
                <wp:meta_key>_lsb_pages</wp:meta_key>
                <wp:meta_value><![CDATA[lsb_acf_pages]]></wp:meta_value>
            </wp:postmeta>
            <wp:postmeta>
                <wp:meta_key>lsb_review</wp:meta_key>
                <wp:meta_value><![CDATA[  <div>Ingen av dem kjenner hverandre</div>  <div>utenfor gruppa,</div>  <div>men de møtes der for å snakke</div>  <div>om livene sine.&#160;</div>  <div>En bruker alkohol </div>  <div>for å dempe sosial angst.&#160;</div>  <div>En er for direkte og bardus,</div>  <div>og vil ikke slippe folk innpå seg.</div>  <div>En har en syk kone</div>  <div>og sørger over et mistet barn.</div>  <div>&#160;</div>  <div>Boka veksler mellom samtaler</div>  <div>i gruppa, og korte fortellinger</div>  <div>hvor man blir bedre kjent</div>  <div>med hver enkelt.</div>  <div>&#160;</div>  <div><strong>Gruppa</strong> forklarer ikke alt som skjer,</div>  <div>setter ikke ord på alt som ligger under.</div>  <div>Men gjennom livene til de andre</div>  <div>kan vi bli bedre kjent med oss selv.&#160;</div>  <div>&#160;</div>  <div><strong>Anna Fiske</strong> er forfatter og illustratør.</div>  <div>Hun har gitt ut mange bøker </div>  <div>og tegneserier for barn, ungdom og voksne,</div>  <div>og vunnet en rekke priser for arbeidet sitt.&#160;</div>  <div>&#160;</div>  ]]></wp:meta_value>
            </wp:postmeta>
            <wp:postmeta>
                <wp:meta_key>_lsb_review</wp:meta_key>
                <wp:meta_value><![CDATA[lsb_acf_review]]></wp:meta_value>
            </wp:postmeta>
            <wp:postmeta>
                <wp:meta_key>lsb_quote</wp:meta_key>
                <wp:meta_value><![CDATA[Siv:   - SKJØNNER MEG  IKKE PÅ DERE GIFTE  SOM KUTTER KONTAKTEN  MED VENNENE DERES.    Mari:   - HUN ER JO FORLATT   AV MANNEN SIN.  OG VENNINNENE HAR HUN  MISTET FOR HUNDRE  ÅR SIDEN    Siv:   - JEG SKJØNNER   IKKE AT DERE GIFTE  BARE FÅR SÅNN OPP I   HVERANDRE.    - SÅ BLIR MANNEN LEI,  OG SÅ SITTER DERE DER.    Terapeuten:  - FINT AT DU UTTRYKKER  FRUSTRASJONEN DIN.  GRUPPA SKAL VÆRE ET STED  HVOR VI KAN UTFORSKE   GRENSENE VÅRE.    Steinar:  - HER GIKK DU OVER   GRENSEN.  GRETE GRÅTER!    Grete:  - DET ER IKKE SÅ   FARLIG, JEG GRÅTER  SÅ MYE UANSETT    Siv:  - UNNSKYLD, DA!]]></wp:meta_value>
            </wp:postmeta>
            <wp:postmeta>
                <wp:meta_key>_lsb_quote</wp:meta_key>
                <wp:meta_value><![CDATA[lsb_acf_quote]]></wp:meta_value>
            </wp:postmeta>
            <wp:postmeta>
                <wp:meta_key>lsb_supported</wp:meta_key>
                <wp:meta_value><![CDATA[0]]></wp:meta_value>
            </wp:postmeta>
            <wp:postmeta>
                <wp:meta_key>_lsb_supported</wp:meta_key>
                <wp:meta_value><![CDATA[lsb_acf_supported]]></wp:meta_value>
            </wp:postmeta>
            <category domain="lsb_tax_author" nicename="anna-fiske"><![CDATA[Anna Fiske]]></category>
            <category domain="lsb_tax_publisher" nicename="no-comprendo-press"><![CDATA[No Comprendo Press]]></category>
            <wp:postmeta>
                <wp:meta_key>lsb_look_inside</wp:meta_key>
                <wp:meta_value><![CDATA[CUSTOM_BLA_I_BOKA]]></wp:meta_value>
            </wp:postmeta>
            <wp:postmeta>
                <wp:meta_key>_lsb_look_inside</wp:meta_key>
                <wp:meta_value><![CDATA[lsb_acf_look_inside]]></wp:meta_value>
            </wp:postmeta>
            <category domain="lsb_tax_age" nicename="voksne"><![CDATA[voksne]]></category>
            <category domain="lsb_tax_genre" nicename="prosa"><![CDATA[prosa]]></category>
            <category domain="lsb_tax_topic" nicename="mat"><![CDATA[mat]]></category>
            <category domain="lsb_tax_topic" nicename="helse"><![CDATA[helse]]></category>
            <category domain="lsb_tax_topic" nicename="mennesker-i-mellom"><![CDATA[mennesker i mellom]]></category>
            <category domain="lsb_tax_language" nicename="no_nb"><![CDATA[bokmål]]></category>
            <category domain="lsb_tax_customization" nicename="bilder"><![CDATA[bilder]]></category>
            <category domain="lsb_tax_customization" nicename="mange-bilder"><![CDATA[mange bilder]]></category>
            <wp:postmeta>
                <wp:meta_key>_thumbnail_id</wp:meta_key>
                <wp:meta_value><![CDATA[5706]]></wp:meta_value>
            </wp:postmeta>
        </item>
        <item>
            <title>gruppa.jpg</title>
            <wp:post_id>5706</wp:post_id>
            <wp:status>inherit</wp:status>
            <wp:post_type>attachment</wp:post_type>
            <wp:attachment_url>https://raw.githubusercontent.com/lesersokerbok/boksok.no-data-utils/master/output-example/images/A072C0FB13154BC19929C3E3F186CED9.jpg</wp:attachment_url>
        </item>
        <item>
            <wp:post_type>lsb_book</wp:post_type>
            <wp:status>publish</wp:status>
            <title>Alt går i grisen</title>
            <excerpt:encoded><![CDATA[Det var visst ikke så viktig  at maten så bra ut før i tiden.  Gjør deg klar for å le av mat!]]></excerpt:encoded>
            <wp:postmeta>
                <wp:meta_key>lsb_isbn</wp:meta_key>
                <wp:meta_value><![CDATA[9788282113076]]></wp:meta_value>
            </wp:postmeta>
            <wp:postmeta>
                <wp:meta_key>_lsb_isbn</wp:meta_key>
                <wp:meta_value><![CDATA[lsb_acf_isbn]]></wp:meta_value>
            </wp:postmeta>
            <wp:postmeta>
                <wp:meta_key>lsb_published_year</wp:meta_key>
                <wp:meta_value><![CDATA[2012]]></wp:meta_value>
            </wp:postmeta>
            <wp:postmeta>
                <wp:meta_key>_lsb_published_year</wp:meta_key>
                <wp:meta_value><![CDATA[lsb_acf_published_year]]></wp:meta_value>
            </wp:postmeta>
            <wp:postmeta>
                <wp:meta_key>lsb_pages</wp:meta_key>
                <wp:meta_value><![CDATA[96]]></wp:meta_value>
            </wp:postmeta>
            <wp:postmeta>
                <wp:meta_key>_lsb_pages</wp:meta_key>
                <wp:meta_value><![CDATA[lsb_acf_pages]]></wp:meta_value>
            </wp:postmeta>
            <wp:postmeta>
                <wp:meta_key>lsb_review</wp:meta_key>
                <wp:meta_value><![CDATA[  <div>Petter Schjerven har ofret seg</div>  <div>og sett gjennom svært mange </div>  <div>gamle bilder av mat.</div>  <div>Om det da faktisk <strong>er</strong>&#160;mat,</div>  <div>det hender vi er i tvil.</div>  <div>&#160;</div>  <div>Boka er rett og slett en samling</div>  <div>ulekre bilder av mat,</div>  <div>med en treffende kommentar til.</div>  <div>Det er lite tekst,</div>  <div>bildene taler i stor grad for seg selv.</div>  <div>&#160;</div>  <div>Petter W. B. Schjerven (født 1967)</div>  <div>er interessert i alt det rare</div>  <div>vi nordmenn syns er normalt.</div>  <div>Han er best kjent fra TV-programmet</div>  <div><strong>Typisk norsk</strong>.&#160;</div>  <div>&#160;</div>  ]]></wp:meta_value>
            </wp:postmeta>
            <wp:postmeta>
                <wp:meta_key>_lsb_review</wp:meta_key>
                <wp:meta_value><![CDATA[lsb_acf_review]]></wp:meta_value>
            </wp:postmeta>
            <wp:postmeta>
                <wp:meta_key>lsb_quote</wp:meta_key>
                <wp:meta_value><![CDATA[Alt er riktig, antakelig  bortsett fra smaken.   Makrell rullet i kokos.]]></wp:meta_value>
            </wp:postmeta>
            <wp:postmeta>
                <wp:meta_key>_lsb_quote</wp:meta_key>
                <wp:meta_value><![CDATA[lsb_acf_quote]]></wp:meta_value>
            </wp:postmeta>
            <wp:postmeta>
                <wp:meta_key>lsb_supported</wp:meta_key>
                <wp:meta_value><![CDATA[0]]></wp:meta_value>
            </wp:postmeta>
            <wp:postmeta>
                <wp:meta_key>_lsb_supported</wp:meta_key>
                <wp:meta_value><![CDATA[lsb_acf_supported]]></wp:meta_value>
            </wp:postmeta>
            <category domain="lsb_tax_author" nicename="petter-wilhelm-blichfeldt-schjerven"><![CDATA[Petter Wilhelm Blichfeldt Schjerven]]></category>
            <category domain="lsb_tax_publisher" nicename="vega-forlag"><![CDATA[Vega forlag]]></category>
            <wp:postmeta>
                <wp:meta_key>lsb_look_inside</wp:meta_key>
                <wp:meta_value><![CDATA[CUSTOM_BLA_I_BOKA]]></wp:meta_value>
            </wp:postmeta>
            <wp:postmeta>
                <wp:meta_key>_lsb_look_inside</wp:meta_key>
                <wp:meta_value><![CDATA[lsb_acf_look_inside]]></wp:meta_value>
            </wp:postmeta>
            <category domain="lsb_tax_age" nicename="ungdom"><![CDATA[ungdom]]></category>
            <category domain="lsb_tax_age" nicename="voksne"><![CDATA[voksne]]></category>
            <category domain="lsb_tax_topic" nicename="humor"><![CDATA[humor]]></category>
            <category domain="lsb_tax_language" nicename="no_nb"><![CDATA[bokmål]]></category>
            <category domain="lsb_tax_customization" nicename="bilder"><![CDATA[bilder]]></category>
            <category domain="lsb_tax_customization" nicename="mange-bilder"><![CDATA[mange bilder]]></category>
            <wp:postmeta>
                <wp:meta_key>_thumbnail_id</wp:meta_key>
                <wp:meta_value><![CDATA[5707]]></wp:meta_value>
            </wp:postmeta>
        </item>
        <item>
            <title>Alt gar i grisen lav.jpg</title>
            <wp:post_id>5707</wp:post_id>
            <wp:status>inherit</wp:status>
            <wp:post_type>attachment</wp:post_type>
            <wp:attachment_url>https://raw.githubusercontent.com/lesersokerbok/boksok.no-data-utils/master/output-example/images/6CF4EB7C79B245BD8BD981B5D4F1BEB5.jpg</wp:attachment_url>
        </item>
        <item>
            <wp:post_type>lsb_book</wp:post_type>
            <wp:status>publish</wp:status>
            <title>Den kalde vinden</title>
            <excerpt:encoded><![CDATA[Tredje bok i serien om Spøkelsene på Frostøy.]]></excerpt:encoded>
            <wp:postmeta>
                <wp:meta_key>lsb_isbn</wp:meta_key>
                <wp:meta_value><![CDATA[9788203253485]]></wp:meta_value>
            </wp:postmeta>
            <wp:postmeta>
                <wp:meta_key>_lsb_isbn</wp:meta_key>
                <wp:meta_value><![CDATA[lsb_acf_isbn]]></wp:meta_value>
            </wp:postmeta>
            <wp:postmeta>
                <wp:meta_key>lsb_published_year</wp:meta_key>
                <wp:meta_value><![CDATA[2013]]></wp:meta_value>
            </wp:postmeta>
            <wp:postmeta>
                <wp:meta_key>_lsb_published_year</wp:meta_key>
                <wp:meta_value><![CDATA[lsb_acf_published_year]]></wp:meta_value>
            </wp:postmeta>
            <wp:postmeta>
                <wp:meta_key>lsb_pages</wp:meta_key>
                <wp:meta_value><![CDATA[434]]></wp:meta_value>
            </wp:postmeta>
            <wp:postmeta>
                <wp:meta_key>_lsb_pages</wp:meta_key>
                <wp:meta_value><![CDATA[lsb_acf_pages]]></wp:meta_value>
            </wp:postmeta>
            <wp:postmeta>
                <wp:meta_key>lsb_review</wp:meta_key>
                <wp:meta_value><![CDATA[  <div>Det er sol og sommer, </div>  <div>og Jens, Gudmund og Finn har ferie. </div>  <div>Likevel ligger det noe uhyggelig i lufta,</div>  <div>og plutselig dukker Den kalde vinden opp.</div>  <div>&#160;</div>  <div>Vinden har trosset sommer og sol </div>  <div>og funnet guttene der de har ferie. </div>  <div>Jens har aldri hørt om Den kalde vinden, </div>  <div>og han tror at spøkelsene kommer </div>  <div>for å hente ham. </div>  <div>At de vil hevne seg for alt </div>  <div>han har ødelagt for dem på Blekbo. </div>  <div>Men det er lille Gudmund som blir bortført. </div>  <div>Jens må prøve å redde ham.</div>  <div>&#160;</div>  <div>  <div>Denne boka har korte setninger </div>  <div>og enkelt språk. Boka er tykk, </div>  <div>men det er mye luft på hver side. &#160; &#160;</div>  <div>&#160;</div>  <div><strong>Hilde Hagerup</strong>&#160;er forfatter av mange </div>  <div>bøker for barn, ungdom og voksne. </div>  <div>Hun har også skrevet <strong>Jeg elsker deg</strong>&#160;<br />  og <strong>Du biter ikke</strong>,</div>  <div>som er støttet av Leser søker bok.&#160;</div></div>  ]]></wp:meta_value>
            </wp:postmeta>
            <wp:postmeta>
                <wp:meta_key>_lsb_review</wp:meta_key>
                <wp:meta_value><![CDATA[lsb_acf_review]]></wp:meta_value>
            </wp:postmeta>
            <wp:postmeta>
                <wp:meta_key>lsb_quote</wp:meta_key>
                <wp:meta_value/>
            </wp:postmeta>
            <wp:postmeta>
                <wp:meta_key>_lsb_quote</wp:meta_key>
                <wp:meta_value><![CDATA[lsb_acf_quote]]></wp:meta_value>
            </wp:postmeta>
            <wp:postmeta>
                <wp:meta_key>lsb_supported</wp:meta_key>
                <wp:meta_value><![CDATA[0]]></wp:meta_value>
            </wp:postmeta>
            <wp:postmeta>
                <wp:meta_key>_lsb_supported</wp:meta_key>
                <wp:meta_value><![CDATA[lsb_acf_supported]]></wp:meta_value>
            </wp:postmeta>
            <category domain="lsb_tax_author" nicename="hilde-hagerup"><![CDATA[Hilde Hagerup]]></category>
            <category domain="lsb_tax_publisher" nicename="aschehoug"><![CDATA[Aschehoug]]></category>
            <wp:postmeta>
                <wp:meta_key>lsb_look_inside</wp:meta_key>
                <wp:meta_value><![CDATA[CUSTOM_BLA_I_BOKA]]></wp:meta_value>
            </wp:postmeta>
            <wp:postmeta>
                <wp:meta_key>_lsb_look_inside</wp:meta_key>
                <wp:meta_value><![CDATA[lsb_acf_look_inside]]></wp:meta_value>
            </wp:postmeta>
            <category domain="lsb_tax_age" nicename="barn"><![CDATA[barn]]></category>
            <category domain="lsb_tax_age" nicename="ungdom"><![CDATA[ungdom]]></category>
            <category domain="lsb_tax_genre" nicename="prosa"><![CDATA[prosa]]></category>
            <category domain="lsb_tax_topic" nicename="krim"><![CDATA[krim]]></category>
            <category domain="lsb_tax_topic" nicename="spenning"><![CDATA[spenning]]></category>
            <category domain="lsb_tax_language" nicename="no_nb"><![CDATA[bokmål]]></category>
            <category domain="lsb_tax_customization" nicename="skjønnlitteratur"><![CDATA[skjønnlitteratur]]></category>
            <wp:postmeta>
                <wp:meta_key>_thumbnail_id</wp:meta_key>
                <wp:meta_value><![CDATA[5708]]></wp:meta_value>
            </wp:postmeta>
        </item>
        <item>
            <title>den kalde vinden.jpg</title>
            <wp:post_id>5708</wp:post_id>
            <wp:status>inherit</wp:status>
            <wp:post_type>attachment</wp:post_type>
            <wp:attachment_url>https://raw.githubusercontent.com/lesersokerbok/boksok.no-data-utils/master/output-example/images/0E5DA377DCCA4C9E8E51788800BF1754.jpg</wp:attachment_url>
        </item>
        <item>
            <wp:post_type>lsb_book</wp:post_type>
            <wp:status>publish</wp:status>
            <title>Allergikokebok for hele familien</title>
            <excerpt:encoded><![CDATA[Enkle oppskrifter både til hverdag og fest!]]></excerpt:encoded>
            <wp:postmeta>
                <wp:meta_key>lsb_isbn</wp:meta_key>
                <wp:meta_value><![CDATA[9788202436117]]></wp:meta_value>
            </wp:postmeta>
            <wp:postmeta>
                <wp:meta_key>_lsb_isbn</wp:meta_key>
                <wp:meta_value><![CDATA[lsb_acf_isbn]]></wp:meta_value>
            </wp:postmeta>
            <wp:postmeta>
                <wp:meta_key>lsb_published_year</wp:meta_key>
                <wp:meta_value><![CDATA[2014]]></wp:meta_value>
            </wp:postmeta>
            <wp:postmeta>
                <wp:meta_key>_lsb_published_year</wp:meta_key>
                <wp:meta_value><![CDATA[lsb_acf_published_year]]></wp:meta_value>
            </wp:postmeta>
            <wp:postmeta>
                <wp:meta_key>lsb_pages</wp:meta_key>
                <wp:meta_value><![CDATA[192]]></wp:meta_value>
            </wp:postmeta>
            <wp:postmeta>
                <wp:meta_key>_lsb_pages</wp:meta_key>
                <wp:meta_value><![CDATA[lsb_acf_pages]]></wp:meta_value>
            </wp:postmeta>
            <wp:postmeta>
                <wp:meta_key>lsb_review</wp:meta_key>
                <wp:meta_value><![CDATA[  <div>Det er mange hensyn å ta i en familie </div>  <div>med allergi. Denne boka gir deg </div>  <div>oppskrifter som kan glede hele familien, </div>  <div>ikke bare allergikeren. </div>  <div>Du finner oppskrifter </div>  <div>på enkel hverdagskost,</div>  <div>festmat, brød og ulike desserter. </div>  <div>&#160;</div>  <div>De fleste oppskriftene i denne boka </div>  <div>inneholder verken melk eller gluten. </div>  <div>Ingen av oppskriftene </div>  <div>inneholder egg, soya eller nøtter. </div>  <div>&#160;</div>  <div>Ann Eli Mavrakis har tidligere gitt ut </div>  <div><em>Voksentoppens allergikokebok</em> (2009). </div>  <div><em>Allergikokebok for hele familien</em> er en revidert </div>  <div>utgave av denne.</div>  ]]></wp:meta_value>
            </wp:postmeta>
            <wp:postmeta>
                <wp:meta_key>_lsb_review</wp:meta_key>
                <wp:meta_value><![CDATA[lsb_acf_review]]></wp:meta_value>
            </wp:postmeta>
            <wp:postmeta>
                <wp:meta_key>lsb_quote</wp:meta_key>
                <wp:meta_value><![CDATA[Oppskriftene i denne boken bruker melkefrie fløtetyper. Disse gir fyldig smak og har mange av de samme egenskapene som vanlig fløte og kan brukes til desserter, sauser og to av dem også til krem.]]></wp:meta_value>
            </wp:postmeta>
            <wp:postmeta>
                <wp:meta_key>_lsb_quote</wp:meta_key>
                <wp:meta_value><![CDATA[lsb_acf_quote]]></wp:meta_value>
            </wp:postmeta>
            <wp:postmeta>
                <wp:meta_key>lsb_supported</wp:meta_key>
                <wp:meta_value><![CDATA[0]]></wp:meta_value>
            </wp:postmeta>
            <wp:postmeta>
                <wp:meta_key>_lsb_supported</wp:meta_key>
                <wp:meta_value><![CDATA[lsb_acf_supported]]></wp:meta_value>
            </wp:postmeta>
            <category domain="lsb_tax_author" nicename="ann-eli-mavrakis"><![CDATA[Ann Eli Mavrakis]]></category>
            <category domain="lsb_tax_publisher" nicename="cappelen-damm"><![CDATA[Cappelen Damm]]></category>
            <category domain="lsb_tax_illustrator" nicename="mona-gundersen"><![CDATA[Mona Gundersen]]></category>
            <wp:postmeta>
                <wp:meta_key>lsb_look_inside</wp:meta_key>
                <wp:meta_value><![CDATA[CUSTOM_BLA_I_BOKA]]></wp:meta_value>
            </wp:postmeta>
            <wp:postmeta>
                <wp:meta_key>_lsb_look_inside</wp:meta_key>
                <wp:meta_value><![CDATA[lsb_acf_look_inside]]></wp:meta_value>
            </wp:postmeta>
            <category domain="lsb_tax_age" nicename="ungdom"><![CDATA[ungdom]]></category>
            <category domain="lsb_tax_age" nicename="voksne"><![CDATA[voksne]]></category>
            <category domain="lsb_tax_genre" nicename="faglitteratur"><![CDATA[faglitteratur]]></category>
            <category domain="lsb_tax_topic" nicename="mat"><![CDATA[mat]]></category>
            <category domain="lsb_tax_topic" nicename="helse"><![CDATA[helse]]></category>
            <category domain="lsb_tax_language" nicename="no_nb"><![CDATA[bokmål]]></category>
            <category domain="lsb_tax_customization" nicename="faglitteratur"><![CDATA[faglitteratur]]></category>
            <category domain="lsb_tax_customization" nicename="mange-bilder"><![CDATA[mange bilder]]></category>
            <wp:postmeta>
                <wp:meta_key>_thumbnail_id</wp:meta_key>
                <wp:meta_value><![CDATA[5709]]></wp:meta_value>
            </wp:postmeta>
        </item>
        <item>
            <title>Allergikokeboken_forside-1.jpg</title>
            <wp:post_id>5709</wp:post_id>
            <wp:status>inherit</wp:status>
            <wp:post_type>attachment</wp:post_type>
            <wp:attachment_url>https://raw.githubusercontent.com/lesersokerbok/boksok.no-data-utils/master/output-example/images/1BDE5D38BBC84F5A8704278D803A5773.jpg</wp:attachment_url>
        </item>
    </channel>
</rss>