<?xml version="1.0" encoding="UTF-8"?>
<rss version="2.0" xmlns:excerpt="http://wordpress.org/export/1.2/excerpt/" xmlns:content="http://purl.org/rss/1.0/modules/content/" xmlns:wfw="http://wellformedweb.org/CommentAPI/" xmlns:dc="http://purl.org/dc/elements/1.1/" xmlns:wp="http://wordpress.org/export/1.2/">
    <channel>
        <wp:wxr_version>1.2</wp:wxr_version>
        <item>
            <wp:post_type>lsb_book</wp:post_type>
            <wp:status>publish</wp:status>
            <title>Julie og Sofia </title>
            <excerpt:encoded><![CDATA[Dette er den andre boka i   serien om Julie. ]]></excerpt:encoded>
            <wp:postmeta>
                <wp:meta_key>lsb_isbn</wp:meta_key>
                <wp:meta_value><![CDATA[9788281040854]]></wp:meta_value>
            </wp:postmeta>
            <wp:postmeta>
                <wp:meta_key>_lsb_isbn</wp:meta_key>
                <wp:meta_value><![CDATA[lsb_acf_isbn]]></wp:meta_value>
            </wp:postmeta>
            <wp:postmeta>
                <wp:meta_key>lsb_published_year</wp:meta_key>
                <wp:meta_value><![CDATA[2010]]></wp:meta_value>
            </wp:postmeta>
            <wp:postmeta>
                <wp:meta_key>_lsb_published_year</wp:meta_key>
                <wp:meta_value><![CDATA[lsb_acf_published_year]]></wp:meta_value>
            </wp:postmeta>
            <wp:postmeta>
                <wp:meta_key>lsb_pages</wp:meta_key>
                <wp:meta_value><![CDATA[63]]></wp:meta_value>
            </wp:postmeta>
            <wp:postmeta>
                <wp:meta_key>_lsb_pages</wp:meta_key>
                <wp:meta_value><![CDATA[lsb_acf_pages]]></wp:meta_value>
            </wp:postmeta>
            <wp:postmeta>
                <wp:meta_key>lsb_review</wp:meta_key>
                <wp:meta_value><![CDATA[  <div>Julie og Sofia er bestevenner. </div>  <div>De liker de samme filmene, </div>  <div>de samme klærne og de samme guttene. </div>  <div>Men en dag Julie ringer, blir Sofia så rar. </div>  <div>Hun svarer ikke på det Julie spør om. </div>  <div>Neste dag på jobben vil ikke Sofia </div>  <div>se på Julie. Julie blir veldig lei seg. </div>  <div>Hva har skjedd? </div>  <div>Når hun kommer hjem fra jobben </div>  <div>går hun rett inn og legger seg i senga. </div>  <div>Der blir hun liggende å tenke ... </div>  <div>&#160;</div>  <div><strong>Julie og Sofia</strong> har store illustrasjoner i farger. </div>  <div>Illustrasjonene viser hva som skjer. </div>  <div>Boka har lite tekst på hver side og er lett å lese. </div>  <div>For de som ikke forstår alt selv, </div>  <div>er dette en fin samtalebok. </div>  <div>&#160;</div>  <div><strong>Johanne Emilie Andersen</strong> </div>  <div>er forfatter og illustratør. </div>  ]]></wp:meta_value>
            </wp:postmeta>
            <wp:postmeta>
                <wp:meta_key>_lsb_review</wp:meta_key>
                <wp:meta_value><![CDATA[lsb_acf_review]]></wp:meta_value>
            </wp:postmeta>
            <wp:postmeta>
                <wp:meta_key>lsb_quote</wp:meta_key>
                <wp:meta_value><![CDATA[En dag Julie ringer Sofia,   blir alt plutselig veldig rart.   - Husk bursdagen min på lørdag, sier Julie,   skal vi finne på noe koselig?   Men Sofia svarer ikke.   Hun bare mumler at de får prates senere. ]]></wp:meta_value>
            </wp:postmeta>
            <wp:postmeta>
                <wp:meta_key>_lsb_quote</wp:meta_key>
                <wp:meta_value><![CDATA[lsb_acf_quote]]></wp:meta_value>
            </wp:postmeta>
            <wp:postmeta>
                <wp:meta_key>lsb_supported</wp:meta_key>
                <wp:meta_value><![CDATA[1]]></wp:meta_value>
            </wp:postmeta>
            <wp:postmeta>
                <wp:meta_key>_lsb_supported</wp:meta_key>
                <wp:meta_value><![CDATA[lsb_acf_supported]]></wp:meta_value>
            </wp:postmeta>
            <wp:postmeta>
                <wp:meta_key>lsb_support_cat</wp:meta_key>
                <wp:meta_value><![CDATA[green]]></wp:meta_value>
            </wp:postmeta>
            <wp:postmeta>
                <wp:meta_key>_lsb_support_cat</wp:meta_key>
                <wp:meta_value><![CDATA[lsb_acf_support_cat]]></wp:meta_value>
            </wp:postmeta>
            <category domain="lsb_tax_author" nicename="johanne-emilie-andersen"><![CDATA[Johanne Emilie Andersen]]></category>
            <category domain="lsb_tax_publisher" nicename="orkana"><![CDATA[Orkana]]></category>
            <category domain="lsb_tax_illustrator" nicename="johanne-emilie-andersen"><![CDATA[Johanne Emilie Andersen]]></category>
            <category domain="lsb_tax_age" nicename="ungdom"><![CDATA[ungdom]]></category>
            <category domain="lsb_tax_age" nicename="voksne"><![CDATA[voksne]]></category>
            <category domain="lsb_tax_genre" nicename="prosa"><![CDATA[prosa]]></category>
            <category domain="lsb_tax_topic" nicename="mennesker-i-mellom"><![CDATA[mennesker i mellom]]></category>
            <category domain="lsb_tax_language" nicename="no_nb"><![CDATA[bokmål]]></category>
            <category domain="lsb_tax_customization" nicename="utviklingshemmede"><![CDATA[utviklingshemmede]]></category>
            <wp:postmeta>
                <wp:meta_key>_thumbnail_id</wp:meta_key>
                <wp:meta_value><![CDATA[5000]]></wp:meta_value>
            </wp:postmeta>
        </item>
        <item>
            <wp:post_id>5000</wp:post_id>
            <wp:status>inherit</wp:status>
            <wp:post_type>attachment</wp:post_type>
            <wp:attachment_url>https://raw.githubusercontent.com/lesersokerbok/boksok.no-data-utils/master/output-example/images/40345289C0DF45A3B10D4EC8282B233A.jpg</wp:attachment_url>
        </item>
    </channel>
</rss>
